ptd-server 2022-02-14 03:12:22,182 [INFO] Got command from the client 'time'
ptd-server 2022-02-14 03:12:22,182 [INFO] Sending reply to client '1644808342.182642'
ptd-server 2022-02-14 03:12:22,184 [INFO] Got command from the client 'new,,92e9860d-91cb-4e97-9796-c590b04154ef'
ptd-server 2022-02-14 03:12:22,185 [INFO] Sending reply to client 'OK 2022-02-14_03-12-22,5247d3a0-02c5-4f37-9757-7ab8aab40904'
ptd-server 2022-02-14 03:12:22,222 [INFO] Got command from the client 'time'
ptd-server 2022-02-14 03:12:22,222 [INFO] Sending reply to client '1644808342.2228823'
ptd-server 2022-02-14 03:12:22,224 [INFO] Got command from the client 'session,2022-02-14_03-12-22,start,ranging'
ptd-server 2022-02-14 03:12:22,224 [INFO] Running PTDaemon: ['/home/anton/projects/mlperf/power/inference_v1.0/ptd-linux-x86', '-l', '/tmp/tmpxvec0g6h/ptd_logfile.txt', '-p', '8888', '49', '/dev/usbtmc0']
ptd-server 2022-02-14 03:12:39,397 [INFO] Sending to ptd: 'Hello'
ptd-server 2022-02-14 03:12:39,398 [INFO] Reply from ptd: 'Hello, PTDaemon here!'
ptd-server 2022-02-14 03:12:39,398 [INFO] Sending to ptd: 'Identify'
ptd-server 2022-02-14 03:12:39,399 [INFO] Reply from ptd: 'YokogawaWT310E,1000,1,1,1,1,0,1,1,version=1.9.2-e8c7a49a-20201208,OS=Linux 5.13.0-27-generic #29~20.04.1-Ubuntu SMP Fri Jan 14 00:32:30 UTC 2022 x86_64,mode=power,1,1,1,0,0,no_cal_date,YOKOGAWA;WT310E;C3XA04010E;F1.04'
ptd-server 2022-02-14 03:12:39,399 [INFO] Connected to PTDaemon
ptd-server 2022-02-14 03:12:39,399 [INFO] Sending to ptd: 'RR'
ptd-server 2022-02-14 03:12:39,399 [INFO] Reply from ptd: 'Ranges,0,0.500000,0,300.000000'
ptd-server 2022-02-14 03:12:39,399 [INFO] Initial range for Amps is 0.500000 for Volts is 300.000000
ptd-server 2022-02-14 03:12:39,399 [INFO] Sending to ptd: 'SR,V,Auto'
ptd-server 2022-02-14 03:12:39,902 [INFO] Reply from ptd: 'Range V changed'
ptd-server 2022-02-14 03:12:39,902 [INFO] Sending to ptd: 'SR,A,Auto'
ptd-server 2022-02-14 03:12:40,404 [INFO] Reply from ptd: 'Range A changed'
ptd-server 2022-02-14 03:12:50,415 [INFO] Starting ranging mode
ptd-server 2022-02-14 03:12:50,415 [INFO] Sending to ptd: 'Go,1000,0,2022-02-14_03-12-22_ranging'
ptd-server 2022-02-14 03:12:50,415 [INFO] Reply from ptd: 'Starting untimed measurement, maximum 500000 samples at 1000ms with 0 rampup samples'
ptd-server 2022-02-14 03:12:50,416 [INFO] Sending reply to client 'OK'
ptd-server 2022-02-14 03:23:06,459 [INFO] Got command from the client 'session,2022-02-14_03-12-22,stop,ranging'
ptd-server 2022-02-14 03:23:16,469 [INFO] Sending to ptd: 'Stop'
ptd-server 2022-02-14 03:23:16,470 [INFO] Reply from ptd: 'Stopping untimed measurement'
ptd-server 2022-02-14 03:23:17,149 [INFO] Sending reply to client 'OK'
ptd-server 2022-02-14 03:23:17,210 [INFO] Got command from the client 'time'
ptd-server 2022-02-14 03:23:17,210 [INFO] Sending reply to client '1644808997.2102993'
ptd-server 2022-02-14 03:23:17,212 [INFO] Got command from the client 'session,2022-02-14_03-12-22,start,testing'
ptd-server 2022-02-14 03:23:17,212 [INFO] Sending to ptd: 'SR,V,251.500000'
ptd-server 2022-02-14 03:23:18,918 [INFO] Reply from ptd: 'Range V changed'
ptd-server 2022-02-14 03:23:18,918 [INFO] Sending to ptd: 'SR,A,0.189040'
ptd-server 2022-02-14 03:23:20,419 [INFO] Reply from ptd: 'Range A changed'
ptd-server 2022-02-14 03:23:30,429 [INFO] Starting testing mode
ptd-server 2022-02-14 03:23:30,430 [INFO] Sending to ptd: 'Go,1000,0,2022-02-14_03-12-22_testing'
ptd-server 2022-02-14 03:23:30,430 [INFO] Reply from ptd: 'Starting untimed measurement, maximum 500000 samples at 1000ms with 0 rampup samples'
ptd-server 2022-02-14 03:23:30,430 [INFO] Sending reply to client 'OK'
ptd-server 2022-02-14 03:33:46,198 [INFO] Got command from the client 'session,2022-02-14_03-12-22,stop,testing'
ptd-server 2022-02-14 03:33:56,209 [INFO] Sending to ptd: 'Stop'
ptd-server 2022-02-14 03:33:56,209 [INFO] Reply from ptd: 'Stopping untimed measurement'
ptd-server 2022-02-14 03:33:56,568 [INFO] Sending reply to client 'OK'
ptd-server 2022-02-14 03:33:56,587 [INFO] Got command from the client 'session,2022-02-14_03-12-22,done'
ptd-server 2022-02-14 03:33:56,587 [INFO] Sending to ptd: 'Stop'
ptd-server 2022-02-14 03:33:56,587 [INFO] Reply from ptd: 'Error: no measurement to stop'
ptd-server 2022-02-14 03:33:56,588 [INFO] Sending to ptd: 'SR,V,300.000000'
ptd-server 2022-02-14 03:33:58,089 [INFO] Reply from ptd: 'Range V changed'
ptd-server 2022-02-14 03:33:58,089 [INFO] Sending to ptd: 'SR,A,0.500000'
ptd-server 2022-02-14 03:33:59,590 [INFO] Reply from ptd: 'Range A changed'
ptd-server 2022-02-14 03:33:59,591 [INFO] Set initial values for Amps 0.500000 and Volts 300.000000
ptd-server 2022-02-14 03:33:59,591 [INFO] Stopping ptd...
