ptd-server 2022-02-21 15:17:10,211 [INFO] Got command from the client 'time'
ptd-server 2022-02-21 15:17:10,211 [INFO] Sending reply to client '1645456630.2116764'
ptd-server 2022-02-21 15:17:10,213 [INFO] Got command from the client 'new,,ebc79ba7-0486-4298-beb9-5d76e69e2705'
ptd-server 2022-02-21 15:17:10,214 [INFO] Sending reply to client 'OK 2022-02-21_15-17-10,ff53bf90-fef3-4c0c-8309-e67ebf33f72f'
ptd-server 2022-02-21 15:17:10,251 [INFO] Got command from the client 'time'
ptd-server 2022-02-21 15:17:10,251 [INFO] Sending reply to client '1645456630.251513'
ptd-server 2022-02-21 15:17:10,253 [INFO] Got command from the client 'session,2022-02-21_15-17-10,start,ranging'
ptd-server 2022-02-21 15:17:10,253 [INFO] Running PTDaemon: ['/home/anton/projects/mlperf/power/inference_v1.0/ptd-linux-x86', '-l', '/tmp/tmpgldyt7rr/ptd_logfile.txt', '-p', '8888', '49', '/dev/usbtmc0']
ptd-server 2022-02-21 15:17:27,426 [INFO] Sending to ptd: 'Hello'
ptd-server 2022-02-21 15:17:27,426 [INFO] Reply from ptd: 'Hello, PTDaemon here!'
ptd-server 2022-02-21 15:17:27,426 [INFO] Sending to ptd: 'Identify'
ptd-server 2022-02-21 15:17:27,427 [INFO] Reply from ptd: 'YokogawaWT310E,1000,1,1,1,1,0,1,1,version=1.9.2-e8c7a49a-20201208,OS=Linux 5.13.0-28-generic #31~20.04.1-Ubuntu SMP Wed Jan 19 14:08:10 UTC 2022 x86_64,mode=power,1,1,1,0,0,no_cal_date,YOKOGAWA;WT310E;C3XA04010E;F1.04'
ptd-server 2022-02-21 15:17:27,427 [INFO] Connected to PTDaemon
ptd-server 2022-02-21 15:17:27,427 [INFO] Sending to ptd: 'RR'
ptd-server 2022-02-21 15:17:27,427 [INFO] Reply from ptd: 'Ranges,0,0.500000,0,300.000000'
ptd-server 2022-02-21 15:17:27,427 [INFO] Initial range for Amps is 0.500000 for Volts is 300.000000
ptd-server 2022-02-21 15:17:27,428 [INFO] Sending to ptd: 'SR,V,Auto'
ptd-server 2022-02-21 15:17:27,930 [INFO] Reply from ptd: 'Range V changed'
ptd-server 2022-02-21 15:17:27,930 [INFO] Sending to ptd: 'SR,A,Auto'
ptd-server 2022-02-21 15:17:28,433 [INFO] Reply from ptd: 'Range A changed'
ptd-server 2022-02-21 15:17:38,443 [INFO] Starting ranging mode
ptd-server 2022-02-21 15:17:38,443 [INFO] Sending to ptd: 'Go,1000,0,2022-02-21_15-17-10_ranging'
ptd-server 2022-02-21 15:17:38,444 [INFO] Reply from ptd: 'Starting untimed measurement, maximum 500000 samples at 1000ms with 0 rampup samples'
ptd-server 2022-02-21 15:17:38,444 [INFO] Sending reply to client 'OK'
ptd-server 2022-02-21 15:27:59,927 [INFO] Got command from the client 'session,2022-02-21_15-17-10,stop,ranging'
ptd-server 2022-02-21 15:28:09,937 [INFO] Sending to ptd: 'Stop'
ptd-server 2022-02-21 15:28:09,937 [INFO] Reply from ptd: 'Stopping untimed measurement'
ptd-server 2022-02-21 15:28:10,561 [INFO] Sending reply to client 'OK'
ptd-server 2022-02-21 15:28:10,645 [INFO] Got command from the client 'time'
ptd-server 2022-02-21 15:28:10,645 [INFO] Sending reply to client '1645457290.6452265'
ptd-server 2022-02-21 15:28:10,649 [INFO] Got command from the client 'session,2022-02-21_15-17-10,start,testing'
ptd-server 2022-02-21 15:28:10,649 [INFO] Sending to ptd: 'SR,V,249.370000'
ptd-server 2022-02-21 15:28:12,150 [INFO] Reply from ptd: 'Range V changed'
ptd-server 2022-02-21 15:28:12,150 [INFO] Sending to ptd: 'SR,A,0.068630'
ptd-server 2022-02-21 15:28:13,652 [INFO] Reply from ptd: 'Range A changed'
ptd-server 2022-02-21 15:28:23,662 [INFO] Starting testing mode
ptd-server 2022-02-21 15:28:23,662 [INFO] Sending to ptd: 'Go,1000,0,2022-02-21_15-17-10_testing'
ptd-server 2022-02-21 15:28:23,663 [INFO] Reply from ptd: 'Starting untimed measurement, maximum 500000 samples at 1000ms with 0 rampup samples'
ptd-server 2022-02-21 15:28:23,663 [INFO] Sending reply to client 'OK'
ptd-server 2022-02-21 15:38:45,982 [INFO] Got command from the client 'session,2022-02-21_15-17-10,stop,testing'
ptd-server 2022-02-21 15:38:55,993 [INFO] Sending to ptd: 'Stop'
ptd-server 2022-02-21 15:38:55,993 [INFO] Reply from ptd: 'Stopping untimed measurement'
ptd-server 2022-02-21 15:38:56,315 [INFO] Sending reply to client 'OK'
ptd-server 2022-02-21 15:38:56,356 [INFO] Got command from the client 'session,2022-02-21_15-17-10,done'
ptd-server 2022-02-21 15:38:56,356 [INFO] Sending to ptd: 'Stop'
ptd-server 2022-02-21 15:38:56,663 [INFO] Reply from ptd: 'Error: no measurement to stop'
ptd-server 2022-02-21 15:38:56,663 [INFO] Sending to ptd: 'SR,V,300.000000'
ptd-server 2022-02-21 15:38:58,165 [INFO] Reply from ptd: 'Range V changed'
ptd-server 2022-02-21 15:38:58,165 [INFO] Sending to ptd: 'SR,A,0.500000'
ptd-server 2022-02-21 15:38:59,666 [INFO] Reply from ptd: 'Range A changed'
ptd-server 2022-02-21 15:38:59,667 [INFO] Set initial values for Amps 0.500000 and Volts 300.000000
ptd-server 2022-02-21 15:38:59,667 [INFO] Stopping ptd...
