ptd-server 2022-02-23 15:31:39,639 [INFO] Got command from the client 'time'
ptd-server 2022-02-23 15:31:39,639 [INFO] Sending reply to client '1645630299.6391501'
ptd-server 2022-02-23 15:31:39,641 [INFO] Got command from the client 'new,,5fa75591-e678-4941-a533-e05c1fe46264'
ptd-server 2022-02-23 15:31:39,641 [INFO] Sending reply to client 'OK 2022-02-23_15-31-39,3cd7de41-53d9-4876-b6df-915d884ce491'
ptd-server 2022-02-23 15:31:39,679 [INFO] Got command from the client 'time'
ptd-server 2022-02-23 15:31:39,679 [INFO] Sending reply to client '1645630299.679248'
ptd-server 2022-02-23 15:31:39,681 [INFO] Got command from the client 'session,2022-02-23_15-31-39,start,ranging'
ptd-server 2022-02-23 15:31:39,681 [INFO] Running PTDaemon: ['/home/anton/projects/mlperf/power/inference_v1.0/ptd-linux-x86', '-l', '/tmp/tmpgldyt7rr/ptd_logfile.txt', '-p', '8888', '49', '/dev/usbtmc0']
ptd-server 2022-02-23 15:31:56,854 [INFO] Sending to ptd: 'Hello'
ptd-server 2022-02-23 15:31:56,855 [INFO] Reply from ptd: 'Hello, PTDaemon here!'
ptd-server 2022-02-23 15:31:56,855 [INFO] Sending to ptd: 'Identify'
ptd-server 2022-02-23 15:31:56,856 [INFO] Reply from ptd: 'YokogawaWT310E,1000,1,1,1,1,0,1,1,version=1.9.2-e8c7a49a-20201208,OS=Linux 5.13.0-28-generic #31~20.04.1-Ubuntu SMP Wed Jan 19 14:08:10 UTC 2022 x86_64,mode=power,1,1,1,0,0,no_cal_date,YOKOGAWA;WT310E;C3XA04010E;F1.04'
ptd-server 2022-02-23 15:31:56,856 [INFO] Connected to PTDaemon
ptd-server 2022-02-23 15:31:56,856 [INFO] Sending to ptd: 'RR'
ptd-server 2022-02-23 15:31:56,856 [INFO] Reply from ptd: 'Ranges,0,0.500000,0,300.000000'
ptd-server 2022-02-23 15:31:56,856 [INFO] Initial range for Amps is 0.500000 for Volts is 300.000000
ptd-server 2022-02-23 15:31:56,857 [INFO] Sending to ptd: 'SR,V,Auto'
ptd-server 2022-02-23 15:31:57,359 [INFO] Reply from ptd: 'Range V changed'
ptd-server 2022-02-23 15:31:57,359 [INFO] Sending to ptd: 'SR,A,Auto'
ptd-server 2022-02-23 15:31:57,862 [INFO] Reply from ptd: 'Range A changed'
ptd-server 2022-02-23 15:32:07,872 [INFO] Starting ranging mode
ptd-server 2022-02-23 15:32:07,872 [INFO] Sending to ptd: 'Go,1000,0,2022-02-23_15-31-39_ranging'
ptd-server 2022-02-23 15:32:07,873 [INFO] Reply from ptd: 'Starting untimed measurement, maximum 500000 samples at 1000ms with 0 rampup samples'
ptd-server 2022-02-23 15:32:07,873 [INFO] Sending reply to client 'OK'
ptd-server 2022-02-23 15:42:30,513 [INFO] Got command from the client 'session,2022-02-23_15-31-39,stop,ranging'
ptd-server 2022-02-23 15:42:40,523 [INFO] Sending to ptd: 'Stop'
ptd-server 2022-02-23 15:42:40,524 [INFO] Reply from ptd: 'Stopping untimed measurement'
ptd-server 2022-02-23 15:42:41,394 [INFO] Sending reply to client 'OK'
ptd-server 2022-02-23 15:42:41,457 [INFO] Got command from the client 'time'
ptd-server 2022-02-23 15:42:41,457 [INFO] Sending reply to client '1645630961.4575343'
ptd-server 2022-02-23 15:42:41,459 [INFO] Got command from the client 'session,2022-02-23_15-31-39,start,testing'
ptd-server 2022-02-23 15:42:41,459 [INFO] Sending to ptd: 'SR,V,249.720000'
ptd-server 2022-02-23 15:42:42,961 [INFO] Reply from ptd: 'Range V changed'
ptd-server 2022-02-23 15:42:42,961 [INFO] Sending to ptd: 'SR,A,0.048800'
ptd-server 2022-02-23 15:42:44,462 [INFO] Reply from ptd: 'Range A changed'
ptd-server 2022-02-23 15:42:54,472 [INFO] Starting testing mode
ptd-server 2022-02-23 15:42:54,473 [INFO] Sending to ptd: 'Go,1000,0,2022-02-23_15-31-39_testing'
ptd-server 2022-02-23 15:42:54,473 [INFO] Reply from ptd: 'Starting untimed measurement, maximum 500000 samples at 1000ms with 0 rampup samples'
ptd-server 2022-02-23 15:42:54,473 [INFO] Sending reply to client 'OK'
ptd-server 2022-02-23 15:53:17,057 [INFO] Got command from the client 'session,2022-02-23_15-31-39,stop,testing'
ptd-server 2022-02-23 15:53:27,060 [INFO] Sending to ptd: 'Stop'
ptd-server 2022-02-23 15:53:27,061 [INFO] Reply from ptd: 'Stopping untimed measurement'
ptd-server 2022-02-23 15:53:27,518 [INFO] Sending reply to client 'OK'
ptd-server 2022-02-23 15:53:27,537 [INFO] Got command from the client 'session,2022-02-23_15-31-39,done'
ptd-server 2022-02-23 15:53:27,537 [INFO] Sending to ptd: 'Stop'
ptd-server 2022-02-23 15:53:27,538 [INFO] Reply from ptd: 'Error: no measurement to stop'
ptd-server 2022-02-23 15:53:27,538 [INFO] Sending to ptd: 'SR,V,300.000000'
ptd-server 2022-02-23 15:53:29,039 [INFO] Reply from ptd: 'Range V changed'
ptd-server 2022-02-23 15:53:29,039 [INFO] Sending to ptd: 'SR,A,0.500000'
ptd-server 2022-02-23 15:53:30,541 [INFO] Reply from ptd: 'Range A changed'
ptd-server 2022-02-23 15:53:30,541 [INFO] Set initial values for Amps 0.500000 and Volts 300.000000
ptd-server 2022-02-23 15:53:30,541 [INFO] Stopping ptd...
