ptd-server 2022-02-13 14:04:16,028 [INFO] Got command from the client 'time'
ptd-server 2022-02-13 14:04:16,028 [INFO] Sending reply to client '1644761056.0283868'
ptd-server 2022-02-13 14:04:16,030 [INFO] Got command from the client 'new,,f11894d9-c06f-40ba-a184-d5005e77f0da'
ptd-server 2022-02-13 14:04:16,031 [INFO] Sending reply to client 'OK 2022-02-13_14-04-16,dc419b78-cdc9-46b4-93c9-ac2a58508371'
ptd-server 2022-02-13 14:04:16,068 [INFO] Got command from the client 'time'
ptd-server 2022-02-13 14:04:16,068 [INFO] Sending reply to client '1644761056.068313'
ptd-server 2022-02-13 14:04:16,070 [INFO] Got command from the client 'session,2022-02-13_14-04-16,start,ranging'
ptd-server 2022-02-13 14:04:16,070 [INFO] Running PTDaemon: ['/home/anton/projects/mlperf/power/inference_v1.0/ptd-linux-x86', '-l', '/tmp/tmpxvec0g6h/ptd_logfile.txt', '-p', '8888', '49', '/dev/usbtmc0']
ptd-server 2022-02-13 14:04:33,242 [INFO] Sending to ptd: 'Hello'
ptd-server 2022-02-13 14:04:33,243 [INFO] Reply from ptd: 'Hello, PTDaemon here!'
ptd-server 2022-02-13 14:04:33,243 [INFO] Sending to ptd: 'Identify'
ptd-server 2022-02-13 14:04:33,244 [INFO] Reply from ptd: 'YokogawaWT310E,1000,1,1,1,1,0,1,1,version=1.9.2-e8c7a49a-20201208,OS=Linux 5.13.0-27-generic #29~20.04.1-Ubuntu SMP Fri Jan 14 00:32:30 UTC 2022 x86_64,mode=power,1,1,1,0,0,no_cal_date,YOKOGAWA;WT310E;C3XA04010E;F1.04'
ptd-server 2022-02-13 14:04:33,244 [INFO] Connected to PTDaemon
ptd-server 2022-02-13 14:04:33,244 [INFO] Sending to ptd: 'RR'
ptd-server 2022-02-13 14:04:33,244 [INFO] Reply from ptd: 'Ranges,0,0.500000,0,300.000000'
ptd-server 2022-02-13 14:04:33,244 [INFO] Initial range for Amps is 0.500000 for Volts is 300.000000
ptd-server 2022-02-13 14:04:33,244 [INFO] Sending to ptd: 'SR,V,Auto'
ptd-server 2022-02-13 14:04:33,747 [INFO] Reply from ptd: 'Range V changed'
ptd-server 2022-02-13 14:04:33,747 [INFO] Sending to ptd: 'SR,A,Auto'
ptd-server 2022-02-13 14:04:34,249 [INFO] Reply from ptd: 'Range A changed'
ptd-server 2022-02-13 14:04:44,260 [INFO] Starting ranging mode
ptd-server 2022-02-13 14:04:44,260 [INFO] Sending to ptd: 'Go,1000,0,2022-02-13_14-04-16_ranging'
ptd-server 2022-02-13 14:04:44,260 [INFO] Reply from ptd: 'Starting untimed measurement, maximum 500000 samples at 1000ms with 0 rampup samples'
ptd-server 2022-02-13 14:04:44,261 [INFO] Sending reply to client 'OK'
ptd-server 2022-02-13 14:15:00,415 [INFO] Got command from the client 'session,2022-02-13_14-04-16,stop,ranging'
ptd-server 2022-02-13 14:15:10,425 [INFO] Sending to ptd: 'Stop'
ptd-server 2022-02-13 14:15:10,426 [INFO] Reply from ptd: 'Stopping untimed measurement'
ptd-server 2022-02-13 14:15:11,041 [INFO] Sending reply to client 'OK'
ptd-server 2022-02-13 14:15:11,096 [INFO] Got command from the client 'time'
ptd-server 2022-02-13 14:15:11,096 [INFO] Sending reply to client '1644761711.0962324'
ptd-server 2022-02-13 14:15:11,098 [INFO] Got command from the client 'session,2022-02-13_14-04-16,start,testing'
ptd-server 2022-02-13 14:15:11,098 [INFO] Sending to ptd: 'SR,V,249.160000'
ptd-server 2022-02-13 14:15:12,761 [INFO] Reply from ptd: 'Range V changed'
ptd-server 2022-02-13 14:15:12,761 [INFO] Sending to ptd: 'SR,A,0.172050'
ptd-server 2022-02-13 14:15:14,263 [INFO] Reply from ptd: 'Range A changed'
ptd-server 2022-02-13 14:15:24,273 [INFO] Starting testing mode
ptd-server 2022-02-13 14:15:24,273 [INFO] Sending to ptd: 'Go,1000,0,2022-02-13_14-04-16_testing'
ptd-server 2022-02-13 14:15:24,274 [INFO] Reply from ptd: 'Starting untimed measurement, maximum 500000 samples at 1000ms with 0 rampup samples'
ptd-server 2022-02-13 14:15:24,274 [INFO] Sending reply to client 'OK'
ptd-server 2022-02-13 14:25:39,972 [INFO] Got command from the client 'session,2022-02-13_14-04-16,stop,testing'
ptd-server 2022-02-13 14:25:49,982 [INFO] Sending to ptd: 'Stop'
ptd-server 2022-02-13 14:25:49,983 [INFO] Reply from ptd: 'Stopping untimed measurement'
ptd-server 2022-02-13 14:25:50,304 [INFO] Sending reply to client 'OK'
ptd-server 2022-02-13 14:25:50,323 [INFO] Got command from the client 'session,2022-02-13_14-04-16,done'
ptd-server 2022-02-13 14:25:50,323 [INFO] Sending to ptd: 'Stop'
ptd-server 2022-02-13 14:25:50,324 [INFO] Reply from ptd: 'Error: no measurement to stop'
ptd-server 2022-02-13 14:25:50,324 [INFO] Sending to ptd: 'SR,V,300.000000'
ptd-server 2022-02-13 14:25:51,825 [INFO] Reply from ptd: 'Range V changed'
ptd-server 2022-02-13 14:25:51,825 [INFO] Sending to ptd: 'SR,A,0.500000'
ptd-server 2022-02-13 14:25:53,327 [INFO] Reply from ptd: 'Range A changed'
ptd-server 2022-02-13 14:25:53,327 [INFO] Set initial values for Amps 0.500000 and Volts 300.000000
ptd-server 2022-02-13 14:25:53,328 [INFO] Stopping ptd...
