ptd-server 2022-02-24 02:19:59,340 [INFO] Got command from the client 'stop'
ptd-server 2022-02-24 02:19:59,340 [INFO] The server will be stopped after processing this client
ptd-server 2022-02-24 02:19:59,340 [INFO] Sending reply to client 'OK'
ptd-server 2022-02-24 02:19:59,356 [INFO] Got command from the client 'time'
ptd-server 2022-02-24 02:19:59,356 [INFO] Sending reply to client '1645669199.356286'
ptd-server 2022-02-24 02:19:59,356 [INFO] Got command from the client 'new,,962feebb-4f9c-4be1-9278-e0f57f9358df'
ptd-server 2022-02-24 02:19:59,356 [INFO] Sending reply to client 'OK 2022-02-24_02-19-59,94fe1bd5-56e1-4a55-8a0e-78fc87dbe8c2'
ptd-server 2022-02-24 02:19:59,356 [INFO] Got command from the client 'time'
ptd-server 2022-02-24 02:19:59,356 [INFO] Sending reply to client '1645669199.356286'
ptd-server 2022-02-24 02:19:59,356 [INFO] Got command from the client 'session,2022-02-24_02-19-59,start,ranging'
ptd-server 2022-02-24 02:19:59,465 [INFO] Running PTDaemon: ['C:\\PTD\\ptd-windows-x86.exe', '-l', 'C:\\Users\\pa\\AppData\\Local\\Temp\\tmpownvbw16\\ptd_logfile.txt', '-p', '8888', '-c', '1,2', '-y', '77', 'C2WL21005V']
ptd-server 2022-02-24 02:20:17,836 [INFO] Sending to ptd: 'Hello'
ptd-server 2022-02-24 02:20:17,836 [INFO] Reply from ptd: 'Hello, PTDaemon here!'
ptd-server 2022-02-24 02:20:17,836 [INFO] Sending to ptd: 'Identify'
ptd-server 2022-02-24 02:20:17,836 [INFO] Reply from ptd: 'YokogawaWT330_multichannel,1000,1,1,1,1,0,0,1,version=1.9.2-3976349f-20201208,OS=Windows 8 / Server 2012,mode=power,1,1,2,0,0,no_cal_date,YOKOGAWA;WT333E;C2WL21005V;F1.04'
ptd-server 2022-02-24 02:20:17,836 [INFO] Connected to PTDaemon
ptd-server 2022-02-24 02:20:17,836 [INFO] Sending to ptd: 'RR'
ptd-server 2022-02-24 02:20:17,836 [INFO] Reply from ptd: 'Ranges,-1,-1.000000,-1,-1.000000'
ptd-server 2022-02-24 02:20:17,836 [INFO] Initial range for Amps is Auto for Volts is Auto
ptd-server 2022-02-24 02:20:17,836 [INFO] Sending to ptd: 'SR,V,Auto'
ptd-server 2022-02-24 02:20:22,914 [INFO] Reply from ptd: 'Range V changed'
ptd-server 2022-02-24 02:20:22,914 [INFO] Sending to ptd: 'SR,A,Auto'
ptd-server 2022-02-24 02:20:27,991 [INFO] Reply from ptd: 'Range A changed'
ptd-server 2022-02-24 02:20:38,004 [INFO] Starting ranging mode
ptd-server 2022-02-24 02:20:38,004 [INFO] Sending to ptd: 'Go,1000,0,2022-02-24_02-19-59_ranging'
ptd-server 2022-02-24 02:20:38,004 [INFO] Reply from ptd: 'Starting untimed measurement, maximum 500000 samples at 1000ms with 0 rampup samples'
ptd-server 2022-02-24 02:20:38,004 [INFO] Sending reply to client 'OK'
ptd-server 2022-02-24 02:34:34,853 [INFO] Got command from the client 'session,2022-02-24_02-19-59,stop,ranging'
ptd-server 2022-02-24 02:34:44,867 [INFO] Sending to ptd: 'Stop'
ptd-server 2022-02-24 02:34:44,867 [INFO] Reply from ptd: 'Stopping untimed measurement'
ptd-server 2022-02-24 02:34:44,898 [INFO] Sending reply to client 'OK'
ptd-server 2022-02-24 02:34:44,914 [INFO] Got command from the client 'time'
ptd-server 2022-02-24 02:34:44,914 [INFO] Sending reply to client '1645670084.9140444'
ptd-server 2022-02-24 02:34:44,914 [INFO] Got command from the client 'session,2022-02-24_02-19-59,start,testing'
ptd-server 2022-02-24 02:34:44,914 [INFO] Sending to ptd: 'SR,V,119.650000'
ptd-server 2022-02-24 02:34:51,100 [INFO] Reply from ptd: 'Range V changed'
ptd-server 2022-02-24 02:34:51,100 [INFO] Sending to ptd: 'SR,A,1.544500'
ptd-server 2022-02-24 02:34:56,692 [INFO] Reply from ptd: 'Range A changed'
ptd-server 2022-02-24 02:35:06,706 [INFO] Starting testing mode
ptd-server 2022-02-24 02:35:06,706 [INFO] Sending to ptd: 'Go,1000,0,2022-02-24_02-19-59_testing'
ptd-server 2022-02-24 02:35:06,706 [INFO] Reply from ptd: 'Starting untimed measurement, maximum 500000 samples at 1000ms with 0 rampup samples'
ptd-server 2022-02-24 02:35:06,706 [INFO] Sending reply to client 'OK'
ptd-server 2022-02-24 02:49:05,726 [INFO] Got command from the client 'session,2022-02-24_02-19-59,stop,testing'
ptd-server 2022-02-24 02:49:15,740 [INFO] Sending to ptd: 'Stop'
ptd-server 2022-02-24 02:49:15,740 [INFO] Reply from ptd: 'Stopping untimed measurement'
ptd-server 2022-02-24 02:49:15,740 [INFO] Sending reply to client 'OK'
ptd-server 2022-02-24 02:49:15,771 [INFO] Got command from the client 'session,2022-02-24_02-19-59,done'
ptd-server 2022-02-24 02:49:15,771 [INFO] Sending to ptd: 'Stop'
ptd-server 2022-02-24 02:49:16,708 [INFO] Reply from ptd: 'Error: no measurement to stop'
ptd-server 2022-02-24 02:49:16,708 [INFO] Sending to ptd: 'SR,V,Auto'
ptd-server 2022-02-24 02:49:21,786 [INFO] Reply from ptd: 'Range V changed'
ptd-server 2022-02-24 02:49:21,786 [INFO] Sending to ptd: 'SR,A,Auto'
ptd-server 2022-02-24 02:49:26,863 [INFO] Reply from ptd: 'Range A changed'
ptd-server 2022-02-24 02:49:26,863 [INFO] Set initial values for Amps Auto and Volts Auto
ptd-server 2022-02-24 02:49:26,863 [INFO] Stopping ptd...
