ptd-server 2022-02-15 21:59:20,912 [INFO] Got command from the client 'time'
ptd-server 2022-02-15 21:59:20,912 [INFO] Sending reply to client '1644962360.9125543'
ptd-server 2022-02-15 21:59:20,915 [INFO] Got command from the client 'new,,32be2556-be81-442c-82cc-d6d0197b687c'
ptd-server 2022-02-15 21:59:20,915 [INFO] Sending reply to client 'OK 2022-02-15_21-59-20,9c0d13b2-a9fb-4f36-9085-9e1f4715c209'
ptd-server 2022-02-15 21:59:20,951 [INFO] Got command from the client 'time'
ptd-server 2022-02-15 21:59:20,952 [INFO] Sending reply to client '1644962360.9519773'
ptd-server 2022-02-15 21:59:20,953 [INFO] Got command from the client 'session,2022-02-15_21-59-20,start,ranging'
ptd-server 2022-02-15 21:59:20,954 [INFO] Running PTDaemon: ['/home/anton/projects/mlperf/power/inference_v1.0/ptd-linux-x86', '-l', '/tmp/tmpxvec0g6h/ptd_logfile.txt', '-p', '8888', '49', '/dev/usbtmc0']
ptd-server 2022-02-15 21:59:38,125 [INFO] Sending to ptd: 'Hello'
ptd-server 2022-02-15 21:59:38,126 [INFO] Reply from ptd: 'Hello, PTDaemon here!'
ptd-server 2022-02-15 21:59:38,126 [INFO] Sending to ptd: 'Identify'
ptd-server 2022-02-15 21:59:38,127 [INFO] Reply from ptd: 'YokogawaWT310E,1000,1,1,1,1,0,1,1,version=1.9.2-e8c7a49a-20201208,OS=Linux 5.13.0-27-generic #29~20.04.1-Ubuntu SMP Fri Jan 14 00:32:30 UTC 2022 x86_64,mode=power,1,1,1,0,0,no_cal_date,YOKOGAWA;WT310E;C3XA04010E;F1.04'
ptd-server 2022-02-15 21:59:38,127 [INFO] Connected to PTDaemon
ptd-server 2022-02-15 21:59:38,127 [INFO] Sending to ptd: 'RR'
ptd-server 2022-02-15 21:59:38,127 [INFO] Reply from ptd: 'Ranges,0,0.500000,0,300.000000'
ptd-server 2022-02-15 21:59:38,127 [INFO] Initial range for Amps is 0.500000 for Volts is 300.000000
ptd-server 2022-02-15 21:59:38,127 [INFO] Sending to ptd: 'SR,V,Auto'
ptd-server 2022-02-15 21:59:38,630 [INFO] Reply from ptd: 'Range V changed'
ptd-server 2022-02-15 21:59:38,630 [INFO] Sending to ptd: 'SR,A,Auto'
ptd-server 2022-02-15 21:59:39,132 [INFO] Reply from ptd: 'Range A changed'
ptd-server 2022-02-15 21:59:49,143 [INFO] Starting ranging mode
ptd-server 2022-02-15 21:59:49,143 [INFO] Sending to ptd: 'Go,1000,0,2022-02-15_21-59-20_ranging'
ptd-server 2022-02-15 21:59:49,143 [INFO] Reply from ptd: 'Starting untimed measurement, maximum 500000 samples at 1000ms with 0 rampup samples'
ptd-server 2022-02-15 21:59:49,143 [INFO] Sending reply to client 'OK'
ptd-server 2022-02-15 22:10:09,021 [INFO] Got command from the client 'session,2022-02-15_21-59-20,stop,ranging'
ptd-server 2022-02-15 22:10:19,031 [INFO] Sending to ptd: 'Stop'
ptd-server 2022-02-15 22:10:19,032 [INFO] Reply from ptd: 'Stopping untimed measurement'
ptd-server 2022-02-15 22:10:19,972 [INFO] Sending reply to client 'OK'
ptd-server 2022-02-15 22:10:20,030 [INFO] Got command from the client 'time'
ptd-server 2022-02-15 22:10:20,031 [INFO] Sending reply to client '1644963020.0310798'
ptd-server 2022-02-15 22:10:20,033 [INFO] Got command from the client 'session,2022-02-15_21-59-20,start,testing'
ptd-server 2022-02-15 22:10:20,033 [INFO] Sending to ptd: 'SR,V,251.240000'
ptd-server 2022-02-15 22:10:21,535 [INFO] Reply from ptd: 'Range V changed'
ptd-server 2022-02-15 22:10:21,535 [INFO] Sending to ptd: 'SR,A,0.193400'
ptd-server 2022-02-15 22:10:23,036 [INFO] Reply from ptd: 'Range A changed'
ptd-server 2022-02-15 22:10:33,045 [INFO] Starting testing mode
ptd-server 2022-02-15 22:10:33,045 [INFO] Sending to ptd: 'Go,1000,0,2022-02-15_21-59-20_testing'
ptd-server 2022-02-15 22:10:33,045 [INFO] Reply from ptd: 'Starting untimed measurement, maximum 500000 samples at 1000ms with 0 rampup samples'
ptd-server 2022-02-15 22:10:33,046 [INFO] Sending reply to client 'OK'
ptd-server 2022-02-15 22:20:52,858 [INFO] Got command from the client 'session,2022-02-15_21-59-20,stop,testing'
ptd-server 2022-02-15 22:21:02,868 [INFO] Sending to ptd: 'Stop'
ptd-server 2022-02-15 22:21:02,868 [INFO] Reply from ptd: 'Stopping untimed measurement'
ptd-server 2022-02-15 22:21:03,345 [INFO] Sending reply to client 'OK'
ptd-server 2022-02-15 22:21:03,365 [INFO] Got command from the client 'session,2022-02-15_21-59-20,done'
ptd-server 2022-02-15 22:21:03,366 [INFO] Sending to ptd: 'Stop'
ptd-server 2022-02-15 22:21:03,366 [INFO] Reply from ptd: 'Error: no measurement to stop'
ptd-server 2022-02-15 22:21:03,366 [INFO] Sending to ptd: 'SR,V,300.000000'
ptd-server 2022-02-15 22:21:04,867 [INFO] Reply from ptd: 'Range V changed'
ptd-server 2022-02-15 22:21:04,868 [INFO] Sending to ptd: 'SR,A,0.500000'
ptd-server 2022-02-15 22:21:06,369 [INFO] Reply from ptd: 'Range A changed'
ptd-server 2022-02-15 22:21:06,370 [INFO] Set initial values for Amps 0.500000 and Volts 300.000000
ptd-server 2022-02-15 22:21:06,370 [INFO] Stopping ptd...
