ptd-server 2022-02-13 02:00:36,820 [INFO] Got command from the client 'time'
ptd-server 2022-02-13 02:00:36,820 [INFO] Sending reply to client '1644717636.8202999'
ptd-server 2022-02-13 02:00:36,823 [INFO] Got command from the client 'new,,b4869a60-c4b2-44a7-9ce5-01cfe562cd3a'
ptd-server 2022-02-13 02:00:36,823 [INFO] Sending reply to client 'OK 2022-02-13_02-00-36,8c71bcd5-8c66-4873-a8c6-ed482eae1611'
ptd-server 2022-02-13 02:00:36,869 [INFO] Got command from the client 'time'
ptd-server 2022-02-13 02:00:36,869 [INFO] Sending reply to client '1644717636.8699193'
ptd-server 2022-02-13 02:00:36,872 [INFO] Got command from the client 'session,2022-02-13_02-00-36,start,ranging'
ptd-server 2022-02-13 02:00:36,872 [INFO] Running PTDaemon: ['/home/anton/projects/mlperf/power/inference_v1.0/ptd-linux-x86', '-l', '/tmp/tmpxvec0g6h/ptd_logfile.txt', '-p', '8888', '49', '/dev/usbtmc0']
ptd-server 2022-02-13 02:00:54,045 [INFO] Sending to ptd: 'Hello'
ptd-server 2022-02-13 02:00:54,046 [INFO] Reply from ptd: 'Hello, PTDaemon here!'
ptd-server 2022-02-13 02:00:54,046 [INFO] Sending to ptd: 'Identify'
ptd-server 2022-02-13 02:00:54,046 [INFO] Reply from ptd: 'YokogawaWT310E,1000,1,1,1,1,0,1,1,version=1.9.2-e8c7a49a-20201208,OS=Linux 5.13.0-27-generic #29~20.04.1-Ubuntu SMP Fri Jan 14 00:32:30 UTC 2022 x86_64,mode=power,1,1,1,0,0,no_cal_date,YOKOGAWA;WT310E;C3XA04010E;F1.04'
ptd-server 2022-02-13 02:00:54,046 [INFO] Connected to PTDaemon
ptd-server 2022-02-13 02:00:54,047 [INFO] Sending to ptd: 'RR'
ptd-server 2022-02-13 02:00:54,047 [INFO] Reply from ptd: 'Ranges,0,0.500000,0,300.000000'
ptd-server 2022-02-13 02:00:54,047 [INFO] Initial range for Amps is 0.500000 for Volts is 300.000000
ptd-server 2022-02-13 02:00:54,047 [INFO] Sending to ptd: 'SR,V,Auto'
ptd-server 2022-02-13 02:00:54,550 [INFO] Reply from ptd: 'Range V changed'
ptd-server 2022-02-13 02:00:54,550 [INFO] Sending to ptd: 'SR,A,Auto'
ptd-server 2022-02-13 02:00:55,052 [INFO] Reply from ptd: 'Range A changed'
ptd-server 2022-02-13 02:01:05,063 [INFO] Starting ranging mode
ptd-server 2022-02-13 02:01:05,063 [INFO] Sending to ptd: 'Go,1000,0,2022-02-13_02-00-36_ranging'
ptd-server 2022-02-13 02:01:05,063 [INFO] Reply from ptd: 'Starting untimed measurement, maximum 500000 samples at 1000ms with 0 rampup samples'
ptd-server 2022-02-13 02:01:05,064 [INFO] Sending reply to client 'OK'
ptd-server 2022-02-13 02:11:24,624 [INFO] Got command from the client 'session,2022-02-13_02-00-36,stop,ranging'
ptd-server 2022-02-13 02:11:34,634 [INFO] Sending to ptd: 'Stop'
ptd-server 2022-02-13 02:11:34,635 [INFO] Reply from ptd: 'Stopping untimed measurement'
ptd-server 2022-02-13 02:11:35,188 [INFO] Sending reply to client 'OK'
ptd-server 2022-02-13 02:11:35,257 [INFO] Got command from the client 'time'
ptd-server 2022-02-13 02:11:35,257 [INFO] Sending reply to client '1644718295.2577965'
ptd-server 2022-02-13 02:11:35,260 [INFO] Got command from the client 'session,2022-02-13_02-00-36,start,testing'
ptd-server 2022-02-13 02:11:35,260 [INFO] Sending to ptd: 'SR,V,250.660000'
ptd-server 2022-02-13 02:11:36,761 [INFO] Reply from ptd: 'Range V changed'
ptd-server 2022-02-13 02:11:36,762 [INFO] Sending to ptd: 'SR,A,0.139290'
ptd-server 2022-02-13 02:11:38,263 [INFO] Reply from ptd: 'Range A changed'
ptd-server 2022-02-13 02:11:48,273 [INFO] Starting testing mode
ptd-server 2022-02-13 02:11:48,274 [INFO] Sending to ptd: 'Go,1000,0,2022-02-13_02-00-36_testing'
ptd-server 2022-02-13 02:11:48,274 [INFO] Reply from ptd: 'Starting untimed measurement, maximum 500000 samples at 1000ms with 0 rampup samples'
ptd-server 2022-02-13 02:11:48,274 [INFO] Sending reply to client 'OK'
ptd-server 2022-02-13 02:22:04,109 [INFO] Got command from the client 'session,2022-02-13_02-00-36,stop,testing'
ptd-server 2022-02-13 02:22:14,116 [INFO] Sending to ptd: 'Stop'
ptd-server 2022-02-13 02:22:14,116 [INFO] Reply from ptd: 'Stopping untimed measurement'
ptd-server 2022-02-13 02:22:14,447 [INFO] Sending reply to client 'OK'
ptd-server 2022-02-13 02:22:14,464 [INFO] Got command from the client 'session,2022-02-13_02-00-36,done'
ptd-server 2022-02-13 02:22:14,464 [INFO] Sending to ptd: 'Stop'
ptd-server 2022-02-13 02:22:14,465 [INFO] Reply from ptd: 'Error: no measurement to stop'
ptd-server 2022-02-13 02:22:14,465 [INFO] Sending to ptd: 'SR,V,300.000000'
ptd-server 2022-02-13 02:22:15,966 [INFO] Reply from ptd: 'Range V changed'
ptd-server 2022-02-13 02:22:15,966 [INFO] Sending to ptd: 'SR,A,0.500000'
ptd-server 2022-02-13 02:22:17,468 [INFO] Reply from ptd: 'Range A changed'
ptd-server 2022-02-13 02:22:17,468 [INFO] Set initial values for Amps 0.500000 and Volts 300.000000
ptd-server 2022-02-13 02:22:17,468 [INFO] Stopping ptd...
