ptd-server 2022-02-13 22:29:35,830 [INFO] Got command from the client 'time'
ptd-server 2022-02-13 22:29:35,830 [INFO] Sending reply to client '1644791375.8309274'
ptd-server 2022-02-13 22:29:35,832 [INFO] Got command from the client 'new,,f96936df-cf19-40f9-ba3b-3dce8052d4a9'
ptd-server 2022-02-13 22:29:35,833 [INFO] Sending reply to client 'OK 2022-02-13_22-29-35,873f4426-1655-4322-a15b-c42a215b4056'
ptd-server 2022-02-13 22:29:35,866 [INFO] Got command from the client 'time'
ptd-server 2022-02-13 22:29:35,867 [INFO] Sending reply to client '1644791375.8669875'
ptd-server 2022-02-13 22:29:35,869 [INFO] Got command from the client 'session,2022-02-13_22-29-35,start,ranging'
ptd-server 2022-02-13 22:29:35,869 [INFO] Running PTDaemon: ['/home/anton/projects/mlperf/power/inference_v1.0/ptd-linux-x86', '-l', '/tmp/tmpxvec0g6h/ptd_logfile.txt', '-p', '8888', '49', '/dev/usbtmc0']
ptd-server 2022-02-13 22:29:53,042 [INFO] Sending to ptd: 'Hello'
ptd-server 2022-02-13 22:29:53,043 [INFO] Reply from ptd: 'Hello, PTDaemon here!'
ptd-server 2022-02-13 22:29:53,043 [INFO] Sending to ptd: 'Identify'
ptd-server 2022-02-13 22:29:53,044 [INFO] Reply from ptd: 'YokogawaWT310E,1000,1,1,1,1,0,1,1,version=1.9.2-e8c7a49a-20201208,OS=Linux 5.13.0-27-generic #29~20.04.1-Ubuntu SMP Fri Jan 14 00:32:30 UTC 2022 x86_64,mode=power,1,1,1,0,0,no_cal_date,YOKOGAWA;WT310E;C3XA04010E;F1.04'
ptd-server 2022-02-13 22:29:53,044 [INFO] Connected to PTDaemon
ptd-server 2022-02-13 22:29:53,044 [INFO] Sending to ptd: 'RR'
ptd-server 2022-02-13 22:29:53,044 [INFO] Reply from ptd: 'Ranges,0,0.500000,0,300.000000'
ptd-server 2022-02-13 22:29:53,044 [INFO] Initial range for Amps is 0.500000 for Volts is 300.000000
ptd-server 2022-02-13 22:29:53,044 [INFO] Sending to ptd: 'SR,V,Auto'
ptd-server 2022-02-13 22:29:53,547 [INFO] Reply from ptd: 'Range V changed'
ptd-server 2022-02-13 22:29:53,547 [INFO] Sending to ptd: 'SR,A,Auto'
ptd-server 2022-02-13 22:29:54,050 [INFO] Reply from ptd: 'Range A changed'
ptd-server 2022-02-13 22:30:04,060 [INFO] Starting ranging mode
ptd-server 2022-02-13 22:30:04,060 [INFO] Sending to ptd: 'Go,1000,0,2022-02-13_22-29-35_ranging'
ptd-server 2022-02-13 22:30:04,061 [INFO] Reply from ptd: 'Starting untimed measurement, maximum 500000 samples at 1000ms with 0 rampup samples'
ptd-server 2022-02-13 22:30:04,061 [INFO] Sending reply to client 'OK'
ptd-server 2022-02-13 22:40:19,796 [INFO] Got command from the client 'session,2022-02-13_22-29-35,stop,ranging'
ptd-server 2022-02-13 22:40:29,807 [INFO] Sending to ptd: 'Stop'
ptd-server 2022-02-13 22:40:29,807 [INFO] Reply from ptd: 'Stopping untimed measurement'
ptd-server 2022-02-13 22:40:30,468 [INFO] Sending reply to client 'OK'
ptd-server 2022-02-13 22:40:30,545 [INFO] Got command from the client 'time'
ptd-server 2022-02-13 22:40:30,545 [INFO] Sending reply to client '1644792030.5452108'
ptd-server 2022-02-13 22:40:30,547 [INFO] Got command from the client 'session,2022-02-13_22-29-35,start,testing'
ptd-server 2022-02-13 22:40:30,548 [INFO] Sending to ptd: 'SR,V,251.360000'
ptd-server 2022-02-13 22:40:32,049 [INFO] Reply from ptd: 'Range V changed'
ptd-server 2022-02-13 22:40:32,049 [INFO] Sending to ptd: 'SR,A,0.146230'
ptd-server 2022-02-13 22:40:33,550 [INFO] Reply from ptd: 'Range A changed'
ptd-server 2022-02-13 22:40:43,559 [INFO] Starting testing mode
ptd-server 2022-02-13 22:40:43,559 [INFO] Sending to ptd: 'Go,1000,0,2022-02-13_22-29-35_testing'
ptd-server 2022-02-13 22:40:43,559 [INFO] Reply from ptd: 'Starting untimed measurement, maximum 500000 samples at 1000ms with 0 rampup samples'
ptd-server 2022-02-13 22:40:43,560 [INFO] Sending reply to client 'OK'
ptd-server 2022-02-13 22:50:59,231 [INFO] Got command from the client 'session,2022-02-13_22-29-35,stop,testing'
ptd-server 2022-02-13 22:51:09,238 [INFO] Sending to ptd: 'Stop'
ptd-server 2022-02-13 22:51:09,239 [INFO] Reply from ptd: 'Stopping untimed measurement'
ptd-server 2022-02-13 22:51:09,580 [INFO] Sending reply to client 'OK'
ptd-server 2022-02-13 22:51:09,599 [INFO] Got command from the client 'session,2022-02-13_22-29-35,done'
ptd-server 2022-02-13 22:51:09,599 [INFO] Sending to ptd: 'Stop'
ptd-server 2022-02-13 22:51:09,600 [INFO] Reply from ptd: 'Error: no measurement to stop'
ptd-server 2022-02-13 22:51:09,600 [INFO] Sending to ptd: 'SR,V,300.000000'
ptd-server 2022-02-13 22:51:11,101 [INFO] Reply from ptd: 'Range V changed'
ptd-server 2022-02-13 22:51:11,101 [INFO] Sending to ptd: 'SR,A,0.500000'
ptd-server 2022-02-13 22:51:12,603 [INFO] Reply from ptd: 'Range A changed'
ptd-server 2022-02-13 22:51:12,603 [INFO] Set initial values for Amps 0.500000 and Volts 300.000000
ptd-server 2022-02-13 22:51:12,603 [INFO] Stopping ptd...
