ptd-server 2022-02-18 20:17:05,683 [INFO] Got command from the client 'time'
ptd-server 2022-02-18 20:17:05,683 [INFO] Sending reply to client '1645237025.6837566'
ptd-server 2022-02-18 20:17:05,684 [INFO] Got command from the client 'new,,c7887895-bb78-4c2e-b59c-f721f8d3ddad'
ptd-server 2022-02-18 20:17:05,684 [INFO] Sending reply to client 'OK 2022-02-18_20-17-05,2135b152-5da2-4a47-9a2a-437a6bf8a2bb'
ptd-server 2022-02-18 20:17:05,770 [INFO] Got command from the client 'time'
ptd-server 2022-02-18 20:17:05,770 [INFO] Sending reply to client '1645237025.7708728'
ptd-server 2022-02-18 20:17:05,771 [INFO] Got command from the client 'session,2022-02-18_20-17-05,start,ranging'
ptd-server 2022-02-18 20:17:05,771 [INFO] Running PTDaemon: ['/local/mnt/workspace/mlcommons/power-main/inference_v1.0/ptd-linux-x86', '-l', '/tmp/tmp4zullp9k/ptd_logfile.txt', '-p', '8889', '49', '/dev/usbtmc0']
ptd-server 2022-02-18 20:17:22,805 [INFO] Sending to ptd: 'Hello'
ptd-server 2022-02-18 20:17:22,805 [INFO] Reply from ptd: 'Hello, PTDaemon here!'
ptd-server 2022-02-18 20:17:22,805 [INFO] Sending to ptd: 'Identify'
ptd-server 2022-02-18 20:17:22,806 [INFO] Reply from ptd: 'YokogawaWT310E,1000,1,1,1,1,0,1,1,version=1.9.2-e8c7a49a-20201208,OS=Linux 4.15.0-162-generic #170-Ubuntu SMP Mon Oct 18 11:38:05 UTC 2021 x86_64,mode=power,1,1,1,0,0,no_cal_date,YOKOGAWA;WT310E;C2XF16028V;F1.04'
ptd-server 2022-02-18 20:17:22,806 [INFO] Connected to PTDaemon
ptd-server 2022-02-18 20:17:22,806 [INFO] Sending to ptd: 'RR'
ptd-server 2022-02-18 20:17:22,806 [INFO] Reply from ptd: 'Ranges,1,5.000000,1,150.000000'
ptd-server 2022-02-18 20:17:22,806 [INFO] Initial range for Amps is Auto for Volts is Auto
ptd-server 2022-02-18 20:17:22,806 [INFO] Sending to ptd: 'SR,V,Auto'
ptd-server 2022-02-18 20:17:23,308 [INFO] Reply from ptd: 'Range V changed'
ptd-server 2022-02-18 20:17:23,308 [INFO] Sending to ptd: 'SR,A,Auto'
ptd-server 2022-02-18 20:17:23,810 [INFO] Reply from ptd: 'Range A changed'
ptd-server 2022-02-18 20:17:33,820 [INFO] Starting ranging mode
ptd-server 2022-02-18 20:17:33,820 [INFO] Sending to ptd: 'Go,1000,0,2022-02-18_20-17-05_ranging'
ptd-server 2022-02-18 20:17:33,820 [INFO] Reply from ptd: 'Starting untimed measurement, maximum 500000 samples at 1000ms with 0 rampup samples'
ptd-server 2022-02-18 20:17:33,821 [INFO] Sending reply to client 'OK'
ptd-server 2022-02-18 20:29:42,595 [INFO] Got command from the client 'session,2022-02-18_20-17-05,stop,ranging'
ptd-server 2022-02-18 20:29:52,605 [INFO] Sending to ptd: 'Stop'
ptd-server 2022-02-18 20:29:52,605 [INFO] Reply from ptd: 'Stopping untimed measurement'
ptd-server 2022-02-18 20:29:52,753 [INFO] Sending reply to client 'OK'
ptd-server 2022-02-18 20:29:52,852 [INFO] Got command from the client 'time'
ptd-server 2022-02-18 20:29:52,852 [INFO] Sending reply to client '1645237792.852865'
ptd-server 2022-02-18 20:29:52,853 [INFO] Got command from the client 'session,2022-02-18_20-17-05,start,testing'
ptd-server 2022-02-18 20:29:52,853 [INFO] Sending to ptd: 'SR,V,122.250000'
ptd-server 2022-02-18 20:29:54,354 [INFO] Reply from ptd: 'Range V changed'
ptd-server 2022-02-18 20:29:54,354 [INFO] Sending to ptd: 'SR,A,2.177400'
ptd-server 2022-02-18 20:29:55,854 [INFO] Reply from ptd: 'Range A changed'
ptd-server 2022-02-18 20:30:05,865 [INFO] Starting testing mode
ptd-server 2022-02-18 20:30:05,865 [INFO] Sending to ptd: 'Go,1000,0,2022-02-18_20-17-05_testing'
ptd-server 2022-02-18 20:30:05,865 [INFO] Reply from ptd: 'Starting untimed measurement, maximum 500000 samples at 1000ms with 0 rampup samples'
ptd-server 2022-02-18 20:30:05,865 [INFO] Sending reply to client 'OK'
ptd-server 2022-02-18 20:42:14,572 [INFO] Got command from the client 'session,2022-02-18_20-17-05,stop,testing'
ptd-server 2022-02-18 20:42:24,583 [INFO] Sending to ptd: 'Stop'
ptd-server 2022-02-18 20:42:24,583 [INFO] Reply from ptd: 'Stopping untimed measurement'
ptd-server 2022-02-18 20:42:24,655 [INFO] Sending reply to client 'OK'
ptd-server 2022-02-18 20:42:24,660 [INFO] Got command from the client 'session,2022-02-18_20-17-05,done'
ptd-server 2022-02-18 20:42:24,660 [INFO] Sending to ptd: 'Stop'
ptd-server 2022-02-18 20:42:24,866 [INFO] Reply from ptd: 'Error: no measurement to stop'
ptd-server 2022-02-18 20:42:24,866 [INFO] Sending to ptd: 'SR,V,Auto'
ptd-server 2022-02-18 20:42:25,368 [INFO] Reply from ptd: 'Range V changed'
ptd-server 2022-02-18 20:42:25,368 [INFO] Sending to ptd: 'SR,A,Auto'
ptd-server 2022-02-18 20:42:25,870 [INFO] Reply from ptd: 'Range A changed'
ptd-server 2022-02-18 20:42:25,870 [INFO] Set initial values for Amps Auto and Volts Auto
ptd-server 2022-02-18 20:42:25,870 [INFO] Stopping ptd...
