ptd-server 2022-02-22 08:08:26,447 [INFO] Got command from the client 'time'
ptd-server 2022-02-22 08:08:26,447 [INFO] Sending reply to client '1645517306.4474058'
ptd-server 2022-02-22 08:08:26,449 [INFO] Got command from the client 'new,,4355d659-47b8-4135-b98b-2401cc3905ae'
ptd-server 2022-02-22 08:08:26,450 [INFO] Sending reply to client 'OK 2022-02-22_08-08-26,77e4b8c4-ec48-48b7-961d-50fb69f4b7ea'
ptd-server 2022-02-22 08:08:26,487 [INFO] Got command from the client 'time'
ptd-server 2022-02-22 08:08:26,487 [INFO] Sending reply to client '1645517306.4875894'
ptd-server 2022-02-22 08:08:26,489 [INFO] Got command from the client 'session,2022-02-22_08-08-26,start,ranging'
ptd-server 2022-02-22 08:08:26,489 [INFO] Running PTDaemon: ['/home/anton/projects/mlperf/power/inference_v1.0/ptd-linux-x86', '-l', '/tmp/tmpgldyt7rr/ptd_logfile.txt', '-p', '8888', '49', '/dev/usbtmc0']
ptd-server 2022-02-22 08:08:43,662 [INFO] Sending to ptd: 'Hello'
ptd-server 2022-02-22 08:08:43,663 [INFO] Reply from ptd: 'Hello, PTDaemon here!'
ptd-server 2022-02-22 08:08:43,663 [INFO] Sending to ptd: 'Identify'
ptd-server 2022-02-22 08:08:43,663 [INFO] Reply from ptd: 'YokogawaWT310E,1000,1,1,1,1,0,1,1,version=1.9.2-e8c7a49a-20201208,OS=Linux 5.13.0-28-generic #31~20.04.1-Ubuntu SMP Wed Jan 19 14:08:10 UTC 2022 x86_64,mode=power,1,1,1,0,0,no_cal_date,YOKOGAWA;WT310E;C3XA04010E;F1.04'
ptd-server 2022-02-22 08:08:43,663 [INFO] Connected to PTDaemon
ptd-server 2022-02-22 08:08:43,663 [INFO] Sending to ptd: 'RR'
ptd-server 2022-02-22 08:08:43,664 [INFO] Reply from ptd: 'Ranges,0,0.500000,0,300.000000'
ptd-server 2022-02-22 08:08:43,664 [INFO] Initial range for Amps is 0.500000 for Volts is 300.000000
ptd-server 2022-02-22 08:08:43,664 [INFO] Sending to ptd: 'SR,V,Auto'
ptd-server 2022-02-22 08:08:44,167 [INFO] Reply from ptd: 'Range V changed'
ptd-server 2022-02-22 08:08:44,167 [INFO] Sending to ptd: 'SR,A,Auto'
ptd-server 2022-02-22 08:08:44,669 [INFO] Reply from ptd: 'Range A changed'
ptd-server 2022-02-22 08:08:54,679 [INFO] Starting ranging mode
ptd-server 2022-02-22 08:08:54,680 [INFO] Sending to ptd: 'Go,1000,0,2022-02-22_08-08-26_ranging'
ptd-server 2022-02-22 08:08:54,680 [INFO] Reply from ptd: 'Starting untimed measurement, maximum 500000 samples at 1000ms with 0 rampup samples'
ptd-server 2022-02-22 08:08:54,680 [INFO] Sending reply to client 'OK'
ptd-server 2022-02-22 08:19:24,335 [INFO] Got command from the client 'session,2022-02-22_08-08-26,stop,ranging'
ptd-server 2022-02-22 08:19:34,346 [INFO] Sending to ptd: 'Stop'
ptd-server 2022-02-22 08:19:34,346 [INFO] Reply from ptd: 'Stopping untimed measurement'
ptd-server 2022-02-22 08:19:35,051 [INFO] Sending reply to client 'OK'
ptd-server 2022-02-22 08:19:35,107 [INFO] Got command from the client 'time'
ptd-server 2022-02-22 08:19:35,107 [INFO] Sending reply to client '1645517975.1074235'
ptd-server 2022-02-22 08:19:35,109 [INFO] Got command from the client 'session,2022-02-22_08-08-26,start,testing'
ptd-server 2022-02-22 08:19:35,109 [INFO] Sending to ptd: 'SR,V,249.060000'
ptd-server 2022-02-22 08:19:36,610 [INFO] Reply from ptd: 'Range V changed'
ptd-server 2022-02-22 08:19:36,610 [INFO] Sending to ptd: 'SR,A,0.056120'
ptd-server 2022-02-22 08:19:38,112 [INFO] Reply from ptd: 'Range A changed'
ptd-server 2022-02-22 08:19:48,122 [INFO] Starting testing mode
ptd-server 2022-02-22 08:19:48,122 [INFO] Sending to ptd: 'Go,1000,0,2022-02-22_08-08-26_testing'
ptd-server 2022-02-22 08:19:48,123 [INFO] Reply from ptd: 'Starting untimed measurement, maximum 500000 samples at 1000ms with 0 rampup samples'
ptd-server 2022-02-22 08:19:48,123 [INFO] Sending reply to client 'OK'
ptd-server 2022-02-22 08:30:17,675 [INFO] Got command from the client 'session,2022-02-22_08-08-26,stop,testing'
ptd-server 2022-02-22 08:30:27,686 [INFO] Sending to ptd: 'Stop'
ptd-server 2022-02-22 08:30:27,686 [INFO] Reply from ptd: 'Stopping untimed measurement'
ptd-server 2022-02-22 08:30:28,047 [INFO] Sending reply to client 'OK'
ptd-server 2022-02-22 08:30:28,066 [INFO] Got command from the client 'session,2022-02-22_08-08-26,done'
ptd-server 2022-02-22 08:30:28,066 [INFO] Sending to ptd: 'Stop'
ptd-server 2022-02-22 08:30:28,124 [INFO] Reply from ptd: 'Error: no measurement to stop'
ptd-server 2022-02-22 08:30:28,124 [INFO] Sending to ptd: 'SR,V,300.000000'
ptd-server 2022-02-22 08:30:29,625 [INFO] Reply from ptd: 'Range V changed'
ptd-server 2022-02-22 08:30:29,626 [INFO] Sending to ptd: 'SR,A,0.500000'
ptd-server 2022-02-22 08:30:31,127 [INFO] Reply from ptd: 'Range A changed'
ptd-server 2022-02-22 08:30:31,127 [INFO] Set initial values for Amps 0.500000 and Volts 300.000000
ptd-server 2022-02-22 08:30:31,127 [INFO] Stopping ptd...
