ptd-server 2022-02-25 07:51:20,496 [INFO] Got command from the client 'time'
ptd-server 2022-02-25 07:51:20,496 [INFO] Sending reply to client '1645775480.4965498'
ptd-server 2022-02-25 07:51:20,499 [INFO] Got command from the client 'new,,e5ae47a2-e5ce-4f3a-b1e9-6455b36cfdd8'
ptd-server 2022-02-25 07:51:20,499 [INFO] Sending reply to client 'OK 2022-02-25_07-51-20,a61aa47b-8e42-4d35-8005-60a713b46534'
ptd-server 2022-02-25 07:51:20,545 [INFO] Got command from the client 'time'
ptd-server 2022-02-25 07:51:20,545 [INFO] Sending reply to client '1645775480.545401'
ptd-server 2022-02-25 07:51:20,548 [INFO] Got command from the client 'session,2022-02-25_07-51-20,start,ranging'
ptd-server 2022-02-25 07:51:20,548 [INFO] Running PTDaemon: ['/home/anton/projects/mlperf/power/inference_v1.0/ptd-linux-x86', '-l', '/tmp/tmp0_fn53vp/ptd_logfile.txt', '-p', '8888', '49', '/dev/usbtmc0']
ptd-server 2022-02-25 07:51:37,721 [INFO] Sending to ptd: 'Hello'
ptd-server 2022-02-25 07:51:37,721 [INFO] Reply from ptd: 'Hello, PTDaemon here!'
ptd-server 2022-02-25 07:51:37,722 [INFO] Sending to ptd: 'Identify'
ptd-server 2022-02-25 07:51:37,722 [INFO] Reply from ptd: 'YokogawaWT310E,1000,1,1,1,1,0,1,1,version=1.9.2-e8c7a49a-20201208,OS=Linux 5.13.0-30-generic #33~20.04.1-Ubuntu SMP Mon Feb 7 14:25:10 UTC 2022 x86_64,mode=power,1,1,1,0,0,no_cal_date,YOKOGAWA;WT310E;C3XA04010E;F1.04'
ptd-server 2022-02-25 07:51:37,722 [INFO] Connected to PTDaemon
ptd-server 2022-02-25 07:51:37,722 [INFO] Sending to ptd: 'RR'
ptd-server 2022-02-25 07:51:37,723 [INFO] Reply from ptd: 'Ranges,0,0.500000,1,300.000000'
ptd-server 2022-02-25 07:51:37,723 [INFO] Initial range for Amps is 0.500000 for Volts is Auto
ptd-server 2022-02-25 07:51:37,723 [INFO] Sending to ptd: 'SR,V,Auto'
ptd-server 2022-02-25 07:51:38,225 [INFO] Reply from ptd: 'Range V changed'
ptd-server 2022-02-25 07:51:38,226 [INFO] Sending to ptd: 'SR,A,Auto'
ptd-server 2022-02-25 07:51:38,728 [INFO] Reply from ptd: 'Range A changed'
ptd-server 2022-02-25 07:51:48,738 [INFO] Starting ranging mode
ptd-server 2022-02-25 07:51:48,738 [INFO] Sending to ptd: 'Go,1000,0,2022-02-25_07-51-20_ranging'
ptd-server 2022-02-25 07:51:48,739 [INFO] Reply from ptd: 'Starting untimed measurement, maximum 500000 samples at 1000ms with 0 rampup samples'
ptd-server 2022-02-25 07:51:48,739 [INFO] Sending reply to client 'OK'
ptd-server 2022-02-25 08:04:10,210 [INFO] Got command from the client 'session,2022-02-25_07-51-20,stop,ranging'
ptd-server 2022-02-25 08:04:20,220 [INFO] Sending to ptd: 'Stop'
ptd-server 2022-02-25 08:04:20,220 [INFO] Reply from ptd: 'Stopping untimed measurement'
ptd-server 2022-02-25 08:04:20,440 [INFO] Sending reply to client 'OK'
ptd-server 2022-02-25 08:04:20,569 [INFO] Got command from the client 'time'
ptd-server 2022-02-25 08:04:20,569 [INFO] Sending reply to client '1645776260.5693352'
ptd-server 2022-02-25 08:04:20,572 [INFO] Got command from the client 'session,2022-02-25_07-51-20,start,testing'
ptd-server 2022-02-25 08:04:20,572 [INFO] Sending to ptd: 'SR,V,250.840000'
ptd-server 2022-02-25 08:04:22,240 [INFO] Reply from ptd: 'Range V changed'
ptd-server 2022-02-25 08:04:22,240 [INFO] Sending to ptd: 'SR,A,0.247170'
ptd-server 2022-02-25 08:04:23,742 [INFO] Reply from ptd: 'Range A changed'
ptd-server 2022-02-25 08:04:33,752 [INFO] Starting testing mode
ptd-server 2022-02-25 08:04:33,752 [INFO] Sending to ptd: 'Go,1000,0,2022-02-25_07-51-20_testing'
ptd-server 2022-02-25 08:04:33,753 [INFO] Reply from ptd: 'Starting untimed measurement, maximum 500000 samples at 1000ms with 0 rampup samples'
ptd-server 2022-02-25 08:04:33,753 [INFO] Sending reply to client 'OK'
ptd-server 2022-02-25 08:16:57,492 [INFO] Got command from the client 'session,2022-02-25_07-51-20,stop,testing'
ptd-server 2022-02-25 08:17:07,502 [INFO] Sending to ptd: 'Stop'
ptd-server 2022-02-25 08:17:07,503 [INFO] Reply from ptd: 'Stopping untimed measurement'
ptd-server 2022-02-25 08:17:07,622 [INFO] Sending reply to client 'OK'
ptd-server 2022-02-25 08:17:07,660 [INFO] Got command from the client 'session,2022-02-25_07-51-20,done'
ptd-server 2022-02-25 08:17:07,660 [INFO] Sending to ptd: 'Stop'
ptd-server 2022-02-25 08:17:07,754 [INFO] Reply from ptd: 'Error: no measurement to stop'
ptd-server 2022-02-25 08:17:07,754 [INFO] Sending to ptd: 'SR,V,Auto'
ptd-server 2022-02-25 08:17:08,256 [INFO] Reply from ptd: 'Range V changed'
ptd-server 2022-02-25 08:17:08,257 [INFO] Sending to ptd: 'SR,A,0.500000'
ptd-server 2022-02-25 08:17:09,758 [INFO] Reply from ptd: 'Range A changed'
ptd-server 2022-02-25 08:17:09,758 [INFO] Set initial values for Amps 0.500000 and Volts Auto
ptd-server 2022-02-25 08:17:09,758 [INFO] Stopping ptd...
