ptd-server 2022-02-21 22:59:17,144 [INFO] Got command from the client 'time'
ptd-server 2022-02-21 22:59:17,145 [INFO] Sending reply to client '1645484357.145026'
ptd-server 2022-02-21 22:59:17,146 [INFO] Got command from the client 'new,,0204d740-4ef6-464b-a293-75700c71c0ce'
ptd-server 2022-02-21 22:59:17,147 [INFO] Sending reply to client 'OK 2022-02-21_22-59-17,71b53520-376c-485e-8322-279fda9beb62'
ptd-server 2022-02-21 22:59:17,184 [INFO] Got command from the client 'time'
ptd-server 2022-02-21 22:59:17,184 [INFO] Sending reply to client '1645484357.184833'
ptd-server 2022-02-21 22:59:17,186 [INFO] Got command from the client 'session,2022-02-21_22-59-17,start,ranging'
ptd-server 2022-02-21 22:59:17,187 [INFO] Running PTDaemon: ['/home/anton/projects/mlperf/power/inference_v1.0/ptd-linux-x86', '-l', '/tmp/tmpgldyt7rr/ptd_logfile.txt', '-p', '8888', '49', '/dev/usbtmc0']
ptd-server 2022-02-21 22:59:34,360 [INFO] Sending to ptd: 'Hello'
ptd-server 2022-02-21 22:59:34,361 [INFO] Reply from ptd: 'Hello, PTDaemon here!'
ptd-server 2022-02-21 22:59:34,361 [INFO] Sending to ptd: 'Identify'
ptd-server 2022-02-21 22:59:34,362 [INFO] Reply from ptd: 'YokogawaWT310E,1000,1,1,1,1,0,1,1,version=1.9.2-e8c7a49a-20201208,OS=Linux 5.13.0-28-generic #31~20.04.1-Ubuntu SMP Wed Jan 19 14:08:10 UTC 2022 x86_64,mode=power,1,1,1,0,0,no_cal_date,YOKOGAWA;WT310E;C3XA04010E;F1.04'
ptd-server 2022-02-21 22:59:34,362 [INFO] Connected to PTDaemon
ptd-server 2022-02-21 22:59:34,362 [INFO] Sending to ptd: 'RR'
ptd-server 2022-02-21 22:59:34,362 [INFO] Reply from ptd: 'Ranges,0,0.500000,0,300.000000'
ptd-server 2022-02-21 22:59:34,362 [INFO] Initial range for Amps is 0.500000 for Volts is 300.000000
ptd-server 2022-02-21 22:59:34,362 [INFO] Sending to ptd: 'SR,V,Auto'
ptd-server 2022-02-21 22:59:34,865 [INFO] Reply from ptd: 'Range V changed'
ptd-server 2022-02-21 22:59:34,865 [INFO] Sending to ptd: 'SR,A,Auto'
ptd-server 2022-02-21 22:59:35,368 [INFO] Reply from ptd: 'Range A changed'
ptd-server 2022-02-21 22:59:45,377 [INFO] Starting ranging mode
ptd-server 2022-02-21 22:59:45,377 [INFO] Sending to ptd: 'Go,1000,0,2022-02-21_22-59-17_ranging'
ptd-server 2022-02-21 22:59:45,378 [INFO] Reply from ptd: 'Starting untimed measurement, maximum 500000 samples at 1000ms with 0 rampup samples'
ptd-server 2022-02-21 22:59:45,378 [INFO] Sending reply to client 'OK'
ptd-server 2022-02-21 23:10:07,330 [INFO] Got command from the client 'session,2022-02-21_22-59-17,stop,ranging'
ptd-server 2022-02-21 23:10:17,340 [INFO] Sending to ptd: 'Stop'
ptd-server 2022-02-21 23:10:17,341 [INFO] Reply from ptd: 'Stopping untimed measurement'
ptd-server 2022-02-21 23:10:18,002 [INFO] Sending reply to client 'OK'
ptd-server 2022-02-21 23:10:18,095 [INFO] Got command from the client 'time'
ptd-server 2022-02-21 23:10:18,095 [INFO] Sending reply to client '1645485018.095604'
ptd-server 2022-02-21 23:10:18,098 [INFO] Got command from the client 'session,2022-02-21_22-59-17,start,testing'
ptd-server 2022-02-21 23:10:18,098 [INFO] Sending to ptd: 'SR,V,251.190000'
ptd-server 2022-02-21 23:10:19,600 [INFO] Reply from ptd: 'Range V changed'
ptd-server 2022-02-21 23:10:19,600 [INFO] Sending to ptd: 'SR,A,0.066350'
ptd-server 2022-02-21 23:10:21,101 [INFO] Reply from ptd: 'Range A changed'
ptd-server 2022-02-21 23:10:31,112 [INFO] Starting testing mode
ptd-server 2022-02-21 23:10:31,112 [INFO] Sending to ptd: 'Go,1000,0,2022-02-21_22-59-17_testing'
ptd-server 2022-02-21 23:10:31,112 [INFO] Reply from ptd: 'Starting untimed measurement, maximum 500000 samples at 1000ms with 0 rampup samples'
ptd-server 2022-02-21 23:10:31,112 [INFO] Sending reply to client 'OK'
ptd-server 2022-02-21 23:20:54,018 [INFO] Got command from the client 'session,2022-02-21_22-59-17,stop,testing'
ptd-server 2022-02-21 23:21:04,028 [INFO] Sending to ptd: 'Stop'
ptd-server 2022-02-21 23:21:04,029 [INFO] Reply from ptd: 'Stopping untimed measurement'
ptd-server 2022-02-21 23:21:04,378 [INFO] Sending reply to client 'OK'
ptd-server 2022-02-21 23:21:04,413 [INFO] Got command from the client 'session,2022-02-21_22-59-17,done'
ptd-server 2022-02-21 23:21:04,414 [INFO] Sending to ptd: 'Stop'
ptd-server 2022-02-21 23:21:04,414 [INFO] Reply from ptd: 'Error: no measurement to stop'
ptd-server 2022-02-21 23:21:04,414 [INFO] Sending to ptd: 'SR,V,300.000000'
ptd-server 2022-02-21 23:21:05,915 [INFO] Reply from ptd: 'Range V changed'
ptd-server 2022-02-21 23:21:05,916 [INFO] Sending to ptd: 'SR,A,0.500000'
ptd-server 2022-02-21 23:21:07,417 [INFO] Reply from ptd: 'Range A changed'
ptd-server 2022-02-21 23:21:07,417 [INFO] Set initial values for Amps 0.500000 and Volts 300.000000
ptd-server 2022-02-21 23:21:07,417 [INFO] Stopping ptd...
