ptd-server 2022-02-23 06:54:16,687 [INFO] Got command from the client 'time'
ptd-server 2022-02-23 06:54:16,687 [INFO] Sending reply to client '1645599256.6872592'
ptd-server 2022-02-23 06:54:16,688 [INFO] Got command from the client 'new,,16fe95ec-9631-483c-af79-6b20b57f3436'
ptd-server 2022-02-23 06:54:16,689 [INFO] Sending reply to client 'OK 2022-02-23_06-54-16,33ed12d5-71c5-4d4f-a219-90c7edef20b8'
ptd-server 2022-02-23 06:54:16,717 [INFO] Got command from the client 'time'
ptd-server 2022-02-23 06:54:16,717 [INFO] Sending reply to client '1645599256.7173927'
ptd-server 2022-02-23 06:54:16,718 [INFO] Got command from the client 'session,2022-02-23_06-54-16,start,ranging'
ptd-server 2022-02-23 06:54:16,718 [INFO] Running PTDaemon: ['/home/anton/projects/mlperf/power/inference_v1.0/ptd-linux-x86', '-l', '/tmp/tmpgldyt7rr/ptd_logfile.txt', '-p', '8888', '49', '/dev/usbtmc0']
ptd-server 2022-02-23 06:54:33,892 [INFO] Sending to ptd: 'Hello'
ptd-server 2022-02-23 06:54:33,893 [INFO] Reply from ptd: 'Hello, PTDaemon here!'
ptd-server 2022-02-23 06:54:33,893 [INFO] Sending to ptd: 'Identify'
ptd-server 2022-02-23 06:54:33,893 [INFO] Reply from ptd: 'YokogawaWT310E,1000,1,1,1,1,0,1,1,version=1.9.2-e8c7a49a-20201208,OS=Linux 5.13.0-28-generic #31~20.04.1-Ubuntu SMP Wed Jan 19 14:08:10 UTC 2022 x86_64,mode=power,1,1,1,0,0,no_cal_date,YOKOGAWA;WT310E;C3XA04010E;F1.04'
ptd-server 2022-02-23 06:54:33,893 [INFO] Connected to PTDaemon
ptd-server 2022-02-23 06:54:33,893 [INFO] Sending to ptd: 'RR'
ptd-server 2022-02-23 06:54:33,894 [INFO] Reply from ptd: 'Ranges,0,0.500000,0,300.000000'
ptd-server 2022-02-23 06:54:33,894 [INFO] Initial range for Amps is 0.500000 for Volts is 300.000000
ptd-server 2022-02-23 06:54:33,894 [INFO] Sending to ptd: 'SR,V,Auto'
ptd-server 2022-02-23 06:54:34,397 [INFO] Reply from ptd: 'Range V changed'
ptd-server 2022-02-23 06:54:34,397 [INFO] Sending to ptd: 'SR,A,Auto'
ptd-server 2022-02-23 06:54:34,899 [INFO] Reply from ptd: 'Range A changed'
ptd-server 2022-02-23 06:54:44,909 [INFO] Starting ranging mode
ptd-server 2022-02-23 06:54:44,910 [INFO] Sending to ptd: 'Go,1000,0,2022-02-23_06-54-16_ranging'
ptd-server 2022-02-23 06:54:44,910 [INFO] Reply from ptd: 'Starting untimed measurement, maximum 500000 samples at 1000ms with 0 rampup samples'
ptd-server 2022-02-23 06:54:44,910 [INFO] Sending reply to client 'OK'
ptd-server 2022-02-23 07:05:16,314 [INFO] Got command from the client 'session,2022-02-23_06-54-16,stop,ranging'
ptd-server 2022-02-23 07:05:26,317 [INFO] Sending to ptd: 'Stop'
ptd-server 2022-02-23 07:05:26,317 [INFO] Reply from ptd: 'Stopping untimed measurement'
ptd-server 2022-02-23 07:05:27,164 [INFO] Sending reply to client 'OK'
ptd-server 2022-02-23 07:05:27,217 [INFO] Got command from the client 'time'
ptd-server 2022-02-23 07:05:27,217 [INFO] Sending reply to client '1645599927.2173975'
ptd-server 2022-02-23 07:05:27,219 [INFO] Got command from the client 'session,2022-02-23_06-54-16,start,testing'
ptd-server 2022-02-23 07:05:27,219 [INFO] Sending to ptd: 'SR,V,250.090000'
ptd-server 2022-02-23 07:05:28,720 [INFO] Reply from ptd: 'Range V changed'
ptd-server 2022-02-23 07:05:28,720 [INFO] Sending to ptd: 'SR,A,0.056120'
ptd-server 2022-02-23 07:05:30,222 [INFO] Reply from ptd: 'Range A changed'
ptd-server 2022-02-23 07:05:40,232 [INFO] Starting testing mode
ptd-server 2022-02-23 07:05:40,232 [INFO] Sending to ptd: 'Go,1000,0,2022-02-23_06-54-16_testing'
ptd-server 2022-02-23 07:05:40,233 [INFO] Reply from ptd: 'Starting untimed measurement, maximum 500000 samples at 1000ms with 0 rampup samples'
ptd-server 2022-02-23 07:05:40,233 [INFO] Sending reply to client 'OK'
ptd-server 2022-02-23 07:16:09,103 [INFO] Got command from the client 'session,2022-02-23_06-54-16,stop,testing'
ptd-server 2022-02-23 07:16:19,113 [INFO] Sending to ptd: 'Stop'
ptd-server 2022-02-23 07:16:19,114 [INFO] Reply from ptd: 'Stopping untimed measurement'
ptd-server 2022-02-23 07:16:19,540 [INFO] Sending reply to client 'OK'
ptd-server 2022-02-23 07:16:19,559 [INFO] Got command from the client 'session,2022-02-23_06-54-16,done'
ptd-server 2022-02-23 07:16:19,559 [INFO] Sending to ptd: 'Stop'
ptd-server 2022-02-23 07:16:19,560 [INFO] Reply from ptd: 'Error: no measurement to stop'
ptd-server 2022-02-23 07:16:19,560 [INFO] Sending to ptd: 'SR,V,300.000000'
ptd-server 2022-02-23 07:16:21,061 [INFO] Reply from ptd: 'Range V changed'
ptd-server 2022-02-23 07:16:21,061 [INFO] Sending to ptd: 'SR,A,0.500000'
ptd-server 2022-02-23 07:16:22,563 [INFO] Reply from ptd: 'Range A changed'
ptd-server 2022-02-23 07:16:22,563 [INFO] Set initial values for Amps 0.500000 and Volts 300.000000
ptd-server 2022-02-23 07:16:22,563 [INFO] Stopping ptd...
