ptd-server 2022-02-17 10:12:33,909 [INFO] Got command from the client 'time'
ptd-server 2022-02-17 10:12:33,910 [INFO] Sending reply to client '1645092753.9100347'
ptd-server 2022-02-17 10:12:33,911 [INFO] Got command from the client 'new,,fc42b850-53c1-4a5e-bebb-6a5dea2643b1'
ptd-server 2022-02-17 10:12:33,912 [INFO] Sending reply to client 'OK 2022-02-17_10-12-33,78436754-0746-4c64-98aa-cf8965c46bd8'
ptd-server 2022-02-17 10:12:33,949 [INFO] Got command from the client 'time'
ptd-server 2022-02-17 10:12:33,949 [INFO] Sending reply to client '1645092753.9498882'
ptd-server 2022-02-17 10:12:33,951 [INFO] Got command from the client 'session,2022-02-17_10-12-33,start,ranging'
ptd-server 2022-02-17 10:12:33,952 [INFO] Running PTDaemon: ['/home/anton/projects/mlperf/power/inference_v1.0/ptd-linux-x86', '-l', '/tmp/tmpgldyt7rr/ptd_logfile.txt', '-p', '8888', '49', '/dev/usbtmc0']
ptd-server 2022-02-17 10:12:51,125 [INFO] Sending to ptd: 'Hello'
ptd-server 2022-02-17 10:12:51,125 [INFO] Reply from ptd: 'Hello, PTDaemon here!'
ptd-server 2022-02-17 10:12:51,126 [INFO] Sending to ptd: 'Identify'
ptd-server 2022-02-17 10:12:51,126 [INFO] Reply from ptd: 'YokogawaWT310E,1000,1,1,1,1,0,1,1,version=1.9.2-e8c7a49a-20201208,OS=Linux 5.13.0-28-generic #31~20.04.1-Ubuntu SMP Wed Jan 19 14:08:10 UTC 2022 x86_64,mode=power,1,1,1,0,0,no_cal_date,YOKOGAWA;WT310E;C3XA04010E;F1.04'
ptd-server 2022-02-17 10:12:51,126 [INFO] Connected to PTDaemon
ptd-server 2022-02-17 10:12:51,126 [INFO] Sending to ptd: 'RR'
ptd-server 2022-02-17 10:12:51,126 [INFO] Reply from ptd: 'Ranges,0,0.500000,0,300.000000'
ptd-server 2022-02-17 10:12:51,127 [INFO] Initial range for Amps is 0.500000 for Volts is 300.000000
ptd-server 2022-02-17 10:12:51,127 [INFO] Sending to ptd: 'SR,V,Auto'
ptd-server 2022-02-17 10:12:51,629 [INFO] Reply from ptd: 'Range V changed'
ptd-server 2022-02-17 10:12:51,629 [INFO] Sending to ptd: 'SR,A,Auto'
ptd-server 2022-02-17 10:12:52,132 [INFO] Reply from ptd: 'Range A changed'
ptd-server 2022-02-17 10:13:02,142 [INFO] Starting ranging mode
ptd-server 2022-02-17 10:13:02,142 [INFO] Sending to ptd: 'Go,1000,0,2022-02-17_10-12-33_ranging'
ptd-server 2022-02-17 10:13:02,143 [INFO] Reply from ptd: 'Starting untimed measurement, maximum 500000 samples at 1000ms with 0 rampup samples'
ptd-server 2022-02-17 10:13:02,143 [INFO] Sending reply to client 'OK'
ptd-server 2022-02-17 10:23:18,938 [INFO] Got command from the client 'session,2022-02-17_10-12-33,stop,ranging'
ptd-server 2022-02-17 10:23:28,940 [INFO] Sending to ptd: 'Stop'
ptd-server 2022-02-17 10:23:28,940 [INFO] Reply from ptd: 'Stopping untimed measurement'
ptd-server 2022-02-17 10:23:29,101 [INFO] Sending reply to client 'OK'
ptd-server 2022-02-17 10:23:29,188 [INFO] Got command from the client 'time'
ptd-server 2022-02-17 10:23:29,188 [INFO] Sending reply to client '1645093409.1887946'
ptd-server 2022-02-17 10:23:29,192 [INFO] Got command from the client 'session,2022-02-17_10-12-33,start,testing'
ptd-server 2022-02-17 10:23:29,192 [INFO] Sending to ptd: 'SR,V,249.900000'
ptd-server 2022-02-17 10:23:30,694 [INFO] Reply from ptd: 'Range V changed'
ptd-server 2022-02-17 10:23:30,694 [INFO] Sending to ptd: 'SR,A,0.053770'
ptd-server 2022-02-17 10:23:32,195 [INFO] Reply from ptd: 'Range A changed'
ptd-server 2022-02-17 10:23:42,206 [INFO] Starting testing mode
ptd-server 2022-02-17 10:23:42,206 [INFO] Sending to ptd: 'Go,1000,0,2022-02-17_10-12-33_testing'
ptd-server 2022-02-17 10:23:42,206 [INFO] Reply from ptd: 'Starting untimed measurement, maximum 500000 samples at 1000ms with 0 rampup samples'
ptd-server 2022-02-17 10:23:42,206 [INFO] Sending reply to client 'OK'
ptd-server 2022-02-17 10:34:00,075 [INFO] Got command from the client 'session,2022-02-17_10-12-33,stop,testing'
ptd-server 2022-02-17 10:34:10,085 [INFO] Sending to ptd: 'Stop'
ptd-server 2022-02-17 10:34:10,085 [INFO] Reply from ptd: 'Stopping untimed measurement'
ptd-server 2022-02-17 10:34:10,174 [INFO] Sending reply to client 'OK'
ptd-server 2022-02-17 10:34:10,219 [INFO] Got command from the client 'session,2022-02-17_10-12-33,done'
ptd-server 2022-02-17 10:34:10,219 [INFO] Sending to ptd: 'Stop'
ptd-server 2022-02-17 10:34:10,220 [INFO] Reply from ptd: 'Error: no measurement to stop'
ptd-server 2022-02-17 10:34:10,220 [INFO] Sending to ptd: 'SR,V,300.000000'
ptd-server 2022-02-17 10:34:11,721 [INFO] Reply from ptd: 'Range V changed'
ptd-server 2022-02-17 10:34:11,721 [INFO] Sending to ptd: 'SR,A,0.500000'
ptd-server 2022-02-17 10:34:13,223 [INFO] Reply from ptd: 'Range A changed'
ptd-server 2022-02-17 10:34:13,223 [INFO] Set initial values for Amps 0.500000 and Volts 300.000000
ptd-server 2022-02-17 10:34:13,223 [INFO] Stopping ptd...
