ptd-server 2022-02-18 20:17:45,496 [INFO] Got command from the client 'time'
ptd-server 2022-02-18 20:17:45,497 [INFO] Sending reply to client '1645215465.4971223'
ptd-server 2022-02-18 20:17:45,498 [INFO] Got command from the client 'new,,3a694a0d-8b13-4a17-823b-001b943654fa'
ptd-server 2022-02-18 20:17:45,499 [INFO] Sending reply to client 'OK 2022-02-18_20-17-45,d1cc481f-9158-4677-ab13-07d9f2b4fe87'
ptd-server 2022-02-18 20:17:45,536 [INFO] Got command from the client 'time'
ptd-server 2022-02-18 20:17:45,536 [INFO] Sending reply to client '1645215465.536775'
ptd-server 2022-02-18 20:17:45,537 [INFO] Got command from the client 'session,2022-02-18_20-17-45,start,ranging'
ptd-server 2022-02-18 20:17:45,538 [INFO] Running PTDaemon: ['/home/anton/projects/mlperf/power/inference_v1.0/ptd-linux-x86', '-l', '/tmp/tmpgldyt7rr/ptd_logfile.txt', '-p', '8888', '49', '/dev/usbtmc0']
ptd-server 2022-02-18 20:18:02,712 [INFO] Sending to ptd: 'Hello'
ptd-server 2022-02-18 20:18:02,712 [INFO] Reply from ptd: 'Hello, PTDaemon here!'
ptd-server 2022-02-18 20:18:02,712 [INFO] Sending to ptd: 'Identify'
ptd-server 2022-02-18 20:18:02,713 [INFO] Reply from ptd: 'YokogawaWT310E,1000,1,1,1,1,0,1,1,version=1.9.2-e8c7a49a-20201208,OS=Linux 5.13.0-28-generic #31~20.04.1-Ubuntu SMP Wed Jan 19 14:08:10 UTC 2022 x86_64,mode=power,1,1,1,0,0,no_cal_date,YOKOGAWA;WT310E;C3XA04010E;F1.04'
ptd-server 2022-02-18 20:18:02,713 [INFO] Connected to PTDaemon
ptd-server 2022-02-18 20:18:02,713 [INFO] Sending to ptd: 'RR'
ptd-server 2022-02-18 20:18:02,713 [INFO] Reply from ptd: 'Ranges,0,0.500000,0,300.000000'
ptd-server 2022-02-18 20:18:02,714 [INFO] Initial range for Amps is 0.500000 for Volts is 300.000000
ptd-server 2022-02-18 20:18:02,714 [INFO] Sending to ptd: 'SR,V,Auto'
ptd-server 2022-02-18 20:18:03,216 [INFO] Reply from ptd: 'Range V changed'
ptd-server 2022-02-18 20:18:03,217 [INFO] Sending to ptd: 'SR,A,Auto'
ptd-server 2022-02-18 20:18:03,719 [INFO] Reply from ptd: 'Range A changed'
ptd-server 2022-02-18 20:18:13,729 [INFO] Starting ranging mode
ptd-server 2022-02-18 20:18:13,729 [INFO] Sending to ptd: 'Go,1000,0,2022-02-18_20-17-45_ranging'
ptd-server 2022-02-18 20:18:13,730 [INFO] Reply from ptd: 'Starting untimed measurement, maximum 500000 samples at 1000ms with 0 rampup samples'
ptd-server 2022-02-18 20:18:13,730 [INFO] Sending reply to client 'OK'
ptd-server 2022-02-18 20:28:41,344 [INFO] Got command from the client 'session,2022-02-18_20-17-45,stop,ranging'
ptd-server 2022-02-18 20:28:51,354 [INFO] Sending to ptd: 'Stop'
ptd-server 2022-02-18 20:28:51,354 [INFO] Reply from ptd: 'Stopping untimed measurement'
ptd-server 2022-02-18 20:28:51,615 [INFO] Sending reply to client 'OK'
ptd-server 2022-02-18 20:28:51,708 [INFO] Got command from the client 'time'
ptd-server 2022-02-18 20:28:51,709 [INFO] Sending reply to client '1645216131.7091155'
ptd-server 2022-02-18 20:28:51,711 [INFO] Got command from the client 'session,2022-02-18_20-17-45,start,testing'
ptd-server 2022-02-18 20:28:51,711 [INFO] Sending to ptd: 'SR,V,250.640000'
ptd-server 2022-02-18 20:28:53,231 [INFO] Reply from ptd: 'Range V changed'
ptd-server 2022-02-18 20:28:53,231 [INFO] Sending to ptd: 'SR,A,0.045320'
ptd-server 2022-02-18 20:28:54,733 [INFO] Reply from ptd: 'Range A changed'
ptd-server 2022-02-18 20:29:04,743 [INFO] Starting testing mode
ptd-server 2022-02-18 20:29:04,743 [INFO] Sending to ptd: 'Go,1000,0,2022-02-18_20-17-45_testing'
ptd-server 2022-02-18 20:29:04,744 [INFO] Reply from ptd: 'Starting untimed measurement, maximum 500000 samples at 1000ms with 0 rampup samples'
ptd-server 2022-02-18 20:29:04,744 [INFO] Sending reply to client 'OK'
ptd-server 2022-02-18 20:39:30,526 [INFO] Got command from the client 'session,2022-02-18_20-17-45,stop,testing'
ptd-server 2022-02-18 20:39:40,537 [INFO] Sending to ptd: 'Stop'
ptd-server 2022-02-18 20:39:40,537 [INFO] Reply from ptd: 'Stopping untimed measurement'
ptd-server 2022-02-18 20:39:40,684 [INFO] Sending reply to client 'OK'
ptd-server 2022-02-18 20:39:40,702 [INFO] Got command from the client 'session,2022-02-18_20-17-45,done'
ptd-server 2022-02-18 20:39:40,702 [INFO] Sending to ptd: 'Stop'
ptd-server 2022-02-18 20:39:40,744 [INFO] Reply from ptd: 'Error: no measurement to stop'
ptd-server 2022-02-18 20:39:40,744 [INFO] Sending to ptd: 'SR,V,300.000000'
ptd-server 2022-02-18 20:39:42,246 [INFO] Reply from ptd: 'Range V changed'
ptd-server 2022-02-18 20:39:42,246 [INFO] Sending to ptd: 'SR,A,0.500000'
ptd-server 2022-02-18 20:39:43,747 [INFO] Reply from ptd: 'Range A changed'
ptd-server 2022-02-18 20:39:43,747 [INFO] Set initial values for Amps 0.500000 and Volts 300.000000
ptd-server 2022-02-18 20:39:43,748 [INFO] Stopping ptd...
