ptd-server 2022-02-15 22:43:07,474 [INFO] Got command from the client 'time'
ptd-server 2022-02-15 22:43:07,475 [INFO] Sending reply to client '1644964987.4751232'
ptd-server 2022-02-15 22:43:07,477 [INFO] Got command from the client 'new,,19f4adac-8825-4c98-9252-426dc73744b3'
ptd-server 2022-02-15 22:43:07,477 [INFO] Sending reply to client 'OK 2022-02-15_22-43-07,7540f7a4-4ac6-47d4-8ce0-7a36aa691272'
ptd-server 2022-02-15 22:43:07,514 [INFO] Got command from the client 'time'
ptd-server 2022-02-15 22:43:07,514 [INFO] Sending reply to client '1644964987.514769'
ptd-server 2022-02-15 22:43:07,516 [INFO] Got command from the client 'session,2022-02-15_22-43-07,start,ranging'
ptd-server 2022-02-15 22:43:07,517 [INFO] Running PTDaemon: ['/home/anton/projects/mlperf/power/inference_v1.0/ptd-linux-x86', '-l', '/tmp/tmpxvec0g6h/ptd_logfile.txt', '-p', '8888', '49', '/dev/usbtmc0']
ptd-server 2022-02-15 22:43:24,690 [INFO] Sending to ptd: 'Hello'
ptd-server 2022-02-15 22:43:24,690 [INFO] Reply from ptd: 'Hello, PTDaemon here!'
ptd-server 2022-02-15 22:43:24,690 [INFO] Sending to ptd: 'Identify'
ptd-server 2022-02-15 22:43:24,691 [INFO] Reply from ptd: 'YokogawaWT310E,1000,1,1,1,1,0,1,1,version=1.9.2-e8c7a49a-20201208,OS=Linux 5.13.0-27-generic #29~20.04.1-Ubuntu SMP Fri Jan 14 00:32:30 UTC 2022 x86_64,mode=power,1,1,1,0,0,no_cal_date,YOKOGAWA;WT310E;C3XA04010E;F1.04'
ptd-server 2022-02-15 22:43:24,691 [INFO] Connected to PTDaemon
ptd-server 2022-02-15 22:43:24,691 [INFO] Sending to ptd: 'RR'
ptd-server 2022-02-15 22:43:24,691 [INFO] Reply from ptd: 'Ranges,0,0.500000,0,300.000000'
ptd-server 2022-02-15 22:43:24,691 [INFO] Initial range for Amps is 0.500000 for Volts is 300.000000
ptd-server 2022-02-15 22:43:24,692 [INFO] Sending to ptd: 'SR,V,Auto'
ptd-server 2022-02-15 22:43:25,194 [INFO] Reply from ptd: 'Range V changed'
ptd-server 2022-02-15 22:43:25,194 [INFO] Sending to ptd: 'SR,A,Auto'
ptd-server 2022-02-15 22:43:25,697 [INFO] Reply from ptd: 'Range A changed'
ptd-server 2022-02-15 22:43:35,707 [INFO] Starting ranging mode
ptd-server 2022-02-15 22:43:35,707 [INFO] Sending to ptd: 'Go,1000,0,2022-02-15_22-43-07_ranging'
ptd-server 2022-02-15 22:43:35,707 [INFO] Reply from ptd: 'Starting untimed measurement, maximum 500000 samples at 1000ms with 0 rampup samples'
ptd-server 2022-02-15 22:43:35,708 [INFO] Sending reply to client 'OK'
ptd-server 2022-02-15 22:53:55,392 [INFO] Got command from the client 'session,2022-02-15_22-43-07,stop,ranging'
ptd-server 2022-02-15 22:54:05,402 [INFO] Sending to ptd: 'Stop'
ptd-server 2022-02-15 22:54:05,403 [INFO] Reply from ptd: 'Stopping untimed measurement'
ptd-server 2022-02-15 22:54:06,293 [INFO] Sending reply to client 'OK'
ptd-server 2022-02-15 22:54:06,351 [INFO] Got command from the client 'time'
ptd-server 2022-02-15 22:54:06,351 [INFO] Sending reply to client '1644965646.351669'
ptd-server 2022-02-15 22:54:06,354 [INFO] Got command from the client 'session,2022-02-15_22-43-07,start,testing'
ptd-server 2022-02-15 22:54:06,354 [INFO] Sending to ptd: 'SR,V,251.140000'
ptd-server 2022-02-15 22:54:07,855 [INFO] Reply from ptd: 'Range V changed'
ptd-server 2022-02-15 22:54:07,856 [INFO] Sending to ptd: 'SR,A,0.215600'
ptd-server 2022-02-15 22:54:09,357 [INFO] Reply from ptd: 'Range A changed'
ptd-server 2022-02-15 22:54:19,367 [INFO] Starting testing mode
ptd-server 2022-02-15 22:54:19,367 [INFO] Sending to ptd: 'Go,1000,0,2022-02-15_22-43-07_testing'
ptd-server 2022-02-15 22:54:19,368 [INFO] Reply from ptd: 'Starting untimed measurement, maximum 500000 samples at 1000ms with 0 rampup samples'
ptd-server 2022-02-15 22:54:19,368 [INFO] Sending reply to client 'OK'
ptd-server 2022-02-15 23:04:38,954 [INFO] Got command from the client 'session,2022-02-15_22-43-07,stop,testing'
ptd-server 2022-02-15 23:04:48,964 [INFO] Sending to ptd: 'Stop'
ptd-server 2022-02-15 23:04:48,965 [INFO] Reply from ptd: 'Stopping untimed measurement'
ptd-server 2022-02-15 23:04:49,426 [INFO] Sending reply to client 'OK'
ptd-server 2022-02-15 23:04:49,445 [INFO] Got command from the client 'session,2022-02-15_22-43-07,done'
ptd-server 2022-02-15 23:04:49,445 [INFO] Sending to ptd: 'Stop'
ptd-server 2022-02-15 23:04:49,445 [INFO] Reply from ptd: 'Error: no measurement to stop'
ptd-server 2022-02-15 23:04:49,445 [INFO] Sending to ptd: 'SR,V,300.000000'
ptd-server 2022-02-15 23:04:50,947 [INFO] Reply from ptd: 'Range V changed'
ptd-server 2022-02-15 23:04:50,947 [INFO] Sending to ptd: 'SR,A,0.500000'
ptd-server 2022-02-15 23:04:52,448 [INFO] Reply from ptd: 'Range A changed'
ptd-server 2022-02-15 23:04:52,448 [INFO] Set initial values for Amps 0.500000 and Volts 300.000000
ptd-server 2022-02-15 23:04:52,448 [INFO] Stopping ptd...
