ptd-server 2022-02-17 05:06:05,139 [INFO] Got command from the client 'stop'
ptd-server 2022-02-17 05:06:05,139 [INFO] The server will be stopped after processing this client
ptd-server 2022-02-17 05:06:05,139 [INFO] Sending reply to client 'OK'
ptd-server 2022-02-17 05:06:05,356 [INFO] Got command from the client 'time'
ptd-server 2022-02-17 05:06:05,356 [INFO] Sending reply to client '1645103165.3568451'
ptd-server 2022-02-17 05:06:05,356 [INFO] Got command from the client 'new,,2ac0494a-2472-4744-97fc-42dafd0bc382'
ptd-server 2022-02-17 05:06:05,356 [INFO] Sending reply to client 'OK 2022-02-17_05-06-05,06975529-64b7-4572-9338-173a069bd929'
ptd-server 2022-02-17 05:06:05,572 [INFO] Got command from the client 'time'
ptd-server 2022-02-17 05:06:05,572 [INFO] Sending reply to client '1645103165.5728414'
ptd-server 2022-02-17 05:06:05,572 [INFO] Got command from the client 'session,2022-02-17_05-06-05,start,ranging'
ptd-server 2022-02-17 05:06:05,684 [INFO] Running PTDaemon: ['C:\\PTD\\ptd-windows-x86.exe', '-l', 'C:\\Users\\lab\\AppData\\Local\\Temp\\tmp_a650ikb\\ptd_logfile.txt', '-p', '8888', '-c', '2', '-y', '52', '10.32.209.65']
ptd-server 2022-02-17 05:06:23,296 [INFO] Sending to ptd: 'Hello'
ptd-server 2022-02-17 05:06:23,296 [INFO] Reply from ptd: 'Hello, PTDaemon here!'
ptd-server 2022-02-17 05:06:23,296 [INFO] Sending to ptd: 'Identify'
ptd-server 2022-02-17 05:06:23,296 [INFO] Reply from ptd: 'YokogawaWT330E,1000,1,1,1,1,0,0,1,version=1.9.2-3976349f-20201208,OS=Windows 8 / Server 2012,mode=power,1,1,1,0,0,no_cal_date,YOKOGAWA;WT333E;C2XL24034V;F1.04'
ptd-server 2022-02-17 05:06:23,296 [INFO] Connected to PTDaemon
ptd-server 2022-02-17 05:06:23,296 [INFO] Sending to ptd: 'RR'
ptd-server 2022-02-17 05:06:23,296 [INFO] Reply from ptd: 'Ranges,1,1.000000,1,150.000000'
ptd-server 2022-02-17 05:06:23,296 [INFO] Initial range for Amps is Auto for Volts is Auto
ptd-server 2022-02-17 05:06:23,296 [INFO] Sending to ptd: 'SR,V,Auto'
ptd-server 2022-02-17 05:06:23,817 [INFO] Reply from ptd: 'Range V changed'
ptd-server 2022-02-17 05:06:23,817 [INFO] Sending to ptd: 'SR,A,Auto'
ptd-server 2022-02-17 05:06:24,333 [INFO] Reply from ptd: 'Range A changed'
ptd-server 2022-02-17 05:06:34,341 [INFO] Starting ranging mode
ptd-server 2022-02-17 05:06:34,341 [INFO] Sending to ptd: 'Go,1000,0,2022-02-17_05-06-05_ranging'
ptd-server 2022-02-17 05:06:34,341 [INFO] Reply from ptd: 'Starting untimed measurement, maximum 500000 samples at 1000ms with 0 rampup samples'
ptd-server 2022-02-17 05:06:34,341 [INFO] Sending reply to client 'OK'
ptd-server 2022-02-17 05:16:50,918 [INFO] Got command from the client 'session,2022-02-17_05-06-05,stop,ranging'
ptd-server 2022-02-17 05:17:00,933 [INFO] Sending to ptd: 'Stop'
ptd-server 2022-02-17 05:17:00,933 [INFO] Reply from ptd: 'Stopping untimed measurement'
ptd-server 2022-02-17 05:17:00,949 [INFO] Sending reply to client 'OK'
ptd-server 2022-02-17 05:17:01,198 [INFO] Got command from the client 'time'
ptd-server 2022-02-17 05:17:01,198 [INFO] Sending reply to client '1645103821.1984103'
ptd-server 2022-02-17 05:17:01,198 [INFO] Got command from the client 'session,2022-02-17_05-06-05,start,testing'
ptd-server 2022-02-17 05:17:01,198 [INFO] Sending to ptd: 'SR,V,120.710000'
ptd-server 2022-02-17 05:17:02,870 [INFO] Reply from ptd: 'Range V changed'
ptd-server 2022-02-17 05:17:02,870 [INFO] Sending to ptd: 'SR,A,0.592400'
ptd-server 2022-02-17 05:17:04,402 [INFO] Reply from ptd: 'Range A changed'
ptd-server 2022-02-17 05:17:14,417 [INFO] Starting testing mode
ptd-server 2022-02-17 05:17:14,417 [INFO] Sending to ptd: 'Go,1000,0,2022-02-17_05-06-05_testing'
ptd-server 2022-02-17 05:17:14,417 [INFO] Reply from ptd: 'Starting untimed measurement, maximum 500000 samples at 1000ms with 0 rampup samples'
ptd-server 2022-02-17 05:17:14,417 [INFO] Sending reply to client 'OK'
ptd-server 2022-02-17 05:27:24,884 [INFO] Got command from the client 'session,2022-02-17_05-06-05,stop,testing'
ptd-server 2022-02-17 05:27:34,910 [INFO] Sending to ptd: 'Stop'
ptd-server 2022-02-17 05:27:34,910 [INFO] Reply from ptd: 'Stopping untimed measurement'
ptd-server 2022-02-17 05:27:34,925 [INFO] Sending reply to client 'OK'
ptd-server 2022-02-17 05:27:34,988 [INFO] Got command from the client 'session,2022-02-17_05-06-05,done'
ptd-server 2022-02-17 05:27:34,988 [INFO] Sending to ptd: 'Stop'
ptd-server 2022-02-17 05:27:35,425 [INFO] Reply from ptd: 'Error: no measurement to stop'
ptd-server 2022-02-17 05:27:35,425 [INFO] Sending to ptd: 'SR,V,Auto'
ptd-server 2022-02-17 05:27:35,942 [INFO] Reply from ptd: 'Range V changed'
ptd-server 2022-02-17 05:27:35,942 [INFO] Sending to ptd: 'SR,A,Auto'
ptd-server 2022-02-17 05:27:36,457 [INFO] Reply from ptd: 'Range A changed'
ptd-server 2022-02-17 05:27:36,457 [INFO] Set initial values for Amps Auto and Volts Auto
ptd-server 2022-02-17 05:27:36,457 [INFO] Stopping ptd...
