ptd-server 2022-02-15 06:50:06,915 [INFO] Got command from the client 'time'
ptd-server 2022-02-15 06:50:06,915 [INFO] Sending reply to client '1644907806.9153044'
ptd-server 2022-02-15 06:50:06,917 [INFO] Got command from the client 'new,,26d80f3a-2ca5-41db-a4de-66179aebdc49'
ptd-server 2022-02-15 06:50:06,918 [INFO] Sending reply to client 'OK 2022-02-15_06-50-06,c1df0686-fe65-40d9-bb0a-62ce280439dc'
ptd-server 2022-02-15 06:50:06,951 [INFO] Got command from the client 'time'
ptd-server 2022-02-15 06:50:06,951 [INFO] Sending reply to client '1644907806.9514408'
ptd-server 2022-02-15 06:50:06,953 [INFO] Got command from the client 'session,2022-02-15_06-50-06,start,ranging'
ptd-server 2022-02-15 06:50:06,953 [INFO] Running PTDaemon: ['/home/anton/projects/mlperf/power/inference_v1.0/ptd-linux-x86', '-l', '/tmp/tmpxvec0g6h/ptd_logfile.txt', '-p', '8888', '49', '/dev/usbtmc0']
ptd-server 2022-02-15 06:50:24,127 [INFO] Sending to ptd: 'Hello'
ptd-server 2022-02-15 06:50:24,128 [INFO] Reply from ptd: 'Hello, PTDaemon here!'
ptd-server 2022-02-15 06:50:24,128 [INFO] Sending to ptd: 'Identify'
ptd-server 2022-02-15 06:50:24,128 [INFO] Reply from ptd: 'YokogawaWT310E,1000,1,1,1,1,0,1,1,version=1.9.2-e8c7a49a-20201208,OS=Linux 5.13.0-27-generic #29~20.04.1-Ubuntu SMP Fri Jan 14 00:32:30 UTC 2022 x86_64,mode=power,1,1,1,0,0,no_cal_date,YOKOGAWA;WT310E;C3XA04010E;F1.04'
ptd-server 2022-02-15 06:50:24,128 [INFO] Connected to PTDaemon
ptd-server 2022-02-15 06:50:24,129 [INFO] Sending to ptd: 'RR'
ptd-server 2022-02-15 06:50:24,129 [INFO] Reply from ptd: 'Ranges,0,0.500000,0,300.000000'
ptd-server 2022-02-15 06:50:24,129 [INFO] Initial range for Amps is 0.500000 for Volts is 300.000000
ptd-server 2022-02-15 06:50:24,129 [INFO] Sending to ptd: 'SR,V,Auto'
ptd-server 2022-02-15 06:50:24,632 [INFO] Reply from ptd: 'Range V changed'
ptd-server 2022-02-15 06:50:24,632 [INFO] Sending to ptd: 'SR,A,Auto'
ptd-server 2022-02-15 06:50:25,134 [INFO] Reply from ptd: 'Range A changed'
ptd-server 2022-02-15 06:50:35,145 [INFO] Starting ranging mode
ptd-server 2022-02-15 06:50:35,145 [INFO] Sending to ptd: 'Go,1000,0,2022-02-15_06-50-06_ranging'
ptd-server 2022-02-15 06:50:35,145 [INFO] Reply from ptd: 'Starting untimed measurement, maximum 500000 samples at 1000ms with 0 rampup samples'
ptd-server 2022-02-15 06:50:35,146 [INFO] Sending reply to client 'OK'
ptd-server 2022-02-15 07:00:54,586 [INFO] Got command from the client 'session,2022-02-15_06-50-06,stop,ranging'
ptd-server 2022-02-15 07:01:04,596 [INFO] Sending to ptd: 'Stop'
ptd-server 2022-02-15 07:01:04,597 [INFO] Reply from ptd: 'Stopping untimed measurement'
ptd-server 2022-02-15 07:01:05,422 [INFO] Sending reply to client 'OK'
ptd-server 2022-02-15 07:01:05,472 [INFO] Got command from the client 'time'
ptd-server 2022-02-15 07:01:05,472 [INFO] Sending reply to client '1644908465.472747'
ptd-server 2022-02-15 07:01:05,475 [INFO] Got command from the client 'session,2022-02-15_06-50-06,start,testing'
ptd-server 2022-02-15 07:01:05,475 [INFO] Sending to ptd: 'SR,V,251.030000'
ptd-server 2022-02-15 07:01:06,976 [INFO] Reply from ptd: 'Range V changed'
ptd-server 2022-02-15 07:01:06,976 [INFO] Sending to ptd: 'SR,A,0.211400'
ptd-server 2022-02-15 07:01:08,478 [INFO] Reply from ptd: 'Range A changed'
ptd-server 2022-02-15 07:01:18,488 [INFO] Starting testing mode
ptd-server 2022-02-15 07:01:18,488 [INFO] Sending to ptd: 'Go,1000,0,2022-02-15_06-50-06_testing'
ptd-server 2022-02-15 07:01:18,489 [INFO] Reply from ptd: 'Starting untimed measurement, maximum 500000 samples at 1000ms with 0 rampup samples'
ptd-server 2022-02-15 07:01:18,489 [INFO] Sending reply to client 'OK'
ptd-server 2022-02-15 07:11:37,908 [INFO] Got command from the client 'session,2022-02-15_06-50-06,stop,testing'
ptd-server 2022-02-15 07:11:47,918 [INFO] Sending to ptd: 'Stop'
ptd-server 2022-02-15 07:11:47,919 [INFO] Reply from ptd: 'Stopping untimed measurement'
ptd-server 2022-02-15 07:11:48,338 [INFO] Sending reply to client 'OK'
ptd-server 2022-02-15 07:11:48,358 [INFO] Got command from the client 'session,2022-02-15_06-50-06,done'
ptd-server 2022-02-15 07:11:48,358 [INFO] Sending to ptd: 'Stop'
ptd-server 2022-02-15 07:11:48,489 [INFO] Reply from ptd: 'Error: no measurement to stop'
ptd-server 2022-02-15 07:11:48,489 [INFO] Sending to ptd: 'SR,V,300.000000'
ptd-server 2022-02-15 07:11:49,991 [INFO] Reply from ptd: 'Range V changed'
ptd-server 2022-02-15 07:11:49,991 [INFO] Sending to ptd: 'SR,A,0.500000'
ptd-server 2022-02-15 07:11:51,492 [INFO] Reply from ptd: 'Range A changed'
ptd-server 2022-02-15 07:11:51,492 [INFO] Set initial values for Amps 0.500000 and Volts 300.000000
ptd-server 2022-02-15 07:11:51,493 [INFO] Stopping ptd...
