ptd-server 2022-02-22 17:54:20,428 [INFO] Got command from the client 'time'
ptd-server 2022-02-22 17:54:20,428 [INFO] Sending reply to client '1645552460.4289453'
ptd-server 2022-02-22 17:54:20,431 [INFO] Got command from the client 'new,,303357ae-bdb6-4a7e-b40b-66908341cf8f'
ptd-server 2022-02-22 17:54:20,431 [INFO] Sending reply to client 'OK 2022-02-22_17-54-20,81874b38-b109-4c1d-b846-0728bed629c2'
ptd-server 2022-02-22 17:54:20,474 [INFO] Got command from the client 'time'
ptd-server 2022-02-22 17:54:20,474 [INFO] Sending reply to client '1645552460.4744346'
ptd-server 2022-02-22 17:54:20,476 [INFO] Got command from the client 'session,2022-02-22_17-54-20,start,ranging'
ptd-server 2022-02-22 17:54:20,476 [INFO] Running PTDaemon: ['/home/anton/projects/mlperf/power/inference_v1.0/ptd-linux-x86', '-l', '/tmp/tmpgldyt7rr/ptd_logfile.txt', '-p', '8888', '49', '/dev/usbtmc0']
ptd-server 2022-02-22 17:54:37,649 [INFO] Sending to ptd: 'Hello'
ptd-server 2022-02-22 17:54:37,650 [INFO] Reply from ptd: 'Hello, PTDaemon here!'
ptd-server 2022-02-22 17:54:37,650 [INFO] Sending to ptd: 'Identify'
ptd-server 2022-02-22 17:54:37,650 [INFO] Reply from ptd: 'YokogawaWT310E,1000,1,1,1,1,0,1,1,version=1.9.2-e8c7a49a-20201208,OS=Linux 5.13.0-28-generic #31~20.04.1-Ubuntu SMP Wed Jan 19 14:08:10 UTC 2022 x86_64,mode=power,1,1,1,0,0,no_cal_date,YOKOGAWA;WT310E;C3XA04010E;F1.04'
ptd-server 2022-02-22 17:54:37,650 [INFO] Connected to PTDaemon
ptd-server 2022-02-22 17:54:37,651 [INFO] Sending to ptd: 'RR'
ptd-server 2022-02-22 17:54:37,651 [INFO] Reply from ptd: 'Ranges,0,0.500000,0,300.000000'
ptd-server 2022-02-22 17:54:37,651 [INFO] Initial range for Amps is 0.500000 for Volts is 300.000000
ptd-server 2022-02-22 17:54:37,651 [INFO] Sending to ptd: 'SR,V,Auto'
ptd-server 2022-02-22 17:54:38,154 [INFO] Reply from ptd: 'Range V changed'
ptd-server 2022-02-22 17:54:38,154 [INFO] Sending to ptd: 'SR,A,Auto'
ptd-server 2022-02-22 17:54:38,656 [INFO] Reply from ptd: 'Range A changed'
ptd-server 2022-02-22 17:54:48,667 [INFO] Starting ranging mode
ptd-server 2022-02-22 17:54:48,667 [INFO] Sending to ptd: 'Go,1000,0,2022-02-22_17-54-20_ranging'
ptd-server 2022-02-22 17:54:48,667 [INFO] Reply from ptd: 'Starting untimed measurement, maximum 500000 samples at 1000ms with 0 rampup samples'
ptd-server 2022-02-22 17:54:48,667 [INFO] Sending reply to client 'OK'
ptd-server 2022-02-22 18:05:18,024 [INFO] Got command from the client 'session,2022-02-22_17-54-20,stop,ranging'
ptd-server 2022-02-22 18:05:28,034 [INFO] Sending to ptd: 'Stop'
ptd-server 2022-02-22 18:05:28,034 [INFO] Reply from ptd: 'Stopping untimed measurement'
ptd-server 2022-02-22 18:05:29,140 [INFO] Sending reply to client 'OK'
ptd-server 2022-02-22 18:05:29,197 [INFO] Got command from the client 'time'
ptd-server 2022-02-22 18:05:29,197 [INFO] Sending reply to client '1645553129.1976674'
ptd-server 2022-02-22 18:05:29,199 [INFO] Got command from the client 'session,2022-02-22_17-54-20,start,testing'
ptd-server 2022-02-22 18:05:29,199 [INFO] Sending to ptd: 'SR,V,250.410000'
ptd-server 2022-02-22 18:05:30,701 [INFO] Reply from ptd: 'Range V changed'
ptd-server 2022-02-22 18:05:30,701 [INFO] Sending to ptd: 'SR,A,0.052280'
ptd-server 2022-02-22 18:05:32,202 [INFO] Reply from ptd: 'Range A changed'
ptd-server 2022-02-22 18:05:42,212 [INFO] Starting testing mode
ptd-server 2022-02-22 18:05:42,212 [INFO] Sending to ptd: 'Go,1000,0,2022-02-22_17-54-20_testing'
ptd-server 2022-02-22 18:05:42,213 [INFO] Reply from ptd: 'Starting untimed measurement, maximum 500000 samples at 1000ms with 0 rampup samples'
ptd-server 2022-02-22 18:05:42,213 [INFO] Sending reply to client 'OK'
ptd-server 2022-02-22 18:16:11,254 [INFO] Got command from the client 'session,2022-02-22_17-54-20,stop,testing'
ptd-server 2022-02-22 18:16:21,265 [INFO] Sending to ptd: 'Stop'
ptd-server 2022-02-22 18:16:21,265 [INFO] Reply from ptd: 'Stopping untimed measurement'
ptd-server 2022-02-22 18:16:21,691 [INFO] Sending reply to client 'OK'
ptd-server 2022-02-22 18:16:21,710 [INFO] Got command from the client 'session,2022-02-22_17-54-20,done'
ptd-server 2022-02-22 18:16:21,710 [INFO] Sending to ptd: 'Stop'
ptd-server 2022-02-22 18:16:22,214 [INFO] Reply from ptd: 'Error: no measurement to stop'
ptd-server 2022-02-22 18:16:22,214 [INFO] Sending to ptd: 'SR,V,300.000000'
ptd-server 2022-02-22 18:16:23,715 [INFO] Reply from ptd: 'Range V changed'
ptd-server 2022-02-22 18:16:23,716 [INFO] Sending to ptd: 'SR,A,0.500000'
ptd-server 2022-02-22 18:16:25,217 [INFO] Reply from ptd: 'Range A changed'
ptd-server 2022-02-22 18:16:25,217 [INFO] Set initial values for Amps 0.500000 and Volts 300.000000
ptd-server 2022-02-22 18:16:25,217 [INFO] Stopping ptd...
