ptd-server 2022-02-24 19:28:38,172 [INFO] Got command from the client 'time'
ptd-server 2022-02-24 19:28:38,172 [INFO] Sending reply to client '1645730918.1724787'
ptd-server 2022-02-24 19:28:38,174 [INFO] Got command from the client 'new,,2229ce4a-d6a0-4fbe-9607-9ef2d6a2cc0b'
ptd-server 2022-02-24 19:28:38,175 [INFO] Sending reply to client 'OK 2022-02-24_19-28-38,1dcf5432-0734-47b1-bfa9-eccc6c19934f'
ptd-server 2022-02-24 19:28:38,213 [INFO] Got command from the client 'time'
ptd-server 2022-02-24 19:28:38,213 [INFO] Sending reply to client '1645730918.2137015'
ptd-server 2022-02-24 19:28:38,215 [INFO] Got command from the client 'session,2022-02-24_19-28-38,start,ranging'
ptd-server 2022-02-24 19:28:38,215 [INFO] Running PTDaemon: ['/home/anton/projects/mlperf/power/inference_v1.0/ptd-linux-x86', '-l', '/tmp/tmp0_fn53vp/ptd_logfile.txt', '-p', '8888', '49', '/dev/usbtmc0']
ptd-server 2022-02-24 19:28:55,388 [INFO] Sending to ptd: 'Hello'
ptd-server 2022-02-24 19:28:55,389 [INFO] Reply from ptd: 'Hello, PTDaemon here!'
ptd-server 2022-02-24 19:28:55,389 [INFO] Sending to ptd: 'Identify'
ptd-server 2022-02-24 19:28:55,389 [INFO] Reply from ptd: 'YokogawaWT310E,1000,1,1,1,1,0,1,1,version=1.9.2-e8c7a49a-20201208,OS=Linux 5.13.0-30-generic #33~20.04.1-Ubuntu SMP Mon Feb 7 14:25:10 UTC 2022 x86_64,mode=power,1,1,1,0,0,no_cal_date,YOKOGAWA;WT310E;C3XA04010E;F1.04'
ptd-server 2022-02-24 19:28:55,390 [INFO] Connected to PTDaemon
ptd-server 2022-02-24 19:28:55,390 [INFO] Sending to ptd: 'RR'
ptd-server 2022-02-24 19:28:55,390 [INFO] Reply from ptd: 'Ranges,0,0.500000,1,300.000000'
ptd-server 2022-02-24 19:28:55,390 [INFO] Initial range for Amps is 0.500000 for Volts is Auto
ptd-server 2022-02-24 19:28:55,391 [INFO] Sending to ptd: 'SR,V,Auto'
ptd-server 2022-02-24 19:28:55,893 [INFO] Reply from ptd: 'Range V changed'
ptd-server 2022-02-24 19:28:55,893 [INFO] Sending to ptd: 'SR,A,Auto'
ptd-server 2022-02-24 19:28:56,396 [INFO] Reply from ptd: 'Range A changed'
ptd-server 2022-02-24 19:29:06,406 [INFO] Starting ranging mode
ptd-server 2022-02-24 19:29:06,407 [INFO] Sending to ptd: 'Go,1000,0,2022-02-24_19-28-38_ranging'
ptd-server 2022-02-24 19:29:06,407 [INFO] Reply from ptd: 'Starting untimed measurement, maximum 500000 samples at 1000ms with 0 rampup samples'
ptd-server 2022-02-24 19:29:06,407 [INFO] Sending reply to client 'OK'
ptd-server 2022-02-24 19:39:29,032 [INFO] Got command from the client 'session,2022-02-24_19-28-38,stop,ranging'
ptd-server 2022-02-24 19:39:39,042 [INFO] Sending to ptd: 'Stop'
ptd-server 2022-02-24 19:39:39,043 [INFO] Reply from ptd: 'Stopping untimed measurement'
ptd-server 2022-02-24 19:39:39,194 [INFO] Sending reply to client 'OK'
ptd-server 2022-02-24 19:39:39,261 [INFO] Got command from the client 'time'
ptd-server 2022-02-24 19:39:39,262 [INFO] Sending reply to client '1645731579.2620616'
ptd-server 2022-02-24 19:39:39,263 [INFO] Got command from the client 'session,2022-02-24_19-28-38,start,testing'
ptd-server 2022-02-24 19:39:39,264 [INFO] Sending to ptd: 'SR,V,250.750000'
ptd-server 2022-02-24 19:39:40,908 [INFO] Reply from ptd: 'Range V changed'
ptd-server 2022-02-24 19:39:40,908 [INFO] Sending to ptd: 'SR,A,0.045080'
ptd-server 2022-02-24 19:39:42,410 [INFO] Reply from ptd: 'Range A changed'
ptd-server 2022-02-24 19:39:52,420 [INFO] Starting testing mode
ptd-server 2022-02-24 19:39:52,420 [INFO] Sending to ptd: 'Go,1000,0,2022-02-24_19-28-38_testing'
ptd-server 2022-02-24 19:39:52,420 [INFO] Reply from ptd: 'Starting untimed measurement, maximum 500000 samples at 1000ms with 0 rampup samples'
ptd-server 2022-02-24 19:39:52,421 [INFO] Sending reply to client 'OK'
ptd-server 2022-02-24 19:50:14,936 [INFO] Got command from the client 'session,2022-02-24_19-28-38,stop,testing'
ptd-server 2022-02-24 19:50:24,947 [INFO] Sending to ptd: 'Stop'
ptd-server 2022-02-24 19:50:24,947 [INFO] Reply from ptd: 'Stopping untimed measurement'
ptd-server 2022-02-24 19:50:25,030 [INFO] Sending reply to client 'OK'
ptd-server 2022-02-24 19:50:25,048 [INFO] Got command from the client 'session,2022-02-24_19-28-38,done'
ptd-server 2022-02-24 19:50:25,048 [INFO] Sending to ptd: 'Stop'
ptd-server 2022-02-24 19:50:25,420 [INFO] Reply from ptd: 'Error: no measurement to stop'
ptd-server 2022-02-24 19:50:25,420 [INFO] Sending to ptd: 'SR,V,Auto'
ptd-server 2022-02-24 19:50:25,923 [INFO] Reply from ptd: 'Range V changed'
ptd-server 2022-02-24 19:50:25,923 [INFO] Sending to ptd: 'SR,A,0.500000'
ptd-server 2022-02-24 19:50:27,424 [INFO] Reply from ptd: 'Range A changed'
ptd-server 2022-02-24 19:50:27,425 [INFO] Set initial values for Amps 0.500000 and Volts Auto
ptd-server 2022-02-24 19:50:27,425 [INFO] Stopping ptd...
