ptd-server 2022-02-17 18:10:27,935 [INFO] Got command from the client 'time'
ptd-server 2022-02-17 18:10:27,935 [INFO] Sending reply to client '1645121427.9355092'
ptd-server 2022-02-17 18:10:27,936 [INFO] Got command from the client 'new,,f93fb7bf-185a-4f6e-8486-316d578c8ca3'
ptd-server 2022-02-17 18:10:27,937 [INFO] Sending reply to client 'OK 2022-02-17_18-10-27,c72cb7eb-aecf-4793-a613-fbe9bbd42282'
ptd-server 2022-02-17 18:10:27,975 [INFO] Got command from the client 'time'
ptd-server 2022-02-17 18:10:27,975 [INFO] Sending reply to client '1645121427.9754632'
ptd-server 2022-02-17 18:10:27,976 [INFO] Got command from the client 'session,2022-02-17_18-10-27,start,ranging'
ptd-server 2022-02-17 18:10:27,976 [INFO] Running PTDaemon: ['/home/anton/projects/mlperf/power/inference_v1.0/ptd-linux-x86', '-l', '/tmp/tmpgldyt7rr/ptd_logfile.txt', '-p', '8888', '49', '/dev/usbtmc0']
ptd-server 2022-02-17 18:10:45,150 [INFO] Sending to ptd: 'Hello'
ptd-server 2022-02-17 18:10:45,150 [INFO] Reply from ptd: 'Hello, PTDaemon here!'
ptd-server 2022-02-17 18:10:45,151 [INFO] Sending to ptd: 'Identify'
ptd-server 2022-02-17 18:10:45,151 [INFO] Reply from ptd: 'YokogawaWT310E,1000,1,1,1,1,0,1,1,version=1.9.2-e8c7a49a-20201208,OS=Linux 5.13.0-28-generic #31~20.04.1-Ubuntu SMP Wed Jan 19 14:08:10 UTC 2022 x86_64,mode=power,1,1,1,0,0,no_cal_date,YOKOGAWA;WT310E;C3XA04010E;F1.04'
ptd-server 2022-02-17 18:10:45,151 [INFO] Connected to PTDaemon
ptd-server 2022-02-17 18:10:45,151 [INFO] Sending to ptd: 'RR'
ptd-server 2022-02-17 18:10:45,151 [INFO] Reply from ptd: 'Ranges,0,0.500000,0,300.000000'
ptd-server 2022-02-17 18:10:45,152 [INFO] Initial range for Amps is 0.500000 for Volts is 300.000000
ptd-server 2022-02-17 18:10:45,152 [INFO] Sending to ptd: 'SR,V,Auto'
ptd-server 2022-02-17 18:10:45,654 [INFO] Reply from ptd: 'Range V changed'
ptd-server 2022-02-17 18:10:45,654 [INFO] Sending to ptd: 'SR,A,Auto'
ptd-server 2022-02-17 18:10:46,157 [INFO] Reply from ptd: 'Range A changed'
ptd-server 2022-02-17 18:10:56,167 [INFO] Starting ranging mode
ptd-server 2022-02-17 18:10:56,167 [INFO] Sending to ptd: 'Go,1000,0,2022-02-17_18-10-27_ranging'
ptd-server 2022-02-17 18:10:56,168 [INFO] Reply from ptd: 'Starting untimed measurement, maximum 500000 samples at 1000ms with 0 rampup samples'
ptd-server 2022-02-17 18:10:56,168 [INFO] Sending reply to client 'OK'
ptd-server 2022-02-17 18:21:13,201 [INFO] Got command from the client 'session,2022-02-17_18-10-27,stop,ranging'
ptd-server 2022-02-17 18:21:23,206 [INFO] Sending to ptd: 'Stop'
ptd-server 2022-02-17 18:21:23,207 [INFO] Reply from ptd: 'Stopping untimed measurement'
ptd-server 2022-02-17 18:21:23,406 [INFO] Sending reply to client 'OK'
ptd-server 2022-02-17 18:21:23,468 [INFO] Got command from the client 'time'
ptd-server 2022-02-17 18:21:23,469 [INFO] Sending reply to client '1645122083.4689732'
ptd-server 2022-02-17 18:21:23,470 [INFO] Got command from the client 'session,2022-02-17_18-10-27,start,testing'
ptd-server 2022-02-17 18:21:23,470 [INFO] Sending to ptd: 'SR,V,250.950000'
ptd-server 2022-02-17 18:21:25,669 [INFO] Reply from ptd: 'Range V changed'
ptd-server 2022-02-17 18:21:25,669 [INFO] Sending to ptd: 'SR,A,0.046170'
ptd-server 2022-02-17 18:21:27,171 [INFO] Reply from ptd: 'Range A changed'
ptd-server 2022-02-17 18:21:37,181 [INFO] Starting testing mode
ptd-server 2022-02-17 18:21:37,181 [INFO] Sending to ptd: 'Go,1000,0,2022-02-17_18-10-27_testing'
ptd-server 2022-02-17 18:21:37,181 [INFO] Reply from ptd: 'Starting untimed measurement, maximum 500000 samples at 1000ms with 0 rampup samples'
ptd-server 2022-02-17 18:21:37,182 [INFO] Sending reply to client 'OK'
ptd-server 2022-02-17 18:31:55,194 [INFO] Got command from the client 'session,2022-02-17_18-10-27,stop,testing'
ptd-server 2022-02-17 18:32:05,204 [INFO] Sending to ptd: 'Stop'
ptd-server 2022-02-17 18:32:05,205 [INFO] Reply from ptd: 'Stopping untimed measurement'
ptd-server 2022-02-17 18:32:05,318 [INFO] Sending reply to client 'OK'
ptd-server 2022-02-17 18:32:05,341 [INFO] Got command from the client 'session,2022-02-17_18-10-27,done'
ptd-server 2022-02-17 18:32:05,341 [INFO] Sending to ptd: 'Stop'
ptd-server 2022-02-17 18:32:06,181 [INFO] Reply from ptd: 'Error: no measurement to stop'
ptd-server 2022-02-17 18:32:06,181 [INFO] Sending to ptd: 'SR,V,300.000000'
ptd-server 2022-02-17 18:32:07,683 [INFO] Reply from ptd: 'Range V changed'
ptd-server 2022-02-17 18:32:07,683 [INFO] Sending to ptd: 'SR,A,0.500000'
ptd-server 2022-02-17 18:32:09,185 [INFO] Reply from ptd: 'Range A changed'
ptd-server 2022-02-17 18:32:09,185 [INFO] Set initial values for Amps 0.500000 and Volts 300.000000
ptd-server 2022-02-17 18:32:09,185 [INFO] Stopping ptd...
