ptd-server 2022-02-22 20:07:41,702 [INFO] Got command from the client 'time'
ptd-server 2022-02-22 20:07:41,702 [INFO] Sending reply to client '1645560461.7029192'
ptd-server 2022-02-22 20:07:41,705 [INFO] Got command from the client 'new,,edb54ef1-df65-4afa-b360-00304b30fa25'
ptd-server 2022-02-22 20:07:41,705 [INFO] Sending reply to client 'OK 2022-02-22_20-07-41,f0b6c3fa-5f38-4ddb-924a-5f3e519954d3'
ptd-server 2022-02-22 20:07:41,739 [INFO] Got command from the client 'time'
ptd-server 2022-02-22 20:07:41,739 [INFO] Sending reply to client '1645560461.7397163'
ptd-server 2022-02-22 20:07:41,741 [INFO] Got command from the client 'session,2022-02-22_20-07-41,start,ranging'
ptd-server 2022-02-22 20:07:41,741 [INFO] Running PTDaemon: ['/home/anton/projects/mlperf/power/inference_v1.0/ptd-linux-x86', '-l', '/tmp/tmpgldyt7rr/ptd_logfile.txt', '-p', '8888', '49', '/dev/usbtmc0']
ptd-server 2022-02-22 20:07:58,915 [INFO] Sending to ptd: 'Hello'
ptd-server 2022-02-22 20:07:58,916 [INFO] Reply from ptd: 'Hello, PTDaemon here!'
ptd-server 2022-02-22 20:07:58,916 [INFO] Sending to ptd: 'Identify'
ptd-server 2022-02-22 20:07:58,916 [INFO] Reply from ptd: 'YokogawaWT310E,1000,1,1,1,1,0,1,1,version=1.9.2-e8c7a49a-20201208,OS=Linux 5.13.0-28-generic #31~20.04.1-Ubuntu SMP Wed Jan 19 14:08:10 UTC 2022 x86_64,mode=power,1,1,1,0,0,no_cal_date,YOKOGAWA;WT310E;C3XA04010E;F1.04'
ptd-server 2022-02-22 20:07:58,916 [INFO] Connected to PTDaemon
ptd-server 2022-02-22 20:07:58,916 [INFO] Sending to ptd: 'RR'
ptd-server 2022-02-22 20:07:58,917 [INFO] Reply from ptd: 'Ranges,0,0.500000,0,300.000000'
ptd-server 2022-02-22 20:07:58,917 [INFO] Initial range for Amps is 0.500000 for Volts is 300.000000
ptd-server 2022-02-22 20:07:58,917 [INFO] Sending to ptd: 'SR,V,Auto'
ptd-server 2022-02-22 20:07:59,420 [INFO] Reply from ptd: 'Range V changed'
ptd-server 2022-02-22 20:07:59,420 [INFO] Sending to ptd: 'SR,A,Auto'
ptd-server 2022-02-22 20:07:59,922 [INFO] Reply from ptd: 'Range A changed'
ptd-server 2022-02-22 20:08:09,933 [INFO] Starting ranging mode
ptd-server 2022-02-22 20:08:09,933 [INFO] Sending to ptd: 'Go,1000,0,2022-02-22_20-07-41_ranging'
ptd-server 2022-02-22 20:08:09,933 [INFO] Reply from ptd: 'Starting untimed measurement, maximum 500000 samples at 1000ms with 0 rampup samples'
ptd-server 2022-02-22 20:08:09,933 [INFO] Sending reply to client 'OK'
ptd-server 2022-02-22 20:18:39,341 [INFO] Got command from the client 'session,2022-02-22_20-07-41,stop,ranging'
ptd-server 2022-02-22 20:18:49,351 [INFO] Sending to ptd: 'Stop'
ptd-server 2022-02-22 20:18:49,352 [INFO] Reply from ptd: 'Stopping untimed measurement'
ptd-server 2022-02-22 20:18:50,120 [INFO] Sending reply to client 'OK'
ptd-server 2022-02-22 20:18:50,177 [INFO] Got command from the client 'time'
ptd-server 2022-02-22 20:18:50,177 [INFO] Sending reply to client '1645561130.1772006'
ptd-server 2022-02-22 20:18:50,179 [INFO] Got command from the client 'session,2022-02-22_20-07-41,start,testing'
ptd-server 2022-02-22 20:18:50,179 [INFO] Sending to ptd: 'SR,V,250.890000'
ptd-server 2022-02-22 20:18:51,680 [INFO] Reply from ptd: 'Range V changed'
ptd-server 2022-02-22 20:18:51,681 [INFO] Sending to ptd: 'SR,A,0.051200'
ptd-server 2022-02-22 20:18:53,182 [INFO] Reply from ptd: 'Range A changed'
ptd-server 2022-02-22 20:19:03,184 [INFO] Starting testing mode
ptd-server 2022-02-22 20:19:03,184 [INFO] Sending to ptd: 'Go,1000,0,2022-02-22_20-07-41_testing'
ptd-server 2022-02-22 20:19:03,185 [INFO] Reply from ptd: 'Starting untimed measurement, maximum 500000 samples at 1000ms with 0 rampup samples'
ptd-server 2022-02-22 20:19:03,185 [INFO] Sending reply to client 'OK'
ptd-server 2022-02-22 20:29:32,283 [INFO] Got command from the client 'session,2022-02-22_20-07-41,stop,testing'
ptd-server 2022-02-22 20:29:42,288 [INFO] Sending to ptd: 'Stop'
ptd-server 2022-02-22 20:29:42,288 [INFO] Reply from ptd: 'Stopping untimed measurement'
ptd-server 2022-02-22 20:29:42,685 [INFO] Sending reply to client 'OK'
ptd-server 2022-02-22 20:29:42,705 [INFO] Got command from the client 'session,2022-02-22_20-07-41,done'
ptd-server 2022-02-22 20:29:42,705 [INFO] Sending to ptd: 'Stop'
ptd-server 2022-02-22 20:29:43,186 [INFO] Reply from ptd: 'Error: no measurement to stop'
ptd-server 2022-02-22 20:29:43,186 [INFO] Sending to ptd: 'SR,V,300.000000'
ptd-server 2022-02-22 20:29:44,687 [INFO] Reply from ptd: 'Range V changed'
ptd-server 2022-02-22 20:29:44,688 [INFO] Sending to ptd: 'SR,A,0.500000'
ptd-server 2022-02-22 20:29:46,189 [INFO] Reply from ptd: 'Range A changed'
ptd-server 2022-02-22 20:29:46,189 [INFO] Set initial values for Amps 0.500000 and Volts 300.000000
ptd-server 2022-02-22 20:29:46,189 [INFO] Stopping ptd...
