ptd-server 2022-02-14 19:04:18,493 [INFO] Got command from the client 'time'
ptd-server 2022-02-14 19:04:18,493 [INFO] Sending reply to client '1644865458.4935312'
ptd-server 2022-02-14 19:04:18,496 [INFO] Got command from the client 'new,,d0ae70d1-af48-4ca7-81ae-8c9c7577fd8a'
ptd-server 2022-02-14 19:04:18,496 [INFO] Sending reply to client 'OK 2022-02-14_19-04-18,ac548b7c-7b27-4023-80e7-ef8cbb47eec6'
ptd-server 2022-02-14 19:04:18,543 [INFO] Got command from the client 'time'
ptd-server 2022-02-14 19:04:18,543 [INFO] Sending reply to client '1644865458.543316'
ptd-server 2022-02-14 19:04:18,545 [INFO] Got command from the client 'session,2022-02-14_19-04-18,start,ranging'
ptd-server 2022-02-14 19:04:18,546 [INFO] Running PTDaemon: ['/home/anton/projects/mlperf/power/inference_v1.0/ptd-linux-x86', '-l', '/tmp/tmpxvec0g6h/ptd_logfile.txt', '-p', '8888', '49', '/dev/usbtmc0']
ptd-server 2022-02-14 19:04:35,718 [INFO] Sending to ptd: 'Hello'
ptd-server 2022-02-14 19:04:35,719 [INFO] Reply from ptd: 'Hello, PTDaemon here!'
ptd-server 2022-02-14 19:04:35,719 [INFO] Sending to ptd: 'Identify'
ptd-server 2022-02-14 19:04:35,719 [INFO] Reply from ptd: 'YokogawaWT310E,1000,1,1,1,1,0,1,1,version=1.9.2-e8c7a49a-20201208,OS=Linux 5.13.0-27-generic #29~20.04.1-Ubuntu SMP Fri Jan 14 00:32:30 UTC 2022 x86_64,mode=power,1,1,1,0,0,no_cal_date,YOKOGAWA;WT310E;C3XA04010E;F1.04'
ptd-server 2022-02-14 19:04:35,720 [INFO] Connected to PTDaemon
ptd-server 2022-02-14 19:04:35,720 [INFO] Sending to ptd: 'RR'
ptd-server 2022-02-14 19:04:35,720 [INFO] Reply from ptd: 'Ranges,0,0.500000,0,300.000000'
ptd-server 2022-02-14 19:04:35,720 [INFO] Initial range for Amps is 0.500000 for Volts is 300.000000
ptd-server 2022-02-14 19:04:35,720 [INFO] Sending to ptd: 'SR,V,Auto'
ptd-server 2022-02-14 19:04:36,223 [INFO] Reply from ptd: 'Range V changed'
ptd-server 2022-02-14 19:04:36,223 [INFO] Sending to ptd: 'SR,A,Auto'
ptd-server 2022-02-14 19:04:36,725 [INFO] Reply from ptd: 'Range A changed'
ptd-server 2022-02-14 19:04:46,736 [INFO] Starting ranging mode
ptd-server 2022-02-14 19:04:46,736 [INFO] Sending to ptd: 'Go,1000,0,2022-02-14_19-04-18_ranging'
ptd-server 2022-02-14 19:04:46,736 [INFO] Reply from ptd: 'Starting untimed measurement, maximum 500000 samples at 1000ms with 0 rampup samples'
ptd-server 2022-02-14 19:04:46,737 [INFO] Sending reply to client 'OK'
ptd-server 2022-02-14 19:15:06,203 [INFO] Got command from the client 'session,2022-02-14_19-04-18,stop,ranging'
ptd-server 2022-02-14 19:15:16,213 [INFO] Sending to ptd: 'Stop'
ptd-server 2022-02-14 19:15:16,214 [INFO] Reply from ptd: 'Stopping untimed measurement'
ptd-server 2022-02-14 19:15:16,980 [INFO] Sending reply to client 'OK'
ptd-server 2022-02-14 19:15:17,041 [INFO] Got command from the client 'time'
ptd-server 2022-02-14 19:15:17,041 [INFO] Sending reply to client '1644866117.0417895'
ptd-server 2022-02-14 19:15:17,045 [INFO] Got command from the client 'session,2022-02-14_19-04-18,start,testing'
ptd-server 2022-02-14 19:15:17,045 [INFO] Sending to ptd: 'SR,V,249.380000'
ptd-server 2022-02-14 19:15:18,546 [INFO] Reply from ptd: 'Range V changed'
ptd-server 2022-02-14 19:15:18,546 [INFO] Sending to ptd: 'SR,A,0.209710'
ptd-server 2022-02-14 19:15:20,048 [INFO] Reply from ptd: 'Range A changed'
ptd-server 2022-02-14 19:15:30,058 [INFO] Starting testing mode
ptd-server 2022-02-14 19:15:30,059 [INFO] Sending to ptd: 'Go,1000,0,2022-02-14_19-04-18_testing'
ptd-server 2022-02-14 19:15:30,059 [INFO] Reply from ptd: 'Starting untimed measurement, maximum 500000 samples at 1000ms with 0 rampup samples'
ptd-server 2022-02-14 19:15:30,059 [INFO] Sending reply to client 'OK'
ptd-server 2022-02-14 19:25:49,621 [INFO] Got command from the client 'session,2022-02-14_19-04-18,stop,testing'
ptd-server 2022-02-14 19:25:59,631 [INFO] Sending to ptd: 'Stop'
ptd-server 2022-02-14 19:25:59,632 [INFO] Reply from ptd: 'Stopping untimed measurement'
ptd-server 2022-02-14 19:26:00,024 [INFO] Sending reply to client 'OK'
ptd-server 2022-02-14 19:26:00,042 [INFO] Got command from the client 'session,2022-02-14_19-04-18,done'
ptd-server 2022-02-14 19:26:00,043 [INFO] Sending to ptd: 'Stop'
ptd-server 2022-02-14 19:26:00,059 [INFO] Reply from ptd: 'Error: no measurement to stop'
ptd-server 2022-02-14 19:26:00,059 [INFO] Sending to ptd: 'SR,V,300.000000'
ptd-server 2022-02-14 19:26:01,561 [INFO] Reply from ptd: 'Range V changed'
ptd-server 2022-02-14 19:26:01,561 [INFO] Sending to ptd: 'SR,A,0.500000'
ptd-server 2022-02-14 19:26:03,062 [INFO] Reply from ptd: 'Range A changed'
ptd-server 2022-02-14 19:26:03,062 [INFO] Set initial values for Amps 0.500000 and Volts 300.000000
ptd-server 2022-02-14 19:26:03,063 [INFO] Stopping ptd...
