ptd-server 2022-02-19 11:55:15,454 [INFO] Got command from the client 'time'
ptd-server 2022-02-19 11:55:15,454 [INFO] Sending reply to client '1645271715.4546146'
ptd-server 2022-02-19 11:55:15,456 [INFO] Got command from the client 'new,,8cd34cee-cc71-459c-9ca9-19d66f4dc7d3'
ptd-server 2022-02-19 11:55:15,456 [INFO] Sending reply to client 'OK 2022-02-19_11-55-15,0e676815-5b03-4ef7-89ce-170ddb05c699'
ptd-server 2022-02-19 11:55:15,495 [INFO] Got command from the client 'time'
ptd-server 2022-02-19 11:55:15,495 [INFO] Sending reply to client '1645271715.4952505'
ptd-server 2022-02-19 11:55:15,497 [INFO] Got command from the client 'session,2022-02-19_11-55-15,start,ranging'
ptd-server 2022-02-19 11:55:15,497 [INFO] Running PTDaemon: ['/home/anton/projects/mlperf/power/inference_v1.0/ptd-linux-x86', '-l', '/tmp/tmpgldyt7rr/ptd_logfile.txt', '-p', '8888', '49', '/dev/usbtmc0']
ptd-server 2022-02-19 11:55:32,670 [INFO] Sending to ptd: 'Hello'
ptd-server 2022-02-19 11:55:32,670 [INFO] Reply from ptd: 'Hello, PTDaemon here!'
ptd-server 2022-02-19 11:55:32,671 [INFO] Sending to ptd: 'Identify'
ptd-server 2022-02-19 11:55:32,671 [INFO] Reply from ptd: 'YokogawaWT310E,1000,1,1,1,1,0,1,1,version=1.9.2-e8c7a49a-20201208,OS=Linux 5.13.0-28-generic #31~20.04.1-Ubuntu SMP Wed Jan 19 14:08:10 UTC 2022 x86_64,mode=power,1,1,1,0,0,no_cal_date,YOKOGAWA;WT310E;C3XA04010E;F1.04'
ptd-server 2022-02-19 11:55:32,671 [INFO] Connected to PTDaemon
ptd-server 2022-02-19 11:55:32,671 [INFO] Sending to ptd: 'RR'
ptd-server 2022-02-19 11:55:32,672 [INFO] Reply from ptd: 'Ranges,0,0.500000,0,300.000000'
ptd-server 2022-02-19 11:55:32,672 [INFO] Initial range for Amps is 0.500000 for Volts is 300.000000
ptd-server 2022-02-19 11:55:32,672 [INFO] Sending to ptd: 'SR,V,Auto'
ptd-server 2022-02-19 11:55:33,174 [INFO] Reply from ptd: 'Range V changed'
ptd-server 2022-02-19 11:55:33,175 [INFO] Sending to ptd: 'SR,A,Auto'
ptd-server 2022-02-19 11:55:33,677 [INFO] Reply from ptd: 'Range A changed'
ptd-server 2022-02-19 11:55:43,687 [INFO] Starting ranging mode
ptd-server 2022-02-19 11:55:43,688 [INFO] Sending to ptd: 'Go,1000,0,2022-02-19_11-55-15_ranging'
ptd-server 2022-02-19 11:55:43,688 [INFO] Reply from ptd: 'Starting untimed measurement, maximum 500000 samples at 1000ms with 0 rampup samples'
ptd-server 2022-02-19 11:55:43,688 [INFO] Sending reply to client 'OK'
ptd-server 2022-02-19 12:06:22,204 [INFO] Got command from the client 'session,2022-02-19_11-55-15,stop,ranging'
ptd-server 2022-02-19 12:06:32,214 [INFO] Sending to ptd: 'Stop'
ptd-server 2022-02-19 12:06:32,214 [INFO] Reply from ptd: 'Stopping untimed measurement'
ptd-server 2022-02-19 12:06:32,568 [INFO] Sending reply to client 'OK'
ptd-server 2022-02-19 12:06:32,655 [INFO] Got command from the client 'time'
ptd-server 2022-02-19 12:06:32,656 [INFO] Sending reply to client '1645272392.6561358'
ptd-server 2022-02-19 12:06:32,660 [INFO] Got command from the client 'session,2022-02-19_11-55-15,start,testing'
ptd-server 2022-02-19 12:06:32,661 [INFO] Sending to ptd: 'SR,V,248.140000'
ptd-server 2022-02-19 12:06:34,190 [INFO] Reply from ptd: 'Range V changed'
ptd-server 2022-02-19 12:06:34,190 [INFO] Sending to ptd: 'SR,A,0.042550'
ptd-server 2022-02-19 12:06:35,691 [INFO] Reply from ptd: 'Range A changed'
ptd-server 2022-02-19 12:06:45,701 [INFO] Starting testing mode
ptd-server 2022-02-19 12:06:45,702 [INFO] Sending to ptd: 'Go,1000,0,2022-02-19_11-55-15_testing'
ptd-server 2022-02-19 12:06:45,702 [INFO] Reply from ptd: 'Starting untimed measurement, maximum 500000 samples at 1000ms with 0 rampup samples'
ptd-server 2022-02-19 12:06:45,702 [INFO] Sending reply to client 'OK'
ptd-server 2022-02-19 12:17:24,899 [INFO] Got command from the client 'session,2022-02-19_11-55-15,stop,testing'
ptd-server 2022-02-19 12:17:34,909 [INFO] Sending to ptd: 'Stop'
ptd-server 2022-02-19 12:17:34,909 [INFO] Reply from ptd: 'Stopping untimed measurement'
ptd-server 2022-02-19 12:17:35,098 [INFO] Sending reply to client 'OK'
ptd-server 2022-02-19 12:17:35,142 [INFO] Got command from the client 'session,2022-02-19_11-55-15,done'
ptd-server 2022-02-19 12:17:35,142 [INFO] Sending to ptd: 'Stop'
ptd-server 2022-02-19 12:17:35,702 [INFO] Reply from ptd: 'Error: no measurement to stop'
ptd-server 2022-02-19 12:17:35,702 [INFO] Sending to ptd: 'SR,V,300.000000'
ptd-server 2022-02-19 12:17:37,204 [INFO] Reply from ptd: 'Range V changed'
ptd-server 2022-02-19 12:17:37,204 [INFO] Sending to ptd: 'SR,A,0.500000'
ptd-server 2022-02-19 12:17:38,705 [INFO] Reply from ptd: 'Range A changed'
ptd-server 2022-02-19 12:17:38,705 [INFO] Set initial values for Amps 0.500000 and Volts 300.000000
ptd-server 2022-02-19 12:17:38,706 [INFO] Stopping ptd...
