ptd-server 2022-02-21 04:26:36,237 [INFO] Got command from the client 'time'
ptd-server 2022-02-21 04:26:36,237 [INFO] Sending reply to client '1645417596.2379572'
ptd-server 2022-02-21 04:26:36,239 [INFO] Got command from the client 'new,,ef180c8e-1a15-4518-a0d4-54e1b5ebebb5'
ptd-server 2022-02-21 04:26:36,239 [INFO] Sending reply to client 'OK 2022-02-21_04-26-36,97f072f3-8650-4c50-8db0-33a2ad9e5dd0'
ptd-server 2022-02-21 04:26:36,278 [INFO] Got command from the client 'time'
ptd-server 2022-02-21 04:26:36,278 [INFO] Sending reply to client '1645417596.2781887'
ptd-server 2022-02-21 04:26:36,279 [INFO] Got command from the client 'session,2022-02-21_04-26-36,start,ranging'
ptd-server 2022-02-21 04:26:36,279 [INFO] Running PTDaemon: ['/home/anton/projects/mlperf/power/inference_v1.0/ptd-linux-x86', '-l', '/tmp/tmpgldyt7rr/ptd_logfile.txt', '-p', '8888', '49', '/dev/usbtmc0']
ptd-server 2022-02-21 04:26:53,451 [INFO] Sending to ptd: 'Hello'
ptd-server 2022-02-21 04:26:53,452 [INFO] Reply from ptd: 'Hello, PTDaemon here!'
ptd-server 2022-02-21 04:26:53,452 [INFO] Sending to ptd: 'Identify'
ptd-server 2022-02-21 04:26:53,452 [INFO] Reply from ptd: 'YokogawaWT310E,1000,1,1,1,1,0,1,1,version=1.9.2-e8c7a49a-20201208,OS=Linux 5.13.0-28-generic #31~20.04.1-Ubuntu SMP Wed Jan 19 14:08:10 UTC 2022 x86_64,mode=power,1,1,1,0,0,no_cal_date,YOKOGAWA;WT310E;C3XA04010E;F1.04'
ptd-server 2022-02-21 04:26:53,452 [INFO] Connected to PTDaemon
ptd-server 2022-02-21 04:26:53,452 [INFO] Sending to ptd: 'RR'
ptd-server 2022-02-21 04:26:53,453 [INFO] Reply from ptd: 'Ranges,0,0.500000,0,300.000000'
ptd-server 2022-02-21 04:26:53,453 [INFO] Initial range for Amps is 0.500000 for Volts is 300.000000
ptd-server 2022-02-21 04:26:53,453 [INFO] Sending to ptd: 'SR,V,Auto'
ptd-server 2022-02-21 04:26:53,956 [INFO] Reply from ptd: 'Range V changed'
ptd-server 2022-02-21 04:26:53,956 [INFO] Sending to ptd: 'SR,A,Auto'
ptd-server 2022-02-21 04:26:54,458 [INFO] Reply from ptd: 'Range A changed'
ptd-server 2022-02-21 04:27:04,469 [INFO] Starting ranging mode
ptd-server 2022-02-21 04:27:04,469 [INFO] Sending to ptd: 'Go,1000,0,2022-02-21_04-26-36_ranging'
ptd-server 2022-02-21 04:27:04,469 [INFO] Reply from ptd: 'Starting untimed measurement, maximum 500000 samples at 1000ms with 0 rampup samples'
ptd-server 2022-02-21 04:27:04,469 [INFO] Sending reply to client 'OK'
ptd-server 2022-02-21 04:37:26,477 [INFO] Got command from the client 'session,2022-02-21_04-26-36,stop,ranging'
ptd-server 2022-02-21 04:37:36,487 [INFO] Sending to ptd: 'Stop'
ptd-server 2022-02-21 04:37:36,488 [INFO] Reply from ptd: 'Stopping untimed measurement'
ptd-server 2022-02-21 04:37:37,041 [INFO] Sending reply to client 'OK'
ptd-server 2022-02-21 04:37:37,109 [INFO] Got command from the client 'time'
ptd-server 2022-02-21 04:37:37,109 [INFO] Sending reply to client '1645418257.1099045'
ptd-server 2022-02-21 04:37:37,112 [INFO] Got command from the client 'session,2022-02-21_04-26-36,start,testing'
ptd-server 2022-02-21 04:37:37,112 [INFO] Sending to ptd: 'SR,V,248.660000'
ptd-server 2022-02-21 04:37:38,970 [INFO] Reply from ptd: 'Range V changed'
ptd-server 2022-02-21 04:37:38,970 [INFO] Sending to ptd: 'SR,A,0.044250'
ptd-server 2022-02-21 04:37:40,472 [INFO] Reply from ptd: 'Range A changed'
ptd-server 2022-02-21 04:37:50,482 [INFO] Starting testing mode
ptd-server 2022-02-21 04:37:50,482 [INFO] Sending to ptd: 'Go,1000,0,2022-02-21_04-26-36_testing'
ptd-server 2022-02-21 04:37:50,483 [INFO] Reply from ptd: 'Starting untimed measurement, maximum 500000 samples at 1000ms with 0 rampup samples'
ptd-server 2022-02-21 04:37:50,483 [INFO] Sending reply to client 'OK'
ptd-server 2022-02-21 04:48:13,488 [INFO] Got command from the client 'session,2022-02-21_04-26-36,stop,testing'
ptd-server 2022-02-21 04:48:23,496 [INFO] Sending to ptd: 'Stop'
ptd-server 2022-02-21 04:48:23,496 [INFO] Reply from ptd: 'Stopping untimed measurement'
ptd-server 2022-02-21 04:48:23,793 [INFO] Sending reply to client 'OK'
ptd-server 2022-02-21 04:48:23,817 [INFO] Got command from the client 'session,2022-02-21_04-26-36,done'
ptd-server 2022-02-21 04:48:23,817 [INFO] Sending to ptd: 'Stop'
ptd-server 2022-02-21 04:48:24,484 [INFO] Reply from ptd: 'Error: no measurement to stop'
ptd-server 2022-02-21 04:48:24,484 [INFO] Sending to ptd: 'SR,V,300.000000'
ptd-server 2022-02-21 04:48:25,986 [INFO] Reply from ptd: 'Range V changed'
ptd-server 2022-02-21 04:48:25,986 [INFO] Sending to ptd: 'SR,A,0.500000'
ptd-server 2022-02-21 04:48:27,487 [INFO] Reply from ptd: 'Range A changed'
ptd-server 2022-02-21 04:48:27,487 [INFO] Set initial values for Amps 0.500000 and Volts 300.000000
ptd-server 2022-02-21 04:48:27,488 [INFO] Stopping ptd...
