ptd-server 2022-02-15 15:19:42,715 [INFO] Got command from the client 'time'
ptd-server 2022-02-15 15:19:42,715 [INFO] Sending reply to client '1644938382.7154493'
ptd-server 2022-02-15 15:19:42,717 [INFO] Got command from the client 'new,,0efd538b-347b-4a4d-8be0-1fbb25c95c6b'
ptd-server 2022-02-15 15:19:42,718 [INFO] Sending reply to client 'OK 2022-02-15_15-19-42,057275f7-b2e9-4adf-a213-84cd30a17313'
ptd-server 2022-02-15 15:19:42,764 [INFO] Got command from the client 'time'
ptd-server 2022-02-15 15:19:42,764 [INFO] Sending reply to client '1644938382.7646341'
ptd-server 2022-02-15 15:19:42,766 [INFO] Got command from the client 'session,2022-02-15_15-19-42,start,ranging'
ptd-server 2022-02-15 15:19:42,766 [INFO] Running PTDaemon: ['/home/anton/projects/mlperf/power/inference_v1.0/ptd-linux-x86', '-l', '/tmp/tmpxvec0g6h/ptd_logfile.txt', '-p', '8888', '49', '/dev/usbtmc0']
ptd-server 2022-02-15 15:19:59,939 [INFO] Sending to ptd: 'Hello'
ptd-server 2022-02-15 15:19:59,940 [INFO] Reply from ptd: 'Hello, PTDaemon here!'
ptd-server 2022-02-15 15:19:59,940 [INFO] Sending to ptd: 'Identify'
ptd-server 2022-02-15 15:19:59,941 [INFO] Reply from ptd: 'YokogawaWT310E,1000,1,1,1,1,0,1,1,version=1.9.2-e8c7a49a-20201208,OS=Linux 5.13.0-27-generic #29~20.04.1-Ubuntu SMP Fri Jan 14 00:32:30 UTC 2022 x86_64,mode=power,1,1,1,0,0,no_cal_date,YOKOGAWA;WT310E;C3XA04010E;F1.04'
ptd-server 2022-02-15 15:19:59,941 [INFO] Connected to PTDaemon
ptd-server 2022-02-15 15:19:59,941 [INFO] Sending to ptd: 'RR'
ptd-server 2022-02-15 15:19:59,941 [INFO] Reply from ptd: 'Ranges,0,0.500000,0,300.000000'
ptd-server 2022-02-15 15:19:59,941 [INFO] Initial range for Amps is 0.500000 for Volts is 300.000000
ptd-server 2022-02-15 15:19:59,942 [INFO] Sending to ptd: 'SR,V,Auto'
ptd-server 2022-02-15 15:20:00,444 [INFO] Reply from ptd: 'Range V changed'
ptd-server 2022-02-15 15:20:00,444 [INFO] Sending to ptd: 'SR,A,Auto'
ptd-server 2022-02-15 15:20:00,947 [INFO] Reply from ptd: 'Range A changed'
ptd-server 2022-02-15 15:20:10,957 [INFO] Starting ranging mode
ptd-server 2022-02-15 15:20:10,957 [INFO] Sending to ptd: 'Go,1000,0,2022-02-15_15-19-42_ranging'
ptd-server 2022-02-15 15:20:10,958 [INFO] Reply from ptd: 'Starting untimed measurement, maximum 500000 samples at 1000ms with 0 rampup samples'
ptd-server 2022-02-15 15:20:10,958 [INFO] Sending reply to client 'OK'
ptd-server 2022-02-15 15:30:31,130 [INFO] Got command from the client 'session,2022-02-15_15-19-42,stop,ranging'
ptd-server 2022-02-15 15:30:41,140 [INFO] Sending to ptd: 'Stop'
ptd-server 2022-02-15 15:30:41,141 [INFO] Reply from ptd: 'Stopping untimed measurement'
ptd-server 2022-02-15 15:30:41,997 [INFO] Sending reply to client 'OK'
ptd-server 2022-02-15 15:30:42,048 [INFO] Got command from the client 'time'
ptd-server 2022-02-15 15:30:42,049 [INFO] Sending reply to client '1644939042.0490563'
ptd-server 2022-02-15 15:30:42,051 [INFO] Got command from the client 'session,2022-02-15_15-19-42,start,testing'
ptd-server 2022-02-15 15:30:42,051 [INFO] Sending to ptd: 'SR,V,249.800000'
ptd-server 2022-02-15 15:30:43,552 [INFO] Reply from ptd: 'Range V changed'
ptd-server 2022-02-15 15:30:43,553 [INFO] Sending to ptd: 'SR,A,0.188630'
ptd-server 2022-02-15 15:30:45,054 [INFO] Reply from ptd: 'Range A changed'
ptd-server 2022-02-15 15:30:55,064 [INFO] Starting testing mode
ptd-server 2022-02-15 15:30:55,065 [INFO] Sending to ptd: 'Go,1000,0,2022-02-15_15-19-42_testing'
ptd-server 2022-02-15 15:30:55,065 [INFO] Reply from ptd: 'Starting untimed measurement, maximum 500000 samples at 1000ms with 0 rampup samples'
ptd-server 2022-02-15 15:30:55,065 [INFO] Sending reply to client 'OK'
ptd-server 2022-02-15 15:41:15,326 [INFO] Got command from the client 'session,2022-02-15_15-19-42,stop,testing'
ptd-server 2022-02-15 15:41:25,337 [INFO] Sending to ptd: 'Stop'
ptd-server 2022-02-15 15:41:25,337 [INFO] Reply from ptd: 'Stopping untimed measurement'
ptd-server 2022-02-15 15:41:25,781 [INFO] Sending reply to client 'OK'
ptd-server 2022-02-15 15:41:25,800 [INFO] Got command from the client 'session,2022-02-15_15-19-42,done'
ptd-server 2022-02-15 15:41:25,800 [INFO] Sending to ptd: 'Stop'
ptd-server 2022-02-15 15:41:26,066 [INFO] Reply from ptd: 'Error: no measurement to stop'
ptd-server 2022-02-15 15:41:26,066 [INFO] Sending to ptd: 'SR,V,300.000000'
ptd-server 2022-02-15 15:41:27,567 [INFO] Reply from ptd: 'Range V changed'
ptd-server 2022-02-15 15:41:27,568 [INFO] Sending to ptd: 'SR,A,0.500000'
ptd-server 2022-02-15 15:41:29,069 [INFO] Reply from ptd: 'Range A changed'
ptd-server 2022-02-15 15:41:29,069 [INFO] Set initial values for Amps 0.500000 and Volts 300.000000
ptd-server 2022-02-15 15:41:29,069 [INFO] Stopping ptd...
