ptd-server 2022-02-21 11:53:03,269 [INFO] Got command from the client 'time'
ptd-server 2022-02-21 11:53:03,270 [INFO] Sending reply to client '1645444383.2700565'
ptd-server 2022-02-21 11:53:03,271 [INFO] Got command from the client 'new,,ca8f480c-fb45-43f9-87a4-7e3c735f0835'
ptd-server 2022-02-21 11:53:03,271 [INFO] Sending reply to client 'OK 2022-02-21_11-53-03,de13ac73-371e-4aef-838c-dad57326f261'
ptd-server 2022-02-21 11:53:03,302 [INFO] Got command from the client 'time'
ptd-server 2022-02-21 11:53:03,302 [INFO] Sending reply to client '1645444383.3027108'
ptd-server 2022-02-21 11:53:03,303 [INFO] Got command from the client 'session,2022-02-21_11-53-03,start,ranging'
ptd-server 2022-02-21 11:53:03,304 [INFO] Running PTDaemon: ['/home/anton/projects/mlperf/power/inference_v1.0/ptd-linux-x86', '-l', '/tmp/tmpgldyt7rr/ptd_logfile.txt', '-p', '8888', '49', '/dev/usbtmc0']
ptd-server 2022-02-21 11:53:20,468 [INFO] Sending to ptd: 'Hello'
ptd-server 2022-02-21 11:53:20,469 [INFO] Reply from ptd: 'Hello, PTDaemon here!'
ptd-server 2022-02-21 11:53:20,469 [INFO] Sending to ptd: 'Identify'
ptd-server 2022-02-21 11:53:20,469 [INFO] Reply from ptd: 'YokogawaWT310E,1000,1,1,1,1,0,1,1,version=1.9.2-e8c7a49a-20201208,OS=Linux 5.13.0-28-generic #31~20.04.1-Ubuntu SMP Wed Jan 19 14:08:10 UTC 2022 x86_64,mode=power,1,1,1,0,0,no_cal_date,YOKOGAWA;WT310E;C3XA04010E;F1.04'
ptd-server 2022-02-21 11:53:20,470 [INFO] Connected to PTDaemon
ptd-server 2022-02-21 11:53:20,470 [INFO] Sending to ptd: 'RR'
ptd-server 2022-02-21 11:53:20,470 [INFO] Reply from ptd: 'Ranges,0,0.500000,0,300.000000'
ptd-server 2022-02-21 11:53:20,470 [INFO] Initial range for Amps is 0.500000 for Volts is 300.000000
ptd-server 2022-02-21 11:53:20,470 [INFO] Sending to ptd: 'SR,V,Auto'
ptd-server 2022-02-21 11:53:20,973 [INFO] Reply from ptd: 'Range V changed'
ptd-server 2022-02-21 11:53:20,973 [INFO] Sending to ptd: 'SR,A,Auto'
ptd-server 2022-02-21 11:53:21,475 [INFO] Reply from ptd: 'Range A changed'
ptd-server 2022-02-21 11:53:31,486 [INFO] Starting ranging mode
ptd-server 2022-02-21 11:53:31,486 [INFO] Sending to ptd: 'Go,1000,0,2022-02-21_11-53-03_ranging'
ptd-server 2022-02-21 11:53:31,486 [INFO] Reply from ptd: 'Starting untimed measurement, maximum 500000 samples at 1000ms with 0 rampup samples'
ptd-server 2022-02-21 11:53:31,486 [INFO] Sending reply to client 'OK'
ptd-server 2022-02-21 12:03:53,115 [INFO] Got command from the client 'session,2022-02-21_11-53-03,stop,ranging'
ptd-server 2022-02-21 12:04:03,125 [INFO] Sending to ptd: 'Stop'
ptd-server 2022-02-21 12:04:03,126 [INFO] Reply from ptd: 'Stopping untimed measurement'
ptd-server 2022-02-21 12:04:03,720 [INFO] Sending reply to client 'OK'
ptd-server 2022-02-21 12:04:03,789 [INFO] Got command from the client 'time'
ptd-server 2022-02-21 12:04:03,789 [INFO] Sending reply to client '1645445043.7899523'
ptd-server 2022-02-21 12:04:03,791 [INFO] Got command from the client 'session,2022-02-21_11-53-03,start,testing'
ptd-server 2022-02-21 12:04:03,791 [INFO] Sending to ptd: 'SR,V,252.530000'
ptd-server 2022-02-21 12:04:05,292 [INFO] Reply from ptd: 'Range V changed'
ptd-server 2022-02-21 12:04:05,293 [INFO] Sending to ptd: 'SR,A,0.053560'
ptd-server 2022-02-21 12:04:06,794 [INFO] Reply from ptd: 'Range A changed'
ptd-server 2022-02-21 12:04:16,804 [INFO] Starting testing mode
ptd-server 2022-02-21 12:04:16,804 [INFO] Sending to ptd: 'Go,1000,0,2022-02-21_11-53-03_testing'
ptd-server 2022-02-21 12:04:16,805 [INFO] Reply from ptd: 'Starting untimed measurement, maximum 500000 samples at 1000ms with 0 rampup samples'
ptd-server 2022-02-21 12:04:16,805 [INFO] Sending reply to client 'OK'
ptd-server 2022-02-21 12:14:39,571 [INFO] Got command from the client 'session,2022-02-21_11-53-03,stop,testing'
ptd-server 2022-02-21 12:14:49,582 [INFO] Sending to ptd: 'Stop'
ptd-server 2022-02-21 12:14:49,582 [INFO] Reply from ptd: 'Stopping untimed measurement'
ptd-server 2022-02-21 12:14:49,936 [INFO] Sending reply to client 'OK'
ptd-server 2022-02-21 12:14:49,958 [INFO] Got command from the client 'session,2022-02-21_11-53-03,done'
ptd-server 2022-02-21 12:14:49,958 [INFO] Sending to ptd: 'Stop'
ptd-server 2022-02-21 12:14:49,958 [INFO] Reply from ptd: 'Error: no measurement to stop'
ptd-server 2022-02-21 12:14:49,959 [INFO] Sending to ptd: 'SR,V,300.000000'
ptd-server 2022-02-21 12:14:51,460 [INFO] Reply from ptd: 'Range V changed'
ptd-server 2022-02-21 12:14:51,460 [INFO] Sending to ptd: 'SR,A,0.500000'
ptd-server 2022-02-21 12:14:52,961 [INFO] Reply from ptd: 'Range A changed'
ptd-server 2022-02-21 12:14:52,962 [INFO] Set initial values for Amps 0.500000 and Volts 300.000000
ptd-server 2022-02-21 12:14:52,962 [INFO] Stopping ptd...
