ptd-server 2022-02-23 12:01:38,222 [INFO] Got command from the client 'time'
ptd-server 2022-02-23 12:01:38,222 [INFO] Sending reply to client '1645617698.2227843'
ptd-server 2022-02-23 12:01:38,225 [INFO] Got command from the client 'new,,88db18a9-8a26-4fa6-80da-983f7efc7899'
ptd-server 2022-02-23 12:01:38,225 [INFO] Sending reply to client 'OK 2022-02-23_12-01-38,9b8b769b-f85d-4b2d-b66c-0873eda1fe56'
ptd-server 2022-02-23 12:01:38,262 [INFO] Got command from the client 'time'
ptd-server 2022-02-23 12:01:38,262 [INFO] Sending reply to client '1645617698.2627182'
ptd-server 2022-02-23 12:01:38,264 [INFO] Got command from the client 'session,2022-02-23_12-01-38,start,ranging'
ptd-server 2022-02-23 12:01:38,265 [INFO] Running PTDaemon: ['/home/anton/projects/mlperf/power/inference_v1.0/ptd-linux-x86', '-l', '/tmp/tmpgldyt7rr/ptd_logfile.txt', '-p', '8888', '49', '/dev/usbtmc0']
ptd-server 2022-02-23 12:01:55,437 [INFO] Sending to ptd: 'Hello'
ptd-server 2022-02-23 12:01:55,437 [INFO] Reply from ptd: 'Hello, PTDaemon here!'
ptd-server 2022-02-23 12:01:55,438 [INFO] Sending to ptd: 'Identify'
ptd-server 2022-02-23 12:01:55,438 [INFO] Reply from ptd: 'YokogawaWT310E,1000,1,1,1,1,0,1,1,version=1.9.2-e8c7a49a-20201208,OS=Linux 5.13.0-28-generic #31~20.04.1-Ubuntu SMP Wed Jan 19 14:08:10 UTC 2022 x86_64,mode=power,1,1,1,0,0,no_cal_date,YOKOGAWA;WT310E;C3XA04010E;F1.04'
ptd-server 2022-02-23 12:01:55,438 [INFO] Connected to PTDaemon
ptd-server 2022-02-23 12:01:55,438 [INFO] Sending to ptd: 'RR'
ptd-server 2022-02-23 12:01:55,438 [INFO] Reply from ptd: 'Ranges,0,0.500000,0,300.000000'
ptd-server 2022-02-23 12:01:55,439 [INFO] Initial range for Amps is 0.500000 for Volts is 300.000000
ptd-server 2022-02-23 12:01:55,439 [INFO] Sending to ptd: 'SR,V,Auto'
ptd-server 2022-02-23 12:01:55,941 [INFO] Reply from ptd: 'Range V changed'
ptd-server 2022-02-23 12:01:55,941 [INFO] Sending to ptd: 'SR,A,Auto'
ptd-server 2022-02-23 12:01:56,444 [INFO] Reply from ptd: 'Range A changed'
ptd-server 2022-02-23 12:02:06,454 [INFO] Starting ranging mode
ptd-server 2022-02-23 12:02:06,454 [INFO] Sending to ptd: 'Go,1000,0,2022-02-23_12-01-38_ranging'
ptd-server 2022-02-23 12:02:06,455 [INFO] Reply from ptd: 'Starting untimed measurement, maximum 500000 samples at 1000ms with 0 rampup samples'
ptd-server 2022-02-23 12:02:06,455 [INFO] Sending reply to client 'OK'
ptd-server 2022-02-23 12:12:43,626 [INFO] Got command from the client 'session,2022-02-23_12-01-38,stop,ranging'
ptd-server 2022-02-23 12:12:53,636 [INFO] Sending to ptd: 'Stop'
ptd-server 2022-02-23 12:12:53,637 [INFO] Reply from ptd: 'Stopping untimed measurement'
ptd-server 2022-02-23 12:12:54,502 [INFO] Sending reply to client 'OK'
ptd-server 2022-02-23 12:12:54,569 [INFO] Got command from the client 'time'
ptd-server 2022-02-23 12:12:54,569 [INFO] Sending reply to client '1645618374.5695448'
ptd-server 2022-02-23 12:12:54,571 [INFO] Got command from the client 'session,2022-02-23_12-01-38,start,testing'
ptd-server 2022-02-23 12:12:54,571 [INFO] Sending to ptd: 'SR,V,251.200000'
ptd-server 2022-02-23 12:12:56,073 [INFO] Reply from ptd: 'Range V changed'
ptd-server 2022-02-23 12:12:56,073 [INFO] Sending to ptd: 'SR,A,0.051230'
ptd-server 2022-02-23 12:12:57,574 [INFO] Reply from ptd: 'Range A changed'
ptd-server 2022-02-23 12:13:07,585 [INFO] Starting testing mode
ptd-server 2022-02-23 12:13:07,585 [INFO] Sending to ptd: 'Go,1000,0,2022-02-23_12-01-38_testing'
ptd-server 2022-02-23 12:13:07,585 [INFO] Reply from ptd: 'Starting untimed measurement, maximum 500000 samples at 1000ms with 0 rampup samples'
ptd-server 2022-02-23 12:13:07,585 [INFO] Sending reply to client 'OK'
ptd-server 2022-02-23 12:23:36,784 [INFO] Got command from the client 'session,2022-02-23_12-01-38,stop,testing'
ptd-server 2022-02-23 12:23:46,795 [INFO] Sending to ptd: 'Stop'
ptd-server 2022-02-23 12:23:46,795 [INFO] Reply from ptd: 'Stopping untimed measurement'
ptd-server 2022-02-23 12:23:47,229 [INFO] Sending reply to client 'OK'
ptd-server 2022-02-23 12:23:47,248 [INFO] Got command from the client 'session,2022-02-23_12-01-38,done'
ptd-server 2022-02-23 12:23:47,248 [INFO] Sending to ptd: 'Stop'
ptd-server 2022-02-23 12:23:47,585 [INFO] Reply from ptd: 'Error: no measurement to stop'
ptd-server 2022-02-23 12:23:47,585 [INFO] Sending to ptd: 'SR,V,300.000000'
ptd-server 2022-02-23 12:23:49,087 [INFO] Reply from ptd: 'Range V changed'
ptd-server 2022-02-23 12:23:49,087 [INFO] Sending to ptd: 'SR,A,0.500000'
ptd-server 2022-02-23 12:23:50,588 [INFO] Reply from ptd: 'Range A changed'
ptd-server 2022-02-23 12:23:50,588 [INFO] Set initial values for Amps 0.500000 and Volts 300.000000
ptd-server 2022-02-23 12:23:50,589 [INFO] Stopping ptd...
