ptd-server 2022-02-15 23:05:00,399 [INFO] Got command from the client 'time'
ptd-server 2022-02-15 23:05:00,400 [INFO] Sending reply to client '1644966300.4000087'
ptd-server 2022-02-15 23:05:00,401 [INFO] Got command from the client 'new,,f322f8ae-26fa-4039-90a3-76e0cef24763'
ptd-server 2022-02-15 23:05:00,402 [INFO] Sending reply to client 'OK 2022-02-15_23-05-00,be7b6989-fa9a-458a-8be8-493b507abee2'
ptd-server 2022-02-15 23:05:00,438 [INFO] Got command from the client 'time'
ptd-server 2022-02-15 23:05:00,438 [INFO] Sending reply to client '1644966300.4387565'
ptd-server 2022-02-15 23:05:00,440 [INFO] Got command from the client 'session,2022-02-15_23-05-00,start,ranging'
ptd-server 2022-02-15 23:05:00,440 [INFO] Running PTDaemon: ['/home/anton/projects/mlperf/power/inference_v1.0/ptd-linux-x86', '-l', '/tmp/tmpxvec0g6h/ptd_logfile.txt', '-p', '8888', '49', '/dev/usbtmc0']
ptd-server 2022-02-15 23:05:17,613 [INFO] Sending to ptd: 'Hello'
ptd-server 2022-02-15 23:05:17,614 [INFO] Reply from ptd: 'Hello, PTDaemon here!'
ptd-server 2022-02-15 23:05:17,614 [INFO] Sending to ptd: 'Identify'
ptd-server 2022-02-15 23:05:17,614 [INFO] Reply from ptd: 'YokogawaWT310E,1000,1,1,1,1,0,1,1,version=1.9.2-e8c7a49a-20201208,OS=Linux 5.13.0-27-generic #29~20.04.1-Ubuntu SMP Fri Jan 14 00:32:30 UTC 2022 x86_64,mode=power,1,1,1,0,0,no_cal_date,YOKOGAWA;WT310E;C3XA04010E;F1.04'
ptd-server 2022-02-15 23:05:17,614 [INFO] Connected to PTDaemon
ptd-server 2022-02-15 23:05:17,614 [INFO] Sending to ptd: 'RR'
ptd-server 2022-02-15 23:05:17,615 [INFO] Reply from ptd: 'Ranges,0,0.500000,0,300.000000'
ptd-server 2022-02-15 23:05:17,615 [INFO] Initial range for Amps is 0.500000 for Volts is 300.000000
ptd-server 2022-02-15 23:05:17,615 [INFO] Sending to ptd: 'SR,V,Auto'
ptd-server 2022-02-15 23:05:18,117 [INFO] Reply from ptd: 'Range V changed'
ptd-server 2022-02-15 23:05:18,118 [INFO] Sending to ptd: 'SR,A,Auto'
ptd-server 2022-02-15 23:05:18,620 [INFO] Reply from ptd: 'Range A changed'
ptd-server 2022-02-15 23:05:28,624 [INFO] Starting ranging mode
ptd-server 2022-02-15 23:05:28,624 [INFO] Sending to ptd: 'Go,1000,0,2022-02-15_23-05-00_ranging'
ptd-server 2022-02-15 23:05:28,625 [INFO] Reply from ptd: 'Starting untimed measurement, maximum 500000 samples at 1000ms with 0 rampup samples'
ptd-server 2022-02-15 23:05:28,625 [INFO] Sending reply to client 'OK'
ptd-server 2022-02-15 23:15:48,073 [INFO] Got command from the client 'session,2022-02-15_23-05-00,stop,ranging'
ptd-server 2022-02-15 23:15:58,084 [INFO] Sending to ptd: 'Stop'
ptd-server 2022-02-15 23:15:58,084 [INFO] Reply from ptd: 'Stopping untimed measurement'
ptd-server 2022-02-15 23:15:58,980 [INFO] Sending reply to client 'OK'
ptd-server 2022-02-15 23:15:59,036 [INFO] Got command from the client 'time'
ptd-server 2022-02-15 23:15:59,036 [INFO] Sending reply to client '1644966959.036917'
ptd-server 2022-02-15 23:15:59,039 [INFO] Got command from the client 'session,2022-02-15_23-05-00,start,testing'
ptd-server 2022-02-15 23:15:59,039 [INFO] Sending to ptd: 'SR,V,250.290000'
ptd-server 2022-02-15 23:16:00,540 [INFO] Reply from ptd: 'Range V changed'
ptd-server 2022-02-15 23:16:00,541 [INFO] Sending to ptd: 'SR,A,0.173990'
ptd-server 2022-02-15 23:16:02,042 [INFO] Reply from ptd: 'Range A changed'
ptd-server 2022-02-15 23:16:12,052 [INFO] Starting testing mode
ptd-server 2022-02-15 23:16:12,053 [INFO] Sending to ptd: 'Go,1000,0,2022-02-15_23-05-00_testing'
ptd-server 2022-02-15 23:16:12,053 [INFO] Reply from ptd: 'Starting untimed measurement, maximum 500000 samples at 1000ms with 0 rampup samples'
ptd-server 2022-02-15 23:16:12,053 [INFO] Sending reply to client 'OK'
ptd-server 2022-02-15 23:26:31,573 [INFO] Got command from the client 'session,2022-02-15_23-05-00,stop,testing'
ptd-server 2022-02-15 23:26:41,583 [INFO] Sending to ptd: 'Stop'
ptd-server 2022-02-15 23:26:41,584 [INFO] Reply from ptd: 'Stopping untimed measurement'
ptd-server 2022-02-15 23:26:42,037 [INFO] Sending reply to client 'OK'
ptd-server 2022-02-15 23:26:42,056 [INFO] Got command from the client 'session,2022-02-15_23-05-00,done'
ptd-server 2022-02-15 23:26:42,056 [INFO] Sending to ptd: 'Stop'
ptd-server 2022-02-15 23:26:42,056 [INFO] Reply from ptd: 'Error: no measurement to stop'
ptd-server 2022-02-15 23:26:42,056 [INFO] Sending to ptd: 'SR,V,300.000000'
ptd-server 2022-02-15 23:26:43,558 [INFO] Reply from ptd: 'Range V changed'
ptd-server 2022-02-15 23:26:43,558 [INFO] Sending to ptd: 'SR,A,0.500000'
ptd-server 2022-02-15 23:26:45,059 [INFO] Reply from ptd: 'Range A changed'
ptd-server 2022-02-15 23:26:45,059 [INFO] Set initial values for Amps 0.500000 and Volts 300.000000
ptd-server 2022-02-15 23:26:45,060 [INFO] Stopping ptd...
