ptd-server 2022-02-15 13:52:07,112 [INFO] Got command from the client 'time'
ptd-server 2022-02-15 13:52:07,113 [INFO] Sending reply to client '1644933127.1130478'
ptd-server 2022-02-15 13:52:07,115 [INFO] Got command from the client 'new,,35c954b4-088a-4730-b8bd-0e6bd7001f7d'
ptd-server 2022-02-15 13:52:07,115 [INFO] Sending reply to client 'OK 2022-02-15_13-52-07,95489532-271a-40e1-9c0f-9140594c36d1'
ptd-server 2022-02-15 13:52:07,162 [INFO] Got command from the client 'time'
ptd-server 2022-02-15 13:52:07,163 [INFO] Sending reply to client '1644933127.1630483'
ptd-server 2022-02-15 13:52:07,165 [INFO] Got command from the client 'session,2022-02-15_13-52-07,start,ranging'
ptd-server 2022-02-15 13:52:07,165 [INFO] Running PTDaemon: ['/home/anton/projects/mlperf/power/inference_v1.0/ptd-linux-x86', '-l', '/tmp/tmpxvec0g6h/ptd_logfile.txt', '-p', '8888', '49', '/dev/usbtmc0']
ptd-server 2022-02-15 13:52:24,339 [INFO] Sending to ptd: 'Hello'
ptd-server 2022-02-15 13:52:24,339 [INFO] Reply from ptd: 'Hello, PTDaemon here!'
ptd-server 2022-02-15 13:52:24,339 [INFO] Sending to ptd: 'Identify'
ptd-server 2022-02-15 13:52:24,340 [INFO] Reply from ptd: 'YokogawaWT310E,1000,1,1,1,1,0,1,1,version=1.9.2-e8c7a49a-20201208,OS=Linux 5.13.0-27-generic #29~20.04.1-Ubuntu SMP Fri Jan 14 00:32:30 UTC 2022 x86_64,mode=power,1,1,1,0,0,no_cal_date,YOKOGAWA;WT310E;C3XA04010E;F1.04'
ptd-server 2022-02-15 13:52:24,340 [INFO] Connected to PTDaemon
ptd-server 2022-02-15 13:52:24,340 [INFO] Sending to ptd: 'RR'
ptd-server 2022-02-15 13:52:24,341 [INFO] Reply from ptd: 'Ranges,0,0.500000,0,300.000000'
ptd-server 2022-02-15 13:52:24,341 [INFO] Initial range for Amps is 0.500000 for Volts is 300.000000
ptd-server 2022-02-15 13:52:24,341 [INFO] Sending to ptd: 'SR,V,Auto'
ptd-server 2022-02-15 13:52:24,843 [INFO] Reply from ptd: 'Range V changed'
ptd-server 2022-02-15 13:52:24,843 [INFO] Sending to ptd: 'SR,A,Auto'
ptd-server 2022-02-15 13:52:25,346 [INFO] Reply from ptd: 'Range A changed'
ptd-server 2022-02-15 13:52:35,356 [INFO] Starting ranging mode
ptd-server 2022-02-15 13:52:35,357 [INFO] Sending to ptd: 'Go,1000,0,2022-02-15_13-52-07_ranging'
ptd-server 2022-02-15 13:52:35,357 [INFO] Reply from ptd: 'Starting untimed measurement, maximum 500000 samples at 1000ms with 0 rampup samples'
ptd-server 2022-02-15 13:52:35,357 [INFO] Sending reply to client 'OK'
ptd-server 2022-02-15 14:02:55,318 [INFO] Got command from the client 'session,2022-02-15_13-52-07,stop,ranging'
ptd-server 2022-02-15 14:03:05,328 [INFO] Sending to ptd: 'Stop'
ptd-server 2022-02-15 14:03:05,329 [INFO] Reply from ptd: 'Stopping untimed measurement'
ptd-server 2022-02-15 14:03:06,174 [INFO] Sending reply to client 'OK'
ptd-server 2022-02-15 14:03:06,230 [INFO] Got command from the client 'time'
ptd-server 2022-02-15 14:03:06,230 [INFO] Sending reply to client '1644933786.2301528'
ptd-server 2022-02-15 14:03:06,232 [INFO] Got command from the client 'session,2022-02-15_13-52-07,start,testing'
ptd-server 2022-02-15 14:03:06,232 [INFO] Sending to ptd: 'SR,V,250.900000'
ptd-server 2022-02-15 14:03:07,734 [INFO] Reply from ptd: 'Range V changed'
ptd-server 2022-02-15 14:03:07,734 [INFO] Sending to ptd: 'SR,A,0.177530'
ptd-server 2022-02-15 14:03:09,235 [INFO] Reply from ptd: 'Range A changed'
ptd-server 2022-02-15 14:03:19,246 [INFO] Starting testing mode
ptd-server 2022-02-15 14:03:19,246 [INFO] Sending to ptd: 'Go,1000,0,2022-02-15_13-52-07_testing'
ptd-server 2022-02-15 14:03:19,246 [INFO] Reply from ptd: 'Starting untimed measurement, maximum 500000 samples at 1000ms with 0 rampup samples'
ptd-server 2022-02-15 14:03:19,247 [INFO] Sending reply to client 'OK'
ptd-server 2022-02-15 14:13:39,235 [INFO] Got command from the client 'session,2022-02-15_13-52-07,stop,testing'
ptd-server 2022-02-15 14:13:49,246 [INFO] Sending to ptd: 'Stop'
ptd-server 2022-02-15 14:13:49,246 [INFO] Reply from ptd: 'Stopping untimed measurement'
ptd-server 2022-02-15 14:13:49,682 [INFO] Sending reply to client 'OK'
ptd-server 2022-02-15 14:13:49,700 [INFO] Got command from the client 'session,2022-02-15_13-52-07,done'
ptd-server 2022-02-15 14:13:49,700 [INFO] Sending to ptd: 'Stop'
ptd-server 2022-02-15 14:13:50,247 [INFO] Reply from ptd: 'Error: no measurement to stop'
ptd-server 2022-02-15 14:13:50,247 [INFO] Sending to ptd: 'SR,V,300.000000'
ptd-server 2022-02-15 14:13:51,748 [INFO] Reply from ptd: 'Range V changed'
ptd-server 2022-02-15 14:13:51,748 [INFO] Sending to ptd: 'SR,A,0.500000'
ptd-server 2022-02-15 14:13:53,250 [INFO] Reply from ptd: 'Range A changed'
ptd-server 2022-02-15 14:13:53,250 [INFO] Set initial values for Amps 0.500000 and Volts 300.000000
ptd-server 2022-02-15 14:13:53,250 [INFO] Stopping ptd...
