ptd-server 2022-02-17 05:34:32,822 [INFO] Got command from the client 'stop'
ptd-server 2022-02-17 05:34:32,822 [INFO] The server will be stopped after processing this client
ptd-server 2022-02-17 05:34:32,822 [INFO] Sending reply to client 'OK'
ptd-server 2022-02-17 05:34:33,179 [INFO] Got command from the client 'time'
ptd-server 2022-02-17 05:34:33,195 [INFO] Sending reply to client '1645104873.1953802'
ptd-server 2022-02-17 05:34:33,195 [INFO] Got command from the client 'new,,1713ef6d-31bb-4e88-a136-7963d8962590'
ptd-server 2022-02-17 05:34:33,195 [INFO] Sending reply to client 'OK 2022-02-17_05-34-33,e9a45a6f-6edc-4f5d-b7f5-8621b1543aad'
ptd-server 2022-02-17 05:34:33,398 [INFO] Got command from the client 'time'
ptd-server 2022-02-17 05:34:33,398 [INFO] Sending reply to client '1645104873.3984725'
ptd-server 2022-02-17 05:34:33,398 [INFO] Got command from the client 'session,2022-02-17_05-34-33,start,ranging'
ptd-server 2022-02-17 05:34:33,507 [INFO] Running PTDaemon: ['C:\\PTD\\ptd-windows-x86.exe', '-l', 'C:\\Users\\lab\\AppData\\Local\\Temp\\tmpzp3zq2d3\\ptd_logfile.txt', '-p', '8888', '-c', '2', '-y', '52', '10.32.209.65']
ptd-server 2022-02-17 05:34:51,090 [INFO] Sending to ptd: 'Hello'
ptd-server 2022-02-17 05:34:51,090 [INFO] Reply from ptd: 'Hello, PTDaemon here!'
ptd-server 2022-02-17 05:34:51,090 [INFO] Sending to ptd: 'Identify'
ptd-server 2022-02-17 05:34:51,090 [INFO] Reply from ptd: 'YokogawaWT330E,1000,1,1,1,1,0,0,1,version=1.9.2-3976349f-20201208,OS=Windows 8 / Server 2012,mode=power,1,1,1,0,0,no_cal_date,YOKOGAWA;WT333E;C2XL24034V;F1.04'
ptd-server 2022-02-17 05:34:51,090 [INFO] Connected to PTDaemon
ptd-server 2022-02-17 05:34:51,090 [INFO] Sending to ptd: 'RR'
ptd-server 2022-02-17 05:34:51,090 [INFO] Reply from ptd: 'Ranges,1,1.000000,1,150.000000'
ptd-server 2022-02-17 05:34:51,090 [INFO] Initial range for Amps is Auto for Volts is Auto
ptd-server 2022-02-17 05:34:51,090 [INFO] Sending to ptd: 'SR,V,Auto'
ptd-server 2022-02-17 05:34:51,611 [INFO] Reply from ptd: 'Range V changed'
ptd-server 2022-02-17 05:34:51,611 [INFO] Sending to ptd: 'SR,A,Auto'
ptd-server 2022-02-17 05:34:52,131 [INFO] Reply from ptd: 'Range A changed'
ptd-server 2022-02-17 05:35:02,131 [INFO] Starting ranging mode
ptd-server 2022-02-17 05:35:02,131 [INFO] Sending to ptd: 'Go,1000,0,2022-02-17_05-34-33_ranging'
ptd-server 2022-02-17 05:35:02,131 [INFO] Reply from ptd: 'Starting untimed measurement, maximum 500000 samples at 1000ms with 0 rampup samples'
ptd-server 2022-02-17 05:35:02,131 [INFO] Sending reply to client 'OK'
ptd-server 2022-02-17 05:49:26,757 [INFO] Got command from the client 'session,2022-02-17_05-34-33,stop,ranging'
ptd-server 2022-02-17 05:49:36,772 [INFO] Sending to ptd: 'Stop'
ptd-server 2022-02-17 05:49:36,772 [INFO] Reply from ptd: 'Stopping untimed measurement'
ptd-server 2022-02-17 05:49:36,787 [INFO] Sending reply to client 'OK'
ptd-server 2022-02-17 05:49:37,039 [INFO] Got command from the client 'time'
ptd-server 2022-02-17 05:49:37,039 [INFO] Sending reply to client '1645105777.039669'
ptd-server 2022-02-17 05:49:37,039 [INFO] Got command from the client 'session,2022-02-17_05-34-33,start,testing'
ptd-server 2022-02-17 05:49:37,039 [INFO] Sending to ptd: 'SR,V,120.490000'
ptd-server 2022-02-17 05:49:38,655 [INFO] Reply from ptd: 'Range V changed'
ptd-server 2022-02-17 05:49:38,655 [INFO] Sending to ptd: 'SR,A,0.579200'
ptd-server 2022-02-17 05:49:40,167 [INFO] Reply from ptd: 'Range A changed'
ptd-server 2022-02-17 05:49:50,178 [INFO] Starting testing mode
ptd-server 2022-02-17 05:49:50,178 [INFO] Sending to ptd: 'Go,1000,0,2022-02-17_05-34-33_testing'
ptd-server 2022-02-17 05:49:50,178 [INFO] Reply from ptd: 'Starting untimed measurement, maximum 500000 samples at 1000ms with 0 rampup samples'
ptd-server 2022-02-17 05:49:50,178 [INFO] Sending reply to client 'OK'
ptd-server 2022-02-17 06:05:28,070 [INFO] Got command from the client 'session,2022-02-17_05-34-33,stop,testing'
ptd-server 2022-02-17 06:05:38,080 [INFO] Sending to ptd: 'Stop'
ptd-server 2022-02-17 06:05:38,080 [INFO] Reply from ptd: 'Stopping untimed measurement'
ptd-server 2022-02-17 06:05:38,096 [INFO] Sending reply to client 'OK'
ptd-server 2022-02-17 06:05:38,174 [INFO] Got command from the client 'session,2022-02-17_05-34-33,done'
ptd-server 2022-02-17 06:05:38,174 [INFO] Sending to ptd: 'Stop'
ptd-server 2022-02-17 06:05:38,190 [INFO] Reply from ptd: 'Error: no measurement to stop'
ptd-server 2022-02-17 06:05:38,190 [INFO] Sending to ptd: 'SR,V,Auto'
ptd-server 2022-02-17 06:05:38,701 [INFO] Reply from ptd: 'Range V changed'
ptd-server 2022-02-17 06:05:38,701 [INFO] Sending to ptd: 'SR,A,Auto'
ptd-server 2022-02-17 06:05:39,226 [INFO] Reply from ptd: 'Range A changed'
ptd-server 2022-02-17 06:05:39,226 [INFO] Set initial values for Amps Auto and Volts Auto
ptd-server 2022-02-17 06:05:39,226 [INFO] Stopping ptd...
