ptd-server 2022-02-18 14:17:48,723 [INFO] Got command from the client 'time'
ptd-server 2022-02-18 14:17:48,723 [INFO] Sending reply to client '1645215468.7234745'
ptd-server 2022-02-18 14:17:48,724 [INFO] Got command from the client 'new,,c18009e0-40a5-49f8-9904-c5d599806864'
ptd-server 2022-02-18 14:17:48,725 [INFO] Sending reply to client 'OK 2022-02-18_14-17-48,c086efe1-ba82-4c24-a8d2-1243192eca33'
ptd-server 2022-02-18 14:17:48,839 [INFO] Got command from the client 'time'
ptd-server 2022-02-18 14:17:48,839 [INFO] Sending reply to client '1645215468.839425'
ptd-server 2022-02-18 14:17:48,840 [INFO] Got command from the client 'session,2022-02-18_14-17-48,start,ranging'
ptd-server 2022-02-18 14:17:48,840 [INFO] Running PTDaemon: ['/local/mnt/workspace/mlcommons/power-main/inference_v1.0/ptd-linux-x86', '-l', '/tmp/tmp4zullp9k/ptd_logfile.txt', '-p', '8889', '49', '/dev/usbtmc0']
ptd-server 2022-02-18 14:18:05,949 [INFO] Sending to ptd: 'Hello'
ptd-server 2022-02-18 14:18:05,950 [INFO] Reply from ptd: 'Hello, PTDaemon here!'
ptd-server 2022-02-18 14:18:05,951 [INFO] Sending to ptd: 'Identify'
ptd-server 2022-02-18 14:18:05,951 [INFO] Reply from ptd: 'YokogawaWT310E,1000,1,1,1,1,0,1,1,version=1.9.2-e8c7a49a-20201208,OS=Linux 4.15.0-162-generic #170-Ubuntu SMP Mon Oct 18 11:38:05 UTC 2021 x86_64,mode=power,1,1,1,0,0,no_cal_date,YOKOGAWA;WT310E;C2XF16028V;F1.04'
ptd-server 2022-02-18 14:18:05,951 [INFO] Connected to PTDaemon
ptd-server 2022-02-18 14:18:05,951 [INFO] Sending to ptd: 'RR'
ptd-server 2022-02-18 14:18:05,952 [INFO] Reply from ptd: 'Ranges,1,5.000000,1,150.000000'
ptd-server 2022-02-18 14:18:05,952 [INFO] Initial range for Amps is Auto for Volts is Auto
ptd-server 2022-02-18 14:18:05,952 [INFO] Sending to ptd: 'SR,V,Auto'
ptd-server 2022-02-18 14:18:06,455 [INFO] Reply from ptd: 'Range V changed'
ptd-server 2022-02-18 14:18:06,455 [INFO] Sending to ptd: 'SR,A,Auto'
ptd-server 2022-02-18 14:18:06,958 [INFO] Reply from ptd: 'Range A changed'
ptd-server 2022-02-18 14:18:16,968 [INFO] Starting ranging mode
ptd-server 2022-02-18 14:18:16,969 [INFO] Sending to ptd: 'Go,1000,0,2022-02-18_14-17-48_ranging'
ptd-server 2022-02-18 14:18:16,969 [INFO] Reply from ptd: 'Starting untimed measurement, maximum 500000 samples at 1000ms with 0 rampup samples'
ptd-server 2022-02-18 14:18:16,970 [INFO] Sending reply to client 'OK'
ptd-server 2022-02-18 14:30:57,831 [INFO] Got command from the client 'session,2022-02-18_14-17-48,stop,ranging'
ptd-server 2022-02-18 14:31:07,841 [INFO] Sending to ptd: 'Stop'
ptd-server 2022-02-18 14:31:07,841 [INFO] Reply from ptd: 'Stopping untimed measurement'
ptd-server 2022-02-18 14:31:07,986 [INFO] Sending reply to client 'OK'
ptd-server 2022-02-18 14:31:08,104 [INFO] Got command from the client 'time'
ptd-server 2022-02-18 14:31:08,104 [INFO] Sending reply to client '1645216268.1046743'
ptd-server 2022-02-18 14:31:08,105 [INFO] Got command from the client 'session,2022-02-18_14-17-48,start,testing'
ptd-server 2022-02-18 14:31:08,105 [INFO] Sending to ptd: 'SR,V,121.720000'
ptd-server 2022-02-18 14:31:09,607 [INFO] Reply from ptd: 'Range V changed'
ptd-server 2022-02-18 14:31:09,608 [INFO] Sending to ptd: 'SR,A,4.997900'
ptd-server 2022-02-18 14:31:11,110 [INFO] Reply from ptd: 'Range A changed'
ptd-server 2022-02-18 14:31:21,120 [INFO] Starting testing mode
ptd-server 2022-02-18 14:31:21,121 [INFO] Sending to ptd: 'Go,1000,0,2022-02-18_14-17-48_testing'
ptd-server 2022-02-18 14:31:21,121 [INFO] Reply from ptd: 'Starting untimed measurement, maximum 500000 samples at 1000ms with 0 rampup samples'
ptd-server 2022-02-18 14:31:21,121 [INFO] Sending reply to client 'OK'
ptd-server 2022-02-18 14:44:02,136 [INFO] Got command from the client 'session,2022-02-18_14-17-48,stop,testing'
ptd-server 2022-02-18 14:44:12,146 [INFO] Sending to ptd: 'Stop'
ptd-server 2022-02-18 14:44:12,147 [INFO] Reply from ptd: 'Stopping untimed measurement'
ptd-server 2022-02-18 14:44:12,227 [INFO] Sending reply to client 'OK'
ptd-server 2022-02-18 14:44:12,233 [INFO] Got command from the client 'session,2022-02-18_14-17-48,done'
ptd-server 2022-02-18 14:44:12,233 [INFO] Sending to ptd: 'Stop'
ptd-server 2022-02-18 14:44:13,121 [INFO] Reply from ptd: 'Error: no measurement to stop'
ptd-server 2022-02-18 14:44:13,122 [INFO] Sending to ptd: 'SR,V,Auto'
ptd-server 2022-02-18 14:44:13,625 [INFO] Reply from ptd: 'Range V changed'
ptd-server 2022-02-18 14:44:13,625 [INFO] Sending to ptd: 'SR,A,Auto'
ptd-server 2022-02-18 14:44:14,128 [INFO] Reply from ptd: 'Range A changed'
ptd-server 2022-02-18 14:44:14,128 [INFO] Set initial values for Amps Auto and Volts Auto
ptd-server 2022-02-18 14:44:14,129 [INFO] Stopping ptd...
