ptd-server 2022-02-18 18:50:23,032 [INFO] Got command from the client 'time'
ptd-server 2022-02-18 18:50:23,032 [INFO] Sending reply to client '1645231823.0325742'
ptd-server 2022-02-18 18:50:23,032 [INFO] Got command from the client 'new,,d81f1003-0d1a-4916-90c4-5d9640966196'
ptd-server 2022-02-18 18:50:23,033 [INFO] Sending reply to client 'OK 2022-02-18_18-50-23,4e3f5481-87b6-4ed9-bbf3-fba82e039d40'
ptd-server 2022-02-18 18:50:23,143 [INFO] Got command from the client 'time'
ptd-server 2022-02-18 18:50:23,143 [INFO] Sending reply to client '1645231823.1430993'
ptd-server 2022-02-18 18:50:23,144 [INFO] Got command from the client 'session,2022-02-18_18-50-23,start,ranging'
ptd-server 2022-02-18 18:50:23,144 [INFO] Running PTDaemon: ['/local/mnt/workspace/mlcommons/power-main/inference_v1.0/ptd-linux-x86', '-l', '/tmp/tmpbzz3s1yx/ptd_logfile.txt', '-p', '8886', '49', '/dev/usbtmc1']
ptd-server 2022-02-18 18:50:40,172 [INFO] Sending to ptd: 'Hello'
ptd-server 2022-02-18 18:50:40,172 [INFO] Reply from ptd: 'Hello, PTDaemon here!'
ptd-server 2022-02-18 18:50:40,172 [INFO] Sending to ptd: 'Identify'
ptd-server 2022-02-18 18:50:40,173 [INFO] Reply from ptd: 'YokogawaWT310E,1000,1,1,1,1,0,1,1,version=1.9.2-e8c7a49a-20201208,OS=Linux 4.15.0-162-generic #170-Ubuntu SMP Mon Oct 18 11:38:05 UTC 2021 x86_64,mode=power,1,1,1,0,0,no_cal_date,YOKOGAWA;WT310E;C2XF16030V;F1.04'
ptd-server 2022-02-18 18:50:40,173 [INFO] Connected to PTDaemon
ptd-server 2022-02-18 18:50:40,173 [INFO] Sending to ptd: 'RR'
ptd-server 2022-02-18 18:50:40,173 [INFO] Reply from ptd: 'Ranges,1,2.000000,1,150.000000'
ptd-server 2022-02-18 18:50:40,173 [INFO] Initial range for Amps is Auto for Volts is Auto
ptd-server 2022-02-18 18:50:40,173 [INFO] Sending to ptd: 'SR,V,Auto'
ptd-server 2022-02-18 18:50:40,675 [INFO] Reply from ptd: 'Range V changed'
ptd-server 2022-02-18 18:50:40,675 [INFO] Sending to ptd: 'SR,A,Auto'
ptd-server 2022-02-18 18:50:41,177 [INFO] Reply from ptd: 'Range A changed'
ptd-server 2022-02-18 18:50:51,187 [INFO] Starting ranging mode
ptd-server 2022-02-18 18:50:51,187 [INFO] Sending to ptd: 'Go,1000,0,2022-02-18_18-50-23_ranging'
ptd-server 2022-02-18 18:50:51,187 [INFO] Reply from ptd: 'Starting untimed measurement, maximum 500000 samples at 1000ms with 0 rampup samples'
ptd-server 2022-02-18 18:50:51,187 [INFO] Sending reply to client 'OK'
ptd-server 2022-02-18 19:04:02,295 [INFO] Got command from the client 'session,2022-02-18_18-50-23,stop,ranging'
ptd-server 2022-02-18 19:04:12,304 [INFO] Sending to ptd: 'Stop'
ptd-server 2022-02-18 19:04:12,304 [INFO] Reply from ptd: 'Stopping untimed measurement'
ptd-server 2022-02-18 19:04:12,464 [INFO] Sending reply to client 'OK'
ptd-server 2022-02-18 19:04:12,565 [INFO] Got command from the client 'time'
ptd-server 2022-02-18 19:04:12,565 [INFO] Sending reply to client '1645232652.5650887'
ptd-server 2022-02-18 19:04:12,565 [INFO] Got command from the client 'session,2022-02-18_18-50-23,start,testing'
ptd-server 2022-02-18 19:04:12,565 [INFO] Sending to ptd: 'SR,V,120.610000'
ptd-server 2022-02-18 19:04:14,688 [INFO] Reply from ptd: 'Range V changed'
ptd-server 2022-02-18 19:04:14,688 [INFO] Sending to ptd: 'SR,A,3.804100'
ptd-server 2022-02-18 19:04:16,189 [INFO] Reply from ptd: 'Range A changed'
ptd-server 2022-02-18 19:04:26,199 [INFO] Starting testing mode
ptd-server 2022-02-18 19:04:26,199 [INFO] Sending to ptd: 'Go,1000,0,2022-02-18_18-50-23_testing'
ptd-server 2022-02-18 19:04:26,199 [INFO] Reply from ptd: 'Starting untimed measurement, maximum 500000 samples at 1000ms with 0 rampup samples'
ptd-server 2022-02-18 19:04:26,200 [INFO] Sending reply to client 'OK'
ptd-server 2022-02-18 19:17:37,484 [INFO] Got command from the client 'session,2022-02-18_18-50-23,stop,testing'
ptd-server 2022-02-18 19:17:47,495 [INFO] Sending to ptd: 'Stop'
ptd-server 2022-02-18 19:17:47,495 [INFO] Reply from ptd: 'Stopping untimed measurement'
ptd-server 2022-02-18 19:17:47,572 [INFO] Sending reply to client 'OK'
ptd-server 2022-02-18 19:17:47,578 [INFO] Got command from the client 'session,2022-02-18_18-50-23,done'
ptd-server 2022-02-18 19:17:47,578 [INFO] Sending to ptd: 'Stop'
ptd-server 2022-02-18 19:17:48,200 [INFO] Reply from ptd: 'Error: no measurement to stop'
ptd-server 2022-02-18 19:17:48,200 [INFO] Sending to ptd: 'SR,V,Auto'
ptd-server 2022-02-18 19:17:48,702 [INFO] Reply from ptd: 'Range V changed'
ptd-server 2022-02-18 19:17:48,702 [INFO] Sending to ptd: 'SR,A,Auto'
ptd-server 2022-02-18 19:17:49,204 [INFO] Reply from ptd: 'Range A changed'
ptd-server 2022-02-18 19:17:49,204 [INFO] Set initial values for Amps Auto and Volts Auto
ptd-server 2022-02-18 19:17:49,204 [INFO] Stopping ptd...
