ptd-server 2022-02-20 16:40:26,103 [INFO] Got command from the client 'time'
ptd-server 2022-02-20 16:40:26,103 [INFO] Sending reply to client '1645375226.1036625'
ptd-server 2022-02-20 16:40:26,104 [INFO] Got command from the client 'new,,b7e66958-b38b-46cb-8dea-452de3010d9c'
ptd-server 2022-02-20 16:40:26,105 [INFO] Sending reply to client 'OK 2022-02-20_16-40-26,f9fc884e-5a62-49a9-af8a-1a2563fbd669'
ptd-server 2022-02-20 16:40:26,133 [INFO] Got command from the client 'time'
ptd-server 2022-02-20 16:40:26,133 [INFO] Sending reply to client '1645375226.1335423'
ptd-server 2022-02-20 16:40:26,134 [INFO] Got command from the client 'session,2022-02-20_16-40-26,start,ranging'
ptd-server 2022-02-20 16:40:26,135 [INFO] Running PTDaemon: ['/home/anton/projects/mlperf/power/inference_v1.0/ptd-linux-x86', '-l', '/tmp/tmpgldyt7rr/ptd_logfile.txt', '-p', '8888', '49', '/dev/usbtmc0']
ptd-server 2022-02-20 16:40:43,308 [INFO] Sending to ptd: 'Hello'
ptd-server 2022-02-20 16:40:43,308 [INFO] Reply from ptd: 'Hello, PTDaemon here!'
ptd-server 2022-02-20 16:40:43,308 [INFO] Sending to ptd: 'Identify'
ptd-server 2022-02-20 16:40:43,309 [INFO] Reply from ptd: 'YokogawaWT310E,1000,1,1,1,1,0,1,1,version=1.9.2-e8c7a49a-20201208,OS=Linux 5.13.0-28-generic #31~20.04.1-Ubuntu SMP Wed Jan 19 14:08:10 UTC 2022 x86_64,mode=power,1,1,1,0,0,no_cal_date,YOKOGAWA;WT310E;C3XA04010E;F1.04'
ptd-server 2022-02-20 16:40:43,309 [INFO] Connected to PTDaemon
ptd-server 2022-02-20 16:40:43,309 [INFO] Sending to ptd: 'RR'
ptd-server 2022-02-20 16:40:43,309 [INFO] Reply from ptd: 'Ranges,0,0.500000,0,300.000000'
ptd-server 2022-02-20 16:40:43,309 [INFO] Initial range for Amps is 0.500000 for Volts is 300.000000
ptd-server 2022-02-20 16:40:43,309 [INFO] Sending to ptd: 'SR,V,Auto'
ptd-server 2022-02-20 16:40:43,812 [INFO] Reply from ptd: 'Range V changed'
ptd-server 2022-02-20 16:40:43,812 [INFO] Sending to ptd: 'SR,A,Auto'
ptd-server 2022-02-20 16:40:44,315 [INFO] Reply from ptd: 'Range A changed'
ptd-server 2022-02-20 16:40:54,325 [INFO] Starting ranging mode
ptd-server 2022-02-20 16:40:54,325 [INFO] Sending to ptd: 'Go,1000,0,2022-02-20_16-40-26_ranging'
ptd-server 2022-02-20 16:40:54,326 [INFO] Reply from ptd: 'Starting untimed measurement, maximum 500000 samples at 1000ms with 0 rampup samples'
ptd-server 2022-02-20 16:40:54,326 [INFO] Sending reply to client 'OK'
ptd-server 2022-02-20 16:51:10,975 [INFO] Got command from the client 'session,2022-02-20_16-40-26,stop,ranging'
ptd-server 2022-02-20 16:51:20,986 [INFO] Sending to ptd: 'Stop'
ptd-server 2022-02-20 16:51:20,986 [INFO] Reply from ptd: 'Stopping untimed measurement'
ptd-server 2022-02-20 16:51:21,494 [INFO] Sending reply to client 'OK'
ptd-server 2022-02-20 16:51:21,560 [INFO] Got command from the client 'time'
ptd-server 2022-02-20 16:51:21,560 [INFO] Sending reply to client '1645375881.5601864'
ptd-server 2022-02-20 16:51:21,562 [INFO] Got command from the client 'session,2022-02-20_16-40-26,start,testing'
ptd-server 2022-02-20 16:51:21,562 [INFO] Sending to ptd: 'SR,V,246.540000'
ptd-server 2022-02-20 16:51:23,063 [INFO] Reply from ptd: 'Range V changed'
ptd-server 2022-02-20 16:51:23,063 [INFO] Sending to ptd: 'SR,A,0.046930'
ptd-server 2022-02-20 16:51:24,565 [INFO] Reply from ptd: 'Range A changed'
ptd-server 2022-02-20 16:51:34,575 [INFO] Starting testing mode
ptd-server 2022-02-20 16:51:34,575 [INFO] Sending to ptd: 'Go,1000,0,2022-02-20_16-40-26_testing'
ptd-server 2022-02-20 16:51:34,576 [INFO] Reply from ptd: 'Starting untimed measurement, maximum 500000 samples at 1000ms with 0 rampup samples'
ptd-server 2022-02-20 16:51:34,576 [INFO] Sending reply to client 'OK'
ptd-server 2022-02-20 17:01:52,670 [INFO] Got command from the client 'session,2022-02-20_16-40-26,stop,testing'
ptd-server 2022-02-20 17:02:02,676 [INFO] Sending to ptd: 'Stop'
ptd-server 2022-02-20 17:02:02,677 [INFO] Reply from ptd: 'Stopping untimed measurement'
ptd-server 2022-02-20 17:02:02,942 [INFO] Sending reply to client 'OK'
ptd-server 2022-02-20 17:02:02,964 [INFO] Got command from the client 'session,2022-02-20_16-40-26,done'
ptd-server 2022-02-20 17:02:02,964 [INFO] Sending to ptd: 'Stop'
ptd-server 2022-02-20 17:02:03,577 [INFO] Reply from ptd: 'Error: no measurement to stop'
ptd-server 2022-02-20 17:02:03,577 [INFO] Sending to ptd: 'SR,V,300.000000'
ptd-server 2022-02-20 17:02:05,078 [INFO] Reply from ptd: 'Range V changed'
ptd-server 2022-02-20 17:02:05,079 [INFO] Sending to ptd: 'SR,A,0.500000'
ptd-server 2022-02-20 17:02:06,580 [INFO] Reply from ptd: 'Range A changed'
ptd-server 2022-02-20 17:02:06,580 [INFO] Set initial values for Amps 0.500000 and Volts 300.000000
ptd-server 2022-02-20 17:02:06,580 [INFO] Stopping ptd...
