ptd-server 2022-02-15 04:38:51,725 [INFO] Got command from the client 'time'
ptd-server 2022-02-15 04:38:51,725 [INFO] Sending reply to client '1644899931.7258854'
ptd-server 2022-02-15 04:38:51,728 [INFO] Got command from the client 'new,,5c947efd-966e-43a2-a2c0-b0359e882955'
ptd-server 2022-02-15 04:38:51,728 [INFO] Sending reply to client 'OK 2022-02-15_04-38-51,60d33db2-c23e-43f1-a04a-0d0b1ce40c3b'
ptd-server 2022-02-15 04:38:51,762 [INFO] Got command from the client 'time'
ptd-server 2022-02-15 04:38:51,762 [INFO] Sending reply to client '1644899931.7629645'
ptd-server 2022-02-15 04:38:51,764 [INFO] Got command from the client 'session,2022-02-15_04-38-51,start,ranging'
ptd-server 2022-02-15 04:38:51,765 [INFO] Running PTDaemon: ['/home/anton/projects/mlperf/power/inference_v1.0/ptd-linux-x86', '-l', '/tmp/tmpxvec0g6h/ptd_logfile.txt', '-p', '8888', '49', '/dev/usbtmc0']
ptd-server 2022-02-15 04:39:08,938 [INFO] Sending to ptd: 'Hello'
ptd-server 2022-02-15 04:39:08,938 [INFO] Reply from ptd: 'Hello, PTDaemon here!'
ptd-server 2022-02-15 04:39:08,938 [INFO] Sending to ptd: 'Identify'
ptd-server 2022-02-15 04:39:08,939 [INFO] Reply from ptd: 'YokogawaWT310E,1000,1,1,1,1,0,1,1,version=1.9.2-e8c7a49a-20201208,OS=Linux 5.13.0-27-generic #29~20.04.1-Ubuntu SMP Fri Jan 14 00:32:30 UTC 2022 x86_64,mode=power,1,1,1,0,0,no_cal_date,YOKOGAWA;WT310E;C3XA04010E;F1.04'
ptd-server 2022-02-15 04:39:08,939 [INFO] Connected to PTDaemon
ptd-server 2022-02-15 04:39:08,939 [INFO] Sending to ptd: 'RR'
ptd-server 2022-02-15 04:39:08,939 [INFO] Reply from ptd: 'Ranges,0,0.500000,0,300.000000'
ptd-server 2022-02-15 04:39:08,940 [INFO] Initial range for Amps is 0.500000 for Volts is 300.000000
ptd-server 2022-02-15 04:39:08,940 [INFO] Sending to ptd: 'SR,V,Auto'
ptd-server 2022-02-15 04:39:09,442 [INFO] Reply from ptd: 'Range V changed'
ptd-server 2022-02-15 04:39:09,442 [INFO] Sending to ptd: 'SR,A,Auto'
ptd-server 2022-02-15 04:39:09,945 [INFO] Reply from ptd: 'Range A changed'
ptd-server 2022-02-15 04:39:19,955 [INFO] Starting ranging mode
ptd-server 2022-02-15 04:39:19,955 [INFO] Sending to ptd: 'Go,1000,0,2022-02-15_04-38-51_ranging'
ptd-server 2022-02-15 04:39:19,956 [INFO] Reply from ptd: 'Starting untimed measurement, maximum 500000 samples at 1000ms with 0 rampup samples'
ptd-server 2022-02-15 04:39:19,956 [INFO] Sending reply to client 'OK'
ptd-server 2022-02-15 04:49:39,403 [INFO] Got command from the client 'session,2022-02-15_04-38-51,stop,ranging'
ptd-server 2022-02-15 04:49:49,413 [INFO] Sending to ptd: 'Stop'
ptd-server 2022-02-15 04:49:49,414 [INFO] Reply from ptd: 'Stopping untimed measurement'
ptd-server 2022-02-15 04:49:50,233 [INFO] Sending reply to client 'OK'
ptd-server 2022-02-15 04:49:50,283 [INFO] Got command from the client 'time'
ptd-server 2022-02-15 04:49:50,283 [INFO] Sending reply to client '1644900590.283699'
ptd-server 2022-02-15 04:49:50,286 [INFO] Got command from the client 'session,2022-02-15_04-38-51,start,testing'
ptd-server 2022-02-15 04:49:50,286 [INFO] Sending to ptd: 'SR,V,249.780000'
ptd-server 2022-02-15 04:49:51,787 [INFO] Reply from ptd: 'Range V changed'
ptd-server 2022-02-15 04:49:51,787 [INFO] Sending to ptd: 'SR,A,0.210430'
ptd-server 2022-02-15 04:49:53,289 [INFO] Reply from ptd: 'Range A changed'
ptd-server 2022-02-15 04:50:03,299 [INFO] Starting testing mode
ptd-server 2022-02-15 04:50:03,299 [INFO] Sending to ptd: 'Go,1000,0,2022-02-15_04-38-51_testing'
ptd-server 2022-02-15 04:50:03,300 [INFO] Reply from ptd: 'Starting untimed measurement, maximum 500000 samples at 1000ms with 0 rampup samples'
ptd-server 2022-02-15 04:50:03,300 [INFO] Sending reply to client 'OK'
ptd-server 2022-02-15 05:00:22,596 [INFO] Got command from the client 'session,2022-02-15_04-38-51,stop,testing'
ptd-server 2022-02-15 05:00:32,606 [INFO] Sending to ptd: 'Stop'
ptd-server 2022-02-15 05:00:32,607 [INFO] Reply from ptd: 'Stopping untimed measurement'
ptd-server 2022-02-15 05:00:33,027 [INFO] Sending reply to client 'OK'
ptd-server 2022-02-15 05:00:33,046 [INFO] Got command from the client 'session,2022-02-15_04-38-51,done'
ptd-server 2022-02-15 05:00:33,046 [INFO] Sending to ptd: 'Stop'
ptd-server 2022-02-15 05:00:33,301 [INFO] Reply from ptd: 'Error: no measurement to stop'
ptd-server 2022-02-15 05:00:33,301 [INFO] Sending to ptd: 'SR,V,300.000000'
ptd-server 2022-02-15 05:00:34,802 [INFO] Reply from ptd: 'Range V changed'
ptd-server 2022-02-15 05:00:34,802 [INFO] Sending to ptd: 'SR,A,0.500000'
ptd-server 2022-02-15 05:00:36,304 [INFO] Reply from ptd: 'Range A changed'
ptd-server 2022-02-15 05:00:36,304 [INFO] Set initial values for Amps 0.500000 and Volts 300.000000
ptd-server 2022-02-15 05:00:36,304 [INFO] Stopping ptd...
