client 2022-02-15 00:42:51,955 [WARNING] Removing loadgen logs directory '/home/katya/CK/ck-mlperf/program/image-classification-tflite-loadgen/tmp/loadgen_logs'
client 2022-02-15 00:42:51,957 [INFO] Sending command to the server: 'mlcommons/power client v3'
client 2022-02-15 00:42:51,957 [INFO] Got response: 'mlcommons/power server v3'
client 2022-02-15 00:42:51,958 [INFO] Synchronizing with the server and with time.google.com...
client 2022-02-15 00:42:51,999 [INFO] NTP:offset = 0.001 s, delay = 0.033 s 
client 2022-02-15 00:42:52,000 [INFO] Sending command to the server: 'time'
client 2022-02-15 00:42:52,001 [INFO] Got response: '1644885772.0020247'
client 2022-02-15 00:42:52,001 [INFO] The time difference between the client and the server is within range -2.012 ms..-0.504 ms
client 2022-02-15 00:42:52,002 [INFO] Sending command to the server: 'new,,7cf699c5-6de7-45f8-8ad4-9a9026bd1937'
client 2022-02-15 00:42:52,004 [INFO] Got response: 'OK 2022-02-15_00-42-52,a6859b23-cc9a-4a72-90b4-9ce66ac66d06'
client 2022-02-15 00:42:52,004 [INFO] Session id is '2022-02-15_00-42-52'
client 2022-02-15 00:42:52,005 [INFO] Sources: {"sources": {"__init__.py": "da39a3ee5e6b4b0d3255bfef95601890afd80709", "client.py": "33ca4f26368777ac06e01f9567b714a4b8063886", "lib/__init__.py": "da39a3ee5e6b4b0d3255bfef95601890afd80709", "lib/client.py": "4c2b78fb4849a7e5b584ef792d82aaed20b17f57", "lib/common.py": "624d0c0acc7c39aaff3674f0b99d6a09da53d1dc", "lib/external/__init__.py": "da39a3ee5e6b4b0d3255bfef95601890afd80709", "lib/external/ntplib.py": "4da8f970656505a40483206ef2b5d3dd5e81711d", "lib/server.py": "59c9fb92908260d3e9f81a895c7aa009742275e4", "lib/source_hashes.py": "60a2e02193209e8d392803326208d5466342da18", "lib/summary.py": "aa92f0a3f975eecd44d3c0cd0236342ccc9f941d", "lib/time_sync.py": "3210db56eb0ff0df57bf4293dc4d4b03fffd46f1", "server.py": "c3f90f2f7eeb4db30727556d0c815ebc89b3d28b", "tests/unit/__init__.py": "da39a3ee5e6b4b0d3255bfef95601890afd80709", "tests/unit/test_server.py": "99ae15aef722f2000ee6ed1ae1523637bf1ae42b", "tests/unit/test_source_hashes.py": "00468a2907583c593e6574a1f6b404e4651c221a"}, "modules": {"ptd_client_server.lib.client": "lib/client.py", "ptd_client_server.lib.common": "lib/common.py", "ptd_client_server.lib.external.ntplib": "lib/external/ntplib.py", "ptd_client_server.lib.source_hashes": "lib/source_hashes.py", "ptd_client_server.lib.summary": "lib/summary.py", "ptd_client_server.lib.time_sync": "lib/time_sync.py"}}
client 2022-02-15 00:42:52,006 [INFO] Running workload in ranging mode
client 2022-02-15 00:42:52,007 [INFO] Synchronizing with the server and with time.google.com...
client 2022-02-15 00:42:52,039 [INFO] NTP:offset = 0.004 s, delay = 0.029 s 
client 2022-02-15 00:42:52,040 [INFO] Sending command to the server: 'time'
client 2022-02-15 00:42:52,042 [INFO] Got response: '1644885772.0425556'
client 2022-02-15 00:42:52,042 [INFO] The time difference between the client and the server is within range -2.221 ms..-0.259 ms
client 2022-02-15 00:42:52,042 [INFO] Sending command to the server: 'session,2022-02-15_00-42-52,start,ranging'
client 2022-02-15 00:43:20,236 [INFO] Got response: 'OK'
client 2022-02-15 00:43:20,237 [INFO] Running the workload 'ck benchmark program:image-classification-tflite-loadgen --env.CK_SILENT_MODE=YES --skip_print_timers --dep_add_tags.compiler=gcc,v7 --dep_add_tags.python=v3 --dep_add_tags.mlperf-inference-src=r2.0 --dep_add_tags.weights=mobilenet,v2-0.75-224,quantized --dep_add_tags.images=crop.875,preprocessed,using-opencv --dep_add_tags.library=tflite,v2.7.1,with.ruy --env.CK_LOADGEN_DATASET_SIZE=1024 --env.CK_LOADGEN_MODE=PerformanceOnly --env.CK_LOADGEN_SCENARIO=SingleStream --env.CK_LOADGEN_TARGET_LATENCY=$CK_LOADGEN_TARGET_LATENCY --skip_stat_analysis --process_multi_keys --repetitions=1 --record --record_repo=local --record_uoa=mlperf_v2.0-open-xavier-tflite-v2.7.1-ruy-mobilenet-v2-0.75-224-quantized-singlestream-performance-target_latency.$CK_LOADGEN_TARGET_LATENCY-power.workload --tags=mlperf,round.v2.0,division.open,task.image-classification,platform.xavier,scenario.singlestream,mode.performance,workload.mobilenet-v2-0.75-224-quantized,preprocessed_using.opencv,inference_engine.tflite,inference_engine_version.v2.7.1,inference_engine_backend.ruy,target_latency.$CK_LOADGEN_TARGET_LATENCY,power.workload "@@@{\'meta\': {\'ck_benchmark_program\': \'ck benchmark program:image-classification-tflite-loadgen --env.CK_SILENT_MODE=YES --skip_print_timers --dep_add_tags.compiler=gcc,v7 --dep_add_tags.python=v3 --dep_add_tags.mlperf-inference-src=r2.0 --dep_add_tags.weights=mobilenet,v2-0.75-224,quantized --dep_add_tags.images=crop.875,preprocessed,using-opencv --dep_add_tags.library=tflite,v2.7.1,with.ruy --env.CK_LOADGEN_DATASET_SIZE=1024 --env.CK_LOADGEN_MODE=PerformanceOnly --env.CK_LOADGEN_SCENARIO=SingleStream --env.CK_LOADGEN_TARGET_LATENCY=$CK_LOADGEN_TARGET_LATENCY --skip_stat_analysis --process_multi_keys --repetitions=1 --record --record_repo=local --record_uoa=mlperf_v2.0-open-xavier-tflite-v2.7.1-ruy-mobilenet-v2-0.75-224-quantized-singlestream-performance-target_latency.$CK_LOADGEN_TARGET_LATENCY-power.workload --tags=mlperf,round.v2.0,division.open,task.image-classification,platform.xavier,scenario.singlestream,mode.performance,workload.mobilenet-v2-0.75-224-quantized,preprocessed_using.opencv,inference_engine.tflite,inference_engine_version.v2.7.1,inference_engine_backend.ruy,target_latency.$CK_LOADGEN_TARGET_LATENCY,power.workload\'}}" && cat `ck find program:image-classification-tflite-loadgen`/tmp/mlperf_log_summary.txt && mkdir -p "$CK_MLPERF_POWER_CLIENT_LOADGEN_LOGS" && cp "$CK_MLPERF_POWER_CLIENT_LOADGEN_LOGS"/../mlperf_log_* "$CK_MLPERF_POWER_CLIENT_LOADGEN_LOGS"/'
client 2022-02-15 00:53:39,766 [INFO] Sending command to the server: 'session,2022-02-15_00-42-52,stop,ranging'
client 2022-02-15 00:53:50,578 [INFO] Got response: 'OK'
client 2022-02-15 00:53:50,597 [INFO] Copying loadgen logs from '/home/katya/CK/ck-mlperf/program/image-classification-tflite-loadgen/tmp/loadgen_logs' to '/home/katya/CK/ck-mlperf/program/mlperf-power-client/tmp/2022-02-15_00-42-52/ranging'
client 2022-02-15 00:53:50,598 [INFO] Running workload in testing mode
client 2022-02-15 00:53:50,599 [INFO] Synchronizing with the server and with time.google.com...
client 2022-02-15 00:53:50,648 [INFO] NTP:offset = 0.003 s, delay = 0.027 s 
client 2022-02-15 00:53:50,648 [INFO] Sending command to the server: 'time'
client 2022-02-15 00:53:50,650 [INFO] Got response: '1644886430.649474'
client 2022-02-15 00:53:50,651 [INFO] The time difference between the client and the server is within range -0.646 ms..1.470 ms
client 2022-02-15 00:53:50,651 [INFO] Sending command to the server: 'session,2022-02-15_00-42-52,start,testing'
client 2022-02-15 00:54:03,668 [INFO] Got response: 'OK'
client 2022-02-15 00:54:03,669 [INFO] Running the workload 'ck benchmark program:image-classification-tflite-loadgen --env.CK_SILENT_MODE=YES --skip_print_timers --dep_add_tags.compiler=gcc,v7 --dep_add_tags.python=v3 --dep_add_tags.mlperf-inference-src=r2.0 --dep_add_tags.weights=mobilenet,v2-0.75-224,quantized --dep_add_tags.images=crop.875,preprocessed,using-opencv --dep_add_tags.library=tflite,v2.7.1,with.ruy --env.CK_LOADGEN_DATASET_SIZE=1024 --env.CK_LOADGEN_MODE=PerformanceOnly --env.CK_LOADGEN_SCENARIO=SingleStream --env.CK_LOADGEN_TARGET_LATENCY=$CK_LOADGEN_TARGET_LATENCY --skip_stat_analysis --process_multi_keys --repetitions=1 --record --record_repo=local --record_uoa=mlperf_v2.0-open-xavier-tflite-v2.7.1-ruy-mobilenet-v2-0.75-224-quantized-singlestream-performance-target_latency.$CK_LOADGEN_TARGET_LATENCY-power.workload --tags=mlperf,round.v2.0,division.open,task.image-classification,platform.xavier,scenario.singlestream,mode.performance,workload.mobilenet-v2-0.75-224-quantized,preprocessed_using.opencv,inference_engine.tflite,inference_engine_version.v2.7.1,inference_engine_backend.ruy,target_latency.$CK_LOADGEN_TARGET_LATENCY,power.workload "@@@{\'meta\': {\'ck_benchmark_program\': \'ck benchmark program:image-classification-tflite-loadgen --env.CK_SILENT_MODE=YES --skip_print_timers --dep_add_tags.compiler=gcc,v7 --dep_add_tags.python=v3 --dep_add_tags.mlperf-inference-src=r2.0 --dep_add_tags.weights=mobilenet,v2-0.75-224,quantized --dep_add_tags.images=crop.875,preprocessed,using-opencv --dep_add_tags.library=tflite,v2.7.1,with.ruy --env.CK_LOADGEN_DATASET_SIZE=1024 --env.CK_LOADGEN_MODE=PerformanceOnly --env.CK_LOADGEN_SCENARIO=SingleStream --env.CK_LOADGEN_TARGET_LATENCY=$CK_LOADGEN_TARGET_LATENCY --skip_stat_analysis --process_multi_keys --repetitions=1 --record --record_repo=local --record_uoa=mlperf_v2.0-open-xavier-tflite-v2.7.1-ruy-mobilenet-v2-0.75-224-quantized-singlestream-performance-target_latency.$CK_LOADGEN_TARGET_LATENCY-power.workload --tags=mlperf,round.v2.0,division.open,task.image-classification,platform.xavier,scenario.singlestream,mode.performance,workload.mobilenet-v2-0.75-224-quantized,preprocessed_using.opencv,inference_engine.tflite,inference_engine_version.v2.7.1,inference_engine_backend.ruy,target_latency.$CK_LOADGEN_TARGET_LATENCY,power.workload\'}}" && cat `ck find program:image-classification-tflite-loadgen`/tmp/mlperf_log_summary.txt && mkdir -p "$CK_MLPERF_POWER_CLIENT_LOADGEN_LOGS" && cp "$CK_MLPERF_POWER_CLIENT_LOADGEN_LOGS"/../mlperf_log_* "$CK_MLPERF_POWER_CLIENT_LOADGEN_LOGS"/'
client 2022-02-15 01:04:23,066 [INFO] Sending command to the server: 'session,2022-02-15_00-42-52,stop,testing'
client 2022-02-15 01:04:33,483 [INFO] Got response: 'OK'
client 2022-02-15 01:04:33,491 [INFO] Copying loadgen logs from '/home/katya/CK/ck-mlperf/program/image-classification-tflite-loadgen/tmp/loadgen_logs' to '/home/katya/CK/ck-mlperf/program/mlperf-power-client/tmp/2022-02-15_00-42-52/run_1'
client 2022-02-15 01:04:33,494 [INFO] Done runs
