ptd-server 2022-02-14 17:36:48,303 [INFO] Got command from the client 'time'
ptd-server 2022-02-14 17:36:48,303 [INFO] Sending reply to client '1644860208.3033597'
ptd-server 2022-02-14 17:36:48,305 [INFO] Got command from the client 'new,,9280bd38-7f44-47c4-bcf7-bf6007c6bc7c'
ptd-server 2022-02-14 17:36:48,306 [INFO] Sending reply to client 'OK 2022-02-14_17-36-48,4d2c7f41-696e-4199-be22-4949f985678e'
ptd-server 2022-02-14 17:36:48,353 [INFO] Got command from the client 'time'
ptd-server 2022-02-14 17:36:48,353 [INFO] Sending reply to client '1644860208.3533843'
ptd-server 2022-02-14 17:36:48,355 [INFO] Got command from the client 'session,2022-02-14_17-36-48,start,ranging'
ptd-server 2022-02-14 17:36:48,355 [INFO] Running PTDaemon: ['/home/anton/projects/mlperf/power/inference_v1.0/ptd-linux-x86', '-l', '/tmp/tmpxvec0g6h/ptd_logfile.txt', '-p', '8888', '49', '/dev/usbtmc0']
ptd-server 2022-02-14 17:37:05,529 [INFO] Sending to ptd: 'Hello'
ptd-server 2022-02-14 17:37:05,530 [INFO] Reply from ptd: 'Hello, PTDaemon here!'
ptd-server 2022-02-14 17:37:05,530 [INFO] Sending to ptd: 'Identify'
ptd-server 2022-02-14 17:37:05,530 [INFO] Reply from ptd: 'YokogawaWT310E,1000,1,1,1,1,0,1,1,version=1.9.2-e8c7a49a-20201208,OS=Linux 5.13.0-27-generic #29~20.04.1-Ubuntu SMP Fri Jan 14 00:32:30 UTC 2022 x86_64,mode=power,1,1,1,0,0,no_cal_date,YOKOGAWA;WT310E;C3XA04010E;F1.04'
ptd-server 2022-02-14 17:37:05,531 [INFO] Connected to PTDaemon
ptd-server 2022-02-14 17:37:05,531 [INFO] Sending to ptd: 'RR'
ptd-server 2022-02-14 17:37:05,531 [INFO] Reply from ptd: 'Ranges,0,0.500000,0,300.000000'
ptd-server 2022-02-14 17:37:05,531 [INFO] Initial range for Amps is 0.500000 for Volts is 300.000000
ptd-server 2022-02-14 17:37:05,531 [INFO] Sending to ptd: 'SR,V,Auto'
ptd-server 2022-02-14 17:37:06,034 [INFO] Reply from ptd: 'Range V changed'
ptd-server 2022-02-14 17:37:06,034 [INFO] Sending to ptd: 'SR,A,Auto'
ptd-server 2022-02-14 17:37:06,536 [INFO] Reply from ptd: 'Range A changed'
ptd-server 2022-02-14 17:37:16,547 [INFO] Starting ranging mode
ptd-server 2022-02-14 17:37:16,547 [INFO] Sending to ptd: 'Go,1000,0,2022-02-14_17-36-48_ranging'
ptd-server 2022-02-14 17:37:16,548 [INFO] Reply from ptd: 'Starting untimed measurement, maximum 500000 samples at 1000ms with 0 rampup samples'
ptd-server 2022-02-14 17:37:16,548 [INFO] Sending reply to client 'OK'
ptd-server 2022-02-14 17:47:35,993 [INFO] Got command from the client 'session,2022-02-14_17-36-48,stop,ranging'
ptd-server 2022-02-14 17:47:46,000 [INFO] Sending to ptd: 'Stop'
ptd-server 2022-02-14 17:47:46,000 [INFO] Reply from ptd: 'Stopping untimed measurement'
ptd-server 2022-02-14 17:47:46,756 [INFO] Sending reply to client 'OK'
ptd-server 2022-02-14 17:47:46,813 [INFO] Got command from the client 'time'
ptd-server 2022-02-14 17:47:46,813 [INFO] Sending reply to client '1644860866.813125'
ptd-server 2022-02-14 17:47:46,816 [INFO] Got command from the client 'session,2022-02-14_17-36-48,start,testing'
ptd-server 2022-02-14 17:47:46,816 [INFO] Sending to ptd: 'SR,V,251.310000'
ptd-server 2022-02-14 17:47:48,318 [INFO] Reply from ptd: 'Range V changed'
ptd-server 2022-02-14 17:47:48,318 [INFO] Sending to ptd: 'SR,A,0.220870'
ptd-server 2022-02-14 17:47:49,819 [INFO] Reply from ptd: 'Range A changed'
ptd-server 2022-02-14 17:47:59,828 [INFO] Starting testing mode
ptd-server 2022-02-14 17:47:59,828 [INFO] Sending to ptd: 'Go,1000,0,2022-02-14_17-36-48_testing'
ptd-server 2022-02-14 17:47:59,828 [INFO] Reply from ptd: 'Starting untimed measurement, maximum 500000 samples at 1000ms with 0 rampup samples'
ptd-server 2022-02-14 17:47:59,829 [INFO] Sending reply to client 'OK'
ptd-server 2022-02-14 17:58:19,147 [INFO] Got command from the client 'session,2022-02-14_17-36-48,stop,testing'
ptd-server 2022-02-14 17:58:29,148 [INFO] Sending to ptd: 'Stop'
ptd-server 2022-02-14 17:58:29,148 [INFO] Reply from ptd: 'Stopping untimed measurement'
ptd-server 2022-02-14 17:58:29,530 [INFO] Sending reply to client 'OK'
ptd-server 2022-02-14 17:58:29,549 [INFO] Got command from the client 'session,2022-02-14_17-36-48,done'
ptd-server 2022-02-14 17:58:29,549 [INFO] Sending to ptd: 'Stop'
ptd-server 2022-02-14 17:58:29,829 [INFO] Reply from ptd: 'Error: no measurement to stop'
ptd-server 2022-02-14 17:58:29,829 [INFO] Sending to ptd: 'SR,V,300.000000'
ptd-server 2022-02-14 17:58:31,330 [INFO] Reply from ptd: 'Range V changed'
ptd-server 2022-02-14 17:58:31,331 [INFO] Sending to ptd: 'SR,A,0.500000'
ptd-server 2022-02-14 17:58:32,832 [INFO] Reply from ptd: 'Range A changed'
ptd-server 2022-02-14 17:58:32,832 [INFO] Set initial values for Amps 0.500000 and Volts 300.000000
ptd-server 2022-02-14 17:58:32,832 [INFO] Stopping ptd...
