ptd-server 2022-02-24 09:44:35,677 [INFO] Got command from the client 'time'
ptd-server 2022-02-24 09:44:35,677 [INFO] Sending reply to client '1645695875.677857'
ptd-server 2022-02-24 09:44:35,680 [INFO] Got command from the client 'new,,aef03956-48cd-4975-b557-d4c62cecb034'
ptd-server 2022-02-24 09:44:35,680 [INFO] Sending reply to client 'OK 2022-02-24_09-44-35,09d6a0d3-9908-4adf-9199-6483f5a7cd57'
ptd-server 2022-02-24 09:44:35,727 [INFO] Got command from the client 'time'
ptd-server 2022-02-24 09:44:35,727 [INFO] Sending reply to client '1645695875.7272625'
ptd-server 2022-02-24 09:44:35,729 [INFO] Got command from the client 'session,2022-02-24_09-44-35,start,ranging'
ptd-server 2022-02-24 09:44:35,729 [INFO] Running PTDaemon: ['/home/anton/projects/mlperf/power/inference_v1.0/ptd-linux-x86', '-l', '/tmp/tmp0_fn53vp/ptd_logfile.txt', '-p', '8888', '49', '/dev/usbtmc0']
ptd-server 2022-02-24 09:44:52,902 [INFO] Sending to ptd: 'Hello'
ptd-server 2022-02-24 09:44:52,902 [INFO] Reply from ptd: 'Hello, PTDaemon here!'
ptd-server 2022-02-24 09:44:52,902 [INFO] Sending to ptd: 'Identify'
ptd-server 2022-02-24 09:44:52,903 [INFO] Reply from ptd: 'YokogawaWT310E,1000,1,1,1,1,0,1,1,version=1.9.2-e8c7a49a-20201208,OS=Linux 5.13.0-30-generic #33~20.04.1-Ubuntu SMP Mon Feb 7 14:25:10 UTC 2022 x86_64,mode=power,1,1,1,0,0,no_cal_date,YOKOGAWA;WT310E;C3XA04010E;F1.04'
ptd-server 2022-02-24 09:44:52,903 [INFO] Connected to PTDaemon
ptd-server 2022-02-24 09:44:52,903 [INFO] Sending to ptd: 'RR'
ptd-server 2022-02-24 09:44:52,903 [INFO] Reply from ptd: 'Ranges,0,0.500000,1,300.000000'
ptd-server 2022-02-24 09:44:52,903 [INFO] Initial range for Amps is 0.500000 for Volts is Auto
ptd-server 2022-02-24 09:44:52,903 [INFO] Sending to ptd: 'SR,V,Auto'
ptd-server 2022-02-24 09:44:53,406 [INFO] Reply from ptd: 'Range V changed'
ptd-server 2022-02-24 09:44:53,406 [INFO] Sending to ptd: 'SR,A,Auto'
ptd-server 2022-02-24 09:44:53,909 [INFO] Reply from ptd: 'Range A changed'
ptd-server 2022-02-24 09:45:03,909 [INFO] Starting ranging mode
ptd-server 2022-02-24 09:45:03,909 [INFO] Sending to ptd: 'Go,1000,0,2022-02-24_09-44-35_ranging'
ptd-server 2022-02-24 09:45:03,910 [INFO] Reply from ptd: 'Starting untimed measurement, maximum 500000 samples at 1000ms with 0 rampup samples'
ptd-server 2022-02-24 09:45:03,910 [INFO] Sending reply to client 'OK'
ptd-server 2022-02-24 09:55:26,586 [INFO] Got command from the client 'session,2022-02-24_09-44-35,stop,ranging'
ptd-server 2022-02-24 09:55:36,596 [INFO] Sending to ptd: 'Stop'
ptd-server 2022-02-24 09:55:36,597 [INFO] Reply from ptd: 'Stopping untimed measurement'
ptd-server 2022-02-24 09:55:36,696 [INFO] Sending reply to client 'OK'
ptd-server 2022-02-24 09:55:36,756 [INFO] Got command from the client 'time'
ptd-server 2022-02-24 09:55:36,756 [INFO] Sending reply to client '1645696536.7563229'
ptd-server 2022-02-24 09:55:36,758 [INFO] Got command from the client 'session,2022-02-24_09-44-35,start,testing'
ptd-server 2022-02-24 09:55:36,758 [INFO] Sending to ptd: 'SR,V,248.510000'
ptd-server 2022-02-24 09:55:38,411 [INFO] Reply from ptd: 'Range V changed'
ptd-server 2022-02-24 09:55:38,411 [INFO] Sending to ptd: 'SR,A,0.043480'
ptd-server 2022-02-24 09:55:39,913 [INFO] Reply from ptd: 'Range A changed'
ptd-server 2022-02-24 09:55:49,923 [INFO] Starting testing mode
ptd-server 2022-02-24 09:55:49,923 [INFO] Sending to ptd: 'Go,1000,0,2022-02-24_09-44-35_testing'
ptd-server 2022-02-24 09:55:49,923 [INFO] Reply from ptd: 'Starting untimed measurement, maximum 500000 samples at 1000ms with 0 rampup samples'
ptd-server 2022-02-24 09:55:49,924 [INFO] Sending reply to client 'OK'
ptd-server 2022-02-24 10:06:12,420 [INFO] Got command from the client 'session,2022-02-24_09-44-35,stop,testing'
ptd-server 2022-02-24 10:06:22,430 [INFO] Sending to ptd: 'Stop'
ptd-server 2022-02-24 10:06:22,430 [INFO] Reply from ptd: 'Stopping untimed measurement'
ptd-server 2022-02-24 10:06:22,484 [INFO] Sending reply to client 'OK'
ptd-server 2022-02-24 10:06:22,503 [INFO] Got command from the client 'session,2022-02-24_09-44-35,done'
ptd-server 2022-02-24 10:06:22,504 [INFO] Sending to ptd: 'Stop'
ptd-server 2022-02-24 10:06:22,924 [INFO] Reply from ptd: 'Error: no measurement to stop'
ptd-server 2022-02-24 10:06:22,924 [INFO] Sending to ptd: 'SR,V,Auto'
ptd-server 2022-02-24 10:06:23,426 [INFO] Reply from ptd: 'Range V changed'
ptd-server 2022-02-24 10:06:23,426 [INFO] Sending to ptd: 'SR,A,0.500000'
ptd-server 2022-02-24 10:06:24,928 [INFO] Reply from ptd: 'Range A changed'
ptd-server 2022-02-24 10:06:24,928 [INFO] Set initial values for Amps 0.500000 and Volts Auto
ptd-server 2022-02-24 10:06:24,928 [INFO] Stopping ptd...
