ptd-server 2022-02-20 10:29:06,061 [INFO] Got command from the client 'time'
ptd-server 2022-02-20 10:29:06,062 [INFO] Sending reply to client '1645352946.0621023'
ptd-server 2022-02-20 10:29:06,063 [INFO] Got command from the client 'new,,38c801f3-3edd-4e5b-9fb1-cf23f1612fc9'
ptd-server 2022-02-20 10:29:06,063 [INFO] Sending reply to client 'OK 2022-02-20_10-29-06,eeef186d-2dab-455b-b9c5-5d0e836361ac'
ptd-server 2022-02-20 10:29:06,101 [INFO] Got command from the client 'time'
ptd-server 2022-02-20 10:29:06,101 [INFO] Sending reply to client '1645352946.1013882'
ptd-server 2022-02-20 10:29:06,102 [INFO] Got command from the client 'session,2022-02-20_10-29-06,start,ranging'
ptd-server 2022-02-20 10:29:06,102 [INFO] Running PTDaemon: ['/home/anton/projects/mlperf/power/inference_v1.0/ptd-linux-x86', '-l', '/tmp/tmpgldyt7rr/ptd_logfile.txt', '-p', '8888', '49', '/dev/usbtmc0']
ptd-server 2022-02-20 10:29:23,275 [INFO] Sending to ptd: 'Hello'
ptd-server 2022-02-20 10:29:23,276 [INFO] Reply from ptd: 'Hello, PTDaemon here!'
ptd-server 2022-02-20 10:29:23,276 [INFO] Sending to ptd: 'Identify'
ptd-server 2022-02-20 10:29:23,277 [INFO] Reply from ptd: 'YokogawaWT310E,1000,1,1,1,1,0,1,1,version=1.9.2-e8c7a49a-20201208,OS=Linux 5.13.0-28-generic #31~20.04.1-Ubuntu SMP Wed Jan 19 14:08:10 UTC 2022 x86_64,mode=power,1,1,1,0,0,no_cal_date,YOKOGAWA;WT310E;C3XA04010E;F1.04'
ptd-server 2022-02-20 10:29:23,277 [INFO] Connected to PTDaemon
ptd-server 2022-02-20 10:29:23,277 [INFO] Sending to ptd: 'RR'
ptd-server 2022-02-20 10:29:23,277 [INFO] Reply from ptd: 'Ranges,0,0.500000,0,300.000000'
ptd-server 2022-02-20 10:29:23,277 [INFO] Initial range for Amps is 0.500000 for Volts is 300.000000
ptd-server 2022-02-20 10:29:23,277 [INFO] Sending to ptd: 'SR,V,Auto'
ptd-server 2022-02-20 10:29:23,780 [INFO] Reply from ptd: 'Range V changed'
ptd-server 2022-02-20 10:29:23,780 [INFO] Sending to ptd: 'SR,A,Auto'
ptd-server 2022-02-20 10:29:24,283 [INFO] Reply from ptd: 'Range A changed'
ptd-server 2022-02-20 10:29:34,293 [INFO] Starting ranging mode
ptd-server 2022-02-20 10:29:34,293 [INFO] Sending to ptd: 'Go,1000,0,2022-02-20_10-29-06_ranging'
ptd-server 2022-02-20 10:29:34,293 [INFO] Reply from ptd: 'Starting untimed measurement, maximum 500000 samples at 1000ms with 0 rampup samples'
ptd-server 2022-02-20 10:29:34,294 [INFO] Sending reply to client 'OK'
ptd-server 2022-02-20 10:39:51,355 [INFO] Got command from the client 'session,2022-02-20_10-29-06,stop,ranging'
ptd-server 2022-02-20 10:40:01,365 [INFO] Sending to ptd: 'Stop'
ptd-server 2022-02-20 10:40:01,365 [INFO] Reply from ptd: 'Stopping untimed measurement'
ptd-server 2022-02-20 10:40:01,831 [INFO] Sending reply to client 'OK'
ptd-server 2022-02-20 10:40:01,901 [INFO] Got command from the client 'time'
ptd-server 2022-02-20 10:40:01,901 [INFO] Sending reply to client '1645353601.9016287'
ptd-server 2022-02-20 10:40:01,903 [INFO] Got command from the client 'session,2022-02-20_10-29-06,start,testing'
ptd-server 2022-02-20 10:40:01,903 [INFO] Sending to ptd: 'SR,V,249.190000'
ptd-server 2022-02-20 10:40:03,795 [INFO] Reply from ptd: 'Range V changed'
ptd-server 2022-02-20 10:40:03,795 [INFO] Sending to ptd: 'SR,A,0.047570'
ptd-server 2022-02-20 10:40:05,297 [INFO] Reply from ptd: 'Range A changed'
ptd-server 2022-02-20 10:40:15,307 [INFO] Starting testing mode
ptd-server 2022-02-20 10:40:15,307 [INFO] Sending to ptd: 'Go,1000,0,2022-02-20_10-29-06_testing'
ptd-server 2022-02-20 10:40:15,307 [INFO] Reply from ptd: 'Starting untimed measurement, maximum 500000 samples at 1000ms with 0 rampup samples'
ptd-server 2022-02-20 10:40:15,308 [INFO] Sending reply to client 'OK'
ptd-server 2022-02-20 10:50:33,153 [INFO] Got command from the client 'session,2022-02-20_10-29-06,stop,testing'
ptd-server 2022-02-20 10:50:43,163 [INFO] Sending to ptd: 'Stop'
ptd-server 2022-02-20 10:50:43,164 [INFO] Reply from ptd: 'Stopping untimed measurement'
ptd-server 2022-02-20 10:50:43,412 [INFO] Sending reply to client 'OK'
ptd-server 2022-02-20 10:50:43,432 [INFO] Got command from the client 'session,2022-02-20_10-29-06,done'
ptd-server 2022-02-20 10:50:43,432 [INFO] Sending to ptd: 'Stop'
ptd-server 2022-02-20 10:50:43,432 [INFO] Reply from ptd: 'Error: no measurement to stop'
ptd-server 2022-02-20 10:50:43,432 [INFO] Sending to ptd: 'SR,V,300.000000'
ptd-server 2022-02-20 10:50:44,934 [INFO] Reply from ptd: 'Range V changed'
ptd-server 2022-02-20 10:50:44,934 [INFO] Sending to ptd: 'SR,A,0.500000'
ptd-server 2022-02-20 10:50:46,435 [INFO] Reply from ptd: 'Range A changed'
ptd-server 2022-02-20 10:50:46,435 [INFO] Set initial values for Amps 0.500000 and Volts 300.000000
ptd-server 2022-02-20 10:50:46,435 [INFO] Stopping ptd...
