ptd-server 2022-02-22 09:15:09,381 [INFO] Got command from the client 'time'
ptd-server 2022-02-22 09:15:09,381 [INFO] Sending reply to client '1645521309.381322'
ptd-server 2022-02-22 09:15:09,383 [INFO] Got command from the client 'new,,e3fe0c6f-a4d0-4510-85a1-8e3249573b0b'
ptd-server 2022-02-22 09:15:09,384 [INFO] Sending reply to client 'OK 2022-02-22_09-15-09,9c7fe0c9-bba7-494d-9513-55682b093606'
ptd-server 2022-02-22 09:15:09,421 [INFO] Got command from the client 'time'
ptd-server 2022-02-22 09:15:09,421 [INFO] Sending reply to client '1645521309.4212208'
ptd-server 2022-02-22 09:15:09,422 [INFO] Got command from the client 'session,2022-02-22_09-15-09,start,ranging'
ptd-server 2022-02-22 09:15:09,423 [INFO] Running PTDaemon: ['/home/anton/projects/mlperf/power/inference_v1.0/ptd-linux-x86', '-l', '/tmp/tmpgldyt7rr/ptd_logfile.txt', '-p', '8888', '49', '/dev/usbtmc0']
ptd-server 2022-02-22 09:15:26,595 [INFO] Sending to ptd: 'Hello'
ptd-server 2022-02-22 09:15:26,596 [INFO] Reply from ptd: 'Hello, PTDaemon here!'
ptd-server 2022-02-22 09:15:26,596 [INFO] Sending to ptd: 'Identify'
ptd-server 2022-02-22 09:15:26,597 [INFO] Reply from ptd: 'YokogawaWT310E,1000,1,1,1,1,0,1,1,version=1.9.2-e8c7a49a-20201208,OS=Linux 5.13.0-28-generic #31~20.04.1-Ubuntu SMP Wed Jan 19 14:08:10 UTC 2022 x86_64,mode=power,1,1,1,0,0,no_cal_date,YOKOGAWA;WT310E;C3XA04010E;F1.04'
ptd-server 2022-02-22 09:15:26,597 [INFO] Connected to PTDaemon
ptd-server 2022-02-22 09:15:26,597 [INFO] Sending to ptd: 'RR'
ptd-server 2022-02-22 09:15:26,597 [INFO] Reply from ptd: 'Ranges,0,0.500000,0,300.000000'
ptd-server 2022-02-22 09:15:26,597 [INFO] Initial range for Amps is 0.500000 for Volts is 300.000000
ptd-server 2022-02-22 09:15:26,597 [INFO] Sending to ptd: 'SR,V,Auto'
ptd-server 2022-02-22 09:15:27,100 [INFO] Reply from ptd: 'Range V changed'
ptd-server 2022-02-22 09:15:27,100 [INFO] Sending to ptd: 'SR,A,Auto'
ptd-server 2022-02-22 09:15:27,602 [INFO] Reply from ptd: 'Range A changed'
ptd-server 2022-02-22 09:15:37,608 [INFO] Starting ranging mode
ptd-server 2022-02-22 09:15:37,608 [INFO] Sending to ptd: 'Go,1000,0,2022-02-22_09-15-09_ranging'
ptd-server 2022-02-22 09:15:37,608 [INFO] Reply from ptd: 'Starting untimed measurement, maximum 500000 samples at 1000ms with 0 rampup samples'
ptd-server 2022-02-22 09:15:37,609 [INFO] Sending reply to client 'OK'
ptd-server 2022-02-22 09:26:06,628 [INFO] Got command from the client 'session,2022-02-22_09-15-09,stop,ranging'
ptd-server 2022-02-22 09:26:16,638 [INFO] Sending to ptd: 'Stop'
ptd-server 2022-02-22 09:26:16,639 [INFO] Reply from ptd: 'Stopping untimed measurement'
ptd-server 2022-02-22 09:26:17,346 [INFO] Sending reply to client 'OK'
ptd-server 2022-02-22 09:26:17,405 [INFO] Got command from the client 'time'
ptd-server 2022-02-22 09:26:17,405 [INFO] Sending reply to client '1645521977.4053917'
ptd-server 2022-02-22 09:26:17,406 [INFO] Got command from the client 'session,2022-02-22_09-15-09,start,testing'
ptd-server 2022-02-22 09:26:17,406 [INFO] Sending to ptd: 'SR,V,248.820000'
ptd-server 2022-02-22 09:26:19,109 [INFO] Reply from ptd: 'Range V changed'
ptd-server 2022-02-22 09:26:19,110 [INFO] Sending to ptd: 'SR,A,0.052490'
ptd-server 2022-02-22 09:26:20,611 [INFO] Reply from ptd: 'Range A changed'
ptd-server 2022-02-22 09:26:30,621 [INFO] Starting testing mode
ptd-server 2022-02-22 09:26:30,621 [INFO] Sending to ptd: 'Go,1000,0,2022-02-22_09-15-09_testing'
ptd-server 2022-02-22 09:26:30,622 [INFO] Reply from ptd: 'Starting untimed measurement, maximum 500000 samples at 1000ms with 0 rampup samples'
ptd-server 2022-02-22 09:26:30,622 [INFO] Sending reply to client 'OK'
ptd-server 2022-02-22 09:36:59,373 [INFO] Got command from the client 'session,2022-02-22_09-15-09,stop,testing'
ptd-server 2022-02-22 09:37:09,384 [INFO] Sending to ptd: 'Stop'
ptd-server 2022-02-22 09:37:09,384 [INFO] Reply from ptd: 'Stopping untimed measurement'
ptd-server 2022-02-22 09:37:09,760 [INFO] Sending reply to client 'OK'
ptd-server 2022-02-22 09:37:09,779 [INFO] Got command from the client 'session,2022-02-22_09-15-09,done'
ptd-server 2022-02-22 09:37:09,779 [INFO] Sending to ptd: 'Stop'
ptd-server 2022-02-22 09:37:09,780 [INFO] Reply from ptd: 'Error: no measurement to stop'
ptd-server 2022-02-22 09:37:09,780 [INFO] Sending to ptd: 'SR,V,300.000000'
ptd-server 2022-02-22 09:37:11,281 [INFO] Reply from ptd: 'Range V changed'
ptd-server 2022-02-22 09:37:11,281 [INFO] Sending to ptd: 'SR,A,0.500000'
ptd-server 2022-02-22 09:37:12,783 [INFO] Reply from ptd: 'Range A changed'
ptd-server 2022-02-22 09:37:12,783 [INFO] Set initial values for Amps 0.500000 and Volts 300.000000
ptd-server 2022-02-22 09:37:12,783 [INFO] Stopping ptd...
