ptd-server 2022-02-11 22:39:57,554 [INFO] Got command from the client 'stop'
ptd-server 2022-02-11 22:39:57,554 [INFO] The server will be stopped after processing this client
ptd-server 2022-02-11 22:39:57,554 [INFO] Sending reply to client 'OK'
ptd-server 2022-02-11 22:39:57,773 [INFO] Got command from the client 'time'
ptd-server 2022-02-11 22:39:57,773 [INFO] Sending reply to client '1644647997.773321'
ptd-server 2022-02-11 22:39:57,773 [INFO] Got command from the client 'new,,0e1b1a33-d14e-471e-875b-2676b32e9ea4'
ptd-server 2022-02-11 22:39:57,773 [INFO] Sending reply to client 'OK 2022-02-11_22-39-57,0935a879-ea6e-4fba-b9c8-811dead83dfc'
ptd-server 2022-02-11 22:39:57,989 [INFO] Got command from the client 'time'
ptd-server 2022-02-11 22:39:57,989 [INFO] Sending reply to client '1644647997.9899352'
ptd-server 2022-02-11 22:39:57,989 [INFO] Got command from the client 'session,2022-02-11_22-39-57,start,ranging'
ptd-server 2022-02-11 22:39:58,099 [INFO] Running PTDaemon: ['C:\\PTD\\ptd-windows-x86.exe', '-l', 'C:\\Users\\lab\\AppData\\Local\\Temp\\tmph02x3std\\ptd_logfile.txt', '-p', '8888', '-c', '1,3', '-y', '77', '10.117.41.199']
ptd-server 2022-02-11 22:40:18,317 [INFO] Sending to ptd: 'Hello'
ptd-server 2022-02-11 22:40:18,317 [INFO] Reply from ptd: 'Hello, PTDaemon here!'
ptd-server 2022-02-11 22:40:18,317 [INFO] Sending to ptd: 'Identify'
ptd-server 2022-02-11 22:40:18,317 [INFO] Reply from ptd: 'YokogawaWT330_multichannel,1000,1,1,1,1,0,0,1,version=1.9.2-3976349f-20201208,OS=Windows 8 / Server 2012,mode=power,1,1,2,0,0,no_cal_date,YOKOGAWA;WT333E;C2WL21011V;F1.04'
ptd-server 2022-02-11 22:40:18,317 [INFO] Connected to PTDaemon
ptd-server 2022-02-11 22:40:18,317 [INFO] Sending to ptd: 'RR'
ptd-server 2022-02-11 22:40:18,317 [INFO] Reply from ptd: 'Ranges,0,5.000000,0,300.000000'
ptd-server 2022-02-11 22:40:18,317 [INFO] Initial range for Amps is 5.000000 for Volts is 300.000000
ptd-server 2022-02-11 22:40:18,317 [INFO] Sending to ptd: 'SR,V,Auto'
ptd-server 2022-02-11 22:40:23,393 [INFO] Reply from ptd: 'Range V changed'
ptd-server 2022-02-11 22:40:23,393 [INFO] Sending to ptd: 'SR,A,Auto'
ptd-server 2022-02-11 22:40:28,471 [INFO] Reply from ptd: 'Range A changed'
ptd-server 2022-02-11 22:40:38,487 [INFO] Starting ranging mode
ptd-server 2022-02-11 22:40:38,487 [INFO] Sending to ptd: 'Go,1000,0,2022-02-11_22-39-57_ranging'
ptd-server 2022-02-11 22:40:38,487 [INFO] Reply from ptd: 'Starting untimed measurement, maximum 500000 samples at 1000ms with 0 rampup samples'
ptd-server 2022-02-11 22:40:38,487 [INFO] Sending reply to client 'OK'
ptd-server 2022-02-11 23:02:48,787 [INFO] Got command from the client 'session,2022-02-11_22-39-57,stop,ranging'
ptd-server 2022-02-11 23:02:58,787 [INFO] Sending to ptd: 'Stop'
ptd-server 2022-02-11 23:02:58,787 [INFO] Reply from ptd: 'Stopping untimed measurement'
ptd-server 2022-02-11 23:02:58,850 [INFO] Sending reply to client 'OK'
ptd-server 2022-02-11 23:02:59,070 [INFO] Got command from the client 'time'
ptd-server 2022-02-11 23:02:59,070 [INFO] Sending reply to client '1644649379.070197'
ptd-server 2022-02-11 23:02:59,070 [INFO] Got command from the client 'session,2022-02-11_22-39-57,start,testing'
ptd-server 2022-02-11 23:02:59,070 [INFO] Sending to ptd: 'SR,V,205.960000'
ptd-server 2022-02-11 23:03:05,576 [INFO] Reply from ptd: 'Range V changed'
ptd-server 2022-02-11 23:03:05,576 [INFO] Sending to ptd: 'SR,A,3.377700'
ptd-server 2022-02-11 23:03:11,162 [INFO] Reply from ptd: 'Range A changed'
ptd-server 2022-02-11 23:03:21,178 [INFO] Starting testing mode
ptd-server 2022-02-11 23:03:21,178 [INFO] Sending to ptd: 'Go,1000,0,2022-02-11_22-39-57_testing'
ptd-server 2022-02-11 23:03:21,178 [INFO] Reply from ptd: 'Starting untimed measurement, maximum 500000 samples at 1000ms with 0 rampup samples'
ptd-server 2022-02-11 23:03:21,178 [INFO] Sending reply to client 'OK'
ptd-server 2022-02-11 23:25:32,397 [INFO] Got command from the client 'session,2022-02-11_22-39-57,stop,testing'
ptd-server 2022-02-11 23:25:42,403 [INFO] Sending to ptd: 'Stop'
ptd-server 2022-02-11 23:25:42,403 [INFO] Reply from ptd: 'Stopping untimed measurement'
ptd-server 2022-02-11 23:25:42,419 [INFO] Sending reply to client 'OK'
ptd-server 2022-02-11 23:25:42,450 [INFO] Got command from the client 'session,2022-02-11_22-39-57,done'
ptd-server 2022-02-11 23:25:42,450 [INFO] Sending to ptd: 'Stop'
ptd-server 2022-02-11 23:25:43,192 [INFO] Reply from ptd: 'Error: no measurement to stop'
ptd-server 2022-02-11 23:25:43,192 [INFO] Sending to ptd: 'SR,V,300.000000'
ptd-server 2022-02-11 23:25:49,271 [INFO] Reply from ptd: 'Range V changed'
ptd-server 2022-02-11 23:25:49,271 [INFO] Sending to ptd: 'SR,A,5.000000'
ptd-server 2022-02-11 23:25:54,852 [INFO] Reply from ptd: 'Range A changed'
ptd-server 2022-02-11 23:25:54,852 [INFO] Set initial values for Amps 5.000000 and Volts 300.000000
ptd-server 2022-02-11 23:25:54,852 [INFO] Stopping ptd...
