ptd-server 2022-02-13 18:07:10,110 [INFO] Got command from the client 'time'
ptd-server 2022-02-13 18:07:10,110 [INFO] Sending reply to client '1644775630.110181'
ptd-server 2022-02-13 18:07:10,112 [INFO] Got command from the client 'new,,2c89f214-d4d9-47e0-a370-43ffb147ca6a'
ptd-server 2022-02-13 18:07:10,113 [INFO] Sending reply to client 'OK 2022-02-13_18-07-10,392c444c-483d-4faf-9d57-6f991bdb2dd0'
ptd-server 2022-02-13 18:07:10,150 [INFO] Got command from the client 'time'
ptd-server 2022-02-13 18:07:10,150 [INFO] Sending reply to client '1644775630.1501777'
ptd-server 2022-02-13 18:07:10,152 [INFO] Got command from the client 'session,2022-02-13_18-07-10,start,ranging'
ptd-server 2022-02-13 18:07:10,152 [INFO] Running PTDaemon: ['/home/anton/projects/mlperf/power/inference_v1.0/ptd-linux-x86', '-l', '/tmp/tmpxvec0g6h/ptd_logfile.txt', '-p', '8888', '49', '/dev/usbtmc0']
ptd-server 2022-02-13 18:07:27,326 [INFO] Sending to ptd: 'Hello'
ptd-server 2022-02-13 18:07:27,327 [INFO] Reply from ptd: 'Hello, PTDaemon here!'
ptd-server 2022-02-13 18:07:27,327 [INFO] Sending to ptd: 'Identify'
ptd-server 2022-02-13 18:07:27,327 [INFO] Reply from ptd: 'YokogawaWT310E,1000,1,1,1,1,0,1,1,version=1.9.2-e8c7a49a-20201208,OS=Linux 5.13.0-27-generic #29~20.04.1-Ubuntu SMP Fri Jan 14 00:32:30 UTC 2022 x86_64,mode=power,1,1,1,0,0,no_cal_date,YOKOGAWA;WT310E;C3XA04010E;F1.04'
ptd-server 2022-02-13 18:07:27,328 [INFO] Connected to PTDaemon
ptd-server 2022-02-13 18:07:27,328 [INFO] Sending to ptd: 'RR'
ptd-server 2022-02-13 18:07:27,328 [INFO] Reply from ptd: 'Ranges,0,0.500000,0,300.000000'
ptd-server 2022-02-13 18:07:27,328 [INFO] Initial range for Amps is 0.500000 for Volts is 300.000000
ptd-server 2022-02-13 18:07:27,328 [INFO] Sending to ptd: 'SR,V,Auto'
ptd-server 2022-02-13 18:07:27,831 [INFO] Reply from ptd: 'Range V changed'
ptd-server 2022-02-13 18:07:27,831 [INFO] Sending to ptd: 'SR,A,Auto'
ptd-server 2022-02-13 18:07:28,334 [INFO] Reply from ptd: 'Range A changed'
ptd-server 2022-02-13 18:07:38,344 [INFO] Starting ranging mode
ptd-server 2022-02-13 18:07:38,344 [INFO] Sending to ptd: 'Go,1000,0,2022-02-13_18-07-10_ranging'
ptd-server 2022-02-13 18:07:38,345 [INFO] Reply from ptd: 'Starting untimed measurement, maximum 500000 samples at 1000ms with 0 rampup samples'
ptd-server 2022-02-13 18:07:38,345 [INFO] Sending reply to client 'OK'
ptd-server 2022-02-13 18:17:54,145 [INFO] Got command from the client 'session,2022-02-13_18-07-10,stop,ranging'
ptd-server 2022-02-13 18:18:04,156 [INFO] Sending to ptd: 'Stop'
ptd-server 2022-02-13 18:18:04,156 [INFO] Reply from ptd: 'Stopping untimed measurement'
ptd-server 2022-02-13 18:18:04,790 [INFO] Sending reply to client 'OK'
ptd-server 2022-02-13 18:18:04,843 [INFO] Got command from the client 'time'
ptd-server 2022-02-13 18:18:04,844 [INFO] Sending reply to client '1644776284.844087'
ptd-server 2022-02-13 18:18:04,846 [INFO] Got command from the client 'session,2022-02-13_18-07-10,start,testing'
ptd-server 2022-02-13 18:18:04,846 [INFO] Sending to ptd: 'SR,V,247.260000'
ptd-server 2022-02-13 18:18:06,348 [INFO] Reply from ptd: 'Range V changed'
ptd-server 2022-02-13 18:18:06,348 [INFO] Sending to ptd: 'SR,A,0.156430'
ptd-server 2022-02-13 18:18:07,849 [INFO] Reply from ptd: 'Range A changed'
ptd-server 2022-02-13 18:18:17,860 [INFO] Starting testing mode
ptd-server 2022-02-13 18:18:17,860 [INFO] Sending to ptd: 'Go,1000,0,2022-02-13_18-07-10_testing'
ptd-server 2022-02-13 18:18:17,860 [INFO] Reply from ptd: 'Starting untimed measurement, maximum 500000 samples at 1000ms with 0 rampup samples'
ptd-server 2022-02-13 18:18:17,861 [INFO] Sending reply to client 'OK'
ptd-server 2022-02-13 18:28:33,612 [INFO] Got command from the client 'session,2022-02-13_18-07-10,stop,testing'
ptd-server 2022-02-13 18:28:43,622 [INFO] Sending to ptd: 'Stop'
ptd-server 2022-02-13 18:28:43,623 [INFO] Reply from ptd: 'Stopping untimed measurement'
ptd-server 2022-02-13 18:28:43,967 [INFO] Sending reply to client 'OK'
ptd-server 2022-02-13 18:28:43,985 [INFO] Got command from the client 'session,2022-02-13_18-07-10,done'
ptd-server 2022-02-13 18:28:43,985 [INFO] Sending to ptd: 'Stop'
ptd-server 2022-02-13 18:28:43,986 [INFO] Reply from ptd: 'Error: no measurement to stop'
ptd-server 2022-02-13 18:28:43,986 [INFO] Sending to ptd: 'SR,V,300.000000'
ptd-server 2022-02-13 18:28:45,487 [INFO] Reply from ptd: 'Range V changed'
ptd-server 2022-02-13 18:28:45,487 [INFO] Sending to ptd: 'SR,A,0.500000'
ptd-server 2022-02-13 18:28:46,989 [INFO] Reply from ptd: 'Range A changed'
ptd-server 2022-02-13 18:28:46,989 [INFO] Set initial values for Amps 0.500000 and Volts 300.000000
ptd-server 2022-02-13 18:28:46,989 [INFO] Stopping ptd...
