ptd-server 2022-02-24 10:06:34,193 [INFO] Got command from the client 'time'
ptd-server 2022-02-24 10:06:34,193 [INFO] Sending reply to client '1645697194.193762'
ptd-server 2022-02-24 10:06:34,196 [INFO] Got command from the client 'new,,d3c3f801-e8fa-4157-8c9d-a1c796330f60'
ptd-server 2022-02-24 10:06:34,196 [INFO] Sending reply to client 'OK 2022-02-24_10-06-34,67abb51f-e575-4234-867c-70307bc26c38'
ptd-server 2022-02-24 10:06:34,229 [INFO] Got command from the client 'time'
ptd-server 2022-02-24 10:06:34,229 [INFO] Sending reply to client '1645697194.2295537'
ptd-server 2022-02-24 10:06:34,231 [INFO] Got command from the client 'session,2022-02-24_10-06-34,start,ranging'
ptd-server 2022-02-24 10:06:34,231 [INFO] Running PTDaemon: ['/home/anton/projects/mlperf/power/inference_v1.0/ptd-linux-x86', '-l', '/tmp/tmp0_fn53vp/ptd_logfile.txt', '-p', '8888', '49', '/dev/usbtmc0']
ptd-server 2022-02-24 10:06:51,405 [INFO] Sending to ptd: 'Hello'
ptd-server 2022-02-24 10:06:51,406 [INFO] Reply from ptd: 'Hello, PTDaemon here!'
ptd-server 2022-02-24 10:06:51,406 [INFO] Sending to ptd: 'Identify'
ptd-server 2022-02-24 10:06:51,406 [INFO] Reply from ptd: 'YokogawaWT310E,1000,1,1,1,1,0,1,1,version=1.9.2-e8c7a49a-20201208,OS=Linux 5.13.0-30-generic #33~20.04.1-Ubuntu SMP Mon Feb 7 14:25:10 UTC 2022 x86_64,mode=power,1,1,1,0,0,no_cal_date,YOKOGAWA;WT310E;C3XA04010E;F1.04'
ptd-server 2022-02-24 10:06:51,406 [INFO] Connected to PTDaemon
ptd-server 2022-02-24 10:06:51,406 [INFO] Sending to ptd: 'RR'
ptd-server 2022-02-24 10:06:51,407 [INFO] Reply from ptd: 'Ranges,0,0.500000,1,300.000000'
ptd-server 2022-02-24 10:06:51,407 [INFO] Initial range for Amps is 0.500000 for Volts is Auto
ptd-server 2022-02-24 10:06:51,407 [INFO] Sending to ptd: 'SR,V,Auto'
ptd-server 2022-02-24 10:06:51,909 [INFO] Reply from ptd: 'Range V changed'
ptd-server 2022-02-24 10:06:51,910 [INFO] Sending to ptd: 'SR,A,Auto'
ptd-server 2022-02-24 10:06:52,412 [INFO] Reply from ptd: 'Range A changed'
ptd-server 2022-02-24 10:07:02,422 [INFO] Starting ranging mode
ptd-server 2022-02-24 10:07:02,423 [INFO] Sending to ptd: 'Go,1000,0,2022-02-24_10-06-34_ranging'
ptd-server 2022-02-24 10:07:02,423 [INFO] Reply from ptd: 'Starting untimed measurement, maximum 500000 samples at 1000ms with 0 rampup samples'
ptd-server 2022-02-24 10:07:02,423 [INFO] Sending reply to client 'OK'
ptd-server 2022-02-24 10:17:25,283 [INFO] Got command from the client 'session,2022-02-24_10-06-34,stop,ranging'
ptd-server 2022-02-24 10:17:35,293 [INFO] Sending to ptd: 'Stop'
ptd-server 2022-02-24 10:17:35,294 [INFO] Reply from ptd: 'Stopping untimed measurement'
ptd-server 2022-02-24 10:17:35,395 [INFO] Sending reply to client 'OK'
ptd-server 2022-02-24 10:17:35,451 [INFO] Got command from the client 'time'
ptd-server 2022-02-24 10:17:35,451 [INFO] Sending reply to client '1645697855.4514685'
ptd-server 2022-02-24 10:17:35,453 [INFO] Got command from the client 'session,2022-02-24_10-06-34,start,testing'
ptd-server 2022-02-24 10:17:35,453 [INFO] Sending to ptd: 'SR,V,248.090000'
ptd-server 2022-02-24 10:17:36,954 [INFO] Reply from ptd: 'Range V changed'
ptd-server 2022-02-24 10:17:36,955 [INFO] Sending to ptd: 'SR,A,0.043990'
ptd-server 2022-02-24 10:17:38,456 [INFO] Reply from ptd: 'Range A changed'
ptd-server 2022-02-24 10:17:48,466 [INFO] Starting testing mode
ptd-server 2022-02-24 10:17:48,467 [INFO] Sending to ptd: 'Go,1000,0,2022-02-24_10-06-34_testing'
ptd-server 2022-02-24 10:17:48,467 [INFO] Reply from ptd: 'Starting untimed measurement, maximum 500000 samples at 1000ms with 0 rampup samples'
ptd-server 2022-02-24 10:17:48,467 [INFO] Sending reply to client 'OK'
ptd-server 2022-02-24 10:28:11,214 [INFO] Got command from the client 'session,2022-02-24_10-06-34,stop,testing'
ptd-server 2022-02-24 10:28:21,224 [INFO] Sending to ptd: 'Stop'
ptd-server 2022-02-24 10:28:21,225 [INFO] Reply from ptd: 'Stopping untimed measurement'
ptd-server 2022-02-24 10:28:21,276 [INFO] Sending reply to client 'OK'
ptd-server 2022-02-24 10:28:21,295 [INFO] Got command from the client 'session,2022-02-24_10-06-34,done'
ptd-server 2022-02-24 10:28:21,295 [INFO] Sending to ptd: 'Stop'
ptd-server 2022-02-24 10:28:21,467 [INFO] Reply from ptd: 'Error: no measurement to stop'
ptd-server 2022-02-24 10:28:21,468 [INFO] Sending to ptd: 'SR,V,Auto'
ptd-server 2022-02-24 10:28:21,970 [INFO] Reply from ptd: 'Range V changed'
ptd-server 2022-02-24 10:28:21,970 [INFO] Sending to ptd: 'SR,A,0.500000'
ptd-server 2022-02-24 10:28:23,472 [INFO] Reply from ptd: 'Range A changed'
ptd-server 2022-02-24 10:28:23,472 [INFO] Set initial values for Amps 0.500000 and Volts Auto
ptd-server 2022-02-24 10:28:23,472 [INFO] Stopping ptd...
