ptd-server 2022-02-18 20:54:39,366 [INFO] Got command from the client 'time'
ptd-server 2022-02-18 20:54:39,366 [INFO] Sending reply to client '1645239279.3667562'
ptd-server 2022-02-18 20:54:39,367 [INFO] Got command from the client 'new,,54487474-eb7a-44cc-87a3-7ed3c0ebcd88'
ptd-server 2022-02-18 20:54:39,368 [INFO] Sending reply to client 'OK 2022-02-18_20-54-39,69d41a3b-ef4a-452c-b944-87c642de7481'
ptd-server 2022-02-18 20:54:39,475 [INFO] Got command from the client 'time'
ptd-server 2022-02-18 20:54:39,476 [INFO] Sending reply to client '1645239279.476136'
ptd-server 2022-02-18 20:54:39,477 [INFO] Got command from the client 'session,2022-02-18_20-54-39,start,ranging'
ptd-server 2022-02-18 20:54:39,477 [INFO] Running PTDaemon: ['/local/mnt/workspace/mlcommons/power-main/inference_v1.0/ptd-linux-x86', '-l', '/tmp/tmprkpz3dbq/ptd_logfile.txt', '-p', '8888', '-c', '1,2', '77', '/dev/usbtmc0']
ptd-server 2022-02-18 20:54:57,069 [INFO] Sending to ptd: 'Hello'
ptd-server 2022-02-18 20:54:57,070 [INFO] Reply from ptd: 'Hello, PTDaemon here!'
ptd-server 2022-02-18 20:54:57,070 [INFO] Sending to ptd: 'Identify'
ptd-server 2022-02-18 20:54:57,071 [INFO] Reply from ptd: 'YokogawaWT330_multichannel,1000,1,1,1,1,0,0,1,version=1.9.2-e8c7a49a-20201208,OS=Linux 4.15.0-142-generic #146~16.04.1-Ubuntu SMP Tue Apr 13 09:27:15 UTC 2021 x86_64,mode=power,1,1,2,0,0,no_cal_date,YOKOGAWA;WT333E;C2XC17004V;F1.04'
ptd-server 2022-02-18 20:54:57,071 [INFO] Connected to PTDaemon
ptd-server 2022-02-18 20:54:57,071 [INFO] Sending to ptd: 'RR'
ptd-server 2022-02-18 20:54:57,072 [INFO] Reply from ptd: 'Ranges,-1,-1.000000,-1,-1.000000'
ptd-server 2022-02-18 20:54:57,072 [INFO] Initial range for Amps is Auto for Volts is Auto
ptd-server 2022-02-18 20:54:57,072 [INFO] Sending to ptd: 'SR,V,Auto'
ptd-server 2022-02-18 20:55:02,134 [INFO] Reply from ptd: 'Range V changed'
ptd-server 2022-02-18 20:55:02,134 [INFO] Sending to ptd: 'SR,A,Auto'
ptd-server 2022-02-18 20:55:07,187 [INFO] Reply from ptd: 'Range A changed'
ptd-server 2022-02-18 20:55:17,197 [INFO] Starting ranging mode
ptd-server 2022-02-18 20:55:17,198 [INFO] Sending to ptd: 'Go,1000,0,2022-02-18_20-54-39_ranging'
ptd-server 2022-02-18 20:55:17,198 [INFO] Reply from ptd: 'Starting untimed measurement, maximum 500000 samples at 1000ms with 0 rampup samples'
ptd-server 2022-02-18 20:55:17,198 [INFO] Sending reply to client 'OK'
ptd-server 2022-02-18 21:08:30,473 [INFO] Got command from the client 'session,2022-02-18_20-54-39,stop,ranging'
ptd-server 2022-02-18 21:08:40,483 [INFO] Sending to ptd: 'Stop'
ptd-server 2022-02-18 21:08:40,484 [INFO] Reply from ptd: 'Stopping untimed measurement'
ptd-server 2022-02-18 21:08:40,511 [INFO] Sending reply to client 'OK'
ptd-server 2022-02-18 21:08:40,623 [INFO] Got command from the client 'time'
ptd-server 2022-02-18 21:08:40,624 [INFO] Sending reply to client '1645240120.6242793'
ptd-server 2022-02-18 21:08:40,625 [INFO] Got command from the client 'session,2022-02-18_20-54-39,start,testing'
ptd-server 2022-02-18 21:08:40,625 [INFO] Sending to ptd: 'SR,V,211.760000'
ptd-server 2022-02-18 21:08:47,250 [INFO] Reply from ptd: 'Range V changed'
ptd-server 2022-02-18 21:08:47,251 [INFO] Sending to ptd: 'SR,A,3.839800'
ptd-server 2022-02-18 21:08:52,803 [INFO] Reply from ptd: 'Range A changed'
ptd-server 2022-02-18 21:09:02,813 [INFO] Starting testing mode
ptd-server 2022-02-18 21:09:02,814 [INFO] Sending to ptd: 'Go,1000,0,2022-02-18_20-54-39_testing'
ptd-server 2022-02-18 21:09:02,814 [INFO] Reply from ptd: 'Starting untimed measurement, maximum 500000 samples at 1000ms with 0 rampup samples'
ptd-server 2022-02-18 21:09:02,814 [INFO] Sending reply to client 'OK'
ptd-server 2022-02-18 21:22:15,253 [INFO] Got command from the client 'session,2022-02-18_20-54-39,stop,testing'
ptd-server 2022-02-18 21:22:25,284 [INFO] Sending to ptd: 'Stop'
ptd-server 2022-02-18 21:22:25,285 [INFO] Reply from ptd: 'Stopping untimed measurement'
ptd-server 2022-02-18 21:22:25,296 [INFO] Sending reply to client 'OK'
ptd-server 2022-02-18 21:22:25,301 [INFO] Got command from the client 'session,2022-02-18_20-54-39,done'
ptd-server 2022-02-18 21:22:25,301 [INFO] Sending to ptd: 'Stop'
ptd-server 2022-02-18 21:22:25,815 [INFO] Reply from ptd: 'Error: no measurement to stop'
ptd-server 2022-02-18 21:22:25,815 [INFO] Sending to ptd: 'SR,V,Auto'
ptd-server 2022-02-18 21:22:30,868 [INFO] Reply from ptd: 'Range V changed'
ptd-server 2022-02-18 21:22:30,868 [INFO] Sending to ptd: 'SR,A,Auto'
ptd-server 2022-02-18 21:22:35,921 [INFO] Reply from ptd: 'Range A changed'
ptd-server 2022-02-18 21:22:35,921 [INFO] Set initial values for Amps Auto and Volts Auto
ptd-server 2022-02-18 21:22:35,921 [INFO] Stopping ptd...
