ptd-server 2022-02-14 14:22:19,570 [INFO] Got command from the client 'time'
ptd-server 2022-02-14 14:22:19,571 [INFO] Sending reply to client '1644848539.571081'
ptd-server 2022-02-14 14:22:19,573 [INFO] Got command from the client 'new,,0f5d129d-c6cb-4596-91a6-f8a6473c42a4'
ptd-server 2022-02-14 14:22:19,574 [INFO] Sending reply to client 'OK 2022-02-14_14-22-19,6ca853e8-cc4b-4040-a976-7cb9de3d1322'
ptd-server 2022-02-14 14:22:19,620 [INFO] Got command from the client 'time'
ptd-server 2022-02-14 14:22:19,620 [INFO] Sending reply to client '1644848539.6203442'
ptd-server 2022-02-14 14:22:19,622 [INFO] Got command from the client 'session,2022-02-14_14-22-19,start,ranging'
ptd-server 2022-02-14 14:22:19,622 [INFO] Running PTDaemon: ['/home/anton/projects/mlperf/power/inference_v1.0/ptd-linux-x86', '-l', '/tmp/tmpxvec0g6h/ptd_logfile.txt', '-p', '8888', '49', '/dev/usbtmc0']
ptd-server 2022-02-14 14:22:36,796 [INFO] Sending to ptd: 'Hello'
ptd-server 2022-02-14 14:22:36,796 [INFO] Reply from ptd: 'Hello, PTDaemon here!'
ptd-server 2022-02-14 14:22:36,796 [INFO] Sending to ptd: 'Identify'
ptd-server 2022-02-14 14:22:36,797 [INFO] Reply from ptd: 'YokogawaWT310E,1000,1,1,1,1,0,1,1,version=1.9.2-e8c7a49a-20201208,OS=Linux 5.13.0-27-generic #29~20.04.1-Ubuntu SMP Fri Jan 14 00:32:30 UTC 2022 x86_64,mode=power,1,1,1,0,0,no_cal_date,YOKOGAWA;WT310E;C3XA04010E;F1.04'
ptd-server 2022-02-14 14:22:36,797 [INFO] Connected to PTDaemon
ptd-server 2022-02-14 14:22:36,797 [INFO] Sending to ptd: 'RR'
ptd-server 2022-02-14 14:22:36,797 [INFO] Reply from ptd: 'Ranges,0,0.500000,0,300.000000'
ptd-server 2022-02-14 14:22:36,797 [INFO] Initial range for Amps is 0.500000 for Volts is 300.000000
ptd-server 2022-02-14 14:22:36,798 [INFO] Sending to ptd: 'SR,V,Auto'
ptd-server 2022-02-14 14:22:37,300 [INFO] Reply from ptd: 'Range V changed'
ptd-server 2022-02-14 14:22:37,300 [INFO] Sending to ptd: 'SR,A,Auto'
ptd-server 2022-02-14 14:22:37,803 [INFO] Reply from ptd: 'Range A changed'
ptd-server 2022-02-14 14:22:47,813 [INFO] Starting ranging mode
ptd-server 2022-02-14 14:22:47,813 [INFO] Sending to ptd: 'Go,1000,0,2022-02-14_14-22-19_ranging'
ptd-server 2022-02-14 14:22:47,814 [INFO] Reply from ptd: 'Starting untimed measurement, maximum 500000 samples at 1000ms with 0 rampup samples'
ptd-server 2022-02-14 14:22:47,814 [INFO] Sending reply to client 'OK'
ptd-server 2022-02-14 14:33:06,932 [INFO] Got command from the client 'session,2022-02-14_14-22-19,stop,ranging'
ptd-server 2022-02-14 14:33:16,941 [INFO] Sending to ptd: 'Stop'
ptd-server 2022-02-14 14:33:16,941 [INFO] Reply from ptd: 'Stopping untimed measurement'
ptd-server 2022-02-14 14:33:17,685 [INFO] Sending reply to client 'OK'
ptd-server 2022-02-14 14:33:17,751 [INFO] Got command from the client 'time'
ptd-server 2022-02-14 14:33:17,751 [INFO] Sending reply to client '1644849197.751731'
ptd-server 2022-02-14 14:33:17,754 [INFO] Got command from the client 'session,2022-02-14_14-22-19,start,testing'
ptd-server 2022-02-14 14:33:17,754 [INFO] Sending to ptd: 'SR,V,250.310000'
ptd-server 2022-02-14 14:33:19,315 [INFO] Reply from ptd: 'Range V changed'
ptd-server 2022-02-14 14:33:19,316 [INFO] Sending to ptd: 'SR,A,0.180990'
ptd-server 2022-02-14 14:33:20,817 [INFO] Reply from ptd: 'Range A changed'
ptd-server 2022-02-14 14:33:30,820 [INFO] Starting testing mode
ptd-server 2022-02-14 14:33:30,820 [INFO] Sending to ptd: 'Go,1000,0,2022-02-14_14-22-19_testing'
ptd-server 2022-02-14 14:33:30,820 [INFO] Reply from ptd: 'Starting untimed measurement, maximum 500000 samples at 1000ms with 0 rampup samples'
ptd-server 2022-02-14 14:33:30,821 [INFO] Sending reply to client 'OK'
ptd-server 2022-02-14 14:43:50,045 [INFO] Got command from the client 'session,2022-02-14_14-22-19,stop,testing'
ptd-server 2022-02-14 14:44:00,055 [INFO] Sending to ptd: 'Stop'
ptd-server 2022-02-14 14:44:00,055 [INFO] Reply from ptd: 'Stopping untimed measurement'
ptd-server 2022-02-14 14:44:00,437 [INFO] Sending reply to client 'OK'
ptd-server 2022-02-14 14:44:00,456 [INFO] Got command from the client 'session,2022-02-14_14-22-19,done'
ptd-server 2022-02-14 14:44:00,457 [INFO] Sending to ptd: 'Stop'
ptd-server 2022-02-14 14:44:00,820 [INFO] Reply from ptd: 'Error: no measurement to stop'
ptd-server 2022-02-14 14:44:00,820 [INFO] Sending to ptd: 'SR,V,300.000000'
ptd-server 2022-02-14 14:44:02,322 [INFO] Reply from ptd: 'Range V changed'
ptd-server 2022-02-14 14:44:02,322 [INFO] Sending to ptd: 'SR,A,0.500000'
ptd-server 2022-02-14 14:44:03,823 [INFO] Reply from ptd: 'Range A changed'
ptd-server 2022-02-14 14:44:03,823 [INFO] Set initial values for Amps 0.500000 and Volts 300.000000
ptd-server 2022-02-14 14:44:03,824 [INFO] Stopping ptd...
