ptd-server 2022-02-13 15:56:41,043 [INFO] Got command from the client 'time'
ptd-server 2022-02-13 15:56:41,044 [INFO] Sending reply to client '1644767801.0441313'
ptd-server 2022-02-13 15:56:41,046 [INFO] Got command from the client 'new,,22db324d-c8d1-4f2f-be75-c4f6b05b15aa'
ptd-server 2022-02-13 15:56:41,046 [INFO] Sending reply to client 'OK 2022-02-13_15-56-41,0c734a07-3751-4841-9f5e-46ab81418bbc'
ptd-server 2022-02-13 15:56:41,091 [INFO] Got command from the client 'time'
ptd-server 2022-02-13 15:56:41,091 [INFO] Sending reply to client '1644767801.0918033'
ptd-server 2022-02-13 15:56:41,094 [INFO] Got command from the client 'session,2022-02-13_15-56-41,start,ranging'
ptd-server 2022-02-13 15:56:41,094 [INFO] Running PTDaemon: ['/home/anton/projects/mlperf/power/inference_v1.0/ptd-linux-x86', '-l', '/tmp/tmpxvec0g6h/ptd_logfile.txt', '-p', '8888', '49', '/dev/usbtmc0']
ptd-server 2022-02-13 15:56:58,266 [INFO] Sending to ptd: 'Hello'
ptd-server 2022-02-13 15:56:58,267 [INFO] Reply from ptd: 'Hello, PTDaemon here!'
ptd-server 2022-02-13 15:56:58,267 [INFO] Sending to ptd: 'Identify'
ptd-server 2022-02-13 15:56:58,268 [INFO] Reply from ptd: 'YokogawaWT310E,1000,1,1,1,1,0,1,1,version=1.9.2-e8c7a49a-20201208,OS=Linux 5.13.0-27-generic #29~20.04.1-Ubuntu SMP Fri Jan 14 00:32:30 UTC 2022 x86_64,mode=power,1,1,1,0,0,no_cal_date,YOKOGAWA;WT310E;C3XA04010E;F1.04'
ptd-server 2022-02-13 15:56:58,268 [INFO] Connected to PTDaemon
ptd-server 2022-02-13 15:56:58,268 [INFO] Sending to ptd: 'RR'
ptd-server 2022-02-13 15:56:58,268 [INFO] Reply from ptd: 'Ranges,0,0.500000,0,300.000000'
ptd-server 2022-02-13 15:56:58,268 [INFO] Initial range for Amps is 0.500000 for Volts is 300.000000
ptd-server 2022-02-13 15:56:58,269 [INFO] Sending to ptd: 'SR,V,Auto'
ptd-server 2022-02-13 15:56:58,771 [INFO] Reply from ptd: 'Range V changed'
ptd-server 2022-02-13 15:56:58,771 [INFO] Sending to ptd: 'SR,A,Auto'
ptd-server 2022-02-13 15:56:59,274 [INFO] Reply from ptd: 'Range A changed'
ptd-server 2022-02-13 15:57:09,284 [INFO] Starting ranging mode
ptd-server 2022-02-13 15:57:09,284 [INFO] Sending to ptd: 'Go,1000,0,2022-02-13_15-56-41_ranging'
ptd-server 2022-02-13 15:57:09,285 [INFO] Reply from ptd: 'Starting untimed measurement, maximum 500000 samples at 1000ms with 0 rampup samples'
ptd-server 2022-02-13 15:57:09,285 [INFO] Sending reply to client 'OK'
ptd-server 2022-02-13 16:07:25,032 [INFO] Got command from the client 'session,2022-02-13_15-56-41,stop,ranging'
ptd-server 2022-02-13 16:07:35,042 [INFO] Sending to ptd: 'Stop'
ptd-server 2022-02-13 16:07:35,043 [INFO] Reply from ptd: 'Stopping untimed measurement'
ptd-server 2022-02-13 16:07:35,665 [INFO] Sending reply to client 'OK'
ptd-server 2022-02-13 16:07:35,722 [INFO] Got command from the client 'time'
ptd-server 2022-02-13 16:07:35,722 [INFO] Sending reply to client '1644768455.7221637'
ptd-server 2022-02-13 16:07:35,724 [INFO] Got command from the client 'session,2022-02-13_15-56-41,start,testing'
ptd-server 2022-02-13 16:07:35,725 [INFO] Sending to ptd: 'SR,V,248.550000'
ptd-server 2022-02-13 16:07:37,226 [INFO] Reply from ptd: 'Range V changed'
ptd-server 2022-02-13 16:07:37,226 [INFO] Sending to ptd: 'SR,A,0.147810'
ptd-server 2022-02-13 16:07:38,727 [INFO] Reply from ptd: 'Range A changed'
ptd-server 2022-02-13 16:07:48,738 [INFO] Starting testing mode
ptd-server 2022-02-13 16:07:48,738 [INFO] Sending to ptd: 'Go,1000,0,2022-02-13_15-56-41_testing'
ptd-server 2022-02-13 16:07:48,738 [INFO] Reply from ptd: 'Starting untimed measurement, maximum 500000 samples at 1000ms with 0 rampup samples'
ptd-server 2022-02-13 16:07:48,738 [INFO] Sending reply to client 'OK'
ptd-server 2022-02-13 16:18:04,295 [INFO] Got command from the client 'session,2022-02-13_15-56-41,stop,testing'
ptd-server 2022-02-13 16:18:14,305 [INFO] Sending to ptd: 'Stop'
ptd-server 2022-02-13 16:18:14,306 [INFO] Reply from ptd: 'Stopping untimed measurement'
ptd-server 2022-02-13 16:18:14,632 [INFO] Sending reply to client 'OK'
ptd-server 2022-02-13 16:18:14,651 [INFO] Got command from the client 'session,2022-02-13_15-56-41,done'
ptd-server 2022-02-13 16:18:14,651 [INFO] Sending to ptd: 'Stop'
ptd-server 2022-02-13 16:18:14,739 [INFO] Reply from ptd: 'Error: no measurement to stop'
ptd-server 2022-02-13 16:18:14,739 [INFO] Sending to ptd: 'SR,V,300.000000'
ptd-server 2022-02-13 16:18:16,240 [INFO] Reply from ptd: 'Range V changed'
ptd-server 2022-02-13 16:18:16,240 [INFO] Sending to ptd: 'SR,A,0.500000'
ptd-server 2022-02-13 16:18:17,742 [INFO] Reply from ptd: 'Range A changed'
ptd-server 2022-02-13 16:18:17,742 [INFO] Set initial values for Amps 0.500000 and Volts 300.000000
ptd-server 2022-02-13 16:18:17,742 [INFO] Stopping ptd...
