client 2022-02-15 02:34:12,192 [INFO] Sending command to the server: 'mlcommons/power client v3'
client 2022-02-15 02:34:12,193 [INFO] Got response: 'mlcommons/power server v3'
client 2022-02-15 02:34:12,193 [INFO] Sending command to the server: 'stop'
client 2022-02-15 02:34:12,194 [INFO] Got response: 'OK'
client 2022-02-15 02:34:12,194 [INFO] Synchronizing with the server and with ib-01.dc4-in.nvidia.com...
client 2022-02-15 02:34:12,409 [INFO] NTP:offset = 0.002 s, delay = 0.209 s 
client 2022-02-15 02:34:12,409 [INFO] Sending command to the server: 'time'
client 2022-02-15 02:34:12,410 [INFO] Got response: '1644892452.446452'
client 2022-02-15 02:34:12,410 [INFO] The time difference between the client and the server is within range -36.744 ms..-35.650 ms
client 2022-02-15 02:34:12,410 [INFO] Sending command to the server: 'new,,c0726382-31bb-4e4a-9a23-3b5bdc89fc57'
client 2022-02-15 02:34:12,412 [INFO] Got response: 'OK 2022-02-14_18-34-12,01551642-76ad-4625-b64b-bc7a900f4754'
client 2022-02-15 02:34:12,412 [INFO] Session id is '2022-02-14_18-34-12'
client 2022-02-15 02:34:12,412 [INFO] Sources: {"sources": {"__init__.py": "da39a3ee5e6b4b0d3255bfef95601890afd80709", "client.py": "33ca4f26368777ac06e01f9567b714a4b8063886", "lib/__init__.py": "da39a3ee5e6b4b0d3255bfef95601890afd80709", "lib/client.py": "4c2b78fb4849a7e5b584ef792d82aaed20b17f57", "lib/common.py": "624d0c0acc7c39aaff3674f0b99d6a09da53d1dc", "lib/external/__init__.py": "da39a3ee5e6b4b0d3255bfef95601890afd80709", "lib/external/ntplib.py": "4da8f970656505a40483206ef2b5d3dd5e81711d", "lib/server.py": "59c9fb92908260d3e9f81a895c7aa009742275e4", "lib/source_hashes.py": "60a2e02193209e8d392803326208d5466342da18", "lib/summary.py": "aa92f0a3f975eecd44d3c0cd0236342ccc9f941d", "lib/time_sync.py": "3210db56eb0ff0df57bf4293dc4d4b03fffd46f1", "server.py": "c3f90f2f7eeb4db30727556d0c815ebc89b3d28b", "tests/unit/__init__.py": "da39a3ee5e6b4b0d3255bfef95601890afd80709", "tests/unit/test_server.py": "99ae15aef722f2000ee6ed1ae1523637bf1ae42b", "tests/unit/test_source_hashes.py": "00468a2907583c593e6574a1f6b404e4651c221a"}, "modules": {"ptd_client_server.lib.client": "lib/client.py", "ptd_client_server.lib.common": "lib/common.py", "ptd_client_server.lib.external.ntplib": "lib/external/ntplib.py", "ptd_client_server.lib.source_hashes": "lib/source_hashes.py", "ptd_client_server.lib.summary": "lib/summary.py", "ptd_client_server.lib.time_sync": "lib/time_sync.py"}}
client 2022-02-15 02:34:12,414 [INFO] Running workload in ranging mode
client 2022-02-15 02:34:12,414 [INFO] Synchronizing with the server and with ib-01.dc4-in.nvidia.com...
client 2022-02-15 02:34:12,624 [INFO] NTP:offset = 0.001 s, delay = 0.208 s 
client 2022-02-15 02:34:12,624 [INFO] Sending command to the server: 'time'
client 2022-02-15 02:34:12,625 [INFO] Got response: '1644892452.6615214'
client 2022-02-15 02:34:12,626 [INFO] The time difference between the client and the server is within range -36.747 ms..-35.343 ms
client 2022-02-15 02:34:12,626 [INFO] Sending command to the server: 'session,2022-02-14_18-34-12,start,ranging'
client 2022-02-15 02:34:41,406 [INFO] Got response: 'OK'
client 2022-02-15 02:34:41,407 [INFO] Running the workload 'LOG_DIR=/work/build/power_logs_temp python3 code/main.py --benchmarks=bert --scenarios=Offline --test_mode=PerformanceOnly --config_ver=maxq --action="run_harness" \\\n\t\t2>&1 | tee -a /work/build/power_logs/2022.02.15-02.33.56/stdout.txt \\\n\t\t&& if [ ! -d /work/build/power_logs/2022.02.15-02.33.56/ranging_tmp ]; \\\n\t\t\tthen mkdir /work/build/power_logs/2022.02.15-02.33.56/ranging_tmp \\\n\t\t\t\t&& mv /work/build/power_logs_temp/* /work/build/power_logs/2022.02.15-02.33.56/ranging_tmp/ \\\n\t\t\t\t&& cp -v /work/build/power_logs/2022.02.15-02.33.56/ranging_tmp/*/*/*/mlperf_log_detail.txt /work/build/power_logs_temp/ \\\n\t\t\t\t&& cp -v /work/build/power_logs/2022.02.15-02.33.56/ranging_tmp/*/*/*/mlperf_log_summary.txt /work/build/power_logs_temp/; \\\n\t\t\telse mkdir /work/build/power_logs/2022.02.15-02.33.56/testing_tmp \\\n\t\t\t\t&& mv /work/build/power_logs_temp/* /work/build/power_logs/2022.02.15-02.33.56/testing_tmp/ \\\n\t\t\t\t&& cp -v /work/build/power_logs/2022.02.15-02.33.56/testing_tmp/*/*/*/mlperf_log_detail.txt /work/build/power_logs_temp/ \\\n\t\t\t\t&& cp -v /work/build/power_logs/2022.02.15-02.33.56/testing_tmp/*/*/*/mlperf_log_summary.txt /work/build/power_logs_temp/; fi'
client 2022-02-15 02:45:15,804 [INFO] Sending command to the server: 'session,2022-02-14_18-34-12,stop,ranging'
client 2022-02-15 02:45:25,826 [INFO] Got response: 'OK'
client 2022-02-15 02:45:25,834 [INFO] Copying loadgen logs from '/work/build/power_logs_temp' to '/work/build/power_logs/2022.02.15-02.33.56/2022-02-14_18-34-12/ranging'
client 2022-02-15 02:45:25,847 [INFO] Running workload in testing mode
client 2022-02-15 02:45:25,847 [INFO] Synchronizing with the server and with ib-01.dc4-in.nvidia.com...
client 2022-02-15 02:45:26,060 [INFO] NTP:offset = 0.001 s, delay = 0.210 s 
client 2022-02-15 02:45:26,060 [INFO] Sending command to the server: 'time'
client 2022-02-15 02:45:26,061 [INFO] Got response: '1644893126.0986075'
client 2022-02-15 02:45:26,061 [INFO] The time difference between the client and the server is within range -38.472 ms..-37.087 ms
client 2022-02-15 02:45:26,061 [INFO] Sending command to the server: 'session,2022-02-14_18-34-12,start,testing'
client 2022-02-15 02:45:39,449 [INFO] Got response: 'OK'
client 2022-02-15 02:45:39,449 [INFO] Running the workload 'LOG_DIR=/work/build/power_logs_temp python3 code/main.py --benchmarks=bert --scenarios=Offline --test_mode=PerformanceOnly --config_ver=maxq --action="run_harness" \\\n\t\t2>&1 | tee -a /work/build/power_logs/2022.02.15-02.33.56/stdout.txt \\\n\t\t&& if [ ! -d /work/build/power_logs/2022.02.15-02.33.56/ranging_tmp ]; \\\n\t\t\tthen mkdir /work/build/power_logs/2022.02.15-02.33.56/ranging_tmp \\\n\t\t\t\t&& mv /work/build/power_logs_temp/* /work/build/power_logs/2022.02.15-02.33.56/ranging_tmp/ \\\n\t\t\t\t&& cp -v /work/build/power_logs/2022.02.15-02.33.56/ranging_tmp/*/*/*/mlperf_log_detail.txt /work/build/power_logs_temp/ \\\n\t\t\t\t&& cp -v /work/build/power_logs/2022.02.15-02.33.56/ranging_tmp/*/*/*/mlperf_log_summary.txt /work/build/power_logs_temp/; \\\n\t\t\telse mkdir /work/build/power_logs/2022.02.15-02.33.56/testing_tmp \\\n\t\t\t\t&& mv /work/build/power_logs_temp/* /work/build/power_logs/2022.02.15-02.33.56/testing_tmp/ \\\n\t\t\t\t&& cp -v /work/build/power_logs/2022.02.15-02.33.56/testing_tmp/*/*/*/mlperf_log_detail.txt /work/build/power_logs_temp/ \\\n\t\t\t\t&& cp -v /work/build/power_logs/2022.02.15-02.33.56/testing_tmp/*/*/*/mlperf_log_summary.txt /work/build/power_logs_temp/; fi'
client 2022-02-15 02:56:13,146 [INFO] Sending command to the server: 'session,2022-02-14_18-34-12,stop,testing'
client 2022-02-15 02:56:23,169 [INFO] Got response: 'OK'
client 2022-02-15 02:56:23,174 [INFO] Copying loadgen logs from '/work/build/power_logs_temp' to '/work/build/power_logs/2022.02.15-02.33.56/2022-02-14_18-34-12/run_1'
client 2022-02-15 02:56:23,217 [INFO] Done runs
