ptd-server 2022-02-24 04:14:53,721 [INFO] Got command from the client 'time'
ptd-server 2022-02-24 04:14:53,721 [INFO] Sending reply to client '1645676093.7213297'
ptd-server 2022-02-24 04:14:53,723 [INFO] Got command from the client 'new,,255af7c3-b51b-405b-b7d4-4e37d145ef50'
ptd-server 2022-02-24 04:14:53,723 [INFO] Sending reply to client 'OK 2022-02-24_04-14-53,539edd05-32cf-4776-9170-022fdf373019'
ptd-server 2022-02-24 04:14:53,761 [INFO] Got command from the client 'time'
ptd-server 2022-02-24 04:14:53,761 [INFO] Sending reply to client '1645676093.7612693'
ptd-server 2022-02-24 04:14:53,763 [INFO] Got command from the client 'session,2022-02-24_04-14-53,start,ranging'
ptd-server 2022-02-24 04:14:53,763 [INFO] Running PTDaemon: ['/home/anton/projects/mlperf/power/inference_v1.0/ptd-linux-x86', '-l', '/tmp/tmp0_fn53vp/ptd_logfile.txt', '-p', '8888', '49', '/dev/usbtmc0']
ptd-server 2022-02-24 04:15:10,936 [INFO] Sending to ptd: 'Hello'
ptd-server 2022-02-24 04:15:10,937 [INFO] Reply from ptd: 'Hello, PTDaemon here!'
ptd-server 2022-02-24 04:15:10,937 [INFO] Sending to ptd: 'Identify'
ptd-server 2022-02-24 04:15:10,938 [INFO] Reply from ptd: 'YokogawaWT310E,1000,1,1,1,1,0,1,1,version=1.9.2-e8c7a49a-20201208,OS=Linux 5.13.0-30-generic #33~20.04.1-Ubuntu SMP Mon Feb 7 14:25:10 UTC 2022 x86_64,mode=power,1,1,1,0,0,no_cal_date,YOKOGAWA;WT310E;C3XA04010E;F1.04'
ptd-server 2022-02-24 04:15:10,938 [INFO] Connected to PTDaemon
ptd-server 2022-02-24 04:15:10,938 [INFO] Sending to ptd: 'RR'
ptd-server 2022-02-24 04:15:10,938 [INFO] Reply from ptd: 'Ranges,0,0.500000,1,300.000000'
ptd-server 2022-02-24 04:15:10,938 [INFO] Initial range for Amps is 0.500000 for Volts is Auto
ptd-server 2022-02-24 04:15:10,938 [INFO] Sending to ptd: 'SR,V,Auto'
ptd-server 2022-02-24 04:15:11,441 [INFO] Reply from ptd: 'Range V changed'
ptd-server 2022-02-24 04:15:11,441 [INFO] Sending to ptd: 'SR,A,Auto'
ptd-server 2022-02-24 04:15:11,943 [INFO] Reply from ptd: 'Range A changed'
ptd-server 2022-02-24 04:15:21,954 [INFO] Starting ranging mode
ptd-server 2022-02-24 04:15:21,954 [INFO] Sending to ptd: 'Go,1000,0,2022-02-24_04-14-53_ranging'
ptd-server 2022-02-24 04:15:21,955 [INFO] Reply from ptd: 'Starting untimed measurement, maximum 500000 samples at 1000ms with 0 rampup samples'
ptd-server 2022-02-24 04:15:21,955 [INFO] Sending reply to client 'OK'
ptd-server 2022-02-24 04:25:44,364 [INFO] Got command from the client 'session,2022-02-24_04-14-53,stop,ranging'
ptd-server 2022-02-24 04:25:54,374 [INFO] Sending to ptd: 'Stop'
ptd-server 2022-02-24 04:25:54,375 [INFO] Reply from ptd: 'Stopping untimed measurement'
ptd-server 2022-02-24 04:25:54,434 [INFO] Sending reply to client 'OK'
ptd-server 2022-02-24 04:25:54,488 [INFO] Got command from the client 'time'
ptd-server 2022-02-24 04:25:54,489 [INFO] Sending reply to client '1645676754.4891436'
ptd-server 2022-02-24 04:25:54,491 [INFO] Got command from the client 'session,2022-02-24_04-14-53,start,testing'
ptd-server 2022-02-24 04:25:54,491 [INFO] Sending to ptd: 'SR,V,250.730000'
ptd-server 2022-02-24 04:25:56,456 [INFO] Reply from ptd: 'Range V changed'
ptd-server 2022-02-24 04:25:56,456 [INFO] Sending to ptd: 'SR,A,0.047830'
ptd-server 2022-02-24 04:25:57,958 [INFO] Reply from ptd: 'Range A changed'
ptd-server 2022-02-24 04:26:07,968 [INFO] Starting testing mode
ptd-server 2022-02-24 04:26:07,968 [INFO] Sending to ptd: 'Go,1000,0,2022-02-24_04-14-53_testing'
ptd-server 2022-02-24 04:26:07,969 [INFO] Reply from ptd: 'Starting untimed measurement, maximum 500000 samples at 1000ms with 0 rampup samples'
ptd-server 2022-02-24 04:26:07,969 [INFO] Sending reply to client 'OK'
ptd-server 2022-02-24 04:36:30,351 [INFO] Got command from the client 'session,2022-02-24_04-14-53,stop,testing'
ptd-server 2022-02-24 04:36:40,361 [INFO] Sending to ptd: 'Stop'
ptd-server 2022-02-24 04:36:40,362 [INFO] Reply from ptd: 'Stopping untimed measurement'
ptd-server 2022-02-24 04:36:40,392 [INFO] Sending reply to client 'OK'
ptd-server 2022-02-24 04:36:40,410 [INFO] Got command from the client 'session,2022-02-24_04-14-53,done'
ptd-server 2022-02-24 04:36:40,411 [INFO] Sending to ptd: 'Stop'
ptd-server 2022-02-24 04:36:40,969 [INFO] Reply from ptd: 'Error: no measurement to stop'
ptd-server 2022-02-24 04:36:40,970 [INFO] Sending to ptd: 'SR,V,Auto'
ptd-server 2022-02-24 04:36:41,472 [INFO] Reply from ptd: 'Range V changed'
ptd-server 2022-02-24 04:36:41,473 [INFO] Sending to ptd: 'SR,A,0.500000'
ptd-server 2022-02-24 04:36:42,974 [INFO] Reply from ptd: 'Range A changed'
ptd-server 2022-02-24 04:36:42,974 [INFO] Set initial values for Amps 0.500000 and Volts Auto
ptd-server 2022-02-24 04:36:42,974 [INFO] Stopping ptd...
