ptd-server 2022-02-25 12:01:48,665 [INFO] Got command from the client 'time'
ptd-server 2022-02-25 12:01:48,665 [INFO] Sending reply to client '1645812108.665269'
ptd-server 2022-02-25 12:01:48,666 [INFO] Got command from the client 'new,,e818400d-4027-41bc-80a0-744745a3ba18'
ptd-server 2022-02-25 12:01:48,666 [INFO] Sending reply to client 'OK 2022-02-25_12-01-48,f41e3c30-6988-4287-8e4d-1744ea14bd89'
ptd-server 2022-02-25 12:01:48,752 [INFO] Got command from the client 'time'
ptd-server 2022-02-25 12:01:48,753 [INFO] Sending reply to client '1645812108.7532313'
ptd-server 2022-02-25 12:01:48,754 [INFO] Got command from the client 'session,2022-02-25_12-01-48,start,ranging'
ptd-server 2022-02-25 12:01:48,754 [INFO] Running PTDaemon: ['/local/mnt/workspace/mlcommons/power-main/inference_v1.0/ptd-linux-x86', '-l', '/tmp/tmp4zullp9k/ptd_logfile.txt', '-p', '8889', '49', '/dev/usbtmc0']
ptd-server 2022-02-25 12:02:05,877 [INFO] Sending to ptd: 'Hello'
ptd-server 2022-02-25 12:02:05,878 [INFO] Reply from ptd: 'Hello, PTDaemon here!'
ptd-server 2022-02-25 12:02:05,878 [INFO] Sending to ptd: 'Identify'
ptd-server 2022-02-25 12:02:05,878 [INFO] Reply from ptd: 'YokogawaWT310E,1000,1,1,1,1,0,1,1,version=1.9.2-e8c7a49a-20201208,OS=Linux 4.15.0-162-generic #170-Ubuntu SMP Mon Oct 18 11:38:05 UTC 2021 x86_64,mode=power,1,1,1,0,0,no_cal_date,YOKOGAWA;WT310E;C2XF16028V;F1.04'
ptd-server 2022-02-25 12:02:05,879 [INFO] Connected to PTDaemon
ptd-server 2022-02-25 12:02:05,879 [INFO] Sending to ptd: 'RR'
ptd-server 2022-02-25 12:02:05,879 [INFO] Reply from ptd: 'Ranges,1,5.000000,1,150.000000'
ptd-server 2022-02-25 12:02:05,879 [INFO] Initial range for Amps is Auto for Volts is Auto
ptd-server 2022-02-25 12:02:05,880 [INFO] Sending to ptd: 'SR,V,Auto'
ptd-server 2022-02-25 12:02:06,383 [INFO] Reply from ptd: 'Range V changed'
ptd-server 2022-02-25 12:02:06,383 [INFO] Sending to ptd: 'SR,A,Auto'
ptd-server 2022-02-25 12:02:06,886 [INFO] Reply from ptd: 'Range A changed'
ptd-server 2022-02-25 12:02:16,897 [INFO] Starting ranging mode
ptd-server 2022-02-25 12:02:16,897 [INFO] Sending to ptd: 'Go,1000,0,2022-02-25_12-01-48_ranging'
ptd-server 2022-02-25 12:02:16,897 [INFO] Reply from ptd: 'Starting untimed measurement, maximum 500000 samples at 1000ms with 0 rampup samples'
ptd-server 2022-02-25 12:02:16,898 [INFO] Sending reply to client 'OK'
ptd-server 2022-02-25 12:15:09,374 [INFO] Got command from the client 'session,2022-02-25_12-01-48,stop,ranging'
ptd-server 2022-02-25 12:15:19,385 [INFO] Sending to ptd: 'Stop'
ptd-server 2022-02-25 12:15:19,385 [INFO] Reply from ptd: 'Stopping untimed measurement'
ptd-server 2022-02-25 12:15:19,630 [INFO] Sending reply to client 'OK'
ptd-server 2022-02-25 12:15:19,753 [INFO] Got command from the client 'time'
ptd-server 2022-02-25 12:15:19,753 [INFO] Sending reply to client '1645812919.7533016'
ptd-server 2022-02-25 12:15:19,753 [INFO] Got command from the client 'session,2022-02-25_12-01-48,start,testing'
ptd-server 2022-02-25 12:15:19,754 [INFO] Sending to ptd: 'SR,V,119.830000'
ptd-server 2022-02-25 12:15:21,399 [INFO] Reply from ptd: 'Range V changed'
ptd-server 2022-02-25 12:15:21,399 [INFO] Sending to ptd: 'SR,A,6.418900'
ptd-server 2022-02-25 12:15:22,901 [INFO] Reply from ptd: 'Range A changed'
ptd-server 2022-02-25 12:15:32,912 [INFO] Starting testing mode
ptd-server 2022-02-25 12:15:32,912 [INFO] Sending to ptd: 'Go,1000,0,2022-02-25_12-01-48_testing'
ptd-server 2022-02-25 12:15:32,913 [INFO] Reply from ptd: 'Starting untimed measurement, maximum 500000 samples at 1000ms with 0 rampup samples'
ptd-server 2022-02-25 12:15:32,913 [INFO] Sending reply to client 'OK'
ptd-server 2022-02-25 12:28:25,508 [INFO] Got command from the client 'session,2022-02-25_12-01-48,stop,testing'
ptd-server 2022-02-25 12:28:35,519 [INFO] Sending to ptd: 'Stop'
ptd-server 2022-02-25 12:28:35,520 [INFO] Reply from ptd: 'Stopping untimed measurement'
ptd-server 2022-02-25 12:28:35,643 [INFO] Sending reply to client 'OK'
ptd-server 2022-02-25 12:28:35,649 [INFO] Got command from the client 'session,2022-02-25_12-01-48,done'
ptd-server 2022-02-25 12:28:35,649 [INFO] Sending to ptd: 'Stop'
ptd-server 2022-02-25 12:28:35,914 [INFO] Reply from ptd: 'Error: no measurement to stop'
ptd-server 2022-02-25 12:28:35,915 [INFO] Sending to ptd: 'SR,V,Auto'
ptd-server 2022-02-25 12:28:36,418 [INFO] Reply from ptd: 'Range V changed'
ptd-server 2022-02-25 12:28:36,418 [INFO] Sending to ptd: 'SR,A,Auto'
ptd-server 2022-02-25 12:28:36,921 [INFO] Reply from ptd: 'Range A changed'
ptd-server 2022-02-25 12:28:36,921 [INFO] Set initial values for Amps Auto and Volts Auto
ptd-server 2022-02-25 12:28:36,921 [INFO] Stopping ptd...
