ptd-server 2022-02-13 00:55:16,951 [INFO] Got command from the client 'time'
ptd-server 2022-02-13 00:55:16,951 [INFO] Sending reply to client '1644713716.9514718'
ptd-server 2022-02-13 00:55:16,953 [INFO] Got command from the client 'new,,edcc7859-a033-4f7b-8e32-907cb22cf799'
ptd-server 2022-02-13 00:55:16,953 [INFO] Sending reply to client 'OK 2022-02-13_00-55-16,a2a23146-2edf-4e25-9374-44663fbd90f3'
ptd-server 2022-02-13 00:55:16,992 [INFO] Got command from the client 'time'
ptd-server 2022-02-13 00:55:16,992 [INFO] Sending reply to client '1644713716.9921546'
ptd-server 2022-02-13 00:55:16,994 [INFO] Got command from the client 'session,2022-02-13_00-55-16,start,ranging'
ptd-server 2022-02-13 00:55:16,994 [INFO] Running PTDaemon: ['/home/anton/projects/mlperf/power/inference_v1.0/ptd-linux-x86', '-l', '/tmp/tmpxvec0g6h/ptd_logfile.txt', '-p', '8888', '49', '/dev/usbtmc0']
ptd-server 2022-02-13 00:55:34,168 [INFO] Sending to ptd: 'Hello'
ptd-server 2022-02-13 00:55:34,169 [INFO] Reply from ptd: 'Hello, PTDaemon here!'
ptd-server 2022-02-13 00:55:34,169 [INFO] Sending to ptd: 'Identify'
ptd-server 2022-02-13 00:55:34,170 [INFO] Reply from ptd: 'YokogawaWT310E,1000,1,1,1,1,0,1,1,version=1.9.2-e8c7a49a-20201208,OS=Linux 5.13.0-27-generic #29~20.04.1-Ubuntu SMP Fri Jan 14 00:32:30 UTC 2022 x86_64,mode=power,1,1,1,0,0,no_cal_date,YOKOGAWA;WT310E;C3XA04010E;F1.04'
ptd-server 2022-02-13 00:55:34,170 [INFO] Connected to PTDaemon
ptd-server 2022-02-13 00:55:34,170 [INFO] Sending to ptd: 'RR'
ptd-server 2022-02-13 00:55:34,170 [INFO] Reply from ptd: 'Ranges,0,0.500000,0,300.000000'
ptd-server 2022-02-13 00:55:34,171 [INFO] Initial range for Amps is 0.500000 for Volts is 300.000000
ptd-server 2022-02-13 00:55:34,171 [INFO] Sending to ptd: 'SR,V,Auto'
ptd-server 2022-02-13 00:55:34,673 [INFO] Reply from ptd: 'Range V changed'
ptd-server 2022-02-13 00:55:34,674 [INFO] Sending to ptd: 'SR,A,Auto'
ptd-server 2022-02-13 00:55:35,176 [INFO] Reply from ptd: 'Range A changed'
ptd-server 2022-02-13 00:55:45,186 [INFO] Starting ranging mode
ptd-server 2022-02-13 00:55:45,187 [INFO] Sending to ptd: 'Go,1000,0,2022-02-13_00-55-16_ranging'
ptd-server 2022-02-13 00:55:45,187 [INFO] Reply from ptd: 'Starting untimed measurement, maximum 500000 samples at 1000ms with 0 rampup samples'
ptd-server 2022-02-13 00:55:45,187 [INFO] Sending reply to client 'OK'
ptd-server 2022-02-13 01:06:01,379 [INFO] Got command from the client 'session,2022-02-13_00-55-16,stop,ranging'
ptd-server 2022-02-13 01:06:11,388 [INFO] Sending to ptd: 'Stop'
ptd-server 2022-02-13 01:06:11,388 [INFO] Reply from ptd: 'Stopping untimed measurement'
ptd-server 2022-02-13 01:06:11,926 [INFO] Sending reply to client 'OK'
ptd-server 2022-02-13 01:06:11,991 [INFO] Got command from the client 'time'
ptd-server 2022-02-13 01:06:11,991 [INFO] Sending reply to client '1644714371.991322'
ptd-server 2022-02-13 01:06:11,994 [INFO] Got command from the client 'session,2022-02-13_00-55-16,start,testing'
ptd-server 2022-02-13 01:06:11,994 [INFO] Sending to ptd: 'SR,V,249.680000'
ptd-server 2022-02-13 01:06:13,688 [INFO] Reply from ptd: 'Range V changed'
ptd-server 2022-02-13 01:06:13,689 [INFO] Sending to ptd: 'SR,A,0.152300'
ptd-server 2022-02-13 01:06:15,190 [INFO] Reply from ptd: 'Range A changed'
ptd-server 2022-02-13 01:06:25,200 [INFO] Starting testing mode
ptd-server 2022-02-13 01:06:25,200 [INFO] Sending to ptd: 'Go,1000,0,2022-02-13_00-55-16_testing'
ptd-server 2022-02-13 01:06:25,201 [INFO] Reply from ptd: 'Starting untimed measurement, maximum 500000 samples at 1000ms with 0 rampup samples'
ptd-server 2022-02-13 01:06:25,201 [INFO] Sending reply to client 'OK'
ptd-server 2022-02-13 01:16:41,045 [INFO] Got command from the client 'session,2022-02-13_00-55-16,stop,testing'
ptd-server 2022-02-13 01:16:51,055 [INFO] Sending to ptd: 'Stop'
ptd-server 2022-02-13 01:16:51,056 [INFO] Reply from ptd: 'Stopping untimed measurement'
ptd-server 2022-02-13 01:16:51,343 [INFO] Sending reply to client 'OK'
ptd-server 2022-02-13 01:16:51,362 [INFO] Got command from the client 'session,2022-02-13_00-55-16,done'
ptd-server 2022-02-13 01:16:51,362 [INFO] Sending to ptd: 'Stop'
ptd-server 2022-02-13 01:16:51,362 [INFO] Reply from ptd: 'Error: no measurement to stop'
ptd-server 2022-02-13 01:16:51,362 [INFO] Sending to ptd: 'SR,V,300.000000'
ptd-server 2022-02-13 01:16:52,864 [INFO] Reply from ptd: 'Range V changed'
ptd-server 2022-02-13 01:16:52,864 [INFO] Sending to ptd: 'SR,A,0.500000'
ptd-server 2022-02-13 01:16:54,365 [INFO] Reply from ptd: 'Range A changed'
ptd-server 2022-02-13 01:16:54,366 [INFO] Set initial values for Amps 0.500000 and Volts 300.000000
ptd-server 2022-02-13 01:16:54,366 [INFO] Stopping ptd...
