client 2022-02-12 12:02:59,984 [INFO] Sending command to the server: 'mlcommons/power client v3'
client 2022-02-12 12:02:59,985 [INFO] Got response: 'mlcommons/power server v3'
client 2022-02-12 12:02:59,985 [INFO] Sending command to the server: 'stop'
client 2022-02-12 12:02:59,986 [INFO] Got response: 'OK'
client 2022-02-12 12:02:59,986 [INFO] Synchronizing with the server and with ib-01.dc4-in.nvidia.com...
client 2022-02-12 12:03:00,199 [INFO] NTP:offset = 0.000 s, delay = 0.209 s 
client 2022-02-12 12:03:00,199 [INFO] Sending command to the server: 'time'
client 2022-02-12 12:03:00,201 [INFO] Got response: '1644667380.2208626'
client 2022-02-12 12:03:00,201 [INFO] The time difference between the client and the server is within range -21.087 ms..-19.490 ms
client 2022-02-12 12:03:00,201 [INFO] Sending command to the server: 'new,,c8cc0f5c-1763-4c24-93e6-84891c0836de'
client 2022-02-12 12:03:00,203 [INFO] Got response: 'OK 2022-02-12_04-03-00,2528ef72-9a2d-424f-8232-3d8c1f0ea905'
client 2022-02-12 12:03:00,203 [INFO] Session id is '2022-02-12_04-03-00'
client 2022-02-12 12:03:00,203 [INFO] Sources: {"sources": {"__init__.py": "da39a3ee5e6b4b0d3255bfef95601890afd80709", "client.py": "33ca4f26368777ac06e01f9567b714a4b8063886", "lib/__init__.py": "da39a3ee5e6b4b0d3255bfef95601890afd80709", "lib/client.py": "4c2b78fb4849a7e5b584ef792d82aaed20b17f57", "lib/common.py": "624d0c0acc7c39aaff3674f0b99d6a09da53d1dc", "lib/external/__init__.py": "da39a3ee5e6b4b0d3255bfef95601890afd80709", "lib/external/ntplib.py": "4da8f970656505a40483206ef2b5d3dd5e81711d", "lib/server.py": "59c9fb92908260d3e9f81a895c7aa009742275e4", "lib/source_hashes.py": "60a2e02193209e8d392803326208d5466342da18", "lib/summary.py": "aa92f0a3f975eecd44d3c0cd0236342ccc9f941d", "lib/time_sync.py": "3210db56eb0ff0df57bf4293dc4d4b03fffd46f1", "server.py": "c3f90f2f7eeb4db30727556d0c815ebc89b3d28b", "tests/unit/__init__.py": "da39a3ee5e6b4b0d3255bfef95601890afd80709", "tests/unit/test_server.py": "99ae15aef722f2000ee6ed1ae1523637bf1ae42b", "tests/unit/test_source_hashes.py": "00468a2907583c593e6574a1f6b404e4651c221a"}, "modules": {"ptd_client_server.lib.client": "lib/client.py", "ptd_client_server.lib.common": "lib/common.py", "ptd_client_server.lib.external.ntplib": "lib/external/ntplib.py", "ptd_client_server.lib.source_hashes": "lib/source_hashes.py", "ptd_client_server.lib.summary": "lib/summary.py", "ptd_client_server.lib.time_sync": "lib/time_sync.py"}}
client 2022-02-12 12:03:00,206 [INFO] Running workload in ranging mode
client 2022-02-12 12:03:00,206 [INFO] Synchronizing with the server and with ib-01.dc4-in.nvidia.com...
client 2022-02-12 12:03:00,416 [INFO] NTP:offset = 0.000 s, delay = 0.209 s 
client 2022-02-12 12:03:00,417 [INFO] Sending command to the server: 'time'
client 2022-02-12 12:03:00,418 [INFO] Got response: '1644667380.4501112'
client 2022-02-12 12:03:00,418 [INFO] The time difference between the client and the server is within range -33.047 ms..-31.137 ms
client 2022-02-12 12:03:00,419 [INFO] Sending command to the server: 'session,2022-02-12_04-03-00,start,ranging'
client 2022-02-12 12:03:39,763 [INFO] Got response: 'OK'
client 2022-02-12 12:03:39,764 [INFO] Running the workload 'LOG_DIR=/work/build/power_logs_temp python3 code/main.py --benchmarks=resnet50 --scenarios=Offline --test_mode=PerformanceOnly --config_ver=maxq --action="run_harness" \\\n\t\t2>&1 | tee -a /work/build/power_logs/2022.02.12-12.02.31/stdout.txt \\\n\t\t&& if [ ! -d /work/build/power_logs/2022.02.12-12.02.31/ranging_tmp ]; \\\n\t\t\tthen mkdir /work/build/power_logs/2022.02.12-12.02.31/ranging_tmp \\\n\t\t\t\t&& mv /work/build/power_logs_temp/* /work/build/power_logs/2022.02.12-12.02.31/ranging_tmp/ \\\n\t\t\t\t&& cp -v /work/build/power_logs/2022.02.12-12.02.31/ranging_tmp/*/*/*/mlperf_log_detail.txt /work/build/power_logs_temp/ \\\n\t\t\t\t&& cp -v /work/build/power_logs/2022.02.12-12.02.31/ranging_tmp/*/*/*/mlperf_log_summary.txt /work/build/power_logs_temp/; \\\n\t\t\telse mkdir /work/build/power_logs/2022.02.12-12.02.31/testing_tmp \\\n\t\t\t\t&& mv /work/build/power_logs_temp/* /work/build/power_logs/2022.02.12-12.02.31/testing_tmp/ \\\n\t\t\t\t&& cp -v /work/build/power_logs/2022.02.12-12.02.31/testing_tmp/*/*/*/mlperf_log_detail.txt /work/build/power_logs_temp/ \\\n\t\t\t\t&& cp -v /work/build/power_logs/2022.02.12-12.02.31/testing_tmp/*/*/*/mlperf_log_summary.txt /work/build/power_logs_temp/; fi'
client 2022-02-12 12:17:19,866 [INFO] Sending command to the server: 'session,2022-02-12_04-03-00,stop,ranging'
client 2022-02-12 12:17:29,924 [INFO] Got response: 'OK'
client 2022-02-12 12:17:29,934 [INFO] Copying loadgen logs from '/work/build/power_logs_temp' to '/work/build/power_logs/2022.02.12-12.02.31/2022-02-12_04-03-00/ranging'
client 2022-02-12 12:17:29,944 [INFO] Running workload in testing mode
client 2022-02-12 12:17:29,944 [INFO] Synchronizing with the server and with ib-01.dc4-in.nvidia.com...
client 2022-02-12 12:17:30,155 [INFO] NTP:offset = 0.000 s, delay = 0.209 s 
client 2022-02-12 12:17:30,156 [INFO] Sending command to the server: 'time'
client 2022-02-12 12:17:30,157 [INFO] Got response: '1644668250.1831553'
client 2022-02-12 12:17:30,157 [INFO] The time difference between the client and the server is within range -27.157 ms..-25.533 ms
client 2022-02-12 12:17:30,157 [INFO] Sending command to the server: 'session,2022-02-12_04-03-00,start,testing'
client 2022-02-12 12:17:52,458 [INFO] Got response: 'OK'
client 2022-02-12 12:17:52,458 [INFO] Running the workload 'LOG_DIR=/work/build/power_logs_temp python3 code/main.py --benchmarks=resnet50 --scenarios=Offline --test_mode=PerformanceOnly --config_ver=maxq --action="run_harness" \\\n\t\t2>&1 | tee -a /work/build/power_logs/2022.02.12-12.02.31/stdout.txt \\\n\t\t&& if [ ! -d /work/build/power_logs/2022.02.12-12.02.31/ranging_tmp ]; \\\n\t\t\tthen mkdir /work/build/power_logs/2022.02.12-12.02.31/ranging_tmp \\\n\t\t\t\t&& mv /work/build/power_logs_temp/* /work/build/power_logs/2022.02.12-12.02.31/ranging_tmp/ \\\n\t\t\t\t&& cp -v /work/build/power_logs/2022.02.12-12.02.31/ranging_tmp/*/*/*/mlperf_log_detail.txt /work/build/power_logs_temp/ \\\n\t\t\t\t&& cp -v /work/build/power_logs/2022.02.12-12.02.31/ranging_tmp/*/*/*/mlperf_log_summary.txt /work/build/power_logs_temp/; \\\n\t\t\telse mkdir /work/build/power_logs/2022.02.12-12.02.31/testing_tmp \\\n\t\t\t\t&& mv /work/build/power_logs_temp/* /work/build/power_logs/2022.02.12-12.02.31/testing_tmp/ \\\n\t\t\t\t&& cp -v /work/build/power_logs/2022.02.12-12.02.31/testing_tmp/*/*/*/mlperf_log_detail.txt /work/build/power_logs_temp/ \\\n\t\t\t\t&& cp -v /work/build/power_logs/2022.02.12-12.02.31/testing_tmp/*/*/*/mlperf_log_summary.txt /work/build/power_logs_temp/; fi'
client 2022-02-12 12:31:32,841 [INFO] Sending command to the server: 'session,2022-02-12_04-03-00,stop,testing'
client 2022-02-12 12:31:42,868 [INFO] Got response: 'OK'
client 2022-02-12 12:31:42,874 [INFO] Copying loadgen logs from '/work/build/power_logs_temp' to '/work/build/power_logs/2022.02.12-12.02.31/2022-02-12_04-03-00/run_1'
client 2022-02-12 12:31:42,883 [INFO] Done runs
