ptd-server 2022-02-23 11:37:39,457 [INFO] Got command from the client 'stop'
ptd-server 2022-02-23 11:37:39,457 [INFO] The server will be stopped after processing this client
ptd-server 2022-02-23 11:37:39,457 [INFO] Sending reply to client 'OK'
ptd-server 2022-02-23 11:37:39,676 [INFO] Got command from the client 'time'
ptd-server 2022-02-23 11:37:39,676 [INFO] Sending reply to client '1645645059.67606'
ptd-server 2022-02-23 11:37:39,691 [INFO] Got command from the client 'new,,bbb20069-f713-45da-80d9-26d1441908f0'
ptd-server 2022-02-23 11:37:39,691 [INFO] Sending reply to client 'OK 2022-02-23_11-37-39,ca774d38-48bf-4f32-94a0-c3749968e8f6'
ptd-server 2022-02-23 11:37:39,894 [INFO] Got command from the client 'time'
ptd-server 2022-02-23 11:37:39,894 [INFO] Sending reply to client '1645645059.894757'
ptd-server 2022-02-23 11:37:39,894 [INFO] Got command from the client 'session,2022-02-23_11-37-39,start,ranging'
ptd-server 2022-02-23 11:37:40,004 [INFO] Running PTDaemon: ['C:\\PTD\\ptd-windows-x86.exe', '-l', 'C:\\Users\\lab\\AppData\\Local\\Temp\\tmp7wjgbaky\\ptd_logfile.txt', '-p', '8888', '-c', '1,2', '-y', '77', '10.34.224.245']
ptd-server 2022-02-23 11:37:58,437 [INFO] Sending to ptd: 'Hello'
ptd-server 2022-02-23 11:37:58,437 [INFO] Reply from ptd: 'Hello, PTDaemon here!'
ptd-server 2022-02-23 11:37:58,437 [INFO] Sending to ptd: 'Identify'
ptd-server 2022-02-23 11:37:58,437 [INFO] Reply from ptd: 'YokogawaWT330_multichannel,1000,1,1,1,1,0,0,1,version=1.9.2-3976349f-20201208,OS=Windows 8 / Server 2012,mode=power,1,1,2,0,0,no_cal_date,YOKOGAWA;WT333E;C2XL24038V;F1.04'
ptd-server 2022-02-23 11:37:58,437 [INFO] Connected to PTDaemon
ptd-server 2022-02-23 11:37:58,437 [INFO] Sending to ptd: 'RR'
ptd-server 2022-02-23 11:37:58,437 [INFO] Reply from ptd: 'Ranges,-1,-1.000000,-1,-1.000000'
ptd-server 2022-02-23 11:37:58,437 [INFO] Initial range for Amps is Auto for Volts is Auto
ptd-server 2022-02-23 11:37:58,437 [INFO] Sending to ptd: 'SR,V,Auto'
ptd-server 2022-02-23 11:38:03,514 [INFO] Reply from ptd: 'Range V changed'
ptd-server 2022-02-23 11:38:03,514 [INFO] Sending to ptd: 'SR,A,Auto'
ptd-server 2022-02-23 11:38:08,590 [INFO] Reply from ptd: 'Range A changed'
ptd-server 2022-02-23 11:38:18,604 [INFO] Starting ranging mode
ptd-server 2022-02-23 11:38:18,604 [INFO] Sending to ptd: 'Go,1000,0,2022-02-23_11-37-39_ranging'
ptd-server 2022-02-23 11:38:18,604 [INFO] Reply from ptd: 'Starting untimed measurement, maximum 500000 samples at 1000ms with 0 rampup samples'
ptd-server 2022-02-23 11:38:18,604 [INFO] Sending reply to client 'OK'
ptd-server 2022-02-23 11:50:35,800 [INFO] Got command from the client 'session,2022-02-23_11-37-39,stop,ranging'
ptd-server 2022-02-23 11:50:45,813 [INFO] Sending to ptd: 'Stop'
ptd-server 2022-02-23 11:50:45,813 [INFO] Reply from ptd: 'Stopping untimed measurement'
ptd-server 2022-02-23 11:50:45,845 [INFO] Sending reply to client 'OK'
ptd-server 2022-02-23 11:50:46,110 [INFO] Got command from the client 'time'
ptd-server 2022-02-23 11:50:46,110 [INFO] Sending reply to client '1645645846.1106555'
ptd-server 2022-02-23 11:50:46,110 [INFO] Got command from the client 'session,2022-02-23_11-37-39,start,testing'
ptd-server 2022-02-23 11:50:46,110 [INFO] Sending to ptd: 'SR,V,208.430000'
ptd-server 2022-02-23 11:50:52,702 [INFO] Reply from ptd: 'Range V changed'
ptd-server 2022-02-23 11:50:52,702 [INFO] Sending to ptd: 'SR,A,7.010000'
ptd-server 2022-02-23 11:50:58,295 [INFO] Reply from ptd: 'Range A changed'
ptd-server 2022-02-23 11:51:08,308 [INFO] Starting testing mode
ptd-server 2022-02-23 11:51:08,324 [INFO] Sending to ptd: 'Go,1000,0,2022-02-23_11-37-39_testing'
ptd-server 2022-02-23 11:51:08,324 [INFO] Reply from ptd: 'Starting untimed measurement, maximum 500000 samples at 1000ms with 0 rampup samples'
ptd-server 2022-02-23 11:51:08,324 [INFO] Sending reply to client 'OK'
ptd-server 2022-02-23 12:03:28,738 [INFO] Got command from the client 'session,2022-02-23_11-37-39,stop,testing'
ptd-server 2022-02-23 12:03:38,751 [INFO] Sending to ptd: 'Stop'
ptd-server 2022-02-23 12:03:38,751 [INFO] Reply from ptd: 'Stopping untimed measurement'
ptd-server 2022-02-23 12:03:38,782 [INFO] Sending reply to client 'OK'
ptd-server 2022-02-23 12:03:38,861 [INFO] Got command from the client 'session,2022-02-23_11-37-39,done'
ptd-server 2022-02-23 12:03:38,861 [INFO] Sending to ptd: 'Stop'
ptd-server 2022-02-23 12:03:39,329 [INFO] Reply from ptd: 'Error: no measurement to stop'
ptd-server 2022-02-23 12:03:39,329 [INFO] Sending to ptd: 'SR,V,Auto'
ptd-server 2022-02-23 12:03:44,406 [INFO] Reply from ptd: 'Range V changed'
ptd-server 2022-02-23 12:03:44,406 [INFO] Sending to ptd: 'SR,A,Auto'
ptd-server 2022-02-23 12:03:49,483 [INFO] Reply from ptd: 'Range A changed'
ptd-server 2022-02-23 12:03:49,483 [INFO] Set initial values for Amps Auto and Volts Auto
ptd-server 2022-02-23 12:03:49,483 [INFO] Stopping ptd...
