ptd-server 2022-02-13 20:03:41,270 [INFO] Got command from the client 'stop'
ptd-server 2022-02-13 20:03:41,270 [INFO] The server will be stopped after processing this client
ptd-server 2022-02-13 20:03:41,270 [INFO] Sending reply to client 'OK'
ptd-server 2022-02-13 20:03:41,499 [INFO] Got command from the client 'time'
ptd-server 2022-02-13 20:03:41,499 [INFO] Sending reply to client '1644811421.4990354'
ptd-server 2022-02-13 20:03:41,499 [INFO] Got command from the client 'new,,9a075760-df74-4d42-a775-38562f6480f1'
ptd-server 2022-02-13 20:03:41,499 [INFO] Sending reply to client 'OK 2022-02-13_20-03-41,a9f2b6d9-9835-42e9-8656-8e7a63c1e91c'
ptd-server 2022-02-13 20:03:41,702 [INFO] Got command from the client 'time'
ptd-server 2022-02-13 20:03:41,702 [INFO] Sending reply to client '1644811421.7021725'
ptd-server 2022-02-13 20:03:41,702 [INFO] Got command from the client 'session,2022-02-13_20-03-41,start,ranging'
ptd-server 2022-02-13 20:03:41,811 [INFO] Running PTDaemon: ['C:\\PTD\\ptd-windows-x86.exe', '-l', 'C:\\Users\\lab\\AppData\\Local\\Temp\\tmpv1rs_q2m\\ptd_logfile.txt', '-p', '8888', '-c', '1,2', '-y', '77', '10.117.40.72']
ptd-server 2022-02-13 20:04:01,819 [INFO] Sending to ptd: 'Hello'
ptd-server 2022-02-13 20:04:01,819 [INFO] Reply from ptd: 'Hello, PTDaemon here!'
ptd-server 2022-02-13 20:04:01,819 [INFO] Sending to ptd: 'Identify'
ptd-server 2022-02-13 20:04:01,819 [INFO] Reply from ptd: 'YokogawaWT330_multichannel,1000,1,1,1,1,0,0,1,version=1.9.2-3976349f-20201208,OS=Windows 8 / Server 2012,mode=power,1,1,2,0,0,no_cal_date,YOKOGAWA;WT333E;C2WC23035V;F1.04'
ptd-server 2022-02-13 20:04:01,819 [INFO] Connected to PTDaemon
ptd-server 2022-02-13 20:04:01,819 [INFO] Sending to ptd: 'RR'
ptd-server 2022-02-13 20:04:01,819 [INFO] Reply from ptd: 'Ranges,-1,-1.000000,-1,-1.000000'
ptd-server 2022-02-13 20:04:01,819 [INFO] Initial range for Amps is Auto for Volts is Auto
ptd-server 2022-02-13 20:04:01,819 [INFO] Sending to ptd: 'SR,V,Auto'
ptd-server 2022-02-13 20:04:06,892 [INFO] Reply from ptd: 'Range V changed'
ptd-server 2022-02-13 20:04:06,892 [INFO] Sending to ptd: 'SR,A,Auto'
ptd-server 2022-02-13 20:04:11,970 [INFO] Reply from ptd: 'Range A changed'
ptd-server 2022-02-13 20:04:21,979 [INFO] Starting ranging mode
ptd-server 2022-02-13 20:04:21,979 [INFO] Sending to ptd: 'Go,1000,0,2022-02-13_20-03-41_ranging'
ptd-server 2022-02-13 20:04:21,979 [INFO] Reply from ptd: 'Starting untimed measurement, maximum 500000 samples at 1000ms with 0 rampup samples'
ptd-server 2022-02-13 20:04:21,979 [INFO] Sending reply to client 'OK'
ptd-server 2022-02-13 20:47:38,154 [INFO] Got command from the client 'session,2022-02-13_20-03-41,stop,ranging'
ptd-server 2022-02-13 20:47:48,168 [INFO] Sending to ptd: 'Stop'
ptd-server 2022-02-13 20:47:48,168 [INFO] Reply from ptd: 'Stopping untimed measurement'
ptd-server 2022-02-13 20:47:48,262 [INFO] Sending reply to client 'OK'
ptd-server 2022-02-13 20:47:48,484 [INFO] Got command from the client 'time'
ptd-server 2022-02-13 20:47:48,484 [INFO] Sending reply to client '1644814068.4845269'
ptd-server 2022-02-13 20:47:48,484 [INFO] Got command from the client 'session,2022-02-13_20-03-41,start,testing'
ptd-server 2022-02-13 20:47:48,484 [INFO] Sending to ptd: 'SR,V,206.080000'
ptd-server 2022-02-13 20:47:55,049 [INFO] Reply from ptd: 'Range V changed'
ptd-server 2022-02-13 20:47:55,049 [INFO] Sending to ptd: 'SR,A,2.777100'
ptd-server 2022-02-13 20:48:00,629 [INFO] Reply from ptd: 'Range A changed'
ptd-server 2022-02-13 20:48:10,645 [INFO] Starting testing mode
ptd-server 2022-02-13 20:48:10,645 [INFO] Sending to ptd: 'Go,1000,0,2022-02-13_20-03-41_testing'
ptd-server 2022-02-13 20:48:10,645 [INFO] Reply from ptd: 'Starting untimed measurement, maximum 500000 samples at 1000ms with 0 rampup samples'
ptd-server 2022-02-13 20:48:10,645 [INFO] Sending reply to client 'OK'
ptd-server 2022-02-13 21:31:15,779 [INFO] Got command from the client 'session,2022-02-13_20-03-41,stop,testing'
ptd-server 2022-02-13 21:31:25,806 [INFO] Sending to ptd: 'Stop'
ptd-server 2022-02-13 21:31:25,806 [INFO] Reply from ptd: 'Stopping untimed measurement'
ptd-server 2022-02-13 21:31:25,837 [INFO] Sending reply to client 'OK'
ptd-server 2022-02-13 21:31:25,853 [INFO] Got command from the client 'session,2022-02-13_20-03-41,done'
ptd-server 2022-02-13 21:31:25,853 [INFO] Sending to ptd: 'Stop'
ptd-server 2022-02-13 21:31:26,650 [INFO] Reply from ptd: 'Error: no measurement to stop'
ptd-server 2022-02-13 21:31:26,650 [INFO] Sending to ptd: 'SR,V,Auto'
ptd-server 2022-02-13 21:31:31,734 [INFO] Reply from ptd: 'Range V changed'
ptd-server 2022-02-13 21:31:31,734 [INFO] Sending to ptd: 'SR,A,Auto'
ptd-server 2022-02-13 21:31:36,814 [INFO] Reply from ptd: 'Range A changed'
ptd-server 2022-02-13 21:31:36,814 [INFO] Set initial values for Amps Auto and Volts Auto
ptd-server 2022-02-13 21:31:36,814 [INFO] Stopping ptd...
