ptd-server 2022-02-22 16:25:59,566 [INFO] Got command from the client 'time'
ptd-server 2022-02-22 16:25:59,567 [INFO] Sending reply to client '1645568759.5670254'
ptd-server 2022-02-22 16:25:59,570 [INFO] Got command from the client 'new,,a830bd66-9b1e-4976-bfba-abfb051a3549'
ptd-server 2022-02-22 16:25:59,570 [INFO] Sending reply to client 'OK 2022-02-22_16-25-59,a231ff86-dfaa-4420-8aac-bb914eef2fb9'
ptd-server 2022-02-22 16:25:59,653 [INFO] Got command from the client 'time'
ptd-server 2022-02-22 16:25:59,653 [INFO] Sending reply to client '1645568759.6538007'
ptd-server 2022-02-22 16:25:59,655 [INFO] Got command from the client 'session,2022-02-22_16-25-59,start,ranging'
ptd-server 2022-02-22 16:25:59,656 [INFO] Running PTDaemon: ['/local/mnt/workspace/mlcommons/power-main/inference_v1.0/ptd-linux-x86', '-l', '/tmp/tmp_4uvehih/ptd_logfile.txt', '-p', '8880', '-c', '3', '52', '/dev/usbtmc0']
ptd-server 2022-02-22 16:26:16,846 [INFO] Sending to ptd: 'Hello'
ptd-server 2022-02-22 16:26:16,847 [INFO] Reply from ptd: 'Hello, PTDaemon here!'
ptd-server 2022-02-22 16:26:16,847 [INFO] Sending to ptd: 'Identify'
ptd-server 2022-02-22 16:26:16,847 [INFO] Reply from ptd: 'YokogawaWT330E,1000,1,1,1,1,0,0,1,version=1.9.2-e8c7a49a-20201208,OS=Linux 4.4.0-210-generic #242-Ubuntu SMP Fri Apr 16 09:57:56 UTC 2021 x86_64,mode=power,1,1,1,0,0,no_cal_date,YOKOGAWA;WT333E;C2XC17005V;F1.04'
ptd-server 2022-02-22 16:26:16,847 [INFO] Connected to PTDaemon
ptd-server 2022-02-22 16:26:16,847 [INFO] Sending to ptd: 'RR'
ptd-server 2022-02-22 16:26:16,847 [INFO] Reply from ptd: 'Ranges,1,2.000000,1,300.000000'
ptd-server 2022-02-22 16:26:16,847 [INFO] Initial range for Amps is Auto for Volts is Auto
ptd-server 2022-02-22 16:26:16,848 [INFO] Sending to ptd: 'SR,V,Auto'
ptd-server 2022-02-22 16:26:17,350 [INFO] Reply from ptd: 'Range V changed'
ptd-server 2022-02-22 16:26:17,350 [INFO] Sending to ptd: 'SR,A,Auto'
ptd-server 2022-02-22 16:26:17,853 [INFO] Reply from ptd: 'Range A changed'
ptd-server 2022-02-22 16:26:27,863 [INFO] Starting ranging mode
ptd-server 2022-02-22 16:26:27,863 [INFO] Sending to ptd: 'Go,1000,0,2022-02-22_16-25-59_ranging'
ptd-server 2022-02-22 16:26:27,864 [INFO] Reply from ptd: 'Starting untimed measurement, maximum 500000 samples at 1000ms with 0 rampup samples'
ptd-server 2022-02-22 16:26:27,864 [INFO] Sending reply to client 'OK'
ptd-server 2022-02-22 16:38:57,392 [INFO] Got command from the client 'session,2022-02-22_16-25-59,stop,ranging'
ptd-server 2022-02-22 16:39:07,403 [INFO] Sending to ptd: 'Stop'
ptd-server 2022-02-22 16:39:07,403 [INFO] Reply from ptd: 'Stopping untimed measurement'
ptd-server 2022-02-22 16:39:07,461 [INFO] Sending reply to client 'OK'
ptd-server 2022-02-22 16:39:07,583 [INFO] Got command from the client 'time'
ptd-server 2022-02-22 16:39:07,584 [INFO] Sending reply to client '1645569547.5840237'
ptd-server 2022-02-22 16:39:07,588 [INFO] Got command from the client 'session,2022-02-22_16-25-59,start,testing'
ptd-server 2022-02-22 16:39:07,588 [INFO] Sending to ptd: 'SR,V,120.530000'
ptd-server 2022-02-22 16:39:09,365 [INFO] Reply from ptd: 'Range V changed'
ptd-server 2022-02-22 16:39:09,366 [INFO] Sending to ptd: 'SR,A,0.226800'
ptd-server 2022-02-22 16:39:10,867 [INFO] Reply from ptd: 'Range A changed'
ptd-server 2022-02-22 16:39:20,877 [INFO] Starting testing mode
ptd-server 2022-02-22 16:39:20,877 [INFO] Sending to ptd: 'Go,1000,0,2022-02-22_16-25-59_testing'
ptd-server 2022-02-22 16:39:20,878 [INFO] Reply from ptd: 'Starting untimed measurement, maximum 500000 samples at 1000ms with 0 rampup samples'
ptd-server 2022-02-22 16:39:20,878 [INFO] Sending reply to client 'OK'
ptd-server 2022-02-22 16:51:50,583 [INFO] Got command from the client 'session,2022-02-22_16-25-59,stop,testing'
ptd-server 2022-02-22 16:52:00,585 [INFO] Sending to ptd: 'Stop'
ptd-server 2022-02-22 16:52:00,585 [INFO] Reply from ptd: 'Stopping untimed measurement'
ptd-server 2022-02-22 16:52:00,666 [INFO] Sending reply to client 'OK'
ptd-server 2022-02-22 16:52:00,701 [INFO] Got command from the client 'session,2022-02-22_16-25-59,done'
ptd-server 2022-02-22 16:52:00,702 [INFO] Sending to ptd: 'Stop'
ptd-server 2022-02-22 16:52:00,878 [INFO] Reply from ptd: 'Error: no measurement to stop'
ptd-server 2022-02-22 16:52:00,878 [INFO] Sending to ptd: 'SR,V,Auto'
ptd-server 2022-02-22 16:52:01,381 [INFO] Reply from ptd: 'Range V changed'
ptd-server 2022-02-22 16:52:01,381 [INFO] Sending to ptd: 'SR,A,Auto'
ptd-server 2022-02-22 16:52:01,883 [INFO] Reply from ptd: 'Range A changed'
ptd-server 2022-02-22 16:52:01,884 [INFO] Set initial values for Amps Auto and Volts Auto
ptd-server 2022-02-22 16:52:01,884 [INFO] Stopping ptd...
