ptd-server 2022-02-16 01:00:31,325 [INFO] Got command from the client 'stop'
ptd-server 2022-02-16 01:00:31,325 [INFO] The server will be stopped after processing this client
ptd-server 2022-02-16 01:00:31,325 [INFO] Sending reply to client 'OK'
ptd-server 2022-02-16 01:00:31,545 [INFO] Got command from the client 'set_ntp'
ptd-server 2022-02-16 01:00:31,545 [INFO] Synchronizing with ib-01.dc4-in.nvidia.com time using NTP...
ptd-server 2022-02-16 01:00:32,850 [INFO] Set system time at 2022-02-16 01:00:32.850446
ptd-server 2022-02-16 01:00:32,850 [INFO] Sending reply to client 'OK'
ptd-server 2022-02-16 01:00:41,185 [INFO] Got command from the client 'time'
ptd-server 2022-02-16 01:00:41,185 [INFO] Sending reply to client '1645002041.1850815'
ptd-server 2022-02-16 01:00:41,185 [INFO] Got command from the client 'new,,2742a962-c015-48af-b23e-ce38515302e6'
ptd-server 2022-02-16 01:00:41,185 [INFO] Sending reply to client 'OK 2022-02-16_01-00-41,31ccc4fa-7ae9-4ea1-bee5-9e908c604d1a'
ptd-server 2022-02-16 01:00:41,403 [INFO] Got command from the client 'time'
ptd-server 2022-02-16 01:00:41,403 [INFO] Sending reply to client '1645002041.403795'
ptd-server 2022-02-16 01:00:41,403 [INFO] Got command from the client 'session,2022-02-16_01-00-41,start,ranging'
ptd-server 2022-02-16 01:00:41,513 [INFO] Running PTDaemon: ['C:\\PTD\\ptd-windows-x86.exe', '-l', 'C:\\Users\\lab\\AppData\\Local\\Temp\\tmpl5lqwu7s\\ptd_logfile.txt', '-p', '8888', '-c', '1,3', '-y', '77', '10.34.232.250']
ptd-server 2022-02-16 01:01:01,615 [INFO] Sending to ptd: 'Hello'
ptd-server 2022-02-16 01:01:01,615 [INFO] Reply from ptd: 'Hello, PTDaemon here!'
ptd-server 2022-02-16 01:01:01,615 [INFO] Sending to ptd: 'Identify'
ptd-server 2022-02-16 01:01:01,615 [INFO] Reply from ptd: 'YokogawaWT330_multichannel,1000,1,1,1,1,0,0,1,version=1.9.2-3976349f-20201208,OS=Windows 8 / Server 2012,mode=power,1,1,2,0,0,no_cal_date,YOKOGAWA;WT333E;C2WA21018V;F1.04'
ptd-server 2022-02-16 01:01:01,615 [INFO] Connected to PTDaemon
ptd-server 2022-02-16 01:01:01,615 [INFO] Sending to ptd: 'RR'
ptd-server 2022-02-16 01:01:01,615 [INFO] Reply from ptd: 'Ranges,0,20.000000,1,300.000000'
ptd-server 2022-02-16 01:01:01,615 [INFO] Initial range for Amps is 20.000000 for Volts is Auto
ptd-server 2022-02-16 01:01:01,615 [INFO] Sending to ptd: 'SR,V,Auto'
ptd-server 2022-02-16 01:01:06,687 [INFO] Reply from ptd: 'Range V changed'
ptd-server 2022-02-16 01:01:06,687 [INFO] Sending to ptd: 'SR,A,Auto'
ptd-server 2022-02-16 01:01:11,768 [INFO] Reply from ptd: 'Range A changed'
ptd-server 2022-02-16 01:01:21,771 [INFO] Starting ranging mode
ptd-server 2022-02-16 01:01:21,771 [INFO] Sending to ptd: 'Go,1000,0,2022-02-16_01-00-41_ranging'
ptd-server 2022-02-16 01:01:21,771 [INFO] Reply from ptd: 'Starting untimed measurement, maximum 500000 samples at 1000ms with 0 rampup samples'
ptd-server 2022-02-16 01:01:21,771 [INFO] Sending reply to client 'OK'
ptd-server 2022-02-16 01:21:03,050 [INFO] Got command from the client 'session,2022-02-16_01-00-41,stop,ranging'
ptd-server 2022-02-16 01:21:13,063 [INFO] Sending to ptd: 'Stop'
ptd-server 2022-02-16 01:21:13,063 [INFO] Reply from ptd: 'Stopping untimed measurement'
ptd-server 2022-02-16 01:21:13,110 [INFO] Sending reply to client 'OK'
ptd-server 2022-02-16 01:21:13,360 [INFO] Got command from the client 'time'
ptd-server 2022-02-16 01:21:13,360 [INFO] Sending reply to client '1645003273.3601198'
ptd-server 2022-02-16 01:21:13,360 [INFO] Got command from the client 'session,2022-02-16_01-00-41,start,testing'
ptd-server 2022-02-16 01:21:13,360 [INFO] Sending to ptd: 'SR,V,209.090000'
ptd-server 2022-02-16 01:21:19,839 [INFO] Reply from ptd: 'Range V changed'
ptd-server 2022-02-16 01:21:19,839 [INFO] Sending to ptd: 'SR,A,4.942700'
ptd-server 2022-02-16 01:21:25,416 [INFO] Reply from ptd: 'Range A changed'
ptd-server 2022-02-16 01:21:35,417 [INFO] Starting testing mode
ptd-server 2022-02-16 01:21:35,417 [INFO] Sending to ptd: 'Go,1000,0,2022-02-16_01-00-41_testing'
ptd-server 2022-02-16 01:21:35,417 [INFO] Reply from ptd: 'Starting untimed measurement, maximum 500000 samples at 1000ms with 0 rampup samples'
ptd-server 2022-02-16 01:21:35,417 [INFO] Sending reply to client 'OK'
ptd-server 2022-02-16 01:41:17,844 [INFO] Got command from the client 'session,2022-02-16_01-00-41,stop,testing'
ptd-server 2022-02-16 01:41:27,868 [INFO] Sending to ptd: 'Stop'
ptd-server 2022-02-16 01:41:27,868 [INFO] Reply from ptd: 'Stopping untimed measurement'
ptd-server 2022-02-16 01:41:27,884 [INFO] Sending reply to client 'OK'
ptd-server 2022-02-16 01:41:27,930 [INFO] Got command from the client 'session,2022-02-16_01-00-41,done'
ptd-server 2022-02-16 01:41:27,930 [INFO] Sending to ptd: 'Stop'
ptd-server 2022-02-16 01:41:28,427 [INFO] Reply from ptd: 'Error: no measurement to stop'
ptd-server 2022-02-16 01:41:28,427 [INFO] Sending to ptd: 'SR,V,Auto'
ptd-server 2022-02-16 01:41:33,501 [INFO] Reply from ptd: 'Range V changed'
ptd-server 2022-02-16 01:41:33,501 [INFO] Sending to ptd: 'SR,A,20.000000'
ptd-server 2022-02-16 01:41:39,070 [INFO] Reply from ptd: 'Range A changed'
ptd-server 2022-02-16 01:41:39,070 [INFO] Set initial values for Amps 20.000000 and Volts Auto
ptd-server 2022-02-16 01:41:39,070 [INFO] Stopping ptd...
