client 2022-02-21 09:06:08,185 [INFO] Sending command to the server: 'mlcommons/power client v3'
client 2022-02-21 09:06:08,187 [INFO] Got response: 'mlcommons/power server v3'
client 2022-02-21 09:06:08,187 [INFO] Sending command to the server: 'stop'
client 2022-02-21 09:06:08,189 [INFO] Got response: 'OK'
client 2022-02-21 09:06:08,189 [INFO] Synchronizing with the server and with ib-01.dc4-in.nvidia.com...
client 2022-02-21 09:06:08,399 [INFO] NTP:offset = -0.004 s, delay = 0.205 s 
client 2022-02-21 09:06:08,399 [INFO] Sending command to the server: 'time'
client 2022-02-21 09:06:08,403 [INFO] Got response: '1645463168.2338915'
client 2022-02-21 09:06:08,403 [INFO] The time difference between the client and the server is within range 165.714 ms..169.197 ms
client 2022-02-21 09:06:08,403 [INFO] Sending command to the server: 'new,,ec1a4abf-7c3d-4994-a292-700d3fc95633'
client 2022-02-21 09:06:08,405 [INFO] Got response: 'OK 2022-02-21_09-06-08,f610f91b-315f-4167-baa7-ff9765fc7d73'
client 2022-02-21 09:06:08,405 [INFO] Session id is '2022-02-21_09-06-08'
client 2022-02-21 09:06:08,405 [INFO] Sources: {"sources": {"__init__.py": "da39a3ee5e6b4b0d3255bfef95601890afd80709", "client.py": "33ca4f26368777ac06e01f9567b714a4b8063886", "lib/__init__.py": "da39a3ee5e6b4b0d3255bfef95601890afd80709", "lib/client.py": "4c2b78fb4849a7e5b584ef792d82aaed20b17f57", "lib/common.py": "624d0c0acc7c39aaff3674f0b99d6a09da53d1dc", "lib/external/__init__.py": "da39a3ee5e6b4b0d3255bfef95601890afd80709", "lib/external/ntplib.py": "4da8f970656505a40483206ef2b5d3dd5e81711d", "lib/server.py": "59c9fb92908260d3e9f81a895c7aa009742275e4", "lib/source_hashes.py": "60a2e02193209e8d392803326208d5466342da18", "lib/summary.py": "aa92f0a3f975eecd44d3c0cd0236342ccc9f941d", "lib/time_sync.py": "3210db56eb0ff0df57bf4293dc4d4b03fffd46f1", "server.py": "c3f90f2f7eeb4db30727556d0c815ebc89b3d28b", "tests/unit/__init__.py": "da39a3ee5e6b4b0d3255bfef95601890afd80709", "tests/unit/test_server.py": "99ae15aef722f2000ee6ed1ae1523637bf1ae42b", "tests/unit/test_source_hashes.py": "00468a2907583c593e6574a1f6b404e4651c221a"}, "modules": {"ptd_client_server.lib.client": "lib/client.py", "ptd_client_server.lib.common": "lib/common.py", "ptd_client_server.lib.external.ntplib": "lib/external/ntplib.py", "ptd_client_server.lib.source_hashes": "lib/source_hashes.py", "ptd_client_server.lib.summary": "lib/summary.py", "ptd_client_server.lib.time_sync": "lib/time_sync.py"}}
client 2022-02-21 09:06:08,408 [INFO] Running workload in ranging mode
client 2022-02-21 09:06:08,408 [INFO] Synchronizing with the server and with ib-01.dc4-in.nvidia.com...
client 2022-02-21 09:06:08,611 [INFO] NTP:offset = -0.002 s, delay = 0.202 s 
client 2022-02-21 09:06:08,611 [INFO] Sending command to the server: 'time'
client 2022-02-21 09:06:08,613 [INFO] Got response: '1645463168.4369688'
client 2022-02-21 09:06:08,613 [INFO] The time difference between the client and the server is within range 174.190 ms..176.435 ms
client 2022-02-21 09:06:08,613 [INFO] Sending command to the server: 'session,2022-02-21_09-06-08,start,ranging'
client 2022-02-21 09:06:47,314 [INFO] Got response: 'OK'
client 2022-02-21 09:06:47,314 [INFO] Running the workload 'LOG_DIR=/work/build/power_logs_temp python3 code/main.py --benchmarks=rnnt --scenarios=Server --test_mode=PerformanceOnly --config_ver=maxq --action="run_harness" \\\n\t\t2>&1 | tee -a /work/build/power_logs/2022.02.21-09.05.26/stdout.txt \\\n\t\t&& if [ ! -d /work/build/power_logs/2022.02.21-09.05.26/ranging_tmp ]; \\\n\t\t\tthen mkdir /work/build/power_logs/2022.02.21-09.05.26/ranging_tmp \\\n\t\t\t\t&& mv /work/build/power_logs_temp/* /work/build/power_logs/2022.02.21-09.05.26/ranging_tmp/ \\\n\t\t\t\t&& cp -v /work/build/power_logs/2022.02.21-09.05.26/ranging_tmp/*/*/*/mlperf_log_detail.txt /work/build/power_logs_temp/ \\\n\t\t\t\t&& cp -v /work/build/power_logs/2022.02.21-09.05.26/ranging_tmp/*/*/*/mlperf_log_summary.txt /work/build/power_logs_temp/; \\\n\t\t\telse mkdir /work/build/power_logs/2022.02.21-09.05.26/testing_tmp \\\n\t\t\t\t&& mv /work/build/power_logs_temp/* /work/build/power_logs/2022.02.21-09.05.26/testing_tmp/ \\\n\t\t\t\t&& cp -v /work/build/power_logs/2022.02.21-09.05.26/testing_tmp/*/*/*/mlperf_log_detail.txt /work/build/power_logs_temp/ \\\n\t\t\t\t&& cp -v /work/build/power_logs/2022.02.21-09.05.26/testing_tmp/*/*/*/mlperf_log_summary.txt /work/build/power_logs_temp/; fi'
client 2022-02-21 09:19:07,395 [INFO] Sending command to the server: 'session,2022-02-21_09-06-08,stop,ranging'
client 2022-02-21 09:19:17,442 [INFO] Got response: 'OK'
client 2022-02-21 09:19:17,458 [INFO] Copying loadgen logs from '/work/build/power_logs_temp' to '/work/build/power_logs/2022.02.21-09.05.26/2022-02-21_09-06-08/ranging'
client 2022-02-21 09:19:17,471 [INFO] Running workload in testing mode
client 2022-02-21 09:19:17,471 [INFO] Synchronizing with the server and with ib-01.dc4-in.nvidia.com...
client 2022-02-21 09:19:17,678 [INFO] NTP:offset = -0.004 s, delay = 0.205 s 
client 2022-02-21 09:19:17,678 [INFO] Sending command to the server: 'time'
client 2022-02-21 09:19:17,693 [INFO] Got response: '1645463957.5167189'
client 2022-02-21 09:19:17,694 [INFO] The time difference between the client and the server is within range 161.632 ms..177.341 ms
client 2022-02-21 09:19:17,694 [INFO] Sending command to the server: 'session,2022-02-21_09-06-08,start,testing'
client 2022-02-21 09:19:40,024 [INFO] Got response: 'OK'
client 2022-02-21 09:19:40,024 [INFO] Running the workload 'LOG_DIR=/work/build/power_logs_temp python3 code/main.py --benchmarks=rnnt --scenarios=Server --test_mode=PerformanceOnly --config_ver=maxq --action="run_harness" \\\n\t\t2>&1 | tee -a /work/build/power_logs/2022.02.21-09.05.26/stdout.txt \\\n\t\t&& if [ ! -d /work/build/power_logs/2022.02.21-09.05.26/ranging_tmp ]; \\\n\t\t\tthen mkdir /work/build/power_logs/2022.02.21-09.05.26/ranging_tmp \\\n\t\t\t\t&& mv /work/build/power_logs_temp/* /work/build/power_logs/2022.02.21-09.05.26/ranging_tmp/ \\\n\t\t\t\t&& cp -v /work/build/power_logs/2022.02.21-09.05.26/ranging_tmp/*/*/*/mlperf_log_detail.txt /work/build/power_logs_temp/ \\\n\t\t\t\t&& cp -v /work/build/power_logs/2022.02.21-09.05.26/ranging_tmp/*/*/*/mlperf_log_summary.txt /work/build/power_logs_temp/; \\\n\t\t\telse mkdir /work/build/power_logs/2022.02.21-09.05.26/testing_tmp \\\n\t\t\t\t&& mv /work/build/power_logs_temp/* /work/build/power_logs/2022.02.21-09.05.26/testing_tmp/ \\\n\t\t\t\t&& cp -v /work/build/power_logs/2022.02.21-09.05.26/testing_tmp/*/*/*/mlperf_log_detail.txt /work/build/power_logs_temp/ \\\n\t\t\t\t&& cp -v /work/build/power_logs/2022.02.21-09.05.26/testing_tmp/*/*/*/mlperf_log_summary.txt /work/build/power_logs_temp/; fi'
client 2022-02-21 09:32:03,724 [INFO] Sending command to the server: 'session,2022-02-21_09-06-08,stop,testing'
client 2022-02-21 09:32:13,782 [INFO] Got response: 'OK'
client 2022-02-21 09:32:13,795 [INFO] Copying loadgen logs from '/work/build/power_logs_temp' to '/work/build/power_logs/2022.02.21-09.05.26/2022-02-21_09-06-08/run_1'
client 2022-02-21 09:32:13,808 [INFO] Done runs
