ptd-server 2022-02-23 18:53:06,722 [INFO] Got command from the client 'time'
ptd-server 2022-02-23 18:53:06,723 [INFO] Sending reply to client '1645642386.7230952'
ptd-server 2022-02-23 18:53:06,725 [INFO] Got command from the client 'new,,808c525d-a87f-4421-acaf-5c78ddeb5fed'
ptd-server 2022-02-23 18:53:06,725 [INFO] Sending reply to client 'OK 2022-02-23_18-53-06,9f722e34-9bab-4474-8b8c-9bb1d62ac4e6'
ptd-server 2022-02-23 18:53:06,762 [INFO] Got command from the client 'time'
ptd-server 2022-02-23 18:53:06,762 [INFO] Sending reply to client '1645642386.7628486'
ptd-server 2022-02-23 18:53:06,764 [INFO] Got command from the client 'session,2022-02-23_18-53-06,start,ranging'
ptd-server 2022-02-23 18:53:06,765 [INFO] Running PTDaemon: ['/home/anton/projects/mlperf/power/inference_v1.0/ptd-linux-x86', '-l', '/tmp/tmpgldyt7rr/ptd_logfile.txt', '-p', '8888', '49', '/dev/usbtmc0']
ptd-server 2022-02-23 18:53:23,938 [INFO] Sending to ptd: 'Hello'
ptd-server 2022-02-23 18:53:23,938 [INFO] Reply from ptd: 'Hello, PTDaemon here!'
ptd-server 2022-02-23 18:53:23,939 [INFO] Sending to ptd: 'Identify'
ptd-server 2022-02-23 18:53:23,939 [INFO] Reply from ptd: 'YokogawaWT310E,1000,1,1,1,1,0,1,1,version=1.9.2-e8c7a49a-20201208,OS=Linux 5.13.0-28-generic #31~20.04.1-Ubuntu SMP Wed Jan 19 14:08:10 UTC 2022 x86_64,mode=power,1,1,1,0,0,no_cal_date,YOKOGAWA;WT310E;C3XA04010E;F1.04'
ptd-server 2022-02-23 18:53:23,939 [INFO] Connected to PTDaemon
ptd-server 2022-02-23 18:53:23,939 [INFO] Sending to ptd: 'RR'
ptd-server 2022-02-23 18:53:23,939 [INFO] Reply from ptd: 'Ranges,0,0.500000,0,300.000000'
ptd-server 2022-02-23 18:53:23,940 [INFO] Initial range for Amps is 0.500000 for Volts is 300.000000
ptd-server 2022-02-23 18:53:23,940 [INFO] Sending to ptd: 'SR,V,Auto'
ptd-server 2022-02-23 18:53:24,442 [INFO] Reply from ptd: 'Range V changed'
ptd-server 2022-02-23 18:53:24,442 [INFO] Sending to ptd: 'SR,A,Auto'
ptd-server 2022-02-23 18:53:24,945 [INFO] Reply from ptd: 'Range A changed'
ptd-server 2022-02-23 18:53:34,955 [INFO] Starting ranging mode
ptd-server 2022-02-23 18:53:34,955 [INFO] Sending to ptd: 'Go,1000,0,2022-02-23_18-53-06_ranging'
ptd-server 2022-02-23 18:53:34,956 [INFO] Reply from ptd: 'Starting untimed measurement, maximum 500000 samples at 1000ms with 0 rampup samples'
ptd-server 2022-02-23 18:53:34,956 [INFO] Sending reply to client 'OK'
ptd-server 2022-02-23 19:03:57,288 [INFO] Got command from the client 'session,2022-02-23_18-53-06,stop,ranging'
ptd-server 2022-02-23 19:04:07,299 [INFO] Sending to ptd: 'Stop'
ptd-server 2022-02-23 19:04:07,299 [INFO] Reply from ptd: 'Stopping untimed measurement'
ptd-server 2022-02-23 19:04:08,189 [INFO] Sending reply to client 'OK'
ptd-server 2022-02-23 19:04:08,270 [INFO] Got command from the client 'time'
ptd-server 2022-02-23 19:04:08,270 [INFO] Sending reply to client '1645643048.2708442'
ptd-server 2022-02-23 19:04:08,272 [INFO] Got command from the client 'session,2022-02-23_18-53-06,start,testing'
ptd-server 2022-02-23 19:04:08,272 [INFO] Sending to ptd: 'SR,V,249.360000'
ptd-server 2022-02-23 19:04:09,773 [INFO] Reply from ptd: 'Range V changed'
ptd-server 2022-02-23 19:04:09,774 [INFO] Sending to ptd: 'SR,A,0.044650'
ptd-server 2022-02-23 19:04:11,275 [INFO] Reply from ptd: 'Range A changed'
ptd-server 2022-02-23 19:04:21,285 [INFO] Starting testing mode
ptd-server 2022-02-23 19:04:21,285 [INFO] Sending to ptd: 'Go,1000,0,2022-02-23_18-53-06_testing'
ptd-server 2022-02-23 19:04:21,286 [INFO] Reply from ptd: 'Starting untimed measurement, maximum 500000 samples at 1000ms with 0 rampup samples'
ptd-server 2022-02-23 19:04:21,286 [INFO] Sending reply to client 'OK'
ptd-server 2022-02-23 19:14:43,581 [INFO] Got command from the client 'session,2022-02-23_18-53-06,stop,testing'
ptd-server 2022-02-23 19:14:53,588 [INFO] Sending to ptd: 'Stop'
ptd-server 2022-02-23 19:14:53,588 [INFO] Reply from ptd: 'Stopping untimed measurement'
ptd-server 2022-02-23 19:14:54,048 [INFO] Sending reply to client 'OK'
ptd-server 2022-02-23 19:14:54,067 [INFO] Got command from the client 'session,2022-02-23_18-53-06,done'
ptd-server 2022-02-23 19:14:54,067 [INFO] Sending to ptd: 'Stop'
ptd-server 2022-02-23 19:14:54,287 [INFO] Reply from ptd: 'Error: no measurement to stop'
ptd-server 2022-02-23 19:14:54,287 [INFO] Sending to ptd: 'SR,V,300.000000'
ptd-server 2022-02-23 19:14:55,788 [INFO] Reply from ptd: 'Range V changed'
ptd-server 2022-02-23 19:14:55,789 [INFO] Sending to ptd: 'SR,A,0.500000'
ptd-server 2022-02-23 19:14:57,290 [INFO] Reply from ptd: 'Range A changed'
ptd-server 2022-02-23 19:14:57,290 [INFO] Set initial values for Amps 0.500000 and Volts 300.000000
ptd-server 2022-02-23 19:14:57,290 [INFO] Stopping ptd...
