ptd-server 2022-02-13 09:37:33,023 [INFO] Got command from the client 'time'
ptd-server 2022-02-13 09:37:33,023 [INFO] Sending reply to client '1644745053.0232964'
ptd-server 2022-02-13 09:37:33,025 [INFO] Got command from the client 'new,,5daa26fb-bba8-442a-8bf1-daec13170762'
ptd-server 2022-02-13 09:37:33,026 [INFO] Sending reply to client 'OK 2022-02-13_09-37-33,96f79ee9-5bb9-4916-9801-670a6c729951'
ptd-server 2022-02-13 09:37:33,068 [INFO] Got command from the client 'time'
ptd-server 2022-02-13 09:37:33,068 [INFO] Sending reply to client '1644745053.06865'
ptd-server 2022-02-13 09:37:33,070 [INFO] Got command from the client 'session,2022-02-13_09-37-33,start,ranging'
ptd-server 2022-02-13 09:37:33,070 [INFO] Running PTDaemon: ['/home/anton/projects/mlperf/power/inference_v1.0/ptd-linux-x86', '-l', '/tmp/tmpxvec0g6h/ptd_logfile.txt', '-p', '8888', '49', '/dev/usbtmc0']
ptd-server 2022-02-13 09:37:50,244 [INFO] Sending to ptd: 'Hello'
ptd-server 2022-02-13 09:37:50,244 [INFO] Reply from ptd: 'Hello, PTDaemon here!'
ptd-server 2022-02-13 09:37:50,245 [INFO] Sending to ptd: 'Identify'
ptd-server 2022-02-13 09:37:50,245 [INFO] Reply from ptd: 'YokogawaWT310E,1000,1,1,1,1,0,1,1,version=1.9.2-e8c7a49a-20201208,OS=Linux 5.13.0-27-generic #29~20.04.1-Ubuntu SMP Fri Jan 14 00:32:30 UTC 2022 x86_64,mode=power,1,1,1,0,0,no_cal_date,YOKOGAWA;WT310E;C3XA04010E;F1.04'
ptd-server 2022-02-13 09:37:50,245 [INFO] Connected to PTDaemon
ptd-server 2022-02-13 09:37:50,245 [INFO] Sending to ptd: 'RR'
ptd-server 2022-02-13 09:37:50,246 [INFO] Reply from ptd: 'Ranges,0,0.500000,0,300.000000'
ptd-server 2022-02-13 09:37:50,246 [INFO] Initial range for Amps is 0.500000 for Volts is 300.000000
ptd-server 2022-02-13 09:37:50,246 [INFO] Sending to ptd: 'SR,V,Auto'
ptd-server 2022-02-13 09:37:50,748 [INFO] Reply from ptd: 'Range V changed'
ptd-server 2022-02-13 09:37:50,749 [INFO] Sending to ptd: 'SR,A,Auto'
ptd-server 2022-02-13 09:37:51,251 [INFO] Reply from ptd: 'Range A changed'
ptd-server 2022-02-13 09:38:01,261 [INFO] Starting ranging mode
ptd-server 2022-02-13 09:38:01,261 [INFO] Sending to ptd: 'Go,1000,0,2022-02-13_09-37-33_ranging'
ptd-server 2022-02-13 09:38:01,262 [INFO] Reply from ptd: 'Starting untimed measurement, maximum 500000 samples at 1000ms with 0 rampup samples'
ptd-server 2022-02-13 09:38:01,262 [INFO] Sending reply to client 'OK'
ptd-server 2022-02-13 09:48:16,989 [INFO] Got command from the client 'session,2022-02-13_09-37-33,stop,ranging'
ptd-server 2022-02-13 09:48:27,000 [INFO] Sending to ptd: 'Stop'
ptd-server 2022-02-13 09:48:27,000 [INFO] Reply from ptd: 'Stopping untimed measurement'
ptd-server 2022-02-13 09:48:27,595 [INFO] Sending reply to client 'OK'
ptd-server 2022-02-13 09:48:27,671 [INFO] Got command from the client 'time'
ptd-server 2022-02-13 09:48:27,671 [INFO] Sending reply to client '1644745707.671506'
ptd-server 2022-02-13 09:48:27,673 [INFO] Got command from the client 'session,2022-02-13_09-37-33,start,testing'
ptd-server 2022-02-13 09:48:27,674 [INFO] Sending to ptd: 'SR,V,247.760000'
ptd-server 2022-02-13 09:48:29,175 [INFO] Reply from ptd: 'Range V changed'
ptd-server 2022-02-13 09:48:29,175 [INFO] Sending to ptd: 'SR,A,0.162910'
ptd-server 2022-02-13 09:48:30,677 [INFO] Reply from ptd: 'Range A changed'
ptd-server 2022-02-13 09:48:40,684 [INFO] Starting testing mode
ptd-server 2022-02-13 09:48:40,684 [INFO] Sending to ptd: 'Go,1000,0,2022-02-13_09-37-33_testing'
ptd-server 2022-02-13 09:48:40,684 [INFO] Reply from ptd: 'Starting untimed measurement, maximum 500000 samples at 1000ms with 0 rampup samples'
ptd-server 2022-02-13 09:48:40,685 [INFO] Sending reply to client 'OK'
ptd-server 2022-02-13 09:58:56,363 [INFO] Got command from the client 'session,2022-02-13_09-37-33,stop,testing'
ptd-server 2022-02-13 09:59:06,374 [INFO] Sending to ptd: 'Stop'
ptd-server 2022-02-13 09:59:06,374 [INFO] Reply from ptd: 'Stopping untimed measurement'
ptd-server 2022-02-13 09:59:06,706 [INFO] Sending reply to client 'OK'
ptd-server 2022-02-13 09:59:06,725 [INFO] Got command from the client 'session,2022-02-13_09-37-33,done'
ptd-server 2022-02-13 09:59:06,725 [INFO] Sending to ptd: 'Stop'
ptd-server 2022-02-13 09:59:06,726 [INFO] Reply from ptd: 'Error: no measurement to stop'
ptd-server 2022-02-13 09:59:06,726 [INFO] Sending to ptd: 'SR,V,300.000000'
ptd-server 2022-02-13 09:59:08,227 [INFO] Reply from ptd: 'Range V changed'
ptd-server 2022-02-13 09:59:08,227 [INFO] Sending to ptd: 'SR,A,0.500000'
ptd-server 2022-02-13 09:59:09,729 [INFO] Reply from ptd: 'Range A changed'
ptd-server 2022-02-13 09:59:09,729 [INFO] Set initial values for Amps 0.500000 and Volts 300.000000
ptd-server 2022-02-13 09:59:09,729 [INFO] Stopping ptd...
