ptd-server 2022-02-17 22:29:49,165 [INFO] Got command from the client 'time'
ptd-server 2022-02-17 22:29:49,165 [INFO] Sending reply to client '1645136989.1659522'
ptd-server 2022-02-17 22:29:49,168 [INFO] Got command from the client 'new,,f758a6b1-3fe4-4d66-9cb1-d571d3f0e731'
ptd-server 2022-02-17 22:29:49,169 [INFO] Sending reply to client 'OK 2022-02-17_22-29-49,596991ec-a36b-4704-bc37-7d08737d0b9a'
ptd-server 2022-02-17 22:29:49,224 [INFO] Got command from the client 'time'
ptd-server 2022-02-17 22:29:49,224 [INFO] Sending reply to client '1645136989.2249048'
ptd-server 2022-02-17 22:29:49,227 [INFO] Got command from the client 'session,2022-02-17_22-29-49,start,ranging'
ptd-server 2022-02-17 22:29:49,227 [INFO] Running PTDaemon: ['/home/anton/projects/mlperf/power/inference_v1.0/ptd-linux-x86', '-l', '/tmp/tmpgldyt7rr/ptd_logfile.txt', '-p', '8888', '49', '/dev/usbtmc0']
ptd-server 2022-02-17 22:30:06,399 [INFO] Sending to ptd: 'Hello'
ptd-server 2022-02-17 22:30:06,400 [INFO] Reply from ptd: 'Hello, PTDaemon here!'
ptd-server 2022-02-17 22:30:06,400 [INFO] Sending to ptd: 'Identify'
ptd-server 2022-02-17 22:30:06,401 [INFO] Reply from ptd: 'YokogawaWT310E,1000,1,1,1,1,0,1,1,version=1.9.2-e8c7a49a-20201208,OS=Linux 5.13.0-28-generic #31~20.04.1-Ubuntu SMP Wed Jan 19 14:08:10 UTC 2022 x86_64,mode=power,1,1,1,0,0,no_cal_date,YOKOGAWA;WT310E;C3XA04010E;F1.04'
ptd-server 2022-02-17 22:30:06,401 [INFO] Connected to PTDaemon
ptd-server 2022-02-17 22:30:06,401 [INFO] Sending to ptd: 'RR'
ptd-server 2022-02-17 22:30:06,401 [INFO] Reply from ptd: 'Ranges,0,0.500000,0,300.000000'
ptd-server 2022-02-17 22:30:06,402 [INFO] Initial range for Amps is 0.500000 for Volts is 300.000000
ptd-server 2022-02-17 22:30:06,402 [INFO] Sending to ptd: 'SR,V,Auto'
ptd-server 2022-02-17 22:30:06,904 [INFO] Reply from ptd: 'Range V changed'
ptd-server 2022-02-17 22:30:06,904 [INFO] Sending to ptd: 'SR,A,Auto'
ptd-server 2022-02-17 22:30:07,407 [INFO] Reply from ptd: 'Range A changed'
ptd-server 2022-02-17 22:30:17,417 [INFO] Starting ranging mode
ptd-server 2022-02-17 22:30:17,417 [INFO] Sending to ptd: 'Go,1000,0,2022-02-17_22-29-49_ranging'
ptd-server 2022-02-17 22:30:17,418 [INFO] Reply from ptd: 'Starting untimed measurement, maximum 500000 samples at 1000ms with 0 rampup samples'
ptd-server 2022-02-17 22:30:17,418 [INFO] Sending reply to client 'OK'
ptd-server 2022-02-17 22:44:43,150 [INFO] Got command from the client 'session,2022-02-17_22-29-49,stop,ranging'
ptd-server 2022-02-17 22:44:53,160 [INFO] Sending to ptd: 'Stop'
ptd-server 2022-02-17 22:44:53,161 [INFO] Reply from ptd: 'Stopping untimed measurement'
ptd-server 2022-02-17 22:44:53,385 [INFO] Sending reply to client 'OK'
ptd-server 2022-02-17 22:44:53,528 [INFO] Got command from the client 'time'
ptd-server 2022-02-17 22:44:53,528 [INFO] Sending reply to client '1645137893.5288136'
ptd-server 2022-02-17 22:44:53,532 [INFO] Got command from the client 'session,2022-02-17_22-29-49,start,testing'
ptd-server 2022-02-17 22:44:53,533 [INFO] Sending to ptd: 'SR,V,251.250000'
ptd-server 2022-02-17 22:44:55,034 [INFO] Reply from ptd: 'Range V changed'
ptd-server 2022-02-17 22:44:55,034 [INFO] Sending to ptd: 'SR,A,0.198390'
ptd-server 2022-02-17 22:44:56,535 [INFO] Reply from ptd: 'Range A changed'
ptd-server 2022-02-17 22:45:06,546 [INFO] Starting testing mode
ptd-server 2022-02-17 22:45:06,546 [INFO] Sending to ptd: 'Go,1000,0,2022-02-17_22-29-49_testing'
ptd-server 2022-02-17 22:45:06,546 [INFO] Reply from ptd: 'Starting untimed measurement, maximum 500000 samples at 1000ms with 0 rampup samples'
ptd-server 2022-02-17 22:45:06,546 [INFO] Sending reply to client 'OK'
ptd-server 2022-02-17 22:59:34,716 [INFO] Got command from the client 'session,2022-02-17_22-29-49,stop,testing'
ptd-server 2022-02-17 22:59:44,726 [INFO] Sending to ptd: 'Stop'
ptd-server 2022-02-17 22:59:44,727 [INFO] Reply from ptd: 'Stopping untimed measurement'
ptd-server 2022-02-17 22:59:44,844 [INFO] Sending reply to client 'OK'
ptd-server 2022-02-17 22:59:44,889 [INFO] Got command from the client 'session,2022-02-17_22-29-49,done'
ptd-server 2022-02-17 22:59:44,889 [INFO] Sending to ptd: 'Stop'
ptd-server 2022-02-17 22:59:45,546 [INFO] Reply from ptd: 'Error: no measurement to stop'
ptd-server 2022-02-17 22:59:45,546 [INFO] Sending to ptd: 'SR,V,300.000000'
ptd-server 2022-02-17 22:59:47,048 [INFO] Reply from ptd: 'Range V changed'
ptd-server 2022-02-17 22:59:47,048 [INFO] Sending to ptd: 'SR,A,0.500000'
ptd-server 2022-02-17 22:59:48,549 [INFO] Reply from ptd: 'Range A changed'
ptd-server 2022-02-17 22:59:48,549 [INFO] Set initial values for Amps 0.500000 and Volts 300.000000
ptd-server 2022-02-17 22:59:48,550 [INFO] Stopping ptd...
