ptd-server 2022-02-18 01:39:01,613 [INFO] Got command from the client 'time'
ptd-server 2022-02-18 01:39:01,613 [INFO] Sending reply to client '1645148341.613729'
ptd-server 2022-02-18 01:39:01,615 [INFO] Got command from the client 'new,,b4254a8c-65e9-43c3-a1a4-dbd80584ca5d'
ptd-server 2022-02-18 01:39:01,615 [INFO] Sending reply to client 'OK 2022-02-18_01-39-01,5179b952-dda5-4617-97f0-3af5b8fb37fe'
ptd-server 2022-02-18 01:39:01,668 [INFO] Got command from the client 'time'
ptd-server 2022-02-18 01:39:01,669 [INFO] Sending reply to client '1645148341.6691015'
ptd-server 2022-02-18 01:39:01,671 [INFO] Got command from the client 'session,2022-02-18_01-39-01,start,ranging'
ptd-server 2022-02-18 01:39:01,672 [INFO] Running PTDaemon: ['/home/anton/projects/mlperf/power/inference_v1.0/ptd-linux-x86', '-l', '/tmp/tmpgldyt7rr/ptd_logfile.txt', '-p', '8888', '49', '/dev/usbtmc0']
ptd-server 2022-02-18 01:39:18,845 [INFO] Sending to ptd: 'Hello'
ptd-server 2022-02-18 01:39:18,845 [INFO] Reply from ptd: 'Hello, PTDaemon here!'
ptd-server 2022-02-18 01:39:18,845 [INFO] Sending to ptd: 'Identify'
ptd-server 2022-02-18 01:39:18,846 [INFO] Reply from ptd: 'YokogawaWT310E,1000,1,1,1,1,0,1,1,version=1.9.2-e8c7a49a-20201208,OS=Linux 5.13.0-28-generic #31~20.04.1-Ubuntu SMP Wed Jan 19 14:08:10 UTC 2022 x86_64,mode=power,1,1,1,0,0,no_cal_date,YOKOGAWA;WT310E;C3XA04010E;F1.04'
ptd-server 2022-02-18 01:39:18,846 [INFO] Connected to PTDaemon
ptd-server 2022-02-18 01:39:18,846 [INFO] Sending to ptd: 'RR'
ptd-server 2022-02-18 01:39:18,846 [INFO] Reply from ptd: 'Ranges,0,0.500000,0,300.000000'
ptd-server 2022-02-18 01:39:18,846 [INFO] Initial range for Amps is 0.500000 for Volts is 300.000000
ptd-server 2022-02-18 01:39:18,847 [INFO] Sending to ptd: 'SR,V,Auto'
ptd-server 2022-02-18 01:39:19,349 [INFO] Reply from ptd: 'Range V changed'
ptd-server 2022-02-18 01:39:19,349 [INFO] Sending to ptd: 'SR,A,Auto'
ptd-server 2022-02-18 01:39:19,852 [INFO] Reply from ptd: 'Range A changed'
ptd-server 2022-02-18 01:39:29,862 [INFO] Starting ranging mode
ptd-server 2022-02-18 01:39:29,862 [INFO] Sending to ptd: 'Go,1000,0,2022-02-18_01-39-01_ranging'
ptd-server 2022-02-18 01:39:29,863 [INFO] Reply from ptd: 'Starting untimed measurement, maximum 500000 samples at 1000ms with 0 rampup samples'
ptd-server 2022-02-18 01:39:29,863 [INFO] Sending reply to client 'OK'
ptd-server 2022-02-18 01:53:33,903 [INFO] Got command from the client 'session,2022-02-18_01-39-01,stop,ranging'
ptd-server 2022-02-18 01:53:43,913 [INFO] Sending to ptd: 'Stop'
ptd-server 2022-02-18 01:53:43,914 [INFO] Reply from ptd: 'Stopping untimed measurement'
ptd-server 2022-02-18 01:53:44,147 [INFO] Sending reply to client 'OK'
ptd-server 2022-02-18 01:53:44,269 [INFO] Got command from the client 'time'
ptd-server 2022-02-18 01:53:44,269 [INFO] Sending reply to client '1645149224.2691827'
ptd-server 2022-02-18 01:53:44,273 [INFO] Got command from the client 'session,2022-02-18_01-39-01,start,testing'
ptd-server 2022-02-18 01:53:44,273 [INFO] Sending to ptd: 'SR,V,249.860000'
ptd-server 2022-02-18 01:53:46,364 [INFO] Reply from ptd: 'Range V changed'
ptd-server 2022-02-18 01:53:46,364 [INFO] Sending to ptd: 'SR,A,0.195330'
ptd-server 2022-02-18 01:53:47,866 [INFO] Reply from ptd: 'Range A changed'
ptd-server 2022-02-18 01:53:57,876 [INFO] Starting testing mode
ptd-server 2022-02-18 01:53:57,876 [INFO] Sending to ptd: 'Go,1000,0,2022-02-18_01-39-01_testing'
ptd-server 2022-02-18 01:53:57,877 [INFO] Reply from ptd: 'Starting untimed measurement, maximum 500000 samples at 1000ms with 0 rampup samples'
ptd-server 2022-02-18 01:53:57,877 [INFO] Sending reply to client 'OK'
ptd-server 2022-02-18 02:08:03,689 [INFO] Got command from the client 'session,2022-02-18_01-39-01,stop,testing'
ptd-server 2022-02-18 02:08:13,696 [INFO] Sending to ptd: 'Stop'
ptd-server 2022-02-18 02:08:13,696 [INFO] Reply from ptd: 'Stopping untimed measurement'
ptd-server 2022-02-18 02:08:13,829 [INFO] Sending reply to client 'OK'
ptd-server 2022-02-18 02:08:13,862 [INFO] Got command from the client 'session,2022-02-18_01-39-01,done'
ptd-server 2022-02-18 02:08:13,862 [INFO] Sending to ptd: 'Stop'
ptd-server 2022-02-18 02:08:13,878 [INFO] Reply from ptd: 'Error: no measurement to stop'
ptd-server 2022-02-18 02:08:13,878 [INFO] Sending to ptd: 'SR,V,300.000000'
ptd-server 2022-02-18 02:08:15,379 [INFO] Reply from ptd: 'Range V changed'
ptd-server 2022-02-18 02:08:15,379 [INFO] Sending to ptd: 'SR,A,0.500000'
ptd-server 2022-02-18 02:08:16,881 [INFO] Reply from ptd: 'Range A changed'
ptd-server 2022-02-18 02:08:16,881 [INFO] Set initial values for Amps 0.500000 and Volts 300.000000
ptd-server 2022-02-18 02:08:16,881 [INFO] Stopping ptd...
