ptd-server 2022-02-24 16:10:32,034 [INFO] Got command from the client 'time'
ptd-server 2022-02-24 16:10:32,034 [INFO] Sending reply to client '1645719032.0342734'
ptd-server 2022-02-24 16:10:32,036 [INFO] Got command from the client 'new,,7366eee4-eafe-4557-8cd8-7ea98d042994'
ptd-server 2022-02-24 16:10:32,036 [INFO] Sending reply to client 'OK 2022-02-24_16-10-32,6033572a-2c6e-4e70-952d-5a70ef773f3c'
ptd-server 2022-02-24 16:10:32,072 [INFO] Got command from the client 'time'
ptd-server 2022-02-24 16:10:32,072 [INFO] Sending reply to client '1645719032.0725987'
ptd-server 2022-02-24 16:10:32,074 [INFO] Got command from the client 'session,2022-02-24_16-10-32,start,ranging'
ptd-server 2022-02-24 16:10:32,074 [INFO] Running PTDaemon: ['/home/anton/projects/mlperf/power/inference_v1.0/ptd-linux-x86', '-l', '/tmp/tmp0_fn53vp/ptd_logfile.txt', '-p', '8888', '49', '/dev/usbtmc0']
ptd-server 2022-02-24 16:10:49,254 [INFO] Sending to ptd: 'Hello'
ptd-server 2022-02-24 16:10:49,255 [INFO] Reply from ptd: 'Hello, PTDaemon here!'
ptd-server 2022-02-24 16:10:49,255 [INFO] Sending to ptd: 'Identify'
ptd-server 2022-02-24 16:10:49,255 [INFO] Reply from ptd: 'YokogawaWT310E,1000,1,1,1,1,0,1,1,version=1.9.2-e8c7a49a-20201208,OS=Linux 5.13.0-30-generic #33~20.04.1-Ubuntu SMP Mon Feb 7 14:25:10 UTC 2022 x86_64,mode=power,1,1,1,0,0,no_cal_date,YOKOGAWA;WT310E;C3XA04010E;F1.04'
ptd-server 2022-02-24 16:10:49,255 [INFO] Connected to PTDaemon
ptd-server 2022-02-24 16:10:49,255 [INFO] Sending to ptd: 'RR'
ptd-server 2022-02-24 16:10:49,256 [INFO] Reply from ptd: 'Ranges,0,0.500000,1,300.000000'
ptd-server 2022-02-24 16:10:49,256 [INFO] Initial range for Amps is 0.500000 for Volts is Auto
ptd-server 2022-02-24 16:10:49,256 [INFO] Sending to ptd: 'SR,V,Auto'
ptd-server 2022-02-24 16:10:49,758 [INFO] Reply from ptd: 'Range V changed'
ptd-server 2022-02-24 16:10:49,759 [INFO] Sending to ptd: 'SR,A,Auto'
ptd-server 2022-02-24 16:10:50,261 [INFO] Reply from ptd: 'Range A changed'
ptd-server 2022-02-24 16:11:00,271 [INFO] Starting ranging mode
ptd-server 2022-02-24 16:11:00,271 [INFO] Sending to ptd: 'Go,1000,0,2022-02-24_16-10-32_ranging'
ptd-server 2022-02-24 16:11:00,272 [INFO] Reply from ptd: 'Starting untimed measurement, maximum 500000 samples at 1000ms with 0 rampup samples'
ptd-server 2022-02-24 16:11:00,272 [INFO] Sending reply to client 'OK'
ptd-server 2022-02-24 16:21:22,894 [INFO] Got command from the client 'session,2022-02-24_16-10-32,stop,ranging'
ptd-server 2022-02-24 16:21:32,904 [INFO] Sending to ptd: 'Stop'
ptd-server 2022-02-24 16:21:32,905 [INFO] Reply from ptd: 'Stopping untimed measurement'
ptd-server 2022-02-24 16:21:33,041 [INFO] Sending reply to client 'OK'
ptd-server 2022-02-24 16:21:33,121 [INFO] Got command from the client 'time'
ptd-server 2022-02-24 16:21:33,121 [INFO] Sending reply to client '1645719693.1218026'
ptd-server 2022-02-24 16:21:33,124 [INFO] Got command from the client 'session,2022-02-24_16-10-32,start,testing'
ptd-server 2022-02-24 16:21:33,124 [INFO] Sending to ptd: 'SR,V,250.040000'
ptd-server 2022-02-24 16:21:34,774 [INFO] Reply from ptd: 'Range V changed'
ptd-server 2022-02-24 16:21:34,774 [INFO] Sending to ptd: 'SR,A,0.043570'
ptd-server 2022-02-24 16:21:36,275 [INFO] Reply from ptd: 'Range A changed'
ptd-server 2022-02-24 16:21:46,284 [INFO] Starting testing mode
ptd-server 2022-02-24 16:21:46,284 [INFO] Sending to ptd: 'Go,1000,0,2022-02-24_16-10-32_testing'
ptd-server 2022-02-24 16:21:46,284 [INFO] Reply from ptd: 'Starting untimed measurement, maximum 500000 samples at 1000ms with 0 rampup samples'
ptd-server 2022-02-24 16:21:46,285 [INFO] Sending reply to client 'OK'
ptd-server 2022-02-24 16:32:08,737 [INFO] Got command from the client 'session,2022-02-24_16-10-32,stop,testing'
ptd-server 2022-02-24 16:32:18,747 [INFO] Sending to ptd: 'Stop'
ptd-server 2022-02-24 16:32:18,747 [INFO] Reply from ptd: 'Stopping untimed measurement'
ptd-server 2022-02-24 16:32:18,819 [INFO] Sending reply to client 'OK'
ptd-server 2022-02-24 16:32:18,836 [INFO] Got command from the client 'session,2022-02-24_16-10-32,done'
ptd-server 2022-02-24 16:32:18,836 [INFO] Sending to ptd: 'Stop'
ptd-server 2022-02-24 16:32:19,284 [INFO] Reply from ptd: 'Error: no measurement to stop'
ptd-server 2022-02-24 16:32:19,285 [INFO] Sending to ptd: 'SR,V,Auto'
ptd-server 2022-02-24 16:32:19,787 [INFO] Reply from ptd: 'Range V changed'
ptd-server 2022-02-24 16:32:19,787 [INFO] Sending to ptd: 'SR,A,0.500000'
ptd-server 2022-02-24 16:32:21,288 [INFO] Reply from ptd: 'Range A changed'
ptd-server 2022-02-24 16:32:21,289 [INFO] Set initial values for Amps 0.500000 and Volts Auto
ptd-server 2022-02-24 16:32:21,289 [INFO] Stopping ptd...
