ptd-server 2022-02-23 10:54:50,956 [INFO] Got command from the client 'time'
ptd-server 2022-02-23 10:54:50,956 [INFO] Sending reply to client '1645613690.9563417'
ptd-server 2022-02-23 10:54:50,959 [INFO] Got command from the client 'new,,a1cccd88-3b01-4378-b015-08bf9d7b9074'
ptd-server 2022-02-23 10:54:50,959 [INFO] Sending reply to client 'OK 2022-02-23_10-54-50,d1c57493-a5d7-41d1-a492-e9432e59de32'
ptd-server 2022-02-23 10:54:50,996 [INFO] Got command from the client 'time'
ptd-server 2022-02-23 10:54:50,996 [INFO] Sending reply to client '1645613690.9962544'
ptd-server 2022-02-23 10:54:50,997 [INFO] Got command from the client 'session,2022-02-23_10-54-50,start,ranging'
ptd-server 2022-02-23 10:54:50,997 [INFO] Running PTDaemon: ['/home/anton/projects/mlperf/power/inference_v1.0/ptd-linux-x86', '-l', '/tmp/tmpgldyt7rr/ptd_logfile.txt', '-p', '8888', '49', '/dev/usbtmc0']
ptd-server 2022-02-23 10:55:08,170 [INFO] Sending to ptd: 'Hello'
ptd-server 2022-02-23 10:55:08,170 [INFO] Reply from ptd: 'Hello, PTDaemon here!'
ptd-server 2022-02-23 10:55:08,171 [INFO] Sending to ptd: 'Identify'
ptd-server 2022-02-23 10:55:08,171 [INFO] Reply from ptd: 'YokogawaWT310E,1000,1,1,1,1,0,1,1,version=1.9.2-e8c7a49a-20201208,OS=Linux 5.13.0-28-generic #31~20.04.1-Ubuntu SMP Wed Jan 19 14:08:10 UTC 2022 x86_64,mode=power,1,1,1,0,0,no_cal_date,YOKOGAWA;WT310E;C3XA04010E;F1.04'
ptd-server 2022-02-23 10:55:08,171 [INFO] Connected to PTDaemon
ptd-server 2022-02-23 10:55:08,171 [INFO] Sending to ptd: 'RR'
ptd-server 2022-02-23 10:55:08,171 [INFO] Reply from ptd: 'Ranges,0,0.500000,0,300.000000'
ptd-server 2022-02-23 10:55:08,172 [INFO] Initial range for Amps is 0.500000 for Volts is 300.000000
ptd-server 2022-02-23 10:55:08,172 [INFO] Sending to ptd: 'SR,V,Auto'
ptd-server 2022-02-23 10:55:08,674 [INFO] Reply from ptd: 'Range V changed'
ptd-server 2022-02-23 10:55:08,674 [INFO] Sending to ptd: 'SR,A,Auto'
ptd-server 2022-02-23 10:55:09,177 [INFO] Reply from ptd: 'Range A changed'
ptd-server 2022-02-23 10:55:19,187 [INFO] Starting ranging mode
ptd-server 2022-02-23 10:55:19,187 [INFO] Sending to ptd: 'Go,1000,0,2022-02-23_10-54-50_ranging'
ptd-server 2022-02-23 10:55:19,188 [INFO] Reply from ptd: 'Starting untimed measurement, maximum 500000 samples at 1000ms with 0 rampup samples'
ptd-server 2022-02-23 10:55:19,188 [INFO] Sending reply to client 'OK'
ptd-server 2022-02-23 11:05:48,418 [INFO] Got command from the client 'session,2022-02-23_10-54-50,stop,ranging'
ptd-server 2022-02-23 11:05:58,428 [INFO] Sending to ptd: 'Stop'
ptd-server 2022-02-23 11:05:58,429 [INFO] Reply from ptd: 'Stopping untimed measurement'
ptd-server 2022-02-23 11:05:59,279 [INFO] Sending reply to client 'OK'
ptd-server 2022-02-23 11:05:59,335 [INFO] Got command from the client 'time'
ptd-server 2022-02-23 11:05:59,335 [INFO] Sending reply to client '1645614359.335673'
ptd-server 2022-02-23 11:05:59,337 [INFO] Got command from the client 'session,2022-02-23_10-54-50,start,testing'
ptd-server 2022-02-23 11:05:59,338 [INFO] Sending to ptd: 'SR,V,252.430000'
ptd-server 2022-02-23 11:06:00,839 [INFO] Reply from ptd: 'Range V changed'
ptd-server 2022-02-23 11:06:00,839 [INFO] Sending to ptd: 'SR,A,0.054030'
ptd-server 2022-02-23 11:06:02,340 [INFO] Reply from ptd: 'Range A changed'
ptd-server 2022-02-23 11:06:12,351 [INFO] Starting testing mode
ptd-server 2022-02-23 11:06:12,351 [INFO] Sending to ptd: 'Go,1000,0,2022-02-23_10-54-50_testing'
ptd-server 2022-02-23 11:06:12,351 [INFO] Reply from ptd: 'Starting untimed measurement, maximum 500000 samples at 1000ms with 0 rampup samples'
ptd-server 2022-02-23 11:06:12,351 [INFO] Sending reply to client 'OK'
ptd-server 2022-02-23 11:16:41,322 [INFO] Got command from the client 'session,2022-02-23_10-54-50,stop,testing'
ptd-server 2022-02-23 11:16:51,332 [INFO] Sending to ptd: 'Stop'
ptd-server 2022-02-23 11:16:51,333 [INFO] Reply from ptd: 'Stopping untimed measurement'
ptd-server 2022-02-23 11:16:51,772 [INFO] Sending reply to client 'OK'
ptd-server 2022-02-23 11:16:51,792 [INFO] Got command from the client 'session,2022-02-23_10-54-50,done'
ptd-server 2022-02-23 11:16:51,792 [INFO] Sending to ptd: 'Stop'
ptd-server 2022-02-23 11:16:51,793 [INFO] Reply from ptd: 'Error: no measurement to stop'
ptd-server 2022-02-23 11:16:51,793 [INFO] Sending to ptd: 'SR,V,300.000000'
ptd-server 2022-02-23 11:16:53,294 [INFO] Reply from ptd: 'Range V changed'
ptd-server 2022-02-23 11:16:53,294 [INFO] Sending to ptd: 'SR,A,0.500000'
ptd-server 2022-02-23 11:16:54,796 [INFO] Reply from ptd: 'Range A changed'
ptd-server 2022-02-23 11:16:54,796 [INFO] Set initial values for Amps 0.500000 and Volts 300.000000
ptd-server 2022-02-23 11:16:54,796 [INFO] Stopping ptd...
