ptd-server 2022-02-13 04:33:01,083 [INFO] Got command from the client 'time'
ptd-server 2022-02-13 04:33:01,083 [INFO] Sending reply to client '1644726781.0832443'
ptd-server 2022-02-13 04:33:01,084 [INFO] Got command from the client 'new,,3419181e-659e-4815-a10c-1550f6ccd20a'
ptd-server 2022-02-13 04:33:01,085 [INFO] Sending reply to client 'OK 2022-02-13_04-33-01,53d56127-b6c0-4a9e-9506-92786b0caef0'
ptd-server 2022-02-13 04:33:01,123 [INFO] Got command from the client 'time'
ptd-server 2022-02-13 04:33:01,123 [INFO] Sending reply to client '1644726781.1237786'
ptd-server 2022-02-13 04:33:01,125 [INFO] Got command from the client 'session,2022-02-13_04-33-01,start,ranging'
ptd-server 2022-02-13 04:33:01,125 [INFO] Running PTDaemon: ['/home/anton/projects/mlperf/power/inference_v1.0/ptd-linux-x86', '-l', '/tmp/tmpxvec0g6h/ptd_logfile.txt', '-p', '8888', '49', '/dev/usbtmc0']
ptd-server 2022-02-13 04:33:18,299 [INFO] Sending to ptd: 'Hello'
ptd-server 2022-02-13 04:33:18,300 [INFO] Reply from ptd: 'Hello, PTDaemon here!'
ptd-server 2022-02-13 04:33:18,300 [INFO] Sending to ptd: 'Identify'
ptd-server 2022-02-13 04:33:18,300 [INFO] Reply from ptd: 'YokogawaWT310E,1000,1,1,1,1,0,1,1,version=1.9.2-e8c7a49a-20201208,OS=Linux 5.13.0-27-generic #29~20.04.1-Ubuntu SMP Fri Jan 14 00:32:30 UTC 2022 x86_64,mode=power,1,1,1,0,0,no_cal_date,YOKOGAWA;WT310E;C3XA04010E;F1.04'
ptd-server 2022-02-13 04:33:18,301 [INFO] Connected to PTDaemon
ptd-server 2022-02-13 04:33:18,301 [INFO] Sending to ptd: 'RR'
ptd-server 2022-02-13 04:33:18,301 [INFO] Reply from ptd: 'Ranges,0,0.500000,0,300.000000'
ptd-server 2022-02-13 04:33:18,301 [INFO] Initial range for Amps is 0.500000 for Volts is 300.000000
ptd-server 2022-02-13 04:33:18,301 [INFO] Sending to ptd: 'SR,V,Auto'
ptd-server 2022-02-13 04:33:18,804 [INFO] Reply from ptd: 'Range V changed'
ptd-server 2022-02-13 04:33:18,804 [INFO] Sending to ptd: 'SR,A,Auto'
ptd-server 2022-02-13 04:33:19,306 [INFO] Reply from ptd: 'Range A changed'
ptd-server 2022-02-13 04:33:29,317 [INFO] Starting ranging mode
ptd-server 2022-02-13 04:33:29,317 [INFO] Sending to ptd: 'Go,1000,0,2022-02-13_04-33-01_ranging'
ptd-server 2022-02-13 04:33:29,317 [INFO] Reply from ptd: 'Starting untimed measurement, maximum 500000 samples at 1000ms with 0 rampup samples'
ptd-server 2022-02-13 04:33:29,318 [INFO] Sending reply to client 'OK'
ptd-server 2022-02-13 04:43:45,197 [INFO] Got command from the client 'session,2022-02-13_04-33-01,stop,ranging'
ptd-server 2022-02-13 04:43:55,207 [INFO] Sending to ptd: 'Stop'
ptd-server 2022-02-13 04:43:55,208 [INFO] Reply from ptd: 'Stopping untimed measurement'
ptd-server 2022-02-13 04:43:55,766 [INFO] Sending reply to client 'OK'
ptd-server 2022-02-13 04:43:55,820 [INFO] Got command from the client 'time'
ptd-server 2022-02-13 04:43:55,821 [INFO] Sending reply to client '1644727435.8210776'
ptd-server 2022-02-13 04:43:55,823 [INFO] Got command from the client 'session,2022-02-13_04-33-01,start,testing'
ptd-server 2022-02-13 04:43:55,823 [INFO] Sending to ptd: 'SR,V,252.410000'
ptd-server 2022-02-13 04:43:57,325 [INFO] Reply from ptd: 'Range V changed'
ptd-server 2022-02-13 04:43:57,325 [INFO] Sending to ptd: 'SR,A,0.159030'
ptd-server 2022-02-13 04:43:58,826 [INFO] Reply from ptd: 'Range A changed'
ptd-server 2022-02-13 04:44:08,836 [INFO] Starting testing mode
ptd-server 2022-02-13 04:44:08,836 [INFO] Sending to ptd: 'Go,1000,0,2022-02-13_04-33-01_testing'
ptd-server 2022-02-13 04:44:08,836 [INFO] Reply from ptd: 'Starting untimed measurement, maximum 500000 samples at 1000ms with 0 rampup samples'
ptd-server 2022-02-13 04:44:08,836 [INFO] Sending reply to client 'OK'
ptd-server 2022-02-13 04:54:24,674 [INFO] Got command from the client 'session,2022-02-13_04-33-01,stop,testing'
ptd-server 2022-02-13 04:54:34,678 [INFO] Sending to ptd: 'Stop'
ptd-server 2022-02-13 04:54:34,678 [INFO] Reply from ptd: 'Stopping untimed measurement'
ptd-server 2022-02-13 04:54:34,976 [INFO] Sending reply to client 'OK'
ptd-server 2022-02-13 04:54:34,994 [INFO] Got command from the client 'session,2022-02-13_04-33-01,done'
ptd-server 2022-02-13 04:54:34,995 [INFO] Sending to ptd: 'Stop'
ptd-server 2022-02-13 04:54:34,995 [INFO] Reply from ptd: 'Error: no measurement to stop'
ptd-server 2022-02-13 04:54:34,995 [INFO] Sending to ptd: 'SR,V,300.000000'
ptd-server 2022-02-13 04:54:36,496 [INFO] Reply from ptd: 'Range V changed'
ptd-server 2022-02-13 04:54:36,497 [INFO] Sending to ptd: 'SR,A,0.500000'
ptd-server 2022-02-13 04:54:37,998 [INFO] Reply from ptd: 'Range A changed'
ptd-server 2022-02-13 04:54:37,999 [INFO] Set initial values for Amps 0.500000 and Volts 300.000000
ptd-server 2022-02-13 04:54:37,999 [INFO] Stopping ptd...
