client 2022-02-15 05:06:15,361 [INFO] Sending command to the server: 'mlcommons/power client v3'
client 2022-02-15 05:06:15,366 [INFO] Got response: 'mlcommons/power server v3'
client 2022-02-15 05:06:15,366 [INFO] Sending command to the server: 'stop'
client 2022-02-15 05:06:15,367 [INFO] Got response: 'OK'
client 2022-02-15 05:06:15,367 [INFO] Synchronizing with the server and with ib-01.dc4-in.nvidia.com...
client 2022-02-15 05:06:15,581 [INFO] NTP:offset = -0.002 s, delay = 0.209 s 
client 2022-02-15 05:06:15,581 [INFO] Sending command to the server: 'time'
client 2022-02-15 05:06:15,582 [INFO] Got response: '1644901575.6702557'
client 2022-02-15 05:06:15,582 [INFO] The time difference between the client and the server is within range -88.813 ms..-87.597 ms
client 2022-02-15 05:06:15,582 [INFO] Sending command to the server: 'new,,5191ca71-2371-454e-89b3-6e2225358b5b'
client 2022-02-15 05:06:15,584 [INFO] Got response: 'OK 2022-02-14_21-06-15,8415d7ba-295c-4b3c-bc3d-7705c355b75e'
client 2022-02-15 05:06:15,584 [INFO] Session id is '2022-02-14_21-06-15'
client 2022-02-15 05:06:15,584 [INFO] Sources: {"sources": {"__init__.py": "da39a3ee5e6b4b0d3255bfef95601890afd80709", "client.py": "33ca4f26368777ac06e01f9567b714a4b8063886", "lib/__init__.py": "da39a3ee5e6b4b0d3255bfef95601890afd80709", "lib/client.py": "4c2b78fb4849a7e5b584ef792d82aaed20b17f57", "lib/common.py": "624d0c0acc7c39aaff3674f0b99d6a09da53d1dc", "lib/external/__init__.py": "da39a3ee5e6b4b0d3255bfef95601890afd80709", "lib/external/ntplib.py": "4da8f970656505a40483206ef2b5d3dd5e81711d", "lib/server.py": "59c9fb92908260d3e9f81a895c7aa009742275e4", "lib/source_hashes.py": "60a2e02193209e8d392803326208d5466342da18", "lib/summary.py": "aa92f0a3f975eecd44d3c0cd0236342ccc9f941d", "lib/time_sync.py": "3210db56eb0ff0df57bf4293dc4d4b03fffd46f1", "server.py": "c3f90f2f7eeb4db30727556d0c815ebc89b3d28b", "tests/unit/__init__.py": "da39a3ee5e6b4b0d3255bfef95601890afd80709", "tests/unit/test_server.py": "99ae15aef722f2000ee6ed1ae1523637bf1ae42b", "tests/unit/test_source_hashes.py": "00468a2907583c593e6574a1f6b404e4651c221a"}, "modules": {"ptd_client_server.lib.client": "lib/client.py", "ptd_client_server.lib.common": "lib/common.py", "ptd_client_server.lib.external.ntplib": "lib/external/ntplib.py", "ptd_client_server.lib.source_hashes": "lib/source_hashes.py", "ptd_client_server.lib.summary": "lib/summary.py", "ptd_client_server.lib.time_sync": "lib/time_sync.py"}}
client 2022-02-15 05:06:15,586 [INFO] Running workload in ranging mode
client 2022-02-15 05:06:15,586 [INFO] Synchronizing with the server and with ib-01.dc4-in.nvidia.com...
client 2022-02-15 05:06:15,796 [INFO] NTP:offset = -0.003 s, delay = 0.209 s 
client 2022-02-15 05:06:15,796 [INFO] Sending command to the server: 'time'
client 2022-02-15 05:06:15,798 [INFO] Got response: '1644901575.881502'
client 2022-02-15 05:06:15,798 [INFO] The time difference between the client and the server is within range -84.704 ms..-83.198 ms
client 2022-02-15 05:06:15,798 [INFO] Sending command to the server: 'session,2022-02-14_21-06-15,start,ranging'
client 2022-02-15 05:06:44,571 [INFO] Got response: 'OK'
client 2022-02-15 05:06:44,571 [INFO] Running the workload 'LOG_DIR=/work/build/power_logs_temp python3 code/main.py --benchmarks=resnet50 --scenarios=Offline --test_mode=PerformanceOnly --config_ver=maxq --action="run_harness" \\\n\t\t2>&1 | tee -a /work/build/power_logs/2022.02.15-05.05.59/stdout.txt \\\n\t\t&& if [ ! -d /work/build/power_logs/2022.02.15-05.05.59/ranging_tmp ]; \\\n\t\t\tthen mkdir /work/build/power_logs/2022.02.15-05.05.59/ranging_tmp \\\n\t\t\t\t&& mv /work/build/power_logs_temp/* /work/build/power_logs/2022.02.15-05.05.59/ranging_tmp/ \\\n\t\t\t\t&& cp -v /work/build/power_logs/2022.02.15-05.05.59/ranging_tmp/*/*/*/mlperf_log_detail.txt /work/build/power_logs_temp/ \\\n\t\t\t\t&& cp -v /work/build/power_logs/2022.02.15-05.05.59/ranging_tmp/*/*/*/mlperf_log_summary.txt /work/build/power_logs_temp/; \\\n\t\t\telse mkdir /work/build/power_logs/2022.02.15-05.05.59/testing_tmp \\\n\t\t\t\t&& mv /work/build/power_logs_temp/* /work/build/power_logs/2022.02.15-05.05.59/testing_tmp/ \\\n\t\t\t\t&& cp -v /work/build/power_logs/2022.02.15-05.05.59/testing_tmp/*/*/*/mlperf_log_detail.txt /work/build/power_logs_temp/ \\\n\t\t\t\t&& cp -v /work/build/power_logs/2022.02.15-05.05.59/testing_tmp/*/*/*/mlperf_log_summary.txt /work/build/power_logs_temp/; fi'
client 2022-02-15 05:19:13,865 [INFO] Sending command to the server: 'session,2022-02-14_21-06-15,stop,ranging'
client 2022-02-15 05:19:23,909 [INFO] Got response: 'OK'
client 2022-02-15 05:19:23,919 [INFO] Copying loadgen logs from '/work/build/power_logs_temp' to '/work/build/power_logs/2022.02.15-05.05.59/2022-02-14_21-06-15/ranging'
client 2022-02-15 05:19:23,931 [INFO] Running workload in testing mode
client 2022-02-15 05:19:23,931 [INFO] Synchronizing with the server and with ib-01.dc4-in.nvidia.com...
client 2022-02-15 05:19:24,149 [INFO] NTP:offset = 0.000 s, delay = 0.213 s 
client 2022-02-15 05:19:24,149 [INFO] Sending command to the server: 'time'
client 2022-02-15 05:19:24,150 [INFO] Got response: '1644902364.2436998'
client 2022-02-15 05:19:24,150 [INFO] The time difference between the client and the server is within range -94.359 ms..-93.139 ms
client 2022-02-15 05:19:24,150 [INFO] Sending command to the server: 'session,2022-02-14_21-06-15,start,testing'
client 2022-02-15 05:19:37,612 [INFO] Got response: 'OK'
client 2022-02-15 05:19:37,612 [INFO] Running the workload 'LOG_DIR=/work/build/power_logs_temp python3 code/main.py --benchmarks=resnet50 --scenarios=Offline --test_mode=PerformanceOnly --config_ver=maxq --action="run_harness" \\\n\t\t2>&1 | tee -a /work/build/power_logs/2022.02.15-05.05.59/stdout.txt \\\n\t\t&& if [ ! -d /work/build/power_logs/2022.02.15-05.05.59/ranging_tmp ]; \\\n\t\t\tthen mkdir /work/build/power_logs/2022.02.15-05.05.59/ranging_tmp \\\n\t\t\t\t&& mv /work/build/power_logs_temp/* /work/build/power_logs/2022.02.15-05.05.59/ranging_tmp/ \\\n\t\t\t\t&& cp -v /work/build/power_logs/2022.02.15-05.05.59/ranging_tmp/*/*/*/mlperf_log_detail.txt /work/build/power_logs_temp/ \\\n\t\t\t\t&& cp -v /work/build/power_logs/2022.02.15-05.05.59/ranging_tmp/*/*/*/mlperf_log_summary.txt /work/build/power_logs_temp/; \\\n\t\t\telse mkdir /work/build/power_logs/2022.02.15-05.05.59/testing_tmp \\\n\t\t\t\t&& mv /work/build/power_logs_temp/* /work/build/power_logs/2022.02.15-05.05.59/testing_tmp/ \\\n\t\t\t\t&& cp -v /work/build/power_logs/2022.02.15-05.05.59/testing_tmp/*/*/*/mlperf_log_detail.txt /work/build/power_logs_temp/ \\\n\t\t\t\t&& cp -v /work/build/power_logs/2022.02.15-05.05.59/testing_tmp/*/*/*/mlperf_log_summary.txt /work/build/power_logs_temp/; fi'
client 2022-02-15 05:32:10,260 [INFO] Sending command to the server: 'session,2022-02-14_21-06-15,stop,testing'
client 2022-02-15 05:32:20,287 [INFO] Got response: 'OK'
client 2022-02-15 05:32:20,294 [INFO] Copying loadgen logs from '/work/build/power_logs_temp' to '/work/build/power_logs/2022.02.15-05.05.59/2022-02-14_21-06-15/run_1'
client 2022-02-15 05:32:20,308 [INFO] Done runs
