ptd-server 2022-02-14 21:06:15,455 [INFO] Got command from the client 'stop'
ptd-server 2022-02-14 21:06:15,455 [INFO] The server will be stopped after processing this client
ptd-server 2022-02-14 21:06:15,455 [INFO] Sending reply to client 'OK'
ptd-server 2022-02-14 21:06:15,670 [INFO] Got command from the client 'time'
ptd-server 2022-02-14 21:06:15,670 [INFO] Sending reply to client '1644901575.6702557'
ptd-server 2022-02-14 21:06:15,670 [INFO] Got command from the client 'new,,5191ca71-2371-454e-89b3-6e2225358b5b'
ptd-server 2022-02-14 21:06:15,670 [INFO] Sending reply to client 'OK 2022-02-14_21-06-15,8415d7ba-295c-4b3c-bc3d-7705c355b75e'
ptd-server 2022-02-14 21:06:15,881 [INFO] Got command from the client 'time'
ptd-server 2022-02-14 21:06:15,881 [INFO] Sending reply to client '1644901575.881502'
ptd-server 2022-02-14 21:06:15,881 [INFO] Got command from the client 'session,2022-02-14_21-06-15,start,ranging'
ptd-server 2022-02-14 21:06:15,990 [INFO] Running PTDaemon: ['C:\\PTD\\ptd-windows-x86.exe', '-l', 'C:\\Users\\lab\\AppData\\Local\\Temp\\tmp0xbdqfqz\\ptd_logfile.txt', '-p', '8888', '-c', '1', '-y', '52', '10.34.244.57']
ptd-server 2022-02-14 21:06:33,623 [INFO] Sending to ptd: 'Hello'
ptd-server 2022-02-14 21:06:33,623 [INFO] Reply from ptd: 'Hello, PTDaemon here!'
ptd-server 2022-02-14 21:06:33,623 [INFO] Sending to ptd: 'Identify'
ptd-server 2022-02-14 21:06:33,623 [INFO] Reply from ptd: 'YokogawaWT330E,1000,1,1,1,1,0,0,1,version=1.9.2-3976349f-20201208,OS=Windows 8 / Server 2012,mode=power,1,1,1,0,0,no_cal_date,YOKOGAWA;WT333E;C2XG12028V;F1.04'
ptd-server 2022-02-14 21:06:33,623 [INFO] Connected to PTDaemon
ptd-server 2022-02-14 21:06:33,623 [INFO] Sending to ptd: 'RR'
ptd-server 2022-02-14 21:06:33,623 [INFO] Reply from ptd: 'Ranges,0,20.000000,1,300.000000'
ptd-server 2022-02-14 21:06:33,623 [INFO] Initial range for Amps is 20.000000 for Volts is Auto
ptd-server 2022-02-14 21:06:33,623 [INFO] Sending to ptd: 'SR,V,Auto'
ptd-server 2022-02-14 21:06:34,137 [INFO] Reply from ptd: 'Range V changed'
ptd-server 2022-02-14 21:06:34,137 [INFO] Sending to ptd: 'SR,A,Auto'
ptd-server 2022-02-14 21:06:34,653 [INFO] Reply from ptd: 'Range A changed'
ptd-server 2022-02-14 21:06:44,653 [INFO] Starting ranging mode
ptd-server 2022-02-14 21:06:44,653 [INFO] Sending to ptd: 'Go,1000,0,2022-02-14_21-06-15_ranging'
ptd-server 2022-02-14 21:06:44,653 [INFO] Reply from ptd: 'Starting untimed measurement, maximum 500000 samples at 1000ms with 0 rampup samples'
ptd-server 2022-02-14 21:06:44,653 [INFO] Sending reply to client 'OK'
ptd-server 2022-02-14 21:19:13,946 [INFO] Got command from the client 'session,2022-02-14_21-06-15,stop,ranging'
ptd-server 2022-02-14 21:19:23,967 [INFO] Sending to ptd: 'Stop'
ptd-server 2022-02-14 21:19:23,967 [INFO] Reply from ptd: 'Stopping untimed measurement'
ptd-server 2022-02-14 21:19:23,999 [INFO] Sending reply to client 'OK'
ptd-server 2022-02-14 21:19:24,243 [INFO] Got command from the client 'time'
ptd-server 2022-02-14 21:19:24,243 [INFO] Sending reply to client '1644902364.2436998'
ptd-server 2022-02-14 21:19:24,243 [INFO] Got command from the client 'session,2022-02-14_21-06-15,start,testing'
ptd-server 2022-02-14 21:19:24,243 [INFO] Sending to ptd: 'SR,V,206.640000'
ptd-server 2022-02-14 21:19:26,165 [INFO] Reply from ptd: 'Range V changed'
ptd-server 2022-02-14 21:19:26,165 [INFO] Sending to ptd: 'SR,A,5.569500'
ptd-server 2022-02-14 21:19:27,685 [INFO] Reply from ptd: 'Range A changed'
ptd-server 2022-02-14 21:19:37,700 [INFO] Starting testing mode
ptd-server 2022-02-14 21:19:37,700 [INFO] Sending to ptd: 'Go,1000,0,2022-02-14_21-06-15_testing'
ptd-server 2022-02-14 21:19:37,700 [INFO] Reply from ptd: 'Starting untimed measurement, maximum 500000 samples at 1000ms with 0 rampup samples'
ptd-server 2022-02-14 21:19:37,700 [INFO] Sending reply to client 'OK'
ptd-server 2022-02-14 21:32:10,349 [INFO] Got command from the client 'session,2022-02-14_21-06-15,stop,testing'
ptd-server 2022-02-14 21:32:20,366 [INFO] Sending to ptd: 'Stop'
ptd-server 2022-02-14 21:32:20,366 [INFO] Reply from ptd: 'Stopping untimed measurement'
ptd-server 2022-02-14 21:32:20,381 [INFO] Sending reply to client 'OK'
ptd-server 2022-02-14 21:32:20,412 [INFO] Got command from the client 'session,2022-02-14_21-06-15,done'
ptd-server 2022-02-14 21:32:20,412 [INFO] Sending to ptd: 'Stop'
ptd-server 2022-02-14 21:32:20,709 [INFO] Reply from ptd: 'Error: no measurement to stop'
ptd-server 2022-02-14 21:32:20,709 [INFO] Sending to ptd: 'SR,V,Auto'
ptd-server 2022-02-14 21:32:21,226 [INFO] Reply from ptd: 'Range V changed'
ptd-server 2022-02-14 21:32:21,226 [INFO] Sending to ptd: 'SR,A,20.000000'
ptd-server 2022-02-14 21:32:22,746 [INFO] Reply from ptd: 'Range A changed'
ptd-server 2022-02-14 21:32:22,746 [INFO] Set initial values for Amps 20.000000 and Volts Auto
ptd-server 2022-02-14 21:32:22,746 [INFO] Stopping ptd...
