ptd-server 2022-02-14 02:28:52,283 [INFO] Got command from the client 'time'
ptd-server 2022-02-14 02:28:52,284 [INFO] Sending reply to client '1644805732.284105'
ptd-server 2022-02-14 02:28:52,286 [INFO] Got command from the client 'new,,547d35af-4813-463a-97f5-ebd45da7cb5e'
ptd-server 2022-02-14 02:28:52,287 [INFO] Sending reply to client 'OK 2022-02-14_02-28-52,14333054-373d-4cea-9fd1-ca2aeecd715a'
ptd-server 2022-02-14 02:28:52,323 [INFO] Got command from the client 'time'
ptd-server 2022-02-14 02:28:52,323 [INFO] Sending reply to client '1644805732.323489'
ptd-server 2022-02-14 02:28:52,325 [INFO] Got command from the client 'session,2022-02-14_02-28-52,start,ranging'
ptd-server 2022-02-14 02:28:52,325 [INFO] Running PTDaemon: ['/home/anton/projects/mlperf/power/inference_v1.0/ptd-linux-x86', '-l', '/tmp/tmpxvec0g6h/ptd_logfile.txt', '-p', '8888', '49', '/dev/usbtmc0']
ptd-server 2022-02-14 02:29:09,497 [INFO] Sending to ptd: 'Hello'
ptd-server 2022-02-14 02:29:09,498 [INFO] Reply from ptd: 'Hello, PTDaemon here!'
ptd-server 2022-02-14 02:29:09,498 [INFO] Sending to ptd: 'Identify'
ptd-server 2022-02-14 02:29:09,499 [INFO] Reply from ptd: 'YokogawaWT310E,1000,1,1,1,1,0,1,1,version=1.9.2-e8c7a49a-20201208,OS=Linux 5.13.0-27-generic #29~20.04.1-Ubuntu SMP Fri Jan 14 00:32:30 UTC 2022 x86_64,mode=power,1,1,1,0,0,no_cal_date,YOKOGAWA;WT310E;C3XA04010E;F1.04'
ptd-server 2022-02-14 02:29:09,499 [INFO] Connected to PTDaemon
ptd-server 2022-02-14 02:29:09,499 [INFO] Sending to ptd: 'RR'
ptd-server 2022-02-14 02:29:09,499 [INFO] Reply from ptd: 'Ranges,0,0.500000,0,300.000000'
ptd-server 2022-02-14 02:29:09,499 [INFO] Initial range for Amps is 0.500000 for Volts is 300.000000
ptd-server 2022-02-14 02:29:09,499 [INFO] Sending to ptd: 'SR,V,Auto'
ptd-server 2022-02-14 02:29:10,002 [INFO] Reply from ptd: 'Range V changed'
ptd-server 2022-02-14 02:29:10,002 [INFO] Sending to ptd: 'SR,A,Auto'
ptd-server 2022-02-14 02:29:10,504 [INFO] Reply from ptd: 'Range A changed'
ptd-server 2022-02-14 02:29:20,515 [INFO] Starting ranging mode
ptd-server 2022-02-14 02:29:20,515 [INFO] Sending to ptd: 'Go,1000,0,2022-02-14_02-28-52_ranging'
ptd-server 2022-02-14 02:29:20,516 [INFO] Reply from ptd: 'Starting untimed measurement, maximum 500000 samples at 1000ms with 0 rampup samples'
ptd-server 2022-02-14 02:29:20,516 [INFO] Sending reply to client 'OK'
ptd-server 2022-02-14 02:39:36,269 [INFO] Got command from the client 'session,2022-02-14_02-28-52,stop,ranging'
ptd-server 2022-02-14 02:39:46,279 [INFO] Sending to ptd: 'Stop'
ptd-server 2022-02-14 02:39:46,280 [INFO] Reply from ptd: 'Stopping untimed measurement'
ptd-server 2022-02-14 02:39:46,970 [INFO] Sending reply to client 'OK'
ptd-server 2022-02-14 02:39:47,022 [INFO] Got command from the client 'time'
ptd-server 2022-02-14 02:39:47,022 [INFO] Sending reply to client '1644806387.0224292'
ptd-server 2022-02-14 02:39:47,024 [INFO] Got command from the client 'session,2022-02-14_02-28-52,start,testing'
ptd-server 2022-02-14 02:39:47,024 [INFO] Sending to ptd: 'SR,V,251.340000'
ptd-server 2022-02-14 02:39:48,526 [INFO] Reply from ptd: 'Range V changed'
ptd-server 2022-02-14 02:39:48,526 [INFO] Sending to ptd: 'SR,A,0.152650'
ptd-server 2022-02-14 02:39:50,027 [INFO] Reply from ptd: 'Range A changed'
ptd-server 2022-02-14 02:40:00,038 [INFO] Starting testing mode
ptd-server 2022-02-14 02:40:00,038 [INFO] Sending to ptd: 'Go,1000,0,2022-02-14_02-28-52_testing'
ptd-server 2022-02-14 02:40:00,038 [INFO] Reply from ptd: 'Starting untimed measurement, maximum 500000 samples at 1000ms with 0 rampup samples'
ptd-server 2022-02-14 02:40:00,039 [INFO] Sending reply to client 'OK'
ptd-server 2022-02-14 02:50:15,741 [INFO] Got command from the client 'session,2022-02-14_02-28-52,stop,testing'
ptd-server 2022-02-14 02:50:25,752 [INFO] Sending to ptd: 'Stop'
ptd-server 2022-02-14 02:50:25,752 [INFO] Reply from ptd: 'Stopping untimed measurement'
ptd-server 2022-02-14 02:50:26,133 [INFO] Sending reply to client 'OK'
ptd-server 2022-02-14 02:50:26,152 [INFO] Got command from the client 'session,2022-02-14_02-28-52,done'
ptd-server 2022-02-14 02:50:26,152 [INFO] Sending to ptd: 'Stop'
ptd-server 2022-02-14 02:50:26,153 [INFO] Reply from ptd: 'Error: no measurement to stop'
ptd-server 2022-02-14 02:50:26,153 [INFO] Sending to ptd: 'SR,V,300.000000'
ptd-server 2022-02-14 02:50:27,654 [INFO] Reply from ptd: 'Range V changed'
ptd-server 2022-02-14 02:50:27,654 [INFO] Sending to ptd: 'SR,A,0.500000'
ptd-server 2022-02-14 02:50:29,156 [INFO] Reply from ptd: 'Range A changed'
ptd-server 2022-02-14 02:50:29,156 [INFO] Set initial values for Amps 0.500000 and Volts 300.000000
ptd-server 2022-02-14 02:50:29,156 [INFO] Stopping ptd...
