ptd-server 2022-02-12 06:51:55,159 [INFO] Got command from the client 'stop'
ptd-server 2022-02-12 06:51:55,159 [INFO] The server will be stopped after processing this client
ptd-server 2022-02-12 06:51:55,159 [INFO] Sending reply to client 'OK'
ptd-server 2022-02-12 06:51:55,381 [INFO] Got command from the client 'time'
ptd-server 2022-02-12 06:51:55,381 [INFO] Sending reply to client '1644677515.3817532'
ptd-server 2022-02-12 06:51:55,381 [INFO] Got command from the client 'new,,357730d7-f732-4918-be37-e224ed4d32b7'
ptd-server 2022-02-12 06:51:55,397 [INFO] Sending reply to client 'OK 2022-02-12_06-51-55,dc4e6a8c-cb9e-4b7a-b128-889ee5ad8e22'
ptd-server 2022-02-12 06:51:55,616 [INFO] Got command from the client 'time'
ptd-server 2022-02-12 06:51:55,616 [INFO] Sending reply to client '1644677515.6160333'
ptd-server 2022-02-12 06:51:55,616 [INFO] Got command from the client 'session,2022-02-12_06-51-55,start,ranging'
ptd-server 2022-02-12 06:51:55,725 [INFO] Running PTDaemon: ['C:\\PTD\\ptd-windows-x86.exe', '-l', 'C:\\Users\\lab\\AppData\\Local\\Temp\\tmpeugejzqk\\ptd_logfile.txt', '-p', '8888', '-c', '2', '-y', '52', '10.32.209.61']
ptd-server 2022-02-12 06:52:13,350 [INFO] Sending to ptd: 'Hello'
ptd-server 2022-02-12 06:52:13,350 [INFO] Reply from ptd: 'Hello, PTDaemon here!'
ptd-server 2022-02-12 06:52:13,350 [INFO] Sending to ptd: 'Identify'
ptd-server 2022-02-12 06:52:13,350 [INFO] Reply from ptd: 'YokogawaWT330E,1000,1,1,1,1,0,0,1,version=1.9.2-3976349f-20201208,OS=Windows 8 / Server 2012,mode=power,1,1,1,0,0,no_cal_date,YOKOGAWA;WT333E;C2VL22012V;F1.04'
ptd-server 2022-02-12 06:52:13,350 [INFO] Connected to PTDaemon
ptd-server 2022-02-12 06:52:13,350 [INFO] Sending to ptd: 'RR'
ptd-server 2022-02-12 06:52:13,350 [INFO] Reply from ptd: 'Ranges,0,1.000000,0,150.000000'
ptd-server 2022-02-12 06:52:13,350 [INFO] Initial range for Amps is 1.000000 for Volts is 150.000000
ptd-server 2022-02-12 06:52:13,350 [INFO] Sending to ptd: 'SR,V,Auto'
ptd-server 2022-02-12 06:52:13,857 [INFO] Reply from ptd: 'Range V changed'
ptd-server 2022-02-12 06:52:13,857 [INFO] Sending to ptd: 'SR,A,Auto'
ptd-server 2022-02-12 06:52:14,381 [INFO] Reply from ptd: 'Range A changed'
ptd-server 2022-02-12 06:52:24,396 [INFO] Starting ranging mode
ptd-server 2022-02-12 06:52:24,396 [INFO] Sending to ptd: 'Go,1000,0,2022-02-12_06-51-55_ranging'
ptd-server 2022-02-12 06:52:24,396 [INFO] Reply from ptd: 'Starting untimed measurement, maximum 500000 samples at 1000ms with 0 rampup samples'
ptd-server 2022-02-12 06:52:24,396 [INFO] Sending reply to client 'OK'
ptd-server 2022-02-12 07:06:10,951 [INFO] Got command from the client 'session,2022-02-12_06-51-55,stop,ranging'
ptd-server 2022-02-12 07:06:20,956 [INFO] Sending to ptd: 'Stop'
ptd-server 2022-02-12 07:06:20,956 [INFO] Reply from ptd: 'Stopping untimed measurement'
ptd-server 2022-02-12 07:06:20,972 [INFO] Sending reply to client 'OK'
ptd-server 2022-02-12 07:06:21,269 [INFO] Got command from the client 'time'
ptd-server 2022-02-12 07:06:21,269 [INFO] Sending reply to client '1644678381.2699647'
ptd-server 2022-02-12 07:06:21,269 [INFO] Got command from the client 'session,2022-02-12_06-51-55,start,testing'
ptd-server 2022-02-12 07:06:21,269 [INFO] Sending to ptd: 'SR,V,120.250000'
ptd-server 2022-02-12 07:06:22,945 [INFO] Reply from ptd: 'Range V changed'
ptd-server 2022-02-12 07:06:22,945 [INFO] Sending to ptd: 'SR,A,0.336200'
ptd-server 2022-02-12 07:06:24,471 [INFO] Reply from ptd: 'Range A changed'
ptd-server 2022-02-12 07:06:34,471 [INFO] Starting testing mode
ptd-server 2022-02-12 07:06:34,471 [INFO] Sending to ptd: 'Go,1000,0,2022-02-12_06-51-55_testing'
ptd-server 2022-02-12 07:06:34,471 [INFO] Reply from ptd: 'Starting untimed measurement, maximum 500000 samples at 1000ms with 0 rampup samples'
ptd-server 2022-02-12 07:06:34,471 [INFO] Sending reply to client 'OK'
ptd-server 2022-02-12 07:20:23,911 [INFO] Got command from the client 'session,2022-02-12_06-51-55,stop,testing'
ptd-server 2022-02-12 07:20:33,918 [INFO] Sending to ptd: 'Stop'
ptd-server 2022-02-12 07:20:33,918 [INFO] Reply from ptd: 'Stopping untimed measurement'
ptd-server 2022-02-12 07:20:33,933 [INFO] Sending reply to client 'OK'
ptd-server 2022-02-12 07:20:34,016 [INFO] Got command from the client 'session,2022-02-12_06-51-55,done'
ptd-server 2022-02-12 07:20:34,016 [INFO] Sending to ptd: 'Stop'
ptd-server 2022-02-12 07:20:34,485 [INFO] Reply from ptd: 'Error: no measurement to stop'
ptd-server 2022-02-12 07:20:34,485 [INFO] Sending to ptd: 'SR,V,150.000000'
ptd-server 2022-02-12 07:20:36,017 [INFO] Reply from ptd: 'Range V changed'
ptd-server 2022-02-12 07:20:36,017 [INFO] Sending to ptd: 'SR,A,1.000000'
ptd-server 2022-02-12 07:20:37,549 [INFO] Reply from ptd: 'Range A changed'
ptd-server 2022-02-12 07:20:37,549 [INFO] Set initial values for Amps 1.000000 and Volts 150.000000
ptd-server 2022-02-12 07:20:37,549 [INFO] Stopping ptd...
