ptd-server 2022-02-14 09:43:56,719 [INFO] Got command from the client 'time'
ptd-server 2022-02-14 09:43:56,719 [INFO] Sending reply to client '1644831836.719237'
ptd-server 2022-02-14 09:43:56,720 [INFO] Got command from the client 'new,,8e626df8-cdd6-477c-a8b0-90bacc9c0975'
ptd-server 2022-02-14 09:43:56,721 [INFO] Sending reply to client 'OK 2022-02-14_09-43-56,d2443fe8-798e-4c33-8a98-c3c03dab0a94'
ptd-server 2022-02-14 09:43:56,759 [INFO] Got command from the client 'time'
ptd-server 2022-02-14 09:43:56,760 [INFO] Sending reply to client '1644831836.7600584'
ptd-server 2022-02-14 09:43:56,761 [INFO] Got command from the client 'session,2022-02-14_09-43-56,start,ranging'
ptd-server 2022-02-14 09:43:56,762 [INFO] Running PTDaemon: ['/home/anton/projects/mlperf/power/inference_v1.0/ptd-linux-x86', '-l', '/tmp/tmpxvec0g6h/ptd_logfile.txt', '-p', '8888', '49', '/dev/usbtmc0']
ptd-server 2022-02-14 09:44:13,935 [INFO] Sending to ptd: 'Hello'
ptd-server 2022-02-14 09:44:13,935 [INFO] Reply from ptd: 'Hello, PTDaemon here!'
ptd-server 2022-02-14 09:44:13,935 [INFO] Sending to ptd: 'Identify'
ptd-server 2022-02-14 09:44:13,936 [INFO] Reply from ptd: 'YokogawaWT310E,1000,1,1,1,1,0,1,1,version=1.9.2-e8c7a49a-20201208,OS=Linux 5.13.0-27-generic #29~20.04.1-Ubuntu SMP Fri Jan 14 00:32:30 UTC 2022 x86_64,mode=power,1,1,1,0,0,no_cal_date,YOKOGAWA;WT310E;C3XA04010E;F1.04'
ptd-server 2022-02-14 09:44:13,936 [INFO] Connected to PTDaemon
ptd-server 2022-02-14 09:44:13,936 [INFO] Sending to ptd: 'RR'
ptd-server 2022-02-14 09:44:13,936 [INFO] Reply from ptd: 'Ranges,0,0.500000,0,300.000000'
ptd-server 2022-02-14 09:44:13,936 [INFO] Initial range for Amps is 0.500000 for Volts is 300.000000
ptd-server 2022-02-14 09:44:13,937 [INFO] Sending to ptd: 'SR,V,Auto'
ptd-server 2022-02-14 09:44:14,439 [INFO] Reply from ptd: 'Range V changed'
ptd-server 2022-02-14 09:44:14,439 [INFO] Sending to ptd: 'SR,A,Auto'
ptd-server 2022-02-14 09:44:14,942 [INFO] Reply from ptd: 'Range A changed'
ptd-server 2022-02-14 09:44:24,952 [INFO] Starting ranging mode
ptd-server 2022-02-14 09:44:24,952 [INFO] Sending to ptd: 'Go,1000,0,2022-02-14_09-43-56_ranging'
ptd-server 2022-02-14 09:44:24,953 [INFO] Reply from ptd: 'Starting untimed measurement, maximum 500000 samples at 1000ms with 0 rampup samples'
ptd-server 2022-02-14 09:44:24,953 [INFO] Sending reply to client 'OK'
ptd-server 2022-02-14 09:54:40,852 [INFO] Got command from the client 'session,2022-02-14_09-43-56,stop,ranging'
ptd-server 2022-02-14 09:54:50,862 [INFO] Sending to ptd: 'Stop'
ptd-server 2022-02-14 09:54:50,863 [INFO] Reply from ptd: 'Stopping untimed measurement'
ptd-server 2022-02-14 09:54:51,579 [INFO] Sending reply to client 'OK'
ptd-server 2022-02-14 09:54:51,667 [INFO] Got command from the client 'time'
ptd-server 2022-02-14 09:54:51,667 [INFO] Sending reply to client '1644832491.667124'
ptd-server 2022-02-14 09:54:51,670 [INFO] Got command from the client 'session,2022-02-14_09-43-56,start,testing'
ptd-server 2022-02-14 09:54:51,670 [INFO] Sending to ptd: 'SR,V,250.650000'
ptd-server 2022-02-14 09:54:53,172 [INFO] Reply from ptd: 'Range V changed'
ptd-server 2022-02-14 09:54:53,172 [INFO] Sending to ptd: 'SR,A,0.123030'
ptd-server 2022-02-14 09:54:54,673 [INFO] Reply from ptd: 'Range A changed'
ptd-server 2022-02-14 09:55:04,684 [INFO] Starting testing mode
ptd-server 2022-02-14 09:55:04,684 [INFO] Sending to ptd: 'Go,1000,0,2022-02-14_09-43-56_testing'
ptd-server 2022-02-14 09:55:04,684 [INFO] Reply from ptd: 'Starting untimed measurement, maximum 500000 samples at 1000ms with 0 rampup samples'
ptd-server 2022-02-14 09:55:04,685 [INFO] Sending reply to client 'OK'
ptd-server 2022-02-14 10:05:20,434 [INFO] Got command from the client 'session,2022-02-14_09-43-56,stop,testing'
ptd-server 2022-02-14 10:05:30,444 [INFO] Sending to ptd: 'Stop'
ptd-server 2022-02-14 10:05:30,444 [INFO] Reply from ptd: 'Stopping untimed measurement'
ptd-server 2022-02-14 10:05:30,819 [INFO] Sending reply to client 'OK'
ptd-server 2022-02-14 10:05:30,838 [INFO] Got command from the client 'session,2022-02-14_09-43-56,done'
ptd-server 2022-02-14 10:05:30,838 [INFO] Sending to ptd: 'Stop'
ptd-server 2022-02-14 10:05:30,838 [INFO] Reply from ptd: 'Error: no measurement to stop'
ptd-server 2022-02-14 10:05:30,838 [INFO] Sending to ptd: 'SR,V,300.000000'
ptd-server 2022-02-14 10:05:32,340 [INFO] Reply from ptd: 'Range V changed'
ptd-server 2022-02-14 10:05:32,340 [INFO] Sending to ptd: 'SR,A,0.500000'
ptd-server 2022-02-14 10:05:33,841 [INFO] Reply from ptd: 'Range A changed'
ptd-server 2022-02-14 10:05:33,841 [INFO] Set initial values for Amps 0.500000 and Volts 300.000000
ptd-server 2022-02-14 10:05:33,842 [INFO] Stopping ptd...
