ptd-server 2022-02-24 03:45:56,743 [INFO] Got command from the client 'time'
ptd-server 2022-02-24 03:45:56,744 [INFO] Sending reply to client '1645695956.7440827'
ptd-server 2022-02-24 03:45:56,745 [INFO] Got command from the client 'new,,c0eb91a5-a5b7-4407-8a1f-b7b9b6070865'
ptd-server 2022-02-24 03:45:56,745 [INFO] Sending reply to client 'OK 2022-02-24_03-45-56,3ca98c5d-2067-4688-b35e-c7276bc14ce0'
ptd-server 2022-02-24 03:45:56,856 [INFO] Got command from the client 'time'
ptd-server 2022-02-24 03:45:56,857 [INFO] Sending reply to client '1645695956.8571527'
ptd-server 2022-02-24 03:45:56,858 [INFO] Got command from the client 'session,2022-02-24_03-45-56,start,ranging'
ptd-server 2022-02-24 03:45:56,858 [INFO] Running PTDaemon: ['/local/mnt/workspace/mlcommons/power-main/inference_v1.0/ptd-linux-x86', '-l', '/tmp/tmpbzz3s1yx/ptd_logfile.txt', '-p', '8886', '49', '/dev/usbtmc1']
ptd-server 2022-02-24 03:46:13,976 [INFO] Sending to ptd: 'Hello'
ptd-server 2022-02-24 03:46:13,977 [INFO] Reply from ptd: 'Hello, PTDaemon here!'
ptd-server 2022-02-24 03:46:13,977 [INFO] Sending to ptd: 'Identify'
ptd-server 2022-02-24 03:46:13,978 [INFO] Reply from ptd: 'YokogawaWT310E,1000,1,1,1,1,0,1,1,version=1.9.2-e8c7a49a-20201208,OS=Linux 4.15.0-162-generic #170-Ubuntu SMP Mon Oct 18 11:38:05 UTC 2021 x86_64,mode=power,1,1,1,0,0,no_cal_date,YOKOGAWA;WT310E;C2XF16030V;F1.04'
ptd-server 2022-02-24 03:46:13,978 [INFO] Connected to PTDaemon
ptd-server 2022-02-24 03:46:13,978 [INFO] Sending to ptd: 'RR'
ptd-server 2022-02-24 03:46:13,978 [INFO] Reply from ptd: 'Ranges,1,2.000000,1,150.000000'
ptd-server 2022-02-24 03:46:13,979 [INFO] Initial range for Amps is Auto for Volts is Auto
ptd-server 2022-02-24 03:46:13,979 [INFO] Sending to ptd: 'SR,V,Auto'
ptd-server 2022-02-24 03:46:14,482 [INFO] Reply from ptd: 'Range V changed'
ptd-server 2022-02-24 03:46:14,482 [INFO] Sending to ptd: 'SR,A,Auto'
ptd-server 2022-02-24 03:46:14,985 [INFO] Reply from ptd: 'Range A changed'
ptd-server 2022-02-24 03:46:24,996 [INFO] Starting ranging mode
ptd-server 2022-02-24 03:46:24,996 [INFO] Sending to ptd: 'Go,1000,0,2022-02-24_03-45-56_ranging'
ptd-server 2022-02-24 03:46:24,997 [INFO] Reply from ptd: 'Starting untimed measurement, maximum 500000 samples at 1000ms with 0 rampup samples'
ptd-server 2022-02-24 03:46:24,997 [INFO] Sending reply to client 'OK'
ptd-server 2022-02-24 03:59:53,842 [INFO] Got command from the client 'session,2022-02-24_03-45-56,stop,ranging'
ptd-server 2022-02-24 04:00:03,848 [INFO] Sending to ptd: 'Stop'
ptd-server 2022-02-24 04:00:03,849 [INFO] Reply from ptd: 'Stopping untimed measurement'
ptd-server 2022-02-24 04:00:04,058 [INFO] Sending reply to client 'OK'
ptd-server 2022-02-24 04:00:04,180 [INFO] Got command from the client 'time'
ptd-server 2022-02-24 04:00:04,180 [INFO] Sending reply to client '1645696804.1802857'
ptd-server 2022-02-24 04:00:04,180 [INFO] Got command from the client 'session,2022-02-24_03-45-56,start,testing'
ptd-server 2022-02-24 04:00:04,180 [INFO] Sending to ptd: 'SR,V,120.750000'
ptd-server 2022-02-24 04:00:05,681 [INFO] Reply from ptd: 'Range V changed'
ptd-server 2022-02-24 04:00:05,682 [INFO] Sending to ptd: 'SR,A,4.882700'
ptd-server 2022-02-24 04:00:07,183 [INFO] Reply from ptd: 'Range A changed'
ptd-server 2022-02-24 04:00:17,194 [INFO] Starting testing mode
ptd-server 2022-02-24 04:00:17,194 [INFO] Sending to ptd: 'Go,1000,0,2022-02-24_03-45-56_testing'
ptd-server 2022-02-24 04:00:17,194 [INFO] Reply from ptd: 'Starting untimed measurement, maximum 500000 samples at 1000ms with 0 rampup samples'
ptd-server 2022-02-24 04:00:17,195 [INFO] Sending reply to client 'OK'
ptd-server 2022-02-24 04:13:53,481 [INFO] Got command from the client 'session,2022-02-24_03-45-56,stop,testing'
ptd-server 2022-02-24 04:14:03,491 [INFO] Sending to ptd: 'Stop'
ptd-server 2022-02-24 04:14:03,492 [INFO] Reply from ptd: 'Stopping untimed measurement'
ptd-server 2022-02-24 04:14:03,601 [INFO] Sending reply to client 'OK'
ptd-server 2022-02-24 04:14:03,605 [INFO] Got command from the client 'session,2022-02-24_03-45-56,done'
ptd-server 2022-02-24 04:14:03,605 [INFO] Sending to ptd: 'Stop'
ptd-server 2022-02-24 04:14:04,195 [INFO] Reply from ptd: 'Error: no measurement to stop'
ptd-server 2022-02-24 04:14:04,195 [INFO] Sending to ptd: 'SR,V,Auto'
ptd-server 2022-02-24 04:14:04,698 [INFO] Reply from ptd: 'Range V changed'
ptd-server 2022-02-24 04:14:04,698 [INFO] Sending to ptd: 'SR,A,Auto'
ptd-server 2022-02-24 04:14:05,201 [INFO] Reply from ptd: 'Range A changed'
ptd-server 2022-02-24 04:14:05,203 [INFO] Set initial values for Amps Auto and Volts Auto
ptd-server 2022-02-24 04:14:05,204 [INFO] Stopping ptd...
