ptd-server 2022-02-17 02:12:05,301 [INFO] Got command from the client 'time'
ptd-server 2022-02-17 02:12:05,301 [INFO] Sending reply to client '1645063925.301439'
ptd-server 2022-02-17 02:12:05,302 [INFO] Got command from the client 'new,,b7f0b6cc-f062-4a98-9617-06729d4551d8'
ptd-server 2022-02-17 02:12:05,303 [INFO] Sending reply to client 'OK 2022-02-17_02-12-05,1c384fd0-5eda-45ec-b6b5-0334ee0c9dc7'
ptd-server 2022-02-17 02:12:05,340 [INFO] Got command from the client 'time'
ptd-server 2022-02-17 02:12:05,341 [INFO] Sending reply to client '1645063925.3410883'
ptd-server 2022-02-17 02:12:05,342 [INFO] Got command from the client 'session,2022-02-17_02-12-05,start,ranging'
ptd-server 2022-02-17 02:12:05,342 [INFO] Running PTDaemon: ['/home/anton/projects/mlperf/power/inference_v1.0/ptd-linux-x86', '-l', '/tmp/tmpgldyt7rr/ptd_logfile.txt', '-p', '8888', '49', '/dev/usbtmc0']
ptd-server 2022-02-17 02:12:22,516 [INFO] Sending to ptd: 'Hello'
ptd-server 2022-02-17 02:12:22,516 [INFO] Reply from ptd: 'Hello, PTDaemon here!'
ptd-server 2022-02-17 02:12:22,516 [INFO] Sending to ptd: 'Identify'
ptd-server 2022-02-17 02:12:22,517 [INFO] Reply from ptd: 'YokogawaWT310E,1000,1,1,1,1,0,1,1,version=1.9.2-e8c7a49a-20201208,OS=Linux 5.13.0-28-generic #31~20.04.1-Ubuntu SMP Wed Jan 19 14:08:10 UTC 2022 x86_64,mode=power,1,1,1,0,0,no_cal_date,YOKOGAWA;WT310E;C3XA04010E;F1.04'
ptd-server 2022-02-17 02:12:22,517 [INFO] Connected to PTDaemon
ptd-server 2022-02-17 02:12:22,517 [INFO] Sending to ptd: 'RR'
ptd-server 2022-02-17 02:12:22,517 [INFO] Reply from ptd: 'Ranges,0,0.500000,0,300.000000'
ptd-server 2022-02-17 02:12:22,517 [INFO] Initial range for Amps is 0.500000 for Volts is 300.000000
ptd-server 2022-02-17 02:12:22,518 [INFO] Sending to ptd: 'SR,V,Auto'
ptd-server 2022-02-17 02:12:23,020 [INFO] Reply from ptd: 'Range V changed'
ptd-server 2022-02-17 02:12:23,020 [INFO] Sending to ptd: 'SR,A,Auto'
ptd-server 2022-02-17 02:12:23,523 [INFO] Reply from ptd: 'Range A changed'
ptd-server 2022-02-17 02:12:33,533 [INFO] Starting ranging mode
ptd-server 2022-02-17 02:12:33,533 [INFO] Sending to ptd: 'Go,1000,0,2022-02-17_02-12-05_ranging'
ptd-server 2022-02-17 02:12:33,534 [INFO] Reply from ptd: 'Starting untimed measurement, maximum 500000 samples at 1000ms with 0 rampup samples'
ptd-server 2022-02-17 02:12:33,534 [INFO] Sending reply to client 'OK'
ptd-server 2022-02-17 02:22:50,710 [INFO] Got command from the client 'session,2022-02-17_02-12-05,stop,ranging'
ptd-server 2022-02-17 02:23:00,720 [INFO] Sending to ptd: 'Stop'
ptd-server 2022-02-17 02:23:00,720 [INFO] Reply from ptd: 'Stopping untimed measurement'
ptd-server 2022-02-17 02:23:00,844 [INFO] Sending reply to client 'OK'
ptd-server 2022-02-17 02:23:00,908 [INFO] Got command from the client 'time'
ptd-server 2022-02-17 02:23:00,908 [INFO] Sending reply to client '1645064580.9084504'
ptd-server 2022-02-17 02:23:00,910 [INFO] Got command from the client 'session,2022-02-17_02-12-05,start,testing'
ptd-server 2022-02-17 02:23:00,910 [INFO] Sending to ptd: 'SR,V,249.550000'
ptd-server 2022-02-17 02:23:03,036 [INFO] Reply from ptd: 'Range V changed'
ptd-server 2022-02-17 02:23:03,036 [INFO] Sending to ptd: 'SR,A,0.046110'
ptd-server 2022-02-17 02:23:04,537 [INFO] Reply from ptd: 'Range A changed'
ptd-server 2022-02-17 02:23:14,548 [INFO] Starting testing mode
ptd-server 2022-02-17 02:23:14,548 [INFO] Sending to ptd: 'Go,1000,0,2022-02-17_02-12-05_testing'
ptd-server 2022-02-17 02:23:14,548 [INFO] Reply from ptd: 'Starting untimed measurement, maximum 500000 samples at 1000ms with 0 rampup samples'
ptd-server 2022-02-17 02:23:14,548 [INFO] Sending reply to client 'OK'
ptd-server 2022-02-17 02:33:32,446 [INFO] Got command from the client 'session,2022-02-17_02-12-05,stop,testing'
ptd-server 2022-02-17 02:33:42,457 [INFO] Sending to ptd: 'Stop'
ptd-server 2022-02-17 02:33:42,457 [INFO] Reply from ptd: 'Stopping untimed measurement'
ptd-server 2022-02-17 02:33:42,517 [INFO] Sending reply to client 'OK'
ptd-server 2022-02-17 02:33:42,534 [INFO] Got command from the client 'session,2022-02-17_02-12-05,done'
ptd-server 2022-02-17 02:33:42,534 [INFO] Sending to ptd: 'Stop'
ptd-server 2022-02-17 02:33:42,548 [INFO] Reply from ptd: 'Error: no measurement to stop'
ptd-server 2022-02-17 02:33:42,549 [INFO] Sending to ptd: 'SR,V,300.000000'
ptd-server 2022-02-17 02:33:44,050 [INFO] Reply from ptd: 'Range V changed'
ptd-server 2022-02-17 02:33:44,050 [INFO] Sending to ptd: 'SR,A,0.500000'
ptd-server 2022-02-17 02:33:45,551 [INFO] Reply from ptd: 'Range A changed'
ptd-server 2022-02-17 02:33:45,552 [INFO] Set initial values for Amps 0.500000 and Volts 300.000000
ptd-server 2022-02-17 02:33:45,552 [INFO] Stopping ptd...
