ptd-server 2022-02-15 16:53:05,298 [INFO] Got command from the client 'time'
ptd-server 2022-02-15 16:53:05,298 [INFO] Sending reply to client '1644943985.2987351'
ptd-server 2022-02-15 16:53:05,301 [INFO] Got command from the client 'new,,15ade2b2-130d-47fc-b626-1bb341a4044c'
ptd-server 2022-02-15 16:53:05,301 [INFO] Sending reply to client 'OK 2022-02-15_16-53-05,3c6a9a03-55a4-4f45-b619-220e4e0e7b66'
ptd-server 2022-02-15 16:53:05,338 [INFO] Got command from the client 'time'
ptd-server 2022-02-15 16:53:05,338 [INFO] Sending reply to client '1644943985.3383195'
ptd-server 2022-02-15 16:53:05,340 [INFO] Got command from the client 'session,2022-02-15_16-53-05,start,ranging'
ptd-server 2022-02-15 16:53:05,340 [INFO] Running PTDaemon: ['/home/anton/projects/mlperf/power/inference_v1.0/ptd-linux-x86', '-l', '/tmp/tmpxvec0g6h/ptd_logfile.txt', '-p', '8888', '49', '/dev/usbtmc0']
ptd-server 2022-02-15 16:53:22,514 [INFO] Sending to ptd: 'Hello'
ptd-server 2022-02-15 16:53:22,514 [INFO] Reply from ptd: 'Hello, PTDaemon here!'
ptd-server 2022-02-15 16:53:22,515 [INFO] Sending to ptd: 'Identify'
ptd-server 2022-02-15 16:53:22,515 [INFO] Reply from ptd: 'YokogawaWT310E,1000,1,1,1,1,0,1,1,version=1.9.2-e8c7a49a-20201208,OS=Linux 5.13.0-27-generic #29~20.04.1-Ubuntu SMP Fri Jan 14 00:32:30 UTC 2022 x86_64,mode=power,1,1,1,0,0,no_cal_date,YOKOGAWA;WT310E;C3XA04010E;F1.04'
ptd-server 2022-02-15 16:53:22,515 [INFO] Connected to PTDaemon
ptd-server 2022-02-15 16:53:22,515 [INFO] Sending to ptd: 'RR'
ptd-server 2022-02-15 16:53:22,516 [INFO] Reply from ptd: 'Ranges,0,0.500000,0,300.000000'
ptd-server 2022-02-15 16:53:22,516 [INFO] Initial range for Amps is 0.500000 for Volts is 300.000000
ptd-server 2022-02-15 16:53:22,516 [INFO] Sending to ptd: 'SR,V,Auto'
ptd-server 2022-02-15 16:53:23,018 [INFO] Reply from ptd: 'Range V changed'
ptd-server 2022-02-15 16:53:23,019 [INFO] Sending to ptd: 'SR,A,Auto'
ptd-server 2022-02-15 16:53:23,521 [INFO] Reply from ptd: 'Range A changed'
ptd-server 2022-02-15 16:53:33,531 [INFO] Starting ranging mode
ptd-server 2022-02-15 16:53:33,532 [INFO] Sending to ptd: 'Go,1000,0,2022-02-15_16-53-05_ranging'
ptd-server 2022-02-15 16:53:33,532 [INFO] Reply from ptd: 'Starting untimed measurement, maximum 500000 samples at 1000ms with 0 rampup samples'
ptd-server 2022-02-15 16:53:33,532 [INFO] Sending reply to client 'OK'
ptd-server 2022-02-15 17:03:52,996 [INFO] Got command from the client 'session,2022-02-15_16-53-05,stop,ranging'
ptd-server 2022-02-15 17:04:03,007 [INFO] Sending to ptd: 'Stop'
ptd-server 2022-02-15 17:04:03,007 [INFO] Reply from ptd: 'Stopping untimed measurement'
ptd-server 2022-02-15 17:04:03,866 [INFO] Sending reply to client 'OK'
ptd-server 2022-02-15 17:04:03,925 [INFO] Got command from the client 'time'
ptd-server 2022-02-15 17:04:03,926 [INFO] Sending reply to client '1644944643.9260824'
ptd-server 2022-02-15 17:04:03,928 [INFO] Got command from the client 'session,2022-02-15_16-53-05,start,testing'
ptd-server 2022-02-15 17:04:03,928 [INFO] Sending to ptd: 'SR,V,249.080000'
ptd-server 2022-02-15 17:04:05,430 [INFO] Reply from ptd: 'Range V changed'
ptd-server 2022-02-15 17:04:05,430 [INFO] Sending to ptd: 'SR,A,0.226840'
ptd-server 2022-02-15 17:04:06,931 [INFO] Reply from ptd: 'Range A changed'
ptd-server 2022-02-15 17:04:16,942 [INFO] Starting testing mode
ptd-server 2022-02-15 17:04:16,942 [INFO] Sending to ptd: 'Go,1000,0,2022-02-15_16-53-05_testing'
ptd-server 2022-02-15 17:04:16,942 [INFO] Reply from ptd: 'Starting untimed measurement, maximum 500000 samples at 1000ms with 0 rampup samples'
ptd-server 2022-02-15 17:04:16,942 [INFO] Sending reply to client 'OK'
ptd-server 2022-02-15 17:14:36,465 [INFO] Got command from the client 'session,2022-02-15_16-53-05,stop,testing'
ptd-server 2022-02-15 17:14:46,475 [INFO] Sending to ptd: 'Stop'
ptd-server 2022-02-15 17:14:46,476 [INFO] Reply from ptd: 'Stopping untimed measurement'
ptd-server 2022-02-15 17:14:46,917 [INFO] Sending reply to client 'OK'
ptd-server 2022-02-15 17:14:46,937 [INFO] Got command from the client 'session,2022-02-15_16-53-05,done'
ptd-server 2022-02-15 17:14:46,937 [INFO] Sending to ptd: 'Stop'
ptd-server 2022-02-15 17:14:46,943 [INFO] Reply from ptd: 'Error: no measurement to stop'
ptd-server 2022-02-15 17:14:46,943 [INFO] Sending to ptd: 'SR,V,300.000000'
ptd-server 2022-02-15 17:14:48,444 [INFO] Reply from ptd: 'Range V changed'
ptd-server 2022-02-15 17:14:48,444 [INFO] Sending to ptd: 'SR,A,0.500000'
ptd-server 2022-02-15 17:14:49,946 [INFO] Reply from ptd: 'Range A changed'
ptd-server 2022-02-15 17:14:49,946 [INFO] Set initial values for Amps 0.500000 and Volts 300.000000
ptd-server 2022-02-15 17:14:49,946 [INFO] Stopping ptd...
