ptd-server 2022-02-22 20:29:55,476 [INFO] Got command from the client 'time'
ptd-server 2022-02-22 20:29:55,476 [INFO] Sending reply to client '1645561795.4765127'
ptd-server 2022-02-22 20:29:55,478 [INFO] Got command from the client 'new,,567ad554-0ea1-48d5-a366-5476423374e6'
ptd-server 2022-02-22 20:29:55,479 [INFO] Sending reply to client 'OK 2022-02-22_20-29-55,533763be-6918-46d8-80a3-4ff49e80bde1'
ptd-server 2022-02-22 20:29:55,525 [INFO] Got command from the client 'time'
ptd-server 2022-02-22 20:29:55,526 [INFO] Sending reply to client '1645561795.5260935'
ptd-server 2022-02-22 20:29:55,528 [INFO] Got command from the client 'session,2022-02-22_20-29-55,start,ranging'
ptd-server 2022-02-22 20:29:55,528 [INFO] Running PTDaemon: ['/home/anton/projects/mlperf/power/inference_v1.0/ptd-linux-x86', '-l', '/tmp/tmpgldyt7rr/ptd_logfile.txt', '-p', '8888', '49', '/dev/usbtmc0']
ptd-server 2022-02-22 20:30:12,703 [INFO] Sending to ptd: 'Hello'
ptd-server 2022-02-22 20:30:12,703 [INFO] Reply from ptd: 'Hello, PTDaemon here!'
ptd-server 2022-02-22 20:30:12,703 [INFO] Sending to ptd: 'Identify'
ptd-server 2022-02-22 20:30:12,704 [INFO] Reply from ptd: 'YokogawaWT310E,1000,1,1,1,1,0,1,1,version=1.9.2-e8c7a49a-20201208,OS=Linux 5.13.0-28-generic #31~20.04.1-Ubuntu SMP Wed Jan 19 14:08:10 UTC 2022 x86_64,mode=power,1,1,1,0,0,no_cal_date,YOKOGAWA;WT310E;C3XA04010E;F1.04'
ptd-server 2022-02-22 20:30:12,704 [INFO] Connected to PTDaemon
ptd-server 2022-02-22 20:30:12,704 [INFO] Sending to ptd: 'RR'
ptd-server 2022-02-22 20:30:12,704 [INFO] Reply from ptd: 'Ranges,0,0.500000,0,300.000000'
ptd-server 2022-02-22 20:30:12,705 [INFO] Initial range for Amps is 0.500000 for Volts is 300.000000
ptd-server 2022-02-22 20:30:12,705 [INFO] Sending to ptd: 'SR,V,Auto'
ptd-server 2022-02-22 20:30:13,207 [INFO] Reply from ptd: 'Range V changed'
ptd-server 2022-02-22 20:30:13,207 [INFO] Sending to ptd: 'SR,A,Auto'
ptd-server 2022-02-22 20:30:13,710 [INFO] Reply from ptd: 'Range A changed'
ptd-server 2022-02-22 20:30:23,720 [INFO] Starting ranging mode
ptd-server 2022-02-22 20:30:23,720 [INFO] Sending to ptd: 'Go,1000,0,2022-02-22_20-29-55_ranging'
ptd-server 2022-02-22 20:30:23,721 [INFO] Reply from ptd: 'Starting untimed measurement, maximum 500000 samples at 1000ms with 0 rampup samples'
ptd-server 2022-02-22 20:30:23,721 [INFO] Sending reply to client 'OK'
ptd-server 2022-02-22 20:40:52,982 [INFO] Got command from the client 'session,2022-02-22_20-29-55,stop,ranging'
ptd-server 2022-02-22 20:41:02,992 [INFO] Sending to ptd: 'Stop'
ptd-server 2022-02-22 20:41:02,992 [INFO] Reply from ptd: 'Stopping untimed measurement'
ptd-server 2022-02-22 20:41:03,768 [INFO] Sending reply to client 'OK'
ptd-server 2022-02-22 20:41:03,835 [INFO] Got command from the client 'time'
ptd-server 2022-02-22 20:41:03,835 [INFO] Sending reply to client '1645562463.8353305'
ptd-server 2022-02-22 20:41:03,837 [INFO] Got command from the client 'session,2022-02-22_20-29-55,start,testing'
ptd-server 2022-02-22 20:41:03,837 [INFO] Sending to ptd: 'SR,V,249.200000'
ptd-server 2022-02-22 20:41:05,338 [INFO] Reply from ptd: 'Range V changed'
ptd-server 2022-02-22 20:41:05,338 [INFO] Sending to ptd: 'SR,A,0.051180'
ptd-server 2022-02-22 20:41:06,841 [INFO] Reply from ptd: 'Range A changed'
ptd-server 2022-02-22 20:41:16,851 [INFO] Starting testing mode
ptd-server 2022-02-22 20:41:16,851 [INFO] Sending to ptd: 'Go,1000,0,2022-02-22_20-29-55_testing'
ptd-server 2022-02-22 20:41:16,851 [INFO] Reply from ptd: 'Starting untimed measurement, maximum 500000 samples at 1000ms with 0 rampup samples'
ptd-server 2022-02-22 20:41:16,852 [INFO] Sending reply to client 'OK'
ptd-server 2022-02-22 20:51:45,926 [INFO] Got command from the client 'session,2022-02-22_20-29-55,stop,testing'
ptd-server 2022-02-22 20:51:55,937 [INFO] Sending to ptd: 'Stop'
ptd-server 2022-02-22 20:51:55,937 [INFO] Reply from ptd: 'Stopping untimed measurement'
ptd-server 2022-02-22 20:51:56,335 [INFO] Sending reply to client 'OK'
ptd-server 2022-02-22 20:51:56,355 [INFO] Got command from the client 'session,2022-02-22_20-29-55,done'
ptd-server 2022-02-22 20:51:56,356 [INFO] Sending to ptd: 'Stop'
ptd-server 2022-02-22 20:51:56,852 [INFO] Reply from ptd: 'Error: no measurement to stop'
ptd-server 2022-02-22 20:51:56,852 [INFO] Sending to ptd: 'SR,V,300.000000'
ptd-server 2022-02-22 20:51:58,353 [INFO] Reply from ptd: 'Range V changed'
ptd-server 2022-02-22 20:51:58,354 [INFO] Sending to ptd: 'SR,A,0.500000'
ptd-server 2022-02-22 20:51:59,855 [INFO] Reply from ptd: 'Range A changed'
ptd-server 2022-02-22 20:51:59,855 [INFO] Set initial values for Amps 0.500000 and Volts 300.000000
ptd-server 2022-02-22 20:51:59,855 [INFO] Stopping ptd...
