ptd-server 2022-02-18 19:21:28,133 [INFO] Got command from the client 'time'
ptd-server 2022-02-18 19:21:28,133 [INFO] Sending reply to client '1645233688.133403'
ptd-server 2022-02-18 19:21:28,133 [INFO] Got command from the client 'new,,0b31435f-7065-4f24-bde8-d34041f6d343'
ptd-server 2022-02-18 19:21:28,133 [INFO] Sending reply to client 'OK 2022-02-18_19-21-28,1df4e738-7867-43df-83b0-e39c29ec1e43'
ptd-server 2022-02-18 19:21:28,216 [INFO] Got command from the client 'time'
ptd-server 2022-02-18 19:21:28,216 [INFO] Sending reply to client '1645233688.216471'
ptd-server 2022-02-18 19:21:28,217 [INFO] Got command from the client 'session,2022-02-18_19-21-28,start,ranging'
ptd-server 2022-02-18 19:21:28,217 [INFO] Running PTDaemon: ['/local/mnt/workspace/mlcommons/power-main/inference_v1.0/ptd-linux-x86', '-l', '/tmp/tmpbzz3s1yx/ptd_logfile.txt', '-p', '8886', '49', '/dev/usbtmc1']
ptd-server 2022-02-18 19:21:45,251 [INFO] Sending to ptd: 'Hello'
ptd-server 2022-02-18 19:21:45,251 [INFO] Reply from ptd: 'Hello, PTDaemon here!'
ptd-server 2022-02-18 19:21:45,251 [INFO] Sending to ptd: 'Identify'
ptd-server 2022-02-18 19:21:45,252 [INFO] Reply from ptd: 'YokogawaWT310E,1000,1,1,1,1,0,1,1,version=1.9.2-e8c7a49a-20201208,OS=Linux 4.15.0-162-generic #170-Ubuntu SMP Mon Oct 18 11:38:05 UTC 2021 x86_64,mode=power,1,1,1,0,0,no_cal_date,YOKOGAWA;WT310E;C2XF16030V;F1.04'
ptd-server 2022-02-18 19:21:45,252 [INFO] Connected to PTDaemon
ptd-server 2022-02-18 19:21:45,252 [INFO] Sending to ptd: 'RR'
ptd-server 2022-02-18 19:21:45,252 [INFO] Reply from ptd: 'Ranges,1,2.000000,1,150.000000'
ptd-server 2022-02-18 19:21:45,252 [INFO] Initial range for Amps is Auto for Volts is Auto
ptd-server 2022-02-18 19:21:45,252 [INFO] Sending to ptd: 'SR,V,Auto'
ptd-server 2022-02-18 19:21:45,754 [INFO] Reply from ptd: 'Range V changed'
ptd-server 2022-02-18 19:21:45,754 [INFO] Sending to ptd: 'SR,A,Auto'
ptd-server 2022-02-18 19:21:46,256 [INFO] Reply from ptd: 'Range A changed'
ptd-server 2022-02-18 19:21:56,266 [INFO] Starting ranging mode
ptd-server 2022-02-18 19:21:56,266 [INFO] Sending to ptd: 'Go,1000,0,2022-02-18_19-21-28_ranging'
ptd-server 2022-02-18 19:21:56,266 [INFO] Reply from ptd: 'Starting untimed measurement, maximum 500000 samples at 1000ms with 0 rampup samples'
ptd-server 2022-02-18 19:21:56,266 [INFO] Sending reply to client 'OK'
ptd-server 2022-02-18 19:34:18,925 [INFO] Got command from the client 'session,2022-02-18_19-21-28,stop,ranging'
ptd-server 2022-02-18 19:34:28,932 [INFO] Sending to ptd: 'Stop'
ptd-server 2022-02-18 19:34:28,932 [INFO] Reply from ptd: 'Stopping untimed measurement'
ptd-server 2022-02-18 19:34:29,097 [INFO] Sending reply to client 'OK'
ptd-server 2022-02-18 19:34:29,186 [INFO] Got command from the client 'time'
ptd-server 2022-02-18 19:34:29,186 [INFO] Sending reply to client '1645234469.1861062'
ptd-server 2022-02-18 19:34:29,186 [INFO] Got command from the client 'session,2022-02-18_19-21-28,start,testing'
ptd-server 2022-02-18 19:34:29,186 [INFO] Sending to ptd: 'SR,V,121.140000'
ptd-server 2022-02-18 19:34:30,767 [INFO] Reply from ptd: 'Range V changed'
ptd-server 2022-02-18 19:34:30,767 [INFO] Sending to ptd: 'SR,A,3.509900'
ptd-server 2022-02-18 19:34:32,268 [INFO] Reply from ptd: 'Range A changed'
ptd-server 2022-02-18 19:34:42,276 [INFO] Starting testing mode
ptd-server 2022-02-18 19:34:42,276 [INFO] Sending to ptd: 'Go,1000,0,2022-02-18_19-21-28_testing'
ptd-server 2022-02-18 19:34:42,276 [INFO] Reply from ptd: 'Starting untimed measurement, maximum 500000 samples at 1000ms with 0 rampup samples'
ptd-server 2022-02-18 19:34:42,277 [INFO] Sending reply to client 'OK'
ptd-server 2022-02-18 19:47:04,857 [INFO] Got command from the client 'session,2022-02-18_19-21-28,stop,testing'
ptd-server 2022-02-18 19:47:14,861 [INFO] Sending to ptd: 'Stop'
ptd-server 2022-02-18 19:47:14,861 [INFO] Reply from ptd: 'Stopping untimed measurement'
ptd-server 2022-02-18 19:47:14,940 [INFO] Sending reply to client 'OK'
ptd-server 2022-02-18 19:47:14,946 [INFO] Got command from the client 'session,2022-02-18_19-21-28,done'
ptd-server 2022-02-18 19:47:14,946 [INFO] Sending to ptd: 'Stop'
ptd-server 2022-02-18 19:47:15,276 [INFO] Reply from ptd: 'Error: no measurement to stop'
ptd-server 2022-02-18 19:47:15,276 [INFO] Sending to ptd: 'SR,V,Auto'
ptd-server 2022-02-18 19:47:15,778 [INFO] Reply from ptd: 'Range V changed'
ptd-server 2022-02-18 19:47:15,778 [INFO] Sending to ptd: 'SR,A,Auto'
ptd-server 2022-02-18 19:47:16,280 [INFO] Reply from ptd: 'Range A changed'
ptd-server 2022-02-18 19:47:16,280 [INFO] Set initial values for Amps Auto and Volts Auto
ptd-server 2022-02-18 19:47:16,281 [INFO] Stopping ptd...
