ptd-server 2022-02-21 13:49:08,676 [INFO] Got command from the client 'time'
ptd-server 2022-02-21 13:49:08,676 [INFO] Sending reply to client '1645451348.6769004'
ptd-server 2022-02-21 13:49:08,678 [INFO] Got command from the client 'new,,8faa152e-0a16-4cb2-91ee-8395dece7f0b'
ptd-server 2022-02-21 13:49:08,678 [INFO] Sending reply to client 'OK 2022-02-21_13-49-08,54a51bb7-f1d6-437c-81e0-02667c20d92f'
ptd-server 2022-02-21 13:49:08,715 [INFO] Got command from the client 'time'
ptd-server 2022-02-21 13:49:08,716 [INFO] Sending reply to client '1645451348.7160783'
ptd-server 2022-02-21 13:49:08,717 [INFO] Got command from the client 'session,2022-02-21_13-49-08,start,ranging'
ptd-server 2022-02-21 13:49:08,717 [INFO] Running PTDaemon: ['/home/anton/projects/mlperf/power/inference_v1.0/ptd-linux-x86', '-l', '/tmp/tmpgldyt7rr/ptd_logfile.txt', '-p', '8888', '49', '/dev/usbtmc0']
ptd-server 2022-02-21 13:49:25,889 [INFO] Sending to ptd: 'Hello'
ptd-server 2022-02-21 13:49:25,890 [INFO] Reply from ptd: 'Hello, PTDaemon here!'
ptd-server 2022-02-21 13:49:25,890 [INFO] Sending to ptd: 'Identify'
ptd-server 2022-02-21 13:49:25,891 [INFO] Reply from ptd: 'YokogawaWT310E,1000,1,1,1,1,0,1,1,version=1.9.2-e8c7a49a-20201208,OS=Linux 5.13.0-28-generic #31~20.04.1-Ubuntu SMP Wed Jan 19 14:08:10 UTC 2022 x86_64,mode=power,1,1,1,0,0,no_cal_date,YOKOGAWA;WT310E;C3XA04010E;F1.04'
ptd-server 2022-02-21 13:49:25,891 [INFO] Connected to PTDaemon
ptd-server 2022-02-21 13:49:25,891 [INFO] Sending to ptd: 'RR'
ptd-server 2022-02-21 13:49:25,891 [INFO] Reply from ptd: 'Ranges,0,0.500000,0,300.000000'
ptd-server 2022-02-21 13:49:25,891 [INFO] Initial range for Amps is 0.500000 for Volts is 300.000000
ptd-server 2022-02-21 13:49:25,891 [INFO] Sending to ptd: 'SR,V,Auto'
ptd-server 2022-02-21 13:49:26,394 [INFO] Reply from ptd: 'Range V changed'
ptd-server 2022-02-21 13:49:26,394 [INFO] Sending to ptd: 'SR,A,Auto'
ptd-server 2022-02-21 13:49:26,896 [INFO] Reply from ptd: 'Range A changed'
ptd-server 2022-02-21 13:49:36,907 [INFO] Starting ranging mode
ptd-server 2022-02-21 13:49:36,907 [INFO] Sending to ptd: 'Go,1000,0,2022-02-21_13-49-08_ranging'
ptd-server 2022-02-21 13:49:36,907 [INFO] Reply from ptd: 'Starting untimed measurement, maximum 500000 samples at 1000ms with 0 rampup samples'
ptd-server 2022-02-21 13:49:36,908 [INFO] Sending reply to client 'OK'
ptd-server 2022-02-21 13:59:58,626 [INFO] Got command from the client 'session,2022-02-21_13-49-08,stop,ranging'
ptd-server 2022-02-21 14:00:08,637 [INFO] Sending to ptd: 'Stop'
ptd-server 2022-02-21 14:00:08,637 [INFO] Reply from ptd: 'Stopping untimed measurement'
ptd-server 2022-02-21 14:00:09,245 [INFO] Sending reply to client 'OK'
ptd-server 2022-02-21 14:00:09,317 [INFO] Got command from the client 'time'
ptd-server 2022-02-21 14:00:09,318 [INFO] Sending reply to client '1645452009.3180416'
ptd-server 2022-02-21 14:00:09,319 [INFO] Got command from the client 'session,2022-02-21_13-49-08,start,testing'
ptd-server 2022-02-21 14:00:09,319 [INFO] Sending to ptd: 'SR,V,249.930000'
ptd-server 2022-02-21 14:00:10,820 [INFO] Reply from ptd: 'Range V changed'
ptd-server 2022-02-21 14:00:10,821 [INFO] Sending to ptd: 'SR,A,0.066750'
ptd-server 2022-02-21 14:00:12,322 [INFO] Reply from ptd: 'Range A changed'
ptd-server 2022-02-21 14:00:22,332 [INFO] Starting testing mode
ptd-server 2022-02-21 14:00:22,332 [INFO] Sending to ptd: 'Go,1000,0,2022-02-21_13-49-08_testing'
ptd-server 2022-02-21 14:00:22,333 [INFO] Reply from ptd: 'Starting untimed measurement, maximum 500000 samples at 1000ms with 0 rampup samples'
ptd-server 2022-02-21 14:00:22,333 [INFO] Sending reply to client 'OK'
ptd-server 2022-02-21 14:10:44,976 [INFO] Got command from the client 'session,2022-02-21_13-49-08,stop,testing'
ptd-server 2022-02-21 14:10:54,987 [INFO] Sending to ptd: 'Stop'
ptd-server 2022-02-21 14:10:54,987 [INFO] Reply from ptd: 'Stopping untimed measurement'
ptd-server 2022-02-21 14:10:55,302 [INFO] Sending reply to client 'OK'
ptd-server 2022-02-21 14:10:55,324 [INFO] Got command from the client 'session,2022-02-21_13-49-08,done'
ptd-server 2022-02-21 14:10:55,324 [INFO] Sending to ptd: 'Stop'
ptd-server 2022-02-21 14:10:55,333 [INFO] Reply from ptd: 'Error: no measurement to stop'
ptd-server 2022-02-21 14:10:55,334 [INFO] Sending to ptd: 'SR,V,300.000000'
ptd-server 2022-02-21 14:10:56,835 [INFO] Reply from ptd: 'Range V changed'
ptd-server 2022-02-21 14:10:56,835 [INFO] Sending to ptd: 'SR,A,0.500000'
ptd-server 2022-02-21 14:10:58,336 [INFO] Reply from ptd: 'Range A changed'
ptd-server 2022-02-21 14:10:58,336 [INFO] Set initial values for Amps 0.500000 and Volts 300.000000
ptd-server 2022-02-21 14:10:58,337 [INFO] Stopping ptd...
