client 2022-02-21 14:31:54,368 [INFO] Sending command to the server: 'mlcommons/power client v3'
client 2022-02-21 14:31:54,370 [INFO] Got response: 'mlcommons/power server v3'
client 2022-02-21 14:31:54,370 [INFO] Synchronizing with the server and with ntp1.css.fujitsu.com...
client 2022-02-21 14:31:54,389 [INFO] NTP:offset = 0.000 s, delay = 0.015 s 
client 2022-02-21 14:31:54,389 [INFO] Sending command to the server: 'time'
client 2022-02-21 14:31:54,392 [INFO] Got response: '1645453914.471796'
client 2022-02-21 14:31:54,392 [INFO] The time difference between the client and the server is within range -81.875 ms..-79.640 ms
client 2022-02-21 14:31:54,392 [INFO] Sending command to the server: 'new,,558569c1-80ba-4b65-a492-3c5f486f404f'
client 2022-02-21 14:31:54,396 [INFO] Got response: 'OK 2022-02-21_23-31-54,a0f9f9d7-0264-40bb-b148-4d2328b2ddee'
client 2022-02-21 14:31:54,396 [INFO] Session id is '2022-02-21_23-31-54'
client 2022-02-21 14:31:54,396 [INFO] Sources: {"sources": {"__init__.py": "da39a3ee5e6b4b0d3255bfef95601890afd80709", "client.py": "33ca4f26368777ac06e01f9567b714a4b8063886", "lib/__init__.py": "da39a3ee5e6b4b0d3255bfef95601890afd80709", "lib/client.py": "4c2b78fb4849a7e5b584ef792d82aaed20b17f57", "lib/common.py": "624d0c0acc7c39aaff3674f0b99d6a09da53d1dc", "lib/external/__init__.py": "da39a3ee5e6b4b0d3255bfef95601890afd80709", "lib/external/ntplib.py": "4da8f970656505a40483206ef2b5d3dd5e81711d", "lib/server.py": "59c9fb92908260d3e9f81a895c7aa009742275e4", "lib/source_hashes.py": "60a2e02193209e8d392803326208d5466342da18", "lib/summary.py": "aa92f0a3f975eecd44d3c0cd0236342ccc9f941d", "lib/time_sync.py": "3210db56eb0ff0df57bf4293dc4d4b03fffd46f1", "server.py": "c3f90f2f7eeb4db30727556d0c815ebc89b3d28b", "tests/unit/__init__.py": "da39a3ee5e6b4b0d3255bfef95601890afd80709", "tests/unit/test_server.py": "99ae15aef722f2000ee6ed1ae1523637bf1ae42b", "tests/unit/test_source_hashes.py": "00468a2907583c593e6574a1f6b404e4651c221a"}, "modules": {"ptd_client_server.lib.client": "lib/client.py", "ptd_client_server.lib.common": "lib/common.py", "ptd_client_server.lib.external.ntplib": "lib/external/ntplib.py", "ptd_client_server.lib.source_hashes": "lib/source_hashes.py", "ptd_client_server.lib.summary": "lib/summary.py", "ptd_client_server.lib.time_sync": "lib/time_sync.py"}}
client 2022-02-21 14:31:54,397 [INFO] Running workload in ranging mode
client 2022-02-21 14:31:54,397 [INFO] Synchronizing with the server and with ntp1.css.fujitsu.com...
client 2022-02-21 14:31:54,414 [INFO] NTP:offset = 0.000 s, delay = 0.015 s 
client 2022-02-21 14:31:54,414 [INFO] Sending command to the server: 'time'
client 2022-02-21 14:31:54,416 [INFO] Got response: '1645453914.4874637'
client 2022-02-21 14:31:54,417 [INFO] The time difference between the client and the server is within range -72.683 ms..-70.321 ms
client 2022-02-21 14:31:54,417 [INFO] Sending command to the server: 'session,2022-02-21_23-31-54,start,ranging'
client 2022-02-21 14:32:23,488 [INFO] Got response: 'OK'
client 2022-02-21 14:32:23,489 [INFO] Running the workload 'LOG_DIR=/work/build/power_logs_temp python3 code/main.py --benchmarks=bert --scenarios=Server --test_mode=PerformanceOnly --accuracy_target=0.999 --power_setting=MaxQ --action="run_harness" \\\n\t\t2>&1 | tee -a /work/build/power_logs/2022.02.21-14.31.32/stdout.txt \\\n\t\t&& if [ ! -d /work/build/power_logs/2022.02.21-14.31.32/ranging_tmp ]; \\\n\t\t\tthen mkdir /work/build/power_logs/2022.02.21-14.31.32/ranging_tmp \\\n\t\t\t\t&& mv /work/build/power_logs_temp/* /work/build/power_logs/2022.02.21-14.31.32/ranging_tmp/ \\\n\t\t\t\t&& cp -v /work/build/power_logs/2022.02.21-14.31.32/ranging_tmp/*/*/*/mlperf_log_detail.txt /work/build/power_logs_temp/ \\\n\t\t\t\t&& cp -v /work/build/power_logs/2022.02.21-14.31.32/ranging_tmp/*/*/*/mlperf_log_summary.txt /work/build/power_logs_temp/; \\\n\t\t\telse mkdir /work/build/power_logs/2022.02.21-14.31.32/testing_tmp \\\n\t\t\t\t&& mv /work/build/power_logs_temp/* /work/build/power_logs/2022.02.21-14.31.32/testing_tmp/ \\\n\t\t\t\t&& cp -v /work/build/power_logs/2022.02.21-14.31.32/testing_tmp/*/*/*/mlperf_log_detail.txt /work/build/power_logs_temp/ \\\n\t\t\t\t&& cp -v /work/build/power_logs/2022.02.21-14.31.32/testing_tmp/*/*/*/mlperf_log_summary.txt /work/build/power_logs_temp/; fi'
client 2022-02-21 14:43:25,885 [INFO] Sending command to the server: 'session,2022-02-21_23-31-54,stop,ranging'
client 2022-02-21 14:43:36,321 [INFO] Got response: 'OK'
client 2022-02-21 14:43:36,331 [INFO] Copying loadgen logs from '/work/build/power_logs_temp' to '/work/build/power_logs/2022.02.21-14.31.32/2022-02-21_23-31-54/ranging'
client 2022-02-21 14:43:36,332 [INFO] Running workload in testing mode
client 2022-02-21 14:43:36,332 [INFO] Synchronizing with the server and with ntp1.css.fujitsu.com...
client 2022-02-21 14:43:36,350 [INFO] NTP:offset = 0.000 s, delay = 0.015 s 
client 2022-02-21 14:43:36,350 [INFO] Sending command to the server: 'time'
client 2022-02-21 14:43:36,351 [INFO] Got response: '1645454616.4142902'
client 2022-02-21 14:43:36,352 [INFO] The time difference between the client and the server is within range -63.733 ms..-62.127 ms
client 2022-02-21 14:43:36,352 [INFO] Sending command to the server: 'session,2022-02-21_23-31-54,start,testing'
client 2022-02-21 14:43:49,590 [INFO] Got response: 'OK'
client 2022-02-21 14:43:49,590 [INFO] Running the workload 'LOG_DIR=/work/build/power_logs_temp python3 code/main.py --benchmarks=bert --scenarios=Server --test_mode=PerformanceOnly --accuracy_target=0.999 --power_setting=MaxQ --action="run_harness" \\\n\t\t2>&1 | tee -a /work/build/power_logs/2022.02.21-14.31.32/stdout.txt \\\n\t\t&& if [ ! -d /work/build/power_logs/2022.02.21-14.31.32/ranging_tmp ]; \\\n\t\t\tthen mkdir /work/build/power_logs/2022.02.21-14.31.32/ranging_tmp \\\n\t\t\t\t&& mv /work/build/power_logs_temp/* /work/build/power_logs/2022.02.21-14.31.32/ranging_tmp/ \\\n\t\t\t\t&& cp -v /work/build/power_logs/2022.02.21-14.31.32/ranging_tmp/*/*/*/mlperf_log_detail.txt /work/build/power_logs_temp/ \\\n\t\t\t\t&& cp -v /work/build/power_logs/2022.02.21-14.31.32/ranging_tmp/*/*/*/mlperf_log_summary.txt /work/build/power_logs_temp/; \\\n\t\t\telse mkdir /work/build/power_logs/2022.02.21-14.31.32/testing_tmp \\\n\t\t\t\t&& mv /work/build/power_logs_temp/* /work/build/power_logs/2022.02.21-14.31.32/testing_tmp/ \\\n\t\t\t\t&& cp -v /work/build/power_logs/2022.02.21-14.31.32/testing_tmp/*/*/*/mlperf_log_detail.txt /work/build/power_logs_temp/ \\\n\t\t\t\t&& cp -v /work/build/power_logs/2022.02.21-14.31.32/testing_tmp/*/*/*/mlperf_log_summary.txt /work/build/power_logs_temp/; fi'
client 2022-02-21 14:54:54,831 [INFO] Sending command to the server: 'session,2022-02-21_23-31-54,stop,testing'
client 2022-02-21 14:55:05,034 [INFO] Got response: 'OK'
client 2022-02-21 14:55:05,036 [INFO] Copying loadgen logs from '/work/build/power_logs_temp' to '/work/build/power_logs/2022.02.21-14.31.32/2022-02-21_23-31-54/run_1'
client 2022-02-21 14:55:05,037 [INFO] Done runs
