ptd-server 2022-02-21 23:31:54,471 [INFO] Got command from the client 'time'
ptd-server 2022-02-21 23:31:54,471 [INFO] Sending reply to client '1645453914.471796'
ptd-server 2022-02-21 23:31:54,471 [INFO] Got command from the client 'new,,558569c1-80ba-4b65-a492-3c5f486f404f'
ptd-server 2022-02-21 23:31:54,471 [INFO] Sending reply to client 'OK 2022-02-21_23-31-54,a0f9f9d7-0264-40bb-b148-4d2328b2ddee'
ptd-server 2022-02-21 23:31:54,487 [INFO] Got command from the client 'time'
ptd-server 2022-02-21 23:31:54,487 [INFO] Sending reply to client '1645453914.4874637'
ptd-server 2022-02-21 23:31:54,487 [INFO] Got command from the client 'session,2022-02-21_23-31-54,start,ranging'
ptd-server 2022-02-21 23:31:54,596 [INFO] Running PTDaemon: ['C:\\mlperf\\power\\inference_v1.0\\ptd-windows-x86.exe', '-l', 'C:\\Users\\mlperf\\AppData\\Local\\Temp\\tmpn3fcmhzf\\ptd_logfile.txt', '-p', '8888', '-y', '49', 'C3YB05015E']
ptd-server 2022-02-21 23:32:12,521 [INFO] Sending to ptd: 'Hello'
ptd-server 2022-02-21 23:32:12,521 [INFO] Reply from ptd: 'Hello, PTDaemon here!'
ptd-server 2022-02-21 23:32:12,521 [INFO] Sending to ptd: 'Identify'
ptd-server 2022-02-21 23:32:12,521 [INFO] Reply from ptd: 'YokogawaWT310E,1000,1,1,1,1,0,1,1,version=1.9.2-3976349f-20201208,OS=Windows 8 / Server 2012,mode=power,1,1,1,0,0,no_cal_date,YOKOGAWA;WT310E;C3YB05015E;F1.04'
ptd-server 2022-02-21 23:32:12,521 [INFO] Connected to PTDaemon
ptd-server 2022-02-21 23:32:12,521 [INFO] Sending to ptd: 'RR'
ptd-server 2022-02-21 23:32:12,521 [INFO] Reply from ptd: 'Ranges,1,10.000000,1,300.000000'
ptd-server 2022-02-21 23:32:12,521 [INFO] Initial range for Amps is Auto for Volts is Auto
ptd-server 2022-02-21 23:32:12,521 [INFO] Sending to ptd: 'SR,V,Auto'
ptd-server 2022-02-21 23:32:13,036 [INFO] Reply from ptd: 'Range V changed'
ptd-server 2022-02-21 23:32:13,036 [INFO] Sending to ptd: 'SR,A,Auto'
ptd-server 2022-02-21 23:32:13,552 [INFO] Reply from ptd: 'Range A changed'
ptd-server 2022-02-21 23:32:23,567 [INFO] Starting ranging mode
ptd-server 2022-02-21 23:32:23,567 [INFO] Sending to ptd: 'Go,1000,0,2022-02-21_23-31-54_ranging'
ptd-server 2022-02-21 23:32:23,567 [INFO] Reply from ptd: 'Starting untimed measurement, maximum 500000 samples at 1000ms with 0 rampup samples'
ptd-server 2022-02-21 23:32:23,567 [INFO] Sending reply to client 'OK'
ptd-server 2022-02-21 23:43:25,961 [INFO] Got command from the client 'session,2022-02-21_23-31-54,stop,ranging'
ptd-server 2022-02-21 23:43:35,976 [INFO] Sending to ptd: 'Stop'
ptd-server 2022-02-21 23:43:35,976 [INFO] Reply from ptd: 'Stopping untimed measurement'
ptd-server 2022-02-21 23:43:36,383 [INFO] Sending reply to client 'OK'
ptd-server 2022-02-21 23:43:36,414 [INFO] Got command from the client 'time'
ptd-server 2022-02-21 23:43:36,414 [INFO] Sending reply to client '1645454616.4142902'
ptd-server 2022-02-21 23:43:36,429 [INFO] Got command from the client 'session,2022-02-21_23-31-54,start,testing'
ptd-server 2022-02-21 23:43:36,429 [INFO] Sending to ptd: 'SR,V,203.930000'
ptd-server 2022-02-21 23:43:38,117 [INFO] Reply from ptd: 'Range V changed'
ptd-server 2022-02-21 23:43:38,117 [INFO] Sending to ptd: 'SR,A,17.018000'
ptd-server 2022-02-21 23:43:39,648 [INFO] Reply from ptd: 'Range A changed'
ptd-server 2022-02-21 23:43:49,663 [INFO] Starting testing mode
ptd-server 2022-02-21 23:43:49,663 [INFO] Sending to ptd: 'Go,1000,0,2022-02-21_23-31-54_testing'
ptd-server 2022-02-21 23:43:49,663 [INFO] Reply from ptd: 'Starting untimed measurement, maximum 500000 samples at 1000ms with 0 rampup samples'
ptd-server 2022-02-21 23:43:49,663 [INFO] Sending reply to client 'OK'
ptd-server 2022-02-21 23:54:54,895 [INFO] Got command from the client 'session,2022-02-21_23-31-54,stop,testing'
ptd-server 2022-02-21 23:55:04,910 [INFO] Sending to ptd: 'Stop'
ptd-server 2022-02-21 23:55:04,910 [INFO] Reply from ptd: 'Stopping untimed measurement'
ptd-server 2022-02-21 23:55:05,098 [INFO] Sending reply to client 'OK'
ptd-server 2022-02-21 23:55:05,113 [INFO] Got command from the client 'session,2022-02-21_23-31-54,done'
ptd-server 2022-02-21 23:55:05,113 [INFO] Sending to ptd: 'Stop'
ptd-server 2022-02-21 23:55:05,676 [INFO] Reply from ptd: 'Error: no measurement to stop'
ptd-server 2022-02-21 23:55:05,676 [INFO] Sending to ptd: 'SR,V,Auto'
ptd-server 2022-02-21 23:55:06,191 [INFO] Reply from ptd: 'Range V changed'
ptd-server 2022-02-21 23:55:06,191 [INFO] Sending to ptd: 'SR,A,Auto'
ptd-server 2022-02-21 23:55:06,707 [INFO] Reply from ptd: 'Range A changed'
ptd-server 2022-02-21 23:55:06,707 [INFO] Set initial values for Amps Auto and Volts Auto
ptd-server 2022-02-21 23:55:06,707 [INFO] Stopping ptd...
