ptd-server 2022-02-21 18:13:13,989 [INFO] Got command from the client 'time'
ptd-server 2022-02-21 18:13:13,990 [INFO] Sending reply to client '1645467193.9900293'
ptd-server 2022-02-21 18:13:13,991 [INFO] Got command from the client 'new,,dcb3491f-3e58-4743-a1af-22ef183ae9ff'
ptd-server 2022-02-21 18:13:13,991 [INFO] Sending reply to client 'OK 2022-02-21_18-13-13,ff2d9095-c230-45e7-af4f-ac6646f0a59c'
ptd-server 2022-02-21 18:13:14,029 [INFO] Got command from the client 'time'
ptd-server 2022-02-21 18:13:14,029 [INFO] Sending reply to client '1645467194.0297685'
ptd-server 2022-02-21 18:13:14,030 [INFO] Got command from the client 'session,2022-02-21_18-13-13,start,ranging'
ptd-server 2022-02-21 18:13:14,031 [INFO] Running PTDaemon: ['/home/anton/projects/mlperf/power/inference_v1.0/ptd-linux-x86', '-l', '/tmp/tmpgldyt7rr/ptd_logfile.txt', '-p', '8888', '49', '/dev/usbtmc0']
ptd-server 2022-02-21 18:13:31,204 [INFO] Sending to ptd: 'Hello'
ptd-server 2022-02-21 18:13:31,204 [INFO] Reply from ptd: 'Hello, PTDaemon here!'
ptd-server 2022-02-21 18:13:31,205 [INFO] Sending to ptd: 'Identify'
ptd-server 2022-02-21 18:13:31,205 [INFO] Reply from ptd: 'YokogawaWT310E,1000,1,1,1,1,0,1,1,version=1.9.2-e8c7a49a-20201208,OS=Linux 5.13.0-28-generic #31~20.04.1-Ubuntu SMP Wed Jan 19 14:08:10 UTC 2022 x86_64,mode=power,1,1,1,0,0,no_cal_date,YOKOGAWA;WT310E;C3XA04010E;F1.04'
ptd-server 2022-02-21 18:13:31,205 [INFO] Connected to PTDaemon
ptd-server 2022-02-21 18:13:31,205 [INFO] Sending to ptd: 'RR'
ptd-server 2022-02-21 18:13:31,206 [INFO] Reply from ptd: 'Ranges,0,0.500000,0,300.000000'
ptd-server 2022-02-21 18:13:31,206 [INFO] Initial range for Amps is 0.500000 for Volts is 300.000000
ptd-server 2022-02-21 18:13:31,206 [INFO] Sending to ptd: 'SR,V,Auto'
ptd-server 2022-02-21 18:13:31,708 [INFO] Reply from ptd: 'Range V changed'
ptd-server 2022-02-21 18:13:31,708 [INFO] Sending to ptd: 'SR,A,Auto'
ptd-server 2022-02-21 18:13:32,211 [INFO] Reply from ptd: 'Range A changed'
ptd-server 2022-02-21 18:13:42,221 [INFO] Starting ranging mode
ptd-server 2022-02-21 18:13:42,221 [INFO] Sending to ptd: 'Go,1000,0,2022-02-21_18-13-13_ranging'
ptd-server 2022-02-21 18:13:42,222 [INFO] Reply from ptd: 'Starting untimed measurement, maximum 500000 samples at 1000ms with 0 rampup samples'
ptd-server 2022-02-21 18:13:42,222 [INFO] Sending reply to client 'OK'
ptd-server 2022-02-21 18:24:03,797 [INFO] Got command from the client 'session,2022-02-21_18-13-13,stop,ranging'
ptd-server 2022-02-21 18:24:13,808 [INFO] Sending to ptd: 'Stop'
ptd-server 2022-02-21 18:24:13,808 [INFO] Reply from ptd: 'Stopping untimed measurement'
ptd-server 2022-02-21 18:24:14,440 [INFO] Sending reply to client 'OK'
ptd-server 2022-02-21 18:24:14,508 [INFO] Got command from the client 'time'
ptd-server 2022-02-21 18:24:14,508 [INFO] Sending reply to client '1645467854.5088358'
ptd-server 2022-02-21 18:24:14,510 [INFO] Got command from the client 'session,2022-02-21_18-13-13,start,testing'
ptd-server 2022-02-21 18:24:14,510 [INFO] Sending to ptd: 'SR,V,248.510000'
ptd-server 2022-02-21 18:24:16,011 [INFO] Reply from ptd: 'Range V changed'
ptd-server 2022-02-21 18:24:16,011 [INFO] Sending to ptd: 'SR,A,0.069960'
ptd-server 2022-02-21 18:24:17,513 [INFO] Reply from ptd: 'Range A changed'
ptd-server 2022-02-21 18:24:27,523 [INFO] Starting testing mode
ptd-server 2022-02-21 18:24:27,523 [INFO] Sending to ptd: 'Go,1000,0,2022-02-21_18-13-13_testing'
ptd-server 2022-02-21 18:24:27,524 [INFO] Reply from ptd: 'Starting untimed measurement, maximum 500000 samples at 1000ms with 0 rampup samples'
ptd-server 2022-02-21 18:24:27,524 [INFO] Sending reply to client 'OK'
ptd-server 2022-02-21 18:34:49,977 [INFO] Got command from the client 'session,2022-02-21_18-13-13,stop,testing'
ptd-server 2022-02-21 18:34:59,988 [INFO] Sending to ptd: 'Stop'
ptd-server 2022-02-21 18:34:59,988 [INFO] Reply from ptd: 'Stopping untimed measurement'
ptd-server 2022-02-21 18:35:00,317 [INFO] Sending reply to client 'OK'
ptd-server 2022-02-21 18:35:00,337 [INFO] Got command from the client 'session,2022-02-21_18-13-13,done'
ptd-server 2022-02-21 18:35:00,337 [INFO] Sending to ptd: 'Stop'
ptd-server 2022-02-21 18:35:00,525 [INFO] Reply from ptd: 'Error: no measurement to stop'
ptd-server 2022-02-21 18:35:00,525 [INFO] Sending to ptd: 'SR,V,300.000000'
ptd-server 2022-02-21 18:35:02,026 [INFO] Reply from ptd: 'Range V changed'
ptd-server 2022-02-21 18:35:02,027 [INFO] Sending to ptd: 'SR,A,0.500000'
ptd-server 2022-02-21 18:35:03,528 [INFO] Reply from ptd: 'Range A changed'
ptd-server 2022-02-21 18:35:03,528 [INFO] Set initial values for Amps 0.500000 and Volts 300.000000
ptd-server 2022-02-21 18:35:03,528 [INFO] Stopping ptd...
