ptd-server 2022-02-22 15:55:10,121 [INFO] Got command from the client 'time'
ptd-server 2022-02-22 15:55:10,121 [INFO] Sending reply to client '1645545310.121946'
ptd-server 2022-02-22 15:55:10,124 [INFO] Got command from the client 'new,,9b1d742f-033a-4d16-9b42-b6db4f1ad22c'
ptd-server 2022-02-22 15:55:10,124 [INFO] Sending reply to client 'OK 2022-02-22_15-55-10,f2d6a8e9-f01c-4162-8ec2-a788d8250084'
ptd-server 2022-02-22 15:55:10,161 [INFO] Got command from the client 'time'
ptd-server 2022-02-22 15:55:10,161 [INFO] Sending reply to client '1645545310.1617699'
ptd-server 2022-02-22 15:55:10,163 [INFO] Got command from the client 'session,2022-02-22_15-55-10,start,ranging'
ptd-server 2022-02-22 15:55:10,163 [INFO] Running PTDaemon: ['/home/anton/projects/mlperf/power/inference_v1.0/ptd-linux-x86', '-l', '/tmp/tmpgldyt7rr/ptd_logfile.txt', '-p', '8888', '49', '/dev/usbtmc0']
ptd-server 2022-02-22 15:55:27,337 [INFO] Sending to ptd: 'Hello'
ptd-server 2022-02-22 15:55:27,338 [INFO] Reply from ptd: 'Hello, PTDaemon here!'
ptd-server 2022-02-22 15:55:27,338 [INFO] Sending to ptd: 'Identify'
ptd-server 2022-02-22 15:55:27,338 [INFO] Reply from ptd: 'YokogawaWT310E,1000,1,1,1,1,0,1,1,version=1.9.2-e8c7a49a-20201208,OS=Linux 5.13.0-28-generic #31~20.04.1-Ubuntu SMP Wed Jan 19 14:08:10 UTC 2022 x86_64,mode=power,1,1,1,0,0,no_cal_date,YOKOGAWA;WT310E;C3XA04010E;F1.04'
ptd-server 2022-02-22 15:55:27,338 [INFO] Connected to PTDaemon
ptd-server 2022-02-22 15:55:27,338 [INFO] Sending to ptd: 'RR'
ptd-server 2022-02-22 15:55:27,339 [INFO] Reply from ptd: 'Ranges,0,0.500000,0,300.000000'
ptd-server 2022-02-22 15:55:27,339 [INFO] Initial range for Amps is 0.500000 for Volts is 300.000000
ptd-server 2022-02-22 15:55:27,339 [INFO] Sending to ptd: 'SR,V,Auto'
ptd-server 2022-02-22 15:55:27,841 [INFO] Reply from ptd: 'Range V changed'
ptd-server 2022-02-22 15:55:27,842 [INFO] Sending to ptd: 'SR,A,Auto'
ptd-server 2022-02-22 15:55:28,344 [INFO] Reply from ptd: 'Range A changed'
ptd-server 2022-02-22 15:55:38,354 [INFO] Starting ranging mode
ptd-server 2022-02-22 15:55:38,354 [INFO] Sending to ptd: 'Go,1000,0,2022-02-22_15-55-10_ranging'
ptd-server 2022-02-22 15:55:38,355 [INFO] Reply from ptd: 'Starting untimed measurement, maximum 500000 samples at 1000ms with 0 rampup samples'
ptd-server 2022-02-22 15:55:38,355 [INFO] Sending reply to client 'OK'
ptd-server 2022-02-22 16:06:08,096 [INFO] Got command from the client 'session,2022-02-22_15-55-10,stop,ranging'
ptd-server 2022-02-22 16:06:18,107 [INFO] Sending to ptd: 'Stop'
ptd-server 2022-02-22 16:06:18,107 [INFO] Reply from ptd: 'Stopping untimed measurement'
ptd-server 2022-02-22 16:06:18,851 [INFO] Sending reply to client 'OK'
ptd-server 2022-02-22 16:06:18,910 [INFO] Got command from the client 'time'
ptd-server 2022-02-22 16:06:18,910 [INFO] Sending reply to client '1645545978.9101176'
ptd-server 2022-02-22 16:06:18,912 [INFO] Got command from the client 'session,2022-02-22_15-55-10,start,testing'
ptd-server 2022-02-22 16:06:18,912 [INFO] Sending to ptd: 'SR,V,249.230000'
ptd-server 2022-02-22 16:06:20,413 [INFO] Reply from ptd: 'Range V changed'
ptd-server 2022-02-22 16:06:20,413 [INFO] Sending to ptd: 'SR,A,0.053460'
ptd-server 2022-02-22 16:06:21,914 [INFO] Reply from ptd: 'Range A changed'
ptd-server 2022-02-22 16:06:31,925 [INFO] Starting testing mode
ptd-server 2022-02-22 16:06:31,925 [INFO] Sending to ptd: 'Go,1000,0,2022-02-22_15-55-10_testing'
ptd-server 2022-02-22 16:06:31,925 [INFO] Reply from ptd: 'Starting untimed measurement, maximum 500000 samples at 1000ms with 0 rampup samples'
ptd-server 2022-02-22 16:06:31,925 [INFO] Sending reply to client 'OK'
ptd-server 2022-02-22 16:17:01,574 [INFO] Got command from the client 'session,2022-02-22_15-55-10,stop,testing'
ptd-server 2022-02-22 16:17:11,582 [INFO] Sending to ptd: 'Stop'
ptd-server 2022-02-22 16:17:11,583 [INFO] Reply from ptd: 'Stopping untimed measurement'
ptd-server 2022-02-22 16:17:11,966 [INFO] Sending reply to client 'OK'
ptd-server 2022-02-22 16:17:11,985 [INFO] Got command from the client 'session,2022-02-22_15-55-10,done'
ptd-server 2022-02-22 16:17:11,985 [INFO] Sending to ptd: 'Stop'
ptd-server 2022-02-22 16:17:11,986 [INFO] Reply from ptd: 'Error: no measurement to stop'
ptd-server 2022-02-22 16:17:11,986 [INFO] Sending to ptd: 'SR,V,300.000000'
ptd-server 2022-02-22 16:17:13,487 [INFO] Reply from ptd: 'Range V changed'
ptd-server 2022-02-22 16:17:13,487 [INFO] Sending to ptd: 'SR,A,0.500000'
ptd-server 2022-02-22 16:17:14,989 [INFO] Reply from ptd: 'Range A changed'
ptd-server 2022-02-22 16:17:14,989 [INFO] Set initial values for Amps 0.500000 and Volts 300.000000
ptd-server 2022-02-22 16:17:14,989 [INFO] Stopping ptd...
