ptd-server 2022-02-18 19:41:44,423 [INFO] Got command from the client 'time'
ptd-server 2022-02-18 19:41:44,423 [INFO] Sending reply to client '1645234904.4235976'
ptd-server 2022-02-18 19:41:44,424 [INFO] Got command from the client 'new,,bed64525-3dc6-43ee-b83a-61d3b7b42bb7'
ptd-server 2022-02-18 19:41:44,424 [INFO] Sending reply to client 'OK 2022-02-18_19-41-44,2e3c9a6d-8587-42bf-b855-7122d8909ef3'
ptd-server 2022-02-18 19:41:44,508 [INFO] Got command from the client 'time'
ptd-server 2022-02-18 19:41:44,508 [INFO] Sending reply to client '1645234904.508915'
ptd-server 2022-02-18 19:41:44,509 [INFO] Got command from the client 'session,2022-02-18_19-41-44,start,ranging'
ptd-server 2022-02-18 19:41:44,509 [INFO] Running PTDaemon: ['/local/mnt/workspace/mlcommons/power-main/inference_v1.0/ptd-linux-x86', '-l', '/tmp/tmp4zullp9k/ptd_logfile.txt', '-p', '8889', '49', '/dev/usbtmc0']
ptd-server 2022-02-18 19:42:01,544 [INFO] Sending to ptd: 'Hello'
ptd-server 2022-02-18 19:42:01,544 [INFO] Reply from ptd: 'Hello, PTDaemon here!'
ptd-server 2022-02-18 19:42:01,544 [INFO] Sending to ptd: 'Identify'
ptd-server 2022-02-18 19:42:01,544 [INFO] Reply from ptd: 'YokogawaWT310E,1000,1,1,1,1,0,1,1,version=1.9.2-e8c7a49a-20201208,OS=Linux 4.15.0-162-generic #170-Ubuntu SMP Mon Oct 18 11:38:05 UTC 2021 x86_64,mode=power,1,1,1,0,0,no_cal_date,YOKOGAWA;WT310E;C2XF16028V;F1.04'
ptd-server 2022-02-18 19:42:01,544 [INFO] Connected to PTDaemon
ptd-server 2022-02-18 19:42:01,544 [INFO] Sending to ptd: 'RR'
ptd-server 2022-02-18 19:42:01,545 [INFO] Reply from ptd: 'Ranges,1,5.000000,1,150.000000'
ptd-server 2022-02-18 19:42:01,545 [INFO] Initial range for Amps is Auto for Volts is Auto
ptd-server 2022-02-18 19:42:01,545 [INFO] Sending to ptd: 'SR,V,Auto'
ptd-server 2022-02-18 19:42:02,047 [INFO] Reply from ptd: 'Range V changed'
ptd-server 2022-02-18 19:42:02,047 [INFO] Sending to ptd: 'SR,A,Auto'
ptd-server 2022-02-18 19:42:02,549 [INFO] Reply from ptd: 'Range A changed'
ptd-server 2022-02-18 19:42:12,559 [INFO] Starting ranging mode
ptd-server 2022-02-18 19:42:12,559 [INFO] Sending to ptd: 'Go,1000,0,2022-02-18_19-41-44_ranging'
ptd-server 2022-02-18 19:42:12,559 [INFO] Reply from ptd: 'Starting untimed measurement, maximum 500000 samples at 1000ms with 0 rampup samples'
ptd-server 2022-02-18 19:42:12,559 [INFO] Sending reply to client 'OK'
ptd-server 2022-02-18 19:55:44,600 [INFO] Got command from the client 'session,2022-02-18_19-41-44,stop,ranging'
ptd-server 2022-02-18 19:55:54,610 [INFO] Sending to ptd: 'Stop'
ptd-server 2022-02-18 19:55:54,610 [INFO] Reply from ptd: 'Stopping untimed measurement'
ptd-server 2022-02-18 19:55:54,769 [INFO] Sending reply to client 'OK'
ptd-server 2022-02-18 19:55:54,868 [INFO] Got command from the client 'time'
ptd-server 2022-02-18 19:55:54,868 [INFO] Sending reply to client '1645235754.8684769'
ptd-server 2022-02-18 19:55:54,868 [INFO] Got command from the client 'session,2022-02-18_19-41-44,start,testing'
ptd-server 2022-02-18 19:55:54,869 [INFO] Sending to ptd: 'SR,V,122.290000'
ptd-server 2022-02-18 19:55:57,060 [INFO] Reply from ptd: 'Range V changed'
ptd-server 2022-02-18 19:55:57,060 [INFO] Sending to ptd: 'SR,A,4.987900'
ptd-server 2022-02-18 19:55:58,561 [INFO] Reply from ptd: 'Range A changed'
ptd-server 2022-02-18 19:56:08,571 [INFO] Starting testing mode
ptd-server 2022-02-18 19:56:08,571 [INFO] Sending to ptd: 'Go,1000,0,2022-02-18_19-41-44_testing'
ptd-server 2022-02-18 19:56:08,571 [INFO] Reply from ptd: 'Starting untimed measurement, maximum 500000 samples at 1000ms with 0 rampup samples'
ptd-server 2022-02-18 19:56:08,571 [INFO] Sending reply to client 'OK'
ptd-server 2022-02-18 20:09:40,878 [INFO] Got command from the client 'session,2022-02-18_19-41-44,stop,testing'
ptd-server 2022-02-18 20:09:50,889 [INFO] Sending to ptd: 'Stop'
ptd-server 2022-02-18 20:09:50,889 [INFO] Reply from ptd: 'Stopping untimed measurement'
ptd-server 2022-02-18 20:09:50,959 [INFO] Sending reply to client 'OK'
ptd-server 2022-02-18 20:09:50,963 [INFO] Got command from the client 'session,2022-02-18_19-41-44,done'
ptd-server 2022-02-18 20:09:50,963 [INFO] Sending to ptd: 'Stop'
ptd-server 2022-02-18 20:09:51,571 [INFO] Reply from ptd: 'Error: no measurement to stop'
ptd-server 2022-02-18 20:09:51,571 [INFO] Sending to ptd: 'SR,V,Auto'
ptd-server 2022-02-18 20:09:52,073 [INFO] Reply from ptd: 'Range V changed'
ptd-server 2022-02-18 20:09:52,074 [INFO] Sending to ptd: 'SR,A,Auto'
ptd-server 2022-02-18 20:09:52,576 [INFO] Reply from ptd: 'Range A changed'
ptd-server 2022-02-18 20:09:52,576 [INFO] Set initial values for Amps Auto and Volts Auto
ptd-server 2022-02-18 20:09:52,576 [INFO] Stopping ptd...
