client 2022-02-12 14:38:22,842 [INFO] Sending command to the server: 'mlcommons/power client v3'
client 2022-02-12 14:38:22,843 [INFO] Got response: 'mlcommons/power server v3'
client 2022-02-12 14:38:22,843 [INFO] Sending command to the server: 'stop'
client 2022-02-12 14:38:22,844 [INFO] Got response: 'OK'
client 2022-02-12 14:38:22,844 [INFO] Synchronizing with the server and with ib-01.dc4-in.nvidia.com...
client 2022-02-12 14:38:23,058 [INFO] NTP:offset = 0.000 s, delay = 0.209 s 
client 2022-02-12 14:38:23,058 [INFO] Sending command to the server: 'time'
client 2022-02-12 14:38:23,059 [INFO] Got response: '1644676703.0853567'
client 2022-02-12 14:38:23,060 [INFO] The time difference between the client and the server is within range -27.061 ms..-25.336 ms
client 2022-02-12 14:38:23,060 [INFO] Sending command to the server: 'new,,cc03d3f5-f086-4611-8359-5f17ffdbe4fa'
client 2022-02-12 14:38:23,061 [INFO] Got response: 'OK 2022-02-12_06-38-23,b6eb4f18-7a65-4ceb-87f1-6049be8c5ba4'
client 2022-02-12 14:38:23,061 [INFO] Session id is '2022-02-12_06-38-23'
client 2022-02-12 14:38:23,062 [INFO] Sources: {"sources": {"__init__.py": "da39a3ee5e6b4b0d3255bfef95601890afd80709", "client.py": "33ca4f26368777ac06e01f9567b714a4b8063886", "lib/__init__.py": "da39a3ee5e6b4b0d3255bfef95601890afd80709", "lib/client.py": "4c2b78fb4849a7e5b584ef792d82aaed20b17f57", "lib/common.py": "624d0c0acc7c39aaff3674f0b99d6a09da53d1dc", "lib/external/__init__.py": "da39a3ee5e6b4b0d3255bfef95601890afd80709", "lib/external/ntplib.py": "4da8f970656505a40483206ef2b5d3dd5e81711d", "lib/server.py": "59c9fb92908260d3e9f81a895c7aa009742275e4", "lib/source_hashes.py": "60a2e02193209e8d392803326208d5466342da18", "lib/summary.py": "aa92f0a3f975eecd44d3c0cd0236342ccc9f941d", "lib/time_sync.py": "3210db56eb0ff0df57bf4293dc4d4b03fffd46f1", "server.py": "c3f90f2f7eeb4db30727556d0c815ebc89b3d28b", "tests/unit/__init__.py": "da39a3ee5e6b4b0d3255bfef95601890afd80709", "tests/unit/test_server.py": "99ae15aef722f2000ee6ed1ae1523637bf1ae42b", "tests/unit/test_source_hashes.py": "00468a2907583c593e6574a1f6b404e4651c221a"}, "modules": {"ptd_client_server.lib.client": "lib/client.py", "ptd_client_server.lib.common": "lib/common.py", "ptd_client_server.lib.external.ntplib": "lib/external/ntplib.py", "ptd_client_server.lib.source_hashes": "lib/source_hashes.py", "ptd_client_server.lib.summary": "lib/summary.py", "ptd_client_server.lib.time_sync": "lib/time_sync.py"}}
client 2022-02-12 14:38:23,064 [INFO] Running workload in ranging mode
client 2022-02-12 14:38:23,064 [INFO] Synchronizing with the server and with ib-01.dc4-in.nvidia.com...
client 2022-02-12 14:38:23,280 [INFO] NTP:offset = 0.002 s, delay = 0.214 s 
client 2022-02-12 14:38:23,280 [INFO] Sending command to the server: 'time'
client 2022-02-12 14:38:23,282 [INFO] Got response: '1644676703.304427'
client 2022-02-12 14:38:23,282 [INFO] The time difference between the client and the server is within range -24.011 ms..-21.994 ms
client 2022-02-12 14:38:23,282 [INFO] Sending command to the server: 'session,2022-02-12_06-38-23,start,ranging'
client 2022-02-12 14:39:02,643 [INFO] Got response: 'OK'
client 2022-02-12 14:39:02,643 [INFO] Running the workload 'LOG_DIR=/work/build/power_logs_temp python3 code/main.py --benchmarks=ssd-resnet34 --scenarios=Server --test_mode=PerformanceOnly --config_ver=maxq --action="run_harness" \\\n\t\t2>&1 | tee -a /work/build/power_logs/2022.02.12-14.37.54/stdout.txt \\\n\t\t&& if [ ! -d /work/build/power_logs/2022.02.12-14.37.54/ranging_tmp ]; \\\n\t\t\tthen mkdir /work/build/power_logs/2022.02.12-14.37.54/ranging_tmp \\\n\t\t\t\t&& mv /work/build/power_logs_temp/* /work/build/power_logs/2022.02.12-14.37.54/ranging_tmp/ \\\n\t\t\t\t&& cp -v /work/build/power_logs/2022.02.12-14.37.54/ranging_tmp/*/*/*/mlperf_log_detail.txt /work/build/power_logs_temp/ \\\n\t\t\t\t&& cp -v /work/build/power_logs/2022.02.12-14.37.54/ranging_tmp/*/*/*/mlperf_log_summary.txt /work/build/power_logs_temp/; \\\n\t\t\telse mkdir /work/build/power_logs/2022.02.12-14.37.54/testing_tmp \\\n\t\t\t\t&& mv /work/build/power_logs_temp/* /work/build/power_logs/2022.02.12-14.37.54/testing_tmp/ \\\n\t\t\t\t&& cp -v /work/build/power_logs/2022.02.12-14.37.54/testing_tmp/*/*/*/mlperf_log_detail.txt /work/build/power_logs_temp/ \\\n\t\t\t\t&& cp -v /work/build/power_logs/2022.02.12-14.37.54/testing_tmp/*/*/*/mlperf_log_summary.txt /work/build/power_logs_temp/; fi'
client 2022-02-12 14:49:54,541 [INFO] Sending command to the server: 'session,2022-02-12_06-38-23,stop,ranging'
client 2022-02-12 14:50:04,573 [INFO] Got response: 'OK'
client 2022-02-12 14:50:04,583 [INFO] Copying loadgen logs from '/work/build/power_logs_temp' to '/work/build/power_logs/2022.02.12-14.37.54/2022-02-12_06-38-23/ranging'
client 2022-02-12 14:50:04,593 [INFO] Running workload in testing mode
client 2022-02-12 14:50:04,593 [INFO] Synchronizing with the server and with ib-01.dc4-in.nvidia.com...
client 2022-02-12 14:50:04,804 [INFO] NTP:offset = 0.000 s, delay = 0.209 s 
client 2022-02-12 14:50:04,804 [INFO] Sending command to the server: 'time'
client 2022-02-12 14:50:04,805 [INFO] Got response: '1644677404.8371534'
client 2022-02-12 14:50:04,806 [INFO] The time difference between the client and the server is within range -32.681 ms..-31.062 ms
client 2022-02-12 14:50:04,806 [INFO] Sending command to the server: 'session,2022-02-12_06-38-23,start,testing'
client 2022-02-12 14:50:26,462 [INFO] Got response: 'OK'
client 2022-02-12 14:50:26,462 [INFO] Running the workload 'LOG_DIR=/work/build/power_logs_temp python3 code/main.py --benchmarks=ssd-resnet34 --scenarios=Server --test_mode=PerformanceOnly --config_ver=maxq --action="run_harness" \\\n\t\t2>&1 | tee -a /work/build/power_logs/2022.02.12-14.37.54/stdout.txt \\\n\t\t&& if [ ! -d /work/build/power_logs/2022.02.12-14.37.54/ranging_tmp ]; \\\n\t\t\tthen mkdir /work/build/power_logs/2022.02.12-14.37.54/ranging_tmp \\\n\t\t\t\t&& mv /work/build/power_logs_temp/* /work/build/power_logs/2022.02.12-14.37.54/ranging_tmp/ \\\n\t\t\t\t&& cp -v /work/build/power_logs/2022.02.12-14.37.54/ranging_tmp/*/*/*/mlperf_log_detail.txt /work/build/power_logs_temp/ \\\n\t\t\t\t&& cp -v /work/build/power_logs/2022.02.12-14.37.54/ranging_tmp/*/*/*/mlperf_log_summary.txt /work/build/power_logs_temp/; \\\n\t\t\telse mkdir /work/build/power_logs/2022.02.12-14.37.54/testing_tmp \\\n\t\t\t\t&& mv /work/build/power_logs_temp/* /work/build/power_logs/2022.02.12-14.37.54/testing_tmp/ \\\n\t\t\t\t&& cp -v /work/build/power_logs/2022.02.12-14.37.54/testing_tmp/*/*/*/mlperf_log_detail.txt /work/build/power_logs_temp/ \\\n\t\t\t\t&& cp -v /work/build/power_logs/2022.02.12-14.37.54/testing_tmp/*/*/*/mlperf_log_summary.txt /work/build/power_logs_temp/; fi'
client 2022-02-12 15:01:17,967 [INFO] Sending command to the server: 'session,2022-02-12_06-38-23,stop,testing'
client 2022-02-12 15:01:28,009 [INFO] Got response: 'OK'
client 2022-02-12 15:01:28,014 [INFO] Copying loadgen logs from '/work/build/power_logs_temp' to '/work/build/power_logs/2022.02.12-14.37.54/2022-02-12_06-38-23/run_1'
client 2022-02-12 15:01:28,023 [INFO] Done runs
