ptd-server 2022-02-12 06:38:22,866 [INFO] Got command from the client 'stop'
ptd-server 2022-02-12 06:38:22,866 [INFO] The server will be stopped after processing this client
ptd-server 2022-02-12 06:38:22,866 [INFO] Sending reply to client 'OK'
ptd-server 2022-02-12 06:38:23,085 [INFO] Got command from the client 'time'
ptd-server 2022-02-12 06:38:23,085 [INFO] Sending reply to client '1644676703.0853567'
ptd-server 2022-02-12 06:38:23,085 [INFO] Got command from the client 'new,,cc03d3f5-f086-4611-8359-5f17ffdbe4fa'
ptd-server 2022-02-12 06:38:23,085 [INFO] Sending reply to client 'OK 2022-02-12_06-38-23,b6eb4f18-7a65-4ceb-87f1-6049be8c5ba4'
ptd-server 2022-02-12 06:38:23,304 [INFO] Got command from the client 'time'
ptd-server 2022-02-12 06:38:23,304 [INFO] Sending reply to client '1644676703.304427'
ptd-server 2022-02-12 06:38:23,304 [INFO] Got command from the client 'session,2022-02-12_06-38-23,start,ranging'
ptd-server 2022-02-12 06:38:23,413 [INFO] Running PTDaemon: ['C:\\PTD\\ptd-windows-x86.exe', '-l', 'C:\\Users\\lab\\AppData\\Local\\Temp\\tmpfonjbfv0\\ptd_logfile.txt', '-p', '8888', '-c', '1,3', '-y', '77', '10.117.41.199']
ptd-server 2022-02-12 06:38:42,505 [INFO] Sending to ptd: 'Hello'
ptd-server 2022-02-12 06:38:42,505 [INFO] Reply from ptd: 'Hello, PTDaemon here!'
ptd-server 2022-02-12 06:38:42,505 [INFO] Sending to ptd: 'Identify'
ptd-server 2022-02-12 06:38:42,505 [INFO] Reply from ptd: 'YokogawaWT330_multichannel,1000,1,1,1,1,0,0,1,version=1.9.2-3976349f-20201208,OS=Windows 8 / Server 2012,mode=power,1,1,2,0,0,no_cal_date,YOKOGAWA;WT333E;C2WL21011V;F1.04'
ptd-server 2022-02-12 06:38:42,505 [INFO] Connected to PTDaemon
ptd-server 2022-02-12 06:38:42,505 [INFO] Sending to ptd: 'RR'
ptd-server 2022-02-12 06:38:42,505 [INFO] Reply from ptd: 'Ranges,0,5.000000,0,300.000000'
ptd-server 2022-02-12 06:38:42,505 [INFO] Initial range for Amps is 5.000000 for Volts is 300.000000
ptd-server 2022-02-12 06:38:42,505 [INFO] Sending to ptd: 'SR,V,Auto'
ptd-server 2022-02-12 06:38:47,575 [INFO] Reply from ptd: 'Range V changed'
ptd-server 2022-02-12 06:38:47,575 [INFO] Sending to ptd: 'SR,A,Auto'
ptd-server 2022-02-12 06:38:52,652 [INFO] Reply from ptd: 'Range A changed'
ptd-server 2022-02-12 06:39:02,667 [INFO] Starting ranging mode
ptd-server 2022-02-12 06:39:02,667 [INFO] Sending to ptd: 'Go,1000,0,2022-02-12_06-38-23_ranging'
ptd-server 2022-02-12 06:39:02,667 [INFO] Reply from ptd: 'Starting untimed measurement, maximum 500000 samples at 1000ms with 0 rampup samples'
ptd-server 2022-02-12 06:39:02,667 [INFO] Sending reply to client 'OK'
ptd-server 2022-02-12 06:49:54,561 [INFO] Got command from the client 'session,2022-02-12_06-38-23,stop,ranging'
ptd-server 2022-02-12 06:50:04,561 [INFO] Sending to ptd: 'Stop'
ptd-server 2022-02-12 06:50:04,561 [INFO] Reply from ptd: 'Stopping untimed measurement'
ptd-server 2022-02-12 06:50:04,593 [INFO] Sending reply to client 'OK'
ptd-server 2022-02-12 06:50:04,837 [INFO] Got command from the client 'time'
ptd-server 2022-02-12 06:50:04,837 [INFO] Sending reply to client '1644677404.8371534'
ptd-server 2022-02-12 06:50:04,837 [INFO] Got command from the client 'session,2022-02-12_06-38-23,start,testing'
ptd-server 2022-02-12 06:50:04,837 [INFO] Sending to ptd: 'SR,V,206.020000'
ptd-server 2022-02-12 06:50:10,903 [INFO] Reply from ptd: 'Range V changed'
ptd-server 2022-02-12 06:50:10,903 [INFO] Sending to ptd: 'SR,A,3.767900'
ptd-server 2022-02-12 06:50:16,487 [INFO] Reply from ptd: 'Range A changed'
ptd-server 2022-02-12 06:50:26,487 [INFO] Starting testing mode
ptd-server 2022-02-12 06:50:26,487 [INFO] Sending to ptd: 'Go,1000,0,2022-02-12_06-38-23_testing'
ptd-server 2022-02-12 06:50:26,487 [INFO] Reply from ptd: 'Starting untimed measurement, maximum 500000 samples at 1000ms with 0 rampup samples'
ptd-server 2022-02-12 06:50:26,487 [INFO] Sending reply to client 'OK'
ptd-server 2022-02-12 07:01:18,001 [INFO] Got command from the client 'session,2022-02-12_06-38-23,stop,testing'
ptd-server 2022-02-12 07:01:28,016 [INFO] Sending to ptd: 'Stop'
ptd-server 2022-02-12 07:01:28,016 [INFO] Reply from ptd: 'Stopping untimed measurement'
ptd-server 2022-02-12 07:01:28,032 [INFO] Sending reply to client 'OK'
ptd-server 2022-02-12 07:01:28,073 [INFO] Got command from the client 'session,2022-02-12_06-38-23,done'
ptd-server 2022-02-12 07:01:28,073 [INFO] Sending to ptd: 'Stop'
ptd-server 2022-02-12 07:01:28,494 [INFO] Reply from ptd: 'Error: no measurement to stop'
ptd-server 2022-02-12 07:01:28,494 [INFO] Sending to ptd: 'SR,V,300.000000'
ptd-server 2022-02-12 07:01:34,586 [INFO] Reply from ptd: 'Range V changed'
ptd-server 2022-02-12 07:01:34,586 [INFO] Sending to ptd: 'SR,A,5.000000'
ptd-server 2022-02-12 07:01:40,171 [INFO] Reply from ptd: 'Range A changed'
ptd-server 2022-02-12 07:01:40,171 [INFO] Set initial values for Amps 5.000000 and Volts 300.000000
ptd-server 2022-02-12 07:01:40,171 [INFO] Stopping ptd...
