ptd-server 2022-02-19 21:50:58,638 [INFO] Got command from the client 'time'
ptd-server 2022-02-19 21:50:58,638 [INFO] Sending reply to client '1645307458.6385858'
ptd-server 2022-02-19 21:50:58,639 [INFO] Got command from the client 'new,,d9e91798-e8b4-45c7-9e38-6f2454f82f23'
ptd-server 2022-02-19 21:50:58,640 [INFO] Sending reply to client 'OK 2022-02-19_21-50-58,fc9bb8f5-d7d0-4cc6-93ba-fa3df0645f1c'
ptd-server 2022-02-19 21:50:58,678 [INFO] Got command from the client 'time'
ptd-server 2022-02-19 21:50:58,678 [INFO] Sending reply to client '1645307458.678476'
ptd-server 2022-02-19 21:50:58,679 [INFO] Got command from the client 'session,2022-02-19_21-50-58,start,ranging'
ptd-server 2022-02-19 21:50:58,680 [INFO] Running PTDaemon: ['/home/anton/projects/mlperf/power/inference_v1.0/ptd-linux-x86', '-l', '/tmp/tmpgldyt7rr/ptd_logfile.txt', '-p', '8888', '49', '/dev/usbtmc0']
ptd-server 2022-02-19 21:51:15,854 [INFO] Sending to ptd: 'Hello'
ptd-server 2022-02-19 21:51:15,855 [INFO] Reply from ptd: 'Hello, PTDaemon here!'
ptd-server 2022-02-19 21:51:15,855 [INFO] Sending to ptd: 'Identify'
ptd-server 2022-02-19 21:51:15,855 [INFO] Reply from ptd: 'YokogawaWT310E,1000,1,1,1,1,0,1,1,version=1.9.2-e8c7a49a-20201208,OS=Linux 5.13.0-28-generic #31~20.04.1-Ubuntu SMP Wed Jan 19 14:08:10 UTC 2022 x86_64,mode=power,1,1,1,0,0,no_cal_date,YOKOGAWA;WT310E;C3XA04010E;F1.04'
ptd-server 2022-02-19 21:51:15,856 [INFO] Connected to PTDaemon
ptd-server 2022-02-19 21:51:15,856 [INFO] Sending to ptd: 'RR'
ptd-server 2022-02-19 21:51:15,856 [INFO] Reply from ptd: 'Ranges,0,0.500000,0,300.000000'
ptd-server 2022-02-19 21:51:15,856 [INFO] Initial range for Amps is 0.500000 for Volts is 300.000000
ptd-server 2022-02-19 21:51:15,857 [INFO] Sending to ptd: 'SR,V,Auto'
ptd-server 2022-02-19 21:51:16,359 [INFO] Reply from ptd: 'Range V changed'
ptd-server 2022-02-19 21:51:16,359 [INFO] Sending to ptd: 'SR,A,Auto'
ptd-server 2022-02-19 21:51:16,862 [INFO] Reply from ptd: 'Range A changed'
ptd-server 2022-02-19 21:51:26,872 [INFO] Starting ranging mode
ptd-server 2022-02-19 21:51:26,872 [INFO] Sending to ptd: 'Go,1000,0,2022-02-19_21-50-58_ranging'
ptd-server 2022-02-19 21:51:26,873 [INFO] Reply from ptd: 'Starting untimed measurement, maximum 500000 samples at 1000ms with 0 rampup samples'
ptd-server 2022-02-19 21:51:26,873 [INFO] Sending reply to client 'OK'
ptd-server 2022-02-19 22:01:48,393 [INFO] Got command from the client 'session,2022-02-19_21-50-58,stop,ranging'
ptd-server 2022-02-19 22:01:58,403 [INFO] Sending to ptd: 'Stop'
ptd-server 2022-02-19 22:01:58,404 [INFO] Reply from ptd: 'Stopping untimed measurement'
ptd-server 2022-02-19 22:01:58,811 [INFO] Sending reply to client 'OK'
ptd-server 2022-02-19 22:01:58,874 [INFO] Got command from the client 'time'
ptd-server 2022-02-19 22:01:58,874 [INFO] Sending reply to client '1645308118.8747034'
ptd-server 2022-02-19 22:01:58,876 [INFO] Got command from the client 'session,2022-02-19_21-50-58,start,testing'
ptd-server 2022-02-19 22:01:58,876 [INFO] Sending to ptd: 'SR,V,249.300000'
ptd-server 2022-02-19 22:02:00,377 [INFO] Reply from ptd: 'Range V changed'
ptd-server 2022-02-19 22:02:00,378 [INFO] Sending to ptd: 'SR,A,0.070140'
ptd-server 2022-02-19 22:02:01,879 [INFO] Reply from ptd: 'Range A changed'
ptd-server 2022-02-19 22:02:11,888 [INFO] Starting testing mode
ptd-server 2022-02-19 22:02:11,888 [INFO] Sending to ptd: 'Go,1000,0,2022-02-19_21-50-58_testing'
ptd-server 2022-02-19 22:02:11,888 [INFO] Reply from ptd: 'Starting untimed measurement, maximum 500000 samples at 1000ms with 0 rampup samples'
ptd-server 2022-02-19 22:02:11,888 [INFO] Sending reply to client 'OK'
ptd-server 2022-02-19 22:12:34,134 [INFO] Got command from the client 'session,2022-02-19_21-50-58,stop,testing'
ptd-server 2022-02-19 22:12:44,144 [INFO] Sending to ptd: 'Stop'
ptd-server 2022-02-19 22:12:44,145 [INFO] Reply from ptd: 'Stopping untimed measurement'
ptd-server 2022-02-19 22:12:44,366 [INFO] Sending reply to client 'OK'
ptd-server 2022-02-19 22:12:44,384 [INFO] Got command from the client 'session,2022-02-19_21-50-58,done'
ptd-server 2022-02-19 22:12:44,385 [INFO] Sending to ptd: 'Stop'
ptd-server 2022-02-19 22:12:44,888 [INFO] Reply from ptd: 'Error: no measurement to stop'
ptd-server 2022-02-19 22:12:44,888 [INFO] Sending to ptd: 'SR,V,300.000000'
ptd-server 2022-02-19 22:12:46,390 [INFO] Reply from ptd: 'Range V changed'
ptd-server 2022-02-19 22:12:46,390 [INFO] Sending to ptd: 'SR,A,0.500000'
ptd-server 2022-02-19 22:12:47,891 [INFO] Reply from ptd: 'Range A changed'
ptd-server 2022-02-19 22:12:47,891 [INFO] Set initial values for Amps 0.500000 and Volts 300.000000
ptd-server 2022-02-19 22:12:47,892 [INFO] Stopping ptd...
