ptd-server 2022-02-21 07:01:16,871 [INFO] Got command from the client 'time'
ptd-server 2022-02-21 07:01:16,871 [INFO] Sending reply to client '1645426876.871347'
ptd-server 2022-02-21 07:01:16,873 [INFO] Got command from the client 'new,,c3a0f443-a144-456e-8050-80362960321b'
ptd-server 2022-02-21 07:01:16,873 [INFO] Sending reply to client 'OK 2022-02-21_07-01-16,11ce6616-e85d-40fd-b4d1-50615c7cf185'
ptd-server 2022-02-21 07:01:16,909 [INFO] Got command from the client 'time'
ptd-server 2022-02-21 07:01:16,909 [INFO] Sending reply to client '1645426876.909328'
ptd-server 2022-02-21 07:01:16,911 [INFO] Got command from the client 'session,2022-02-21_07-01-16,start,ranging'
ptd-server 2022-02-21 07:01:16,911 [INFO] Running PTDaemon: ['/home/anton/projects/mlperf/power/inference_v1.0/ptd-linux-x86', '-l', '/tmp/tmpgldyt7rr/ptd_logfile.txt', '-p', '8888', '49', '/dev/usbtmc0']
ptd-server 2022-02-21 07:01:34,084 [INFO] Sending to ptd: 'Hello'
ptd-server 2022-02-21 07:01:34,084 [INFO] Reply from ptd: 'Hello, PTDaemon here!'
ptd-server 2022-02-21 07:01:34,085 [INFO] Sending to ptd: 'Identify'
ptd-server 2022-02-21 07:01:34,085 [INFO] Reply from ptd: 'YokogawaWT310E,1000,1,1,1,1,0,1,1,version=1.9.2-e8c7a49a-20201208,OS=Linux 5.13.0-28-generic #31~20.04.1-Ubuntu SMP Wed Jan 19 14:08:10 UTC 2022 x86_64,mode=power,1,1,1,0,0,no_cal_date,YOKOGAWA;WT310E;C3XA04010E;F1.04'
ptd-server 2022-02-21 07:01:34,085 [INFO] Connected to PTDaemon
ptd-server 2022-02-21 07:01:34,085 [INFO] Sending to ptd: 'RR'
ptd-server 2022-02-21 07:01:34,086 [INFO] Reply from ptd: 'Ranges,0,0.500000,0,300.000000'
ptd-server 2022-02-21 07:01:34,086 [INFO] Initial range for Amps is 0.500000 for Volts is 300.000000
ptd-server 2022-02-21 07:01:34,086 [INFO] Sending to ptd: 'SR,V,Auto'
ptd-server 2022-02-21 07:01:34,588 [INFO] Reply from ptd: 'Range V changed'
ptd-server 2022-02-21 07:01:34,589 [INFO] Sending to ptd: 'SR,A,Auto'
ptd-server 2022-02-21 07:01:35,091 [INFO] Reply from ptd: 'Range A changed'
ptd-server 2022-02-21 07:01:45,101 [INFO] Starting ranging mode
ptd-server 2022-02-21 07:01:45,101 [INFO] Sending to ptd: 'Go,1000,0,2022-02-21_07-01-16_ranging'
ptd-server 2022-02-21 07:01:45,102 [INFO] Reply from ptd: 'Starting untimed measurement, maximum 500000 samples at 1000ms with 0 rampup samples'
ptd-server 2022-02-21 07:01:45,102 [INFO] Sending reply to client 'OK'
ptd-server 2022-02-21 07:12:12,966 [INFO] Got command from the client 'session,2022-02-21_07-01-16,stop,ranging'
ptd-server 2022-02-21 07:12:22,976 [INFO] Sending to ptd: 'Stop'
ptd-server 2022-02-21 07:12:22,977 [INFO] Reply from ptd: 'Stopping untimed measurement'
ptd-server 2022-02-21 07:12:23,565 [INFO] Sending reply to client 'OK'
ptd-server 2022-02-21 07:12:23,651 [INFO] Got command from the client 'time'
ptd-server 2022-02-21 07:12:23,651 [INFO] Sending reply to client '1645427543.6511536'
ptd-server 2022-02-21 07:12:23,654 [INFO] Got command from the client 'session,2022-02-21_07-01-16,start,testing'
ptd-server 2022-02-21 07:12:23,654 [INFO] Sending to ptd: 'SR,V,248.260000'
ptd-server 2022-02-21 07:12:25,155 [INFO] Reply from ptd: 'Range V changed'
ptd-server 2022-02-21 07:12:25,155 [INFO] Sending to ptd: 'SR,A,0.042900'
ptd-server 2022-02-21 07:12:26,656 [INFO] Reply from ptd: 'Range A changed'
ptd-server 2022-02-21 07:12:36,667 [INFO] Starting testing mode
ptd-server 2022-02-21 07:12:36,667 [INFO] Sending to ptd: 'Go,1000,0,2022-02-21_07-01-16_testing'
ptd-server 2022-02-21 07:12:36,667 [INFO] Reply from ptd: 'Starting untimed measurement, maximum 500000 samples at 1000ms with 0 rampup samples'
ptd-server 2022-02-21 07:12:36,668 [INFO] Sending reply to client 'OK'
ptd-server 2022-02-21 07:23:05,604 [INFO] Got command from the client 'session,2022-02-21_07-01-16,stop,testing'
ptd-server 2022-02-21 07:23:15,614 [INFO] Sending to ptd: 'Stop'
ptd-server 2022-02-21 07:23:15,615 [INFO] Reply from ptd: 'Stopping untimed measurement'
ptd-server 2022-02-21 07:23:15,911 [INFO] Sending reply to client 'OK'
ptd-server 2022-02-21 07:23:15,942 [INFO] Got command from the client 'session,2022-02-21_07-01-16,done'
ptd-server 2022-02-21 07:23:15,942 [INFO] Sending to ptd: 'Stop'
ptd-server 2022-02-21 07:23:15,942 [INFO] Reply from ptd: 'Error: no measurement to stop'
ptd-server 2022-02-21 07:23:15,942 [INFO] Sending to ptd: 'SR,V,300.000000'
ptd-server 2022-02-21 07:23:17,444 [INFO] Reply from ptd: 'Range V changed'
ptd-server 2022-02-21 07:23:17,444 [INFO] Sending to ptd: 'SR,A,0.500000'
ptd-server 2022-02-21 07:23:18,945 [INFO] Reply from ptd: 'Range A changed'
ptd-server 2022-02-21 07:23:18,945 [INFO] Set initial values for Amps 0.500000 and Volts 300.000000
ptd-server 2022-02-21 07:23:18,946 [INFO] Stopping ptd...
