ptd-server 2022-02-21 15:39:10,209 [INFO] Got command from the client 'time'
ptd-server 2022-02-21 15:39:10,209 [INFO] Sending reply to client '1645457950.209726'
ptd-server 2022-02-21 15:39:10,210 [INFO] Got command from the client 'new,,47a6b87a-549d-4a72-a702-9c33aa4b5613'
ptd-server 2022-02-21 15:39:10,211 [INFO] Sending reply to client 'OK 2022-02-21_15-39-10,53f83b18-30be-4c95-a4ba-5f93330f82e2'
ptd-server 2022-02-21 15:39:10,242 [INFO] Got command from the client 'time'
ptd-server 2022-02-21 15:39:10,243 [INFO] Sending reply to client '1645457950.2431326'
ptd-server 2022-02-21 15:39:10,244 [INFO] Got command from the client 'session,2022-02-21_15-39-10,start,ranging'
ptd-server 2022-02-21 15:39:10,244 [INFO] Running PTDaemon: ['/home/anton/projects/mlperf/power/inference_v1.0/ptd-linux-x86', '-l', '/tmp/tmpgldyt7rr/ptd_logfile.txt', '-p', '8888', '49', '/dev/usbtmc0']
ptd-server 2022-02-21 15:39:27,416 [INFO] Sending to ptd: 'Hello'
ptd-server 2022-02-21 15:39:27,417 [INFO] Reply from ptd: 'Hello, PTDaemon here!'
ptd-server 2022-02-21 15:39:27,417 [INFO] Sending to ptd: 'Identify'
ptd-server 2022-02-21 15:39:27,417 [INFO] Reply from ptd: 'YokogawaWT310E,1000,1,1,1,1,0,1,1,version=1.9.2-e8c7a49a-20201208,OS=Linux 5.13.0-28-generic #31~20.04.1-Ubuntu SMP Wed Jan 19 14:08:10 UTC 2022 x86_64,mode=power,1,1,1,0,0,no_cal_date,YOKOGAWA;WT310E;C3XA04010E;F1.04'
ptd-server 2022-02-21 15:39:27,417 [INFO] Connected to PTDaemon
ptd-server 2022-02-21 15:39:27,417 [INFO] Sending to ptd: 'RR'
ptd-server 2022-02-21 15:39:27,418 [INFO] Reply from ptd: 'Ranges,0,0.500000,0,300.000000'
ptd-server 2022-02-21 15:39:27,418 [INFO] Initial range for Amps is 0.500000 for Volts is 300.000000
ptd-server 2022-02-21 15:39:27,418 [INFO] Sending to ptd: 'SR,V,Auto'
ptd-server 2022-02-21 15:39:27,920 [INFO] Reply from ptd: 'Range V changed'
ptd-server 2022-02-21 15:39:27,921 [INFO] Sending to ptd: 'SR,A,Auto'
ptd-server 2022-02-21 15:39:28,423 [INFO] Reply from ptd: 'Range A changed'
ptd-server 2022-02-21 15:39:38,424 [INFO] Starting ranging mode
ptd-server 2022-02-21 15:39:38,424 [INFO] Sending to ptd: 'Go,1000,0,2022-02-21_15-39-10_ranging'
ptd-server 2022-02-21 15:39:38,425 [INFO] Reply from ptd: 'Starting untimed measurement, maximum 500000 samples at 1000ms with 0 rampup samples'
ptd-server 2022-02-21 15:39:38,425 [INFO] Sending reply to client 'OK'
ptd-server 2022-02-21 15:50:00,248 [INFO] Got command from the client 'session,2022-02-21_15-39-10,stop,ranging'
ptd-server 2022-02-21 15:50:10,258 [INFO] Sending to ptd: 'Stop'
ptd-server 2022-02-21 15:50:10,259 [INFO] Reply from ptd: 'Stopping untimed measurement'
ptd-server 2022-02-21 15:50:10,875 [INFO] Sending reply to client 'OK'
ptd-server 2022-02-21 15:50:10,943 [INFO] Got command from the client 'time'
ptd-server 2022-02-21 15:50:10,944 [INFO] Sending reply to client '1645458610.943973'
ptd-server 2022-02-21 15:50:10,945 [INFO] Got command from the client 'session,2022-02-21_15-39-10,start,testing'
ptd-server 2022-02-21 15:50:10,945 [INFO] Sending to ptd: 'SR,V,249.460000'
ptd-server 2022-02-21 15:50:12,447 [INFO] Reply from ptd: 'Range V changed'
ptd-server 2022-02-21 15:50:12,447 [INFO] Sending to ptd: 'SR,A,0.069040'
ptd-server 2022-02-21 15:50:13,948 [INFO] Reply from ptd: 'Range A changed'
ptd-server 2022-02-21 15:50:23,959 [INFO] Starting testing mode
ptd-server 2022-02-21 15:50:23,959 [INFO] Sending to ptd: 'Go,1000,0,2022-02-21_15-39-10_testing'
ptd-server 2022-02-21 15:50:23,959 [INFO] Reply from ptd: 'Starting untimed measurement, maximum 500000 samples at 1000ms with 0 rampup samples'
ptd-server 2022-02-21 15:50:23,959 [INFO] Sending reply to client 'OK'
ptd-server 2022-02-21 16:00:46,636 [INFO] Got command from the client 'session,2022-02-21_15-39-10,stop,testing'
ptd-server 2022-02-21 16:00:56,647 [INFO] Sending to ptd: 'Stop'
ptd-server 2022-02-21 16:00:56,647 [INFO] Reply from ptd: 'Stopping untimed measurement'
ptd-server 2022-02-21 16:00:56,967 [INFO] Sending reply to client 'OK'
ptd-server 2022-02-21 16:00:56,986 [INFO] Got command from the client 'session,2022-02-21_15-39-10,done'
ptd-server 2022-02-21 16:00:56,986 [INFO] Sending to ptd: 'Stop'
ptd-server 2022-02-21 16:00:56,986 [INFO] Reply from ptd: 'Error: no measurement to stop'
ptd-server 2022-02-21 16:00:56,987 [INFO] Sending to ptd: 'SR,V,300.000000'
ptd-server 2022-02-21 16:00:58,488 [INFO] Reply from ptd: 'Range V changed'
ptd-server 2022-02-21 16:00:58,488 [INFO] Sending to ptd: 'SR,A,0.500000'
ptd-server 2022-02-21 16:00:59,989 [INFO] Reply from ptd: 'Range A changed'
ptd-server 2022-02-21 16:00:59,990 [INFO] Set initial values for Amps 0.500000 and Volts 300.000000
ptd-server 2022-02-21 16:00:59,990 [INFO] Stopping ptd...
