ptd-server 2022-02-21 06:39:15,683 [INFO] Got command from the client 'time'
ptd-server 2022-02-21 06:39:15,683 [INFO] Sending reply to client '1645425555.683928'
ptd-server 2022-02-21 06:39:15,685 [INFO] Got command from the client 'new,,54721c9d-4bc0-48a0-b111-3590afcd9e79'
ptd-server 2022-02-21 06:39:15,686 [INFO] Sending reply to client 'OK 2022-02-21_06-39-15,f3ddee6c-dac2-4498-aa28-9c526ff2948a'
ptd-server 2022-02-21 06:39:15,723 [INFO] Got command from the client 'time'
ptd-server 2022-02-21 06:39:15,723 [INFO] Sending reply to client '1645425555.7237926'
ptd-server 2022-02-21 06:39:15,725 [INFO] Got command from the client 'session,2022-02-21_06-39-15,start,ranging'
ptd-server 2022-02-21 06:39:15,726 [INFO] Running PTDaemon: ['/home/anton/projects/mlperf/power/inference_v1.0/ptd-linux-x86', '-l', '/tmp/tmpgldyt7rr/ptd_logfile.txt', '-p', '8888', '49', '/dev/usbtmc0']
ptd-server 2022-02-21 06:39:32,899 [INFO] Sending to ptd: 'Hello'
ptd-server 2022-02-21 06:39:32,899 [INFO] Reply from ptd: 'Hello, PTDaemon here!'
ptd-server 2022-02-21 06:39:32,899 [INFO] Sending to ptd: 'Identify'
ptd-server 2022-02-21 06:39:32,900 [INFO] Reply from ptd: 'YokogawaWT310E,1000,1,1,1,1,0,1,1,version=1.9.2-e8c7a49a-20201208,OS=Linux 5.13.0-28-generic #31~20.04.1-Ubuntu SMP Wed Jan 19 14:08:10 UTC 2022 x86_64,mode=power,1,1,1,0,0,no_cal_date,YOKOGAWA;WT310E;C3XA04010E;F1.04'
ptd-server 2022-02-21 06:39:32,900 [INFO] Connected to PTDaemon
ptd-server 2022-02-21 06:39:32,900 [INFO] Sending to ptd: 'RR'
ptd-server 2022-02-21 06:39:32,900 [INFO] Reply from ptd: 'Ranges,0,0.500000,0,300.000000'
ptd-server 2022-02-21 06:39:32,901 [INFO] Initial range for Amps is 0.500000 for Volts is 300.000000
ptd-server 2022-02-21 06:39:32,901 [INFO] Sending to ptd: 'SR,V,Auto'
ptd-server 2022-02-21 06:39:33,403 [INFO] Reply from ptd: 'Range V changed'
ptd-server 2022-02-21 06:39:33,403 [INFO] Sending to ptd: 'SR,A,Auto'
ptd-server 2022-02-21 06:39:33,906 [INFO] Reply from ptd: 'Range A changed'
ptd-server 2022-02-21 06:39:43,916 [INFO] Starting ranging mode
ptd-server 2022-02-21 06:39:43,916 [INFO] Sending to ptd: 'Go,1000,0,2022-02-21_06-39-15_ranging'
ptd-server 2022-02-21 06:39:43,917 [INFO] Reply from ptd: 'Starting untimed measurement, maximum 500000 samples at 1000ms with 0 rampup samples'
ptd-server 2022-02-21 06:39:43,917 [INFO] Sending reply to client 'OK'
ptd-server 2022-02-21 06:50:05,921 [INFO] Got command from the client 'session,2022-02-21_06-39-15,stop,ranging'
ptd-server 2022-02-21 06:50:15,931 [INFO] Sending to ptd: 'Stop'
ptd-server 2022-02-21 06:50:15,932 [INFO] Reply from ptd: 'Stopping untimed measurement'
ptd-server 2022-02-21 06:50:16,497 [INFO] Sending reply to client 'OK'
ptd-server 2022-02-21 06:50:16,592 [INFO] Got command from the client 'time'
ptd-server 2022-02-21 06:50:16,592 [INFO] Sending reply to client '1645426216.5924687'
ptd-server 2022-02-21 06:50:16,595 [INFO] Got command from the client 'session,2022-02-21_06-39-15,start,testing'
ptd-server 2022-02-21 06:50:16,595 [INFO] Sending to ptd: 'SR,V,249.710000'
ptd-server 2022-02-21 06:50:18,419 [INFO] Reply from ptd: 'Range V changed'
ptd-server 2022-02-21 06:50:18,419 [INFO] Sending to ptd: 'SR,A,0.048970'
ptd-server 2022-02-21 06:50:19,920 [INFO] Reply from ptd: 'Range A changed'
ptd-server 2022-02-21 06:50:29,930 [INFO] Starting testing mode
ptd-server 2022-02-21 06:50:29,931 [INFO] Sending to ptd: 'Go,1000,0,2022-02-21_06-39-15_testing'
ptd-server 2022-02-21 06:50:29,931 [INFO] Reply from ptd: 'Starting untimed measurement, maximum 500000 samples at 1000ms with 0 rampup samples'
ptd-server 2022-02-21 06:50:29,931 [INFO] Sending reply to client 'OK'
ptd-server 2022-02-21 07:00:53,119 [INFO] Got command from the client 'session,2022-02-21_06-39-15,stop,testing'
ptd-server 2022-02-21 07:01:03,130 [INFO] Sending to ptd: 'Stop'
ptd-server 2022-02-21 07:01:03,130 [INFO] Reply from ptd: 'Stopping untimed measurement'
ptd-server 2022-02-21 07:01:03,427 [INFO] Sending reply to client 'OK'
ptd-server 2022-02-21 07:01:03,467 [INFO] Got command from the client 'session,2022-02-21_06-39-15,done'
ptd-server 2022-02-21 07:01:03,467 [INFO] Sending to ptd: 'Stop'
ptd-server 2022-02-21 07:01:03,932 [INFO] Reply from ptd: 'Error: no measurement to stop'
ptd-server 2022-02-21 07:01:03,932 [INFO] Sending to ptd: 'SR,V,300.000000'
ptd-server 2022-02-21 07:01:05,433 [INFO] Reply from ptd: 'Range V changed'
ptd-server 2022-02-21 07:01:05,434 [INFO] Sending to ptd: 'SR,A,0.500000'
ptd-server 2022-02-21 07:01:06,935 [INFO] Reply from ptd: 'Range A changed'
ptd-server 2022-02-21 07:01:06,935 [INFO] Set initial values for Amps 0.500000 and Volts 300.000000
ptd-server 2022-02-21 07:01:06,935 [INFO] Stopping ptd...
