ptd-server 2022-02-19 20:22:59,092 [INFO] Got command from the client 'time'
ptd-server 2022-02-19 20:22:59,092 [INFO] Sending reply to client '1645302179.0928056'
ptd-server 2022-02-19 20:22:59,094 [INFO] Got command from the client 'new,,36d072be-c7bc-4cfd-8024-7b7382c161ba'
ptd-server 2022-02-19 20:22:59,094 [INFO] Sending reply to client 'OK 2022-02-19_20-22-59,97e7160c-9670-4c90-82e1-c5bb30b963ab'
ptd-server 2022-02-19 20:22:59,132 [INFO] Got command from the client 'time'
ptd-server 2022-02-19 20:22:59,133 [INFO] Sending reply to client '1645302179.1331193'
ptd-server 2022-02-19 20:22:59,134 [INFO] Got command from the client 'session,2022-02-19_20-22-59,start,ranging'
ptd-server 2022-02-19 20:22:59,134 [INFO] Running PTDaemon: ['/home/anton/projects/mlperf/power/inference_v1.0/ptd-linux-x86', '-l', '/tmp/tmpgldyt7rr/ptd_logfile.txt', '-p', '8888', '49', '/dev/usbtmc0']
ptd-server 2022-02-19 20:23:16,306 [INFO] Sending to ptd: 'Hello'
ptd-server 2022-02-19 20:23:16,307 [INFO] Reply from ptd: 'Hello, PTDaemon here!'
ptd-server 2022-02-19 20:23:16,307 [INFO] Sending to ptd: 'Identify'
ptd-server 2022-02-19 20:23:16,308 [INFO] Reply from ptd: 'YokogawaWT310E,1000,1,1,1,1,0,1,1,version=1.9.2-e8c7a49a-20201208,OS=Linux 5.13.0-28-generic #31~20.04.1-Ubuntu SMP Wed Jan 19 14:08:10 UTC 2022 x86_64,mode=power,1,1,1,0,0,no_cal_date,YOKOGAWA;WT310E;C3XA04010E;F1.04'
ptd-server 2022-02-19 20:23:16,308 [INFO] Connected to PTDaemon
ptd-server 2022-02-19 20:23:16,308 [INFO] Sending to ptd: 'RR'
ptd-server 2022-02-19 20:23:16,308 [INFO] Reply from ptd: 'Ranges,0,0.500000,0,300.000000'
ptd-server 2022-02-19 20:23:16,308 [INFO] Initial range for Amps is 0.500000 for Volts is 300.000000
ptd-server 2022-02-19 20:23:16,309 [INFO] Sending to ptd: 'SR,V,Auto'
ptd-server 2022-02-19 20:23:16,811 [INFO] Reply from ptd: 'Range V changed'
ptd-server 2022-02-19 20:23:16,811 [INFO] Sending to ptd: 'SR,A,Auto'
ptd-server 2022-02-19 20:23:17,314 [INFO] Reply from ptd: 'Range A changed'
ptd-server 2022-02-19 20:23:27,319 [INFO] Starting ranging mode
ptd-server 2022-02-19 20:23:27,319 [INFO] Sending to ptd: 'Go,1000,0,2022-02-19_20-22-59_ranging'
ptd-server 2022-02-19 20:23:27,320 [INFO] Reply from ptd: 'Starting untimed measurement, maximum 500000 samples at 1000ms with 0 rampup samples'
ptd-server 2022-02-19 20:23:27,320 [INFO] Sending reply to client 'OK'
ptd-server 2022-02-19 20:33:48,930 [INFO] Got command from the client 'session,2022-02-19_20-22-59,stop,ranging'
ptd-server 2022-02-19 20:33:58,940 [INFO] Sending to ptd: 'Stop'
ptd-server 2022-02-19 20:33:58,941 [INFO] Reply from ptd: 'Stopping untimed measurement'
ptd-server 2022-02-19 20:33:59,343 [INFO] Sending reply to client 'OK'
ptd-server 2022-02-19 20:33:59,425 [INFO] Got command from the client 'time'
ptd-server 2022-02-19 20:33:59,425 [INFO] Sending reply to client '1645302839.4253445'
ptd-server 2022-02-19 20:33:59,427 [INFO] Got command from the client 'session,2022-02-19_20-22-59,start,testing'
ptd-server 2022-02-19 20:33:59,427 [INFO] Sending to ptd: 'SR,V,251.120000'
ptd-server 2022-02-19 20:34:00,929 [INFO] Reply from ptd: 'Range V changed'
ptd-server 2022-02-19 20:34:00,929 [INFO] Sending to ptd: 'SR,A,0.069430'
ptd-server 2022-02-19 20:34:02,430 [INFO] Reply from ptd: 'Range A changed'
ptd-server 2022-02-19 20:34:12,441 [INFO] Starting testing mode
ptd-server 2022-02-19 20:34:12,441 [INFO] Sending to ptd: 'Go,1000,0,2022-02-19_20-22-59_testing'
ptd-server 2022-02-19 20:34:12,441 [INFO] Reply from ptd: 'Starting untimed measurement, maximum 500000 samples at 1000ms with 0 rampup samples'
ptd-server 2022-02-19 20:34:12,441 [INFO] Sending reply to client 'OK'
ptd-server 2022-02-19 20:44:35,012 [INFO] Got command from the client 'session,2022-02-19_20-22-59,stop,testing'
ptd-server 2022-02-19 20:44:45,022 [INFO] Sending to ptd: 'Stop'
ptd-server 2022-02-19 20:44:45,023 [INFO] Reply from ptd: 'Stopping untimed measurement'
ptd-server 2022-02-19 20:44:45,231 [INFO] Sending reply to client 'OK'
ptd-server 2022-02-19 20:44:45,257 [INFO] Got command from the client 'session,2022-02-19_20-22-59,done'
ptd-server 2022-02-19 20:44:45,257 [INFO] Sending to ptd: 'Stop'
ptd-server 2022-02-19 20:44:45,442 [INFO] Reply from ptd: 'Error: no measurement to stop'
ptd-server 2022-02-19 20:44:45,442 [INFO] Sending to ptd: 'SR,V,300.000000'
ptd-server 2022-02-19 20:44:46,943 [INFO] Reply from ptd: 'Range V changed'
ptd-server 2022-02-19 20:44:46,944 [INFO] Sending to ptd: 'SR,A,0.500000'
ptd-server 2022-02-19 20:44:48,445 [INFO] Reply from ptd: 'Range A changed'
ptd-server 2022-02-19 20:44:48,445 [INFO] Set initial values for Amps 0.500000 and Volts 300.000000
ptd-server 2022-02-19 20:44:48,445 [INFO] Stopping ptd...
