ptd-server 2022-02-19 11:33:09,917 [INFO] Got command from the client 'time'
ptd-server 2022-02-19 11:33:09,917 [INFO] Sending reply to client '1645270389.9176593'
ptd-server 2022-02-19 11:33:09,919 [INFO] Got command from the client 'new,,0acb9658-7714-468b-8264-fe9848661006'
ptd-server 2022-02-19 11:33:09,919 [INFO] Sending reply to client 'OK 2022-02-19_11-33-09,1f00a1af-a9f1-4640-9a37-fcb1593ed0ea'
ptd-server 2022-02-19 11:33:09,957 [INFO] Got command from the client 'time'
ptd-server 2022-02-19 11:33:09,957 [INFO] Sending reply to client '1645270389.9577367'
ptd-server 2022-02-19 11:33:09,959 [INFO] Got command from the client 'session,2022-02-19_11-33-09,start,ranging'
ptd-server 2022-02-19 11:33:09,960 [INFO] Running PTDaemon: ['/home/anton/projects/mlperf/power/inference_v1.0/ptd-linux-x86', '-l', '/tmp/tmpgldyt7rr/ptd_logfile.txt', '-p', '8888', '49', '/dev/usbtmc0']
ptd-server 2022-02-19 11:33:27,132 [INFO] Sending to ptd: 'Hello'
ptd-server 2022-02-19 11:33:27,133 [INFO] Reply from ptd: 'Hello, PTDaemon here!'
ptd-server 2022-02-19 11:33:27,133 [INFO] Sending to ptd: 'Identify'
ptd-server 2022-02-19 11:33:27,134 [INFO] Reply from ptd: 'YokogawaWT310E,1000,1,1,1,1,0,1,1,version=1.9.2-e8c7a49a-20201208,OS=Linux 5.13.0-28-generic #31~20.04.1-Ubuntu SMP Wed Jan 19 14:08:10 UTC 2022 x86_64,mode=power,1,1,1,0,0,no_cal_date,YOKOGAWA;WT310E;C3XA04010E;F1.04'
ptd-server 2022-02-19 11:33:27,134 [INFO] Connected to PTDaemon
ptd-server 2022-02-19 11:33:27,134 [INFO] Sending to ptd: 'RR'
ptd-server 2022-02-19 11:33:27,134 [INFO] Reply from ptd: 'Ranges,0,0.500000,0,300.000000'
ptd-server 2022-02-19 11:33:27,135 [INFO] Initial range for Amps is 0.500000 for Volts is 300.000000
ptd-server 2022-02-19 11:33:27,135 [INFO] Sending to ptd: 'SR,V,Auto'
ptd-server 2022-02-19 11:33:27,638 [INFO] Reply from ptd: 'Range V changed'
ptd-server 2022-02-19 11:33:27,638 [INFO] Sending to ptd: 'SR,A,Auto'
ptd-server 2022-02-19 11:33:28,140 [INFO] Reply from ptd: 'Range A changed'
ptd-server 2022-02-19 11:33:38,151 [INFO] Starting ranging mode
ptd-server 2022-02-19 11:33:38,151 [INFO] Sending to ptd: 'Go,1000,0,2022-02-19_11-33-09_ranging'
ptd-server 2022-02-19 11:33:38,151 [INFO] Reply from ptd: 'Starting untimed measurement, maximum 500000 samples at 1000ms with 0 rampup samples'
ptd-server 2022-02-19 11:33:38,152 [INFO] Sending reply to client 'OK'
ptd-server 2022-02-19 11:44:02,435 [INFO] Got command from the client 'session,2022-02-19_11-33-09,stop,ranging'
ptd-server 2022-02-19 11:44:12,446 [INFO] Sending to ptd: 'Stop'
ptd-server 2022-02-19 11:44:12,446 [INFO] Reply from ptd: 'Stopping untimed measurement'
ptd-server 2022-02-19 11:44:12,807 [INFO] Sending reply to client 'OK'
ptd-server 2022-02-19 11:44:12,906 [INFO] Got command from the client 'time'
ptd-server 2022-02-19 11:44:12,906 [INFO] Sending reply to client '1645271052.9069161'
ptd-server 2022-02-19 11:44:12,910 [INFO] Got command from the client 'session,2022-02-19_11-33-09,start,testing'
ptd-server 2022-02-19 11:44:12,910 [INFO] Sending to ptd: 'SR,V,247.740000'
ptd-server 2022-02-19 11:44:14,652 [INFO] Reply from ptd: 'Range V changed'
ptd-server 2022-02-19 11:44:14,652 [INFO] Sending to ptd: 'SR,A,0.044550'
ptd-server 2022-02-19 11:44:16,154 [INFO] Reply from ptd: 'Range A changed'
ptd-server 2022-02-19 11:44:26,164 [INFO] Starting testing mode
ptd-server 2022-02-19 11:44:26,164 [INFO] Sending to ptd: 'Go,1000,0,2022-02-19_11-33-09_testing'
ptd-server 2022-02-19 11:44:26,165 [INFO] Reply from ptd: 'Starting untimed measurement, maximum 500000 samples at 1000ms with 0 rampup samples'
ptd-server 2022-02-19 11:44:26,165 [INFO] Sending reply to client 'OK'
ptd-server 2022-02-19 11:54:51,375 [INFO] Got command from the client 'session,2022-02-19_11-33-09,stop,testing'
ptd-server 2022-02-19 11:55:01,385 [INFO] Sending to ptd: 'Stop'
ptd-server 2022-02-19 11:55:01,386 [INFO] Reply from ptd: 'Stopping untimed measurement'
ptd-server 2022-02-19 11:55:01,571 [INFO] Sending reply to client 'OK'
ptd-server 2022-02-19 11:55:01,608 [INFO] Got command from the client 'session,2022-02-19_11-33-09,done'
ptd-server 2022-02-19 11:55:01,608 [INFO] Sending to ptd: 'Stop'
ptd-server 2022-02-19 11:55:02,165 [INFO] Reply from ptd: 'Error: no measurement to stop'
ptd-server 2022-02-19 11:55:02,165 [INFO] Sending to ptd: 'SR,V,300.000000'
ptd-server 2022-02-19 11:55:03,667 [INFO] Reply from ptd: 'Range V changed'
ptd-server 2022-02-19 11:55:03,667 [INFO] Sending to ptd: 'SR,A,0.500000'
ptd-server 2022-02-19 11:55:05,168 [INFO] Reply from ptd: 'Range A changed'
ptd-server 2022-02-19 11:55:05,168 [INFO] Set initial values for Amps 0.500000 and Volts 300.000000
ptd-server 2022-02-19 11:55:05,168 [INFO] Stopping ptd...
