ptd-server 2022-02-15 20:53:44,744 [INFO] Got command from the client 'time'
ptd-server 2022-02-15 20:53:44,744 [INFO] Sending reply to client '1644958424.7441688'
ptd-server 2022-02-15 20:53:44,746 [INFO] Got command from the client 'new,,e6539269-e1f6-4bc9-bc69-077a7528ddcc'
ptd-server 2022-02-15 20:53:44,746 [INFO] Sending reply to client 'OK 2022-02-15_20-53-44,bf0883f4-3c00-41a9-bdb6-ad2404d9e7fb'
ptd-server 2022-02-15 20:53:44,783 [INFO] Got command from the client 'time'
ptd-server 2022-02-15 20:53:44,783 [INFO] Sending reply to client '1644958424.7833421'
ptd-server 2022-02-15 20:53:44,785 [INFO] Got command from the client 'session,2022-02-15_20-53-44,start,ranging'
ptd-server 2022-02-15 20:53:44,785 [INFO] Running PTDaemon: ['/home/anton/projects/mlperf/power/inference_v1.0/ptd-linux-x86', '-l', '/tmp/tmpxvec0g6h/ptd_logfile.txt', '-p', '8888', '49', '/dev/usbtmc0']
ptd-server 2022-02-15 20:54:01,959 [INFO] Sending to ptd: 'Hello'
ptd-server 2022-02-15 20:54:01,960 [INFO] Reply from ptd: 'Hello, PTDaemon here!'
ptd-server 2022-02-15 20:54:01,960 [INFO] Sending to ptd: 'Identify'
ptd-server 2022-02-15 20:54:01,960 [INFO] Reply from ptd: 'YokogawaWT310E,1000,1,1,1,1,0,1,1,version=1.9.2-e8c7a49a-20201208,OS=Linux 5.13.0-27-generic #29~20.04.1-Ubuntu SMP Fri Jan 14 00:32:30 UTC 2022 x86_64,mode=power,1,1,1,0,0,no_cal_date,YOKOGAWA;WT310E;C3XA04010E;F1.04'
ptd-server 2022-02-15 20:54:01,960 [INFO] Connected to PTDaemon
ptd-server 2022-02-15 20:54:01,961 [INFO] Sending to ptd: 'RR'
ptd-server 2022-02-15 20:54:01,961 [INFO] Reply from ptd: 'Ranges,0,0.500000,0,300.000000'
ptd-server 2022-02-15 20:54:01,961 [INFO] Initial range for Amps is 0.500000 for Volts is 300.000000
ptd-server 2022-02-15 20:54:01,961 [INFO] Sending to ptd: 'SR,V,Auto'
ptd-server 2022-02-15 20:54:02,464 [INFO] Reply from ptd: 'Range V changed'
ptd-server 2022-02-15 20:54:02,464 [INFO] Sending to ptd: 'SR,A,Auto'
ptd-server 2022-02-15 20:54:02,966 [INFO] Reply from ptd: 'Range A changed'
ptd-server 2022-02-15 20:54:12,969 [INFO] Starting ranging mode
ptd-server 2022-02-15 20:54:12,969 [INFO] Sending to ptd: 'Go,1000,0,2022-02-15_20-53-44_ranging'
ptd-server 2022-02-15 20:54:12,970 [INFO] Reply from ptd: 'Starting untimed measurement, maximum 500000 samples at 1000ms with 0 rampup samples'
ptd-server 2022-02-15 20:54:12,970 [INFO] Sending reply to client 'OK'
ptd-server 2022-02-15 21:04:32,545 [INFO] Got command from the client 'session,2022-02-15_20-53-44,stop,ranging'
ptd-server 2022-02-15 21:04:42,555 [INFO] Sending to ptd: 'Stop'
ptd-server 2022-02-15 21:04:42,556 [INFO] Reply from ptd: 'Stopping untimed measurement'
ptd-server 2022-02-15 21:04:43,431 [INFO] Sending reply to client 'OK'
ptd-server 2022-02-15 21:04:43,491 [INFO] Got command from the client 'time'
ptd-server 2022-02-15 21:04:43,492 [INFO] Sending reply to client '1644959083.4920318'
ptd-server 2022-02-15 21:04:43,494 [INFO] Got command from the client 'session,2022-02-15_20-53-44,start,testing'
ptd-server 2022-02-15 21:04:43,494 [INFO] Sending to ptd: 'SR,V,250.320000'
ptd-server 2022-02-15 21:04:44,996 [INFO] Reply from ptd: 'Range V changed'
ptd-server 2022-02-15 21:04:44,996 [INFO] Sending to ptd: 'SR,A,0.178980'
ptd-server 2022-02-15 21:04:46,497 [INFO] Reply from ptd: 'Range A changed'
ptd-server 2022-02-15 21:04:56,507 [INFO] Starting testing mode
ptd-server 2022-02-15 21:04:56,508 [INFO] Sending to ptd: 'Go,1000,0,2022-02-15_20-53-44_testing'
ptd-server 2022-02-15 21:04:56,508 [INFO] Reply from ptd: 'Starting untimed measurement, maximum 500000 samples at 1000ms with 0 rampup samples'
ptd-server 2022-02-15 21:04:56,508 [INFO] Sending reply to client 'OK'
ptd-server 2022-02-15 21:15:15,983 [INFO] Got command from the client 'session,2022-02-15_20-53-44,stop,testing'
ptd-server 2022-02-15 21:15:25,994 [INFO] Sending to ptd: 'Stop'
ptd-server 2022-02-15 21:15:25,994 [INFO] Reply from ptd: 'Stopping untimed measurement'
ptd-server 2022-02-15 21:15:26,449 [INFO] Sending reply to client 'OK'
ptd-server 2022-02-15 21:15:26,468 [INFO] Got command from the client 'session,2022-02-15_20-53-44,done'
ptd-server 2022-02-15 21:15:26,469 [INFO] Sending to ptd: 'Stop'
ptd-server 2022-02-15 21:15:26,508 [INFO] Reply from ptd: 'Error: no measurement to stop'
ptd-server 2022-02-15 21:15:26,508 [INFO] Sending to ptd: 'SR,V,300.000000'
ptd-server 2022-02-15 21:15:28,010 [INFO] Reply from ptd: 'Range V changed'
ptd-server 2022-02-15 21:15:28,010 [INFO] Sending to ptd: 'SR,A,0.500000'
ptd-server 2022-02-15 21:15:29,511 [INFO] Reply from ptd: 'Range A changed'
ptd-server 2022-02-15 21:15:29,511 [INFO] Set initial values for Amps 0.500000 and Volts 300.000000
ptd-server 2022-02-15 21:15:29,511 [INFO] Stopping ptd...
