ptd-server 2022-02-16 13:39:21,452 [INFO] Got command from the client 'time'
ptd-server 2022-02-16 13:39:21,453 [INFO] Sending reply to client '1645018761.4530933'
ptd-server 2022-02-16 13:39:21,454 [INFO] Got command from the client 'new,,ae6e240a-a88a-472e-a82d-b402ea07eae1'
ptd-server 2022-02-16 13:39:21,454 [INFO] Sending reply to client 'OK 2022-02-16_13-39-21,3f5b7dda-e21f-4862-90e3-4f371f771e88'
ptd-server 2022-02-16 13:39:21,492 [INFO] Got command from the client 'time'
ptd-server 2022-02-16 13:39:21,492 [INFO] Sending reply to client '1645018761.4928925'
ptd-server 2022-02-16 13:39:21,494 [INFO] Got command from the client 'session,2022-02-16_13-39-21,start,ranging'
ptd-server 2022-02-16 13:39:21,494 [INFO] Running PTDaemon: ['/home/anton/projects/mlperf/power/inference_v1.0/ptd-linux-x86', '-l', '/tmp/tmpgldyt7rr/ptd_logfile.txt', '-p', '8888', '49', '/dev/usbtmc0']
ptd-server 2022-02-16 13:39:38,667 [INFO] Sending to ptd: 'Hello'
ptd-server 2022-02-16 13:39:38,667 [INFO] Reply from ptd: 'Hello, PTDaemon here!'
ptd-server 2022-02-16 13:39:38,668 [INFO] Sending to ptd: 'Identify'
ptd-server 2022-02-16 13:39:38,668 [INFO] Reply from ptd: 'YokogawaWT310E,1000,1,1,1,1,0,1,1,version=1.9.2-e8c7a49a-20201208,OS=Linux 5.13.0-28-generic #31~20.04.1-Ubuntu SMP Wed Jan 19 14:08:10 UTC 2022 x86_64,mode=power,1,1,1,0,0,no_cal_date,YOKOGAWA;WT310E;C3XA04010E;F1.04'
ptd-server 2022-02-16 13:39:38,668 [INFO] Connected to PTDaemon
ptd-server 2022-02-16 13:39:38,668 [INFO] Sending to ptd: 'RR'
ptd-server 2022-02-16 13:39:38,668 [INFO] Reply from ptd: 'Ranges,0,0.500000,0,300.000000'
ptd-server 2022-02-16 13:39:38,669 [INFO] Initial range for Amps is 0.500000 for Volts is 300.000000
ptd-server 2022-02-16 13:39:38,669 [INFO] Sending to ptd: 'SR,V,Auto'
ptd-server 2022-02-16 13:39:39,171 [INFO] Reply from ptd: 'Range V changed'
ptd-server 2022-02-16 13:39:39,171 [INFO] Sending to ptd: 'SR,A,Auto'
ptd-server 2022-02-16 13:39:39,674 [INFO] Reply from ptd: 'Range A changed'
ptd-server 2022-02-16 13:39:49,684 [INFO] Starting ranging mode
ptd-server 2022-02-16 13:39:49,684 [INFO] Sending to ptd: 'Go,1000,0,2022-02-16_13-39-21_ranging'
ptd-server 2022-02-16 13:39:49,685 [INFO] Reply from ptd: 'Starting untimed measurement, maximum 500000 samples at 1000ms with 0 rampup samples'
ptd-server 2022-02-16 13:39:49,685 [INFO] Sending reply to client 'OK'
ptd-server 2022-02-16 13:50:06,657 [INFO] Got command from the client 'session,2022-02-16_13-39-21,stop,ranging'
ptd-server 2022-02-16 13:50:16,667 [INFO] Sending to ptd: 'Stop'
ptd-server 2022-02-16 13:50:16,668 [INFO] Reply from ptd: 'Stopping untimed measurement'
ptd-server 2022-02-16 13:50:16,700 [INFO] Sending reply to client 'OK'
ptd-server 2022-02-16 13:50:16,773 [INFO] Got command from the client 'time'
ptd-server 2022-02-16 13:50:16,773 [INFO] Sending reply to client '1645019416.773244'
ptd-server 2022-02-16 13:50:16,775 [INFO] Got command from the client 'session,2022-02-16_13-39-21,start,testing'
ptd-server 2022-02-16 13:50:16,775 [INFO] Sending to ptd: 'SR,V,249.680000'
ptd-server 2022-02-16 13:50:18,276 [INFO] Reply from ptd: 'Range V changed'
ptd-server 2022-02-16 13:50:18,276 [INFO] Sending to ptd: 'SR,A,0.050170'
ptd-server 2022-02-16 13:50:19,778 [INFO] Reply from ptd: 'Range A changed'
ptd-server 2022-02-16 13:50:29,788 [INFO] Starting testing mode
ptd-server 2022-02-16 13:50:29,788 [INFO] Sending to ptd: 'Go,1000,0,2022-02-16_13-39-21_testing'
ptd-server 2022-02-16 13:50:29,788 [INFO] Reply from ptd: 'Starting untimed measurement, maximum 500000 samples at 1000ms with 0 rampup samples'
ptd-server 2022-02-16 13:50:29,789 [INFO] Sending reply to client 'OK'
ptd-server 2022-02-16 14:00:47,765 [INFO] Got command from the client 'session,2022-02-16_13-39-21,stop,testing'
ptd-server 2022-02-16 14:00:57,776 [INFO] Sending to ptd: 'Stop'
ptd-server 2022-02-16 14:00:57,776 [INFO] Reply from ptd: 'Stopping untimed measurement'
ptd-server 2022-02-16 14:00:57,791 [INFO] Sending reply to client 'OK'
ptd-server 2022-02-16 14:00:57,816 [INFO] Got command from the client 'session,2022-02-16_13-39-21,done'
ptd-server 2022-02-16 14:00:57,817 [INFO] Sending to ptd: 'Stop'
ptd-server 2022-02-16 14:00:57,817 [INFO] Reply from ptd: 'Error: no measurement to stop'
ptd-server 2022-02-16 14:00:57,817 [INFO] Sending to ptd: 'SR,V,300.000000'
ptd-server 2022-02-16 14:00:59,318 [INFO] Reply from ptd: 'Range V changed'
ptd-server 2022-02-16 14:00:59,319 [INFO] Sending to ptd: 'SR,A,0.500000'
ptd-server 2022-02-16 14:01:00,820 [INFO] Reply from ptd: 'Range A changed'
ptd-server 2022-02-16 14:01:00,820 [INFO] Set initial values for Amps 0.500000 and Volts 300.000000
ptd-server 2022-02-16 14:01:00,820 [INFO] Stopping ptd...
