ptd-server 2022-02-13 22:07:50,931 [INFO] Got command from the client 'time'
ptd-server 2022-02-13 22:07:50,932 [INFO] Sending reply to client '1644790070.9319878'
ptd-server 2022-02-13 22:07:50,933 [INFO] Got command from the client 'new,,32df38e8-bf86-4f9a-81c3-ca2730c2d285'
ptd-server 2022-02-13 22:07:50,934 [INFO] Sending reply to client 'OK 2022-02-13_22-07-50,83d274ff-b065-4588-a7fd-638ae3b198b5'
ptd-server 2022-02-13 22:07:50,972 [INFO] Got command from the client 'time'
ptd-server 2022-02-13 22:07:50,972 [INFO] Sending reply to client '1644790070.9727004'
ptd-server 2022-02-13 22:07:50,974 [INFO] Got command from the client 'session,2022-02-13_22-07-50,start,ranging'
ptd-server 2022-02-13 22:07:50,975 [INFO] Running PTDaemon: ['/home/anton/projects/mlperf/power/inference_v1.0/ptd-linux-x86', '-l', '/tmp/tmpxvec0g6h/ptd_logfile.txt', '-p', '8888', '49', '/dev/usbtmc0']
ptd-server 2022-02-13 22:08:08,148 [INFO] Sending to ptd: 'Hello'
ptd-server 2022-02-13 22:08:08,149 [INFO] Reply from ptd: 'Hello, PTDaemon here!'
ptd-server 2022-02-13 22:08:08,149 [INFO] Sending to ptd: 'Identify'
ptd-server 2022-02-13 22:08:08,149 [INFO] Reply from ptd: 'YokogawaWT310E,1000,1,1,1,1,0,1,1,version=1.9.2-e8c7a49a-20201208,OS=Linux 5.13.0-27-generic #29~20.04.1-Ubuntu SMP Fri Jan 14 00:32:30 UTC 2022 x86_64,mode=power,1,1,1,0,0,no_cal_date,YOKOGAWA;WT310E;C3XA04010E;F1.04'
ptd-server 2022-02-13 22:08:08,149 [INFO] Connected to PTDaemon
ptd-server 2022-02-13 22:08:08,149 [INFO] Sending to ptd: 'RR'
ptd-server 2022-02-13 22:08:08,150 [INFO] Reply from ptd: 'Ranges,0,0.500000,0,300.000000'
ptd-server 2022-02-13 22:08:08,150 [INFO] Initial range for Amps is 0.500000 for Volts is 300.000000
ptd-server 2022-02-13 22:08:08,150 [INFO] Sending to ptd: 'SR,V,Auto'
ptd-server 2022-02-13 22:08:08,653 [INFO] Reply from ptd: 'Range V changed'
ptd-server 2022-02-13 22:08:08,653 [INFO] Sending to ptd: 'SR,A,Auto'
ptd-server 2022-02-13 22:08:09,155 [INFO] Reply from ptd: 'Range A changed'
ptd-server 2022-02-13 22:08:19,166 [INFO] Starting ranging mode
ptd-server 2022-02-13 22:08:19,166 [INFO] Sending to ptd: 'Go,1000,0,2022-02-13_22-07-50_ranging'
ptd-server 2022-02-13 22:08:19,166 [INFO] Reply from ptd: 'Starting untimed measurement, maximum 500000 samples at 1000ms with 0 rampup samples'
ptd-server 2022-02-13 22:08:19,166 [INFO] Sending reply to client 'OK'
ptd-server 2022-02-13 22:18:35,028 [INFO] Got command from the client 'session,2022-02-13_22-07-50,stop,ranging'
ptd-server 2022-02-13 22:18:45,038 [INFO] Sending to ptd: 'Stop'
ptd-server 2022-02-13 22:18:45,038 [INFO] Reply from ptd: 'Stopping untimed measurement'
ptd-server 2022-02-13 22:18:45,703 [INFO] Sending reply to client 'OK'
ptd-server 2022-02-13 22:18:45,756 [INFO] Got command from the client 'time'
ptd-server 2022-02-13 22:18:45,757 [INFO] Sending reply to client '1644790725.757093'
ptd-server 2022-02-13 22:18:45,760 [INFO] Got command from the client 'session,2022-02-13_22-07-50,start,testing'
ptd-server 2022-02-13 22:18:45,760 [INFO] Sending to ptd: 'SR,V,249.250000'
ptd-server 2022-02-13 22:18:47,261 [INFO] Reply from ptd: 'Range V changed'
ptd-server 2022-02-13 22:18:47,262 [INFO] Sending to ptd: 'SR,A,0.162330'
ptd-server 2022-02-13 22:18:48,763 [INFO] Reply from ptd: 'Range A changed'
ptd-server 2022-02-13 22:18:58,773 [INFO] Starting testing mode
ptd-server 2022-02-13 22:18:58,774 [INFO] Sending to ptd: 'Go,1000,0,2022-02-13_22-07-50_testing'
ptd-server 2022-02-13 22:18:58,774 [INFO] Reply from ptd: 'Starting untimed measurement, maximum 500000 samples at 1000ms with 0 rampup samples'
ptd-server 2022-02-13 22:18:58,774 [INFO] Sending reply to client 'OK'
ptd-server 2022-02-13 22:29:14,411 [INFO] Got command from the client 'session,2022-02-13_22-07-50,stop,testing'
ptd-server 2022-02-13 22:29:24,421 [INFO] Sending to ptd: 'Stop'
ptd-server 2022-02-13 22:29:24,422 [INFO] Reply from ptd: 'Stopping untimed measurement'
ptd-server 2022-02-13 22:29:24,761 [INFO] Sending reply to client 'OK'
ptd-server 2022-02-13 22:29:24,779 [INFO] Got command from the client 'session,2022-02-13_22-07-50,done'
ptd-server 2022-02-13 22:29:24,779 [INFO] Sending to ptd: 'Stop'
ptd-server 2022-02-13 22:29:24,780 [INFO] Reply from ptd: 'Error: no measurement to stop'
ptd-server 2022-02-13 22:29:24,780 [INFO] Sending to ptd: 'SR,V,300.000000'
ptd-server 2022-02-13 22:29:26,281 [INFO] Reply from ptd: 'Range V changed'
ptd-server 2022-02-13 22:29:26,281 [INFO] Sending to ptd: 'SR,A,0.500000'
ptd-server 2022-02-13 22:29:27,783 [INFO] Reply from ptd: 'Range A changed'
ptd-server 2022-02-13 22:29:27,783 [INFO] Set initial values for Amps 0.500000 and Volts 300.000000
ptd-server 2022-02-13 22:29:27,783 [INFO] Stopping ptd...
