ptd-server 2022-02-19 19:38:58,197 [INFO] Got command from the client 'time'
ptd-server 2022-02-19 19:38:58,197 [INFO] Sending reply to client '1645299538.1978145'
ptd-server 2022-02-19 19:38:58,198 [INFO] Got command from the client 'new,,13708c16-07e5-49fb-9e72-c47d6ca0eb76'
ptd-server 2022-02-19 19:38:58,199 [INFO] Sending reply to client 'OK 2022-02-19_19-38-58,7072fd41-d365-49c8-bec5-4c2986514455'
ptd-server 2022-02-19 19:38:58,227 [INFO] Got command from the client 'time'
ptd-server 2022-02-19 19:38:58,228 [INFO] Sending reply to client '1645299538.2280352'
ptd-server 2022-02-19 19:38:58,229 [INFO] Got command from the client 'session,2022-02-19_19-38-58,start,ranging'
ptd-server 2022-02-19 19:38:58,229 [INFO] Running PTDaemon: ['/home/anton/projects/mlperf/power/inference_v1.0/ptd-linux-x86', '-l', '/tmp/tmpgldyt7rr/ptd_logfile.txt', '-p', '8888', '49', '/dev/usbtmc0']
ptd-server 2022-02-19 19:39:15,395 [INFO] Sending to ptd: 'Hello'
ptd-server 2022-02-19 19:39:15,396 [INFO] Reply from ptd: 'Hello, PTDaemon here!'
ptd-server 2022-02-19 19:39:15,396 [INFO] Sending to ptd: 'Identify'
ptd-server 2022-02-19 19:39:15,396 [INFO] Reply from ptd: 'YokogawaWT310E,1000,1,1,1,1,0,1,1,version=1.9.2-e8c7a49a-20201208,OS=Linux 5.13.0-28-generic #31~20.04.1-Ubuntu SMP Wed Jan 19 14:08:10 UTC 2022 x86_64,mode=power,1,1,1,0,0,no_cal_date,YOKOGAWA;WT310E;C3XA04010E;F1.04'
ptd-server 2022-02-19 19:39:15,396 [INFO] Connected to PTDaemon
ptd-server 2022-02-19 19:39:15,396 [INFO] Sending to ptd: 'RR'
ptd-server 2022-02-19 19:39:15,397 [INFO] Reply from ptd: 'Ranges,0,0.500000,0,300.000000'
ptd-server 2022-02-19 19:39:15,397 [INFO] Initial range for Amps is 0.500000 for Volts is 300.000000
ptd-server 2022-02-19 19:39:15,397 [INFO] Sending to ptd: 'SR,V,Auto'
ptd-server 2022-02-19 19:39:15,899 [INFO] Reply from ptd: 'Range V changed'
ptd-server 2022-02-19 19:39:15,900 [INFO] Sending to ptd: 'SR,A,Auto'
ptd-server 2022-02-19 19:39:16,402 [INFO] Reply from ptd: 'Range A changed'
ptd-server 2022-02-19 19:39:26,412 [INFO] Starting ranging mode
ptd-server 2022-02-19 19:39:26,413 [INFO] Sending to ptd: 'Go,1000,0,2022-02-19_19-38-58_ranging'
ptd-server 2022-02-19 19:39:26,413 [INFO] Reply from ptd: 'Starting untimed measurement, maximum 500000 samples at 1000ms with 0 rampup samples'
ptd-server 2022-02-19 19:39:26,413 [INFO] Sending reply to client 'OK'
ptd-server 2022-02-19 19:49:48,670 [INFO] Got command from the client 'session,2022-02-19_19-38-58,stop,ranging'
ptd-server 2022-02-19 19:49:58,680 [INFO] Sending to ptd: 'Stop'
ptd-server 2022-02-19 19:49:58,681 [INFO] Reply from ptd: 'Stopping untimed measurement'
ptd-server 2022-02-19 19:49:59,083 [INFO] Sending reply to client 'OK'
ptd-server 2022-02-19 19:49:59,156 [INFO] Got command from the client 'time'
ptd-server 2022-02-19 19:49:59,156 [INFO] Sending reply to client '1645300199.1568522'
ptd-server 2022-02-19 19:49:59,158 [INFO] Got command from the client 'session,2022-02-19_19-38-58,start,testing'
ptd-server 2022-02-19 19:49:59,158 [INFO] Sending to ptd: 'SR,V,250.780000'
ptd-server 2022-02-19 19:50:00,914 [INFO] Reply from ptd: 'Range V changed'
ptd-server 2022-02-19 19:50:00,914 [INFO] Sending to ptd: 'SR,A,0.066590'
ptd-server 2022-02-19 19:50:02,416 [INFO] Reply from ptd: 'Range A changed'
ptd-server 2022-02-19 19:50:12,426 [INFO] Starting testing mode
ptd-server 2022-02-19 19:50:12,426 [INFO] Sending to ptd: 'Go,1000,0,2022-02-19_19-38-58_testing'
ptd-server 2022-02-19 19:50:12,427 [INFO] Reply from ptd: 'Starting untimed measurement, maximum 500000 samples at 1000ms with 0 rampup samples'
ptd-server 2022-02-19 19:50:12,427 [INFO] Sending reply to client 'OK'
ptd-server 2022-02-19 20:00:35,753 [INFO] Got command from the client 'session,2022-02-19_19-38-58,stop,testing'
ptd-server 2022-02-19 20:00:45,764 [INFO] Sending to ptd: 'Stop'
ptd-server 2022-02-19 20:00:45,764 [INFO] Reply from ptd: 'Stopping untimed measurement'
ptd-server 2022-02-19 20:00:45,970 [INFO] Sending reply to client 'OK'
ptd-server 2022-02-19 20:00:45,993 [INFO] Got command from the client 'session,2022-02-19_19-38-58,done'
ptd-server 2022-02-19 20:00:45,993 [INFO] Sending to ptd: 'Stop'
ptd-server 2022-02-19 20:00:46,427 [INFO] Reply from ptd: 'Error: no measurement to stop'
ptd-server 2022-02-19 20:00:46,427 [INFO] Sending to ptd: 'SR,V,300.000000'
ptd-server 2022-02-19 20:00:47,929 [INFO] Reply from ptd: 'Range V changed'
ptd-server 2022-02-19 20:00:47,929 [INFO] Sending to ptd: 'SR,A,0.500000'
ptd-server 2022-02-19 20:00:49,430 [INFO] Reply from ptd: 'Range A changed'
ptd-server 2022-02-19 20:00:49,430 [INFO] Set initial values for Amps 0.500000 and Volts 300.000000
ptd-server 2022-02-19 20:00:49,431 [INFO] Stopping ptd...
