ptd-server 2022-02-13 07:48:47,195 [INFO] Got command from the client 'time'
ptd-server 2022-02-13 07:48:47,195 [INFO] Sending reply to client '1644738527.1951954'
ptd-server 2022-02-13 07:48:47,197 [INFO] Got command from the client 'new,,7a4b9ede-c8e1-4ca2-b72f-cf0cf0ceaa18'
ptd-server 2022-02-13 07:48:47,197 [INFO] Sending reply to client 'OK 2022-02-13_07-48-47,02a3f5db-80cf-4961-8179-593584f7ecba'
ptd-server 2022-02-13 07:48:47,234 [INFO] Got command from the client 'time'
ptd-server 2022-02-13 07:48:47,234 [INFO] Sending reply to client '1644738527.2341437'
ptd-server 2022-02-13 07:48:47,236 [INFO] Got command from the client 'session,2022-02-13_07-48-47,start,ranging'
ptd-server 2022-02-13 07:48:47,236 [INFO] Running PTDaemon: ['/home/anton/projects/mlperf/power/inference_v1.0/ptd-linux-x86', '-l', '/tmp/tmpxvec0g6h/ptd_logfile.txt', '-p', '8888', '49', '/dev/usbtmc0']
ptd-server 2022-02-13 07:49:04,410 [INFO] Sending to ptd: 'Hello'
ptd-server 2022-02-13 07:49:04,410 [INFO] Reply from ptd: 'Hello, PTDaemon here!'
ptd-server 2022-02-13 07:49:04,411 [INFO] Sending to ptd: 'Identify'
ptd-server 2022-02-13 07:49:04,411 [INFO] Reply from ptd: 'YokogawaWT310E,1000,1,1,1,1,0,1,1,version=1.9.2-e8c7a49a-20201208,OS=Linux 5.13.0-27-generic #29~20.04.1-Ubuntu SMP Fri Jan 14 00:32:30 UTC 2022 x86_64,mode=power,1,1,1,0,0,no_cal_date,YOKOGAWA;WT310E;C3XA04010E;F1.04'
ptd-server 2022-02-13 07:49:04,411 [INFO] Connected to PTDaemon
ptd-server 2022-02-13 07:49:04,411 [INFO] Sending to ptd: 'RR'
ptd-server 2022-02-13 07:49:04,412 [INFO] Reply from ptd: 'Ranges,0,0.500000,0,300.000000'
ptd-server 2022-02-13 07:49:04,412 [INFO] Initial range for Amps is 0.500000 for Volts is 300.000000
ptd-server 2022-02-13 07:49:04,412 [INFO] Sending to ptd: 'SR,V,Auto'
ptd-server 2022-02-13 07:49:04,914 [INFO] Reply from ptd: 'Range V changed'
ptd-server 2022-02-13 07:49:04,915 [INFO] Sending to ptd: 'SR,A,Auto'
ptd-server 2022-02-13 07:49:05,417 [INFO] Reply from ptd: 'Range A changed'
ptd-server 2022-02-13 07:49:15,427 [INFO] Starting ranging mode
ptd-server 2022-02-13 07:49:15,428 [INFO] Sending to ptd: 'Go,1000,0,2022-02-13_07-48-47_ranging'
ptd-server 2022-02-13 07:49:15,428 [INFO] Reply from ptd: 'Starting untimed measurement, maximum 500000 samples at 1000ms with 0 rampup samples'
ptd-server 2022-02-13 07:49:15,428 [INFO] Sending reply to client 'OK'
ptd-server 2022-02-13 07:59:31,602 [INFO] Got command from the client 'session,2022-02-13_07-48-47,stop,ranging'
ptd-server 2022-02-13 07:59:41,612 [INFO] Sending to ptd: 'Stop'
ptd-server 2022-02-13 07:59:41,612 [INFO] Reply from ptd: 'Stopping untimed measurement'
ptd-server 2022-02-13 07:59:42,198 [INFO] Sending reply to client 'OK'
ptd-server 2022-02-13 07:59:42,252 [INFO] Got command from the client 'time'
ptd-server 2022-02-13 07:59:42,252 [INFO] Sending reply to client '1644739182.2527795'
ptd-server 2022-02-13 07:59:42,254 [INFO] Got command from the client 'session,2022-02-13_07-48-47,start,testing'
ptd-server 2022-02-13 07:59:42,255 [INFO] Sending to ptd: 'SR,V,249.170000'
ptd-server 2022-02-13 07:59:43,929 [INFO] Reply from ptd: 'Range V changed'
ptd-server 2022-02-13 07:59:43,929 [INFO] Sending to ptd: 'SR,A,0.159120'
ptd-server 2022-02-13 07:59:45,431 [INFO] Reply from ptd: 'Range A changed'
ptd-server 2022-02-13 07:59:55,441 [INFO] Starting testing mode
ptd-server 2022-02-13 07:59:55,441 [INFO] Sending to ptd: 'Go,1000,0,2022-02-13_07-48-47_testing'
ptd-server 2022-02-13 07:59:55,442 [INFO] Reply from ptd: 'Starting untimed measurement, maximum 500000 samples at 1000ms with 0 rampup samples'
ptd-server 2022-02-13 07:59:55,442 [INFO] Sending reply to client 'OK'
ptd-server 2022-02-13 08:10:11,201 [INFO] Got command from the client 'session,2022-02-13_07-48-47,stop,testing'
ptd-server 2022-02-13 08:10:21,211 [INFO] Sending to ptd: 'Stop'
ptd-server 2022-02-13 08:10:21,212 [INFO] Reply from ptd: 'Stopping untimed measurement'
ptd-server 2022-02-13 08:10:21,513 [INFO] Sending reply to client 'OK'
ptd-server 2022-02-13 08:10:21,532 [INFO] Got command from the client 'session,2022-02-13_07-48-47,done'
ptd-server 2022-02-13 08:10:21,532 [INFO] Sending to ptd: 'Stop'
ptd-server 2022-02-13 08:10:21,532 [INFO] Reply from ptd: 'Error: no measurement to stop'
ptd-server 2022-02-13 08:10:21,533 [INFO] Sending to ptd: 'SR,V,300.000000'
ptd-server 2022-02-13 08:10:23,034 [INFO] Reply from ptd: 'Range V changed'
ptd-server 2022-02-13 08:10:23,034 [INFO] Sending to ptd: 'SR,A,0.500000'
ptd-server 2022-02-13 08:10:24,535 [INFO] Reply from ptd: 'Range A changed'
ptd-server 2022-02-13 08:10:24,535 [INFO] Set initial values for Amps 0.500000 and Volts 300.000000
ptd-server 2022-02-13 08:10:24,536 [INFO] Stopping ptd...
