client 2022-02-17 20:14:38,069 [INFO] Sending command to the server: 'mlcommons/power client v3'
client 2022-02-17 20:14:38,071 [INFO] Got response: 'mlcommons/power server v3'
client 2022-02-17 20:14:38,071 [INFO] Synchronizing with the server and with ntp1.css.fujitsu.com...
client 2022-02-17 20:14:38,091 [INFO] NTP:offset = -0.000 s, delay = 0.015 s 
client 2022-02-17 20:14:38,091 [INFO] Sending command to the server: 'time'
client 2022-02-17 20:14:38,094 [INFO] Got response: '1645128878.1722314'
client 2022-02-17 20:14:38,094 [INFO] The time difference between the client and the server is within range -80.377 ms..-77.960 ms
client 2022-02-17 20:14:38,094 [INFO] Sending command to the server: 'new,,eac205a8-88c3-40bd-81f8-5747118ac87f'
client 2022-02-17 20:14:38,098 [INFO] Got response: 'OK 2022-02-18_05-14-38,8c154309-f09f-4e77-a1a2-14f4bd4d9e4e'
client 2022-02-17 20:14:38,099 [INFO] Session id is '2022-02-18_05-14-38'
client 2022-02-17 20:14:38,099 [INFO] Sources: {"sources": {"__init__.py": "da39a3ee5e6b4b0d3255bfef95601890afd80709", "client.py": "33ca4f26368777ac06e01f9567b714a4b8063886", "lib/__init__.py": "da39a3ee5e6b4b0d3255bfef95601890afd80709", "lib/client.py": "4c2b78fb4849a7e5b584ef792d82aaed20b17f57", "lib/common.py": "624d0c0acc7c39aaff3674f0b99d6a09da53d1dc", "lib/external/__init__.py": "da39a3ee5e6b4b0d3255bfef95601890afd80709", "lib/external/ntplib.py": "4da8f970656505a40483206ef2b5d3dd5e81711d", "lib/server.py": "59c9fb92908260d3e9f81a895c7aa009742275e4", "lib/source_hashes.py": "60a2e02193209e8d392803326208d5466342da18", "lib/summary.py": "aa92f0a3f975eecd44d3c0cd0236342ccc9f941d", "lib/time_sync.py": "3210db56eb0ff0df57bf4293dc4d4b03fffd46f1", "server.py": "c3f90f2f7eeb4db30727556d0c815ebc89b3d28b", "tests/unit/__init__.py": "da39a3ee5e6b4b0d3255bfef95601890afd80709", "tests/unit/test_server.py": "99ae15aef722f2000ee6ed1ae1523637bf1ae42b", "tests/unit/test_source_hashes.py": "00468a2907583c593e6574a1f6b404e4651c221a"}, "modules": {"ptd_client_server.lib.client": "lib/client.py", "ptd_client_server.lib.common": "lib/common.py", "ptd_client_server.lib.external.ntplib": "lib/external/ntplib.py", "ptd_client_server.lib.source_hashes": "lib/source_hashes.py", "ptd_client_server.lib.summary": "lib/summary.py", "ptd_client_server.lib.time_sync": "lib/time_sync.py"}}
client 2022-02-17 20:14:38,099 [INFO] Running workload in ranging mode
client 2022-02-17 20:14:38,099 [INFO] Synchronizing with the server and with ntp1.css.fujitsu.com...
client 2022-02-17 20:14:38,117 [INFO] NTP:offset = -0.000 s, delay = 0.015 s 
client 2022-02-17 20:14:38,117 [INFO] Sending command to the server: 'time'
client 2022-02-17 20:14:38,120 [INFO] Got response: '1645128878.2034647'
client 2022-02-17 20:14:38,120 [INFO] The time difference between the client and the server is within range -86.044 ms..-82.527 ms
client 2022-02-17 20:14:38,121 [INFO] Sending command to the server: 'session,2022-02-18_05-14-38,start,ranging'
client 2022-02-17 20:15:07,173 [INFO] Got response: 'OK'
client 2022-02-17 20:15:07,173 [INFO] Running the workload 'LOG_DIR=/work/build/power_logs_temp python3 code/main.py --benchmarks=dlrm --scenarios=Offline --test_mode=PerformanceOnly --accuracy_target=0.999 --power_setting=MaxQ --action="run_harness" \\\n\t\t2>&1 | tee -a /work/build/power_logs/2022.02.17-20.14.16/stdout.txt \\\n\t\t&& if [ ! -d /work/build/power_logs/2022.02.17-20.14.16/ranging_tmp ]; \\\n\t\t\tthen mkdir /work/build/power_logs/2022.02.17-20.14.16/ranging_tmp \\\n\t\t\t\t&& mv /work/build/power_logs_temp/* /work/build/power_logs/2022.02.17-20.14.16/ranging_tmp/ \\\n\t\t\t\t&& cp -v /work/build/power_logs/2022.02.17-20.14.16/ranging_tmp/*/*/*/mlperf_log_detail.txt /work/build/power_logs_temp/ \\\n\t\t\t\t&& cp -v /work/build/power_logs/2022.02.17-20.14.16/ranging_tmp/*/*/*/mlperf_log_summary.txt /work/build/power_logs_temp/; \\\n\t\t\telse mkdir /work/build/power_logs/2022.02.17-20.14.16/testing_tmp \\\n\t\t\t\t&& mv /work/build/power_logs_temp/* /work/build/power_logs/2022.02.17-20.14.16/testing_tmp/ \\\n\t\t\t\t&& cp -v /work/build/power_logs/2022.02.17-20.14.16/testing_tmp/*/*/*/mlperf_log_detail.txt /work/build/power_logs_temp/ \\\n\t\t\t\t&& cp -v /work/build/power_logs/2022.02.17-20.14.16/testing_tmp/*/*/*/mlperf_log_summary.txt /work/build/power_logs_temp/; fi'
client 2022-02-17 20:31:21,956 [INFO] Sending command to the server: 'session,2022-02-18_05-14-38,stop,ranging'
client 2022-02-17 20:31:32,112 [INFO] Got response: 'OK'
client 2022-02-17 20:31:32,131 [INFO] Copying loadgen logs from '/work/build/power_logs_temp' to '/work/build/power_logs/2022.02.17-20.14.16/2022-02-18_05-14-38/ranging'
client 2022-02-17 20:31:32,132 [INFO] Running workload in testing mode
client 2022-02-17 20:31:32,132 [INFO] Synchronizing with the server and with ntp1.css.fujitsu.com...
client 2022-02-17 20:31:32,150 [INFO] NTP:offset = -0.000 s, delay = 0.015 s 
client 2022-02-17 20:31:32,150 [INFO] Sending command to the server: 'time'
client 2022-02-17 20:31:32,152 [INFO] Got response: '1645129892.2319164'
client 2022-02-17 20:31:32,152 [INFO] The time difference between the client and the server is within range -81.379 ms..-79.077 ms
client 2022-02-17 20:31:32,152 [INFO] Sending command to the server: 'session,2022-02-18_05-14-38,start,testing'
client 2022-02-17 20:31:45,261 [INFO] Got response: 'OK'
client 2022-02-17 20:31:45,261 [INFO] Running the workload 'LOG_DIR=/work/build/power_logs_temp python3 code/main.py --benchmarks=dlrm --scenarios=Offline --test_mode=PerformanceOnly --accuracy_target=0.999 --power_setting=MaxQ --action="run_harness" \\\n\t\t2>&1 | tee -a /work/build/power_logs/2022.02.17-20.14.16/stdout.txt \\\n\t\t&& if [ ! -d /work/build/power_logs/2022.02.17-20.14.16/ranging_tmp ]; \\\n\t\t\tthen mkdir /work/build/power_logs/2022.02.17-20.14.16/ranging_tmp \\\n\t\t\t\t&& mv /work/build/power_logs_temp/* /work/build/power_logs/2022.02.17-20.14.16/ranging_tmp/ \\\n\t\t\t\t&& cp -v /work/build/power_logs/2022.02.17-20.14.16/ranging_tmp/*/*/*/mlperf_log_detail.txt /work/build/power_logs_temp/ \\\n\t\t\t\t&& cp -v /work/build/power_logs/2022.02.17-20.14.16/ranging_tmp/*/*/*/mlperf_log_summary.txt /work/build/power_logs_temp/; \\\n\t\t\telse mkdir /work/build/power_logs/2022.02.17-20.14.16/testing_tmp \\\n\t\t\t\t&& mv /work/build/power_logs_temp/* /work/build/power_logs/2022.02.17-20.14.16/testing_tmp/ \\\n\t\t\t\t&& cp -v /work/build/power_logs/2022.02.17-20.14.16/testing_tmp/*/*/*/mlperf_log_detail.txt /work/build/power_logs_temp/ \\\n\t\t\t\t&& cp -v /work/build/power_logs/2022.02.17-20.14.16/testing_tmp/*/*/*/mlperf_log_summary.txt /work/build/power_logs_temp/; fi'
client 2022-02-17 20:48:02,030 [INFO] Sending command to the server: 'session,2022-02-18_05-14-38,stop,testing'
client 2022-02-17 20:48:12,143 [INFO] Got response: 'OK'
client 2022-02-17 20:48:12,159 [INFO] Copying loadgen logs from '/work/build/power_logs_temp' to '/work/build/power_logs/2022.02.17-20.14.16/2022-02-18_05-14-38/run_1'
client 2022-02-17 20:48:12,161 [INFO] Done runs
