ptd-server 2022-02-20 15:56:43,984 [INFO] Got command from the client 'time'
ptd-server 2022-02-20 15:56:43,984 [INFO] Sending reply to client '1645372603.9841816'
ptd-server 2022-02-20 15:56:43,985 [INFO] Got command from the client 'new,,c59f079a-c86c-4756-93b4-d8325844d051'
ptd-server 2022-02-20 15:56:43,986 [INFO] Sending reply to client 'OK 2022-02-20_15-56-43,5a359d69-4eb2-4684-a7ee-b345af56c14f'
ptd-server 2022-02-20 15:56:44,014 [INFO] Got command from the client 'time'
ptd-server 2022-02-20 15:56:44,014 [INFO] Sending reply to client '1645372604.0147133'
ptd-server 2022-02-20 15:56:44,016 [INFO] Got command from the client 'session,2022-02-20_15-56-43,start,ranging'
ptd-server 2022-02-20 15:56:44,016 [INFO] Running PTDaemon: ['/home/anton/projects/mlperf/power/inference_v1.0/ptd-linux-x86', '-l', '/tmp/tmpgldyt7rr/ptd_logfile.txt', '-p', '8888', '49', '/dev/usbtmc0']
ptd-server 2022-02-20 15:57:01,188 [INFO] Sending to ptd: 'Hello'
ptd-server 2022-02-20 15:57:01,188 [INFO] Reply from ptd: 'Hello, PTDaemon here!'
ptd-server 2022-02-20 15:57:01,189 [INFO] Sending to ptd: 'Identify'
ptd-server 2022-02-20 15:57:01,189 [INFO] Reply from ptd: 'YokogawaWT310E,1000,1,1,1,1,0,1,1,version=1.9.2-e8c7a49a-20201208,OS=Linux 5.13.0-28-generic #31~20.04.1-Ubuntu SMP Wed Jan 19 14:08:10 UTC 2022 x86_64,mode=power,1,1,1,0,0,no_cal_date,YOKOGAWA;WT310E;C3XA04010E;F1.04'
ptd-server 2022-02-20 15:57:01,189 [INFO] Connected to PTDaemon
ptd-server 2022-02-20 15:57:01,189 [INFO] Sending to ptd: 'RR'
ptd-server 2022-02-20 15:57:01,189 [INFO] Reply from ptd: 'Ranges,0,0.500000,0,300.000000'
ptd-server 2022-02-20 15:57:01,190 [INFO] Initial range for Amps is 0.500000 for Volts is 300.000000
ptd-server 2022-02-20 15:57:01,190 [INFO] Sending to ptd: 'SR,V,Auto'
ptd-server 2022-02-20 15:57:01,692 [INFO] Reply from ptd: 'Range V changed'
ptd-server 2022-02-20 15:57:01,692 [INFO] Sending to ptd: 'SR,A,Auto'
ptd-server 2022-02-20 15:57:02,195 [INFO] Reply from ptd: 'Range A changed'
ptd-server 2022-02-20 15:57:12,200 [INFO] Starting ranging mode
ptd-server 2022-02-20 15:57:12,200 [INFO] Sending to ptd: 'Go,1000,0,2022-02-20_15-56-43_ranging'
ptd-server 2022-02-20 15:57:12,200 [INFO] Reply from ptd: 'Starting untimed measurement, maximum 500000 samples at 1000ms with 0 rampup samples'
ptd-server 2022-02-20 15:57:12,201 [INFO] Sending reply to client 'OK'
ptd-server 2022-02-20 16:07:29,224 [INFO] Got command from the client 'session,2022-02-20_15-56-43,stop,ranging'
ptd-server 2022-02-20 16:07:39,234 [INFO] Sending to ptd: 'Stop'
ptd-server 2022-02-20 16:07:39,234 [INFO] Reply from ptd: 'Stopping untimed measurement'
ptd-server 2022-02-20 16:07:39,752 [INFO] Sending reply to client 'OK'
ptd-server 2022-02-20 16:07:39,828 [INFO] Got command from the client 'time'
ptd-server 2022-02-20 16:07:39,829 [INFO] Sending reply to client '1645373259.8290324'
ptd-server 2022-02-20 16:07:39,832 [INFO] Got command from the client 'session,2022-02-20_15-56-43,start,testing'
ptd-server 2022-02-20 16:07:39,833 [INFO] Sending to ptd: 'SR,V,248.360000'
ptd-server 2022-02-20 16:07:41,701 [INFO] Reply from ptd: 'Range V changed'
ptd-server 2022-02-20 16:07:41,701 [INFO] Sending to ptd: 'SR,A,0.046460'
ptd-server 2022-02-20 16:07:43,202 [INFO] Reply from ptd: 'Range A changed'
ptd-server 2022-02-20 16:07:53,213 [INFO] Starting testing mode
ptd-server 2022-02-20 16:07:53,213 [INFO] Sending to ptd: 'Go,1000,0,2022-02-20_15-56-43_testing'
ptd-server 2022-02-20 16:07:53,213 [INFO] Reply from ptd: 'Starting untimed measurement, maximum 500000 samples at 1000ms with 0 rampup samples'
ptd-server 2022-02-20 16:07:53,213 [INFO] Sending reply to client 'OK'
ptd-server 2022-02-20 16:18:11,085 [INFO] Got command from the client 'session,2022-02-20_15-56-43,stop,testing'
ptd-server 2022-02-20 16:18:21,095 [INFO] Sending to ptd: 'Stop'
ptd-server 2022-02-20 16:18:21,096 [INFO] Reply from ptd: 'Stopping untimed measurement'
ptd-server 2022-02-20 16:18:21,358 [INFO] Sending reply to client 'OK'
ptd-server 2022-02-20 16:18:21,400 [INFO] Got command from the client 'session,2022-02-20_15-56-43,done'
ptd-server 2022-02-20 16:18:21,400 [INFO] Sending to ptd: 'Stop'
ptd-server 2022-02-20 16:18:21,400 [INFO] Reply from ptd: 'Error: no measurement to stop'
ptd-server 2022-02-20 16:18:21,400 [INFO] Sending to ptd: 'SR,V,300.000000'
ptd-server 2022-02-20 16:18:22,902 [INFO] Reply from ptd: 'Range V changed'
ptd-server 2022-02-20 16:18:22,902 [INFO] Sending to ptd: 'SR,A,0.500000'
ptd-server 2022-02-20 16:18:24,404 [INFO] Reply from ptd: 'Range A changed'
ptd-server 2022-02-20 16:18:24,404 [INFO] Set initial values for Amps 0.500000 and Volts 300.000000
ptd-server 2022-02-20 16:18:24,404 [INFO] Stopping ptd...
