ptd-server 2022-02-24 23:30:22,534 [INFO] Got command from the client 'time'
ptd-server 2022-02-24 23:30:22,534 [INFO] Sending reply to client '1645745422.5348547'
ptd-server 2022-02-24 23:30:22,536 [INFO] Got command from the client 'new,,6b523a43-cc12-41a9-83b6-0efc0c219ccd'
ptd-server 2022-02-24 23:30:22,537 [INFO] Sending reply to client 'OK 2022-02-24_23-30-22,a06d660e-82ef-4deb-8bb9-d8460a40379a'
ptd-server 2022-02-24 23:30:22,574 [INFO] Got command from the client 'time'
ptd-server 2022-02-24 23:30:22,574 [INFO] Sending reply to client '1645745422.5745223'
ptd-server 2022-02-24 23:30:22,576 [INFO] Got command from the client 'session,2022-02-24_23-30-22,start,ranging'
ptd-server 2022-02-24 23:30:22,576 [INFO] Running PTDaemon: ['/home/anton/projects/mlperf/power/inference_v1.0/ptd-linux-x86', '-l', '/tmp/tmp0_fn53vp/ptd_logfile.txt', '-p', '8888', '49', '/dev/usbtmc0']
ptd-server 2022-02-24 23:30:39,751 [INFO] Sending to ptd: 'Hello'
ptd-server 2022-02-24 23:30:39,752 [INFO] Reply from ptd: 'Hello, PTDaemon here!'
ptd-server 2022-02-24 23:30:39,752 [INFO] Sending to ptd: 'Identify'
ptd-server 2022-02-24 23:30:39,753 [INFO] Reply from ptd: 'YokogawaWT310E,1000,1,1,1,1,0,1,1,version=1.9.2-e8c7a49a-20201208,OS=Linux 5.13.0-30-generic #33~20.04.1-Ubuntu SMP Mon Feb 7 14:25:10 UTC 2022 x86_64,mode=power,1,1,1,0,0,no_cal_date,YOKOGAWA;WT310E;C3XA04010E;F1.04'
ptd-server 2022-02-24 23:30:39,753 [INFO] Connected to PTDaemon
ptd-server 2022-02-24 23:30:39,753 [INFO] Sending to ptd: 'RR'
ptd-server 2022-02-24 23:30:39,753 [INFO] Reply from ptd: 'Ranges,0,0.500000,1,300.000000'
ptd-server 2022-02-24 23:30:39,753 [INFO] Initial range for Amps is 0.500000 for Volts is Auto
ptd-server 2022-02-24 23:30:39,753 [INFO] Sending to ptd: 'SR,V,Auto'
ptd-server 2022-02-24 23:30:40,256 [INFO] Reply from ptd: 'Range V changed'
ptd-server 2022-02-24 23:30:40,256 [INFO] Sending to ptd: 'SR,A,Auto'
ptd-server 2022-02-24 23:30:40,759 [INFO] Reply from ptd: 'Range A changed'
ptd-server 2022-02-24 23:30:50,769 [INFO] Starting ranging mode
ptd-server 2022-02-24 23:30:50,769 [INFO] Sending to ptd: 'Go,1000,0,2022-02-24_23-30-22_ranging'
ptd-server 2022-02-24 23:30:50,769 [INFO] Reply from ptd: 'Starting untimed measurement, maximum 500000 samples at 1000ms with 0 rampup samples'
ptd-server 2022-02-24 23:30:50,770 [INFO] Sending reply to client 'OK'
ptd-server 2022-02-24 23:41:13,300 [INFO] Got command from the client 'session,2022-02-24_23-30-22,stop,ranging'
ptd-server 2022-02-24 23:41:23,311 [INFO] Sending to ptd: 'Stop'
ptd-server 2022-02-24 23:41:23,311 [INFO] Reply from ptd: 'Stopping untimed measurement'
ptd-server 2022-02-24 23:41:23,484 [INFO] Sending reply to client 'OK'
ptd-server 2022-02-24 23:41:23,543 [INFO] Got command from the client 'time'
ptd-server 2022-02-24 23:41:23,543 [INFO] Sending reply to client '1645746083.543919'
ptd-server 2022-02-24 23:41:23,545 [INFO] Got command from the client 'session,2022-02-24_23-30-22,start,testing'
ptd-server 2022-02-24 23:41:23,545 [INFO] Sending to ptd: 'SR,V,249.670000'
ptd-server 2022-02-24 23:41:25,270 [INFO] Reply from ptd: 'Range V changed'
ptd-server 2022-02-24 23:41:25,270 [INFO] Sending to ptd: 'SR,A,0.049510'
ptd-server 2022-02-24 23:41:26,772 [INFO] Reply from ptd: 'Range A changed'
ptd-server 2022-02-24 23:41:36,782 [INFO] Starting testing mode
ptd-server 2022-02-24 23:41:36,782 [INFO] Sending to ptd: 'Go,1000,0,2022-02-24_23-30-22_testing'
ptd-server 2022-02-24 23:41:36,783 [INFO] Reply from ptd: 'Starting untimed measurement, maximum 500000 samples at 1000ms with 0 rampup samples'
ptd-server 2022-02-24 23:41:36,783 [INFO] Sending reply to client 'OK'
ptd-server 2022-02-24 23:51:59,248 [INFO] Got command from the client 'session,2022-02-24_23-30-22,stop,testing'
ptd-server 2022-02-24 23:52:09,258 [INFO] Sending to ptd: 'Stop'
ptd-server 2022-02-24 23:52:09,259 [INFO] Reply from ptd: 'Stopping untimed measurement'
ptd-server 2022-02-24 23:52:09,355 [INFO] Sending reply to client 'OK'
ptd-server 2022-02-24 23:52:09,373 [INFO] Got command from the client 'session,2022-02-24_23-30-22,done'
ptd-server 2022-02-24 23:52:09,373 [INFO] Sending to ptd: 'Stop'
ptd-server 2022-02-24 23:52:09,784 [INFO] Reply from ptd: 'Error: no measurement to stop'
ptd-server 2022-02-24 23:52:09,784 [INFO] Sending to ptd: 'SR,V,Auto'
ptd-server 2022-02-24 23:52:10,286 [INFO] Reply from ptd: 'Range V changed'
ptd-server 2022-02-24 23:52:10,288 [INFO] Sending to ptd: 'SR,A,0.500000'
ptd-server 2022-02-24 23:52:11,790 [INFO] Reply from ptd: 'Range A changed'
ptd-server 2022-02-24 23:52:11,790 [INFO] Set initial values for Amps 0.500000 and Volts Auto
ptd-server 2022-02-24 23:52:11,790 [INFO] Stopping ptd...
