ptd-server 2022-02-20 23:44:00,804 [INFO] Got command from the client 'stop'
ptd-server 2022-02-20 23:44:00,804 [INFO] The server will be stopped after processing this client
ptd-server 2022-02-20 23:44:00,804 [INFO] Sending reply to client 'OK'
ptd-server 2022-02-20 23:44:01,023 [INFO] Got command from the client 'time'
ptd-server 2022-02-20 23:44:01,023 [INFO] Sending reply to client '1645429441.023624'
ptd-server 2022-02-20 23:44:01,023 [INFO] Got command from the client 'new,,8fa504d5-785a-4ba9-9aba-55e296ab2226'
ptd-server 2022-02-20 23:44:01,023 [INFO] Sending reply to client 'OK 2022-02-20_23-44-01,ea5f9dea-b970-445c-820c-065a7eaa868c'
ptd-server 2022-02-20 23:44:01,226 [INFO] Got command from the client 'time'
ptd-server 2022-02-20 23:44:01,226 [INFO] Sending reply to client '1645429441.2268713'
ptd-server 2022-02-20 23:44:01,242 [INFO] Got command from the client 'session,2022-02-20_23-44-01,start,ranging'
ptd-server 2022-02-20 23:44:01,351 [INFO] Running PTDaemon: ['C:\\PTD\\ptd-windows-x86.exe', '-l', 'C:\\Users\\lab\\AppData\\Local\\Temp\\tmprt9vbszd\\ptd_logfile.txt', '-p', '8888', '-c', '2', '-y', '52', '10.32.209.65']
ptd-server 2022-02-20 23:44:18,961 [INFO] Sending to ptd: 'Hello'
ptd-server 2022-02-20 23:44:18,961 [INFO] Reply from ptd: 'Hello, PTDaemon here!'
ptd-server 2022-02-20 23:44:18,961 [INFO] Sending to ptd: 'Identify'
ptd-server 2022-02-20 23:44:18,961 [INFO] Reply from ptd: 'YokogawaWT330E,1000,1,1,1,1,0,0,1,version=1.9.2-3976349f-20201208,OS=Windows 8 / Server 2012,mode=power,1,1,1,0,0,no_cal_date,YOKOGAWA;WT333E;C2XL24034V;F1.04'
ptd-server 2022-02-20 23:44:18,961 [INFO] Connected to PTDaemon
ptd-server 2022-02-20 23:44:18,961 [INFO] Sending to ptd: 'RR'
ptd-server 2022-02-20 23:44:18,961 [INFO] Reply from ptd: 'Ranges,1,1.000000,1,150.000000'
ptd-server 2022-02-20 23:44:18,961 [INFO] Initial range for Amps is Auto for Volts is Auto
ptd-server 2022-02-20 23:44:18,961 [INFO] Sending to ptd: 'SR,V,Auto'
ptd-server 2022-02-20 23:44:19,477 [INFO] Reply from ptd: 'Range V changed'
ptd-server 2022-02-20 23:44:19,477 [INFO] Sending to ptd: 'SR,A,Auto'
ptd-server 2022-02-20 23:44:19,994 [INFO] Reply from ptd: 'Range A changed'
ptd-server 2022-02-20 23:44:29,998 [INFO] Starting ranging mode
ptd-server 2022-02-20 23:44:29,998 [INFO] Sending to ptd: 'Go,1000,0,2022-02-20_23-44-01_ranging'
ptd-server 2022-02-20 23:44:29,998 [INFO] Reply from ptd: 'Starting untimed measurement, maximum 500000 samples at 1000ms with 0 rampup samples'
ptd-server 2022-02-20 23:44:29,998 [INFO] Sending reply to client 'OK'
ptd-server 2022-02-21 00:53:47,317 [INFO] Got command from the client 'session,2022-02-20_23-44-01,stop,ranging'
ptd-server 2022-02-21 00:53:57,347 [INFO] Sending to ptd: 'Stop'
ptd-server 2022-02-21 00:53:57,347 [INFO] Reply from ptd: 'Stopping untimed measurement'
ptd-server 2022-02-21 00:53:57,409 [INFO] Sending reply to client 'OK'
ptd-server 2022-02-21 00:53:57,830 [INFO] Got command from the client 'time'
ptd-server 2022-02-21 00:53:57,830 [INFO] Sending reply to client '1645433637.830012'
ptd-server 2022-02-21 00:53:57,830 [INFO] Got command from the client 'session,2022-02-20_23-44-01,start,testing'
ptd-server 2022-02-21 00:53:57,830 [INFO] Sending to ptd: 'SR,V,121.280000'
ptd-server 2022-02-21 00:53:59,507 [INFO] Reply from ptd: 'Range V changed'
ptd-server 2022-02-21 00:53:59,507 [INFO] Sending to ptd: 'SR,A,0.617800'
ptd-server 2022-02-21 00:54:01,037 [INFO] Reply from ptd: 'Range A changed'
ptd-server 2022-02-21 00:54:11,040 [INFO] Starting testing mode
ptd-server 2022-02-21 00:54:11,040 [INFO] Sending to ptd: 'Go,1000,0,2022-02-20_23-44-01_testing'
ptd-server 2022-02-21 00:54:11,040 [INFO] Reply from ptd: 'Starting untimed measurement, maximum 500000 samples at 1000ms with 0 rampup samples'
ptd-server 2022-02-21 00:54:11,040 [INFO] Sending reply to client 'OK'
ptd-server 2022-02-21 02:03:28,786 [INFO] Got command from the client 'session,2022-02-20_23-44-01,stop,testing'
ptd-server 2022-02-21 02:03:38,789 [INFO] Sending to ptd: 'Stop'
ptd-server 2022-02-21 02:03:38,789 [INFO] Reply from ptd: 'Stopping untimed measurement'
ptd-server 2022-02-21 02:03:38,805 [INFO] Sending reply to client 'OK'
ptd-server 2022-02-21 02:03:38,883 [INFO] Got command from the client 'session,2022-02-20_23-44-01,done'
ptd-server 2022-02-21 02:03:38,883 [INFO] Sending to ptd: 'Stop'
ptd-server 2022-02-21 02:03:39,055 [INFO] Reply from ptd: 'Error: no measurement to stop'
ptd-server 2022-02-21 02:03:39,055 [INFO] Sending to ptd: 'SR,V,Auto'
ptd-server 2022-02-21 02:03:39,571 [INFO] Reply from ptd: 'Range V changed'
ptd-server 2022-02-21 02:03:39,571 [INFO] Sending to ptd: 'SR,A,Auto'
ptd-server 2022-02-21 02:03:40,087 [INFO] Reply from ptd: 'Range A changed'
ptd-server 2022-02-21 02:03:40,087 [INFO] Set initial values for Amps Auto and Volts Auto
ptd-server 2022-02-21 02:03:40,087 [INFO] Stopping ptd...
