ptd-server 2022-02-16 12:55:34,554 [INFO] Got command from the client 'time'
ptd-server 2022-02-16 12:55:34,554 [INFO] Sending reply to client '1645016134.5546124'
ptd-server 2022-02-16 12:55:34,556 [INFO] Got command from the client 'new,,3f05e454-4f92-4407-ad5c-afc1eb079b0e'
ptd-server 2022-02-16 12:55:34,557 [INFO] Sending reply to client 'OK 2022-02-16_12-55-34,ce5c3301-f905-4c32-b3bd-a9b6f0aa6a65'
ptd-server 2022-02-16 12:55:34,593 [INFO] Got command from the client 'time'
ptd-server 2022-02-16 12:55:34,594 [INFO] Sending reply to client '1645016134.594001'
ptd-server 2022-02-16 12:55:34,595 [INFO] Got command from the client 'session,2022-02-16_12-55-34,start,ranging'
ptd-server 2022-02-16 12:55:34,596 [INFO] Running PTDaemon: ['/home/anton/projects/mlperf/power/inference_v1.0/ptd-linux-x86', '-l', '/tmp/tmpgldyt7rr/ptd_logfile.txt', '-p', '8888', '49', '/dev/usbtmc0']
ptd-server 2022-02-16 12:55:51,768 [INFO] Sending to ptd: 'Hello'
ptd-server 2022-02-16 12:55:51,769 [INFO] Reply from ptd: 'Hello, PTDaemon here!'
ptd-server 2022-02-16 12:55:51,769 [INFO] Sending to ptd: 'Identify'
ptd-server 2022-02-16 12:55:51,769 [INFO] Reply from ptd: 'YokogawaWT310E,1000,1,1,1,1,0,1,1,version=1.9.2-e8c7a49a-20201208,OS=Linux 5.13.0-28-generic #31~20.04.1-Ubuntu SMP Wed Jan 19 14:08:10 UTC 2022 x86_64,mode=power,1,1,1,0,0,no_cal_date,YOKOGAWA;WT310E;C3XA04010E;F1.04'
ptd-server 2022-02-16 12:55:51,769 [INFO] Connected to PTDaemon
ptd-server 2022-02-16 12:55:51,769 [INFO] Sending to ptd: 'RR'
ptd-server 2022-02-16 12:55:51,770 [INFO] Reply from ptd: 'Ranges,0,0.500000,0,300.000000'
ptd-server 2022-02-16 12:55:51,770 [INFO] Initial range for Amps is 0.500000 for Volts is 300.000000
ptd-server 2022-02-16 12:55:51,770 [INFO] Sending to ptd: 'SR,V,Auto'
ptd-server 2022-02-16 12:55:52,272 [INFO] Reply from ptd: 'Range V changed'
ptd-server 2022-02-16 12:55:52,273 [INFO] Sending to ptd: 'SR,A,Auto'
ptd-server 2022-02-16 12:55:52,775 [INFO] Reply from ptd: 'Range A changed'
ptd-server 2022-02-16 12:56:02,785 [INFO] Starting ranging mode
ptd-server 2022-02-16 12:56:02,786 [INFO] Sending to ptd: 'Go,1000,0,2022-02-16_12-55-34_ranging'
ptd-server 2022-02-16 12:56:02,786 [INFO] Reply from ptd: 'Starting untimed measurement, maximum 500000 samples at 1000ms with 0 rampup samples'
ptd-server 2022-02-16 12:56:02,786 [INFO] Sending reply to client 'OK'
ptd-server 2022-02-16 13:06:23,905 [INFO] Got command from the client 'session,2022-02-16_12-55-34,stop,ranging'
ptd-server 2022-02-16 13:06:33,916 [INFO] Sending to ptd: 'Stop'
ptd-server 2022-02-16 13:06:33,916 [INFO] Reply from ptd: 'Stopping untimed measurement'
ptd-server 2022-02-16 13:06:33,943 [INFO] Sending reply to client 'OK'
ptd-server 2022-02-16 13:06:34,023 [INFO] Got command from the client 'time'
ptd-server 2022-02-16 13:06:34,023 [INFO] Sending reply to client '1645016794.0236185'
ptd-server 2022-02-16 13:06:34,028 [INFO] Got command from the client 'session,2022-02-16_12-55-34,start,testing'
ptd-server 2022-02-16 13:06:34,029 [INFO] Sending to ptd: 'SR,V,249.370000'
ptd-server 2022-02-16 13:06:36,287 [INFO] Reply from ptd: 'Range V changed'
ptd-server 2022-02-16 13:06:36,288 [INFO] Sending to ptd: 'SR,A,0.049680'
ptd-server 2022-02-16 13:06:37,789 [INFO] Reply from ptd: 'Range A changed'
ptd-server 2022-02-16 13:06:47,799 [INFO] Starting testing mode
ptd-server 2022-02-16 13:06:47,800 [INFO] Sending to ptd: 'Go,1000,0,2022-02-16_12-55-34_testing'
ptd-server 2022-02-16 13:06:47,800 [INFO] Reply from ptd: 'Starting untimed measurement, maximum 500000 samples at 1000ms with 0 rampup samples'
ptd-server 2022-02-16 13:06:47,800 [INFO] Sending reply to client 'OK'
ptd-server 2022-02-16 13:17:06,360 [INFO] Got command from the client 'session,2022-02-16_12-55-34,stop,testing'
ptd-server 2022-02-16 13:17:16,365 [INFO] Sending to ptd: 'Stop'
ptd-server 2022-02-16 13:17:16,366 [INFO] Reply from ptd: 'Stopping untimed measurement'
ptd-server 2022-02-16 13:17:16,379 [INFO] Sending reply to client 'OK'
ptd-server 2022-02-16 13:17:16,401 [INFO] Got command from the client 'session,2022-02-16_12-55-34,done'
ptd-server 2022-02-16 13:17:16,401 [INFO] Sending to ptd: 'Stop'
ptd-server 2022-02-16 13:17:16,801 [INFO] Reply from ptd: 'Error: no measurement to stop'
ptd-server 2022-02-16 13:17:16,801 [INFO] Sending to ptd: 'SR,V,300.000000'
ptd-server 2022-02-16 13:17:18,302 [INFO] Reply from ptd: 'Range V changed'
ptd-server 2022-02-16 13:17:18,302 [INFO] Sending to ptd: 'SR,A,0.500000'
ptd-server 2022-02-16 13:17:19,804 [INFO] Reply from ptd: 'Range A changed'
ptd-server 2022-02-16 13:17:19,804 [INFO] Set initial values for Amps 0.500000 and Volts 300.000000
ptd-server 2022-02-16 13:17:19,804 [INFO] Stopping ptd...
