ptd-server 2022-02-20 06:12:35,793 [INFO] Got command from the client 'time'
ptd-server 2022-02-20 06:12:35,793 [INFO] Sending reply to client '1645359155.7937393'
ptd-server 2022-02-20 06:12:35,794 [INFO] Got command from the client 'new,,21f19d4f-fb2c-43f5-a99a-1e7f959b5af7'
ptd-server 2022-02-20 06:12:35,795 [INFO] Sending reply to client 'OK 2022-02-20_06-12-35,7ffd066e-03b0-4723-8ddd-6f210f05de94'
ptd-server 2022-02-20 06:12:35,902 [INFO] Got command from the client 'time'
ptd-server 2022-02-20 06:12:35,902 [INFO] Sending reply to client '1645359155.902327'
ptd-server 2022-02-20 06:12:35,903 [INFO] Got command from the client 'session,2022-02-20_06-12-35,start,ranging'
ptd-server 2022-02-20 06:12:35,904 [INFO] Running PTDaemon: ['/local/mnt/workspace/mlcommons/power-main/inference_v1.0/ptd-linux-x86', '-l', '/tmp/tmprkpz3dbq/ptd_logfile.txt', '-p', '8888', '-c', '1,2', '77', '/dev/usbtmc0']
ptd-server 2022-02-20 06:12:53,499 [INFO] Sending to ptd: 'Hello'
ptd-server 2022-02-20 06:12:53,500 [INFO] Reply from ptd: 'Hello, PTDaemon here!'
ptd-server 2022-02-20 06:12:53,500 [INFO] Sending to ptd: 'Identify'
ptd-server 2022-02-20 06:12:53,500 [INFO] Reply from ptd: 'YokogawaWT330_multichannel,1000,1,1,1,1,0,0,1,version=1.9.2-e8c7a49a-20201208,OS=Linux 4.15.0-142-generic #146~16.04.1-Ubuntu SMP Tue Apr 13 09:27:15 UTC 2021 x86_64,mode=power,1,1,2,0,0,no_cal_date,YOKOGAWA;WT333E;C2XC17004V;F1.04'
ptd-server 2022-02-20 06:12:53,500 [INFO] Connected to PTDaemon
ptd-server 2022-02-20 06:12:53,500 [INFO] Sending to ptd: 'RR'
ptd-server 2022-02-20 06:12:53,501 [INFO] Reply from ptd: 'Ranges,-1,-1.000000,-1,-1.000000'
ptd-server 2022-02-20 06:12:53,501 [INFO] Initial range for Amps is Auto for Volts is Auto
ptd-server 2022-02-20 06:12:53,501 [INFO] Sending to ptd: 'SR,V,Auto'
ptd-server 2022-02-20 06:12:58,562 [INFO] Reply from ptd: 'Range V changed'
ptd-server 2022-02-20 06:12:58,563 [INFO] Sending to ptd: 'SR,A,Auto'
ptd-server 2022-02-20 06:13:03,616 [INFO] Reply from ptd: 'Range A changed'
ptd-server 2022-02-20 06:13:13,622 [INFO] Starting ranging mode
ptd-server 2022-02-20 06:13:13,623 [INFO] Sending to ptd: 'Go,1000,0,2022-02-20_06-12-35_ranging'
ptd-server 2022-02-20 06:13:13,623 [INFO] Reply from ptd: 'Starting untimed measurement, maximum 500000 samples at 1000ms with 0 rampup samples'
ptd-server 2022-02-20 06:13:13,623 [INFO] Sending reply to client 'OK'
ptd-server 2022-02-20 06:26:42,543 [INFO] Got command from the client 'session,2022-02-20_06-12-35,stop,ranging'
ptd-server 2022-02-20 06:26:52,553 [INFO] Sending to ptd: 'Stop'
ptd-server 2022-02-20 06:26:52,555 [INFO] Reply from ptd: 'Stopping untimed measurement'
ptd-server 2022-02-20 06:26:52,692 [INFO] Sending reply to client 'OK'
ptd-server 2022-02-20 06:26:52,807 [INFO] Got command from the client 'time'
ptd-server 2022-02-20 06:26:52,807 [INFO] Sending reply to client '1645360012.807115'
ptd-server 2022-02-20 06:26:52,807 [INFO] Got command from the client 'session,2022-02-20_06-12-35,start,testing'
ptd-server 2022-02-20 06:26:52,807 [INFO] Sending to ptd: 'SR,V,210.280000'
ptd-server 2022-02-20 06:26:58,859 [INFO] Reply from ptd: 'Range V changed'
ptd-server 2022-02-20 06:26:58,859 [INFO] Sending to ptd: 'SR,A,4.252800'
ptd-server 2022-02-20 06:27:04,411 [INFO] Reply from ptd: 'Range A changed'
ptd-server 2022-02-20 06:27:14,421 [INFO] Starting testing mode
ptd-server 2022-02-20 06:27:14,422 [INFO] Sending to ptd: 'Go,1000,0,2022-02-20_06-12-35_testing'
ptd-server 2022-02-20 06:27:14,423 [INFO] Reply from ptd: 'Starting untimed measurement, maximum 500000 samples at 1000ms with 0 rampup samples'
ptd-server 2022-02-20 06:27:14,423 [INFO] Sending reply to client 'OK'
ptd-server 2022-02-20 06:40:44,122 [INFO] Got command from the client 'session,2022-02-20_06-12-35,stop,testing'
ptd-server 2022-02-20 06:40:54,133 [INFO] Sending to ptd: 'Stop'
ptd-server 2022-02-20 06:40:54,135 [INFO] Reply from ptd: 'Stopping untimed measurement'
ptd-server 2022-02-20 06:40:54,205 [INFO] Sending reply to client 'OK'
ptd-server 2022-02-20 06:40:54,210 [INFO] Got command from the client 'session,2022-02-20_06-12-35,done'
ptd-server 2022-02-20 06:40:54,210 [INFO] Sending to ptd: 'Stop'
ptd-server 2022-02-20 06:40:54,424 [INFO] Reply from ptd: 'Error: no measurement to stop'
ptd-server 2022-02-20 06:40:54,424 [INFO] Sending to ptd: 'SR,V,Auto'
ptd-server 2022-02-20 06:40:59,477 [INFO] Reply from ptd: 'Range V changed'
ptd-server 2022-02-20 06:40:59,477 [INFO] Sending to ptd: 'SR,A,Auto'
ptd-server 2022-02-20 06:41:04,530 [INFO] Reply from ptd: 'Range A changed'
ptd-server 2022-02-20 06:41:04,530 [INFO] Set initial values for Amps Auto and Volts Auto
ptd-server 2022-02-20 06:41:04,531 [INFO] Stopping ptd...
