ptd-server 2022-02-21 01:29:44,223 [INFO] Got command from the client 'time'
ptd-server 2022-02-21 01:29:44,223 [INFO] Sending reply to client '1645406984.2235563'
ptd-server 2022-02-21 01:29:44,225 [INFO] Got command from the client 'new,,cbd2d0ae-60db-4a58-b85d-6f82f8756754'
ptd-server 2022-02-21 01:29:44,225 [INFO] Sending reply to client 'OK 2022-02-21_01-29-44,6b5d4d38-7d1e-4562-aa1e-7f326e9364ac'
ptd-server 2022-02-21 01:29:44,263 [INFO] Got command from the client 'time'
ptd-server 2022-02-21 01:29:44,263 [INFO] Sending reply to client '1645406984.263329'
ptd-server 2022-02-21 01:29:44,264 [INFO] Got command from the client 'session,2022-02-21_01-29-44,start,ranging'
ptd-server 2022-02-21 01:29:44,265 [INFO] Running PTDaemon: ['/home/anton/projects/mlperf/power/inference_v1.0/ptd-linux-x86', '-l', '/tmp/tmpgldyt7rr/ptd_logfile.txt', '-p', '8888', '49', '/dev/usbtmc0']
ptd-server 2022-02-21 01:30:01,429 [INFO] Sending to ptd: 'Hello'
ptd-server 2022-02-21 01:30:01,430 [INFO] Reply from ptd: 'Hello, PTDaemon here!'
ptd-server 2022-02-21 01:30:01,430 [INFO] Sending to ptd: 'Identify'
ptd-server 2022-02-21 01:30:01,430 [INFO] Reply from ptd: 'YokogawaWT310E,1000,1,1,1,1,0,1,1,version=1.9.2-e8c7a49a-20201208,OS=Linux 5.13.0-28-generic #31~20.04.1-Ubuntu SMP Wed Jan 19 14:08:10 UTC 2022 x86_64,mode=power,1,1,1,0,0,no_cal_date,YOKOGAWA;WT310E;C3XA04010E;F1.04'
ptd-server 2022-02-21 01:30:01,431 [INFO] Connected to PTDaemon
ptd-server 2022-02-21 01:30:01,431 [INFO] Sending to ptd: 'RR'
ptd-server 2022-02-21 01:30:01,431 [INFO] Reply from ptd: 'Ranges,0,0.500000,0,300.000000'
ptd-server 2022-02-21 01:30:01,431 [INFO] Initial range for Amps is 0.500000 for Volts is 300.000000
ptd-server 2022-02-21 01:30:01,431 [INFO] Sending to ptd: 'SR,V,Auto'
ptd-server 2022-02-21 01:30:01,934 [INFO] Reply from ptd: 'Range V changed'
ptd-server 2022-02-21 01:30:01,934 [INFO] Sending to ptd: 'SR,A,Auto'
ptd-server 2022-02-21 01:30:02,436 [INFO] Reply from ptd: 'Range A changed'
ptd-server 2022-02-21 01:30:12,446 [INFO] Starting ranging mode
ptd-server 2022-02-21 01:30:12,447 [INFO] Sending to ptd: 'Go,1000,0,2022-02-21_01-29-44_ranging'
ptd-server 2022-02-21 01:30:12,447 [INFO] Reply from ptd: 'Starting untimed measurement, maximum 500000 samples at 1000ms with 0 rampup samples'
ptd-server 2022-02-21 01:30:12,447 [INFO] Sending reply to client 'OK'
ptd-server 2022-02-21 01:40:34,516 [INFO] Got command from the client 'session,2022-02-21_01-29-44,stop,ranging'
ptd-server 2022-02-21 01:40:44,526 [INFO] Sending to ptd: 'Stop'
ptd-server 2022-02-21 01:40:44,527 [INFO] Reply from ptd: 'Stopping untimed measurement'
ptd-server 2022-02-21 01:40:45,077 [INFO] Sending reply to client 'OK'
ptd-server 2022-02-21 01:40:45,153 [INFO] Got command from the client 'time'
ptd-server 2022-02-21 01:40:45,153 [INFO] Sending reply to client '1645407645.1533437'
ptd-server 2022-02-21 01:40:45,156 [INFO] Got command from the client 'session,2022-02-21_01-29-44,start,testing'
ptd-server 2022-02-21 01:40:45,156 [INFO] Sending to ptd: 'SR,V,250.480000'
ptd-server 2022-02-21 01:40:46,948 [INFO] Reply from ptd: 'Range V changed'
ptd-server 2022-02-21 01:40:46,948 [INFO] Sending to ptd: 'SR,A,0.044400'
ptd-server 2022-02-21 01:40:48,450 [INFO] Reply from ptd: 'Range A changed'
ptd-server 2022-02-21 01:40:58,460 [INFO] Starting testing mode
ptd-server 2022-02-21 01:40:58,460 [INFO] Sending to ptd: 'Go,1000,0,2022-02-21_01-29-44_testing'
ptd-server 2022-02-21 01:40:58,461 [INFO] Reply from ptd: 'Starting untimed measurement, maximum 500000 samples at 1000ms with 0 rampup samples'
ptd-server 2022-02-21 01:40:58,461 [INFO] Sending reply to client 'OK'
ptd-server 2022-02-21 01:51:21,306 [INFO] Got command from the client 'session,2022-02-21_01-29-44,stop,testing'
ptd-server 2022-02-21 01:51:31,316 [INFO] Sending to ptd: 'Stop'
ptd-server 2022-02-21 01:51:31,316 [INFO] Reply from ptd: 'Stopping untimed measurement'
ptd-server 2022-02-21 01:51:31,609 [INFO] Sending reply to client 'OK'
ptd-server 2022-02-21 01:51:31,650 [INFO] Got command from the client 'session,2022-02-21_01-29-44,done'
ptd-server 2022-02-21 01:51:31,650 [INFO] Sending to ptd: 'Stop'
ptd-server 2022-02-21 01:51:31,650 [INFO] Reply from ptd: 'Error: no measurement to stop'
ptd-server 2022-02-21 01:51:31,650 [INFO] Sending to ptd: 'SR,V,300.000000'
ptd-server 2022-02-21 01:51:33,152 [INFO] Reply from ptd: 'Range V changed'
ptd-server 2022-02-21 01:51:33,152 [INFO] Sending to ptd: 'SR,A,0.500000'
ptd-server 2022-02-21 01:51:34,653 [INFO] Reply from ptd: 'Range A changed'
ptd-server 2022-02-21 01:51:34,654 [INFO] Set initial values for Amps 0.500000 and Volts 300.000000
ptd-server 2022-02-21 01:51:34,654 [INFO] Stopping ptd...
