ptd-server 2022-02-17 13:56:21,591 [INFO] Got command from the client 'time'
ptd-server 2022-02-17 13:56:21,591 [INFO] Sending reply to client '1645106181.5918043'
ptd-server 2022-02-17 13:56:21,593 [INFO] Got command from the client 'new,,431dd169-d7bd-4efc-89f9-63b943210ec3'
ptd-server 2022-02-17 13:56:21,594 [INFO] Sending reply to client 'OK 2022-02-17_13-56-21,cb78c7c6-65ad-4bc1-b2ed-a0a7525b58e0'
ptd-server 2022-02-17 13:56:21,632 [INFO] Got command from the client 'time'
ptd-server 2022-02-17 13:56:21,632 [INFO] Sending reply to client '1645106181.6323369'
ptd-server 2022-02-17 13:56:21,634 [INFO] Got command from the client 'session,2022-02-17_13-56-21,start,ranging'
ptd-server 2022-02-17 13:56:21,634 [INFO] Running PTDaemon: ['/home/anton/projects/mlperf/power/inference_v1.0/ptd-linux-x86', '-l', '/tmp/tmpgldyt7rr/ptd_logfile.txt', '-p', '8888', '49', '/dev/usbtmc0']
ptd-server 2022-02-17 13:56:38,808 [INFO] Sending to ptd: 'Hello'
ptd-server 2022-02-17 13:56:38,808 [INFO] Reply from ptd: 'Hello, PTDaemon here!'
ptd-server 2022-02-17 13:56:38,808 [INFO] Sending to ptd: 'Identify'
ptd-server 2022-02-17 13:56:38,809 [INFO] Reply from ptd: 'YokogawaWT310E,1000,1,1,1,1,0,1,1,version=1.9.2-e8c7a49a-20201208,OS=Linux 5.13.0-28-generic #31~20.04.1-Ubuntu SMP Wed Jan 19 14:08:10 UTC 2022 x86_64,mode=power,1,1,1,0,0,no_cal_date,YOKOGAWA;WT310E;C3XA04010E;F1.04'
ptd-server 2022-02-17 13:56:38,809 [INFO] Connected to PTDaemon
ptd-server 2022-02-17 13:56:38,809 [INFO] Sending to ptd: 'RR'
ptd-server 2022-02-17 13:56:38,809 [INFO] Reply from ptd: 'Ranges,0,0.500000,0,300.000000'
ptd-server 2022-02-17 13:56:38,809 [INFO] Initial range for Amps is 0.500000 for Volts is 300.000000
ptd-server 2022-02-17 13:56:38,810 [INFO] Sending to ptd: 'SR,V,Auto'
ptd-server 2022-02-17 13:56:39,312 [INFO] Reply from ptd: 'Range V changed'
ptd-server 2022-02-17 13:56:39,312 [INFO] Sending to ptd: 'SR,A,Auto'
ptd-server 2022-02-17 13:56:39,815 [INFO] Reply from ptd: 'Range A changed'
ptd-server 2022-02-17 13:56:49,825 [INFO] Starting ranging mode
ptd-server 2022-02-17 13:56:49,825 [INFO] Sending to ptd: 'Go,1000,0,2022-02-17_13-56-21_ranging'
ptd-server 2022-02-17 13:56:49,826 [INFO] Reply from ptd: 'Starting untimed measurement, maximum 500000 samples at 1000ms with 0 rampup samples'
ptd-server 2022-02-17 13:56:49,826 [INFO] Sending reply to client 'OK'
ptd-server 2022-02-17 14:07:11,375 [INFO] Got command from the client 'session,2022-02-17_13-56-21,stop,ranging'
ptd-server 2022-02-17 14:07:21,386 [INFO] Sending to ptd: 'Stop'
ptd-server 2022-02-17 14:07:21,386 [INFO] Reply from ptd: 'Stopping untimed measurement'
ptd-server 2022-02-17 14:07:21,563 [INFO] Sending reply to client 'OK'
ptd-server 2022-02-17 14:07:21,650 [INFO] Got command from the client 'time'
ptd-server 2022-02-17 14:07:21,650 [INFO] Sending reply to client '1645106841.650792'
ptd-server 2022-02-17 14:07:21,654 [INFO] Got command from the client 'session,2022-02-17_13-56-21,start,testing'
ptd-server 2022-02-17 14:07:21,655 [INFO] Sending to ptd: 'SR,V,250.420000'
ptd-server 2022-02-17 14:07:23,327 [INFO] Reply from ptd: 'Range V changed'
ptd-server 2022-02-17 14:07:23,328 [INFO] Sending to ptd: 'SR,A,0.067100'
ptd-server 2022-02-17 14:07:24,829 [INFO] Reply from ptd: 'Range A changed'
ptd-server 2022-02-17 14:07:34,839 [INFO] Starting testing mode
ptd-server 2022-02-17 14:07:34,839 [INFO] Sending to ptd: 'Go,1000,0,2022-02-17_13-56-21_testing'
ptd-server 2022-02-17 14:07:34,840 [INFO] Reply from ptd: 'Starting untimed measurement, maximum 500000 samples at 1000ms with 0 rampup samples'
ptd-server 2022-02-17 14:07:34,840 [INFO] Sending reply to client 'OK'
ptd-server 2022-02-17 14:17:57,428 [INFO] Got command from the client 'session,2022-02-17_13-56-21,stop,testing'
ptd-server 2022-02-17 14:18:07,436 [INFO] Sending to ptd: 'Stop'
ptd-server 2022-02-17 14:18:07,436 [INFO] Reply from ptd: 'Stopping untimed measurement'
ptd-server 2022-02-17 14:18:07,537 [INFO] Sending reply to client 'OK'
ptd-server 2022-02-17 14:18:07,572 [INFO] Got command from the client 'session,2022-02-17_13-56-21,done'
ptd-server 2022-02-17 14:18:07,572 [INFO] Sending to ptd: 'Stop'
ptd-server 2022-02-17 14:18:07,840 [INFO] Reply from ptd: 'Error: no measurement to stop'
ptd-server 2022-02-17 14:18:07,840 [INFO] Sending to ptd: 'SR,V,300.000000'
ptd-server 2022-02-17 14:18:09,342 [INFO] Reply from ptd: 'Range V changed'
ptd-server 2022-02-17 14:18:09,342 [INFO] Sending to ptd: 'SR,A,0.500000'
ptd-server 2022-02-17 14:18:10,843 [INFO] Reply from ptd: 'Range A changed'
ptd-server 2022-02-17 14:18:10,843 [INFO] Set initial values for Amps 0.500000 and Volts 300.000000
ptd-server 2022-02-17 14:18:10,843 [INFO] Stopping ptd...
