ptd-server 2022-02-18 21:27:16,584 [INFO] Got command from the client 'time'
ptd-server 2022-02-18 21:27:16,585 [INFO] Sending reply to client '1645241236.5850127'
ptd-server 2022-02-18 21:27:16,585 [INFO] Got command from the client 'new,,acb45b36-a34c-43e3-874e-9eb8ff0a24cc'
ptd-server 2022-02-18 21:27:16,585 [INFO] Sending reply to client 'OK 2022-02-18_21-27-16,3f79a7b4-76a8-4f7d-b022-621fa71b15a6'
ptd-server 2022-02-18 21:27:16,671 [INFO] Got command from the client 'time'
ptd-server 2022-02-18 21:27:16,671 [INFO] Sending reply to client '1645241236.6715765'
ptd-server 2022-02-18 21:27:16,671 [INFO] Got command from the client 'session,2022-02-18_21-27-16,start,ranging'
ptd-server 2022-02-18 21:27:16,672 [INFO] Running PTDaemon: ['/local/mnt/workspace/mlcommons/power-main/inference_v1.0/ptd-linux-x86', '-l', '/tmp/tmpbzz3s1yx/ptd_logfile.txt', '-p', '8886', '49', '/dev/usbtmc1']
ptd-server 2022-02-18 21:27:33,706 [INFO] Sending to ptd: 'Hello'
ptd-server 2022-02-18 21:27:33,706 [INFO] Reply from ptd: 'Hello, PTDaemon here!'
ptd-server 2022-02-18 21:27:33,706 [INFO] Sending to ptd: 'Identify'
ptd-server 2022-02-18 21:27:33,707 [INFO] Reply from ptd: 'YokogawaWT310E,1000,1,1,1,1,0,1,1,version=1.9.2-e8c7a49a-20201208,OS=Linux 4.15.0-162-generic #170-Ubuntu SMP Mon Oct 18 11:38:05 UTC 2021 x86_64,mode=power,1,1,1,0,0,no_cal_date,YOKOGAWA;WT310E;C2XF16030V;F1.04'
ptd-server 2022-02-18 21:27:33,707 [INFO] Connected to PTDaemon
ptd-server 2022-02-18 21:27:33,707 [INFO] Sending to ptd: 'RR'
ptd-server 2022-02-18 21:27:33,707 [INFO] Reply from ptd: 'Ranges,1,2.000000,1,150.000000'
ptd-server 2022-02-18 21:27:33,707 [INFO] Initial range for Amps is Auto for Volts is Auto
ptd-server 2022-02-18 21:27:33,707 [INFO] Sending to ptd: 'SR,V,Auto'
ptd-server 2022-02-18 21:27:34,209 [INFO] Reply from ptd: 'Range V changed'
ptd-server 2022-02-18 21:27:34,209 [INFO] Sending to ptd: 'SR,A,Auto'
ptd-server 2022-02-18 21:27:34,711 [INFO] Reply from ptd: 'Range A changed'
ptd-server 2022-02-18 21:27:44,715 [INFO] Starting ranging mode
ptd-server 2022-02-18 21:27:44,716 [INFO] Sending to ptd: 'Go,1000,0,2022-02-18_21-27-16_ranging'
ptd-server 2022-02-18 21:27:44,716 [INFO] Reply from ptd: 'Starting untimed measurement, maximum 500000 samples at 1000ms with 0 rampup samples'
ptd-server 2022-02-18 21:27:44,716 [INFO] Sending reply to client 'OK'
ptd-server 2022-02-18 21:40:00,040 [INFO] Got command from the client 'session,2022-02-18_21-27-16,stop,ranging'
ptd-server 2022-02-18 21:40:10,051 [INFO] Sending to ptd: 'Stop'
ptd-server 2022-02-18 21:40:10,051 [INFO] Reply from ptd: 'Stopping untimed measurement'
ptd-server 2022-02-18 21:40:10,220 [INFO] Sending reply to client 'OK'
ptd-server 2022-02-18 21:40:10,337 [INFO] Got command from the client 'time'
ptd-server 2022-02-18 21:40:10,337 [INFO] Sending reply to client '1645242010.337669'
ptd-server 2022-02-18 21:40:10,338 [INFO] Got command from the client 'session,2022-02-18_21-27-16,start,testing'
ptd-server 2022-02-18 21:40:10,338 [INFO] Sending to ptd: 'SR,V,121.590000'
ptd-server 2022-02-18 21:40:12,217 [INFO] Reply from ptd: 'Range V changed'
ptd-server 2022-02-18 21:40:12,217 [INFO] Sending to ptd: 'SR,A,4.050400'
ptd-server 2022-02-18 21:40:13,718 [INFO] Reply from ptd: 'Range A changed'
ptd-server 2022-02-18 21:40:23,728 [INFO] Starting testing mode
ptd-server 2022-02-18 21:40:23,728 [INFO] Sending to ptd: 'Go,1000,0,2022-02-18_21-27-16_testing'
ptd-server 2022-02-18 21:40:23,728 [INFO] Reply from ptd: 'Starting untimed measurement, maximum 500000 samples at 1000ms with 0 rampup samples'
ptd-server 2022-02-18 21:40:23,728 [INFO] Sending reply to client 'OK'
ptd-server 2022-02-18 21:52:39,010 [INFO] Got command from the client 'session,2022-02-18_21-27-16,stop,testing'
ptd-server 2022-02-18 21:52:49,020 [INFO] Sending to ptd: 'Stop'
ptd-server 2022-02-18 21:52:49,020 [INFO] Reply from ptd: 'Stopping untimed measurement'
ptd-server 2022-02-18 21:52:49,115 [INFO] Sending reply to client 'OK'
ptd-server 2022-02-18 21:52:49,120 [INFO] Got command from the client 'session,2022-02-18_21-27-16,done'
ptd-server 2022-02-18 21:52:49,120 [INFO] Sending to ptd: 'Stop'
ptd-server 2022-02-18 21:52:49,729 [INFO] Reply from ptd: 'Error: no measurement to stop'
ptd-server 2022-02-18 21:52:49,729 [INFO] Sending to ptd: 'SR,V,Auto'
ptd-server 2022-02-18 21:52:50,231 [INFO] Reply from ptd: 'Range V changed'
ptd-server 2022-02-18 21:52:50,231 [INFO] Sending to ptd: 'SR,A,Auto'
ptd-server 2022-02-18 21:52:50,733 [INFO] Reply from ptd: 'Range A changed'
ptd-server 2022-02-18 21:52:50,733 [INFO] Set initial values for Amps Auto and Volts Auto
ptd-server 2022-02-18 21:52:50,733 [INFO] Stopping ptd...
