ptd-server 2022-02-16 14:44:56,351 [INFO] Got command from the client 'time'
ptd-server 2022-02-16 14:44:56,352 [INFO] Sending reply to client '1645022696.3520722'
ptd-server 2022-02-16 14:44:56,353 [INFO] Got command from the client 'new,,0bd1d031-4347-432d-8a21-7a6063ad104f'
ptd-server 2022-02-16 14:44:56,353 [INFO] Sending reply to client 'OK 2022-02-16_14-44-56,79ede3f3-6f8e-41ae-a13b-ad2208f2ef45'
ptd-server 2022-02-16 14:44:56,411 [INFO] Got command from the client 'time'
ptd-server 2022-02-16 14:44:56,412 [INFO] Sending reply to client '1645022696.41218'
ptd-server 2022-02-16 14:44:56,413 [INFO] Got command from the client 'session,2022-02-16_14-44-56,start,ranging'
ptd-server 2022-02-16 14:44:56,413 [INFO] Running PTDaemon: ['/home/anton/projects/mlperf/power/inference_v1.0/ptd-linux-x86', '-l', '/tmp/tmpgldyt7rr/ptd_logfile.txt', '-p', '8888', '49', '/dev/usbtmc0']
ptd-server 2022-02-16 14:45:13,586 [INFO] Sending to ptd: 'Hello'
ptd-server 2022-02-16 14:45:13,587 [INFO] Reply from ptd: 'Hello, PTDaemon here!'
ptd-server 2022-02-16 14:45:13,587 [INFO] Sending to ptd: 'Identify'
ptd-server 2022-02-16 14:45:13,587 [INFO] Reply from ptd: 'YokogawaWT310E,1000,1,1,1,1,0,1,1,version=1.9.2-e8c7a49a-20201208,OS=Linux 5.13.0-28-generic #31~20.04.1-Ubuntu SMP Wed Jan 19 14:08:10 UTC 2022 x86_64,mode=power,1,1,1,0,0,no_cal_date,YOKOGAWA;WT310E;C3XA04010E;F1.04'
ptd-server 2022-02-16 14:45:13,587 [INFO] Connected to PTDaemon
ptd-server 2022-02-16 14:45:13,588 [INFO] Sending to ptd: 'RR'
ptd-server 2022-02-16 14:45:13,588 [INFO] Reply from ptd: 'Ranges,0,0.500000,0,300.000000'
ptd-server 2022-02-16 14:45:13,588 [INFO] Initial range for Amps is 0.500000 for Volts is 300.000000
ptd-server 2022-02-16 14:45:13,588 [INFO] Sending to ptd: 'SR,V,Auto'
ptd-server 2022-02-16 14:45:14,091 [INFO] Reply from ptd: 'Range V changed'
ptd-server 2022-02-16 14:45:14,091 [INFO] Sending to ptd: 'SR,A,Auto'
ptd-server 2022-02-16 14:45:14,593 [INFO] Reply from ptd: 'Range A changed'
ptd-server 2022-02-16 14:45:24,604 [INFO] Starting ranging mode
ptd-server 2022-02-16 14:45:24,604 [INFO] Sending to ptd: 'Go,1000,0,2022-02-16_14-44-56_ranging'
ptd-server 2022-02-16 14:45:24,604 [INFO] Reply from ptd: 'Starting untimed measurement, maximum 500000 samples at 1000ms with 0 rampup samples'
ptd-server 2022-02-16 14:45:24,605 [INFO] Sending reply to client 'OK'
ptd-server 2022-02-16 14:55:41,753 [INFO] Got command from the client 'session,2022-02-16_14-44-56,stop,ranging'
ptd-server 2022-02-16 14:55:51,763 [INFO] Sending to ptd: 'Stop'
ptd-server 2022-02-16 14:55:51,763 [INFO] Reply from ptd: 'Stopping untimed measurement'
ptd-server 2022-02-16 14:55:51,801 [INFO] Sending reply to client 'OK'
ptd-server 2022-02-16 14:55:51,882 [INFO] Got command from the client 'time'
ptd-server 2022-02-16 14:55:51,882 [INFO] Sending reply to client '1645023351.8823893'
ptd-server 2022-02-16 14:55:51,884 [INFO] Got command from the client 'session,2022-02-16_14-44-56,start,testing'
ptd-server 2022-02-16 14:55:51,884 [INFO] Sending to ptd: 'SR,V,249.300000'
ptd-server 2022-02-16 14:55:54,106 [INFO] Reply from ptd: 'Range V changed'
ptd-server 2022-02-16 14:55:54,106 [INFO] Sending to ptd: 'SR,A,0.049920'
ptd-server 2022-02-16 14:55:55,608 [INFO] Reply from ptd: 'Range A changed'
ptd-server 2022-02-16 14:56:05,618 [INFO] Starting testing mode
ptd-server 2022-02-16 14:56:05,618 [INFO] Sending to ptd: 'Go,1000,0,2022-02-16_14-44-56_testing'
ptd-server 2022-02-16 14:56:05,619 [INFO] Reply from ptd: 'Starting untimed measurement, maximum 500000 samples at 1000ms with 0 rampup samples'
ptd-server 2022-02-16 14:56:05,619 [INFO] Sending reply to client 'OK'
ptd-server 2022-02-16 15:06:23,541 [INFO] Got command from the client 'session,2022-02-16_14-44-56,stop,testing'
ptd-server 2022-02-16 15:06:33,552 [INFO] Sending to ptd: 'Stop'
ptd-server 2022-02-16 15:06:33,552 [INFO] Reply from ptd: 'Stopping untimed measurement'
ptd-server 2022-02-16 15:06:33,573 [INFO] Sending reply to client 'OK'
ptd-server 2022-02-16 15:06:33,593 [INFO] Got command from the client 'session,2022-02-16_14-44-56,done'
ptd-server 2022-02-16 15:06:33,593 [INFO] Sending to ptd: 'Stop'
ptd-server 2022-02-16 15:06:33,619 [INFO] Reply from ptd: 'Error: no measurement to stop'
ptd-server 2022-02-16 15:06:33,619 [INFO] Sending to ptd: 'SR,V,300.000000'
ptd-server 2022-02-16 15:06:35,121 [INFO] Reply from ptd: 'Range V changed'
ptd-server 2022-02-16 15:06:35,121 [INFO] Sending to ptd: 'SR,A,0.500000'
ptd-server 2022-02-16 15:06:36,622 [INFO] Reply from ptd: 'Range A changed'
ptd-server 2022-02-16 15:06:36,623 [INFO] Set initial values for Amps 0.500000 and Volts 300.000000
ptd-server 2022-02-16 15:06:36,623 [INFO] Stopping ptd...
