[2mINFO   [m Sucessfully loaded MLPerf log from open/Alibaba/results/ACS_SINIAN_TVM/resnet50/Offline/accuracy/mlperf_log_detail.txt.
[2mINFO   [m Sucessfully loaded MLPerf log from open/Alibaba/results/ACS_SINIAN_TVM/resnet50/Offline/performance/run_1/mlperf_log_detail.txt.
[2mINFO   [m Sucessfully loaded MLPerf log from open/Alibaba/results/ACS_SINIAN_TVM/resnet50/Offline/performance/run_1/mlperf_log_detail.txt.
[2mINFO   [m Target latency: None, Latency: 678816727271, Scenario: Offline
[2mINFO   [m Sucessfully loaded MLPerf log from open/Alibaba/results/ACS_SINIAN_TVM_datacenter/resnet50/Offline/accuracy/mlperf_log_detail.txt.
[2mINFO   [m Sucessfully loaded MLPerf log from open/Alibaba/results/ACS_SINIAN_TVM_datacenter/resnet50/Offline/performance/run_1/mlperf_log_detail.txt.
[2mINFO   [m Sucessfully loaded MLPerf log from open/Alibaba/results/ACS_SINIAN_TVM_datacenter/resnet50/Offline/performance/run_1/mlperf_log_detail.txt.
[2mINFO   [m Target latency: None, Latency: 676638398355, Scenario: Offline
[2mINFO   [m Sucessfully loaded MLPerf log from closed/Alibaba/results/haishen-qaic-v1.6.80-aic100/bert-99/singlestream/accuracy/mlperf_log_detail.txt.
[2mINFO   [m Sucessfully loaded MLPerf log from closed/Alibaba/results/haishen-qaic-v1.6.80-aic100/bert-99/singlestream/performance/run_1/mlperf_log_detail.txt.
[2mINFO   [m Sucessfully loaded MLPerf log from closed/Alibaba/results/haishen-qaic-v1.6.80-aic100/bert-99/singlestream/performance/run_1/mlperf_log_detail.txt.
[2mINFO   [m Sucessfully loaded MLPerf log from closed/Alibaba/results/haishen-qaic-v1.6.80-aic100/bert-99/offline/accuracy/mlperf_log_detail.txt.
[2mINFO   [m Sucessfully loaded MLPerf log from closed/Alibaba/results/haishen-qaic-v1.6.80-aic100/bert-99/offline/performance/run_1/mlperf_log_detail.txt.
[2mINFO   [m Sucessfully loaded MLPerf log from closed/Alibaba/results/haishen-qaic-v1.6.80-aic100/bert-99/offline/performance/run_1/mlperf_log_detail.txt.
[2mINFO   [m Target latency: None, Latency: 666054184878, Scenario: Offline
[2mINFO   [m Sucessfully loaded MLPerf log from closed/Alibaba/results/haishen-qaic-v1.6.80-aic100/resnet50/multistream/accuracy/mlperf_log_detail.txt.
[2mINFO   [m Sucessfully loaded MLPerf log from closed/Alibaba/results/haishen-qaic-v1.6.80-aic100/resnet50/multistream/performance/run_1/mlperf_log_detail.txt.
[2mINFO   [m Sucessfully loaded MLPerf log from closed/Alibaba/results/haishen-qaic-v1.6.80-aic100/resnet50/multistream/performance/run_1/mlperf_log_detail.txt.
[2mINFO   [m Sucessfully loaded MLPerf log from closed/Alibaba/results/haishen-qaic-v1.6.80-aic100/resnet50/singlestream/accuracy/mlperf_log_detail.txt.
[2mINFO   [m Sucessfully loaded MLPerf log from closed/Alibaba/results/haishen-qaic-v1.6.80-aic100/resnet50/singlestream/performance/run_1/mlperf_log_detail.txt.
[2mINFO   [m Sucessfully loaded MLPerf log from closed/Alibaba/results/haishen-qaic-v1.6.80-aic100/resnet50/singlestream/performance/run_1/mlperf_log_detail.txt.
[2mINFO   [m Sucessfully loaded MLPerf log from closed/Alibaba/results/haishen-qaic-v1.6.80-aic100/resnet50/offline/accuracy/mlperf_log_detail.txt.
[2mINFO   [m Sucessfully loaded MLPerf log from closed/Alibaba/results/haishen-qaic-v1.6.80-aic100/resnet50/offline/performance/run_1/mlperf_log_detail.txt.
[2mINFO   [m Sucessfully loaded MLPerf log from closed/Alibaba/results/haishen-qaic-v1.6.80-aic100/resnet50/offline/performance/run_1/mlperf_log_detail.txt.
[2mINFO   [m Target latency: None, Latency: 639706652732, Scenario: Offline
[2mINFO   [m Sucessfully loaded MLPerf log from closed/Alibaba/results/haishen-qaic-v1.6.80-aic100/ssd-mobilenet/multistream/accuracy/mlperf_log_detail.txt.
[2mINFO   [m Sucessfully loaded MLPerf log from closed/Alibaba/results/haishen-qaic-v1.6.80-aic100/ssd-mobilenet/multistream/performance/run_1/mlperf_log_detail.txt.
[2mINFO   [m Sucessfully loaded MLPerf log from closed/Alibaba/results/haishen-qaic-v1.6.80-aic100/ssd-mobilenet/multistream/performance/run_1/mlperf_log_detail.txt.
[2mINFO   [m Sucessfully loaded MLPerf log from closed/Alibaba/results/haishen-qaic-v1.6.80-aic100/ssd-mobilenet/singlestream/accuracy/mlperf_log_detail.txt.
[2mINFO   [m Sucessfully loaded MLPerf log from closed/Alibaba/results/haishen-qaic-v1.6.80-aic100/ssd-mobilenet/singlestream/performance/run_1/mlperf_log_detail.txt.
[2mINFO   [m Sucessfully loaded MLPerf log from closed/Alibaba/results/haishen-qaic-v1.6.80-aic100/ssd-mobilenet/singlestream/performance/run_1/mlperf_log_detail.txt.
[2mINFO   [m Sucessfully loaded MLPerf log from closed/Alibaba/results/haishen-qaic-v1.6.80-aic100/ssd-mobilenet/offline/accuracy/mlperf_log_detail.txt.
[2mINFO   [m Sucessfully loaded MLPerf log from closed/Alibaba/results/haishen-qaic-v1.6.80-aic100/ssd-mobilenet/offline/performance/run_1/mlperf_log_detail.txt.
[2mINFO   [m Sucessfully loaded MLPerf log from closed/Alibaba/results/haishen-qaic-v1.6.80-aic100/ssd-mobilenet/offline/performance/run_1/mlperf_log_detail.txt.
[2mINFO   [m Target latency: None, Latency: 645219329991, Scenario: Offline
[2mINFO   [m Sucessfully loaded MLPerf log from closed/Alibaba/results/haishen-qaic-v1.6.80-aic100/ssd-resnet34/multistream/accuracy/mlperf_log_detail.txt.
[2mINFO   [m Sucessfully loaded MLPerf log from closed/Alibaba/results/haishen-qaic-v1.6.80-aic100/ssd-resnet34/multistream/performance/run_1/mlperf_log_detail.txt.
[2mINFO   [m Sucessfully loaded MLPerf log from closed/Alibaba/results/haishen-qaic-v1.6.80-aic100/ssd-resnet34/multistream/performance/run_1/mlperf_log_detail.txt.
[2mINFO   [m Sucessfully loaded MLPerf log from closed/Alibaba/results/haishen-qaic-v1.6.80-aic100/ssd-resnet34/singlestream/accuracy/mlperf_log_detail.txt.
[2mINFO   [m Sucessfully loaded MLPerf log from closed/Alibaba/results/haishen-qaic-v1.6.80-aic100/ssd-resnet34/singlestream/performance/run_1/mlperf_log_detail.txt.
[2mINFO   [m Sucessfully loaded MLPerf log from closed/Alibaba/results/haishen-qaic-v1.6.80-aic100/ssd-resnet34/singlestream/performance/run_1/mlperf_log_detail.txt.
[2mINFO   [m Sucessfully loaded MLPerf log from closed/Alibaba/results/haishen-qaic-v1.6.80-aic100/ssd-resnet34/offline/accuracy/mlperf_log_detail.txt.
[2mINFO   [m Sucessfully loaded MLPerf log from closed/Alibaba/results/haishen-qaic-v1.6.80-aic100/ssd-resnet34/offline/performance/run_1/mlperf_log_detail.txt.
[2mINFO   [m Sucessfully loaded MLPerf log from closed/Alibaba/results/haishen-qaic-v1.6.80-aic100/ssd-resnet34/offline/performance/run_1/mlperf_log_detail.txt.
[2mINFO   [m Target latency: None, Latency: 650770370847, Scenario: Offline
[2mINFO   [m ---
[2mINFO   [m Results closed/Alibaba/results/haishen-qaic-v1.6.80-aic100/bert-99/offline 220.607
[2mINFO   [m Results closed/Alibaba/results/haishen-qaic-v1.6.80-aic100/bert-99/singlestream 14.418862
[2mINFO   [m Results closed/Alibaba/results/haishen-qaic-v1.6.80-aic100/resnet50/multistream 2.521763
[2mINFO   [m Results closed/Alibaba/results/haishen-qaic-v1.6.80-aic100/resnet50/offline 7047.83
[2mINFO   [m Results closed/Alibaba/results/haishen-qaic-v1.6.80-aic100/resnet50/singlestream 0.746142
[2mINFO   [m Results closed/Alibaba/results/haishen-qaic-v1.6.80-aic100/ssd-mobilenet/multistream 8.446564
[2mINFO   [m Results closed/Alibaba/results/haishen-qaic-v1.6.80-aic100/ssd-mobilenet/offline 3949.22
[2mINFO   [m Results closed/Alibaba/results/haishen-qaic-v1.6.80-aic100/ssd-mobilenet/singlestream 1.724885
[2mINFO   [m Results closed/Alibaba/results/haishen-qaic-v1.6.80-aic100/ssd-resnet34/multistream 120.236881
[2mINFO   [m Results closed/Alibaba/results/haishen-qaic-v1.6.80-aic100/ssd-resnet34/offline 150.604
[2mINFO   [m Results closed/Alibaba/results/haishen-qaic-v1.6.80-aic100/ssd-resnet34/singlestream 26.966234
[2mINFO   [m Results open/Alibaba/results/ACS_SINIAN_TVM/resnet50/Offline 12518.5
[2mINFO   [m Results open/Alibaba/results/ACS_SINIAN_TVM_datacenter/resnet50/Offline 12558.5
[2mINFO   [m ---
[2mINFO   [m ---
[2mINFO   [m Results=13, NoResults=0
[2mINFO   [m SUMMARY: submission looks OK

[31m0[m errors, [33m0[m warnings, [2m63[m infos
