ptd-server 2022-02-24 08:38:39,754 [INFO] Got command from the client 'time'
ptd-server 2022-02-24 08:38:39,754 [INFO] Sending reply to client '1645691919.7545245'
ptd-server 2022-02-24 08:38:39,756 [INFO] Got command from the client 'new,,a68cdd1c-d4bf-4dd1-94d4-ee425c1e6195'
ptd-server 2022-02-24 08:38:39,757 [INFO] Sending reply to client 'OK 2022-02-24_08-38-39,81f19610-84f1-4e93-bcf3-d682e31045eb'
ptd-server 2022-02-24 08:38:39,800 [INFO] Got command from the client 'time'
ptd-server 2022-02-24 08:38:39,800 [INFO] Sending reply to client '1645691919.8002956'
ptd-server 2022-02-24 08:38:39,801 [INFO] Got command from the client 'session,2022-02-24_08-38-39,start,ranging'
ptd-server 2022-02-24 08:38:39,802 [INFO] Running PTDaemon: ['/home/anton/projects/mlperf/power/inference_v1.0/ptd-linux-x86', '-l', '/tmp/tmp0_fn53vp/ptd_logfile.txt', '-p', '8888', '49', '/dev/usbtmc0']
ptd-server 2022-02-24 08:38:56,975 [INFO] Sending to ptd: 'Hello'
ptd-server 2022-02-24 08:38:56,976 [INFO] Reply from ptd: 'Hello, PTDaemon here!'
ptd-server 2022-02-24 08:38:56,976 [INFO] Sending to ptd: 'Identify'
ptd-server 2022-02-24 08:38:56,976 [INFO] Reply from ptd: 'YokogawaWT310E,1000,1,1,1,1,0,1,1,version=1.9.2-e8c7a49a-20201208,OS=Linux 5.13.0-30-generic #33~20.04.1-Ubuntu SMP Mon Feb 7 14:25:10 UTC 2022 x86_64,mode=power,1,1,1,0,0,no_cal_date,YOKOGAWA;WT310E;C3XA04010E;F1.04'
ptd-server 2022-02-24 08:38:56,977 [INFO] Connected to PTDaemon
ptd-server 2022-02-24 08:38:56,977 [INFO] Sending to ptd: 'RR'
ptd-server 2022-02-24 08:38:56,977 [INFO] Reply from ptd: 'Ranges,0,0.500000,1,300.000000'
ptd-server 2022-02-24 08:38:56,977 [INFO] Initial range for Amps is 0.500000 for Volts is Auto
ptd-server 2022-02-24 08:38:56,977 [INFO] Sending to ptd: 'SR,V,Auto'
ptd-server 2022-02-24 08:38:57,480 [INFO] Reply from ptd: 'Range V changed'
ptd-server 2022-02-24 08:38:57,480 [INFO] Sending to ptd: 'SR,A,Auto'
ptd-server 2022-02-24 08:38:57,982 [INFO] Reply from ptd: 'Range A changed'
ptd-server 2022-02-24 08:39:07,993 [INFO] Starting ranging mode
ptd-server 2022-02-24 08:39:07,993 [INFO] Sending to ptd: 'Go,1000,0,2022-02-24_08-38-39_ranging'
ptd-server 2022-02-24 08:39:07,993 [INFO] Reply from ptd: 'Starting untimed measurement, maximum 500000 samples at 1000ms with 0 rampup samples'
ptd-server 2022-02-24 08:39:07,994 [INFO] Sending reply to client 'OK'
ptd-server 2022-02-24 08:49:30,784 [INFO] Got command from the client 'session,2022-02-24_08-38-39,stop,ranging'
ptd-server 2022-02-24 08:49:40,794 [INFO] Sending to ptd: 'Stop'
ptd-server 2022-02-24 08:49:40,794 [INFO] Reply from ptd: 'Stopping untimed measurement'
ptd-server 2022-02-24 08:49:40,885 [INFO] Sending reply to client 'OK'
ptd-server 2022-02-24 08:49:40,939 [INFO] Got command from the client 'time'
ptd-server 2022-02-24 08:49:40,939 [INFO] Sending reply to client '1645692580.9399176'
ptd-server 2022-02-24 08:49:40,941 [INFO] Got command from the client 'session,2022-02-24_08-38-39,start,testing'
ptd-server 2022-02-24 08:49:40,941 [INFO] Sending to ptd: 'SR,V,248.840000'
ptd-server 2022-02-24 08:49:42,494 [INFO] Reply from ptd: 'Range V changed'
ptd-server 2022-02-24 08:49:42,495 [INFO] Sending to ptd: 'SR,A,0.047590'
ptd-server 2022-02-24 08:49:43,996 [INFO] Reply from ptd: 'Range A changed'
ptd-server 2022-02-24 08:49:54,006 [INFO] Starting testing mode
ptd-server 2022-02-24 08:49:54,007 [INFO] Sending to ptd: 'Go,1000,0,2022-02-24_08-38-39_testing'
ptd-server 2022-02-24 08:49:54,007 [INFO] Reply from ptd: 'Starting untimed measurement, maximum 500000 samples at 1000ms with 0 rampup samples'
ptd-server 2022-02-24 08:49:54,007 [INFO] Sending reply to client 'OK'
ptd-server 2022-02-24 09:00:16,620 [INFO] Got command from the client 'session,2022-02-24_08-38-39,stop,testing'
ptd-server 2022-02-24 09:00:26,630 [INFO] Sending to ptd: 'Stop'
ptd-server 2022-02-24 09:00:26,630 [INFO] Reply from ptd: 'Stopping untimed measurement'
ptd-server 2022-02-24 09:00:26,677 [INFO] Sending reply to client 'OK'
ptd-server 2022-02-24 09:00:26,695 [INFO] Got command from the client 'session,2022-02-24_08-38-39,done'
ptd-server 2022-02-24 09:00:26,696 [INFO] Sending to ptd: 'Stop'
ptd-server 2022-02-24 09:00:27,008 [INFO] Reply from ptd: 'Error: no measurement to stop'
ptd-server 2022-02-24 09:00:27,008 [INFO] Sending to ptd: 'SR,V,Auto'
ptd-server 2022-02-24 09:00:27,510 [INFO] Reply from ptd: 'Range V changed'
ptd-server 2022-02-24 09:00:27,510 [INFO] Sending to ptd: 'SR,A,0.500000'
ptd-server 2022-02-24 09:00:29,012 [INFO] Reply from ptd: 'Range A changed'
ptd-server 2022-02-24 09:00:29,012 [INFO] Set initial values for Amps 0.500000 and Volts Auto
ptd-server 2022-02-24 09:00:29,012 [INFO] Stopping ptd...
