ptd-server 2022-02-18 15:20:11,017 [INFO] Got command from the client 'time'
ptd-server 2022-02-18 15:20:11,017 [INFO] Sending reply to client '1645219211.0173984'
ptd-server 2022-02-18 15:20:11,018 [INFO] Got command from the client 'new,,1687d848-45a0-4c73-91c2-0617861a3749'
ptd-server 2022-02-18 15:20:11,018 [INFO] Sending reply to client 'OK 2022-02-18_15-20-11,476d85bb-488c-460c-9e41-5a81534b83f7'
ptd-server 2022-02-18 15:20:11,126 [INFO] Got command from the client 'time'
ptd-server 2022-02-18 15:20:11,127 [INFO] Sending reply to client '1645219211.1272073'
ptd-server 2022-02-18 15:20:11,128 [INFO] Got command from the client 'session,2022-02-18_15-20-11,start,ranging'
ptd-server 2022-02-18 15:20:11,129 [INFO] Running PTDaemon: ['/local/mnt/workspace/mlcommons/power-main/inference_v1.0/ptd-linux-x86', '-l', '/tmp/tmp4zullp9k/ptd_logfile.txt', '-p', '8889', '49', '/dev/usbtmc0']
ptd-server 2022-02-18 15:20:28,245 [INFO] Sending to ptd: 'Hello'
ptd-server 2022-02-18 15:20:28,246 [INFO] Reply from ptd: 'Hello, PTDaemon here!'
ptd-server 2022-02-18 15:20:28,246 [INFO] Sending to ptd: 'Identify'
ptd-server 2022-02-18 15:20:28,247 [INFO] Reply from ptd: 'YokogawaWT310E,1000,1,1,1,1,0,1,1,version=1.9.2-e8c7a49a-20201208,OS=Linux 4.15.0-162-generic #170-Ubuntu SMP Mon Oct 18 11:38:05 UTC 2021 x86_64,mode=power,1,1,1,0,0,no_cal_date,YOKOGAWA;WT310E;C2XF16028V;F1.04'
ptd-server 2022-02-18 15:20:28,247 [INFO] Connected to PTDaemon
ptd-server 2022-02-18 15:20:28,247 [INFO] Sending to ptd: 'RR'
ptd-server 2022-02-18 15:20:28,248 [INFO] Reply from ptd: 'Ranges,1,5.000000,1,150.000000'
ptd-server 2022-02-18 15:20:28,248 [INFO] Initial range for Amps is Auto for Volts is Auto
ptd-server 2022-02-18 15:20:28,248 [INFO] Sending to ptd: 'SR,V,Auto'
ptd-server 2022-02-18 15:20:28,751 [INFO] Reply from ptd: 'Range V changed'
ptd-server 2022-02-18 15:20:28,751 [INFO] Sending to ptd: 'SR,A,Auto'
ptd-server 2022-02-18 15:20:29,254 [INFO] Reply from ptd: 'Range A changed'
ptd-server 2022-02-18 15:20:39,265 [INFO] Starting ranging mode
ptd-server 2022-02-18 15:20:39,265 [INFO] Sending to ptd: 'Go,1000,0,2022-02-18_15-20-11_ranging'
ptd-server 2022-02-18 15:20:39,265 [INFO] Reply from ptd: 'Starting untimed measurement, maximum 500000 samples at 1000ms with 0 rampup samples'
ptd-server 2022-02-18 15:20:39,266 [INFO] Sending reply to client 'OK'
ptd-server 2022-02-18 15:33:22,026 [INFO] Got command from the client 'session,2022-02-18_15-20-11,stop,ranging'
ptd-server 2022-02-18 15:33:32,037 [INFO] Sending to ptd: 'Stop'
ptd-server 2022-02-18 15:33:32,037 [INFO] Reply from ptd: 'Stopping untimed measurement'
ptd-server 2022-02-18 15:33:32,184 [INFO] Sending reply to client 'OK'
ptd-server 2022-02-18 15:33:32,279 [INFO] Got command from the client 'time'
ptd-server 2022-02-18 15:33:32,280 [INFO] Sending reply to client '1645220012.2801313'
ptd-server 2022-02-18 15:33:32,280 [INFO] Got command from the client 'session,2022-02-18_15-20-11,start,testing'
ptd-server 2022-02-18 15:33:32,280 [INFO] Sending to ptd: 'SR,V,122.050000'
ptd-server 2022-02-18 15:33:33,782 [INFO] Reply from ptd: 'Range V changed'
ptd-server 2022-02-18 15:33:33,783 [INFO] Sending to ptd: 'SR,A,4.581600'
ptd-server 2022-02-18 15:33:35,285 [INFO] Reply from ptd: 'Range A changed'
ptd-server 2022-02-18 15:33:45,295 [INFO] Starting testing mode
ptd-server 2022-02-18 15:33:45,295 [INFO] Sending to ptd: 'Go,1000,0,2022-02-18_15-20-11_testing'
ptd-server 2022-02-18 15:33:45,296 [INFO] Reply from ptd: 'Starting untimed measurement, maximum 500000 samples at 1000ms with 0 rampup samples'
ptd-server 2022-02-18 15:33:45,296 [INFO] Sending reply to client 'OK'
ptd-server 2022-02-18 15:46:27,963 [INFO] Got command from the client 'session,2022-02-18_15-20-11,stop,testing'
ptd-server 2022-02-18 15:46:37,974 [INFO] Sending to ptd: 'Stop'
ptd-server 2022-02-18 15:46:37,975 [INFO] Reply from ptd: 'Stopping untimed measurement'
ptd-server 2022-02-18 15:46:38,056 [INFO] Sending reply to client 'OK'
ptd-server 2022-02-18 15:46:38,063 [INFO] Got command from the client 'session,2022-02-18_15-20-11,done'
ptd-server 2022-02-18 15:46:38,063 [INFO] Sending to ptd: 'Stop'
ptd-server 2022-02-18 15:46:38,296 [INFO] Reply from ptd: 'Error: no measurement to stop'
ptd-server 2022-02-18 15:46:38,297 [INFO] Sending to ptd: 'SR,V,Auto'
ptd-server 2022-02-18 15:46:38,799 [INFO] Reply from ptd: 'Range V changed'
ptd-server 2022-02-18 15:46:38,800 [INFO] Sending to ptd: 'SR,A,Auto'
ptd-server 2022-02-18 15:46:39,303 [INFO] Reply from ptd: 'Range A changed'
ptd-server 2022-02-18 15:46:39,303 [INFO] Set initial values for Amps Auto and Volts Auto
ptd-server 2022-02-18 15:46:39,303 [INFO] Stopping ptd...
