client 2022-02-22 04:37:53,626 [INFO] Sending command to the server: 'mlcommons/power client v3'
client 2022-02-22 04:37:53,631 [INFO] Got response: 'mlcommons/power server v3'
client 2022-02-22 04:37:53,631 [INFO] Sending command to the server: 'stop'
client 2022-02-22 04:37:53,633 [INFO] Got response: 'OK'
client 2022-02-22 04:37:53,633 [INFO] Synchronizing with the server and with ib-01.dc4-in.nvidia.com...
client 2022-02-22 04:37:53,841 [INFO] NTP:offset = 0.000 s, delay = 0.202 s 
client 2022-02-22 04:37:53,841 [INFO] Sending command to the server: 'time'
client 2022-02-22 04:37:53,843 [INFO] Got response: '1645504673.8366897'
client 2022-02-22 04:37:53,843 [INFO] The time difference between the client and the server is within range 4.756 ms..6.459 ms
client 2022-02-22 04:37:53,843 [INFO] Sending command to the server: 'new,,91a3d053-e175-4496-a502-b1158c450daf'
client 2022-02-22 04:37:53,845 [INFO] Got response: 'OK 2022-02-21_20-37-53,16b2c86d-546e-4f26-9239-344a1f258118'
client 2022-02-22 04:37:53,845 [INFO] Session id is '2022-02-21_20-37-53'
client 2022-02-22 04:37:53,845 [INFO] Sources: {"sources": {"__init__.py": "da39a3ee5e6b4b0d3255bfef95601890afd80709", "client.py": "33ca4f26368777ac06e01f9567b714a4b8063886", "lib/__init__.py": "da39a3ee5e6b4b0d3255bfef95601890afd80709", "lib/client.py": "4c2b78fb4849a7e5b584ef792d82aaed20b17f57", "lib/common.py": "624d0c0acc7c39aaff3674f0b99d6a09da53d1dc", "lib/external/__init__.py": "da39a3ee5e6b4b0d3255bfef95601890afd80709", "lib/external/ntplib.py": "4da8f970656505a40483206ef2b5d3dd5e81711d", "lib/server.py": "59c9fb92908260d3e9f81a895c7aa009742275e4", "lib/source_hashes.py": "60a2e02193209e8d392803326208d5466342da18", "lib/summary.py": "aa92f0a3f975eecd44d3c0cd0236342ccc9f941d", "lib/time_sync.py": "3210db56eb0ff0df57bf4293dc4d4b03fffd46f1", "server.py": "c3f90f2f7eeb4db30727556d0c815ebc89b3d28b", "tests/unit/__init__.py": "da39a3ee5e6b4b0d3255bfef95601890afd80709", "tests/unit/test_server.py": "99ae15aef722f2000ee6ed1ae1523637bf1ae42b", "tests/unit/test_source_hashes.py": "00468a2907583c593e6574a1f6b404e4651c221a"}, "modules": {"ptd_client_server.lib.client": "lib/client.py", "ptd_client_server.lib.common": "lib/common.py", "ptd_client_server.lib.external.ntplib": "lib/external/ntplib.py", "ptd_client_server.lib.source_hashes": "lib/source_hashes.py", "ptd_client_server.lib.summary": "lib/summary.py", "ptd_client_server.lib.time_sync": "lib/time_sync.py"}}
client 2022-02-22 04:37:53,847 [INFO] Running workload in ranging mode
client 2022-02-22 04:37:53,847 [INFO] Synchronizing with the server and with ib-01.dc4-in.nvidia.com...
client 2022-02-22 04:37:54,051 [INFO] NTP:offset = 0.000 s, delay = 0.202 s 
client 2022-02-22 04:37:54,051 [INFO] Sending command to the server: 'time'
client 2022-02-22 04:37:54,053 [INFO] Got response: '1645504674.0553856'
client 2022-02-22 04:37:54,053 [INFO] The time difference between the client and the server is within range -3.417 ms..-1.711 ms
client 2022-02-22 04:37:54,053 [INFO] Sending command to the server: 'session,2022-02-21_20-37-53,start,ranging'
client 2022-02-22 04:38:34,304 [INFO] Got response: 'OK'
client 2022-02-22 04:38:34,304 [INFO] Running the workload 'LOG_DIR=/work/build/power_logs_temp python3 code/main.py --benchmarks=rnnt --scenarios=Offline --test_mode=PerformanceOnly --config_ver=maxq --action="run_harness" \\\n\t\t2>&1 | tee -a /work/build/power_logs/2022.02.22-04.37.37/stdout.txt \\\n\t\t&& if [ ! -d /work/build/power_logs/2022.02.22-04.37.37/ranging_tmp ]; \\\n\t\t\tthen mkdir /work/build/power_logs/2022.02.22-04.37.37/ranging_tmp \\\n\t\t\t\t&& mv /work/build/power_logs_temp/* /work/build/power_logs/2022.02.22-04.37.37/ranging_tmp/ \\\n\t\t\t\t&& cp -v /work/build/power_logs/2022.02.22-04.37.37/ranging_tmp/*/*/*/mlperf_log_detail.txt /work/build/power_logs_temp/ \\\n\t\t\t\t&& cp -v /work/build/power_logs/2022.02.22-04.37.37/ranging_tmp/*/*/*/mlperf_log_summary.txt /work/build/power_logs_temp/; \\\n\t\t\telse mkdir /work/build/power_logs/2022.02.22-04.37.37/testing_tmp \\\n\t\t\t\t&& mv /work/build/power_logs_temp/* /work/build/power_logs/2022.02.22-04.37.37/testing_tmp/ \\\n\t\t\t\t&& cp -v /work/build/power_logs/2022.02.22-04.37.37/testing_tmp/*/*/*/mlperf_log_detail.txt /work/build/power_logs_temp/ \\\n\t\t\t\t&& cp -v /work/build/power_logs/2022.02.22-04.37.37/testing_tmp/*/*/*/mlperf_log_summary.txt /work/build/power_logs_temp/; fi'
client 2022-02-22 04:51:55,410 [INFO] Sending command to the server: 'session,2022-02-21_20-37-53,stop,ranging'
client 2022-02-22 04:52:05,475 [INFO] Got response: 'OK'
client 2022-02-22 04:52:05,487 [INFO] Copying loadgen logs from '/work/build/power_logs_temp' to '/work/build/power_logs/2022.02.22-04.37.37/2022-02-21_20-37-53/ranging'
client 2022-02-22 04:52:05,496 [INFO] Running workload in testing mode
client 2022-02-22 04:52:05,496 [INFO] Synchronizing with the server and with ib-01.dc4-in.nvidia.com...
client 2022-02-22 04:52:05,701 [INFO] NTP:offset = 0.000 s, delay = 0.202 s 
client 2022-02-22 04:52:05,701 [INFO] Sending command to the server: 'time'
client 2022-02-22 04:52:05,702 [INFO] Got response: '1645505525.6977017'
client 2022-02-22 04:52:05,702 [INFO] The time difference between the client and the server is within range 3.461 ms..4.748 ms
client 2022-02-22 04:52:05,702 [INFO] Sending command to the server: 'session,2022-02-21_20-37-53,start,testing'
client 2022-02-22 04:52:27,993 [INFO] Got response: 'OK'
client 2022-02-22 04:52:27,993 [INFO] Running the workload 'LOG_DIR=/work/build/power_logs_temp python3 code/main.py --benchmarks=rnnt --scenarios=Offline --test_mode=PerformanceOnly --config_ver=maxq --action="run_harness" \\\n\t\t2>&1 | tee -a /work/build/power_logs/2022.02.22-04.37.37/stdout.txt \\\n\t\t&& if [ ! -d /work/build/power_logs/2022.02.22-04.37.37/ranging_tmp ]; \\\n\t\t\tthen mkdir /work/build/power_logs/2022.02.22-04.37.37/ranging_tmp \\\n\t\t\t\t&& mv /work/build/power_logs_temp/* /work/build/power_logs/2022.02.22-04.37.37/ranging_tmp/ \\\n\t\t\t\t&& cp -v /work/build/power_logs/2022.02.22-04.37.37/ranging_tmp/*/*/*/mlperf_log_detail.txt /work/build/power_logs_temp/ \\\n\t\t\t\t&& cp -v /work/build/power_logs/2022.02.22-04.37.37/ranging_tmp/*/*/*/mlperf_log_summary.txt /work/build/power_logs_temp/; \\\n\t\t\telse mkdir /work/build/power_logs/2022.02.22-04.37.37/testing_tmp \\\n\t\t\t\t&& mv /work/build/power_logs_temp/* /work/build/power_logs/2022.02.22-04.37.37/testing_tmp/ \\\n\t\t\t\t&& cp -v /work/build/power_logs/2022.02.22-04.37.37/testing_tmp/*/*/*/mlperf_log_detail.txt /work/build/power_logs_temp/ \\\n\t\t\t\t&& cp -v /work/build/power_logs/2022.02.22-04.37.37/testing_tmp/*/*/*/mlperf_log_summary.txt /work/build/power_logs_temp/; fi'
client 2022-02-22 05:05:44,531 [INFO] Sending command to the server: 'session,2022-02-21_20-37-53,stop,testing'
client 2022-02-22 05:05:54,584 [INFO] Got response: 'OK'
client 2022-02-22 05:05:54,589 [INFO] Copying loadgen logs from '/work/build/power_logs_temp' to '/work/build/power_logs/2022.02.22-04.37.37/2022-02-21_20-37-53/run_1'
client 2022-02-22 05:05:54,599 [INFO] Done runs
