ptd-server 2022-02-21 20:37:53,633 [INFO] Got command from the client 'stop'
ptd-server 2022-02-21 20:37:53,633 [INFO] The server will be stopped after processing this client
ptd-server 2022-02-21 20:37:53,633 [INFO] Sending reply to client 'OK'
ptd-server 2022-02-21 20:37:53,836 [INFO] Got command from the client 'time'
ptd-server 2022-02-21 20:37:53,836 [INFO] Sending reply to client '1645504673.8366897'
ptd-server 2022-02-21 20:37:53,836 [INFO] Got command from the client 'new,,91a3d053-e175-4496-a502-b1158c450daf'
ptd-server 2022-02-21 20:37:53,836 [INFO] Sending reply to client 'OK 2022-02-21_20-37-53,16b2c86d-546e-4f26-9239-344a1f258118'
ptd-server 2022-02-21 20:37:54,055 [INFO] Got command from the client 'time'
ptd-server 2022-02-21 20:37:54,055 [INFO] Sending reply to client '1645504674.0553856'
ptd-server 2022-02-21 20:37:54,055 [INFO] Got command from the client 'session,2022-02-21_20-37-53,start,ranging'
ptd-server 2022-02-21 20:37:54,164 [INFO] Running PTDaemon: ['C:\\PTD\\ptd-windows-x86.exe', '-l', 'C:\\Users\\lab\\AppData\\Local\\Temp\\tmpyym3974c\\ptd_logfile.txt', '-p', '8888', '-c', '1,3', '-y', '77', '10.117.41.199']
ptd-server 2022-02-21 20:38:14,163 [INFO] Sending to ptd: 'Hello'
ptd-server 2022-02-21 20:38:14,163 [INFO] Reply from ptd: 'Hello, PTDaemon here!'
ptd-server 2022-02-21 20:38:14,163 [INFO] Sending to ptd: 'Identify'
ptd-server 2022-02-21 20:38:14,163 [INFO] Reply from ptd: 'YokogawaWT330_multichannel,1000,1,1,1,1,0,0,1,version=1.9.2-3976349f-20201208,OS=Windows 8 / Server 2012,mode=power,1,1,2,0,0,no_cal_date,YOKOGAWA;WT333E;C2WL21011V;F1.04'
ptd-server 2022-02-21 20:38:14,163 [INFO] Connected to PTDaemon
ptd-server 2022-02-21 20:38:14,163 [INFO] Sending to ptd: 'RR'
ptd-server 2022-02-21 20:38:14,163 [INFO] Reply from ptd: 'Ranges,0,5.000000,0,300.000000'
ptd-server 2022-02-21 20:38:14,163 [INFO] Initial range for Amps is 5.000000 for Volts is 300.000000
ptd-server 2022-02-21 20:38:14,163 [INFO] Sending to ptd: 'SR,V,Auto'
ptd-server 2022-02-21 20:38:19,230 [INFO] Reply from ptd: 'Range V changed'
ptd-server 2022-02-21 20:38:19,230 [INFO] Sending to ptd: 'SR,A,Auto'
ptd-server 2022-02-21 20:38:24,301 [INFO] Reply from ptd: 'Range A changed'
ptd-server 2022-02-21 20:38:34,302 [INFO] Starting ranging mode
ptd-server 2022-02-21 20:38:34,302 [INFO] Sending to ptd: 'Go,1000,0,2022-02-21_20-37-53_ranging'
ptd-server 2022-02-21 20:38:34,302 [INFO] Reply from ptd: 'Starting untimed measurement, maximum 500000 samples at 1000ms with 0 rampup samples'
ptd-server 2022-02-21 20:38:34,302 [INFO] Sending reply to client 'OK'
ptd-server 2022-02-21 20:51:55,415 [INFO] Got command from the client 'session,2022-02-21_20-37-53,stop,ranging'
ptd-server 2022-02-21 20:52:05,416 [INFO] Sending to ptd: 'Stop'
ptd-server 2022-02-21 20:52:05,416 [INFO] Reply from ptd: 'Stopping untimed measurement'
ptd-server 2022-02-21 20:52:05,478 [INFO] Sending reply to client 'OK'
ptd-server 2022-02-21 20:52:05,697 [INFO] Got command from the client 'time'
ptd-server 2022-02-21 20:52:05,697 [INFO] Sending reply to client '1645505525.6977017'
ptd-server 2022-02-21 20:52:05,697 [INFO] Got command from the client 'session,2022-02-21_20-37-53,start,testing'
ptd-server 2022-02-21 20:52:05,697 [INFO] Sending to ptd: 'SR,V,205.950000'
ptd-server 2022-02-21 20:52:12,391 [INFO] Reply from ptd: 'Range V changed'
ptd-server 2022-02-21 20:52:12,391 [INFO] Sending to ptd: 'SR,A,4.021500'
ptd-server 2022-02-21 20:52:17,981 [INFO] Reply from ptd: 'Range A changed'
ptd-server 2022-02-21 20:52:27,991 [INFO] Starting testing mode
ptd-server 2022-02-21 20:52:27,991 [INFO] Sending to ptd: 'Go,1000,0,2022-02-21_20-37-53_testing'
ptd-server 2022-02-21 20:52:27,991 [INFO] Reply from ptd: 'Starting untimed measurement, maximum 500000 samples at 1000ms with 0 rampup samples'
ptd-server 2022-02-21 20:52:27,991 [INFO] Sending reply to client 'OK'
ptd-server 2022-02-21 21:05:44,537 [INFO] Got command from the client 'session,2022-02-21_20-37-53,stop,testing'
ptd-server 2022-02-21 21:05:54,546 [INFO] Sending to ptd: 'Stop'
ptd-server 2022-02-21 21:05:54,552 [INFO] Reply from ptd: 'Stopping untimed measurement'
ptd-server 2022-02-21 21:05:54,583 [INFO] Sending reply to client 'OK'
ptd-server 2022-02-21 21:05:54,614 [INFO] Got command from the client 'session,2022-02-21_20-37-53,done'
ptd-server 2022-02-21 21:05:54,614 [INFO] Sending to ptd: 'Stop'
ptd-server 2022-02-21 21:05:55,008 [INFO] Reply from ptd: 'Error: no measurement to stop'
ptd-server 2022-02-21 21:05:55,008 [INFO] Sending to ptd: 'SR,V,300.000000'
ptd-server 2022-02-21 21:06:01,105 [INFO] Reply from ptd: 'Range V changed'
ptd-server 2022-02-21 21:06:01,105 [INFO] Sending to ptd: 'SR,A,5.000000'
ptd-server 2022-02-21 21:06:06,701 [INFO] Reply from ptd: 'Range A changed'
ptd-server 2022-02-21 21:06:06,701 [INFO] Set initial values for Amps 5.000000 and Volts 300.000000
ptd-server 2022-02-21 21:06:06,701 [INFO] Stopping ptd...
