ptd-server 2022-02-19 01:30:35,008 [INFO] Got command from the client 'time'
ptd-server 2022-02-19 01:30:35,009 [INFO] Sending reply to client '1645234235.0091257'
ptd-server 2022-02-19 01:30:35,010 [INFO] Got command from the client 'new,,655d1ae7-0fae-4d2a-b79a-036521748b67'
ptd-server 2022-02-19 01:30:35,010 [INFO] Sending reply to client 'OK 2022-02-19_01-30-35,eae34cbf-5fdd-4586-aeea-ebe18229eb3e'
ptd-server 2022-02-19 01:30:35,039 [INFO] Got command from the client 'time'
ptd-server 2022-02-19 01:30:35,040 [INFO] Sending reply to client '1645234235.040003'
ptd-server 2022-02-19 01:30:35,041 [INFO] Got command from the client 'session,2022-02-19_01-30-35,start,ranging'
ptd-server 2022-02-19 01:30:35,041 [INFO] Running PTDaemon: ['/home/anton/projects/mlperf/power/inference_v1.0/ptd-linux-x86', '-l', '/tmp/tmpgldyt7rr/ptd_logfile.txt', '-p', '8888', '49', '/dev/usbtmc0']
ptd-server 2022-02-19 01:30:52,213 [INFO] Sending to ptd: 'Hello'
ptd-server 2022-02-19 01:30:52,214 [INFO] Reply from ptd: 'Hello, PTDaemon here!'
ptd-server 2022-02-19 01:30:52,214 [INFO] Sending to ptd: 'Identify'
ptd-server 2022-02-19 01:30:52,214 [INFO] Reply from ptd: 'YokogawaWT310E,1000,1,1,1,1,0,1,1,version=1.9.2-e8c7a49a-20201208,OS=Linux 5.13.0-28-generic #31~20.04.1-Ubuntu SMP Wed Jan 19 14:08:10 UTC 2022 x86_64,mode=power,1,1,1,0,0,no_cal_date,YOKOGAWA;WT310E;C3XA04010E;F1.04'
ptd-server 2022-02-19 01:30:52,215 [INFO] Connected to PTDaemon
ptd-server 2022-02-19 01:30:52,215 [INFO] Sending to ptd: 'RR'
ptd-server 2022-02-19 01:30:52,215 [INFO] Reply from ptd: 'Ranges,0,0.500000,0,300.000000'
ptd-server 2022-02-19 01:30:52,215 [INFO] Initial range for Amps is 0.500000 for Volts is 300.000000
ptd-server 2022-02-19 01:30:52,215 [INFO] Sending to ptd: 'SR,V,Auto'
ptd-server 2022-02-19 01:30:52,718 [INFO] Reply from ptd: 'Range V changed'
ptd-server 2022-02-19 01:30:52,718 [INFO] Sending to ptd: 'SR,A,Auto'
ptd-server 2022-02-19 01:30:53,220 [INFO] Reply from ptd: 'Range A changed'
ptd-server 2022-02-19 01:31:03,231 [INFO] Starting ranging mode
ptd-server 2022-02-19 01:31:03,231 [INFO] Sending to ptd: 'Go,1000,0,2022-02-19_01-30-35_ranging'
ptd-server 2022-02-19 01:31:03,231 [INFO] Reply from ptd: 'Starting untimed measurement, maximum 500000 samples at 1000ms with 0 rampup samples'
ptd-server 2022-02-19 01:31:03,232 [INFO] Sending reply to client 'OK'
ptd-server 2022-02-19 01:41:30,037 [INFO] Got command from the client 'session,2022-02-19_01-30-35,stop,ranging'
ptd-server 2022-02-19 01:41:40,047 [INFO] Sending to ptd: 'Stop'
ptd-server 2022-02-19 01:41:40,048 [INFO] Reply from ptd: 'Stopping untimed measurement'
ptd-server 2022-02-19 01:41:40,337 [INFO] Sending reply to client 'OK'
ptd-server 2022-02-19 01:41:40,407 [INFO] Got command from the client 'time'
ptd-server 2022-02-19 01:41:40,407 [INFO] Sending reply to client '1645234900.4075058'
ptd-server 2022-02-19 01:41:40,408 [INFO] Got command from the client 'session,2022-02-19_01-30-35,start,testing'
ptd-server 2022-02-19 01:41:40,408 [INFO] Sending to ptd: 'SR,V,252.110000'
ptd-server 2022-02-19 01:41:41,910 [INFO] Reply from ptd: 'Range V changed'
ptd-server 2022-02-19 01:41:41,910 [INFO] Sending to ptd: 'SR,A,0.043410'
ptd-server 2022-02-19 01:41:43,411 [INFO] Reply from ptd: 'Range A changed'
ptd-server 2022-02-19 01:41:53,422 [INFO] Starting testing mode
ptd-server 2022-02-19 01:41:53,422 [INFO] Sending to ptd: 'Go,1000,0,2022-02-19_01-30-35_testing'
ptd-server 2022-02-19 01:41:53,422 [INFO] Reply from ptd: 'Starting untimed measurement, maximum 500000 samples at 1000ms with 0 rampup samples'
ptd-server 2022-02-19 01:41:53,422 [INFO] Sending reply to client 'OK'
ptd-server 2022-02-19 01:52:19,348 [INFO] Got command from the client 'session,2022-02-19_01-30-35,stop,testing'
ptd-server 2022-02-19 01:52:29,358 [INFO] Sending to ptd: 'Stop'
ptd-server 2022-02-19 01:52:29,359 [INFO] Reply from ptd: 'Stopping untimed measurement'
ptd-server 2022-02-19 01:52:29,516 [INFO] Sending reply to client 'OK'
ptd-server 2022-02-19 01:52:29,535 [INFO] Got command from the client 'session,2022-02-19_01-30-35,done'
ptd-server 2022-02-19 01:52:29,535 [INFO] Sending to ptd: 'Stop'
ptd-server 2022-02-19 01:52:29,535 [INFO] Reply from ptd: 'Error: no measurement to stop'
ptd-server 2022-02-19 01:52:29,535 [INFO] Sending to ptd: 'SR,V,300.000000'
ptd-server 2022-02-19 01:52:31,037 [INFO] Reply from ptd: 'Range V changed'
ptd-server 2022-02-19 01:52:31,037 [INFO] Sending to ptd: 'SR,A,0.500000'
ptd-server 2022-02-19 01:52:32,538 [INFO] Reply from ptd: 'Range A changed'
ptd-server 2022-02-19 01:52:32,538 [INFO] Set initial values for Amps 0.500000 and Volts 300.000000
ptd-server 2022-02-19 01:52:32,539 [INFO] Stopping ptd...
