ptd-server 2022-02-23 13:16:23,756 [INFO] Got command from the client 'stop'
ptd-server 2022-02-23 13:16:23,756 [INFO] The server will be stopped after processing this client
ptd-server 2022-02-23 13:16:23,756 [INFO] Sending reply to client 'OK'
ptd-server 2022-02-23 13:16:23,975 [INFO] Got command from the client 'time'
ptd-server 2022-02-23 13:16:23,975 [INFO] Sending reply to client '1645650983.975238'
ptd-server 2022-02-23 13:16:23,975 [INFO] Got command from the client 'new,,b40b4fa8-c745-4994-8b29-7398de415331'
ptd-server 2022-02-23 13:16:23,975 [INFO] Sending reply to client 'OK 2022-02-23_13-16-23,a3a3260c-9b9c-46aa-aeca-491d716a7906'
ptd-server 2022-02-23 13:16:24,193 [INFO] Got command from the client 'time'
ptd-server 2022-02-23 13:16:24,193 [INFO] Sending reply to client '1645650984.1939354'
ptd-server 2022-02-23 13:16:24,193 [INFO] Got command from the client 'session,2022-02-23_13-16-23,start,ranging'
ptd-server 2022-02-23 13:16:24,303 [INFO] Running PTDaemon: ['C:\\PTD\\ptd-windows-x86.exe', '-l', 'C:\\Users\\lab\\AppData\\Local\\Temp\\tmpaezja82_\\ptd_logfile.txt', '-p', '8888', '-c', '1,2', '-y', '77', '10.34.224.245']
ptd-server 2022-02-23 13:16:42,720 [INFO] Sending to ptd: 'Hello'
ptd-server 2022-02-23 13:16:42,720 [INFO] Reply from ptd: 'Hello, PTDaemon here!'
ptd-server 2022-02-23 13:16:42,720 [INFO] Sending to ptd: 'Identify'
ptd-server 2022-02-23 13:16:42,720 [INFO] Reply from ptd: 'YokogawaWT330_multichannel,1000,1,1,1,1,0,0,1,version=1.9.2-3976349f-20201208,OS=Windows 8 / Server 2012,mode=power,1,1,2,0,0,no_cal_date,YOKOGAWA;WT333E;C2XL24038V;F1.04'
ptd-server 2022-02-23 13:16:42,720 [INFO] Connected to PTDaemon
ptd-server 2022-02-23 13:16:42,720 [INFO] Sending to ptd: 'RR'
ptd-server 2022-02-23 13:16:42,720 [INFO] Reply from ptd: 'Ranges,-1,-1.000000,-1,-1.000000'
ptd-server 2022-02-23 13:16:42,720 [INFO] Initial range for Amps is Auto for Volts is Auto
ptd-server 2022-02-23 13:16:42,720 [INFO] Sending to ptd: 'SR,V,Auto'
ptd-server 2022-02-23 13:16:47,797 [INFO] Reply from ptd: 'Range V changed'
ptd-server 2022-02-23 13:16:47,797 [INFO] Sending to ptd: 'SR,A,Auto'
ptd-server 2022-02-23 13:16:52,874 [INFO] Reply from ptd: 'Range A changed'
ptd-server 2022-02-23 13:17:02,887 [INFO] Starting ranging mode
ptd-server 2022-02-23 13:17:02,887 [INFO] Sending to ptd: 'Go,1000,0,2022-02-23_13-16-23_ranging'
ptd-server 2022-02-23 13:17:02,887 [INFO] Reply from ptd: 'Starting untimed measurement, maximum 500000 samples at 1000ms with 0 rampup samples'
ptd-server 2022-02-23 13:17:02,887 [INFO] Sending reply to client 'OK'
ptd-server 2022-02-23 13:35:42,490 [INFO] Got command from the client 'session,2022-02-23_13-16-23,stop,ranging'
ptd-server 2022-02-23 13:35:52,504 [INFO] Sending to ptd: 'Stop'
ptd-server 2022-02-23 13:35:52,504 [INFO] Reply from ptd: 'Stopping untimed measurement'
ptd-server 2022-02-23 13:35:52,550 [INFO] Sending reply to client 'OK'
ptd-server 2022-02-23 13:35:52,878 [INFO] Got command from the client 'time'
ptd-server 2022-02-23 13:35:52,878 [INFO] Sending reply to client '1645652152.8789346'
ptd-server 2022-02-23 13:35:52,878 [INFO] Got command from the client 'session,2022-02-23_13-16-23,start,testing'
ptd-server 2022-02-23 13:35:52,878 [INFO] Sending to ptd: 'SR,V,208.400000'
ptd-server 2022-02-23 13:35:58,986 [INFO] Reply from ptd: 'Range V changed'
ptd-server 2022-02-23 13:35:58,986 [INFO] Sending to ptd: 'SR,A,6.971000'
ptd-server 2022-02-23 13:36:04,579 [INFO] Reply from ptd: 'Range A changed'
ptd-server 2022-02-23 13:36:14,592 [INFO] Starting testing mode
ptd-server 2022-02-23 13:36:14,592 [INFO] Sending to ptd: 'Go,1000,0,2022-02-23_13-16-23_testing'
ptd-server 2022-02-23 13:36:14,592 [INFO] Reply from ptd: 'Starting untimed measurement, maximum 500000 samples at 1000ms with 0 rampup samples'
ptd-server 2022-02-23 13:36:14,592 [INFO] Sending reply to client 'OK'
ptd-server 2022-02-23 13:54:51,376 [INFO] Got command from the client 'session,2022-02-23_13-16-23,stop,testing'
ptd-server 2022-02-23 13:55:01,405 [INFO] Sending to ptd: 'Stop'
ptd-server 2022-02-23 13:55:01,405 [INFO] Reply from ptd: 'Stopping untimed measurement'
ptd-server 2022-02-23 13:55:01,421 [INFO] Sending reply to client 'OK'
ptd-server 2022-02-23 13:55:01,655 [INFO] Got command from the client 'session,2022-02-23_13-16-23,done'
ptd-server 2022-02-23 13:55:01,655 [INFO] Sending to ptd: 'Stop'
ptd-server 2022-02-23 13:55:01,686 [INFO] Reply from ptd: 'Error: no measurement to stop'
ptd-server 2022-02-23 13:55:01,702 [INFO] Sending to ptd: 'SR,V,Auto'
ptd-server 2022-02-23 13:55:06,779 [INFO] Reply from ptd: 'Range V changed'
ptd-server 2022-02-23 13:55:06,779 [INFO] Sending to ptd: 'SR,A,Auto'
ptd-server 2022-02-23 13:55:11,856 [INFO] Reply from ptd: 'Range A changed'
ptd-server 2022-02-23 13:55:11,856 [INFO] Set initial values for Amps Auto and Volts Auto
ptd-server 2022-02-23 13:55:11,856 [INFO] Stopping ptd...
