[2022-02-26 01:51:00,765 submission-checker.py:1217 ERROR] invalid division in input dir closed_submitted02
[2022-02-26 01:51:00,765 submission-checker.py:1217 ERROR] invalid division in input dir npu-tools
[2022-02-26 01:51:00,765 submission-checker.py:1217 ERROR] invalid division in input dir mlperf
[2022-02-26 01:51:00,781 log_parser.py:50 INFO] Sucessfully loaded MLPerf log from closed/FuriosaAI/results/warboy/resnet50/MultiStream/accuracy/mlperf_log_detail.txt.
[2022-02-26 01:51:00,784 log_parser.py:50 INFO] Sucessfully loaded MLPerf log from closed/FuriosaAI/results/warboy/resnet50/MultiStream/performance/run_1/mlperf_log_detail.txt.
[2022-02-26 01:51:00,786 log_parser.py:50 INFO] Sucessfully loaded MLPerf log from closed/FuriosaAI/results/warboy/resnet50/MultiStream/performance/run_1/mlperf_log_detail.txt.
[2022-02-26 01:51:00,802 log_parser.py:50 INFO] Sucessfully loaded MLPerf log from closed/FuriosaAI/results/warboy/resnet50/SingleStream/accuracy/mlperf_log_detail.txt.
[2022-02-26 01:51:00,805 log_parser.py:50 INFO] Sucessfully loaded MLPerf log from closed/FuriosaAI/results/warboy/resnet50/SingleStream/performance/run_1/mlperf_log_detail.txt.
[2022-02-26 01:51:00,806 log_parser.py:50 INFO] Sucessfully loaded MLPerf log from closed/FuriosaAI/results/warboy/resnet50/SingleStream/performance/run_1/mlperf_log_detail.txt.
[2022-02-26 01:51:00,823 log_parser.py:50 INFO] Sucessfully loaded MLPerf log from closed/FuriosaAI/results/warboy/resnet50/Offline/accuracy/mlperf_log_detail.txt.
[2022-02-26 01:51:00,826 log_parser.py:50 INFO] Sucessfully loaded MLPerf log from closed/FuriosaAI/results/warboy/resnet50/Offline/performance/run_1/mlperf_log_detail.txt.
[2022-02-26 01:51:00,827 log_parser.py:50 INFO] Sucessfully loaded MLPerf log from closed/FuriosaAI/results/warboy/resnet50/Offline/performance/run_1/mlperf_log_detail.txt.
[2022-02-26 01:51:00,827 submission-checker.py:969 INFO] Target latency: None, Latency: 615872836977, Scenario: Offline
[2022-02-26 01:51:00,833 log_parser.py:50 INFO] Sucessfully loaded MLPerf log from closed/FuriosaAI/results/warboy/ssd-mobilenet/MultiStream/accuracy/mlperf_log_detail.txt.
[2022-02-26 01:51:00,834 log_parser.py:50 INFO] Sucessfully loaded MLPerf log from closed/FuriosaAI/results/warboy/ssd-mobilenet/MultiStream/performance/run_1/mlperf_log_detail.txt.
[2022-02-26 01:51:00,835 log_parser.py:50 INFO] Sucessfully loaded MLPerf log from closed/FuriosaAI/results/warboy/ssd-mobilenet/MultiStream/performance/run_1/mlperf_log_detail.txt.
[2022-02-26 01:51:00,842 log_parser.py:50 INFO] Sucessfully loaded MLPerf log from closed/FuriosaAI/results/warboy/ssd-mobilenet/SingleStream/accuracy/mlperf_log_detail.txt.
[2022-02-26 01:51:00,844 log_parser.py:50 INFO] Sucessfully loaded MLPerf log from closed/FuriosaAI/results/warboy/ssd-mobilenet/SingleStream/performance/run_1/mlperf_log_detail.txt.
[2022-02-26 01:51:00,845 log_parser.py:50 INFO] Sucessfully loaded MLPerf log from closed/FuriosaAI/results/warboy/ssd-mobilenet/SingleStream/performance/run_1/mlperf_log_detail.txt.
[2022-02-26 01:51:00,852 log_parser.py:50 INFO] Sucessfully loaded MLPerf log from closed/FuriosaAI/results/warboy/ssd-mobilenet/Offline/accuracy/mlperf_log_detail.txt.
[2022-02-26 01:51:00,854 log_parser.py:50 INFO] Sucessfully loaded MLPerf log from closed/FuriosaAI/results/warboy/ssd-mobilenet/Offline/performance/run_1/mlperf_log_detail.txt.
[2022-02-26 01:51:00,855 log_parser.py:50 INFO] Sucessfully loaded MLPerf log from closed/FuriosaAI/results/warboy/ssd-mobilenet/Offline/performance/run_1/mlperf_log_detail.txt.
[2022-02-26 01:51:00,855 submission-checker.py:969 INFO] Target latency: None, Latency: 671136415490, Scenario: Offline
[2022-02-26 01:51:00,867 log_parser.py:50 INFO] Sucessfully loaded MLPerf log from closed/FuriosaAI/results/warboy/ssd-resnet34/MultiStream/accuracy/mlperf_log_detail.txt.
[2022-02-26 01:51:00,870 log_parser.py:50 INFO] Sucessfully loaded MLPerf log from closed/FuriosaAI/results/warboy/ssd-resnet34/MultiStream/performance/run_1/mlperf_log_detail.txt.
[2022-02-26 01:51:00,871 log_parser.py:50 INFO] Sucessfully loaded MLPerf log from closed/FuriosaAI/results/warboy/ssd-resnet34/MultiStream/performance/run_1/mlperf_log_detail.txt.
[2022-02-26 01:51:00,871 submission-checker.py:1369 INFO] closed/FuriosaAI/results/warboy/ssd-resnet34/MultiStream/performance/run_1 has inferred results, qps=107.8692
[2022-02-26 01:51:00,884 log_parser.py:50 INFO] Sucessfully loaded MLPerf log from closed/FuriosaAI/results/warboy/ssd-resnet34/SingleStream/accuracy/mlperf_log_detail.txt.
[2022-02-26 01:51:00,887 log_parser.py:50 INFO] Sucessfully loaded MLPerf log from closed/FuriosaAI/results/warboy/ssd-resnet34/SingleStream/performance/run_1/mlperf_log_detail.txt.
[2022-02-26 01:51:00,888 log_parser.py:50 INFO] Sucessfully loaded MLPerf log from closed/FuriosaAI/results/warboy/ssd-resnet34/SingleStream/performance/run_1/mlperf_log_detail.txt.
[2022-02-26 01:51:00,901 log_parser.py:50 INFO] Sucessfully loaded MLPerf log from closed/FuriosaAI/results/warboy/ssd-resnet34/Offline/accuracy/mlperf_log_detail.txt.
[2022-02-26 01:51:00,903 log_parser.py:50 INFO] Sucessfully loaded MLPerf log from closed/FuriosaAI/results/warboy/ssd-resnet34/Offline/performance/run_1/mlperf_log_detail.txt.
[2022-02-26 01:51:00,904 log_parser.py:50 INFO] Sucessfully loaded MLPerf log from closed/FuriosaAI/results/warboy/ssd-resnet34/Offline/performance/run_1/mlperf_log_detail.txt.
[2022-02-26 01:51:00,904 submission-checker.py:969 INFO] Target latency: None, Latency: 654098425192, Scenario: Offline
[2022-02-26 01:51:00,906 submission-checker.py:1217 ERROR] invalid division in input dir closed_submitted01
[2022-02-26 01:51:00,906 submission-checker.py:1217 ERROR] invalid division in input dir closed_FuriosaAI
[2022-02-26 01:51:00,906 submission-checker.py:1217 ERROR] invalid division in input dir loadgen
[2022-02-26 01:51:00,906 submission-checker.py:1217 ERROR] invalid division in input dir backup00
[2022-02-26 01:51:00,906 submission-checker.py:1217 ERROR] invalid division in input dir result_backup
[2022-02-26 01:51:00,906 submission-checker.py:1217 ERROR] invalid division in input dir .idea
[2022-02-26 01:51:00,906 submission-checker.py:1597 INFO] ---
[2022-02-26 01:51:00,906 submission-checker.py:1601 INFO] Results closed/FuriosaAI/results/warboy/resnet50/MultiStream 3.970076
[2022-02-26 01:51:00,907 submission-checker.py:1601 INFO] Results closed/FuriosaAI/results/warboy/resnet50/Offline 2758.44
[2022-02-26 01:51:00,907 submission-checker.py:1601 INFO] Results closed/FuriosaAI/results/warboy/resnet50/SingleStream 0.712197
[2022-02-26 01:51:00,907 submission-checker.py:1601 INFO] Results closed/FuriosaAI/results/warboy/ssd-mobilenet/MultiStream 2.051303
[2022-02-26 01:51:00,907 submission-checker.py:1601 INFO] Results closed/FuriosaAI/results/warboy/ssd-mobilenet/Offline 8762.15
[2022-02-26 01:51:00,907 submission-checker.py:1601 INFO] Results closed/FuriosaAI/results/warboy/ssd-mobilenet/SingleStream 0.364134
[2022-02-26 01:51:00,907 submission-checker.py:1601 INFO] Results closed/FuriosaAI/results/warboy/ssd-resnet34/MultiStream 107.8692
[2022-02-26 01:51:00,907 submission-checker.py:1601 INFO] Results closed/FuriosaAI/results/warboy/ssd-resnet34/Offline 79.9162
[2022-02-26 01:51:00,907 submission-checker.py:1601 INFO] Results closed/FuriosaAI/results/warboy/ssd-resnet34/SingleStream 13.433843
[2022-02-26 01:51:00,907 submission-checker.py:1603 INFO] ---
[2022-02-26 01:51:00,907 submission-checker.py:1609 INFO] ---
[2022-02-26 01:51:00,907 submission-checker.py:1610 INFO] Results=9, NoResults=0
[2022-02-26 01:51:00,907 submission-checker.py:1615 INFO] SUMMARY: submission looks OK
