ptd-server 2022-02-23 23:29:05,421 [INFO] Got command from the client 'time'
ptd-server 2022-02-23 23:29:05,421 [INFO] Sending reply to client '1645658945.4215238'
ptd-server 2022-02-23 23:29:05,423 [INFO] Got command from the client 'new,,e6e1ef68-2f17-4059-b757-393745d403b9'
ptd-server 2022-02-23 23:29:05,423 [INFO] Sending reply to client 'OK 2022-02-23_23-29-05,3338260e-9896-4112-8df3-a6958b204f00'
ptd-server 2022-02-23 23:29:05,461 [INFO] Got command from the client 'time'
ptd-server 2022-02-23 23:29:05,461 [INFO] Sending reply to client '1645658945.461814'
ptd-server 2022-02-23 23:29:05,463 [INFO] Got command from the client 'session,2022-02-23_23-29-05,start,ranging'
ptd-server 2022-02-23 23:29:05,464 [INFO] Running PTDaemon: ['/home/anton/projects/mlperf/power/inference_v1.0/ptd-linux-x86', '-l', '/tmp/tmp0_fn53vp/ptd_logfile.txt', '-p', '8888', '49', '/dev/usbtmc0']
ptd-server 2022-02-23 23:29:22,638 [INFO] Sending to ptd: 'Hello'
ptd-server 2022-02-23 23:29:22,638 [INFO] Reply from ptd: 'Hello, PTDaemon here!'
ptd-server 2022-02-23 23:29:22,639 [INFO] Sending to ptd: 'Identify'
ptd-server 2022-02-23 23:29:22,639 [INFO] Reply from ptd: 'YokogawaWT310E,1000,1,1,1,1,0,1,1,version=1.9.2-e8c7a49a-20201208,OS=Linux 5.13.0-30-generic #33~20.04.1-Ubuntu SMP Mon Feb 7 14:25:10 UTC 2022 x86_64,mode=power,1,1,1,0,0,no_cal_date,YOKOGAWA;WT310E;C3XA04010E;F1.04'
ptd-server 2022-02-23 23:29:22,639 [INFO] Connected to PTDaemon
ptd-server 2022-02-23 23:29:22,639 [INFO] Sending to ptd: 'RR'
ptd-server 2022-02-23 23:29:22,639 [INFO] Reply from ptd: 'Ranges,0,0.500000,1,300.000000'
ptd-server 2022-02-23 23:29:22,640 [INFO] Initial range for Amps is 0.500000 for Volts is Auto
ptd-server 2022-02-23 23:29:22,640 [INFO] Sending to ptd: 'SR,V,Auto'
ptd-server 2022-02-23 23:29:23,142 [INFO] Reply from ptd: 'Range V changed'
ptd-server 2022-02-23 23:29:23,142 [INFO] Sending to ptd: 'SR,A,Auto'
ptd-server 2022-02-23 23:29:23,645 [INFO] Reply from ptd: 'Range A changed'
ptd-server 2022-02-23 23:29:33,655 [INFO] Starting ranging mode
ptd-server 2022-02-23 23:29:33,655 [INFO] Sending to ptd: 'Go,1000,0,2022-02-23_23-29-05_ranging'
ptd-server 2022-02-23 23:29:33,656 [INFO] Reply from ptd: 'Starting untimed measurement, maximum 500000 samples at 1000ms with 0 rampup samples'
ptd-server 2022-02-23 23:29:33,656 [INFO] Sending reply to client 'OK'
ptd-server 2022-02-23 23:40:01,058 [INFO] Got command from the client 'session,2022-02-23_23-29-05,stop,ranging'
ptd-server 2022-02-23 23:40:11,069 [INFO] Sending to ptd: 'Stop'
ptd-server 2022-02-23 23:40:11,069 [INFO] Reply from ptd: 'Stopping untimed measurement'
ptd-server 2022-02-23 23:40:11,097 [INFO] Sending reply to client 'OK'
ptd-server 2022-02-23 23:40:11,180 [INFO] Got command from the client 'time'
ptd-server 2022-02-23 23:40:11,180 [INFO] Sending reply to client '1645659611.1806185'
ptd-server 2022-02-23 23:40:11,182 [INFO] Got command from the client 'session,2022-02-23_23-29-05,start,testing'
ptd-server 2022-02-23 23:40:11,182 [INFO] Sending to ptd: 'SR,V,250.420000'
ptd-server 2022-02-23 23:40:13,158 [INFO] Reply from ptd: 'Range V changed'
ptd-server 2022-02-23 23:40:13,158 [INFO] Sending to ptd: 'SR,A,0.042110'
ptd-server 2022-02-23 23:40:14,659 [INFO] Reply from ptd: 'Range A changed'
ptd-server 2022-02-23 23:40:24,670 [INFO] Starting testing mode
ptd-server 2022-02-23 23:40:24,670 [INFO] Sending to ptd: 'Go,1000,0,2022-02-23_23-29-05_testing'
ptd-server 2022-02-23 23:40:24,670 [INFO] Reply from ptd: 'Starting untimed measurement, maximum 500000 samples at 1000ms with 0 rampup samples'
ptd-server 2022-02-23 23:40:24,670 [INFO] Sending reply to client 'OK'
ptd-server 2022-02-23 23:50:47,075 [INFO] Got command from the client 'session,2022-02-23_23-29-05,stop,testing'
ptd-server 2022-02-23 23:50:57,085 [INFO] Sending to ptd: 'Stop'
ptd-server 2022-02-23 23:50:57,085 [INFO] Reply from ptd: 'Stopping untimed measurement'
ptd-server 2022-02-23 23:50:57,101 [INFO] Sending reply to client 'OK'
ptd-server 2022-02-23 23:50:57,120 [INFO] Got command from the client 'session,2022-02-23_23-29-05,done'
ptd-server 2022-02-23 23:50:57,120 [INFO] Sending to ptd: 'Stop'
ptd-server 2022-02-23 23:50:57,670 [INFO] Reply from ptd: 'Error: no measurement to stop'
ptd-server 2022-02-23 23:50:57,670 [INFO] Sending to ptd: 'SR,V,Auto'
ptd-server 2022-02-23 23:50:58,173 [INFO] Reply from ptd: 'Range V changed'
ptd-server 2022-02-23 23:50:58,173 [INFO] Sending to ptd: 'SR,A,0.500000'
ptd-server 2022-02-23 23:50:59,674 [INFO] Reply from ptd: 'Range A changed'
ptd-server 2022-02-23 23:50:59,674 [INFO] Set initial values for Amps 0.500000 and Volts Auto
ptd-server 2022-02-23 23:50:59,675 [INFO] Stopping ptd...
