ptd-server 2022-02-23 02:27:28,826 [INFO] Got command from the client 'time'
ptd-server 2022-02-23 02:27:28,826 [INFO] Sending reply to client '1645583248.8263018'
ptd-server 2022-02-23 02:27:28,828 [INFO] Got command from the client 'new,,68d4327c-459b-4955-8448-99cbea6f84fd'
ptd-server 2022-02-23 02:27:28,828 [INFO] Sending reply to client 'OK 2022-02-23_02-27-28,0c6609a3-ce0c-42ba-ba8e-cf878bf58cbc'
ptd-server 2022-02-23 02:27:28,866 [INFO] Got command from the client 'time'
ptd-server 2022-02-23 02:27:28,866 [INFO] Sending reply to client '1645583248.866518'
ptd-server 2022-02-23 02:27:28,868 [INFO] Got command from the client 'session,2022-02-23_02-27-28,start,ranging'
ptd-server 2022-02-23 02:27:28,868 [INFO] Running PTDaemon: ['/home/anton/projects/mlperf/power/inference_v1.0/ptd-linux-x86', '-l', '/tmp/tmpgldyt7rr/ptd_logfile.txt', '-p', '8888', '49', '/dev/usbtmc0']
ptd-server 2022-02-23 02:27:46,041 [INFO] Sending to ptd: 'Hello'
ptd-server 2022-02-23 02:27:46,041 [INFO] Reply from ptd: 'Hello, PTDaemon here!'
ptd-server 2022-02-23 02:27:46,041 [INFO] Sending to ptd: 'Identify'
ptd-server 2022-02-23 02:27:46,042 [INFO] Reply from ptd: 'YokogawaWT310E,1000,1,1,1,1,0,1,1,version=1.9.2-e8c7a49a-20201208,OS=Linux 5.13.0-28-generic #31~20.04.1-Ubuntu SMP Wed Jan 19 14:08:10 UTC 2022 x86_64,mode=power,1,1,1,0,0,no_cal_date,YOKOGAWA;WT310E;C3XA04010E;F1.04'
ptd-server 2022-02-23 02:27:46,042 [INFO] Connected to PTDaemon
ptd-server 2022-02-23 02:27:46,042 [INFO] Sending to ptd: 'RR'
ptd-server 2022-02-23 02:27:46,042 [INFO] Reply from ptd: 'Ranges,0,0.500000,0,300.000000'
ptd-server 2022-02-23 02:27:46,043 [INFO] Initial range for Amps is 0.500000 for Volts is 300.000000
ptd-server 2022-02-23 02:27:46,043 [INFO] Sending to ptd: 'SR,V,Auto'
ptd-server 2022-02-23 02:27:46,545 [INFO] Reply from ptd: 'Range V changed'
ptd-server 2022-02-23 02:27:46,545 [INFO] Sending to ptd: 'SR,A,Auto'
ptd-server 2022-02-23 02:27:47,048 [INFO] Reply from ptd: 'Range A changed'
ptd-server 2022-02-23 02:27:57,058 [INFO] Starting ranging mode
ptd-server 2022-02-23 02:27:57,058 [INFO] Sending to ptd: 'Go,1000,0,2022-02-23_02-27-28_ranging'
ptd-server 2022-02-23 02:27:57,059 [INFO] Reply from ptd: 'Starting untimed measurement, maximum 500000 samples at 1000ms with 0 rampup samples'
ptd-server 2022-02-23 02:27:57,059 [INFO] Sending reply to client 'OK'
ptd-server 2022-02-23 02:38:26,247 [INFO] Got command from the client 'session,2022-02-23_02-27-28,stop,ranging'
ptd-server 2022-02-23 02:38:36,258 [INFO] Sending to ptd: 'Stop'
ptd-server 2022-02-23 02:38:36,258 [INFO] Reply from ptd: 'Stopping untimed measurement'
ptd-server 2022-02-23 02:38:37,064 [INFO] Sending reply to client 'OK'
ptd-server 2022-02-23 02:38:37,124 [INFO] Got command from the client 'time'
ptd-server 2022-02-23 02:38:37,124 [INFO] Sending reply to client '1645583917.1242826'
ptd-server 2022-02-23 02:38:37,126 [INFO] Got command from the client 'session,2022-02-23_02-27-28,start,testing'
ptd-server 2022-02-23 02:38:37,126 [INFO] Sending to ptd: 'SR,V,249.960000'
ptd-server 2022-02-23 02:38:38,627 [INFO] Reply from ptd: 'Range V changed'
ptd-server 2022-02-23 02:38:38,627 [INFO] Sending to ptd: 'SR,A,0.052090'
ptd-server 2022-02-23 02:38:40,129 [INFO] Reply from ptd: 'Range A changed'
ptd-server 2022-02-23 02:38:50,139 [INFO] Starting testing mode
ptd-server 2022-02-23 02:38:50,139 [INFO] Sending to ptd: 'Go,1000,0,2022-02-23_02-27-28_testing'
ptd-server 2022-02-23 02:38:50,139 [INFO] Reply from ptd: 'Starting untimed measurement, maximum 500000 samples at 1000ms with 0 rampup samples'
ptd-server 2022-02-23 02:38:50,140 [INFO] Sending reply to client 'OK'
ptd-server 2022-02-23 02:49:19,024 [INFO] Got command from the client 'session,2022-02-23_02-27-28,stop,testing'
ptd-server 2022-02-23 02:49:29,034 [INFO] Sending to ptd: 'Stop'
ptd-server 2022-02-23 02:49:29,035 [INFO] Reply from ptd: 'Stopping untimed measurement'
ptd-server 2022-02-23 02:49:29,452 [INFO] Sending reply to client 'OK'
ptd-server 2022-02-23 02:49:29,470 [INFO] Got command from the client 'session,2022-02-23_02-27-28,done'
ptd-server 2022-02-23 02:49:29,470 [INFO] Sending to ptd: 'Stop'
ptd-server 2022-02-23 02:49:29,471 [INFO] Reply from ptd: 'Error: no measurement to stop'
ptd-server 2022-02-23 02:49:29,471 [INFO] Sending to ptd: 'SR,V,300.000000'
ptd-server 2022-02-23 02:49:30,972 [INFO] Reply from ptd: 'Range V changed'
ptd-server 2022-02-23 02:49:30,972 [INFO] Sending to ptd: 'SR,A,0.500000'
ptd-server 2022-02-23 02:49:32,474 [INFO] Reply from ptd: 'Range A changed'
ptd-server 2022-02-23 02:49:32,474 [INFO] Set initial values for Amps 0.500000 and Volts 300.000000
ptd-server 2022-02-23 02:49:32,474 [INFO] Stopping ptd...
