ptd-server 2022-02-13 00:33:25,203 [INFO] Got command from the client 'time'
ptd-server 2022-02-13 00:33:25,203 [INFO] Sending reply to client '1644712405.203525'
ptd-server 2022-02-13 00:33:25,207 [INFO] Got command from the client 'new,,d545ab72-bdbd-4c59-9285-79c05a23c9ef'
ptd-server 2022-02-13 00:33:25,207 [INFO] Sending reply to client 'OK 2022-02-13_00-33-25,5c335d4d-de23-44fd-a06a-caad8ff65d19'
ptd-server 2022-02-13 00:33:25,252 [INFO] Got command from the client 'time'
ptd-server 2022-02-13 00:33:25,252 [INFO] Sending reply to client '1644712405.2525742'
ptd-server 2022-02-13 00:33:25,255 [INFO] Got command from the client 'session,2022-02-13_00-33-25,start,ranging'
ptd-server 2022-02-13 00:33:25,255 [INFO] Running PTDaemon: ['/home/anton/projects/mlperf/power/inference_v1.0/ptd-linux-x86', '-l', '/tmp/tmpxvec0g6h/ptd_logfile.txt', '-p', '8888', '49', '/dev/usbtmc0']
ptd-server 2022-02-13 00:33:42,428 [INFO] Sending to ptd: 'Hello'
ptd-server 2022-02-13 00:33:42,429 [INFO] Reply from ptd: 'Hello, PTDaemon here!'
ptd-server 2022-02-13 00:33:42,429 [INFO] Sending to ptd: 'Identify'
ptd-server 2022-02-13 00:33:42,429 [INFO] Reply from ptd: 'YokogawaWT310E,1000,1,1,1,1,0,1,1,version=1.9.2-e8c7a49a-20201208,OS=Linux 5.13.0-27-generic #29~20.04.1-Ubuntu SMP Fri Jan 14 00:32:30 UTC 2022 x86_64,mode=power,1,1,1,0,0,no_cal_date,YOKOGAWA;WT310E;C3XA04010E;F1.04'
ptd-server 2022-02-13 00:33:42,429 [INFO] Connected to PTDaemon
ptd-server 2022-02-13 00:33:42,429 [INFO] Sending to ptd: 'RR'
ptd-server 2022-02-13 00:33:42,430 [INFO] Reply from ptd: 'Ranges,0,0.500000,0,300.000000'
ptd-server 2022-02-13 00:33:42,430 [INFO] Initial range for Amps is 0.500000 for Volts is 300.000000
ptd-server 2022-02-13 00:33:42,430 [INFO] Sending to ptd: 'SR,V,Auto'
ptd-server 2022-02-13 00:33:42,932 [INFO] Reply from ptd: 'Range V changed'
ptd-server 2022-02-13 00:33:42,933 [INFO] Sending to ptd: 'SR,A,Auto'
ptd-server 2022-02-13 00:33:43,435 [INFO] Reply from ptd: 'Range A changed'
ptd-server 2022-02-13 00:33:53,445 [INFO] Starting ranging mode
ptd-server 2022-02-13 00:33:53,446 [INFO] Sending to ptd: 'Go,1000,0,2022-02-13_00-33-25_ranging'
ptd-server 2022-02-13 00:33:53,446 [INFO] Reply from ptd: 'Starting untimed measurement, maximum 500000 samples at 1000ms with 0 rampup samples'
ptd-server 2022-02-13 00:33:53,446 [INFO] Sending reply to client 'OK'
ptd-server 2022-02-13 00:44:15,062 [INFO] Got command from the client 'session,2022-02-13_00-33-25,stop,ranging'
ptd-server 2022-02-13 00:44:25,073 [INFO] Sending to ptd: 'Stop'
ptd-server 2022-02-13 00:44:25,073 [INFO] Reply from ptd: 'Stopping untimed measurement'
ptd-server 2022-02-13 00:44:25,623 [INFO] Sending reply to client 'OK'
ptd-server 2022-02-13 00:44:25,683 [INFO] Got command from the client 'time'
ptd-server 2022-02-13 00:44:25,683 [INFO] Sending reply to client '1644713065.6838865'
ptd-server 2022-02-13 00:44:25,687 [INFO] Got command from the client 'session,2022-02-13_00-33-25,start,testing'
ptd-server 2022-02-13 00:44:25,687 [INFO] Sending to ptd: 'SR,V,249.290000'
ptd-server 2022-02-13 00:44:27,188 [INFO] Reply from ptd: 'Range V changed'
ptd-server 2022-02-13 00:44:27,188 [INFO] Sending to ptd: 'SR,A,0.172460'
ptd-server 2022-02-13 00:44:28,690 [INFO] Reply from ptd: 'Range A changed'
ptd-server 2022-02-13 00:44:38,700 [INFO] Starting testing mode
ptd-server 2022-02-13 00:44:38,700 [INFO] Sending to ptd: 'Go,1000,0,2022-02-13_00-33-25_testing'
ptd-server 2022-02-13 00:44:38,701 [INFO] Reply from ptd: 'Starting untimed measurement, maximum 500000 samples at 1000ms with 0 rampup samples'
ptd-server 2022-02-13 00:44:38,701 [INFO] Sending reply to client 'OK'
ptd-server 2022-02-13 00:54:55,129 [INFO] Got command from the client 'session,2022-02-13_00-33-25,stop,testing'
ptd-server 2022-02-13 00:55:05,139 [INFO] Sending to ptd: 'Stop'
ptd-server 2022-02-13 00:55:05,139 [INFO] Reply from ptd: 'Stopping untimed measurement'
ptd-server 2022-02-13 00:55:05,420 [INFO] Sending reply to client 'OK'
ptd-server 2022-02-13 00:55:05,431 [INFO] Got command from the client 'session,2022-02-13_00-33-25,done'
ptd-server 2022-02-13 00:55:05,431 [INFO] Sending to ptd: 'Stop'
ptd-server 2022-02-13 00:55:05,702 [INFO] Reply from ptd: 'Error: no measurement to stop'
ptd-server 2022-02-13 00:55:05,702 [INFO] Sending to ptd: 'SR,V,300.000000'
ptd-server 2022-02-13 00:55:07,204 [INFO] Reply from ptd: 'Range V changed'
ptd-server 2022-02-13 00:55:07,204 [INFO] Sending to ptd: 'SR,A,0.500000'
ptd-server 2022-02-13 00:55:08,705 [INFO] Reply from ptd: 'Range A changed'
ptd-server 2022-02-13 00:55:08,705 [INFO] Set initial values for Amps 0.500000 and Volts 300.000000
ptd-server 2022-02-13 00:55:08,706 [INFO] Stopping ptd...
