ptd-server 2022-02-24 13:32:07,180 [INFO] Got command from the client 'time'
ptd-server 2022-02-24 13:32:07,180 [INFO] Sending reply to client '1645709527.1802044'
ptd-server 2022-02-24 13:32:07,182 [INFO] Got command from the client 'new,,9637b6c0-4aff-4355-b52b-8f9782a25909'
ptd-server 2022-02-24 13:32:07,183 [INFO] Sending reply to client 'OK 2022-02-24_13-32-07,4bb392ff-1fab-41f6-b5be-de7e0d08212e'
ptd-server 2022-02-24 13:32:07,220 [INFO] Got command from the client 'time'
ptd-server 2022-02-24 13:32:07,220 [INFO] Sending reply to client '1645709527.2202404'
ptd-server 2022-02-24 13:32:07,222 [INFO] Got command from the client 'session,2022-02-24_13-32-07,start,ranging'
ptd-server 2022-02-24 13:32:07,222 [INFO] Running PTDaemon: ['/home/anton/projects/mlperf/power/inference_v1.0/ptd-linux-x86', '-l', '/tmp/tmp0_fn53vp/ptd_logfile.txt', '-p', '8888', '49', '/dev/usbtmc0']
ptd-server 2022-02-24 13:32:24,397 [INFO] Sending to ptd: 'Hello'
ptd-server 2022-02-24 13:32:24,397 [INFO] Reply from ptd: 'Hello, PTDaemon here!'
ptd-server 2022-02-24 13:32:24,398 [INFO] Sending to ptd: 'Identify'
ptd-server 2022-02-24 13:32:24,398 [INFO] Reply from ptd: 'YokogawaWT310E,1000,1,1,1,1,0,1,1,version=1.9.2-e8c7a49a-20201208,OS=Linux 5.13.0-30-generic #33~20.04.1-Ubuntu SMP Mon Feb 7 14:25:10 UTC 2022 x86_64,mode=power,1,1,1,0,0,no_cal_date,YOKOGAWA;WT310E;C3XA04010E;F1.04'
ptd-server 2022-02-24 13:32:24,398 [INFO] Connected to PTDaemon
ptd-server 2022-02-24 13:32:24,398 [INFO] Sending to ptd: 'RR'
ptd-server 2022-02-24 13:32:24,399 [INFO] Reply from ptd: 'Ranges,0,0.500000,1,300.000000'
ptd-server 2022-02-24 13:32:24,399 [INFO] Initial range for Amps is 0.500000 for Volts is Auto
ptd-server 2022-02-24 13:32:24,399 [INFO] Sending to ptd: 'SR,V,Auto'
ptd-server 2022-02-24 13:32:24,902 [INFO] Reply from ptd: 'Range V changed'
ptd-server 2022-02-24 13:32:24,902 [INFO] Sending to ptd: 'SR,A,Auto'
ptd-server 2022-02-24 13:32:25,404 [INFO] Reply from ptd: 'Range A changed'
ptd-server 2022-02-24 13:32:35,415 [INFO] Starting ranging mode
ptd-server 2022-02-24 13:32:35,415 [INFO] Sending to ptd: 'Go,1000,0,2022-02-24_13-32-07_ranging'
ptd-server 2022-02-24 13:32:35,415 [INFO] Reply from ptd: 'Starting untimed measurement, maximum 500000 samples at 1000ms with 0 rampup samples'
ptd-server 2022-02-24 13:32:35,416 [INFO] Sending reply to client 'OK'
ptd-server 2022-02-24 13:42:58,403 [INFO] Got command from the client 'session,2022-02-24_13-32-07,stop,ranging'
ptd-server 2022-02-24 13:43:08,413 [INFO] Sending to ptd: 'Stop'
ptd-server 2022-02-24 13:43:08,414 [INFO] Reply from ptd: 'Stopping untimed measurement'
ptd-server 2022-02-24 13:43:08,534 [INFO] Sending reply to client 'OK'
ptd-server 2022-02-24 13:43:08,618 [INFO] Got command from the client 'time'
ptd-server 2022-02-24 13:43:08,618 [INFO] Sending reply to client '1645710188.6182299'
ptd-server 2022-02-24 13:43:08,620 [INFO] Got command from the client 'session,2022-02-24_13-32-07,start,testing'
ptd-server 2022-02-24 13:43:08,620 [INFO] Sending to ptd: 'SR,V,248.750000'
ptd-server 2022-02-24 13:43:10,121 [INFO] Reply from ptd: 'Range V changed'
ptd-server 2022-02-24 13:43:10,121 [INFO] Sending to ptd: 'SR,A,0.043340'
ptd-server 2022-02-24 13:43:11,623 [INFO] Reply from ptd: 'Range A changed'
ptd-server 2022-02-24 13:43:21,633 [INFO] Starting testing mode
ptd-server 2022-02-24 13:43:21,633 [INFO] Sending to ptd: 'Go,1000,0,2022-02-24_13-32-07_testing'
ptd-server 2022-02-24 13:43:21,634 [INFO] Reply from ptd: 'Starting untimed measurement, maximum 500000 samples at 1000ms with 0 rampup samples'
ptd-server 2022-02-24 13:43:21,634 [INFO] Sending reply to client 'OK'
ptd-server 2022-02-24 13:53:44,325 [INFO] Got command from the client 'session,2022-02-24_13-32-07,stop,testing'
ptd-server 2022-02-24 13:53:54,335 [INFO] Sending to ptd: 'Stop'
ptd-server 2022-02-24 13:53:54,336 [INFO] Reply from ptd: 'Stopping untimed measurement'
ptd-server 2022-02-24 13:53:54,398 [INFO] Sending reply to client 'OK'
ptd-server 2022-02-24 13:53:54,416 [INFO] Got command from the client 'session,2022-02-24_13-32-07,done'
ptd-server 2022-02-24 13:53:54,417 [INFO] Sending to ptd: 'Stop'
ptd-server 2022-02-24 13:53:54,635 [INFO] Reply from ptd: 'Error: no measurement to stop'
ptd-server 2022-02-24 13:53:54,635 [INFO] Sending to ptd: 'SR,V,Auto'
ptd-server 2022-02-24 13:53:55,137 [INFO] Reply from ptd: 'Range V changed'
ptd-server 2022-02-24 13:53:55,138 [INFO] Sending to ptd: 'SR,A,0.500000'
ptd-server 2022-02-24 13:53:56,639 [INFO] Reply from ptd: 'Range A changed'
ptd-server 2022-02-24 13:53:56,639 [INFO] Set initial values for Amps 0.500000 and Volts Auto
ptd-server 2022-02-24 13:53:56,639 [INFO] Stopping ptd...
