client 2022-02-14 00:24:03,712 [INFO] Sending command to the server: 'mlcommons/power client v3'
client 2022-02-14 00:24:03,713 [INFO] Got response: 'mlcommons/power server v3'
client 2022-02-14 00:24:03,714 [INFO] Sending command to the server: 'stop'
client 2022-02-14 00:24:03,715 [INFO] Got response: 'OK'
client 2022-02-14 00:24:03,715 [INFO] Synchronizing with the server and with ib-01.dc4-in.nvidia.com...
client 2022-02-14 00:24:03,932 [INFO] NTP:offset = -0.000 s, delay = 0.212 s 
client 2022-02-14 00:24:03,932 [INFO] Sending command to the server: 'time'
client 2022-02-14 00:24:03,933 [INFO] Got response: '1644827043.9335265'
client 2022-02-14 00:24:03,933 [INFO] The time difference between the client and the server is within range -1.139 ms..0.319 ms
client 2022-02-14 00:24:03,933 [INFO] Sending command to the server: 'new,,e75d289f-085d-4afc-ad90-4aca09e35b6b'
client 2022-02-14 00:24:03,935 [INFO] Got response: 'OK 2022-02-14_00-24-03,6c3347b5-f8ff-4d6f-bc19-0009cd14a569'
client 2022-02-14 00:24:03,935 [INFO] Session id is '2022-02-14_00-24-03'
client 2022-02-14 00:24:03,935 [INFO] Sources: {"sources": {"__init__.py": "da39a3ee5e6b4b0d3255bfef95601890afd80709", "client.py": "33ca4f26368777ac06e01f9567b714a4b8063886", "lib/__init__.py": "da39a3ee5e6b4b0d3255bfef95601890afd80709", "lib/client.py": "4c2b78fb4849a7e5b584ef792d82aaed20b17f57", "lib/common.py": "624d0c0acc7c39aaff3674f0b99d6a09da53d1dc", "lib/external/__init__.py": "da39a3ee5e6b4b0d3255bfef95601890afd80709", "lib/external/ntplib.py": "4da8f970656505a40483206ef2b5d3dd5e81711d", "lib/server.py": "59c9fb92908260d3e9f81a895c7aa009742275e4", "lib/source_hashes.py": "60a2e02193209e8d392803326208d5466342da18", "lib/summary.py": "aa92f0a3f975eecd44d3c0cd0236342ccc9f941d", "lib/time_sync.py": "3210db56eb0ff0df57bf4293dc4d4b03fffd46f1", "server.py": "c3f90f2f7eeb4db30727556d0c815ebc89b3d28b", "tests/unit/__init__.py": "da39a3ee5e6b4b0d3255bfef95601890afd80709", "tests/unit/test_server.py": "99ae15aef722f2000ee6ed1ae1523637bf1ae42b", "tests/unit/test_source_hashes.py": "00468a2907583c593e6574a1f6b404e4651c221a"}, "modules": {"ptd_client_server.lib.client": "lib/client.py", "ptd_client_server.lib.common": "lib/common.py", "ptd_client_server.lib.external.ntplib": "lib/external/ntplib.py", "ptd_client_server.lib.source_hashes": "lib/source_hashes.py", "ptd_client_server.lib.summary": "lib/summary.py", "ptd_client_server.lib.time_sync": "lib/time_sync.py"}}
client 2022-02-14 00:24:03,937 [INFO] Running workload in ranging mode
client 2022-02-14 00:24:03,937 [INFO] Synchronizing with the server and with ib-01.dc4-in.nvidia.com...
client 2022-02-14 00:24:04,149 [INFO] NTP:offset = -0.004 s, delay = 0.211 s 
client 2022-02-14 00:24:04,149 [INFO] Sending command to the server: 'time'
client 2022-02-14 00:24:04,151 [INFO] Got response: '1644827044.1522238'
client 2022-02-14 00:24:04,151 [INFO] The time difference between the client and the server is within range -2.395 ms..-0.687 ms
client 2022-02-14 00:24:04,151 [INFO] Sending command to the server: 'session,2022-02-14_00-24-03,start,ranging'
client 2022-02-14 00:24:43,507 [INFO] Got response: 'OK'
client 2022-02-14 00:24:43,507 [INFO] Running the workload 'LOG_DIR=/work/build/power_logs_temp python3 code/main.py --benchmarks=dlrm --scenarios=Server --test_mode=PerformanceOnly --config_ver=maxq_high_accuracy --action="run_harness" \\\n\t\t2>&1 | tee -a /work/build/power_logs/2022.02.14-00.23.15/stdout.txt \\\n\t\t&& if [ ! -d /work/build/power_logs/2022.02.14-00.23.15/ranging_tmp ]; \\\n\t\t\tthen mkdir /work/build/power_logs/2022.02.14-00.23.15/ranging_tmp \\\n\t\t\t\t&& mv /work/build/power_logs_temp/* /work/build/power_logs/2022.02.14-00.23.15/ranging_tmp/ \\\n\t\t\t\t&& cp -v /work/build/power_logs/2022.02.14-00.23.15/ranging_tmp/*/*/*/mlperf_log_detail.txt /work/build/power_logs_temp/ \\\n\t\t\t\t&& cp -v /work/build/power_logs/2022.02.14-00.23.15/ranging_tmp/*/*/*/mlperf_log_summary.txt /work/build/power_logs_temp/; \\\n\t\t\telse mkdir /work/build/power_logs/2022.02.14-00.23.15/testing_tmp \\\n\t\t\t\t&& mv /work/build/power_logs_temp/* /work/build/power_logs/2022.02.14-00.23.15/testing_tmp/ \\\n\t\t\t\t&& cp -v /work/build/power_logs/2022.02.14-00.23.15/testing_tmp/*/*/*/mlperf_log_detail.txt /work/build/power_logs_temp/ \\\n\t\t\t\t&& cp -v /work/build/power_logs/2022.02.14-00.23.15/testing_tmp/*/*/*/mlperf_log_summary.txt /work/build/power_logs_temp/; fi'
client 2022-02-14 00:42:48,017 [INFO] Sending command to the server: 'session,2022-02-14_00-24-03,stop,ranging'
client 2022-02-14 00:42:58,061 [INFO] Got response: 'OK'
client 2022-02-14 00:42:58,077 [INFO] Copying loadgen logs from '/work/build/power_logs_temp' to '/work/build/power_logs/2022.02.14-00.23.15/2022-02-14_00-24-03/ranging'
client 2022-02-14 00:42:58,097 [INFO] Running workload in testing mode
client 2022-02-14 00:42:58,098 [INFO] Synchronizing with the server and with ib-01.dc4-in.nvidia.com...
client 2022-02-14 00:42:58,308 [INFO] NTP:offset = -0.003 s, delay = 0.208 s 
client 2022-02-14 00:42:58,308 [INFO] Sending command to the server: 'time'
client 2022-02-14 00:42:58,310 [INFO] Got response: '1644828178.3109777'
client 2022-02-14 00:42:58,310 [INFO] The time difference between the client and the server is within range -2.071 ms..-0.655 ms
client 2022-02-14 00:42:58,310 [INFO] Sending command to the server: 'session,2022-02-14_00-24-03,start,testing'
client 2022-02-14 00:43:20,217 [INFO] Got response: 'OK'
client 2022-02-14 00:43:20,217 [INFO] Running the workload 'LOG_DIR=/work/build/power_logs_temp python3 code/main.py --benchmarks=dlrm --scenarios=Server --test_mode=PerformanceOnly --config_ver=maxq_high_accuracy --action="run_harness" \\\n\t\t2>&1 | tee -a /work/build/power_logs/2022.02.14-00.23.15/stdout.txt \\\n\t\t&& if [ ! -d /work/build/power_logs/2022.02.14-00.23.15/ranging_tmp ]; \\\n\t\t\tthen mkdir /work/build/power_logs/2022.02.14-00.23.15/ranging_tmp \\\n\t\t\t\t&& mv /work/build/power_logs_temp/* /work/build/power_logs/2022.02.14-00.23.15/ranging_tmp/ \\\n\t\t\t\t&& cp -v /work/build/power_logs/2022.02.14-00.23.15/ranging_tmp/*/*/*/mlperf_log_detail.txt /work/build/power_logs_temp/ \\\n\t\t\t\t&& cp -v /work/build/power_logs/2022.02.14-00.23.15/ranging_tmp/*/*/*/mlperf_log_summary.txt /work/build/power_logs_temp/; \\\n\t\t\telse mkdir /work/build/power_logs/2022.02.14-00.23.15/testing_tmp \\\n\t\t\t\t&& mv /work/build/power_logs_temp/* /work/build/power_logs/2022.02.14-00.23.15/testing_tmp/ \\\n\t\t\t\t&& cp -v /work/build/power_logs/2022.02.14-00.23.15/testing_tmp/*/*/*/mlperf_log_detail.txt /work/build/power_logs_temp/ \\\n\t\t\t\t&& cp -v /work/build/power_logs/2022.02.14-00.23.15/testing_tmp/*/*/*/mlperf_log_summary.txt /work/build/power_logs_temp/; fi'
client 2022-02-14 01:01:29,064 [INFO] Sending command to the server: 'session,2022-02-14_00-24-03,stop,testing'
client 2022-02-14 01:01:39,089 [INFO] Got response: 'OK'
client 2022-02-14 01:01:39,102 [INFO] Copying loadgen logs from '/work/build/power_logs_temp' to '/work/build/power_logs/2022.02.14-00.23.15/2022-02-14_00-24-03/run_1'
client 2022-02-14 01:01:39,123 [INFO] Done runs
