ptd-server 2022-02-14 02:34:31,884 [INFO] Got command from the client 'stop'
ptd-server 2022-02-14 02:34:31,884 [INFO] The server will be stopped after processing this client
ptd-server 2022-02-14 02:34:31,884 [INFO] Sending reply to client 'OK'
ptd-server 2022-02-14 02:34:32,103 [INFO] Got command from the client 'time'
ptd-server 2022-02-14 02:34:32,103 [INFO] Sending reply to client '1644834872.1033134'
ptd-server 2022-02-14 02:34:32,103 [INFO] Got command from the client 'new,,19995365-f36f-4d3d-be91-0ea213186494'
ptd-server 2022-02-14 02:34:32,103 [INFO] Sending reply to client 'OK 2022-02-14_02-34-32,c728e608-7764-4fab-b7e5-999907f53cc3'
ptd-server 2022-02-14 02:34:32,306 [INFO] Got command from the client 'time'
ptd-server 2022-02-14 02:34:32,306 [INFO] Sending reply to client '1644834872.306381'
ptd-server 2022-02-14 02:34:32,321 [INFO] Got command from the client 'session,2022-02-14_02-34-32,start,ranging'
ptd-server 2022-02-14 02:34:32,431 [INFO] Running PTDaemon: ['C:\\PTD\\ptd-windows-x86.exe', '-l', 'C:\\Users\\lab\\AppData\\Local\\Temp\\tmp54b8r451\\ptd_logfile.txt', '-p', '8888', '-c', '1,2', '-y', '77', '10.117.40.72']
ptd-server 2022-02-14 02:34:50,557 [INFO] Sending to ptd: 'Hello'
ptd-server 2022-02-14 02:34:50,557 [INFO] Reply from ptd: 'Hello, PTDaemon here!'
ptd-server 2022-02-14 02:34:50,557 [INFO] Sending to ptd: 'Identify'
ptd-server 2022-02-14 02:34:50,557 [INFO] Reply from ptd: 'YokogawaWT330_multichannel,1000,1,1,1,1,0,0,1,version=1.9.2-3976349f-20201208,OS=Windows 8 / Server 2012,mode=power,1,1,2,0,0,no_cal_date,YOKOGAWA;WT333E;C2WC23035V;F1.04'
ptd-server 2022-02-14 02:34:50,557 [INFO] Connected to PTDaemon
ptd-server 2022-02-14 02:34:50,557 [INFO] Sending to ptd: 'RR'
ptd-server 2022-02-14 02:34:50,557 [INFO] Reply from ptd: 'Ranges,-1,-1.000000,-1,-1.000000'
ptd-server 2022-02-14 02:34:50,557 [INFO] Initial range for Amps is Auto for Volts is Auto
ptd-server 2022-02-14 02:34:50,557 [INFO] Sending to ptd: 'SR,V,Auto'
ptd-server 2022-02-14 02:34:55,631 [INFO] Reply from ptd: 'Range V changed'
ptd-server 2022-02-14 02:34:55,631 [INFO] Sending to ptd: 'SR,A,Auto'
ptd-server 2022-02-14 02:35:00,713 [INFO] Reply from ptd: 'Range A changed'
ptd-server 2022-02-14 02:35:10,714 [INFO] Starting ranging mode
ptd-server 2022-02-14 02:35:10,714 [INFO] Sending to ptd: 'Go,1000,0,2022-02-14_02-34-32_ranging'
ptd-server 2022-02-14 02:35:10,714 [INFO] Reply from ptd: 'Starting untimed measurement, maximum 500000 samples at 1000ms with 0 rampup samples'
ptd-server 2022-02-14 02:35:10,714 [INFO] Sending reply to client 'OK'
ptd-server 2022-02-14 02:46:36,620 [INFO] Got command from the client 'session,2022-02-14_02-34-32,stop,ranging'
ptd-server 2022-02-14 02:46:46,630 [INFO] Sending to ptd: 'Stop'
ptd-server 2022-02-14 02:46:46,630 [INFO] Reply from ptd: 'Stopping untimed measurement'
ptd-server 2022-02-14 02:46:46,661 [INFO] Sending reply to client 'OK'
ptd-server 2022-02-14 02:46:46,894 [INFO] Got command from the client 'time'
ptd-server 2022-02-14 02:46:46,894 [INFO] Sending reply to client '1644835606.8944488'
ptd-server 2022-02-14 02:46:46,894 [INFO] Got command from the client 'session,2022-02-14_02-34-32,start,testing'
ptd-server 2022-02-14 02:46:46,894 [INFO] Sending to ptd: 'SR,V,206.060000'
ptd-server 2022-02-14 02:46:52,989 [INFO] Reply from ptd: 'Range V changed'
ptd-server 2022-02-14 02:46:52,989 [INFO] Sending to ptd: 'SR,A,3.074000'
ptd-server 2022-02-14 02:46:58,582 [INFO] Reply from ptd: 'Range A changed'
ptd-server 2022-02-14 02:47:08,583 [INFO] Starting testing mode
ptd-server 2022-02-14 02:47:08,583 [INFO] Sending to ptd: 'Go,1000,0,2022-02-14_02-34-32_testing'
ptd-server 2022-02-14 02:47:08,583 [INFO] Reply from ptd: 'Starting untimed measurement, maximum 500000 samples at 1000ms with 0 rampup samples'
ptd-server 2022-02-14 02:47:08,583 [INFO] Sending reply to client 'OK'
ptd-server 2022-02-14 02:58:33,692 [INFO] Got command from the client 'session,2022-02-14_02-34-32,stop,testing'
ptd-server 2022-02-14 02:58:43,701 [INFO] Sending to ptd: 'Stop'
ptd-server 2022-02-14 02:58:43,701 [INFO] Reply from ptd: 'Stopping untimed measurement'
ptd-server 2022-02-14 02:58:43,717 [INFO] Sending reply to client 'OK'
ptd-server 2022-02-14 02:58:43,748 [INFO] Got command from the client 'session,2022-02-14_02-34-32,done'
ptd-server 2022-02-14 02:58:43,748 [INFO] Sending to ptd: 'Stop'
ptd-server 2022-02-14 02:58:44,588 [INFO] Reply from ptd: 'Error: no measurement to stop'
ptd-server 2022-02-14 02:58:44,588 [INFO] Sending to ptd: 'SR,V,Auto'
ptd-server 2022-02-14 02:58:49,664 [INFO] Reply from ptd: 'Range V changed'
ptd-server 2022-02-14 02:58:49,664 [INFO] Sending to ptd: 'SR,A,Auto'
ptd-server 2022-02-14 02:58:54,732 [INFO] Reply from ptd: 'Range A changed'
ptd-server 2022-02-14 02:58:54,732 [INFO] Set initial values for Amps Auto and Volts Auto
ptd-server 2022-02-14 02:58:54,732 [INFO] Stopping ptd...
