ptd-server 2022-02-13 07:05:16,723 [INFO] Got command from the client 'time'
ptd-server 2022-02-13 07:05:16,723 [INFO] Sending reply to client '1644735916.723558'
ptd-server 2022-02-13 07:05:16,725 [INFO] Got command from the client 'new,,49d8ea2c-1bb1-4e99-be40-1292f55c9e30'
ptd-server 2022-02-13 07:05:16,726 [INFO] Sending reply to client 'OK 2022-02-13_07-05-16,cd535c22-bd60-4d22-b40d-a1b8c22a237f'
ptd-server 2022-02-13 07:05:16,762 [INFO] Got command from the client 'time'
ptd-server 2022-02-13 07:05:16,763 [INFO] Sending reply to client '1644735916.7631264'
ptd-server 2022-02-13 07:05:16,764 [INFO] Got command from the client 'session,2022-02-13_07-05-16,start,ranging'
ptd-server 2022-02-13 07:05:16,765 [INFO] Running PTDaemon: ['/home/anton/projects/mlperf/power/inference_v1.0/ptd-linux-x86', '-l', '/tmp/tmpxvec0g6h/ptd_logfile.txt', '-p', '8888', '49', '/dev/usbtmc0']
ptd-server 2022-02-13 07:05:33,937 [INFO] Sending to ptd: 'Hello'
ptd-server 2022-02-13 07:05:33,938 [INFO] Reply from ptd: 'Hello, PTDaemon here!'
ptd-server 2022-02-13 07:05:33,938 [INFO] Sending to ptd: 'Identify'
ptd-server 2022-02-13 07:05:33,938 [INFO] Reply from ptd: 'YokogawaWT310E,1000,1,1,1,1,0,1,1,version=1.9.2-e8c7a49a-20201208,OS=Linux 5.13.0-27-generic #29~20.04.1-Ubuntu SMP Fri Jan 14 00:32:30 UTC 2022 x86_64,mode=power,1,1,1,0,0,no_cal_date,YOKOGAWA;WT310E;C3XA04010E;F1.04'
ptd-server 2022-02-13 07:05:33,938 [INFO] Connected to PTDaemon
ptd-server 2022-02-13 07:05:33,939 [INFO] Sending to ptd: 'RR'
ptd-server 2022-02-13 07:05:33,939 [INFO] Reply from ptd: 'Ranges,0,0.500000,0,300.000000'
ptd-server 2022-02-13 07:05:33,939 [INFO] Initial range for Amps is 0.500000 for Volts is 300.000000
ptd-server 2022-02-13 07:05:33,939 [INFO] Sending to ptd: 'SR,V,Auto'
ptd-server 2022-02-13 07:05:34,442 [INFO] Reply from ptd: 'Range V changed'
ptd-server 2022-02-13 07:05:34,442 [INFO] Sending to ptd: 'SR,A,Auto'
ptd-server 2022-02-13 07:05:34,944 [INFO] Reply from ptd: 'Range A changed'
ptd-server 2022-02-13 07:05:44,955 [INFO] Starting ranging mode
ptd-server 2022-02-13 07:05:44,955 [INFO] Sending to ptd: 'Go,1000,0,2022-02-13_07-05-16_ranging'
ptd-server 2022-02-13 07:05:44,955 [INFO] Reply from ptd: 'Starting untimed measurement, maximum 500000 samples at 1000ms with 0 rampup samples'
ptd-server 2022-02-13 07:05:44,955 [INFO] Sending reply to client 'OK'
ptd-server 2022-02-13 07:16:00,960 [INFO] Got command from the client 'session,2022-02-13_07-05-16,stop,ranging'
ptd-server 2022-02-13 07:16:10,970 [INFO] Sending to ptd: 'Stop'
ptd-server 2022-02-13 07:16:10,971 [INFO] Reply from ptd: 'Stopping untimed measurement'
ptd-server 2022-02-13 07:16:11,563 [INFO] Sending reply to client 'OK'
ptd-server 2022-02-13 07:16:11,621 [INFO] Got command from the client 'time'
ptd-server 2022-02-13 07:16:11,621 [INFO] Sending reply to client '1644736571.6219478'
ptd-server 2022-02-13 07:16:11,624 [INFO] Got command from the client 'session,2022-02-13_07-05-16,start,testing'
ptd-server 2022-02-13 07:16:11,625 [INFO] Sending to ptd: 'SR,V,249.730000'
ptd-server 2022-02-13 07:16:13,457 [INFO] Reply from ptd: 'Range V changed'
ptd-server 2022-02-13 07:16:13,457 [INFO] Sending to ptd: 'SR,A,0.186850'
ptd-server 2022-02-13 07:16:14,958 [INFO] Reply from ptd: 'Range A changed'
ptd-server 2022-02-13 07:16:24,969 [INFO] Starting testing mode
ptd-server 2022-02-13 07:16:24,969 [INFO] Sending to ptd: 'Go,1000,0,2022-02-13_07-05-16_testing'
ptd-server 2022-02-13 07:16:24,969 [INFO] Reply from ptd: 'Starting untimed measurement, maximum 500000 samples at 1000ms with 0 rampup samples'
ptd-server 2022-02-13 07:16:24,969 [INFO] Sending reply to client 'OK'
ptd-server 2022-02-13 07:26:40,669 [INFO] Got command from the client 'session,2022-02-13_07-05-16,stop,testing'
ptd-server 2022-02-13 07:26:50,679 [INFO] Sending to ptd: 'Stop'
ptd-server 2022-02-13 07:26:50,680 [INFO] Reply from ptd: 'Stopping untimed measurement'
ptd-server 2022-02-13 07:26:50,973 [INFO] Sending reply to client 'OK'
ptd-server 2022-02-13 07:26:50,992 [INFO] Got command from the client 'session,2022-02-13_07-05-16,done'
ptd-server 2022-02-13 07:26:50,992 [INFO] Sending to ptd: 'Stop'
ptd-server 2022-02-13 07:26:50,992 [INFO] Reply from ptd: 'Error: no measurement to stop'
ptd-server 2022-02-13 07:26:50,992 [INFO] Sending to ptd: 'SR,V,300.000000'
ptd-server 2022-02-13 07:26:52,494 [INFO] Reply from ptd: 'Range V changed'
ptd-server 2022-02-13 07:26:52,494 [INFO] Sending to ptd: 'SR,A,0.500000'
ptd-server 2022-02-13 07:26:53,995 [INFO] Reply from ptd: 'Range A changed'
ptd-server 2022-02-13 07:26:53,995 [INFO] Set initial values for Amps 0.500000 and Volts 300.000000
ptd-server 2022-02-13 07:26:53,996 [INFO] Stopping ptd...
