ptd-server 2022-02-13 06:43:31,797 [INFO] Got command from the client 'time'
ptd-server 2022-02-13 06:43:31,797 [INFO] Sending reply to client '1644734611.7975364'
ptd-server 2022-02-13 06:43:31,800 [INFO] Got command from the client 'new,,98fbc6e1-da64-413e-98b2-2553c0db0941'
ptd-server 2022-02-13 06:43:31,800 [INFO] Sending reply to client 'OK 2022-02-13_06-43-31,4b95cb85-3a99-4b6e-a742-dd74b58d7b31'
ptd-server 2022-02-13 06:43:31,843 [INFO] Got command from the client 'time'
ptd-server 2022-02-13 06:43:31,843 [INFO] Sending reply to client '1644734611.8431907'
ptd-server 2022-02-13 06:43:31,845 [INFO] Got command from the client 'session,2022-02-13_06-43-31,start,ranging'
ptd-server 2022-02-13 06:43:31,845 [INFO] Running PTDaemon: ['/home/anton/projects/mlperf/power/inference_v1.0/ptd-linux-x86', '-l', '/tmp/tmpxvec0g6h/ptd_logfile.txt', '-p', '8888', '49', '/dev/usbtmc0']
ptd-server 2022-02-13 06:43:49,018 [INFO] Sending to ptd: 'Hello'
ptd-server 2022-02-13 06:43:49,019 [INFO] Reply from ptd: 'Hello, PTDaemon here!'
ptd-server 2022-02-13 06:43:49,019 [INFO] Sending to ptd: 'Identify'
ptd-server 2022-02-13 06:43:49,019 [INFO] Reply from ptd: 'YokogawaWT310E,1000,1,1,1,1,0,1,1,version=1.9.2-e8c7a49a-20201208,OS=Linux 5.13.0-27-generic #29~20.04.1-Ubuntu SMP Fri Jan 14 00:32:30 UTC 2022 x86_64,mode=power,1,1,1,0,0,no_cal_date,YOKOGAWA;WT310E;C3XA04010E;F1.04'
ptd-server 2022-02-13 06:43:49,019 [INFO] Connected to PTDaemon
ptd-server 2022-02-13 06:43:49,020 [INFO] Sending to ptd: 'RR'
ptd-server 2022-02-13 06:43:49,020 [INFO] Reply from ptd: 'Ranges,0,0.500000,0,300.000000'
ptd-server 2022-02-13 06:43:49,020 [INFO] Initial range for Amps is 0.500000 for Volts is 300.000000
ptd-server 2022-02-13 06:43:49,020 [INFO] Sending to ptd: 'SR,V,Auto'
ptd-server 2022-02-13 06:43:49,523 [INFO] Reply from ptd: 'Range V changed'
ptd-server 2022-02-13 06:43:49,523 [INFO] Sending to ptd: 'SR,A,Auto'
ptd-server 2022-02-13 06:43:50,025 [INFO] Reply from ptd: 'Range A changed'
ptd-server 2022-02-13 06:44:00,027 [INFO] Starting ranging mode
ptd-server 2022-02-13 06:44:00,027 [INFO] Sending to ptd: 'Go,1000,0,2022-02-13_06-43-31_ranging'
ptd-server 2022-02-13 06:44:00,028 [INFO] Reply from ptd: 'Starting untimed measurement, maximum 500000 samples at 1000ms with 0 rampup samples'
ptd-server 2022-02-13 06:44:00,028 [INFO] Sending reply to client 'OK'
ptd-server 2022-02-13 06:54:15,841 [INFO] Got command from the client 'session,2022-02-13_06-43-31,stop,ranging'
ptd-server 2022-02-13 06:54:25,852 [INFO] Sending to ptd: 'Stop'
ptd-server 2022-02-13 06:54:25,852 [INFO] Reply from ptd: 'Stopping untimed measurement'
ptd-server 2022-02-13 06:54:26,474 [INFO] Sending reply to client 'OK'
ptd-server 2022-02-13 06:54:26,535 [INFO] Got command from the client 'time'
ptd-server 2022-02-13 06:54:26,535 [INFO] Sending reply to client '1644735266.535548'
ptd-server 2022-02-13 06:54:26,538 [INFO] Got command from the client 'session,2022-02-13_06-43-31,start,testing'
ptd-server 2022-02-13 06:54:26,538 [INFO] Sending to ptd: 'SR,V,250.020000'
ptd-server 2022-02-13 06:54:28,039 [INFO] Reply from ptd: 'Range V changed'
ptd-server 2022-02-13 06:54:28,040 [INFO] Sending to ptd: 'SR,A,0.160290'
ptd-server 2022-02-13 06:54:29,541 [INFO] Reply from ptd: 'Range A changed'
ptd-server 2022-02-13 06:54:39,551 [INFO] Starting testing mode
ptd-server 2022-02-13 06:54:39,551 [INFO] Sending to ptd: 'Go,1000,0,2022-02-13_06-43-31_testing'
ptd-server 2022-02-13 06:54:39,552 [INFO] Reply from ptd: 'Starting untimed measurement, maximum 500000 samples at 1000ms with 0 rampup samples'
ptd-server 2022-02-13 06:54:39,552 [INFO] Sending reply to client 'OK'
ptd-server 2022-02-13 07:04:55,312 [INFO] Got command from the client 'session,2022-02-13_06-43-31,stop,testing'
ptd-server 2022-02-13 07:05:05,323 [INFO] Sending to ptd: 'Stop'
ptd-server 2022-02-13 07:05:05,323 [INFO] Reply from ptd: 'Stopping untimed measurement'
ptd-server 2022-02-13 07:05:05,618 [INFO] Sending reply to client 'OK'
ptd-server 2022-02-13 07:05:05,637 [INFO] Got command from the client 'session,2022-02-13_06-43-31,done'
ptd-server 2022-02-13 07:05:05,638 [INFO] Sending to ptd: 'Stop'
ptd-server 2022-02-13 07:05:05,638 [INFO] Reply from ptd: 'Error: no measurement to stop'
ptd-server 2022-02-13 07:05:05,638 [INFO] Sending to ptd: 'SR,V,300.000000'
ptd-server 2022-02-13 07:05:07,139 [INFO] Reply from ptd: 'Range V changed'
ptd-server 2022-02-13 07:05:07,139 [INFO] Sending to ptd: 'SR,A,0.500000'
ptd-server 2022-02-13 07:05:08,641 [INFO] Reply from ptd: 'Range A changed'
ptd-server 2022-02-13 07:05:08,641 [INFO] Set initial values for Amps 0.500000 and Volts 300.000000
ptd-server 2022-02-13 07:05:08,641 [INFO] Stopping ptd...
