ptd-server 2022-02-22 04:26:09,909 [INFO] Got command from the client 'time'
ptd-server 2022-02-22 04:26:09,909 [INFO] Sending reply to client '1645503969.9094727'
ptd-server 2022-02-22 04:26:09,911 [INFO] Got command from the client 'new,,5f651482-385c-4ff4-aabe-9fd2dcc90cd3'
ptd-server 2022-02-22 04:26:09,912 [INFO] Sending reply to client 'OK 2022-02-22_04-26-09,65e2b620-c75f-43d0-934b-b66350c67eeb'
ptd-server 2022-02-22 04:26:09,947 [INFO] Got command from the client 'time'
ptd-server 2022-02-22 04:26:09,947 [INFO] Sending reply to client '1645503969.947783'
ptd-server 2022-02-22 04:26:09,949 [INFO] Got command from the client 'session,2022-02-22_04-26-09,start,ranging'
ptd-server 2022-02-22 04:26:09,949 [INFO] Running PTDaemon: ['/home/anton/projects/mlperf/power/inference_v1.0/ptd-linux-x86', '-l', '/tmp/tmpgldyt7rr/ptd_logfile.txt', '-p', '8888', '49', '/dev/usbtmc0']
ptd-server 2022-02-22 04:26:27,123 [INFO] Sending to ptd: 'Hello'
ptd-server 2022-02-22 04:26:27,124 [INFO] Reply from ptd: 'Hello, PTDaemon here!'
ptd-server 2022-02-22 04:26:27,124 [INFO] Sending to ptd: 'Identify'
ptd-server 2022-02-22 04:26:27,124 [INFO] Reply from ptd: 'YokogawaWT310E,1000,1,1,1,1,0,1,1,version=1.9.2-e8c7a49a-20201208,OS=Linux 5.13.0-28-generic #31~20.04.1-Ubuntu SMP Wed Jan 19 14:08:10 UTC 2022 x86_64,mode=power,1,1,1,0,0,no_cal_date,YOKOGAWA;WT310E;C3XA04010E;F1.04'
ptd-server 2022-02-22 04:26:27,124 [INFO] Connected to PTDaemon
ptd-server 2022-02-22 04:26:27,124 [INFO] Sending to ptd: 'RR'
ptd-server 2022-02-22 04:26:27,125 [INFO] Reply from ptd: 'Ranges,0,0.500000,0,300.000000'
ptd-server 2022-02-22 04:26:27,125 [INFO] Initial range for Amps is 0.500000 for Volts is 300.000000
ptd-server 2022-02-22 04:26:27,125 [INFO] Sending to ptd: 'SR,V,Auto'
ptd-server 2022-02-22 04:26:27,628 [INFO] Reply from ptd: 'Range V changed'
ptd-server 2022-02-22 04:26:27,628 [INFO] Sending to ptd: 'SR,A,Auto'
ptd-server 2022-02-22 04:26:28,130 [INFO] Reply from ptd: 'Range A changed'
ptd-server 2022-02-22 04:26:38,135 [INFO] Starting ranging mode
ptd-server 2022-02-22 04:26:38,136 [INFO] Sending to ptd: 'Go,1000,0,2022-02-22_04-26-09_ranging'
ptd-server 2022-02-22 04:26:38,136 [INFO] Reply from ptd: 'Starting untimed measurement, maximum 500000 samples at 1000ms with 0 rampup samples'
ptd-server 2022-02-22 04:26:38,136 [INFO] Sending reply to client 'OK'
ptd-server 2022-02-22 04:37:07,179 [INFO] Got command from the client 'session,2022-02-22_04-26-09,stop,ranging'
ptd-server 2022-02-22 04:37:17,189 [INFO] Sending to ptd: 'Stop'
ptd-server 2022-02-22 04:37:17,190 [INFO] Reply from ptd: 'Stopping untimed measurement'
ptd-server 2022-02-22 04:37:17,873 [INFO] Sending reply to client 'OK'
ptd-server 2022-02-22 04:37:17,933 [INFO] Got command from the client 'time'
ptd-server 2022-02-22 04:37:17,933 [INFO] Sending reply to client '1645504637.9334714'
ptd-server 2022-02-22 04:37:17,935 [INFO] Got command from the client 'session,2022-02-22_04-26-09,start,testing'
ptd-server 2022-02-22 04:37:17,935 [INFO] Sending to ptd: 'SR,V,249.480000'
ptd-server 2022-02-22 04:37:19,637 [INFO] Reply from ptd: 'Range V changed'
ptd-server 2022-02-22 04:37:19,638 [INFO] Sending to ptd: 'SR,A,0.055940'
ptd-server 2022-02-22 04:37:21,139 [INFO] Reply from ptd: 'Range A changed'
ptd-server 2022-02-22 04:37:31,149 [INFO] Starting testing mode
ptd-server 2022-02-22 04:37:31,149 [INFO] Sending to ptd: 'Go,1000,0,2022-02-22_04-26-09_testing'
ptd-server 2022-02-22 04:37:31,150 [INFO] Reply from ptd: 'Starting untimed measurement, maximum 500000 samples at 1000ms with 0 rampup samples'
ptd-server 2022-02-22 04:37:31,150 [INFO] Sending reply to client 'OK'
ptd-server 2022-02-22 04:48:00,088 [INFO] Got command from the client 'session,2022-02-22_04-26-09,stop,testing'
ptd-server 2022-02-22 04:48:10,099 [INFO] Sending to ptd: 'Stop'
ptd-server 2022-02-22 04:48:10,099 [INFO] Reply from ptd: 'Stopping untimed measurement'
ptd-server 2022-02-22 04:48:10,453 [INFO] Sending reply to client 'OK'
ptd-server 2022-02-22 04:48:10,472 [INFO] Got command from the client 'session,2022-02-22_04-26-09,done'
ptd-server 2022-02-22 04:48:10,472 [INFO] Sending to ptd: 'Stop'
ptd-server 2022-02-22 04:48:10,473 [INFO] Reply from ptd: 'Error: no measurement to stop'
ptd-server 2022-02-22 04:48:10,473 [INFO] Sending to ptd: 'SR,V,300.000000'
ptd-server 2022-02-22 04:48:11,974 [INFO] Reply from ptd: 'Range V changed'
ptd-server 2022-02-22 04:48:11,974 [INFO] Sending to ptd: 'SR,A,0.500000'
ptd-server 2022-02-22 04:48:13,476 [INFO] Reply from ptd: 'Range A changed'
ptd-server 2022-02-22 04:48:13,476 [INFO] Set initial values for Amps 0.500000 and Volts 300.000000
ptd-server 2022-02-22 04:48:13,476 [INFO] Stopping ptd...
