ptd-server 2022-02-21 16:23:10,727 [INFO] Got command from the client 'time'
ptd-server 2022-02-21 16:23:10,727 [INFO] Sending reply to client '1645460590.7275853'
ptd-server 2022-02-21 16:23:10,729 [INFO] Got command from the client 'new,,dc17c347-ce7f-4843-9496-9b104c95a86d'
ptd-server 2022-02-21 16:23:10,729 [INFO] Sending reply to client 'OK 2022-02-21_16-23-10,068bd344-9dea-49cc-ac81-3c79d2aff5b6'
ptd-server 2022-02-21 16:23:10,767 [INFO] Got command from the client 'time'
ptd-server 2022-02-21 16:23:10,768 [INFO] Sending reply to client '1645460590.7680497'
ptd-server 2022-02-21 16:23:10,770 [INFO] Got command from the client 'session,2022-02-21_16-23-10,start,ranging'
ptd-server 2022-02-21 16:23:10,770 [INFO] Running PTDaemon: ['/home/anton/projects/mlperf/power/inference_v1.0/ptd-linux-x86', '-l', '/tmp/tmpgldyt7rr/ptd_logfile.txt', '-p', '8888', '49', '/dev/usbtmc0']
ptd-server 2022-02-21 16:23:27,943 [INFO] Sending to ptd: 'Hello'
ptd-server 2022-02-21 16:23:27,943 [INFO] Reply from ptd: 'Hello, PTDaemon here!'
ptd-server 2022-02-21 16:23:27,944 [INFO] Sending to ptd: 'Identify'
ptd-server 2022-02-21 16:23:27,944 [INFO] Reply from ptd: 'YokogawaWT310E,1000,1,1,1,1,0,1,1,version=1.9.2-e8c7a49a-20201208,OS=Linux 5.13.0-28-generic #31~20.04.1-Ubuntu SMP Wed Jan 19 14:08:10 UTC 2022 x86_64,mode=power,1,1,1,0,0,no_cal_date,YOKOGAWA;WT310E;C3XA04010E;F1.04'
ptd-server 2022-02-21 16:23:27,944 [INFO] Connected to PTDaemon
ptd-server 2022-02-21 16:23:27,944 [INFO] Sending to ptd: 'RR'
ptd-server 2022-02-21 16:23:27,944 [INFO] Reply from ptd: 'Ranges,0,0.500000,0,300.000000'
ptd-server 2022-02-21 16:23:27,945 [INFO] Initial range for Amps is 0.500000 for Volts is 300.000000
ptd-server 2022-02-21 16:23:27,945 [INFO] Sending to ptd: 'SR,V,Auto'
ptd-server 2022-02-21 16:23:28,447 [INFO] Reply from ptd: 'Range V changed'
ptd-server 2022-02-21 16:23:28,447 [INFO] Sending to ptd: 'SR,A,Auto'
ptd-server 2022-02-21 16:23:28,950 [INFO] Reply from ptd: 'Range A changed'
ptd-server 2022-02-21 16:23:38,960 [INFO] Starting ranging mode
ptd-server 2022-02-21 16:23:38,960 [INFO] Sending to ptd: 'Go,1000,0,2022-02-21_16-23-10_ranging'
ptd-server 2022-02-21 16:23:38,961 [INFO] Reply from ptd: 'Starting untimed measurement, maximum 500000 samples at 1000ms with 0 rampup samples'
ptd-server 2022-02-21 16:23:38,961 [INFO] Sending reply to client 'OK'
ptd-server 2022-02-21 16:34:01,504 [INFO] Got command from the client 'session,2022-02-21_16-23-10,stop,ranging'
ptd-server 2022-02-21 16:34:11,515 [INFO] Sending to ptd: 'Stop'
ptd-server 2022-02-21 16:34:11,515 [INFO] Reply from ptd: 'Stopping untimed measurement'
ptd-server 2022-02-21 16:34:12,144 [INFO] Sending reply to client 'OK'
ptd-server 2022-02-21 16:34:12,244 [INFO] Got command from the client 'time'
ptd-server 2022-02-21 16:34:12,244 [INFO] Sending reply to client '1645461252.2446713'
ptd-server 2022-02-21 16:34:12,250 [INFO] Got command from the client 'session,2022-02-21_16-23-10,start,testing'
ptd-server 2022-02-21 16:34:12,250 [INFO] Sending to ptd: 'SR,V,248.210000'
ptd-server 2022-02-21 16:34:13,751 [INFO] Reply from ptd: 'Range V changed'
ptd-server 2022-02-21 16:34:13,751 [INFO] Sending to ptd: 'SR,A,0.067220'
ptd-server 2022-02-21 16:34:15,253 [INFO] Reply from ptd: 'Range A changed'
ptd-server 2022-02-21 16:34:25,263 [INFO] Starting testing mode
ptd-server 2022-02-21 16:34:25,263 [INFO] Sending to ptd: 'Go,1000,0,2022-02-21_16-23-10_testing'
ptd-server 2022-02-21 16:34:25,264 [INFO] Reply from ptd: 'Starting untimed measurement, maximum 500000 samples at 1000ms with 0 rampup samples'
ptd-server 2022-02-21 16:34:25,264 [INFO] Sending reply to client 'OK'
ptd-server 2022-02-21 16:44:48,763 [INFO] Got command from the client 'session,2022-02-21_16-23-10,stop,testing'
ptd-server 2022-02-21 16:44:58,774 [INFO] Sending to ptd: 'Stop'
ptd-server 2022-02-21 16:44:58,774 [INFO] Reply from ptd: 'Stopping untimed measurement'
ptd-server 2022-02-21 16:44:59,096 [INFO] Sending reply to client 'OK'
ptd-server 2022-02-21 16:44:59,134 [INFO] Got command from the client 'session,2022-02-21_16-23-10,done'
ptd-server 2022-02-21 16:44:59,134 [INFO] Sending to ptd: 'Stop'
ptd-server 2022-02-21 16:44:59,265 [INFO] Reply from ptd: 'Error: no measurement to stop'
ptd-server 2022-02-21 16:44:59,265 [INFO] Sending to ptd: 'SR,V,300.000000'
ptd-server 2022-02-21 16:45:00,766 [INFO] Reply from ptd: 'Range V changed'
ptd-server 2022-02-21 16:45:00,766 [INFO] Sending to ptd: 'SR,A,0.500000'
ptd-server 2022-02-21 16:45:02,268 [INFO] Reply from ptd: 'Range A changed'
ptd-server 2022-02-21 16:45:02,268 [INFO] Set initial values for Amps 0.500000 and Volts 300.000000
ptd-server 2022-02-21 16:45:02,269 [INFO] Stopping ptd...
