ptd-server 2022-02-17 12:01:46,707 [INFO] Got command from the client 'time'
ptd-server 2022-02-17 12:01:46,707 [INFO] Sending reply to client '1645099306.7076929'
ptd-server 2022-02-17 12:01:46,709 [INFO] Got command from the client 'new,,bc841936-762d-43ca-81c2-ccff0c9c9a9a'
ptd-server 2022-02-17 12:01:46,709 [INFO] Sending reply to client 'OK 2022-02-17_12-01-46,a9b23c08-b8b4-47dc-a20e-98283f805693'
ptd-server 2022-02-17 12:01:46,742 [INFO] Got command from the client 'time'
ptd-server 2022-02-17 12:01:46,742 [INFO] Sending reply to client '1645099306.7429466'
ptd-server 2022-02-17 12:01:46,744 [INFO] Got command from the client 'session,2022-02-17_12-01-46,start,ranging'
ptd-server 2022-02-17 12:01:46,745 [INFO] Running PTDaemon: ['/home/anton/projects/mlperf/power/inference_v1.0/ptd-linux-x86', '-l', '/tmp/tmpgldyt7rr/ptd_logfile.txt', '-p', '8888', '49', '/dev/usbtmc0']
ptd-server 2022-02-17 12:02:03,918 [INFO] Sending to ptd: 'Hello'
ptd-server 2022-02-17 12:02:03,918 [INFO] Reply from ptd: 'Hello, PTDaemon here!'
ptd-server 2022-02-17 12:02:03,918 [INFO] Sending to ptd: 'Identify'
ptd-server 2022-02-17 12:02:03,919 [INFO] Reply from ptd: 'YokogawaWT310E,1000,1,1,1,1,0,1,1,version=1.9.2-e8c7a49a-20201208,OS=Linux 5.13.0-28-generic #31~20.04.1-Ubuntu SMP Wed Jan 19 14:08:10 UTC 2022 x86_64,mode=power,1,1,1,0,0,no_cal_date,YOKOGAWA;WT310E;C3XA04010E;F1.04'
ptd-server 2022-02-17 12:02:03,919 [INFO] Connected to PTDaemon
ptd-server 2022-02-17 12:02:03,919 [INFO] Sending to ptd: 'RR'
ptd-server 2022-02-17 12:02:03,919 [INFO] Reply from ptd: 'Ranges,0,0.500000,0,300.000000'
ptd-server 2022-02-17 12:02:03,920 [INFO] Initial range for Amps is 0.500000 for Volts is 300.000000
ptd-server 2022-02-17 12:02:03,920 [INFO] Sending to ptd: 'SR,V,Auto'
ptd-server 2022-02-17 12:02:04,422 [INFO] Reply from ptd: 'Range V changed'
ptd-server 2022-02-17 12:02:04,422 [INFO] Sending to ptd: 'SR,A,Auto'
ptd-server 2022-02-17 12:02:04,925 [INFO] Reply from ptd: 'Range A changed'
ptd-server 2022-02-17 12:02:14,935 [INFO] Starting ranging mode
ptd-server 2022-02-17 12:02:14,935 [INFO] Sending to ptd: 'Go,1000,0,2022-02-17_12-01-46_ranging'
ptd-server 2022-02-17 12:02:14,936 [INFO] Reply from ptd: 'Starting untimed measurement, maximum 500000 samples at 1000ms with 0 rampup samples'
ptd-server 2022-02-17 12:02:14,936 [INFO] Sending reply to client 'OK'
ptd-server 2022-02-17 12:12:32,232 [INFO] Got command from the client 'session,2022-02-17_12-01-46,stop,ranging'
ptd-server 2022-02-17 12:12:42,243 [INFO] Sending to ptd: 'Stop'
ptd-server 2022-02-17 12:12:42,243 [INFO] Reply from ptd: 'Stopping untimed measurement'
ptd-server 2022-02-17 12:12:42,407 [INFO] Sending reply to client 'OK'
ptd-server 2022-02-17 12:12:42,493 [INFO] Got command from the client 'time'
ptd-server 2022-02-17 12:12:42,493 [INFO] Sending reply to client '1645099962.4934933'
ptd-server 2022-02-17 12:12:42,496 [INFO] Got command from the client 'session,2022-02-17_12-01-46,start,testing'
ptd-server 2022-02-17 12:12:42,497 [INFO] Sending to ptd: 'SR,V,249.340000'
ptd-server 2022-02-17 12:12:44,438 [INFO] Reply from ptd: 'Range V changed'
ptd-server 2022-02-17 12:12:44,438 [INFO] Sending to ptd: 'SR,A,0.048250'
ptd-server 2022-02-17 12:12:45,939 [INFO] Reply from ptd: 'Range A changed'
ptd-server 2022-02-17 12:12:55,949 [INFO] Starting testing mode
ptd-server 2022-02-17 12:12:55,950 [INFO] Sending to ptd: 'Go,1000,0,2022-02-17_12-01-46_testing'
ptd-server 2022-02-17 12:12:55,950 [INFO] Reply from ptd: 'Starting untimed measurement, maximum 500000 samples at 1000ms with 0 rampup samples'
ptd-server 2022-02-17 12:12:55,950 [INFO] Sending reply to client 'OK'
ptd-server 2022-02-17 12:23:13,899 [INFO] Got command from the client 'session,2022-02-17_12-01-46,stop,testing'
ptd-server 2022-02-17 12:23:23,909 [INFO] Sending to ptd: 'Stop'
ptd-server 2022-02-17 12:23:23,909 [INFO] Reply from ptd: 'Stopping untimed measurement'
ptd-server 2022-02-17 12:23:24,004 [INFO] Sending reply to client 'OK'
ptd-server 2022-02-17 12:23:24,047 [INFO] Got command from the client 'session,2022-02-17_12-01-46,done'
ptd-server 2022-02-17 12:23:24,047 [INFO] Sending to ptd: 'Stop'
ptd-server 2022-02-17 12:23:24,047 [INFO] Reply from ptd: 'Error: no measurement to stop'
ptd-server 2022-02-17 12:23:24,047 [INFO] Sending to ptd: 'SR,V,300.000000'
ptd-server 2022-02-17 12:23:25,549 [INFO] Reply from ptd: 'Range V changed'
ptd-server 2022-02-17 12:23:25,549 [INFO] Sending to ptd: 'SR,A,0.500000'
ptd-server 2022-02-17 12:23:27,050 [INFO] Reply from ptd: 'Range A changed'
ptd-server 2022-02-17 12:23:27,050 [INFO] Set initial values for Amps 0.500000 and Volts 300.000000
ptd-server 2022-02-17 12:23:27,051 [INFO] Stopping ptd...
