ptd-server 2022-02-20 12:18:18,142 [INFO] Got command from the client 'time'
ptd-server 2022-02-20 12:18:18,142 [INFO] Sending reply to client '1645359498.142831'
ptd-server 2022-02-20 12:18:18,144 [INFO] Got command from the client 'new,,07bd7c57-6803-4c00-ad57-0b73cde1a8ba'
ptd-server 2022-02-20 12:18:18,144 [INFO] Sending reply to client 'OK 2022-02-20_12-18-18,5e729877-5695-408b-9e22-2e2ede47bf75'
ptd-server 2022-02-20 12:18:18,173 [INFO] Got command from the client 'time'
ptd-server 2022-02-20 12:18:18,173 [INFO] Sending reply to client '1645359498.1732929'
ptd-server 2022-02-20 12:18:18,174 [INFO] Got command from the client 'session,2022-02-20_12-18-18,start,ranging'
ptd-server 2022-02-20 12:18:18,174 [INFO] Running PTDaemon: ['/home/anton/projects/mlperf/power/inference_v1.0/ptd-linux-x86', '-l', '/tmp/tmpgldyt7rr/ptd_logfile.txt', '-p', '8888', '49', '/dev/usbtmc0']
ptd-server 2022-02-20 12:18:35,347 [INFO] Sending to ptd: 'Hello'
ptd-server 2022-02-20 12:18:35,348 [INFO] Reply from ptd: 'Hello, PTDaemon here!'
ptd-server 2022-02-20 12:18:35,348 [INFO] Sending to ptd: 'Identify'
ptd-server 2022-02-20 12:18:35,348 [INFO] Reply from ptd: 'YokogawaWT310E,1000,1,1,1,1,0,1,1,version=1.9.2-e8c7a49a-20201208,OS=Linux 5.13.0-28-generic #31~20.04.1-Ubuntu SMP Wed Jan 19 14:08:10 UTC 2022 x86_64,mode=power,1,1,1,0,0,no_cal_date,YOKOGAWA;WT310E;C3XA04010E;F1.04'
ptd-server 2022-02-20 12:18:35,349 [INFO] Connected to PTDaemon
ptd-server 2022-02-20 12:18:35,349 [INFO] Sending to ptd: 'RR'
ptd-server 2022-02-20 12:18:35,349 [INFO] Reply from ptd: 'Ranges,0,0.500000,0,300.000000'
ptd-server 2022-02-20 12:18:35,349 [INFO] Initial range for Amps is 0.500000 for Volts is 300.000000
ptd-server 2022-02-20 12:18:35,349 [INFO] Sending to ptd: 'SR,V,Auto'
ptd-server 2022-02-20 12:18:35,852 [INFO] Reply from ptd: 'Range V changed'
ptd-server 2022-02-20 12:18:35,852 [INFO] Sending to ptd: 'SR,A,Auto'
ptd-server 2022-02-20 12:18:36,354 [INFO] Reply from ptd: 'Range A changed'
ptd-server 2022-02-20 12:18:46,365 [INFO] Starting ranging mode
ptd-server 2022-02-20 12:18:46,365 [INFO] Sending to ptd: 'Go,1000,0,2022-02-20_12-18-18_ranging'
ptd-server 2022-02-20 12:18:46,365 [INFO] Reply from ptd: 'Starting untimed measurement, maximum 500000 samples at 1000ms with 0 rampup samples'
ptd-server 2022-02-20 12:18:46,366 [INFO] Sending reply to client 'OK'
ptd-server 2022-02-20 12:29:03,347 [INFO] Got command from the client 'session,2022-02-20_12-18-18,stop,ranging'
ptd-server 2022-02-20 12:29:13,356 [INFO] Sending to ptd: 'Stop'
ptd-server 2022-02-20 12:29:13,356 [INFO] Reply from ptd: 'Stopping untimed measurement'
ptd-server 2022-02-20 12:29:13,885 [INFO] Sending reply to client 'OK'
ptd-server 2022-02-20 12:29:13,951 [INFO] Got command from the client 'time'
ptd-server 2022-02-20 12:29:13,951 [INFO] Sending reply to client '1645360153.9519408'
ptd-server 2022-02-20 12:29:13,953 [INFO] Got command from the client 'session,2022-02-20_12-18-18,start,testing'
ptd-server 2022-02-20 12:29:13,953 [INFO] Sending to ptd: 'SR,V,248.430000'
ptd-server 2022-02-20 12:29:15,455 [INFO] Reply from ptd: 'Range V changed'
ptd-server 2022-02-20 12:29:15,455 [INFO] Sending to ptd: 'SR,A,0.049690'
ptd-server 2022-02-20 12:29:16,956 [INFO] Reply from ptd: 'Range A changed'
ptd-server 2022-02-20 12:29:26,967 [INFO] Starting testing mode
ptd-server 2022-02-20 12:29:26,967 [INFO] Sending to ptd: 'Go,1000,0,2022-02-20_12-18-18_testing'
ptd-server 2022-02-20 12:29:26,967 [INFO] Reply from ptd: 'Starting untimed measurement, maximum 500000 samples at 1000ms with 0 rampup samples'
ptd-server 2022-02-20 12:29:26,967 [INFO] Sending reply to client 'OK'
ptd-server 2022-02-20 12:39:44,885 [INFO] Got command from the client 'session,2022-02-20_12-18-18,stop,testing'
ptd-server 2022-02-20 12:39:54,896 [INFO] Sending to ptd: 'Stop'
ptd-server 2022-02-20 12:39:54,896 [INFO] Reply from ptd: 'Stopping untimed measurement'
ptd-server 2022-02-20 12:39:55,148 [INFO] Sending reply to client 'OK'
ptd-server 2022-02-20 12:39:55,166 [INFO] Got command from the client 'session,2022-02-20_12-18-18,done'
ptd-server 2022-02-20 12:39:55,166 [INFO] Sending to ptd: 'Stop'
ptd-server 2022-02-20 12:39:55,167 [INFO] Reply from ptd: 'Error: no measurement to stop'
ptd-server 2022-02-20 12:39:55,167 [INFO] Sending to ptd: 'SR,V,300.000000'
ptd-server 2022-02-20 12:39:56,668 [INFO] Reply from ptd: 'Range V changed'
ptd-server 2022-02-20 12:39:56,668 [INFO] Sending to ptd: 'SR,A,0.500000'
ptd-server 2022-02-20 12:39:58,170 [INFO] Reply from ptd: 'Range A changed'
ptd-server 2022-02-20 12:39:58,170 [INFO] Set initial values for Amps 0.500000 and Volts 300.000000
ptd-server 2022-02-20 12:39:58,170 [INFO] Stopping ptd...
