client 2022-02-24 07:29:52,199 [INFO] Sending command to the server: 'mlcommons/power client v3'
client 2022-02-24 07:29:52,200 [INFO] Got response: 'mlcommons/power server v3'
client 2022-02-24 07:29:52,201 [INFO] Sending command to the server: 'stop'
client 2022-02-24 07:29:52,203 [INFO] Got response: 'OK'
client 2022-02-24 07:29:52,203 [INFO] Synchronizing with the server and with 100.64.0.18...
client 2022-02-24 07:29:52,211 [INFO] NTP:offset = 0.000 s, delay = 0.001 s 
client 2022-02-24 07:29:52,211 [INFO] Sending command to the server: 'time'
client 2022-02-24 07:29:52,214 [INFO] Got response: '1645687792.213774'
client 2022-02-24 07:29:52,214 [INFO] The time difference between the client and the server is within range -2.136 ms..0.637 ms
client 2022-02-24 07:29:52,214 [INFO] Sending command to the server: 'new,,4cf45abd-098f-46d0-b51d-e1a932c57c43'
client 2022-02-24 07:29:52,218 [INFO] Got response: 'OK 2022-02-24_07-29-52,07d9e1d4-35a4-4ebf-a340-86d9f8486117'
client 2022-02-24 07:29:52,218 [INFO] Session id is '2022-02-24_07-29-52'
client 2022-02-24 07:29:52,219 [INFO] Sources: {"sources": {"__init__.py": "da39a3ee5e6b4b0d3255bfef95601890afd80709", "client.py": "33ca4f26368777ac06e01f9567b714a4b8063886", "lib/__init__.py": "da39a3ee5e6b4b0d3255bfef95601890afd80709", "lib/client.py": "4c2b78fb4849a7e5b584ef792d82aaed20b17f57", "lib/common.py": "624d0c0acc7c39aaff3674f0b99d6a09da53d1dc", "lib/external/__init__.py": "da39a3ee5e6b4b0d3255bfef95601890afd80709", "lib/external/ntplib.py": "4da8f970656505a40483206ef2b5d3dd5e81711d", "lib/server.py": "59c9fb92908260d3e9f81a895c7aa009742275e4", "lib/source_hashes.py": "60a2e02193209e8d392803326208d5466342da18", "lib/summary.py": "aa92f0a3f975eecd44d3c0cd0236342ccc9f941d", "lib/time_sync.py": "3210db56eb0ff0df57bf4293dc4d4b03fffd46f1", "server.py": "c3f90f2f7eeb4db30727556d0c815ebc89b3d28b", "tests/unit/__init__.py": "da39a3ee5e6b4b0d3255bfef95601890afd80709", "tests/unit/test_server.py": "99ae15aef722f2000ee6ed1ae1523637bf1ae42b", "tests/unit/test_source_hashes.py": "00468a2907583c593e6574a1f6b404e4651c221a"}, "modules": {"ptd_client_server.lib.client": "lib/client.py", "ptd_client_server.lib.common": "lib/common.py", "ptd_client_server.lib.external.ntplib": "lib/external/ntplib.py", "ptd_client_server.lib.source_hashes": "lib/source_hashes.py", "ptd_client_server.lib.summary": "lib/summary.py", "ptd_client_server.lib.time_sync": "lib/time_sync.py"}}
client 2022-02-24 07:29:52,219 [INFO] Running workload in ranging mode
client 2022-02-24 07:29:52,219 [INFO] Synchronizing with the server and with 100.64.0.18...
client 2022-02-24 07:29:52,221 [INFO] NTP:offset = 0.000 s, delay = 0.001 s 
client 2022-02-24 07:29:52,222 [INFO] Sending command to the server: 'time'
client 2022-02-24 07:29:52,224 [INFO] Got response: '1645687792.2242975'
client 2022-02-24 07:29:52,224 [INFO] The time difference between the client and the server is within range -2.245 ms..0.576 ms
client 2022-02-24 07:29:52,225 [INFO] Sending command to the server: 'session,2022-02-24_07-29-52,start,ranging'
client 2022-02-24 07:30:16,158 [INFO] Got response: 'OK'
client 2022-02-24 07:30:16,159 [INFO] Running the workload 'LOG_DIR=/work/build/power_logs_temp python3 code/main.py --benchmarks=resnet50 \t--scenarios=singlestream \t--config_ver=default_maxq \t--test_mode=PerformanceOnly  --action="run_harness" \\\n\t\t2>&1 | tee -a /work/build/power_logs/2022.02.24-07.29.41/stdout.txt \\\n\t\t&& if [ ! -d /work/build/power_logs/2022.02.24-07.29.41/ranging_tmp ]; \\\n\t\t\tthen mkdir /work/build/power_logs/2022.02.24-07.29.41/ranging_tmp \\\n\t\t\t\t&& mv /work/build/power_logs_temp/* /work/build/power_logs/2022.02.24-07.29.41/ranging_tmp/ \\\n\t\t\t\t&& cp -v /work/build/power_logs/2022.02.24-07.29.41/ranging_tmp/*/*/*/mlperf_log_detail.txt /work/build/power_logs_temp/ \\\n\t\t\t\t&& cp -v /work/build/power_logs/2022.02.24-07.29.41/ranging_tmp/*/*/*/mlperf_log_summary.txt /work/build/power_logs_temp/; \\\n\t\t\telse mkdir /work/build/power_logs/2022.02.24-07.29.41/testing_tmp \\\n\t\t\t\t&& mv /work/build/power_logs_temp/* /work/build/power_logs/2022.02.24-07.29.41/testing_tmp/ \\\n\t\t\t\t&& cp -v /work/build/power_logs/2022.02.24-07.29.41/testing_tmp/*/*/*/mlperf_log_detail.txt /work/build/power_logs_temp/ \\\n\t\t\t\t&& cp -v /work/build/power_logs/2022.02.24-07.29.41/testing_tmp/*/*/*/mlperf_log_summary.txt /work/build/power_logs_temp/; fi'
client 2022-02-24 07:40:31,644 [INFO] Sending command to the server: 'session,2022-02-24_07-29-52,stop,ranging'
client 2022-02-24 07:40:41,674 [INFO] Got response: 'OK'
client 2022-02-24 07:40:41,685 [INFO] Copying loadgen logs from '/work/build/power_logs_temp' to '/work/build/power_logs/2022.02.24-07.29.41/2022-02-24_07-29-52/ranging'
client 2022-02-24 07:40:41,686 [INFO] Running workload in testing mode
client 2022-02-24 07:40:41,686 [INFO] Synchronizing with the server and with 100.64.0.18...
client 2022-02-24 07:40:41,688 [INFO] NTP:offset = 0.000 s, delay = 0.001 s 
client 2022-02-24 07:40:41,688 [INFO] Sending command to the server: 'time'
client 2022-02-24 07:40:41,691 [INFO] Got response: '1645688441.6665251'
client 2022-02-24 07:40:41,691 [INFO] The time difference between the client and the server is within range 22.443 ms..24.695 ms
client 2022-02-24 07:40:41,691 [INFO] Sending command to the server: 'session,2022-02-24_07-29-52,start,testing'
client 2022-02-24 07:40:55,261 [INFO] Got response: 'OK'
client 2022-02-24 07:40:55,261 [INFO] Running the workload 'LOG_DIR=/work/build/power_logs_temp python3 code/main.py --benchmarks=resnet50 \t--scenarios=singlestream \t--config_ver=default_maxq \t--test_mode=PerformanceOnly  --action="run_harness" \\\n\t\t2>&1 | tee -a /work/build/power_logs/2022.02.24-07.29.41/stdout.txt \\\n\t\t&& if [ ! -d /work/build/power_logs/2022.02.24-07.29.41/ranging_tmp ]; \\\n\t\t\tthen mkdir /work/build/power_logs/2022.02.24-07.29.41/ranging_tmp \\\n\t\t\t\t&& mv /work/build/power_logs_temp/* /work/build/power_logs/2022.02.24-07.29.41/ranging_tmp/ \\\n\t\t\t\t&& cp -v /work/build/power_logs/2022.02.24-07.29.41/ranging_tmp/*/*/*/mlperf_log_detail.txt /work/build/power_logs_temp/ \\\n\t\t\t\t&& cp -v /work/build/power_logs/2022.02.24-07.29.41/ranging_tmp/*/*/*/mlperf_log_summary.txt /work/build/power_logs_temp/; \\\n\t\t\telse mkdir /work/build/power_logs/2022.02.24-07.29.41/testing_tmp \\\n\t\t\t\t&& mv /work/build/power_logs_temp/* /work/build/power_logs/2022.02.24-07.29.41/testing_tmp/ \\\n\t\t\t\t&& cp -v /work/build/power_logs/2022.02.24-07.29.41/testing_tmp/*/*/*/mlperf_log_detail.txt /work/build/power_logs_temp/ \\\n\t\t\t\t&& cp -v /work/build/power_logs/2022.02.24-07.29.41/testing_tmp/*/*/*/mlperf_log_summary.txt /work/build/power_logs_temp/; fi'
client 2022-02-24 07:51:10,736 [INFO] Sending command to the server: 'session,2022-02-24_07-29-52,stop,testing'
client 2022-02-24 07:51:20,757 [INFO] Got response: 'OK'
client 2022-02-24 07:51:20,759 [INFO] Copying loadgen logs from '/work/build/power_logs_temp' to '/work/build/power_logs/2022.02.24-07.29.41/2022-02-24_07-29-52/run_1'
client 2022-02-24 07:51:20,760 [INFO] Done runs
