ptd-server 2022-02-24 07:29:52,202 [INFO] Got command from the client 'stop'
ptd-server 2022-02-24 07:29:52,202 [INFO] The server will be stopped after processing this client
ptd-server 2022-02-24 07:29:52,203 [INFO] Sending reply to client 'OK'
ptd-server 2022-02-24 07:29:52,212 [INFO] Got command from the client 'time'
ptd-server 2022-02-24 07:29:52,213 [INFO] Sending reply to client '1645687792.213774'
ptd-server 2022-02-24 07:29:52,216 [INFO] Got command from the client 'new,,4cf45abd-098f-46d0-b51d-e1a932c57c43'
ptd-server 2022-02-24 07:29:52,218 [INFO] Sending reply to client 'OK 2022-02-24_07-29-52,07d9e1d4-35a4-4ebf-a340-86d9f8486117'
ptd-server 2022-02-24 07:29:52,223 [INFO] Got command from the client 'time'
ptd-server 2022-02-24 07:29:52,224 [INFO] Sending reply to client '1645687792.2242975'
ptd-server 2022-02-24 07:29:52,225 [INFO] Got command from the client 'session,2022-02-24_07-29-52,start,ranging'
ptd-server 2022-02-24 07:29:52,336 [INFO] Running PTDaemon: ['.\\ptd-windows-x86.exe', '-l', 'C:\\Users\\root\\AppData\\Local\\Temp\\tmpdy8mx5ez\\ptd_logfile.txt', '-p', '8888', '-c', '1', '-g', '8', '1']
ptd-server 2022-02-24 07:30:05,098 [INFO] Sending to ptd: 'Hello'
ptd-server 2022-02-24 07:30:05,099 [INFO] Reply from ptd: 'Hello, PTDaemon here!'
ptd-server 2022-02-24 07:30:05,100 [INFO] Sending to ptd: 'Identify'
ptd-server 2022-02-24 07:30:05,101 [INFO] Reply from ptd: 'YokogawaWT210,1000,1,1,1,1,0,0,1,version=1.9.2-3976349f-20201208,OS=Windows 8 / Server 2012,mode=power,1,1,1,0,0,no_cal_date,YOKOGAWA;760401;0;F1.12'
ptd-server 2022-02-24 07:30:05,102 [INFO] Connected to PTDaemon
ptd-server 2022-02-24 07:30:05,103 [INFO] Sending to ptd: 'RR'
ptd-server 2022-02-24 07:30:05,103 [INFO] Reply from ptd: 'Ranges,1,2.000000,1,150.000000'
ptd-server 2022-02-24 07:30:05,104 [INFO] Initial range for Amps is Auto for Volts is Auto
ptd-server 2022-02-24 07:30:05,105 [INFO] Sending to ptd: 'SR,V,Auto'
ptd-server 2022-02-24 07:30:05,624 [INFO] Reply from ptd: 'Range V changed'
ptd-server 2022-02-24 07:30:05,625 [INFO] Sending to ptd: 'SR,A,Auto'
ptd-server 2022-02-24 07:30:06,142 [INFO] Reply from ptd: 'Range A changed'
ptd-server 2022-02-24 07:30:16,154 [INFO] Starting ranging mode
ptd-server 2022-02-24 07:30:16,155 [INFO] Sending to ptd: 'Go,1000,0,2022-02-24_07-29-52_ranging'
ptd-server 2022-02-24 07:30:16,155 [INFO] Reply from ptd: 'Starting untimed measurement, maximum 500000 samples at 1000ms with 0 rampup samples'
ptd-server 2022-02-24 07:30:16,157 [INFO] Sending reply to client 'OK'
ptd-server 2022-02-24 07:40:31,621 [INFO] Got command from the client 'session,2022-02-24_07-29-52,stop,ranging'
ptd-server 2022-02-24 07:40:41,625 [INFO] Sending to ptd: 'Stop'
ptd-server 2022-02-24 07:40:41,626 [INFO] Reply from ptd: 'Stopping untimed measurement'
ptd-server 2022-02-24 07:40:41,649 [INFO] Sending reply to client 'OK'
ptd-server 2022-02-24 07:40:41,665 [INFO] Got command from the client 'time'
ptd-server 2022-02-24 07:40:41,666 [INFO] Sending reply to client '1645688441.6665251'
ptd-server 2022-02-24 07:40:41,668 [INFO] Got command from the client 'session,2022-02-24_07-29-52,start,testing'
ptd-server 2022-02-24 07:40:41,669 [INFO] Sending to ptd: 'SR,V,120.790000'
ptd-server 2022-02-24 07:40:43,694 [INFO] Reply from ptd: 'Range V changed'
ptd-server 2022-02-24 07:40:43,695 [INFO] Sending to ptd: 'SR,A,1.946200'
ptd-server 2022-02-24 07:40:45,225 [INFO] Reply from ptd: 'Range A changed'
ptd-server 2022-02-24 07:40:55,232 [INFO] Starting testing mode
ptd-server 2022-02-24 07:40:55,233 [INFO] Sending to ptd: 'Go,1000,0,2022-02-24_07-29-52_testing'
ptd-server 2022-02-24 07:40:55,233 [INFO] Reply from ptd: 'Starting untimed measurement, maximum 500000 samples at 1000ms with 0 rampup samples'
ptd-server 2022-02-24 07:40:55,235 [INFO] Sending reply to client 'OK'
ptd-server 2022-02-24 07:51:10,689 [INFO] Got command from the client 'session,2022-02-24_07-29-52,stop,testing'
ptd-server 2022-02-24 07:51:20,696 [INFO] Sending to ptd: 'Stop'
ptd-server 2022-02-24 07:51:20,696 [INFO] Reply from ptd: 'Stopping untimed measurement'
ptd-server 2022-02-24 07:51:20,708 [INFO] Sending reply to client 'OK'
ptd-server 2022-02-24 07:51:20,717 [INFO] Got command from the client 'session,2022-02-24_07-29-52,done'
ptd-server 2022-02-24 07:51:20,718 [INFO] Sending to ptd: 'Stop'
ptd-server 2022-02-24 07:51:21,235 [INFO] Reply from ptd: 'Error: no measurement to stop'
ptd-server 2022-02-24 07:51:21,236 [INFO] Sending to ptd: 'SR,V,Auto'
ptd-server 2022-02-24 07:51:21,765 [INFO] Reply from ptd: 'Range V changed'
ptd-server 2022-02-24 07:51:21,767 [INFO] Sending to ptd: 'SR,A,Auto'
ptd-server 2022-02-24 07:51:22,283 [INFO] Reply from ptd: 'Range A changed'
ptd-server 2022-02-24 07:51:22,285 [INFO] Set initial values for Amps Auto and Volts Auto
ptd-server 2022-02-24 07:51:22,286 [INFO] Stopping ptd...
