ptd-server 2022-02-16 02:51:10,424 [INFO] Got command from the client 'stop'
ptd-server 2022-02-16 02:51:10,424 [INFO] The server will be stopped after processing this client
ptd-server 2022-02-16 02:51:10,424 [INFO] Sending reply to client 'OK'
ptd-server 2022-02-16 02:51:10,627 [INFO] Got command from the client 'time'
ptd-server 2022-02-16 02:51:10,627 [INFO] Sending reply to client '1645008670.6277006'
ptd-server 2022-02-16 02:51:10,643 [INFO] Got command from the client 'new,,40dd24ec-e83d-48aa-84a3-e934f860cfa8'
ptd-server 2022-02-16 02:51:10,643 [INFO] Sending reply to client 'OK 2022-02-16_02-51-10,0e086102-bda2-40fd-b5b2-fa0a92f8e4bb'
ptd-server 2022-02-16 02:51:10,846 [INFO] Got command from the client 'time'
ptd-server 2022-02-16 02:51:10,846 [INFO] Sending reply to client '1645008670.846574'
ptd-server 2022-02-16 02:51:10,846 [INFO] Got command from the client 'session,2022-02-16_02-51-10,start,ranging'
ptd-server 2022-02-16 02:51:10,955 [INFO] Running PTDaemon: ['C:\\PTD\\ptd-windows-x86.exe', '-l', 'C:\\Users\\lab\\AppData\\Local\\Temp\\tmpqqwo0w48\\ptd_logfile.txt', '-p', '8888', '-c', '1,3', '-y', '77', '10.34.232.250']
ptd-server 2022-02-16 02:51:30,065 [INFO] Sending to ptd: 'Hello'
ptd-server 2022-02-16 02:51:30,065 [INFO] Reply from ptd: 'Hello, PTDaemon here!'
ptd-server 2022-02-16 02:51:30,065 [INFO] Sending to ptd: 'Identify'
ptd-server 2022-02-16 02:51:30,065 [INFO] Reply from ptd: 'YokogawaWT330_multichannel,1000,1,1,1,1,0,0,1,version=1.9.2-3976349f-20201208,OS=Windows 8 / Server 2012,mode=power,1,1,2,0,0,no_cal_date,YOKOGAWA;WT333E;C2WA21018V;F1.04'
ptd-server 2022-02-16 02:51:30,065 [INFO] Connected to PTDaemon
ptd-server 2022-02-16 02:51:30,065 [INFO] Sending to ptd: 'RR'
ptd-server 2022-02-16 02:51:30,065 [INFO] Reply from ptd: 'Ranges,0,20.000000,1,300.000000'
ptd-server 2022-02-16 02:51:30,065 [INFO] Initial range for Amps is 20.000000 for Volts is Auto
ptd-server 2022-02-16 02:51:30,065 [INFO] Sending to ptd: 'SR,V,Auto'
ptd-server 2022-02-16 02:51:35,132 [INFO] Reply from ptd: 'Range V changed'
ptd-server 2022-02-16 02:51:35,132 [INFO] Sending to ptd: 'SR,A,Auto'
ptd-server 2022-02-16 02:51:40,205 [INFO] Reply from ptd: 'Range A changed'
ptd-server 2022-02-16 02:51:50,218 [INFO] Starting ranging mode
ptd-server 2022-02-16 02:51:50,218 [INFO] Sending to ptd: 'Go,1000,0,2022-02-16_02-51-10_ranging'
ptd-server 2022-02-16 02:51:50,218 [INFO] Reply from ptd: 'Starting untimed measurement, maximum 500000 samples at 1000ms with 0 rampup samples'
ptd-server 2022-02-16 02:51:50,218 [INFO] Sending reply to client 'OK'
ptd-server 2022-02-16 03:02:35,041 [INFO] Got command from the client 'session,2022-02-16_02-51-10,stop,ranging'
ptd-server 2022-02-16 03:02:45,047 [INFO] Sending to ptd: 'Stop'
ptd-server 2022-02-16 03:02:45,047 [INFO] Reply from ptd: 'Stopping untimed measurement'
ptd-server 2022-02-16 03:02:45,078 [INFO] Sending reply to client 'OK'
ptd-server 2022-02-16 03:02:45,307 [INFO] Got command from the client 'time'
ptd-server 2022-02-16 03:02:45,307 [INFO] Sending reply to client '1645009365.3071094'
ptd-server 2022-02-16 03:02:45,307 [INFO] Got command from the client 'session,2022-02-16_02-51-10,start,testing'
ptd-server 2022-02-16 03:02:45,307 [INFO] Sending to ptd: 'SR,V,209.190000'
ptd-server 2022-02-16 03:02:51,390 [INFO] Reply from ptd: 'Range V changed'
ptd-server 2022-02-16 03:02:51,390 [INFO] Sending to ptd: 'SR,A,5.499800'
ptd-server 2022-02-16 03:02:56,980 [INFO] Reply from ptd: 'Range A changed'
ptd-server 2022-02-16 03:03:06,981 [INFO] Starting testing mode
ptd-server 2022-02-16 03:03:06,981 [INFO] Sending to ptd: 'Go,1000,0,2022-02-16_02-51-10_testing'
ptd-server 2022-02-16 03:03:06,981 [INFO] Reply from ptd: 'Starting untimed measurement, maximum 500000 samples at 1000ms with 0 rampup samples'
ptd-server 2022-02-16 03:03:06,981 [INFO] Sending reply to client 'OK'
ptd-server 2022-02-16 03:13:52,523 [INFO] Got command from the client 'session,2022-02-16_02-51-10,stop,testing'
ptd-server 2022-02-16 03:14:02,534 [INFO] Sending to ptd: 'Stop'
ptd-server 2022-02-16 03:14:02,534 [INFO] Reply from ptd: 'Stopping untimed measurement'
ptd-server 2022-02-16 03:14:02,549 [INFO] Sending reply to client 'OK'
ptd-server 2022-02-16 03:14:02,581 [INFO] Got command from the client 'session,2022-02-16_02-51-10,done'
ptd-server 2022-02-16 03:14:02,581 [INFO] Sending to ptd: 'Stop'
ptd-server 2022-02-16 03:14:02,983 [INFO] Reply from ptd: 'Error: no measurement to stop'
ptd-server 2022-02-16 03:14:02,983 [INFO] Sending to ptd: 'SR,V,Auto'
ptd-server 2022-02-16 03:14:08,063 [INFO] Reply from ptd: 'Range V changed'
ptd-server 2022-02-16 03:14:08,063 [INFO] Sending to ptd: 'SR,A,20.000000'
ptd-server 2022-02-16 03:14:13,641 [INFO] Reply from ptd: 'Range A changed'
ptd-server 2022-02-16 03:14:13,641 [INFO] Set initial values for Amps 20.000000 and Volts Auto
ptd-server 2022-02-16 03:14:13,641 [INFO] Stopping ptd...
