ptd-server 2022-02-21 01:07:32,518 [INFO] Got command from the client 'time'
ptd-server 2022-02-21 01:07:32,518 [INFO] Sending reply to client '1645405652.5188575'
ptd-server 2022-02-21 01:07:32,520 [INFO] Got command from the client 'new,,49ef5afe-36bb-4a34-bc97-d520a5418c46'
ptd-server 2022-02-21 01:07:32,520 [INFO] Sending reply to client 'OK 2022-02-21_01-07-32,bb6430d8-f70c-43d6-9394-e52e6ee5e839'
ptd-server 2022-02-21 01:07:32,553 [INFO] Got command from the client 'time'
ptd-server 2022-02-21 01:07:32,553 [INFO] Sending reply to client '1645405652.5534894'
ptd-server 2022-02-21 01:07:32,555 [INFO] Got command from the client 'session,2022-02-21_01-07-32,start,ranging'
ptd-server 2022-02-21 01:07:32,555 [INFO] Running PTDaemon: ['/home/anton/projects/mlperf/power/inference_v1.0/ptd-linux-x86', '-l', '/tmp/tmpgldyt7rr/ptd_logfile.txt', '-p', '8888', '49', '/dev/usbtmc0']
ptd-server 2022-02-21 01:07:49,731 [INFO] Sending to ptd: 'Hello'
ptd-server 2022-02-21 01:07:49,731 [INFO] Reply from ptd: 'Hello, PTDaemon here!'
ptd-server 2022-02-21 01:07:49,732 [INFO] Sending to ptd: 'Identify'
ptd-server 2022-02-21 01:07:49,732 [INFO] Reply from ptd: 'YokogawaWT310E,1000,1,1,1,1,0,1,1,version=1.9.2-e8c7a49a-20201208,OS=Linux 5.13.0-28-generic #31~20.04.1-Ubuntu SMP Wed Jan 19 14:08:10 UTC 2022 x86_64,mode=power,1,1,1,0,0,no_cal_date,YOKOGAWA;WT310E;C3XA04010E;F1.04'
ptd-server 2022-02-21 01:07:49,732 [INFO] Connected to PTDaemon
ptd-server 2022-02-21 01:07:49,732 [INFO] Sending to ptd: 'RR'
ptd-server 2022-02-21 01:07:49,732 [INFO] Reply from ptd: 'Ranges,0,0.500000,0,300.000000'
ptd-server 2022-02-21 01:07:49,733 [INFO] Initial range for Amps is 0.500000 for Volts is 300.000000
ptd-server 2022-02-21 01:07:49,733 [INFO] Sending to ptd: 'SR,V,Auto'
ptd-server 2022-02-21 01:07:50,235 [INFO] Reply from ptd: 'Range V changed'
ptd-server 2022-02-21 01:07:50,235 [INFO] Sending to ptd: 'SR,A,Auto'
ptd-server 2022-02-21 01:07:50,738 [INFO] Reply from ptd: 'Range A changed'
ptd-server 2022-02-21 01:08:00,748 [INFO] Starting ranging mode
ptd-server 2022-02-21 01:08:00,748 [INFO] Sending to ptd: 'Go,1000,0,2022-02-21_01-07-32_ranging'
ptd-server 2022-02-21 01:08:00,748 [INFO] Reply from ptd: 'Starting untimed measurement, maximum 500000 samples at 1000ms with 0 rampup samples'
ptd-server 2022-02-21 01:08:00,749 [INFO] Sending reply to client 'OK'
ptd-server 2022-02-21 01:18:28,222 [INFO] Got command from the client 'session,2022-02-21_01-07-32,stop,ranging'
ptd-server 2022-02-21 01:18:38,232 [INFO] Sending to ptd: 'Stop'
ptd-server 2022-02-21 01:18:38,233 [INFO] Reply from ptd: 'Stopping untimed measurement'
ptd-server 2022-02-21 01:18:38,781 [INFO] Sending reply to client 'OK'
ptd-server 2022-02-21 01:18:38,887 [INFO] Got command from the client 'time'
ptd-server 2022-02-21 01:18:38,887 [INFO] Sending reply to client '1645406318.8875353'
ptd-server 2022-02-21 01:18:38,891 [INFO] Got command from the client 'session,2022-02-21_01-07-32,start,testing'
ptd-server 2022-02-21 01:18:38,891 [INFO] Sending to ptd: 'SR,V,249.850000'
ptd-server 2022-02-21 01:18:40,392 [INFO] Reply from ptd: 'Range V changed'
ptd-server 2022-02-21 01:18:40,393 [INFO] Sending to ptd: 'SR,A,0.041160'
ptd-server 2022-02-21 01:18:41,894 [INFO] Reply from ptd: 'Range A changed'
ptd-server 2022-02-21 01:18:51,904 [INFO] Starting testing mode
ptd-server 2022-02-21 01:18:51,904 [INFO] Sending to ptd: 'Go,1000,0,2022-02-21_01-07-32_testing'
ptd-server 2022-02-21 01:18:51,905 [INFO] Reply from ptd: 'Starting untimed measurement, maximum 500000 samples at 1000ms with 0 rampup samples'
ptd-server 2022-02-21 01:18:51,905 [INFO] Sending reply to client 'OK'
ptd-server 2022-02-21 01:29:20,139 [INFO] Got command from the client 'session,2022-02-21_01-07-32,stop,testing'
ptd-server 2022-02-21 01:29:30,149 [INFO] Sending to ptd: 'Stop'
ptd-server 2022-02-21 01:29:30,150 [INFO] Reply from ptd: 'Stopping untimed measurement'
ptd-server 2022-02-21 01:29:30,438 [INFO] Sending reply to client 'OK'
ptd-server 2022-02-21 01:29:30,478 [INFO] Got command from the client 'session,2022-02-21_01-07-32,done'
ptd-server 2022-02-21 01:29:30,478 [INFO] Sending to ptd: 'Stop'
ptd-server 2022-02-21 01:29:30,905 [INFO] Reply from ptd: 'Error: no measurement to stop'
ptd-server 2022-02-21 01:29:30,905 [INFO] Sending to ptd: 'SR,V,300.000000'
ptd-server 2022-02-21 01:29:32,406 [INFO] Reply from ptd: 'Range V changed'
ptd-server 2022-02-21 01:29:32,407 [INFO] Sending to ptd: 'SR,A,0.500000'
ptd-server 2022-02-21 01:29:33,908 [INFO] Reply from ptd: 'Range A changed'
ptd-server 2022-02-21 01:29:33,908 [INFO] Set initial values for Amps 0.500000 and Volts 300.000000
ptd-server 2022-02-21 01:29:33,908 [INFO] Stopping ptd...
