ptd-server 2022-02-14 14:44:11,890 [INFO] Got command from the client 'time'
ptd-server 2022-02-14 14:44:11,890 [INFO] Sending reply to client '1644849851.890283'
ptd-server 2022-02-14 14:44:11,893 [INFO] Got command from the client 'new,,46b711f8-84ea-4f29-a715-b3c4cfb80a36'
ptd-server 2022-02-14 14:44:11,893 [INFO] Sending reply to client 'OK 2022-02-14_14-44-11,5830343f-6b7c-42bd-a42f-e25b90128ef7'
ptd-server 2022-02-14 14:44:11,939 [INFO] Got command from the client 'time'
ptd-server 2022-02-14 14:44:11,939 [INFO] Sending reply to client '1644849851.9396791'
ptd-server 2022-02-14 14:44:11,941 [INFO] Got command from the client 'session,2022-02-14_14-44-11,start,ranging'
ptd-server 2022-02-14 14:44:11,942 [INFO] Running PTDaemon: ['/home/anton/projects/mlperf/power/inference_v1.0/ptd-linux-x86', '-l', '/tmp/tmpxvec0g6h/ptd_logfile.txt', '-p', '8888', '49', '/dev/usbtmc0']
ptd-server 2022-02-14 14:44:29,114 [INFO] Sending to ptd: 'Hello'
ptd-server 2022-02-14 14:44:29,115 [INFO] Reply from ptd: 'Hello, PTDaemon here!'
ptd-server 2022-02-14 14:44:29,115 [INFO] Sending to ptd: 'Identify'
ptd-server 2022-02-14 14:44:29,115 [INFO] Reply from ptd: 'YokogawaWT310E,1000,1,1,1,1,0,1,1,version=1.9.2-e8c7a49a-20201208,OS=Linux 5.13.0-27-generic #29~20.04.1-Ubuntu SMP Fri Jan 14 00:32:30 UTC 2022 x86_64,mode=power,1,1,1,0,0,no_cal_date,YOKOGAWA;WT310E;C3XA04010E;F1.04'
ptd-server 2022-02-14 14:44:29,116 [INFO] Connected to PTDaemon
ptd-server 2022-02-14 14:44:29,116 [INFO] Sending to ptd: 'RR'
ptd-server 2022-02-14 14:44:29,116 [INFO] Reply from ptd: 'Ranges,0,0.500000,0,300.000000'
ptd-server 2022-02-14 14:44:29,116 [INFO] Initial range for Amps is 0.500000 for Volts is 300.000000
ptd-server 2022-02-14 14:44:29,116 [INFO] Sending to ptd: 'SR,V,Auto'
ptd-server 2022-02-14 14:44:29,619 [INFO] Reply from ptd: 'Range V changed'
ptd-server 2022-02-14 14:44:29,619 [INFO] Sending to ptd: 'SR,A,Auto'
ptd-server 2022-02-14 14:44:30,122 [INFO] Reply from ptd: 'Range A changed'
ptd-server 2022-02-14 14:44:40,132 [INFO] Starting ranging mode
ptd-server 2022-02-14 14:44:40,132 [INFO] Sending to ptd: 'Go,1000,0,2022-02-14_14-44-11_ranging'
ptd-server 2022-02-14 14:44:40,133 [INFO] Reply from ptd: 'Starting untimed measurement, maximum 500000 samples at 1000ms with 0 rampup samples'
ptd-server 2022-02-14 14:44:40,133 [INFO] Sending reply to client 'OK'
ptd-server 2022-02-14 14:54:59,533 [INFO] Got command from the client 'session,2022-02-14_14-44-11,stop,ranging'
ptd-server 2022-02-14 14:55:09,544 [INFO] Sending to ptd: 'Stop'
ptd-server 2022-02-14 14:55:09,544 [INFO] Reply from ptd: 'Stopping untimed measurement'
ptd-server 2022-02-14 14:55:10,289 [INFO] Sending reply to client 'OK'
ptd-server 2022-02-14 14:55:10,346 [INFO] Got command from the client 'time'
ptd-server 2022-02-14 14:55:10,346 [INFO] Sending reply to client '1644850510.3462913'
ptd-server 2022-02-14 14:55:10,348 [INFO] Got command from the client 'session,2022-02-14_14-44-11,start,testing'
ptd-server 2022-02-14 14:55:10,349 [INFO] Sending to ptd: 'SR,V,250.540000'
ptd-server 2022-02-14 14:55:11,850 [INFO] Reply from ptd: 'Range V changed'
ptd-server 2022-02-14 14:55:11,850 [INFO] Sending to ptd: 'SR,A,0.223670'
ptd-server 2022-02-14 14:55:13,352 [INFO] Reply from ptd: 'Range A changed'
ptd-server 2022-02-14 14:55:23,362 [INFO] Starting testing mode
ptd-server 2022-02-14 14:55:23,362 [INFO] Sending to ptd: 'Go,1000,0,2022-02-14_14-44-11_testing'
ptd-server 2022-02-14 14:55:23,362 [INFO] Reply from ptd: 'Starting untimed measurement, maximum 500000 samples at 1000ms with 0 rampup samples'
ptd-server 2022-02-14 14:55:23,363 [INFO] Sending reply to client 'OK'
ptd-server 2022-02-14 15:05:42,648 [INFO] Got command from the client 'session,2022-02-14_14-44-11,stop,testing'
ptd-server 2022-02-14 15:05:52,659 [INFO] Sending to ptd: 'Stop'
ptd-server 2022-02-14 15:05:52,659 [INFO] Reply from ptd: 'Stopping untimed measurement'
ptd-server 2022-02-14 15:05:53,036 [INFO] Sending reply to client 'OK'
ptd-server 2022-02-14 15:05:53,055 [INFO] Got command from the client 'session,2022-02-14_14-44-11,done'
ptd-server 2022-02-14 15:05:53,056 [INFO] Sending to ptd: 'Stop'
ptd-server 2022-02-14 15:05:53,362 [INFO] Reply from ptd: 'Error: no measurement to stop'
ptd-server 2022-02-14 15:05:53,362 [INFO] Sending to ptd: 'SR,V,300.000000'
ptd-server 2022-02-14 15:05:54,864 [INFO] Reply from ptd: 'Range V changed'
ptd-server 2022-02-14 15:05:54,864 [INFO] Sending to ptd: 'SR,A,0.500000'
ptd-server 2022-02-14 15:05:56,366 [INFO] Reply from ptd: 'Range A changed'
ptd-server 2022-02-14 15:05:56,366 [INFO] Set initial values for Amps 0.500000 and Volts 300.000000
ptd-server 2022-02-14 15:05:56,366 [INFO] Stopping ptd...
