ptd-server 2022-02-14 23:37:14,413 [INFO] Got command from the client 'time'
ptd-server 2022-02-14 23:37:14,414 [INFO] Sending reply to client '1644881834.414026'
ptd-server 2022-02-14 23:37:14,415 [INFO] Got command from the client 'new,,89f98b4b-b49f-4675-8abb-12dab309f31d'
ptd-server 2022-02-14 23:37:14,415 [INFO] Sending reply to client 'OK 2022-02-14_23-37-14,4f3ec9eb-7494-4354-961f-ac161b4d30bc'
ptd-server 2022-02-14 23:37:14,464 [INFO] Got command from the client 'time'
ptd-server 2022-02-14 23:37:14,465 [INFO] Sending reply to client '1644881834.4650333'
ptd-server 2022-02-14 23:37:14,467 [INFO] Got command from the client 'session,2022-02-14_23-37-14,start,ranging'
ptd-server 2022-02-14 23:37:14,467 [INFO] Running PTDaemon: ['/home/anton/projects/mlperf/power/inference_v1.0/ptd-linux-x86', '-l', '/tmp/tmpxvec0g6h/ptd_logfile.txt', '-p', '8888', '49', '/dev/usbtmc0']
ptd-server 2022-02-14 23:37:31,641 [INFO] Sending to ptd: 'Hello'
ptd-server 2022-02-14 23:37:31,641 [INFO] Reply from ptd: 'Hello, PTDaemon here!'
ptd-server 2022-02-14 23:37:31,641 [INFO] Sending to ptd: 'Identify'
ptd-server 2022-02-14 23:37:31,642 [INFO] Reply from ptd: 'YokogawaWT310E,1000,1,1,1,1,0,1,1,version=1.9.2-e8c7a49a-20201208,OS=Linux 5.13.0-27-generic #29~20.04.1-Ubuntu SMP Fri Jan 14 00:32:30 UTC 2022 x86_64,mode=power,1,1,1,0,0,no_cal_date,YOKOGAWA;WT310E;C3XA04010E;F1.04'
ptd-server 2022-02-14 23:37:31,642 [INFO] Connected to PTDaemon
ptd-server 2022-02-14 23:37:31,642 [INFO] Sending to ptd: 'RR'
ptd-server 2022-02-14 23:37:31,642 [INFO] Reply from ptd: 'Ranges,0,0.500000,0,300.000000'
ptd-server 2022-02-14 23:37:31,643 [INFO] Initial range for Amps is 0.500000 for Volts is 300.000000
ptd-server 2022-02-14 23:37:31,643 [INFO] Sending to ptd: 'SR,V,Auto'
ptd-server 2022-02-14 23:37:32,145 [INFO] Reply from ptd: 'Range V changed'
ptd-server 2022-02-14 23:37:32,145 [INFO] Sending to ptd: 'SR,A,Auto'
ptd-server 2022-02-14 23:37:32,648 [INFO] Reply from ptd: 'Range A changed'
ptd-server 2022-02-14 23:37:42,658 [INFO] Starting ranging mode
ptd-server 2022-02-14 23:37:42,658 [INFO] Sending to ptd: 'Go,1000,0,2022-02-14_23-37-14_ranging'
ptd-server 2022-02-14 23:37:42,659 [INFO] Reply from ptd: 'Starting untimed measurement, maximum 500000 samples at 1000ms with 0 rampup samples'
ptd-server 2022-02-14 23:37:42,659 [INFO] Sending reply to client 'OK'
ptd-server 2022-02-14 23:48:02,069 [INFO] Got command from the client 'session,2022-02-14_23-37-14,stop,ranging'
ptd-server 2022-02-14 23:48:12,079 [INFO] Sending to ptd: 'Stop'
ptd-server 2022-02-14 23:48:12,080 [INFO] Reply from ptd: 'Stopping untimed measurement'
ptd-server 2022-02-14 23:48:12,862 [INFO] Sending reply to client 'OK'
ptd-server 2022-02-14 23:48:12,922 [INFO] Got command from the client 'time'
ptd-server 2022-02-14 23:48:12,922 [INFO] Sending reply to client '1644882492.922933'
ptd-server 2022-02-14 23:48:12,925 [INFO] Got command from the client 'session,2022-02-14_23-37-14,start,testing'
ptd-server 2022-02-14 23:48:12,925 [INFO] Sending to ptd: 'SR,V,251.440000'
ptd-server 2022-02-14 23:48:14,426 [INFO] Reply from ptd: 'Range V changed'
ptd-server 2022-02-14 23:48:14,426 [INFO] Sending to ptd: 'SR,A,0.212470'
ptd-server 2022-02-14 23:48:15,928 [INFO] Reply from ptd: 'Range A changed'
ptd-server 2022-02-14 23:48:25,938 [INFO] Starting testing mode
ptd-server 2022-02-14 23:48:25,938 [INFO] Sending to ptd: 'Go,1000,0,2022-02-14_23-37-14_testing'
ptd-server 2022-02-14 23:48:25,939 [INFO] Reply from ptd: 'Starting untimed measurement, maximum 500000 samples at 1000ms with 0 rampup samples'
ptd-server 2022-02-14 23:48:25,939 [INFO] Sending reply to client 'OK'
ptd-server 2022-02-14 23:58:45,217 [INFO] Got command from the client 'session,2022-02-14_23-37-14,stop,testing'
ptd-server 2022-02-14 23:58:55,227 [INFO] Sending to ptd: 'Stop'
ptd-server 2022-02-14 23:58:55,228 [INFO] Reply from ptd: 'Stopping untimed measurement'
ptd-server 2022-02-14 23:58:55,629 [INFO] Sending reply to client 'OK'
ptd-server 2022-02-14 23:58:55,648 [INFO] Got command from the client 'session,2022-02-14_23-37-14,done'
ptd-server 2022-02-14 23:58:55,648 [INFO] Sending to ptd: 'Stop'
ptd-server 2022-02-14 23:58:55,939 [INFO] Reply from ptd: 'Error: no measurement to stop'
ptd-server 2022-02-14 23:58:55,939 [INFO] Sending to ptd: 'SR,V,300.000000'
ptd-server 2022-02-14 23:58:57,441 [INFO] Reply from ptd: 'Range V changed'
ptd-server 2022-02-14 23:58:57,441 [INFO] Sending to ptd: 'SR,A,0.500000'
ptd-server 2022-02-14 23:58:58,942 [INFO] Reply from ptd: 'Range A changed'
ptd-server 2022-02-14 23:58:58,942 [INFO] Set initial values for Amps 0.500000 and Volts 300.000000
ptd-server 2022-02-14 23:58:58,943 [INFO] Stopping ptd...
