ptd-server 2022-02-18 10:00:55,990 [INFO] Got command from the client 'time'
ptd-server 2022-02-18 10:00:55,990 [INFO] Sending reply to client '1645178455.9901502'
ptd-server 2022-02-18 10:00:55,992 [INFO] Got command from the client 'new,,fff9695f-b38e-48ba-b229-b72ac4a46c2a'
ptd-server 2022-02-18 10:00:55,993 [INFO] Sending reply to client 'OK 2022-02-18_10-00-55,504480d6-1db8-4901-8421-c160da6b54fd'
ptd-server 2022-02-18 10:00:56,038 [INFO] Got command from the client 'time'
ptd-server 2022-02-18 10:00:56,038 [INFO] Sending reply to client '1645178456.0384989'
ptd-server 2022-02-18 10:00:56,041 [INFO] Got command from the client 'session,2022-02-18_10-00-55,start,ranging'
ptd-server 2022-02-18 10:00:56,041 [INFO] Running PTDaemon: ['/home/anton/projects/mlperf/power/inference_v1.0/ptd-linux-x86', '-l', '/tmp/tmpgldyt7rr/ptd_logfile.txt', '-p', '8888', '49', '/dev/usbtmc0']
ptd-server 2022-02-18 10:01:13,214 [INFO] Sending to ptd: 'Hello'
ptd-server 2022-02-18 10:01:13,214 [INFO] Reply from ptd: 'Hello, PTDaemon here!'
ptd-server 2022-02-18 10:01:13,214 [INFO] Sending to ptd: 'Identify'
ptd-server 2022-02-18 10:01:13,215 [INFO] Reply from ptd: 'YokogawaWT310E,1000,1,1,1,1,0,1,1,version=1.9.2-e8c7a49a-20201208,OS=Linux 5.13.0-28-generic #31~20.04.1-Ubuntu SMP Wed Jan 19 14:08:10 UTC 2022 x86_64,mode=power,1,1,1,0,0,no_cal_date,YOKOGAWA;WT310E;C3XA04010E;F1.04'
ptd-server 2022-02-18 10:01:13,215 [INFO] Connected to PTDaemon
ptd-server 2022-02-18 10:01:13,215 [INFO] Sending to ptd: 'RR'
ptd-server 2022-02-18 10:01:13,215 [INFO] Reply from ptd: 'Ranges,0,0.500000,0,300.000000'
ptd-server 2022-02-18 10:01:13,215 [INFO] Initial range for Amps is 0.500000 for Volts is 300.000000
ptd-server 2022-02-18 10:01:13,216 [INFO] Sending to ptd: 'SR,V,Auto'
ptd-server 2022-02-18 10:01:13,718 [INFO] Reply from ptd: 'Range V changed'
ptd-server 2022-02-18 10:01:13,718 [INFO] Sending to ptd: 'SR,A,Auto'
ptd-server 2022-02-18 10:01:14,221 [INFO] Reply from ptd: 'Range A changed'
ptd-server 2022-02-18 10:01:24,231 [INFO] Starting ranging mode
ptd-server 2022-02-18 10:01:24,231 [INFO] Sending to ptd: 'Go,1000,0,2022-02-18_10-00-55_ranging'
ptd-server 2022-02-18 10:01:24,232 [INFO] Reply from ptd: 'Starting untimed measurement, maximum 500000 samples at 1000ms with 0 rampup samples'
ptd-server 2022-02-18 10:01:24,232 [INFO] Sending reply to client 'OK'
ptd-server 2022-02-18 10:15:31,420 [INFO] Got command from the client 'session,2022-02-18_10-00-55,stop,ranging'
ptd-server 2022-02-18 10:15:41,430 [INFO] Sending to ptd: 'Stop'
ptd-server 2022-02-18 10:15:41,431 [INFO] Reply from ptd: 'Stopping untimed measurement'
ptd-server 2022-02-18 10:15:41,679 [INFO] Sending reply to client 'OK'
ptd-server 2022-02-18 10:15:41,798 [INFO] Got command from the client 'time'
ptd-server 2022-02-18 10:15:41,798 [INFO] Sending reply to client '1645179341.7989202'
ptd-server 2022-02-18 10:15:41,803 [INFO] Got command from the client 'session,2022-02-18_10-00-55,start,testing'
ptd-server 2022-02-18 10:15:41,803 [INFO] Sending to ptd: 'SR,V,251.870000'
ptd-server 2022-02-18 10:15:43,733 [INFO] Reply from ptd: 'Range V changed'
ptd-server 2022-02-18 10:15:43,733 [INFO] Sending to ptd: 'SR,A,0.245150'
ptd-server 2022-02-18 10:15:45,235 [INFO] Reply from ptd: 'Range A changed'
ptd-server 2022-02-18 10:15:55,245 [INFO] Starting testing mode
ptd-server 2022-02-18 10:15:55,245 [INFO] Sending to ptd: 'Go,1000,0,2022-02-18_10-00-55_testing'
ptd-server 2022-02-18 10:15:55,246 [INFO] Reply from ptd: 'Starting untimed measurement, maximum 500000 samples at 1000ms with 0 rampup samples'
ptd-server 2022-02-18 10:15:55,246 [INFO] Sending reply to client 'OK'
ptd-server 2022-02-18 10:30:05,223 [INFO] Got command from the client 'session,2022-02-18_10-00-55,stop,testing'
ptd-server 2022-02-18 10:30:15,234 [INFO] Sending to ptd: 'Stop'
ptd-server 2022-02-18 10:30:15,234 [INFO] Reply from ptd: 'Stopping untimed measurement'
ptd-server 2022-02-18 10:30:15,372 [INFO] Sending reply to client 'OK'
ptd-server 2022-02-18 10:30:15,412 [INFO] Got command from the client 'session,2022-02-18_10-00-55,done'
ptd-server 2022-02-18 10:30:15,412 [INFO] Sending to ptd: 'Stop'
ptd-server 2022-02-18 10:30:15,412 [INFO] Reply from ptd: 'Error: no measurement to stop'
ptd-server 2022-02-18 10:30:15,412 [INFO] Sending to ptd: 'SR,V,300.000000'
ptd-server 2022-02-18 10:30:16,914 [INFO] Reply from ptd: 'Range V changed'
ptd-server 2022-02-18 10:30:16,914 [INFO] Sending to ptd: 'SR,A,0.500000'
ptd-server 2022-02-18 10:30:18,415 [INFO] Reply from ptd: 'Range A changed'
ptd-server 2022-02-18 10:30:18,415 [INFO] Set initial values for Amps 0.500000 and Volts 300.000000
ptd-server 2022-02-18 10:30:18,416 [INFO] Stopping ptd...
