ptd-server 2022-02-13 03:27:42,354 [INFO] Got command from the client 'time'
ptd-server 2022-02-13 03:27:42,355 [INFO] Sending reply to client '1644722862.3551035'
ptd-server 2022-02-13 03:27:42,357 [INFO] Got command from the client 'new,,af15cfc0-9c68-46cb-977c-4a924a7af1b8'
ptd-server 2022-02-13 03:27:42,357 [INFO] Sending reply to client 'OK 2022-02-13_03-27-42,1b50267f-d2b6-4ef4-adbe-00617fcd7b7e'
ptd-server 2022-02-13 03:27:42,394 [INFO] Got command from the client 'time'
ptd-server 2022-02-13 03:27:42,394 [INFO] Sending reply to client '1644722862.3942025'
ptd-server 2022-02-13 03:27:42,396 [INFO] Got command from the client 'session,2022-02-13_03-27-42,start,ranging'
ptd-server 2022-02-13 03:27:42,396 [INFO] Running PTDaemon: ['/home/anton/projects/mlperf/power/inference_v1.0/ptd-linux-x86', '-l', '/tmp/tmpxvec0g6h/ptd_logfile.txt', '-p', '8888', '49', '/dev/usbtmc0']
ptd-server 2022-02-13 03:27:59,569 [INFO] Sending to ptd: 'Hello'
ptd-server 2022-02-13 03:27:59,570 [INFO] Reply from ptd: 'Hello, PTDaemon here!'
ptd-server 2022-02-13 03:27:59,570 [INFO] Sending to ptd: 'Identify'
ptd-server 2022-02-13 03:27:59,571 [INFO] Reply from ptd: 'YokogawaWT310E,1000,1,1,1,1,0,1,1,version=1.9.2-e8c7a49a-20201208,OS=Linux 5.13.0-27-generic #29~20.04.1-Ubuntu SMP Fri Jan 14 00:32:30 UTC 2022 x86_64,mode=power,1,1,1,0,0,no_cal_date,YOKOGAWA;WT310E;C3XA04010E;F1.04'
ptd-server 2022-02-13 03:27:59,571 [INFO] Connected to PTDaemon
ptd-server 2022-02-13 03:27:59,571 [INFO] Sending to ptd: 'RR'
ptd-server 2022-02-13 03:27:59,571 [INFO] Reply from ptd: 'Ranges,0,0.500000,0,300.000000'
ptd-server 2022-02-13 03:27:59,571 [INFO] Initial range for Amps is 0.500000 for Volts is 300.000000
ptd-server 2022-02-13 03:27:59,571 [INFO] Sending to ptd: 'SR,V,Auto'
ptd-server 2022-02-13 03:28:00,074 [INFO] Reply from ptd: 'Range V changed'
ptd-server 2022-02-13 03:28:00,074 [INFO] Sending to ptd: 'SR,A,Auto'
ptd-server 2022-02-13 03:28:00,576 [INFO] Reply from ptd: 'Range A changed'
ptd-server 2022-02-13 03:28:10,587 [INFO] Starting ranging mode
ptd-server 2022-02-13 03:28:10,587 [INFO] Sending to ptd: 'Go,1000,0,2022-02-13_03-27-42_ranging'
ptd-server 2022-02-13 03:28:10,587 [INFO] Reply from ptd: 'Starting untimed measurement, maximum 500000 samples at 1000ms with 0 rampup samples'
ptd-server 2022-02-13 03:28:10,588 [INFO] Sending reply to client 'OK'
ptd-server 2022-02-13 03:38:29,566 [INFO] Got command from the client 'session,2022-02-13_03-27-42,stop,ranging'
ptd-server 2022-02-13 03:38:39,576 [INFO] Sending to ptd: 'Stop'
ptd-server 2022-02-13 03:38:39,576 [INFO] Reply from ptd: 'Stopping untimed measurement'
ptd-server 2022-02-13 03:38:40,139 [INFO] Sending reply to client 'OK'
ptd-server 2022-02-13 03:38:40,201 [INFO] Got command from the client 'time'
ptd-server 2022-02-13 03:38:40,201 [INFO] Sending reply to client '1644723520.2012706'
ptd-server 2022-02-13 03:38:40,203 [INFO] Got command from the client 'session,2022-02-13_03-27-42,start,testing'
ptd-server 2022-02-13 03:38:40,203 [INFO] Sending to ptd: 'SR,V,251.480000'
ptd-server 2022-02-13 03:38:41,705 [INFO] Reply from ptd: 'Range V changed'
ptd-server 2022-02-13 03:38:41,705 [INFO] Sending to ptd: 'SR,A,0.139230'
ptd-server 2022-02-13 03:38:43,206 [INFO] Reply from ptd: 'Range A changed'
ptd-server 2022-02-13 03:38:53,217 [INFO] Starting testing mode
ptd-server 2022-02-13 03:38:53,217 [INFO] Sending to ptd: 'Go,1000,0,2022-02-13_03-27-42_testing'
ptd-server 2022-02-13 03:38:53,217 [INFO] Reply from ptd: 'Starting untimed measurement, maximum 500000 samples at 1000ms with 0 rampup samples'
ptd-server 2022-02-13 03:38:53,217 [INFO] Sending reply to client 'OK'
ptd-server 2022-02-13 03:49:09,057 [INFO] Got command from the client 'session,2022-02-13_03-27-42,stop,testing'
ptd-server 2022-02-13 03:49:19,064 [INFO] Sending to ptd: 'Stop'
ptd-server 2022-02-13 03:49:19,064 [INFO] Reply from ptd: 'Stopping untimed measurement'
ptd-server 2022-02-13 03:49:19,369 [INFO] Sending reply to client 'OK'
ptd-server 2022-02-13 03:49:19,388 [INFO] Got command from the client 'session,2022-02-13_03-27-42,done'
ptd-server 2022-02-13 03:49:19,388 [INFO] Sending to ptd: 'Stop'
ptd-server 2022-02-13 03:49:19,388 [INFO] Reply from ptd: 'Error: no measurement to stop'
ptd-server 2022-02-13 03:49:19,388 [INFO] Sending to ptd: 'SR,V,300.000000'
ptd-server 2022-02-13 03:49:20,889 [INFO] Reply from ptd: 'Range V changed'
ptd-server 2022-02-13 03:49:20,890 [INFO] Sending to ptd: 'SR,A,0.500000'
ptd-server 2022-02-13 03:49:22,391 [INFO] Reply from ptd: 'Range A changed'
ptd-server 2022-02-13 03:49:22,391 [INFO] Set initial values for Amps 0.500000 and Volts 300.000000
ptd-server 2022-02-13 03:49:22,391 [INFO] Stopping ptd...
