ptd-server 2022-02-23 07:38:45,665 [INFO] Got command from the client 'time'
ptd-server 2022-02-23 07:38:45,665 [INFO] Sending reply to client '1645601925.665477'
ptd-server 2022-02-23 07:38:45,667 [INFO] Got command from the client 'new,,ee4421be-0a11-4c10-99bd-c56000802288'
ptd-server 2022-02-23 07:38:45,668 [INFO] Sending reply to client 'OK 2022-02-23_07-38-45,44ae42a4-27ea-4637-b80d-e2a817c6f022'
ptd-server 2022-02-23 07:38:45,708 [INFO] Got command from the client 'time'
ptd-server 2022-02-23 07:38:45,708 [INFO] Sending reply to client '1645601925.7088845'
ptd-server 2022-02-23 07:38:45,710 [INFO] Got command from the client 'session,2022-02-23_07-38-45,start,ranging'
ptd-server 2022-02-23 07:38:45,710 [INFO] Running PTDaemon: ['/home/anton/projects/mlperf/power/inference_v1.0/ptd-linux-x86', '-l', '/tmp/tmpgldyt7rr/ptd_logfile.txt', '-p', '8888', '49', '/dev/usbtmc0']
ptd-server 2022-02-23 07:39:02,882 [INFO] Sending to ptd: 'Hello'
ptd-server 2022-02-23 07:39:02,882 [INFO] Reply from ptd: 'Hello, PTDaemon here!'
ptd-server 2022-02-23 07:39:02,882 [INFO] Sending to ptd: 'Identify'
ptd-server 2022-02-23 07:39:02,883 [INFO] Reply from ptd: 'YokogawaWT310E,1000,1,1,1,1,0,1,1,version=1.9.2-e8c7a49a-20201208,OS=Linux 5.13.0-28-generic #31~20.04.1-Ubuntu SMP Wed Jan 19 14:08:10 UTC 2022 x86_64,mode=power,1,1,1,0,0,no_cal_date,YOKOGAWA;WT310E;C3XA04010E;F1.04'
ptd-server 2022-02-23 07:39:02,883 [INFO] Connected to PTDaemon
ptd-server 2022-02-23 07:39:02,883 [INFO] Sending to ptd: 'RR'
ptd-server 2022-02-23 07:39:02,883 [INFO] Reply from ptd: 'Ranges,0,0.500000,0,300.000000'
ptd-server 2022-02-23 07:39:02,883 [INFO] Initial range for Amps is 0.500000 for Volts is 300.000000
ptd-server 2022-02-23 07:39:02,884 [INFO] Sending to ptd: 'SR,V,Auto'
ptd-server 2022-02-23 07:39:03,386 [INFO] Reply from ptd: 'Range V changed'
ptd-server 2022-02-23 07:39:03,386 [INFO] Sending to ptd: 'SR,A,Auto'
ptd-server 2022-02-23 07:39:03,888 [INFO] Reply from ptd: 'Range A changed'
ptd-server 2022-02-23 07:39:13,899 [INFO] Starting ranging mode
ptd-server 2022-02-23 07:39:13,899 [INFO] Sending to ptd: 'Go,1000,0,2022-02-23_07-38-45_ranging'
ptd-server 2022-02-23 07:39:13,899 [INFO] Reply from ptd: 'Starting untimed measurement, maximum 500000 samples at 1000ms with 0 rampup samples'
ptd-server 2022-02-23 07:39:13,900 [INFO] Sending reply to client 'OK'
ptd-server 2022-02-23 07:49:42,987 [INFO] Got command from the client 'session,2022-02-23_07-38-45,stop,ranging'
ptd-server 2022-02-23 07:49:52,997 [INFO] Sending to ptd: 'Stop'
ptd-server 2022-02-23 07:49:52,998 [INFO] Reply from ptd: 'Stopping untimed measurement'
ptd-server 2022-02-23 07:49:53,831 [INFO] Sending reply to client 'OK'
ptd-server 2022-02-23 07:49:53,906 [INFO] Got command from the client 'time'
ptd-server 2022-02-23 07:49:53,906 [INFO] Sending reply to client '1645602593.9061987'
ptd-server 2022-02-23 07:49:53,907 [INFO] Got command from the client 'session,2022-02-23_07-38-45,start,testing'
ptd-server 2022-02-23 07:49:53,908 [INFO] Sending to ptd: 'SR,V,249.500000'
ptd-server 2022-02-23 07:49:55,409 [INFO] Reply from ptd: 'Range V changed'
ptd-server 2022-02-23 07:49:55,409 [INFO] Sending to ptd: 'SR,A,0.054160'
ptd-server 2022-02-23 07:49:56,911 [INFO] Reply from ptd: 'Range A changed'
ptd-server 2022-02-23 07:50:06,921 [INFO] Starting testing mode
ptd-server 2022-02-23 07:50:06,921 [INFO] Sending to ptd: 'Go,1000,0,2022-02-23_07-38-45_testing'
ptd-server 2022-02-23 07:50:06,921 [INFO] Reply from ptd: 'Starting untimed measurement, maximum 500000 samples at 1000ms with 0 rampup samples'
ptd-server 2022-02-23 07:50:06,922 [INFO] Sending reply to client 'OK'
ptd-server 2022-02-23 08:00:35,514 [INFO] Got command from the client 'session,2022-02-23_07-38-45,stop,testing'
ptd-server 2022-02-23 08:00:45,525 [INFO] Sending to ptd: 'Stop'
ptd-server 2022-02-23 08:00:45,525 [INFO] Reply from ptd: 'Stopping untimed measurement'
ptd-server 2022-02-23 08:00:45,953 [INFO] Sending reply to client 'OK'
ptd-server 2022-02-23 08:00:45,972 [INFO] Got command from the client 'session,2022-02-23_07-38-45,done'
ptd-server 2022-02-23 08:00:45,972 [INFO] Sending to ptd: 'Stop'
ptd-server 2022-02-23 08:00:45,973 [INFO] Reply from ptd: 'Error: no measurement to stop'
ptd-server 2022-02-23 08:00:45,973 [INFO] Sending to ptd: 'SR,V,300.000000'
ptd-server 2022-02-23 08:00:47,474 [INFO] Reply from ptd: 'Range V changed'
ptd-server 2022-02-23 08:00:47,474 [INFO] Sending to ptd: 'SR,A,0.500000'
ptd-server 2022-02-23 08:00:48,976 [INFO] Reply from ptd: 'Range A changed'
ptd-server 2022-02-23 08:00:48,976 [INFO] Set initial values for Amps 0.500000 and Volts 300.000000
ptd-server 2022-02-23 08:00:48,976 [INFO] Stopping ptd...
