ptd-server 2022-02-20 07:22:53,032 [INFO] Got command from the client 'time'
ptd-server 2022-02-20 07:22:53,032 [INFO] Sending reply to client '1645341773.0328481'
ptd-server 2022-02-20 07:22:53,034 [INFO] Got command from the client 'new,,3d830641-3763-4c24-9ebe-525822849980'
ptd-server 2022-02-20 07:22:53,034 [INFO] Sending reply to client 'OK 2022-02-20_07-22-53,7a159e3e-068b-44d8-a7cd-b3ec24f02922'
ptd-server 2022-02-20 07:22:53,061 [INFO] Got command from the client 'time'
ptd-server 2022-02-20 07:22:53,061 [INFO] Sending reply to client '1645341773.0618107'
ptd-server 2022-02-20 07:22:53,062 [INFO] Got command from the client 'session,2022-02-20_07-22-53,start,ranging'
ptd-server 2022-02-20 07:22:53,063 [INFO] Running PTDaemon: ['/home/anton/projects/mlperf/power/inference_v1.0/ptd-linux-x86', '-l', '/tmp/tmpgldyt7rr/ptd_logfile.txt', '-p', '8888', '49', '/dev/usbtmc0']
ptd-server 2022-02-20 07:23:10,236 [INFO] Sending to ptd: 'Hello'
ptd-server 2022-02-20 07:23:10,237 [INFO] Reply from ptd: 'Hello, PTDaemon here!'
ptd-server 2022-02-20 07:23:10,237 [INFO] Sending to ptd: 'Identify'
ptd-server 2022-02-20 07:23:10,237 [INFO] Reply from ptd: 'YokogawaWT310E,1000,1,1,1,1,0,1,1,version=1.9.2-e8c7a49a-20201208,OS=Linux 5.13.0-28-generic #31~20.04.1-Ubuntu SMP Wed Jan 19 14:08:10 UTC 2022 x86_64,mode=power,1,1,1,0,0,no_cal_date,YOKOGAWA;WT310E;C3XA04010E;F1.04'
ptd-server 2022-02-20 07:23:10,237 [INFO] Connected to PTDaemon
ptd-server 2022-02-20 07:23:10,237 [INFO] Sending to ptd: 'RR'
ptd-server 2022-02-20 07:23:10,238 [INFO] Reply from ptd: 'Ranges,0,0.500000,0,300.000000'
ptd-server 2022-02-20 07:23:10,238 [INFO] Initial range for Amps is 0.500000 for Volts is 300.000000
ptd-server 2022-02-20 07:23:10,238 [INFO] Sending to ptd: 'SR,V,Auto'
ptd-server 2022-02-20 07:23:10,741 [INFO] Reply from ptd: 'Range V changed'
ptd-server 2022-02-20 07:23:10,741 [INFO] Sending to ptd: 'SR,A,Auto'
ptd-server 2022-02-20 07:23:11,243 [INFO] Reply from ptd: 'Range A changed'
ptd-server 2022-02-20 07:23:21,253 [INFO] Starting ranging mode
ptd-server 2022-02-20 07:23:21,254 [INFO] Sending to ptd: 'Go,1000,0,2022-02-20_07-22-53_ranging'
ptd-server 2022-02-20 07:23:21,254 [INFO] Reply from ptd: 'Starting untimed measurement, maximum 500000 samples at 1000ms with 0 rampup samples'
ptd-server 2022-02-20 07:23:21,254 [INFO] Sending reply to client 'OK'
ptd-server 2022-02-20 07:33:43,023 [INFO] Got command from the client 'session,2022-02-20_07-22-53,stop,ranging'
ptd-server 2022-02-20 07:33:53,033 [INFO] Sending to ptd: 'Stop'
ptd-server 2022-02-20 07:33:53,033 [INFO] Reply from ptd: 'Stopping untimed measurement'
ptd-server 2022-02-20 07:33:53,486 [INFO] Sending reply to client 'OK'
ptd-server 2022-02-20 07:33:53,561 [INFO] Got command from the client 'time'
ptd-server 2022-02-20 07:33:53,561 [INFO] Sending reply to client '1645342433.561725'
ptd-server 2022-02-20 07:33:53,563 [INFO] Got command from the client 'session,2022-02-20_07-22-53,start,testing'
ptd-server 2022-02-20 07:33:53,563 [INFO] Sending to ptd: 'SR,V,249.100000'
ptd-server 2022-02-20 07:33:55,064 [INFO] Reply from ptd: 'Range V changed'
ptd-server 2022-02-20 07:33:55,064 [INFO] Sending to ptd: 'SR,A,0.069100'
ptd-server 2022-02-20 07:33:56,566 [INFO] Reply from ptd: 'Range A changed'
ptd-server 2022-02-20 07:34:06,576 [INFO] Starting testing mode
ptd-server 2022-02-20 07:34:06,576 [INFO] Sending to ptd: 'Go,1000,0,2022-02-20_07-22-53_testing'
ptd-server 2022-02-20 07:34:06,576 [INFO] Reply from ptd: 'Starting untimed measurement, maximum 500000 samples at 1000ms with 0 rampup samples'
ptd-server 2022-02-20 07:34:06,577 [INFO] Sending reply to client 'OK'
ptd-server 2022-02-20 07:44:29,210 [INFO] Got command from the client 'session,2022-02-20_07-22-53,stop,testing'
ptd-server 2022-02-20 07:44:39,220 [INFO] Sending to ptd: 'Stop'
ptd-server 2022-02-20 07:44:39,221 [INFO] Reply from ptd: 'Stopping untimed measurement'
ptd-server 2022-02-20 07:44:39,460 [INFO] Sending reply to client 'OK'
ptd-server 2022-02-20 07:44:39,479 [INFO] Got command from the client 'session,2022-02-20_07-22-53,done'
ptd-server 2022-02-20 07:44:39,479 [INFO] Sending to ptd: 'Stop'
ptd-server 2022-02-20 07:44:39,576 [INFO] Reply from ptd: 'Error: no measurement to stop'
ptd-server 2022-02-20 07:44:39,576 [INFO] Sending to ptd: 'SR,V,300.000000'
ptd-server 2022-02-20 07:44:41,078 [INFO] Reply from ptd: 'Range V changed'
ptd-server 2022-02-20 07:44:41,078 [INFO] Sending to ptd: 'SR,A,0.500000'
ptd-server 2022-02-20 07:44:42,579 [INFO] Reply from ptd: 'Range A changed'
ptd-server 2022-02-20 07:44:42,579 [INFO] Set initial values for Amps 0.500000 and Volts 300.000000
ptd-server 2022-02-20 07:44:42,580 [INFO] Stopping ptd...
