ptd-server 2022-02-16 18:32:22,089 [INFO] Got command from the client 'time'
ptd-server 2022-02-16 18:32:22,089 [INFO] Sending reply to client '1645036342.0893223'
ptd-server 2022-02-16 18:32:22,091 [INFO] Got command from the client 'new,,c7fa314f-1ec0-4645-8d21-35b0952b4e3f'
ptd-server 2022-02-16 18:32:22,091 [INFO] Sending reply to client 'OK 2022-02-16_18-32-22,ff188279-0926-4708-aedb-369712031a69'
ptd-server 2022-02-16 18:32:22,120 [INFO] Got command from the client 'time'
ptd-server 2022-02-16 18:32:22,120 [INFO] Sending reply to client '1645036342.120183'
ptd-server 2022-02-16 18:32:22,122 [INFO] Got command from the client 'session,2022-02-16_18-32-22,start,ranging'
ptd-server 2022-02-16 18:32:22,123 [INFO] Running PTDaemon: ['/home/anton/projects/mlperf/power/inference_v1.0/ptd-linux-x86', '-l', '/tmp/tmpgldyt7rr/ptd_logfile.txt', '-p', '8888', '49', '/dev/usbtmc0']
ptd-server 2022-02-16 18:32:39,295 [INFO] Sending to ptd: 'Hello'
ptd-server 2022-02-16 18:32:39,296 [INFO] Reply from ptd: 'Hello, PTDaemon here!'
ptd-server 2022-02-16 18:32:39,296 [INFO] Sending to ptd: 'Identify'
ptd-server 2022-02-16 18:32:39,296 [INFO] Reply from ptd: 'YokogawaWT310E,1000,1,1,1,1,0,1,1,version=1.9.2-e8c7a49a-20201208,OS=Linux 5.13.0-28-generic #31~20.04.1-Ubuntu SMP Wed Jan 19 14:08:10 UTC 2022 x86_64,mode=power,1,1,1,0,0,no_cal_date,YOKOGAWA;WT310E;C3XA04010E;F1.04'
ptd-server 2022-02-16 18:32:39,297 [INFO] Connected to PTDaemon
ptd-server 2022-02-16 18:32:39,297 [INFO] Sending to ptd: 'RR'
ptd-server 2022-02-16 18:32:39,297 [INFO] Reply from ptd: 'Ranges,0,0.500000,0,300.000000'
ptd-server 2022-02-16 18:32:39,297 [INFO] Initial range for Amps is 0.500000 for Volts is 300.000000
ptd-server 2022-02-16 18:32:39,297 [INFO] Sending to ptd: 'SR,V,Auto'
ptd-server 2022-02-16 18:32:39,800 [INFO] Reply from ptd: 'Range V changed'
ptd-server 2022-02-16 18:32:39,800 [INFO] Sending to ptd: 'SR,A,Auto'
ptd-server 2022-02-16 18:32:40,302 [INFO] Reply from ptd: 'Range A changed'
ptd-server 2022-02-16 18:32:50,313 [INFO] Starting ranging mode
ptd-server 2022-02-16 18:32:50,313 [INFO] Sending to ptd: 'Go,1000,0,2022-02-16_18-32-22_ranging'
ptd-server 2022-02-16 18:32:50,313 [INFO] Reply from ptd: 'Starting untimed measurement, maximum 500000 samples at 1000ms with 0 rampup samples'
ptd-server 2022-02-16 18:32:50,314 [INFO] Sending reply to client 'OK'
ptd-server 2022-02-16 18:43:18,123 [INFO] Got command from the client 'session,2022-02-16_18-32-22,stop,ranging'
ptd-server 2022-02-16 18:43:28,133 [INFO] Sending to ptd: 'Stop'
ptd-server 2022-02-16 18:43:28,134 [INFO] Reply from ptd: 'Stopping untimed measurement'
ptd-server 2022-02-16 18:43:28,201 [INFO] Sending reply to client 'OK'
ptd-server 2022-02-16 18:43:28,279 [INFO] Got command from the client 'time'
ptd-server 2022-02-16 18:43:28,279 [INFO] Sending reply to client '1645037008.2793689'
ptd-server 2022-02-16 18:43:28,283 [INFO] Got command from the client 'session,2022-02-16_18-32-22,start,testing'
ptd-server 2022-02-16 18:43:28,283 [INFO] Sending to ptd: 'SR,V,250.280000'
ptd-server 2022-02-16 18:43:29,814 [INFO] Reply from ptd: 'Range V changed'
ptd-server 2022-02-16 18:43:29,814 [INFO] Sending to ptd: 'SR,A,0.045270'
ptd-server 2022-02-16 18:43:31,316 [INFO] Reply from ptd: 'Range A changed'
ptd-server 2022-02-16 18:43:41,326 [INFO] Starting testing mode
ptd-server 2022-02-16 18:43:41,326 [INFO] Sending to ptd: 'Go,1000,0,2022-02-16_18-32-22_testing'
ptd-server 2022-02-16 18:43:41,327 [INFO] Reply from ptd: 'Starting untimed measurement, maximum 500000 samples at 1000ms with 0 rampup samples'
ptd-server 2022-02-16 18:43:41,327 [INFO] Sending reply to client 'OK'
ptd-server 2022-02-16 18:54:10,105 [INFO] Got command from the client 'session,2022-02-16_18-32-22,stop,testing'
ptd-server 2022-02-16 18:54:20,116 [INFO] Sending to ptd: 'Stop'
ptd-server 2022-02-16 18:54:20,116 [INFO] Reply from ptd: 'Stopping untimed measurement'
ptd-server 2022-02-16 18:54:20,149 [INFO] Sending reply to client 'OK'
ptd-server 2022-02-16 18:54:20,188 [INFO] Got command from the client 'session,2022-02-16_18-32-22,done'
ptd-server 2022-02-16 18:54:20,188 [INFO] Sending to ptd: 'Stop'
ptd-server 2022-02-16 18:54:20,327 [INFO] Reply from ptd: 'Error: no measurement to stop'
ptd-server 2022-02-16 18:54:20,327 [INFO] Sending to ptd: 'SR,V,300.000000'
ptd-server 2022-02-16 18:54:21,829 [INFO] Reply from ptd: 'Range V changed'
ptd-server 2022-02-16 18:54:21,829 [INFO] Sending to ptd: 'SR,A,0.500000'
ptd-server 2022-02-16 18:54:23,330 [INFO] Reply from ptd: 'Range A changed'
ptd-server 2022-02-16 18:54:23,331 [INFO] Set initial values for Amps 0.500000 and Volts 300.000000
ptd-server 2022-02-16 18:54:23,331 [INFO] Stopping ptd...
