ptd-server 2022-02-21 17:07:11,990 [INFO] Got command from the client 'time'
ptd-server 2022-02-21 17:07:11,990 [INFO] Sending reply to client '1645463231.9905488'
ptd-server 2022-02-21 17:07:11,992 [INFO] Got command from the client 'new,,7f8f58ad-c666-4495-b2ea-3f05081b16fa'
ptd-server 2022-02-21 17:07:11,992 [INFO] Sending reply to client 'OK 2022-02-21_17-07-11,a8efbc4f-8526-459f-91b3-dda41e9e8f67'
ptd-server 2022-02-21 17:07:12,020 [INFO] Got command from the client 'time'
ptd-server 2022-02-21 17:07:12,020 [INFO] Sending reply to client '1645463232.0202794'
ptd-server 2022-02-21 17:07:12,022 [INFO] Got command from the client 'session,2022-02-21_17-07-11,start,ranging'
ptd-server 2022-02-21 17:07:12,022 [INFO] Running PTDaemon: ['/home/anton/projects/mlperf/power/inference_v1.0/ptd-linux-x86', '-l', '/tmp/tmpgldyt7rr/ptd_logfile.txt', '-p', '8888', '49', '/dev/usbtmc0']
ptd-server 2022-02-21 17:07:29,195 [INFO] Sending to ptd: 'Hello'
ptd-server 2022-02-21 17:07:29,195 [INFO] Reply from ptd: 'Hello, PTDaemon here!'
ptd-server 2022-02-21 17:07:29,195 [INFO] Sending to ptd: 'Identify'
ptd-server 2022-02-21 17:07:29,196 [INFO] Reply from ptd: 'YokogawaWT310E,1000,1,1,1,1,0,1,1,version=1.9.2-e8c7a49a-20201208,OS=Linux 5.13.0-28-generic #31~20.04.1-Ubuntu SMP Wed Jan 19 14:08:10 UTC 2022 x86_64,mode=power,1,1,1,0,0,no_cal_date,YOKOGAWA;WT310E;C3XA04010E;F1.04'
ptd-server 2022-02-21 17:07:29,196 [INFO] Connected to PTDaemon
ptd-server 2022-02-21 17:07:29,196 [INFO] Sending to ptd: 'RR'
ptd-server 2022-02-21 17:07:29,196 [INFO] Reply from ptd: 'Ranges,0,0.500000,0,300.000000'
ptd-server 2022-02-21 17:07:29,196 [INFO] Initial range for Amps is 0.500000 for Volts is 300.000000
ptd-server 2022-02-21 17:07:29,197 [INFO] Sending to ptd: 'SR,V,Auto'
ptd-server 2022-02-21 17:07:29,699 [INFO] Reply from ptd: 'Range V changed'
ptd-server 2022-02-21 17:07:29,699 [INFO] Sending to ptd: 'SR,A,Auto'
ptd-server 2022-02-21 17:07:30,202 [INFO] Reply from ptd: 'Range A changed'
ptd-server 2022-02-21 17:07:40,212 [INFO] Starting ranging mode
ptd-server 2022-02-21 17:07:40,212 [INFO] Sending to ptd: 'Go,1000,0,2022-02-21_17-07-11_ranging'
ptd-server 2022-02-21 17:07:40,213 [INFO] Reply from ptd: 'Starting untimed measurement, maximum 500000 samples at 1000ms with 0 rampup samples'
ptd-server 2022-02-21 17:07:40,213 [INFO] Sending reply to client 'OK'
ptd-server 2022-02-21 17:18:02,013 [INFO] Got command from the client 'session,2022-02-21_17-07-11,stop,ranging'
ptd-server 2022-02-21 17:18:12,023 [INFO] Sending to ptd: 'Stop'
ptd-server 2022-02-21 17:18:12,024 [INFO] Reply from ptd: 'Stopping untimed measurement'
ptd-server 2022-02-21 17:18:12,646 [INFO] Sending reply to client 'OK'
ptd-server 2022-02-21 17:18:12,745 [INFO] Got command from the client 'time'
ptd-server 2022-02-21 17:18:12,745 [INFO] Sending reply to client '1645463892.7451618'
ptd-server 2022-02-21 17:18:12,753 [INFO] Got command from the client 'session,2022-02-21_17-07-11,start,testing'
ptd-server 2022-02-21 17:18:12,753 [INFO] Sending to ptd: 'SR,V,250.330000'
ptd-server 2022-02-21 17:18:14,255 [INFO] Reply from ptd: 'Range V changed'
ptd-server 2022-02-21 17:18:14,255 [INFO] Sending to ptd: 'SR,A,0.070140'
ptd-server 2022-02-21 17:18:15,756 [INFO] Reply from ptd: 'Range A changed'
ptd-server 2022-02-21 17:18:25,764 [INFO] Starting testing mode
ptd-server 2022-02-21 17:18:25,764 [INFO] Sending to ptd: 'Go,1000,0,2022-02-21_17-07-11_testing'
ptd-server 2022-02-21 17:18:25,764 [INFO] Reply from ptd: 'Starting untimed measurement, maximum 500000 samples at 1000ms with 0 rampup samples'
ptd-server 2022-02-21 17:18:25,765 [INFO] Sending reply to client 'OK'
ptd-server 2022-02-21 17:28:48,406 [INFO] Got command from the client 'session,2022-02-21_17-07-11,stop,testing'
ptd-server 2022-02-21 17:28:58,416 [INFO] Sending to ptd: 'Stop'
ptd-server 2022-02-21 17:28:58,417 [INFO] Reply from ptd: 'Stopping untimed measurement'
ptd-server 2022-02-21 17:28:58,751 [INFO] Sending reply to client 'OK'
ptd-server 2022-02-21 17:28:58,783 [INFO] Got command from the client 'session,2022-02-21_17-07-11,done'
ptd-server 2022-02-21 17:28:58,783 [INFO] Sending to ptd: 'Stop'
ptd-server 2022-02-21 17:28:58,783 [INFO] Reply from ptd: 'Error: no measurement to stop'
ptd-server 2022-02-21 17:28:58,784 [INFO] Sending to ptd: 'SR,V,300.000000'
ptd-server 2022-02-21 17:29:00,285 [INFO] Reply from ptd: 'Range V changed'
ptd-server 2022-02-21 17:29:00,285 [INFO] Sending to ptd: 'SR,A,0.500000'
ptd-server 2022-02-21 17:29:01,786 [INFO] Reply from ptd: 'Range A changed'
ptd-server 2022-02-21 17:29:01,787 [INFO] Set initial values for Amps 0.500000 and Volts 300.000000
ptd-server 2022-02-21 17:29:01,787 [INFO] Stopping ptd...
