ptd-server 2022-02-25 04:39:52,171 [INFO] Got command from the client 'time'
ptd-server 2022-02-25 04:39:52,171 [INFO] Sending reply to client '1645785592.171418'
ptd-server 2022-02-25 04:39:52,172 [INFO] Got command from the client 'new,,5f9009e8-3028-4b38-84cc-76cc3c980ba7'
ptd-server 2022-02-25 04:39:52,173 [INFO] Sending reply to client 'OK 2022-02-25_04-39-52,81ad1d00-aa60-4213-85d6-391d3e93e77a'
ptd-server 2022-02-25 04:39:52,264 [INFO] Got command from the client 'time'
ptd-server 2022-02-25 04:39:52,264 [INFO] Sending reply to client '1645785592.264555'
ptd-server 2022-02-25 04:39:52,265 [INFO] Got command from the client 'session,2022-02-25_04-39-52,start,ranging'
ptd-server 2022-02-25 04:39:52,265 [INFO] Running PTDaemon: ['/local/mnt/workspace/mlcommons/power-main/inference_v1.0/ptd-linux-x86', '-l', '/tmp/tmp4zullp9k/ptd_logfile.txt', '-p', '8889', '49', '/dev/usbtmc0']
ptd-server 2022-02-25 04:40:09,387 [INFO] Sending to ptd: 'Hello'
ptd-server 2022-02-25 04:40:09,388 [INFO] Reply from ptd: 'Hello, PTDaemon here!'
ptd-server 2022-02-25 04:40:09,388 [INFO] Sending to ptd: 'Identify'
ptd-server 2022-02-25 04:40:09,389 [INFO] Reply from ptd: 'YokogawaWT310E,1000,1,1,1,1,0,1,1,version=1.9.2-e8c7a49a-20201208,OS=Linux 4.15.0-162-generic #170-Ubuntu SMP Mon Oct 18 11:38:05 UTC 2021 x86_64,mode=power,1,1,1,0,0,no_cal_date,YOKOGAWA;WT310E;C2XF16028V;F1.04'
ptd-server 2022-02-25 04:40:09,389 [INFO] Connected to PTDaemon
ptd-server 2022-02-25 04:40:09,389 [INFO] Sending to ptd: 'RR'
ptd-server 2022-02-25 04:40:09,390 [INFO] Reply from ptd: 'Ranges,1,5.000000,1,150.000000'
ptd-server 2022-02-25 04:40:09,390 [INFO] Initial range for Amps is Auto for Volts is Auto
ptd-server 2022-02-25 04:40:09,390 [INFO] Sending to ptd: 'SR,V,Auto'
ptd-server 2022-02-25 04:40:09,893 [INFO] Reply from ptd: 'Range V changed'
ptd-server 2022-02-25 04:40:09,893 [INFO] Sending to ptd: 'SR,A,Auto'
ptd-server 2022-02-25 04:40:10,396 [INFO] Reply from ptd: 'Range A changed'
ptd-server 2022-02-25 04:40:20,407 [INFO] Starting ranging mode
ptd-server 2022-02-25 04:40:20,407 [INFO] Sending to ptd: 'Go,1000,0,2022-02-25_04-39-52_ranging'
ptd-server 2022-02-25 04:40:20,408 [INFO] Reply from ptd: 'Starting untimed measurement, maximum 500000 samples at 1000ms with 0 rampup samples'
ptd-server 2022-02-25 04:40:20,408 [INFO] Sending reply to client 'OK'
ptd-server 2022-02-25 04:53:14,210 [INFO] Got command from the client 'session,2022-02-25_04-39-52,stop,ranging'
ptd-server 2022-02-25 04:53:24,220 [INFO] Sending to ptd: 'Stop'
ptd-server 2022-02-25 04:53:24,221 [INFO] Reply from ptd: 'Stopping untimed measurement'
ptd-server 2022-02-25 04:53:24,449 [INFO] Sending reply to client 'OK'
ptd-server 2022-02-25 04:53:24,547 [INFO] Got command from the client 'time'
ptd-server 2022-02-25 04:53:24,548 [INFO] Sending reply to client '1645786404.5480878'
ptd-server 2022-02-25 04:53:24,548 [INFO] Got command from the client 'session,2022-02-25_04-39-52,start,testing'
ptd-server 2022-02-25 04:53:24,549 [INFO] Sending to ptd: 'SR,V,121.150000'
ptd-server 2022-02-25 04:53:26,051 [INFO] Reply from ptd: 'Range V changed'
ptd-server 2022-02-25 04:53:26,051 [INFO] Sending to ptd: 'SR,A,7.083000'
ptd-server 2022-02-25 04:53:27,553 [INFO] Reply from ptd: 'Range A changed'
ptd-server 2022-02-25 04:53:37,560 [INFO] Starting testing mode
ptd-server 2022-02-25 04:53:37,561 [INFO] Sending to ptd: 'Go,1000,0,2022-02-25_04-39-52_testing'
ptd-server 2022-02-25 04:53:37,561 [INFO] Reply from ptd: 'Starting untimed measurement, maximum 500000 samples at 1000ms with 0 rampup samples'
ptd-server 2022-02-25 04:53:37,562 [INFO] Sending reply to client 'OK'
ptd-server 2022-02-25 05:06:29,865 [INFO] Got command from the client 'session,2022-02-25_04-39-52,stop,testing'
ptd-server 2022-02-25 05:06:39,869 [INFO] Sending to ptd: 'Stop'
ptd-server 2022-02-25 05:06:39,870 [INFO] Reply from ptd: 'Stopping untimed measurement'
ptd-server 2022-02-25 05:06:39,990 [INFO] Sending reply to client 'OK'
ptd-server 2022-02-25 05:06:39,996 [INFO] Got command from the client 'session,2022-02-25_04-39-52,done'
ptd-server 2022-02-25 05:06:39,996 [INFO] Sending to ptd: 'Stop'
ptd-server 2022-02-25 05:06:40,561 [INFO] Reply from ptd: 'Error: no measurement to stop'
ptd-server 2022-02-25 05:06:40,562 [INFO] Sending to ptd: 'SR,V,Auto'
ptd-server 2022-02-25 05:06:41,065 [INFO] Reply from ptd: 'Range V changed'
ptd-server 2022-02-25 05:06:41,065 [INFO] Sending to ptd: 'SR,A,Auto'
ptd-server 2022-02-25 05:06:41,568 [INFO] Reply from ptd: 'Range A changed'
ptd-server 2022-02-25 05:06:41,568 [INFO] Set initial values for Amps Auto and Volts Auto
ptd-server 2022-02-25 05:06:41,568 [INFO] Stopping ptd...
