ptd-server 2022-02-23 13:47:27,301 [INFO] Got command from the client 'time'
ptd-server 2022-02-23 13:47:27,301 [INFO] Sending reply to client '1645645647.3013875'
ptd-server 2022-02-23 13:47:27,304 [INFO] Got command from the client 'new,,8da35544-7893-44c3-90b6-0962908aa6b5'
ptd-server 2022-02-23 13:47:27,304 [INFO] Sending reply to client 'OK 2022-02-23_13-47-27,35ef98e3-d56d-4fbf-b568-bb2657437cdf'
ptd-server 2022-02-23 13:47:27,387 [INFO] Got command from the client 'time'
ptd-server 2022-02-23 13:47:27,387 [INFO] Sending reply to client '1645645647.387533'
ptd-server 2022-02-23 13:47:27,390 [INFO] Got command from the client 'session,2022-02-23_13-47-27,start,ranging'
ptd-server 2022-02-23 13:47:27,390 [INFO] Running PTDaemon: ['/local/mnt/workspace/mlcommons/power-main/inference_v1.0/ptd-linux-x86', '-l', '/tmp/tmp_4uvehih/ptd_logfile.txt', '-p', '8880', '-c', '3', '52', '/dev/usbtmc0']
ptd-server 2022-02-23 13:47:44,566 [INFO] Sending to ptd: 'Hello'
ptd-server 2022-02-23 13:47:44,566 [INFO] Reply from ptd: 'Hello, PTDaemon here!'
ptd-server 2022-02-23 13:47:44,566 [INFO] Sending to ptd: 'Identify'
ptd-server 2022-02-23 13:47:44,566 [INFO] Reply from ptd: 'YokogawaWT330E,1000,1,1,1,1,0,0,1,version=1.9.2-e8c7a49a-20201208,OS=Linux 4.4.0-210-generic #242-Ubuntu SMP Fri Apr 16 09:57:56 UTC 2021 x86_64,mode=power,1,1,1,0,0,no_cal_date,YOKOGAWA;WT333E;C2XC17005V;F1.04'
ptd-server 2022-02-23 13:47:44,566 [INFO] Connected to PTDaemon
ptd-server 2022-02-23 13:47:44,566 [INFO] Sending to ptd: 'RR'
ptd-server 2022-02-23 13:47:44,566 [INFO] Reply from ptd: 'Ranges,1,2.000000,1,150.000000'
ptd-server 2022-02-23 13:47:44,566 [INFO] Initial range for Amps is Auto for Volts is Auto
ptd-server 2022-02-23 13:47:44,566 [INFO] Sending to ptd: 'SR,V,Auto'
ptd-server 2022-02-23 13:47:45,069 [INFO] Reply from ptd: 'Range V changed'
ptd-server 2022-02-23 13:47:45,069 [INFO] Sending to ptd: 'SR,A,Auto'
ptd-server 2022-02-23 13:47:45,571 [INFO] Reply from ptd: 'Range A changed'
ptd-server 2022-02-23 13:47:55,581 [INFO] Starting ranging mode
ptd-server 2022-02-23 13:47:55,581 [INFO] Sending to ptd: 'Go,1000,0,2022-02-23_13-47-27_ranging'
ptd-server 2022-02-23 13:47:55,582 [INFO] Reply from ptd: 'Starting untimed measurement, maximum 500000 samples at 1000ms with 0 rampup samples'
ptd-server 2022-02-23 13:47:55,582 [INFO] Sending reply to client 'OK'
ptd-server 2022-02-23 14:00:49,070 [INFO] Got command from the client 'session,2022-02-23_13-47-27,stop,ranging'
ptd-server 2022-02-23 14:00:59,081 [INFO] Sending to ptd: 'Stop'
ptd-server 2022-02-23 14:00:59,081 [INFO] Reply from ptd: 'Stopping untimed measurement'
ptd-server 2022-02-23 14:00:59,192 [INFO] Sending reply to client 'OK'
ptd-server 2022-02-23 14:00:59,319 [INFO] Got command from the client 'time'
ptd-server 2022-02-23 14:00:59,320 [INFO] Sending reply to client '1645646459.3200557'
ptd-server 2022-02-23 14:00:59,324 [INFO] Got command from the client 'session,2022-02-23_13-47-27,start,testing'
ptd-server 2022-02-23 14:00:59,324 [INFO] Sending to ptd: 'SR,V,121.360000'
ptd-server 2022-02-23 14:01:01,084 [INFO] Reply from ptd: 'Range V changed'
ptd-server 2022-02-23 14:01:01,084 [INFO] Sending to ptd: 'SR,A,0.258500'
ptd-server 2022-02-23 14:01:02,585 [INFO] Reply from ptd: 'Range A changed'
ptd-server 2022-02-23 14:01:12,596 [INFO] Starting testing mode
ptd-server 2022-02-23 14:01:12,596 [INFO] Sending to ptd: 'Go,1000,0,2022-02-23_13-47-27_testing'
ptd-server 2022-02-23 14:01:12,596 [INFO] Reply from ptd: 'Starting untimed measurement, maximum 500000 samples at 1000ms with 0 rampup samples'
ptd-server 2022-02-23 14:01:12,597 [INFO] Sending reply to client 'OK'
ptd-server 2022-02-23 14:14:04,296 [INFO] Got command from the client 'session,2022-02-23_13-47-27,stop,testing'
ptd-server 2022-02-23 14:14:14,307 [INFO] Sending to ptd: 'Stop'
ptd-server 2022-02-23 14:14:14,307 [INFO] Reply from ptd: 'Stopping untimed measurement'
ptd-server 2022-02-23 14:14:14,352 [INFO] Sending reply to client 'OK'
ptd-server 2022-02-23 14:14:14,395 [INFO] Got command from the client 'session,2022-02-23_13-47-27,done'
ptd-server 2022-02-23 14:14:14,395 [INFO] Sending to ptd: 'Stop'
ptd-server 2022-02-23 14:14:14,596 [INFO] Reply from ptd: 'Error: no measurement to stop'
ptd-server 2022-02-23 14:14:14,596 [INFO] Sending to ptd: 'SR,V,Auto'
ptd-server 2022-02-23 14:14:15,098 [INFO] Reply from ptd: 'Range V changed'
ptd-server 2022-02-23 14:14:15,098 [INFO] Sending to ptd: 'SR,A,Auto'
ptd-server 2022-02-23 14:14:15,600 [INFO] Reply from ptd: 'Range A changed'
ptd-server 2022-02-23 14:14:15,600 [INFO] Set initial values for Amps Auto and Volts Auto
ptd-server 2022-02-23 14:14:15,601 [INFO] Stopping ptd...
