ptd-server 2022-02-17 02:33:55,577 [INFO] Got command from the client 'time'
ptd-server 2022-02-17 02:33:55,578 [INFO] Sending reply to client '1645065235.5779963'
ptd-server 2022-02-17 02:33:55,579 [INFO] Got command from the client 'new,,188ef244-55b5-4c03-ad57-38820018f3a7'
ptd-server 2022-02-17 02:33:55,580 [INFO] Sending reply to client 'OK 2022-02-17_02-33-55,fa27e1a3-86a4-4a42-98f1-f06770c47c6e'
ptd-server 2022-02-17 02:33:55,618 [INFO] Got command from the client 'time'
ptd-server 2022-02-17 02:33:55,618 [INFO] Sending reply to client '1645065235.6181686'
ptd-server 2022-02-17 02:33:55,619 [INFO] Got command from the client 'session,2022-02-17_02-33-55,start,ranging'
ptd-server 2022-02-17 02:33:55,620 [INFO] Running PTDaemon: ['/home/anton/projects/mlperf/power/inference_v1.0/ptd-linux-x86', '-l', '/tmp/tmpgldyt7rr/ptd_logfile.txt', '-p', '8888', '49', '/dev/usbtmc0']
ptd-server 2022-02-17 02:34:12,792 [INFO] Sending to ptd: 'Hello'
ptd-server 2022-02-17 02:34:12,793 [INFO] Reply from ptd: 'Hello, PTDaemon here!'
ptd-server 2022-02-17 02:34:12,793 [INFO] Sending to ptd: 'Identify'
ptd-server 2022-02-17 02:34:12,793 [INFO] Reply from ptd: 'YokogawaWT310E,1000,1,1,1,1,0,1,1,version=1.9.2-e8c7a49a-20201208,OS=Linux 5.13.0-28-generic #31~20.04.1-Ubuntu SMP Wed Jan 19 14:08:10 UTC 2022 x86_64,mode=power,1,1,1,0,0,no_cal_date,YOKOGAWA;WT310E;C3XA04010E;F1.04'
ptd-server 2022-02-17 02:34:12,794 [INFO] Connected to PTDaemon
ptd-server 2022-02-17 02:34:12,794 [INFO] Sending to ptd: 'RR'
ptd-server 2022-02-17 02:34:12,794 [INFO] Reply from ptd: 'Ranges,0,0.500000,0,300.000000'
ptd-server 2022-02-17 02:34:12,794 [INFO] Initial range for Amps is 0.500000 for Volts is 300.000000
ptd-server 2022-02-17 02:34:12,794 [INFO] Sending to ptd: 'SR,V,Auto'
ptd-server 2022-02-17 02:34:13,297 [INFO] Reply from ptd: 'Range V changed'
ptd-server 2022-02-17 02:34:13,297 [INFO] Sending to ptd: 'SR,A,Auto'
ptd-server 2022-02-17 02:34:13,799 [INFO] Reply from ptd: 'Range A changed'
ptd-server 2022-02-17 02:34:23,810 [INFO] Starting ranging mode
ptd-server 2022-02-17 02:34:23,810 [INFO] Sending to ptd: 'Go,1000,0,2022-02-17_02-33-55_ranging'
ptd-server 2022-02-17 02:34:23,810 [INFO] Reply from ptd: 'Starting untimed measurement, maximum 500000 samples at 1000ms with 0 rampup samples'
ptd-server 2022-02-17 02:34:23,810 [INFO] Sending reply to client 'OK'
ptd-server 2022-02-17 02:44:40,742 [INFO] Got command from the client 'session,2022-02-17_02-33-55,stop,ranging'
ptd-server 2022-02-17 02:44:50,753 [INFO] Sending to ptd: 'Stop'
ptd-server 2022-02-17 02:44:50,753 [INFO] Reply from ptd: 'Stopping untimed measurement'
ptd-server 2022-02-17 02:44:50,874 [INFO] Sending reply to client 'OK'
ptd-server 2022-02-17 02:44:50,947 [INFO] Got command from the client 'time'
ptd-server 2022-02-17 02:44:50,947 [INFO] Sending reply to client '1645065890.9478977'
ptd-server 2022-02-17 02:44:50,951 [INFO] Got command from the client 'session,2022-02-17_02-33-55,start,testing'
ptd-server 2022-02-17 02:44:50,951 [INFO] Sending to ptd: 'SR,V,249.360000'
ptd-server 2022-02-17 02:44:52,452 [INFO] Reply from ptd: 'Range V changed'
ptd-server 2022-02-17 02:44:52,452 [INFO] Sending to ptd: 'SR,A,0.045720'
ptd-server 2022-02-17 02:44:53,954 [INFO] Reply from ptd: 'Range A changed'
ptd-server 2022-02-17 02:45:03,964 [INFO] Starting testing mode
ptd-server 2022-02-17 02:45:03,964 [INFO] Sending to ptd: 'Go,1000,0,2022-02-17_02-33-55_testing'
ptd-server 2022-02-17 02:45:03,965 [INFO] Reply from ptd: 'Starting untimed measurement, maximum 500000 samples at 1000ms with 0 rampup samples'
ptd-server 2022-02-17 02:45:03,965 [INFO] Sending reply to client 'OK'
ptd-server 2022-02-17 02:55:21,692 [INFO] Got command from the client 'session,2022-02-17_02-33-55,stop,testing'
ptd-server 2022-02-17 02:55:31,702 [INFO] Sending to ptd: 'Stop'
ptd-server 2022-02-17 02:55:31,703 [INFO] Reply from ptd: 'Stopping untimed measurement'
ptd-server 2022-02-17 02:55:31,765 [INFO] Sending reply to client 'OK'
ptd-server 2022-02-17 02:55:31,796 [INFO] Got command from the client 'session,2022-02-17_02-33-55,done'
ptd-server 2022-02-17 02:55:31,797 [INFO] Sending to ptd: 'Stop'
ptd-server 2022-02-17 02:55:31,966 [INFO] Reply from ptd: 'Error: no measurement to stop'
ptd-server 2022-02-17 02:55:31,966 [INFO] Sending to ptd: 'SR,V,300.000000'
ptd-server 2022-02-17 02:55:33,467 [INFO] Reply from ptd: 'Range V changed'
ptd-server 2022-02-17 02:55:33,467 [INFO] Sending to ptd: 'SR,A,0.500000'
ptd-server 2022-02-17 02:55:34,969 [INFO] Reply from ptd: 'Range A changed'
ptd-server 2022-02-17 02:55:34,969 [INFO] Set initial values for Amps 0.500000 and Volts 300.000000
ptd-server 2022-02-17 02:55:34,969 [INFO] Stopping ptd...
