ptd-server 2022-02-17 02:55:45,104 [INFO] Got command from the client 'time'
ptd-server 2022-02-17 02:55:45,104 [INFO] Sending reply to client '1645066545.1043315'
ptd-server 2022-02-17 02:55:45,106 [INFO] Got command from the client 'new,,def9f969-73c8-4d87-bae8-c0a8e4e980f8'
ptd-server 2022-02-17 02:55:45,106 [INFO] Sending reply to client 'OK 2022-02-17_02-55-45,818e5fb3-43ee-487e-b783-71c0580e087e'
ptd-server 2022-02-17 02:55:45,143 [INFO] Got command from the client 'time'
ptd-server 2022-02-17 02:55:45,144 [INFO] Sending reply to client '1645066545.144156'
ptd-server 2022-02-17 02:55:45,145 [INFO] Got command from the client 'session,2022-02-17_02-55-45,start,ranging'
ptd-server 2022-02-17 02:55:45,146 [INFO] Running PTDaemon: ['/home/anton/projects/mlperf/power/inference_v1.0/ptd-linux-x86', '-l', '/tmp/tmpgldyt7rr/ptd_logfile.txt', '-p', '8888', '49', '/dev/usbtmc0']
ptd-server 2022-02-17 02:56:02,319 [INFO] Sending to ptd: 'Hello'
ptd-server 2022-02-17 02:56:02,320 [INFO] Reply from ptd: 'Hello, PTDaemon here!'
ptd-server 2022-02-17 02:56:02,320 [INFO] Sending to ptd: 'Identify'
ptd-server 2022-02-17 02:56:02,320 [INFO] Reply from ptd: 'YokogawaWT310E,1000,1,1,1,1,0,1,1,version=1.9.2-e8c7a49a-20201208,OS=Linux 5.13.0-28-generic #31~20.04.1-Ubuntu SMP Wed Jan 19 14:08:10 UTC 2022 x86_64,mode=power,1,1,1,0,0,no_cal_date,YOKOGAWA;WT310E;C3XA04010E;F1.04'
ptd-server 2022-02-17 02:56:02,320 [INFO] Connected to PTDaemon
ptd-server 2022-02-17 02:56:02,320 [INFO] Sending to ptd: 'RR'
ptd-server 2022-02-17 02:56:02,321 [INFO] Reply from ptd: 'Ranges,0,0.500000,0,300.000000'
ptd-server 2022-02-17 02:56:02,321 [INFO] Initial range for Amps is 0.500000 for Volts is 300.000000
ptd-server 2022-02-17 02:56:02,321 [INFO] Sending to ptd: 'SR,V,Auto'
ptd-server 2022-02-17 02:56:02,823 [INFO] Reply from ptd: 'Range V changed'
ptd-server 2022-02-17 02:56:02,824 [INFO] Sending to ptd: 'SR,A,Auto'
ptd-server 2022-02-17 02:56:03,326 [INFO] Reply from ptd: 'Range A changed'
ptd-server 2022-02-17 02:56:13,336 [INFO] Starting ranging mode
ptd-server 2022-02-17 02:56:13,336 [INFO] Sending to ptd: 'Go,1000,0,2022-02-17_02-55-45_ranging'
ptd-server 2022-02-17 02:56:13,336 [INFO] Reply from ptd: 'Starting untimed measurement, maximum 500000 samples at 1000ms with 0 rampup samples'
ptd-server 2022-02-17 02:56:13,337 [INFO] Sending reply to client 'OK'
ptd-server 2022-02-17 03:06:30,283 [INFO] Got command from the client 'session,2022-02-17_02-55-45,stop,ranging'
ptd-server 2022-02-17 03:06:40,294 [INFO] Sending to ptd: 'Stop'
ptd-server 2022-02-17 03:06:40,294 [INFO] Reply from ptd: 'Stopping untimed measurement'
ptd-server 2022-02-17 03:06:40,416 [INFO] Sending reply to client 'OK'
ptd-server 2022-02-17 03:06:40,507 [INFO] Got command from the client 'time'
ptd-server 2022-02-17 03:06:40,508 [INFO] Sending reply to client '1645067200.5080287'
ptd-server 2022-02-17 03:06:40,511 [INFO] Got command from the client 'session,2022-02-17_02-55-45,start,testing'
ptd-server 2022-02-17 03:06:40,511 [INFO] Sending to ptd: 'SR,V,249.930000'
ptd-server 2022-02-17 03:06:42,013 [INFO] Reply from ptd: 'Range V changed'
ptd-server 2022-02-17 03:06:42,013 [INFO] Sending to ptd: 'SR,A,0.046400'
ptd-server 2022-02-17 03:06:43,514 [INFO] Reply from ptd: 'Range A changed'
ptd-server 2022-02-17 03:06:53,524 [INFO] Starting testing mode
ptd-server 2022-02-17 03:06:53,525 [INFO] Sending to ptd: 'Go,1000,0,2022-02-17_02-55-45_testing'
ptd-server 2022-02-17 03:06:53,525 [INFO] Reply from ptd: 'Starting untimed measurement, maximum 500000 samples at 1000ms with 0 rampup samples'
ptd-server 2022-02-17 03:06:53,525 [INFO] Sending reply to client 'OK'
ptd-server 2022-02-17 03:17:11,296 [INFO] Got command from the client 'session,2022-02-17_02-55-45,stop,testing'
ptd-server 2022-02-17 03:17:21,306 [INFO] Sending to ptd: 'Stop'
ptd-server 2022-02-17 03:17:21,307 [INFO] Reply from ptd: 'Stopping untimed measurement'
ptd-server 2022-02-17 03:17:21,369 [INFO] Sending reply to client 'OK'
ptd-server 2022-02-17 03:17:21,409 [INFO] Got command from the client 'session,2022-02-17_02-55-45,done'
ptd-server 2022-02-17 03:17:21,409 [INFO] Sending to ptd: 'Stop'
ptd-server 2022-02-17 03:17:21,526 [INFO] Reply from ptd: 'Error: no measurement to stop'
ptd-server 2022-02-17 03:17:21,526 [INFO] Sending to ptd: 'SR,V,300.000000'
ptd-server 2022-02-17 03:17:23,027 [INFO] Reply from ptd: 'Range V changed'
ptd-server 2022-02-17 03:17:23,028 [INFO] Sending to ptd: 'SR,A,0.500000'
ptd-server 2022-02-17 03:17:24,529 [INFO] Reply from ptd: 'Range A changed'
ptd-server 2022-02-17 03:17:24,529 [INFO] Set initial values for Amps 0.500000 and Volts 300.000000
ptd-server 2022-02-17 03:17:24,530 [INFO] Stopping ptd...
