ptd-server 2022-02-19 04:29:14,389 [INFO] Got command from the client 'time'
ptd-server 2022-02-19 04:29:14,389 [INFO] Sending reply to client '1645244954.3891988'
ptd-server 2022-02-19 04:29:14,390 [INFO] Got command from the client 'new,,a61ee35b-fba5-453a-8aad-925a787dc72d'
ptd-server 2022-02-19 04:29:14,390 [INFO] Sending reply to client 'OK 2022-02-19_04-29-14,ec890e5a-bf09-434b-bb61-72553111ee50'
ptd-server 2022-02-19 04:29:14,418 [INFO] Got command from the client 'time'
ptd-server 2022-02-19 04:29:14,418 [INFO] Sending reply to client '1645244954.4187806'
ptd-server 2022-02-19 04:29:14,419 [INFO] Got command from the client 'session,2022-02-19_04-29-14,start,ranging'
ptd-server 2022-02-19 04:29:14,420 [INFO] Running PTDaemon: ['/home/anton/projects/mlperf/power/inference_v1.0/ptd-linux-x86', '-l', '/tmp/tmpgldyt7rr/ptd_logfile.txt', '-p', '8888', '49', '/dev/usbtmc0']
ptd-server 2022-02-19 04:29:31,592 [INFO] Sending to ptd: 'Hello'
ptd-server 2022-02-19 04:29:31,593 [INFO] Reply from ptd: 'Hello, PTDaemon here!'
ptd-server 2022-02-19 04:29:31,593 [INFO] Sending to ptd: 'Identify'
ptd-server 2022-02-19 04:29:31,593 [INFO] Reply from ptd: 'YokogawaWT310E,1000,1,1,1,1,0,1,1,version=1.9.2-e8c7a49a-20201208,OS=Linux 5.13.0-28-generic #31~20.04.1-Ubuntu SMP Wed Jan 19 14:08:10 UTC 2022 x86_64,mode=power,1,1,1,0,0,no_cal_date,YOKOGAWA;WT310E;C3XA04010E;F1.04'
ptd-server 2022-02-19 04:29:31,593 [INFO] Connected to PTDaemon
ptd-server 2022-02-19 04:29:31,593 [INFO] Sending to ptd: 'RR'
ptd-server 2022-02-19 04:29:31,594 [INFO] Reply from ptd: 'Ranges,0,0.500000,0,300.000000'
ptd-server 2022-02-19 04:29:31,594 [INFO] Initial range for Amps is 0.500000 for Volts is 300.000000
ptd-server 2022-02-19 04:29:31,594 [INFO] Sending to ptd: 'SR,V,Auto'
ptd-server 2022-02-19 04:29:32,096 [INFO] Reply from ptd: 'Range V changed'
ptd-server 2022-02-19 04:29:32,097 [INFO] Sending to ptd: 'SR,A,Auto'
ptd-server 2022-02-19 04:29:32,599 [INFO] Reply from ptd: 'Range A changed'
ptd-server 2022-02-19 04:29:42,609 [INFO] Starting ranging mode
ptd-server 2022-02-19 04:29:42,610 [INFO] Sending to ptd: 'Go,1000,0,2022-02-19_04-29-14_ranging'
ptd-server 2022-02-19 04:29:42,610 [INFO] Reply from ptd: 'Starting untimed measurement, maximum 500000 samples at 1000ms with 0 rampup samples'
ptd-server 2022-02-19 04:29:42,610 [INFO] Sending reply to client 'OK'
ptd-server 2022-02-19 04:40:06,601 [INFO] Got command from the client 'session,2022-02-19_04-29-14,stop,ranging'
ptd-server 2022-02-19 04:40:16,611 [INFO] Sending to ptd: 'Stop'
ptd-server 2022-02-19 04:40:16,611 [INFO] Reply from ptd: 'Stopping untimed measurement'
ptd-server 2022-02-19 04:40:16,916 [INFO] Sending reply to client 'OK'
ptd-server 2022-02-19 04:40:16,988 [INFO] Got command from the client 'time'
ptd-server 2022-02-19 04:40:16,988 [INFO] Sending reply to client '1645245616.9885266'
ptd-server 2022-02-19 04:40:16,989 [INFO] Got command from the client 'session,2022-02-19_04-29-14,start,testing'
ptd-server 2022-02-19 04:40:16,990 [INFO] Sending to ptd: 'SR,V,251.860000'
ptd-server 2022-02-19 04:40:19,111 [INFO] Reply from ptd: 'Range V changed'
ptd-server 2022-02-19 04:40:19,111 [INFO] Sending to ptd: 'SR,A,0.044090'
ptd-server 2022-02-19 04:40:20,613 [INFO] Reply from ptd: 'Range A changed'
ptd-server 2022-02-19 04:40:30,623 [INFO] Starting testing mode
ptd-server 2022-02-19 04:40:30,623 [INFO] Sending to ptd: 'Go,1000,0,2022-02-19_04-29-14_testing'
ptd-server 2022-02-19 04:40:30,623 [INFO] Reply from ptd: 'Starting untimed measurement, maximum 500000 samples at 1000ms with 0 rampup samples'
ptd-server 2022-02-19 04:40:30,624 [INFO] Sending reply to client 'OK'
ptd-server 2022-02-19 04:50:55,479 [INFO] Got command from the client 'session,2022-02-19_04-29-14,stop,testing'
ptd-server 2022-02-19 04:51:05,489 [INFO] Sending to ptd: 'Stop'
ptd-server 2022-02-19 04:51:05,489 [INFO] Reply from ptd: 'Stopping untimed measurement'
ptd-server 2022-02-19 04:51:05,658 [INFO] Sending reply to client 'OK'
ptd-server 2022-02-19 04:51:05,677 [INFO] Got command from the client 'session,2022-02-19_04-29-14,done'
ptd-server 2022-02-19 04:51:05,678 [INFO] Sending to ptd: 'Stop'
ptd-server 2022-02-19 04:51:05,678 [INFO] Reply from ptd: 'Error: no measurement to stop'
ptd-server 2022-02-19 04:51:05,678 [INFO] Sending to ptd: 'SR,V,300.000000'
ptd-server 2022-02-19 04:51:07,179 [INFO] Reply from ptd: 'Range V changed'
ptd-server 2022-02-19 04:51:07,179 [INFO] Sending to ptd: 'SR,A,0.500000'
ptd-server 2022-02-19 04:51:08,681 [INFO] Reply from ptd: 'Range A changed'
ptd-server 2022-02-19 04:51:08,681 [INFO] Set initial values for Amps 0.500000 and Volts 300.000000
ptd-server 2022-02-19 04:51:08,681 [INFO] Stopping ptd...
