ptd-server 2022-02-18 22:09:14,741 [INFO] Got command from the client 'time'
ptd-server 2022-02-18 22:09:14,741 [INFO] Sending reply to client '1645222154.7412324'
ptd-server 2022-02-18 22:09:14,742 [INFO] Got command from the client 'new,,52967b47-3818-4816-824c-817985a1d190'
ptd-server 2022-02-18 22:09:14,743 [INFO] Sending reply to client 'OK 2022-02-18_22-09-14,0d0f061e-662a-4e74-a8dc-542376178c8d'
ptd-server 2022-02-18 22:09:14,777 [INFO] Got command from the client 'time'
ptd-server 2022-02-18 22:09:14,777 [INFO] Sending reply to client '1645222154.777465'
ptd-server 2022-02-18 22:09:14,779 [INFO] Got command from the client 'session,2022-02-18_22-09-14,start,ranging'
ptd-server 2022-02-18 22:09:14,779 [INFO] Running PTDaemon: ['/home/anton/projects/mlperf/power/inference_v1.0/ptd-linux-x86', '-l', '/tmp/tmpgldyt7rr/ptd_logfile.txt', '-p', '8888', '49', '/dev/usbtmc0']
ptd-server 2022-02-18 22:09:31,952 [INFO] Sending to ptd: 'Hello'
ptd-server 2022-02-18 22:09:31,953 [INFO] Reply from ptd: 'Hello, PTDaemon here!'
ptd-server 2022-02-18 22:09:31,953 [INFO] Sending to ptd: 'Identify'
ptd-server 2022-02-18 22:09:31,953 [INFO] Reply from ptd: 'YokogawaWT310E,1000,1,1,1,1,0,1,1,version=1.9.2-e8c7a49a-20201208,OS=Linux 5.13.0-28-generic #31~20.04.1-Ubuntu SMP Wed Jan 19 14:08:10 UTC 2022 x86_64,mode=power,1,1,1,0,0,no_cal_date,YOKOGAWA;WT310E;C3XA04010E;F1.04'
ptd-server 2022-02-18 22:09:31,954 [INFO] Connected to PTDaemon
ptd-server 2022-02-18 22:09:31,954 [INFO] Sending to ptd: 'RR'
ptd-server 2022-02-18 22:09:31,954 [INFO] Reply from ptd: 'Ranges,0,0.500000,0,300.000000'
ptd-server 2022-02-18 22:09:31,954 [INFO] Initial range for Amps is 0.500000 for Volts is 300.000000
ptd-server 2022-02-18 22:09:31,954 [INFO] Sending to ptd: 'SR,V,Auto'
ptd-server 2022-02-18 22:09:32,457 [INFO] Reply from ptd: 'Range V changed'
ptd-server 2022-02-18 22:09:32,457 [INFO] Sending to ptd: 'SR,A,Auto'
ptd-server 2022-02-18 22:09:32,959 [INFO] Reply from ptd: 'Range A changed'
ptd-server 2022-02-18 22:09:42,970 [INFO] Starting ranging mode
ptd-server 2022-02-18 22:09:42,970 [INFO] Sending to ptd: 'Go,1000,0,2022-02-18_22-09-14_ranging'
ptd-server 2022-02-18 22:09:42,970 [INFO] Reply from ptd: 'Starting untimed measurement, maximum 500000 samples at 1000ms with 0 rampup samples'
ptd-server 2022-02-18 22:09:42,970 [INFO] Sending reply to client 'OK'
ptd-server 2022-02-18 22:20:21,120 [INFO] Got command from the client 'session,2022-02-18_22-09-14,stop,ranging'
ptd-server 2022-02-18 22:20:31,131 [INFO] Sending to ptd: 'Stop'
ptd-server 2022-02-18 22:20:31,131 [INFO] Reply from ptd: 'Stopping untimed measurement'
ptd-server 2022-02-18 22:20:31,403 [INFO] Sending reply to client 'OK'
ptd-server 2022-02-18 22:20:31,493 [INFO] Got command from the client 'time'
ptd-server 2022-02-18 22:20:31,493 [INFO] Sending reply to client '1645222831.4939435'
ptd-server 2022-02-18 22:20:31,497 [INFO] Got command from the client 'session,2022-02-18_22-09-14,start,testing'
ptd-server 2022-02-18 22:20:31,497 [INFO] Sending to ptd: 'SR,V,248.880000'
ptd-server 2022-02-18 22:20:33,472 [INFO] Reply from ptd: 'Range V changed'
ptd-server 2022-02-18 22:20:33,472 [INFO] Sending to ptd: 'SR,A,0.043680'
ptd-server 2022-02-18 22:20:34,974 [INFO] Reply from ptd: 'Range A changed'
ptd-server 2022-02-18 22:20:44,984 [INFO] Starting testing mode
ptd-server 2022-02-18 22:20:44,984 [INFO] Sending to ptd: 'Go,1000,0,2022-02-18_22-09-14_testing'
ptd-server 2022-02-18 22:20:44,985 [INFO] Reply from ptd: 'Starting untimed measurement, maximum 500000 samples at 1000ms with 0 rampup samples'
ptd-server 2022-02-18 22:20:44,985 [INFO] Sending reply to client 'OK'
ptd-server 2022-02-18 22:31:24,099 [INFO] Got command from the client 'session,2022-02-18_22-09-14,stop,testing'
ptd-server 2022-02-18 22:31:34,110 [INFO] Sending to ptd: 'Stop'
ptd-server 2022-02-18 22:31:34,110 [INFO] Reply from ptd: 'Stopping untimed measurement'
ptd-server 2022-02-18 22:31:34,258 [INFO] Sending reply to client 'OK'
ptd-server 2022-02-18 22:31:34,300 [INFO] Got command from the client 'session,2022-02-18_22-09-14,done'
ptd-server 2022-02-18 22:31:34,300 [INFO] Sending to ptd: 'Stop'
ptd-server 2022-02-18 22:31:34,986 [INFO] Reply from ptd: 'Error: no measurement to stop'
ptd-server 2022-02-18 22:31:34,986 [INFO] Sending to ptd: 'SR,V,300.000000'
ptd-server 2022-02-18 22:31:36,487 [INFO] Reply from ptd: 'Range V changed'
ptd-server 2022-02-18 22:31:36,487 [INFO] Sending to ptd: 'SR,A,0.500000'
ptd-server 2022-02-18 22:31:37,989 [INFO] Reply from ptd: 'Range A changed'
ptd-server 2022-02-18 22:31:37,989 [INFO] Set initial values for Amps 0.500000 and Volts 300.000000
ptd-server 2022-02-18 22:31:37,989 [INFO] Stopping ptd...
