ptd-server 2022-02-19 10:25:57,984 [INFO] Got command from the client 'time'
ptd-server 2022-02-19 10:25:57,985 [INFO] Sending reply to client '1645266357.985026'
ptd-server 2022-02-19 10:25:57,986 [INFO] Got command from the client 'new,,f10ca687-6b43-430d-9a64-820236b527f2'
ptd-server 2022-02-19 10:25:57,987 [INFO] Sending reply to client 'OK 2022-02-19_10-25-57,64f8217e-808c-4b7e-b744-79e6aeadbd76'
ptd-server 2022-02-19 10:25:58,014 [INFO] Got command from the client 'time'
ptd-server 2022-02-19 10:25:58,014 [INFO] Sending reply to client '1645266358.0145469'
ptd-server 2022-02-19 10:25:58,016 [INFO] Got command from the client 'session,2022-02-19_10-25-57,start,ranging'
ptd-server 2022-02-19 10:25:58,016 [INFO] Running PTDaemon: ['/home/anton/projects/mlperf/power/inference_v1.0/ptd-linux-x86', '-l', '/tmp/tmpgldyt7rr/ptd_logfile.txt', '-p', '8888', '49', '/dev/usbtmc0']
ptd-server 2022-02-19 10:26:15,189 [INFO] Sending to ptd: 'Hello'
ptd-server 2022-02-19 10:26:15,190 [INFO] Reply from ptd: 'Hello, PTDaemon here!'
ptd-server 2022-02-19 10:26:15,190 [INFO] Sending to ptd: 'Identify'
ptd-server 2022-02-19 10:26:15,191 [INFO] Reply from ptd: 'YokogawaWT310E,1000,1,1,1,1,0,1,1,version=1.9.2-e8c7a49a-20201208,OS=Linux 5.13.0-28-generic #31~20.04.1-Ubuntu SMP Wed Jan 19 14:08:10 UTC 2022 x86_64,mode=power,1,1,1,0,0,no_cal_date,YOKOGAWA;WT310E;C3XA04010E;F1.04'
ptd-server 2022-02-19 10:26:15,191 [INFO] Connected to PTDaemon
ptd-server 2022-02-19 10:26:15,191 [INFO] Sending to ptd: 'RR'
ptd-server 2022-02-19 10:26:15,191 [INFO] Reply from ptd: 'Ranges,0,0.500000,0,300.000000'
ptd-server 2022-02-19 10:26:15,191 [INFO] Initial range for Amps is 0.500000 for Volts is 300.000000
ptd-server 2022-02-19 10:26:15,191 [INFO] Sending to ptd: 'SR,V,Auto'
ptd-server 2022-02-19 10:26:15,694 [INFO] Reply from ptd: 'Range V changed'
ptd-server 2022-02-19 10:26:15,694 [INFO] Sending to ptd: 'SR,A,Auto'
ptd-server 2022-02-19 10:26:16,197 [INFO] Reply from ptd: 'Range A changed'
ptd-server 2022-02-19 10:26:26,207 [INFO] Starting ranging mode
ptd-server 2022-02-19 10:26:26,207 [INFO] Sending to ptd: 'Go,1000,0,2022-02-19_10-25-57_ranging'
ptd-server 2022-02-19 10:26:26,207 [INFO] Reply from ptd: 'Starting untimed measurement, maximum 500000 samples at 1000ms with 0 rampup samples'
ptd-server 2022-02-19 10:26:26,208 [INFO] Sending reply to client 'OK'
ptd-server 2022-02-19 10:37:04,718 [INFO] Got command from the client 'session,2022-02-19_10-25-57,stop,ranging'
ptd-server 2022-02-19 10:37:14,728 [INFO] Sending to ptd: 'Stop'
ptd-server 2022-02-19 10:37:14,729 [INFO] Reply from ptd: 'Stopping untimed measurement'
ptd-server 2022-02-19 10:37:15,072 [INFO] Sending reply to client 'OK'
ptd-server 2022-02-19 10:37:15,155 [INFO] Got command from the client 'time'
ptd-server 2022-02-19 10:37:15,156 [INFO] Sending reply to client '1645267035.1561484'
ptd-server 2022-02-19 10:37:15,161 [INFO] Got command from the client 'session,2022-02-19_10-25-57,start,testing'
ptd-server 2022-02-19 10:37:15,161 [INFO] Sending to ptd: 'SR,V,249.390000'
ptd-server 2022-02-19 10:37:16,709 [INFO] Reply from ptd: 'Range V changed'
ptd-server 2022-02-19 10:37:16,709 [INFO] Sending to ptd: 'SR,A,0.042240'
ptd-server 2022-02-19 10:37:18,211 [INFO] Reply from ptd: 'Range A changed'
ptd-server 2022-02-19 10:37:28,221 [INFO] Starting testing mode
ptd-server 2022-02-19 10:37:28,221 [INFO] Sending to ptd: 'Go,1000,0,2022-02-19_10-25-57_testing'
ptd-server 2022-02-19 10:37:28,222 [INFO] Reply from ptd: 'Starting untimed measurement, maximum 500000 samples at 1000ms with 0 rampup samples'
ptd-server 2022-02-19 10:37:28,222 [INFO] Sending reply to client 'OK'
ptd-server 2022-02-19 10:48:07,710 [INFO] Got command from the client 'session,2022-02-19_10-25-57,stop,testing'
ptd-server 2022-02-19 10:48:17,720 [INFO] Sending to ptd: 'Stop'
ptd-server 2022-02-19 10:48:17,721 [INFO] Reply from ptd: 'Stopping untimed measurement'
ptd-server 2022-02-19 10:48:17,904 [INFO] Sending reply to client 'OK'
ptd-server 2022-02-19 10:48:17,948 [INFO] Got command from the client 'session,2022-02-19_10-25-57,done'
ptd-server 2022-02-19 10:48:17,948 [INFO] Sending to ptd: 'Stop'
ptd-server 2022-02-19 10:48:18,223 [INFO] Reply from ptd: 'Error: no measurement to stop'
ptd-server 2022-02-19 10:48:18,223 [INFO] Sending to ptd: 'SR,V,300.000000'
ptd-server 2022-02-19 10:48:19,724 [INFO] Reply from ptd: 'Range V changed'
ptd-server 2022-02-19 10:48:19,725 [INFO] Sending to ptd: 'SR,A,0.500000'
ptd-server 2022-02-19 10:48:21,226 [INFO] Reply from ptd: 'Range A changed'
ptd-server 2022-02-19 10:48:21,226 [INFO] Set initial values for Amps 0.500000 and Volts 300.000000
ptd-server 2022-02-19 10:48:21,226 [INFO] Stopping ptd...
