ptd-server 2022-02-18 14:48:02,849 [INFO] Got command from the client 'time'
ptd-server 2022-02-18 14:48:02,849 [INFO] Sending reply to client '1645217282.84977'
ptd-server 2022-02-18 14:48:02,850 [INFO] Got command from the client 'new,,53a1b01c-4a63-4c62-97d1-6a2006761716'
ptd-server 2022-02-18 14:48:02,851 [INFO] Sending reply to client 'OK 2022-02-18_14-48-02,bf14a9bc-f3fe-4c61-a7e9-d531c78dab4a'
ptd-server 2022-02-18 14:48:02,936 [INFO] Got command from the client 'time'
ptd-server 2022-02-18 14:48:02,936 [INFO] Sending reply to client '1645217282.9367342'
ptd-server 2022-02-18 14:48:02,937 [INFO] Got command from the client 'session,2022-02-18_14-48-02,start,ranging'
ptd-server 2022-02-18 14:48:02,938 [INFO] Running PTDaemon: ['/local/mnt/workspace/mlcommons/power-main/inference_v1.0/ptd-linux-x86', '-l', '/tmp/tmp4zullp9k/ptd_logfile.txt', '-p', '8889', '49', '/dev/usbtmc0']
ptd-server 2022-02-18 14:48:20,056 [INFO] Sending to ptd: 'Hello'
ptd-server 2022-02-18 14:48:20,057 [INFO] Reply from ptd: 'Hello, PTDaemon here!'
ptd-server 2022-02-18 14:48:20,057 [INFO] Sending to ptd: 'Identify'
ptd-server 2022-02-18 14:48:20,058 [INFO] Reply from ptd: 'YokogawaWT310E,1000,1,1,1,1,0,1,1,version=1.9.2-e8c7a49a-20201208,OS=Linux 4.15.0-162-generic #170-Ubuntu SMP Mon Oct 18 11:38:05 UTC 2021 x86_64,mode=power,1,1,1,0,0,no_cal_date,YOKOGAWA;WT310E;C2XF16028V;F1.04'
ptd-server 2022-02-18 14:48:20,058 [INFO] Connected to PTDaemon
ptd-server 2022-02-18 14:48:20,058 [INFO] Sending to ptd: 'RR'
ptd-server 2022-02-18 14:48:20,059 [INFO] Reply from ptd: 'Ranges,1,5.000000,1,150.000000'
ptd-server 2022-02-18 14:48:20,059 [INFO] Initial range for Amps is Auto for Volts is Auto
ptd-server 2022-02-18 14:48:20,059 [INFO] Sending to ptd: 'SR,V,Auto'
ptd-server 2022-02-18 14:48:20,562 [INFO] Reply from ptd: 'Range V changed'
ptd-server 2022-02-18 14:48:20,562 [INFO] Sending to ptd: 'SR,A,Auto'
ptd-server 2022-02-18 14:48:21,065 [INFO] Reply from ptd: 'Range A changed'
ptd-server 2022-02-18 14:48:31,075 [INFO] Starting ranging mode
ptd-server 2022-02-18 14:48:31,076 [INFO] Sending to ptd: 'Go,1000,0,2022-02-18_14-48-02_ranging'
ptd-server 2022-02-18 14:48:31,076 [INFO] Reply from ptd: 'Starting untimed measurement, maximum 500000 samples at 1000ms with 0 rampup samples'
ptd-server 2022-02-18 14:48:31,077 [INFO] Sending reply to client 'OK'
ptd-server 2022-02-18 15:02:03,097 [INFO] Got command from the client 'session,2022-02-18_14-48-02,stop,ranging'
ptd-server 2022-02-18 15:02:13,108 [INFO] Sending to ptd: 'Stop'
ptd-server 2022-02-18 15:02:13,109 [INFO] Reply from ptd: 'Stopping untimed measurement'
ptd-server 2022-02-18 15:02:13,261 [INFO] Sending reply to client 'OK'
ptd-server 2022-02-18 15:02:13,382 [INFO] Got command from the client 'time'
ptd-server 2022-02-18 15:02:13,382 [INFO] Sending reply to client '1645218133.3824987'
ptd-server 2022-02-18 15:02:13,383 [INFO] Got command from the client 'session,2022-02-18_14-48-02,start,testing'
ptd-server 2022-02-18 15:02:13,383 [INFO] Sending to ptd: 'SR,V,121.980000'
ptd-server 2022-02-18 15:02:15,578 [INFO] Reply from ptd: 'Range V changed'
ptd-server 2022-02-18 15:02:15,578 [INFO] Sending to ptd: 'SR,A,5.034600'
ptd-server 2022-02-18 15:02:17,080 [INFO] Reply from ptd: 'Range A changed'
ptd-server 2022-02-18 15:02:27,091 [INFO] Starting testing mode
ptd-server 2022-02-18 15:02:27,091 [INFO] Sending to ptd: 'Go,1000,0,2022-02-18_14-48-02_testing'
ptd-server 2022-02-18 15:02:27,092 [INFO] Reply from ptd: 'Starting untimed measurement, maximum 500000 samples at 1000ms with 0 rampup samples'
ptd-server 2022-02-18 15:02:27,092 [INFO] Sending reply to client 'OK'
ptd-server 2022-02-18 15:15:59,353 [INFO] Got command from the client 'session,2022-02-18_14-48-02,stop,testing'
ptd-server 2022-02-18 15:16:09,360 [INFO] Sending to ptd: 'Stop'
ptd-server 2022-02-18 15:16:09,361 [INFO] Reply from ptd: 'Stopping untimed measurement'
ptd-server 2022-02-18 15:16:09,456 [INFO] Sending reply to client 'OK'
ptd-server 2022-02-18 15:16:09,460 [INFO] Got command from the client 'session,2022-02-18_14-48-02,done'
ptd-server 2022-02-18 15:16:09,460 [INFO] Sending to ptd: 'Stop'
ptd-server 2022-02-18 15:16:10,092 [INFO] Reply from ptd: 'Error: no measurement to stop'
ptd-server 2022-02-18 15:16:10,092 [INFO] Sending to ptd: 'SR,V,Auto'
ptd-server 2022-02-18 15:16:10,595 [INFO] Reply from ptd: 'Range V changed'
ptd-server 2022-02-18 15:16:10,595 [INFO] Sending to ptd: 'SR,A,Auto'
ptd-server 2022-02-18 15:16:11,097 [INFO] Reply from ptd: 'Range A changed'
ptd-server 2022-02-18 15:16:11,098 [INFO] Set initial values for Amps Auto and Volts Auto
ptd-server 2022-02-18 15:16:11,098 [INFO] Stopping ptd...
