ptd-server 2022-02-16 10:13:35,613 [INFO] Got command from the client 'time'
ptd-server 2022-02-16 10:13:35,614 [INFO] Sending reply to client '1645006415.614123'
ptd-server 2022-02-16 10:13:35,615 [INFO] Got command from the client 'new,,1234eaa7-1b89-46d7-8850-ee01b986727b'
ptd-server 2022-02-16 10:13:35,615 [INFO] Sending reply to client 'OK 2022-02-16_10-13-35,465caecf-04b0-47a3-817e-d778e57729b0'
ptd-server 2022-02-16 10:13:35,654 [INFO] Got command from the client 'time'
ptd-server 2022-02-16 10:13:35,654 [INFO] Sending reply to client '1645006415.654403'
ptd-server 2022-02-16 10:13:35,655 [INFO] Got command from the client 'session,2022-02-16_10-13-35,start,ranging'
ptd-server 2022-02-16 10:13:35,655 [INFO] Running PTDaemon: ['/home/anton/projects/mlperf/power/inference_v1.0/ptd-linux-x86', '-l', '/tmp/tmpgldyt7rr/ptd_logfile.txt', '-p', '8888', '49', '/dev/usbtmc0']
ptd-server 2022-02-16 10:13:52,829 [INFO] Sending to ptd: 'Hello'
ptd-server 2022-02-16 10:13:52,829 [INFO] Reply from ptd: 'Hello, PTDaemon here!'
ptd-server 2022-02-16 10:13:52,830 [INFO] Sending to ptd: 'Identify'
ptd-server 2022-02-16 10:13:52,830 [INFO] Reply from ptd: 'YokogawaWT310E,1000,1,1,1,1,0,1,1,version=1.9.2-e8c7a49a-20201208,OS=Linux 5.13.0-28-generic #31~20.04.1-Ubuntu SMP Wed Jan 19 14:08:10 UTC 2022 x86_64,mode=power,1,1,1,0,0,no_cal_date,YOKOGAWA;WT310E;C3XA04010E;F1.04'
ptd-server 2022-02-16 10:13:52,830 [INFO] Connected to PTDaemon
ptd-server 2022-02-16 10:13:52,830 [INFO] Sending to ptd: 'RR'
ptd-server 2022-02-16 10:13:52,831 [INFO] Reply from ptd: 'Ranges,0,0.500000,0,300.000000'
ptd-server 2022-02-16 10:13:52,831 [INFO] Initial range for Amps is 0.500000 for Volts is 300.000000
ptd-server 2022-02-16 10:13:52,831 [INFO] Sending to ptd: 'SR,V,Auto'
ptd-server 2022-02-16 10:13:53,333 [INFO] Reply from ptd: 'Range V changed'
ptd-server 2022-02-16 10:13:53,333 [INFO] Sending to ptd: 'SR,A,Auto'
ptd-server 2022-02-16 10:13:53,836 [INFO] Reply from ptd: 'Range A changed'
ptd-server 2022-02-16 10:14:03,846 [INFO] Starting ranging mode
ptd-server 2022-02-16 10:14:03,846 [INFO] Sending to ptd: 'Go,1000,0,2022-02-16_10-13-35_ranging'
ptd-server 2022-02-16 10:14:03,847 [INFO] Reply from ptd: 'Starting untimed measurement, maximum 500000 samples at 1000ms with 0 rampup samples'
ptd-server 2022-02-16 10:14:03,847 [INFO] Sending reply to client 'OK'
ptd-server 2022-02-16 10:24:25,788 [INFO] Got command from the client 'session,2022-02-16_10-13-35,stop,ranging'
ptd-server 2022-02-16 10:24:35,798 [INFO] Sending to ptd: 'Stop'
ptd-server 2022-02-16 10:24:35,799 [INFO] Reply from ptd: 'Stopping untimed measurement'
ptd-server 2022-02-16 10:24:35,821 [INFO] Sending reply to client 'OK'
ptd-server 2022-02-16 10:24:35,892 [INFO] Got command from the client 'time'
ptd-server 2022-02-16 10:24:35,892 [INFO] Sending reply to client '1645007075.8921978'
ptd-server 2022-02-16 10:24:35,893 [INFO] Got command from the client 'session,2022-02-16_10-13-35,start,testing'
ptd-server 2022-02-16 10:24:35,893 [INFO] Sending to ptd: 'SR,V,250.850000'
ptd-server 2022-02-16 10:24:37,395 [INFO] Reply from ptd: 'Range V changed'
ptd-server 2022-02-16 10:24:37,395 [INFO] Sending to ptd: 'SR,A,0.075890'
ptd-server 2022-02-16 10:24:38,896 [INFO] Reply from ptd: 'Range A changed'
ptd-server 2022-02-16 10:24:48,907 [INFO] Starting testing mode
ptd-server 2022-02-16 10:24:48,907 [INFO] Sending to ptd: 'Go,1000,0,2022-02-16_10-13-35_testing'
ptd-server 2022-02-16 10:24:48,907 [INFO] Reply from ptd: 'Starting untimed measurement, maximum 500000 samples at 1000ms with 0 rampup samples'
ptd-server 2022-02-16 10:24:48,908 [INFO] Sending reply to client 'OK'
ptd-server 2022-02-16 10:35:11,839 [INFO] Got command from the client 'session,2022-02-16_10-13-35,stop,testing'
ptd-server 2022-02-16 10:35:21,850 [INFO] Sending to ptd: 'Stop'
ptd-server 2022-02-16 10:35:21,850 [INFO] Reply from ptd: 'Stopping untimed measurement'
ptd-server 2022-02-16 10:35:21,862 [INFO] Sending reply to client 'OK'
ptd-server 2022-02-16 10:35:21,884 [INFO] Got command from the client 'session,2022-02-16_10-13-35,done'
ptd-server 2022-02-16 10:35:21,885 [INFO] Sending to ptd: 'Stop'
ptd-server 2022-02-16 10:35:21,908 [INFO] Reply from ptd: 'Error: no measurement to stop'
ptd-server 2022-02-16 10:35:21,908 [INFO] Sending to ptd: 'SR,V,300.000000'
ptd-server 2022-02-16 10:35:23,409 [INFO] Reply from ptd: 'Range V changed'
ptd-server 2022-02-16 10:35:23,409 [INFO] Sending to ptd: 'SR,A,0.500000'
ptd-server 2022-02-16 10:35:24,911 [INFO] Reply from ptd: 'Range A changed'
ptd-server 2022-02-16 10:35:24,911 [INFO] Set initial values for Amps 0.500000 and Volts 300.000000
ptd-server 2022-02-16 10:35:24,912 [INFO] Stopping ptd...
