ptd-server 2022-02-21 09:32:34,501 [INFO] Got command from the client 'time'
ptd-server 2022-02-21 09:32:34,501 [INFO] Sending reply to client '1645435954.5018432'
ptd-server 2022-02-21 09:32:34,503 [INFO] Got command from the client 'new,,bfb78c29-49c1-416e-bd0a-0e62026688fa'
ptd-server 2022-02-21 09:32:34,503 [INFO] Sending reply to client 'OK 2022-02-21_09-32-34,c8623cc6-185b-4bab-94dc-2395f627109c'
ptd-server 2022-02-21 09:32:34,539 [INFO] Got command from the client 'time'
ptd-server 2022-02-21 09:32:34,539 [INFO] Sending reply to client '1645435954.5393503'
ptd-server 2022-02-21 09:32:34,540 [INFO] Got command from the client 'session,2022-02-21_09-32-34,start,ranging'
ptd-server 2022-02-21 09:32:34,540 [INFO] Running PTDaemon: ['/home/anton/projects/mlperf/power/inference_v1.0/ptd-linux-x86', '-l', '/tmp/tmpgldyt7rr/ptd_logfile.txt', '-p', '8888', '49', '/dev/usbtmc0']
ptd-server 2022-02-21 09:32:51,714 [INFO] Sending to ptd: 'Hello'
ptd-server 2022-02-21 09:32:51,714 [INFO] Reply from ptd: 'Hello, PTDaemon here!'
ptd-server 2022-02-21 09:32:51,715 [INFO] Sending to ptd: 'Identify'
ptd-server 2022-02-21 09:32:51,715 [INFO] Reply from ptd: 'YokogawaWT310E,1000,1,1,1,1,0,1,1,version=1.9.2-e8c7a49a-20201208,OS=Linux 5.13.0-28-generic #31~20.04.1-Ubuntu SMP Wed Jan 19 14:08:10 UTC 2022 x86_64,mode=power,1,1,1,0,0,no_cal_date,YOKOGAWA;WT310E;C3XA04010E;F1.04'
ptd-server 2022-02-21 09:32:51,715 [INFO] Connected to PTDaemon
ptd-server 2022-02-21 09:32:51,715 [INFO] Sending to ptd: 'RR'
ptd-server 2022-02-21 09:32:51,715 [INFO] Reply from ptd: 'Ranges,0,0.500000,0,300.000000'
ptd-server 2022-02-21 09:32:51,716 [INFO] Initial range for Amps is 0.500000 for Volts is 300.000000
ptd-server 2022-02-21 09:32:51,716 [INFO] Sending to ptd: 'SR,V,Auto'
ptd-server 2022-02-21 09:32:52,218 [INFO] Reply from ptd: 'Range V changed'
ptd-server 2022-02-21 09:32:52,218 [INFO] Sending to ptd: 'SR,A,Auto'
ptd-server 2022-02-21 09:32:52,721 [INFO] Reply from ptd: 'Range A changed'
ptd-server 2022-02-21 09:33:02,731 [INFO] Starting ranging mode
ptd-server 2022-02-21 09:33:02,731 [INFO] Sending to ptd: 'Go,1000,0,2022-02-21_09-32-34_ranging'
ptd-server 2022-02-21 09:33:02,732 [INFO] Reply from ptd: 'Starting untimed measurement, maximum 500000 samples at 1000ms with 0 rampup samples'
ptd-server 2022-02-21 09:33:02,732 [INFO] Sending reply to client 'OK'
ptd-server 2022-02-21 09:43:24,273 [INFO] Got command from the client 'session,2022-02-21_09-32-34,stop,ranging'
ptd-server 2022-02-21 09:43:34,284 [INFO] Sending to ptd: 'Stop'
ptd-server 2022-02-21 09:43:34,284 [INFO] Reply from ptd: 'Stopping untimed measurement'
ptd-server 2022-02-21 09:43:34,871 [INFO] Sending reply to client 'OK'
ptd-server 2022-02-21 09:43:34,943 [INFO] Got command from the client 'time'
ptd-server 2022-02-21 09:43:34,943 [INFO] Sending reply to client '1645436614.9439006'
ptd-server 2022-02-21 09:43:34,945 [INFO] Got command from the client 'session,2022-02-21_09-32-34,start,testing'
ptd-server 2022-02-21 09:43:34,945 [INFO] Sending to ptd: 'SR,V,250.390000'
ptd-server 2022-02-21 09:43:36,446 [INFO] Reply from ptd: 'Range V changed'
ptd-server 2022-02-21 09:43:36,447 [INFO] Sending to ptd: 'SR,A,0.065330'
ptd-server 2022-02-21 09:43:37,948 [INFO] Reply from ptd: 'Range A changed'
ptd-server 2022-02-21 09:43:47,958 [INFO] Starting testing mode
ptd-server 2022-02-21 09:43:47,959 [INFO] Sending to ptd: 'Go,1000,0,2022-02-21_09-32-34_testing'
ptd-server 2022-02-21 09:43:47,959 [INFO] Reply from ptd: 'Starting untimed measurement, maximum 500000 samples at 1000ms with 0 rampup samples'
ptd-server 2022-02-21 09:43:47,959 [INFO] Sending reply to client 'OK'
ptd-server 2022-02-21 09:54:10,180 [INFO] Got command from the client 'session,2022-02-21_09-32-34,stop,testing'
ptd-server 2022-02-21 09:54:20,190 [INFO] Sending to ptd: 'Stop'
ptd-server 2022-02-21 09:54:20,191 [INFO] Reply from ptd: 'Stopping untimed measurement'
ptd-server 2022-02-21 09:54:20,493 [INFO] Sending reply to client 'OK'
ptd-server 2022-02-21 09:54:20,515 [INFO] Got command from the client 'session,2022-02-21_09-32-34,done'
ptd-server 2022-02-21 09:54:20,515 [INFO] Sending to ptd: 'Stop'
ptd-server 2022-02-21 09:54:20,959 [INFO] Reply from ptd: 'Error: no measurement to stop'
ptd-server 2022-02-21 09:54:20,960 [INFO] Sending to ptd: 'SR,V,300.000000'
ptd-server 2022-02-21 09:54:22,461 [INFO] Reply from ptd: 'Range V changed'
ptd-server 2022-02-21 09:54:22,461 [INFO] Sending to ptd: 'SR,A,0.500000'
ptd-server 2022-02-21 09:54:23,963 [INFO] Reply from ptd: 'Range A changed'
ptd-server 2022-02-21 09:54:23,963 [INFO] Set initial values for Amps 0.500000 and Volts 300.000000
ptd-server 2022-02-21 09:54:23,963 [INFO] Stopping ptd...
