client 2022-02-23 16:32:47,303 [INFO] Sending command to the server: 'mlcommons/power client v3'
client 2022-02-23 16:32:47,305 [INFO] Got response: 'mlcommons/power server v3'
client 2022-02-23 16:32:47,305 [INFO] Sending command to the server: 'stop'
client 2022-02-23 16:32:47,308 [INFO] Got response: 'OK'
client 2022-02-23 16:32:47,308 [INFO] Synchronizing with the server and with ib-01.dc4-in.nvidia.com...
client 2022-02-23 16:32:47,521 [INFO] NTP:offset = -0.002 s, delay = 0.208 s 
client 2022-02-23 16:32:47,522 [INFO] Sending command to the server: 'time'
client 2022-02-23 16:32:47,529 [INFO] Got response: '1645662767.3524082'
client 2022-02-23 16:32:47,529 [INFO] The time difference between the client and the server is within range 169.572 ms..176.968 ms
client 2022-02-23 16:32:47,529 [INFO] Sending command to the server: 'new,,77722b69-59f1-460c-a8fd-a93ed06a4bb1'
client 2022-02-23 16:32:47,531 [INFO] Got response: 'OK 2022-02-23_16-32-47,340d9d95-5af6-4b7b-a26e-f66b87a152ba'
client 2022-02-23 16:32:47,531 [INFO] Session id is '2022-02-23_16-32-47'
client 2022-02-23 16:32:47,531 [INFO] Sources: {"sources": {"__init__.py": "da39a3ee5e6b4b0d3255bfef95601890afd80709", "client.py": "33ca4f26368777ac06e01f9567b714a4b8063886", "lib/__init__.py": "da39a3ee5e6b4b0d3255bfef95601890afd80709", "lib/client.py": "4c2b78fb4849a7e5b584ef792d82aaed20b17f57", "lib/common.py": "624d0c0acc7c39aaff3674f0b99d6a09da53d1dc", "lib/external/__init__.py": "da39a3ee5e6b4b0d3255bfef95601890afd80709", "lib/external/ntplib.py": "4da8f970656505a40483206ef2b5d3dd5e81711d", "lib/server.py": "59c9fb92908260d3e9f81a895c7aa009742275e4", "lib/source_hashes.py": "60a2e02193209e8d392803326208d5466342da18", "lib/summary.py": "aa92f0a3f975eecd44d3c0cd0236342ccc9f941d", "lib/time_sync.py": "3210db56eb0ff0df57bf4293dc4d4b03fffd46f1", "server.py": "c3f90f2f7eeb4db30727556d0c815ebc89b3d28b", "tests/unit/__init__.py": "da39a3ee5e6b4b0d3255bfef95601890afd80709", "tests/unit/test_server.py": "99ae15aef722f2000ee6ed1ae1523637bf1ae42b", "tests/unit/test_source_hashes.py": "00468a2907583c593e6574a1f6b404e4651c221a"}, "modules": {"ptd_client_server.lib.client": "lib/client.py", "ptd_client_server.lib.common": "lib/common.py", "ptd_client_server.lib.external.ntplib": "lib/external/ntplib.py", "ptd_client_server.lib.source_hashes": "lib/source_hashes.py", "ptd_client_server.lib.summary": "lib/summary.py", "ptd_client_server.lib.time_sync": "lib/time_sync.py"}}
client 2022-02-23 16:32:47,535 [INFO] Running workload in ranging mode
client 2022-02-23 16:32:47,535 [INFO] Synchronizing with the server and with ib-01.dc4-in.nvidia.com...
client 2022-02-23 16:32:47,744 [INFO] NTP:offset = -0.002 s, delay = 0.206 s 
client 2022-02-23 16:32:47,744 [INFO] Sending command to the server: 'time'
client 2022-02-23 16:32:47,751 [INFO] Got response: '1645662767.571105'
client 2022-02-23 16:32:47,751 [INFO] The time difference between the client and the server is within range 173.226 ms..180.529 ms
client 2022-02-23 16:32:47,751 [INFO] Sending command to the server: 'session,2022-02-23_16-32-47,start,ranging'
client 2022-02-23 16:33:26,401 [INFO] Got response: 'OK'
client 2022-02-23 16:33:26,401 [INFO] Running the workload 'LOG_DIR=/work/build/power_logs_temp python3 code/main.py --benchmarks=ssd-resnet34 --scenarios=Offline --test_mode=PerformanceOnly --config_ver=maxq --action="run_harness" \\\n\t\t2>&1 | tee -a /work/build/power_logs/2022.02.23-16.32.05/stdout.txt \\\n\t\t&& if [ ! -d /work/build/power_logs/2022.02.23-16.32.05/ranging_tmp ]; \\\n\t\t\tthen mkdir /work/build/power_logs/2022.02.23-16.32.05/ranging_tmp \\\n\t\t\t\t&& mv /work/build/power_logs_temp/* /work/build/power_logs/2022.02.23-16.32.05/ranging_tmp/ \\\n\t\t\t\t&& cp -v /work/build/power_logs/2022.02.23-16.32.05/ranging_tmp/*/*/*/mlperf_log_detail.txt /work/build/power_logs_temp/ \\\n\t\t\t\t&& cp -v /work/build/power_logs/2022.02.23-16.32.05/ranging_tmp/*/*/*/mlperf_log_summary.txt /work/build/power_logs_temp/; \\\n\t\t\telse mkdir /work/build/power_logs/2022.02.23-16.32.05/testing_tmp \\\n\t\t\t\t&& mv /work/build/power_logs_temp/* /work/build/power_logs/2022.02.23-16.32.05/testing_tmp/ \\\n\t\t\t\t&& cp -v /work/build/power_logs/2022.02.23-16.32.05/testing_tmp/*/*/*/mlperf_log_detail.txt /work/build/power_logs_temp/ \\\n\t\t\t\t&& cp -v /work/build/power_logs/2022.02.23-16.32.05/testing_tmp/*/*/*/mlperf_log_summary.txt /work/build/power_logs_temp/; fi'
client 2022-02-23 16:45:23,111 [INFO] Sending command to the server: 'session,2022-02-23_16-32-47,stop,ranging'
client 2022-02-23 16:45:33,162 [INFO] Got response: 'OK'
client 2022-02-23 16:45:33,180 [INFO] Copying loadgen logs from '/work/build/power_logs_temp' to '/work/build/power_logs/2022.02.23-16.32.05/2022-02-23_16-32-47/ranging'
client 2022-02-23 16:45:33,201 [INFO] Running workload in testing mode
client 2022-02-23 16:45:33,201 [INFO] Synchronizing with the server and with ib-01.dc4-in.nvidia.com...
client 2022-02-23 16:45:33,407 [INFO] NTP:offset = -0.000 s, delay = 0.204 s 
client 2022-02-23 16:45:33,407 [INFO] Sending command to the server: 'time'
client 2022-02-23 16:45:33,409 [INFO] Got response: '1645663533.2319047'
client 2022-02-23 16:45:33,409 [INFO] The time difference between the client and the server is within range 175.522 ms..177.561 ms
client 2022-02-23 16:45:33,409 [INFO] Sending command to the server: 'session,2022-02-23_16-32-47,start,testing'
client 2022-02-23 16:45:55,144 [INFO] Got response: 'OK'
client 2022-02-23 16:45:55,144 [INFO] Running the workload 'LOG_DIR=/work/build/power_logs_temp python3 code/main.py --benchmarks=ssd-resnet34 --scenarios=Offline --test_mode=PerformanceOnly --config_ver=maxq --action="run_harness" \\\n\t\t2>&1 | tee -a /work/build/power_logs/2022.02.23-16.32.05/stdout.txt \\\n\t\t&& if [ ! -d /work/build/power_logs/2022.02.23-16.32.05/ranging_tmp ]; \\\n\t\t\tthen mkdir /work/build/power_logs/2022.02.23-16.32.05/ranging_tmp \\\n\t\t\t\t&& mv /work/build/power_logs_temp/* /work/build/power_logs/2022.02.23-16.32.05/ranging_tmp/ \\\n\t\t\t\t&& cp -v /work/build/power_logs/2022.02.23-16.32.05/ranging_tmp/*/*/*/mlperf_log_detail.txt /work/build/power_logs_temp/ \\\n\t\t\t\t&& cp -v /work/build/power_logs/2022.02.23-16.32.05/ranging_tmp/*/*/*/mlperf_log_summary.txt /work/build/power_logs_temp/; \\\n\t\t\telse mkdir /work/build/power_logs/2022.02.23-16.32.05/testing_tmp \\\n\t\t\t\t&& mv /work/build/power_logs_temp/* /work/build/power_logs/2022.02.23-16.32.05/testing_tmp/ \\\n\t\t\t\t&& cp -v /work/build/power_logs/2022.02.23-16.32.05/testing_tmp/*/*/*/mlperf_log_detail.txt /work/build/power_logs_temp/ \\\n\t\t\t\t&& cp -v /work/build/power_logs/2022.02.23-16.32.05/testing_tmp/*/*/*/mlperf_log_summary.txt /work/build/power_logs_temp/; fi'
client 2022-02-23 16:57:54,746 [INFO] Sending command to the server: 'session,2022-02-23_16-32-47,stop,testing'
client 2022-02-23 16:58:04,795 [INFO] Got response: 'OK'
client 2022-02-23 16:58:04,809 [INFO] Copying loadgen logs from '/work/build/power_logs_temp' to '/work/build/power_logs/2022.02.23-16.32.05/2022-02-23_16-32-47/run_1'
client 2022-02-23 16:58:04,830 [INFO] Done runs
