ptd-server 2022-02-17 20:48:07,795 [INFO] Got command from the client 'time'
ptd-server 2022-02-17 20:48:07,795 [INFO] Sending reply to client '1645130887.795204'
ptd-server 2022-02-17 20:48:07,797 [INFO] Got command from the client 'new,,d4c1559e-12f8-4f04-8c4a-8a59c4e923cd'
ptd-server 2022-02-17 20:48:07,798 [INFO] Sending reply to client 'OK 2022-02-17_20-48-07,19a92cfc-d0c8-4d87-a9b3-56c3b5789b81'
ptd-server 2022-02-17 20:48:07,843 [INFO] Got command from the client 'time'
ptd-server 2022-02-17 20:48:07,844 [INFO] Sending reply to client '1645130887.8440857'
ptd-server 2022-02-17 20:48:07,846 [INFO] Got command from the client 'session,2022-02-17_20-48-07,start,ranging'
ptd-server 2022-02-17 20:48:07,846 [INFO] Running PTDaemon: ['/home/anton/projects/mlperf/power/inference_v1.0/ptd-linux-x86', '-l', '/tmp/tmpgldyt7rr/ptd_logfile.txt', '-p', '8888', '49', '/dev/usbtmc0']
ptd-server 2022-02-17 20:48:25,020 [INFO] Sending to ptd: 'Hello'
ptd-server 2022-02-17 20:48:25,021 [INFO] Reply from ptd: 'Hello, PTDaemon here!'
ptd-server 2022-02-17 20:48:25,021 [INFO] Sending to ptd: 'Identify'
ptd-server 2022-02-17 20:48:25,021 [INFO] Reply from ptd: 'YokogawaWT310E,1000,1,1,1,1,0,1,1,version=1.9.2-e8c7a49a-20201208,OS=Linux 5.13.0-28-generic #31~20.04.1-Ubuntu SMP Wed Jan 19 14:08:10 UTC 2022 x86_64,mode=power,1,1,1,0,0,no_cal_date,YOKOGAWA;WT310E;C3XA04010E;F1.04'
ptd-server 2022-02-17 20:48:25,021 [INFO] Connected to PTDaemon
ptd-server 2022-02-17 20:48:25,021 [INFO] Sending to ptd: 'RR'
ptd-server 2022-02-17 20:48:25,022 [INFO] Reply from ptd: 'Ranges,0,0.500000,0,300.000000'
ptd-server 2022-02-17 20:48:25,022 [INFO] Initial range for Amps is 0.500000 for Volts is 300.000000
ptd-server 2022-02-17 20:48:25,022 [INFO] Sending to ptd: 'SR,V,Auto'
ptd-server 2022-02-17 20:48:25,524 [INFO] Reply from ptd: 'Range V changed'
ptd-server 2022-02-17 20:48:25,525 [INFO] Sending to ptd: 'SR,A,Auto'
ptd-server 2022-02-17 20:48:26,027 [INFO] Reply from ptd: 'Range A changed'
ptd-server 2022-02-17 20:48:36,037 [INFO] Starting ranging mode
ptd-server 2022-02-17 20:48:36,037 [INFO] Sending to ptd: 'Go,1000,0,2022-02-17_20-48-07_ranging'
ptd-server 2022-02-17 20:48:36,038 [INFO] Reply from ptd: 'Starting untimed measurement, maximum 500000 samples at 1000ms with 0 rampup samples'
ptd-server 2022-02-17 20:48:36,038 [INFO] Sending reply to client 'OK'
ptd-server 2022-02-17 21:00:52,481 [INFO] Got command from the client 'session,2022-02-17_20-48-07,stop,ranging'
ptd-server 2022-02-17 21:01:02,491 [INFO] Sending to ptd: 'Stop'
ptd-server 2022-02-17 21:01:02,492 [INFO] Reply from ptd: 'Stopping untimed measurement'
ptd-server 2022-02-17 21:01:02,699 [INFO] Sending reply to client 'OK'
ptd-server 2022-02-17 21:01:02,866 [INFO] Got command from the client 'time'
ptd-server 2022-02-17 21:01:02,866 [INFO] Sending reply to client '1645131662.8669116'
ptd-server 2022-02-17 21:01:02,871 [INFO] Got command from the client 'session,2022-02-17_20-48-07,start,testing'
ptd-server 2022-02-17 21:01:02,871 [INFO] Sending to ptd: 'SR,V,250.650000'
ptd-server 2022-02-17 21:01:04,539 [INFO] Reply from ptd: 'Range V changed'
ptd-server 2022-02-17 21:01:04,539 [INFO] Sending to ptd: 'SR,A,0.203060'
ptd-server 2022-02-17 21:01:06,041 [INFO] Reply from ptd: 'Range A changed'
ptd-server 2022-02-17 21:01:16,048 [INFO] Starting testing mode
ptd-server 2022-02-17 21:01:16,048 [INFO] Sending to ptd: 'Go,1000,0,2022-02-17_20-48-07_testing'
ptd-server 2022-02-17 21:01:16,048 [INFO] Reply from ptd: 'Starting untimed measurement, maximum 500000 samples at 1000ms with 0 rampup samples'
ptd-server 2022-02-17 21:01:16,049 [INFO] Sending reply to client 'OK'
ptd-server 2022-02-17 21:13:35,209 [INFO] Got command from the client 'session,2022-02-17_20-48-07,stop,testing'
ptd-server 2022-02-17 21:13:45,219 [INFO] Sending to ptd: 'Stop'
ptd-server 2022-02-17 21:13:45,220 [INFO] Reply from ptd: 'Stopping untimed measurement'
ptd-server 2022-02-17 21:13:45,334 [INFO] Sending reply to client 'OK'
ptd-server 2022-02-17 21:13:45,398 [INFO] Got command from the client 'session,2022-02-17_20-48-07,done'
ptd-server 2022-02-17 21:13:45,399 [INFO] Sending to ptd: 'Stop'
ptd-server 2022-02-17 21:13:46,048 [INFO] Reply from ptd: 'Error: no measurement to stop'
ptd-server 2022-02-17 21:13:46,049 [INFO] Sending to ptd: 'SR,V,300.000000'
ptd-server 2022-02-17 21:13:47,550 [INFO] Reply from ptd: 'Range V changed'
ptd-server 2022-02-17 21:13:47,550 [INFO] Sending to ptd: 'SR,A,0.500000'
ptd-server 2022-02-17 21:13:49,051 [INFO] Reply from ptd: 'Range A changed'
ptd-server 2022-02-17 21:13:49,051 [INFO] Set initial values for Amps 0.500000 and Volts 300.000000
ptd-server 2022-02-17 21:13:49,052 [INFO] Stopping ptd...
