ptd-server 2022-02-15 04:16:59,320 [INFO] Got command from the client 'time'
ptd-server 2022-02-15 04:16:59,321 [INFO] Sending reply to client '1644898619.3209853'
ptd-server 2022-02-15 04:16:59,322 [INFO] Got command from the client 'new,,8e829be4-fb96-4a12-af0b-3076d9ccf1b6'
ptd-server 2022-02-15 04:16:59,323 [INFO] Sending reply to client 'OK 2022-02-15_04-16-59,730d57f5-7fe4-4a58-b242-2af9a192bc2b'
ptd-server 2022-02-15 04:16:59,360 [INFO] Got command from the client 'time'
ptd-server 2022-02-15 04:16:59,360 [INFO] Sending reply to client '1644898619.3602414'
ptd-server 2022-02-15 04:16:59,362 [INFO] Got command from the client 'session,2022-02-15_04-16-59,start,ranging'
ptd-server 2022-02-15 04:16:59,362 [INFO] Running PTDaemon: ['/home/anton/projects/mlperf/power/inference_v1.0/ptd-linux-x86', '-l', '/tmp/tmpxvec0g6h/ptd_logfile.txt', '-p', '8888', '49', '/dev/usbtmc0']
ptd-server 2022-02-15 04:17:16,535 [INFO] Sending to ptd: 'Hello'
ptd-server 2022-02-15 04:17:16,535 [INFO] Reply from ptd: 'Hello, PTDaemon here!'
ptd-server 2022-02-15 04:17:16,535 [INFO] Sending to ptd: 'Identify'
ptd-server 2022-02-15 04:17:16,536 [INFO] Reply from ptd: 'YokogawaWT310E,1000,1,1,1,1,0,1,1,version=1.9.2-e8c7a49a-20201208,OS=Linux 5.13.0-27-generic #29~20.04.1-Ubuntu SMP Fri Jan 14 00:32:30 UTC 2022 x86_64,mode=power,1,1,1,0,0,no_cal_date,YOKOGAWA;WT310E;C3XA04010E;F1.04'
ptd-server 2022-02-15 04:17:16,536 [INFO] Connected to PTDaemon
ptd-server 2022-02-15 04:17:16,536 [INFO] Sending to ptd: 'RR'
ptd-server 2022-02-15 04:17:16,536 [INFO] Reply from ptd: 'Ranges,0,0.500000,0,300.000000'
ptd-server 2022-02-15 04:17:16,536 [INFO] Initial range for Amps is 0.500000 for Volts is 300.000000
ptd-server 2022-02-15 04:17:16,536 [INFO] Sending to ptd: 'SR,V,Auto'
ptd-server 2022-02-15 04:17:17,039 [INFO] Reply from ptd: 'Range V changed'
ptd-server 2022-02-15 04:17:17,039 [INFO] Sending to ptd: 'SR,A,Auto'
ptd-server 2022-02-15 04:17:17,541 [INFO] Reply from ptd: 'Range A changed'
ptd-server 2022-02-15 04:17:27,552 [INFO] Starting ranging mode
ptd-server 2022-02-15 04:17:27,552 [INFO] Sending to ptd: 'Go,1000,0,2022-02-15_04-16-59_ranging'
ptd-server 2022-02-15 04:17:27,552 [INFO] Reply from ptd: 'Starting untimed measurement, maximum 500000 samples at 1000ms with 0 rampup samples'
ptd-server 2022-02-15 04:17:27,553 [INFO] Sending reply to client 'OK'
ptd-server 2022-02-15 04:27:46,874 [INFO] Got command from the client 'session,2022-02-15_04-16-59,stop,ranging'
ptd-server 2022-02-15 04:27:56,884 [INFO] Sending to ptd: 'Stop'
ptd-server 2022-02-15 04:27:56,884 [INFO] Reply from ptd: 'Stopping untimed measurement'
ptd-server 2022-02-15 04:27:57,698 [INFO] Sending reply to client 'OK'
ptd-server 2022-02-15 04:27:57,748 [INFO] Got command from the client 'time'
ptd-server 2022-02-15 04:27:57,749 [INFO] Sending reply to client '1644899277.7490528'
ptd-server 2022-02-15 04:27:57,751 [INFO] Got command from the client 'session,2022-02-15_04-16-59,start,testing'
ptd-server 2022-02-15 04:27:57,751 [INFO] Sending to ptd: 'SR,V,249.300000'
ptd-server 2022-02-15 04:27:59,252 [INFO] Reply from ptd: 'Range V changed'
ptd-server 2022-02-15 04:27:59,252 [INFO] Sending to ptd: 'SR,A,0.180290'
ptd-server 2022-02-15 04:28:00,754 [INFO] Reply from ptd: 'Range A changed'
ptd-server 2022-02-15 04:28:10,764 [INFO] Starting testing mode
ptd-server 2022-02-15 04:28:10,764 [INFO] Sending to ptd: 'Go,1000,0,2022-02-15_04-16-59_testing'
ptd-server 2022-02-15 04:28:10,764 [INFO] Reply from ptd: 'Starting untimed measurement, maximum 500000 samples at 1000ms with 0 rampup samples'
ptd-server 2022-02-15 04:28:10,765 [INFO] Sending reply to client 'OK'
ptd-server 2022-02-15 04:38:29,985 [INFO] Got command from the client 'session,2022-02-15_04-16-59,stop,testing'
ptd-server 2022-02-15 04:38:39,996 [INFO] Sending to ptd: 'Stop'
ptd-server 2022-02-15 04:38:39,996 [INFO] Reply from ptd: 'Stopping untimed measurement'
ptd-server 2022-02-15 04:38:40,408 [INFO] Sending reply to client 'OK'
ptd-server 2022-02-15 04:38:40,427 [INFO] Got command from the client 'session,2022-02-15_04-16-59,done'
ptd-server 2022-02-15 04:38:40,427 [INFO] Sending to ptd: 'Stop'
ptd-server 2022-02-15 04:38:40,764 [INFO] Reply from ptd: 'Error: no measurement to stop'
ptd-server 2022-02-15 04:38:40,765 [INFO] Sending to ptd: 'SR,V,300.000000'
ptd-server 2022-02-15 04:38:42,266 [INFO] Reply from ptd: 'Range V changed'
ptd-server 2022-02-15 04:38:42,266 [INFO] Sending to ptd: 'SR,A,0.500000'
ptd-server 2022-02-15 04:38:43,767 [INFO] Reply from ptd: 'Range A changed'
ptd-server 2022-02-15 04:38:43,768 [INFO] Set initial values for Amps 0.500000 and Volts 300.000000
ptd-server 2022-02-15 04:38:43,768 [INFO] Stopping ptd...
