ptd-server 2022-02-15 00:42:52,001 [INFO] Got command from the client 'time'
ptd-server 2022-02-15 00:42:52,002 [INFO] Sending reply to client '1644885772.0020247'
ptd-server 2022-02-15 00:42:52,004 [INFO] Got command from the client 'new,,7cf699c5-6de7-45f8-8ad4-9a9026bd1937'
ptd-server 2022-02-15 00:42:52,005 [INFO] Sending reply to client 'OK 2022-02-15_00-42-52,a6859b23-cc9a-4a72-90b4-9ce66ac66d06'
ptd-server 2022-02-15 00:42:52,042 [INFO] Got command from the client 'time'
ptd-server 2022-02-15 00:42:52,042 [INFO] Sending reply to client '1644885772.0425556'
ptd-server 2022-02-15 00:42:52,044 [INFO] Got command from the client 'session,2022-02-15_00-42-52,start,ranging'
ptd-server 2022-02-15 00:42:52,045 [INFO] Running PTDaemon: ['/home/anton/projects/mlperf/power/inference_v1.0/ptd-linux-x86', '-l', '/tmp/tmpxvec0g6h/ptd_logfile.txt', '-p', '8888', '49', '/dev/usbtmc0']
ptd-server 2022-02-15 00:43:09,217 [INFO] Sending to ptd: 'Hello'
ptd-server 2022-02-15 00:43:09,218 [INFO] Reply from ptd: 'Hello, PTDaemon here!'
ptd-server 2022-02-15 00:43:09,218 [INFO] Sending to ptd: 'Identify'
ptd-server 2022-02-15 00:43:09,219 [INFO] Reply from ptd: 'YokogawaWT310E,1000,1,1,1,1,0,1,1,version=1.9.2-e8c7a49a-20201208,OS=Linux 5.13.0-27-generic #29~20.04.1-Ubuntu SMP Fri Jan 14 00:32:30 UTC 2022 x86_64,mode=power,1,1,1,0,0,no_cal_date,YOKOGAWA;WT310E;C3XA04010E;F1.04'
ptd-server 2022-02-15 00:43:09,219 [INFO] Connected to PTDaemon
ptd-server 2022-02-15 00:43:09,219 [INFO] Sending to ptd: 'RR'
ptd-server 2022-02-15 00:43:09,219 [INFO] Reply from ptd: 'Ranges,0,0.500000,0,300.000000'
ptd-server 2022-02-15 00:43:09,219 [INFO] Initial range for Amps is 0.500000 for Volts is 300.000000
ptd-server 2022-02-15 00:43:09,219 [INFO] Sending to ptd: 'SR,V,Auto'
ptd-server 2022-02-15 00:43:09,722 [INFO] Reply from ptd: 'Range V changed'
ptd-server 2022-02-15 00:43:09,722 [INFO] Sending to ptd: 'SR,A,Auto'
ptd-server 2022-02-15 00:43:10,225 [INFO] Reply from ptd: 'Range A changed'
ptd-server 2022-02-15 00:43:20,235 [INFO] Starting ranging mode
ptd-server 2022-02-15 00:43:20,235 [INFO] Sending to ptd: 'Go,1000,0,2022-02-15_00-42-52_ranging'
ptd-server 2022-02-15 00:43:20,235 [INFO] Reply from ptd: 'Starting untimed measurement, maximum 500000 samples at 1000ms with 0 rampup samples'
ptd-server 2022-02-15 00:43:20,236 [INFO] Sending reply to client 'OK'
ptd-server 2022-02-15 00:53:39,767 [INFO] Got command from the client 'session,2022-02-15_00-42-52,stop,ranging'
ptd-server 2022-02-15 00:53:49,777 [INFO] Sending to ptd: 'Stop'
ptd-server 2022-02-15 00:53:49,777 [INFO] Reply from ptd: 'Stopping untimed measurement'
ptd-server 2022-02-15 00:53:50,576 [INFO] Sending reply to client 'OK'
ptd-server 2022-02-15 00:53:50,649 [INFO] Got command from the client 'time'
ptd-server 2022-02-15 00:53:50,649 [INFO] Sending reply to client '1644886430.649474'
ptd-server 2022-02-15 00:53:50,652 [INFO] Got command from the client 'session,2022-02-15_00-42-52,start,testing'
ptd-server 2022-02-15 00:53:50,652 [INFO] Sending to ptd: 'SR,V,250.360000'
ptd-server 2022-02-15 00:53:52,153 [INFO] Reply from ptd: 'Range V changed'
ptd-server 2022-02-15 00:53:52,154 [INFO] Sending to ptd: 'SR,A,0.175650'
ptd-server 2022-02-15 00:53:53,655 [INFO] Reply from ptd: 'Range A changed'
ptd-server 2022-02-15 00:54:03,665 [INFO] Starting testing mode
ptd-server 2022-02-15 00:54:03,665 [INFO] Sending to ptd: 'Go,1000,0,2022-02-15_00-42-52_testing'
ptd-server 2022-02-15 00:54:03,666 [INFO] Reply from ptd: 'Starting untimed measurement, maximum 500000 samples at 1000ms with 0 rampup samples'
ptd-server 2022-02-15 00:54:03,666 [INFO] Sending reply to client 'OK'
ptd-server 2022-02-15 01:04:23,066 [INFO] Got command from the client 'session,2022-02-15_00-42-52,stop,testing'
ptd-server 2022-02-15 01:04:33,077 [INFO] Sending to ptd: 'Stop'
ptd-server 2022-02-15 01:04:33,077 [INFO] Reply from ptd: 'Stopping untimed measurement'
ptd-server 2022-02-15 01:04:33,482 [INFO] Sending reply to client 'OK'
ptd-server 2022-02-15 01:04:33,501 [INFO] Got command from the client 'session,2022-02-15_00-42-52,done'
ptd-server 2022-02-15 01:04:33,501 [INFO] Sending to ptd: 'Stop'
ptd-server 2022-02-15 01:04:33,667 [INFO] Reply from ptd: 'Error: no measurement to stop'
ptd-server 2022-02-15 01:04:33,667 [INFO] Sending to ptd: 'SR,V,300.000000'
ptd-server 2022-02-15 01:04:35,168 [INFO] Reply from ptd: 'Range V changed'
ptd-server 2022-02-15 01:04:35,168 [INFO] Sending to ptd: 'SR,A,0.500000'
ptd-server 2022-02-15 01:04:36,670 [INFO] Reply from ptd: 'Range A changed'
ptd-server 2022-02-15 01:04:36,670 [INFO] Set initial values for Amps 0.500000 and Volts 300.000000
ptd-server 2022-02-15 01:04:36,671 [INFO] Stopping ptd...
