ptd-server 2022-02-12 07:32:56,125 [INFO] Got command from the client 'stop'
ptd-server 2022-02-12 07:32:56,125 [INFO] The server will be stopped after processing this client
ptd-server 2022-02-12 07:32:56,125 [INFO] Sending reply to client 'OK'
ptd-server 2022-02-12 07:32:56,360 [INFO] Got command from the client 'time'
ptd-server 2022-02-12 07:32:56,360 [INFO] Sending reply to client '1644679976.3604038'
ptd-server 2022-02-12 07:32:56,360 [INFO] Got command from the client 'new,,47d1512b-8a26-4ffa-8db4-fc44e30d7ba3'
ptd-server 2022-02-12 07:32:56,376 [INFO] Sending reply to client 'OK 2022-02-12_07-32-56,e8e6aca9-dd62-41f8-bda4-69b11bf8a819'
ptd-server 2022-02-12 07:32:56,597 [INFO] Got command from the client 'time'
ptd-server 2022-02-12 07:32:56,597 [INFO] Sending reply to client '1644679976.5972102'
ptd-server 2022-02-12 07:32:56,597 [INFO] Got command from the client 'session,2022-02-12_07-32-56,start,ranging'
ptd-server 2022-02-12 07:32:56,697 [INFO] Running PTDaemon: ['C:\\PTD\\ptd-windows-x86.exe', '-l', 'C:\\Users\\lab\\AppData\\Local\\Temp\\tmpmxwm8tzi\\ptd_logfile.txt', '-p', '8888', '-c', '2', '-y', '52', '10.32.209.61']
ptd-server 2022-02-12 07:33:14,248 [INFO] Sending to ptd: 'Hello'
ptd-server 2022-02-12 07:33:14,248 [INFO] Reply from ptd: 'Hello, PTDaemon here!'
ptd-server 2022-02-12 07:33:14,248 [INFO] Sending to ptd: 'Identify'
ptd-server 2022-02-12 07:33:14,248 [INFO] Reply from ptd: 'YokogawaWT330E,1000,1,1,1,1,0,0,1,version=1.9.2-3976349f-20201208,OS=Windows 8 / Server 2012,mode=power,1,1,1,0,0,no_cal_date,YOKOGAWA;WT333E;C2VL22012V;F1.04'
ptd-server 2022-02-12 07:33:14,248 [INFO] Connected to PTDaemon
ptd-server 2022-02-12 07:33:14,248 [INFO] Sending to ptd: 'RR'
ptd-server 2022-02-12 07:33:14,248 [INFO] Reply from ptd: 'Ranges,0,1.000000,0,150.000000'
ptd-server 2022-02-12 07:33:14,248 [INFO] Initial range for Amps is 1.000000 for Volts is 150.000000
ptd-server 2022-02-12 07:33:14,248 [INFO] Sending to ptd: 'SR,V,Auto'
ptd-server 2022-02-12 07:33:14,758 [INFO] Reply from ptd: 'Range V changed'
ptd-server 2022-02-12 07:33:14,758 [INFO] Sending to ptd: 'SR,A,Auto'
ptd-server 2022-02-12 07:33:15,269 [INFO] Reply from ptd: 'Range A changed'
ptd-server 2022-02-12 07:33:25,278 [INFO] Starting ranging mode
ptd-server 2022-02-12 07:33:25,278 [INFO] Sending to ptd: 'Go,1000,0,2022-02-12_07-32-56_ranging'
ptd-server 2022-02-12 07:33:25,278 [INFO] Reply from ptd: 'Starting untimed measurement, maximum 500000 samples at 1000ms with 0 rampup samples'
ptd-server 2022-02-12 07:33:25,278 [INFO] Sending reply to client 'OK'
ptd-server 2022-02-12 07:44:23,405 [INFO] Got command from the client 'session,2022-02-12_07-32-56,stop,ranging'
ptd-server 2022-02-12 07:44:33,415 [INFO] Sending to ptd: 'Stop'
ptd-server 2022-02-12 07:44:33,415 [INFO] Reply from ptd: 'Stopping untimed measurement'
ptd-server 2022-02-12 07:44:33,431 [INFO] Sending reply to client 'OK'
ptd-server 2022-02-12 07:44:33,696 [INFO] Got command from the client 'time'
ptd-server 2022-02-12 07:44:33,696 [INFO] Sending reply to client '1644680673.6969543'
ptd-server 2022-02-12 07:44:33,696 [INFO] Got command from the client 'session,2022-02-12_07-32-56,start,testing'
ptd-server 2022-02-12 07:44:33,696 [INFO] Sending to ptd: 'SR,V,120.300000'
ptd-server 2022-02-12 07:44:35,811 [INFO] Reply from ptd: 'Range V changed'
ptd-server 2022-02-12 07:44:35,811 [INFO] Sending to ptd: 'SR,A,0.322300'
ptd-server 2022-02-12 07:44:37,339 [INFO] Reply from ptd: 'Range A changed'
ptd-server 2022-02-12 07:44:47,355 [INFO] Starting testing mode
ptd-server 2022-02-12 07:44:47,355 [INFO] Sending to ptd: 'Go,1000,0,2022-02-12_07-32-56_testing'
ptd-server 2022-02-12 07:44:47,355 [INFO] Reply from ptd: 'Starting untimed measurement, maximum 500000 samples at 1000ms with 0 rampup samples'
ptd-server 2022-02-12 07:44:47,355 [INFO] Sending reply to client 'OK'
ptd-server 2022-02-12 07:55:38,549 [INFO] Got command from the client 'session,2022-02-12_07-32-56,stop,testing'
ptd-server 2022-02-12 07:55:48,554 [INFO] Sending to ptd: 'Stop'
ptd-server 2022-02-12 07:55:48,554 [INFO] Reply from ptd: 'Stopping untimed measurement'
ptd-server 2022-02-12 07:55:48,569 [INFO] Sending reply to client 'OK'
ptd-server 2022-02-12 07:55:48,616 [INFO] Got command from the client 'session,2022-02-12_07-32-56,done'
ptd-server 2022-02-12 07:55:48,616 [INFO] Sending to ptd: 'Stop'
ptd-server 2022-02-12 07:55:49,367 [INFO] Reply from ptd: 'Error: no measurement to stop'
ptd-server 2022-02-12 07:55:49,367 [INFO] Sending to ptd: 'SR,V,150.000000'
ptd-server 2022-02-12 07:55:50,899 [INFO] Reply from ptd: 'Range V changed'
ptd-server 2022-02-12 07:55:50,899 [INFO] Sending to ptd: 'SR,A,1.000000'
ptd-server 2022-02-12 07:55:52,418 [INFO] Reply from ptd: 'Range A changed'
ptd-server 2022-02-12 07:55:52,418 [INFO] Set initial values for Amps 1.000000 and Volts 150.000000
ptd-server 2022-02-12 07:55:52,418 [INFO] Stopping ptd...
