ptd-server 2022-02-21 17:29:12,100 [INFO] Got command from the client 'time'
ptd-server 2022-02-21 17:29:12,100 [INFO] Sending reply to client '1645464552.100669'
ptd-server 2022-02-21 17:29:12,102 [INFO] Got command from the client 'new,,a34c524c-a46a-4ab1-b4d3-c33cec774b8c'
ptd-server 2022-02-21 17:29:12,102 [INFO] Sending reply to client 'OK 2022-02-21_17-29-12,251a7a31-fad8-42d4-b048-c73fed7fec6e'
ptd-server 2022-02-21 17:29:12,131 [INFO] Got command from the client 'time'
ptd-server 2022-02-21 17:29:12,132 [INFO] Sending reply to client '1645464552.1320066'
ptd-server 2022-02-21 17:29:12,134 [INFO] Got command from the client 'session,2022-02-21_17-29-12,start,ranging'
ptd-server 2022-02-21 17:29:12,134 [INFO] Running PTDaemon: ['/home/anton/projects/mlperf/power/inference_v1.0/ptd-linux-x86', '-l', '/tmp/tmpgldyt7rr/ptd_logfile.txt', '-p', '8888', '49', '/dev/usbtmc0']
ptd-server 2022-02-21 17:29:29,307 [INFO] Sending to ptd: 'Hello'
ptd-server 2022-02-21 17:29:29,308 [INFO] Reply from ptd: 'Hello, PTDaemon here!'
ptd-server 2022-02-21 17:29:29,308 [INFO] Sending to ptd: 'Identify'
ptd-server 2022-02-21 17:29:29,308 [INFO] Reply from ptd: 'YokogawaWT310E,1000,1,1,1,1,0,1,1,version=1.9.2-e8c7a49a-20201208,OS=Linux 5.13.0-28-generic #31~20.04.1-Ubuntu SMP Wed Jan 19 14:08:10 UTC 2022 x86_64,mode=power,1,1,1,0,0,no_cal_date,YOKOGAWA;WT310E;C3XA04010E;F1.04'
ptd-server 2022-02-21 17:29:29,308 [INFO] Connected to PTDaemon
ptd-server 2022-02-21 17:29:29,308 [INFO] Sending to ptd: 'RR'
ptd-server 2022-02-21 17:29:29,309 [INFO] Reply from ptd: 'Ranges,0,0.500000,0,300.000000'
ptd-server 2022-02-21 17:29:29,309 [INFO] Initial range for Amps is 0.500000 for Volts is 300.000000
ptd-server 2022-02-21 17:29:29,309 [INFO] Sending to ptd: 'SR,V,Auto'
ptd-server 2022-02-21 17:29:29,811 [INFO] Reply from ptd: 'Range V changed'
ptd-server 2022-02-21 17:29:29,812 [INFO] Sending to ptd: 'SR,A,Auto'
ptd-server 2022-02-21 17:29:30,314 [INFO] Reply from ptd: 'Range A changed'
ptd-server 2022-02-21 17:29:40,324 [INFO] Starting ranging mode
ptd-server 2022-02-21 17:29:40,325 [INFO] Sending to ptd: 'Go,1000,0,2022-02-21_17-29-12_ranging'
ptd-server 2022-02-21 17:29:40,325 [INFO] Reply from ptd: 'Starting untimed measurement, maximum 500000 samples at 1000ms with 0 rampup samples'
ptd-server 2022-02-21 17:29:40,325 [INFO] Sending reply to client 'OK'
ptd-server 2022-02-21 17:40:02,097 [INFO] Got command from the client 'session,2022-02-21_17-29-12,stop,ranging'
ptd-server 2022-02-21 17:40:12,108 [INFO] Sending to ptd: 'Stop'
ptd-server 2022-02-21 17:40:12,108 [INFO] Reply from ptd: 'Stopping untimed measurement'
ptd-server 2022-02-21 17:40:12,733 [INFO] Sending reply to client 'OK'
ptd-server 2022-02-21 17:40:12,812 [INFO] Got command from the client 'time'
ptd-server 2022-02-21 17:40:12,812 [INFO] Sending reply to client '1645465212.8123863'
ptd-server 2022-02-21 17:40:12,815 [INFO] Got command from the client 'session,2022-02-21_17-29-12,start,testing'
ptd-server 2022-02-21 17:40:12,815 [INFO] Sending to ptd: 'SR,V,247.910000'
ptd-server 2022-02-21 17:40:14,317 [INFO] Reply from ptd: 'Range V changed'
ptd-server 2022-02-21 17:40:14,317 [INFO] Sending to ptd: 'SR,A,0.054880'
ptd-server 2022-02-21 17:40:15,819 [INFO] Reply from ptd: 'Range A changed'
ptd-server 2022-02-21 17:40:25,829 [INFO] Starting testing mode
ptd-server 2022-02-21 17:40:25,829 [INFO] Sending to ptd: 'Go,1000,0,2022-02-21_17-29-12_testing'
ptd-server 2022-02-21 17:40:25,830 [INFO] Reply from ptd: 'Starting untimed measurement, maximum 500000 samples at 1000ms with 0 rampup samples'
ptd-server 2022-02-21 17:40:25,830 [INFO] Sending reply to client 'OK'
ptd-server 2022-02-21 17:50:48,135 [INFO] Got command from the client 'session,2022-02-21_17-29-12,stop,testing'
ptd-server 2022-02-21 17:50:58,145 [INFO] Sending to ptd: 'Stop'
ptd-server 2022-02-21 17:50:58,145 [INFO] Reply from ptd: 'Stopping untimed measurement'
ptd-server 2022-02-21 17:50:58,475 [INFO] Sending reply to client 'OK'
ptd-server 2022-02-21 17:50:58,518 [INFO] Got command from the client 'session,2022-02-21_17-29-12,done'
ptd-server 2022-02-21 17:50:58,518 [INFO] Sending to ptd: 'Stop'
ptd-server 2022-02-21 17:50:58,831 [INFO] Reply from ptd: 'Error: no measurement to stop'
ptd-server 2022-02-21 17:50:58,831 [INFO] Sending to ptd: 'SR,V,300.000000'
ptd-server 2022-02-21 17:51:00,332 [INFO] Reply from ptd: 'Range V changed'
ptd-server 2022-02-21 17:51:00,332 [INFO] Sending to ptd: 'SR,A,0.500000'
ptd-server 2022-02-21 17:51:01,834 [INFO] Reply from ptd: 'Range A changed'
ptd-server 2022-02-21 17:51:01,834 [INFO] Set initial values for Amps 0.500000 and Volts 300.000000
ptd-server 2022-02-21 17:51:01,834 [INFO] Stopping ptd...
