ptd-server 2022-02-23 18:09:06,762 [INFO] Got command from the client 'time'
ptd-server 2022-02-23 18:09:06,762 [INFO] Sending reply to client '1645639746.7622845'
ptd-server 2022-02-23 18:09:06,764 [INFO] Got command from the client 'new,,b415663b-667c-4d82-ae02-fadedb363bb6'
ptd-server 2022-02-23 18:09:06,765 [INFO] Sending reply to client 'OK 2022-02-23_18-09-06,7599f0e7-4bc7-4eb8-8bba-138fa4f53a32'
ptd-server 2022-02-23 18:09:06,801 [INFO] Got command from the client 'time'
ptd-server 2022-02-23 18:09:06,801 [INFO] Sending reply to client '1645639746.801833'
ptd-server 2022-02-23 18:09:06,803 [INFO] Got command from the client 'session,2022-02-23_18-09-06,start,ranging'
ptd-server 2022-02-23 18:09:06,804 [INFO] Running PTDaemon: ['/home/anton/projects/mlperf/power/inference_v1.0/ptd-linux-x86', '-l', '/tmp/tmpgldyt7rr/ptd_logfile.txt', '-p', '8888', '49', '/dev/usbtmc0']
ptd-server 2022-02-23 18:09:23,972 [INFO] Sending to ptd: 'Hello'
ptd-server 2022-02-23 18:09:23,973 [INFO] Reply from ptd: 'Hello, PTDaemon here!'
ptd-server 2022-02-23 18:09:23,973 [INFO] Sending to ptd: 'Identify'
ptd-server 2022-02-23 18:09:23,973 [INFO] Reply from ptd: 'YokogawaWT310E,1000,1,1,1,1,0,1,1,version=1.9.2-e8c7a49a-20201208,OS=Linux 5.13.0-28-generic #31~20.04.1-Ubuntu SMP Wed Jan 19 14:08:10 UTC 2022 x86_64,mode=power,1,1,1,0,0,no_cal_date,YOKOGAWA;WT310E;C3XA04010E;F1.04'
ptd-server 2022-02-23 18:09:23,973 [INFO] Connected to PTDaemon
ptd-server 2022-02-23 18:09:23,974 [INFO] Sending to ptd: 'RR'
ptd-server 2022-02-23 18:09:23,974 [INFO] Reply from ptd: 'Ranges,0,0.500000,0,300.000000'
ptd-server 2022-02-23 18:09:23,974 [INFO] Initial range for Amps is 0.500000 for Volts is 300.000000
ptd-server 2022-02-23 18:09:23,974 [INFO] Sending to ptd: 'SR,V,Auto'
ptd-server 2022-02-23 18:09:24,477 [INFO] Reply from ptd: 'Range V changed'
ptd-server 2022-02-23 18:09:24,477 [INFO] Sending to ptd: 'SR,A,Auto'
ptd-server 2022-02-23 18:09:24,979 [INFO] Reply from ptd: 'Range A changed'
ptd-server 2022-02-23 18:09:34,988 [INFO] Starting ranging mode
ptd-server 2022-02-23 18:09:34,988 [INFO] Sending to ptd: 'Go,1000,0,2022-02-23_18-09-06_ranging'
ptd-server 2022-02-23 18:09:34,988 [INFO] Reply from ptd: 'Starting untimed measurement, maximum 500000 samples at 1000ms with 0 rampup samples'
ptd-server 2022-02-23 18:09:34,989 [INFO] Sending reply to client 'OK'
ptd-server 2022-02-23 18:19:57,577 [INFO] Got command from the client 'session,2022-02-23_18-09-06,stop,ranging'
ptd-server 2022-02-23 18:20:07,587 [INFO] Sending to ptd: 'Stop'
ptd-server 2022-02-23 18:20:07,588 [INFO] Reply from ptd: 'Stopping untimed measurement'
ptd-server 2022-02-23 18:20:08,483 [INFO] Sending reply to client 'OK'
ptd-server 2022-02-23 18:20:08,549 [INFO] Got command from the client 'time'
ptd-server 2022-02-23 18:20:08,549 [INFO] Sending reply to client '1645640408.5495913'
ptd-server 2022-02-23 18:20:08,551 [INFO] Got command from the client 'session,2022-02-23_18-09-06,start,testing'
ptd-server 2022-02-23 18:20:08,551 [INFO] Sending to ptd: 'SR,V,249.210000'
ptd-server 2022-02-23 18:20:10,053 [INFO] Reply from ptd: 'Range V changed'
ptd-server 2022-02-23 18:20:10,053 [INFO] Sending to ptd: 'SR,A,0.044820'
ptd-server 2022-02-23 18:20:11,554 [INFO] Reply from ptd: 'Range A changed'
ptd-server 2022-02-23 18:20:21,564 [INFO] Starting testing mode
ptd-server 2022-02-23 18:20:21,565 [INFO] Sending to ptd: 'Go,1000,0,2022-02-23_18-09-06_testing'
ptd-server 2022-02-23 18:20:21,565 [INFO] Reply from ptd: 'Starting untimed measurement, maximum 500000 samples at 1000ms with 0 rampup samples'
ptd-server 2022-02-23 18:20:21,565 [INFO] Sending reply to client 'OK'
ptd-server 2022-02-23 18:30:44,062 [INFO] Got command from the client 'session,2022-02-23_18-09-06,stop,testing'
ptd-server 2022-02-23 18:30:54,073 [INFO] Sending to ptd: 'Stop'
ptd-server 2022-02-23 18:30:54,073 [INFO] Reply from ptd: 'Stopping untimed measurement'
ptd-server 2022-02-23 18:30:54,527 [INFO] Sending reply to client 'OK'
ptd-server 2022-02-23 18:30:54,541 [INFO] Got command from the client 'session,2022-02-23_18-09-06,done'
ptd-server 2022-02-23 18:30:54,541 [INFO] Sending to ptd: 'Stop'
ptd-server 2022-02-23 18:30:54,566 [INFO] Reply from ptd: 'Error: no measurement to stop'
ptd-server 2022-02-23 18:30:54,566 [INFO] Sending to ptd: 'SR,V,300.000000'
ptd-server 2022-02-23 18:30:56,067 [INFO] Reply from ptd: 'Range V changed'
ptd-server 2022-02-23 18:30:56,067 [INFO] Sending to ptd: 'SR,A,0.500000'
ptd-server 2022-02-23 18:30:57,569 [INFO] Reply from ptd: 'Range A changed'
ptd-server 2022-02-23 18:30:57,569 [INFO] Set initial values for Amps 0.500000 and Volts 300.000000
ptd-server 2022-02-23 18:30:57,569 [INFO] Stopping ptd...
