client 2022-02-17 19:16:01,031 [WARNING] Removing loadgen logs directory '/home/katya/CK/ck-mlperf/program/image-classification-armnn-tflite-loadgen/tmp/loadgen_logs'
client 2022-02-17 19:16:01,032 [INFO] Sending command to the server: 'mlcommons/power client v3'
client 2022-02-17 19:16:01,033 [INFO] Got response: 'mlcommons/power server v3'
client 2022-02-17 19:16:01,033 [INFO] Synchronizing with the server and with time.google.com...
client 2022-02-17 19:16:01,071 [INFO] NTP:offset = -0.001 s, delay = 0.032 s 
client 2022-02-17 19:16:01,071 [INFO] Sending command to the server: 'time'
client 2022-02-17 19:16:01,072 [INFO] Got response: '1645125361.081404'
client 2022-02-17 19:16:01,073 [INFO] The time difference between the client and the server is within range -9.981 ms..-8.454 ms
client 2022-02-17 19:16:01,073 [INFO] Sending command to the server: 'new,,2289b228-b1b1-43e8-a4d4-46485af09bc8'
client 2022-02-17 19:16:01,075 [INFO] Got response: 'OK 2022-02-17_19-16-01,58e9c9ac-20fa-4d0c-ae7b-e6ea959656b1'
client 2022-02-17 19:16:01,075 [INFO] Session id is '2022-02-17_19-16-01'
client 2022-02-17 19:16:01,075 [INFO] Sources: {"sources": {"__init__.py": "da39a3ee5e6b4b0d3255bfef95601890afd80709", "client.py": "33ca4f26368777ac06e01f9567b714a4b8063886", "lib/__init__.py": "da39a3ee5e6b4b0d3255bfef95601890afd80709", "lib/client.py": "4c2b78fb4849a7e5b584ef792d82aaed20b17f57", "lib/common.py": "624d0c0acc7c39aaff3674f0b99d6a09da53d1dc", "lib/external/__init__.py": "da39a3ee5e6b4b0d3255bfef95601890afd80709", "lib/external/ntplib.py": "4da8f970656505a40483206ef2b5d3dd5e81711d", "lib/server.py": "59c9fb92908260d3e9f81a895c7aa009742275e4", "lib/source_hashes.py": "60a2e02193209e8d392803326208d5466342da18", "lib/summary.py": "aa92f0a3f975eecd44d3c0cd0236342ccc9f941d", "lib/time_sync.py": "3210db56eb0ff0df57bf4293dc4d4b03fffd46f1", "server.py": "c3f90f2f7eeb4db30727556d0c815ebc89b3d28b", "tests/unit/__init__.py": "da39a3ee5e6b4b0d3255bfef95601890afd80709", "tests/unit/test_server.py": "99ae15aef722f2000ee6ed1ae1523637bf1ae42b", "tests/unit/test_source_hashes.py": "00468a2907583c593e6574a1f6b404e4651c221a"}, "modules": {"ptd_client_server.lib.client": "lib/client.py", "ptd_client_server.lib.common": "lib/common.py", "ptd_client_server.lib.external.ntplib": "lib/external/ntplib.py", "ptd_client_server.lib.source_hashes": "lib/source_hashes.py", "ptd_client_server.lib.summary": "lib/summary.py", "ptd_client_server.lib.time_sync": "lib/time_sync.py"}}
client 2022-02-17 19:16:01,076 [INFO] Running workload in ranging mode
client 2022-02-17 19:16:01,076 [INFO] Synchronizing with the server and with time.google.com...
client 2022-02-17 19:16:01,108 [INFO] NTP:offset = 0.002 s, delay = 0.029 s 
client 2022-02-17 19:16:01,108 [INFO] Sending command to the server: 'time'
client 2022-02-17 19:16:01,109 [INFO] Got response: '1645125361.1181467'
client 2022-02-17 19:16:01,109 [INFO] The time difference between the client and the server is within range -9.973 ms..-8.601 ms
client 2022-02-17 19:16:01,109 [INFO] Sending command to the server: 'session,2022-02-17_19-16-01,start,ranging'
client 2022-02-17 19:16:29,302 [INFO] Got response: 'OK'
client 2022-02-17 19:16:29,303 [INFO] Running the workload 'ck benchmark program:image-classification-armnn-tflite-loadgen --env.CK_SILENT_MODE=YES --skip_print_timers --dep_add_tags.compiler=gcc,v7 --dep_add_tags.python=v3 --dep_add_tags.mlperf-inference-src=r2.0 --dep_add_tags.weights=mobilenet,v3-large-minimalistic_224_1.0_float --dep_add_tags.images=crop.875,preprocessed,using-opencv --dep_add_tags.library=armnn,rel.21.11,neon --env.CK_LOADGEN_DATASET_SIZE=1024 --env.USE_NEON=1 --env.USE_OPENCL=0 --env.CK_LOADGEN_MODE=PerformanceOnly --env.CK_LOADGEN_SCENARIO=SingleStream --env.CK_LOADGEN_TARGET_LATENCY=$CK_LOADGEN_TARGET_LATENCY --skip_stat_analysis --process_multi_keys --repetitions=1 --record --record_repo=local --record_uoa=mlperf_v2.0-open-odroid-armnn-v21.11-neon-mobilenet-v3-large-minimalistic_224_1.0_float-singlestream-performance-target_latency.$CK_LOADGEN_TARGET_LATENCY-power.workload --tags=mlperf,round.v2.0,division.open,task.image-classification,platform.odroid,scenario.singlestream,mode.performance,workload.mobilenet-v3-large-minimalistic_224_1.0_float,preprocessed_using.opencv,inference_engine.armnn,inference_engine_version.v21.11,inference_engine_backend.neon,target_latency.$CK_LOADGEN_TARGET_LATENCY,power.workload "@@@{\'meta\': {\'ck_benchmark_program\': \'ck benchmark program:image-classification-armnn-tflite-loadgen --env.CK_SILENT_MODE=YES --skip_print_timers --dep_add_tags.compiler=gcc,v7 --dep_add_tags.python=v3 --dep_add_tags.mlperf-inference-src=r2.0 --dep_add_tags.weights=mobilenet,v3-large-minimalistic_224_1.0_float --dep_add_tags.images=crop.875,preprocessed,using-opencv --dep_add_tags.library=armnn,rel.21.11,neon --env.CK_LOADGEN_DATASET_SIZE=1024 --env.USE_NEON=1 --env.USE_OPENCL=0 --env.CK_LOADGEN_MODE=PerformanceOnly --env.CK_LOADGEN_SCENARIO=SingleStream --env.CK_LOADGEN_TARGET_LATENCY=$CK_LOADGEN_TARGET_LATENCY --skip_stat_analysis --process_multi_keys --repetitions=1 --record --record_repo=local --record_uoa=mlperf_v2.0-open-odroid-armnn-v21.11-neon-mobilenet-v3-large-minimalistic_224_1.0_float-singlestream-performance-target_latency.$CK_LOADGEN_TARGET_LATENCY-power.workload --tags=mlperf,round.v2.0,division.open,task.image-classification,platform.odroid,scenario.singlestream,mode.performance,workload.mobilenet-v3-large-minimalistic_224_1.0_float,preprocessed_using.opencv,inference_engine.armnn,inference_engine_version.v21.11,inference_engine_backend.neon,target_latency.$CK_LOADGEN_TARGET_LATENCY,power.workload\'}}" && cat `ck find program:image-classification-armnn-tflite-loadgen`/tmp/mlperf_log_summary.txt && mkdir -p "$CK_MLPERF_POWER_CLIENT_LOADGEN_LOGS" && cp "$CK_MLPERF_POWER_CLIENT_LOADGEN_LOGS"/../mlperf_log_* "$CK_MLPERF_POWER_CLIENT_LOADGEN_LOGS"/'
client 2022-02-17 19:26:46,444 [INFO] Sending command to the server: 'session,2022-02-17_19-16-01,stop,ranging'
client 2022-02-17 19:26:56,681 [INFO] Got response: 'OK'
client 2022-02-17 19:26:56,739 [INFO] Copying loadgen logs from '/home/katya/CK/ck-mlperf/program/image-classification-armnn-tflite-loadgen/tmp/loadgen_logs' to '/home/katya/CK/ck-mlperf/program/mlperf-power-client/tmp/2022-02-17_19-16-01/ranging'
client 2022-02-17 19:26:56,742 [INFO] Running workload in testing mode
client 2022-02-17 19:26:56,743 [INFO] Synchronizing with the server and with time.google.com...
client 2022-02-17 19:26:56,779 [INFO] NTP:offset = 0.003 s, delay = 0.031 s 
client 2022-02-17 19:26:56,780 [INFO] Sending command to the server: 'time'
client 2022-02-17 19:26:56,781 [INFO] Got response: '1645126016.7910092'
client 2022-02-17 19:26:56,782 [INFO] The time difference between the client and the server is within range -10.811 ms..-8.610 ms
client 2022-02-17 19:26:56,783 [INFO] Sending command to the server: 'session,2022-02-17_19-16-01,start,testing'
client 2022-02-17 19:27:10,316 [INFO] Got response: 'OK'
client 2022-02-17 19:27:10,318 [INFO] Running the workload 'ck benchmark program:image-classification-armnn-tflite-loadgen --env.CK_SILENT_MODE=YES --skip_print_timers --dep_add_tags.compiler=gcc,v7 --dep_add_tags.python=v3 --dep_add_tags.mlperf-inference-src=r2.0 --dep_add_tags.weights=mobilenet,v3-large-minimalistic_224_1.0_float --dep_add_tags.images=crop.875,preprocessed,using-opencv --dep_add_tags.library=armnn,rel.21.11,neon --env.CK_LOADGEN_DATASET_SIZE=1024 --env.USE_NEON=1 --env.USE_OPENCL=0 --env.CK_LOADGEN_MODE=PerformanceOnly --env.CK_LOADGEN_SCENARIO=SingleStream --env.CK_LOADGEN_TARGET_LATENCY=$CK_LOADGEN_TARGET_LATENCY --skip_stat_analysis --process_multi_keys --repetitions=1 --record --record_repo=local --record_uoa=mlperf_v2.0-open-odroid-armnn-v21.11-neon-mobilenet-v3-large-minimalistic_224_1.0_float-singlestream-performance-target_latency.$CK_LOADGEN_TARGET_LATENCY-power.workload --tags=mlperf,round.v2.0,division.open,task.image-classification,platform.odroid,scenario.singlestream,mode.performance,workload.mobilenet-v3-large-minimalistic_224_1.0_float,preprocessed_using.opencv,inference_engine.armnn,inference_engine_version.v21.11,inference_engine_backend.neon,target_latency.$CK_LOADGEN_TARGET_LATENCY,power.workload "@@@{\'meta\': {\'ck_benchmark_program\': \'ck benchmark program:image-classification-armnn-tflite-loadgen --env.CK_SILENT_MODE=YES --skip_print_timers --dep_add_tags.compiler=gcc,v7 --dep_add_tags.python=v3 --dep_add_tags.mlperf-inference-src=r2.0 --dep_add_tags.weights=mobilenet,v3-large-minimalistic_224_1.0_float --dep_add_tags.images=crop.875,preprocessed,using-opencv --dep_add_tags.library=armnn,rel.21.11,neon --env.CK_LOADGEN_DATASET_SIZE=1024 --env.USE_NEON=1 --env.USE_OPENCL=0 --env.CK_LOADGEN_MODE=PerformanceOnly --env.CK_LOADGEN_SCENARIO=SingleStream --env.CK_LOADGEN_TARGET_LATENCY=$CK_LOADGEN_TARGET_LATENCY --skip_stat_analysis --process_multi_keys --repetitions=1 --record --record_repo=local --record_uoa=mlperf_v2.0-open-odroid-armnn-v21.11-neon-mobilenet-v3-large-minimalistic_224_1.0_float-singlestream-performance-target_latency.$CK_LOADGEN_TARGET_LATENCY-power.workload --tags=mlperf,round.v2.0,division.open,task.image-classification,platform.odroid,scenario.singlestream,mode.performance,workload.mobilenet-v3-large-minimalistic_224_1.0_float,preprocessed_using.opencv,inference_engine.armnn,inference_engine_version.v21.11,inference_engine_backend.neon,target_latency.$CK_LOADGEN_TARGET_LATENCY,power.workload\'}}" && cat `ck find program:image-classification-armnn-tflite-loadgen`/tmp/mlperf_log_summary.txt && mkdir -p "$CK_MLPERF_POWER_CLIENT_LOADGEN_LOGS" && cp "$CK_MLPERF_POWER_CLIENT_LOADGEN_LOGS"/../mlperf_log_* "$CK_MLPERF_POWER_CLIENT_LOADGEN_LOGS"/'
client 2022-02-17 19:37:28,246 [INFO] Sending command to the server: 'session,2022-02-17_19-16-01,stop,testing'
client 2022-02-17 19:37:38,378 [INFO] Got response: 'OK'
client 2022-02-17 19:37:38,389 [INFO] Copying loadgen logs from '/home/katya/CK/ck-mlperf/program/image-classification-armnn-tflite-loadgen/tmp/loadgen_logs' to '/home/katya/CK/ck-mlperf/program/mlperf-power-client/tmp/2022-02-17_19-16-01/run_1'
client 2022-02-17 19:37:38,395 [INFO] Done runs
