ptd-server 2022-02-14 09:00:26,350 [INFO] Got command from the client 'time'
ptd-server 2022-02-14 09:00:26,351 [INFO] Sending reply to client '1644829226.351037'
ptd-server 2022-02-14 09:00:26,353 [INFO] Got command from the client 'new,,39557b44-c108-4f65-b2fb-dbcd674532d9'
ptd-server 2022-02-14 09:00:26,353 [INFO] Sending reply to client 'OK 2022-02-14_09-00-26,79762d84-206a-470d-af51-a51555b1eedf'
ptd-server 2022-02-14 09:00:26,389 [INFO] Got command from the client 'time'
ptd-server 2022-02-14 09:00:26,390 [INFO] Sending reply to client '1644829226.390022'
ptd-server 2022-02-14 09:00:26,391 [INFO] Got command from the client 'session,2022-02-14_09-00-26,start,ranging'
ptd-server 2022-02-14 09:00:26,391 [INFO] Running PTDaemon: ['/home/anton/projects/mlperf/power/inference_v1.0/ptd-linux-x86', '-l', '/tmp/tmpxvec0g6h/ptd_logfile.txt', '-p', '8888', '49', '/dev/usbtmc0']
ptd-server 2022-02-14 09:00:43,565 [INFO] Sending to ptd: 'Hello'
ptd-server 2022-02-14 09:00:43,566 [INFO] Reply from ptd: 'Hello, PTDaemon here!'
ptd-server 2022-02-14 09:00:43,566 [INFO] Sending to ptd: 'Identify'
ptd-server 2022-02-14 09:00:43,567 [INFO] Reply from ptd: 'YokogawaWT310E,1000,1,1,1,1,0,1,1,version=1.9.2-e8c7a49a-20201208,OS=Linux 5.13.0-27-generic #29~20.04.1-Ubuntu SMP Fri Jan 14 00:32:30 UTC 2022 x86_64,mode=power,1,1,1,0,0,no_cal_date,YOKOGAWA;WT310E;C3XA04010E;F1.04'
ptd-server 2022-02-14 09:00:43,567 [INFO] Connected to PTDaemon
ptd-server 2022-02-14 09:00:43,567 [INFO] Sending to ptd: 'RR'
ptd-server 2022-02-14 09:00:43,567 [INFO] Reply from ptd: 'Ranges,0,0.500000,0,300.000000'
ptd-server 2022-02-14 09:00:43,567 [INFO] Initial range for Amps is 0.500000 for Volts is 300.000000
ptd-server 2022-02-14 09:00:43,567 [INFO] Sending to ptd: 'SR,V,Auto'
ptd-server 2022-02-14 09:00:44,070 [INFO] Reply from ptd: 'Range V changed'
ptd-server 2022-02-14 09:00:44,070 [INFO] Sending to ptd: 'SR,A,Auto'
ptd-server 2022-02-14 09:00:44,573 [INFO] Reply from ptd: 'Range A changed'
ptd-server 2022-02-14 09:00:54,583 [INFO] Starting ranging mode
ptd-server 2022-02-14 09:00:54,583 [INFO] Sending to ptd: 'Go,1000,0,2022-02-14_09-00-26_ranging'
ptd-server 2022-02-14 09:00:54,584 [INFO] Reply from ptd: 'Starting untimed measurement, maximum 500000 samples at 1000ms with 0 rampup samples'
ptd-server 2022-02-14 09:00:54,584 [INFO] Sending reply to client 'OK'
ptd-server 2022-02-14 09:11:10,557 [INFO] Got command from the client 'session,2022-02-14_09-00-26,stop,ranging'
ptd-server 2022-02-14 09:11:20,568 [INFO] Sending to ptd: 'Stop'
ptd-server 2022-02-14 09:11:20,568 [INFO] Reply from ptd: 'Stopping untimed measurement'
ptd-server 2022-02-14 09:11:21,270 [INFO] Sending reply to client 'OK'
ptd-server 2022-02-14 09:11:21,328 [INFO] Got command from the client 'time'
ptd-server 2022-02-14 09:11:21,328 [INFO] Sending reply to client '1644829881.3284616'
ptd-server 2022-02-14 09:11:21,331 [INFO] Got command from the client 'session,2022-02-14_09-00-26,start,testing'
ptd-server 2022-02-14 09:11:21,331 [INFO] Sending to ptd: 'SR,V,248.200000'
ptd-server 2022-02-14 09:11:22,832 [INFO] Reply from ptd: 'Range V changed'
ptd-server 2022-02-14 09:11:22,832 [INFO] Sending to ptd: 'SR,A,0.143320'
ptd-server 2022-02-14 09:11:24,333 [INFO] Reply from ptd: 'Range A changed'
ptd-server 2022-02-14 09:11:34,344 [INFO] Starting testing mode
ptd-server 2022-02-14 09:11:34,344 [INFO] Sending to ptd: 'Go,1000,0,2022-02-14_09-00-26_testing'
ptd-server 2022-02-14 09:11:34,344 [INFO] Reply from ptd: 'Starting untimed measurement, maximum 500000 samples at 1000ms with 0 rampup samples'
ptd-server 2022-02-14 09:11:34,344 [INFO] Sending reply to client 'OK'
ptd-server 2022-02-14 09:21:50,121 [INFO] Got command from the client 'session,2022-02-14_09-00-26,stop,testing'
ptd-server 2022-02-14 09:22:00,131 [INFO] Sending to ptd: 'Stop'
ptd-server 2022-02-14 09:22:00,131 [INFO] Reply from ptd: 'Stopping untimed measurement'
ptd-server 2022-02-14 09:22:00,499 [INFO] Sending reply to client 'OK'
ptd-server 2022-02-14 09:22:00,518 [INFO] Got command from the client 'session,2022-02-14_09-00-26,done'
ptd-server 2022-02-14 09:22:00,518 [INFO] Sending to ptd: 'Stop'
ptd-server 2022-02-14 09:22:00,518 [INFO] Reply from ptd: 'Error: no measurement to stop'
ptd-server 2022-02-14 09:22:00,518 [INFO] Sending to ptd: 'SR,V,300.000000'
ptd-server 2022-02-14 09:22:02,020 [INFO] Reply from ptd: 'Range V changed'
ptd-server 2022-02-14 09:22:02,020 [INFO] Sending to ptd: 'SR,A,0.500000'
ptd-server 2022-02-14 09:22:03,522 [INFO] Reply from ptd: 'Range A changed'
ptd-server 2022-02-14 09:22:03,522 [INFO] Set initial values for Amps 0.500000 and Volts 300.000000
ptd-server 2022-02-14 09:22:03,522 [INFO] Stopping ptd...
