ptd-server 2022-02-24 06:26:48,031 [INFO] Got command from the client 'time'
ptd-server 2022-02-24 06:26:48,031 [INFO] Sending reply to client '1645684008.0317543'
ptd-server 2022-02-24 06:26:48,033 [INFO] Got command from the client 'new,,40628cbd-c303-44d0-8659-6462db011d6d'
ptd-server 2022-02-24 06:26:48,034 [INFO] Sending reply to client 'OK 2022-02-24_06-26-48,ac39123e-542a-4a08-80df-618de17a977a'
ptd-server 2022-02-24 06:26:48,069 [INFO] Got command from the client 'time'
ptd-server 2022-02-24 06:26:48,069 [INFO] Sending reply to client '1645684008.0699081'
ptd-server 2022-02-24 06:26:48,071 [INFO] Got command from the client 'session,2022-02-24_06-26-48,start,ranging'
ptd-server 2022-02-24 06:26:48,071 [INFO] Running PTDaemon: ['/home/anton/projects/mlperf/power/inference_v1.0/ptd-linux-x86', '-l', '/tmp/tmp0_fn53vp/ptd_logfile.txt', '-p', '8888', '49', '/dev/usbtmc0']
ptd-server 2022-02-24 06:27:05,245 [INFO] Sending to ptd: 'Hello'
ptd-server 2022-02-24 06:27:05,245 [INFO] Reply from ptd: 'Hello, PTDaemon here!'
ptd-server 2022-02-24 06:27:05,245 [INFO] Sending to ptd: 'Identify'
ptd-server 2022-02-24 06:27:05,246 [INFO] Reply from ptd: 'YokogawaWT310E,1000,1,1,1,1,0,1,1,version=1.9.2-e8c7a49a-20201208,OS=Linux 5.13.0-30-generic #33~20.04.1-Ubuntu SMP Mon Feb 7 14:25:10 UTC 2022 x86_64,mode=power,1,1,1,0,0,no_cal_date,YOKOGAWA;WT310E;C3XA04010E;F1.04'
ptd-server 2022-02-24 06:27:05,246 [INFO] Connected to PTDaemon
ptd-server 2022-02-24 06:27:05,246 [INFO] Sending to ptd: 'RR'
ptd-server 2022-02-24 06:27:05,246 [INFO] Reply from ptd: 'Ranges,0,0.500000,1,300.000000'
ptd-server 2022-02-24 06:27:05,246 [INFO] Initial range for Amps is 0.500000 for Volts is Auto
ptd-server 2022-02-24 06:27:05,247 [INFO] Sending to ptd: 'SR,V,Auto'
ptd-server 2022-02-24 06:27:05,749 [INFO] Reply from ptd: 'Range V changed'
ptd-server 2022-02-24 06:27:05,749 [INFO] Sending to ptd: 'SR,A,Auto'
ptd-server 2022-02-24 06:27:06,252 [INFO] Reply from ptd: 'Range A changed'
ptd-server 2022-02-24 06:27:16,262 [INFO] Starting ranging mode
ptd-server 2022-02-24 06:27:16,262 [INFO] Sending to ptd: 'Go,1000,0,2022-02-24_06-26-48_ranging'
ptd-server 2022-02-24 06:27:16,263 [INFO] Reply from ptd: 'Starting untimed measurement, maximum 500000 samples at 1000ms with 0 rampup samples'
ptd-server 2022-02-24 06:27:16,263 [INFO] Sending reply to client 'OK'
ptd-server 2022-02-24 06:37:38,824 [INFO] Got command from the client 'session,2022-02-24_06-26-48,stop,ranging'
ptd-server 2022-02-24 06:37:48,834 [INFO] Sending to ptd: 'Stop'
ptd-server 2022-02-24 06:37:48,835 [INFO] Reply from ptd: 'Stopping untimed measurement'
ptd-server 2022-02-24 06:37:48,910 [INFO] Sending reply to client 'OK'
ptd-server 2022-02-24 06:37:48,974 [INFO] Got command from the client 'time'
ptd-server 2022-02-24 06:37:48,974 [INFO] Sending reply to client '1645684668.9741533'
ptd-server 2022-02-24 06:37:48,976 [INFO] Got command from the client 'session,2022-02-24_06-26-48,start,testing'
ptd-server 2022-02-24 06:37:48,976 [INFO] Sending to ptd: 'SR,V,249.660000'
ptd-server 2022-02-24 06:37:50,764 [INFO] Reply from ptd: 'Range V changed'
ptd-server 2022-02-24 06:37:50,765 [INFO] Sending to ptd: 'SR,A,0.047800'
ptd-server 2022-02-24 06:37:52,266 [INFO] Reply from ptd: 'Range A changed'
ptd-server 2022-02-24 06:38:02,276 [INFO] Starting testing mode
ptd-server 2022-02-24 06:38:02,276 [INFO] Sending to ptd: 'Go,1000,0,2022-02-24_06-26-48_testing'
ptd-server 2022-02-24 06:38:02,277 [INFO] Reply from ptd: 'Starting untimed measurement, maximum 500000 samples at 1000ms with 0 rampup samples'
ptd-server 2022-02-24 06:38:02,277 [INFO] Sending reply to client 'OK'
ptd-server 2022-02-24 06:48:24,676 [INFO] Got command from the client 'session,2022-02-24_06-26-48,stop,testing'
ptd-server 2022-02-24 06:48:34,687 [INFO] Sending to ptd: 'Stop'
ptd-server 2022-02-24 06:48:34,687 [INFO] Reply from ptd: 'Stopping untimed measurement'
ptd-server 2022-02-24 06:48:34,725 [INFO] Sending reply to client 'OK'
ptd-server 2022-02-24 06:48:34,739 [INFO] Got command from the client 'session,2022-02-24_06-26-48,done'
ptd-server 2022-02-24 06:48:34,739 [INFO] Sending to ptd: 'Stop'
ptd-server 2022-02-24 06:48:35,277 [INFO] Reply from ptd: 'Error: no measurement to stop'
ptd-server 2022-02-24 06:48:35,277 [INFO] Sending to ptd: 'SR,V,Auto'
ptd-server 2022-02-24 06:48:35,780 [INFO] Reply from ptd: 'Range V changed'
ptd-server 2022-02-24 06:48:35,780 [INFO] Sending to ptd: 'SR,A,0.500000'
ptd-server 2022-02-24 06:48:37,281 [INFO] Reply from ptd: 'Range A changed'
ptd-server 2022-02-24 06:48:37,281 [INFO] Set initial values for Amps 0.500000 and Volts Auto
ptd-server 2022-02-24 06:48:37,282 [INFO] Stopping ptd...
