ptd-server 2022-02-21 07:23:29,358 [INFO] Got command from the client 'time'
ptd-server 2022-02-21 07:23:29,358 [INFO] Sending reply to client '1645428209.3588662'
ptd-server 2022-02-21 07:23:29,360 [INFO] Got command from the client 'new,,144523f0-5115-42f1-97c7-97d19b3217da'
ptd-server 2022-02-21 07:23:29,360 [INFO] Sending reply to client 'OK 2022-02-21_07-23-29,37c05b02-de3d-4366-b5aa-cc8c03a6c13b'
ptd-server 2022-02-21 07:23:29,388 [INFO] Got command from the client 'time'
ptd-server 2022-02-21 07:23:29,388 [INFO] Sending reply to client '1645428209.388949'
ptd-server 2022-02-21 07:23:29,390 [INFO] Got command from the client 'session,2022-02-21_07-23-29,start,ranging'
ptd-server 2022-02-21 07:23:29,390 [INFO] Running PTDaemon: ['/home/anton/projects/mlperf/power/inference_v1.0/ptd-linux-x86', '-l', '/tmp/tmpgldyt7rr/ptd_logfile.txt', '-p', '8888', '49', '/dev/usbtmc0']
ptd-server 2022-02-21 07:23:46,564 [INFO] Sending to ptd: 'Hello'
ptd-server 2022-02-21 07:23:46,564 [INFO] Reply from ptd: 'Hello, PTDaemon here!'
ptd-server 2022-02-21 07:23:46,565 [INFO] Sending to ptd: 'Identify'
ptd-server 2022-02-21 07:23:46,565 [INFO] Reply from ptd: 'YokogawaWT310E,1000,1,1,1,1,0,1,1,version=1.9.2-e8c7a49a-20201208,OS=Linux 5.13.0-28-generic #31~20.04.1-Ubuntu SMP Wed Jan 19 14:08:10 UTC 2022 x86_64,mode=power,1,1,1,0,0,no_cal_date,YOKOGAWA;WT310E;C3XA04010E;F1.04'
ptd-server 2022-02-21 07:23:46,565 [INFO] Connected to PTDaemon
ptd-server 2022-02-21 07:23:46,565 [INFO] Sending to ptd: 'RR'
ptd-server 2022-02-21 07:23:46,566 [INFO] Reply from ptd: 'Ranges,0,0.500000,0,300.000000'
ptd-server 2022-02-21 07:23:46,566 [INFO] Initial range for Amps is 0.500000 for Volts is 300.000000
ptd-server 2022-02-21 07:23:46,566 [INFO] Sending to ptd: 'SR,V,Auto'
ptd-server 2022-02-21 07:23:47,068 [INFO] Reply from ptd: 'Range V changed'
ptd-server 2022-02-21 07:23:47,068 [INFO] Sending to ptd: 'SR,A,Auto'
ptd-server 2022-02-21 07:23:47,571 [INFO] Reply from ptd: 'Range A changed'
ptd-server 2022-02-21 07:23:57,581 [INFO] Starting ranging mode
ptd-server 2022-02-21 07:23:57,581 [INFO] Sending to ptd: 'Go,1000,0,2022-02-21_07-23-29_ranging'
ptd-server 2022-02-21 07:23:57,582 [INFO] Reply from ptd: 'Starting untimed measurement, maximum 500000 samples at 1000ms with 0 rampup samples'
ptd-server 2022-02-21 07:23:57,582 [INFO] Sending reply to client 'OK'
ptd-server 2022-02-21 07:34:19,600 [INFO] Got command from the client 'session,2022-02-21_07-23-29,stop,ranging'
ptd-server 2022-02-21 07:34:29,611 [INFO] Sending to ptd: 'Stop'
ptd-server 2022-02-21 07:34:29,611 [INFO] Reply from ptd: 'Stopping untimed measurement'
ptd-server 2022-02-21 07:34:30,186 [INFO] Sending reply to client 'OK'
ptd-server 2022-02-21 07:34:30,284 [INFO] Got command from the client 'time'
ptd-server 2022-02-21 07:34:30,284 [INFO] Sending reply to client '1645428870.2845001'
ptd-server 2022-02-21 07:34:30,288 [INFO] Got command from the client 'session,2022-02-21_07-23-29,start,testing'
ptd-server 2022-02-21 07:34:30,288 [INFO] Sending to ptd: 'SR,V,248.170000'
ptd-server 2022-02-21 07:34:32,083 [INFO] Reply from ptd: 'Range V changed'
ptd-server 2022-02-21 07:34:32,083 [INFO] Sending to ptd: 'SR,A,0.043990'
ptd-server 2022-02-21 07:34:33,585 [INFO] Reply from ptd: 'Range A changed'
ptd-server 2022-02-21 07:34:43,595 [INFO] Starting testing mode
ptd-server 2022-02-21 07:34:43,595 [INFO] Sending to ptd: 'Go,1000,0,2022-02-21_07-23-29_testing'
ptd-server 2022-02-21 07:34:43,596 [INFO] Reply from ptd: 'Starting untimed measurement, maximum 500000 samples at 1000ms with 0 rampup samples'
ptd-server 2022-02-21 07:34:43,596 [INFO] Sending reply to client 'OK'
ptd-server 2022-02-21 07:45:06,535 [INFO] Got command from the client 'session,2022-02-21_07-23-29,stop,testing'
ptd-server 2022-02-21 07:45:16,546 [INFO] Sending to ptd: 'Stop'
ptd-server 2022-02-21 07:45:16,546 [INFO] Reply from ptd: 'Stopping untimed measurement'
ptd-server 2022-02-21 07:45:16,847 [INFO] Sending reply to client 'OK'
ptd-server 2022-02-21 07:45:16,886 [INFO] Got command from the client 'session,2022-02-21_07-23-29,done'
ptd-server 2022-02-21 07:45:16,887 [INFO] Sending to ptd: 'Stop'
ptd-server 2022-02-21 07:45:16,887 [INFO] Reply from ptd: 'Error: no measurement to stop'
ptd-server 2022-02-21 07:45:16,887 [INFO] Sending to ptd: 'SR,V,300.000000'
ptd-server 2022-02-21 07:45:18,388 [INFO] Reply from ptd: 'Range V changed'
ptd-server 2022-02-21 07:45:18,389 [INFO] Sending to ptd: 'SR,A,0.500000'
ptd-server 2022-02-21 07:45:19,890 [INFO] Reply from ptd: 'Range A changed'
ptd-server 2022-02-21 07:45:19,890 [INFO] Set initial values for Amps 0.500000 and Volts 300.000000
ptd-server 2022-02-21 07:45:19,890 [INFO] Stopping ptd...
