ptd-server 2022-02-19 18:10:58,595 [INFO] Got command from the client 'time'
ptd-server 2022-02-19 18:10:58,595 [INFO] Sending reply to client '1645294258.595332'
ptd-server 2022-02-19 18:10:58,596 [INFO] Got command from the client 'new,,3f764db1-6d9c-4ce4-94b1-ea35236acfdc'
ptd-server 2022-02-19 18:10:58,597 [INFO] Sending reply to client 'OK 2022-02-19_18-10-58,c9e05088-e6ff-4ee7-ad01-36b64a09871a'
ptd-server 2022-02-19 18:10:58,632 [INFO] Got command from the client 'time'
ptd-server 2022-02-19 18:10:58,632 [INFO] Sending reply to client '1645294258.63271'
ptd-server 2022-02-19 18:10:58,633 [INFO] Got command from the client 'session,2022-02-19_18-10-58,start,ranging'
ptd-server 2022-02-19 18:10:58,634 [INFO] Running PTDaemon: ['/home/anton/projects/mlperf/power/inference_v1.0/ptd-linux-x86', '-l', '/tmp/tmpgldyt7rr/ptd_logfile.txt', '-p', '8888', '49', '/dev/usbtmc0']
ptd-server 2022-02-19 18:11:15,808 [INFO] Sending to ptd: 'Hello'
ptd-server 2022-02-19 18:11:15,808 [INFO] Reply from ptd: 'Hello, PTDaemon here!'
ptd-server 2022-02-19 18:11:15,809 [INFO] Sending to ptd: 'Identify'
ptd-server 2022-02-19 18:11:15,809 [INFO] Reply from ptd: 'YokogawaWT310E,1000,1,1,1,1,0,1,1,version=1.9.2-e8c7a49a-20201208,OS=Linux 5.13.0-28-generic #31~20.04.1-Ubuntu SMP Wed Jan 19 14:08:10 UTC 2022 x86_64,mode=power,1,1,1,0,0,no_cal_date,YOKOGAWA;WT310E;C3XA04010E;F1.04'
ptd-server 2022-02-19 18:11:15,809 [INFO] Connected to PTDaemon
ptd-server 2022-02-19 18:11:15,809 [INFO] Sending to ptd: 'RR'
ptd-server 2022-02-19 18:11:15,809 [INFO] Reply from ptd: 'Ranges,0,0.500000,0,300.000000'
ptd-server 2022-02-19 18:11:15,810 [INFO] Initial range for Amps is 0.500000 for Volts is 300.000000
ptd-server 2022-02-19 18:11:15,810 [INFO] Sending to ptd: 'SR,V,Auto'
ptd-server 2022-02-19 18:11:16,312 [INFO] Reply from ptd: 'Range V changed'
ptd-server 2022-02-19 18:11:16,312 [INFO] Sending to ptd: 'SR,A,Auto'
ptd-server 2022-02-19 18:11:16,815 [INFO] Reply from ptd: 'Range A changed'
ptd-server 2022-02-19 18:11:26,825 [INFO] Starting ranging mode
ptd-server 2022-02-19 18:11:26,825 [INFO] Sending to ptd: 'Go,1000,0,2022-02-19_18-10-58_ranging'
ptd-server 2022-02-19 18:11:26,826 [INFO] Reply from ptd: 'Starting untimed measurement, maximum 500000 samples at 1000ms with 0 rampup samples'
ptd-server 2022-02-19 18:11:26,826 [INFO] Sending reply to client 'OK'
ptd-server 2022-02-19 18:21:48,372 [INFO] Got command from the client 'session,2022-02-19_18-10-58,stop,ranging'
ptd-server 2022-02-19 18:21:58,383 [INFO] Sending to ptd: 'Stop'
ptd-server 2022-02-19 18:21:58,383 [INFO] Reply from ptd: 'Stopping untimed measurement'
ptd-server 2022-02-19 18:21:58,758 [INFO] Sending reply to client 'OK'
ptd-server 2022-02-19 18:21:58,834 [INFO] Got command from the client 'time'
ptd-server 2022-02-19 18:21:58,834 [INFO] Sending reply to client '1645294918.8346102'
ptd-server 2022-02-19 18:21:58,837 [INFO] Got command from the client 'session,2022-02-19_18-10-58,start,testing'
ptd-server 2022-02-19 18:21:58,837 [INFO] Sending to ptd: 'SR,V,249.000000'
ptd-server 2022-02-19 18:22:00,338 [INFO] Reply from ptd: 'Range V changed'
ptd-server 2022-02-19 18:22:00,338 [INFO] Sending to ptd: 'SR,A,0.069640'
ptd-server 2022-02-19 18:22:01,840 [INFO] Reply from ptd: 'Range A changed'
ptd-server 2022-02-19 18:22:11,850 [INFO] Starting testing mode
ptd-server 2022-02-19 18:22:11,850 [INFO] Sending to ptd: 'Go,1000,0,2022-02-19_18-10-58_testing'
ptd-server 2022-02-19 18:22:11,850 [INFO] Reply from ptd: 'Starting untimed measurement, maximum 500000 samples at 1000ms with 0 rampup samples'
ptd-server 2022-02-19 18:22:11,851 [INFO] Sending reply to client 'OK'
ptd-server 2022-02-19 18:32:34,360 [INFO] Got command from the client 'session,2022-02-19_18-10-58,stop,testing'
ptd-server 2022-02-19 18:32:44,370 [INFO] Sending to ptd: 'Stop'
ptd-server 2022-02-19 18:32:44,371 [INFO] Reply from ptd: 'Stopping untimed measurement'
ptd-server 2022-02-19 18:32:44,571 [INFO] Sending reply to client 'OK'
ptd-server 2022-02-19 18:32:44,596 [INFO] Got command from the client 'session,2022-02-19_18-10-58,done'
ptd-server 2022-02-19 18:32:44,596 [INFO] Sending to ptd: 'Stop'
ptd-server 2022-02-19 18:32:44,851 [INFO] Reply from ptd: 'Error: no measurement to stop'
ptd-server 2022-02-19 18:32:44,851 [INFO] Sending to ptd: 'SR,V,300.000000'
ptd-server 2022-02-19 18:32:46,352 [INFO] Reply from ptd: 'Range V changed'
ptd-server 2022-02-19 18:32:46,352 [INFO] Sending to ptd: 'SR,A,0.500000'
ptd-server 2022-02-19 18:32:47,854 [INFO] Reply from ptd: 'Range A changed'
ptd-server 2022-02-19 18:32:47,854 [INFO] Set initial values for Amps 0.500000 and Volts 300.000000
ptd-server 2022-02-19 18:32:47,854 [INFO] Stopping ptd...
