ptd-server 2022-02-13 23:41:04,047 [INFO] Got command from the client 'stop'
ptd-server 2022-02-13 23:41:04,047 [INFO] The server will be stopped after processing this client
ptd-server 2022-02-13 23:41:04,047 [INFO] Sending reply to client 'OK'
ptd-server 2022-02-13 23:41:04,266 [INFO] Got command from the client 'time'
ptd-server 2022-02-13 23:41:04,266 [INFO] Sending reply to client '1644824464.2661786'
ptd-server 2022-02-13 23:41:04,266 [INFO] Got command from the client 'new,,0738b7fb-2d44-44aa-8cb0-753eeb9a9db4'
ptd-server 2022-02-13 23:41:04,266 [INFO] Sending reply to client 'OK 2022-02-13_23-41-04,b45d0746-7c6e-4212-a69c-1b16c015d7fe'
ptd-server 2022-02-13 23:41:04,484 [INFO] Got command from the client 'time'
ptd-server 2022-02-13 23:41:04,484 [INFO] Sending reply to client '1644824464.4848714'
ptd-server 2022-02-13 23:41:04,484 [INFO] Got command from the client 'session,2022-02-13_23-41-04,start,ranging'
ptd-server 2022-02-13 23:41:04,594 [INFO] Running PTDaemon: ['C:\\PTD\\ptd-windows-x86.exe', '-l', 'C:\\Users\\lab\\AppData\\Local\\Temp\\tmpino0r2zt\\ptd_logfile.txt', '-p', '8888', '-c', '1,2', '-y', '77', '10.117.40.72']
ptd-server 2022-02-13 23:41:23,682 [INFO] Sending to ptd: 'Hello'
ptd-server 2022-02-13 23:41:23,682 [INFO] Reply from ptd: 'Hello, PTDaemon here!'
ptd-server 2022-02-13 23:41:23,682 [INFO] Sending to ptd: 'Identify'
ptd-server 2022-02-13 23:41:23,682 [INFO] Reply from ptd: 'YokogawaWT330_multichannel,1000,1,1,1,1,0,0,1,version=1.9.2-3976349f-20201208,OS=Windows 8 / Server 2012,mode=power,1,1,2,0,0,no_cal_date,YOKOGAWA;WT333E;C2WC23035V;F1.04'
ptd-server 2022-02-13 23:41:23,682 [INFO] Connected to PTDaemon
ptd-server 2022-02-13 23:41:23,682 [INFO] Sending to ptd: 'RR'
ptd-server 2022-02-13 23:41:23,682 [INFO] Reply from ptd: 'Ranges,-1,-1.000000,-1,-1.000000'
ptd-server 2022-02-13 23:41:23,682 [INFO] Initial range for Amps is Auto for Volts is Auto
ptd-server 2022-02-13 23:41:23,682 [INFO] Sending to ptd: 'SR,V,Auto'
ptd-server 2022-02-13 23:41:28,752 [INFO] Reply from ptd: 'Range V changed'
ptd-server 2022-02-13 23:41:28,752 [INFO] Sending to ptd: 'SR,A,Auto'
ptd-server 2022-02-13 23:41:33,833 [INFO] Reply from ptd: 'Range A changed'
ptd-server 2022-02-13 23:41:43,846 [INFO] Starting ranging mode
ptd-server 2022-02-13 23:41:43,846 [INFO] Sending to ptd: 'Go,1000,0,2022-02-13_23-41-04_ranging'
ptd-server 2022-02-13 23:41:43,846 [INFO] Reply from ptd: 'Starting untimed measurement, maximum 500000 samples at 1000ms with 0 rampup samples'
ptd-server 2022-02-13 23:41:43,846 [INFO] Sending reply to client 'OK'
ptd-server 2022-02-13 23:56:18,835 [INFO] Got command from the client 'session,2022-02-13_23-41-04,stop,ranging'
ptd-server 2022-02-13 23:56:28,847 [INFO] Sending to ptd: 'Stop'
ptd-server 2022-02-13 23:56:28,847 [INFO] Reply from ptd: 'Stopping untimed measurement'
ptd-server 2022-02-13 23:56:28,879 [INFO] Sending reply to client 'OK'
ptd-server 2022-02-13 23:56:29,129 [INFO] Got command from the client 'time'
ptd-server 2022-02-13 23:56:29,129 [INFO] Sending reply to client '1644825389.12909'
ptd-server 2022-02-13 23:56:29,129 [INFO] Got command from the client 'session,2022-02-13_23-41-04,start,testing'
ptd-server 2022-02-13 23:56:29,129 [INFO] Sending to ptd: 'SR,V,206.000000'
ptd-server 2022-02-13 23:56:35,207 [INFO] Reply from ptd: 'Range V changed'
ptd-server 2022-02-13 23:56:35,207 [INFO] Sending to ptd: 'SR,A,3.394000'
ptd-server 2022-02-13 23:56:40,793 [INFO] Reply from ptd: 'Range A changed'
ptd-server 2022-02-13 23:56:50,802 [INFO] Starting testing mode
ptd-server 2022-02-13 23:56:50,802 [INFO] Sending to ptd: 'Go,1000,0,2022-02-13_23-41-04_testing'
ptd-server 2022-02-13 23:56:50,802 [INFO] Reply from ptd: 'Starting untimed measurement, maximum 500000 samples at 1000ms with 0 rampup samples'
ptd-server 2022-02-13 23:56:50,802 [INFO] Sending reply to client 'OK'
ptd-server 2022-02-14 00:11:23,803 [INFO] Got command from the client 'session,2022-02-13_23-41-04,stop,testing'
ptd-server 2022-02-14 00:11:33,819 [INFO] Sending to ptd: 'Stop'
ptd-server 2022-02-14 00:11:33,819 [INFO] Reply from ptd: 'Stopping untimed measurement'
ptd-server 2022-02-14 00:11:33,834 [INFO] Sending reply to client 'OK'
ptd-server 2022-02-14 00:11:33,998 [INFO] Got command from the client 'session,2022-02-13_23-41-04,done'
ptd-server 2022-02-14 00:11:33,998 [INFO] Sending to ptd: 'Stop'
ptd-server 2022-02-14 00:11:34,816 [INFO] Reply from ptd: 'Error: no measurement to stop'
ptd-server 2022-02-14 00:11:34,816 [INFO] Sending to ptd: 'SR,V,Auto'
ptd-server 2022-02-14 00:11:39,897 [INFO] Reply from ptd: 'Range V changed'
ptd-server 2022-02-14 00:11:39,897 [INFO] Sending to ptd: 'SR,A,Auto'
ptd-server 2022-02-14 00:11:44,975 [INFO] Reply from ptd: 'Range A changed'
ptd-server 2022-02-14 00:11:44,975 [INFO] Set initial values for Amps Auto and Volts Auto
ptd-server 2022-02-14 00:11:44,975 [INFO] Stopping ptd...
