ptd-server 2022-02-15 05:44:29,088 [INFO] Got command from the client 'time'
ptd-server 2022-02-15 05:44:29,088 [INFO] Sending reply to client '1644903869.08829'
ptd-server 2022-02-15 05:44:29,090 [INFO] Got command from the client 'new,,334ef1c6-4a7f-412c-9fe7-5851508c9636'
ptd-server 2022-02-15 05:44:29,090 [INFO] Sending reply to client 'OK 2022-02-15_05-44-29,f78d938c-020c-472c-a473-67509f200d20'
ptd-server 2022-02-15 05:44:29,130 [INFO] Got command from the client 'time'
ptd-server 2022-02-15 05:44:29,130 [INFO] Sending reply to client '1644903869.130774'
ptd-server 2022-02-15 05:44:29,132 [INFO] Got command from the client 'session,2022-02-15_05-44-29,start,ranging'
ptd-server 2022-02-15 05:44:29,133 [INFO] Running PTDaemon: ['/home/anton/projects/mlperf/power/inference_v1.0/ptd-linux-x86', '-l', '/tmp/tmpxvec0g6h/ptd_logfile.txt', '-p', '8888', '49', '/dev/usbtmc0']
ptd-server 2022-02-15 05:44:46,305 [INFO] Sending to ptd: 'Hello'
ptd-server 2022-02-15 05:44:46,305 [INFO] Reply from ptd: 'Hello, PTDaemon here!'
ptd-server 2022-02-15 05:44:46,306 [INFO] Sending to ptd: 'Identify'
ptd-server 2022-02-15 05:44:46,306 [INFO] Reply from ptd: 'YokogawaWT310E,1000,1,1,1,1,0,1,1,version=1.9.2-e8c7a49a-20201208,OS=Linux 5.13.0-27-generic #29~20.04.1-Ubuntu SMP Fri Jan 14 00:32:30 UTC 2022 x86_64,mode=power,1,1,1,0,0,no_cal_date,YOKOGAWA;WT310E;C3XA04010E;F1.04'
ptd-server 2022-02-15 05:44:46,306 [INFO] Connected to PTDaemon
ptd-server 2022-02-15 05:44:46,306 [INFO] Sending to ptd: 'RR'
ptd-server 2022-02-15 05:44:46,307 [INFO] Reply from ptd: 'Ranges,0,0.500000,0,300.000000'
ptd-server 2022-02-15 05:44:46,307 [INFO] Initial range for Amps is 0.500000 for Volts is 300.000000
ptd-server 2022-02-15 05:44:46,307 [INFO] Sending to ptd: 'SR,V,Auto'
ptd-server 2022-02-15 05:44:46,809 [INFO] Reply from ptd: 'Range V changed'
ptd-server 2022-02-15 05:44:46,809 [INFO] Sending to ptd: 'SR,A,Auto'
ptd-server 2022-02-15 05:44:47,312 [INFO] Reply from ptd: 'Range A changed'
ptd-server 2022-02-15 05:44:57,315 [INFO] Starting ranging mode
ptd-server 2022-02-15 05:44:57,316 [INFO] Sending to ptd: 'Go,1000,0,2022-02-15_05-44-29_ranging'
ptd-server 2022-02-15 05:44:57,316 [INFO] Reply from ptd: 'Starting untimed measurement, maximum 500000 samples at 1000ms with 0 rampup samples'
ptd-server 2022-02-15 05:44:57,316 [INFO] Sending reply to client 'OK'
ptd-server 2022-02-15 05:55:16,723 [INFO] Got command from the client 'session,2022-02-15_05-44-29,stop,ranging'
ptd-server 2022-02-15 05:55:26,733 [INFO] Sending to ptd: 'Stop'
ptd-server 2022-02-15 05:55:26,734 [INFO] Reply from ptd: 'Stopping untimed measurement'
ptd-server 2022-02-15 05:55:27,552 [INFO] Sending reply to client 'OK'
ptd-server 2022-02-15 05:55:27,608 [INFO] Got command from the client 'time'
ptd-server 2022-02-15 05:55:27,608 [INFO] Sending reply to client '1644904527.6088867'
ptd-server 2022-02-15 05:55:27,611 [INFO] Got command from the client 'session,2022-02-15_05-44-29,start,testing'
ptd-server 2022-02-15 05:55:27,611 [INFO] Sending to ptd: 'SR,V,249.440000'
ptd-server 2022-02-15 05:55:29,112 [INFO] Reply from ptd: 'Range V changed'
ptd-server 2022-02-15 05:55:29,112 [INFO] Sending to ptd: 'SR,A,0.185330'
ptd-server 2022-02-15 05:55:30,614 [INFO] Reply from ptd: 'Range A changed'
ptd-server 2022-02-15 05:55:40,624 [INFO] Starting testing mode
ptd-server 2022-02-15 05:55:40,624 [INFO] Sending to ptd: 'Go,1000,0,2022-02-15_05-44-29_testing'
ptd-server 2022-02-15 05:55:40,624 [INFO] Reply from ptd: 'Starting untimed measurement, maximum 500000 samples at 1000ms with 0 rampup samples'
ptd-server 2022-02-15 05:55:40,625 [INFO] Sending reply to client 'OK'
ptd-server 2022-02-15 06:05:59,957 [INFO] Got command from the client 'session,2022-02-15_05-44-29,stop,testing'
ptd-server 2022-02-15 06:06:09,968 [INFO] Sending to ptd: 'Stop'
ptd-server 2022-02-15 06:06:09,968 [INFO] Reply from ptd: 'Stopping untimed measurement'
ptd-server 2022-02-15 06:06:10,380 [INFO] Sending reply to client 'OK'
ptd-server 2022-02-15 06:06:10,398 [INFO] Got command from the client 'session,2022-02-15_05-44-29,done'
ptd-server 2022-02-15 06:06:10,398 [INFO] Sending to ptd: 'Stop'
ptd-server 2022-02-15 06:06:10,626 [INFO] Reply from ptd: 'Error: no measurement to stop'
ptd-server 2022-02-15 06:06:10,626 [INFO] Sending to ptd: 'SR,V,300.000000'
ptd-server 2022-02-15 06:06:12,127 [INFO] Reply from ptd: 'Range V changed'
ptd-server 2022-02-15 06:06:12,128 [INFO] Sending to ptd: 'SR,A,0.500000'
ptd-server 2022-02-15 06:06:13,629 [INFO] Reply from ptd: 'Range A changed'
ptd-server 2022-02-15 06:06:13,629 [INFO] Set initial values for Amps 0.500000 and Volts 300.000000
ptd-server 2022-02-15 06:06:13,629 [INFO] Stopping ptd...
