ptd-server 2022-02-14 03:36:22,559 [INFO] Got command from the client 'stop'
ptd-server 2022-02-14 03:36:22,559 [INFO] The server will be stopped after processing this client
ptd-server 2022-02-14 03:36:22,559 [INFO] Sending reply to client 'OK'
ptd-server 2022-02-14 03:36:22,777 [INFO] Got command from the client 'time'
ptd-server 2022-02-14 03:36:22,777 [INFO] Sending reply to client '1644838582.7777548'
ptd-server 2022-02-14 03:36:22,777 [INFO] Got command from the client 'new,,fe729fd3-9df2-4ec1-9ca9-e414f657b852'
ptd-server 2022-02-14 03:36:22,777 [INFO] Sending reply to client 'OK 2022-02-14_03-36-22,79da03c1-854a-4b79-a200-541d82fe90e8'
ptd-server 2022-02-14 03:36:23,000 [INFO] Got command from the client 'time'
ptd-server 2022-02-14 03:36:23,000 [INFO] Sending reply to client '1644838583.0001974'
ptd-server 2022-02-14 03:36:23,000 [INFO] Got command from the client 'session,2022-02-14_03-36-22,start,ranging'
ptd-server 2022-02-14 03:36:23,109 [INFO] Running PTDaemon: ['C:\\PTD\\ptd-windows-x86.exe', '-l', 'C:\\Users\\lab\\AppData\\Local\\Temp\\tmpi0flu1zf\\ptd_logfile.txt', '-p', '8888', '-c', '1,2', '-y', '77', '10.117.40.72']
ptd-server 2022-02-14 03:36:41,256 [INFO] Sending to ptd: 'Hello'
ptd-server 2022-02-14 03:36:41,256 [INFO] Reply from ptd: 'Hello, PTDaemon here!'
ptd-server 2022-02-14 03:36:41,256 [INFO] Sending to ptd: 'Identify'
ptd-server 2022-02-14 03:36:41,256 [INFO] Reply from ptd: 'YokogawaWT330_multichannel,1000,1,1,1,1,0,0,1,version=1.9.2-3976349f-20201208,OS=Windows 8 / Server 2012,mode=power,1,1,2,0,0,no_cal_date,YOKOGAWA;WT333E;C2WC23035V;F1.04'
ptd-server 2022-02-14 03:36:41,256 [INFO] Connected to PTDaemon
ptd-server 2022-02-14 03:36:41,256 [INFO] Sending to ptd: 'RR'
ptd-server 2022-02-14 03:36:41,256 [INFO] Reply from ptd: 'Ranges,-1,-1.000000,-1,-1.000000'
ptd-server 2022-02-14 03:36:41,256 [INFO] Initial range for Amps is Auto for Volts is Auto
ptd-server 2022-02-14 03:36:41,256 [INFO] Sending to ptd: 'SR,V,Auto'
ptd-server 2022-02-14 03:36:46,327 [INFO] Reply from ptd: 'Range V changed'
ptd-server 2022-02-14 03:36:46,327 [INFO] Sending to ptd: 'SR,A,Auto'
ptd-server 2022-02-14 03:36:51,400 [INFO] Reply from ptd: 'Range A changed'
ptd-server 2022-02-14 03:37:01,409 [INFO] Starting ranging mode
ptd-server 2022-02-14 03:37:01,409 [INFO] Sending to ptd: 'Go,1000,0,2022-02-14_03-36-22_ranging'
ptd-server 2022-02-14 03:37:01,409 [INFO] Reply from ptd: 'Starting untimed measurement, maximum 500000 samples at 1000ms with 0 rampup samples'
ptd-server 2022-02-14 03:37:01,409 [INFO] Sending reply to client 'OK'
ptd-server 2022-02-14 03:47:33,491 [INFO] Got command from the client 'session,2022-02-14_03-36-22,stop,ranging'
ptd-server 2022-02-14 03:47:43,506 [INFO] Sending to ptd: 'Stop'
ptd-server 2022-02-14 03:47:43,506 [INFO] Reply from ptd: 'Stopping untimed measurement'
ptd-server 2022-02-14 03:47:43,537 [INFO] Sending reply to client 'OK'
ptd-server 2022-02-14 03:47:43,772 [INFO] Got command from the client 'time'
ptd-server 2022-02-14 03:47:43,772 [INFO] Sending reply to client '1644839263.7724621'
ptd-server 2022-02-14 03:47:43,772 [INFO] Got command from the client 'session,2022-02-14_03-36-22,start,testing'
ptd-server 2022-02-14 03:47:43,772 [INFO] Sending to ptd: 'SR,V,206.090000'
ptd-server 2022-02-14 03:47:50,505 [INFO] Reply from ptd: 'Range V changed'
ptd-server 2022-02-14 03:47:50,505 [INFO] Sending to ptd: 'SR,A,3.038400'
ptd-server 2022-02-14 03:47:56,072 [INFO] Reply from ptd: 'Range A changed'
ptd-server 2022-02-14 03:48:06,072 [INFO] Starting testing mode
ptd-server 2022-02-14 03:48:06,072 [INFO] Sending to ptd: 'Go,1000,0,2022-02-14_03-36-22_testing'
ptd-server 2022-02-14 03:48:06,072 [INFO] Reply from ptd: 'Starting untimed measurement, maximum 500000 samples at 1000ms with 0 rampup samples'
ptd-server 2022-02-14 03:48:06,072 [INFO] Sending reply to client 'OK'
ptd-server 2022-02-14 03:58:38,070 [INFO] Got command from the client 'session,2022-02-14_03-36-22,stop,testing'
ptd-server 2022-02-14 03:58:48,081 [INFO] Sending to ptd: 'Stop'
ptd-server 2022-02-14 03:58:48,081 [INFO] Reply from ptd: 'Stopping untimed measurement'
ptd-server 2022-02-14 03:58:48,096 [INFO] Sending reply to client 'OK'
ptd-server 2022-02-14 03:58:48,128 [INFO] Got command from the client 'session,2022-02-14_03-36-22,done'
ptd-server 2022-02-14 03:58:48,128 [INFO] Sending to ptd: 'Stop'
ptd-server 2022-02-14 03:58:49,078 [INFO] Reply from ptd: 'Error: no measurement to stop'
ptd-server 2022-02-14 03:58:49,078 [INFO] Sending to ptd: 'SR,V,Auto'
ptd-server 2022-02-14 03:58:54,147 [INFO] Reply from ptd: 'Range V changed'
ptd-server 2022-02-14 03:58:54,147 [INFO] Sending to ptd: 'SR,A,Auto'
ptd-server 2022-02-14 03:58:59,225 [INFO] Reply from ptd: 'Range A changed'
ptd-server 2022-02-14 03:58:59,225 [INFO] Set initial values for Amps Auto and Volts Auto
ptd-server 2022-02-14 03:58:59,225 [INFO] Stopping ptd...
