ptd-server 2022-02-18 18:21:08,557 [INFO] Got command from the client 'time'
ptd-server 2022-02-18 18:21:08,557 [INFO] Sending reply to client '1645230068.5577738'
ptd-server 2022-02-18 18:21:08,558 [INFO] Got command from the client 'new,,a1d7ba8c-89d1-455e-ab20-295072d03488'
ptd-server 2022-02-18 18:21:08,558 [INFO] Sending reply to client 'OK 2022-02-18_18-21-08,253736fe-6a2f-4b79-a88e-c5b5fe03abbd'
ptd-server 2022-02-18 18:21:08,664 [INFO] Got command from the client 'time'
ptd-server 2022-02-18 18:21:08,664 [INFO] Sending reply to client '1645230068.6649053'
ptd-server 2022-02-18 18:21:08,665 [INFO] Got command from the client 'session,2022-02-18_18-21-08,start,ranging'
ptd-server 2022-02-18 18:21:08,665 [INFO] Running PTDaemon: ['/local/mnt/workspace/mlcommons/power-main/inference_v1.0/ptd-linux-x86', '-l', '/tmp/tmpbzz3s1yx/ptd_logfile.txt', '-p', '8886', '49', '/dev/usbtmc1']
ptd-server 2022-02-18 18:21:25,699 [INFO] Sending to ptd: 'Hello'
ptd-server 2022-02-18 18:21:25,700 [INFO] Reply from ptd: 'Hello, PTDaemon here!'
ptd-server 2022-02-18 18:21:25,700 [INFO] Sending to ptd: 'Identify'
ptd-server 2022-02-18 18:21:25,700 [INFO] Reply from ptd: 'YokogawaWT310E,1000,1,1,1,1,0,1,1,version=1.9.2-e8c7a49a-20201208,OS=Linux 4.15.0-162-generic #170-Ubuntu SMP Mon Oct 18 11:38:05 UTC 2021 x86_64,mode=power,1,1,1,0,0,no_cal_date,YOKOGAWA;WT310E;C2XF16030V;F1.04'
ptd-server 2022-02-18 18:21:25,700 [INFO] Connected to PTDaemon
ptd-server 2022-02-18 18:21:25,700 [INFO] Sending to ptd: 'RR'
ptd-server 2022-02-18 18:21:25,700 [INFO] Reply from ptd: 'Ranges,1,2.000000,1,150.000000'
ptd-server 2022-02-18 18:21:25,700 [INFO] Initial range for Amps is Auto for Volts is Auto
ptd-server 2022-02-18 18:21:25,700 [INFO] Sending to ptd: 'SR,V,Auto'
ptd-server 2022-02-18 18:21:26,202 [INFO] Reply from ptd: 'Range V changed'
ptd-server 2022-02-18 18:21:26,202 [INFO] Sending to ptd: 'SR,A,Auto'
ptd-server 2022-02-18 18:21:26,704 [INFO] Reply from ptd: 'Range A changed'
ptd-server 2022-02-18 18:21:36,708 [INFO] Starting ranging mode
ptd-server 2022-02-18 18:21:36,708 [INFO] Sending to ptd: 'Go,1000,0,2022-02-18_18-21-08_ranging'
ptd-server 2022-02-18 18:21:36,708 [INFO] Reply from ptd: 'Starting untimed measurement, maximum 500000 samples at 1000ms with 0 rampup samples'
ptd-server 2022-02-18 18:21:36,708 [INFO] Sending reply to client 'OK'
ptd-server 2022-02-18 18:33:58,317 [INFO] Got command from the client 'session,2022-02-18_18-21-08,stop,ranging'
ptd-server 2022-02-18 18:34:08,327 [INFO] Sending to ptd: 'Stop'
ptd-server 2022-02-18 18:34:08,327 [INFO] Reply from ptd: 'Stopping untimed measurement'
ptd-server 2022-02-18 18:34:08,484 [INFO] Sending reply to client 'OK'
ptd-server 2022-02-18 18:34:08,581 [INFO] Got command from the client 'time'
ptd-server 2022-02-18 18:34:08,581 [INFO] Sending reply to client '1645230848.5817187'
ptd-server 2022-02-18 18:34:08,582 [INFO] Got command from the client 'session,2022-02-18_18-21-08,start,testing'
ptd-server 2022-02-18 18:34:08,582 [INFO] Sending to ptd: 'SR,V,119.730000'
ptd-server 2022-02-18 18:34:10,209 [INFO] Reply from ptd: 'Range V changed'
ptd-server 2022-02-18 18:34:10,209 [INFO] Sending to ptd: 'SR,A,3.776600'
ptd-server 2022-02-18 18:34:11,710 [INFO] Reply from ptd: 'Range A changed'
ptd-server 2022-02-18 18:34:21,720 [INFO] Starting testing mode
ptd-server 2022-02-18 18:34:21,720 [INFO] Sending to ptd: 'Go,1000,0,2022-02-18_18-21-08_testing'
ptd-server 2022-02-18 18:34:21,721 [INFO] Reply from ptd: 'Starting untimed measurement, maximum 500000 samples at 1000ms with 0 rampup samples'
ptd-server 2022-02-18 18:34:21,721 [INFO] Sending reply to client 'OK'
ptd-server 2022-02-18 18:46:43,343 [INFO] Got command from the client 'session,2022-02-18_18-21-08,stop,testing'
ptd-server 2022-02-18 18:46:53,352 [INFO] Sending to ptd: 'Stop'
ptd-server 2022-02-18 18:46:53,352 [INFO] Reply from ptd: 'Stopping untimed measurement'
ptd-server 2022-02-18 18:46:53,429 [INFO] Sending reply to client 'OK'
ptd-server 2022-02-18 18:46:53,435 [INFO] Got command from the client 'session,2022-02-18_18-21-08,done'
ptd-server 2022-02-18 18:46:53,435 [INFO] Sending to ptd: 'Stop'
ptd-server 2022-02-18 18:46:53,722 [INFO] Reply from ptd: 'Error: no measurement to stop'
ptd-server 2022-02-18 18:46:53,722 [INFO] Sending to ptd: 'SR,V,Auto'
ptd-server 2022-02-18 18:46:54,224 [INFO] Reply from ptd: 'Range V changed'
ptd-server 2022-02-18 18:46:54,224 [INFO] Sending to ptd: 'SR,A,Auto'
ptd-server 2022-02-18 18:46:54,726 [INFO] Reply from ptd: 'Range A changed'
ptd-server 2022-02-18 18:46:54,726 [INFO] Set initial values for Amps Auto and Volts Auto
ptd-server 2022-02-18 18:46:54,726 [INFO] Stopping ptd...
