ptd-server 2022-02-22 17:01:51,009 [INFO] Got command from the client 'time'
ptd-server 2022-02-22 17:01:51,009 [INFO] Sending reply to client '1645549311.009762'
ptd-server 2022-02-22 17:01:51,012 [INFO] Got command from the client 'new,,b604b1b2-d65d-4ec1-95b9-f2d6acaf9304'
ptd-server 2022-02-22 17:01:51,012 [INFO] Sending reply to client 'OK 2022-02-22_17-01-51,e34963ec-368c-446b-ba77-ec01246d4135'
ptd-server 2022-02-22 17:01:51,054 [INFO] Got command from the client 'time'
ptd-server 2022-02-22 17:01:51,055 [INFO] Sending reply to client '1645549311.0551133'
ptd-server 2022-02-22 17:01:51,056 [INFO] Got command from the client 'session,2022-02-22_17-01-51,start,ranging'
ptd-server 2022-02-22 17:01:51,057 [INFO] Running PTDaemon: ['/home/anton/projects/mlperf/power/inference_v1.0/ptd-linux-x86', '-l', '/tmp/tmpgldyt7rr/ptd_logfile.txt', '-p', '8888', '49', '/dev/usbtmc0']
ptd-server 2022-02-22 17:02:08,229 [INFO] Sending to ptd: 'Hello'
ptd-server 2022-02-22 17:02:08,230 [INFO] Reply from ptd: 'Hello, PTDaemon here!'
ptd-server 2022-02-22 17:02:08,230 [INFO] Sending to ptd: 'Identify'
ptd-server 2022-02-22 17:02:08,231 [INFO] Reply from ptd: 'YokogawaWT310E,1000,1,1,1,1,0,1,1,version=1.9.2-e8c7a49a-20201208,OS=Linux 5.13.0-28-generic #31~20.04.1-Ubuntu SMP Wed Jan 19 14:08:10 UTC 2022 x86_64,mode=power,1,1,1,0,0,no_cal_date,YOKOGAWA;WT310E;C3XA04010E;F1.04'
ptd-server 2022-02-22 17:02:08,231 [INFO] Connected to PTDaemon
ptd-server 2022-02-22 17:02:08,231 [INFO] Sending to ptd: 'RR'
ptd-server 2022-02-22 17:02:08,231 [INFO] Reply from ptd: 'Ranges,0,0.500000,0,300.000000'
ptd-server 2022-02-22 17:02:08,231 [INFO] Initial range for Amps is 0.500000 for Volts is 300.000000
ptd-server 2022-02-22 17:02:08,232 [INFO] Sending to ptd: 'SR,V,Auto'
ptd-server 2022-02-22 17:02:08,734 [INFO] Reply from ptd: 'Range V changed'
ptd-server 2022-02-22 17:02:08,734 [INFO] Sending to ptd: 'SR,A,Auto'
ptd-server 2022-02-22 17:02:09,237 [INFO] Reply from ptd: 'Range A changed'
ptd-server 2022-02-22 17:02:19,247 [INFO] Starting ranging mode
ptd-server 2022-02-22 17:02:19,247 [INFO] Sending to ptd: 'Go,1000,0,2022-02-22_17-01-51_ranging'
ptd-server 2022-02-22 17:02:19,248 [INFO] Reply from ptd: 'Starting untimed measurement, maximum 500000 samples at 1000ms with 0 rampup samples'
ptd-server 2022-02-22 17:02:19,248 [INFO] Sending reply to client 'OK'
ptd-server 2022-02-22 17:12:48,495 [INFO] Got command from the client 'session,2022-02-22_17-01-51,stop,ranging'
ptd-server 2022-02-22 17:12:58,506 [INFO] Sending to ptd: 'Stop'
ptd-server 2022-02-22 17:12:58,506 [INFO] Reply from ptd: 'Stopping untimed measurement'
ptd-server 2022-02-22 17:12:59,257 [INFO] Sending reply to client 'OK'
ptd-server 2022-02-22 17:12:59,320 [INFO] Got command from the client 'time'
ptd-server 2022-02-22 17:12:59,320 [INFO] Sending reply to client '1645549979.3202233'
ptd-server 2022-02-22 17:12:59,322 [INFO] Got command from the client 'session,2022-02-22_17-01-51,start,testing'
ptd-server 2022-02-22 17:12:59,322 [INFO] Sending to ptd: 'SR,V,249.370000'
ptd-server 2022-02-22 17:13:00,823 [INFO] Reply from ptd: 'Range V changed'
ptd-server 2022-02-22 17:13:00,823 [INFO] Sending to ptd: 'SR,A,0.053410'
ptd-server 2022-02-22 17:13:02,325 [INFO] Reply from ptd: 'Range A changed'
ptd-server 2022-02-22 17:13:12,335 [INFO] Starting testing mode
ptd-server 2022-02-22 17:13:12,335 [INFO] Sending to ptd: 'Go,1000,0,2022-02-22_17-01-51_testing'
ptd-server 2022-02-22 17:13:12,336 [INFO] Reply from ptd: 'Starting untimed measurement, maximum 500000 samples at 1000ms with 0 rampup samples'
ptd-server 2022-02-22 17:13:12,336 [INFO] Sending reply to client 'OK'
ptd-server 2022-02-22 17:23:41,142 [INFO] Got command from the client 'session,2022-02-22_17-01-51,stop,testing'
ptd-server 2022-02-22 17:23:51,152 [INFO] Sending to ptd: 'Stop'
ptd-server 2022-02-22 17:23:51,152 [INFO] Reply from ptd: 'Stopping untimed measurement'
ptd-server 2022-02-22 17:23:51,544 [INFO] Sending reply to client 'OK'
ptd-server 2022-02-22 17:23:51,562 [INFO] Got command from the client 'session,2022-02-22_17-01-51,done'
ptd-server 2022-02-22 17:23:51,562 [INFO] Sending to ptd: 'Stop'
ptd-server 2022-02-22 17:23:51,563 [INFO] Reply from ptd: 'Error: no measurement to stop'
ptd-server 2022-02-22 17:23:51,563 [INFO] Sending to ptd: 'SR,V,300.000000'
ptd-server 2022-02-22 17:23:53,064 [INFO] Reply from ptd: 'Range V changed'
ptd-server 2022-02-22 17:23:53,064 [INFO] Sending to ptd: 'SR,A,0.500000'
ptd-server 2022-02-22 17:23:54,566 [INFO] Reply from ptd: 'Range A changed'
ptd-server 2022-02-22 17:23:54,566 [INFO] Set initial values for Amps 0.500000 and Volts 300.000000
ptd-server 2022-02-22 17:23:54,566 [INFO] Stopping ptd...
