ptd-server 2022-02-20 20:20:15,071 [INFO] Got command from the client 'time'
ptd-server 2022-02-20 20:20:15,071 [INFO] Sending reply to client '1645388415.071406'
ptd-server 2022-02-20 20:20:15,073 [INFO] Got command from the client 'new,,7b67a720-9ef6-48c5-96cd-ba8bed0b2007'
ptd-server 2022-02-20 20:20:15,073 [INFO] Sending reply to client 'OK 2022-02-20_20-20-15,5b044d83-4188-4ab5-9a38-203202f66a6a'
ptd-server 2022-02-20 20:20:15,106 [INFO] Got command from the client 'time'
ptd-server 2022-02-20 20:20:15,107 [INFO] Sending reply to client '1645388415.1070914'
ptd-server 2022-02-20 20:20:15,108 [INFO] Got command from the client 'session,2022-02-20_20-20-15,start,ranging'
ptd-server 2022-02-20 20:20:15,109 [INFO] Running PTDaemon: ['/home/anton/projects/mlperf/power/inference_v1.0/ptd-linux-x86', '-l', '/tmp/tmpgldyt7rr/ptd_logfile.txt', '-p', '8888', '49', '/dev/usbtmc0']
ptd-server 2022-02-20 20:20:32,279 [INFO] Sending to ptd: 'Hello'
ptd-server 2022-02-20 20:20:32,280 [INFO] Reply from ptd: 'Hello, PTDaemon here!'
ptd-server 2022-02-20 20:20:32,280 [INFO] Sending to ptd: 'Identify'
ptd-server 2022-02-20 20:20:32,280 [INFO] Reply from ptd: 'YokogawaWT310E,1000,1,1,1,1,0,1,1,version=1.9.2-e8c7a49a-20201208,OS=Linux 5.13.0-28-generic #31~20.04.1-Ubuntu SMP Wed Jan 19 14:08:10 UTC 2022 x86_64,mode=power,1,1,1,0,0,no_cal_date,YOKOGAWA;WT310E;C3XA04010E;F1.04'
ptd-server 2022-02-20 20:20:32,280 [INFO] Connected to PTDaemon
ptd-server 2022-02-20 20:20:32,281 [INFO] Sending to ptd: 'RR'
ptd-server 2022-02-20 20:20:32,281 [INFO] Reply from ptd: 'Ranges,0,0.500000,0,300.000000'
ptd-server 2022-02-20 20:20:32,281 [INFO] Initial range for Amps is 0.500000 for Volts is 300.000000
ptd-server 2022-02-20 20:20:32,281 [INFO] Sending to ptd: 'SR,V,Auto'
ptd-server 2022-02-20 20:20:32,783 [INFO] Reply from ptd: 'Range V changed'
ptd-server 2022-02-20 20:20:32,784 [INFO] Sending to ptd: 'SR,A,Auto'
ptd-server 2022-02-20 20:20:33,286 [INFO] Reply from ptd: 'Range A changed'
ptd-server 2022-02-20 20:20:43,296 [INFO] Starting ranging mode
ptd-server 2022-02-20 20:20:43,296 [INFO] Sending to ptd: 'Go,1000,0,2022-02-20_20-20-15_ranging'
ptd-server 2022-02-20 20:20:43,297 [INFO] Reply from ptd: 'Starting untimed measurement, maximum 500000 samples at 1000ms with 0 rampup samples'
ptd-server 2022-02-20 20:20:43,297 [INFO] Sending reply to client 'OK'
ptd-server 2022-02-20 20:31:05,444 [INFO] Got command from the client 'session,2022-02-20_20-20-15,stop,ranging'
ptd-server 2022-02-20 20:31:15,454 [INFO] Sending to ptd: 'Stop'
ptd-server 2022-02-20 20:31:15,455 [INFO] Reply from ptd: 'Stopping untimed measurement'
ptd-server 2022-02-20 20:31:15,970 [INFO] Sending reply to client 'OK'
ptd-server 2022-02-20 20:31:16,055 [INFO] Got command from the client 'time'
ptd-server 2022-02-20 20:31:16,056 [INFO] Sending reply to client '1645389076.0560255'
ptd-server 2022-02-20 20:31:16,059 [INFO] Got command from the client 'session,2022-02-20_20-20-15,start,testing'
ptd-server 2022-02-20 20:31:16,060 [INFO] Sending to ptd: 'SR,V,251.440000'
ptd-server 2022-02-20 20:31:17,799 [INFO] Reply from ptd: 'Range V changed'
ptd-server 2022-02-20 20:31:17,799 [INFO] Sending to ptd: 'SR,A,0.042650'
ptd-server 2022-02-20 20:31:19,300 [INFO] Reply from ptd: 'Range A changed'
ptd-server 2022-02-20 20:31:29,310 [INFO] Starting testing mode
ptd-server 2022-02-20 20:31:29,311 [INFO] Sending to ptd: 'Go,1000,0,2022-02-20_20-20-15_testing'
ptd-server 2022-02-20 20:31:29,311 [INFO] Reply from ptd: 'Starting untimed measurement, maximum 500000 samples at 1000ms with 0 rampup samples'
ptd-server 2022-02-20 20:31:29,311 [INFO] Sending reply to client 'OK'
ptd-server 2022-02-20 20:41:52,451 [INFO] Got command from the client 'session,2022-02-20_20-20-15,stop,testing'
ptd-server 2022-02-20 20:42:02,462 [INFO] Sending to ptd: 'Stop'
ptd-server 2022-02-20 20:42:02,462 [INFO] Reply from ptd: 'Stopping untimed measurement'
ptd-server 2022-02-20 20:42:02,732 [INFO] Sending reply to client 'OK'
ptd-server 2022-02-20 20:42:02,761 [INFO] Got command from the client 'session,2022-02-20_20-20-15,done'
ptd-server 2022-02-20 20:42:02,761 [INFO] Sending to ptd: 'Stop'
ptd-server 2022-02-20 20:42:03,311 [INFO] Reply from ptd: 'Error: no measurement to stop'
ptd-server 2022-02-20 20:42:03,311 [INFO] Sending to ptd: 'SR,V,300.000000'
ptd-server 2022-02-20 20:42:04,813 [INFO] Reply from ptd: 'Range V changed'
ptd-server 2022-02-20 20:42:04,813 [INFO] Sending to ptd: 'SR,A,0.500000'
ptd-server 2022-02-20 20:42:06,314 [INFO] Reply from ptd: 'Range A changed'
ptd-server 2022-02-20 20:42:06,314 [INFO] Set initial values for Amps 0.500000 and Volts 300.000000
ptd-server 2022-02-20 20:42:06,315 [INFO] Stopping ptd...
