ptd-server 2022-02-24 00:35:05,747 [INFO] Got command from the client 'time'
ptd-server 2022-02-24 00:35:05,747 [INFO] Sending reply to client '1645662905.747859'
ptd-server 2022-02-24 00:35:05,750 [INFO] Got command from the client 'new,,4fb632bc-91d0-4389-84fe-bfbbcf5548db'
ptd-server 2022-02-24 00:35:05,750 [INFO] Sending reply to client 'OK 2022-02-24_00-35-05,a4cbf206-3af4-45fb-9d2f-73c0bc45bd06'
ptd-server 2022-02-24 00:35:05,787 [INFO] Got command from the client 'time'
ptd-server 2022-02-24 00:35:05,787 [INFO] Sending reply to client '1645662905.7875304'
ptd-server 2022-02-24 00:35:05,789 [INFO] Got command from the client 'session,2022-02-24_00-35-05,start,ranging'
ptd-server 2022-02-24 00:35:05,789 [INFO] Running PTDaemon: ['/home/anton/projects/mlperf/power/inference_v1.0/ptd-linux-x86', '-l', '/tmp/tmp0_fn53vp/ptd_logfile.txt', '-p', '8888', '49', '/dev/usbtmc0']
ptd-server 2022-02-24 00:35:22,962 [INFO] Sending to ptd: 'Hello'
ptd-server 2022-02-24 00:35:22,963 [INFO] Reply from ptd: 'Hello, PTDaemon here!'
ptd-server 2022-02-24 00:35:22,963 [INFO] Sending to ptd: 'Identify'
ptd-server 2022-02-24 00:35:22,963 [INFO] Reply from ptd: 'YokogawaWT310E,1000,1,1,1,1,0,1,1,version=1.9.2-e8c7a49a-20201208,OS=Linux 5.13.0-30-generic #33~20.04.1-Ubuntu SMP Mon Feb 7 14:25:10 UTC 2022 x86_64,mode=power,1,1,1,0,0,no_cal_date,YOKOGAWA;WT310E;C3XA04010E;F1.04'
ptd-server 2022-02-24 00:35:22,963 [INFO] Connected to PTDaemon
ptd-server 2022-02-24 00:35:22,963 [INFO] Sending to ptd: 'RR'
ptd-server 2022-02-24 00:35:22,964 [INFO] Reply from ptd: 'Ranges,0,0.500000,1,300.000000'
ptd-server 2022-02-24 00:35:22,964 [INFO] Initial range for Amps is 0.500000 for Volts is Auto
ptd-server 2022-02-24 00:35:22,964 [INFO] Sending to ptd: 'SR,V,Auto'
ptd-server 2022-02-24 00:35:23,467 [INFO] Reply from ptd: 'Range V changed'
ptd-server 2022-02-24 00:35:23,467 [INFO] Sending to ptd: 'SR,A,Auto'
ptd-server 2022-02-24 00:35:23,969 [INFO] Reply from ptd: 'Range A changed'
ptd-server 2022-02-24 00:35:33,979 [INFO] Starting ranging mode
ptd-server 2022-02-24 00:35:33,980 [INFO] Sending to ptd: 'Go,1000,0,2022-02-24_00-35-05_ranging'
ptd-server 2022-02-24 00:35:33,980 [INFO] Reply from ptd: 'Starting untimed measurement, maximum 500000 samples at 1000ms with 0 rampup samples'
ptd-server 2022-02-24 00:35:33,980 [INFO] Sending reply to client 'OK'
ptd-server 2022-02-24 00:45:56,389 [INFO] Got command from the client 'session,2022-02-24_00-35-05,stop,ranging'
ptd-server 2022-02-24 00:46:06,399 [INFO] Sending to ptd: 'Stop'
ptd-server 2022-02-24 00:46:06,400 [INFO] Reply from ptd: 'Stopping untimed measurement'
ptd-server 2022-02-24 00:46:06,433 [INFO] Sending reply to client 'OK'
ptd-server 2022-02-24 00:46:06,495 [INFO] Got command from the client 'time'
ptd-server 2022-02-24 00:46:06,495 [INFO] Sending reply to client '1645663566.4956827'
ptd-server 2022-02-24 00:46:06,497 [INFO] Got command from the client 'session,2022-02-24_00-35-05,start,testing'
ptd-server 2022-02-24 00:46:06,497 [INFO] Sending to ptd: 'SR,V,249.330000'
ptd-server 2022-02-24 00:46:08,481 [INFO] Reply from ptd: 'Range V changed'
ptd-server 2022-02-24 00:46:08,481 [INFO] Sending to ptd: 'SR,A,0.046330'
ptd-server 2022-02-24 00:46:09,983 [INFO] Reply from ptd: 'Range A changed'
ptd-server 2022-02-24 00:46:19,993 [INFO] Starting testing mode
ptd-server 2022-02-24 00:46:19,993 [INFO] Sending to ptd: 'Go,1000,0,2022-02-24_00-35-05_testing'
ptd-server 2022-02-24 00:46:19,994 [INFO] Reply from ptd: 'Starting untimed measurement, maximum 500000 samples at 1000ms with 0 rampup samples'
ptd-server 2022-02-24 00:46:19,994 [INFO] Sending reply to client 'OK'
ptd-server 2022-02-24 00:56:42,371 [INFO] Got command from the client 'session,2022-02-24_00-35-05,stop,testing'
ptd-server 2022-02-24 00:56:52,381 [INFO] Sending to ptd: 'Stop'
ptd-server 2022-02-24 00:56:52,382 [INFO] Reply from ptd: 'Stopping untimed measurement'
ptd-server 2022-02-24 00:56:52,399 [INFO] Sending reply to client 'OK'
ptd-server 2022-02-24 00:56:52,417 [INFO] Got command from the client 'session,2022-02-24_00-35-05,done'
ptd-server 2022-02-24 00:56:52,417 [INFO] Sending to ptd: 'Stop'
ptd-server 2022-02-24 00:56:52,994 [INFO] Reply from ptd: 'Error: no measurement to stop'
ptd-server 2022-02-24 00:56:52,994 [INFO] Sending to ptd: 'SR,V,Auto'
ptd-server 2022-02-24 00:56:53,497 [INFO] Reply from ptd: 'Range V changed'
ptd-server 2022-02-24 00:56:53,497 [INFO] Sending to ptd: 'SR,A,0.500000'
ptd-server 2022-02-24 00:56:54,998 [INFO] Reply from ptd: 'Range A changed'
ptd-server 2022-02-24 00:56:54,998 [INFO] Set initial values for Amps 0.500000 and Volts Auto
ptd-server 2022-02-24 00:56:54,999 [INFO] Stopping ptd...
