ptd-server 2022-02-24 11:42:12,660 [INFO] Got command from the client 'time'
ptd-server 2022-02-24 11:42:12,660 [INFO] Sending reply to client '1645702932.6609519'
ptd-server 2022-02-24 11:42:12,663 [INFO] Got command from the client 'new,,f03ead91-a428-4dd6-afba-197d42d80f42'
ptd-server 2022-02-24 11:42:12,663 [INFO] Sending reply to client 'OK 2022-02-24_11-42-12,920c75ef-4b11-467a-9ddf-c6b2b18bea68'
ptd-server 2022-02-24 11:42:12,701 [INFO] Got command from the client 'time'
ptd-server 2022-02-24 11:42:12,701 [INFO] Sending reply to client '1645702932.7011743'
ptd-server 2022-02-24 11:42:12,703 [INFO] Got command from the client 'session,2022-02-24_11-42-12,start,ranging'
ptd-server 2022-02-24 11:42:12,703 [INFO] Running PTDaemon: ['/home/anton/projects/mlperf/power/inference_v1.0/ptd-linux-x86', '-l', '/tmp/tmp0_fn53vp/ptd_logfile.txt', '-p', '8888', '49', '/dev/usbtmc0']
ptd-server 2022-02-24 11:42:29,878 [INFO] Sending to ptd: 'Hello'
ptd-server 2022-02-24 11:42:29,879 [INFO] Reply from ptd: 'Hello, PTDaemon here!'
ptd-server 2022-02-24 11:42:29,879 [INFO] Sending to ptd: 'Identify'
ptd-server 2022-02-24 11:42:29,879 [INFO] Reply from ptd: 'YokogawaWT310E,1000,1,1,1,1,0,1,1,version=1.9.2-e8c7a49a-20201208,OS=Linux 5.13.0-30-generic #33~20.04.1-Ubuntu SMP Mon Feb 7 14:25:10 UTC 2022 x86_64,mode=power,1,1,1,0,0,no_cal_date,YOKOGAWA;WT310E;C3XA04010E;F1.04'
ptd-server 2022-02-24 11:42:29,879 [INFO] Connected to PTDaemon
ptd-server 2022-02-24 11:42:29,879 [INFO] Sending to ptd: 'RR'
ptd-server 2022-02-24 11:42:29,880 [INFO] Reply from ptd: 'Ranges,0,0.500000,1,300.000000'
ptd-server 2022-02-24 11:42:29,880 [INFO] Initial range for Amps is 0.500000 for Volts is Auto
ptd-server 2022-02-24 11:42:29,880 [INFO] Sending to ptd: 'SR,V,Auto'
ptd-server 2022-02-24 11:42:30,382 [INFO] Reply from ptd: 'Range V changed'
ptd-server 2022-02-24 11:42:30,382 [INFO] Sending to ptd: 'SR,A,Auto'
ptd-server 2022-02-24 11:42:30,885 [INFO] Reply from ptd: 'Range A changed'
ptd-server 2022-02-24 11:42:40,895 [INFO] Starting ranging mode
ptd-server 2022-02-24 11:42:40,895 [INFO] Sending to ptd: 'Go,1000,0,2022-02-24_11-42-12_ranging'
ptd-server 2022-02-24 11:42:40,896 [INFO] Reply from ptd: 'Starting untimed measurement, maximum 500000 samples at 1000ms with 0 rampup samples'
ptd-server 2022-02-24 11:42:40,896 [INFO] Sending reply to client 'OK'
ptd-server 2022-02-24 11:53:03,942 [INFO] Got command from the client 'session,2022-02-24_11-42-12,stop,ranging'
ptd-server 2022-02-24 11:53:13,953 [INFO] Sending to ptd: 'Stop'
ptd-server 2022-02-24 11:53:13,953 [INFO] Reply from ptd: 'Stopping untimed measurement'
ptd-server 2022-02-24 11:53:14,064 [INFO] Sending reply to client 'OK'
ptd-server 2022-02-24 11:53:14,135 [INFO] Got command from the client 'time'
ptd-server 2022-02-24 11:53:14,135 [INFO] Sending reply to client '1645703594.1359499'
ptd-server 2022-02-24 11:53:14,137 [INFO] Got command from the client 'session,2022-02-24_11-42-12,start,testing'
ptd-server 2022-02-24 11:53:14,138 [INFO] Sending to ptd: 'SR,V,251.720000'
ptd-server 2022-02-24 11:53:16,397 [INFO] Reply from ptd: 'Range V changed'
ptd-server 2022-02-24 11:53:16,398 [INFO] Sending to ptd: 'SR,A,0.041950'
ptd-server 2022-02-24 11:53:17,899 [INFO] Reply from ptd: 'Range A changed'
ptd-server 2022-02-24 11:53:27,909 [INFO] Starting testing mode
ptd-server 2022-02-24 11:53:27,909 [INFO] Sending to ptd: 'Go,1000,0,2022-02-24_11-42-12_testing'
ptd-server 2022-02-24 11:53:27,910 [INFO] Reply from ptd: 'Starting untimed measurement, maximum 500000 samples at 1000ms with 0 rampup samples'
ptd-server 2022-02-24 11:53:27,910 [INFO] Sending reply to client 'OK'
ptd-server 2022-02-24 12:03:50,568 [INFO] Got command from the client 'session,2022-02-24_11-42-12,stop,testing'
ptd-server 2022-02-24 12:04:00,578 [INFO] Sending to ptd: 'Stop'
ptd-server 2022-02-24 12:04:00,579 [INFO] Reply from ptd: 'Stopping untimed measurement'
ptd-server 2022-02-24 12:04:00,634 [INFO] Sending reply to client 'OK'
ptd-server 2022-02-24 12:04:00,653 [INFO] Got command from the client 'session,2022-02-24_11-42-12,done'
ptd-server 2022-02-24 12:04:00,653 [INFO] Sending to ptd: 'Stop'
ptd-server 2022-02-24 12:04:00,910 [INFO] Reply from ptd: 'Error: no measurement to stop'
ptd-server 2022-02-24 12:04:00,911 [INFO] Sending to ptd: 'SR,V,Auto'
ptd-server 2022-02-24 12:04:01,413 [INFO] Reply from ptd: 'Range V changed'
ptd-server 2022-02-24 12:04:01,413 [INFO] Sending to ptd: 'SR,A,0.500000'
ptd-server 2022-02-24 12:04:02,915 [INFO] Reply from ptd: 'Range A changed'
ptd-server 2022-02-24 12:04:02,915 [INFO] Set initial values for Amps 0.500000 and Volts Auto
ptd-server 2022-02-24 12:04:02,915 [INFO] Stopping ptd...
