ptd-server 2022-02-13 23:34:50,519 [INFO] Got command from the client 'time'
ptd-server 2022-02-13 23:34:50,519 [INFO] Sending reply to client '1644795290.5198684'
ptd-server 2022-02-13 23:34:50,522 [INFO] Got command from the client 'new,,6924d6f7-2d84-4bc4-a0e4-9ab1f508ab9c'
ptd-server 2022-02-13 23:34:50,522 [INFO] Sending reply to client 'OK 2022-02-13_23-34-50,07a65110-68e9-404f-ac77-e8509de3b4c1'
ptd-server 2022-02-13 23:34:50,556 [INFO] Got command from the client 'time'
ptd-server 2022-02-13 23:34:50,557 [INFO] Sending reply to client '1644795290.5570288'
ptd-server 2022-02-13 23:34:50,558 [INFO] Got command from the client 'session,2022-02-13_23-34-50,start,ranging'
ptd-server 2022-02-13 23:34:50,559 [INFO] Running PTDaemon: ['/home/anton/projects/mlperf/power/inference_v1.0/ptd-linux-x86', '-l', '/tmp/tmpxvec0g6h/ptd_logfile.txt', '-p', '8888', '49', '/dev/usbtmc0']
ptd-server 2022-02-13 23:35:07,732 [INFO] Sending to ptd: 'Hello'
ptd-server 2022-02-13 23:35:07,732 [INFO] Reply from ptd: 'Hello, PTDaemon here!'
ptd-server 2022-02-13 23:35:07,732 [INFO] Sending to ptd: 'Identify'
ptd-server 2022-02-13 23:35:07,733 [INFO] Reply from ptd: 'YokogawaWT310E,1000,1,1,1,1,0,1,1,version=1.9.2-e8c7a49a-20201208,OS=Linux 5.13.0-27-generic #29~20.04.1-Ubuntu SMP Fri Jan 14 00:32:30 UTC 2022 x86_64,mode=power,1,1,1,0,0,no_cal_date,YOKOGAWA;WT310E;C3XA04010E;F1.04'
ptd-server 2022-02-13 23:35:07,733 [INFO] Connected to PTDaemon
ptd-server 2022-02-13 23:35:07,733 [INFO] Sending to ptd: 'RR'
ptd-server 2022-02-13 23:35:07,733 [INFO] Reply from ptd: 'Ranges,0,0.500000,0,300.000000'
ptd-server 2022-02-13 23:35:07,733 [INFO] Initial range for Amps is 0.500000 for Volts is 300.000000
ptd-server 2022-02-13 23:35:07,734 [INFO] Sending to ptd: 'SR,V,Auto'
ptd-server 2022-02-13 23:35:08,236 [INFO] Reply from ptd: 'Range V changed'
ptd-server 2022-02-13 23:35:08,236 [INFO] Sending to ptd: 'SR,A,Auto'
ptd-server 2022-02-13 23:35:08,739 [INFO] Reply from ptd: 'Range A changed'
ptd-server 2022-02-13 23:35:18,749 [INFO] Starting ranging mode
ptd-server 2022-02-13 23:35:18,749 [INFO] Sending to ptd: 'Go,1000,0,2022-02-13_23-34-50_ranging'
ptd-server 2022-02-13 23:35:18,750 [INFO] Reply from ptd: 'Starting untimed measurement, maximum 500000 samples at 1000ms with 0 rampup samples'
ptd-server 2022-02-13 23:35:18,750 [INFO] Sending reply to client 'OK'
ptd-server 2022-02-13 23:45:36,180 [INFO] Got command from the client 'session,2022-02-13_23-34-50,stop,ranging'
ptd-server 2022-02-13 23:45:46,191 [INFO] Sending to ptd: 'Stop'
ptd-server 2022-02-13 23:45:46,191 [INFO] Reply from ptd: 'Stopping untimed measurement'
ptd-server 2022-02-13 23:45:46,862 [INFO] Sending reply to client 'OK'
ptd-server 2022-02-13 23:45:46,923 [INFO] Got command from the client 'time'
ptd-server 2022-02-13 23:45:46,923 [INFO] Sending reply to client '1644795946.923206'
ptd-server 2022-02-13 23:45:46,925 [INFO] Got command from the client 'session,2022-02-13_23-34-50,start,testing'
ptd-server 2022-02-13 23:45:46,925 [INFO] Sending to ptd: 'SR,V,251.710000'
ptd-server 2022-02-13 23:45:48,427 [INFO] Reply from ptd: 'Range V changed'
ptd-server 2022-02-13 23:45:48,427 [INFO] Sending to ptd: 'SR,A,0.138520'
ptd-server 2022-02-13 23:45:49,928 [INFO] Reply from ptd: 'Range A changed'
ptd-server 2022-02-13 23:45:59,939 [INFO] Starting testing mode
ptd-server 2022-02-13 23:45:59,939 [INFO] Sending to ptd: 'Go,1000,0,2022-02-13_23-34-50_testing'
ptd-server 2022-02-13 23:45:59,939 [INFO] Reply from ptd: 'Starting untimed measurement, maximum 500000 samples at 1000ms with 0 rampup samples'
ptd-server 2022-02-13 23:45:59,939 [INFO] Sending reply to client 'OK'
ptd-server 2022-02-13 23:56:15,747 [INFO] Got command from the client 'session,2022-02-13_23-34-50,stop,testing'
ptd-server 2022-02-13 23:56:25,758 [INFO] Sending to ptd: 'Stop'
ptd-server 2022-02-13 23:56:25,758 [INFO] Reply from ptd: 'Stopping untimed measurement'
ptd-server 2022-02-13 23:56:26,105 [INFO] Sending reply to client 'OK'
ptd-server 2022-02-13 23:56:26,123 [INFO] Got command from the client 'session,2022-02-13_23-34-50,done'
ptd-server 2022-02-13 23:56:26,124 [INFO] Sending to ptd: 'Stop'
ptd-server 2022-02-13 23:56:26,124 [INFO] Reply from ptd: 'Error: no measurement to stop'
ptd-server 2022-02-13 23:56:26,124 [INFO] Sending to ptd: 'SR,V,300.000000'
ptd-server 2022-02-13 23:56:27,625 [INFO] Reply from ptd: 'Range V changed'
ptd-server 2022-02-13 23:56:27,626 [INFO] Sending to ptd: 'SR,A,0.500000'
ptd-server 2022-02-13 23:56:29,128 [INFO] Reply from ptd: 'Range A changed'
ptd-server 2022-02-13 23:56:29,128 [INFO] Set initial values for Amps 0.500000 and Volts 300.000000
ptd-server 2022-02-13 23:56:29,128 [INFO] Stopping ptd...
