ptd-server 2022-02-24 07:10:45,947 [INFO] Got command from the client 'time'
ptd-server 2022-02-24 07:10:45,947 [INFO] Sending reply to client '1645686645.9472697'
ptd-server 2022-02-24 07:10:45,949 [INFO] Got command from the client 'new,,82f52595-9f4c-4724-a666-d58cba7d314b'
ptd-server 2022-02-24 07:10:45,949 [INFO] Sending reply to client 'OK 2022-02-24_07-10-45,23a2948b-9d07-43e6-afd4-1d242ba2c8df'
ptd-server 2022-02-24 07:10:45,987 [INFO] Got command from the client 'time'
ptd-server 2022-02-24 07:10:45,987 [INFO] Sending reply to client '1645686645.987173'
ptd-server 2022-02-24 07:10:45,989 [INFO] Got command from the client 'session,2022-02-24_07-10-45,start,ranging'
ptd-server 2022-02-24 07:10:45,989 [INFO] Running PTDaemon: ['/home/anton/projects/mlperf/power/inference_v1.0/ptd-linux-x86', '-l', '/tmp/tmp0_fn53vp/ptd_logfile.txt', '-p', '8888', '49', '/dev/usbtmc0']
ptd-server 2022-02-24 07:11:03,162 [INFO] Sending to ptd: 'Hello'
ptd-server 2022-02-24 07:11:03,163 [INFO] Reply from ptd: 'Hello, PTDaemon here!'
ptd-server 2022-02-24 07:11:03,163 [INFO] Sending to ptd: 'Identify'
ptd-server 2022-02-24 07:11:03,163 [INFO] Reply from ptd: 'YokogawaWT310E,1000,1,1,1,1,0,1,1,version=1.9.2-e8c7a49a-20201208,OS=Linux 5.13.0-30-generic #33~20.04.1-Ubuntu SMP Mon Feb 7 14:25:10 UTC 2022 x86_64,mode=power,1,1,1,0,0,no_cal_date,YOKOGAWA;WT310E;C3XA04010E;F1.04'
ptd-server 2022-02-24 07:11:03,163 [INFO] Connected to PTDaemon
ptd-server 2022-02-24 07:11:03,164 [INFO] Sending to ptd: 'RR'
ptd-server 2022-02-24 07:11:03,164 [INFO] Reply from ptd: 'Ranges,0,0.500000,1,300.000000'
ptd-server 2022-02-24 07:11:03,164 [INFO] Initial range for Amps is 0.500000 for Volts is Auto
ptd-server 2022-02-24 07:11:03,164 [INFO] Sending to ptd: 'SR,V,Auto'
ptd-server 2022-02-24 07:11:03,667 [INFO] Reply from ptd: 'Range V changed'
ptd-server 2022-02-24 07:11:03,667 [INFO] Sending to ptd: 'SR,A,Auto'
ptd-server 2022-02-24 07:11:04,169 [INFO] Reply from ptd: 'Range A changed'
ptd-server 2022-02-24 07:11:14,180 [INFO] Starting ranging mode
ptd-server 2022-02-24 07:11:14,180 [INFO] Sending to ptd: 'Go,1000,0,2022-02-24_07-10-45_ranging'
ptd-server 2022-02-24 07:11:14,180 [INFO] Reply from ptd: 'Starting untimed measurement, maximum 500000 samples at 1000ms with 0 rampup samples'
ptd-server 2022-02-24 07:11:14,180 [INFO] Sending reply to client 'OK'
ptd-server 2022-02-24 07:21:36,872 [INFO] Got command from the client 'session,2022-02-24_07-10-45,stop,ranging'
ptd-server 2022-02-24 07:21:46,874 [INFO] Sending to ptd: 'Stop'
ptd-server 2022-02-24 07:21:46,875 [INFO] Reply from ptd: 'Stopping untimed measurement'
ptd-server 2022-02-24 07:21:46,959 [INFO] Sending reply to client 'OK'
ptd-server 2022-02-24 07:21:47,029 [INFO] Got command from the client 'time'
ptd-server 2022-02-24 07:21:47,029 [INFO] Sending reply to client '1645687307.0294776'
ptd-server 2022-02-24 07:21:47,031 [INFO] Got command from the client 'session,2022-02-24_07-10-45,start,testing'
ptd-server 2022-02-24 07:21:47,031 [INFO] Sending to ptd: 'SR,V,248.310000'
ptd-server 2022-02-24 07:21:48,681 [INFO] Reply from ptd: 'Range V changed'
ptd-server 2022-02-24 07:21:48,681 [INFO] Sending to ptd: 'SR,A,0.052000'
ptd-server 2022-02-24 07:21:50,183 [INFO] Reply from ptd: 'Range A changed'
ptd-server 2022-02-24 07:22:00,193 [INFO] Starting testing mode
ptd-server 2022-02-24 07:22:00,193 [INFO] Sending to ptd: 'Go,1000,0,2022-02-24_07-10-45_testing'
ptd-server 2022-02-24 07:22:00,194 [INFO] Reply from ptd: 'Starting untimed measurement, maximum 500000 samples at 1000ms with 0 rampup samples'
ptd-server 2022-02-24 07:22:00,194 [INFO] Sending reply to client 'OK'
ptd-server 2022-02-24 07:32:22,672 [INFO] Got command from the client 'session,2022-02-24_07-10-45,stop,testing'
ptd-server 2022-02-24 07:32:32,682 [INFO] Sending to ptd: 'Stop'
ptd-server 2022-02-24 07:32:32,683 [INFO] Reply from ptd: 'Stopping untimed measurement'
ptd-server 2022-02-24 07:32:32,725 [INFO] Sending reply to client 'OK'
ptd-server 2022-02-24 07:32:32,745 [INFO] Got command from the client 'session,2022-02-24_07-10-45,done'
ptd-server 2022-02-24 07:32:32,745 [INFO] Sending to ptd: 'Stop'
ptd-server 2022-02-24 07:32:33,194 [INFO] Reply from ptd: 'Error: no measurement to stop'
ptd-server 2022-02-24 07:32:33,194 [INFO] Sending to ptd: 'SR,V,Auto'
ptd-server 2022-02-24 07:32:33,697 [INFO] Reply from ptd: 'Range V changed'
ptd-server 2022-02-24 07:32:33,697 [INFO] Sending to ptd: 'SR,A,0.500000'
ptd-server 2022-02-24 07:32:35,198 [INFO] Reply from ptd: 'Range A changed'
ptd-server 2022-02-24 07:32:35,198 [INFO] Set initial values for Amps 0.500000 and Volts Auto
ptd-server 2022-02-24 07:32:35,199 [INFO] Stopping ptd...
