ptd-server 2022-02-17 00:22:51,480 [INFO] Got command from the client 'time'
ptd-server 2022-02-17 00:22:51,480 [INFO] Sending reply to client '1645057371.4804175'
ptd-server 2022-02-17 00:22:51,481 [INFO] Got command from the client 'new,,f0ea226d-0396-45ba-9d75-4bb0b334ec55'
ptd-server 2022-02-17 00:22:51,482 [INFO] Sending reply to client 'OK 2022-02-17_00-22-51,1fb8b9ad-74c4-4976-9a0f-a4be94b5b988'
ptd-server 2022-02-17 00:22:51,520 [INFO] Got command from the client 'time'
ptd-server 2022-02-17 00:22:51,520 [INFO] Sending reply to client '1645057371.520322'
ptd-server 2022-02-17 00:22:51,521 [INFO] Got command from the client 'session,2022-02-17_00-22-51,start,ranging'
ptd-server 2022-02-17 00:22:51,521 [INFO] Running PTDaemon: ['/home/anton/projects/mlperf/power/inference_v1.0/ptd-linux-x86', '-l', '/tmp/tmpgldyt7rr/ptd_logfile.txt', '-p', '8888', '49', '/dev/usbtmc0']
ptd-server 2022-02-17 00:23:08,699 [INFO] Sending to ptd: 'Hello'
ptd-server 2022-02-17 00:23:08,700 [INFO] Reply from ptd: 'Hello, PTDaemon here!'
ptd-server 2022-02-17 00:23:08,700 [INFO] Sending to ptd: 'Identify'
ptd-server 2022-02-17 00:23:08,700 [INFO] Reply from ptd: 'YokogawaWT310E,1000,1,1,1,1,0,1,1,version=1.9.2-e8c7a49a-20201208,OS=Linux 5.13.0-28-generic #31~20.04.1-Ubuntu SMP Wed Jan 19 14:08:10 UTC 2022 x86_64,mode=power,1,1,1,0,0,no_cal_date,YOKOGAWA;WT310E;C3XA04010E;F1.04'
ptd-server 2022-02-17 00:23:08,701 [INFO] Connected to PTDaemon
ptd-server 2022-02-17 00:23:08,701 [INFO] Sending to ptd: 'RR'
ptd-server 2022-02-17 00:23:08,701 [INFO] Reply from ptd: 'Ranges,0,0.500000,0,300.000000'
ptd-server 2022-02-17 00:23:08,701 [INFO] Initial range for Amps is 0.500000 for Volts is 300.000000
ptd-server 2022-02-17 00:23:08,701 [INFO] Sending to ptd: 'SR,V,Auto'
ptd-server 2022-02-17 00:23:09,204 [INFO] Reply from ptd: 'Range V changed'
ptd-server 2022-02-17 00:23:09,204 [INFO] Sending to ptd: 'SR,A,Auto'
ptd-server 2022-02-17 00:23:09,706 [INFO] Reply from ptd: 'Range A changed'
ptd-server 2022-02-17 00:23:19,717 [INFO] Starting ranging mode
ptd-server 2022-02-17 00:23:19,717 [INFO] Sending to ptd: 'Go,1000,0,2022-02-17_00-22-51_ranging'
ptd-server 2022-02-17 00:23:19,717 [INFO] Reply from ptd: 'Starting untimed measurement, maximum 500000 samples at 1000ms with 0 rampup samples'
ptd-server 2022-02-17 00:23:19,717 [INFO] Sending reply to client 'OK'
ptd-server 2022-02-17 00:33:37,033 [INFO] Got command from the client 'session,2022-02-17_00-22-51,stop,ranging'
ptd-server 2022-02-17 00:33:47,044 [INFO] Sending to ptd: 'Stop'
ptd-server 2022-02-17 00:33:47,044 [INFO] Reply from ptd: 'Stopping untimed measurement'
ptd-server 2022-02-17 00:33:47,145 [INFO] Sending reply to client 'OK'
ptd-server 2022-02-17 00:33:47,213 [INFO] Got command from the client 'time'
ptd-server 2022-02-17 00:33:47,213 [INFO] Sending reply to client '1645058027.2137935'
ptd-server 2022-02-17 00:33:47,215 [INFO] Got command from the client 'session,2022-02-17_00-22-51,start,testing'
ptd-server 2022-02-17 00:33:47,215 [INFO] Sending to ptd: 'SR,V,251.520000'
ptd-server 2022-02-17 00:33:49,218 [INFO] Reply from ptd: 'Range V changed'
ptd-server 2022-02-17 00:33:49,218 [INFO] Sending to ptd: 'SR,A,0.048820'
ptd-server 2022-02-17 00:33:50,719 [INFO] Reply from ptd: 'Range A changed'
ptd-server 2022-02-17 00:34:00,730 [INFO] Starting testing mode
ptd-server 2022-02-17 00:34:00,730 [INFO] Sending to ptd: 'Go,1000,0,2022-02-17_00-22-51_testing'
ptd-server 2022-02-17 00:34:00,730 [INFO] Reply from ptd: 'Starting untimed measurement, maximum 500000 samples at 1000ms with 0 rampup samples'
ptd-server 2022-02-17 00:34:00,731 [INFO] Sending reply to client 'OK'
ptd-server 2022-02-17 00:44:18,880 [INFO] Got command from the client 'session,2022-02-17_00-22-51,stop,testing'
ptd-server 2022-02-17 00:44:28,890 [INFO] Sending to ptd: 'Stop'
ptd-server 2022-02-17 00:44:28,891 [INFO] Reply from ptd: 'Stopping untimed measurement'
ptd-server 2022-02-17 00:44:28,943 [INFO] Sending reply to client 'OK'
ptd-server 2022-02-17 00:44:28,962 [INFO] Got command from the client 'session,2022-02-17_00-22-51,done'
ptd-server 2022-02-17 00:44:28,962 [INFO] Sending to ptd: 'Stop'
ptd-server 2022-02-17 00:44:29,731 [INFO] Reply from ptd: 'Error: no measurement to stop'
ptd-server 2022-02-17 00:44:29,731 [INFO] Sending to ptd: 'SR,V,300.000000'
ptd-server 2022-02-17 00:44:31,232 [INFO] Reply from ptd: 'Range V changed'
ptd-server 2022-02-17 00:44:31,233 [INFO] Sending to ptd: 'SR,A,0.500000'
ptd-server 2022-02-17 00:44:32,734 [INFO] Reply from ptd: 'Range A changed'
ptd-server 2022-02-17 00:44:32,734 [INFO] Set initial values for Amps 0.500000 and Volts 300.000000
ptd-server 2022-02-17 00:44:32,734 [INFO] Stopping ptd...
