client 2022-02-07 11:21:38,358 [INFO] Sending command to the server: 'mlcommons/power client v3'
client 2022-02-07 11:21:38,359 [INFO] Got response: 'mlcommons/power server v3'
client 2022-02-07 11:21:38,359 [INFO] Synchronizing with the server and with time.google.com...
client 2022-02-07 11:21:38,392 [INFO] NTP:offset = 0.003 s, delay = 0.024 s 
client 2022-02-07 11:21:38,392 [INFO] Sending command to the server: 'time'
client 2022-02-07 11:21:38,393 [INFO] Got response: '1644232898.3958764'
client 2022-02-07 11:21:38,393 [INFO] The time difference between the client and the server is within range -3.191 ms..-2.065 ms
client 2022-02-07 11:21:38,394 [INFO] Sending command to the server: 'new,,8a4298d7-d9ef-4453-82cd-46e1bfc72f0c'
client 2022-02-07 11:21:38,395 [INFO] Got response: 'OK 2022-02-07_11-21-38,f469962f-0171-40fc-b735-f9955e90b478'
client 2022-02-07 11:21:38,395 [INFO] Session id is '2022-02-07_11-21-38'
client 2022-02-07 11:21:38,396 [INFO] Sources: {"sources": {"__init__.py": "da39a3ee5e6b4b0d3255bfef95601890afd80709", "client.py": "33ca4f26368777ac06e01f9567b714a4b8063886", "lib/__init__.py": "da39a3ee5e6b4b0d3255bfef95601890afd80709", "lib/client.py": "4c2b78fb4849a7e5b584ef792d82aaed20b17f57", "lib/common.py": "624d0c0acc7c39aaff3674f0b99d6a09da53d1dc", "lib/external/__init__.py": "da39a3ee5e6b4b0d3255bfef95601890afd80709", "lib/external/ntplib.py": "4da8f970656505a40483206ef2b5d3dd5e81711d", "lib/server.py": "59c9fb92908260d3e9f81a895c7aa009742275e4", "lib/source_hashes.py": "60a2e02193209e8d392803326208d5466342da18", "lib/summary.py": "aa92f0a3f975eecd44d3c0cd0236342ccc9f941d", "lib/time_sync.py": "3210db56eb0ff0df57bf4293dc4d4b03fffd46f1", "server.py": "c3f90f2f7eeb4db30727556d0c815ebc89b3d28b", "tests/unit/__init__.py": "da39a3ee5e6b4b0d3255bfef95601890afd80709", "tests/unit/test_server.py": "99ae15aef722f2000ee6ed1ae1523637bf1ae42b", "tests/unit/test_source_hashes.py": "00468a2907583c593e6574a1f6b404e4651c221a"}, "modules": {"ptd_client_server.lib.client": "lib/client.py", "ptd_client_server.lib.common": "lib/common.py", "ptd_client_server.lib.external.ntplib": "lib/external/ntplib.py", "ptd_client_server.lib.source_hashes": "lib/source_hashes.py", "ptd_client_server.lib.summary": "lib/summary.py", "ptd_client_server.lib.time_sync": "lib/time_sync.py"}}
client 2022-02-07 11:21:38,396 [INFO] Running workload in ranging mode
client 2022-02-07 11:21:38,396 [INFO] Synchronizing with the server and with time.google.com...
client 2022-02-07 11:21:38,432 [INFO] NTP:offset = -0.001 s, delay = 0.033 s 
client 2022-02-07 11:21:38,432 [INFO] Sending command to the server: 'time'
client 2022-02-07 11:21:38,433 [INFO] Got response: '1644232898.4357488'
client 2022-02-07 11:21:38,433 [INFO] The time difference between the client and the server is within range -3.238 ms..-2.055 ms
client 2022-02-07 11:21:38,433 [INFO] Sending command to the server: 'session,2022-02-07_11-21-38,start,ranging'
client 2022-02-07 11:22:06,625 [INFO] Got response: 'OK'
client 2022-02-07 11:22:06,626 [INFO] Running the workload 'ck benchmark program:image-classification-armnn-tflite-loadgen --env.CK_SILENT_MODE=YES --skip_print_timers --dep_add_tags.compiler=gcc,v7 --dep_add_tags.python=v3 --dep_add_tags.mlperf-inference-src=r2.0 --dep_add_tags.weights=resnet50 --dep_add_tags.images=crop.875,preprocessed,using-opencv --dep_add_tags.library=armnn,rel.21.11,neon --env.CK_LOADGEN_DATASET_SIZE=1024 --env.USE_NEON=1 --env.USE_OPENCL=0 --env.CK_LOADGEN_MODE=PerformanceOnly --env.CK_LOADGEN_SCENARIO=SingleStream --env.CK_LOADGEN_TARGET_LATENCY=60 --skip_stat_analysis --process_multi_keys --repetitions=1 --record --record_repo=local --record_uoa=mlperf_v2.0-closed-xavier-armnn-v21.11-neon-resnet50-singlestream-performance-target_latency.60-power.workload --tags=mlperf,round.v2.0,division.closed,task.image-classification,platform.xavier,scenario.singlestream,mode.performance,workload.resnet50,preprocessed_using.opencv,inference_engine.armnn,inference_engine_version.v21.11,inference_engine_backend.neon,target_latency.60,power.workload "@@@{\'meta\': {\'ck_benchmark_program\': \'ck benchmark program:image-classification-armnn-tflite-loadgen --env.CK_SILENT_MODE=YES --skip_print_timers --dep_add_tags.compiler=gcc,v7 --dep_add_tags.python=v3 --dep_add_tags.mlperf-inference-src=r2.0 --dep_add_tags.weights=resnet50 --dep_add_tags.images=crop.875,preprocessed,using-opencv --dep_add_tags.library=armnn,rel.21.11,neon --env.CK_LOADGEN_DATASET_SIZE=1024 --env.USE_NEON=1 --env.USE_OPENCL=0 --env.CK_LOADGEN_MODE=PerformanceOnly --env.CK_LOADGEN_SCENARIO=SingleStream --env.CK_LOADGEN_TARGET_LATENCY=60 --skip_stat_analysis --process_multi_keys --repetitions=1 --record --record_repo=local --record_uoa=mlperf_v2.0-closed-xavier-armnn-v21.11-neon-resnet50-singlestream-performance-target_latency.60-power.workload --tags=mlperf,round.v2.0,division.closed,task.image-classification,platform.xavier,scenario.singlestream,mode.performance,workload.resnet50,preprocessed_using.opencv,inference_engine.armnn,inference_engine_version.v21.11,inference_engine_backend.neon,target_latency.60,power.workload\'}}" && cat `ck find program:image-classification-armnn-tflite-loadgen`/tmp/mlperf_log_summary.txt && mkdir -p "$CK_MLPERF_POWER_CLIENT_LOADGEN_LOGS" && cp "$CK_MLPERF_POWER_CLIENT_LOADGEN_LOGS"/../mlperf_log_* "$CK_MLPERF_POWER_CLIENT_LOADGEN_LOGS"/'
client 2022-02-07 11:32:22,609 [INFO] Sending command to the server: 'session,2022-02-07_11-21-38,stop,ranging'
client 2022-02-07 11:32:32,827 [INFO] Got response: 'OK'
client 2022-02-07 11:32:32,839 [INFO] Copying loadgen logs from '/home/katya/CK/ck-mlperf/program/image-classification-armnn-tflite-loadgen/tmp/loadgen_logs' to '/home/katya/CK/ck-mlperf/program/mlperf-power-client/tmp/2022-02-07_11-21-38/ranging'
client 2022-02-07 11:32:32,840 [INFO] Running workload in testing mode
client 2022-02-07 11:32:32,840 [INFO] Synchronizing with the server and with time.google.com...
client 2022-02-07 11:32:32,875 [INFO] NTP:offset = 0.006 s, delay = 0.031 s 
client 2022-02-07 11:32:32,875 [INFO] Sending command to the server: 'time'
client 2022-02-07 11:32:32,876 [INFO] Got response: '1644233552.8820193'
client 2022-02-07 11:32:32,876 [INFO] The time difference between the client and the server is within range -6.493 ms..-5.361 ms
client 2022-02-07 11:32:32,876 [INFO] Sending command to the server: 'session,2022-02-07_11-21-38,start,testing'
client 2022-02-07 11:32:45,891 [INFO] Got response: 'OK'
client 2022-02-07 11:32:45,892 [INFO] Running the workload 'ck benchmark program:image-classification-armnn-tflite-loadgen --env.CK_SILENT_MODE=YES --skip_print_timers --dep_add_tags.compiler=gcc,v7 --dep_add_tags.python=v3 --dep_add_tags.mlperf-inference-src=r2.0 --dep_add_tags.weights=resnet50 --dep_add_tags.images=crop.875,preprocessed,using-opencv --dep_add_tags.library=armnn,rel.21.11,neon --env.CK_LOADGEN_DATASET_SIZE=1024 --env.USE_NEON=1 --env.USE_OPENCL=0 --env.CK_LOADGEN_MODE=PerformanceOnly --env.CK_LOADGEN_SCENARIO=SingleStream --env.CK_LOADGEN_TARGET_LATENCY=60 --skip_stat_analysis --process_multi_keys --repetitions=1 --record --record_repo=local --record_uoa=mlperf_v2.0-closed-xavier-armnn-v21.11-neon-resnet50-singlestream-performance-target_latency.60-power.workload --tags=mlperf,round.v2.0,division.closed,task.image-classification,platform.xavier,scenario.singlestream,mode.performance,workload.resnet50,preprocessed_using.opencv,inference_engine.armnn,inference_engine_version.v21.11,inference_engine_backend.neon,target_latency.60,power.workload "@@@{\'meta\': {\'ck_benchmark_program\': \'ck benchmark program:image-classification-armnn-tflite-loadgen --env.CK_SILENT_MODE=YES --skip_print_timers --dep_add_tags.compiler=gcc,v7 --dep_add_tags.python=v3 --dep_add_tags.mlperf-inference-src=r2.0 --dep_add_tags.weights=resnet50 --dep_add_tags.images=crop.875,preprocessed,using-opencv --dep_add_tags.library=armnn,rel.21.11,neon --env.CK_LOADGEN_DATASET_SIZE=1024 --env.USE_NEON=1 --env.USE_OPENCL=0 --env.CK_LOADGEN_MODE=PerformanceOnly --env.CK_LOADGEN_SCENARIO=SingleStream --env.CK_LOADGEN_TARGET_LATENCY=60 --skip_stat_analysis --process_multi_keys --repetitions=1 --record --record_repo=local --record_uoa=mlperf_v2.0-closed-xavier-armnn-v21.11-neon-resnet50-singlestream-performance-target_latency.60-power.workload --tags=mlperf,round.v2.0,division.closed,task.image-classification,platform.xavier,scenario.singlestream,mode.performance,workload.resnet50,preprocessed_using.opencv,inference_engine.armnn,inference_engine_version.v21.11,inference_engine_backend.neon,target_latency.60,power.workload\'}}" && cat `ck find program:image-classification-armnn-tflite-loadgen`/tmp/mlperf_log_summary.txt && mkdir -p "$CK_MLPERF_POWER_CLIENT_LOADGEN_LOGS" && cp "$CK_MLPERF_POWER_CLIENT_LOADGEN_LOGS"/../mlperf_log_* "$CK_MLPERF_POWER_CLIENT_LOADGEN_LOGS"/'
client 2022-02-07 11:43:01,777 [INFO] Sending command to the server: 'session,2022-02-07_11-21-38,stop,testing'
client 2022-02-07 11:43:11,903 [INFO] Got response: 'OK'
client 2022-02-07 11:43:11,906 [INFO] Copying loadgen logs from '/home/katya/CK/ck-mlperf/program/image-classification-armnn-tflite-loadgen/tmp/loadgen_logs' to '/home/katya/CK/ck-mlperf/program/mlperf-power-client/tmp/2022-02-07_11-21-38/run_1'
client 2022-02-07 11:43:11,907 [INFO] Done runs
