ptd-server 2022-02-07 11:21:38,395 [INFO] Got command from the client 'time'
ptd-server 2022-02-07 11:21:38,395 [INFO] Sending reply to client '1644232898.3958764'
ptd-server 2022-02-07 11:21:38,397 [INFO] Got command from the client 'new,,8a4298d7-d9ef-4453-82cd-46e1bfc72f0c'
ptd-server 2022-02-07 11:21:38,397 [INFO] Sending reply to client 'OK 2022-02-07_11-21-38,f469962f-0171-40fc-b735-f9955e90b478'
ptd-server 2022-02-07 11:21:38,435 [INFO] Got command from the client 'time'
ptd-server 2022-02-07 11:21:38,435 [INFO] Sending reply to client '1644232898.4357488'
ptd-server 2022-02-07 11:21:38,436 [INFO] Got command from the client 'session,2022-02-07_11-21-38,start,ranging'
ptd-server 2022-02-07 11:21:38,437 [INFO] Running PTDaemon: ['/home/anton/projects/mlperf/power/inference_v1.0/ptd-linux-x86', '-l', '/tmp/tmpxvec0g6h/ptd_logfile.txt', '-p', '8888', '49', '/dev/usbtmc0']
ptd-server 2022-02-07 11:21:55,609 [INFO] Sending to ptd: 'Hello'
ptd-server 2022-02-07 11:21:55,610 [INFO] Reply from ptd: 'Hello, PTDaemon here!'
ptd-server 2022-02-07 11:21:55,610 [INFO] Sending to ptd: 'Identify'
ptd-server 2022-02-07 11:21:55,610 [INFO] Reply from ptd: 'YokogawaWT310E,1000,1,1,1,1,0,1,1,version=1.9.2-e8c7a49a-20201208,OS=Linux 5.13.0-27-generic #29~20.04.1-Ubuntu SMP Fri Jan 14 00:32:30 UTC 2022 x86_64,mode=power,1,1,1,0,0,no_cal_date,YOKOGAWA;WT310E;C3XA04010E;F1.04'
ptd-server 2022-02-07 11:21:55,610 [INFO] Connected to PTDaemon
ptd-server 2022-02-07 11:21:55,610 [INFO] Sending to ptd: 'RR'
ptd-server 2022-02-07 11:21:55,611 [INFO] Reply from ptd: 'Ranges,0,0.500000,0,300.000000'
ptd-server 2022-02-07 11:21:55,611 [INFO] Initial range for Amps is 0.500000 for Volts is 300.000000
ptd-server 2022-02-07 11:21:55,611 [INFO] Sending to ptd: 'SR,V,Auto'
ptd-server 2022-02-07 11:21:56,114 [INFO] Reply from ptd: 'Range V changed'
ptd-server 2022-02-07 11:21:56,114 [INFO] Sending to ptd: 'SR,A,Auto'
ptd-server 2022-02-07 11:21:56,616 [INFO] Reply from ptd: 'Range A changed'
ptd-server 2022-02-07 11:22:06,626 [INFO] Starting ranging mode
ptd-server 2022-02-07 11:22:06,627 [INFO] Sending to ptd: 'Go,1000,0,2022-02-07_11-21-38_ranging'
ptd-server 2022-02-07 11:22:06,627 [INFO] Reply from ptd: 'Starting untimed measurement, maximum 500000 samples at 1000ms with 0 rampup samples'
ptd-server 2022-02-07 11:22:06,627 [INFO] Sending reply to client 'OK'
ptd-server 2022-02-07 11:32:22,616 [INFO] Got command from the client 'session,2022-02-07_11-21-38,stop,ranging'
ptd-server 2022-02-07 11:32:32,626 [INFO] Sending to ptd: 'Stop'
ptd-server 2022-02-07 11:32:32,627 [INFO] Reply from ptd: 'Stopping untimed measurement'
ptd-server 2022-02-07 11:32:32,832 [INFO] Sending reply to client 'OK'
ptd-server 2022-02-07 11:32:32,881 [INFO] Got command from the client 'time'
ptd-server 2022-02-07 11:32:32,882 [INFO] Sending reply to client '1644233552.8820193'
ptd-server 2022-02-07 11:32:32,883 [INFO] Got command from the client 'session,2022-02-07_11-21-38,start,testing'
ptd-server 2022-02-07 11:32:32,883 [INFO] Sending to ptd: 'SR,V,252.500000'
ptd-server 2022-02-07 11:32:34,384 [INFO] Reply from ptd: 'Range V changed'
ptd-server 2022-02-07 11:32:34,384 [INFO] Sending to ptd: 'SR,A,0.199380'
ptd-server 2022-02-07 11:32:35,886 [INFO] Reply from ptd: 'Range A changed'
ptd-server 2022-02-07 11:32:45,896 [INFO] Starting testing mode
ptd-server 2022-02-07 11:32:45,896 [INFO] Sending to ptd: 'Go,1000,0,2022-02-07_11-21-38_testing'
ptd-server 2022-02-07 11:32:45,897 [INFO] Reply from ptd: 'Starting untimed measurement, maximum 500000 samples at 1000ms with 0 rampup samples'
ptd-server 2022-02-07 11:32:45,897 [INFO] Sending reply to client 'OK'
ptd-server 2022-02-07 11:43:01,785 [INFO] Got command from the client 'session,2022-02-07_11-21-38,stop,testing'
ptd-server 2022-02-07 11:43:11,795 [INFO] Sending to ptd: 'Stop'
ptd-server 2022-02-07 11:43:11,795 [INFO] Reply from ptd: 'Stopping untimed measurement'
ptd-server 2022-02-07 11:43:11,909 [INFO] Sending reply to client 'OK'
ptd-server 2022-02-07 11:43:11,919 [INFO] Got command from the client 'session,2022-02-07_11-21-38,done'
ptd-server 2022-02-07 11:43:11,919 [INFO] Sending to ptd: 'Stop'
ptd-server 2022-02-07 11:43:11,919 [INFO] Reply from ptd: 'Error: no measurement to stop'
ptd-server 2022-02-07 11:43:11,919 [INFO] Sending to ptd: 'SR,V,300.000000'
ptd-server 2022-02-07 11:43:13,421 [INFO] Reply from ptd: 'Range V changed'
ptd-server 2022-02-07 11:43:13,421 [INFO] Sending to ptd: 'SR,A,0.500000'
ptd-server 2022-02-07 11:43:14,922 [INFO] Reply from ptd: 'Range A changed'
ptd-server 2022-02-07 11:43:14,922 [INFO] Set initial values for Amps 0.500000 and Volts 300.000000
ptd-server 2022-02-07 11:43:14,923 [INFO] Stopping ptd...
