ptd-server 2022-02-25 06:41:32,796 [INFO] Got command from the client 'time'
ptd-server 2022-02-25 06:41:32,796 [INFO] Sending reply to client '1645771292.7967825'
ptd-server 2022-02-25 06:41:32,799 [INFO] Got command from the client 'new,,dc6bf378-3827-4f7d-b75d-abbb84403ecf'
ptd-server 2022-02-25 06:41:32,800 [INFO] Sending reply to client 'OK 2022-02-25_06-41-32,b635981f-5877-462d-be54-092b299fcc0f'
ptd-server 2022-02-25 06:41:32,861 [INFO] Got command from the client 'time'
ptd-server 2022-02-25 06:41:32,861 [INFO] Sending reply to client '1645771292.8614497'
ptd-server 2022-02-25 06:41:32,863 [INFO] Got command from the client 'session,2022-02-25_06-41-32,start,ranging'
ptd-server 2022-02-25 06:41:32,864 [INFO] Running PTDaemon: ['/home/anton/projects/mlperf/power/inference_v1.0/ptd-linux-x86', '-l', '/tmp/tmp0_fn53vp/ptd_logfile.txt', '-p', '8888', '49', '/dev/usbtmc0']
ptd-server 2022-02-25 06:41:50,036 [INFO] Sending to ptd: 'Hello'
ptd-server 2022-02-25 06:41:50,037 [INFO] Reply from ptd: 'Hello, PTDaemon here!'
ptd-server 2022-02-25 06:41:50,037 [INFO] Sending to ptd: 'Identify'
ptd-server 2022-02-25 06:41:50,038 [INFO] Reply from ptd: 'YokogawaWT310E,1000,1,1,1,1,0,1,1,version=1.9.2-e8c7a49a-20201208,OS=Linux 5.13.0-30-generic #33~20.04.1-Ubuntu SMP Mon Feb 7 14:25:10 UTC 2022 x86_64,mode=power,1,1,1,0,0,no_cal_date,YOKOGAWA;WT310E;C3XA04010E;F1.04'
ptd-server 2022-02-25 06:41:50,038 [INFO] Connected to PTDaemon
ptd-server 2022-02-25 06:41:50,038 [INFO] Sending to ptd: 'RR'
ptd-server 2022-02-25 06:41:50,038 [INFO] Reply from ptd: 'Ranges,0,0.500000,1,300.000000'
ptd-server 2022-02-25 06:41:50,038 [INFO] Initial range for Amps is 0.500000 for Volts is Auto
ptd-server 2022-02-25 06:41:50,038 [INFO] Sending to ptd: 'SR,V,Auto'
ptd-server 2022-02-25 06:41:50,541 [INFO] Reply from ptd: 'Range V changed'
ptd-server 2022-02-25 06:41:50,541 [INFO] Sending to ptd: 'SR,A,Auto'
ptd-server 2022-02-25 06:41:51,044 [INFO] Reply from ptd: 'Range A changed'
ptd-server 2022-02-25 06:42:01,054 [INFO] Starting ranging mode
ptd-server 2022-02-25 06:42:01,054 [INFO] Sending to ptd: 'Go,1000,0,2022-02-25_06-41-32_ranging'
ptd-server 2022-02-25 06:42:01,054 [INFO] Reply from ptd: 'Starting untimed measurement, maximum 500000 samples at 1000ms with 0 rampup samples'
ptd-server 2022-02-25 06:42:01,054 [INFO] Sending reply to client 'OK'
ptd-server 2022-02-25 06:55:33,260 [INFO] Got command from the client 'session,2022-02-25_06-41-32,stop,ranging'
ptd-server 2022-02-25 06:55:43,271 [INFO] Sending to ptd: 'Stop'
ptd-server 2022-02-25 06:55:43,271 [INFO] Reply from ptd: 'Stopping untimed measurement'
ptd-server 2022-02-25 06:55:43,475 [INFO] Sending reply to client 'OK'
ptd-server 2022-02-25 06:55:43,656 [INFO] Got command from the client 'time'
ptd-server 2022-02-25 06:55:43,656 [INFO] Sending reply to client '1645772143.656788'
ptd-server 2022-02-25 06:55:43,660 [INFO] Got command from the client 'session,2022-02-25_06-41-32,start,testing'
ptd-server 2022-02-25 06:55:43,660 [INFO] Sending to ptd: 'SR,V,249.310000'
ptd-server 2022-02-25 06:55:45,556 [INFO] Reply from ptd: 'Range V changed'
ptd-server 2022-02-25 06:55:45,556 [INFO] Sending to ptd: 'SR,A,0.269700'
ptd-server 2022-02-25 06:55:47,057 [INFO] Reply from ptd: 'Range A changed'
ptd-server 2022-02-25 06:55:57,067 [INFO] Starting testing mode
ptd-server 2022-02-25 06:55:57,068 [INFO] Sending to ptd: 'Go,1000,0,2022-02-25_06-41-32_testing'
ptd-server 2022-02-25 06:55:57,068 [INFO] Reply from ptd: 'Starting untimed measurement, maximum 500000 samples at 1000ms with 0 rampup samples'
ptd-server 2022-02-25 06:55:57,068 [INFO] Sending reply to client 'OK'
ptd-server 2022-02-25 07:09:30,100 [INFO] Got command from the client 'session,2022-02-25_06-41-32,stop,testing'
ptd-server 2022-02-25 07:09:40,110 [INFO] Sending to ptd: 'Stop'
ptd-server 2022-02-25 07:09:40,111 [INFO] Reply from ptd: 'Stopping untimed measurement'
ptd-server 2022-02-25 07:09:40,222 [INFO] Sending reply to client 'OK'
ptd-server 2022-02-25 07:09:40,258 [INFO] Got command from the client 'session,2022-02-25_06-41-32,done'
ptd-server 2022-02-25 07:09:40,258 [INFO] Sending to ptd: 'Stop'
ptd-server 2022-02-25 07:09:41,069 [INFO] Reply from ptd: 'Error: no measurement to stop'
ptd-server 2022-02-25 07:09:41,069 [INFO] Sending to ptd: 'SR,V,Auto'
ptd-server 2022-02-25 07:09:41,571 [INFO] Reply from ptd: 'Range V changed'
ptd-server 2022-02-25 07:09:41,572 [INFO] Sending to ptd: 'SR,A,0.500000'
ptd-server 2022-02-25 07:09:43,073 [INFO] Reply from ptd: 'Range A changed'
ptd-server 2022-02-25 07:09:43,074 [INFO] Set initial values for Amps 0.500000 and Volts Auto
ptd-server 2022-02-25 07:09:43,074 [INFO] Stopping ptd...
