ptd-server 2022-02-13 22:51:20,699 [INFO] Got command from the client 'time'
ptd-server 2022-02-13 22:51:20,699 [INFO] Sending reply to client '1644792680.699168'
ptd-server 2022-02-13 22:51:20,700 [INFO] Got command from the client 'new,,25e982bd-965c-4df3-b491-8e7887316af4'
ptd-server 2022-02-13 22:51:20,700 [INFO] Sending reply to client 'OK 2022-02-13_22-51-20,824d16bb-394a-4e98-a83b-dc8cd5576272'
ptd-server 2022-02-13 22:51:20,732 [INFO] Got command from the client 'time'
ptd-server 2022-02-13 22:51:20,732 [INFO] Sending reply to client '1644792680.7322633'
ptd-server 2022-02-13 22:51:20,733 [INFO] Got command from the client 'session,2022-02-13_22-51-20,start,ranging'
ptd-server 2022-02-13 22:51:20,734 [INFO] Running PTDaemon: ['/home/anton/projects/mlperf/power/inference_v1.0/ptd-linux-x86', '-l', '/tmp/tmpxvec0g6h/ptd_logfile.txt', '-p', '8888', '49', '/dev/usbtmc0']
ptd-server 2022-02-13 22:51:37,907 [INFO] Sending to ptd: 'Hello'
ptd-server 2022-02-13 22:51:37,908 [INFO] Reply from ptd: 'Hello, PTDaemon here!'
ptd-server 2022-02-13 22:51:37,908 [INFO] Sending to ptd: 'Identify'
ptd-server 2022-02-13 22:51:37,909 [INFO] Reply from ptd: 'YokogawaWT310E,1000,1,1,1,1,0,1,1,version=1.9.2-e8c7a49a-20201208,OS=Linux 5.13.0-27-generic #29~20.04.1-Ubuntu SMP Fri Jan 14 00:32:30 UTC 2022 x86_64,mode=power,1,1,1,0,0,no_cal_date,YOKOGAWA;WT310E;C3XA04010E;F1.04'
ptd-server 2022-02-13 22:51:37,909 [INFO] Connected to PTDaemon
ptd-server 2022-02-13 22:51:37,909 [INFO] Sending to ptd: 'RR'
ptd-server 2022-02-13 22:51:37,909 [INFO] Reply from ptd: 'Ranges,0,0.500000,0,300.000000'
ptd-server 2022-02-13 22:51:37,909 [INFO] Initial range for Amps is 0.500000 for Volts is 300.000000
ptd-server 2022-02-13 22:51:37,909 [INFO] Sending to ptd: 'SR,V,Auto'
ptd-server 2022-02-13 22:51:38,412 [INFO] Reply from ptd: 'Range V changed'
ptd-server 2022-02-13 22:51:38,412 [INFO] Sending to ptd: 'SR,A,Auto'
ptd-server 2022-02-13 22:51:38,915 [INFO] Reply from ptd: 'Range A changed'
ptd-server 2022-02-13 22:51:48,925 [INFO] Starting ranging mode
ptd-server 2022-02-13 22:51:48,925 [INFO] Sending to ptd: 'Go,1000,0,2022-02-13_22-51-20_ranging'
ptd-server 2022-02-13 22:51:48,926 [INFO] Reply from ptd: 'Starting untimed measurement, maximum 500000 samples at 1000ms with 0 rampup samples'
ptd-server 2022-02-13 22:51:48,926 [INFO] Sending reply to client 'OK'
ptd-server 2022-02-13 23:02:04,775 [INFO] Got command from the client 'session,2022-02-13_22-51-20,stop,ranging'
ptd-server 2022-02-13 23:02:14,784 [INFO] Sending to ptd: 'Stop'
ptd-server 2022-02-13 23:02:14,784 [INFO] Reply from ptd: 'Stopping untimed measurement'
ptd-server 2022-02-13 23:02:15,495 [INFO] Sending reply to client 'OK'
ptd-server 2022-02-13 23:02:15,550 [INFO] Got command from the client 'time'
ptd-server 2022-02-13 23:02:15,550 [INFO] Sending reply to client '1644793335.5507395'
ptd-server 2022-02-13 23:02:15,552 [INFO] Got command from the client 'session,2022-02-13_22-51-20,start,testing'
ptd-server 2022-02-13 23:02:15,553 [INFO] Sending to ptd: 'SR,V,250.810000'
ptd-server 2022-02-13 23:02:17,054 [INFO] Reply from ptd: 'Range V changed'
ptd-server 2022-02-13 23:02:17,054 [INFO] Sending to ptd: 'SR,A,0.154820'
ptd-server 2022-02-13 23:02:18,556 [INFO] Reply from ptd: 'Range A changed'
ptd-server 2022-02-13 23:02:28,566 [INFO] Starting testing mode
ptd-server 2022-02-13 23:02:28,566 [INFO] Sending to ptd: 'Go,1000,0,2022-02-13_22-51-20_testing'
ptd-server 2022-02-13 23:02:28,567 [INFO] Reply from ptd: 'Starting untimed measurement, maximum 500000 samples at 1000ms with 0 rampup samples'
ptd-server 2022-02-13 23:02:28,567 [INFO] Sending reply to client 'OK'
ptd-server 2022-02-13 23:12:44,198 [INFO] Got command from the client 'session,2022-02-13_22-51-20,stop,testing'
ptd-server 2022-02-13 23:12:54,208 [INFO] Sending to ptd: 'Stop'
ptd-server 2022-02-13 23:12:54,209 [INFO] Reply from ptd: 'Stopping untimed measurement'
ptd-server 2022-02-13 23:12:54,556 [INFO] Sending reply to client 'OK'
ptd-server 2022-02-13 23:12:54,574 [INFO] Got command from the client 'session,2022-02-13_22-51-20,done'
ptd-server 2022-02-13 23:12:54,574 [INFO] Sending to ptd: 'Stop'
ptd-server 2022-02-13 23:12:54,574 [INFO] Reply from ptd: 'Error: no measurement to stop'
ptd-server 2022-02-13 23:12:54,574 [INFO] Sending to ptd: 'SR,V,300.000000'
ptd-server 2022-02-13 23:12:56,076 [INFO] Reply from ptd: 'Range V changed'
ptd-server 2022-02-13 23:12:56,076 [INFO] Sending to ptd: 'SR,A,0.500000'
ptd-server 2022-02-13 23:12:57,577 [INFO] Reply from ptd: 'Range A changed'
ptd-server 2022-02-13 23:12:57,578 [INFO] Set initial values for Amps 0.500000 and Volts 300.000000
ptd-server 2022-02-13 23:12:57,578 [INFO] Stopping ptd...
