ptd-server 2022-02-16 02:43:48,153 [INFO] Got command from the client 'time'
ptd-server 2022-02-16 02:43:48,153 [INFO] Sending reply to client '1644979428.1535442'
ptd-server 2022-02-16 02:43:48,154 [INFO] Got command from the client 'new,,62ee2e4a-a9ff-4954-908e-5e07d1e5c98d'
ptd-server 2022-02-16 02:43:48,155 [INFO] Sending reply to client 'OK 2022-02-16_02-43-48,1b58a38d-298a-4146-bbcb-39390267f894'
ptd-server 2022-02-16 02:43:48,194 [INFO] Got command from the client 'time'
ptd-server 2022-02-16 02:43:48,194 [INFO] Sending reply to client '1644979428.1945858'
ptd-server 2022-02-16 02:43:48,196 [INFO] Got command from the client 'session,2022-02-16_02-43-48,start,ranging'
ptd-server 2022-02-16 02:43:48,197 [INFO] Running PTDaemon: ['/home/anton/projects/mlperf/power/inference_v1.0/ptd-linux-x86', '-l', '/tmp/tmpxvec0g6h/ptd_logfile.txt', '-p', '8888', '49', '/dev/usbtmc0']
ptd-server 2022-02-16 02:44:05,369 [INFO] Sending to ptd: 'Hello'
ptd-server 2022-02-16 02:44:05,370 [INFO] Reply from ptd: 'Hello, PTDaemon here!'
ptd-server 2022-02-16 02:44:05,370 [INFO] Sending to ptd: 'Identify'
ptd-server 2022-02-16 02:44:05,370 [INFO] Reply from ptd: 'YokogawaWT310E,1000,1,1,1,1,0,1,1,version=1.9.2-e8c7a49a-20201208,OS=Linux 5.13.0-27-generic #29~20.04.1-Ubuntu SMP Fri Jan 14 00:32:30 UTC 2022 x86_64,mode=power,1,1,1,0,0,no_cal_date,YOKOGAWA;WT310E;C3XA04010E;F1.04'
ptd-server 2022-02-16 02:44:05,370 [INFO] Connected to PTDaemon
ptd-server 2022-02-16 02:44:05,371 [INFO] Sending to ptd: 'RR'
ptd-server 2022-02-16 02:44:05,371 [INFO] Reply from ptd: 'Ranges,0,0.500000,0,300.000000'
ptd-server 2022-02-16 02:44:05,371 [INFO] Initial range for Amps is 0.500000 for Volts is 300.000000
ptd-server 2022-02-16 02:44:05,371 [INFO] Sending to ptd: 'SR,V,Auto'
ptd-server 2022-02-16 02:44:05,874 [INFO] Reply from ptd: 'Range V changed'
ptd-server 2022-02-16 02:44:05,874 [INFO] Sending to ptd: 'SR,A,Auto'
ptd-server 2022-02-16 02:44:06,376 [INFO] Reply from ptd: 'Range A changed'
ptd-server 2022-02-16 02:44:16,387 [INFO] Starting ranging mode
ptd-server 2022-02-16 02:44:16,387 [INFO] Sending to ptd: 'Go,1000,0,2022-02-16_02-43-48_ranging'
ptd-server 2022-02-16 02:44:16,387 [INFO] Reply from ptd: 'Starting untimed measurement, maximum 500000 samples at 1000ms with 0 rampup samples'
ptd-server 2022-02-16 02:44:16,387 [INFO] Sending reply to client 'OK'
ptd-server 2022-02-16 02:54:35,710 [INFO] Got command from the client 'session,2022-02-16_02-43-48,stop,ranging'
ptd-server 2022-02-16 02:54:45,720 [INFO] Sending to ptd: 'Stop'
ptd-server 2022-02-16 02:54:45,721 [INFO] Reply from ptd: 'Stopping untimed measurement'
ptd-server 2022-02-16 02:54:46,637 [INFO] Sending reply to client 'OK'
ptd-server 2022-02-16 02:54:46,687 [INFO] Got command from the client 'time'
ptd-server 2022-02-16 02:54:46,687 [INFO] Sending reply to client '1644980086.687547'
ptd-server 2022-02-16 02:54:46,689 [INFO] Got command from the client 'session,2022-02-16_02-43-48,start,testing'
ptd-server 2022-02-16 02:54:46,689 [INFO] Sending to ptd: 'SR,V,251.560000'
ptd-server 2022-02-16 02:54:48,191 [INFO] Reply from ptd: 'Range V changed'
ptd-server 2022-02-16 02:54:48,191 [INFO] Sending to ptd: 'SR,A,0.179950'
ptd-server 2022-02-16 02:54:49,692 [INFO] Reply from ptd: 'Range A changed'
ptd-server 2022-02-16 02:54:59,703 [INFO] Starting testing mode
ptd-server 2022-02-16 02:54:59,703 [INFO] Sending to ptd: 'Go,1000,0,2022-02-16_02-43-48_testing'
ptd-server 2022-02-16 02:54:59,703 [INFO] Reply from ptd: 'Starting untimed measurement, maximum 500000 samples at 1000ms with 0 rampup samples'
ptd-server 2022-02-16 02:54:59,703 [INFO] Sending reply to client 'OK'
ptd-server 2022-02-16 03:05:18,874 [INFO] Got command from the client 'session,2022-02-16_02-43-48,stop,testing'
ptd-server 2022-02-16 03:05:28,884 [INFO] Sending to ptd: 'Stop'
ptd-server 2022-02-16 03:05:28,884 [INFO] Reply from ptd: 'Stopping untimed measurement'
ptd-server 2022-02-16 03:05:29,356 [INFO] Sending reply to client 'OK'
ptd-server 2022-02-16 03:05:29,375 [INFO] Got command from the client 'session,2022-02-16_02-43-48,done'
ptd-server 2022-02-16 03:05:29,375 [INFO] Sending to ptd: 'Stop'
ptd-server 2022-02-16 03:05:29,704 [INFO] Reply from ptd: 'Error: no measurement to stop'
ptd-server 2022-02-16 03:05:29,704 [INFO] Sending to ptd: 'SR,V,300.000000'
ptd-server 2022-02-16 03:05:31,205 [INFO] Reply from ptd: 'Range V changed'
ptd-server 2022-02-16 03:05:31,205 [INFO] Sending to ptd: 'SR,A,0.500000'
ptd-server 2022-02-16 03:05:32,707 [INFO] Reply from ptd: 'Range A changed'
ptd-server 2022-02-16 03:05:32,707 [INFO] Set initial values for Amps 0.500000 and Volts 300.000000
ptd-server 2022-02-16 03:05:32,708 [INFO] Stopping ptd...
