ptd-server 2022-02-24 15:48:33,576 [INFO] Got command from the client 'time'
ptd-server 2022-02-24 15:48:33,576 [INFO] Sending reply to client '1645717713.5762997'
ptd-server 2022-02-24 15:48:33,578 [INFO] Got command from the client 'new,,d6c97aa5-faa4-4089-9021-d5e550c44739'
ptd-server 2022-02-24 15:48:33,579 [INFO] Sending reply to client 'OK 2022-02-24_15-48-33,2f6b5f47-bcab-44fe-944b-ac183a718953'
ptd-server 2022-02-24 15:48:33,615 [INFO] Got command from the client 'time'
ptd-server 2022-02-24 15:48:33,615 [INFO] Sending reply to client '1645717713.6152453'
ptd-server 2022-02-24 15:48:33,617 [INFO] Got command from the client 'session,2022-02-24_15-48-33,start,ranging'
ptd-server 2022-02-24 15:48:33,617 [INFO] Running PTDaemon: ['/home/anton/projects/mlperf/power/inference_v1.0/ptd-linux-x86', '-l', '/tmp/tmp0_fn53vp/ptd_logfile.txt', '-p', '8888', '49', '/dev/usbtmc0']
ptd-server 2022-02-24 15:48:50,792 [INFO] Sending to ptd: 'Hello'
ptd-server 2022-02-24 15:48:50,793 [INFO] Reply from ptd: 'Hello, PTDaemon here!'
ptd-server 2022-02-24 15:48:50,793 [INFO] Sending to ptd: 'Identify'
ptd-server 2022-02-24 15:48:50,793 [INFO] Reply from ptd: 'YokogawaWT310E,1000,1,1,1,1,0,1,1,version=1.9.2-e8c7a49a-20201208,OS=Linux 5.13.0-30-generic #33~20.04.1-Ubuntu SMP Mon Feb 7 14:25:10 UTC 2022 x86_64,mode=power,1,1,1,0,0,no_cal_date,YOKOGAWA;WT310E;C3XA04010E;F1.04'
ptd-server 2022-02-24 15:48:50,794 [INFO] Connected to PTDaemon
ptd-server 2022-02-24 15:48:50,794 [INFO] Sending to ptd: 'RR'
ptd-server 2022-02-24 15:48:50,794 [INFO] Reply from ptd: 'Ranges,0,0.500000,1,300.000000'
ptd-server 2022-02-24 15:48:50,794 [INFO] Initial range for Amps is 0.500000 for Volts is Auto
ptd-server 2022-02-24 15:48:50,794 [INFO] Sending to ptd: 'SR,V,Auto'
ptd-server 2022-02-24 15:48:51,297 [INFO] Reply from ptd: 'Range V changed'
ptd-server 2022-02-24 15:48:51,297 [INFO] Sending to ptd: 'SR,A,Auto'
ptd-server 2022-02-24 15:48:51,799 [INFO] Reply from ptd: 'Range A changed'
ptd-server 2022-02-24 15:49:01,810 [INFO] Starting ranging mode
ptd-server 2022-02-24 15:49:01,810 [INFO] Sending to ptd: 'Go,1000,0,2022-02-24_15-48-33_ranging'
ptd-server 2022-02-24 15:49:01,810 [INFO] Reply from ptd: 'Starting untimed measurement, maximum 500000 samples at 1000ms with 0 rampup samples'
ptd-server 2022-02-24 15:49:01,811 [INFO] Sending reply to client 'OK'
ptd-server 2022-02-24 15:59:24,467 [INFO] Got command from the client 'session,2022-02-24_15-48-33,stop,ranging'
ptd-server 2022-02-24 15:59:34,478 [INFO] Sending to ptd: 'Stop'
ptd-server 2022-02-24 15:59:34,478 [INFO] Reply from ptd: 'Stopping untimed measurement'
ptd-server 2022-02-24 15:59:34,610 [INFO] Sending reply to client 'OK'
ptd-server 2022-02-24 15:59:34,675 [INFO] Got command from the client 'time'
ptd-server 2022-02-24 15:59:34,675 [INFO] Sending reply to client '1645718374.6756694'
ptd-server 2022-02-24 15:59:34,677 [INFO] Got command from the client 'session,2022-02-24_15-48-33,start,testing'
ptd-server 2022-02-24 15:59:34,677 [INFO] Sending to ptd: 'SR,V,252.320000'
ptd-server 2022-02-24 15:59:36,312 [INFO] Reply from ptd: 'Range V changed'
ptd-server 2022-02-24 15:59:36,312 [INFO] Sending to ptd: 'SR,A,0.045630'
ptd-server 2022-02-24 15:59:37,813 [INFO] Reply from ptd: 'Range A changed'
ptd-server 2022-02-24 15:59:47,824 [INFO] Starting testing mode
ptd-server 2022-02-24 15:59:47,824 [INFO] Sending to ptd: 'Go,1000,0,2022-02-24_15-48-33_testing'
ptd-server 2022-02-24 15:59:47,824 [INFO] Reply from ptd: 'Starting untimed measurement, maximum 500000 samples at 1000ms with 0 rampup samples'
ptd-server 2022-02-24 15:59:47,824 [INFO] Sending reply to client 'OK'
ptd-server 2022-02-24 16:10:10,436 [INFO] Got command from the client 'session,2022-02-24_15-48-33,stop,testing'
ptd-server 2022-02-24 16:10:20,447 [INFO] Sending to ptd: 'Stop'
ptd-server 2022-02-24 16:10:20,447 [INFO] Reply from ptd: 'Stopping untimed measurement'
ptd-server 2022-02-24 16:10:20,518 [INFO] Sending reply to client 'OK'
ptd-server 2022-02-24 16:10:20,537 [INFO] Got command from the client 'session,2022-02-24_15-48-33,done'
ptd-server 2022-02-24 16:10:20,537 [INFO] Sending to ptd: 'Stop'
ptd-server 2022-02-24 16:10:20,824 [INFO] Reply from ptd: 'Error: no measurement to stop'
ptd-server 2022-02-24 16:10:20,825 [INFO] Sending to ptd: 'SR,V,Auto'
ptd-server 2022-02-24 16:10:21,327 [INFO] Reply from ptd: 'Range V changed'
ptd-server 2022-02-24 16:10:21,327 [INFO] Sending to ptd: 'SR,A,0.500000'
ptd-server 2022-02-24 16:10:22,828 [INFO] Reply from ptd: 'Range A changed'
ptd-server 2022-02-24 16:10:22,829 [INFO] Set initial values for Amps 0.500000 and Volts Auto
ptd-server 2022-02-24 16:10:22,829 [INFO] Stopping ptd...
