ptd-server 2022-02-16 22:33:40,688 [INFO] Got command from the client 'time'
ptd-server 2022-02-16 22:33:40,688 [INFO] Sending reply to client '1645050820.6882517'
ptd-server 2022-02-16 22:33:40,689 [INFO] Got command from the client 'new,,30e95a0c-bab9-4836-bb64-0a28cc02c3ae'
ptd-server 2022-02-16 22:33:40,690 [INFO] Sending reply to client 'OK 2022-02-16_22-33-40,853ebca8-411c-4bdd-a309-fc56cc52b841'
ptd-server 2022-02-16 22:33:40,716 [INFO] Got command from the client 'time'
ptd-server 2022-02-16 22:33:40,716 [INFO] Sending reply to client '1645050820.7166307'
ptd-server 2022-02-16 22:33:40,717 [INFO] Got command from the client 'session,2022-02-16_22-33-40,start,ranging'
ptd-server 2022-02-16 22:33:40,718 [INFO] Running PTDaemon: ['/home/anton/projects/mlperf/power/inference_v1.0/ptd-linux-x86', '-l', '/tmp/tmpgldyt7rr/ptd_logfile.txt', '-p', '8888', '49', '/dev/usbtmc0']
ptd-server 2022-02-16 22:33:57,890 [INFO] Sending to ptd: 'Hello'
ptd-server 2022-02-16 22:33:57,890 [INFO] Reply from ptd: 'Hello, PTDaemon here!'
ptd-server 2022-02-16 22:33:57,890 [INFO] Sending to ptd: 'Identify'
ptd-server 2022-02-16 22:33:57,891 [INFO] Reply from ptd: 'YokogawaWT310E,1000,1,1,1,1,0,1,1,version=1.9.2-e8c7a49a-20201208,OS=Linux 5.13.0-28-generic #31~20.04.1-Ubuntu SMP Wed Jan 19 14:08:10 UTC 2022 x86_64,mode=power,1,1,1,0,0,no_cal_date,YOKOGAWA;WT310E;C3XA04010E;F1.04'
ptd-server 2022-02-16 22:33:57,891 [INFO] Connected to PTDaemon
ptd-server 2022-02-16 22:33:57,891 [INFO] Sending to ptd: 'RR'
ptd-server 2022-02-16 22:33:57,891 [INFO] Reply from ptd: 'Ranges,0,0.500000,0,300.000000'
ptd-server 2022-02-16 22:33:57,891 [INFO] Initial range for Amps is 0.500000 for Volts is 300.000000
ptd-server 2022-02-16 22:33:57,892 [INFO] Sending to ptd: 'SR,V,Auto'
ptd-server 2022-02-16 22:33:58,394 [INFO] Reply from ptd: 'Range V changed'
ptd-server 2022-02-16 22:33:58,394 [INFO] Sending to ptd: 'SR,A,Auto'
ptd-server 2022-02-16 22:33:58,897 [INFO] Reply from ptd: 'Range A changed'
ptd-server 2022-02-16 22:34:08,907 [INFO] Starting ranging mode
ptd-server 2022-02-16 22:34:08,907 [INFO] Sending to ptd: 'Go,1000,0,2022-02-16_22-33-40_ranging'
ptd-server 2022-02-16 22:34:08,908 [INFO] Reply from ptd: 'Starting untimed measurement, maximum 500000 samples at 1000ms with 0 rampup samples'
ptd-server 2022-02-16 22:34:08,908 [INFO] Sending reply to client 'OK'
ptd-server 2022-02-16 22:44:26,134 [INFO] Got command from the client 'session,2022-02-16_22-33-40,stop,ranging'
ptd-server 2022-02-16 22:44:36,145 [INFO] Sending to ptd: 'Stop'
ptd-server 2022-02-16 22:44:36,145 [INFO] Reply from ptd: 'Stopping untimed measurement'
ptd-server 2022-02-16 22:44:36,240 [INFO] Sending reply to client 'OK'
ptd-server 2022-02-16 22:44:36,308 [INFO] Got command from the client 'time'
ptd-server 2022-02-16 22:44:36,308 [INFO] Sending reply to client '1645051476.3087354'
ptd-server 2022-02-16 22:44:36,310 [INFO] Got command from the client 'session,2022-02-16_22-33-40,start,testing'
ptd-server 2022-02-16 22:44:36,310 [INFO] Sending to ptd: 'SR,V,252.080000'
ptd-server 2022-02-16 22:44:38,410 [INFO] Reply from ptd: 'Range V changed'
ptd-server 2022-02-16 22:44:38,410 [INFO] Sending to ptd: 'SR,A,0.045350'
ptd-server 2022-02-16 22:44:39,911 [INFO] Reply from ptd: 'Range A changed'
ptd-server 2022-02-16 22:44:49,921 [INFO] Starting testing mode
ptd-server 2022-02-16 22:44:49,922 [INFO] Sending to ptd: 'Go,1000,0,2022-02-16_22-33-40_testing'
ptd-server 2022-02-16 22:44:49,922 [INFO] Reply from ptd: 'Starting untimed measurement, maximum 500000 samples at 1000ms with 0 rampup samples'
ptd-server 2022-02-16 22:44:49,922 [INFO] Sending reply to client 'OK'
ptd-server 2022-02-16 22:55:08,084 [INFO] Got command from the client 'session,2022-02-16_22-33-40,stop,testing'
ptd-server 2022-02-16 22:55:18,094 [INFO] Sending to ptd: 'Stop'
ptd-server 2022-02-16 22:55:18,095 [INFO] Reply from ptd: 'Stopping untimed measurement'
ptd-server 2022-02-16 22:55:18,142 [INFO] Sending reply to client 'OK'
ptd-server 2022-02-16 22:55:18,161 [INFO] Got command from the client 'session,2022-02-16_22-33-40,done'
ptd-server 2022-02-16 22:55:18,162 [INFO] Sending to ptd: 'Stop'
ptd-server 2022-02-16 22:55:18,923 [INFO] Reply from ptd: 'Error: no measurement to stop'
ptd-server 2022-02-16 22:55:18,923 [INFO] Sending to ptd: 'SR,V,300.000000'
ptd-server 2022-02-16 22:55:20,424 [INFO] Reply from ptd: 'Range V changed'
ptd-server 2022-02-16 22:55:20,424 [INFO] Sending to ptd: 'SR,A,0.500000'
ptd-server 2022-02-16 22:55:21,926 [INFO] Reply from ptd: 'Range A changed'
ptd-server 2022-02-16 22:55:21,926 [INFO] Set initial values for Amps 0.500000 and Volts 300.000000
ptd-server 2022-02-16 22:55:21,926 [INFO] Stopping ptd...
