ptd-server 2022-02-23 01:20:49,564 [INFO] Got command from the client 'time'
ptd-server 2022-02-23 01:20:49,564 [INFO] Sending reply to client '1645579249.5647697'
ptd-server 2022-02-23 01:20:49,567 [INFO] Got command from the client 'new,,68305d43-cf5b-43f4-8379-d1c3521e6c15'
ptd-server 2022-02-23 01:20:49,567 [INFO] Sending reply to client 'OK 2022-02-23_01-20-49,4d91b700-ae08-4fa5-b48f-e89d4cd031a8'
ptd-server 2022-02-23 01:20:49,604 [INFO] Got command from the client 'time'
ptd-server 2022-02-23 01:20:49,604 [INFO] Sending reply to client '1645579249.6046968'
ptd-server 2022-02-23 01:20:49,606 [INFO] Got command from the client 'session,2022-02-23_01-20-49,start,ranging'
ptd-server 2022-02-23 01:20:49,606 [INFO] Running PTDaemon: ['/home/anton/projects/mlperf/power/inference_v1.0/ptd-linux-x86', '-l', '/tmp/tmpgldyt7rr/ptd_logfile.txt', '-p', '8888', '49', '/dev/usbtmc0']
ptd-server 2022-02-23 01:21:06,780 [INFO] Sending to ptd: 'Hello'
ptd-server 2022-02-23 01:21:06,780 [INFO] Reply from ptd: 'Hello, PTDaemon here!'
ptd-server 2022-02-23 01:21:06,781 [INFO] Sending to ptd: 'Identify'
ptd-server 2022-02-23 01:21:06,781 [INFO] Reply from ptd: 'YokogawaWT310E,1000,1,1,1,1,0,1,1,version=1.9.2-e8c7a49a-20201208,OS=Linux 5.13.0-28-generic #31~20.04.1-Ubuntu SMP Wed Jan 19 14:08:10 UTC 2022 x86_64,mode=power,1,1,1,0,0,no_cal_date,YOKOGAWA;WT310E;C3XA04010E;F1.04'
ptd-server 2022-02-23 01:21:06,781 [INFO] Connected to PTDaemon
ptd-server 2022-02-23 01:21:06,781 [INFO] Sending to ptd: 'RR'
ptd-server 2022-02-23 01:21:06,782 [INFO] Reply from ptd: 'Ranges,0,0.500000,0,300.000000'
ptd-server 2022-02-23 01:21:06,782 [INFO] Initial range for Amps is 0.500000 for Volts is 300.000000
ptd-server 2022-02-23 01:21:06,782 [INFO] Sending to ptd: 'SR,V,Auto'
ptd-server 2022-02-23 01:21:07,285 [INFO] Reply from ptd: 'Range V changed'
ptd-server 2022-02-23 01:21:07,285 [INFO] Sending to ptd: 'SR,A,Auto'
ptd-server 2022-02-23 01:21:07,787 [INFO] Reply from ptd: 'Range A changed'
ptd-server 2022-02-23 01:21:17,798 [INFO] Starting ranging mode
ptd-server 2022-02-23 01:21:17,798 [INFO] Sending to ptd: 'Go,1000,0,2022-02-23_01-20-49_ranging'
ptd-server 2022-02-23 01:21:17,798 [INFO] Reply from ptd: 'Starting untimed measurement, maximum 500000 samples at 1000ms with 0 rampup samples'
ptd-server 2022-02-23 01:21:17,799 [INFO] Sending reply to client 'OK'
ptd-server 2022-02-23 01:31:46,939 [INFO] Got command from the client 'session,2022-02-23_01-20-49,stop,ranging'
ptd-server 2022-02-23 01:31:56,949 [INFO] Sending to ptd: 'Stop'
ptd-server 2022-02-23 01:31:56,950 [INFO] Reply from ptd: 'Stopping untimed measurement'
ptd-server 2022-02-23 01:31:57,751 [INFO] Sending reply to client 'OK'
ptd-server 2022-02-23 01:31:57,812 [INFO] Got command from the client 'time'
ptd-server 2022-02-23 01:31:57,812 [INFO] Sending reply to client '1645579917.8123426'
ptd-server 2022-02-23 01:31:57,814 [INFO] Got command from the client 'session,2022-02-23_01-20-49,start,testing'
ptd-server 2022-02-23 01:31:57,814 [INFO] Sending to ptd: 'SR,V,249.160000'
ptd-server 2022-02-23 01:31:59,315 [INFO] Reply from ptd: 'Range V changed'
ptd-server 2022-02-23 01:31:59,316 [INFO] Sending to ptd: 'SR,A,0.055010'
ptd-server 2022-02-23 01:32:00,817 [INFO] Reply from ptd: 'Range A changed'
ptd-server 2022-02-23 01:32:10,827 [INFO] Starting testing mode
ptd-server 2022-02-23 01:32:10,828 [INFO] Sending to ptd: 'Go,1000,0,2022-02-23_01-20-49_testing'
ptd-server 2022-02-23 01:32:10,828 [INFO] Reply from ptd: 'Starting untimed measurement, maximum 500000 samples at 1000ms with 0 rampup samples'
ptd-server 2022-02-23 01:32:10,828 [INFO] Sending reply to client 'OK'
ptd-server 2022-02-23 01:42:39,691 [INFO] Got command from the client 'session,2022-02-23_01-20-49,stop,testing'
ptd-server 2022-02-23 01:42:49,700 [INFO] Sending to ptd: 'Stop'
ptd-server 2022-02-23 01:42:49,700 [INFO] Reply from ptd: 'Stopping untimed measurement'
ptd-server 2022-02-23 01:42:50,129 [INFO] Sending reply to client 'OK'
ptd-server 2022-02-23 01:42:50,148 [INFO] Got command from the client 'session,2022-02-23_01-20-49,done'
ptd-server 2022-02-23 01:42:50,148 [INFO] Sending to ptd: 'Stop'
ptd-server 2022-02-23 01:42:50,149 [INFO] Reply from ptd: 'Error: no measurement to stop'
ptd-server 2022-02-23 01:42:50,149 [INFO] Sending to ptd: 'SR,V,300.000000'
ptd-server 2022-02-23 01:42:51,650 [INFO] Reply from ptd: 'Range V changed'
ptd-server 2022-02-23 01:42:51,650 [INFO] Sending to ptd: 'SR,A,0.500000'
ptd-server 2022-02-23 01:42:53,151 [INFO] Reply from ptd: 'Range A changed'
ptd-server 2022-02-23 01:42:53,152 [INFO] Set initial values for Amps 0.500000 and Volts 300.000000
ptd-server 2022-02-23 01:42:53,152 [INFO] Stopping ptd...
