ptd-server 2022-02-18 12:38:50,748 [INFO] Got command from the client 'time'
ptd-server 2022-02-18 12:38:50,748 [INFO] Sending reply to client '1645209530.7484705'
ptd-server 2022-02-18 12:38:50,749 [INFO] Got command from the client 'new,,f1fc6940-2322-408d-aa6f-6855d51eaa49'
ptd-server 2022-02-18 12:38:50,749 [INFO] Sending reply to client 'OK 2022-02-18_12-38-50,03e6b849-6ace-41ed-9ec5-66e0997809bf'
ptd-server 2022-02-18 12:38:50,859 [INFO] Got command from the client 'time'
ptd-server 2022-02-18 12:38:50,859 [INFO] Sending reply to client '1645209530.859676'
ptd-server 2022-02-18 12:38:50,860 [INFO] Got command from the client 'session,2022-02-18_12-38-50,start,ranging'
ptd-server 2022-02-18 12:38:50,861 [INFO] Running PTDaemon: ['/local/mnt/workspace/mlcommons/power-main/inference_v1.0/ptd-linux-x86', '-l', '/tmp/tmpbzz3s1yx/ptd_logfile.txt', '-p', '8886', '49', '/dev/usbtmc1']
ptd-server 2022-02-18 12:39:07,981 [INFO] Sending to ptd: 'Hello'
ptd-server 2022-02-18 12:39:07,982 [INFO] Reply from ptd: 'Hello, PTDaemon here!'
ptd-server 2022-02-18 12:39:07,982 [INFO] Sending to ptd: 'Identify'
ptd-server 2022-02-18 12:39:07,983 [INFO] Reply from ptd: 'YokogawaWT310E,1000,1,1,1,1,0,1,1,version=1.9.2-e8c7a49a-20201208,OS=Linux 4.15.0-162-generic #170-Ubuntu SMP Mon Oct 18 11:38:05 UTC 2021 x86_64,mode=power,1,1,1,0,0,no_cal_date,YOKOGAWA;WT310E;C2XF16030V;F1.04'
ptd-server 2022-02-18 12:39:07,983 [INFO] Connected to PTDaemon
ptd-server 2022-02-18 12:39:07,983 [INFO] Sending to ptd: 'RR'
ptd-server 2022-02-18 12:39:07,984 [INFO] Reply from ptd: 'Ranges,1,2.000000,1,150.000000'
ptd-server 2022-02-18 12:39:07,984 [INFO] Initial range for Amps is Auto for Volts is Auto
ptd-server 2022-02-18 12:39:07,984 [INFO] Sending to ptd: 'SR,V,Auto'
ptd-server 2022-02-18 12:39:08,487 [INFO] Reply from ptd: 'Range V changed'
ptd-server 2022-02-18 12:39:08,488 [INFO] Sending to ptd: 'SR,A,Auto'
ptd-server 2022-02-18 12:39:08,991 [INFO] Reply from ptd: 'Range A changed'
ptd-server 2022-02-18 12:39:19,001 [INFO] Starting ranging mode
ptd-server 2022-02-18 12:39:19,002 [INFO] Sending to ptd: 'Go,1000,0,2022-02-18_12-38-50_ranging'
ptd-server 2022-02-18 12:39:19,002 [INFO] Reply from ptd: 'Starting untimed measurement, maximum 500000 samples at 1000ms with 0 rampup samples'
ptd-server 2022-02-18 12:39:19,002 [INFO] Sending reply to client 'OK'
ptd-server 2022-02-18 12:51:20,727 [INFO] Got command from the client 'session,2022-02-18_12-38-50,stop,ranging'
ptd-server 2022-02-18 12:51:30,738 [INFO] Sending to ptd: 'Stop'
ptd-server 2022-02-18 12:51:30,739 [INFO] Reply from ptd: 'Stopping untimed measurement'
ptd-server 2022-02-18 12:51:30,899 [INFO] Sending reply to client 'OK'
ptd-server 2022-02-18 12:51:30,995 [INFO] Got command from the client 'time'
ptd-server 2022-02-18 12:51:30,996 [INFO] Sending reply to client '1645210290.9960344'
ptd-server 2022-02-18 12:51:30,996 [INFO] Got command from the client 'session,2022-02-18_12-38-50,start,testing'
ptd-server 2022-02-18 12:51:30,997 [INFO] Sending to ptd: 'SR,V,120.440000'
ptd-server 2022-02-18 12:51:32,504 [INFO] Reply from ptd: 'Range V changed'
ptd-server 2022-02-18 12:51:32,505 [INFO] Sending to ptd: 'SR,A,2.025200'
ptd-server 2022-02-18 12:51:34,006 [INFO] Reply from ptd: 'Range A changed'
ptd-server 2022-02-18 12:51:44,017 [INFO] Starting testing mode
ptd-server 2022-02-18 12:51:44,017 [INFO] Sending to ptd: 'Go,1000,0,2022-02-18_12-38-50_testing'
ptd-server 2022-02-18 12:51:44,018 [INFO] Reply from ptd: 'Starting untimed measurement, maximum 500000 samples at 1000ms with 0 rampup samples'
ptd-server 2022-02-18 12:51:44,018 [INFO] Sending reply to client 'OK'
ptd-server 2022-02-18 13:03:45,509 [INFO] Got command from the client 'session,2022-02-18_12-38-50,stop,testing'
ptd-server 2022-02-18 13:03:55,513 [INFO] Sending to ptd: 'Stop'
ptd-server 2022-02-18 13:03:55,514 [INFO] Reply from ptd: 'Stopping untimed measurement'
ptd-server 2022-02-18 13:03:55,601 [INFO] Sending reply to client 'OK'
ptd-server 2022-02-18 13:03:55,606 [INFO] Got command from the client 'session,2022-02-18_12-38-50,done'
ptd-server 2022-02-18 13:03:55,607 [INFO] Sending to ptd: 'Stop'
ptd-server 2022-02-18 13:03:56,019 [INFO] Reply from ptd: 'Error: no measurement to stop'
ptd-server 2022-02-18 13:03:56,019 [INFO] Sending to ptd: 'SR,V,Auto'
ptd-server 2022-02-18 13:03:56,522 [INFO] Reply from ptd: 'Range V changed'
ptd-server 2022-02-18 13:03:56,522 [INFO] Sending to ptd: 'SR,A,Auto'
ptd-server 2022-02-18 13:03:57,025 [INFO] Reply from ptd: 'Range A changed'
ptd-server 2022-02-18 13:03:57,025 [INFO] Set initial values for Amps Auto and Volts Auto
ptd-server 2022-02-18 13:03:57,026 [INFO] Stopping ptd...
