ptd-server 2022-02-16 14:01:11,138 [INFO] Got command from the client 'time'
ptd-server 2022-02-16 14:01:11,138 [INFO] Sending reply to client '1645020071.1387804'
ptd-server 2022-02-16 14:01:11,140 [INFO] Got command from the client 'new,,a306b7ec-cc34-41b2-b9fc-ae533fc9a10f'
ptd-server 2022-02-16 14:01:11,141 [INFO] Sending reply to client 'OK 2022-02-16_14-01-11,2ef7fc97-e0a8-4180-ba08-0ebe69f09365'
ptd-server 2022-02-16 14:01:11,178 [INFO] Got command from the client 'time'
ptd-server 2022-02-16 14:01:11,178 [INFO] Sending reply to client '1645020071.1786618'
ptd-server 2022-02-16 14:01:11,180 [INFO] Got command from the client 'session,2022-02-16_14-01-11,start,ranging'
ptd-server 2022-02-16 14:01:11,180 [INFO] Running PTDaemon: ['/home/anton/projects/mlperf/power/inference_v1.0/ptd-linux-x86', '-l', '/tmp/tmpgldyt7rr/ptd_logfile.txt', '-p', '8888', '49', '/dev/usbtmc0']
ptd-server 2022-02-16 14:01:28,353 [INFO] Sending to ptd: 'Hello'
ptd-server 2022-02-16 14:01:28,354 [INFO] Reply from ptd: 'Hello, PTDaemon here!'
ptd-server 2022-02-16 14:01:28,354 [INFO] Sending to ptd: 'Identify'
ptd-server 2022-02-16 14:01:28,355 [INFO] Reply from ptd: 'YokogawaWT310E,1000,1,1,1,1,0,1,1,version=1.9.2-e8c7a49a-20201208,OS=Linux 5.13.0-28-generic #31~20.04.1-Ubuntu SMP Wed Jan 19 14:08:10 UTC 2022 x86_64,mode=power,1,1,1,0,0,no_cal_date,YOKOGAWA;WT310E;C3XA04010E;F1.04'
ptd-server 2022-02-16 14:01:28,355 [INFO] Connected to PTDaemon
ptd-server 2022-02-16 14:01:28,355 [INFO] Sending to ptd: 'RR'
ptd-server 2022-02-16 14:01:28,355 [INFO] Reply from ptd: 'Ranges,0,0.500000,0,300.000000'
ptd-server 2022-02-16 14:01:28,355 [INFO] Initial range for Amps is 0.500000 for Volts is 300.000000
ptd-server 2022-02-16 14:01:28,356 [INFO] Sending to ptd: 'SR,V,Auto'
ptd-server 2022-02-16 14:01:28,858 [INFO] Reply from ptd: 'Range V changed'
ptd-server 2022-02-16 14:01:28,858 [INFO] Sending to ptd: 'SR,A,Auto'
ptd-server 2022-02-16 14:01:29,361 [INFO] Reply from ptd: 'Range A changed'
ptd-server 2022-02-16 14:01:39,371 [INFO] Starting ranging mode
ptd-server 2022-02-16 14:01:39,371 [INFO] Sending to ptd: 'Go,1000,0,2022-02-16_14-01-11_ranging'
ptd-server 2022-02-16 14:01:39,371 [INFO] Reply from ptd: 'Starting untimed measurement, maximum 500000 samples at 1000ms with 0 rampup samples'
ptd-server 2022-02-16 14:01:39,372 [INFO] Sending reply to client 'OK'
ptd-server 2022-02-16 14:11:56,287 [INFO] Got command from the client 'session,2022-02-16_14-01-11,stop,ranging'
ptd-server 2022-02-16 14:12:06,298 [INFO] Sending to ptd: 'Stop'
ptd-server 2022-02-16 14:12:06,298 [INFO] Reply from ptd: 'Stopping untimed measurement'
ptd-server 2022-02-16 14:12:06,332 [INFO] Sending reply to client 'OK'
ptd-server 2022-02-16 14:12:06,427 [INFO] Got command from the client 'time'
ptd-server 2022-02-16 14:12:06,427 [INFO] Sending reply to client '1645020726.4274337'
ptd-server 2022-02-16 14:12:06,435 [INFO] Got command from the client 'session,2022-02-16_14-01-11,start,testing'
ptd-server 2022-02-16 14:12:06,435 [INFO] Sending to ptd: 'SR,V,249.950000'
ptd-server 2022-02-16 14:12:07,937 [INFO] Reply from ptd: 'Range V changed'
ptd-server 2022-02-16 14:12:07,937 [INFO] Sending to ptd: 'SR,A,0.049720'
ptd-server 2022-02-16 14:12:09,438 [INFO] Reply from ptd: 'Range A changed'
ptd-server 2022-02-16 14:12:19,448 [INFO] Starting testing mode
ptd-server 2022-02-16 14:12:19,448 [INFO] Sending to ptd: 'Go,1000,0,2022-02-16_14-01-11_testing'
ptd-server 2022-02-16 14:12:19,449 [INFO] Reply from ptd: 'Starting untimed measurement, maximum 500000 samples at 1000ms with 0 rampup samples'
ptd-server 2022-02-16 14:12:19,449 [INFO] Sending reply to client 'OK'
ptd-server 2022-02-16 14:22:37,438 [INFO] Got command from the client 'session,2022-02-16_14-01-11,stop,testing'
ptd-server 2022-02-16 14:22:47,449 [INFO] Sending to ptd: 'Stop'
ptd-server 2022-02-16 14:22:47,449 [INFO] Reply from ptd: 'Stopping untimed measurement'
ptd-server 2022-02-16 14:22:47,467 [INFO] Sending reply to client 'OK'
ptd-server 2022-02-16 14:22:47,501 [INFO] Got command from the client 'session,2022-02-16_14-01-11,done'
ptd-server 2022-02-16 14:22:47,502 [INFO] Sending to ptd: 'Stop'
ptd-server 2022-02-16 14:22:48,449 [INFO] Reply from ptd: 'Error: no measurement to stop'
ptd-server 2022-02-16 14:22:48,450 [INFO] Sending to ptd: 'SR,V,300.000000'
ptd-server 2022-02-16 14:22:49,951 [INFO] Reply from ptd: 'Range V changed'
ptd-server 2022-02-16 14:22:49,951 [INFO] Sending to ptd: 'SR,A,0.500000'
ptd-server 2022-02-16 14:22:51,452 [INFO] Reply from ptd: 'Range A changed'
ptd-server 2022-02-16 14:22:51,452 [INFO] Set initial values for Amps 0.500000 and Volts 300.000000
ptd-server 2022-02-16 14:22:51,453 [INFO] Stopping ptd...
