ptd-server 2022-02-18 02:11:11,279 [INFO] Got command from the client 'time'
ptd-server 2022-02-18 02:11:11,279 [INFO] Sending reply to client '1645150271.279817'
ptd-server 2022-02-18 02:11:11,282 [INFO] Got command from the client 'new,,bfe82322-87e7-4bde-9a0d-abf6dd1240af'
ptd-server 2022-02-18 02:11:11,282 [INFO] Sending reply to client 'OK 2022-02-18_02-11-11,f6a6a909-0d75-4531-ab8a-bfc612878058'
ptd-server 2022-02-18 02:11:11,328 [INFO] Got command from the client 'time'
ptd-server 2022-02-18 02:11:11,328 [INFO] Sending reply to client '1645150271.3283517'
ptd-server 2022-02-18 02:11:11,330 [INFO] Got command from the client 'session,2022-02-18_02-11-11,start,ranging'
ptd-server 2022-02-18 02:11:11,331 [INFO] Running PTDaemon: ['/home/anton/projects/mlperf/power/inference_v1.0/ptd-linux-x86', '-l', '/tmp/tmpgldyt7rr/ptd_logfile.txt', '-p', '8888', '49', '/dev/usbtmc0']
ptd-server 2022-02-18 02:11:28,504 [INFO] Sending to ptd: 'Hello'
ptd-server 2022-02-18 02:11:28,504 [INFO] Reply from ptd: 'Hello, PTDaemon here!'
ptd-server 2022-02-18 02:11:28,505 [INFO] Sending to ptd: 'Identify'
ptd-server 2022-02-18 02:11:28,505 [INFO] Reply from ptd: 'YokogawaWT310E,1000,1,1,1,1,0,1,1,version=1.9.2-e8c7a49a-20201208,OS=Linux 5.13.0-28-generic #31~20.04.1-Ubuntu SMP Wed Jan 19 14:08:10 UTC 2022 x86_64,mode=power,1,1,1,0,0,no_cal_date,YOKOGAWA;WT310E;C3XA04010E;F1.04'
ptd-server 2022-02-18 02:11:28,505 [INFO] Connected to PTDaemon
ptd-server 2022-02-18 02:11:28,505 [INFO] Sending to ptd: 'RR'
ptd-server 2022-02-18 02:11:28,506 [INFO] Reply from ptd: 'Ranges,0,0.500000,0,300.000000'
ptd-server 2022-02-18 02:11:28,506 [INFO] Initial range for Amps is 0.500000 for Volts is 300.000000
ptd-server 2022-02-18 02:11:28,506 [INFO] Sending to ptd: 'SR,V,Auto'
ptd-server 2022-02-18 02:11:29,008 [INFO] Reply from ptd: 'Range V changed'
ptd-server 2022-02-18 02:11:29,008 [INFO] Sending to ptd: 'SR,A,Auto'
ptd-server 2022-02-18 02:11:29,511 [INFO] Reply from ptd: 'Range A changed'
ptd-server 2022-02-18 02:11:39,521 [INFO] Starting ranging mode
ptd-server 2022-02-18 02:11:39,521 [INFO] Sending to ptd: 'Go,1000,0,2022-02-18_02-11-11_ranging'
ptd-server 2022-02-18 02:11:39,522 [INFO] Reply from ptd: 'Starting untimed measurement, maximum 500000 samples at 1000ms with 0 rampup samples'
ptd-server 2022-02-18 02:11:39,522 [INFO] Sending reply to client 'OK'
ptd-server 2022-02-18 02:25:02,465 [INFO] Got command from the client 'session,2022-02-18_02-11-11,stop,ranging'
ptd-server 2022-02-18 02:25:12,474 [INFO] Sending to ptd: 'Stop'
ptd-server 2022-02-18 02:25:12,474 [INFO] Reply from ptd: 'Stopping untimed measurement'
ptd-server 2022-02-18 02:25:12,709 [INFO] Sending reply to client 'OK'
ptd-server 2022-02-18 02:25:12,831 [INFO] Got command from the client 'time'
ptd-server 2022-02-18 02:25:12,832 [INFO] Sending reply to client '1645151112.8319695'
ptd-server 2022-02-18 02:25:12,836 [INFO] Got command from the client 'session,2022-02-18_02-11-11,start,testing'
ptd-server 2022-02-18 02:25:12,836 [INFO] Sending to ptd: 'SR,V,250.330000'
ptd-server 2022-02-18 02:25:14,337 [INFO] Reply from ptd: 'Range V changed'
ptd-server 2022-02-18 02:25:14,338 [INFO] Sending to ptd: 'SR,A,0.210850'
ptd-server 2022-02-18 02:25:15,839 [INFO] Reply from ptd: 'Range A changed'
ptd-server 2022-02-18 02:25:25,849 [INFO] Starting testing mode
ptd-server 2022-02-18 02:25:25,849 [INFO] Sending to ptd: 'Go,1000,0,2022-02-18_02-11-11_testing'
ptd-server 2022-02-18 02:25:25,850 [INFO] Reply from ptd: 'Starting untimed measurement, maximum 500000 samples at 1000ms with 0 rampup samples'
ptd-server 2022-02-18 02:25:25,850 [INFO] Sending reply to client 'OK'
ptd-server 2022-02-18 02:38:51,648 [INFO] Got command from the client 'session,2022-02-18_02-11-11,stop,testing'
ptd-server 2022-02-18 02:39:01,659 [INFO] Sending to ptd: 'Stop'
ptd-server 2022-02-18 02:39:01,659 [INFO] Reply from ptd: 'Stopping untimed measurement'
ptd-server 2022-02-18 02:39:01,786 [INFO] Sending reply to client 'OK'
ptd-server 2022-02-18 02:39:01,828 [INFO] Got command from the client 'session,2022-02-18_02-11-11,done'
ptd-server 2022-02-18 02:39:01,828 [INFO] Sending to ptd: 'Stop'
ptd-server 2022-02-18 02:39:01,850 [INFO] Reply from ptd: 'Error: no measurement to stop'
ptd-server 2022-02-18 02:39:01,851 [INFO] Sending to ptd: 'SR,V,300.000000'
ptd-server 2022-02-18 02:39:03,352 [INFO] Reply from ptd: 'Range V changed'
ptd-server 2022-02-18 02:39:03,352 [INFO] Sending to ptd: 'SR,A,0.500000'
ptd-server 2022-02-18 02:39:04,853 [INFO] Reply from ptd: 'Range A changed'
ptd-server 2022-02-18 02:39:04,853 [INFO] Set initial values for Amps 0.500000 and Volts 300.000000
ptd-server 2022-02-18 02:39:04,854 [INFO] Stopping ptd...
