ptd-server 2022-02-22 19:23:14,938 [INFO] Got command from the client 'time'
ptd-server 2022-02-22 19:23:14,938 [INFO] Sending reply to client '1645557794.9384809'
ptd-server 2022-02-22 19:23:14,940 [INFO] Got command from the client 'new,,ba53e8c9-c879-435f-bf78-ee44512bda7b'
ptd-server 2022-02-22 19:23:14,941 [INFO] Sending reply to client 'OK 2022-02-22_19-23-14,cad6afe3-3fc4-4e7d-9e0d-d521110fe588'
ptd-server 2022-02-22 19:23:14,978 [INFO] Got command from the client 'time'
ptd-server 2022-02-22 19:23:14,978 [INFO] Sending reply to client '1645557794.9784102'
ptd-server 2022-02-22 19:23:14,980 [INFO] Got command from the client 'session,2022-02-22_19-23-14,start,ranging'
ptd-server 2022-02-22 19:23:14,980 [INFO] Running PTDaemon: ['/home/anton/projects/mlperf/power/inference_v1.0/ptd-linux-x86', '-l', '/tmp/tmpgldyt7rr/ptd_logfile.txt', '-p', '8888', '49', '/dev/usbtmc0']
ptd-server 2022-02-22 19:23:32,153 [INFO] Sending to ptd: 'Hello'
ptd-server 2022-02-22 19:23:32,154 [INFO] Reply from ptd: 'Hello, PTDaemon here!'
ptd-server 2022-02-22 19:23:32,154 [INFO] Sending to ptd: 'Identify'
ptd-server 2022-02-22 19:23:32,155 [INFO] Reply from ptd: 'YokogawaWT310E,1000,1,1,1,1,0,1,1,version=1.9.2-e8c7a49a-20201208,OS=Linux 5.13.0-28-generic #31~20.04.1-Ubuntu SMP Wed Jan 19 14:08:10 UTC 2022 x86_64,mode=power,1,1,1,0,0,no_cal_date,YOKOGAWA;WT310E;C3XA04010E;F1.04'
ptd-server 2022-02-22 19:23:32,155 [INFO] Connected to PTDaemon
ptd-server 2022-02-22 19:23:32,155 [INFO] Sending to ptd: 'RR'
ptd-server 2022-02-22 19:23:32,155 [INFO] Reply from ptd: 'Ranges,0,0.500000,0,300.000000'
ptd-server 2022-02-22 19:23:32,155 [INFO] Initial range for Amps is 0.500000 for Volts is 300.000000
ptd-server 2022-02-22 19:23:32,155 [INFO] Sending to ptd: 'SR,V,Auto'
ptd-server 2022-02-22 19:23:32,658 [INFO] Reply from ptd: 'Range V changed'
ptd-server 2022-02-22 19:23:32,658 [INFO] Sending to ptd: 'SR,A,Auto'
ptd-server 2022-02-22 19:23:33,161 [INFO] Reply from ptd: 'Range A changed'
ptd-server 2022-02-22 19:23:43,171 [INFO] Starting ranging mode
ptd-server 2022-02-22 19:23:43,171 [INFO] Sending to ptd: 'Go,1000,0,2022-02-22_19-23-14_ranging'
ptd-server 2022-02-22 19:23:43,172 [INFO] Reply from ptd: 'Starting untimed measurement, maximum 500000 samples at 1000ms with 0 rampup samples'
ptd-server 2022-02-22 19:23:43,172 [INFO] Sending reply to client 'OK'
ptd-server 2022-02-22 19:34:12,444 [INFO] Got command from the client 'session,2022-02-22_19-23-14,stop,ranging'
ptd-server 2022-02-22 19:34:22,454 [INFO] Sending to ptd: 'Stop'
ptd-server 2022-02-22 19:34:22,454 [INFO] Reply from ptd: 'Stopping untimed measurement'
ptd-server 2022-02-22 19:34:23,240 [INFO] Sending reply to client 'OK'
ptd-server 2022-02-22 19:34:23,305 [INFO] Got command from the client 'time'
ptd-server 2022-02-22 19:34:23,305 [INFO] Sending reply to client '1645558463.305777'
ptd-server 2022-02-22 19:34:23,307 [INFO] Got command from the client 'session,2022-02-22_19-23-14,start,testing'
ptd-server 2022-02-22 19:34:23,307 [INFO] Sending to ptd: 'SR,V,249.350000'
ptd-server 2022-02-22 19:34:24,809 [INFO] Reply from ptd: 'Range V changed'
ptd-server 2022-02-22 19:34:24,809 [INFO] Sending to ptd: 'SR,A,0.055980'
ptd-server 2022-02-22 19:34:26,310 [INFO] Reply from ptd: 'Range A changed'
ptd-server 2022-02-22 19:34:36,321 [INFO] Starting testing mode
ptd-server 2022-02-22 19:34:36,321 [INFO] Sending to ptd: 'Go,1000,0,2022-02-22_19-23-14_testing'
ptd-server 2022-02-22 19:34:36,321 [INFO] Reply from ptd: 'Starting untimed measurement, maximum 500000 samples at 1000ms with 0 rampup samples'
ptd-server 2022-02-22 19:34:36,321 [INFO] Sending reply to client 'OK'
ptd-server 2022-02-22 19:45:05,371 [INFO] Got command from the client 'session,2022-02-22_19-23-14,stop,testing'
ptd-server 2022-02-22 19:45:15,381 [INFO] Sending to ptd: 'Stop'
ptd-server 2022-02-22 19:45:15,382 [INFO] Reply from ptd: 'Stopping untimed measurement'
ptd-server 2022-02-22 19:45:15,774 [INFO] Sending reply to client 'OK'
ptd-server 2022-02-22 19:45:15,793 [INFO] Got command from the client 'session,2022-02-22_19-23-14,done'
ptd-server 2022-02-22 19:45:15,793 [INFO] Sending to ptd: 'Stop'
ptd-server 2022-02-22 19:45:16,322 [INFO] Reply from ptd: 'Error: no measurement to stop'
ptd-server 2022-02-22 19:45:16,322 [INFO] Sending to ptd: 'SR,V,300.000000'
ptd-server 2022-02-22 19:45:17,823 [INFO] Reply from ptd: 'Range V changed'
ptd-server 2022-02-22 19:45:17,823 [INFO] Sending to ptd: 'SR,A,0.500000'
ptd-server 2022-02-22 19:45:19,325 [INFO] Reply from ptd: 'Range A changed'
ptd-server 2022-02-22 19:45:19,325 [INFO] Set initial values for Amps 0.500000 and Volts 300.000000
ptd-server 2022-02-22 19:45:19,325 [INFO] Stopping ptd...
