ptd-server 2022-02-21 00:23:20,284 [INFO] Got command from the client 'time'
ptd-server 2022-02-21 00:23:20,284 [INFO] Sending reply to client '1645403000.284507'
ptd-server 2022-02-21 00:23:20,286 [INFO] Got command from the client 'new,,8d2ce872-4421-46c6-bac8-b3b5fca1d4b5'
ptd-server 2022-02-21 00:23:20,286 [INFO] Sending reply to client 'OK 2022-02-21_00-23-20,3f21ddc5-5929-4c55-abe3-38d7e65bc945'
ptd-server 2022-02-21 00:23:20,313 [INFO] Got command from the client 'time'
ptd-server 2022-02-21 00:23:20,314 [INFO] Sending reply to client '1645403000.3140585'
ptd-server 2022-02-21 00:23:20,315 [INFO] Got command from the client 'session,2022-02-21_00-23-20,start,ranging'
ptd-server 2022-02-21 00:23:20,315 [INFO] Running PTDaemon: ['/home/anton/projects/mlperf/power/inference_v1.0/ptd-linux-x86', '-l', '/tmp/tmpgldyt7rr/ptd_logfile.txt', '-p', '8888', '49', '/dev/usbtmc0']
ptd-server 2022-02-21 00:23:37,490 [INFO] Sending to ptd: 'Hello'
ptd-server 2022-02-21 00:23:37,490 [INFO] Reply from ptd: 'Hello, PTDaemon here!'
ptd-server 2022-02-21 00:23:37,491 [INFO] Sending to ptd: 'Identify'
ptd-server 2022-02-21 00:23:37,491 [INFO] Reply from ptd: 'YokogawaWT310E,1000,1,1,1,1,0,1,1,version=1.9.2-e8c7a49a-20201208,OS=Linux 5.13.0-28-generic #31~20.04.1-Ubuntu SMP Wed Jan 19 14:08:10 UTC 2022 x86_64,mode=power,1,1,1,0,0,no_cal_date,YOKOGAWA;WT310E;C3XA04010E;F1.04'
ptd-server 2022-02-21 00:23:37,491 [INFO] Connected to PTDaemon
ptd-server 2022-02-21 00:23:37,491 [INFO] Sending to ptd: 'RR'
ptd-server 2022-02-21 00:23:37,491 [INFO] Reply from ptd: 'Ranges,0,0.500000,0,300.000000'
ptd-server 2022-02-21 00:23:37,491 [INFO] Initial range for Amps is 0.500000 for Volts is 300.000000
ptd-server 2022-02-21 00:23:37,491 [INFO] Sending to ptd: 'SR,V,Auto'
ptd-server 2022-02-21 00:23:37,994 [INFO] Reply from ptd: 'Range V changed'
ptd-server 2022-02-21 00:23:37,994 [INFO] Sending to ptd: 'SR,A,Auto'
ptd-server 2022-02-21 00:23:38,496 [INFO] Reply from ptd: 'Range A changed'
ptd-server 2022-02-21 00:23:48,504 [INFO] Starting ranging mode
ptd-server 2022-02-21 00:23:48,504 [INFO] Sending to ptd: 'Go,1000,0,2022-02-21_00-23-20_ranging'
ptd-server 2022-02-21 00:23:48,504 [INFO] Reply from ptd: 'Starting untimed measurement, maximum 500000 samples at 1000ms with 0 rampup samples'
ptd-server 2022-02-21 00:23:48,505 [INFO] Sending reply to client 'OK'
ptd-server 2022-02-21 00:34:15,992 [INFO] Got command from the client 'session,2022-02-21_00-23-20,stop,ranging'
ptd-server 2022-02-21 00:34:26,003 [INFO] Sending to ptd: 'Stop'
ptd-server 2022-02-21 00:34:26,003 [INFO] Reply from ptd: 'Stopping untimed measurement'
ptd-server 2022-02-21 00:34:26,575 [INFO] Sending reply to client 'OK'
ptd-server 2022-02-21 00:34:26,653 [INFO] Got command from the client 'time'
ptd-server 2022-02-21 00:34:26,653 [INFO] Sending reply to client '1645403666.6532278'
ptd-server 2022-02-21 00:34:26,656 [INFO] Got command from the client 'session,2022-02-21_00-23-20,start,testing'
ptd-server 2022-02-21 00:34:26,657 [INFO] Sending to ptd: 'SR,V,249.500000'
ptd-server 2022-02-21 00:34:28,158 [INFO] Reply from ptd: 'Range V changed'
ptd-server 2022-02-21 00:34:28,158 [INFO] Sending to ptd: 'SR,A,0.040700'
ptd-server 2022-02-21 00:34:29,659 [INFO] Reply from ptd: 'Range A changed'
ptd-server 2022-02-21 00:34:39,670 [INFO] Starting testing mode
ptd-server 2022-02-21 00:34:39,670 [INFO] Sending to ptd: 'Go,1000,0,2022-02-21_00-23-20_testing'
ptd-server 2022-02-21 00:34:39,670 [INFO] Reply from ptd: 'Starting untimed measurement, maximum 500000 samples at 1000ms with 0 rampup samples'
ptd-server 2022-02-21 00:34:39,670 [INFO] Sending reply to client 'OK'
ptd-server 2022-02-21 00:45:08,295 [INFO] Got command from the client 'session,2022-02-21_00-23-20,stop,testing'
ptd-server 2022-02-21 00:45:18,306 [INFO] Sending to ptd: 'Stop'
ptd-server 2022-02-21 00:45:18,306 [INFO] Reply from ptd: 'Stopping untimed measurement'
ptd-server 2022-02-21 00:45:18,614 [INFO] Sending reply to client 'OK'
ptd-server 2022-02-21 00:45:18,655 [INFO] Got command from the client 'session,2022-02-21_00-23-20,done'
ptd-server 2022-02-21 00:45:18,655 [INFO] Sending to ptd: 'Stop'
ptd-server 2022-02-21 00:45:18,671 [INFO] Reply from ptd: 'Error: no measurement to stop'
ptd-server 2022-02-21 00:45:18,671 [INFO] Sending to ptd: 'SR,V,300.000000'
ptd-server 2022-02-21 00:45:20,172 [INFO] Reply from ptd: 'Range V changed'
ptd-server 2022-02-21 00:45:20,172 [INFO] Sending to ptd: 'SR,A,0.500000'
ptd-server 2022-02-21 00:45:21,674 [INFO] Reply from ptd: 'Range A changed'
ptd-server 2022-02-21 00:45:21,674 [INFO] Set initial values for Amps 0.500000 and Volts 300.000000
ptd-server 2022-02-21 00:45:21,674 [INFO] Stopping ptd...
