ptd-server 2022-02-23 21:39:00,223 [INFO] Got command from the client 'time'
ptd-server 2022-02-23 21:39:00,224 [INFO] Sending reply to client '1645652340.2240477'
ptd-server 2022-02-23 21:39:00,226 [INFO] Got command from the client 'new,,baf1da04-3b7a-4015-ab7d-4adf42b576da'
ptd-server 2022-02-23 21:39:00,226 [INFO] Sending reply to client 'OK 2022-02-23_21-39-00,c314f483-dc30-48d4-8945-e16ab9de3719'
ptd-server 2022-02-23 21:39:00,261 [INFO] Got command from the client 'time'
ptd-server 2022-02-23 21:39:00,261 [INFO] Sending reply to client '1645652340.2615716'
ptd-server 2022-02-23 21:39:00,263 [INFO] Got command from the client 'session,2022-02-23_21-39-00,start,ranging'
ptd-server 2022-02-23 21:39:00,263 [INFO] Running PTDaemon: ['/home/anton/projects/mlperf/power/inference_v1.0/ptd-linux-x86', '-l', '/tmp/tmp0_fn53vp/ptd_logfile.txt', '-p', '8888', '49', '/dev/usbtmc0']
ptd-server 2022-02-23 21:39:17,432 [INFO] Sending to ptd: 'Hello'
ptd-server 2022-02-23 21:39:17,432 [INFO] Reply from ptd: 'Hello, PTDaemon here!'
ptd-server 2022-02-23 21:39:17,433 [INFO] Sending to ptd: 'Identify'
ptd-server 2022-02-23 21:39:17,433 [INFO] Reply from ptd: 'YokogawaWT310E,1000,1,1,1,1,0,1,1,version=1.9.2-e8c7a49a-20201208,OS=Linux 5.13.0-30-generic #33~20.04.1-Ubuntu SMP Mon Feb 7 14:25:10 UTC 2022 x86_64,mode=power,1,1,1,0,0,no_cal_date,YOKOGAWA;WT310E;C3XA04010E;F1.04'
ptd-server 2022-02-23 21:39:17,433 [INFO] Connected to PTDaemon
ptd-server 2022-02-23 21:39:17,433 [INFO] Sending to ptd: 'RR'
ptd-server 2022-02-23 21:39:17,434 [INFO] Reply from ptd: 'Ranges,0,0.500000,1,300.000000'
ptd-server 2022-02-23 21:39:17,434 [INFO] Initial range for Amps is 0.500000 for Volts is Auto
ptd-server 2022-02-23 21:39:17,434 [INFO] Sending to ptd: 'SR,V,Auto'
ptd-server 2022-02-23 21:39:17,936 [INFO] Reply from ptd: 'Range V changed'
ptd-server 2022-02-23 21:39:17,937 [INFO] Sending to ptd: 'SR,A,Auto'
ptd-server 2022-02-23 21:39:18,439 [INFO] Reply from ptd: 'Range A changed'
ptd-server 2022-02-23 21:39:28,449 [INFO] Starting ranging mode
ptd-server 2022-02-23 21:39:28,449 [INFO] Sending to ptd: 'Go,1000,0,2022-02-23_21-39-00_ranging'
ptd-server 2022-02-23 21:39:28,450 [INFO] Reply from ptd: 'Starting untimed measurement, maximum 500000 samples at 1000ms with 0 rampup samples'
ptd-server 2022-02-23 21:39:28,450 [INFO] Sending reply to client 'OK'
ptd-server 2022-02-23 21:49:59,345 [INFO] Got command from the client 'session,2022-02-23_21-39-00,stop,ranging'
ptd-server 2022-02-23 21:50:09,355 [INFO] Sending to ptd: 'Stop'
ptd-server 2022-02-23 21:50:09,356 [INFO] Reply from ptd: 'Stopping untimed measurement'
ptd-server 2022-02-23 21:50:09,367 [INFO] Sending reply to client 'OK'
ptd-server 2022-02-23 21:50:09,427 [INFO] Got command from the client 'time'
ptd-server 2022-02-23 21:50:09,427 [INFO] Sending reply to client '1645653009.4271104'
ptd-server 2022-02-23 21:50:09,428 [INFO] Got command from the client 'session,2022-02-23_21-39-00,start,testing'
ptd-server 2022-02-23 21:50:09,429 [INFO] Sending to ptd: 'SR,V,248.610000'
ptd-server 2022-02-23 21:50:10,951 [INFO] Reply from ptd: 'Range V changed'
ptd-server 2022-02-23 21:50:10,951 [INFO] Sending to ptd: 'SR,A,0.042190'
ptd-server 2022-02-23 21:50:12,453 [INFO] Reply from ptd: 'Range A changed'
ptd-server 2022-02-23 21:50:22,463 [INFO] Starting testing mode
ptd-server 2022-02-23 21:50:22,463 [INFO] Sending to ptd: 'Go,1000,0,2022-02-23_21-39-00_testing'
ptd-server 2022-02-23 21:50:22,464 [INFO] Reply from ptd: 'Starting untimed measurement, maximum 500000 samples at 1000ms with 0 rampup samples'
ptd-server 2022-02-23 21:50:22,464 [INFO] Sending reply to client 'OK'
ptd-server 2022-02-23 22:00:45,074 [INFO] Got command from the client 'session,2022-02-23_21-39-00,stop,testing'
ptd-server 2022-02-23 22:00:55,084 [INFO] Sending to ptd: 'Stop'
ptd-server 2022-02-23 22:00:55,084 [INFO] Reply from ptd: 'Stopping untimed measurement'
ptd-server 2022-02-23 22:00:55,088 [INFO] Sending reply to client 'OK'
ptd-server 2022-02-23 22:00:55,109 [INFO] Got command from the client 'session,2022-02-23_21-39-00,done'
ptd-server 2022-02-23 22:00:55,109 [INFO] Sending to ptd: 'Stop'
ptd-server 2022-02-23 22:00:55,465 [INFO] Reply from ptd: 'Error: no measurement to stop'
ptd-server 2022-02-23 22:00:55,465 [INFO] Sending to ptd: 'SR,V,Auto'
ptd-server 2022-02-23 22:00:55,967 [INFO] Reply from ptd: 'Range V changed'
ptd-server 2022-02-23 22:00:55,968 [INFO] Sending to ptd: 'SR,A,0.500000'
ptd-server 2022-02-23 22:00:57,469 [INFO] Reply from ptd: 'Range A changed'
ptd-server 2022-02-23 22:00:57,469 [INFO] Set initial values for Amps 0.500000 and Volts Auto
ptd-server 2022-02-23 22:00:57,469 [INFO] Stopping ptd...
