ptd-server 2022-02-22 17:10:12,778 [INFO] Got command from the client 'time'
ptd-server 2022-02-22 17:10:12,779 [INFO] Sending reply to client '1645571412.7790463'
ptd-server 2022-02-22 17:10:12,781 [INFO] Got command from the client 'new,,675e3da0-226e-4e88-958b-3cc10701d533'
ptd-server 2022-02-22 17:10:12,781 [INFO] Sending reply to client 'OK 2022-02-22_17-10-12,72a4c84c-61bf-456f-a181-94c60e17c7ea'
ptd-server 2022-02-22 17:10:12,865 [INFO] Got command from the client 'time'
ptd-server 2022-02-22 17:10:12,865 [INFO] Sending reply to client '1645571412.8657932'
ptd-server 2022-02-22 17:10:12,868 [INFO] Got command from the client 'session,2022-02-22_17-10-12,start,ranging'
ptd-server 2022-02-22 17:10:12,868 [INFO] Running PTDaemon: ['/local/mnt/workspace/mlcommons/power-main/inference_v1.0/ptd-linux-x86', '-l', '/tmp/tmp_4uvehih/ptd_logfile.txt', '-p', '8880', '-c', '3', '52', '/dev/usbtmc0']
ptd-server 2022-02-22 17:10:29,927 [INFO] Sending to ptd: 'Hello'
ptd-server 2022-02-22 17:10:29,928 [INFO] Reply from ptd: 'Hello, PTDaemon here!'
ptd-server 2022-02-22 17:10:29,928 [INFO] Sending to ptd: 'Identify'
ptd-server 2022-02-22 17:10:29,928 [INFO] Reply from ptd: 'YokogawaWT330E,1000,1,1,1,1,0,0,1,version=1.9.2-e8c7a49a-20201208,OS=Linux 4.4.0-210-generic #242-Ubuntu SMP Fri Apr 16 09:57:56 UTC 2021 x86_64,mode=power,1,1,1,0,0,no_cal_date,YOKOGAWA;WT333E;C2XC17005V;F1.04'
ptd-server 2022-02-22 17:10:29,928 [INFO] Connected to PTDaemon
ptd-server 2022-02-22 17:10:29,928 [INFO] Sending to ptd: 'RR'
ptd-server 2022-02-22 17:10:29,928 [INFO] Reply from ptd: 'Ranges,1,2.000000,1,150.000000'
ptd-server 2022-02-22 17:10:29,929 [INFO] Initial range for Amps is Auto for Volts is Auto
ptd-server 2022-02-22 17:10:29,929 [INFO] Sending to ptd: 'SR,V,Auto'
ptd-server 2022-02-22 17:10:30,431 [INFO] Reply from ptd: 'Range V changed'
ptd-server 2022-02-22 17:10:30,431 [INFO] Sending to ptd: 'SR,A,Auto'
ptd-server 2022-02-22 17:10:30,934 [INFO] Reply from ptd: 'Range A changed'
ptd-server 2022-02-22 17:10:40,945 [INFO] Starting ranging mode
ptd-server 2022-02-22 17:10:40,945 [INFO] Sending to ptd: 'Go,1000,0,2022-02-22_17-10-12_ranging'
ptd-server 2022-02-22 17:10:40,945 [INFO] Reply from ptd: 'Starting untimed measurement, maximum 500000 samples at 1000ms with 0 rampup samples'
ptd-server 2022-02-22 17:10:40,946 [INFO] Sending reply to client 'OK'
ptd-server 2022-02-22 17:22:38,526 [INFO] Got command from the client 'session,2022-02-22_17-10-12,stop,ranging'
ptd-server 2022-02-22 17:22:48,537 [INFO] Sending to ptd: 'Stop'
ptd-server 2022-02-22 17:22:48,537 [INFO] Reply from ptd: 'Stopping untimed measurement'
ptd-server 2022-02-22 17:22:48,596 [INFO] Sending reply to client 'OK'
ptd-server 2022-02-22 17:22:48,719 [INFO] Got command from the client 'time'
ptd-server 2022-02-22 17:22:48,719 [INFO] Sending reply to client '1645572168.71939'
ptd-server 2022-02-22 17:22:48,724 [INFO] Got command from the client 'session,2022-02-22_17-10-12,start,testing'
ptd-server 2022-02-22 17:22:48,724 [INFO] Sending to ptd: 'SR,V,121.310000'
ptd-server 2022-02-22 17:22:50,446 [INFO] Reply from ptd: 'Range V changed'
ptd-server 2022-02-22 17:22:50,446 [INFO] Sending to ptd: 'SR,A,0.145400'
ptd-server 2022-02-22 17:22:51,948 [INFO] Reply from ptd: 'Range A changed'
ptd-server 2022-02-22 17:23:01,958 [INFO] Starting testing mode
ptd-server 2022-02-22 17:23:01,959 [INFO] Sending to ptd: 'Go,1000,0,2022-02-22_17-10-12_testing'
ptd-server 2022-02-22 17:23:01,959 [INFO] Reply from ptd: 'Starting untimed measurement, maximum 500000 samples at 1000ms with 0 rampup samples'
ptd-server 2022-02-22 17:23:01,960 [INFO] Sending reply to client 'OK'
ptd-server 2022-02-22 17:35:01,482 [INFO] Got command from the client 'session,2022-02-22_17-10-12,stop,testing'
ptd-server 2022-02-22 17:35:11,493 [INFO] Sending to ptd: 'Stop'
ptd-server 2022-02-22 17:35:11,493 [INFO] Reply from ptd: 'Stopping untimed measurement'
ptd-server 2022-02-22 17:35:11,572 [INFO] Sending reply to client 'OK'
ptd-server 2022-02-22 17:35:11,607 [INFO] Got command from the client 'session,2022-02-22_17-10-12,done'
ptd-server 2022-02-22 17:35:11,607 [INFO] Sending to ptd: 'Stop'
ptd-server 2022-02-22 17:35:11,960 [INFO] Reply from ptd: 'Error: no measurement to stop'
ptd-server 2022-02-22 17:35:11,960 [INFO] Sending to ptd: 'SR,V,Auto'
ptd-server 2022-02-22 17:35:12,463 [INFO] Reply from ptd: 'Range V changed'
ptd-server 2022-02-22 17:35:12,464 [INFO] Sending to ptd: 'SR,A,Auto'
ptd-server 2022-02-22 17:35:12,966 [INFO] Reply from ptd: 'Range A changed'
ptd-server 2022-02-22 17:35:12,967 [INFO] Set initial values for Amps Auto and Volts Auto
ptd-server 2022-02-22 17:35:12,967 [INFO] Stopping ptd...
