ptd-server 2022-02-15 21:37:27,395 [INFO] Got command from the client 'time'
ptd-server 2022-02-15 21:37:27,396 [INFO] Sending reply to client '1644961047.3960807'
ptd-server 2022-02-15 21:37:27,398 [INFO] Got command from the client 'new,,4efc05e3-53c0-441f-a1dd-67803ade09e2'
ptd-server 2022-02-15 21:37:27,399 [INFO] Sending reply to client 'OK 2022-02-15_21-37-27,146a8ad0-a449-4af5-8648-8dca7f2353a4'
ptd-server 2022-02-15 21:37:27,444 [INFO] Got command from the client 'time'
ptd-server 2022-02-15 21:37:27,445 [INFO] Sending reply to client '1644961047.445091'
ptd-server 2022-02-15 21:37:27,447 [INFO] Got command from the client 'session,2022-02-15_21-37-27,start,ranging'
ptd-server 2022-02-15 21:37:27,447 [INFO] Running PTDaemon: ['/home/anton/projects/mlperf/power/inference_v1.0/ptd-linux-x86', '-l', '/tmp/tmpxvec0g6h/ptd_logfile.txt', '-p', '8888', '49', '/dev/usbtmc0']
ptd-server 2022-02-15 21:37:44,620 [INFO] Sending to ptd: 'Hello'
ptd-server 2022-02-15 21:37:44,621 [INFO] Reply from ptd: 'Hello, PTDaemon here!'
ptd-server 2022-02-15 21:37:44,621 [INFO] Sending to ptd: 'Identify'
ptd-server 2022-02-15 21:37:44,622 [INFO] Reply from ptd: 'YokogawaWT310E,1000,1,1,1,1,0,1,1,version=1.9.2-e8c7a49a-20201208,OS=Linux 5.13.0-27-generic #29~20.04.1-Ubuntu SMP Fri Jan 14 00:32:30 UTC 2022 x86_64,mode=power,1,1,1,0,0,no_cal_date,YOKOGAWA;WT310E;C3XA04010E;F1.04'
ptd-server 2022-02-15 21:37:44,622 [INFO] Connected to PTDaemon
ptd-server 2022-02-15 21:37:44,622 [INFO] Sending to ptd: 'RR'
ptd-server 2022-02-15 21:37:44,622 [INFO] Reply from ptd: 'Ranges,0,0.500000,0,300.000000'
ptd-server 2022-02-15 21:37:44,622 [INFO] Initial range for Amps is 0.500000 for Volts is 300.000000
ptd-server 2022-02-15 21:37:44,622 [INFO] Sending to ptd: 'SR,V,Auto'
ptd-server 2022-02-15 21:37:45,126 [INFO] Reply from ptd: 'Range V changed'
ptd-server 2022-02-15 21:37:45,126 [INFO] Sending to ptd: 'SR,A,Auto'
ptd-server 2022-02-15 21:37:45,628 [INFO] Reply from ptd: 'Range A changed'
ptd-server 2022-02-15 21:37:55,639 [INFO] Starting ranging mode
ptd-server 2022-02-15 21:37:55,639 [INFO] Sending to ptd: 'Go,1000,0,2022-02-15_21-37-27_ranging'
ptd-server 2022-02-15 21:37:55,639 [INFO] Reply from ptd: 'Starting untimed measurement, maximum 500000 samples at 1000ms with 0 rampup samples'
ptd-server 2022-02-15 21:37:55,640 [INFO] Sending reply to client 'OK'
ptd-server 2022-02-15 21:48:15,590 [INFO] Got command from the client 'session,2022-02-15_21-37-27,stop,ranging'
ptd-server 2022-02-15 21:48:25,601 [INFO] Sending to ptd: 'Stop'
ptd-server 2022-02-15 21:48:25,601 [INFO] Reply from ptd: 'Stopping untimed measurement'
ptd-server 2022-02-15 21:48:26,497 [INFO] Sending reply to client 'OK'
ptd-server 2022-02-15 21:48:26,574 [INFO] Got command from the client 'time'
ptd-server 2022-02-15 21:48:26,574 [INFO] Sending reply to client '1644961706.574137'
ptd-server 2022-02-15 21:48:26,576 [INFO] Got command from the client 'session,2022-02-15_21-37-27,start,testing'
ptd-server 2022-02-15 21:48:26,576 [INFO] Sending to ptd: 'SR,V,250.110000'
ptd-server 2022-02-15 21:48:28,077 [INFO] Reply from ptd: 'Range V changed'
ptd-server 2022-02-15 21:48:28,078 [INFO] Sending to ptd: 'SR,A,0.174480'
ptd-server 2022-02-15 21:48:29,579 [INFO] Reply from ptd: 'Range A changed'
ptd-server 2022-02-15 21:48:39,589 [INFO] Starting testing mode
ptd-server 2022-02-15 21:48:39,589 [INFO] Sending to ptd: 'Go,1000,0,2022-02-15_21-37-27_testing'
ptd-server 2022-02-15 21:48:39,590 [INFO] Reply from ptd: 'Starting untimed measurement, maximum 500000 samples at 1000ms with 0 rampup samples'
ptd-server 2022-02-15 21:48:39,590 [INFO] Sending reply to client 'OK'
ptd-server 2022-02-15 21:58:59,450 [INFO] Got command from the client 'session,2022-02-15_21-37-27,stop,testing'
ptd-server 2022-02-15 21:59:09,460 [INFO] Sending to ptd: 'Stop'
ptd-server 2022-02-15 21:59:09,460 [INFO] Reply from ptd: 'Stopping untimed measurement'
ptd-server 2022-02-15 21:59:09,926 [INFO] Sending reply to client 'OK'
ptd-server 2022-02-15 21:59:09,945 [INFO] Got command from the client 'session,2022-02-15_21-37-27,done'
ptd-server 2022-02-15 21:59:09,945 [INFO] Sending to ptd: 'Stop'
ptd-server 2022-02-15 21:59:09,945 [INFO] Reply from ptd: 'Error: no measurement to stop'
ptd-server 2022-02-15 21:59:09,946 [INFO] Sending to ptd: 'SR,V,300.000000'
ptd-server 2022-02-15 21:59:11,447 [INFO] Reply from ptd: 'Range V changed'
ptd-server 2022-02-15 21:59:11,447 [INFO] Sending to ptd: 'SR,A,0.500000'
ptd-server 2022-02-15 21:59:12,948 [INFO] Reply from ptd: 'Range A changed'
ptd-server 2022-02-15 21:59:12,949 [INFO] Set initial values for Amps 0.500000 and Volts 300.000000
ptd-server 2022-02-15 21:59:12,949 [INFO] Stopping ptd...
