ptd-server 2022-02-18 19:12:27,170 [INFO] Got command from the client 'time'
ptd-server 2022-02-18 19:12:27,170 [INFO] Sending reply to client '1645233147.1705236'
ptd-server 2022-02-18 19:12:27,170 [INFO] Got command from the client 'new,,da3115a0-ca9c-4ba3-97a5-df411da82696'
ptd-server 2022-02-18 19:12:27,171 [INFO] Sending reply to client 'OK 2022-02-18_19-12-27,d6fa8eca-c555-4bb6-bb35-a8afe16d9fce'
ptd-server 2022-02-18 19:12:27,278 [INFO] Got command from the client 'time'
ptd-server 2022-02-18 19:12:27,278 [INFO] Sending reply to client '1645233147.2786622'
ptd-server 2022-02-18 19:12:27,279 [INFO] Got command from the client 'session,2022-02-18_19-12-27,start,ranging'
ptd-server 2022-02-18 19:12:27,279 [INFO] Running PTDaemon: ['/local/mnt/workspace/mlcommons/power-main/inference_v1.0/ptd-linux-x86', '-l', '/tmp/tmp4zullp9k/ptd_logfile.txt', '-p', '8889', '49', '/dev/usbtmc0']
ptd-server 2022-02-18 19:12:44,313 [INFO] Sending to ptd: 'Hello'
ptd-server 2022-02-18 19:12:44,313 [INFO] Reply from ptd: 'Hello, PTDaemon here!'
ptd-server 2022-02-18 19:12:44,313 [INFO] Sending to ptd: 'Identify'
ptd-server 2022-02-18 19:12:44,313 [INFO] Reply from ptd: 'YokogawaWT310E,1000,1,1,1,1,0,1,1,version=1.9.2-e8c7a49a-20201208,OS=Linux 4.15.0-162-generic #170-Ubuntu SMP Mon Oct 18 11:38:05 UTC 2021 x86_64,mode=power,1,1,1,0,0,no_cal_date,YOKOGAWA;WT310E;C2XF16028V;F1.04'
ptd-server 2022-02-18 19:12:44,313 [INFO] Connected to PTDaemon
ptd-server 2022-02-18 19:12:44,313 [INFO] Sending to ptd: 'RR'
ptd-server 2022-02-18 19:12:44,314 [INFO] Reply from ptd: 'Ranges,1,5.000000,1,150.000000'
ptd-server 2022-02-18 19:12:44,314 [INFO] Initial range for Amps is Auto for Volts is Auto
ptd-server 2022-02-18 19:12:44,314 [INFO] Sending to ptd: 'SR,V,Auto'
ptd-server 2022-02-18 19:12:44,816 [INFO] Reply from ptd: 'Range V changed'
ptd-server 2022-02-18 19:12:44,816 [INFO] Sending to ptd: 'SR,A,Auto'
ptd-server 2022-02-18 19:12:45,318 [INFO] Reply from ptd: 'Range A changed'
ptd-server 2022-02-18 19:12:55,325 [INFO] Starting ranging mode
ptd-server 2022-02-18 19:12:55,326 [INFO] Sending to ptd: 'Go,1000,0,2022-02-18_19-12-27_ranging'
ptd-server 2022-02-18 19:12:55,326 [INFO] Reply from ptd: 'Starting untimed measurement, maximum 500000 samples at 1000ms with 0 rampup samples'
ptd-server 2022-02-18 19:12:55,326 [INFO] Sending reply to client 'OK'
ptd-server 2022-02-18 19:25:07,517 [INFO] Got command from the client 'session,2022-02-18_19-12-27,stop,ranging'
ptd-server 2022-02-18 19:25:17,527 [INFO] Sending to ptd: 'Stop'
ptd-server 2022-02-18 19:25:17,527 [INFO] Reply from ptd: 'Stopping untimed measurement'
ptd-server 2022-02-18 19:25:17,672 [INFO] Sending reply to client 'OK'
ptd-server 2022-02-18 19:25:17,792 [INFO] Got command from the client 'time'
ptd-server 2022-02-18 19:25:17,792 [INFO] Sending reply to client '1645233917.7921405'
ptd-server 2022-02-18 19:25:17,792 [INFO] Got command from the client 'session,2022-02-18_19-12-27,start,testing'
ptd-server 2022-02-18 19:25:17,792 [INFO] Sending to ptd: 'SR,V,121.950000'
ptd-server 2022-02-18 19:25:19,827 [INFO] Reply from ptd: 'Range V changed'
ptd-server 2022-02-18 19:25:19,828 [INFO] Sending to ptd: 'SR,A,2.209000'
ptd-server 2022-02-18 19:25:21,328 [INFO] Reply from ptd: 'Range A changed'
ptd-server 2022-02-18 19:25:31,338 [INFO] Starting testing mode
ptd-server 2022-02-18 19:25:31,339 [INFO] Sending to ptd: 'Go,1000,0,2022-02-18_19-12-27_testing'
ptd-server 2022-02-18 19:25:31,339 [INFO] Reply from ptd: 'Starting untimed measurement, maximum 500000 samples at 1000ms with 0 rampup samples'
ptd-server 2022-02-18 19:25:31,339 [INFO] Sending reply to client 'OK'
ptd-server 2022-02-18 19:37:43,564 [INFO] Got command from the client 'session,2022-02-18_19-12-27,stop,testing'
ptd-server 2022-02-18 19:37:53,574 [INFO] Sending to ptd: 'Stop'
ptd-server 2022-02-18 19:37:53,574 [INFO] Reply from ptd: 'Stopping untimed measurement'
ptd-server 2022-02-18 19:37:53,643 [INFO] Sending reply to client 'OK'
ptd-server 2022-02-18 19:37:53,649 [INFO] Got command from the client 'session,2022-02-18_19-12-27,done'
ptd-server 2022-02-18 19:37:53,649 [INFO] Sending to ptd: 'Stop'
ptd-server 2022-02-18 19:37:54,339 [INFO] Reply from ptd: 'Error: no measurement to stop'
ptd-server 2022-02-18 19:37:54,339 [INFO] Sending to ptd: 'SR,V,Auto'
ptd-server 2022-02-18 19:37:54,841 [INFO] Reply from ptd: 'Range V changed'
ptd-server 2022-02-18 19:37:54,841 [INFO] Sending to ptd: 'SR,A,Auto'
ptd-server 2022-02-18 19:37:55,343 [INFO] Reply from ptd: 'Range A changed'
ptd-server 2022-02-18 19:37:55,343 [INFO] Set initial values for Amps Auto and Volts Auto
ptd-server 2022-02-18 19:37:55,343 [INFO] Stopping ptd...
