ptd-server 2022-02-17 21:56:21,339 [INFO] Got command from the client 'time'
ptd-server 2022-02-17 21:56:21,339 [INFO] Sending reply to client '1645134981.3397884'
ptd-server 2022-02-17 21:56:21,342 [INFO] Got command from the client 'new,,e4e60bd0-ab32-42dc-a7f4-e3a13dc3906e'
ptd-server 2022-02-17 21:56:21,343 [INFO] Sending reply to client 'OK 2022-02-17_21-56-21,f5325ccc-8cb6-4c42-b5dd-41a59b7887c5'
ptd-server 2022-02-17 21:56:21,396 [INFO] Got command from the client 'time'
ptd-server 2022-02-17 21:56:21,396 [INFO] Sending reply to client '1645134981.3967657'
ptd-server 2022-02-17 21:56:21,399 [INFO] Got command from the client 'session,2022-02-17_21-56-21,start,ranging'
ptd-server 2022-02-17 21:56:21,399 [INFO] Running PTDaemon: ['/home/anton/projects/mlperf/power/inference_v1.0/ptd-linux-x86', '-l', '/tmp/tmpgldyt7rr/ptd_logfile.txt', '-p', '8888', '49', '/dev/usbtmc0']
ptd-server 2022-02-17 21:56:38,572 [INFO] Sending to ptd: 'Hello'
ptd-server 2022-02-17 21:56:38,573 [INFO] Reply from ptd: 'Hello, PTDaemon here!'
ptd-server 2022-02-17 21:56:38,573 [INFO] Sending to ptd: 'Identify'
ptd-server 2022-02-17 21:56:38,574 [INFO] Reply from ptd: 'YokogawaWT310E,1000,1,1,1,1,0,1,1,version=1.9.2-e8c7a49a-20201208,OS=Linux 5.13.0-28-generic #31~20.04.1-Ubuntu SMP Wed Jan 19 14:08:10 UTC 2022 x86_64,mode=power,1,1,1,0,0,no_cal_date,YOKOGAWA;WT310E;C3XA04010E;F1.04'
ptd-server 2022-02-17 21:56:38,574 [INFO] Connected to PTDaemon
ptd-server 2022-02-17 21:56:38,574 [INFO] Sending to ptd: 'RR'
ptd-server 2022-02-17 21:56:38,574 [INFO] Reply from ptd: 'Ranges,0,0.500000,0,300.000000'
ptd-server 2022-02-17 21:56:38,574 [INFO] Initial range for Amps is 0.500000 for Volts is 300.000000
ptd-server 2022-02-17 21:56:38,574 [INFO] Sending to ptd: 'SR,V,Auto'
ptd-server 2022-02-17 21:56:39,077 [INFO] Reply from ptd: 'Range V changed'
ptd-server 2022-02-17 21:56:39,077 [INFO] Sending to ptd: 'SR,A,Auto'
ptd-server 2022-02-17 21:56:39,580 [INFO] Reply from ptd: 'Range A changed'
ptd-server 2022-02-17 21:56:49,590 [INFO] Starting ranging mode
ptd-server 2022-02-17 21:56:49,590 [INFO] Sending to ptd: 'Go,1000,0,2022-02-17_21-56-21_ranging'
ptd-server 2022-02-17 21:56:49,591 [INFO] Reply from ptd: 'Starting untimed measurement, maximum 500000 samples at 1000ms with 0 rampup samples'
ptd-server 2022-02-17 21:56:49,591 [INFO] Sending reply to client 'OK'
ptd-server 2022-02-17 22:09:01,021 [INFO] Got command from the client 'session,2022-02-17_21-56-21,stop,ranging'
ptd-server 2022-02-17 22:09:11,031 [INFO] Sending to ptd: 'Stop'
ptd-server 2022-02-17 22:09:11,031 [INFO] Reply from ptd: 'Stopping untimed measurement'
ptd-server 2022-02-17 22:09:11,243 [INFO] Sending reply to client 'OK'
ptd-server 2022-02-17 22:09:11,385 [INFO] Got command from the client 'time'
ptd-server 2022-02-17 22:09:11,385 [INFO] Sending reply to client '1645135751.3857236'
ptd-server 2022-02-17 22:09:11,388 [INFO] Got command from the client 'session,2022-02-17_21-56-21,start,testing'
ptd-server 2022-02-17 22:09:11,389 [INFO] Sending to ptd: 'SR,V,250.800000'
ptd-server 2022-02-17 22:09:13,092 [INFO] Reply from ptd: 'Range V changed'
ptd-server 2022-02-17 22:09:13,093 [INFO] Sending to ptd: 'SR,A,0.174200'
ptd-server 2022-02-17 22:09:14,594 [INFO] Reply from ptd: 'Range A changed'
ptd-server 2022-02-17 22:09:24,604 [INFO] Starting testing mode
ptd-server 2022-02-17 22:09:24,604 [INFO] Sending to ptd: 'Go,1000,0,2022-02-17_21-56-21_testing'
ptd-server 2022-02-17 22:09:24,605 [INFO] Reply from ptd: 'Starting untimed measurement, maximum 500000 samples at 1000ms with 0 rampup samples'
ptd-server 2022-02-17 22:09:24,605 [INFO] Sending reply to client 'OK'
ptd-server 2022-02-17 22:21:37,375 [INFO] Got command from the client 'session,2022-02-17_21-56-21,stop,testing'
ptd-server 2022-02-17 22:21:47,386 [INFO] Sending to ptd: 'Stop'
ptd-server 2022-02-17 22:21:47,386 [INFO] Reply from ptd: 'Stopping untimed measurement'
ptd-server 2022-02-17 22:21:47,505 [INFO] Sending reply to client 'OK'
ptd-server 2022-02-17 22:21:47,545 [INFO] Got command from the client 'session,2022-02-17_21-56-21,done'
ptd-server 2022-02-17 22:21:47,545 [INFO] Sending to ptd: 'Stop'
ptd-server 2022-02-17 22:21:47,606 [INFO] Reply from ptd: 'Error: no measurement to stop'
ptd-server 2022-02-17 22:21:47,606 [INFO] Sending to ptd: 'SR,V,300.000000'
ptd-server 2022-02-17 22:21:49,107 [INFO] Reply from ptd: 'Range V changed'
ptd-server 2022-02-17 22:21:49,107 [INFO] Sending to ptd: 'SR,A,0.500000'
ptd-server 2022-02-17 22:21:50,609 [INFO] Reply from ptd: 'Range A changed'
ptd-server 2022-02-17 22:21:50,609 [INFO] Set initial values for Amps 0.500000 and Volts 300.000000
ptd-server 2022-02-17 22:21:50,609 [INFO] Stopping ptd...
