ptd-server 2022-02-18 22:33:50,051 [INFO] Got command from the client 'time'
ptd-server 2022-02-18 22:33:50,051 [INFO] Sending reply to client '1645245230.0516772'
ptd-server 2022-02-18 22:33:50,052 [INFO] Got command from the client 'new,,d3efa5df-510e-401c-b77c-003a00bafa2b'
ptd-server 2022-02-18 22:33:50,053 [INFO] Sending reply to client 'OK 2022-02-18_22-33-50,010f01ca-2ef1-4689-8f2b-f30a52046930'
ptd-server 2022-02-18 22:33:50,164 [INFO] Got command from the client 'time'
ptd-server 2022-02-18 22:33:50,164 [INFO] Sending reply to client '1645245230.1644921'
ptd-server 2022-02-18 22:33:50,165 [INFO] Got command from the client 'session,2022-02-18_22-33-50,start,ranging'
ptd-server 2022-02-18 22:33:50,166 [INFO] Running PTDaemon: ['/local/mnt/workspace/mlcommons/power-main/inference_v1.0/ptd-linux-x86', '-l', '/tmp/tmprkpz3dbq/ptd_logfile.txt', '-p', '8888', '-c', '1,2', '77', '/dev/usbtmc0']
ptd-server 2022-02-18 22:34:07,754 [INFO] Sending to ptd: 'Hello'
ptd-server 2022-02-18 22:34:07,754 [INFO] Reply from ptd: 'Hello, PTDaemon here!'
ptd-server 2022-02-18 22:34:07,754 [INFO] Sending to ptd: 'Identify'
ptd-server 2022-02-18 22:34:07,754 [INFO] Reply from ptd: 'YokogawaWT330_multichannel,1000,1,1,1,1,0,0,1,version=1.9.2-e8c7a49a-20201208,OS=Linux 4.15.0-142-generic #146~16.04.1-Ubuntu SMP Tue Apr 13 09:27:15 UTC 2021 x86_64,mode=power,1,1,2,0,0,no_cal_date,YOKOGAWA;WT333E;C2XC17004V;F1.04'
ptd-server 2022-02-18 22:34:07,754 [INFO] Connected to PTDaemon
ptd-server 2022-02-18 22:34:07,755 [INFO] Sending to ptd: 'RR'
ptd-server 2022-02-18 22:34:07,755 [INFO] Reply from ptd: 'Ranges,-1,-1.000000,-1,-1.000000'
ptd-server 2022-02-18 22:34:07,755 [INFO] Initial range for Amps is Auto for Volts is Auto
ptd-server 2022-02-18 22:34:07,755 [INFO] Sending to ptd: 'SR,V,Auto'
ptd-server 2022-02-18 22:34:12,808 [INFO] Reply from ptd: 'Range V changed'
ptd-server 2022-02-18 22:34:12,808 [INFO] Sending to ptd: 'SR,A,Auto'
ptd-server 2022-02-18 22:34:17,861 [INFO] Reply from ptd: 'Range A changed'
ptd-server 2022-02-18 22:34:27,871 [INFO] Starting ranging mode
ptd-server 2022-02-18 22:34:27,872 [INFO] Sending to ptd: 'Go,1000,0,2022-02-18_22-33-50_ranging'
ptd-server 2022-02-18 22:34:27,873 [INFO] Reply from ptd: 'Starting untimed measurement, maximum 500000 samples at 1000ms with 0 rampup samples'
ptd-server 2022-02-18 22:34:27,873 [INFO] Sending reply to client 'OK'
ptd-server 2022-02-18 22:48:08,615 [INFO] Got command from the client 'session,2022-02-18_22-33-50,stop,ranging'
ptd-server 2022-02-18 22:48:18,626 [INFO] Sending to ptd: 'Stop'
ptd-server 2022-02-18 22:48:18,626 [INFO] Reply from ptd: 'Stopping untimed measurement'
ptd-server 2022-02-18 22:48:18,658 [INFO] Sending reply to client 'OK'
ptd-server 2022-02-18 22:48:18,774 [INFO] Got command from the client 'time'
ptd-server 2022-02-18 22:48:18,775 [INFO] Sending reply to client '1645246098.7750182'
ptd-server 2022-02-18 22:48:18,775 [INFO] Got command from the client 'session,2022-02-18_22-33-50,start,testing'
ptd-server 2022-02-18 22:48:18,775 [INFO] Sending to ptd: 'SR,V,212.360000'
ptd-server 2022-02-18 22:48:24,924 [INFO] Reply from ptd: 'Range V changed'
ptd-server 2022-02-18 22:48:24,925 [INFO] Sending to ptd: 'SR,A,3.460900'
ptd-server 2022-02-18 22:48:30,476 [INFO] Reply from ptd: 'Range A changed'
ptd-server 2022-02-18 22:48:40,487 [INFO] Starting testing mode
ptd-server 2022-02-18 22:48:40,487 [INFO] Sending to ptd: 'Go,1000,0,2022-02-18_22-33-50_testing'
ptd-server 2022-02-18 22:48:40,488 [INFO] Reply from ptd: 'Starting untimed measurement, maximum 500000 samples at 1000ms with 0 rampup samples'
ptd-server 2022-02-18 22:48:40,488 [INFO] Sending reply to client 'OK'
ptd-server 2022-02-18 23:02:22,519 [INFO] Got command from the client 'session,2022-02-18_22-33-50,stop,testing'
ptd-server 2022-02-18 23:02:32,530 [INFO] Sending to ptd: 'Stop'
ptd-server 2022-02-18 23:02:32,531 [INFO] Reply from ptd: 'Stopping untimed measurement'
ptd-server 2022-02-18 23:02:32,545 [INFO] Sending reply to client 'OK'
ptd-server 2022-02-18 23:02:32,552 [INFO] Got command from the client 'session,2022-02-18_22-33-50,done'
ptd-server 2022-02-18 23:02:32,552 [INFO] Sending to ptd: 'Stop'
ptd-server 2022-02-18 23:02:33,488 [INFO] Reply from ptd: 'Error: no measurement to stop'
ptd-server 2022-02-18 23:02:33,488 [INFO] Sending to ptd: 'SR,V,Auto'
ptd-server 2022-02-18 23:02:38,541 [INFO] Reply from ptd: 'Range V changed'
ptd-server 2022-02-18 23:02:38,541 [INFO] Sending to ptd: 'SR,A,Auto'
ptd-server 2022-02-18 23:02:43,594 [INFO] Reply from ptd: 'Range A changed'
ptd-server 2022-02-18 23:02:43,594 [INFO] Set initial values for Amps Auto and Volts Auto
ptd-server 2022-02-18 23:02:43,594 [INFO] Stopping ptd...
