ptd-server 2022-02-15 16:25:25,106 [INFO] Got command from the client 'time'
ptd-server 2022-02-15 16:25:25,107 [INFO] Sending reply to client '1644942325.1071014'
ptd-server 2022-02-15 16:25:25,109 [INFO] Got command from the client 'new,,d2d7cc77-193c-4868-b5c0-a6a4d6c6fa7c'
ptd-server 2022-02-15 16:25:25,110 [INFO] Sending reply to client 'OK 2022-02-15_16-25-25,d68ecdfc-24d6-430c-82c6-ac2dbec69300'
ptd-server 2022-02-15 16:25:25,153 [INFO] Got command from the client 'time'
ptd-server 2022-02-15 16:25:25,153 [INFO] Sending reply to client '1644942325.1534584'
ptd-server 2022-02-15 16:25:25,155 [INFO] Got command from the client 'session,2022-02-15_16-25-25,start,ranging'
ptd-server 2022-02-15 16:25:25,155 [INFO] Running PTDaemon: ['/home/anton/projects/mlperf/power/inference_v1.0/ptd-linux-x86', '-l', '/tmp/tmpxvec0g6h/ptd_logfile.txt', '-p', '8888', '49', '/dev/usbtmc0']
ptd-server 2022-02-15 16:25:42,329 [INFO] Sending to ptd: 'Hello'
ptd-server 2022-02-15 16:25:42,330 [INFO] Reply from ptd: 'Hello, PTDaemon here!'
ptd-server 2022-02-15 16:25:42,330 [INFO] Sending to ptd: 'Identify'
ptd-server 2022-02-15 16:25:42,330 [INFO] Reply from ptd: 'YokogawaWT310E,1000,1,1,1,1,0,1,1,version=1.9.2-e8c7a49a-20201208,OS=Linux 5.13.0-27-generic #29~20.04.1-Ubuntu SMP Fri Jan 14 00:32:30 UTC 2022 x86_64,mode=power,1,1,1,0,0,no_cal_date,YOKOGAWA;WT310E;C3XA04010E;F1.04'
ptd-server 2022-02-15 16:25:42,330 [INFO] Connected to PTDaemon
ptd-server 2022-02-15 16:25:42,330 [INFO] Sending to ptd: 'RR'
ptd-server 2022-02-15 16:25:42,331 [INFO] Reply from ptd: 'Ranges,0,0.500000,0,300.000000'
ptd-server 2022-02-15 16:25:42,331 [INFO] Initial range for Amps is 0.500000 for Volts is 300.000000
ptd-server 2022-02-15 16:25:42,331 [INFO] Sending to ptd: 'SR,V,Auto'
ptd-server 2022-02-15 16:25:42,833 [INFO] Reply from ptd: 'Range V changed'
ptd-server 2022-02-15 16:25:42,834 [INFO] Sending to ptd: 'SR,A,Auto'
ptd-server 2022-02-15 16:25:43,336 [INFO] Reply from ptd: 'Range A changed'
ptd-server 2022-02-15 16:25:53,346 [INFO] Starting ranging mode
ptd-server 2022-02-15 16:25:53,347 [INFO] Sending to ptd: 'Go,1000,0,2022-02-15_16-25-25_ranging'
ptd-server 2022-02-15 16:25:53,347 [INFO] Reply from ptd: 'Starting untimed measurement, maximum 500000 samples at 1000ms with 0 rampup samples'
ptd-server 2022-02-15 16:25:53,347 [INFO] Sending reply to client 'OK'
ptd-server 2022-02-15 16:36:13,244 [INFO] Got command from the client 'session,2022-02-15_16-25-25,stop,ranging'
ptd-server 2022-02-15 16:36:23,255 [INFO] Sending to ptd: 'Stop'
ptd-server 2022-02-15 16:36:23,255 [INFO] Reply from ptd: 'Stopping untimed measurement'
ptd-server 2022-02-15 16:36:24,110 [INFO] Sending reply to client 'OK'
ptd-server 2022-02-15 16:36:24,161 [INFO] Got command from the client 'time'
ptd-server 2022-02-15 16:36:24,161 [INFO] Sending reply to client '1644942984.1612236'
ptd-server 2022-02-15 16:36:24,163 [INFO] Got command from the client 'session,2022-02-15_16-25-25,start,testing'
ptd-server 2022-02-15 16:36:24,163 [INFO] Sending to ptd: 'SR,V,249.690000'
ptd-server 2022-02-15 16:36:25,665 [INFO] Reply from ptd: 'Range V changed'
ptd-server 2022-02-15 16:36:25,665 [INFO] Sending to ptd: 'SR,A,0.175710'
ptd-server 2022-02-15 16:36:27,166 [INFO] Reply from ptd: 'Range A changed'
ptd-server 2022-02-15 16:36:37,176 [INFO] Starting testing mode
ptd-server 2022-02-15 16:36:37,177 [INFO] Sending to ptd: 'Go,1000,0,2022-02-15_16-25-25_testing'
ptd-server 2022-02-15 16:36:37,177 [INFO] Reply from ptd: 'Starting untimed measurement, maximum 500000 samples at 1000ms with 0 rampup samples'
ptd-server 2022-02-15 16:36:37,177 [INFO] Sending reply to client 'OK'
ptd-server 2022-02-15 16:46:57,093 [INFO] Got command from the client 'session,2022-02-15_16-25-25,stop,testing'
ptd-server 2022-02-15 16:47:07,103 [INFO] Sending to ptd: 'Stop'
ptd-server 2022-02-15 16:47:07,104 [INFO] Reply from ptd: 'Stopping untimed measurement'
ptd-server 2022-02-15 16:47:07,537 [INFO] Sending reply to client 'OK'
ptd-server 2022-02-15 16:47:07,555 [INFO] Got command from the client 'session,2022-02-15_16-25-25,done'
ptd-server 2022-02-15 16:47:07,556 [INFO] Sending to ptd: 'Stop'
ptd-server 2022-02-15 16:47:07,556 [INFO] Reply from ptd: 'Error: no measurement to stop'
ptd-server 2022-02-15 16:47:07,556 [INFO] Sending to ptd: 'SR,V,300.000000'
ptd-server 2022-02-15 16:47:09,058 [INFO] Reply from ptd: 'Range V changed'
ptd-server 2022-02-15 16:47:09,058 [INFO] Sending to ptd: 'SR,A,0.500000'
ptd-server 2022-02-15 16:47:10,559 [INFO] Reply from ptd: 'Range A changed'
ptd-server 2022-02-15 16:47:10,559 [INFO] Set initial values for Amps 0.500000 and Volts 300.000000
ptd-server 2022-02-15 16:47:10,559 [INFO] Stopping ptd...
