ptd-server 2022-02-14 01:39:56,784 [INFO] Got command from the client 'stop'
ptd-server 2022-02-14 01:39:56,784 [INFO] The server will be stopped after processing this client
ptd-server 2022-02-14 01:39:56,784 [INFO] Sending reply to client 'OK'
ptd-server 2022-02-14 01:39:57,018 [INFO] Got command from the client 'time'
ptd-server 2022-02-14 01:39:57,018 [INFO] Sending reply to client '1644831597.0189528'
ptd-server 2022-02-14 01:39:57,018 [INFO] Got command from the client 'new,,b3b05dab-c5e4-4b05-a8d2-1ecb168fc7f2'
ptd-server 2022-02-14 01:39:57,018 [INFO] Sending reply to client 'OK 2022-02-14_01-39-57,59ef75c4-5b6b-4d64-a776-ced9924632fc'
ptd-server 2022-02-14 01:39:57,222 [INFO] Got command from the client 'time'
ptd-server 2022-02-14 01:39:57,222 [INFO] Sending reply to client '1644831597.2220147'
ptd-server 2022-02-14 01:39:57,222 [INFO] Got command from the client 'session,2022-02-14_01-39-57,start,ranging'
ptd-server 2022-02-14 01:39:57,331 [INFO] Running PTDaemon: ['C:\\PTD\\ptd-windows-x86.exe', '-l', 'C:\\Users\\lab\\AppData\\Local\\Temp\\tmpb5hze9e7\\ptd_logfile.txt', '-p', '8888', '-c', '1,2', '-y', '77', '10.117.40.72']
ptd-server 2022-02-14 01:40:15,414 [INFO] Sending to ptd: 'Hello'
ptd-server 2022-02-14 01:40:15,414 [INFO] Reply from ptd: 'Hello, PTDaemon here!'
ptd-server 2022-02-14 01:40:15,414 [INFO] Sending to ptd: 'Identify'
ptd-server 2022-02-14 01:40:15,414 [INFO] Reply from ptd: 'YokogawaWT330_multichannel,1000,1,1,1,1,0,0,1,version=1.9.2-3976349f-20201208,OS=Windows 8 / Server 2012,mode=power,1,1,2,0,0,no_cal_date,YOKOGAWA;WT333E;C2WC23035V;F1.04'
ptd-server 2022-02-14 01:40:15,414 [INFO] Connected to PTDaemon
ptd-server 2022-02-14 01:40:15,414 [INFO] Sending to ptd: 'RR'
ptd-server 2022-02-14 01:40:15,414 [INFO] Reply from ptd: 'Ranges,-1,-1.000000,-1,-1.000000'
ptd-server 2022-02-14 01:40:15,414 [INFO] Initial range for Amps is Auto for Volts is Auto
ptd-server 2022-02-14 01:40:15,414 [INFO] Sending to ptd: 'SR,V,Auto'
ptd-server 2022-02-14 01:40:20,493 [INFO] Reply from ptd: 'Range V changed'
ptd-server 2022-02-14 01:40:20,493 [INFO] Sending to ptd: 'SR,A,Auto'
ptd-server 2022-02-14 01:40:25,567 [INFO] Reply from ptd: 'Range A changed'
ptd-server 2022-02-14 01:40:35,580 [INFO] Starting ranging mode
ptd-server 2022-02-14 01:40:35,585 [INFO] Sending to ptd: 'Go,1000,0,2022-02-14_01-39-57_ranging'
ptd-server 2022-02-14 01:40:35,586 [INFO] Reply from ptd: 'Starting untimed measurement, maximum 500000 samples at 1000ms with 0 rampup samples'
ptd-server 2022-02-14 01:40:35,586 [INFO] Sending reply to client 'OK'
ptd-server 2022-02-14 01:52:20,775 [INFO] Got command from the client 'session,2022-02-14_01-39-57,stop,ranging'
ptd-server 2022-02-14 01:52:30,777 [INFO] Sending to ptd: 'Stop'
ptd-server 2022-02-14 01:52:30,777 [INFO] Reply from ptd: 'Stopping untimed measurement'
ptd-server 2022-02-14 01:52:30,855 [INFO] Sending reply to client 'OK'
ptd-server 2022-02-14 01:52:31,089 [INFO] Got command from the client 'time'
ptd-server 2022-02-14 01:52:31,089 [INFO] Sending reply to client '1644832351.0898707'
ptd-server 2022-02-14 01:52:31,089 [INFO] Got command from the client 'session,2022-02-14_01-39-57,start,testing'
ptd-server 2022-02-14 01:52:31,089 [INFO] Sending to ptd: 'SR,V,206.090000'
ptd-server 2022-02-14 01:52:37,671 [INFO] Reply from ptd: 'Range V changed'
ptd-server 2022-02-14 01:52:37,671 [INFO] Sending to ptd: 'SR,A,2.788600'
ptd-server 2022-02-14 01:52:43,268 [INFO] Reply from ptd: 'Range A changed'
ptd-server 2022-02-14 01:52:53,276 [INFO] Starting testing mode
ptd-server 2022-02-14 01:52:53,281 [INFO] Sending to ptd: 'Go,1000,0,2022-02-14_01-39-57_testing'
ptd-server 2022-02-14 01:52:53,281 [INFO] Reply from ptd: 'Starting untimed measurement, maximum 500000 samples at 1000ms with 0 rampup samples'
ptd-server 2022-02-14 01:52:53,281 [INFO] Sending reply to client 'OK'
ptd-server 2022-02-14 02:04:38,662 [INFO] Got command from the client 'session,2022-02-14_01-39-57,stop,testing'
ptd-server 2022-02-14 02:04:48,675 [INFO] Sending to ptd: 'Stop'
ptd-server 2022-02-14 02:04:48,675 [INFO] Reply from ptd: 'Stopping untimed measurement'
ptd-server 2022-02-14 02:04:48,737 [INFO] Sending reply to client 'OK'
ptd-server 2022-02-14 02:04:48,784 [INFO] Got command from the client 'session,2022-02-14_01-39-57,done'
ptd-server 2022-02-14 02:04:48,784 [INFO] Sending to ptd: 'Stop'
ptd-server 2022-02-14 02:04:49,284 [INFO] Reply from ptd: 'Error: no measurement to stop'
ptd-server 2022-02-14 02:04:49,284 [INFO] Sending to ptd: 'SR,V,Auto'
ptd-server 2022-02-14 02:04:54,353 [INFO] Reply from ptd: 'Range V changed'
ptd-server 2022-02-14 02:04:54,353 [INFO] Sending to ptd: 'SR,A,Auto'
ptd-server 2022-02-14 02:04:59,435 [INFO] Reply from ptd: 'Range A changed'
ptd-server 2022-02-14 02:04:59,435 [INFO] Set initial values for Amps Auto and Volts Auto
ptd-server 2022-02-14 02:04:59,435 [INFO] Stopping ptd...
