ptd-server 2022-02-14 03:34:07,648 [INFO] Got command from the client 'time'
ptd-server 2022-02-14 03:34:07,649 [INFO] Sending reply to client '1644809647.6490135'
ptd-server 2022-02-14 03:34:07,651 [INFO] Got command from the client 'new,,a6b83e8c-4a7c-47a4-acfa-15a62d399ec0'
ptd-server 2022-02-14 03:34:07,651 [INFO] Sending reply to client 'OK 2022-02-14_03-34-07,1ec33e85-399c-4cdf-a327-2c8aaca05cea'
ptd-server 2022-02-14 03:34:07,688 [INFO] Got command from the client 'time'
ptd-server 2022-02-14 03:34:07,688 [INFO] Sending reply to client '1644809647.688228'
ptd-server 2022-02-14 03:34:07,690 [INFO] Got command from the client 'session,2022-02-14_03-34-07,start,ranging'
ptd-server 2022-02-14 03:34:07,690 [INFO] Running PTDaemon: ['/home/anton/projects/mlperf/power/inference_v1.0/ptd-linux-x86', '-l', '/tmp/tmpxvec0g6h/ptd_logfile.txt', '-p', '8888', '49', '/dev/usbtmc0']
ptd-server 2022-02-14 03:34:24,863 [INFO] Sending to ptd: 'Hello'
ptd-server 2022-02-14 03:34:24,864 [INFO] Reply from ptd: 'Hello, PTDaemon here!'
ptd-server 2022-02-14 03:34:24,864 [INFO] Sending to ptd: 'Identify'
ptd-server 2022-02-14 03:34:24,864 [INFO] Reply from ptd: 'YokogawaWT310E,1000,1,1,1,1,0,1,1,version=1.9.2-e8c7a49a-20201208,OS=Linux 5.13.0-27-generic #29~20.04.1-Ubuntu SMP Fri Jan 14 00:32:30 UTC 2022 x86_64,mode=power,1,1,1,0,0,no_cal_date,YOKOGAWA;WT310E;C3XA04010E;F1.04'
ptd-server 2022-02-14 03:34:24,864 [INFO] Connected to PTDaemon
ptd-server 2022-02-14 03:34:24,865 [INFO] Sending to ptd: 'RR'
ptd-server 2022-02-14 03:34:24,865 [INFO] Reply from ptd: 'Ranges,0,0.500000,0,300.000000'
ptd-server 2022-02-14 03:34:24,865 [INFO] Initial range for Amps is 0.500000 for Volts is 300.000000
ptd-server 2022-02-14 03:34:24,865 [INFO] Sending to ptd: 'SR,V,Auto'
ptd-server 2022-02-14 03:34:25,368 [INFO] Reply from ptd: 'Range V changed'
ptd-server 2022-02-14 03:34:25,368 [INFO] Sending to ptd: 'SR,A,Auto'
ptd-server 2022-02-14 03:34:25,870 [INFO] Reply from ptd: 'Range A changed'
ptd-server 2022-02-14 03:34:35,881 [INFO] Starting ranging mode
ptd-server 2022-02-14 03:34:35,881 [INFO] Sending to ptd: 'Go,1000,0,2022-02-14_03-34-07_ranging'
ptd-server 2022-02-14 03:34:35,881 [INFO] Reply from ptd: 'Starting untimed measurement, maximum 500000 samples at 1000ms with 0 rampup samples'
ptd-server 2022-02-14 03:34:35,882 [INFO] Sending reply to client 'OK'
ptd-server 2022-02-14 03:44:51,696 [INFO] Got command from the client 'session,2022-02-14_03-34-07,stop,ranging'
ptd-server 2022-02-14 03:45:01,706 [INFO] Sending to ptd: 'Stop'
ptd-server 2022-02-14 03:45:01,707 [INFO] Reply from ptd: 'Stopping untimed measurement'
ptd-server 2022-02-14 03:45:02,395 [INFO] Sending reply to client 'OK'
ptd-server 2022-02-14 03:45:02,455 [INFO] Got command from the client 'time'
ptd-server 2022-02-14 03:45:02,456 [INFO] Sending reply to client '1644810302.4560266'
ptd-server 2022-02-14 03:45:02,458 [INFO] Got command from the client 'session,2022-02-14_03-34-07,start,testing'
ptd-server 2022-02-14 03:45:02,458 [INFO] Sending to ptd: 'SR,V,251.370000'
ptd-server 2022-02-14 03:45:03,960 [INFO] Reply from ptd: 'Range V changed'
ptd-server 2022-02-14 03:45:03,960 [INFO] Sending to ptd: 'SR,A,0.155370'
ptd-server 2022-02-14 03:45:05,461 [INFO] Reply from ptd: 'Range A changed'
ptd-server 2022-02-14 03:45:15,471 [INFO] Starting testing mode
ptd-server 2022-02-14 03:45:15,472 [INFO] Sending to ptd: 'Go,1000,0,2022-02-14_03-34-07_testing'
ptd-server 2022-02-14 03:45:15,472 [INFO] Reply from ptd: 'Starting untimed measurement, maximum 500000 samples at 1000ms with 0 rampup samples'
ptd-server 2022-02-14 03:45:15,472 [INFO] Sending reply to client 'OK'
ptd-server 2022-02-14 03:55:31,319 [INFO] Got command from the client 'session,2022-02-14_03-34-07,stop,testing'
ptd-server 2022-02-14 03:55:41,329 [INFO] Sending to ptd: 'Stop'
ptd-server 2022-02-14 03:55:41,330 [INFO] Reply from ptd: 'Stopping untimed measurement'
ptd-server 2022-02-14 03:55:41,685 [INFO] Sending reply to client 'OK'
ptd-server 2022-02-14 03:55:41,703 [INFO] Got command from the client 'session,2022-02-14_03-34-07,done'
ptd-server 2022-02-14 03:55:41,703 [INFO] Sending to ptd: 'Stop'
ptd-server 2022-02-14 03:55:41,704 [INFO] Reply from ptd: 'Error: no measurement to stop'
ptd-server 2022-02-14 03:55:41,704 [INFO] Sending to ptd: 'SR,V,300.000000'
ptd-server 2022-02-14 03:55:43,205 [INFO] Reply from ptd: 'Range V changed'
ptd-server 2022-02-14 03:55:43,205 [INFO] Sending to ptd: 'SR,A,0.500000'
ptd-server 2022-02-14 03:55:44,706 [INFO] Reply from ptd: 'Range A changed'
ptd-server 2022-02-14 03:55:44,707 [INFO] Set initial values for Amps 0.500000 and Volts 300.000000
ptd-server 2022-02-14 03:55:44,707 [INFO] Stopping ptd...
