client 2022-02-16 11:15:36,200 [INFO] Sending command to the server: 'mlcommons/power client v3'
client 2022-02-16 11:15:36,201 [INFO] Got response: 'mlcommons/power server v3'
client 2022-02-16 11:15:36,201 [INFO] Sending command to the server: 'stop'
client 2022-02-16 11:15:36,202 [INFO] Got response: 'OK'
client 2022-02-16 11:15:36,202 [INFO] Synchronizing with the server and with ib-01.dc4-in.nvidia.com...
client 2022-02-16 11:15:36,412 [INFO] NTP:offset = 0.118 s, delay = 0.208 s 
client 2022-02-16 11:15:36,412 [INFO] Sending command to the server: 'time'
client 2022-02-16 11:15:36,413 [INFO] Got response: '1645010136.5134177'
client 2022-02-16 11:15:36,413 [INFO] The time difference between the client and the server is within range -100.911 ms..-99.790 ms
client 2022-02-16 11:15:36,413 [INFO] Sending command to the server: 'new,,2bc101b8-f9b5-4fba-908d-93a893e1b6cd'
client 2022-02-16 11:15:36,414 [INFO] Got response: 'OK 2022-02-16_03-15-36,a980b2f7-d01f-4d94-b4df-60338acd9c53'
client 2022-02-16 11:15:36,414 [INFO] Session id is '2022-02-16_03-15-36'
client 2022-02-16 11:15:36,414 [INFO] Sources: {"sources": {"__init__.py": "da39a3ee5e6b4b0d3255bfef95601890afd80709", "client.py": "33ca4f26368777ac06e01f9567b714a4b8063886", "lib/__init__.py": "da39a3ee5e6b4b0d3255bfef95601890afd80709", "lib/client.py": "4c2b78fb4849a7e5b584ef792d82aaed20b17f57", "lib/common.py": "624d0c0acc7c39aaff3674f0b99d6a09da53d1dc", "lib/external/__init__.py": "da39a3ee5e6b4b0d3255bfef95601890afd80709", "lib/external/ntplib.py": "4da8f970656505a40483206ef2b5d3dd5e81711d", "lib/server.py": "59c9fb92908260d3e9f81a895c7aa009742275e4", "lib/source_hashes.py": "60a2e02193209e8d392803326208d5466342da18", "lib/summary.py": "aa92f0a3f975eecd44d3c0cd0236342ccc9f941d", "lib/time_sync.py": "3210db56eb0ff0df57bf4293dc4d4b03fffd46f1", "server.py": "c3f90f2f7eeb4db30727556d0c815ebc89b3d28b", "tests/unit/__init__.py": "da39a3ee5e6b4b0d3255bfef95601890afd80709", "tests/unit/test_server.py": "99ae15aef722f2000ee6ed1ae1523637bf1ae42b", "tests/unit/test_source_hashes.py": "00468a2907583c593e6574a1f6b404e4651c221a"}, "modules": {"ptd_client_server.lib.client": "lib/client.py", "ptd_client_server.lib.common": "lib/common.py", "ptd_client_server.lib.external.ntplib": "lib/external/ntplib.py", "ptd_client_server.lib.source_hashes": "lib/source_hashes.py", "ptd_client_server.lib.summary": "lib/summary.py", "ptd_client_server.lib.time_sync": "lib/time_sync.py"}}
client 2022-02-16 11:15:36,419 [INFO] Running workload in ranging mode
client 2022-02-16 11:15:36,419 [INFO] Synchronizing with the server and with ib-01.dc4-in.nvidia.com...
client 2022-02-16 11:15:36,628 [INFO] NTP:offset = 0.118 s, delay = 0.208 s 
client 2022-02-16 11:15:36,628 [INFO] Sending command to the server: 'time'
client 2022-02-16 11:15:36,629 [INFO] Got response: '1645010136.736022'
client 2022-02-16 11:15:36,629 [INFO] The time difference between the client and the server is within range -107.727 ms..-106.546 ms
client 2022-02-16 11:15:36,629 [INFO] Sending command to the server: 'session,2022-02-16_03-15-36,start,ranging'
client 2022-02-16 11:16:16,026 [INFO] Got response: 'OK'
client 2022-02-16 11:16:16,026 [INFO] Running the workload 'LOG_DIR=/work/build/power_logs_temp python3 code/main.py --benchmarks=bert --scenarios=Server --test_mode=PerformanceOnly --config_ver=maxq --action="run_harness" \\\n\t\t2>&1 | tee -a /work/build/power_logs/2022.02.16-11.15.18/stdout.txt \\\n\t\t&& if [ ! -d /work/build/power_logs/2022.02.16-11.15.18/ranging_tmp ]; \\\n\t\t\tthen mkdir /work/build/power_logs/2022.02.16-11.15.18/ranging_tmp \\\n\t\t\t\t&& mv /work/build/power_logs_temp/* /work/build/power_logs/2022.02.16-11.15.18/ranging_tmp/ \\\n\t\t\t\t&& cp -v /work/build/power_logs/2022.02.16-11.15.18/ranging_tmp/*/*/*/mlperf_log_detail.txt /work/build/power_logs_temp/ \\\n\t\t\t\t&& cp -v /work/build/power_logs/2022.02.16-11.15.18/ranging_tmp/*/*/*/mlperf_log_summary.txt /work/build/power_logs_temp/; \\\n\t\t\telse mkdir /work/build/power_logs/2022.02.16-11.15.18/testing_tmp \\\n\t\t\t\t&& mv /work/build/power_logs_temp/* /work/build/power_logs/2022.02.16-11.15.18/testing_tmp/ \\\n\t\t\t\t&& cp -v /work/build/power_logs/2022.02.16-11.15.18/testing_tmp/*/*/*/mlperf_log_detail.txt /work/build/power_logs_temp/ \\\n\t\t\t\t&& cp -v /work/build/power_logs/2022.02.16-11.15.18/testing_tmp/*/*/*/mlperf_log_summary.txt /work/build/power_logs_temp/; fi'
client 2022-02-16 11:27:22,903 [INFO] Sending command to the server: 'session,2022-02-16_03-15-36,stop,ranging'
client 2022-02-16 11:27:32,990 [INFO] Got response: 'OK'
client 2022-02-16 11:27:32,999 [INFO] Copying loadgen logs from '/work/build/power_logs_temp' to '/work/build/power_logs/2022.02.16-11.15.18/2022-02-16_03-15-36/ranging'
client 2022-02-16 11:27:33,012 [INFO] Running workload in testing mode
client 2022-02-16 11:27:33,012 [INFO] Synchronizing with the server and with ib-01.dc4-in.nvidia.com...
client 2022-02-16 11:27:33,221 [INFO] NTP:offset = 0.128 s, delay = 0.208 s 
client 2022-02-16 11:27:33,221 [INFO] Sending command to the server: 'time'
client 2022-02-16 11:27:33,222 [INFO] Got response: '1645010853.3287692'
client 2022-02-16 11:27:33,222 [INFO] The time difference between the client and the server is within range -107.041 ms..-105.824 ms
client 2022-02-16 11:27:33,222 [INFO] Sending command to the server: 'session,2022-02-16_03-15-36,start,testing'
client 2022-02-16 11:27:54,920 [INFO] Got response: 'OK'
client 2022-02-16 11:27:54,921 [INFO] Running the workload 'LOG_DIR=/work/build/power_logs_temp python3 code/main.py --benchmarks=bert --scenarios=Server --test_mode=PerformanceOnly --config_ver=maxq --action="run_harness" \\\n\t\t2>&1 | tee -a /work/build/power_logs/2022.02.16-11.15.18/stdout.txt \\\n\t\t&& if [ ! -d /work/build/power_logs/2022.02.16-11.15.18/ranging_tmp ]; \\\n\t\t\tthen mkdir /work/build/power_logs/2022.02.16-11.15.18/ranging_tmp \\\n\t\t\t\t&& mv /work/build/power_logs_temp/* /work/build/power_logs/2022.02.16-11.15.18/ranging_tmp/ \\\n\t\t\t\t&& cp -v /work/build/power_logs/2022.02.16-11.15.18/ranging_tmp/*/*/*/mlperf_log_detail.txt /work/build/power_logs_temp/ \\\n\t\t\t\t&& cp -v /work/build/power_logs/2022.02.16-11.15.18/ranging_tmp/*/*/*/mlperf_log_summary.txt /work/build/power_logs_temp/; \\\n\t\t\telse mkdir /work/build/power_logs/2022.02.16-11.15.18/testing_tmp \\\n\t\t\t\t&& mv /work/build/power_logs_temp/* /work/build/power_logs/2022.02.16-11.15.18/testing_tmp/ \\\n\t\t\t\t&& cp -v /work/build/power_logs/2022.02.16-11.15.18/testing_tmp/*/*/*/mlperf_log_detail.txt /work/build/power_logs_temp/ \\\n\t\t\t\t&& cp -v /work/build/power_logs/2022.02.16-11.15.18/testing_tmp/*/*/*/mlperf_log_summary.txt /work/build/power_logs_temp/; fi'
client 2022-02-16 11:39:02,340 [INFO] Sending command to the server: 'session,2022-02-16_03-15-36,stop,testing'
client 2022-02-16 11:39:12,414 [INFO] Got response: 'OK'
client 2022-02-16 11:39:12,419 [INFO] Copying loadgen logs from '/work/build/power_logs_temp' to '/work/build/power_logs/2022.02.16-11.15.18/2022-02-16_03-15-36/run_1'
client 2022-02-16 11:39:12,432 [INFO] Done runs
