ptd-server 2022-02-16 03:15:36,310 [INFO] Got command from the client 'stop'
ptd-server 2022-02-16 03:15:36,310 [INFO] The server will be stopped after processing this client
ptd-server 2022-02-16 03:15:36,310 [INFO] Sending reply to client 'OK'
ptd-server 2022-02-16 03:15:36,513 [INFO] Got command from the client 'time'
ptd-server 2022-02-16 03:15:36,513 [INFO] Sending reply to client '1645010136.5134177'
ptd-server 2022-02-16 03:15:36,513 [INFO] Got command from the client 'new,,2bc101b8-f9b5-4fba-908d-93a893e1b6cd'
ptd-server 2022-02-16 03:15:36,513 [INFO] Sending reply to client 'OK 2022-02-16_03-15-36,a980b2f7-d01f-4d94-b4df-60338acd9c53'
ptd-server 2022-02-16 03:15:36,736 [INFO] Got command from the client 'time'
ptd-server 2022-02-16 03:15:36,736 [INFO] Sending reply to client '1645010136.736022'
ptd-server 2022-02-16 03:15:36,736 [INFO] Got command from the client 'session,2022-02-16_03-15-36,start,ranging'
ptd-server 2022-02-16 03:15:36,845 [INFO] Running PTDaemon: ['C:\\PTD\\ptd-windows-x86.exe', '-l', 'C:\\Users\\lab\\AppData\\Local\\Temp\\tmpp087xt8z\\ptd_logfile.txt', '-p', '8888', '-c', '1,3', '-y', '77', '10.34.232.250']
ptd-server 2022-02-16 03:15:55,970 [INFO] Sending to ptd: 'Hello'
ptd-server 2022-02-16 03:15:55,970 [INFO] Reply from ptd: 'Hello, PTDaemon here!'
ptd-server 2022-02-16 03:15:55,970 [INFO] Sending to ptd: 'Identify'
ptd-server 2022-02-16 03:15:55,970 [INFO] Reply from ptd: 'YokogawaWT330_multichannel,1000,1,1,1,1,0,0,1,version=1.9.2-3976349f-20201208,OS=Windows 8 / Server 2012,mode=power,1,1,2,0,0,no_cal_date,YOKOGAWA;WT333E;C2WA21018V;F1.04'
ptd-server 2022-02-16 03:15:55,970 [INFO] Connected to PTDaemon
ptd-server 2022-02-16 03:15:55,970 [INFO] Sending to ptd: 'RR'
ptd-server 2022-02-16 03:15:55,970 [INFO] Reply from ptd: 'Ranges,0,20.000000,1,300.000000'
ptd-server 2022-02-16 03:15:55,970 [INFO] Initial range for Amps is 20.000000 for Volts is Auto
ptd-server 2022-02-16 03:15:55,970 [INFO] Sending to ptd: 'SR,V,Auto'
ptd-server 2022-02-16 03:16:01,046 [INFO] Reply from ptd: 'Range V changed'
ptd-server 2022-02-16 03:16:01,046 [INFO] Sending to ptd: 'SR,A,Auto'
ptd-server 2022-02-16 03:16:06,124 [INFO] Reply from ptd: 'Range A changed'
ptd-server 2022-02-16 03:16:16,128 [INFO] Starting ranging mode
ptd-server 2022-02-16 03:16:16,128 [INFO] Sending to ptd: 'Go,1000,0,2022-02-16_03-15-36_ranging'
ptd-server 2022-02-16 03:16:16,128 [INFO] Reply from ptd: 'Starting untimed measurement, maximum 500000 samples at 1000ms with 0 rampup samples'
ptd-server 2022-02-16 03:16:16,128 [INFO] Sending reply to client 'OK'
ptd-server 2022-02-16 03:27:23,021 [INFO] Got command from the client 'session,2022-02-16_03-15-36,stop,ranging'
ptd-server 2022-02-16 03:27:33,031 [INFO] Sending to ptd: 'Stop'
ptd-server 2022-02-16 03:27:33,031 [INFO] Reply from ptd: 'Stopping untimed measurement'
ptd-server 2022-02-16 03:27:33,093 [INFO] Sending reply to client 'OK'
ptd-server 2022-02-16 03:27:33,328 [INFO] Got command from the client 'time'
ptd-server 2022-02-16 03:27:33,328 [INFO] Sending reply to client '1645010853.3287692'
ptd-server 2022-02-16 03:27:33,328 [INFO] Got command from the client 'session,2022-02-16_03-15-36,start,testing'
ptd-server 2022-02-16 03:27:33,328 [INFO] Sending to ptd: 'SR,V,209.170000'
ptd-server 2022-02-16 03:27:39,429 [INFO] Reply from ptd: 'Range V changed'
ptd-server 2022-02-16 03:27:39,429 [INFO] Sending to ptd: 'SR,A,5.464000'
ptd-server 2022-02-16 03:27:45,017 [INFO] Reply from ptd: 'Range A changed'
ptd-server 2022-02-16 03:27:55,031 [INFO] Starting testing mode
ptd-server 2022-02-16 03:27:55,031 [INFO] Sending to ptd: 'Go,1000,0,2022-02-16_03-15-36_testing'
ptd-server 2022-02-16 03:27:55,031 [INFO] Reply from ptd: 'Starting untimed measurement, maximum 500000 samples at 1000ms with 0 rampup samples'
ptd-server 2022-02-16 03:27:55,031 [INFO] Sending reply to client 'OK'
ptd-server 2022-02-16 03:39:02,451 [INFO] Got command from the client 'session,2022-02-16_03-15-36,stop,testing'
ptd-server 2022-02-16 03:39:12,482 [INFO] Sending to ptd: 'Stop'
ptd-server 2022-02-16 03:39:12,482 [INFO] Reply from ptd: 'Stopping untimed measurement'
ptd-server 2022-02-16 03:39:12,529 [INFO] Sending reply to client 'OK'
ptd-server 2022-02-16 03:39:12,607 [INFO] Got command from the client 'session,2022-02-16_03-15-36,done'
ptd-server 2022-02-16 03:39:12,607 [INFO] Sending to ptd: 'Stop'
ptd-server 2022-02-16 03:39:13,045 [INFO] Reply from ptd: 'Error: no measurement to stop'
ptd-server 2022-02-16 03:39:13,045 [INFO] Sending to ptd: 'SR,V,Auto'
ptd-server 2022-02-16 03:39:18,123 [INFO] Reply from ptd: 'Range V changed'
ptd-server 2022-02-16 03:39:18,123 [INFO] Sending to ptd: 'SR,A,20.000000'
ptd-server 2022-02-16 03:39:23,714 [INFO] Reply from ptd: 'Range A changed'
ptd-server 2022-02-16 03:39:23,714 [INFO] Set initial values for Amps 20.000000 and Volts Auto
ptd-server 2022-02-16 03:39:23,714 [INFO] Stopping ptd...
