ptd-server 2022-02-22 21:08:33,202 [INFO] Got command from the client 'time'
ptd-server 2022-02-22 21:08:33,202 [INFO] Sending reply to client '1645585713.2025318'
ptd-server 2022-02-22 21:08:33,205 [INFO] Got command from the client 'new,,424c2859-34a3-4585-ac2d-5ca866395b0b'
ptd-server 2022-02-22 21:08:33,206 [INFO] Sending reply to client 'OK 2022-02-22_21-08-33,f986a1d0-8576-47a2-9f0e-ee70bbecc5c7'
ptd-server 2022-02-22 21:08:33,313 [INFO] Got command from the client 'time'
ptd-server 2022-02-22 21:08:33,313 [INFO] Sending reply to client '1645585713.3133173'
ptd-server 2022-02-22 21:08:33,316 [INFO] Got command from the client 'session,2022-02-22_21-08-33,start,ranging'
ptd-server 2022-02-22 21:08:33,316 [INFO] Running PTDaemon: ['/local/mnt/workspace/mlcommons/power-main/inference_v1.0/ptd-linux-x86', '-l', '/tmp/tmp_4uvehih/ptd_logfile.txt', '-p', '8880', '-c', '3', '52', '/dev/usbtmc0']
ptd-server 2022-02-22 21:08:50,413 [INFO] Sending to ptd: 'Hello'
ptd-server 2022-02-22 21:08:50,414 [INFO] Reply from ptd: 'Hello, PTDaemon here!'
ptd-server 2022-02-22 21:08:50,414 [INFO] Sending to ptd: 'Identify'
ptd-server 2022-02-22 21:08:50,415 [INFO] Reply from ptd: 'YokogawaWT330E,1000,1,1,1,1,0,0,1,version=1.9.2-e8c7a49a-20201208,OS=Linux 4.4.0-210-generic #242-Ubuntu SMP Fri Apr 16 09:57:56 UTC 2021 x86_64,mode=power,1,1,1,0,0,no_cal_date,YOKOGAWA;WT333E;C2XC17005V;F1.04'
ptd-server 2022-02-22 21:08:50,415 [INFO] Connected to PTDaemon
ptd-server 2022-02-22 21:08:50,415 [INFO] Sending to ptd: 'RR'
ptd-server 2022-02-22 21:08:50,416 [INFO] Reply from ptd: 'Ranges,1,2.000000,1,150.000000'
ptd-server 2022-02-22 21:08:50,416 [INFO] Initial range for Amps is Auto for Volts is Auto
ptd-server 2022-02-22 21:08:50,416 [INFO] Sending to ptd: 'SR,V,Auto'
ptd-server 2022-02-22 21:08:50,923 [INFO] Reply from ptd: 'Range V changed'
ptd-server 2022-02-22 21:08:50,923 [INFO] Sending to ptd: 'SR,A,Auto'
ptd-server 2022-02-22 21:08:51,426 [INFO] Reply from ptd: 'Range A changed'
ptd-server 2022-02-22 21:09:01,436 [INFO] Starting ranging mode
ptd-server 2022-02-22 21:09:01,436 [INFO] Sending to ptd: 'Go,1000,0,2022-02-22_21-08-33_ranging'
ptd-server 2022-02-22 21:09:01,437 [INFO] Reply from ptd: 'Starting untimed measurement, maximum 500000 samples at 1000ms with 0 rampup samples'
ptd-server 2022-02-22 21:09:01,437 [INFO] Sending reply to client 'OK'
ptd-server 2022-02-22 21:21:58,463 [INFO] Got command from the client 'session,2022-02-22_21-08-33,stop,ranging'
ptd-server 2022-02-22 21:22:08,474 [INFO] Sending to ptd: 'Stop'
ptd-server 2022-02-22 21:22:08,474 [INFO] Reply from ptd: 'Stopping untimed measurement'
ptd-server 2022-02-22 21:22:08,556 [INFO] Sending reply to client 'OK'
ptd-server 2022-02-22 21:22:08,711 [INFO] Got command from the client 'time'
ptd-server 2022-02-22 21:22:08,711 [INFO] Sending reply to client '1645586528.7116816'
ptd-server 2022-02-22 21:22:08,716 [INFO] Got command from the client 'session,2022-02-22_21-08-33,start,testing'
ptd-server 2022-02-22 21:22:08,716 [INFO] Sending to ptd: 'SR,V,123.960000'
ptd-server 2022-02-22 21:22:10,938 [INFO] Reply from ptd: 'Range V changed'
ptd-server 2022-02-22 21:22:10,939 [INFO] Sending to ptd: 'SR,A,0.233700'
ptd-server 2022-02-22 21:22:12,440 [INFO] Reply from ptd: 'Range A changed'
ptd-server 2022-02-22 21:22:22,450 [INFO] Starting testing mode
ptd-server 2022-02-22 21:22:22,451 [INFO] Sending to ptd: 'Go,1000,0,2022-02-22_21-08-33_testing'
ptd-server 2022-02-22 21:22:22,451 [INFO] Reply from ptd: 'Starting untimed measurement, maximum 500000 samples at 1000ms with 0 rampup samples'
ptd-server 2022-02-22 21:22:22,452 [INFO] Sending reply to client 'OK'
ptd-server 2022-02-22 21:35:21,929 [INFO] Got command from the client 'session,2022-02-22_21-08-33,stop,testing'
ptd-server 2022-02-22 21:35:31,940 [INFO] Sending to ptd: 'Stop'
ptd-server 2022-02-22 21:35:31,940 [INFO] Reply from ptd: 'Stopping untimed measurement'
ptd-server 2022-02-22 21:35:32,046 [INFO] Sending reply to client 'OK'
ptd-server 2022-02-22 21:35:32,087 [INFO] Got command from the client 'session,2022-02-22_21-08-33,done'
ptd-server 2022-02-22 21:35:32,087 [INFO] Sending to ptd: 'Stop'
ptd-server 2022-02-22 21:35:32,452 [INFO] Reply from ptd: 'Error: no measurement to stop'
ptd-server 2022-02-22 21:35:32,452 [INFO] Sending to ptd: 'SR,V,Auto'
ptd-server 2022-02-22 21:35:32,955 [INFO] Reply from ptd: 'Range V changed'
ptd-server 2022-02-22 21:35:32,955 [INFO] Sending to ptd: 'SR,A,Auto'
ptd-server 2022-02-22 21:35:33,458 [INFO] Reply from ptd: 'Range A changed'
ptd-server 2022-02-22 21:35:33,458 [INFO] Set initial values for Amps Auto and Volts Auto
ptd-server 2022-02-22 21:35:33,458 [INFO] Stopping ptd...
