ptd-server 2022-02-14 23:28:47,182 [INFO] Got command from the client 'stop'
ptd-server 2022-02-14 23:28:47,182 [INFO] The server will be stopped after processing this client
ptd-server 2022-02-14 23:28:47,182 [INFO] Sending reply to client 'OK'
ptd-server 2022-02-14 23:28:47,401 [INFO] Got command from the client 'time'
ptd-server 2022-02-14 23:28:47,401 [INFO] Sending reply to client '1644910127.4015813'
ptd-server 2022-02-14 23:28:47,401 [INFO] Got command from the client 'new,,8b30706b-7d6c-4162-b66d-674171aaa1e7'
ptd-server 2022-02-14 23:28:47,401 [INFO] Sending reply to client 'OK 2022-02-14_23-28-47,0ed99714-f348-4de5-b753-5c658af0e3ed'
ptd-server 2022-02-14 23:28:47,619 [INFO] Got command from the client 'time'
ptd-server 2022-02-14 23:28:47,619 [INFO] Sending reply to client '1644910127.6198394'
ptd-server 2022-02-14 23:28:47,619 [INFO] Got command from the client 'session,2022-02-14_23-28-47,start,ranging'
ptd-server 2022-02-14 23:28:47,729 [INFO] Running PTDaemon: ['C:\\PTD\\ptd-windows-x86.exe', '-l', 'C:\\Users\\lab\\AppData\\Local\\Temp\\tmps92gdyh3\\ptd_logfile.txt', '-p', '8888', '-c', '1', '-y', '52', '10.34.244.57']
ptd-server 2022-02-14 23:29:05,312 [INFO] Sending to ptd: 'Hello'
ptd-server 2022-02-14 23:29:05,312 [INFO] Reply from ptd: 'Hello, PTDaemon here!'
ptd-server 2022-02-14 23:29:05,312 [INFO] Sending to ptd: 'Identify'
ptd-server 2022-02-14 23:29:05,312 [INFO] Reply from ptd: 'YokogawaWT330E,1000,1,1,1,1,0,0,1,version=1.9.2-3976349f-20201208,OS=Windows 8 / Server 2012,mode=power,1,1,1,0,0,no_cal_date,YOKOGAWA;WT333E;C2XG12028V;F1.04'
ptd-server 2022-02-14 23:29:05,312 [INFO] Connected to PTDaemon
ptd-server 2022-02-14 23:29:05,312 [INFO] Sending to ptd: 'RR'
ptd-server 2022-02-14 23:29:05,312 [INFO] Reply from ptd: 'Ranges,0,20.000000,1,300.000000'
ptd-server 2022-02-14 23:29:05,312 [INFO] Initial range for Amps is 20.000000 for Volts is Auto
ptd-server 2022-02-14 23:29:05,312 [INFO] Sending to ptd: 'SR,V,Auto'
ptd-server 2022-02-14 23:29:05,835 [INFO] Reply from ptd: 'Range V changed'
ptd-server 2022-02-14 23:29:05,835 [INFO] Sending to ptd: 'SR,A,Auto'
ptd-server 2022-02-14 23:29:06,351 [INFO] Reply from ptd: 'Range A changed'
ptd-server 2022-02-14 23:29:16,351 [INFO] Starting ranging mode
ptd-server 2022-02-14 23:29:16,351 [INFO] Sending to ptd: 'Go,1000,0,2022-02-14_23-28-47_ranging'
ptd-server 2022-02-14 23:29:16,351 [INFO] Reply from ptd: 'Starting untimed measurement, maximum 500000 samples at 1000ms with 0 rampup samples'
ptd-server 2022-02-14 23:29:16,351 [INFO] Sending reply to client 'OK'
ptd-server 2022-02-14 23:39:40,204 [INFO] Got command from the client 'session,2022-02-14_23-28-47,stop,ranging'
ptd-server 2022-02-14 23:39:50,204 [INFO] Sending to ptd: 'Stop'
ptd-server 2022-02-14 23:39:50,204 [INFO] Reply from ptd: 'Stopping untimed measurement'
ptd-server 2022-02-14 23:39:50,219 [INFO] Sending reply to client 'OK'
ptd-server 2022-02-14 23:39:50,462 [INFO] Got command from the client 'time'
ptd-server 2022-02-14 23:39:50,462 [INFO] Sending reply to client '1644910790.462816'
ptd-server 2022-02-14 23:39:50,462 [INFO] Got command from the client 'session,2022-02-14_23-28-47,start,testing'
ptd-server 2022-02-14 23:39:50,462 [INFO] Sending to ptd: 'SR,V,206.610000'
ptd-server 2022-02-14 23:39:51,979 [INFO] Reply from ptd: 'Range V changed'
ptd-server 2022-02-14 23:39:51,979 [INFO] Sending to ptd: 'SR,A,6.110800'
ptd-server 2022-02-14 23:39:53,504 [INFO] Reply from ptd: 'Range A changed'
ptd-server 2022-02-14 23:40:03,505 [INFO] Starting testing mode
ptd-server 2022-02-14 23:40:03,505 [INFO] Sending to ptd: 'Go,1000,0,2022-02-14_23-28-47_testing'
ptd-server 2022-02-14 23:40:03,505 [INFO] Reply from ptd: 'Starting untimed measurement, maximum 500000 samples at 1000ms with 0 rampup samples'
ptd-server 2022-02-14 23:40:03,505 [INFO] Sending reply to client 'OK'
ptd-server 2022-02-14 23:50:27,273 [INFO] Got command from the client 'session,2022-02-14_23-28-47,stop,testing'
ptd-server 2022-02-14 23:50:37,286 [INFO] Sending to ptd: 'Stop'
ptd-server 2022-02-14 23:50:37,286 [INFO] Reply from ptd: 'Stopping untimed measurement'
ptd-server 2022-02-14 23:50:37,302 [INFO] Sending reply to client 'OK'
ptd-server 2022-02-14 23:50:37,364 [INFO] Got command from the client 'session,2022-02-14_23-28-47,done'
ptd-server 2022-02-14 23:50:37,364 [INFO] Sending to ptd: 'Stop'
ptd-server 2022-02-14 23:50:37,521 [INFO] Reply from ptd: 'Error: no measurement to stop'
ptd-server 2022-02-14 23:50:37,521 [INFO] Sending to ptd: 'SR,V,Auto'
ptd-server 2022-02-14 23:50:38,029 [INFO] Reply from ptd: 'Range V changed'
ptd-server 2022-02-14 23:50:38,029 [INFO] Sending to ptd: 'SR,A,20.000000'
ptd-server 2022-02-14 23:50:39,557 [INFO] Reply from ptd: 'Range A changed'
ptd-server 2022-02-14 23:50:39,557 [INFO] Set initial values for Amps 20.000000 and Volts Auto
ptd-server 2022-02-14 23:50:39,557 [INFO] Stopping ptd...
