ptd-server 2022-02-17 14:40:21,068 [INFO] Got command from the client 'time'
ptd-server 2022-02-17 14:40:21,068 [INFO] Sending reply to client '1645108821.0686634'
ptd-server 2022-02-17 14:40:21,070 [INFO] Got command from the client 'new,,c6e75ddb-3654-4db1-a776-2d8a634b1c11'
ptd-server 2022-02-17 14:40:21,071 [INFO] Sending reply to client 'OK 2022-02-17_14-40-21,6ad8e6fd-d947-4e85-b762-9ecfa5488d94'
ptd-server 2022-02-17 14:40:21,105 [INFO] Got command from the client 'time'
ptd-server 2022-02-17 14:40:21,105 [INFO] Sending reply to client '1645108821.1052604'
ptd-server 2022-02-17 14:40:21,107 [INFO] Got command from the client 'session,2022-02-17_14-40-21,start,ranging'
ptd-server 2022-02-17 14:40:21,107 [INFO] Running PTDaemon: ['/home/anton/projects/mlperf/power/inference_v1.0/ptd-linux-x86', '-l', '/tmp/tmpgldyt7rr/ptd_logfile.txt', '-p', '8888', '49', '/dev/usbtmc0']
ptd-server 2022-02-17 14:40:38,280 [INFO] Sending to ptd: 'Hello'
ptd-server 2022-02-17 14:40:38,281 [INFO] Reply from ptd: 'Hello, PTDaemon here!'
ptd-server 2022-02-17 14:40:38,281 [INFO] Sending to ptd: 'Identify'
ptd-server 2022-02-17 14:40:38,281 [INFO] Reply from ptd: 'YokogawaWT310E,1000,1,1,1,1,0,1,1,version=1.9.2-e8c7a49a-20201208,OS=Linux 5.13.0-28-generic #31~20.04.1-Ubuntu SMP Wed Jan 19 14:08:10 UTC 2022 x86_64,mode=power,1,1,1,0,0,no_cal_date,YOKOGAWA;WT310E;C3XA04010E;F1.04'
ptd-server 2022-02-17 14:40:38,282 [INFO] Connected to PTDaemon
ptd-server 2022-02-17 14:40:38,282 [INFO] Sending to ptd: 'RR'
ptd-server 2022-02-17 14:40:38,282 [INFO] Reply from ptd: 'Ranges,0,0.500000,0,300.000000'
ptd-server 2022-02-17 14:40:38,282 [INFO] Initial range for Amps is 0.500000 for Volts is 300.000000
ptd-server 2022-02-17 14:40:38,282 [INFO] Sending to ptd: 'SR,V,Auto'
ptd-server 2022-02-17 14:40:38,785 [INFO] Reply from ptd: 'Range V changed'
ptd-server 2022-02-17 14:40:38,785 [INFO] Sending to ptd: 'SR,A,Auto'
ptd-server 2022-02-17 14:40:39,287 [INFO] Reply from ptd: 'Range A changed'
ptd-server 2022-02-17 14:40:49,298 [INFO] Starting ranging mode
ptd-server 2022-02-17 14:40:49,298 [INFO] Sending to ptd: 'Go,1000,0,2022-02-17_14-40-21_ranging'
ptd-server 2022-02-17 14:40:49,298 [INFO] Reply from ptd: 'Starting untimed measurement, maximum 500000 samples at 1000ms with 0 rampup samples'
ptd-server 2022-02-17 14:40:49,298 [INFO] Sending reply to client 'OK'
ptd-server 2022-02-17 14:51:11,035 [INFO] Got command from the client 'session,2022-02-17_14-40-21,stop,ranging'
ptd-server 2022-02-17 14:51:21,045 [INFO] Sending to ptd: 'Stop'
ptd-server 2022-02-17 14:51:21,046 [INFO] Reply from ptd: 'Stopping untimed measurement'
ptd-server 2022-02-17 14:51:21,229 [INFO] Sending reply to client 'OK'
ptd-server 2022-02-17 14:51:21,360 [INFO] Got command from the client 'time'
ptd-server 2022-02-17 14:51:21,360 [INFO] Sending reply to client '1645109481.360645'
ptd-server 2022-02-17 14:51:21,368 [INFO] Got command from the client 'session,2022-02-17_14-40-21,start,testing'
ptd-server 2022-02-17 14:51:21,368 [INFO] Sending to ptd: 'SR,V,251.980000'
ptd-server 2022-02-17 14:51:22,869 [INFO] Reply from ptd: 'Range V changed'
ptd-server 2022-02-17 14:51:22,869 [INFO] Sending to ptd: 'SR,A,0.069560'
ptd-server 2022-02-17 14:51:24,370 [INFO] Reply from ptd: 'Range A changed'
ptd-server 2022-02-17 14:51:34,381 [INFO] Starting testing mode
ptd-server 2022-02-17 14:51:34,381 [INFO] Sending to ptd: 'Go,1000,0,2022-02-17_14-40-21_testing'
ptd-server 2022-02-17 14:51:34,381 [INFO] Reply from ptd: 'Starting untimed measurement, maximum 500000 samples at 1000ms with 0 rampup samples'
ptd-server 2022-02-17 14:51:34,382 [INFO] Sending reply to client 'OK'
ptd-server 2022-02-17 15:01:57,183 [INFO] Got command from the client 'session,2022-02-17_14-40-21,stop,testing'
ptd-server 2022-02-17 15:02:07,194 [INFO] Sending to ptd: 'Stop'
ptd-server 2022-02-17 15:02:07,194 [INFO] Reply from ptd: 'Stopping untimed measurement'
ptd-server 2022-02-17 15:02:07,297 [INFO] Sending reply to client 'OK'
ptd-server 2022-02-17 15:02:07,334 [INFO] Got command from the client 'session,2022-02-17_14-40-21,done'
ptd-server 2022-02-17 15:02:07,334 [INFO] Sending to ptd: 'Stop'
ptd-server 2022-02-17 15:02:07,382 [INFO] Reply from ptd: 'Error: no measurement to stop'
ptd-server 2022-02-17 15:02:07,382 [INFO] Sending to ptd: 'SR,V,300.000000'
ptd-server 2022-02-17 15:02:08,883 [INFO] Reply from ptd: 'Range V changed'
ptd-server 2022-02-17 15:02:08,884 [INFO] Sending to ptd: 'SR,A,0.500000'
ptd-server 2022-02-17 15:02:10,385 [INFO] Reply from ptd: 'Range A changed'
ptd-server 2022-02-17 15:02:10,385 [INFO] Set initial values for Amps 0.500000 and Volts 300.000000
ptd-server 2022-02-17 15:02:10,385 [INFO] Stopping ptd...
