ptd-server 2022-02-19 00:23:20,010 [INFO] Got command from the client 'time'
ptd-server 2022-02-19 00:23:20,010 [INFO] Sending reply to client '1645230200.0105627'
ptd-server 2022-02-19 00:23:20,012 [INFO] Got command from the client 'new,,cf8e4577-f2c4-46f8-b461-2ed93b84d95a'
ptd-server 2022-02-19 00:23:20,012 [INFO] Sending reply to client 'OK 2022-02-19_00-23-20,806705cf-f7ea-466d-8343-9e192d503d69'
ptd-server 2022-02-19 00:23:20,050 [INFO] Got command from the client 'time'
ptd-server 2022-02-19 00:23:20,050 [INFO] Sending reply to client '1645230200.050466'
ptd-server 2022-02-19 00:23:20,052 [INFO] Got command from the client 'session,2022-02-19_00-23-20,start,ranging'
ptd-server 2022-02-19 00:23:20,052 [INFO] Running PTDaemon: ['/home/anton/projects/mlperf/power/inference_v1.0/ptd-linux-x86', '-l', '/tmp/tmpgldyt7rr/ptd_logfile.txt', '-p', '8888', '49', '/dev/usbtmc0']
ptd-server 2022-02-19 00:23:37,225 [INFO] Sending to ptd: 'Hello'
ptd-server 2022-02-19 00:23:37,225 [INFO] Reply from ptd: 'Hello, PTDaemon here!'
ptd-server 2022-02-19 00:23:37,226 [INFO] Sending to ptd: 'Identify'
ptd-server 2022-02-19 00:23:37,226 [INFO] Reply from ptd: 'YokogawaWT310E,1000,1,1,1,1,0,1,1,version=1.9.2-e8c7a49a-20201208,OS=Linux 5.13.0-28-generic #31~20.04.1-Ubuntu SMP Wed Jan 19 14:08:10 UTC 2022 x86_64,mode=power,1,1,1,0,0,no_cal_date,YOKOGAWA;WT310E;C3XA04010E;F1.04'
ptd-server 2022-02-19 00:23:37,226 [INFO] Connected to PTDaemon
ptd-server 2022-02-19 00:23:37,226 [INFO] Sending to ptd: 'RR'
ptd-server 2022-02-19 00:23:37,226 [INFO] Reply from ptd: 'Ranges,0,0.500000,0,300.000000'
ptd-server 2022-02-19 00:23:37,226 [INFO] Initial range for Amps is 0.500000 for Volts is 300.000000
ptd-server 2022-02-19 00:23:37,227 [INFO] Sending to ptd: 'SR,V,Auto'
ptd-server 2022-02-19 00:23:37,729 [INFO] Reply from ptd: 'Range V changed'
ptd-server 2022-02-19 00:23:37,729 [INFO] Sending to ptd: 'SR,A,Auto'
ptd-server 2022-02-19 00:23:38,232 [INFO] Reply from ptd: 'Range A changed'
ptd-server 2022-02-19 00:23:48,236 [INFO] Starting ranging mode
ptd-server 2022-02-19 00:23:48,236 [INFO] Sending to ptd: 'Go,1000,0,2022-02-19_00-23-20_ranging'
ptd-server 2022-02-19 00:23:48,236 [INFO] Reply from ptd: 'Starting untimed measurement, maximum 500000 samples at 1000ms with 0 rampup samples'
ptd-server 2022-02-19 00:23:48,237 [INFO] Sending reply to client 'OK'
ptd-server 2022-02-19 00:34:26,432 [INFO] Got command from the client 'session,2022-02-19_00-23-20,stop,ranging'
ptd-server 2022-02-19 00:34:36,443 [INFO] Sending to ptd: 'Stop'
ptd-server 2022-02-19 00:34:36,443 [INFO] Reply from ptd: 'Stopping untimed measurement'
ptd-server 2022-02-19 00:34:36,736 [INFO] Sending reply to client 'OK'
ptd-server 2022-02-19 00:34:36,850 [INFO] Got command from the client 'time'
ptd-server 2022-02-19 00:34:36,850 [INFO] Sending reply to client '1645230876.8502853'
ptd-server 2022-02-19 00:34:36,853 [INFO] Got command from the client 'session,2022-02-19_00-23-20,start,testing'
ptd-server 2022-02-19 00:34:36,853 [INFO] Sending to ptd: 'SR,V,251.790000'
ptd-server 2022-02-19 00:34:38,737 [INFO] Reply from ptd: 'Range V changed'
ptd-server 2022-02-19 00:34:38,737 [INFO] Sending to ptd: 'SR,A,0.041130'
ptd-server 2022-02-19 00:34:40,239 [INFO] Reply from ptd: 'Range A changed'
ptd-server 2022-02-19 00:34:50,249 [INFO] Starting testing mode
ptd-server 2022-02-19 00:34:50,249 [INFO] Sending to ptd: 'Go,1000,0,2022-02-19_00-23-20_testing'
ptd-server 2022-02-19 00:34:50,250 [INFO] Reply from ptd: 'Starting untimed measurement, maximum 500000 samples at 1000ms with 0 rampup samples'
ptd-server 2022-02-19 00:34:50,250 [INFO] Sending reply to client 'OK'
ptd-server 2022-02-19 00:45:29,406 [INFO] Got command from the client 'session,2022-02-19_00-23-20,stop,testing'
ptd-server 2022-02-19 00:45:39,417 [INFO] Sending to ptd: 'Stop'
ptd-server 2022-02-19 00:45:39,417 [INFO] Reply from ptd: 'Stopping untimed measurement'
ptd-server 2022-02-19 00:45:39,576 [INFO] Sending reply to client 'OK'
ptd-server 2022-02-19 00:45:39,612 [INFO] Got command from the client 'session,2022-02-19_00-23-20,done'
ptd-server 2022-02-19 00:45:39,612 [INFO] Sending to ptd: 'Stop'
ptd-server 2022-02-19 00:45:40,250 [INFO] Reply from ptd: 'Error: no measurement to stop'
ptd-server 2022-02-19 00:45:40,250 [INFO] Sending to ptd: 'SR,V,300.000000'
ptd-server 2022-02-19 00:45:41,752 [INFO] Reply from ptd: 'Range V changed'
ptd-server 2022-02-19 00:45:41,752 [INFO] Sending to ptd: 'SR,A,0.500000'
ptd-server 2022-02-19 00:45:43,254 [INFO] Reply from ptd: 'Range A changed'
ptd-server 2022-02-19 00:45:43,254 [INFO] Set initial values for Amps 0.500000 and Volts 300.000000
ptd-server 2022-02-19 00:45:43,254 [INFO] Stopping ptd...
