ptd-server 2022-02-15 23:48:46,382 [INFO] Got command from the client 'time'
ptd-server 2022-02-15 23:48:46,382 [INFO] Sending reply to client '1644968926.3826694'
ptd-server 2022-02-15 23:48:46,385 [INFO] Got command from the client 'new,,7b3748b0-ddcf-4a38-99d6-9ac2773cc92d'
ptd-server 2022-02-15 23:48:46,385 [INFO] Sending reply to client 'OK 2022-02-15_23-48-46,73fe4c3e-8b70-401c-9ad6-7c4c03baf2ae'
ptd-server 2022-02-15 23:48:46,422 [INFO] Got command from the client 'time'
ptd-server 2022-02-15 23:48:46,422 [INFO] Sending reply to client '1644968926.4223278'
ptd-server 2022-02-15 23:48:46,424 [INFO] Got command from the client 'session,2022-02-15_23-48-46,start,ranging'
ptd-server 2022-02-15 23:48:46,424 [INFO] Running PTDaemon: ['/home/anton/projects/mlperf/power/inference_v1.0/ptd-linux-x86', '-l', '/tmp/tmpxvec0g6h/ptd_logfile.txt', '-p', '8888', '49', '/dev/usbtmc0']
ptd-server 2022-02-15 23:49:03,597 [INFO] Sending to ptd: 'Hello'
ptd-server 2022-02-15 23:49:03,598 [INFO] Reply from ptd: 'Hello, PTDaemon here!'
ptd-server 2022-02-15 23:49:03,598 [INFO] Sending to ptd: 'Identify'
ptd-server 2022-02-15 23:49:03,598 [INFO] Reply from ptd: 'YokogawaWT310E,1000,1,1,1,1,0,1,1,version=1.9.2-e8c7a49a-20201208,OS=Linux 5.13.0-27-generic #29~20.04.1-Ubuntu SMP Fri Jan 14 00:32:30 UTC 2022 x86_64,mode=power,1,1,1,0,0,no_cal_date,YOKOGAWA;WT310E;C3XA04010E;F1.04'
ptd-server 2022-02-15 23:49:03,598 [INFO] Connected to PTDaemon
ptd-server 2022-02-15 23:49:03,599 [INFO] Sending to ptd: 'RR'
ptd-server 2022-02-15 23:49:03,599 [INFO] Reply from ptd: 'Ranges,0,0.500000,0,300.000000'
ptd-server 2022-02-15 23:49:03,599 [INFO] Initial range for Amps is 0.500000 for Volts is 300.000000
ptd-server 2022-02-15 23:49:03,599 [INFO] Sending to ptd: 'SR,V,Auto'
ptd-server 2022-02-15 23:49:04,102 [INFO] Reply from ptd: 'Range V changed'
ptd-server 2022-02-15 23:49:04,102 [INFO] Sending to ptd: 'SR,A,Auto'
ptd-server 2022-02-15 23:49:04,604 [INFO] Reply from ptd: 'Range A changed'
ptd-server 2022-02-15 23:49:14,614 [INFO] Starting ranging mode
ptd-server 2022-02-15 23:49:14,615 [INFO] Sending to ptd: 'Go,1000,0,2022-02-15_23-48-46_ranging'
ptd-server 2022-02-15 23:49:14,615 [INFO] Reply from ptd: 'Starting untimed measurement, maximum 500000 samples at 1000ms with 0 rampup samples'
ptd-server 2022-02-15 23:49:14,615 [INFO] Sending reply to client 'OK'
ptd-server 2022-02-15 23:59:34,336 [INFO] Got command from the client 'session,2022-02-15_23-48-46,stop,ranging'
ptd-server 2022-02-15 23:59:44,347 [INFO] Sending to ptd: 'Stop'
ptd-server 2022-02-15 23:59:44,347 [INFO] Reply from ptd: 'Stopping untimed measurement'
ptd-server 2022-02-15 23:59:45,239 [INFO] Sending reply to client 'OK'
ptd-server 2022-02-15 23:59:45,301 [INFO] Got command from the client 'time'
ptd-server 2022-02-15 23:59:45,301 [INFO] Sending reply to client '1644969585.3013988'
ptd-server 2022-02-15 23:59:45,304 [INFO] Got command from the client 'session,2022-02-15_23-48-46,start,testing'
ptd-server 2022-02-15 23:59:45,304 [INFO] Sending to ptd: 'SR,V,251.740000'
ptd-server 2022-02-15 23:59:46,805 [INFO] Reply from ptd: 'Range V changed'
ptd-server 2022-02-15 23:59:46,805 [INFO] Sending to ptd: 'SR,A,0.174340'
ptd-server 2022-02-15 23:59:48,306 [INFO] Reply from ptd: 'Range A changed'
ptd-server 2022-02-15 23:59:58,317 [INFO] Starting testing mode
ptd-server 2022-02-15 23:59:58,317 [INFO] Sending to ptd: 'Go,1000,0,2022-02-15_23-48-46_testing'
ptd-server 2022-02-15 23:59:58,317 [INFO] Reply from ptd: 'Starting untimed measurement, maximum 500000 samples at 1000ms with 0 rampup samples'
ptd-server 2022-02-15 23:59:58,317 [INFO] Sending reply to client 'OK'
ptd-server 2022-02-16 00:10:18,021 [INFO] Got command from the client 'session,2022-02-15_23-48-46,stop,testing'
ptd-server 2022-02-16 00:10:28,031 [INFO] Sending to ptd: 'Stop'
ptd-server 2022-02-16 00:10:28,032 [INFO] Reply from ptd: 'Stopping untimed measurement'
ptd-server 2022-02-16 00:10:28,495 [INFO] Sending reply to client 'OK'
ptd-server 2022-02-16 00:10:28,514 [INFO] Got command from the client 'session,2022-02-15_23-48-46,done'
ptd-server 2022-02-16 00:10:28,514 [INFO] Sending to ptd: 'Stop'
ptd-server 2022-02-16 00:10:28,514 [INFO] Reply from ptd: 'Error: no measurement to stop'
ptd-server 2022-02-16 00:10:28,514 [INFO] Sending to ptd: 'SR,V,300.000000'
ptd-server 2022-02-16 00:10:30,016 [INFO] Reply from ptd: 'Range V changed'
ptd-server 2022-02-16 00:10:30,016 [INFO] Sending to ptd: 'SR,A,0.500000'
ptd-server 2022-02-16 00:10:31,517 [INFO] Reply from ptd: 'Range A changed'
ptd-server 2022-02-16 00:10:31,518 [INFO] Set initial values for Amps 0.500000 and Volts 300.000000
ptd-server 2022-02-16 00:10:31,518 [INFO] Stopping ptd...
