ptd-server 2022-02-20 06:16:36,348 [INFO] Got command from the client 'time'
ptd-server 2022-02-20 06:16:36,348 [INFO] Sending reply to client '1645359396.3482747'
ptd-server 2022-02-20 06:16:36,348 [INFO] Got command from the client 'new,,cea4518b-de64-4a46-9e7d-a6ca2562e30d'
ptd-server 2022-02-20 06:16:36,348 [INFO] Sending reply to client 'OK 2022-02-20_06-16-36,77400fb8-6156-419e-b6bc-d0b8e27e8862'
ptd-server 2022-02-20 06:16:36,436 [INFO] Got command from the client 'time'
ptd-server 2022-02-20 06:16:36,436 [INFO] Sending reply to client '1645359396.4363675'
ptd-server 2022-02-20 06:16:36,436 [INFO] Got command from the client 'session,2022-02-20_06-16-36,start,ranging'
ptd-server 2022-02-20 06:16:36,436 [INFO] Running PTDaemon: ['/local/mnt/workspace/mlcommons/power-main/inference_v1.0/ptd-linux-x86', '-l', '/tmp/tmp4zullp9k/ptd_logfile.txt', '-p', '8889', '49', '/dev/usbtmc0']
ptd-server 2022-02-20 06:16:53,471 [INFO] Sending to ptd: 'Hello'
ptd-server 2022-02-20 06:16:53,471 [INFO] Reply from ptd: 'Hello, PTDaemon here!'
ptd-server 2022-02-20 06:16:53,471 [INFO] Sending to ptd: 'Identify'
ptd-server 2022-02-20 06:16:53,471 [INFO] Reply from ptd: 'YokogawaWT310E,1000,1,1,1,1,0,1,1,version=1.9.2-e8c7a49a-20201208,OS=Linux 4.15.0-162-generic #170-Ubuntu SMP Mon Oct 18 11:38:05 UTC 2021 x86_64,mode=power,1,1,1,0,0,no_cal_date,YOKOGAWA;WT310E;C2XF16028V;F1.04'
ptd-server 2022-02-20 06:16:53,471 [INFO] Connected to PTDaemon
ptd-server 2022-02-20 06:16:53,471 [INFO] Sending to ptd: 'RR'
ptd-server 2022-02-20 06:16:53,471 [INFO] Reply from ptd: 'Ranges,1,5.000000,1,150.000000'
ptd-server 2022-02-20 06:16:53,472 [INFO] Initial range for Amps is Auto for Volts is Auto
ptd-server 2022-02-20 06:16:53,472 [INFO] Sending to ptd: 'SR,V,Auto'
ptd-server 2022-02-20 06:16:53,974 [INFO] Reply from ptd: 'Range V changed'
ptd-server 2022-02-20 06:16:53,974 [INFO] Sending to ptd: 'SR,A,Auto'
ptd-server 2022-02-20 06:16:54,476 [INFO] Reply from ptd: 'Range A changed'
ptd-server 2022-02-20 06:17:04,486 [INFO] Starting ranging mode
ptd-server 2022-02-20 06:17:04,486 [INFO] Sending to ptd: 'Go,1000,0,2022-02-20_06-16-36_ranging'
ptd-server 2022-02-20 06:17:04,486 [INFO] Reply from ptd: 'Starting untimed measurement, maximum 500000 samples at 1000ms with 0 rampup samples'
ptd-server 2022-02-20 06:17:04,486 [INFO] Sending reply to client 'OK'
ptd-server 2022-02-20 06:34:25,383 [INFO] Got command from the client 'session,2022-02-20_06-16-36,stop,ranging'
ptd-server 2022-02-20 06:34:35,393 [INFO] Sending to ptd: 'Stop'
ptd-server 2022-02-20 06:34:35,394 [INFO] Reply from ptd: 'Stopping untimed measurement'
ptd-server 2022-02-20 06:34:35,562 [INFO] Sending reply to client 'OK'
ptd-server 2022-02-20 06:34:35,658 [INFO] Got command from the client 'time'
ptd-server 2022-02-20 06:34:35,659 [INFO] Sending reply to client '1645360475.6590338'
ptd-server 2022-02-20 06:34:35,659 [INFO] Got command from the client 'session,2022-02-20_06-16-36,start,testing'
ptd-server 2022-02-20 06:34:35,659 [INFO] Sending to ptd: 'SR,V,121.200000'
ptd-server 2022-02-20 06:34:37,160 [INFO] Reply from ptd: 'Range V changed'
ptd-server 2022-02-20 06:34:37,160 [INFO] Sending to ptd: 'SR,A,3.127400'
ptd-server 2022-02-20 06:34:38,661 [INFO] Reply from ptd: 'Range A changed'
ptd-server 2022-02-20 06:34:48,671 [INFO] Starting testing mode
ptd-server 2022-02-20 06:34:48,671 [INFO] Sending to ptd: 'Go,1000,0,2022-02-20_06-16-36_testing'
ptd-server 2022-02-20 06:34:48,671 [INFO] Reply from ptd: 'Starting untimed measurement, maximum 500000 samples at 1000ms with 0 rampup samples'
ptd-server 2022-02-20 06:34:48,671 [INFO] Sending reply to client 'OK'
ptd-server 2022-02-20 06:52:12,129 [INFO] Got command from the client 'session,2022-02-20_06-16-36,stop,testing'
ptd-server 2022-02-20 06:52:22,139 [INFO] Sending to ptd: 'Stop'
ptd-server 2022-02-20 06:52:22,139 [INFO] Reply from ptd: 'Stopping untimed measurement'
ptd-server 2022-02-20 06:52:22,219 [INFO] Sending reply to client 'OK'
ptd-server 2022-02-20 06:52:22,225 [INFO] Got command from the client 'session,2022-02-20_06-16-36,done'
ptd-server 2022-02-20 06:52:22,225 [INFO] Sending to ptd: 'Stop'
ptd-server 2022-02-20 06:52:22,671 [INFO] Reply from ptd: 'Error: no measurement to stop'
ptd-server 2022-02-20 06:52:22,671 [INFO] Sending to ptd: 'SR,V,Auto'
ptd-server 2022-02-20 06:52:23,174 [INFO] Reply from ptd: 'Range V changed'
ptd-server 2022-02-20 06:52:23,174 [INFO] Sending to ptd: 'SR,A,Auto'
ptd-server 2022-02-20 06:52:23,676 [INFO] Reply from ptd: 'Range A changed'
ptd-server 2022-02-20 06:52:23,676 [INFO] Set initial values for Amps Auto and Volts Auto
ptd-server 2022-02-20 06:52:23,676 [INFO] Stopping ptd...
