ptd-server 2022-02-19 15:59:01,044 [INFO] Got command from the client 'time'
ptd-server 2022-02-19 15:59:01,044 [INFO] Sending reply to client '1645286341.0448105'
ptd-server 2022-02-19 15:59:01,046 [INFO] Got command from the client 'new,,a065002c-7fe4-4683-8863-2517cccf8f9e'
ptd-server 2022-02-19 15:59:01,046 [INFO] Sending reply to client 'OK 2022-02-19_15-59-01,9bab161c-3850-427d-a7c8-acd43ae6ba0f'
ptd-server 2022-02-19 15:59:01,073 [INFO] Got command from the client 'time'
ptd-server 2022-02-19 15:59:01,073 [INFO] Sending reply to client '1645286341.0738468'
ptd-server 2022-02-19 15:59:01,074 [INFO] Got command from the client 'session,2022-02-19_15-59-01,start,ranging'
ptd-server 2022-02-19 15:59:01,075 [INFO] Running PTDaemon: ['/home/anton/projects/mlperf/power/inference_v1.0/ptd-linux-x86', '-l', '/tmp/tmpgldyt7rr/ptd_logfile.txt', '-p', '8888', '49', '/dev/usbtmc0']
ptd-server 2022-02-19 15:59:18,240 [INFO] Sending to ptd: 'Hello'
ptd-server 2022-02-19 15:59:18,241 [INFO] Reply from ptd: 'Hello, PTDaemon here!'
ptd-server 2022-02-19 15:59:18,241 [INFO] Sending to ptd: 'Identify'
ptd-server 2022-02-19 15:59:18,241 [INFO] Reply from ptd: 'YokogawaWT310E,1000,1,1,1,1,0,1,1,version=1.9.2-e8c7a49a-20201208,OS=Linux 5.13.0-28-generic #31~20.04.1-Ubuntu SMP Wed Jan 19 14:08:10 UTC 2022 x86_64,mode=power,1,1,1,0,0,no_cal_date,YOKOGAWA;WT310E;C3XA04010E;F1.04'
ptd-server 2022-02-19 15:59:18,241 [INFO] Connected to PTDaemon
ptd-server 2022-02-19 15:59:18,241 [INFO] Sending to ptd: 'RR'
ptd-server 2022-02-19 15:59:18,242 [INFO] Reply from ptd: 'Ranges,0,0.500000,0,300.000000'
ptd-server 2022-02-19 15:59:18,242 [INFO] Initial range for Amps is 0.500000 for Volts is 300.000000
ptd-server 2022-02-19 15:59:18,242 [INFO] Sending to ptd: 'SR,V,Auto'
ptd-server 2022-02-19 15:59:18,744 [INFO] Reply from ptd: 'Range V changed'
ptd-server 2022-02-19 15:59:18,744 [INFO] Sending to ptd: 'SR,A,Auto'
ptd-server 2022-02-19 15:59:19,247 [INFO] Reply from ptd: 'Range A changed'
ptd-server 2022-02-19 15:59:29,254 [INFO] Starting ranging mode
ptd-server 2022-02-19 15:59:29,254 [INFO] Sending to ptd: 'Go,1000,0,2022-02-19_15-59-01_ranging'
ptd-server 2022-02-19 15:59:29,254 [INFO] Reply from ptd: 'Starting untimed measurement, maximum 500000 samples at 1000ms with 0 rampup samples'
ptd-server 2022-02-19 15:59:29,254 [INFO] Sending reply to client 'OK'
ptd-server 2022-02-19 16:09:51,044 [INFO] Got command from the client 'session,2022-02-19_15-59-01,stop,ranging'
ptd-server 2022-02-19 16:10:01,054 [INFO] Sending to ptd: 'Stop'
ptd-server 2022-02-19 16:10:01,055 [INFO] Reply from ptd: 'Stopping untimed measurement'
ptd-server 2022-02-19 16:10:01,428 [INFO] Sending reply to client 'OK'
ptd-server 2022-02-19 16:10:01,492 [INFO] Got command from the client 'time'
ptd-server 2022-02-19 16:10:01,492 [INFO] Sending reply to client '1645287001.492337'
ptd-server 2022-02-19 16:10:01,493 [INFO] Got command from the client 'session,2022-02-19_15-59-01,start,testing'
ptd-server 2022-02-19 16:10:01,494 [INFO] Sending to ptd: 'SR,V,247.760000'
ptd-server 2022-02-19 16:10:02,995 [INFO] Reply from ptd: 'Range V changed'
ptd-server 2022-02-19 16:10:02,995 [INFO] Sending to ptd: 'SR,A,0.059010'
ptd-server 2022-02-19 16:10:04,497 [INFO] Reply from ptd: 'Range A changed'
ptd-server 2022-02-19 16:10:14,507 [INFO] Starting testing mode
ptd-server 2022-02-19 16:10:14,507 [INFO] Sending to ptd: 'Go,1000,0,2022-02-19_15-59-01_testing'
ptd-server 2022-02-19 16:10:14,507 [INFO] Reply from ptd: 'Starting untimed measurement, maximum 500000 samples at 1000ms with 0 rampup samples'
ptd-server 2022-02-19 16:10:14,507 [INFO] Sending reply to client 'OK'
ptd-server 2022-02-19 16:20:36,614 [INFO] Got command from the client 'session,2022-02-19_15-59-01,stop,testing'
ptd-server 2022-02-19 16:20:46,624 [INFO] Sending to ptd: 'Stop'
ptd-server 2022-02-19 16:20:46,624 [INFO] Reply from ptd: 'Stopping untimed measurement'
ptd-server 2022-02-19 16:20:46,827 [INFO] Sending reply to client 'OK'
ptd-server 2022-02-19 16:20:46,850 [INFO] Got command from the client 'session,2022-02-19_15-59-01,done'
ptd-server 2022-02-19 16:20:46,850 [INFO] Sending to ptd: 'Stop'
ptd-server 2022-02-19 16:20:47,508 [INFO] Reply from ptd: 'Error: no measurement to stop'
ptd-server 2022-02-19 16:20:47,508 [INFO] Sending to ptd: 'SR,V,300.000000'
ptd-server 2022-02-19 16:20:49,010 [INFO] Reply from ptd: 'Range V changed'
ptd-server 2022-02-19 16:20:49,010 [INFO] Sending to ptd: 'SR,A,0.500000'
ptd-server 2022-02-19 16:20:50,511 [INFO] Reply from ptd: 'Range A changed'
ptd-server 2022-02-19 16:20:50,511 [INFO] Set initial values for Amps 0.500000 and Volts 300.000000
ptd-server 2022-02-19 16:20:50,511 [INFO] Stopping ptd...
