ptd-server 2022-02-19 10:48:31,619 [INFO] Got command from the client 'time'
ptd-server 2022-02-19 10:48:31,619 [INFO] Sending reply to client '1645267711.61988'
ptd-server 2022-02-19 10:48:31,621 [INFO] Got command from the client 'new,,85092f9c-a6cc-430d-8e30-3cff30d41479'
ptd-server 2022-02-19 10:48:31,621 [INFO] Sending reply to client 'OK 2022-02-19_10-48-31,5374bd7b-3c86-4ff1-b05e-5ac9a73bbe2d'
ptd-server 2022-02-19 10:48:31,650 [INFO] Got command from the client 'time'
ptd-server 2022-02-19 10:48:31,650 [INFO] Sending reply to client '1645267711.6504798'
ptd-server 2022-02-19 10:48:31,651 [INFO] Got command from the client 'session,2022-02-19_10-48-31,start,ranging'
ptd-server 2022-02-19 10:48:31,651 [INFO] Running PTDaemon: ['/home/anton/projects/mlperf/power/inference_v1.0/ptd-linux-x86', '-l', '/tmp/tmpgldyt7rr/ptd_logfile.txt', '-p', '8888', '49', '/dev/usbtmc0']
ptd-server 2022-02-19 10:48:48,825 [INFO] Sending to ptd: 'Hello'
ptd-server 2022-02-19 10:48:48,825 [INFO] Reply from ptd: 'Hello, PTDaemon here!'
ptd-server 2022-02-19 10:48:48,826 [INFO] Sending to ptd: 'Identify'
ptd-server 2022-02-19 10:48:48,826 [INFO] Reply from ptd: 'YokogawaWT310E,1000,1,1,1,1,0,1,1,version=1.9.2-e8c7a49a-20201208,OS=Linux 5.13.0-28-generic #31~20.04.1-Ubuntu SMP Wed Jan 19 14:08:10 UTC 2022 x86_64,mode=power,1,1,1,0,0,no_cal_date,YOKOGAWA;WT310E;C3XA04010E;F1.04'
ptd-server 2022-02-19 10:48:48,826 [INFO] Connected to PTDaemon
ptd-server 2022-02-19 10:48:48,826 [INFO] Sending to ptd: 'RR'
ptd-server 2022-02-19 10:48:48,826 [INFO] Reply from ptd: 'Ranges,0,0.500000,0,300.000000'
ptd-server 2022-02-19 10:48:48,827 [INFO] Initial range for Amps is 0.500000 for Volts is 300.000000
ptd-server 2022-02-19 10:48:48,827 [INFO] Sending to ptd: 'SR,V,Auto'
ptd-server 2022-02-19 10:48:49,329 [INFO] Reply from ptd: 'Range V changed'
ptd-server 2022-02-19 10:48:49,329 [INFO] Sending to ptd: 'SR,A,Auto'
ptd-server 2022-02-19 10:48:49,832 [INFO] Reply from ptd: 'Range A changed'
ptd-server 2022-02-19 10:48:59,842 [INFO] Starting ranging mode
ptd-server 2022-02-19 10:48:59,842 [INFO] Sending to ptd: 'Go,1000,0,2022-02-19_10-48-31_ranging'
ptd-server 2022-02-19 10:48:59,843 [INFO] Reply from ptd: 'Starting untimed measurement, maximum 500000 samples at 1000ms with 0 rampup samples'
ptd-server 2022-02-19 10:48:59,843 [INFO] Sending reply to client 'OK'
ptd-server 2022-02-19 10:59:24,459 [INFO] Got command from the client 'session,2022-02-19_10-48-31,stop,ranging'
ptd-server 2022-02-19 10:59:34,470 [INFO] Sending to ptd: 'Stop'
ptd-server 2022-02-19 10:59:34,470 [INFO] Reply from ptd: 'Stopping untimed measurement'
ptd-server 2022-02-19 10:59:34,812 [INFO] Sending reply to client 'OK'
ptd-server 2022-02-19 10:59:34,877 [INFO] Got command from the client 'time'
ptd-server 2022-02-19 10:59:34,877 [INFO] Sending reply to client '1645268374.8774667'
ptd-server 2022-02-19 10:59:34,879 [INFO] Got command from the client 'session,2022-02-19_10-48-31,start,testing'
ptd-server 2022-02-19 10:59:34,879 [INFO] Sending to ptd: 'SR,V,249.070000'
ptd-server 2022-02-19 10:59:36,380 [INFO] Reply from ptd: 'Range V changed'
ptd-server 2022-02-19 10:59:36,380 [INFO] Sending to ptd: 'SR,A,0.043480'
ptd-server 2022-02-19 10:59:37,882 [INFO] Reply from ptd: 'Range A changed'
ptd-server 2022-02-19 10:59:47,892 [INFO] Starting testing mode
ptd-server 2022-02-19 10:59:47,892 [INFO] Sending to ptd: 'Go,1000,0,2022-02-19_10-48-31_testing'
ptd-server 2022-02-19 10:59:47,893 [INFO] Reply from ptd: 'Starting untimed measurement, maximum 500000 samples at 1000ms with 0 rampup samples'
ptd-server 2022-02-19 10:59:47,893 [INFO] Sending reply to client 'OK'
ptd-server 2022-02-19 11:10:13,305 [INFO] Got command from the client 'session,2022-02-19_10-48-31,stop,testing'
ptd-server 2022-02-19 11:10:23,316 [INFO] Sending to ptd: 'Stop'
ptd-server 2022-02-19 11:10:23,316 [INFO] Reply from ptd: 'Stopping untimed measurement'
ptd-server 2022-02-19 11:10:23,505 [INFO] Sending reply to client 'OK'
ptd-server 2022-02-19 11:10:23,524 [INFO] Got command from the client 'session,2022-02-19_10-48-31,done'
ptd-server 2022-02-19 11:10:23,524 [INFO] Sending to ptd: 'Stop'
ptd-server 2022-02-19 11:10:23,894 [INFO] Reply from ptd: 'Error: no measurement to stop'
ptd-server 2022-02-19 11:10:23,894 [INFO] Sending to ptd: 'SR,V,300.000000'
ptd-server 2022-02-19 11:10:25,395 [INFO] Reply from ptd: 'Range V changed'
ptd-server 2022-02-19 11:10:25,396 [INFO] Sending to ptd: 'SR,A,0.500000'
ptd-server 2022-02-19 11:10:26,897 [INFO] Reply from ptd: 'Range A changed'
ptd-server 2022-02-19 11:10:26,897 [INFO] Set initial values for Amps 0.500000 and Volts 300.000000
ptd-server 2022-02-19 11:10:26,897 [INFO] Stopping ptd...
