ptd-server 2022-02-16 23:17:22,600 [INFO] Got command from the client 'time'
ptd-server 2022-02-16 23:17:22,600 [INFO] Sending reply to client '1645053442.6003087'
ptd-server 2022-02-16 23:17:22,601 [INFO] Got command from the client 'new,,cc86c776-d9c1-4ce3-aed6-9793d0501e84'
ptd-server 2022-02-16 23:17:22,602 [INFO] Sending reply to client 'OK 2022-02-16_23-17-22,9a51e233-d6cc-4ac3-aa69-5513fa94bf81'
ptd-server 2022-02-16 23:17:22,630 [INFO] Got command from the client 'time'
ptd-server 2022-02-16 23:17:22,630 [INFO] Sending reply to client '1645053442.6302743'
ptd-server 2022-02-16 23:17:22,631 [INFO] Got command from the client 'session,2022-02-16_23-17-22,start,ranging'
ptd-server 2022-02-16 23:17:22,631 [INFO] Running PTDaemon: ['/home/anton/projects/mlperf/power/inference_v1.0/ptd-linux-x86', '-l', '/tmp/tmpgldyt7rr/ptd_logfile.txt', '-p', '8888', '49', '/dev/usbtmc0']
ptd-server 2022-02-16 23:17:39,804 [INFO] Sending to ptd: 'Hello'
ptd-server 2022-02-16 23:17:39,804 [INFO] Reply from ptd: 'Hello, PTDaemon here!'
ptd-server 2022-02-16 23:17:39,805 [INFO] Sending to ptd: 'Identify'
ptd-server 2022-02-16 23:17:39,805 [INFO] Reply from ptd: 'YokogawaWT310E,1000,1,1,1,1,0,1,1,version=1.9.2-e8c7a49a-20201208,OS=Linux 5.13.0-28-generic #31~20.04.1-Ubuntu SMP Wed Jan 19 14:08:10 UTC 2022 x86_64,mode=power,1,1,1,0,0,no_cal_date,YOKOGAWA;WT310E;C3XA04010E;F1.04'
ptd-server 2022-02-16 23:17:39,805 [INFO] Connected to PTDaemon
ptd-server 2022-02-16 23:17:39,805 [INFO] Sending to ptd: 'RR'
ptd-server 2022-02-16 23:17:39,805 [INFO] Reply from ptd: 'Ranges,0,0.500000,0,300.000000'
ptd-server 2022-02-16 23:17:39,806 [INFO] Initial range for Amps is 0.500000 for Volts is 300.000000
ptd-server 2022-02-16 23:17:39,806 [INFO] Sending to ptd: 'SR,V,Auto'
ptd-server 2022-02-16 23:17:40,308 [INFO] Reply from ptd: 'Range V changed'
ptd-server 2022-02-16 23:17:40,308 [INFO] Sending to ptd: 'SR,A,Auto'
ptd-server 2022-02-16 23:17:40,811 [INFO] Reply from ptd: 'Range A changed'
ptd-server 2022-02-16 23:17:50,821 [INFO] Starting ranging mode
ptd-server 2022-02-16 23:17:50,821 [INFO] Sending to ptd: 'Go,1000,0,2022-02-16_23-17-22_ranging'
ptd-server 2022-02-16 23:17:50,822 [INFO] Reply from ptd: 'Starting untimed measurement, maximum 500000 samples at 1000ms with 0 rampup samples'
ptd-server 2022-02-16 23:17:50,822 [INFO] Sending reply to client 'OK'
ptd-server 2022-02-16 23:28:07,722 [INFO] Got command from the client 'session,2022-02-16_23-17-22,stop,ranging'
ptd-server 2022-02-16 23:28:17,732 [INFO] Sending to ptd: 'Stop'
ptd-server 2022-02-16 23:28:17,733 [INFO] Reply from ptd: 'Stopping untimed measurement'
ptd-server 2022-02-16 23:28:17,835 [INFO] Sending reply to client 'OK'
ptd-server 2022-02-16 23:28:17,893 [INFO] Got command from the client 'time'
ptd-server 2022-02-16 23:28:17,893 [INFO] Sending reply to client '1645054097.8932087'
ptd-server 2022-02-16 23:28:17,895 [INFO] Got command from the client 'session,2022-02-16_23-17-22,start,testing'
ptd-server 2022-02-16 23:28:17,895 [INFO] Sending to ptd: 'SR,V,249.600000'
ptd-server 2022-02-16 23:28:19,396 [INFO] Reply from ptd: 'Range V changed'
ptd-server 2022-02-16 23:28:19,396 [INFO] Sending to ptd: 'SR,A,0.046200'
ptd-server 2022-02-16 23:28:20,898 [INFO] Reply from ptd: 'Range A changed'
ptd-server 2022-02-16 23:28:30,908 [INFO] Starting testing mode
ptd-server 2022-02-16 23:28:30,908 [INFO] Sending to ptd: 'Go,1000,0,2022-02-16_23-17-22_testing'
ptd-server 2022-02-16 23:28:30,908 [INFO] Reply from ptd: 'Starting untimed measurement, maximum 500000 samples at 1000ms with 0 rampup samples'
ptd-server 2022-02-16 23:28:30,909 [INFO] Sending reply to client 'OK'
ptd-server 2022-02-16 23:38:48,495 [INFO] Got command from the client 'session,2022-02-16_23-17-22,stop,testing'
ptd-server 2022-02-16 23:38:58,504 [INFO] Sending to ptd: 'Stop'
ptd-server 2022-02-16 23:38:58,504 [INFO] Reply from ptd: 'Stopping untimed measurement'
ptd-server 2022-02-16 23:38:58,553 [INFO] Sending reply to client 'OK'
ptd-server 2022-02-16 23:38:58,575 [INFO] Got command from the client 'session,2022-02-16_23-17-22,done'
ptd-server 2022-02-16 23:38:58,576 [INFO] Sending to ptd: 'Stop'
ptd-server 2022-02-16 23:38:58,908 [INFO] Reply from ptd: 'Error: no measurement to stop'
ptd-server 2022-02-16 23:38:58,908 [INFO] Sending to ptd: 'SR,V,300.000000'
ptd-server 2022-02-16 23:39:00,410 [INFO] Reply from ptd: 'Range V changed'
ptd-server 2022-02-16 23:39:00,410 [INFO] Sending to ptd: 'SR,A,0.500000'
ptd-server 2022-02-16 23:39:01,911 [INFO] Reply from ptd: 'Range A changed'
ptd-server 2022-02-16 23:39:01,912 [INFO] Set initial values for Amps 0.500000 and Volts 300.000000
ptd-server 2022-02-16 23:39:01,912 [INFO] Stopping ptd...
