ptd-server 2022-02-19 01:52:43,065 [INFO] Got command from the client 'time'
ptd-server 2022-02-19 01:52:43,066 [INFO] Sending reply to client '1645235563.066042'
ptd-server 2022-02-19 01:52:43,067 [INFO] Got command from the client 'new,,61fe26f0-c826-412f-92ec-1eba3ef84db0'
ptd-server 2022-02-19 01:52:43,068 [INFO] Sending reply to client 'OK 2022-02-19_01-52-43,c34dc81f-e7b1-40cc-abab-24eb6c482b64'
ptd-server 2022-02-19 01:52:43,106 [INFO] Got command from the client 'time'
ptd-server 2022-02-19 01:52:43,106 [INFO] Sending reply to client '1645235563.1064577'
ptd-server 2022-02-19 01:52:43,108 [INFO] Got command from the client 'session,2022-02-19_01-52-43,start,ranging'
ptd-server 2022-02-19 01:52:43,108 [INFO] Running PTDaemon: ['/home/anton/projects/mlperf/power/inference_v1.0/ptd-linux-x86', '-l', '/tmp/tmpgldyt7rr/ptd_logfile.txt', '-p', '8888', '49', '/dev/usbtmc0']
ptd-server 2022-02-19 01:53:00,282 [INFO] Sending to ptd: 'Hello'
ptd-server 2022-02-19 01:53:00,282 [INFO] Reply from ptd: 'Hello, PTDaemon here!'
ptd-server 2022-02-19 01:53:00,283 [INFO] Sending to ptd: 'Identify'
ptd-server 2022-02-19 01:53:00,283 [INFO] Reply from ptd: 'YokogawaWT310E,1000,1,1,1,1,0,1,1,version=1.9.2-e8c7a49a-20201208,OS=Linux 5.13.0-28-generic #31~20.04.1-Ubuntu SMP Wed Jan 19 14:08:10 UTC 2022 x86_64,mode=power,1,1,1,0,0,no_cal_date,YOKOGAWA;WT310E;C3XA04010E;F1.04'
ptd-server 2022-02-19 01:53:00,283 [INFO] Connected to PTDaemon
ptd-server 2022-02-19 01:53:00,283 [INFO] Sending to ptd: 'RR'
ptd-server 2022-02-19 01:53:00,284 [INFO] Reply from ptd: 'Ranges,0,0.500000,0,300.000000'
ptd-server 2022-02-19 01:53:00,284 [INFO] Initial range for Amps is 0.500000 for Volts is 300.000000
ptd-server 2022-02-19 01:53:00,284 [INFO] Sending to ptd: 'SR,V,Auto'
ptd-server 2022-02-19 01:53:00,786 [INFO] Reply from ptd: 'Range V changed'
ptd-server 2022-02-19 01:53:00,787 [INFO] Sending to ptd: 'SR,A,Auto'
ptd-server 2022-02-19 01:53:01,289 [INFO] Reply from ptd: 'Range A changed'
ptd-server 2022-02-19 01:53:11,299 [INFO] Starting ranging mode
ptd-server 2022-02-19 01:53:11,299 [INFO] Sending to ptd: 'Go,1000,0,2022-02-19_01-52-43_ranging'
ptd-server 2022-02-19 01:53:11,300 [INFO] Reply from ptd: 'Starting untimed measurement, maximum 500000 samples at 1000ms with 0 rampup samples'
ptd-server 2022-02-19 01:53:11,300 [INFO] Sending reply to client 'OK'
ptd-server 2022-02-19 02:03:50,047 [INFO] Got command from the client 'session,2022-02-19_01-52-43,stop,ranging'
ptd-server 2022-02-19 02:04:00,058 [INFO] Sending to ptd: 'Stop'
ptd-server 2022-02-19 02:04:00,058 [INFO] Reply from ptd: 'Stopping untimed measurement'
ptd-server 2022-02-19 02:04:00,355 [INFO] Sending reply to client 'OK'
ptd-server 2022-02-19 02:04:00,435 [INFO] Got command from the client 'time'
ptd-server 2022-02-19 02:04:00,436 [INFO] Sending reply to client '1645236240.4360688'
ptd-server 2022-02-19 02:04:00,440 [INFO] Got command from the client 'session,2022-02-19_01-52-43,start,testing'
ptd-server 2022-02-19 02:04:00,440 [INFO] Sending to ptd: 'SR,V,250.370000'
ptd-server 2022-02-19 02:04:01,941 [INFO] Reply from ptd: 'Range V changed'
ptd-server 2022-02-19 02:04:01,942 [INFO] Sending to ptd: 'SR,A,0.041070'
ptd-server 2022-02-19 02:04:03,443 [INFO] Reply from ptd: 'Range A changed'
ptd-server 2022-02-19 02:04:13,453 [INFO] Starting testing mode
ptd-server 2022-02-19 02:04:13,453 [INFO] Sending to ptd: 'Go,1000,0,2022-02-19_01-52-43_testing'
ptd-server 2022-02-19 02:04:13,454 [INFO] Reply from ptd: 'Starting untimed measurement, maximum 500000 samples at 1000ms with 0 rampup samples'
ptd-server 2022-02-19 02:04:13,454 [INFO] Sending reply to client 'OK'
ptd-server 2022-02-19 02:14:53,344 [INFO] Got command from the client 'session,2022-02-19_01-52-43,stop,testing'
ptd-server 2022-02-19 02:15:03,354 [INFO] Sending to ptd: 'Stop'
ptd-server 2022-02-19 02:15:03,355 [INFO] Reply from ptd: 'Stopping untimed measurement'
ptd-server 2022-02-19 02:15:03,517 [INFO] Sending reply to client 'OK'
ptd-server 2022-02-19 02:15:03,554 [INFO] Got command from the client 'session,2022-02-19_01-52-43,done'
ptd-server 2022-02-19 02:15:03,554 [INFO] Sending to ptd: 'Stop'
ptd-server 2022-02-19 02:15:03,554 [INFO] Reply from ptd: 'Error: no measurement to stop'
ptd-server 2022-02-19 02:15:03,554 [INFO] Sending to ptd: 'SR,V,300.000000'
ptd-server 2022-02-19 02:15:05,055 [INFO] Reply from ptd: 'Range V changed'
ptd-server 2022-02-19 02:15:05,056 [INFO] Sending to ptd: 'SR,A,0.500000'
ptd-server 2022-02-19 02:15:06,557 [INFO] Reply from ptd: 'Range A changed'
ptd-server 2022-02-19 02:15:06,557 [INFO] Set initial values for Amps 0.500000 and Volts 300.000000
ptd-server 2022-02-19 02:15:06,557 [INFO] Stopping ptd...
