ptd-server 2022-02-24 20:34:33,579 [INFO] Got command from the client 'time'
ptd-server 2022-02-24 20:34:33,579 [INFO] Sending reply to client '1645734873.5794523'
ptd-server 2022-02-24 20:34:33,581 [INFO] Got command from the client 'new,,39e539d0-9d1c-462b-9c42-7579ba7574b9'
ptd-server 2022-02-24 20:34:33,581 [INFO] Sending reply to client 'OK 2022-02-24_20-34-33,89fcf2f0-02ed-4aeb-be21-e3fae4f1a952'
ptd-server 2022-02-24 20:34:33,619 [INFO] Got command from the client 'time'
ptd-server 2022-02-24 20:34:33,619 [INFO] Sending reply to client '1645734873.619141'
ptd-server 2022-02-24 20:34:33,620 [INFO] Got command from the client 'session,2022-02-24_20-34-33,start,ranging'
ptd-server 2022-02-24 20:34:33,621 [INFO] Running PTDaemon: ['/home/anton/projects/mlperf/power/inference_v1.0/ptd-linux-x86', '-l', '/tmp/tmp0_fn53vp/ptd_logfile.txt', '-p', '8888', '49', '/dev/usbtmc0']
ptd-server 2022-02-24 20:34:50,786 [INFO] Sending to ptd: 'Hello'
ptd-server 2022-02-24 20:34:50,786 [INFO] Reply from ptd: 'Hello, PTDaemon here!'
ptd-server 2022-02-24 20:34:50,786 [INFO] Sending to ptd: 'Identify'
ptd-server 2022-02-24 20:34:50,787 [INFO] Reply from ptd: 'YokogawaWT310E,1000,1,1,1,1,0,1,1,version=1.9.2-e8c7a49a-20201208,OS=Linux 5.13.0-30-generic #33~20.04.1-Ubuntu SMP Mon Feb 7 14:25:10 UTC 2022 x86_64,mode=power,1,1,1,0,0,no_cal_date,YOKOGAWA;WT310E;C3XA04010E;F1.04'
ptd-server 2022-02-24 20:34:50,787 [INFO] Connected to PTDaemon
ptd-server 2022-02-24 20:34:50,787 [INFO] Sending to ptd: 'RR'
ptd-server 2022-02-24 20:34:50,787 [INFO] Reply from ptd: 'Ranges,0,0.500000,1,300.000000'
ptd-server 2022-02-24 20:34:50,787 [INFO] Initial range for Amps is 0.500000 for Volts is Auto
ptd-server 2022-02-24 20:34:50,787 [INFO] Sending to ptd: 'SR,V,Auto'
ptd-server 2022-02-24 20:34:51,290 [INFO] Reply from ptd: 'Range V changed'
ptd-server 2022-02-24 20:34:51,290 [INFO] Sending to ptd: 'SR,A,Auto'
ptd-server 2022-02-24 20:34:51,792 [INFO] Reply from ptd: 'Range A changed'
ptd-server 2022-02-24 20:35:01,803 [INFO] Starting ranging mode
ptd-server 2022-02-24 20:35:01,803 [INFO] Sending to ptd: 'Go,1000,0,2022-02-24_20-34-33_ranging'
ptd-server 2022-02-24 20:35:01,803 [INFO] Reply from ptd: 'Starting untimed measurement, maximum 500000 samples at 1000ms with 0 rampup samples'
ptd-server 2022-02-24 20:35:01,803 [INFO] Sending reply to client 'OK'
ptd-server 2022-02-24 20:45:24,687 [INFO] Got command from the client 'session,2022-02-24_20-34-33,stop,ranging'
ptd-server 2022-02-24 20:45:34,697 [INFO] Sending to ptd: 'Stop'
ptd-server 2022-02-24 20:45:34,697 [INFO] Reply from ptd: 'Stopping untimed measurement'
ptd-server 2022-02-24 20:45:34,858 [INFO] Sending reply to client 'OK'
ptd-server 2022-02-24 20:45:34,917 [INFO] Got command from the client 'time'
ptd-server 2022-02-24 20:45:34,917 [INFO] Sending reply to client '1645735534.9171264'
ptd-server 2022-02-24 20:45:34,919 [INFO] Got command from the client 'session,2022-02-24_20-34-33,start,testing'
ptd-server 2022-02-24 20:45:34,919 [INFO] Sending to ptd: 'SR,V,250.520000'
ptd-server 2022-02-24 20:45:36,420 [INFO] Reply from ptd: 'Range V changed'
ptd-server 2022-02-24 20:45:36,420 [INFO] Sending to ptd: 'SR,A,0.045340'
ptd-server 2022-02-24 20:45:37,922 [INFO] Reply from ptd: 'Range A changed'
ptd-server 2022-02-24 20:45:47,932 [INFO] Starting testing mode
ptd-server 2022-02-24 20:45:47,932 [INFO] Sending to ptd: 'Go,1000,0,2022-02-24_20-34-33_testing'
ptd-server 2022-02-24 20:45:47,932 [INFO] Reply from ptd: 'Starting untimed measurement, maximum 500000 samples at 1000ms with 0 rampup samples'
ptd-server 2022-02-24 20:45:47,932 [INFO] Sending reply to client 'OK'
ptd-server 2022-02-24 20:56:10,761 [INFO] Got command from the client 'session,2022-02-24_20-34-33,stop,testing'
ptd-server 2022-02-24 20:56:20,771 [INFO] Sending to ptd: 'Stop'
ptd-server 2022-02-24 20:56:20,772 [INFO] Reply from ptd: 'Stopping untimed measurement'
ptd-server 2022-02-24 20:56:20,857 [INFO] Sending reply to client 'OK'
ptd-server 2022-02-24 20:56:20,876 [INFO] Got command from the client 'session,2022-02-24_20-34-33,done'
ptd-server 2022-02-24 20:56:20,877 [INFO] Sending to ptd: 'Stop'
ptd-server 2022-02-24 20:56:20,932 [INFO] Reply from ptd: 'Error: no measurement to stop'
ptd-server 2022-02-24 20:56:20,932 [INFO] Sending to ptd: 'SR,V,Auto'
ptd-server 2022-02-24 20:56:21,435 [INFO] Reply from ptd: 'Range V changed'
ptd-server 2022-02-24 20:56:21,435 [INFO] Sending to ptd: 'SR,A,0.500000'
ptd-server 2022-02-24 20:56:22,936 [INFO] Reply from ptd: 'Range A changed'
ptd-server 2022-02-24 20:56:22,937 [INFO] Set initial values for Amps 0.500000 and Volts Auto
ptd-server 2022-02-24 20:56:22,937 [INFO] Stopping ptd...
