ptd-server 2022-02-16 08:09:58,186 [INFO] Got command from the client 'time'
ptd-server 2022-02-16 08:09:58,186 [INFO] Sending reply to client '1644998998.1865652'
ptd-server 2022-02-16 08:09:58,188 [INFO] Got command from the client 'new,,dd16a7b4-f6fb-4dba-bbdd-af3ffe43c39c'
ptd-server 2022-02-16 08:09:58,188 [INFO] Sending reply to client 'OK 2022-02-16_08-09-58,47b5f4c3-fab4-4d8f-aea5-0b7460687540'
ptd-server 2022-02-16 08:09:58,218 [INFO] Got command from the client 'time'
ptd-server 2022-02-16 08:09:58,218 [INFO] Sending reply to client '1644998998.2187319'
ptd-server 2022-02-16 08:09:58,220 [INFO] Got command from the client 'session,2022-02-16_08-09-58,start,ranging'
ptd-server 2022-02-16 08:09:58,220 [INFO] Running PTDaemon: ['/home/anton/projects/mlperf/power/inference_v1.0/ptd-linux-x86', '-l', '/tmp/tmpgldyt7rr/ptd_logfile.txt', '-p', '8888', '49', '/dev/usbtmc0']
ptd-server 2022-02-16 08:10:15,394 [INFO] Sending to ptd: 'Hello'
ptd-server 2022-02-16 08:10:15,395 [INFO] Reply from ptd: 'Hello, PTDaemon here!'
ptd-server 2022-02-16 08:10:15,395 [INFO] Sending to ptd: 'Identify'
ptd-server 2022-02-16 08:10:15,395 [INFO] Reply from ptd: 'YokogawaWT310E,1000,1,1,1,1,0,1,1,version=1.9.2-e8c7a49a-20201208,OS=Linux 5.13.0-28-generic #31~20.04.1-Ubuntu SMP Wed Jan 19 14:08:10 UTC 2022 x86_64,mode=power,1,1,1,0,0,no_cal_date,YOKOGAWA;WT310E;C3XA04010E;F1.04'
ptd-server 2022-02-16 08:10:15,395 [INFO] Connected to PTDaemon
ptd-server 2022-02-16 08:10:15,395 [INFO] Sending to ptd: 'RR'
ptd-server 2022-02-16 08:10:15,396 [INFO] Reply from ptd: 'Ranges,0,0.500000,0,300.000000'
ptd-server 2022-02-16 08:10:15,396 [INFO] Initial range for Amps is 0.500000 for Volts is 300.000000
ptd-server 2022-02-16 08:10:15,396 [INFO] Sending to ptd: 'SR,V,Auto'
ptd-server 2022-02-16 08:10:15,899 [INFO] Reply from ptd: 'Range V changed'
ptd-server 2022-02-16 08:10:15,899 [INFO] Sending to ptd: 'SR,A,Auto'
ptd-server 2022-02-16 08:10:16,401 [INFO] Reply from ptd: 'Range A changed'
ptd-server 2022-02-16 08:10:26,411 [INFO] Starting ranging mode
ptd-server 2022-02-16 08:10:26,412 [INFO] Sending to ptd: 'Go,1000,0,2022-02-16_08-09-58_ranging'
ptd-server 2022-02-16 08:10:26,412 [INFO] Reply from ptd: 'Starting untimed measurement, maximum 500000 samples at 1000ms with 0 rampup samples'
ptd-server 2022-02-16 08:10:26,412 [INFO] Sending reply to client 'OK'
ptd-server 2022-02-16 08:20:46,743 [INFO] Got command from the client 'session,2022-02-16_08-09-58,stop,ranging'
ptd-server 2022-02-16 08:20:56,754 [INFO] Sending to ptd: 'Stop'
ptd-server 2022-02-16 08:20:56,754 [INFO] Reply from ptd: 'Stopping untimed measurement'
ptd-server 2022-02-16 08:20:56,767 [INFO] Sending reply to client 'OK'
ptd-server 2022-02-16 08:20:56,821 [INFO] Got command from the client 'time'
ptd-server 2022-02-16 08:20:56,822 [INFO] Sending reply to client '1644999656.821974'
ptd-server 2022-02-16 08:20:56,824 [INFO] Got command from the client 'session,2022-02-16_08-09-58,start,testing'
ptd-server 2022-02-16 08:20:56,824 [INFO] Sending to ptd: 'SR,V,247.920000'
ptd-server 2022-02-16 08:20:58,914 [INFO] Reply from ptd: 'Range V changed'
ptd-server 2022-02-16 08:20:58,914 [INFO] Sending to ptd: 'SR,A,0.196050'
ptd-server 2022-02-16 08:21:00,415 [INFO] Reply from ptd: 'Range A changed'
ptd-server 2022-02-16 08:21:10,425 [INFO] Starting testing mode
ptd-server 2022-02-16 08:21:10,426 [INFO] Sending to ptd: 'Go,1000,0,2022-02-16_08-09-58_testing'
ptd-server 2022-02-16 08:21:10,426 [INFO] Reply from ptd: 'Starting untimed measurement, maximum 500000 samples at 1000ms with 0 rampup samples'
ptd-server 2022-02-16 08:21:10,426 [INFO] Sending reply to client 'OK'
ptd-server 2022-02-16 08:31:30,569 [INFO] Got command from the client 'session,2022-02-16_08-09-58,stop,testing'
ptd-server 2022-02-16 08:31:40,579 [INFO] Sending to ptd: 'Stop'
ptd-server 2022-02-16 08:31:40,580 [INFO] Reply from ptd: 'Stopping untimed measurement'
ptd-server 2022-02-16 08:31:40,583 [INFO] Sending reply to client 'OK'
ptd-server 2022-02-16 08:31:40,602 [INFO] Got command from the client 'session,2022-02-16_08-09-58,done'
ptd-server 2022-02-16 08:31:40,602 [INFO] Sending to ptd: 'Stop'
ptd-server 2022-02-16 08:31:41,426 [INFO] Reply from ptd: 'Error: no measurement to stop'
ptd-server 2022-02-16 08:31:41,427 [INFO] Sending to ptd: 'SR,V,300.000000'
ptd-server 2022-02-16 08:31:42,928 [INFO] Reply from ptd: 'Range V changed'
ptd-server 2022-02-16 08:31:42,928 [INFO] Sending to ptd: 'SR,A,0.500000'
ptd-server 2022-02-16 08:31:44,430 [INFO] Reply from ptd: 'Range A changed'
ptd-server 2022-02-16 08:31:44,430 [INFO] Set initial values for Amps 0.500000 and Volts 300.000000
ptd-server 2022-02-16 08:31:44,430 [INFO] Stopping ptd...
