ptd-server 2022-02-24 04:34:13,618 [INFO] Got command from the client 'stop'
ptd-server 2022-02-24 04:34:13,618 [INFO] The server will be stopped after processing this client
ptd-server 2022-02-24 04:34:13,618 [INFO] Sending reply to client 'OK'
ptd-server 2022-02-24 04:34:13,821 [INFO] Got command from the client 'time'
ptd-server 2022-02-24 04:34:13,821 [INFO] Sending reply to client '1645706053.8217292'
ptd-server 2022-02-24 04:34:13,821 [INFO] Got command from the client 'new,,8e1bce06-e7f6-45f4-af65-de44ae3efd8d'
ptd-server 2022-02-24 04:34:13,821 [INFO] Sending reply to client 'OK 2022-02-24_04-34-13,9ddd1256-f76d-43ed-af5a-bf547f5c4431'
ptd-server 2022-02-24 04:34:14,040 [INFO] Got command from the client 'time'
ptd-server 2022-02-24 04:34:14,040 [INFO] Sending reply to client '1645706054.0404272'
ptd-server 2022-02-24 04:34:14,040 [INFO] Got command from the client 'session,2022-02-24_04-34-13,start,ranging'
ptd-server 2022-02-24 04:34:14,149 [INFO] Running PTDaemon: ['C:\\PTD\\ptd-windows-x86.exe', '-l', 'C:\\Users\\lab\\AppData\\Local\\Temp\\tmpg5gygbz2\\ptd_logfile.txt', '-p', '8888', '-c', '1,2', '-y', '77', '10.34.224.245']
ptd-server 2022-02-24 04:34:32,582 [INFO] Sending to ptd: 'Hello'
ptd-server 2022-02-24 04:34:32,582 [INFO] Reply from ptd: 'Hello, PTDaemon here!'
ptd-server 2022-02-24 04:34:32,582 [INFO] Sending to ptd: 'Identify'
ptd-server 2022-02-24 04:34:32,582 [INFO] Reply from ptd: 'YokogawaWT330_multichannel,1000,1,1,1,1,0,0,1,version=1.9.2-3976349f-20201208,OS=Windows 8 / Server 2012,mode=power,1,1,2,0,0,no_cal_date,YOKOGAWA;WT333E;C2XL24038V;F1.04'
ptd-server 2022-02-24 04:34:32,582 [INFO] Connected to PTDaemon
ptd-server 2022-02-24 04:34:32,582 [INFO] Sending to ptd: 'RR'
ptd-server 2022-02-24 04:34:32,582 [INFO] Reply from ptd: 'Ranges,-1,-1.000000,-1,-1.000000'
ptd-server 2022-02-24 04:34:32,582 [INFO] Initial range for Amps is Auto for Volts is Auto
ptd-server 2022-02-24 04:34:32,582 [INFO] Sending to ptd: 'SR,V,Auto'
ptd-server 2022-02-24 04:34:37,659 [INFO] Reply from ptd: 'Range V changed'
ptd-server 2022-02-24 04:34:37,691 [INFO] Sending to ptd: 'SR,A,Auto'
ptd-server 2022-02-24 04:34:42,767 [INFO] Reply from ptd: 'Range A changed'
ptd-server 2022-02-24 04:34:52,781 [INFO] Starting ranging mode
ptd-server 2022-02-24 04:34:52,781 [INFO] Sending to ptd: 'Go,1000,0,2022-02-24_04-34-13_ranging'
ptd-server 2022-02-24 04:34:52,781 [INFO] Reply from ptd: 'Starting untimed measurement, maximum 500000 samples at 1000ms with 0 rampup samples'
ptd-server 2022-02-24 04:34:52,781 [INFO] Sending reply to client 'OK'
ptd-server 2022-02-24 05:04:56,256 [INFO] Got command from the client 'session,2022-02-24_04-34-13,stop,ranging'
ptd-server 2022-02-24 05:05:06,269 [INFO] Sending to ptd: 'Stop'
ptd-server 2022-02-24 05:05:06,269 [INFO] Reply from ptd: 'Stopping untimed measurement'
ptd-server 2022-02-24 05:05:06,331 [INFO] Sending reply to client 'OK'
ptd-server 2022-02-24 05:05:06,612 [INFO] Got command from the client 'time'
ptd-server 2022-02-24 05:05:06,612 [INFO] Sending reply to client '1645707906.6128986'
ptd-server 2022-02-24 05:05:06,612 [INFO] Got command from the client 'session,2022-02-24_04-34-13,start,testing'
ptd-server 2022-02-24 05:05:06,612 [INFO] Sending to ptd: 'SR,V,208.440000'
ptd-server 2022-02-24 05:05:12,877 [INFO] Reply from ptd: 'Range V changed'
ptd-server 2022-02-24 05:05:12,877 [INFO] Sending to ptd: 'SR,A,6.969000'
ptd-server 2022-02-24 05:05:18,469 [INFO] Reply from ptd: 'Range A changed'
ptd-server 2022-02-24 05:05:28,482 [INFO] Starting testing mode
ptd-server 2022-02-24 05:05:28,482 [INFO] Sending to ptd: 'Go,1000,0,2022-02-24_04-34-13_testing'
ptd-server 2022-02-24 05:05:28,482 [INFO] Reply from ptd: 'Starting untimed measurement, maximum 500000 samples at 1000ms with 0 rampup samples'
ptd-server 2022-02-24 05:05:28,482 [INFO] Sending reply to client 'OK'
ptd-server 2022-02-24 05:35:27,316 [INFO] Got command from the client 'session,2022-02-24_04-34-13,stop,testing'
ptd-server 2022-02-24 05:35:37,329 [INFO] Sending to ptd: 'Stop'
ptd-server 2022-02-24 05:35:37,329 [INFO] Reply from ptd: 'Stopping untimed measurement'
ptd-server 2022-02-24 05:35:37,361 [INFO] Sending reply to client 'OK'
ptd-server 2022-02-24 05:35:37,486 [INFO] Got command from the client 'session,2022-02-24_04-34-13,done'
ptd-server 2022-02-24 05:35:37,486 [INFO] Sending to ptd: 'Stop'
ptd-server 2022-02-24 05:35:37,486 [INFO] Reply from ptd: 'Error: no measurement to stop'
ptd-server 2022-02-24 05:35:37,486 [INFO] Sending to ptd: 'SR,V,Auto'
ptd-server 2022-02-24 05:35:42,562 [INFO] Reply from ptd: 'Range V changed'
ptd-server 2022-02-24 05:35:42,562 [INFO] Sending to ptd: 'SR,A,Auto'
ptd-server 2022-02-24 05:35:47,639 [INFO] Reply from ptd: 'Range A changed'
ptd-server 2022-02-24 05:35:47,639 [INFO] Set initial values for Amps Auto and Volts Auto
ptd-server 2022-02-24 05:35:47,639 [INFO] Stopping ptd...
