ptd-server 2022-02-20 08:39:50,364 [INFO] Got command from the client 'time'
ptd-server 2022-02-20 08:39:50,364 [INFO] Sending reply to client '1645346390.364675'
ptd-server 2022-02-20 08:39:50,366 [INFO] Got command from the client 'new,,38009232-5c79-473f-9b7c-a5cfe765d1e9'
ptd-server 2022-02-20 08:39:50,367 [INFO] Sending reply to client 'OK 2022-02-20_08-39-50,bc4bafb6-de7f-4649-910a-303084aebc83'
ptd-server 2022-02-20 08:39:50,404 [INFO] Got command from the client 'time'
ptd-server 2022-02-20 08:39:50,405 [INFO] Sending reply to client '1645346390.4051101'
ptd-server 2022-02-20 08:39:50,406 [INFO] Got command from the client 'session,2022-02-20_08-39-50,start,ranging'
ptd-server 2022-02-20 08:39:50,406 [INFO] Running PTDaemon: ['/home/anton/projects/mlperf/power/inference_v1.0/ptd-linux-x86', '-l', '/tmp/tmpgldyt7rr/ptd_logfile.txt', '-p', '8888', '49', '/dev/usbtmc0']
ptd-server 2022-02-20 08:40:07,580 [INFO] Sending to ptd: 'Hello'
ptd-server 2022-02-20 08:40:07,581 [INFO] Reply from ptd: 'Hello, PTDaemon here!'
ptd-server 2022-02-20 08:40:07,581 [INFO] Sending to ptd: 'Identify'
ptd-server 2022-02-20 08:40:07,581 [INFO] Reply from ptd: 'YokogawaWT310E,1000,1,1,1,1,0,1,1,version=1.9.2-e8c7a49a-20201208,OS=Linux 5.13.0-28-generic #31~20.04.1-Ubuntu SMP Wed Jan 19 14:08:10 UTC 2022 x86_64,mode=power,1,1,1,0,0,no_cal_date,YOKOGAWA;WT310E;C3XA04010E;F1.04'
ptd-server 2022-02-20 08:40:07,581 [INFO] Connected to PTDaemon
ptd-server 2022-02-20 08:40:07,581 [INFO] Sending to ptd: 'RR'
ptd-server 2022-02-20 08:40:07,582 [INFO] Reply from ptd: 'Ranges,0,0.500000,0,300.000000'
ptd-server 2022-02-20 08:40:07,582 [INFO] Initial range for Amps is 0.500000 for Volts is 300.000000
ptd-server 2022-02-20 08:40:07,582 [INFO] Sending to ptd: 'SR,V,Auto'
ptd-server 2022-02-20 08:40:08,084 [INFO] Reply from ptd: 'Range V changed'
ptd-server 2022-02-20 08:40:08,084 [INFO] Sending to ptd: 'SR,A,Auto'
ptd-server 2022-02-20 08:40:08,587 [INFO] Reply from ptd: 'Range A changed'
ptd-server 2022-02-20 08:40:18,597 [INFO] Starting ranging mode
ptd-server 2022-02-20 08:40:18,597 [INFO] Sending to ptd: 'Go,1000,0,2022-02-20_08-39-50_ranging'
ptd-server 2022-02-20 08:40:18,598 [INFO] Reply from ptd: 'Starting untimed measurement, maximum 500000 samples at 1000ms with 0 rampup samples'
ptd-server 2022-02-20 08:40:18,598 [INFO] Sending reply to client 'OK'
ptd-server 2022-02-20 08:50:35,780 [INFO] Got command from the client 'session,2022-02-20_08-39-50,stop,ranging'
ptd-server 2022-02-20 08:50:45,788 [INFO] Sending to ptd: 'Stop'
ptd-server 2022-02-20 08:50:45,788 [INFO] Reply from ptd: 'Stopping untimed measurement'
ptd-server 2022-02-20 08:50:46,244 [INFO] Sending reply to client 'OK'
ptd-server 2022-02-20 08:50:46,336 [INFO] Got command from the client 'time'
ptd-server 2022-02-20 08:50:46,336 [INFO] Sending reply to client '1645347046.33629'
ptd-server 2022-02-20 08:50:46,341 [INFO] Got command from the client 'session,2022-02-20_08-39-50,start,testing'
ptd-server 2022-02-20 08:50:46,341 [INFO] Sending to ptd: 'SR,V,248.850000'
ptd-server 2022-02-20 08:50:48,099 [INFO] Reply from ptd: 'Range V changed'
ptd-server 2022-02-20 08:50:48,100 [INFO] Sending to ptd: 'SR,A,0.047830'
ptd-server 2022-02-20 08:50:49,601 [INFO] Reply from ptd: 'Range A changed'
ptd-server 2022-02-20 08:50:59,611 [INFO] Starting testing mode
ptd-server 2022-02-20 08:50:59,611 [INFO] Sending to ptd: 'Go,1000,0,2022-02-20_08-39-50_testing'
ptd-server 2022-02-20 08:50:59,612 [INFO] Reply from ptd: 'Starting untimed measurement, maximum 500000 samples at 1000ms with 0 rampup samples'
ptd-server 2022-02-20 08:50:59,612 [INFO] Sending reply to client 'OK'
ptd-server 2022-02-20 09:01:17,535 [INFO] Got command from the client 'session,2022-02-20_08-39-50,stop,testing'
ptd-server 2022-02-20 09:01:27,545 [INFO] Sending to ptd: 'Stop'
ptd-server 2022-02-20 09:01:27,545 [INFO] Reply from ptd: 'Stopping untimed measurement'
ptd-server 2022-02-20 09:01:27,789 [INFO] Sending reply to client 'OK'
ptd-server 2022-02-20 09:01:27,821 [INFO] Got command from the client 'session,2022-02-20_08-39-50,done'
ptd-server 2022-02-20 09:01:27,821 [INFO] Sending to ptd: 'Stop'
ptd-server 2022-02-20 09:01:27,822 [INFO] Reply from ptd: 'Error: no measurement to stop'
ptd-server 2022-02-20 09:01:27,822 [INFO] Sending to ptd: 'SR,V,300.000000'
ptd-server 2022-02-20 09:01:29,323 [INFO] Reply from ptd: 'Range V changed'
ptd-server 2022-02-20 09:01:29,323 [INFO] Sending to ptd: 'SR,A,0.500000'
ptd-server 2022-02-20 09:01:30,825 [INFO] Reply from ptd: 'Range A changed'
ptd-server 2022-02-20 09:01:30,825 [INFO] Set initial values for Amps 0.500000 and Volts 300.000000
ptd-server 2022-02-20 09:01:30,825 [INFO] Stopping ptd...
