ptd-server 2022-02-19 00:03:56,311 [INFO] Got command from the client 'time'
ptd-server 2022-02-19 00:03:56,311 [INFO] Sending reply to client '1645250636.311385'
ptd-server 2022-02-19 00:03:56,312 [INFO] Got command from the client 'new,,93f7ac14-c421-46ed-a190-842ff64aff9a'
ptd-server 2022-02-19 00:03:56,312 [INFO] Sending reply to client 'OK 2022-02-19_00-03-56,9347764c-9420-4697-bdfd-153963608742'
ptd-server 2022-02-19 00:03:56,424 [INFO] Got command from the client 'time'
ptd-server 2022-02-19 00:03:56,424 [INFO] Sending reply to client '1645250636.4246714'
ptd-server 2022-02-19 00:03:56,425 [INFO] Got command from the client 'session,2022-02-19_00-03-56,start,ranging'
ptd-server 2022-02-19 00:03:56,425 [INFO] Running PTDaemon: ['/local/mnt/workspace/mlcommons/power-main/inference_v1.0/ptd-linux-x86', '-l', '/tmp/tmprkpz3dbq/ptd_logfile.txt', '-p', '8888', '-c', '1,2', '77', '/dev/usbtmc0']
ptd-server 2022-02-19 00:04:14,019 [INFO] Sending to ptd: 'Hello'
ptd-server 2022-02-19 00:04:14,020 [INFO] Reply from ptd: 'Hello, PTDaemon here!'
ptd-server 2022-02-19 00:04:14,020 [INFO] Sending to ptd: 'Identify'
ptd-server 2022-02-19 00:04:14,020 [INFO] Reply from ptd: 'YokogawaWT330_multichannel,1000,1,1,1,1,0,0,1,version=1.9.2-e8c7a49a-20201208,OS=Linux 4.15.0-142-generic #146~16.04.1-Ubuntu SMP Tue Apr 13 09:27:15 UTC 2021 x86_64,mode=power,1,1,2,0,0,no_cal_date,YOKOGAWA;WT333E;C2XC17004V;F1.04'
ptd-server 2022-02-19 00:04:14,021 [INFO] Connected to PTDaemon
ptd-server 2022-02-19 00:04:14,021 [INFO] Sending to ptd: 'RR'
ptd-server 2022-02-19 00:04:14,021 [INFO] Reply from ptd: 'Ranges,-1,-1.000000,-1,-1.000000'
ptd-server 2022-02-19 00:04:14,021 [INFO] Initial range for Amps is Auto for Volts is Auto
ptd-server 2022-02-19 00:04:14,022 [INFO] Sending to ptd: 'SR,V,Auto'
ptd-server 2022-02-19 00:04:19,082 [INFO] Reply from ptd: 'Range V changed'
ptd-server 2022-02-19 00:04:19,082 [INFO] Sending to ptd: 'SR,A,Auto'
ptd-server 2022-02-19 00:04:24,135 [INFO] Reply from ptd: 'Range A changed'
ptd-server 2022-02-19 00:04:34,142 [INFO] Starting ranging mode
ptd-server 2022-02-19 00:04:34,142 [INFO] Sending to ptd: 'Go,1000,0,2022-02-19_00-03-56_ranging'
ptd-server 2022-02-19 00:04:34,143 [INFO] Reply from ptd: 'Starting untimed measurement, maximum 500000 samples at 1000ms with 0 rampup samples'
ptd-server 2022-02-19 00:04:34,143 [INFO] Sending reply to client 'OK'
ptd-server 2022-02-19 00:19:27,229 [INFO] Got command from the client 'session,2022-02-19_00-03-56,stop,ranging'
ptd-server 2022-02-19 00:19:37,240 [INFO] Sending to ptd: 'Stop'
ptd-server 2022-02-19 00:19:37,240 [INFO] Reply from ptd: 'Stopping untimed measurement'
ptd-server 2022-02-19 00:19:37,283 [INFO] Sending reply to client 'OK'
ptd-server 2022-02-19 00:19:37,375 [INFO] Got command from the client 'time'
ptd-server 2022-02-19 00:19:37,375 [INFO] Sending reply to client '1645251577.3752615'
ptd-server 2022-02-19 00:19:37,375 [INFO] Got command from the client 'session,2022-02-19_00-03-56,start,testing'
ptd-server 2022-02-19 00:19:37,376 [INFO] Sending to ptd: 'SR,V,212.630000'
ptd-server 2022-02-19 00:19:44,195 [INFO] Reply from ptd: 'Range V changed'
ptd-server 2022-02-19 00:19:44,195 [INFO] Sending to ptd: 'SR,A,3.042600'
ptd-server 2022-02-19 00:19:49,747 [INFO] Reply from ptd: 'Range A changed'
ptd-server 2022-02-19 00:19:59,757 [INFO] Starting testing mode
ptd-server 2022-02-19 00:19:59,759 [INFO] Sending to ptd: 'Go,1000,0,2022-02-19_00-03-56_testing'
ptd-server 2022-02-19 00:19:59,759 [INFO] Reply from ptd: 'Starting untimed measurement, maximum 500000 samples at 1000ms with 0 rampup samples'
ptd-server 2022-02-19 00:19:59,759 [INFO] Sending reply to client 'OK'
ptd-server 2022-02-19 00:34:52,640 [INFO] Got command from the client 'session,2022-02-19_00-03-56,stop,testing'
ptd-server 2022-02-19 00:35:02,651 [INFO] Sending to ptd: 'Stop'
ptd-server 2022-02-19 00:35:02,652 [INFO] Reply from ptd: 'Stopping untimed measurement'
ptd-server 2022-02-19 00:35:02,669 [INFO] Sending reply to client 'OK'
ptd-server 2022-02-19 00:35:02,675 [INFO] Got command from the client 'session,2022-02-19_00-03-56,done'
ptd-server 2022-02-19 00:35:02,675 [INFO] Sending to ptd: 'Stop'
ptd-server 2022-02-19 00:35:02,760 [INFO] Reply from ptd: 'Error: no measurement to stop'
ptd-server 2022-02-19 00:35:02,760 [INFO] Sending to ptd: 'SR,V,Auto'
ptd-server 2022-02-19 00:35:07,812 [INFO] Reply from ptd: 'Range V changed'
ptd-server 2022-02-19 00:35:07,813 [INFO] Sending to ptd: 'SR,A,Auto'
ptd-server 2022-02-19 00:35:12,865 [INFO] Reply from ptd: 'Range A changed'
ptd-server 2022-02-19 00:35:12,866 [INFO] Set initial values for Amps Auto and Volts Auto
ptd-server 2022-02-19 00:35:12,866 [INFO] Stopping ptd...
