ptd-server 2022-02-18 22:00:16,829 [INFO] Got command from the client 'time'
ptd-server 2022-02-18 22:00:16,829 [INFO] Sending reply to client '1645243216.8295588'
ptd-server 2022-02-18 22:00:16,829 [INFO] Got command from the client 'new,,11761e5e-4872-46d8-97d3-c0df172932a5'
ptd-server 2022-02-18 22:00:16,830 [INFO] Sending reply to client 'OK 2022-02-18_22-00-16,68521ff2-1ed5-4b36-8b21-861ef5494e52'
ptd-server 2022-02-18 22:00:16,937 [INFO] Got command from the client 'time'
ptd-server 2022-02-18 22:00:16,937 [INFO] Sending reply to client '1645243216.937093'
ptd-server 2022-02-18 22:00:16,937 [INFO] Got command from the client 'session,2022-02-18_22-00-16,start,ranging'
ptd-server 2022-02-18 22:00:16,937 [INFO] Running PTDaemon: ['/local/mnt/workspace/mlcommons/power-main/inference_v1.0/ptd-linux-x86', '-l', '/tmp/tmpbzz3s1yx/ptd_logfile.txt', '-p', '8886', '49', '/dev/usbtmc1']
ptd-server 2022-02-18 22:00:33,966 [INFO] Sending to ptd: 'Hello'
ptd-server 2022-02-18 22:00:33,966 [INFO] Reply from ptd: 'Hello, PTDaemon here!'
ptd-server 2022-02-18 22:00:33,966 [INFO] Sending to ptd: 'Identify'
ptd-server 2022-02-18 22:00:33,966 [INFO] Reply from ptd: 'YokogawaWT310E,1000,1,1,1,1,0,1,1,version=1.9.2-e8c7a49a-20201208,OS=Linux 4.15.0-162-generic #170-Ubuntu SMP Mon Oct 18 11:38:05 UTC 2021 x86_64,mode=power,1,1,1,0,0,no_cal_date,YOKOGAWA;WT310E;C2XF16030V;F1.04'
ptd-server 2022-02-18 22:00:33,966 [INFO] Connected to PTDaemon
ptd-server 2022-02-18 22:00:33,966 [INFO] Sending to ptd: 'RR'
ptd-server 2022-02-18 22:00:33,966 [INFO] Reply from ptd: 'Ranges,1,2.000000,1,150.000000'
ptd-server 2022-02-18 22:00:33,966 [INFO] Initial range for Amps is Auto for Volts is Auto
ptd-server 2022-02-18 22:00:33,966 [INFO] Sending to ptd: 'SR,V,Auto'
ptd-server 2022-02-18 22:00:34,468 [INFO] Reply from ptd: 'Range V changed'
ptd-server 2022-02-18 22:00:34,469 [INFO] Sending to ptd: 'SR,A,Auto'
ptd-server 2022-02-18 22:00:34,970 [INFO] Reply from ptd: 'Range A changed'
ptd-server 2022-02-18 22:00:44,981 [INFO] Starting ranging mode
ptd-server 2022-02-18 22:00:44,981 [INFO] Sending to ptd: 'Go,1000,0,2022-02-18_22-00-16_ranging'
ptd-server 2022-02-18 22:00:44,981 [INFO] Reply from ptd: 'Starting untimed measurement, maximum 500000 samples at 1000ms with 0 rampup samples'
ptd-server 2022-02-18 22:00:44,981 [INFO] Sending reply to client 'OK'
ptd-server 2022-02-18 22:13:49,674 [INFO] Got command from the client 'session,2022-02-18_22-00-16,stop,ranging'
ptd-server 2022-02-18 22:13:59,680 [INFO] Sending to ptd: 'Stop'
ptd-server 2022-02-18 22:13:59,680 [INFO] Reply from ptd: 'Stopping untimed measurement'
ptd-server 2022-02-18 22:13:59,869 [INFO] Sending reply to client 'OK'
ptd-server 2022-02-18 22:13:59,967 [INFO] Got command from the client 'time'
ptd-server 2022-02-18 22:13:59,967 [INFO] Sending reply to client '1645244039.9670525'
ptd-server 2022-02-18 22:13:59,967 [INFO] Got command from the client 'session,2022-02-18_22-00-16,start,testing'
ptd-server 2022-02-18 22:13:59,967 [INFO] Sending to ptd: 'SR,V,121.620000'
ptd-server 2022-02-18 22:14:01,482 [INFO] Reply from ptd: 'Range V changed'
ptd-server 2022-02-18 22:14:01,482 [INFO] Sending to ptd: 'SR,A,4.076500'
ptd-server 2022-02-18 22:14:02,983 [INFO] Reply from ptd: 'Range A changed'
ptd-server 2022-02-18 22:14:12,993 [INFO] Starting testing mode
ptd-server 2022-02-18 22:14:12,993 [INFO] Sending to ptd: 'Go,1000,0,2022-02-18_22-00-16_testing'
ptd-server 2022-02-18 22:14:12,993 [INFO] Reply from ptd: 'Starting untimed measurement, maximum 500000 samples at 1000ms with 0 rampup samples'
ptd-server 2022-02-18 22:14:12,993 [INFO] Sending reply to client 'OK'
ptd-server 2022-02-18 22:27:17,485 [INFO] Got command from the client 'session,2022-02-18_22-00-16,stop,testing'
ptd-server 2022-02-18 22:27:27,486 [INFO] Sending to ptd: 'Stop'
ptd-server 2022-02-18 22:27:27,486 [INFO] Reply from ptd: 'Stopping untimed measurement'
ptd-server 2022-02-18 22:27:27,569 [INFO] Sending reply to client 'OK'
ptd-server 2022-02-18 22:27:27,576 [INFO] Got command from the client 'session,2022-02-18_22-00-16,done'
ptd-server 2022-02-18 22:27:27,576 [INFO] Sending to ptd: 'Stop'
ptd-server 2022-02-18 22:27:27,993 [INFO] Reply from ptd: 'Error: no measurement to stop'
ptd-server 2022-02-18 22:27:27,993 [INFO] Sending to ptd: 'SR,V,Auto'
ptd-server 2022-02-18 22:27:28,495 [INFO] Reply from ptd: 'Range V changed'
ptd-server 2022-02-18 22:27:28,495 [INFO] Sending to ptd: 'SR,A,Auto'
ptd-server 2022-02-18 22:27:28,997 [INFO] Reply from ptd: 'Range A changed'
ptd-server 2022-02-18 22:27:28,997 [INFO] Set initial values for Amps Auto and Volts Auto
ptd-server 2022-02-18 22:27:28,997 [INFO] Stopping ptd...
