client 2022-02-24 12:20:31,331 [INFO] Sending command to the server: 'mlcommons/power client v3'
client 2022-02-24 12:20:31,333 [INFO] Got response: 'mlcommons/power server v3'
client 2022-02-24 12:20:31,333 [INFO] Sending command to the server: 'stop'
client 2022-02-24 12:20:31,335 [INFO] Got response: 'OK'
client 2022-02-24 12:20:31,336 [INFO] Synchronizing with the server and with 100.64.0.18...
client 2022-02-24 12:20:31,343 [INFO] NTP:offset = 0.000 s, delay = 0.001 s 
client 2022-02-24 12:20:31,343 [INFO] Sending command to the server: 'time'
client 2022-02-24 12:20:31,346 [INFO] Got response: '1645705231.2379248'
client 2022-02-24 12:20:31,346 [INFO] The time difference between the client and the server is within range 105.889 ms..108.470 ms
client 2022-02-24 12:20:31,346 [INFO] Sending command to the server: 'new,,43d4f19c-25ac-4cc1-91d1-4f4a1f494b9d'
client 2022-02-24 12:20:31,349 [INFO] Got response: 'OK 2022-02-24_12-20-31,2d6ef80b-334f-4236-8e51-4880eba04e9b'
client 2022-02-24 12:20:31,349 [INFO] Session id is '2022-02-24_12-20-31'
client 2022-02-24 12:20:31,349 [INFO] Sources: {"sources": {"__init__.py": "da39a3ee5e6b4b0d3255bfef95601890afd80709", "client.py": "33ca4f26368777ac06e01f9567b714a4b8063886", "lib/__init__.py": "da39a3ee5e6b4b0d3255bfef95601890afd80709", "lib/client.py": "4c2b78fb4849a7e5b584ef792d82aaed20b17f57", "lib/common.py": "624d0c0acc7c39aaff3674f0b99d6a09da53d1dc", "lib/external/__init__.py": "da39a3ee5e6b4b0d3255bfef95601890afd80709", "lib/external/ntplib.py": "4da8f970656505a40483206ef2b5d3dd5e81711d", "lib/server.py": "59c9fb92908260d3e9f81a895c7aa009742275e4", "lib/source_hashes.py": "60a2e02193209e8d392803326208d5466342da18", "lib/summary.py": "aa92f0a3f975eecd44d3c0cd0236342ccc9f941d", "lib/time_sync.py": "3210db56eb0ff0df57bf4293dc4d4b03fffd46f1", "server.py": "c3f90f2f7eeb4db30727556d0c815ebc89b3d28b", "tests/unit/__init__.py": "da39a3ee5e6b4b0d3255bfef95601890afd80709", "tests/unit/test_server.py": "99ae15aef722f2000ee6ed1ae1523637bf1ae42b", "tests/unit/test_source_hashes.py": "00468a2907583c593e6574a1f6b404e4651c221a"}, "modules": {"ptd_client_server.lib.client": "lib/client.py", "ptd_client_server.lib.common": "lib/common.py", "ptd_client_server.lib.external.ntplib": "lib/external/ntplib.py", "ptd_client_server.lib.source_hashes": "lib/source_hashes.py", "ptd_client_server.lib.summary": "lib/summary.py", "ptd_client_server.lib.time_sync": "lib/time_sync.py"}}
client 2022-02-24 12:20:31,350 [INFO] Running workload in ranging mode
client 2022-02-24 12:20:31,350 [INFO] Synchronizing with the server and with 100.64.0.18...
client 2022-02-24 12:20:31,352 [INFO] NTP:offset = 0.000 s, delay = 0.001 s 
client 2022-02-24 12:20:31,352 [INFO] Sending command to the server: 'time'
client 2022-02-24 12:20:31,354 [INFO] Got response: '1645705231.2460303'
client 2022-02-24 12:20:31,354 [INFO] The time difference between the client and the server is within range 106.778 ms..108.257 ms
client 2022-02-24 12:20:31,354 [INFO] Sending command to the server: 'session,2022-02-24_12-20-31,start,ranging'
client 2022-02-24 12:20:55,307 [INFO] Got response: 'OK'
client 2022-02-24 12:20:55,308 [INFO] Running the workload 'LOG_DIR=/work/build/power_logs_temp python3 code/main.py --benchmarks=ssd-mobilenet \t--scenarios=multistream \t--config_ver=default_maxq \t--test_mode=PerformanceOnly  --action="run_harness" \\\n\t\t2>&1 | tee -a /work/build/power_logs/2022.02.24-12.20.20/stdout.txt \\\n\t\t&& if [ ! -d /work/build/power_logs/2022.02.24-12.20.20/ranging_tmp ]; \\\n\t\t\tthen mkdir /work/build/power_logs/2022.02.24-12.20.20/ranging_tmp \\\n\t\t\t\t&& mv /work/build/power_logs_temp/* /work/build/power_logs/2022.02.24-12.20.20/ranging_tmp/ \\\n\t\t\t\t&& cp -v /work/build/power_logs/2022.02.24-12.20.20/ranging_tmp/*/*/*/mlperf_log_detail.txt /work/build/power_logs_temp/ \\\n\t\t\t\t&& cp -v /work/build/power_logs/2022.02.24-12.20.20/ranging_tmp/*/*/*/mlperf_log_summary.txt /work/build/power_logs_temp/; \\\n\t\t\telse mkdir /work/build/power_logs/2022.02.24-12.20.20/testing_tmp \\\n\t\t\t\t&& mv /work/build/power_logs_temp/* /work/build/power_logs/2022.02.24-12.20.20/testing_tmp/ \\\n\t\t\t\t&& cp -v /work/build/power_logs/2022.02.24-12.20.20/testing_tmp/*/*/*/mlperf_log_detail.txt /work/build/power_logs_temp/ \\\n\t\t\t\t&& cp -v /work/build/power_logs/2022.02.24-12.20.20/testing_tmp/*/*/*/mlperf_log_summary.txt /work/build/power_logs_temp/; fi'
client 2022-02-24 12:31:11,988 [INFO] Sending command to the server: 'session,2022-02-24_12-20-31,stop,ranging'
client 2022-02-24 12:31:22,029 [INFO] Got response: 'OK'
client 2022-02-24 12:31:22,040 [INFO] Copying loadgen logs from '/work/build/power_logs_temp' to '/work/build/power_logs/2022.02.24-12.20.20/2022-02-24_12-20-31/ranging'
client 2022-02-24 12:31:22,040 [INFO] Running workload in testing mode
client 2022-02-24 12:31:22,041 [INFO] Synchronizing with the server and with 100.64.0.18...
client 2022-02-24 12:31:22,043 [INFO] NTP:offset = 0.000 s, delay = 0.001 s 
client 2022-02-24 12:31:22,044 [INFO] Sending command to the server: 'time'
client 2022-02-24 12:31:22,045 [INFO] Got response: '1645705881.913617'
client 2022-02-24 12:31:22,046 [INFO] The time difference between the client and the server is within range 130.356 ms..132.453 ms
client 2022-02-24 12:31:22,046 [INFO] Sending command to the server: 'session,2022-02-24_12-20-31,start,testing'
client 2022-02-24 12:31:35,406 [INFO] Got response: 'OK'
client 2022-02-24 12:31:35,406 [INFO] Running the workload 'LOG_DIR=/work/build/power_logs_temp python3 code/main.py --benchmarks=ssd-mobilenet \t--scenarios=multistream \t--config_ver=default_maxq \t--test_mode=PerformanceOnly  --action="run_harness" \\\n\t\t2>&1 | tee -a /work/build/power_logs/2022.02.24-12.20.20/stdout.txt \\\n\t\t&& if [ ! -d /work/build/power_logs/2022.02.24-12.20.20/ranging_tmp ]; \\\n\t\t\tthen mkdir /work/build/power_logs/2022.02.24-12.20.20/ranging_tmp \\\n\t\t\t\t&& mv /work/build/power_logs_temp/* /work/build/power_logs/2022.02.24-12.20.20/ranging_tmp/ \\\n\t\t\t\t&& cp -v /work/build/power_logs/2022.02.24-12.20.20/ranging_tmp/*/*/*/mlperf_log_detail.txt /work/build/power_logs_temp/ \\\n\t\t\t\t&& cp -v /work/build/power_logs/2022.02.24-12.20.20/ranging_tmp/*/*/*/mlperf_log_summary.txt /work/build/power_logs_temp/; \\\n\t\t\telse mkdir /work/build/power_logs/2022.02.24-12.20.20/testing_tmp \\\n\t\t\t\t&& mv /work/build/power_logs_temp/* /work/build/power_logs/2022.02.24-12.20.20/testing_tmp/ \\\n\t\t\t\t&& cp -v /work/build/power_logs/2022.02.24-12.20.20/testing_tmp/*/*/*/mlperf_log_detail.txt /work/build/power_logs_temp/ \\\n\t\t\t\t&& cp -v /work/build/power_logs/2022.02.24-12.20.20/testing_tmp/*/*/*/mlperf_log_summary.txt /work/build/power_logs_temp/; fi'
client 2022-02-24 12:41:52,140 [INFO] Sending command to the server: 'session,2022-02-24_12-20-31,stop,testing'
client 2022-02-24 12:42:02,158 [INFO] Got response: 'OK'
client 2022-02-24 12:42:02,160 [INFO] Copying loadgen logs from '/work/build/power_logs_temp' to '/work/build/power_logs/2022.02.24-12.20.20/2022-02-24_12-20-31/run_1'
client 2022-02-24 12:42:02,161 [INFO] Done runs
