ptd-server 2022-02-24 12:20:31,226 [INFO] Got command from the client 'stop'
ptd-server 2022-02-24 12:20:31,226 [INFO] The server will be stopped after processing this client
ptd-server 2022-02-24 12:20:31,227 [INFO] Sending reply to client 'OK'
ptd-server 2022-02-24 12:20:31,237 [INFO] Got command from the client 'time'
ptd-server 2022-02-24 12:20:31,237 [INFO] Sending reply to client '1645705231.2379248'
ptd-server 2022-02-24 12:20:31,239 [INFO] Got command from the client 'new,,43d4f19c-25ac-4cc1-91d1-4f4a1f494b9d'
ptd-server 2022-02-24 12:20:31,241 [INFO] Sending reply to client 'OK 2022-02-24_12-20-31,2d6ef80b-334f-4236-8e51-4880eba04e9b'
ptd-server 2022-02-24 12:20:31,245 [INFO] Got command from the client 'time'
ptd-server 2022-02-24 12:20:31,246 [INFO] Sending reply to client '1645705231.2460303'
ptd-server 2022-02-24 12:20:31,247 [INFO] Got command from the client 'session,2022-02-24_12-20-31,start,ranging'
ptd-server 2022-02-24 12:20:31,352 [INFO] Running PTDaemon: ['.\\ptd-windows-x86.exe', '-l', 'C:\\Users\\root\\AppData\\Local\\Temp\\tmpspt900pr\\ptd_logfile.txt', '-p', '8888', '-c', '1', '-g', '8', '1']
ptd-server 2022-02-24 12:20:44,134 [INFO] Sending to ptd: 'Hello'
ptd-server 2022-02-24 12:20:44,135 [INFO] Reply from ptd: 'Hello, PTDaemon here!'
ptd-server 2022-02-24 12:20:44,136 [INFO] Sending to ptd: 'Identify'
ptd-server 2022-02-24 12:20:44,137 [INFO] Reply from ptd: 'YokogawaWT210,1000,1,1,1,1,0,0,1,version=1.9.2-3976349f-20201208,OS=Windows 8 / Server 2012,mode=power,1,1,1,0,0,no_cal_date,YOKOGAWA;760401;0;F1.12'
ptd-server 2022-02-24 12:20:44,138 [INFO] Connected to PTDaemon
ptd-server 2022-02-24 12:20:44,139 [INFO] Sending to ptd: 'RR'
ptd-server 2022-02-24 12:20:44,139 [INFO] Reply from ptd: 'Ranges,1,2.000000,1,150.000000'
ptd-server 2022-02-24 12:20:44,140 [INFO] Initial range for Amps is Auto for Volts is Auto
ptd-server 2022-02-24 12:20:44,141 [INFO] Sending to ptd: 'SR,V,Auto'
ptd-server 2022-02-24 12:20:44,660 [INFO] Reply from ptd: 'Range V changed'
ptd-server 2022-02-24 12:20:44,662 [INFO] Sending to ptd: 'SR,A,Auto'
ptd-server 2022-02-24 12:20:45,186 [INFO] Reply from ptd: 'Range A changed'
ptd-server 2022-02-24 12:20:55,195 [INFO] Starting ranging mode
ptd-server 2022-02-24 12:20:55,196 [INFO] Sending to ptd: 'Go,1000,0,2022-02-24_12-20-31_ranging'
ptd-server 2022-02-24 12:20:55,197 [INFO] Reply from ptd: 'Starting untimed measurement, maximum 500000 samples at 1000ms with 0 rampup samples'
ptd-server 2022-02-24 12:20:55,198 [INFO] Sending reply to client 'OK'
ptd-server 2022-02-24 12:31:11,857 [INFO] Got command from the client 'session,2022-02-24_12-20-31,stop,ranging'
ptd-server 2022-02-24 12:31:21,872 [INFO] Sending to ptd: 'Stop'
ptd-server 2022-02-24 12:31:21,873 [INFO] Reply from ptd: 'Stopping untimed measurement'
ptd-server 2022-02-24 12:31:21,896 [INFO] Sending reply to client 'OK'
ptd-server 2022-02-24 12:31:21,913 [INFO] Got command from the client 'time'
ptd-server 2022-02-24 12:31:21,913 [INFO] Sending reply to client '1645705881.913617'
ptd-server 2022-02-24 12:31:21,914 [INFO] Got command from the client 'session,2022-02-24_12-20-31,start,testing'
ptd-server 2022-02-24 12:31:21,915 [INFO] Sending to ptd: 'SR,V,120.440000'
ptd-server 2022-02-24 12:31:23,740 [INFO] Reply from ptd: 'Range V changed'
ptd-server 2022-02-24 12:31:23,741 [INFO] Sending to ptd: 'SR,A,2.266800'
ptd-server 2022-02-24 12:31:25,266 [INFO] Reply from ptd: 'Range A changed'
ptd-server 2022-02-24 12:31:35,270 [INFO] Starting testing mode
ptd-server 2022-02-24 12:31:35,271 [INFO] Sending to ptd: 'Go,1000,0,2022-02-24_12-20-31_testing'
ptd-server 2022-02-24 12:31:35,272 [INFO] Reply from ptd: 'Starting untimed measurement, maximum 500000 samples at 1000ms with 0 rampup samples'
ptd-server 2022-02-24 12:31:35,273 [INFO] Sending reply to client 'OK'
ptd-server 2022-02-24 12:41:51,986 [INFO] Got command from the client 'session,2022-02-24_12-20-31,stop,testing'
ptd-server 2022-02-24 12:42:01,988 [INFO] Sending to ptd: 'Stop'
ptd-server 2022-02-24 12:42:01,988 [INFO] Reply from ptd: 'Stopping untimed measurement'
ptd-server 2022-02-24 12:42:02,001 [INFO] Sending reply to client 'OK'
ptd-server 2022-02-24 12:42:02,010 [INFO] Got command from the client 'session,2022-02-24_12-20-31,done'
ptd-server 2022-02-24 12:42:02,010 [INFO] Sending to ptd: 'Stop'
ptd-server 2022-02-24 12:42:02,276 [INFO] Reply from ptd: 'Error: no measurement to stop'
ptd-server 2022-02-24 12:42:02,277 [INFO] Sending to ptd: 'SR,V,Auto'
ptd-server 2022-02-24 12:42:02,808 [INFO] Reply from ptd: 'Range V changed'
ptd-server 2022-02-24 12:42:02,808 [INFO] Sending to ptd: 'SR,A,Auto'
ptd-server 2022-02-24 12:42:03,335 [INFO] Reply from ptd: 'Range A changed'
ptd-server 2022-02-24 12:42:03,336 [INFO] Set initial values for Amps Auto and Volts Auto
ptd-server 2022-02-24 12:42:03,337 [INFO] Stopping ptd...
