ptd-server 2022-02-17 01:28:25,575 [INFO] Got command from the client 'time'
ptd-server 2022-02-17 01:28:25,575 [INFO] Sending reply to client '1645061305.5755773'
ptd-server 2022-02-17 01:28:25,576 [INFO] Got command from the client 'new,,ac47ef43-467c-4984-9269-84a4eacdd6b2'
ptd-server 2022-02-17 01:28:25,577 [INFO] Sending reply to client 'OK 2022-02-17_01-28-25,4b4cc161-e292-477f-8b9c-cd34f08970cd'
ptd-server 2022-02-17 01:28:25,615 [INFO] Got command from the client 'time'
ptd-server 2022-02-17 01:28:25,615 [INFO] Sending reply to client '1645061305.6153371'
ptd-server 2022-02-17 01:28:25,616 [INFO] Got command from the client 'session,2022-02-17_01-28-25,start,ranging'
ptd-server 2022-02-17 01:28:25,616 [INFO] Running PTDaemon: ['/home/anton/projects/mlperf/power/inference_v1.0/ptd-linux-x86', '-l', '/tmp/tmpgldyt7rr/ptd_logfile.txt', '-p', '8888', '49', '/dev/usbtmc0']
ptd-server 2022-02-17 01:28:42,789 [INFO] Sending to ptd: 'Hello'
ptd-server 2022-02-17 01:28:42,789 [INFO] Reply from ptd: 'Hello, PTDaemon here!'
ptd-server 2022-02-17 01:28:42,789 [INFO] Sending to ptd: 'Identify'
ptd-server 2022-02-17 01:28:42,790 [INFO] Reply from ptd: 'YokogawaWT310E,1000,1,1,1,1,0,1,1,version=1.9.2-e8c7a49a-20201208,OS=Linux 5.13.0-28-generic #31~20.04.1-Ubuntu SMP Wed Jan 19 14:08:10 UTC 2022 x86_64,mode=power,1,1,1,0,0,no_cal_date,YOKOGAWA;WT310E;C3XA04010E;F1.04'
ptd-server 2022-02-17 01:28:42,790 [INFO] Connected to PTDaemon
ptd-server 2022-02-17 01:28:42,790 [INFO] Sending to ptd: 'RR'
ptd-server 2022-02-17 01:28:42,790 [INFO] Reply from ptd: 'Ranges,0,0.500000,0,300.000000'
ptd-server 2022-02-17 01:28:42,790 [INFO] Initial range for Amps is 0.500000 for Volts is 300.000000
ptd-server 2022-02-17 01:28:42,791 [INFO] Sending to ptd: 'SR,V,Auto'
ptd-server 2022-02-17 01:28:43,293 [INFO] Reply from ptd: 'Range V changed'
ptd-server 2022-02-17 01:28:43,293 [INFO] Sending to ptd: 'SR,A,Auto'
ptd-server 2022-02-17 01:28:43,795 [INFO] Reply from ptd: 'Range A changed'
ptd-server 2022-02-17 01:28:53,806 [INFO] Starting ranging mode
ptd-server 2022-02-17 01:28:53,806 [INFO] Sending to ptd: 'Go,1000,0,2022-02-17_01-28-25_ranging'
ptd-server 2022-02-17 01:28:53,806 [INFO] Reply from ptd: 'Starting untimed measurement, maximum 500000 samples at 1000ms with 0 rampup samples'
ptd-server 2022-02-17 01:28:53,806 [INFO] Sending reply to client 'OK'
ptd-server 2022-02-17 01:39:10,691 [INFO] Got command from the client 'session,2022-02-17_01-28-25,stop,ranging'
ptd-server 2022-02-17 01:39:20,701 [INFO] Sending to ptd: 'Stop'
ptd-server 2022-02-17 01:39:20,702 [INFO] Reply from ptd: 'Stopping untimed measurement'
ptd-server 2022-02-17 01:39:20,816 [INFO] Sending reply to client 'OK'
ptd-server 2022-02-17 01:39:20,896 [INFO] Got command from the client 'time'
ptd-server 2022-02-17 01:39:20,896 [INFO] Sending reply to client '1645061960.896433'
ptd-server 2022-02-17 01:39:20,898 [INFO] Got command from the client 'session,2022-02-17_01-28-25,start,testing'
ptd-server 2022-02-17 01:39:20,899 [INFO] Sending to ptd: 'SR,V,252.100000'
ptd-server 2022-02-17 01:39:22,400 [INFO] Reply from ptd: 'Range V changed'
ptd-server 2022-02-17 01:39:22,400 [INFO] Sending to ptd: 'SR,A,0.046110'
ptd-server 2022-02-17 01:39:23,902 [INFO] Reply from ptd: 'Range A changed'
ptd-server 2022-02-17 01:39:33,912 [INFO] Starting testing mode
ptd-server 2022-02-17 01:39:33,912 [INFO] Sending to ptd: 'Go,1000,0,2022-02-17_01-28-25_testing'
ptd-server 2022-02-17 01:39:33,913 [INFO] Reply from ptd: 'Starting untimed measurement, maximum 500000 samples at 1000ms with 0 rampup samples'
ptd-server 2022-02-17 01:39:33,913 [INFO] Sending reply to client 'OK'
ptd-server 2022-02-17 01:49:51,426 [INFO] Got command from the client 'session,2022-02-17_01-28-25,stop,testing'
ptd-server 2022-02-17 01:50:01,437 [INFO] Sending to ptd: 'Stop'
ptd-server 2022-02-17 01:50:01,437 [INFO] Reply from ptd: 'Stopping untimed measurement'
ptd-server 2022-02-17 01:50:01,495 [INFO] Sending reply to client 'OK'
ptd-server 2022-02-17 01:50:01,515 [INFO] Got command from the client 'session,2022-02-17_01-28-25,done'
ptd-server 2022-02-17 01:50:01,515 [INFO] Sending to ptd: 'Stop'
ptd-server 2022-02-17 01:50:01,914 [INFO] Reply from ptd: 'Error: no measurement to stop'
ptd-server 2022-02-17 01:50:01,914 [INFO] Sending to ptd: 'SR,V,300.000000'
ptd-server 2022-02-17 01:50:03,415 [INFO] Reply from ptd: 'Range V changed'
ptd-server 2022-02-17 01:50:03,415 [INFO] Sending to ptd: 'SR,A,0.500000'
ptd-server 2022-02-17 01:50:04,917 [INFO] Reply from ptd: 'Range A changed'
ptd-server 2022-02-17 01:50:04,917 [INFO] Set initial values for Amps 0.500000 and Volts 300.000000
ptd-server 2022-02-17 01:50:04,917 [INFO] Stopping ptd...
