client 2022-02-16 09:19:08,178 [WARNING] Removing loadgen logs directory '/home/katya/CK/ck-mlperf/program/image-classification-armnn-tflite-loadgen/tmp/loadgen_logs'
client 2022-02-16 09:19:08,179 [INFO] Sending command to the server: 'mlcommons/power client v3'
client 2022-02-16 09:19:08,181 [INFO] Got response: 'mlcommons/power server v3'
client 2022-02-16 09:19:08,181 [INFO] Synchronizing with the server and with time.google.com...
client 2022-02-16 09:19:08,235 [INFO] NTP:offset = 0.015 s, delay = 0.048 s 
client 2022-02-16 09:19:08,235 [INFO] Sending command to the server: 'time'
client 2022-02-16 09:19:08,236 [INFO] Got response: '1645003148.258505'
client 2022-02-16 09:19:08,237 [INFO] The time difference between the client and the server is within range -22.995 ms..-21.411 ms
client 2022-02-16 09:19:08,237 [INFO] Sending command to the server: 'new,,13150eac-817b-4e01-bf08-2aa9dbc0d976'
client 2022-02-16 09:19:08,238 [INFO] Got response: 'OK 2022-02-16_09-19-08,10311054-146b-4ec1-b46f-28a070050432'
client 2022-02-16 09:19:08,239 [INFO] Session id is '2022-02-16_09-19-08'
client 2022-02-16 09:19:08,239 [INFO] Sources: {"sources": {"__init__.py": "da39a3ee5e6b4b0d3255bfef95601890afd80709", "client.py": "33ca4f26368777ac06e01f9567b714a4b8063886", "lib/__init__.py": "da39a3ee5e6b4b0d3255bfef95601890afd80709", "lib/client.py": "4c2b78fb4849a7e5b584ef792d82aaed20b17f57", "lib/common.py": "624d0c0acc7c39aaff3674f0b99d6a09da53d1dc", "lib/external/__init__.py": "da39a3ee5e6b4b0d3255bfef95601890afd80709", "lib/external/ntplib.py": "4da8f970656505a40483206ef2b5d3dd5e81711d", "lib/server.py": "59c9fb92908260d3e9f81a895c7aa009742275e4", "lib/source_hashes.py": "60a2e02193209e8d392803326208d5466342da18", "lib/summary.py": "aa92f0a3f975eecd44d3c0cd0236342ccc9f941d", "lib/time_sync.py": "3210db56eb0ff0df57bf4293dc4d4b03fffd46f1", "server.py": "c3f90f2f7eeb4db30727556d0c815ebc89b3d28b", "tests/unit/__init__.py": "da39a3ee5e6b4b0d3255bfef95601890afd80709", "tests/unit/test_server.py": "99ae15aef722f2000ee6ed1ae1523637bf1ae42b", "tests/unit/test_source_hashes.py": "00468a2907583c593e6574a1f6b404e4651c221a"}, "modules": {"ptd_client_server.lib.client": "lib/client.py", "ptd_client_server.lib.common": "lib/common.py", "ptd_client_server.lib.external.ntplib": "lib/external/ntplib.py", "ptd_client_server.lib.source_hashes": "lib/source_hashes.py", "ptd_client_server.lib.summary": "lib/summary.py", "ptd_client_server.lib.time_sync": "lib/time_sync.py"}}
client 2022-02-16 09:19:08,239 [INFO] Running workload in ranging mode
client 2022-02-16 09:19:08,240 [INFO] Synchronizing with the server and with time.google.com...
client 2022-02-16 09:19:08,269 [INFO] NTP:offset = 0.027 s, delay = 0.028 s 
client 2022-02-16 09:19:08,269 [INFO] Sending command to the server: 'time'
client 2022-02-16 09:19:08,270 [INFO] Got response: '1645003148.2926922'
client 2022-02-16 09:19:08,271 [INFO] The time difference between the client and the server is within range -22.945 ms..-21.444 ms
client 2022-02-16 09:19:08,271 [INFO] Sending command to the server: 'session,2022-02-16_09-19-08,start,ranging'
client 2022-02-16 09:19:36,464 [INFO] Got response: 'OK'
client 2022-02-16 09:19:36,464 [INFO] Running the workload 'ck benchmark program:image-classification-armnn-tflite-loadgen --env.CK_SILENT_MODE=YES --skip_print_timers --dep_add_tags.compiler=gcc,v7 --dep_add_tags.python=v3 --dep_add_tags.mlperf-inference-src=r2.0 --dep_add_tags.weights=resnet50 --dep_add_tags.images=crop.875,preprocessed,using-opencv --dep_add_tags.library=armnn,rel.21.11,opencl --env.CK_LOADGEN_DATASET_SIZE=1024 --env.CK_LOADGEN_SCENARIO=SingleStream --env.CK_LOADGEN_MODE=PerformanceOnly --env.USE_NEON=0 --env.USE_OPENCL=1 --env.CK_LOADGEN_TARGET_LATENCY=250 --skip_stat_analysis --process_multi_keys --repetitions=1 --record --record_repo=local --record_uoa=mlperf_v2.0-closed-odroid-armnn-v21.11-opencl-resnet50-singlestream-performance-target_latency.250-power.workload --tags=mlperf,round.v2.0,division.closed,task.image-classification,platform.odroid,scenario.singlestream,mode.performance,workload.resnet50,preprocessed_using.opencv,inference_engine.armnn,inference_engine_version.v21.11,inference_engine_backend.opencl,target_latency.250,power.workload "@@@{\'meta\': {\'ck_benchmark_program\': \'ck benchmark program:image-classification-armnn-tflite-loadgen --env.CK_SILENT_MODE=YES --skip_print_timers --dep_add_tags.compiler=gcc,v7 --dep_add_tags.python=v3 --dep_add_tags.mlperf-inference-src=r2.0 --dep_add_tags.weights=resnet50 --dep_add_tags.images=crop.875,preprocessed,using-opencv --dep_add_tags.library=armnn,rel.21.11,opencl --env.CK_LOADGEN_DATASET_SIZE=1024 --env.CK_LOADGEN_SCENARIO=SingleStream --env.CK_LOADGEN_MODE=PerformanceOnly --env.USE_NEON=0 --env.USE_OPENCL=1 --env.CK_LOADGEN_TARGET_LATENCY=250 --skip_stat_analysis --process_multi_keys --repetitions=1 --record --record_repo=local --record_uoa=mlperf_v2.0-closed-odroid-armnn-v21.11-opencl-resnet50-singlestream-performance-target_latency.250-power.workload --tags=mlperf,round.v2.0,division.closed,task.image-classification,platform.odroid,scenario.singlestream,mode.performance,workload.resnet50,preprocessed_using.opencv,inference_engine.armnn,inference_engine_version.v21.11,inference_engine_backend.opencl,target_latency.250,power.workload\'}}" && cat `ck find program:image-classification-armnn-tflite-loadgen`/tmp/mlperf_log_summary.txt && mkdir -p "$CK_MLPERF_POWER_CLIENT_LOADGEN_LOGS" && cp "$CK_MLPERF_POWER_CLIENT_LOADGEN_LOGS"/../mlperf_log_* "$CK_MLPERF_POWER_CLIENT_LOADGEN_LOGS"/'
client 2022-02-16 09:30:09,387 [INFO] Sending command to the server: 'session,2022-02-16_09-19-08,stop,ranging'
client 2022-02-16 09:30:19,418 [INFO] Got response: 'OK'
client 2022-02-16 09:30:19,476 [INFO] Copying loadgen logs from '/home/katya/CK/ck-mlperf/program/image-classification-armnn-tflite-loadgen/tmp/loadgen_logs' to '/home/katya/CK/ck-mlperf/program/mlperf-power-client/tmp/2022-02-16_09-19-08/ranging'
client 2022-02-16 09:30:19,479 [INFO] Running workload in testing mode
client 2022-02-16 09:30:19,480 [INFO] Synchronizing with the server and with time.google.com...
client 2022-02-16 09:30:19,512 [INFO] NTP:offset = 0.040 s, delay = 0.026 s 
client 2022-02-16 09:30:19,513 [INFO] Sending command to the server: 'time'
client 2022-02-16 09:30:19,515 [INFO] Got response: '1645003819.5523436'
client 2022-02-16 09:30:19,516 [INFO] The time difference between the client and the server is within range -38.809 ms..-36.395 ms
client 2022-02-16 09:30:19,516 [INFO] Sending command to the server: 'session,2022-02-16_09-19-08,start,testing'
client 2022-02-16 09:30:32,532 [INFO] Got response: 'OK'
client 2022-02-16 09:30:32,533 [INFO] Running the workload 'ck benchmark program:image-classification-armnn-tflite-loadgen --env.CK_SILENT_MODE=YES --skip_print_timers --dep_add_tags.compiler=gcc,v7 --dep_add_tags.python=v3 --dep_add_tags.mlperf-inference-src=r2.0 --dep_add_tags.weights=resnet50 --dep_add_tags.images=crop.875,preprocessed,using-opencv --dep_add_tags.library=armnn,rel.21.11,opencl --env.CK_LOADGEN_DATASET_SIZE=1024 --env.CK_LOADGEN_SCENARIO=SingleStream --env.CK_LOADGEN_MODE=PerformanceOnly --env.USE_NEON=0 --env.USE_OPENCL=1 --env.CK_LOADGEN_TARGET_LATENCY=250 --skip_stat_analysis --process_multi_keys --repetitions=1 --record --record_repo=local --record_uoa=mlperf_v2.0-closed-odroid-armnn-v21.11-opencl-resnet50-singlestream-performance-target_latency.250-power.workload --tags=mlperf,round.v2.0,division.closed,task.image-classification,platform.odroid,scenario.singlestream,mode.performance,workload.resnet50,preprocessed_using.opencv,inference_engine.armnn,inference_engine_version.v21.11,inference_engine_backend.opencl,target_latency.250,power.workload "@@@{\'meta\': {\'ck_benchmark_program\': \'ck benchmark program:image-classification-armnn-tflite-loadgen --env.CK_SILENT_MODE=YES --skip_print_timers --dep_add_tags.compiler=gcc,v7 --dep_add_tags.python=v3 --dep_add_tags.mlperf-inference-src=r2.0 --dep_add_tags.weights=resnet50 --dep_add_tags.images=crop.875,preprocessed,using-opencv --dep_add_tags.library=armnn,rel.21.11,opencl --env.CK_LOADGEN_DATASET_SIZE=1024 --env.CK_LOADGEN_SCENARIO=SingleStream --env.CK_LOADGEN_MODE=PerformanceOnly --env.USE_NEON=0 --env.USE_OPENCL=1 --env.CK_LOADGEN_TARGET_LATENCY=250 --skip_stat_analysis --process_multi_keys --repetitions=1 --record --record_repo=local --record_uoa=mlperf_v2.0-closed-odroid-armnn-v21.11-opencl-resnet50-singlestream-performance-target_latency.250-power.workload --tags=mlperf,round.v2.0,division.closed,task.image-classification,platform.odroid,scenario.singlestream,mode.performance,workload.resnet50,preprocessed_using.opencv,inference_engine.armnn,inference_engine_version.v21.11,inference_engine_backend.opencl,target_latency.250,power.workload\'}}" && cat `ck find program:image-classification-armnn-tflite-loadgen`/tmp/mlperf_log_summary.txt && mkdir -p "$CK_MLPERF_POWER_CLIENT_LOADGEN_LOGS" && cp "$CK_MLPERF_POWER_CLIENT_LOADGEN_LOGS"/../mlperf_log_* "$CK_MLPERF_POWER_CLIENT_LOADGEN_LOGS"/'
client 2022-02-16 09:41:05,511 [INFO] Sending command to the server: 'session,2022-02-16_09-19-08,stop,testing'
client 2022-02-16 09:41:15,527 [INFO] Got response: 'OK'
client 2022-02-16 09:41:15,539 [INFO] Copying loadgen logs from '/home/katya/CK/ck-mlperf/program/image-classification-armnn-tflite-loadgen/tmp/loadgen_logs' to '/home/katya/CK/ck-mlperf/program/mlperf-power-client/tmp/2022-02-16_09-19-08/run_1'
client 2022-02-16 09:41:15,546 [INFO] Done runs
