ptd-server 2022-02-20 08:23:19,319 [INFO] Got command from the client 'time'
ptd-server 2022-02-20 08:23:19,320 [INFO] Sending reply to client '1645366999.3199925'
ptd-server 2022-02-20 08:23:19,320 [INFO] Got command from the client 'new,,5250ffce-cb49-4696-a10f-cdc576bc0d62'
ptd-server 2022-02-20 08:23:19,321 [INFO] Sending reply to client 'OK 2022-02-20_08-23-19,620961b1-479c-40bd-bdbe-31d1baa4809c'
ptd-server 2022-02-20 08:23:19,403 [INFO] Got command from the client 'time'
ptd-server 2022-02-20 08:23:19,403 [INFO] Sending reply to client '1645366999.403888'
ptd-server 2022-02-20 08:23:19,404 [INFO] Got command from the client 'session,2022-02-20_08-23-19,start,ranging'
ptd-server 2022-02-20 08:23:19,405 [INFO] Running PTDaemon: ['/local/mnt/workspace/mlcommons/power-main/inference_v1.0/ptd-linux-x86', '-l', '/tmp/tmprkpz3dbq/ptd_logfile.txt', '-p', '8888', '-c', '1,2', '77', '/dev/usbtmc0']
ptd-server 2022-02-20 08:23:36,992 [INFO] Sending to ptd: 'Hello'
ptd-server 2022-02-20 08:23:36,992 [INFO] Reply from ptd: 'Hello, PTDaemon here!'
ptd-server 2022-02-20 08:23:36,993 [INFO] Sending to ptd: 'Identify'
ptd-server 2022-02-20 08:23:36,993 [INFO] Reply from ptd: 'YokogawaWT330_multichannel,1000,1,1,1,1,0,0,1,version=1.9.2-e8c7a49a-20201208,OS=Linux 4.15.0-142-generic #146~16.04.1-Ubuntu SMP Tue Apr 13 09:27:15 UTC 2021 x86_64,mode=power,1,1,2,0,0,no_cal_date,YOKOGAWA;WT333E;C2XC17004V;F1.04'
ptd-server 2022-02-20 08:23:36,993 [INFO] Connected to PTDaemon
ptd-server 2022-02-20 08:23:36,993 [INFO] Sending to ptd: 'RR'
ptd-server 2022-02-20 08:23:36,993 [INFO] Reply from ptd: 'Ranges,-1,-1.000000,-1,-1.000000'
ptd-server 2022-02-20 08:23:36,993 [INFO] Initial range for Amps is Auto for Volts is Auto
ptd-server 2022-02-20 08:23:36,993 [INFO] Sending to ptd: 'SR,V,Auto'
ptd-server 2022-02-20 08:23:42,046 [INFO] Reply from ptd: 'Range V changed'
ptd-server 2022-02-20 08:23:42,046 [INFO] Sending to ptd: 'SR,A,Auto'
ptd-server 2022-02-20 08:23:47,099 [INFO] Reply from ptd: 'Range A changed'
ptd-server 2022-02-20 08:23:57,109 [INFO] Starting ranging mode
ptd-server 2022-02-20 08:23:57,110 [INFO] Sending to ptd: 'Go,1000,0,2022-02-20_08-23-19_ranging'
ptd-server 2022-02-20 08:23:57,110 [INFO] Reply from ptd: 'Starting untimed measurement, maximum 500000 samples at 1000ms with 0 rampup samples'
ptd-server 2022-02-20 08:23:57,111 [INFO] Sending reply to client 'OK'
ptd-server 2022-02-20 08:37:55,244 [INFO] Got command from the client 'session,2022-02-20_08-23-19,stop,ranging'
ptd-server 2022-02-20 08:38:05,255 [INFO] Sending to ptd: 'Stop'
ptd-server 2022-02-20 08:38:05,255 [INFO] Reply from ptd: 'Stopping untimed measurement'
ptd-server 2022-02-20 08:38:05,388 [INFO] Sending reply to client 'OK'
ptd-server 2022-02-20 08:38:05,507 [INFO] Got command from the client 'time'
ptd-server 2022-02-20 08:38:05,507 [INFO] Sending reply to client '1645367885.5074391'
ptd-server 2022-02-20 08:38:05,508 [INFO] Got command from the client 'session,2022-02-20_08-23-19,start,testing'
ptd-server 2022-02-20 08:38:05,508 [INFO] Sending to ptd: 'SR,V,208.880000'
ptd-server 2022-02-20 08:38:12,163 [INFO] Reply from ptd: 'Range V changed'
ptd-server 2022-02-20 08:38:12,164 [INFO] Sending to ptd: 'SR,A,3.858400'
ptd-server 2022-02-20 08:38:17,716 [INFO] Reply from ptd: 'Range A changed'
ptd-server 2022-02-20 08:38:27,717 [INFO] Starting testing mode
ptd-server 2022-02-20 08:38:27,718 [INFO] Sending to ptd: 'Go,1000,0,2022-02-20_08-23-19_testing'
ptd-server 2022-02-20 08:38:27,719 [INFO] Reply from ptd: 'Starting untimed measurement, maximum 500000 samples at 1000ms with 0 rampup samples'
ptd-server 2022-02-20 08:38:27,719 [INFO] Sending reply to client 'OK'
ptd-server 2022-02-20 08:52:26,626 [INFO] Got command from the client 'session,2022-02-20_08-23-19,stop,testing'
ptd-server 2022-02-20 08:52:36,657 [INFO] Sending to ptd: 'Stop'
ptd-server 2022-02-20 08:52:36,659 [INFO] Reply from ptd: 'Stopping untimed measurement'
ptd-server 2022-02-20 08:52:36,727 [INFO] Sending reply to client 'OK'
ptd-server 2022-02-20 08:52:36,732 [INFO] Got command from the client 'session,2022-02-20_08-23-19,done'
ptd-server 2022-02-20 08:52:36,733 [INFO] Sending to ptd: 'Stop'
ptd-server 2022-02-20 08:52:36,733 [INFO] Reply from ptd: 'Error: no measurement to stop'
ptd-server 2022-02-20 08:52:36,733 [INFO] Sending to ptd: 'SR,V,Auto'
ptd-server 2022-02-20 08:52:41,786 [INFO] Reply from ptd: 'Range V changed'
ptd-server 2022-02-20 08:52:41,786 [INFO] Sending to ptd: 'SR,A,Auto'
ptd-server 2022-02-20 08:52:46,839 [INFO] Reply from ptd: 'Range A changed'
ptd-server 2022-02-20 08:52:46,839 [INFO] Set initial values for Amps Auto and Volts Auto
ptd-server 2022-02-20 08:52:46,839 [INFO] Stopping ptd...
