client 2022-02-24 03:36:13,907 [INFO] Sending command to the server: 'mlcommons/power client v3'
client 2022-02-24 03:36:13,908 [INFO] Got response: 'mlcommons/power server v3'
client 2022-02-24 03:36:13,909 [INFO] Sending command to the server: 'stop'
client 2022-02-24 03:36:13,911 [INFO] Got response: 'OK'
client 2022-02-24 03:36:13,911 [INFO] Synchronizing with the server and with ib-01.dc4-in.nvidia.com...
client 2022-02-24 03:36:14,124 [INFO] NTP:offset = -0.001 s, delay = 0.207 s 
client 2022-02-24 03:36:14,124 [INFO] Sending command to the server: 'time'
client 2022-02-24 03:36:14,125 [INFO] Got response: '1645702574.1022458'
client 2022-02-24 03:36:14,126 [INFO] The time difference between the client and the server is within range 22.250 ms..23.746 ms
client 2022-02-24 03:36:14,126 [INFO] Sending command to the server: 'new,,2e41300e-5f1d-4006-a08f-3f10e29de11e'
client 2022-02-24 03:36:14,127 [INFO] Got response: 'OK 2022-02-24_03-36-14,1864ac67-2d72-4573-be09-e8d8fec82b0a'
client 2022-02-24 03:36:14,127 [INFO] Session id is '2022-02-24_03-36-14'
client 2022-02-24 03:36:14,128 [INFO] Sources: {"sources": {"__init__.py": "da39a3ee5e6b4b0d3255bfef95601890afd80709", "client.py": "33ca4f26368777ac06e01f9567b714a4b8063886", "lib/__init__.py": "da39a3ee5e6b4b0d3255bfef95601890afd80709", "lib/client.py": "4c2b78fb4849a7e5b584ef792d82aaed20b17f57", "lib/common.py": "624d0c0acc7c39aaff3674f0b99d6a09da53d1dc", "lib/external/__init__.py": "da39a3ee5e6b4b0d3255bfef95601890afd80709", "lib/external/ntplib.py": "4da8f970656505a40483206ef2b5d3dd5e81711d", "lib/server.py": "59c9fb92908260d3e9f81a895c7aa009742275e4", "lib/source_hashes.py": "60a2e02193209e8d392803326208d5466342da18", "lib/summary.py": "aa92f0a3f975eecd44d3c0cd0236342ccc9f941d", "lib/time_sync.py": "3210db56eb0ff0df57bf4293dc4d4b03fffd46f1", "server.py": "c3f90f2f7eeb4db30727556d0c815ebc89b3d28b", "tests/unit/__init__.py": "da39a3ee5e6b4b0d3255bfef95601890afd80709", "tests/unit/test_server.py": "99ae15aef722f2000ee6ed1ae1523637bf1ae42b", "tests/unit/test_source_hashes.py": "00468a2907583c593e6574a1f6b404e4651c221a"}, "modules": {"ptd_client_server.lib.client": "lib/client.py", "ptd_client_server.lib.common": "lib/common.py", "ptd_client_server.lib.external.ntplib": "lib/external/ntplib.py", "ptd_client_server.lib.source_hashes": "lib/source_hashes.py", "ptd_client_server.lib.summary": "lib/summary.py", "ptd_client_server.lib.time_sync": "lib/time_sync.py"}}
client 2022-02-24 03:36:14,131 [INFO] Running workload in ranging mode
client 2022-02-24 03:36:14,131 [INFO] Synchronizing with the server and with ib-01.dc4-in.nvidia.com...
client 2022-02-24 03:36:14,335 [INFO] NTP:offset = 0.001 s, delay = 0.202 s 
client 2022-02-24 03:36:14,335 [INFO] Sending command to the server: 'time'
client 2022-02-24 03:36:14,336 [INFO] Got response: '1645702574.3053226'
client 2022-02-24 03:36:14,336 [INFO] The time difference between the client and the server is within range 30.048 ms..31.613 ms
client 2022-02-24 03:36:14,336 [INFO] Sending command to the server: 'session,2022-02-24_03-36-14,start,ranging'
client 2022-02-24 03:36:53,035 [INFO] Got response: 'OK'
client 2022-02-24 03:36:53,035 [INFO] Running the workload 'LOG_DIR=/work/build/power_logs_temp python3 code/main.py --benchmarks=ssd-resnet34 --scenarios=Server --config_ver=maxq --action="run_harness" \\\n\t\t2>&1 | tee -a /work/build/power_logs/2022.02.24-03.35.31/stdout.txt \\\n\t\t&& if [ ! -d /work/build/power_logs/2022.02.24-03.35.31/ranging_tmp ]; \\\n\t\t\tthen mkdir /work/build/power_logs/2022.02.24-03.35.31/ranging_tmp \\\n\t\t\t\t&& mv /work/build/power_logs_temp/* /work/build/power_logs/2022.02.24-03.35.31/ranging_tmp/ \\\n\t\t\t\t&& cp -v /work/build/power_logs/2022.02.24-03.35.31/ranging_tmp/*/*/*/mlperf_log_detail.txt /work/build/power_logs_temp/ \\\n\t\t\t\t&& cp -v /work/build/power_logs/2022.02.24-03.35.31/ranging_tmp/*/*/*/mlperf_log_summary.txt /work/build/power_logs_temp/; \\\n\t\t\telse mkdir /work/build/power_logs/2022.02.24-03.35.31/testing_tmp \\\n\t\t\t\t&& mv /work/build/power_logs_temp/* /work/build/power_logs/2022.02.24-03.35.31/testing_tmp/ \\\n\t\t\t\t&& cp -v /work/build/power_logs/2022.02.24-03.35.31/testing_tmp/*/*/*/mlperf_log_detail.txt /work/build/power_logs_temp/ \\\n\t\t\t\t&& cp -v /work/build/power_logs/2022.02.24-03.35.31/testing_tmp/*/*/*/mlperf_log_summary.txt /work/build/power_logs_temp/; fi'
client 2022-02-24 03:47:29,713 [INFO] Sending command to the server: 'session,2022-02-24_03-36-14,stop,ranging'
client 2022-02-24 03:47:39,765 [INFO] Got response: 'OK'
client 2022-02-24 03:47:39,781 [INFO] Copying loadgen logs from '/work/build/power_logs_temp' to '/work/build/power_logs/2022.02.24-03.35.31/2022-02-24_03-36-14/ranging'
client 2022-02-24 03:47:39,802 [INFO] Running workload in testing mode
client 2022-02-24 03:47:39,802 [INFO] Synchronizing with the server and with ib-01.dc4-in.nvidia.com...
client 2022-02-24 03:47:40,007 [INFO] NTP:offset = 0.001 s, delay = 0.203 s 
client 2022-02-24 03:47:40,007 [INFO] Sending command to the server: 'time'
client 2022-02-24 03:47:40,009 [INFO] Got response: '1645703259.9866526'
client 2022-02-24 03:47:40,009 [INFO] The time difference between the client and the server is within range 21.240 ms..22.752 ms
client 2022-02-24 03:47:40,009 [INFO] Sending command to the server: 'session,2022-02-24_03-36-14,start,testing'
client 2022-02-24 03:48:01,777 [INFO] Got response: 'OK'
client 2022-02-24 03:48:01,778 [INFO] Running the workload 'LOG_DIR=/work/build/power_logs_temp python3 code/main.py --benchmarks=ssd-resnet34 --scenarios=Server --config_ver=maxq --action="run_harness" \\\n\t\t2>&1 | tee -a /work/build/power_logs/2022.02.24-03.35.31/stdout.txt \\\n\t\t&& if [ ! -d /work/build/power_logs/2022.02.24-03.35.31/ranging_tmp ]; \\\n\t\t\tthen mkdir /work/build/power_logs/2022.02.24-03.35.31/ranging_tmp \\\n\t\t\t\t&& mv /work/build/power_logs_temp/* /work/build/power_logs/2022.02.24-03.35.31/ranging_tmp/ \\\n\t\t\t\t&& cp -v /work/build/power_logs/2022.02.24-03.35.31/ranging_tmp/*/*/*/mlperf_log_detail.txt /work/build/power_logs_temp/ \\\n\t\t\t\t&& cp -v /work/build/power_logs/2022.02.24-03.35.31/ranging_tmp/*/*/*/mlperf_log_summary.txt /work/build/power_logs_temp/; \\\n\t\t\telse mkdir /work/build/power_logs/2022.02.24-03.35.31/testing_tmp \\\n\t\t\t\t&& mv /work/build/power_logs_temp/* /work/build/power_logs/2022.02.24-03.35.31/testing_tmp/ \\\n\t\t\t\t&& cp -v /work/build/power_logs/2022.02.24-03.35.31/testing_tmp/*/*/*/mlperf_log_detail.txt /work/build/power_logs_temp/ \\\n\t\t\t\t&& cp -v /work/build/power_logs/2022.02.24-03.35.31/testing_tmp/*/*/*/mlperf_log_summary.txt /work/build/power_logs_temp/; fi'
client 2022-02-24 03:58:38,766 [INFO] Sending command to the server: 'session,2022-02-24_03-36-14,stop,testing'
client 2022-02-24 03:58:48,828 [INFO] Got response: 'OK'
client 2022-02-24 03:58:48,839 [INFO] Copying loadgen logs from '/work/build/power_logs_temp' to '/work/build/power_logs/2022.02.24-03.35.31/2022-02-24_03-36-14/run_1'
client 2022-02-24 03:58:48,861 [INFO] Done runs
