ptd-server 2022-02-24 03:36:13,883 [INFO] Got command from the client 'stop'
ptd-server 2022-02-24 03:36:13,883 [INFO] The server will be stopped after processing this client
ptd-server 2022-02-24 03:36:13,883 [INFO] Sending reply to client 'OK'
ptd-server 2022-02-24 03:36:14,102 [INFO] Got command from the client 'time'
ptd-server 2022-02-24 03:36:14,102 [INFO] Sending reply to client '1645702574.1022458'
ptd-server 2022-02-24 03:36:14,102 [INFO] Got command from the client 'new,,2e41300e-5f1d-4006-a08f-3f10e29de11e'
ptd-server 2022-02-24 03:36:14,102 [INFO] Sending reply to client 'OK 2022-02-24_03-36-14,1864ac67-2d72-4573-be09-e8d8fec82b0a'
ptd-server 2022-02-24 03:36:14,305 [INFO] Got command from the client 'time'
ptd-server 2022-02-24 03:36:14,305 [INFO] Sending reply to client '1645702574.3053226'
ptd-server 2022-02-24 03:36:14,305 [INFO] Got command from the client 'session,2022-02-24_03-36-14,start,ranging'
ptd-server 2022-02-24 03:36:14,430 [INFO] Running PTDaemon: ['C:\\PTD\\ptd-windows-x86.exe', '-l', 'C:\\Users\\lab\\AppData\\Local\\Temp\\tmp17tj4ig3\\ptd_logfile.txt', '-p', '8888', '-c', '1,2', '-y', '77', '10.34.224.245']
ptd-server 2022-02-24 03:36:32,847 [INFO] Sending to ptd: 'Hello'
ptd-server 2022-02-24 03:36:32,847 [INFO] Reply from ptd: 'Hello, PTDaemon here!'
ptd-server 2022-02-24 03:36:32,847 [INFO] Sending to ptd: 'Identify'
ptd-server 2022-02-24 03:36:32,847 [INFO] Reply from ptd: 'YokogawaWT330_multichannel,1000,1,1,1,1,0,0,1,version=1.9.2-3976349f-20201208,OS=Windows 8 / Server 2012,mode=power,1,1,2,0,0,no_cal_date,YOKOGAWA;WT333E;C2XL24038V;F1.04'
ptd-server 2022-02-24 03:36:32,847 [INFO] Connected to PTDaemon
ptd-server 2022-02-24 03:36:32,847 [INFO] Sending to ptd: 'RR'
ptd-server 2022-02-24 03:36:32,847 [INFO] Reply from ptd: 'Ranges,-1,-1.000000,-1,-1.000000'
ptd-server 2022-02-24 03:36:32,847 [INFO] Initial range for Amps is Auto for Volts is Auto
ptd-server 2022-02-24 03:36:32,847 [INFO] Sending to ptd: 'SR,V,Auto'
ptd-server 2022-02-24 03:36:37,924 [INFO] Reply from ptd: 'Range V changed'
ptd-server 2022-02-24 03:36:37,924 [INFO] Sending to ptd: 'SR,A,Auto'
ptd-server 2022-02-24 03:36:43,001 [INFO] Reply from ptd: 'Range A changed'
ptd-server 2022-02-24 03:36:53,014 [INFO] Starting ranging mode
ptd-server 2022-02-24 03:36:53,014 [INFO] Sending to ptd: 'Go,1000,0,2022-02-24_03-36-14_ranging'
ptd-server 2022-02-24 03:36:53,014 [INFO] Reply from ptd: 'Starting untimed measurement, maximum 500000 samples at 1000ms with 0 rampup samples'
ptd-server 2022-02-24 03:36:53,014 [INFO] Sending reply to client 'OK'
ptd-server 2022-02-24 03:47:29,692 [INFO] Got command from the client 'session,2022-02-24_03-36-14,stop,ranging'
ptd-server 2022-02-24 03:47:39,705 [INFO] Sending to ptd: 'Stop'
ptd-server 2022-02-24 03:47:39,705 [INFO] Reply from ptd: 'Stopping untimed measurement'
ptd-server 2022-02-24 03:47:39,736 [INFO] Sending reply to client 'OK'
ptd-server 2022-02-24 03:47:39,986 [INFO] Got command from the client 'time'
ptd-server 2022-02-24 03:47:39,986 [INFO] Sending reply to client '1645703259.9866526'
ptd-server 2022-02-24 03:47:39,986 [INFO] Got command from the client 'session,2022-02-24_03-36-14,start,testing'
ptd-server 2022-02-24 03:47:39,986 [INFO] Sending to ptd: 'SR,V,208.400000'
ptd-server 2022-02-24 03:47:46,125 [INFO] Reply from ptd: 'Range V changed'
ptd-server 2022-02-24 03:47:46,125 [INFO] Sending to ptd: 'SR,A,6.999000'
ptd-server 2022-02-24 03:47:51,718 [INFO] Reply from ptd: 'Range A changed'
ptd-server 2022-02-24 03:48:01,731 [INFO] Starting testing mode
ptd-server 2022-02-24 03:48:01,747 [INFO] Sending to ptd: 'Go,1000,0,2022-02-24_03-36-14_testing'
ptd-server 2022-02-24 03:48:01,747 [INFO] Reply from ptd: 'Starting untimed measurement, maximum 500000 samples at 1000ms with 0 rampup samples'
ptd-server 2022-02-24 03:48:01,747 [INFO] Sending reply to client 'OK'
ptd-server 2022-02-24 03:58:38,736 [INFO] Got command from the client 'session,2022-02-24_03-36-14,stop,testing'
ptd-server 2022-02-24 03:58:48,765 [INFO] Sending to ptd: 'Stop'
ptd-server 2022-02-24 03:58:48,765 [INFO] Reply from ptd: 'Stopping untimed measurement'
ptd-server 2022-02-24 03:58:48,796 [INFO] Sending reply to client 'OK'
ptd-server 2022-02-24 03:58:48,859 [INFO] Got command from the client 'session,2022-02-24_03-36-14,done'
ptd-server 2022-02-24 03:58:48,859 [INFO] Sending to ptd: 'Stop'
ptd-server 2022-02-24 03:58:49,765 [INFO] Reply from ptd: 'Error: no measurement to stop'
ptd-server 2022-02-24 03:58:49,765 [INFO] Sending to ptd: 'SR,V,Auto'
ptd-server 2022-02-24 03:58:54,842 [INFO] Reply from ptd: 'Range V changed'
ptd-server 2022-02-24 03:58:54,842 [INFO] Sending to ptd: 'SR,A,Auto'
ptd-server 2022-02-24 03:58:59,919 [INFO] Reply from ptd: 'Range A changed'
ptd-server 2022-02-24 03:58:59,919 [INFO] Set initial values for Amps Auto and Volts Auto
ptd-server 2022-02-24 03:58:59,919 [INFO] Stopping ptd...
