ptd-server 2022-02-24 19:50:36,637 [INFO] Got command from the client 'time'
ptd-server 2022-02-24 19:50:36,637 [INFO] Sending reply to client '1645732236.6377194'
ptd-server 2022-02-24 19:50:36,639 [INFO] Got command from the client 'new,,a134cede-6f4d-40ab-bbe7-1d0b43004ca2'
ptd-server 2022-02-24 19:50:36,640 [INFO] Sending reply to client 'OK 2022-02-24_19-50-36,5ae09772-c6eb-4c60-bd00-39481c697141'
ptd-server 2022-02-24 19:50:36,678 [INFO] Got command from the client 'time'
ptd-server 2022-02-24 19:50:36,678 [INFO] Sending reply to client '1645732236.6782668'
ptd-server 2022-02-24 19:50:36,679 [INFO] Got command from the client 'session,2022-02-24_19-50-36,start,ranging'
ptd-server 2022-02-24 19:50:36,679 [INFO] Running PTDaemon: ['/home/anton/projects/mlperf/power/inference_v1.0/ptd-linux-x86', '-l', '/tmp/tmp0_fn53vp/ptd_logfile.txt', '-p', '8888', '49', '/dev/usbtmc0']
ptd-server 2022-02-24 19:50:53,856 [INFO] Sending to ptd: 'Hello'
ptd-server 2022-02-24 19:50:53,857 [INFO] Reply from ptd: 'Hello, PTDaemon here!'
ptd-server 2022-02-24 19:50:53,857 [INFO] Sending to ptd: 'Identify'
ptd-server 2022-02-24 19:50:53,857 [INFO] Reply from ptd: 'YokogawaWT310E,1000,1,1,1,1,0,1,1,version=1.9.2-e8c7a49a-20201208,OS=Linux 5.13.0-30-generic #33~20.04.1-Ubuntu SMP Mon Feb 7 14:25:10 UTC 2022 x86_64,mode=power,1,1,1,0,0,no_cal_date,YOKOGAWA;WT310E;C3XA04010E;F1.04'
ptd-server 2022-02-24 19:50:53,857 [INFO] Connected to PTDaemon
ptd-server 2022-02-24 19:50:53,857 [INFO] Sending to ptd: 'RR'
ptd-server 2022-02-24 19:50:53,858 [INFO] Reply from ptd: 'Ranges,0,0.500000,1,300.000000'
ptd-server 2022-02-24 19:50:53,858 [INFO] Initial range for Amps is 0.500000 for Volts is Auto
ptd-server 2022-02-24 19:50:53,858 [INFO] Sending to ptd: 'SR,V,Auto'
ptd-server 2022-02-24 19:50:54,360 [INFO] Reply from ptd: 'Range V changed'
ptd-server 2022-02-24 19:50:54,361 [INFO] Sending to ptd: 'SR,A,Auto'
ptd-server 2022-02-24 19:50:54,863 [INFO] Reply from ptd: 'Range A changed'
ptd-server 2022-02-24 19:51:04,873 [INFO] Starting ranging mode
ptd-server 2022-02-24 19:51:04,873 [INFO] Sending to ptd: 'Go,1000,0,2022-02-24_19-50-36_ranging'
ptd-server 2022-02-24 19:51:04,874 [INFO] Reply from ptd: 'Starting untimed measurement, maximum 500000 samples at 1000ms with 0 rampup samples'
ptd-server 2022-02-24 19:51:04,874 [INFO] Sending reply to client 'OK'
ptd-server 2022-02-24 20:01:27,579 [INFO] Got command from the client 'session,2022-02-24_19-50-36,stop,ranging'
ptd-server 2022-02-24 20:01:37,590 [INFO] Sending to ptd: 'Stop'
ptd-server 2022-02-24 20:01:37,590 [INFO] Reply from ptd: 'Stopping untimed measurement'
ptd-server 2022-02-24 20:01:37,747 [INFO] Sending reply to client 'OK'
ptd-server 2022-02-24 20:01:37,816 [INFO] Got command from the client 'time'
ptd-server 2022-02-24 20:01:37,816 [INFO] Sending reply to client '1645732897.8163896'
ptd-server 2022-02-24 20:01:37,818 [INFO] Got command from the client 'session,2022-02-24_19-50-36,start,testing'
ptd-server 2022-02-24 20:01:37,818 [INFO] Sending to ptd: 'SR,V,251.740000'
ptd-server 2022-02-24 20:01:39,375 [INFO] Reply from ptd: 'Range V changed'
ptd-server 2022-02-24 20:01:39,375 [INFO] Sending to ptd: 'SR,A,0.047940'
ptd-server 2022-02-24 20:01:40,877 [INFO] Reply from ptd: 'Range A changed'
ptd-server 2022-02-24 20:01:50,887 [INFO] Starting testing mode
ptd-server 2022-02-24 20:01:50,887 [INFO] Sending to ptd: 'Go,1000,0,2022-02-24_19-50-36_testing'
ptd-server 2022-02-24 20:01:50,888 [INFO] Reply from ptd: 'Starting untimed measurement, maximum 500000 samples at 1000ms with 0 rampup samples'
ptd-server 2022-02-24 20:01:50,888 [INFO] Sending reply to client 'OK'
ptd-server 2022-02-24 20:12:13,494 [INFO] Got command from the client 'session,2022-02-24_19-50-36,stop,testing'
ptd-server 2022-02-24 20:12:23,504 [INFO] Sending to ptd: 'Stop'
ptd-server 2022-02-24 20:12:23,505 [INFO] Reply from ptd: 'Stopping untimed measurement'
ptd-server 2022-02-24 20:12:23,591 [INFO] Sending reply to client 'OK'
ptd-server 2022-02-24 20:12:23,611 [INFO] Got command from the client 'session,2022-02-24_19-50-36,done'
ptd-server 2022-02-24 20:12:23,611 [INFO] Sending to ptd: 'Stop'
ptd-server 2022-02-24 20:12:23,889 [INFO] Reply from ptd: 'Error: no measurement to stop'
ptd-server 2022-02-24 20:12:23,889 [INFO] Sending to ptd: 'SR,V,Auto'
ptd-server 2022-02-24 20:12:24,391 [INFO] Reply from ptd: 'Range V changed'
ptd-server 2022-02-24 20:12:24,391 [INFO] Sending to ptd: 'SR,A,0.500000'
ptd-server 2022-02-24 20:12:25,893 [INFO] Reply from ptd: 'Range A changed'
ptd-server 2022-02-24 20:12:25,893 [INFO] Set initial values for Amps 0.500000 and Volts Auto
ptd-server 2022-02-24 20:12:25,893 [INFO] Stopping ptd...
