ptd-server 2022-02-17 17:26:44,782 [INFO] Got command from the client 'time'
ptd-server 2022-02-17 17:26:44,782 [INFO] Sending reply to client '1645118804.7824578'
ptd-server 2022-02-17 17:26:44,783 [INFO] Got command from the client 'new,,eb0aed66-3b94-42e8-a569-076830605ccd'
ptd-server 2022-02-17 17:26:44,784 [INFO] Sending reply to client 'OK 2022-02-17_17-26-44,5f96a7cb-3232-4cb7-ba1a-092f139c445f'
ptd-server 2022-02-17 17:26:44,821 [INFO] Got command from the client 'time'
ptd-server 2022-02-17 17:26:44,822 [INFO] Sending reply to client '1645118804.822085'
ptd-server 2022-02-17 17:26:44,823 [INFO] Got command from the client 'session,2022-02-17_17-26-44,start,ranging'
ptd-server 2022-02-17 17:26:44,823 [INFO] Running PTDaemon: ['/home/anton/projects/mlperf/power/inference_v1.0/ptd-linux-x86', '-l', '/tmp/tmpgldyt7rr/ptd_logfile.txt', '-p', '8888', '49', '/dev/usbtmc0']
ptd-server 2022-02-17 17:27:01,997 [INFO] Sending to ptd: 'Hello'
ptd-server 2022-02-17 17:27:01,998 [INFO] Reply from ptd: 'Hello, PTDaemon here!'
ptd-server 2022-02-17 17:27:01,998 [INFO] Sending to ptd: 'Identify'
ptd-server 2022-02-17 17:27:01,998 [INFO] Reply from ptd: 'YokogawaWT310E,1000,1,1,1,1,0,1,1,version=1.9.2-e8c7a49a-20201208,OS=Linux 5.13.0-28-generic #31~20.04.1-Ubuntu SMP Wed Jan 19 14:08:10 UTC 2022 x86_64,mode=power,1,1,1,0,0,no_cal_date,YOKOGAWA;WT310E;C3XA04010E;F1.04'
ptd-server 2022-02-17 17:27:01,998 [INFO] Connected to PTDaemon
ptd-server 2022-02-17 17:27:01,998 [INFO] Sending to ptd: 'RR'
ptd-server 2022-02-17 17:27:01,999 [INFO] Reply from ptd: 'Ranges,0,0.500000,0,300.000000'
ptd-server 2022-02-17 17:27:01,999 [INFO] Initial range for Amps is 0.500000 for Volts is 300.000000
ptd-server 2022-02-17 17:27:01,999 [INFO] Sending to ptd: 'SR,V,Auto'
ptd-server 2022-02-17 17:27:02,501 [INFO] Reply from ptd: 'Range V changed'
ptd-server 2022-02-17 17:27:02,502 [INFO] Sending to ptd: 'SR,A,Auto'
ptd-server 2022-02-17 17:27:03,004 [INFO] Reply from ptd: 'Range A changed'
ptd-server 2022-02-17 17:27:13,014 [INFO] Starting ranging mode
ptd-server 2022-02-17 17:27:13,015 [INFO] Sending to ptd: 'Go,1000,0,2022-02-17_17-26-44_ranging'
ptd-server 2022-02-17 17:27:13,015 [INFO] Reply from ptd: 'Starting untimed measurement, maximum 500000 samples at 1000ms with 0 rampup samples'
ptd-server 2022-02-17 17:27:13,015 [INFO] Sending reply to client 'OK'
ptd-server 2022-02-17 17:37:30,211 [INFO] Got command from the client 'session,2022-02-17_17-26-44,stop,ranging'
ptd-server 2022-02-17 17:37:40,220 [INFO] Sending to ptd: 'Stop'
ptd-server 2022-02-17 17:37:40,220 [INFO] Reply from ptd: 'Stopping untimed measurement'
ptd-server 2022-02-17 17:37:40,418 [INFO] Sending reply to client 'OK'
ptd-server 2022-02-17 17:37:40,490 [INFO] Got command from the client 'time'
ptd-server 2022-02-17 17:37:40,490 [INFO] Sending reply to client '1645119460.4902713'
ptd-server 2022-02-17 17:37:40,491 [INFO] Got command from the client 'session,2022-02-17_17-26-44,start,testing'
ptd-server 2022-02-17 17:37:40,491 [INFO] Sending to ptd: 'SR,V,250.540000'
ptd-server 2022-02-17 17:37:42,516 [INFO] Reply from ptd: 'Range V changed'
ptd-server 2022-02-17 17:37:42,516 [INFO] Sending to ptd: 'SR,A,0.048740'
ptd-server 2022-02-17 17:37:44,017 [INFO] Reply from ptd: 'Range A changed'
ptd-server 2022-02-17 17:37:54,028 [INFO] Starting testing mode
ptd-server 2022-02-17 17:37:54,028 [INFO] Sending to ptd: 'Go,1000,0,2022-02-17_17-26-44_testing'
ptd-server 2022-02-17 17:37:54,028 [INFO] Reply from ptd: 'Starting untimed measurement, maximum 500000 samples at 1000ms with 0 rampup samples'
ptd-server 2022-02-17 17:37:54,029 [INFO] Sending reply to client 'OK'
ptd-server 2022-02-17 17:48:12,121 [INFO] Got command from the client 'session,2022-02-17_17-26-44,stop,testing'
ptd-server 2022-02-17 17:48:22,131 [INFO] Sending to ptd: 'Stop'
ptd-server 2022-02-17 17:48:22,132 [INFO] Reply from ptd: 'Stopping untimed measurement'
ptd-server 2022-02-17 17:48:22,237 [INFO] Sending reply to client 'OK'
ptd-server 2022-02-17 17:48:22,259 [INFO] Got command from the client 'session,2022-02-17_17-26-44,done'
ptd-server 2022-02-17 17:48:22,260 [INFO] Sending to ptd: 'Stop'
ptd-server 2022-02-17 17:48:23,029 [INFO] Reply from ptd: 'Error: no measurement to stop'
ptd-server 2022-02-17 17:48:23,029 [INFO] Sending to ptd: 'SR,V,300.000000'
ptd-server 2022-02-17 17:48:24,530 [INFO] Reply from ptd: 'Range V changed'
ptd-server 2022-02-17 17:48:24,530 [INFO] Sending to ptd: 'SR,A,0.500000'
ptd-server 2022-02-17 17:48:26,031 [INFO] Reply from ptd: 'Range A changed'
ptd-server 2022-02-17 17:48:26,032 [INFO] Set initial values for Amps 0.500000 and Volts 300.000000
ptd-server 2022-02-17 17:48:26,032 [INFO] Stopping ptd...
