ptd-server 2022-02-16 17:24:00,446 [INFO] Got command from the client 'time'
ptd-server 2022-02-16 17:24:00,447 [INFO] Sending reply to client '1645032240.4469972'
ptd-server 2022-02-16 17:24:00,449 [INFO] Got command from the client 'new,,848c3caa-712c-425c-a7f4-822ae9e4dc42'
ptd-server 2022-02-16 17:24:00,449 [INFO] Sending reply to client 'OK 2022-02-16_17-24-00,3f59fba0-af3d-470c-976d-b0c22da83a36'
ptd-server 2022-02-16 17:24:00,486 [INFO] Got command from the client 'time'
ptd-server 2022-02-16 17:24:00,486 [INFO] Sending reply to client '1645032240.4868991'
ptd-server 2022-02-16 17:24:00,488 [INFO] Got command from the client 'session,2022-02-16_17-24-00,start,ranging'
ptd-server 2022-02-16 17:24:00,488 [INFO] Running PTDaemon: ['/home/anton/projects/mlperf/power/inference_v1.0/ptd-linux-x86', '-l', '/tmp/tmpgldyt7rr/ptd_logfile.txt', '-p', '8888', '49', '/dev/usbtmc0']
ptd-server 2022-02-16 17:24:17,661 [INFO] Sending to ptd: 'Hello'
ptd-server 2022-02-16 17:24:17,662 [INFO] Reply from ptd: 'Hello, PTDaemon here!'
ptd-server 2022-02-16 17:24:17,662 [INFO] Sending to ptd: 'Identify'
ptd-server 2022-02-16 17:24:17,662 [INFO] Reply from ptd: 'YokogawaWT310E,1000,1,1,1,1,0,1,1,version=1.9.2-e8c7a49a-20201208,OS=Linux 5.13.0-28-generic #31~20.04.1-Ubuntu SMP Wed Jan 19 14:08:10 UTC 2022 x86_64,mode=power,1,1,1,0,0,no_cal_date,YOKOGAWA;WT310E;C3XA04010E;F1.04'
ptd-server 2022-02-16 17:24:17,662 [INFO] Connected to PTDaemon
ptd-server 2022-02-16 17:24:17,663 [INFO] Sending to ptd: 'RR'
ptd-server 2022-02-16 17:24:17,663 [INFO] Reply from ptd: 'Ranges,0,0.500000,0,300.000000'
ptd-server 2022-02-16 17:24:17,663 [INFO] Initial range for Amps is 0.500000 for Volts is 300.000000
ptd-server 2022-02-16 17:24:17,663 [INFO] Sending to ptd: 'SR,V,Auto'
ptd-server 2022-02-16 17:24:18,166 [INFO] Reply from ptd: 'Range V changed'
ptd-server 2022-02-16 17:24:18,166 [INFO] Sending to ptd: 'SR,A,Auto'
ptd-server 2022-02-16 17:24:18,668 [INFO] Reply from ptd: 'Range A changed'
ptd-server 2022-02-16 17:24:28,677 [INFO] Starting ranging mode
ptd-server 2022-02-16 17:24:28,677 [INFO] Sending to ptd: 'Go,1000,0,2022-02-16_17-24-00_ranging'
ptd-server 2022-02-16 17:24:28,678 [INFO] Reply from ptd: 'Starting untimed measurement, maximum 500000 samples at 1000ms with 0 rampup samples'
ptd-server 2022-02-16 17:24:28,678 [INFO] Sending reply to client 'OK'
ptd-server 2022-02-16 17:35:20,514 [INFO] Got command from the client 'session,2022-02-16_17-24-00,stop,ranging'
ptd-server 2022-02-16 17:35:30,525 [INFO] Sending to ptd: 'Stop'
ptd-server 2022-02-16 17:35:30,525 [INFO] Reply from ptd: 'Stopping untimed measurement'
ptd-server 2022-02-16 17:35:30,582 [INFO] Sending reply to client 'OK'
ptd-server 2022-02-16 17:35:30,668 [INFO] Got command from the client 'time'
ptd-server 2022-02-16 17:35:30,668 [INFO] Sending reply to client '1645032930.6683395'
ptd-server 2022-02-16 17:35:30,673 [INFO] Got command from the client 'session,2022-02-16_17-24-00,start,testing'
ptd-server 2022-02-16 17:35:30,673 [INFO] Sending to ptd: 'SR,V,248.640000'
ptd-server 2022-02-16 17:35:32,179 [INFO] Reply from ptd: 'Range V changed'
ptd-server 2022-02-16 17:35:32,179 [INFO] Sending to ptd: 'SR,A,0.043560'
ptd-server 2022-02-16 17:35:33,681 [INFO] Reply from ptd: 'Range A changed'
ptd-server 2022-02-16 17:35:43,691 [INFO] Starting testing mode
ptd-server 2022-02-16 17:35:43,691 [INFO] Sending to ptd: 'Go,1000,0,2022-02-16_17-24-00_testing'
ptd-server 2022-02-16 17:35:43,692 [INFO] Reply from ptd: 'Starting untimed measurement, maximum 500000 samples at 1000ms with 0 rampup samples'
ptd-server 2022-02-16 17:35:43,692 [INFO] Sending reply to client 'OK'
ptd-server 2022-02-16 17:46:36,394 [INFO] Got command from the client 'session,2022-02-16_17-24-00,stop,testing'
ptd-server 2022-02-16 17:46:46,404 [INFO] Sending to ptd: 'Stop'
ptd-server 2022-02-16 17:46:46,404 [INFO] Reply from ptd: 'Stopping untimed measurement'
ptd-server 2022-02-16 17:46:46,434 [INFO] Sending reply to client 'OK'
ptd-server 2022-02-16 17:46:46,473 [INFO] Got command from the client 'session,2022-02-16_17-24-00,done'
ptd-server 2022-02-16 17:46:46,474 [INFO] Sending to ptd: 'Stop'
ptd-server 2022-02-16 17:46:46,692 [INFO] Reply from ptd: 'Error: no measurement to stop'
ptd-server 2022-02-16 17:46:46,692 [INFO] Sending to ptd: 'SR,V,300.000000'
ptd-server 2022-02-16 17:46:48,193 [INFO] Reply from ptd: 'Range V changed'
ptd-server 2022-02-16 17:46:48,193 [INFO] Sending to ptd: 'SR,A,0.500000'
ptd-server 2022-02-16 17:46:49,695 [INFO] Reply from ptd: 'Range A changed'
ptd-server 2022-02-16 17:46:49,695 [INFO] Set initial values for Amps 0.500000 and Volts 300.000000
ptd-server 2022-02-16 17:46:49,695 [INFO] Stopping ptd...
