ptd-server 2022-02-25 01:41:17,473 [INFO] Got command from the client 'time'
ptd-server 2022-02-25 01:41:17,473 [INFO] Sending reply to client '1645753277.4733238'
ptd-server 2022-02-25 01:41:17,475 [INFO] Got command from the client 'new,,1092593e-3384-4d5b-ad5b-dcc0b5a835e8'
ptd-server 2022-02-25 01:41:17,476 [INFO] Sending reply to client 'OK 2022-02-25_01-41-17,1c9e8248-8067-40e8-a5cf-8495197e5f09'
ptd-server 2022-02-25 01:41:17,583 [INFO] Got command from the client 'time'
ptd-server 2022-02-25 01:41:17,583 [INFO] Sending reply to client '1645753277.5837753'
ptd-server 2022-02-25 01:41:17,585 [INFO] Got command from the client 'session,2022-02-25_01-41-17,start,ranging'
ptd-server 2022-02-25 01:41:17,585 [INFO] Running PTDaemon: ['/home/anton/projects/mlperf/power/inference_v1.0/ptd-linux-x86', '-l', '/tmp/tmp0_fn53vp/ptd_logfile.txt', '-p', '8888', '49', '/dev/usbtmc0']
ptd-server 2022-02-25 01:41:34,760 [INFO] Sending to ptd: 'Hello'
ptd-server 2022-02-25 01:41:34,760 [INFO] Reply from ptd: 'Hello, PTDaemon here!'
ptd-server 2022-02-25 01:41:34,760 [INFO] Sending to ptd: 'Identify'
ptd-server 2022-02-25 01:41:34,761 [INFO] Reply from ptd: 'YokogawaWT310E,1000,1,1,1,1,0,1,1,version=1.9.2-e8c7a49a-20201208,OS=Linux 5.13.0-30-generic #33~20.04.1-Ubuntu SMP Mon Feb 7 14:25:10 UTC 2022 x86_64,mode=power,1,1,1,0,0,no_cal_date,YOKOGAWA;WT310E;C3XA04010E;F1.04'
ptd-server 2022-02-25 01:41:34,761 [INFO] Connected to PTDaemon
ptd-server 2022-02-25 01:41:34,761 [INFO] Sending to ptd: 'RR'
ptd-server 2022-02-25 01:41:34,761 [INFO] Reply from ptd: 'Ranges,0,0.500000,1,300.000000'
ptd-server 2022-02-25 01:41:34,761 [INFO] Initial range for Amps is 0.500000 for Volts is Auto
ptd-server 2022-02-25 01:41:34,762 [INFO] Sending to ptd: 'SR,V,Auto'
ptd-server 2022-02-25 01:41:35,264 [INFO] Reply from ptd: 'Range V changed'
ptd-server 2022-02-25 01:41:35,264 [INFO] Sending to ptd: 'SR,A,Auto'
ptd-server 2022-02-25 01:41:35,767 [INFO] Reply from ptd: 'Range A changed'
ptd-server 2022-02-25 01:41:45,767 [INFO] Starting ranging mode
ptd-server 2022-02-25 01:41:45,768 [INFO] Sending to ptd: 'Go,1000,0,2022-02-25_01-41-17_ranging'
ptd-server 2022-02-25 01:41:45,768 [INFO] Reply from ptd: 'Starting untimed measurement, maximum 500000 samples at 1000ms with 0 rampup samples'
ptd-server 2022-02-25 01:41:45,768 [INFO] Sending reply to client 'OK'
ptd-server 2022-02-25 01:52:08,597 [INFO] Got command from the client 'session,2022-02-25_01-41-17,stop,ranging'
ptd-server 2022-02-25 01:52:18,607 [INFO] Sending to ptd: 'Stop'
ptd-server 2022-02-25 01:52:18,608 [INFO] Reply from ptd: 'Stopping untimed measurement'
ptd-server 2022-02-25 01:52:18,799 [INFO] Sending reply to client 'OK'
ptd-server 2022-02-25 01:52:18,860 [INFO] Got command from the client 'time'
ptd-server 2022-02-25 01:52:18,860 [INFO] Sending reply to client '1645753938.8609316'
ptd-server 2022-02-25 01:52:18,862 [INFO] Got command from the client 'session,2022-02-25_01-41-17,start,testing'
ptd-server 2022-02-25 01:52:18,863 [INFO] Sending to ptd: 'SR,V,251.570000'
ptd-server 2022-02-25 01:52:20,364 [INFO] Reply from ptd: 'Range V changed'
ptd-server 2022-02-25 01:52:20,364 [INFO] Sending to ptd: 'SR,A,0.048400'
ptd-server 2022-02-25 01:52:21,865 [INFO] Reply from ptd: 'Range A changed'
ptd-server 2022-02-25 01:52:31,876 [INFO] Starting testing mode
ptd-server 2022-02-25 01:52:31,876 [INFO] Sending to ptd: 'Go,1000,0,2022-02-25_01-41-17_testing'
ptd-server 2022-02-25 01:52:31,876 [INFO] Reply from ptd: 'Starting untimed measurement, maximum 500000 samples at 1000ms with 0 rampup samples'
ptd-server 2022-02-25 01:52:31,876 [INFO] Sending reply to client 'OK'
ptd-server 2022-02-25 02:02:54,394 [INFO] Got command from the client 'session,2022-02-25_01-41-17,stop,testing'
ptd-server 2022-02-25 02:03:04,404 [INFO] Sending to ptd: 'Stop'
ptd-server 2022-02-25 02:03:04,404 [INFO] Reply from ptd: 'Stopping untimed measurement'
ptd-server 2022-02-25 02:03:04,510 [INFO] Sending reply to client 'OK'
ptd-server 2022-02-25 02:03:04,530 [INFO] Got command from the client 'session,2022-02-25_01-41-17,done'
ptd-server 2022-02-25 02:03:04,530 [INFO] Sending to ptd: 'Stop'
ptd-server 2022-02-25 02:03:04,877 [INFO] Reply from ptd: 'Error: no measurement to stop'
ptd-server 2022-02-25 02:03:04,877 [INFO] Sending to ptd: 'SR,V,Auto'
ptd-server 2022-02-25 02:03:05,379 [INFO] Reply from ptd: 'Range V changed'
ptd-server 2022-02-25 02:03:05,380 [INFO] Sending to ptd: 'SR,A,0.500000'
ptd-server 2022-02-25 02:03:06,881 [INFO] Reply from ptd: 'Range A changed'
ptd-server 2022-02-25 02:03:06,881 [INFO] Set initial values for Amps 0.500000 and Volts Auto
ptd-server 2022-02-25 02:03:06,881 [INFO] Stopping ptd...
