ptd-server 2022-02-14 16:47:18,590 [INFO] Got command from the client 'stop'
ptd-server 2022-02-14 16:47:18,590 [INFO] The server will be stopped after processing this client
ptd-server 2022-02-14 16:47:18,590 [INFO] Sending reply to client 'OK'
ptd-server 2022-02-14 16:47:18,812 [INFO] Got command from the client 'time'
ptd-server 2022-02-14 16:47:18,812 [INFO] Sending reply to client '1644886038.812594'
ptd-server 2022-02-14 16:47:18,812 [INFO] Got command from the client 'set_ntp'
ptd-server 2022-02-14 16:47:18,812 [INFO] Synchronizing with ib-01.dc4-in.nvidia.com time using NTP...
ptd-server 2022-02-14 16:47:19,839 [INFO] Set system time at 2022-02-14 16:47:19.839881
ptd-server 2022-02-14 16:47:19,839 [INFO] Sending reply to client 'OK'
ptd-server 2022-02-14 16:47:28,171 [INFO] Got command from the client 'time'
ptd-server 2022-02-14 16:47:28,171 [INFO] Sending reply to client '1644886048.1710794'
ptd-server 2022-02-14 16:47:28,171 [INFO] Got command from the client 'new,,43f33127-6b72-4f0e-bb5c-5cb1c0f9dfa8'
ptd-server 2022-02-14 16:47:28,171 [INFO] Sending reply to client 'OK 2022-02-14_16-47-28,b03f824b-c832-4a27-9b2a-d2e63b4afaa2'
ptd-server 2022-02-14 16:47:28,393 [INFO] Got command from the client 'time'
ptd-server 2022-02-14 16:47:28,393 [INFO] Sending reply to client '1644886048.3939242'
ptd-server 2022-02-14 16:47:28,393 [INFO] Got command from the client 'session,2022-02-14_16-47-28,start,ranging'
ptd-server 2022-02-14 16:47:28,503 [INFO] Running PTDaemon: ['C:\\PTD\\ptd-windows-x86.exe', '-l', 'C:\\Users\\lab\\AppData\\Local\\Temp\\tmpaoko4orv\\ptd_logfile.txt', '-p', '8888', '-c', '1', '-y', '52', '10.34.244.57']
ptd-server 2022-02-14 16:47:47,039 [INFO] Sending to ptd: 'Hello'
ptd-server 2022-02-14 16:47:47,039 [INFO] Reply from ptd: 'Hello, PTDaemon here!'
ptd-server 2022-02-14 16:47:47,039 [INFO] Sending to ptd: 'Identify'
ptd-server 2022-02-14 16:47:47,039 [INFO] Reply from ptd: 'YokogawaWT330E,1000,1,1,1,1,0,0,1,version=1.9.2-3976349f-20201208,OS=Windows 8 / Server 2012,mode=power,1,1,1,0,0,no_cal_date,YOKOGAWA;WT333E;C2XG12028V;F1.04'
ptd-server 2022-02-14 16:47:47,039 [INFO] Connected to PTDaemon
ptd-server 2022-02-14 16:47:47,039 [INFO] Sending to ptd: 'RR'
ptd-server 2022-02-14 16:47:47,039 [INFO] Reply from ptd: 'Ranges,0,20.000000,1,300.000000'
ptd-server 2022-02-14 16:47:47,039 [INFO] Initial range for Amps is 20.000000 for Volts is Auto
ptd-server 2022-02-14 16:47:47,039 [INFO] Sending to ptd: 'SR,V,Auto'
ptd-server 2022-02-14 16:47:47,560 [INFO] Reply from ptd: 'Range V changed'
ptd-server 2022-02-14 16:47:47,560 [INFO] Sending to ptd: 'SR,A,Auto'
ptd-server 2022-02-14 16:47:48,070 [INFO] Reply from ptd: 'Range A changed'
ptd-server 2022-02-14 16:47:58,076 [INFO] Starting ranging mode
ptd-server 2022-02-14 16:47:58,076 [INFO] Sending to ptd: 'Go,1000,0,2022-02-14_16-47-28_ranging'
ptd-server 2022-02-14 16:47:58,076 [INFO] Reply from ptd: 'Starting untimed measurement, maximum 500000 samples at 1000ms with 0 rampup samples'
ptd-server 2022-02-14 16:47:58,076 [INFO] Sending reply to client 'OK'
ptd-server 2022-02-14 17:26:22,763 [INFO] Got command from the client 'session,2022-02-14_16-47-28,stop,ranging'
ptd-server 2022-02-14 17:26:32,772 [INFO] Sending to ptd: 'Stop'
ptd-server 2022-02-14 17:26:32,772 [INFO] Reply from ptd: 'Stopping untimed measurement'
ptd-server 2022-02-14 17:26:32,803 [INFO] Sending reply to client 'OK'
ptd-server 2022-02-14 17:26:33,054 [INFO] Got command from the client 'time'
ptd-server 2022-02-14 17:26:33,054 [INFO] Sending reply to client '1644888393.0541177'
ptd-server 2022-02-14 17:26:33,054 [INFO] Got command from the client 'session,2022-02-14_16-47-28,start,testing'
ptd-server 2022-02-14 17:26:33,054 [INFO] Sending to ptd: 'SR,V,206.630000'
ptd-server 2022-02-14 17:26:34,600 [INFO] Reply from ptd: 'Range V changed'
ptd-server 2022-02-14 17:26:34,600 [INFO] Sending to ptd: 'SR,A,5.573000'
ptd-server 2022-02-14 17:26:36,132 [INFO] Reply from ptd: 'Range A changed'
ptd-server 2022-02-14 17:26:46,145 [INFO] Starting testing mode
ptd-server 2022-02-14 17:26:46,145 [INFO] Sending to ptd: 'Go,1000,0,2022-02-14_16-47-28_testing'
ptd-server 2022-02-14 17:26:46,145 [INFO] Reply from ptd: 'Starting untimed measurement, maximum 500000 samples at 1000ms with 0 rampup samples'
ptd-server 2022-02-14 17:26:46,145 [INFO] Sending reply to client 'OK'
ptd-server 2022-02-14 18:05:18,916 [INFO] Got command from the client 'session,2022-02-14_16-47-28,stop,testing'
ptd-server 2022-02-14 18:05:28,927 [INFO] Sending to ptd: 'Stop'
ptd-server 2022-02-14 18:05:28,927 [INFO] Reply from ptd: 'Stopping untimed measurement'
ptd-server 2022-02-14 18:05:28,943 [INFO] Sending reply to client 'OK'
ptd-server 2022-02-14 18:05:29,004 [INFO] Got command from the client 'session,2022-02-14_16-47-28,done'
ptd-server 2022-02-14 18:05:29,004 [INFO] Sending to ptd: 'Stop'
ptd-server 2022-02-14 18:05:29,161 [INFO] Reply from ptd: 'Error: no measurement to stop'
ptd-server 2022-02-14 18:05:29,161 [INFO] Sending to ptd: 'SR,V,Auto'
ptd-server 2022-02-14 18:05:29,678 [INFO] Reply from ptd: 'Range V changed'
ptd-server 2022-02-14 18:05:29,678 [INFO] Sending to ptd: 'SR,A,20.000000'
ptd-server 2022-02-14 18:05:31,201 [INFO] Reply from ptd: 'Range A changed'
ptd-server 2022-02-14 18:05:31,201 [INFO] Set initial values for Amps 20.000000 and Volts Auto
ptd-server 2022-02-14 18:05:31,201 [INFO] Stopping ptd...
