ptd-server 2022-02-14 04:39:23,076 [INFO] Got command from the client 'time'
ptd-server 2022-02-14 04:39:23,076 [INFO] Sending reply to client '1644813563.0767152'
ptd-server 2022-02-14 04:39:23,078 [INFO] Got command from the client 'new,,883f055d-0475-4f94-801b-c8c568fe3730'
ptd-server 2022-02-14 04:39:23,079 [INFO] Sending reply to client 'OK 2022-02-14_04-39-23,2854d91c-9e18-4bcd-aded-e61e59dc21a0'
ptd-server 2022-02-14 04:39:23,115 [INFO] Got command from the client 'time'
ptd-server 2022-02-14 04:39:23,115 [INFO] Sending reply to client '1644813563.115962'
ptd-server 2022-02-14 04:39:23,117 [INFO] Got command from the client 'session,2022-02-14_04-39-23,start,ranging'
ptd-server 2022-02-14 04:39:23,118 [INFO] Running PTDaemon: ['/home/anton/projects/mlperf/power/inference_v1.0/ptd-linux-x86', '-l', '/tmp/tmpxvec0g6h/ptd_logfile.txt', '-p', '8888', '49', '/dev/usbtmc0']
ptd-server 2022-02-14 04:39:40,291 [INFO] Sending to ptd: 'Hello'
ptd-server 2022-02-14 04:39:40,292 [INFO] Reply from ptd: 'Hello, PTDaemon here!'
ptd-server 2022-02-14 04:39:40,292 [INFO] Sending to ptd: 'Identify'
ptd-server 2022-02-14 04:39:40,293 [INFO] Reply from ptd: 'YokogawaWT310E,1000,1,1,1,1,0,1,1,version=1.9.2-e8c7a49a-20201208,OS=Linux 5.13.0-27-generic #29~20.04.1-Ubuntu SMP Fri Jan 14 00:32:30 UTC 2022 x86_64,mode=power,1,1,1,0,0,no_cal_date,YOKOGAWA;WT310E;C3XA04010E;F1.04'
ptd-server 2022-02-14 04:39:40,293 [INFO] Connected to PTDaemon
ptd-server 2022-02-14 04:39:40,293 [INFO] Sending to ptd: 'RR'
ptd-server 2022-02-14 04:39:40,293 [INFO] Reply from ptd: 'Ranges,0,0.500000,0,300.000000'
ptd-server 2022-02-14 04:39:40,293 [INFO] Initial range for Amps is 0.500000 for Volts is 300.000000
ptd-server 2022-02-14 04:39:40,293 [INFO] Sending to ptd: 'SR,V,Auto'
ptd-server 2022-02-14 04:39:40,796 [INFO] Reply from ptd: 'Range V changed'
ptd-server 2022-02-14 04:39:40,796 [INFO] Sending to ptd: 'SR,A,Auto'
ptd-server 2022-02-14 04:39:41,299 [INFO] Reply from ptd: 'Range A changed'
ptd-server 2022-02-14 04:39:51,309 [INFO] Starting ranging mode
ptd-server 2022-02-14 04:39:51,309 [INFO] Sending to ptd: 'Go,1000,0,2022-02-14_04-39-23_ranging'
ptd-server 2022-02-14 04:39:51,310 [INFO] Reply from ptd: 'Starting untimed measurement, maximum 500000 samples at 1000ms with 0 rampup samples'
ptd-server 2022-02-14 04:39:51,310 [INFO] Sending reply to client 'OK'
ptd-server 2022-02-14 04:50:07,177 [INFO] Got command from the client 'session,2022-02-14_04-39-23,stop,ranging'
ptd-server 2022-02-14 04:50:17,187 [INFO] Sending to ptd: 'Stop'
ptd-server 2022-02-14 04:50:17,187 [INFO] Reply from ptd: 'Stopping untimed measurement'
ptd-server 2022-02-14 04:50:17,878 [INFO] Sending reply to client 'OK'
ptd-server 2022-02-14 04:50:17,932 [INFO] Got command from the client 'time'
ptd-server 2022-02-14 04:50:17,932 [INFO] Sending reply to client '1644814217.9323802'
ptd-server 2022-02-14 04:50:17,935 [INFO] Got command from the client 'session,2022-02-14_04-39-23,start,testing'
ptd-server 2022-02-14 04:50:17,935 [INFO] Sending to ptd: 'SR,V,251.740000'
ptd-server 2022-02-14 04:50:19,436 [INFO] Reply from ptd: 'Range V changed'
ptd-server 2022-02-14 04:50:19,437 [INFO] Sending to ptd: 'SR,A,0.130080'
ptd-server 2022-02-14 04:50:20,938 [INFO] Reply from ptd: 'Range A changed'
ptd-server 2022-02-14 04:50:30,948 [INFO] Starting testing mode
ptd-server 2022-02-14 04:50:30,948 [INFO] Sending to ptd: 'Go,1000,0,2022-02-14_04-39-23_testing'
ptd-server 2022-02-14 04:50:30,949 [INFO] Reply from ptd: 'Starting untimed measurement, maximum 500000 samples at 1000ms with 0 rampup samples'
ptd-server 2022-02-14 04:50:30,949 [INFO] Sending reply to client 'OK'
ptd-server 2022-02-14 05:00:46,667 [INFO] Got command from the client 'session,2022-02-14_04-39-23,stop,testing'
ptd-server 2022-02-14 05:00:56,678 [INFO] Sending to ptd: 'Stop'
ptd-server 2022-02-14 05:00:56,678 [INFO] Reply from ptd: 'Stopping untimed measurement'
ptd-server 2022-02-14 05:00:57,034 [INFO] Sending reply to client 'OK'
ptd-server 2022-02-14 05:00:57,053 [INFO] Got command from the client 'session,2022-02-14_04-39-23,done'
ptd-server 2022-02-14 05:00:57,054 [INFO] Sending to ptd: 'Stop'
ptd-server 2022-02-14 05:00:57,054 [INFO] Reply from ptd: 'Error: no measurement to stop'
ptd-server 2022-02-14 05:00:57,054 [INFO] Sending to ptd: 'SR,V,300.000000'
ptd-server 2022-02-14 05:00:58,555 [INFO] Reply from ptd: 'Range V changed'
ptd-server 2022-02-14 05:00:58,556 [INFO] Sending to ptd: 'SR,A,0.500000'
ptd-server 2022-02-14 05:01:00,057 [INFO] Reply from ptd: 'Range A changed'
ptd-server 2022-02-14 05:01:00,057 [INFO] Set initial values for Amps 0.500000 and Volts 300.000000
ptd-server 2022-02-14 05:01:00,057 [INFO] Stopping ptd...
