ptd-server 2022-02-23 08:00:58,155 [INFO] Got command from the client 'time'
ptd-server 2022-02-23 08:00:58,155 [INFO] Sending reply to client '1645603258.1552522'
ptd-server 2022-02-23 08:00:58,157 [INFO] Got command from the client 'new,,92a63dba-3107-486e-bd1a-4c2e1bf05fab'
ptd-server 2022-02-23 08:00:58,157 [INFO] Sending reply to client 'OK 2022-02-23_08-00-58,c73a751c-0f22-4f2d-a9c8-d9751fc72fc8'
ptd-server 2022-02-23 08:00:58,194 [INFO] Got command from the client 'time'
ptd-server 2022-02-23 08:00:58,195 [INFO] Sending reply to client '1645603258.1949906'
ptd-server 2022-02-23 08:00:58,196 [INFO] Got command from the client 'session,2022-02-23_08-00-58,start,ranging'
ptd-server 2022-02-23 08:00:58,197 [INFO] Running PTDaemon: ['/home/anton/projects/mlperf/power/inference_v1.0/ptd-linux-x86', '-l', '/tmp/tmpgldyt7rr/ptd_logfile.txt', '-p', '8888', '49', '/dev/usbtmc0']
ptd-server 2022-02-23 08:01:15,370 [INFO] Sending to ptd: 'Hello'
ptd-server 2022-02-23 08:01:15,371 [INFO] Reply from ptd: 'Hello, PTDaemon here!'
ptd-server 2022-02-23 08:01:15,371 [INFO] Sending to ptd: 'Identify'
ptd-server 2022-02-23 08:01:15,371 [INFO] Reply from ptd: 'YokogawaWT310E,1000,1,1,1,1,0,1,1,version=1.9.2-e8c7a49a-20201208,OS=Linux 5.13.0-28-generic #31~20.04.1-Ubuntu SMP Wed Jan 19 14:08:10 UTC 2022 x86_64,mode=power,1,1,1,0,0,no_cal_date,YOKOGAWA;WT310E;C3XA04010E;F1.04'
ptd-server 2022-02-23 08:01:15,372 [INFO] Connected to PTDaemon
ptd-server 2022-02-23 08:01:15,372 [INFO] Sending to ptd: 'RR'
ptd-server 2022-02-23 08:01:15,372 [INFO] Reply from ptd: 'Ranges,0,0.500000,0,300.000000'
ptd-server 2022-02-23 08:01:15,372 [INFO] Initial range for Amps is 0.500000 for Volts is 300.000000
ptd-server 2022-02-23 08:01:15,372 [INFO] Sending to ptd: 'SR,V,Auto'
ptd-server 2022-02-23 08:01:15,875 [INFO] Reply from ptd: 'Range V changed'
ptd-server 2022-02-23 08:01:15,875 [INFO] Sending to ptd: 'SR,A,Auto'
ptd-server 2022-02-23 08:01:16,377 [INFO] Reply from ptd: 'Range A changed'
ptd-server 2022-02-23 08:01:26,388 [INFO] Starting ranging mode
ptd-server 2022-02-23 08:01:26,388 [INFO] Sending to ptd: 'Go,1000,0,2022-02-23_08-00-58_ranging'
ptd-server 2022-02-23 08:01:26,388 [INFO] Reply from ptd: 'Starting untimed measurement, maximum 500000 samples at 1000ms with 0 rampup samples'
ptd-server 2022-02-23 08:01:26,388 [INFO] Sending reply to client 'OK'
ptd-server 2022-02-23 08:11:55,987 [INFO] Got command from the client 'session,2022-02-23_08-00-58,stop,ranging'
ptd-server 2022-02-23 08:12:05,998 [INFO] Sending to ptd: 'Stop'
ptd-server 2022-02-23 08:12:05,998 [INFO] Reply from ptd: 'Stopping untimed measurement'
ptd-server 2022-02-23 08:12:06,844 [INFO] Sending reply to client 'OK'
ptd-server 2022-02-23 08:12:06,902 [INFO] Got command from the client 'time'
ptd-server 2022-02-23 08:12:06,902 [INFO] Sending reply to client '1645603926.9026651'
ptd-server 2022-02-23 08:12:06,904 [INFO] Got command from the client 'session,2022-02-23_08-00-58,start,testing'
ptd-server 2022-02-23 08:12:06,904 [INFO] Sending to ptd: 'SR,V,249.170000'
ptd-server 2022-02-23 08:12:08,406 [INFO] Reply from ptd: 'Range V changed'
ptd-server 2022-02-23 08:12:08,406 [INFO] Sending to ptd: 'SR,A,0.057080'
ptd-server 2022-02-23 08:12:09,907 [INFO] Reply from ptd: 'Range A changed'
ptd-server 2022-02-23 08:12:19,918 [INFO] Starting testing mode
ptd-server 2022-02-23 08:12:19,918 [INFO] Sending to ptd: 'Go,1000,0,2022-02-23_08-00-58_testing'
ptd-server 2022-02-23 08:12:19,918 [INFO] Reply from ptd: 'Starting untimed measurement, maximum 500000 samples at 1000ms with 0 rampup samples'
ptd-server 2022-02-23 08:12:19,918 [INFO] Sending reply to client 'OK'
ptd-server 2022-02-23 08:22:49,323 [INFO] Got command from the client 'session,2022-02-23_08-00-58,stop,testing'
ptd-server 2022-02-23 08:22:59,334 [INFO] Sending to ptd: 'Stop'
ptd-server 2022-02-23 08:22:59,334 [INFO] Reply from ptd: 'Stopping untimed measurement'
ptd-server 2022-02-23 08:22:59,775 [INFO] Sending reply to client 'OK'
ptd-server 2022-02-23 08:22:59,794 [INFO] Got command from the client 'session,2022-02-23_08-00-58,done'
ptd-server 2022-02-23 08:22:59,794 [INFO] Sending to ptd: 'Stop'
ptd-server 2022-02-23 08:22:59,918 [INFO] Reply from ptd: 'Error: no measurement to stop'
ptd-server 2022-02-23 08:22:59,918 [INFO] Sending to ptd: 'SR,V,300.000000'
ptd-server 2022-02-23 08:23:01,419 [INFO] Reply from ptd: 'Range V changed'
ptd-server 2022-02-23 08:23:01,420 [INFO] Sending to ptd: 'SR,A,0.500000'
ptd-server 2022-02-23 08:23:02,922 [INFO] Reply from ptd: 'Range A changed'
ptd-server 2022-02-23 08:23:02,922 [INFO] Set initial values for Amps 0.500000 and Volts 300.000000
ptd-server 2022-02-23 08:23:02,922 [INFO] Stopping ptd...
