ptd-server 2022-02-13 22:04:21,704 [INFO] Got command from the client 'stop'
ptd-server 2022-02-13 22:04:21,704 [INFO] The server will be stopped after processing this client
ptd-server 2022-02-13 22:04:21,704 [INFO] Sending reply to client 'OK'
ptd-server 2022-02-13 22:04:21,905 [INFO] Got command from the client 'time'
ptd-server 2022-02-13 22:04:21,905 [INFO] Sending reply to client '1644818661.9054184'
ptd-server 2022-02-13 22:04:21,905 [INFO] Got command from the client 'new,,f3186ca8-6f40-4576-97d7-5eb608b52ddd'
ptd-server 2022-02-13 22:04:21,920 [INFO] Sending reply to client 'OK 2022-02-13_22-04-21,ba2c9e2b-371f-4a92-88d8-23a0531eba74'
ptd-server 2022-02-13 22:04:22,121 [INFO] Got command from the client 'time'
ptd-server 2022-02-13 22:04:22,121 [INFO] Sending reply to client '1644818662.121787'
ptd-server 2022-02-13 22:04:22,121 [INFO] Got command from the client 'session,2022-02-13_22-04-21,start,ranging'
ptd-server 2022-02-13 22:04:22,231 [INFO] Running PTDaemon: ['C:\\PTD\\ptd-windows-x86.exe', '-l', 'C:\\Users\\lab\\AppData\\Local\\Temp\\tmps4vvl817\\ptd_logfile.txt', '-p', '8888', '-c', '1,2', '-y', '77', '10.117.40.72']
ptd-server 2022-02-13 22:04:40,327 [INFO] Sending to ptd: 'Hello'
ptd-server 2022-02-13 22:04:40,327 [INFO] Reply from ptd: 'Hello, PTDaemon here!'
ptd-server 2022-02-13 22:04:40,327 [INFO] Sending to ptd: 'Identify'
ptd-server 2022-02-13 22:04:40,327 [INFO] Reply from ptd: 'YokogawaWT330_multichannel,1000,1,1,1,1,0,0,1,version=1.9.2-3976349f-20201208,OS=Windows 8 / Server 2012,mode=power,1,1,2,0,0,no_cal_date,YOKOGAWA;WT333E;C2WC23035V;F1.04'
ptd-server 2022-02-13 22:04:40,327 [INFO] Connected to PTDaemon
ptd-server 2022-02-13 22:04:40,327 [INFO] Sending to ptd: 'RR'
ptd-server 2022-02-13 22:04:40,327 [INFO] Reply from ptd: 'Ranges,-1,-1.000000,-1,-1.000000'
ptd-server 2022-02-13 22:04:40,327 [INFO] Initial range for Amps is Auto for Volts is Auto
ptd-server 2022-02-13 22:04:40,327 [INFO] Sending to ptd: 'SR,V,Auto'
ptd-server 2022-02-13 22:04:45,402 [INFO] Reply from ptd: 'Range V changed'
ptd-server 2022-02-13 22:04:45,402 [INFO] Sending to ptd: 'SR,A,Auto'
ptd-server 2022-02-13 22:04:50,483 [INFO] Reply from ptd: 'Range A changed'
ptd-server 2022-02-13 22:05:00,483 [INFO] Starting ranging mode
ptd-server 2022-02-13 22:05:00,489 [INFO] Sending to ptd: 'Go,1000,0,2022-02-13_22-04-21_ranging'
ptd-server 2022-02-13 22:05:00,489 [INFO] Reply from ptd: 'Starting untimed measurement, maximum 500000 samples at 1000ms with 0 rampup samples'
ptd-server 2022-02-13 22:05:00,489 [INFO] Sending reply to client 'OK'
ptd-server 2022-02-13 22:16:30,241 [INFO] Got command from the client 'session,2022-02-13_22-04-21,stop,ranging'
ptd-server 2022-02-13 22:16:40,247 [INFO] Sending to ptd: 'Stop'
ptd-server 2022-02-13 22:16:40,247 [INFO] Reply from ptd: 'Stopping untimed measurement'
ptd-server 2022-02-13 22:16:40,278 [INFO] Sending reply to client 'OK'
ptd-server 2022-02-13 22:16:40,519 [INFO] Got command from the client 'time'
ptd-server 2022-02-13 22:16:40,519 [INFO] Sending reply to client '1644819400.51956'
ptd-server 2022-02-13 22:16:40,519 [INFO] Got command from the client 'session,2022-02-13_22-04-21,start,testing'
ptd-server 2022-02-13 22:16:40,519 [INFO] Sending to ptd: 'SR,V,206.070000'
ptd-server 2022-02-13 22:16:46,604 [INFO] Reply from ptd: 'Range V changed'
ptd-server 2022-02-13 22:16:46,604 [INFO] Sending to ptd: 'SR,A,3.352000'
ptd-server 2022-02-13 22:16:52,184 [INFO] Reply from ptd: 'Range A changed'
ptd-server 2022-02-13 22:17:02,197 [INFO] Starting testing mode
ptd-server 2022-02-13 22:17:02,197 [INFO] Sending to ptd: 'Go,1000,0,2022-02-13_22-04-21_testing'
ptd-server 2022-02-13 22:17:02,197 [INFO] Reply from ptd: 'Starting untimed measurement, maximum 500000 samples at 1000ms with 0 rampup samples'
ptd-server 2022-02-13 22:17:02,197 [INFO] Sending reply to client 'OK'
ptd-server 2022-02-13 22:28:34,982 [INFO] Got command from the client 'session,2022-02-13_22-04-21,stop,testing'
ptd-server 2022-02-13 22:28:44,986 [INFO] Sending to ptd: 'Stop'
ptd-server 2022-02-13 22:28:44,986 [INFO] Reply from ptd: 'Stopping untimed measurement'
ptd-server 2022-02-13 22:28:45,002 [INFO] Sending reply to client 'OK'
ptd-server 2022-02-13 22:28:45,033 [INFO] Got command from the client 'session,2022-02-13_22-04-21,done'
ptd-server 2022-02-13 22:28:45,033 [INFO] Sending to ptd: 'Stop'
ptd-server 2022-02-13 22:28:45,205 [INFO] Reply from ptd: 'Error: no measurement to stop'
ptd-server 2022-02-13 22:28:45,205 [INFO] Sending to ptd: 'SR,V,Auto'
ptd-server 2022-02-13 22:28:50,279 [INFO] Reply from ptd: 'Range V changed'
ptd-server 2022-02-13 22:28:50,279 [INFO] Sending to ptd: 'SR,A,Auto'
ptd-server 2022-02-13 22:28:55,356 [INFO] Reply from ptd: 'Range A changed'
ptd-server 2022-02-13 22:28:55,356 [INFO] Set initial values for Amps Auto and Volts Auto
ptd-server 2022-02-13 22:28:55,356 [INFO] Stopping ptd...
