ptd-server 2022-02-22 22:00:36,015 [INFO] Got command from the client 'stop'
ptd-server 2022-02-22 22:00:36,015 [INFO] The server will be stopped after processing this client
ptd-server 2022-02-22 22:00:36,015 [INFO] Sending reply to client 'OK'
ptd-server 2022-02-22 22:00:36,233 [INFO] Got command from the client 'time'
ptd-server 2022-02-22 22:00:36,233 [INFO] Sending reply to client '1645596036.2337582'
ptd-server 2022-02-22 22:00:36,249 [INFO] Got command from the client 'new,,9e85f6f1-83c9-4d95-a6e5-bae4704cc045'
ptd-server 2022-02-22 22:00:36,249 [INFO] Sending reply to client 'OK 2022-02-22_22-00-36,708279ae-017c-4be4-818d-8741dded53c4'
ptd-server 2022-02-22 22:00:36,454 [INFO] Got command from the client 'time'
ptd-server 2022-02-22 22:00:36,469 [INFO] Sending reply to client '1645596036.454416'
ptd-server 2022-02-22 22:00:36,469 [INFO] Got command from the client 'session,2022-02-22_22-00-36,start,ranging'
ptd-server 2022-02-22 22:00:36,581 [INFO] Running PTDaemon: ['C:\\PTD\\ptd-windows-x86.exe', '-l', 'C:\\Users\\lab\\AppData\\Local\\Temp\\tmpkfy2if3v\\ptd_logfile.txt', '-p', '8888', '-c', '2', '-y', '52', '10.32.209.61']
ptd-server 2022-02-22 22:00:54,280 [INFO] Sending to ptd: 'Hello'
ptd-server 2022-02-22 22:00:54,280 [INFO] Reply from ptd: 'Hello, PTDaemon here!'
ptd-server 2022-02-22 22:00:54,280 [INFO] Sending to ptd: 'Identify'
ptd-server 2022-02-22 22:00:54,280 [INFO] Reply from ptd: 'YokogawaWT330E,1000,1,1,1,1,0,0,1,version=1.9.2-3976349f-20201208,OS=Windows 8 / Server 2012,mode=power,1,1,1,0,0,no_cal_date,YOKOGAWA;WT333E;C2VL22012V;F1.04'
ptd-server 2022-02-22 22:00:54,280 [INFO] Connected to PTDaemon
ptd-server 2022-02-22 22:00:54,280 [INFO] Sending to ptd: 'RR'
ptd-server 2022-02-22 22:00:54,280 [INFO] Reply from ptd: 'Ranges,1,0.500000,1,150.000000'
ptd-server 2022-02-22 22:00:54,280 [INFO] Initial range for Amps is Auto for Volts is Auto
ptd-server 2022-02-22 22:00:54,280 [INFO] Sending to ptd: 'SR,V,Auto'
ptd-server 2022-02-22 22:00:54,812 [INFO] Reply from ptd: 'Range V changed'
ptd-server 2022-02-22 22:00:54,812 [INFO] Sending to ptd: 'SR,A,Auto'
ptd-server 2022-02-22 22:00:55,329 [INFO] Reply from ptd: 'Range A changed'
ptd-server 2022-02-22 22:01:05,342 [INFO] Starting ranging mode
ptd-server 2022-02-22 22:01:05,342 [INFO] Sending to ptd: 'Go,1000,0,2022-02-22_22-00-36_ranging'
ptd-server 2022-02-22 22:01:05,342 [INFO] Reply from ptd: 'Starting untimed measurement, maximum 500000 samples at 1000ms with 0 rampup samples'
ptd-server 2022-02-22 22:01:05,342 [INFO] Sending reply to client 'OK'
ptd-server 2022-02-22 22:11:39,739 [INFO] Got command from the client 'session,2022-02-22_22-00-36,stop,ranging'
ptd-server 2022-02-22 22:11:49,762 [INFO] Sending to ptd: 'Stop'
ptd-server 2022-02-22 22:11:49,762 [INFO] Reply from ptd: 'Stopping untimed measurement'
ptd-server 2022-02-22 22:11:49,777 [INFO] Sending reply to client 'OK'
ptd-server 2022-02-22 22:11:50,059 [INFO] Got command from the client 'time'
ptd-server 2022-02-22 22:11:50,059 [INFO] Sending reply to client '1645596710.05903'
ptd-server 2022-02-22 22:11:50,059 [INFO] Got command from the client 'session,2022-02-22_22-00-36,start,testing'
ptd-server 2022-02-22 22:11:50,059 [INFO] Sending to ptd: 'SR,V,122.300000'
ptd-server 2022-02-22 22:11:51,867 [INFO] Reply from ptd: 'Range V changed'
ptd-server 2022-02-22 22:11:51,867 [INFO] Sending to ptd: 'SR,A,0.216500'
ptd-server 2022-02-22 22:11:53,390 [INFO] Reply from ptd: 'Range A changed'
ptd-server 2022-02-22 22:12:03,402 [INFO] Starting testing mode
ptd-server 2022-02-22 22:12:03,402 [INFO] Sending to ptd: 'Go,1000,0,2022-02-22_22-00-36_testing'
ptd-server 2022-02-22 22:12:03,402 [INFO] Reply from ptd: 'Starting untimed measurement, maximum 500000 samples at 1000ms with 0 rampup samples'
ptd-server 2022-02-22 22:12:03,402 [INFO] Sending reply to client 'OK'
ptd-server 2022-02-22 22:22:31,425 [INFO] Got command from the client 'session,2022-02-22_22-00-36,stop,testing'
ptd-server 2022-02-22 22:22:41,447 [INFO] Sending to ptd: 'Stop'
ptd-server 2022-02-22 22:22:41,447 [INFO] Reply from ptd: 'Stopping untimed measurement'
ptd-server 2022-02-22 22:22:41,463 [INFO] Sending reply to client 'OK'
ptd-server 2022-02-22 22:22:41,557 [INFO] Got command from the client 'session,2022-02-22_22-00-36,done'
ptd-server 2022-02-22 22:22:41,557 [INFO] Sending to ptd: 'Stop'
ptd-server 2022-02-22 22:22:42,416 [INFO] Reply from ptd: 'Error: no measurement to stop'
ptd-server 2022-02-22 22:22:42,416 [INFO] Sending to ptd: 'SR,V,Auto'
ptd-server 2022-02-22 22:22:42,947 [INFO] Reply from ptd: 'Range V changed'
ptd-server 2022-02-22 22:22:42,947 [INFO] Sending to ptd: 'SR,A,Auto'
ptd-server 2022-02-22 22:22:43,478 [INFO] Reply from ptd: 'Range A changed'
ptd-server 2022-02-22 22:22:43,478 [INFO] Set initial values for Amps Auto and Volts Auto
ptd-server 2022-02-22 22:22:43,478 [INFO] Stopping ptd...
