client 2022-02-24 22:54:34,245 [INFO] Sending command to the server: 'mlcommons/power client v3'
client 2022-02-24 22:54:34,247 [INFO] Got response: 'mlcommons/power server v3'
client 2022-02-24 22:54:34,247 [INFO] Sending command to the server: 'stop'
client 2022-02-24 22:54:34,249 [INFO] Got response: 'OK'
client 2022-02-24 22:54:34,249 [INFO] Synchronizing with the server and with 100.64.0.18...
client 2022-02-24 22:54:34,253 [INFO] NTP:offset = -0.000 s, delay = 0.001 s 
client 2022-02-24 22:54:34,254 [INFO] Sending command to the server: 'time'
client 2022-02-24 22:54:34,256 [INFO] Got response: '1645743274.1440346'
client 2022-02-24 22:54:34,257 [INFO] The time difference between the client and the server is within range 110.122 ms..112.936 ms
client 2022-02-24 22:54:34,257 [INFO] Sending command to the server: 'new,,70d5dbcd-3fcd-45e1-96a1-662ed540e6d2'
client 2022-02-24 22:54:34,260 [INFO] Got response: 'OK 2022-02-24_22-54-34,c7bd9763-9178-48b5-955b-240b08b4574b'
client 2022-02-24 22:54:34,260 [INFO] Session id is '2022-02-24_22-54-34'
client 2022-02-24 22:54:34,260 [INFO] Sources: {"sources": {"__init__.py": "da39a3ee5e6b4b0d3255bfef95601890afd80709", "client.py": "33ca4f26368777ac06e01f9567b714a4b8063886", "lib/__init__.py": "da39a3ee5e6b4b0d3255bfef95601890afd80709", "lib/client.py": "4c2b78fb4849a7e5b584ef792d82aaed20b17f57", "lib/common.py": "624d0c0acc7c39aaff3674f0b99d6a09da53d1dc", "lib/external/__init__.py": "da39a3ee5e6b4b0d3255bfef95601890afd80709", "lib/external/ntplib.py": "4da8f970656505a40483206ef2b5d3dd5e81711d", "lib/server.py": "59c9fb92908260d3e9f81a895c7aa009742275e4", "lib/source_hashes.py": "60a2e02193209e8d392803326208d5466342da18", "lib/summary.py": "aa92f0a3f975eecd44d3c0cd0236342ccc9f941d", "lib/time_sync.py": "3210db56eb0ff0df57bf4293dc4d4b03fffd46f1", "server.py": "c3f90f2f7eeb4db30727556d0c815ebc89b3d28b", "tests/unit/__init__.py": "da39a3ee5e6b4b0d3255bfef95601890afd80709", "tests/unit/test_server.py": "99ae15aef722f2000ee6ed1ae1523637bf1ae42b", "tests/unit/test_source_hashes.py": "00468a2907583c593e6574a1f6b404e4651c221a"}, "modules": {"ptd_client_server.lib.client": "lib/client.py", "ptd_client_server.lib.common": "lib/common.py", "ptd_client_server.lib.external.ntplib": "lib/external/ntplib.py", "ptd_client_server.lib.source_hashes": "lib/source_hashes.py", "ptd_client_server.lib.summary": "lib/summary.py", "ptd_client_server.lib.time_sync": "lib/time_sync.py"}}
client 2022-02-24 22:54:34,260 [INFO] Running workload in ranging mode
client 2022-02-24 22:54:34,260 [INFO] Synchronizing with the server and with 100.64.0.18...
client 2022-02-24 22:54:34,262 [INFO] NTP:offset = -0.000 s, delay = 0.001 s 
client 2022-02-24 22:54:34,262 [INFO] Sending command to the server: 'time'
client 2022-02-24 22:54:34,264 [INFO] Got response: '1645743274.1513433'
client 2022-02-24 22:54:34,264 [INFO] The time difference between the client and the server is within range 111.440 ms..113.584 ms
client 2022-02-24 22:54:34,265 [INFO] Sending command to the server: 'session,2022-02-24_22-54-34,start,ranging'
client 2022-02-24 22:54:58,233 [INFO] Got response: 'OK'
client 2022-02-24 22:54:58,233 [INFO] Running the workload 'LOG_DIR=/work/build/power_logs_temp python3 code/main.py --benchmarks=rnnt \t--scenarios=singlestream \t--config_ver=default_maxq \t--test_mode=PerformanceOnly  --action="run_harness" \\\n\t\t2>&1 | tee -a /work/build/power_logs/2022.02.24-22.54.23/stdout.txt \\\n\t\t&& if [ ! -d /work/build/power_logs/2022.02.24-22.54.23/ranging_tmp ]; \\\n\t\t\tthen mkdir /work/build/power_logs/2022.02.24-22.54.23/ranging_tmp \\\n\t\t\t\t&& mv /work/build/power_logs_temp/* /work/build/power_logs/2022.02.24-22.54.23/ranging_tmp/ \\\n\t\t\t\t&& cp -v /work/build/power_logs/2022.02.24-22.54.23/ranging_tmp/*/*/*/mlperf_log_detail.txt /work/build/power_logs_temp/ \\\n\t\t\t\t&& cp -v /work/build/power_logs/2022.02.24-22.54.23/ranging_tmp/*/*/*/mlperf_log_summary.txt /work/build/power_logs_temp/; \\\n\t\t\telse mkdir /work/build/power_logs/2022.02.24-22.54.23/testing_tmp \\\n\t\t\t\t&& mv /work/build/power_logs_temp/* /work/build/power_logs/2022.02.24-22.54.23/testing_tmp/ \\\n\t\t\t\t&& cp -v /work/build/power_logs/2022.02.24-22.54.23/testing_tmp/*/*/*/mlperf_log_detail.txt /work/build/power_logs_temp/ \\\n\t\t\t\t&& cp -v /work/build/power_logs/2022.02.24-22.54.23/testing_tmp/*/*/*/mlperf_log_summary.txt /work/build/power_logs_temp/; fi'
client 2022-02-24 23:05:09,043 [INFO] Sending command to the server: 'session,2022-02-24_22-54-34,stop,ranging'
client 2022-02-24 23:05:19,082 [INFO] Got response: 'OK'
client 2022-02-24 23:05:19,093 [INFO] Copying loadgen logs from '/work/build/power_logs_temp' to '/work/build/power_logs/2022.02.24-22.54.23/2022-02-24_22-54-34/ranging'
client 2022-02-24 23:05:19,094 [INFO] Running workload in testing mode
client 2022-02-24 23:05:19,094 [INFO] Synchronizing with the server and with 100.64.0.18...
client 2022-02-24 23:05:19,097 [INFO] NTP:offset = 0.000 s, delay = 0.001 s 
client 2022-02-24 23:05:19,097 [INFO] Sending command to the server: 'time'
client 2022-02-24 23:05:19,099 [INFO] Got response: '1645743918.9628308'
client 2022-02-24 23:05:19,099 [INFO] The time difference between the client and the server is within range 134.404 ms..136.722 ms
client 2022-02-24 23:05:19,099 [INFO] Sending command to the server: 'session,2022-02-24_22-54-34,start,testing'
client 2022-02-24 23:05:32,345 [INFO] Got response: 'OK'
client 2022-02-24 23:05:32,345 [INFO] Running the workload 'LOG_DIR=/work/build/power_logs_temp python3 code/main.py --benchmarks=rnnt \t--scenarios=singlestream \t--config_ver=default_maxq \t--test_mode=PerformanceOnly  --action="run_harness" \\\n\t\t2>&1 | tee -a /work/build/power_logs/2022.02.24-22.54.23/stdout.txt \\\n\t\t&& if [ ! -d /work/build/power_logs/2022.02.24-22.54.23/ranging_tmp ]; \\\n\t\t\tthen mkdir /work/build/power_logs/2022.02.24-22.54.23/ranging_tmp \\\n\t\t\t\t&& mv /work/build/power_logs_temp/* /work/build/power_logs/2022.02.24-22.54.23/ranging_tmp/ \\\n\t\t\t\t&& cp -v /work/build/power_logs/2022.02.24-22.54.23/ranging_tmp/*/*/*/mlperf_log_detail.txt /work/build/power_logs_temp/ \\\n\t\t\t\t&& cp -v /work/build/power_logs/2022.02.24-22.54.23/ranging_tmp/*/*/*/mlperf_log_summary.txt /work/build/power_logs_temp/; \\\n\t\t\telse mkdir /work/build/power_logs/2022.02.24-22.54.23/testing_tmp \\\n\t\t\t\t&& mv /work/build/power_logs_temp/* /work/build/power_logs/2022.02.24-22.54.23/testing_tmp/ \\\n\t\t\t\t&& cp -v /work/build/power_logs/2022.02.24-22.54.23/testing_tmp/*/*/*/mlperf_log_detail.txt /work/build/power_logs_temp/ \\\n\t\t\t\t&& cp -v /work/build/power_logs/2022.02.24-22.54.23/testing_tmp/*/*/*/mlperf_log_summary.txt /work/build/power_logs_temp/; fi'
client 2022-02-24 23:15:43,392 [INFO] Sending command to the server: 'session,2022-02-24_22-54-34,stop,testing'
client 2022-02-24 23:15:53,418 [INFO] Got response: 'OK'
client 2022-02-24 23:15:53,421 [INFO] Copying loadgen logs from '/work/build/power_logs_temp' to '/work/build/power_logs/2022.02.24-22.54.23/2022-02-24_22-54-34/run_1'
client 2022-02-24 23:15:53,422 [INFO] Done runs
