ptd-server 2022-02-24 22:54:34,135 [INFO] Got command from the client 'stop'
ptd-server 2022-02-24 22:54:34,136 [INFO] The server will be stopped after processing this client
ptd-server 2022-02-24 22:54:34,136 [INFO] Sending reply to client 'OK'
ptd-server 2022-02-24 22:54:34,143 [INFO] Got command from the client 'time'
ptd-server 2022-02-24 22:54:34,144 [INFO] Sending reply to client '1645743274.1440346'
ptd-server 2022-02-24 22:54:34,145 [INFO] Got command from the client 'new,,70d5dbcd-3fcd-45e1-96a1-662ed540e6d2'
ptd-server 2022-02-24 22:54:34,146 [INFO] Sending reply to client 'OK 2022-02-24_22-54-34,c7bd9763-9178-48b5-955b-240b08b4574b'
ptd-server 2022-02-24 22:54:34,151 [INFO] Got command from the client 'time'
ptd-server 2022-02-24 22:54:34,151 [INFO] Sending reply to client '1645743274.1513433'
ptd-server 2022-02-24 22:54:34,153 [INFO] Got command from the client 'session,2022-02-24_22-54-34,start,ranging'
ptd-server 2022-02-24 22:54:34,263 [INFO] Running PTDaemon: ['.\\ptd-windows-x86.exe', '-l', 'C:\\Users\\root\\AppData\\Local\\Temp\\tmp5swgj0gu\\ptd_logfile.txt', '-p', '8888', '-c', '1', '-g', '8', '1']
ptd-server 2022-02-24 22:54:47,056 [INFO] Sending to ptd: 'Hello'
ptd-server 2022-02-24 22:54:47,057 [INFO] Reply from ptd: 'Hello, PTDaemon here!'
ptd-server 2022-02-24 22:54:47,058 [INFO] Sending to ptd: 'Identify'
ptd-server 2022-02-24 22:54:47,059 [INFO] Reply from ptd: 'YokogawaWT210,1000,1,1,1,1,0,0,1,version=1.9.2-3976349f-20201208,OS=Windows 8 / Server 2012,mode=power,1,1,1,0,0,no_cal_date,YOKOGAWA;760401;0;F1.12'
ptd-server 2022-02-24 22:54:47,060 [INFO] Connected to PTDaemon
ptd-server 2022-02-24 22:54:47,061 [INFO] Sending to ptd: 'RR'
ptd-server 2022-02-24 22:54:47,061 [INFO] Reply from ptd: 'Ranges,1,2.000000,1,150.000000'
ptd-server 2022-02-24 22:54:47,062 [INFO] Initial range for Amps is Auto for Volts is Auto
ptd-server 2022-02-24 22:54:47,063 [INFO] Sending to ptd: 'SR,V,Auto'
ptd-server 2022-02-24 22:54:47,593 [INFO] Reply from ptd: 'Range V changed'
ptd-server 2022-02-24 22:54:47,594 [INFO] Sending to ptd: 'SR,A,Auto'
ptd-server 2022-02-24 22:54:48,111 [INFO] Reply from ptd: 'Range A changed'
ptd-server 2022-02-24 22:54:58,116 [INFO] Starting ranging mode
ptd-server 2022-02-24 22:54:58,116 [INFO] Sending to ptd: 'Go,1000,0,2022-02-24_22-54-34_ranging'
ptd-server 2022-02-24 22:54:58,118 [INFO] Reply from ptd: 'Starting untimed measurement, maximum 500000 samples at 1000ms with 0 rampup samples'
ptd-server 2022-02-24 22:54:58,119 [INFO] Sending reply to client 'OK'
ptd-server 2022-02-24 23:05:08,909 [INFO] Got command from the client 'session,2022-02-24_22-54-34,stop,ranging'
ptd-server 2022-02-24 23:05:18,920 [INFO] Sending to ptd: 'Stop'
ptd-server 2022-02-24 23:05:18,921 [INFO] Reply from ptd: 'Stopping untimed measurement'
ptd-server 2022-02-24 23:05:18,944 [INFO] Sending reply to client 'OK'
ptd-server 2022-02-24 23:05:18,962 [INFO] Got command from the client 'time'
ptd-server 2022-02-24 23:05:18,962 [INFO] Sending reply to client '1645743918.9628308'
ptd-server 2022-02-24 23:05:18,964 [INFO] Got command from the client 'session,2022-02-24_22-54-34,start,testing'
ptd-server 2022-02-24 23:05:18,965 [INFO] Sending to ptd: 'SR,V,121.920000'
ptd-server 2022-02-24 23:05:20,660 [INFO] Reply from ptd: 'Range V changed'
ptd-server 2022-02-24 23:05:20,661 [INFO] Sending to ptd: 'SR,A,2.222800'
ptd-server 2022-02-24 23:05:22,193 [INFO] Reply from ptd: 'Range A changed'
ptd-server 2022-02-24 23:05:32,204 [INFO] Starting testing mode
ptd-server 2022-02-24 23:05:32,205 [INFO] Sending to ptd: 'Go,1000,0,2022-02-24_22-54-34_testing'
ptd-server 2022-02-24 23:05:32,206 [INFO] Reply from ptd: 'Starting untimed measurement, maximum 500000 samples at 1000ms with 0 rampup samples'
ptd-server 2022-02-24 23:05:32,207 [INFO] Sending reply to client 'OK'
ptd-server 2022-02-24 23:15:43,233 [INFO] Got command from the client 'session,2022-02-24_22-54-34,stop,testing'
ptd-server 2022-02-24 23:15:53,237 [INFO] Sending to ptd: 'Stop'
ptd-server 2022-02-24 23:15:53,238 [INFO] Reply from ptd: 'Stopping untimed measurement'
ptd-server 2022-02-24 23:15:53,258 [INFO] Sending reply to client 'OK'
ptd-server 2022-02-24 23:15:53,267 [INFO] Got command from the client 'session,2022-02-24_22-54-34,done'
ptd-server 2022-02-24 23:15:53,267 [INFO] Sending to ptd: 'Stop'
ptd-server 2022-02-24 23:15:54,219 [INFO] Reply from ptd: 'Error: no measurement to stop'
ptd-server 2022-02-24 23:15:54,220 [INFO] Sending to ptd: 'SR,V,Auto'
ptd-server 2022-02-24 23:15:54,744 [INFO] Reply from ptd: 'Range V changed'
ptd-server 2022-02-24 23:15:54,745 [INFO] Sending to ptd: 'SR,A,Auto'
ptd-server 2022-02-24 23:15:55,261 [INFO] Reply from ptd: 'Range A changed'
ptd-server 2022-02-24 23:15:55,262 [INFO] Set initial values for Amps Auto and Volts Auto
ptd-server 2022-02-24 23:15:55,263 [INFO] Stopping ptd...
