ptd-server 2022-02-22 19:20:49,338 [INFO] Got command from the client 'time'
ptd-server 2022-02-22 19:20:49,338 [INFO] Sending reply to client '1645579249.338633'
ptd-server 2022-02-22 19:20:49,341 [INFO] Got command from the client 'new,,bfabe272-8912-4384-a2b6-931275ded12e'
ptd-server 2022-02-22 19:20:49,341 [INFO] Sending reply to client 'OK 2022-02-22_19-20-49,d1ddd166-4264-47d3-9ea2-ac22c6c7adee'
ptd-server 2022-02-22 19:20:49,446 [INFO] Got command from the client 'time'
ptd-server 2022-02-22 19:20:49,446 [INFO] Sending reply to client '1645579249.4466329'
ptd-server 2022-02-22 19:20:49,449 [INFO] Got command from the client 'session,2022-02-22_19-20-49,start,ranging'
ptd-server 2022-02-22 19:20:49,449 [INFO] Running PTDaemon: ['/local/mnt/workspace/mlcommons/power-main/inference_v1.0/ptd-linux-x86', '-l', '/tmp/tmp_4uvehih/ptd_logfile.txt', '-p', '8880', '-c', '3', '52', '/dev/usbtmc0']
ptd-server 2022-02-22 19:21:06,548 [INFO] Sending to ptd: 'Hello'
ptd-server 2022-02-22 19:21:06,549 [INFO] Reply from ptd: 'Hello, PTDaemon here!'
ptd-server 2022-02-22 19:21:06,549 [INFO] Sending to ptd: 'Identify'
ptd-server 2022-02-22 19:21:06,550 [INFO] Reply from ptd: 'YokogawaWT330E,1000,1,1,1,1,0,0,1,version=1.9.2-e8c7a49a-20201208,OS=Linux 4.4.0-210-generic #242-Ubuntu SMP Fri Apr 16 09:57:56 UTC 2021 x86_64,mode=power,1,1,1,0,0,no_cal_date,YOKOGAWA;WT333E;C2XC17005V;F1.04'
ptd-server 2022-02-22 19:21:06,550 [INFO] Connected to PTDaemon
ptd-server 2022-02-22 19:21:06,550 [INFO] Sending to ptd: 'RR'
ptd-server 2022-02-22 19:21:06,551 [INFO] Reply from ptd: 'Ranges,1,2.000000,1,150.000000'
ptd-server 2022-02-22 19:21:06,551 [INFO] Initial range for Amps is Auto for Volts is Auto
ptd-server 2022-02-22 19:21:06,551 [INFO] Sending to ptd: 'SR,V,Auto'
ptd-server 2022-02-22 19:21:07,054 [INFO] Reply from ptd: 'Range V changed'
ptd-server 2022-02-22 19:21:07,054 [INFO] Sending to ptd: 'SR,A,Auto'
ptd-server 2022-02-22 19:21:07,556 [INFO] Reply from ptd: 'Range A changed'
ptd-server 2022-02-22 19:21:17,567 [INFO] Starting ranging mode
ptd-server 2022-02-22 19:21:17,567 [INFO] Sending to ptd: 'Go,1000,0,2022-02-22_19-20-49_ranging'
ptd-server 2022-02-22 19:21:17,567 [INFO] Reply from ptd: 'Starting untimed measurement, maximum 500000 samples at 1000ms with 0 rampup samples'
ptd-server 2022-02-22 19:21:17,568 [INFO] Sending reply to client 'OK'
ptd-server 2022-02-22 19:34:45,701 [INFO] Got command from the client 'session,2022-02-22_19-20-49,stop,ranging'
ptd-server 2022-02-22 19:34:55,712 [INFO] Sending to ptd: 'Stop'
ptd-server 2022-02-22 19:34:55,713 [INFO] Reply from ptd: 'Stopping untimed measurement'
ptd-server 2022-02-22 19:34:55,858 [INFO] Sending reply to client 'OK'
ptd-server 2022-02-22 19:34:56,010 [INFO] Got command from the client 'time'
ptd-server 2022-02-22 19:34:56,010 [INFO] Sending reply to client '1645580096.0105104'
ptd-server 2022-02-22 19:34:56,014 [INFO] Got command from the client 'session,2022-02-22_19-20-49,start,testing'
ptd-server 2022-02-22 19:34:56,015 [INFO] Sending to ptd: 'SR,V,123.650000'
ptd-server 2022-02-22 19:34:58,069 [INFO] Reply from ptd: 'Range V changed'
ptd-server 2022-02-22 19:34:58,069 [INFO] Sending to ptd: 'SR,A,0.196100'
ptd-server 2022-02-22 19:34:59,571 [INFO] Reply from ptd: 'Range A changed'
ptd-server 2022-02-22 19:35:09,581 [INFO] Starting testing mode
ptd-server 2022-02-22 19:35:09,582 [INFO] Sending to ptd: 'Go,1000,0,2022-02-22_19-20-49_testing'
ptd-server 2022-02-22 19:35:09,582 [INFO] Reply from ptd: 'Starting untimed measurement, maximum 500000 samples at 1000ms with 0 rampup samples'
ptd-server 2022-02-22 19:35:09,583 [INFO] Sending reply to client 'OK'
ptd-server 2022-02-22 19:48:38,986 [INFO] Got command from the client 'session,2022-02-22_19-20-49,stop,testing'
ptd-server 2022-02-22 19:48:48,997 [INFO] Sending to ptd: 'Stop'
ptd-server 2022-02-22 19:48:48,997 [INFO] Reply from ptd: 'Stopping untimed measurement'
ptd-server 2022-02-22 19:48:49,091 [INFO] Sending reply to client 'OK'
ptd-server 2022-02-22 19:48:49,123 [INFO] Got command from the client 'session,2022-02-22_19-20-49,done'
ptd-server 2022-02-22 19:48:49,123 [INFO] Sending to ptd: 'Stop'
ptd-server 2022-02-22 19:48:49,583 [INFO] Reply from ptd: 'Error: no measurement to stop'
ptd-server 2022-02-22 19:48:49,583 [INFO] Sending to ptd: 'SR,V,Auto'
ptd-server 2022-02-22 19:48:50,086 [INFO] Reply from ptd: 'Range V changed'
ptd-server 2022-02-22 19:48:50,086 [INFO] Sending to ptd: 'SR,A,Auto'
ptd-server 2022-02-22 19:48:50,589 [INFO] Reply from ptd: 'Range A changed'
ptd-server 2022-02-22 19:48:50,589 [INFO] Set initial values for Amps Auto and Volts Auto
ptd-server 2022-02-22 19:48:50,589 [INFO] Stopping ptd...
