client 2022-02-13 17:23:40,782 [WARNING] Removing loadgen logs directory '/home/katya/CK/ck-mlperf/program/image-classification-armnn-tflite-loadgen/tmp/loadgen_logs'
client 2022-02-13 17:23:40,784 [INFO] Sending command to the server: 'mlcommons/power client v3'
client 2022-02-13 17:23:40,785 [INFO] Got response: 'mlcommons/power server v3'
client 2022-02-13 17:23:40,785 [INFO] Synchronizing with the server and with time.google.com...
client 2022-02-13 17:23:40,818 [INFO] NTP:offset = 0.000 s, delay = 0.024 s 
client 2022-02-13 17:23:40,819 [INFO] Sending command to the server: 'time'
client 2022-02-13 17:23:40,821 [INFO] Got response: '1644773020.8223798'
client 2022-02-13 17:23:40,821 [INFO] The time difference between the client and the server is within range -2.872 ms..-0.952 ms
client 2022-02-13 17:23:40,822 [INFO] Sending command to the server: 'new,,6d7dd0af-2c2a-41e8-9b0f-86f30bd39c5b'
client 2022-02-13 17:23:40,824 [INFO] Got response: 'OK 2022-02-13_17-23-40,88c92676-00c7-4619-a013-7afd0fa622c0'
client 2022-02-13 17:23:40,825 [INFO] Session id is '2022-02-13_17-23-40'
client 2022-02-13 17:23:40,826 [INFO] Sources: {"sources": {"__init__.py": "da39a3ee5e6b4b0d3255bfef95601890afd80709", "client.py": "33ca4f26368777ac06e01f9567b714a4b8063886", "lib/__init__.py": "da39a3ee5e6b4b0d3255bfef95601890afd80709", "lib/client.py": "4c2b78fb4849a7e5b584ef792d82aaed20b17f57", "lib/common.py": "624d0c0acc7c39aaff3674f0b99d6a09da53d1dc", "lib/external/__init__.py": "da39a3ee5e6b4b0d3255bfef95601890afd80709", "lib/external/ntplib.py": "4da8f970656505a40483206ef2b5d3dd5e81711d", "lib/server.py": "59c9fb92908260d3e9f81a895c7aa009742275e4", "lib/source_hashes.py": "60a2e02193209e8d392803326208d5466342da18", "lib/summary.py": "aa92f0a3f975eecd44d3c0cd0236342ccc9f941d", "lib/time_sync.py": "3210db56eb0ff0df57bf4293dc4d4b03fffd46f1", "server.py": "c3f90f2f7eeb4db30727556d0c815ebc89b3d28b", "tests/unit/__init__.py": "da39a3ee5e6b4b0d3255bfef95601890afd80709", "tests/unit/test_server.py": "99ae15aef722f2000ee6ed1ae1523637bf1ae42b", "tests/unit/test_source_hashes.py": "00468a2907583c593e6574a1f6b404e4651c221a"}, "modules": {"ptd_client_server.lib.client": "lib/client.py", "ptd_client_server.lib.common": "lib/common.py", "ptd_client_server.lib.external.ntplib": "lib/external/ntplib.py", "ptd_client_server.lib.source_hashes": "lib/source_hashes.py", "ptd_client_server.lib.summary": "lib/summary.py", "ptd_client_server.lib.time_sync": "lib/time_sync.py"}}
client 2022-02-13 17:23:40,827 [INFO] Running workload in ranging mode
client 2022-02-13 17:23:40,828 [INFO] Synchronizing with the server and with time.google.com...
client 2022-02-13 17:23:40,859 [INFO] NTP:offset = 0.000 s, delay = 0.026 s 
client 2022-02-13 17:23:40,860 [INFO] Sending command to the server: 'time'
client 2022-02-13 17:23:40,861 [INFO] Got response: '1644773020.8631'
client 2022-02-13 17:23:40,862 [INFO] The time difference between the client and the server is within range -2.983 ms..-0.803 ms
client 2022-02-13 17:23:40,862 [INFO] Sending command to the server: 'session,2022-02-13_17-23-40,start,ranging'
client 2022-02-13 17:24:09,055 [INFO] Got response: 'OK'
client 2022-02-13 17:24:09,056 [INFO] Running the workload 'ck benchmark program:image-classification-armnn-tflite-loadgen --env.CK_SILENT_MODE=YES --skip_print_timers --dep_add_tags.compiler=gcc,v7 --dep_add_tags.python=v3 --dep_add_tags.mlperf-inference-src=r2.0 --dep_add_tags.weights=mobilenet,v3-large-minimalistic_224_1.0_uint8 --dep_add_tags.images=crop.875,preprocessed,using-opencv --dep_add_tags.library=armnn,rel.21.11,neon --env.CK_LOADGEN_DATASET_SIZE=1024 --env.USE_NEON=1 --env.USE_OPENCL=0 --env.CK_LOADGEN_MODE=PerformanceOnly --env.CK_LOADGEN_SCENARIO=SingleStream --env.CK_LOADGEN_TARGET_LATENCY=$CK_LOADGEN_TARGET_LATENCY --skip_stat_analysis --process_multi_keys --repetitions=1 --record --record_repo=local --record_uoa=mlperf_v2.0-open-xavier-armnn-v21.11-neon-mobilenet-v3-large-minimalistic_224_1.0_uint8-singlestream-performance-target_latency.$CK_LOADGEN_TARGET_LATENCY-power.workload --tags=mlperf,round.v2.0,division.open,task.image-classification,platform.xavier,scenario.singlestream,mode.performance,workload.mobilenet-v3-large-minimalistic_224_1.0_uint8,preprocessed_using.opencv,inference_engine.armnn,inference_engine_version.v21.11,inference_engine_backend.neon,target_latency.$CK_LOADGEN_TARGET_LATENCY,power.workload "@@@{\'meta\': {\'ck_benchmark_program\': \'ck benchmark program:image-classification-armnn-tflite-loadgen --env.CK_SILENT_MODE=YES --skip_print_timers --dep_add_tags.compiler=gcc,v7 --dep_add_tags.python=v3 --dep_add_tags.mlperf-inference-src=r2.0 --dep_add_tags.weights=mobilenet,v3-large-minimalistic_224_1.0_uint8 --dep_add_tags.images=crop.875,preprocessed,using-opencv --dep_add_tags.library=armnn,rel.21.11,neon --env.CK_LOADGEN_DATASET_SIZE=1024 --env.USE_NEON=1 --env.USE_OPENCL=0 --env.CK_LOADGEN_MODE=PerformanceOnly --env.CK_LOADGEN_SCENARIO=SingleStream --env.CK_LOADGEN_TARGET_LATENCY=$CK_LOADGEN_TARGET_LATENCY --skip_stat_analysis --process_multi_keys --repetitions=1 --record --record_repo=local --record_uoa=mlperf_v2.0-open-xavier-armnn-v21.11-neon-mobilenet-v3-large-minimalistic_224_1.0_uint8-singlestream-performance-target_latency.$CK_LOADGEN_TARGET_LATENCY-power.workload --tags=mlperf,round.v2.0,division.open,task.image-classification,platform.xavier,scenario.singlestream,mode.performance,workload.mobilenet-v3-large-minimalistic_224_1.0_uint8,preprocessed_using.opencv,inference_engine.armnn,inference_engine_version.v21.11,inference_engine_backend.neon,target_latency.$CK_LOADGEN_TARGET_LATENCY,power.workload\'}}" && cat `ck find program:image-classification-armnn-tflite-loadgen`/tmp/mlperf_log_summary.txt && mkdir -p "$CK_MLPERF_POWER_CLIENT_LOADGEN_LOGS" && cp "$CK_MLPERF_POWER_CLIENT_LOADGEN_LOGS"/../mlperf_log_* "$CK_MLPERF_POWER_CLIENT_LOADGEN_LOGS"/'
client 2022-02-13 17:34:24,681 [INFO] Sending command to the server: 'session,2022-02-13_17-23-40,stop,ranging'
client 2022-02-13 17:34:35,331 [INFO] Got response: 'OK'
client 2022-02-13 17:34:35,350 [INFO] Copying loadgen logs from '/home/katya/CK/ck-mlperf/program/image-classification-armnn-tflite-loadgen/tmp/loadgen_logs' to '/home/katya/CK/ck-mlperf/program/mlperf-power-client/tmp/2022-02-13_17-23-40/ranging'
client 2022-02-13 17:34:35,351 [INFO] Running workload in testing mode
client 2022-02-13 17:34:35,352 [INFO] Synchronizing with the server and with time.google.com...
client 2022-02-13 17:34:35,388 [INFO] NTP:offset = -0.000 s, delay = 0.032 s 
client 2022-02-13 17:34:35,388 [INFO] Sending command to the server: 'time'
client 2022-02-13 17:34:35,390 [INFO] Got response: '1644773675.391001'
client 2022-02-13 17:34:35,390 [INFO] The time difference between the client and the server is within range -2.339 ms..-0.217 ms
client 2022-02-13 17:34:35,391 [INFO] Sending command to the server: 'session,2022-02-13_17-23-40,start,testing'
client 2022-02-13 17:34:48,406 [INFO] Got response: 'OK'
client 2022-02-13 17:34:48,408 [INFO] Running the workload 'ck benchmark program:image-classification-armnn-tflite-loadgen --env.CK_SILENT_MODE=YES --skip_print_timers --dep_add_tags.compiler=gcc,v7 --dep_add_tags.python=v3 --dep_add_tags.mlperf-inference-src=r2.0 --dep_add_tags.weights=mobilenet,v3-large-minimalistic_224_1.0_uint8 --dep_add_tags.images=crop.875,preprocessed,using-opencv --dep_add_tags.library=armnn,rel.21.11,neon --env.CK_LOADGEN_DATASET_SIZE=1024 --env.USE_NEON=1 --env.USE_OPENCL=0 --env.CK_LOADGEN_MODE=PerformanceOnly --env.CK_LOADGEN_SCENARIO=SingleStream --env.CK_LOADGEN_TARGET_LATENCY=$CK_LOADGEN_TARGET_LATENCY --skip_stat_analysis --process_multi_keys --repetitions=1 --record --record_repo=local --record_uoa=mlperf_v2.0-open-xavier-armnn-v21.11-neon-mobilenet-v3-large-minimalistic_224_1.0_uint8-singlestream-performance-target_latency.$CK_LOADGEN_TARGET_LATENCY-power.workload --tags=mlperf,round.v2.0,division.open,task.image-classification,platform.xavier,scenario.singlestream,mode.performance,workload.mobilenet-v3-large-minimalistic_224_1.0_uint8,preprocessed_using.opencv,inference_engine.armnn,inference_engine_version.v21.11,inference_engine_backend.neon,target_latency.$CK_LOADGEN_TARGET_LATENCY,power.workload "@@@{\'meta\': {\'ck_benchmark_program\': \'ck benchmark program:image-classification-armnn-tflite-loadgen --env.CK_SILENT_MODE=YES --skip_print_timers --dep_add_tags.compiler=gcc,v7 --dep_add_tags.python=v3 --dep_add_tags.mlperf-inference-src=r2.0 --dep_add_tags.weights=mobilenet,v3-large-minimalistic_224_1.0_uint8 --dep_add_tags.images=crop.875,preprocessed,using-opencv --dep_add_tags.library=armnn,rel.21.11,neon --env.CK_LOADGEN_DATASET_SIZE=1024 --env.USE_NEON=1 --env.USE_OPENCL=0 --env.CK_LOADGEN_MODE=PerformanceOnly --env.CK_LOADGEN_SCENARIO=SingleStream --env.CK_LOADGEN_TARGET_LATENCY=$CK_LOADGEN_TARGET_LATENCY --skip_stat_analysis --process_multi_keys --repetitions=1 --record --record_repo=local --record_uoa=mlperf_v2.0-open-xavier-armnn-v21.11-neon-mobilenet-v3-large-minimalistic_224_1.0_uint8-singlestream-performance-target_latency.$CK_LOADGEN_TARGET_LATENCY-power.workload --tags=mlperf,round.v2.0,division.open,task.image-classification,platform.xavier,scenario.singlestream,mode.performance,workload.mobilenet-v3-large-minimalistic_224_1.0_uint8,preprocessed_using.opencv,inference_engine.armnn,inference_engine_version.v21.11,inference_engine_backend.neon,target_latency.$CK_LOADGEN_TARGET_LATENCY,power.workload\'}}" && cat `ck find program:image-classification-armnn-tflite-loadgen`/tmp/mlperf_log_summary.txt && mkdir -p "$CK_MLPERF_POWER_CLIENT_LOADGEN_LOGS" && cp "$CK_MLPERF_POWER_CLIENT_LOADGEN_LOGS"/../mlperf_log_* "$CK_MLPERF_POWER_CLIENT_LOADGEN_LOGS"/'
client 2022-02-13 17:45:03,946 [INFO] Sending command to the server: 'session,2022-02-13_17-23-40,stop,testing'
client 2022-02-13 17:45:14,288 [INFO] Got response: 'OK'
client 2022-02-13 17:45:14,296 [INFO] Copying loadgen logs from '/home/katya/CK/ck-mlperf/program/image-classification-armnn-tflite-loadgen/tmp/loadgen_logs' to '/home/katya/CK/ck-mlperf/program/mlperf-power-client/tmp/2022-02-13_17-23-40/run_1'
client 2022-02-13 17:45:14,300 [INFO] Done runs
