ptd-server 2022-02-13 17:23:40,822 [INFO] Got command from the client 'time'
ptd-server 2022-02-13 17:23:40,822 [INFO] Sending reply to client '1644773020.8223798'
ptd-server 2022-02-13 17:23:40,824 [INFO] Got command from the client 'new,,6d7dd0af-2c2a-41e8-9b0f-86f30bd39c5b'
ptd-server 2022-02-13 17:23:40,825 [INFO] Sending reply to client 'OK 2022-02-13_17-23-40,88c92676-00c7-4619-a013-7afd0fa622c0'
ptd-server 2022-02-13 17:23:40,862 [INFO] Got command from the client 'time'
ptd-server 2022-02-13 17:23:40,863 [INFO] Sending reply to client '1644773020.8631'
ptd-server 2022-02-13 17:23:40,865 [INFO] Got command from the client 'session,2022-02-13_17-23-40,start,ranging'
ptd-server 2022-02-13 17:23:40,865 [INFO] Running PTDaemon: ['/home/anton/projects/mlperf/power/inference_v1.0/ptd-linux-x86', '-l', '/tmp/tmpxvec0g6h/ptd_logfile.txt', '-p', '8888', '49', '/dev/usbtmc0']
ptd-server 2022-02-13 17:23:58,037 [INFO] Sending to ptd: 'Hello'
ptd-server 2022-02-13 17:23:58,038 [INFO] Reply from ptd: 'Hello, PTDaemon here!'
ptd-server 2022-02-13 17:23:58,038 [INFO] Sending to ptd: 'Identify'
ptd-server 2022-02-13 17:23:58,038 [INFO] Reply from ptd: 'YokogawaWT310E,1000,1,1,1,1,0,1,1,version=1.9.2-e8c7a49a-20201208,OS=Linux 5.13.0-27-generic #29~20.04.1-Ubuntu SMP Fri Jan 14 00:32:30 UTC 2022 x86_64,mode=power,1,1,1,0,0,no_cal_date,YOKOGAWA;WT310E;C3XA04010E;F1.04'
ptd-server 2022-02-13 17:23:58,038 [INFO] Connected to PTDaemon
ptd-server 2022-02-13 17:23:58,039 [INFO] Sending to ptd: 'RR'
ptd-server 2022-02-13 17:23:58,039 [INFO] Reply from ptd: 'Ranges,0,0.500000,0,300.000000'
ptd-server 2022-02-13 17:23:58,039 [INFO] Initial range for Amps is 0.500000 for Volts is 300.000000
ptd-server 2022-02-13 17:23:58,039 [INFO] Sending to ptd: 'SR,V,Auto'
ptd-server 2022-02-13 17:23:58,542 [INFO] Reply from ptd: 'Range V changed'
ptd-server 2022-02-13 17:23:58,542 [INFO] Sending to ptd: 'SR,A,Auto'
ptd-server 2022-02-13 17:23:59,044 [INFO] Reply from ptd: 'Range A changed'
ptd-server 2022-02-13 17:24:09,055 [INFO] Starting ranging mode
ptd-server 2022-02-13 17:24:09,055 [INFO] Sending to ptd: 'Go,1000,0,2022-02-13_17-23-40_ranging'
ptd-server 2022-02-13 17:24:09,055 [INFO] Reply from ptd: 'Starting untimed measurement, maximum 500000 samples at 1000ms with 0 rampup samples'
ptd-server 2022-02-13 17:24:09,055 [INFO] Sending reply to client 'OK'
ptd-server 2022-02-13 17:34:24,683 [INFO] Got command from the client 'session,2022-02-13_17-23-40,stop,ranging'
ptd-server 2022-02-13 17:34:34,694 [INFO] Sending to ptd: 'Stop'
ptd-server 2022-02-13 17:34:34,694 [INFO] Reply from ptd: 'Stopping untimed measurement'
ptd-server 2022-02-13 17:34:35,331 [INFO] Sending reply to client 'OK'
ptd-server 2022-02-13 17:34:35,390 [INFO] Got command from the client 'time'
ptd-server 2022-02-13 17:34:35,391 [INFO] Sending reply to client '1644773675.391001'
ptd-server 2022-02-13 17:34:35,393 [INFO] Got command from the client 'session,2022-02-13_17-23-40,start,testing'
ptd-server 2022-02-13 17:34:35,393 [INFO] Sending to ptd: 'SR,V,246.880000'
ptd-server 2022-02-13 17:34:36,894 [INFO] Reply from ptd: 'Range V changed'
ptd-server 2022-02-13 17:34:36,894 [INFO] Sending to ptd: 'SR,A,0.154810'
ptd-server 2022-02-13 17:34:38,396 [INFO] Reply from ptd: 'Range A changed'
ptd-server 2022-02-13 17:34:48,406 [INFO] Starting testing mode
ptd-server 2022-02-13 17:34:48,406 [INFO] Sending to ptd: 'Go,1000,0,2022-02-13_17-23-40_testing'
ptd-server 2022-02-13 17:34:48,407 [INFO] Reply from ptd: 'Starting untimed measurement, maximum 500000 samples at 1000ms with 0 rampup samples'
ptd-server 2022-02-13 17:34:48,407 [INFO] Sending reply to client 'OK'
ptd-server 2022-02-13 17:45:03,947 [INFO] Got command from the client 'session,2022-02-13_17-23-40,stop,testing'
ptd-server 2022-02-13 17:45:13,958 [INFO] Sending to ptd: 'Stop'
ptd-server 2022-02-13 17:45:13,958 [INFO] Reply from ptd: 'Stopping untimed measurement'
ptd-server 2022-02-13 17:45:14,287 [INFO] Sending reply to client 'OK'
ptd-server 2022-02-13 17:45:14,307 [INFO] Got command from the client 'session,2022-02-13_17-23-40,done'
ptd-server 2022-02-13 17:45:14,307 [INFO] Sending to ptd: 'Stop'
ptd-server 2022-02-13 17:45:14,407 [INFO] Reply from ptd: 'Error: no measurement to stop'
ptd-server 2022-02-13 17:45:14,407 [INFO] Sending to ptd: 'SR,V,300.000000'
ptd-server 2022-02-13 17:45:15,909 [INFO] Reply from ptd: 'Range V changed'
ptd-server 2022-02-13 17:45:15,909 [INFO] Sending to ptd: 'SR,A,0.500000'
ptd-server 2022-02-13 17:45:17,410 [INFO] Reply from ptd: 'Range A changed'
ptd-server 2022-02-13 17:45:17,410 [INFO] Set initial values for Amps 0.500000 and Volts 300.000000
ptd-server 2022-02-13 17:45:17,411 [INFO] Stopping ptd...
