ptd-server 2022-02-24 12:48:09,218 [INFO] Got command from the client 'time'
ptd-server 2022-02-24 12:48:09,219 [INFO] Sending reply to client '1645706889.219049'
ptd-server 2022-02-24 12:48:09,220 [INFO] Got command from the client 'new,,52a55779-eaf8-4b6c-9fdc-f49fad34c20d'
ptd-server 2022-02-24 12:48:09,221 [INFO] Sending reply to client 'OK 2022-02-24_12-48-09,a048d6f1-12c5-47d6-9c7f-477ea476c9f9'
ptd-server 2022-02-24 12:48:09,261 [INFO] Got command from the client 'time'
ptd-server 2022-02-24 12:48:09,261 [INFO] Sending reply to client '1645706889.2612906'
ptd-server 2022-02-24 12:48:09,263 [INFO] Got command from the client 'session,2022-02-24_12-48-09,start,ranging'
ptd-server 2022-02-24 12:48:09,263 [INFO] Running PTDaemon: ['/home/anton/projects/mlperf/power/inference_v1.0/ptd-linux-x86', '-l', '/tmp/tmp0_fn53vp/ptd_logfile.txt', '-p', '8888', '49', '/dev/usbtmc0']
ptd-server 2022-02-24 12:48:26,444 [INFO] Sending to ptd: 'Hello'
ptd-server 2022-02-24 12:48:26,445 [INFO] Reply from ptd: 'Hello, PTDaemon here!'
ptd-server 2022-02-24 12:48:26,445 [INFO] Sending to ptd: 'Identify'
ptd-server 2022-02-24 12:48:26,445 [INFO] Reply from ptd: 'YokogawaWT310E,1000,1,1,1,1,0,1,1,version=1.9.2-e8c7a49a-20201208,OS=Linux 5.13.0-30-generic #33~20.04.1-Ubuntu SMP Mon Feb 7 14:25:10 UTC 2022 x86_64,mode=power,1,1,1,0,0,no_cal_date,YOKOGAWA;WT310E;C3XA04010E;F1.04'
ptd-server 2022-02-24 12:48:26,445 [INFO] Connected to PTDaemon
ptd-server 2022-02-24 12:48:26,445 [INFO] Sending to ptd: 'RR'
ptd-server 2022-02-24 12:48:26,445 [INFO] Reply from ptd: 'Ranges,0,0.500000,1,300.000000'
ptd-server 2022-02-24 12:48:26,446 [INFO] Initial range for Amps is 0.500000 for Volts is Auto
ptd-server 2022-02-24 12:48:26,446 [INFO] Sending to ptd: 'SR,V,Auto'
ptd-server 2022-02-24 12:48:26,948 [INFO] Reply from ptd: 'Range V changed'
ptd-server 2022-02-24 12:48:26,948 [INFO] Sending to ptd: 'SR,A,Auto'
ptd-server 2022-02-24 12:48:27,451 [INFO] Reply from ptd: 'Range A changed'
ptd-server 2022-02-24 12:48:37,460 [INFO] Starting ranging mode
ptd-server 2022-02-24 12:48:37,460 [INFO] Sending to ptd: 'Go,1000,0,2022-02-24_12-48-09_ranging'
ptd-server 2022-02-24 12:48:37,461 [INFO] Reply from ptd: 'Starting untimed measurement, maximum 500000 samples at 1000ms with 0 rampup samples'
ptd-server 2022-02-24 12:48:37,461 [INFO] Sending reply to client 'OK'
ptd-server 2022-02-24 12:59:00,040 [INFO] Got command from the client 'session,2022-02-24_12-48-09,stop,ranging'
ptd-server 2022-02-24 12:59:10,050 [INFO] Sending to ptd: 'Stop'
ptd-server 2022-02-24 12:59:10,051 [INFO] Reply from ptd: 'Stopping untimed measurement'
ptd-server 2022-02-24 12:59:10,165 [INFO] Sending reply to client 'OK'
ptd-server 2022-02-24 12:59:10,232 [INFO] Got command from the client 'time'
ptd-server 2022-02-24 12:59:10,232 [INFO] Sending reply to client '1645707550.2325342'
ptd-server 2022-02-24 12:59:10,234 [INFO] Got command from the client 'session,2022-02-24_12-48-09,start,testing'
ptd-server 2022-02-24 12:59:10,234 [INFO] Sending to ptd: 'SR,V,250.450000'
ptd-server 2022-02-24 12:59:11,967 [INFO] Reply from ptd: 'Range V changed'
ptd-server 2022-02-24 12:59:11,967 [INFO] Sending to ptd: 'SR,A,0.046240'
ptd-server 2022-02-24 12:59:13,468 [INFO] Reply from ptd: 'Range A changed'
ptd-server 2022-02-24 12:59:23,479 [INFO] Starting testing mode
ptd-server 2022-02-24 12:59:23,479 [INFO] Sending to ptd: 'Go,1000,0,2022-02-24_12-48-09_testing'
ptd-server 2022-02-24 12:59:23,479 [INFO] Reply from ptd: 'Starting untimed measurement, maximum 500000 samples at 1000ms with 0 rampup samples'
ptd-server 2022-02-24 12:59:23,479 [INFO] Sending reply to client 'OK'
ptd-server 2022-02-24 13:09:45,944 [INFO] Got command from the client 'session,2022-02-24_12-48-09,stop,testing'
ptd-server 2022-02-24 13:09:55,948 [INFO] Sending to ptd: 'Stop'
ptd-server 2022-02-24 13:09:55,948 [INFO] Reply from ptd: 'Stopping untimed measurement'
ptd-server 2022-02-24 13:09:55,999 [INFO] Sending reply to client 'OK'
ptd-server 2022-02-24 13:09:56,018 [INFO] Got command from the client 'session,2022-02-24_12-48-09,done'
ptd-server 2022-02-24 13:09:56,018 [INFO] Sending to ptd: 'Stop'
ptd-server 2022-02-24 13:09:56,480 [INFO] Reply from ptd: 'Error: no measurement to stop'
ptd-server 2022-02-24 13:09:56,480 [INFO] Sending to ptd: 'SR,V,Auto'
ptd-server 2022-02-24 13:09:56,983 [INFO] Reply from ptd: 'Range V changed'
ptd-server 2022-02-24 13:09:56,983 [INFO] Sending to ptd: 'SR,A,0.500000'
ptd-server 2022-02-24 13:09:58,484 [INFO] Reply from ptd: 'Range A changed'
ptd-server 2022-02-24 13:09:58,484 [INFO] Set initial values for Amps 0.500000 and Volts Auto
ptd-server 2022-02-24 13:09:58,484 [INFO] Stopping ptd...
