ptd-server 2022-02-23 02:49:41,666 [INFO] Got command from the client 'time'
ptd-server 2022-02-23 02:49:41,666 [INFO] Sending reply to client '1645584581.6665843'
ptd-server 2022-02-23 02:49:41,668 [INFO] Got command from the client 'new,,778d7100-7b1c-4f8c-9be1-ed2d3975ee39'
ptd-server 2022-02-23 02:49:41,669 [INFO] Sending reply to client 'OK 2022-02-23_02-49-41,ef160ca2-f2e6-4e4f-9006-53b90fcf6122'
ptd-server 2022-02-23 02:49:41,702 [INFO] Got command from the client 'time'
ptd-server 2022-02-23 02:49:41,703 [INFO] Sending reply to client '1645584581.7030473'
ptd-server 2022-02-23 02:49:41,704 [INFO] Got command from the client 'session,2022-02-23_02-49-41,start,ranging'
ptd-server 2022-02-23 02:49:41,705 [INFO] Running PTDaemon: ['/home/anton/projects/mlperf/power/inference_v1.0/ptd-linux-x86', '-l', '/tmp/tmpgldyt7rr/ptd_logfile.txt', '-p', '8888', '49', '/dev/usbtmc0']
ptd-server 2022-02-23 02:49:58,878 [INFO] Sending to ptd: 'Hello'
ptd-server 2022-02-23 02:49:58,879 [INFO] Reply from ptd: 'Hello, PTDaemon here!'
ptd-server 2022-02-23 02:49:58,879 [INFO] Sending to ptd: 'Identify'
ptd-server 2022-02-23 02:49:58,880 [INFO] Reply from ptd: 'YokogawaWT310E,1000,1,1,1,1,0,1,1,version=1.9.2-e8c7a49a-20201208,OS=Linux 5.13.0-28-generic #31~20.04.1-Ubuntu SMP Wed Jan 19 14:08:10 UTC 2022 x86_64,mode=power,1,1,1,0,0,no_cal_date,YOKOGAWA;WT310E;C3XA04010E;F1.04'
ptd-server 2022-02-23 02:49:58,880 [INFO] Connected to PTDaemon
ptd-server 2022-02-23 02:49:58,880 [INFO] Sending to ptd: 'RR'
ptd-server 2022-02-23 02:49:58,880 [INFO] Reply from ptd: 'Ranges,0,0.500000,0,300.000000'
ptd-server 2022-02-23 02:49:58,880 [INFO] Initial range for Amps is 0.500000 for Volts is 300.000000
ptd-server 2022-02-23 02:49:58,880 [INFO] Sending to ptd: 'SR,V,Auto'
ptd-server 2022-02-23 02:49:59,383 [INFO] Reply from ptd: 'Range V changed'
ptd-server 2022-02-23 02:49:59,383 [INFO] Sending to ptd: 'SR,A,Auto'
ptd-server 2022-02-23 02:49:59,886 [INFO] Reply from ptd: 'Range A changed'
ptd-server 2022-02-23 02:50:09,896 [INFO] Starting ranging mode
ptd-server 2022-02-23 02:50:09,896 [INFO] Sending to ptd: 'Go,1000,0,2022-02-23_02-49-41_ranging'
ptd-server 2022-02-23 02:50:09,896 [INFO] Reply from ptd: 'Starting untimed measurement, maximum 500000 samples at 1000ms with 0 rampup samples'
ptd-server 2022-02-23 02:50:09,897 [INFO] Sending reply to client 'OK'
ptd-server 2022-02-23 03:00:38,939 [INFO] Got command from the client 'session,2022-02-23_02-49-41,stop,ranging'
ptd-server 2022-02-23 03:00:48,949 [INFO] Sending to ptd: 'Stop'
ptd-server 2022-02-23 03:00:48,950 [INFO] Reply from ptd: 'Stopping untimed measurement'
ptd-server 2022-02-23 03:00:49,756 [INFO] Sending reply to client 'OK'
ptd-server 2022-02-23 03:00:49,813 [INFO] Got command from the client 'time'
ptd-server 2022-02-23 03:00:49,813 [INFO] Sending reply to client '1645585249.8135982'
ptd-server 2022-02-23 03:00:49,815 [INFO] Got command from the client 'session,2022-02-23_02-49-41,start,testing'
ptd-server 2022-02-23 03:00:49,815 [INFO] Sending to ptd: 'SR,V,249.760000'
ptd-server 2022-02-23 03:00:51,399 [INFO] Reply from ptd: 'Range V changed'
ptd-server 2022-02-23 03:00:51,399 [INFO] Sending to ptd: 'SR,A,0.056030'
ptd-server 2022-02-23 03:00:52,900 [INFO] Reply from ptd: 'Range A changed'
ptd-server 2022-02-23 03:01:02,910 [INFO] Starting testing mode
ptd-server 2022-02-23 03:01:02,911 [INFO] Sending to ptd: 'Go,1000,0,2022-02-23_02-49-41_testing'
ptd-server 2022-02-23 03:01:02,911 [INFO] Reply from ptd: 'Starting untimed measurement, maximum 500000 samples at 1000ms with 0 rampup samples'
ptd-server 2022-02-23 03:01:02,911 [INFO] Sending reply to client 'OK'
ptd-server 2022-02-23 03:11:31,772 [INFO] Got command from the client 'session,2022-02-23_02-49-41,stop,testing'
ptd-server 2022-02-23 03:11:41,782 [INFO] Sending to ptd: 'Stop'
ptd-server 2022-02-23 03:11:41,783 [INFO] Reply from ptd: 'Stopping untimed measurement'
ptd-server 2022-02-23 03:11:42,206 [INFO] Sending reply to client 'OK'
ptd-server 2022-02-23 03:11:42,225 [INFO] Got command from the client 'session,2022-02-23_02-49-41,done'
ptd-server 2022-02-23 03:11:42,225 [INFO] Sending to ptd: 'Stop'
ptd-server 2022-02-23 03:11:42,226 [INFO] Reply from ptd: 'Error: no measurement to stop'
ptd-server 2022-02-23 03:11:42,226 [INFO] Sending to ptd: 'SR,V,300.000000'
ptd-server 2022-02-23 03:11:43,727 [INFO] Reply from ptd: 'Range V changed'
ptd-server 2022-02-23 03:11:43,727 [INFO] Sending to ptd: 'SR,A,0.500000'
ptd-server 2022-02-23 03:11:45,229 [INFO] Reply from ptd: 'Range A changed'
ptd-server 2022-02-23 03:11:45,229 [INFO] Set initial values for Amps 0.500000 and Volts 300.000000
ptd-server 2022-02-23 03:11:45,229 [INFO] Stopping ptd...
