ptd-server 2022-02-13 13:20:41,082 [INFO] Got command from the client 'time'
ptd-server 2022-02-13 13:20:41,082 [INFO] Sending reply to client '1644758441.082231'
ptd-server 2022-02-13 13:20:41,085 [INFO] Got command from the client 'new,,c46d3281-4647-4434-9d36-d825fb072d17'
ptd-server 2022-02-13 13:20:41,086 [INFO] Sending reply to client 'OK 2022-02-13_13-20-41,62feeb81-ca66-4ce7-ab4c-5668f1650316'
ptd-server 2022-02-13 13:20:41,131 [INFO] Got command from the client 'time'
ptd-server 2022-02-13 13:20:41,131 [INFO] Sending reply to client '1644758441.1311781'
ptd-server 2022-02-13 13:20:41,133 [INFO] Got command from the client 'session,2022-02-13_13-20-41,start,ranging'
ptd-server 2022-02-13 13:20:41,133 [INFO] Running PTDaemon: ['/home/anton/projects/mlperf/power/inference_v1.0/ptd-linux-x86', '-l', '/tmp/tmpxvec0g6h/ptd_logfile.txt', '-p', '8888', '49', '/dev/usbtmc0']
ptd-server 2022-02-13 13:20:58,306 [INFO] Sending to ptd: 'Hello'
ptd-server 2022-02-13 13:20:58,306 [INFO] Reply from ptd: 'Hello, PTDaemon here!'
ptd-server 2022-02-13 13:20:58,307 [INFO] Sending to ptd: 'Identify'
ptd-server 2022-02-13 13:20:58,307 [INFO] Reply from ptd: 'YokogawaWT310E,1000,1,1,1,1,0,1,1,version=1.9.2-e8c7a49a-20201208,OS=Linux 5.13.0-27-generic #29~20.04.1-Ubuntu SMP Fri Jan 14 00:32:30 UTC 2022 x86_64,mode=power,1,1,1,0,0,no_cal_date,YOKOGAWA;WT310E;C3XA04010E;F1.04'
ptd-server 2022-02-13 13:20:58,307 [INFO] Connected to PTDaemon
ptd-server 2022-02-13 13:20:58,307 [INFO] Sending to ptd: 'RR'
ptd-server 2022-02-13 13:20:58,308 [INFO] Reply from ptd: 'Ranges,0,0.500000,0,300.000000'
ptd-server 2022-02-13 13:20:58,308 [INFO] Initial range for Amps is 0.500000 for Volts is 300.000000
ptd-server 2022-02-13 13:20:58,308 [INFO] Sending to ptd: 'SR,V,Auto'
ptd-server 2022-02-13 13:20:58,810 [INFO] Reply from ptd: 'Range V changed'
ptd-server 2022-02-13 13:20:58,811 [INFO] Sending to ptd: 'SR,A,Auto'
ptd-server 2022-02-13 13:20:59,313 [INFO] Reply from ptd: 'Range A changed'
ptd-server 2022-02-13 13:21:09,323 [INFO] Starting ranging mode
ptd-server 2022-02-13 13:21:09,324 [INFO] Sending to ptd: 'Go,1000,0,2022-02-13_13-20-41_ranging'
ptd-server 2022-02-13 13:21:09,324 [INFO] Reply from ptd: 'Starting untimed measurement, maximum 500000 samples at 1000ms with 0 rampup samples'
ptd-server 2022-02-13 13:21:09,324 [INFO] Sending reply to client 'OK'
ptd-server 2022-02-13 13:31:25,187 [INFO] Got command from the client 'session,2022-02-13_13-20-41,stop,ranging'
ptd-server 2022-02-13 13:31:35,198 [INFO] Sending to ptd: 'Stop'
ptd-server 2022-02-13 13:31:35,198 [INFO] Reply from ptd: 'Stopping untimed measurement'
ptd-server 2022-02-13 13:31:35,810 [INFO] Sending reply to client 'OK'
ptd-server 2022-02-13 13:31:35,882 [INFO] Got command from the client 'time'
ptd-server 2022-02-13 13:31:35,883 [INFO] Sending reply to client '1644759095.8830311'
ptd-server 2022-02-13 13:31:35,885 [INFO] Got command from the client 'session,2022-02-13_13-20-41,start,testing'
ptd-server 2022-02-13 13:31:35,885 [INFO] Sending to ptd: 'SR,V,247.940000'
ptd-server 2022-02-13 13:31:37,387 [INFO] Reply from ptd: 'Range V changed'
ptd-server 2022-02-13 13:31:37,387 [INFO] Sending to ptd: 'SR,A,0.167040'
ptd-server 2022-02-13 13:31:38,888 [INFO] Reply from ptd: 'Range A changed'
ptd-server 2022-02-13 13:31:48,899 [INFO] Starting testing mode
ptd-server 2022-02-13 13:31:48,899 [INFO] Sending to ptd: 'Go,1000,0,2022-02-13_13-20-41_testing'
ptd-server 2022-02-13 13:31:48,899 [INFO] Reply from ptd: 'Starting untimed measurement, maximum 500000 samples at 1000ms with 0 rampup samples'
ptd-server 2022-02-13 13:31:48,899 [INFO] Sending reply to client 'OK'
ptd-server 2022-02-13 13:42:04,659 [INFO] Got command from the client 'session,2022-02-13_13-20-41,stop,testing'
ptd-server 2022-02-13 13:42:14,670 [INFO] Sending to ptd: 'Stop'
ptd-server 2022-02-13 13:42:14,670 [INFO] Reply from ptd: 'Stopping untimed measurement'
ptd-server 2022-02-13 13:42:14,987 [INFO] Sending reply to client 'OK'
ptd-server 2022-02-13 13:42:15,004 [INFO] Got command from the client 'session,2022-02-13_13-20-41,done'
ptd-server 2022-02-13 13:42:15,004 [INFO] Sending to ptd: 'Stop'
ptd-server 2022-02-13 13:42:15,005 [INFO] Reply from ptd: 'Error: no measurement to stop'
ptd-server 2022-02-13 13:42:15,005 [INFO] Sending to ptd: 'SR,V,300.000000'
ptd-server 2022-02-13 13:42:16,506 [INFO] Reply from ptd: 'Range V changed'
ptd-server 2022-02-13 13:42:16,506 [INFO] Sending to ptd: 'SR,A,0.500000'
ptd-server 2022-02-13 13:42:18,008 [INFO] Reply from ptd: 'Range A changed'
ptd-server 2022-02-13 13:42:18,008 [INFO] Set initial values for Amps 0.500000 and Volts 300.000000
ptd-server 2022-02-13 13:42:18,008 [INFO] Stopping ptd...
