ptd-server 2022-02-23 13:08:38,371 [INFO] Got command from the client 'time'
ptd-server 2022-02-23 13:08:38,371 [INFO] Sending reply to client '1645621718.3714097'
ptd-server 2022-02-23 13:08:38,373 [INFO] Got command from the client 'new,,8f7c20ca-c4bb-487c-932c-477332f6ea8c'
ptd-server 2022-02-23 13:08:38,374 [INFO] Sending reply to client 'OK 2022-02-23_13-08-38,98d1a50b-ca84-468d-9bc5-5da8f8e5222c'
ptd-server 2022-02-23 13:08:38,411 [INFO] Got command from the client 'time'
ptd-server 2022-02-23 13:08:38,411 [INFO] Sending reply to client '1645621718.4111412'
ptd-server 2022-02-23 13:08:38,413 [INFO] Got command from the client 'session,2022-02-23_13-08-38,start,ranging'
ptd-server 2022-02-23 13:08:38,413 [INFO] Running PTDaemon: ['/home/anton/projects/mlperf/power/inference_v1.0/ptd-linux-x86', '-l', '/tmp/tmpgldyt7rr/ptd_logfile.txt', '-p', '8888', '49', '/dev/usbtmc0']
ptd-server 2022-02-23 13:08:55,586 [INFO] Sending to ptd: 'Hello'
ptd-server 2022-02-23 13:08:55,586 [INFO] Reply from ptd: 'Hello, PTDaemon here!'
ptd-server 2022-02-23 13:08:55,587 [INFO] Sending to ptd: 'Identify'
ptd-server 2022-02-23 13:08:55,587 [INFO] Reply from ptd: 'YokogawaWT310E,1000,1,1,1,1,0,1,1,version=1.9.2-e8c7a49a-20201208,OS=Linux 5.13.0-28-generic #31~20.04.1-Ubuntu SMP Wed Jan 19 14:08:10 UTC 2022 x86_64,mode=power,1,1,1,0,0,no_cal_date,YOKOGAWA;WT310E;C3XA04010E;F1.04'
ptd-server 2022-02-23 13:08:55,587 [INFO] Connected to PTDaemon
ptd-server 2022-02-23 13:08:55,587 [INFO] Sending to ptd: 'RR'
ptd-server 2022-02-23 13:08:55,587 [INFO] Reply from ptd: 'Ranges,0,0.500000,0,300.000000'
ptd-server 2022-02-23 13:08:55,588 [INFO] Initial range for Amps is 0.500000 for Volts is 300.000000
ptd-server 2022-02-23 13:08:55,588 [INFO] Sending to ptd: 'SR,V,Auto'
ptd-server 2022-02-23 13:08:56,090 [INFO] Reply from ptd: 'Range V changed'
ptd-server 2022-02-23 13:08:56,090 [INFO] Sending to ptd: 'SR,A,Auto'
ptd-server 2022-02-23 13:08:56,593 [INFO] Reply from ptd: 'Range A changed'
ptd-server 2022-02-23 13:09:06,603 [INFO] Starting ranging mode
ptd-server 2022-02-23 13:09:06,603 [INFO] Sending to ptd: 'Go,1000,0,2022-02-23_13-08-38_ranging'
ptd-server 2022-02-23 13:09:06,604 [INFO] Reply from ptd: 'Starting untimed measurement, maximum 500000 samples at 1000ms with 0 rampup samples'
ptd-server 2022-02-23 13:09:06,604 [INFO] Sending reply to client 'OK'
ptd-server 2022-02-23 13:19:36,611 [INFO] Got command from the client 'session,2022-02-23_13-08-38,stop,ranging'
ptd-server 2022-02-23 13:19:46,621 [INFO] Sending to ptd: 'Stop'
ptd-server 2022-02-23 13:19:46,622 [INFO] Reply from ptd: 'Stopping untimed measurement'
ptd-server 2022-02-23 13:19:47,482 [INFO] Sending reply to client 'OK'
ptd-server 2022-02-23 13:19:47,560 [INFO] Got command from the client 'time'
ptd-server 2022-02-23 13:19:47,560 [INFO] Sending reply to client '1645622387.5602849'
ptd-server 2022-02-23 13:19:47,562 [INFO] Got command from the client 'session,2022-02-23_13-08-38,start,testing'
ptd-server 2022-02-23 13:19:47,562 [INFO] Sending to ptd: 'SR,V,250.370000'
ptd-server 2022-02-23 13:19:49,106 [INFO] Reply from ptd: 'Range V changed'
ptd-server 2022-02-23 13:19:49,106 [INFO] Sending to ptd: 'SR,A,0.056860'
ptd-server 2022-02-23 13:19:50,607 [INFO] Reply from ptd: 'Range A changed'
ptd-server 2022-02-23 13:20:00,618 [INFO] Starting testing mode
ptd-server 2022-02-23 13:20:00,618 [INFO] Sending to ptd: 'Go,1000,0,2022-02-23_13-08-38_testing'
ptd-server 2022-02-23 13:20:00,618 [INFO] Reply from ptd: 'Starting untimed measurement, maximum 500000 samples at 1000ms with 0 rampup samples'
ptd-server 2022-02-23 13:20:00,619 [INFO] Sending reply to client 'OK'
ptd-server 2022-02-23 13:30:30,040 [INFO] Got command from the client 'session,2022-02-23_13-08-38,stop,testing'
ptd-server 2022-02-23 13:30:40,051 [INFO] Sending to ptd: 'Stop'
ptd-server 2022-02-23 13:30:40,051 [INFO] Reply from ptd: 'Stopping untimed measurement'
ptd-server 2022-02-23 13:30:40,489 [INFO] Sending reply to client 'OK'
ptd-server 2022-02-23 13:30:40,508 [INFO] Got command from the client 'session,2022-02-23_13-08-38,done'
ptd-server 2022-02-23 13:30:40,508 [INFO] Sending to ptd: 'Stop'
ptd-server 2022-02-23 13:30:40,618 [INFO] Reply from ptd: 'Error: no measurement to stop'
ptd-server 2022-02-23 13:30:40,619 [INFO] Sending to ptd: 'SR,V,300.000000'
ptd-server 2022-02-23 13:30:42,120 [INFO] Reply from ptd: 'Range V changed'
ptd-server 2022-02-23 13:30:42,120 [INFO] Sending to ptd: 'SR,A,0.500000'
ptd-server 2022-02-23 13:30:43,621 [INFO] Reply from ptd: 'Range A changed'
ptd-server 2022-02-23 13:30:43,622 [INFO] Set initial values for Amps 0.500000 and Volts 300.000000
ptd-server 2022-02-23 13:30:43,622 [INFO] Stopping ptd...
