ptd-server 2022-02-16 08:39:18,896 [INFO] Got command from the client 'stop'
ptd-server 2022-02-16 08:39:18,896 [INFO] The server will be stopped after processing this client
ptd-server 2022-02-16 08:39:18,896 [INFO] Sending reply to client 'OK'
ptd-server 2022-02-16 08:39:19,099 [INFO] Got command from the client 'time'
ptd-server 2022-02-16 08:39:19,099 [INFO] Sending reply to client '1645029559.0993779'
ptd-server 2022-02-16 08:39:19,099 [INFO] Got command from the client 'new,,df049eb8-ee05-454e-9536-96cc4e6dd766'
ptd-server 2022-02-16 08:39:19,099 [INFO] Sending reply to client 'OK 2022-02-16_08-39-19,30ea9246-80b3-4f23-ad76-d53bb1548019'
ptd-server 2022-02-16 08:39:19,324 [INFO] Got command from the client 'time'
ptd-server 2022-02-16 08:39:19,324 [INFO] Sending reply to client '1645029559.324195'
ptd-server 2022-02-16 08:39:19,324 [INFO] Got command from the client 'session,2022-02-16_08-39-19,start,ranging'
ptd-server 2022-02-16 08:39:19,427 [INFO] Running PTDaemon: ['C:\\PTD\\ptd-windows-x86.exe', '-l', 'C:\\Users\\lab\\AppData\\Local\\Temp\\tmp2y0jfec0\\ptd_logfile.txt', '-p', '8888', '-c', '1,3', '-y', '77', '10.34.232.250']
ptd-server 2022-02-16 08:39:38,570 [INFO] Sending to ptd: 'Hello'
ptd-server 2022-02-16 08:39:38,570 [INFO] Reply from ptd: 'Hello, PTDaemon here!'
ptd-server 2022-02-16 08:39:38,570 [INFO] Sending to ptd: 'Identify'
ptd-server 2022-02-16 08:39:38,570 [INFO] Reply from ptd: 'YokogawaWT330_multichannel,1000,1,1,1,1,0,0,1,version=1.9.2-3976349f-20201208,OS=Windows 8 / Server 2012,mode=power,1,1,2,0,0,no_cal_date,YOKOGAWA;WT333E;C2WA21018V;F1.04'
ptd-server 2022-02-16 08:39:38,570 [INFO] Connected to PTDaemon
ptd-server 2022-02-16 08:39:38,570 [INFO] Sending to ptd: 'RR'
ptd-server 2022-02-16 08:39:38,570 [INFO] Reply from ptd: 'Ranges,0,20.000000,1,300.000000'
ptd-server 2022-02-16 08:39:38,570 [INFO] Initial range for Amps is 20.000000 for Volts is Auto
ptd-server 2022-02-16 08:39:38,570 [INFO] Sending to ptd: 'SR,V,Auto'
ptd-server 2022-02-16 08:39:43,649 [INFO] Reply from ptd: 'Range V changed'
ptd-server 2022-02-16 08:39:43,649 [INFO] Sending to ptd: 'SR,A,Auto'
ptd-server 2022-02-16 08:39:48,724 [INFO] Reply from ptd: 'Range A changed'
ptd-server 2022-02-16 08:39:58,724 [INFO] Starting ranging mode
ptd-server 2022-02-16 08:39:58,724 [INFO] Sending to ptd: 'Go,1000,0,2022-02-16_08-39-19_ranging'
ptd-server 2022-02-16 08:39:58,724 [INFO] Reply from ptd: 'Starting untimed measurement, maximum 500000 samples at 1000ms with 0 rampup samples'
ptd-server 2022-02-16 08:39:58,724 [INFO] Sending reply to client 'OK'
ptd-server 2022-02-16 08:50:32,031 [INFO] Got command from the client 'session,2022-02-16_08-39-19,stop,ranging'
ptd-server 2022-02-16 08:50:42,031 [INFO] Sending to ptd: 'Stop'
ptd-server 2022-02-16 08:50:42,031 [INFO] Reply from ptd: 'Stopping untimed measurement'
ptd-server 2022-02-16 08:50:42,062 [INFO] Sending reply to client 'OK'
ptd-server 2022-02-16 08:50:42,306 [INFO] Got command from the client 'set_ntp'
ptd-server 2022-02-16 08:50:42,306 [INFO] Synchronizing with ib-01.dc4-in.nvidia.com time using NTP...
ptd-server 2022-02-16 08:50:43,550 [INFO] Set system time at 2022-02-16 08:50:43.550861
ptd-server 2022-02-16 08:50:43,550 [INFO] Sending reply to client 'OK'
ptd-server 2022-02-16 08:50:51,877 [INFO] Got command from the client 'time'
ptd-server 2022-02-16 08:50:51,877 [INFO] Sending reply to client '1645030251.8773563'
ptd-server 2022-02-16 08:50:51,877 [INFO] Got command from the client 'session,2022-02-16_08-39-19,start,testing'
ptd-server 2022-02-16 08:50:51,877 [INFO] Sending to ptd: 'SR,V,209.030000'
ptd-server 2022-02-16 08:50:57,953 [INFO] Reply from ptd: 'Range V changed'
ptd-server 2022-02-16 08:50:57,953 [INFO] Sending to ptd: 'SR,A,5.325900'
ptd-server 2022-02-16 08:51:03,547 [INFO] Reply from ptd: 'Range A changed'
ptd-server 2022-02-16 08:51:13,557 [INFO] Starting testing mode
ptd-server 2022-02-16 08:51:13,557 [INFO] Sending to ptd: 'Go,1000,0,2022-02-16_08-39-19_testing'
ptd-server 2022-02-16 08:51:13,557 [INFO] Reply from ptd: 'Starting untimed measurement, maximum 500000 samples at 1000ms with 0 rampup samples'
ptd-server 2022-02-16 08:51:13,557 [INFO] Sending reply to client 'OK'
ptd-server 2022-02-16 09:01:46,715 [INFO] Got command from the client 'session,2022-02-16_08-39-19,stop,testing'
ptd-server 2022-02-16 09:01:56,723 [INFO] Sending to ptd: 'Stop'
ptd-server 2022-02-16 09:01:56,723 [INFO] Reply from ptd: 'Stopping untimed measurement'
ptd-server 2022-02-16 09:01:56,738 [INFO] Sending reply to client 'OK'
ptd-server 2022-02-16 09:01:56,801 [INFO] Got command from the client 'session,2022-02-16_08-39-19,done'
ptd-server 2022-02-16 09:01:56,801 [INFO] Sending to ptd: 'Stop'
ptd-server 2022-02-16 09:01:57,566 [INFO] Reply from ptd: 'Error: no measurement to stop'
ptd-server 2022-02-16 09:01:57,566 [INFO] Sending to ptd: 'SR,V,Auto'
ptd-server 2022-02-16 09:02:02,633 [INFO] Reply from ptd: 'Range V changed'
ptd-server 2022-02-16 09:02:02,633 [INFO] Sending to ptd: 'SR,A,20.000000'
ptd-server 2022-02-16 09:02:08,222 [INFO] Reply from ptd: 'Range A changed'
ptd-server 2022-02-16 09:02:08,222 [INFO] Set initial values for Amps 20.000000 and Volts Auto
ptd-server 2022-02-16 09:02:08,222 [INFO] Stopping ptd...
