ptd-server 2022-02-24 03:30:56,758 [INFO] Got command from the client 'time'
ptd-server 2022-02-24 03:30:56,759 [INFO] Sending reply to client '1645673456.7589931'
ptd-server 2022-02-24 03:30:56,761 [INFO] Got command from the client 'new,,cf416277-4878-47a2-9c97-e5cd30b1ac9d'
ptd-server 2022-02-24 03:30:56,761 [INFO] Sending reply to client 'OK 2022-02-24_03-30-56,f380749c-3209-48d9-9119-e5818dd99a95'
ptd-server 2022-02-24 03:30:56,802 [INFO] Got command from the client 'time'
ptd-server 2022-02-24 03:30:56,802 [INFO] Sending reply to client '1645673456.8024302'
ptd-server 2022-02-24 03:30:56,804 [INFO] Got command from the client 'session,2022-02-24_03-30-56,start,ranging'
ptd-server 2022-02-24 03:30:56,804 [INFO] Running PTDaemon: ['/home/anton/projects/mlperf/power/inference_v1.0/ptd-linux-x86', '-l', '/tmp/tmp0_fn53vp/ptd_logfile.txt', '-p', '8888', '49', '/dev/usbtmc0']
ptd-server 2022-02-24 03:31:13,977 [INFO] Sending to ptd: 'Hello'
ptd-server 2022-02-24 03:31:13,978 [INFO] Reply from ptd: 'Hello, PTDaemon here!'
ptd-server 2022-02-24 03:31:13,978 [INFO] Sending to ptd: 'Identify'
ptd-server 2022-02-24 03:31:13,978 [INFO] Reply from ptd: 'YokogawaWT310E,1000,1,1,1,1,0,1,1,version=1.9.2-e8c7a49a-20201208,OS=Linux 5.13.0-30-generic #33~20.04.1-Ubuntu SMP Mon Feb 7 14:25:10 UTC 2022 x86_64,mode=power,1,1,1,0,0,no_cal_date,YOKOGAWA;WT310E;C3XA04010E;F1.04'
ptd-server 2022-02-24 03:31:13,978 [INFO] Connected to PTDaemon
ptd-server 2022-02-24 03:31:13,978 [INFO] Sending to ptd: 'RR'
ptd-server 2022-02-24 03:31:13,979 [INFO] Reply from ptd: 'Ranges,0,0.500000,1,300.000000'
ptd-server 2022-02-24 03:31:13,979 [INFO] Initial range for Amps is 0.500000 for Volts is Auto
ptd-server 2022-02-24 03:31:13,979 [INFO] Sending to ptd: 'SR,V,Auto'
ptd-server 2022-02-24 03:31:14,481 [INFO] Reply from ptd: 'Range V changed'
ptd-server 2022-02-24 03:31:14,482 [INFO] Sending to ptd: 'SR,A,Auto'
ptd-server 2022-02-24 03:31:14,984 [INFO] Reply from ptd: 'Range A changed'
ptd-server 2022-02-24 03:31:24,994 [INFO] Starting ranging mode
ptd-server 2022-02-24 03:31:24,994 [INFO] Sending to ptd: 'Go,1000,0,2022-02-24_03-30-56_ranging'
ptd-server 2022-02-24 03:31:24,995 [INFO] Reply from ptd: 'Starting untimed measurement, maximum 500000 samples at 1000ms with 0 rampup samples'
ptd-server 2022-02-24 03:31:24,995 [INFO] Sending reply to client 'OK'
ptd-server 2022-02-24 03:41:47,727 [INFO] Got command from the client 'session,2022-02-24_03-30-56,stop,ranging'
ptd-server 2022-02-24 03:41:57,738 [INFO] Sending to ptd: 'Stop'
ptd-server 2022-02-24 03:41:57,738 [INFO] Reply from ptd: 'Stopping untimed measurement'
ptd-server 2022-02-24 03:41:57,793 [INFO] Sending reply to client 'OK'
ptd-server 2022-02-24 03:41:57,851 [INFO] Got command from the client 'time'
ptd-server 2022-02-24 03:41:57,851 [INFO] Sending reply to client '1645674117.8516119'
ptd-server 2022-02-24 03:41:57,853 [INFO] Got command from the client 'session,2022-02-24_03-30-56,start,testing'
ptd-server 2022-02-24 03:41:57,853 [INFO] Sending to ptd: 'SR,V,250.100000'
ptd-server 2022-02-24 03:41:59,496 [INFO] Reply from ptd: 'Range V changed'
ptd-server 2022-02-24 03:41:59,496 [INFO] Sending to ptd: 'SR,A,0.043740'
ptd-server 2022-02-24 03:42:00,998 [INFO] Reply from ptd: 'Range A changed'
ptd-server 2022-02-24 03:42:11,008 [INFO] Starting testing mode
ptd-server 2022-02-24 03:42:11,008 [INFO] Sending to ptd: 'Go,1000,0,2022-02-24_03-30-56_testing'
ptd-server 2022-02-24 03:42:11,009 [INFO] Reply from ptd: 'Starting untimed measurement, maximum 500000 samples at 1000ms with 0 rampup samples'
ptd-server 2022-02-24 03:42:11,009 [INFO] Sending reply to client 'OK'
ptd-server 2022-02-24 03:52:33,685 [INFO] Got command from the client 'session,2022-02-24_03-30-56,stop,testing'
ptd-server 2022-02-24 03:52:43,695 [INFO] Sending to ptd: 'Stop'
ptd-server 2022-02-24 03:52:43,695 [INFO] Reply from ptd: 'Stopping untimed measurement'
ptd-server 2022-02-24 03:52:43,723 [INFO] Sending reply to client 'OK'
ptd-server 2022-02-24 03:52:43,742 [INFO] Got command from the client 'session,2022-02-24_03-30-56,done'
ptd-server 2022-02-24 03:52:43,742 [INFO] Sending to ptd: 'Stop'
ptd-server 2022-02-24 03:52:44,009 [INFO] Reply from ptd: 'Error: no measurement to stop'
ptd-server 2022-02-24 03:52:44,009 [INFO] Sending to ptd: 'SR,V,Auto'
ptd-server 2022-02-24 03:52:44,512 [INFO] Reply from ptd: 'Range V changed'
ptd-server 2022-02-24 03:52:44,512 [INFO] Sending to ptd: 'SR,A,0.500000'
ptd-server 2022-02-24 03:52:46,013 [INFO] Reply from ptd: 'Range A changed'
ptd-server 2022-02-24 03:52:46,014 [INFO] Set initial values for Amps 0.500000 and Volts Auto
ptd-server 2022-02-24 03:52:46,014 [INFO] Stopping ptd...
