ptd-server 2022-02-15 13:05:12,526 [INFO] Got command from the client 'time'
ptd-server 2022-02-15 13:05:12,526 [INFO] Sending reply to client '1644930312.5265102'
ptd-server 2022-02-15 13:05:12,529 [INFO] Got command from the client 'new,,50aa07cb-ee6e-48aa-bdfc-9277682eecc7'
ptd-server 2022-02-15 13:05:12,530 [INFO] Sending reply to client 'OK 2022-02-15_13-05-12,c6d5d231-cf09-45cc-bd5c-3e1a8c31e92d'
ptd-server 2022-02-15 13:05:12,566 [INFO] Got command from the client 'time'
ptd-server 2022-02-15 13:05:12,566 [INFO] Sending reply to client '1644930312.5666687'
ptd-server 2022-02-15 13:05:12,568 [INFO] Got command from the client 'session,2022-02-15_13-05-12,start,ranging'
ptd-server 2022-02-15 13:05:12,569 [INFO] Running PTDaemon: ['/home/anton/projects/mlperf/power/inference_v1.0/ptd-linux-x86', '-l', '/tmp/tmpxvec0g6h/ptd_logfile.txt', '-p', '8888', '49', '/dev/usbtmc0']
ptd-server 2022-02-15 13:05:29,741 [INFO] Sending to ptd: 'Hello'
ptd-server 2022-02-15 13:05:29,742 [INFO] Reply from ptd: 'Hello, PTDaemon here!'
ptd-server 2022-02-15 13:05:29,742 [INFO] Sending to ptd: 'Identify'
ptd-server 2022-02-15 13:05:29,742 [INFO] Reply from ptd: 'YokogawaWT310E,1000,1,1,1,1,0,1,1,version=1.9.2-e8c7a49a-20201208,OS=Linux 5.13.0-27-generic #29~20.04.1-Ubuntu SMP Fri Jan 14 00:32:30 UTC 2022 x86_64,mode=power,1,1,1,0,0,no_cal_date,YOKOGAWA;WT310E;C3XA04010E;F1.04'
ptd-server 2022-02-15 13:05:29,743 [INFO] Connected to PTDaemon
ptd-server 2022-02-15 13:05:29,743 [INFO] Sending to ptd: 'RR'
ptd-server 2022-02-15 13:05:29,743 [INFO] Reply from ptd: 'Ranges,0,0.500000,0,300.000000'
ptd-server 2022-02-15 13:05:29,743 [INFO] Initial range for Amps is 0.500000 for Volts is 300.000000
ptd-server 2022-02-15 13:05:29,743 [INFO] Sending to ptd: 'SR,V,Auto'
ptd-server 2022-02-15 13:05:30,246 [INFO] Reply from ptd: 'Range V changed'
ptd-server 2022-02-15 13:05:30,246 [INFO] Sending to ptd: 'SR,A,Auto'
ptd-server 2022-02-15 13:05:30,748 [INFO] Reply from ptd: 'Range A changed'
ptd-server 2022-02-15 13:05:40,759 [INFO] Starting ranging mode
ptd-server 2022-02-15 13:05:40,759 [INFO] Sending to ptd: 'Go,1000,0,2022-02-15_13-05-12_ranging'
ptd-server 2022-02-15 13:05:40,759 [INFO] Reply from ptd: 'Starting untimed measurement, maximum 500000 samples at 1000ms with 0 rampup samples'
ptd-server 2022-02-15 13:05:40,760 [INFO] Sending reply to client 'OK'
ptd-server 2022-02-15 13:16:00,246 [INFO] Got command from the client 'session,2022-02-15_13-05-12,stop,ranging'
ptd-server 2022-02-15 13:16:10,257 [INFO] Sending to ptd: 'Stop'
ptd-server 2022-02-15 13:16:10,257 [INFO] Reply from ptd: 'Stopping untimed measurement'
ptd-server 2022-02-15 13:16:11,109 [INFO] Sending reply to client 'OK'
ptd-server 2022-02-15 13:16:11,169 [INFO] Got command from the client 'time'
ptd-server 2022-02-15 13:16:11,169 [INFO] Sending reply to client '1644930971.1693351'
ptd-server 2022-02-15 13:16:11,173 [INFO] Got command from the client 'session,2022-02-15_13-05-12,start,testing'
ptd-server 2022-02-15 13:16:11,173 [INFO] Sending to ptd: 'SR,V,251.180000'
ptd-server 2022-02-15 13:16:12,674 [INFO] Reply from ptd: 'Range V changed'
ptd-server 2022-02-15 13:16:12,675 [INFO] Sending to ptd: 'SR,A,0.200940'
ptd-server 2022-02-15 13:16:14,176 [INFO] Reply from ptd: 'Range A changed'
ptd-server 2022-02-15 13:16:24,186 [INFO] Starting testing mode
ptd-server 2022-02-15 13:16:24,186 [INFO] Sending to ptd: 'Go,1000,0,2022-02-15_13-05-12_testing'
ptd-server 2022-02-15 13:16:24,187 [INFO] Reply from ptd: 'Starting untimed measurement, maximum 500000 samples at 1000ms with 0 rampup samples'
ptd-server 2022-02-15 13:16:24,187 [INFO] Sending reply to client 'OK'
ptd-server 2022-02-15 13:26:43,700 [INFO] Got command from the client 'session,2022-02-15_13-05-12,stop,testing'
ptd-server 2022-02-15 13:26:53,711 [INFO] Sending to ptd: 'Stop'
ptd-server 2022-02-15 13:26:53,711 [INFO] Reply from ptd: 'Stopping untimed measurement'
ptd-server 2022-02-15 13:26:54,152 [INFO] Sending reply to client 'OK'
ptd-server 2022-02-15 13:26:54,172 [INFO] Got command from the client 'session,2022-02-15_13-05-12,done'
ptd-server 2022-02-15 13:26:54,173 [INFO] Sending to ptd: 'Stop'
ptd-server 2022-02-15 13:26:54,188 [INFO] Reply from ptd: 'Error: no measurement to stop'
ptd-server 2022-02-15 13:26:54,188 [INFO] Sending to ptd: 'SR,V,300.000000'
ptd-server 2022-02-15 13:26:55,689 [INFO] Reply from ptd: 'Range V changed'
ptd-server 2022-02-15 13:26:55,690 [INFO] Sending to ptd: 'SR,A,0.500000'
ptd-server 2022-02-15 13:26:57,191 [INFO] Reply from ptd: 'Range A changed'
ptd-server 2022-02-15 13:26:57,191 [INFO] Set initial values for Amps 0.500000 and Volts 300.000000
ptd-server 2022-02-15 13:26:57,191 [INFO] Stopping ptd...
