ptd-server 2022-02-22 07:59:15,233 [INFO] Got command from the client 'stop'
ptd-server 2022-02-22 07:59:15,233 [INFO] The server will be stopped after processing this client
ptd-server 2022-02-22 07:59:15,233 [INFO] Sending reply to client 'OK'
ptd-server 2022-02-22 07:59:15,370 [INFO] Got command from the client 'time'
ptd-server 2022-02-22 07:59:15,370 [INFO] Sending reply to client '1645516755.3703501'
ptd-server 2022-02-22 07:59:15,372 [INFO] Got command from the client 'new,,9a7e2386-7cd3-4777-988c-5f2e5e76bc08'
ptd-server 2022-02-22 07:59:15,373 [INFO] Sending reply to client 'OK 2022-02-22_07-59-15,5287412b-45d2-4410-a879-a0bbe7cceee7'
ptd-server 2022-02-22 07:59:15,624 [INFO] Got command from the client 'time'
ptd-server 2022-02-22 07:59:15,628 [INFO] Sending reply to client '1645516755.628369'
ptd-server 2022-02-22 07:59:15,629 [INFO] Got command from the client 'session,2022-02-22_07-59-15,start,ranging'
ptd-server 2022-02-22 07:59:15,736 [INFO] Running PTDaemon: ['C:\\PTD\\ptd-windows-x86.exe', '-l', 'C:\\Users\\mlperf\\AppData\\Local\\Temp\\tmpics29t_l\\ptd_logfile.txt', '-p', '8888', '49', 'COM4']
ptd-server 2022-02-22 07:59:35,002 [INFO] Sending to ptd: 'Hello'
ptd-server 2022-02-22 07:59:35,007 [INFO] Reply from ptd: 'Hello, PTDaemon here!'
ptd-server 2022-02-22 07:59:35,007 [INFO] Sending to ptd: 'Identify'
ptd-server 2022-02-22 07:59:35,008 [INFO] Reply from ptd: 'YokogawaWT310E,1000,1,1,1,1,0,1,1,version=1.9.2-3976349f-20201208,OS=Windows 8 / Server 2012,mode=power,1,1,1,0,0,no_cal_date,YOKOGAWA;WT310E;C3TA11005E;F1.02'
ptd-server 2022-02-22 07:59:35,009 [INFO] Connected to PTDaemon
ptd-server 2022-02-22 07:59:35,009 [INFO] Sending to ptd: 'RR'
ptd-server 2022-02-22 07:59:35,009 [INFO] Reply from ptd: 'Ranges,0,10.000000,0,300.000000'
ptd-server 2022-02-22 07:59:35,010 [INFO] Initial range for Amps is 10.000000 for Volts is 300.000000
ptd-server 2022-02-22 07:59:35,011 [INFO] Sending to ptd: 'SR,V,Auto'
ptd-server 2022-02-22 07:59:35,578 [INFO] Reply from ptd: 'Range V changed'
ptd-server 2022-02-22 07:59:35,578 [INFO] Sending to ptd: 'SR,A,Auto'
ptd-server 2022-02-22 07:59:36,158 [INFO] Reply from ptd: 'Range A changed'
ptd-server 2022-02-22 07:59:46,170 [INFO] Starting ranging mode
ptd-server 2022-02-22 07:59:46,174 [INFO] Sending to ptd: 'Go,1000,0,2022-02-22_07-59-15_ranging'
ptd-server 2022-02-22 07:59:46,174 [INFO] Reply from ptd: 'Starting untimed measurement, maximum 500000 samples at 1000ms with 0 rampup samples'
ptd-server 2022-02-22 07:59:46,175 [INFO] Sending reply to client 'OK'
ptd-server 2022-02-22 08:11:33,734 [INFO] Got command from the client 'session,2022-02-22_07-59-15,stop,ranging'
ptd-server 2022-02-22 08:11:43,741 [INFO] Sending to ptd: 'Stop'
ptd-server 2022-02-22 08:11:43,741 [INFO] Reply from ptd: 'Stopping untimed measurement'
ptd-server 2022-02-22 08:11:43,756 [INFO] Sending reply to client 'OK'
ptd-server 2022-02-22 08:11:43,869 [INFO] Got command from the client 'time'
ptd-server 2022-02-22 08:11:43,870 [INFO] Sending reply to client '1645517503.8708208'
ptd-server 2022-02-22 08:11:43,871 [INFO] Got command from the client 'session,2022-02-22_07-59-15,start,testing'
ptd-server 2022-02-22 08:11:43,871 [INFO] Sending to ptd: 'SR,V,218.990000'
ptd-server 2022-02-22 08:11:45,770 [INFO] Reply from ptd: 'Range V changed'
ptd-server 2022-02-22 08:11:45,771 [INFO] Sending to ptd: 'SR,A,3.743500'
ptd-server 2022-02-22 08:11:47,352 [INFO] Reply from ptd: 'Range A changed'
ptd-server 2022-02-22 08:11:57,367 [INFO] Starting testing mode
ptd-server 2022-02-22 08:11:57,371 [INFO] Sending to ptd: 'Go,1000,0,2022-02-22_07-59-15_testing'
ptd-server 2022-02-22 08:11:57,372 [INFO] Reply from ptd: 'Starting untimed measurement, maximum 500000 samples at 1000ms with 0 rampup samples'
ptd-server 2022-02-22 08:11:57,372 [INFO] Sending reply to client 'OK'
ptd-server 2022-02-22 08:23:44,949 [INFO] Got command from the client 'session,2022-02-22_07-59-15,stop,testing'
ptd-server 2022-02-22 08:23:54,962 [INFO] Sending to ptd: 'Stop'
ptd-server 2022-02-22 08:23:54,967 [INFO] Reply from ptd: 'Stopping untimed measurement'
ptd-server 2022-02-22 08:23:54,982 [INFO] Sending reply to client 'OK'
ptd-server 2022-02-22 08:23:54,990 [INFO] Got command from the client 'session,2022-02-22_07-59-15,done'
ptd-server 2022-02-22 08:23:54,991 [INFO] Sending to ptd: 'Stop'
ptd-server 2022-02-22 08:23:55,385 [INFO] Reply from ptd: 'Error: no measurement to stop'
ptd-server 2022-02-22 08:23:55,386 [INFO] Sending to ptd: 'SR,V,300.000000'
ptd-server 2022-02-22 08:23:56,972 [INFO] Reply from ptd: 'Range V changed'
ptd-server 2022-02-22 08:23:56,973 [INFO] Sending to ptd: 'SR,A,10.000000'
ptd-server 2022-02-22 08:23:58,555 [INFO] Reply from ptd: 'Range A changed'
ptd-server 2022-02-22 08:23:58,560 [INFO] Set initial values for Amps 10.000000 and Volts 300.000000
ptd-server 2022-02-22 08:23:58,561 [INFO] Stopping ptd...
