ptd-server 2022-02-16 19:47:39,432 [INFO] Got command from the client 'time'
ptd-server 2022-02-16 19:47:39,432 [INFO] Sending reply to client '1645040859.4328709'
ptd-server 2022-02-16 19:47:39,434 [INFO] Got command from the client 'new,,281c0059-fc9e-4f88-a532-4a131567c61d'
ptd-server 2022-02-16 19:47:39,434 [INFO] Sending reply to client 'OK 2022-02-16_19-47-39,cca99382-aa3c-423e-be2b-06ab90ce2f08'
ptd-server 2022-02-16 19:47:39,470 [INFO] Got command from the client 'time'
ptd-server 2022-02-16 19:47:39,470 [INFO] Sending reply to client '1645040859.470404'
ptd-server 2022-02-16 19:47:39,472 [INFO] Got command from the client 'session,2022-02-16_19-47-39,start,ranging'
ptd-server 2022-02-16 19:47:39,472 [INFO] Running PTDaemon: ['/home/anton/projects/mlperf/power/inference_v1.0/ptd-linux-x86', '-l', '/tmp/tmpgldyt7rr/ptd_logfile.txt', '-p', '8888', '49', '/dev/usbtmc0']
ptd-server 2022-02-16 19:47:56,645 [INFO] Sending to ptd: 'Hello'
ptd-server 2022-02-16 19:47:56,646 [INFO] Reply from ptd: 'Hello, PTDaemon here!'
ptd-server 2022-02-16 19:47:56,646 [INFO] Sending to ptd: 'Identify'
ptd-server 2022-02-16 19:47:56,646 [INFO] Reply from ptd: 'YokogawaWT310E,1000,1,1,1,1,0,1,1,version=1.9.2-e8c7a49a-20201208,OS=Linux 5.13.0-28-generic #31~20.04.1-Ubuntu SMP Wed Jan 19 14:08:10 UTC 2022 x86_64,mode=power,1,1,1,0,0,no_cal_date,YOKOGAWA;WT310E;C3XA04010E;F1.04'
ptd-server 2022-02-16 19:47:56,646 [INFO] Connected to PTDaemon
ptd-server 2022-02-16 19:47:56,646 [INFO] Sending to ptd: 'RR'
ptd-server 2022-02-16 19:47:56,647 [INFO] Reply from ptd: 'Ranges,0,0.500000,0,300.000000'
ptd-server 2022-02-16 19:47:56,647 [INFO] Initial range for Amps is 0.500000 for Volts is 300.000000
ptd-server 2022-02-16 19:47:56,647 [INFO] Sending to ptd: 'SR,V,Auto'
ptd-server 2022-02-16 19:47:57,149 [INFO] Reply from ptd: 'Range V changed'
ptd-server 2022-02-16 19:47:57,149 [INFO] Sending to ptd: 'SR,A,Auto'
ptd-server 2022-02-16 19:47:57,652 [INFO] Reply from ptd: 'Range A changed'
ptd-server 2022-02-16 19:48:07,662 [INFO] Starting ranging mode
ptd-server 2022-02-16 19:48:07,662 [INFO] Sending to ptd: 'Go,1000,0,2022-02-16_19-47-39_ranging'
ptd-server 2022-02-16 19:48:07,663 [INFO] Reply from ptd: 'Starting untimed measurement, maximum 500000 samples at 1000ms with 0 rampup samples'
ptd-server 2022-02-16 19:48:07,663 [INFO] Sending reply to client 'OK'
ptd-server 2022-02-16 19:58:59,736 [INFO] Got command from the client 'session,2022-02-16_19-47-39,stop,ranging'
ptd-server 2022-02-16 19:59:09,746 [INFO] Sending to ptd: 'Stop'
ptd-server 2022-02-16 19:59:09,747 [INFO] Reply from ptd: 'Stopping untimed measurement'
ptd-server 2022-02-16 19:59:09,821 [INFO] Sending reply to client 'OK'
ptd-server 2022-02-16 19:59:09,895 [INFO] Got command from the client 'time'
ptd-server 2022-02-16 19:59:09,895 [INFO] Sending reply to client '1645041549.8958216'
ptd-server 2022-02-16 19:59:09,897 [INFO] Got command from the client 'session,2022-02-16_19-47-39,start,testing'
ptd-server 2022-02-16 19:59:09,897 [INFO] Sending to ptd: 'SR,V,250.820000'
ptd-server 2022-02-16 19:59:12,164 [INFO] Reply from ptd: 'Range V changed'
ptd-server 2022-02-16 19:59:12,165 [INFO] Sending to ptd: 'SR,A,0.042780'
ptd-server 2022-02-16 19:59:13,666 [INFO] Reply from ptd: 'Range A changed'
ptd-server 2022-02-16 19:59:23,676 [INFO] Starting testing mode
ptd-server 2022-02-16 19:59:23,676 [INFO] Sending to ptd: 'Go,1000,0,2022-02-16_19-47-39_testing'
ptd-server 2022-02-16 19:59:23,677 [INFO] Reply from ptd: 'Starting untimed measurement, maximum 500000 samples at 1000ms with 0 rampup samples'
ptd-server 2022-02-16 19:59:23,677 [INFO] Sending reply to client 'OK'
ptd-server 2022-02-16 20:10:16,720 [INFO] Got command from the client 'session,2022-02-16_19-47-39,stop,testing'
ptd-server 2022-02-16 20:10:26,727 [INFO] Sending to ptd: 'Stop'
ptd-server 2022-02-16 20:10:26,728 [INFO] Reply from ptd: 'Stopping untimed measurement'
ptd-server 2022-02-16 20:10:26,765 [INFO] Sending reply to client 'OK'
ptd-server 2022-02-16 20:10:26,787 [INFO] Got command from the client 'session,2022-02-16_19-47-39,done'
ptd-server 2022-02-16 20:10:26,788 [INFO] Sending to ptd: 'Stop'
ptd-server 2022-02-16 20:10:27,677 [INFO] Reply from ptd: 'Error: no measurement to stop'
ptd-server 2022-02-16 20:10:27,677 [INFO] Sending to ptd: 'SR,V,300.000000'
ptd-server 2022-02-16 20:10:29,179 [INFO] Reply from ptd: 'Range V changed'
ptd-server 2022-02-16 20:10:29,179 [INFO] Sending to ptd: 'SR,A,0.500000'
ptd-server 2022-02-16 20:10:30,680 [INFO] Reply from ptd: 'Range A changed'
ptd-server 2022-02-16 20:10:30,680 [INFO] Set initial values for Amps 0.500000 and Volts 300.000000
ptd-server 2022-02-16 20:10:30,681 [INFO] Stopping ptd...
