client 2022-02-12 11:05:06,026 [INFO] Sending command to the server: 'mlcommons/power client v3'
client 2022-02-12 11:05:06,028 [INFO] Got response: 'mlcommons/power server v3'
client 2022-02-12 11:05:06,028 [INFO] Sending command to the server: 'stop'
client 2022-02-12 11:05:06,030 [INFO] Got response: 'OK'
client 2022-02-12 11:05:06,030 [INFO] Synchronizing with the server and with ib-01.dc4-in.nvidia.com...
client 2022-02-12 11:05:06,244 [INFO] NTP:offset = 0.000 s, delay = 0.209 s 
client 2022-02-12 11:05:06,244 [INFO] Sending command to the server: 'time'
client 2022-02-12 11:05:06,246 [INFO] Got response: '1644663906.2826786'
client 2022-02-12 11:05:06,246 [INFO] The time difference between the client and the server is within range -38.016 ms..-36.091 ms
client 2022-02-12 11:05:06,246 [INFO] Sending command to the server: 'new,,d1dee5ad-ef10-4286-83a2-d62140ba0bbf'
client 2022-02-12 11:05:06,249 [INFO] Got response: 'OK 2022-02-12_03-05-06,0fe11c84-84af-40db-b5db-12e5957926f1'
client 2022-02-12 11:05:06,249 [INFO] Session id is '2022-02-12_03-05-06'
client 2022-02-12 11:05:06,249 [INFO] Sources: {"sources": {"__init__.py": "da39a3ee5e6b4b0d3255bfef95601890afd80709", "client.py": "33ca4f26368777ac06e01f9567b714a4b8063886", "lib/__init__.py": "da39a3ee5e6b4b0d3255bfef95601890afd80709", "lib/client.py": "4c2b78fb4849a7e5b584ef792d82aaed20b17f57", "lib/common.py": "624d0c0acc7c39aaff3674f0b99d6a09da53d1dc", "lib/external/__init__.py": "da39a3ee5e6b4b0d3255bfef95601890afd80709", "lib/external/ntplib.py": "4da8f970656505a40483206ef2b5d3dd5e81711d", "lib/server.py": "59c9fb92908260d3e9f81a895c7aa009742275e4", "lib/source_hashes.py": "60a2e02193209e8d392803326208d5466342da18", "lib/summary.py": "aa92f0a3f975eecd44d3c0cd0236342ccc9f941d", "lib/time_sync.py": "3210db56eb0ff0df57bf4293dc4d4b03fffd46f1", "server.py": "c3f90f2f7eeb4db30727556d0c815ebc89b3d28b", "tests/unit/__init__.py": "da39a3ee5e6b4b0d3255bfef95601890afd80709", "tests/unit/test_server.py": "99ae15aef722f2000ee6ed1ae1523637bf1ae42b", "tests/unit/test_source_hashes.py": "00468a2907583c593e6574a1f6b404e4651c221a"}, "modules": {"ptd_client_server.lib.client": "lib/client.py", "ptd_client_server.lib.common": "lib/common.py", "ptd_client_server.lib.external.ntplib": "lib/external/ntplib.py", "ptd_client_server.lib.source_hashes": "lib/source_hashes.py", "ptd_client_server.lib.summary": "lib/summary.py", "ptd_client_server.lib.time_sync": "lib/time_sync.py"}}
client 2022-02-12 11:05:06,251 [INFO] Running workload in ranging mode
client 2022-02-12 11:05:06,251 [INFO] Synchronizing with the server and with ib-01.dc4-in.nvidia.com...
client 2022-02-12 11:05:06,463 [INFO] NTP:offset = 0.000 s, delay = 0.209 s 
client 2022-02-12 11:05:06,463 [INFO] Sending command to the server: 'time'
client 2022-02-12 11:05:06,465 [INFO] Got response: '1644663906.4940631'
client 2022-02-12 11:05:06,465 [INFO] The time difference between the client and the server is within range -30.805 ms..-28.533 ms
client 2022-02-12 11:05:06,465 [INFO] Sending command to the server: 'session,2022-02-12_03-05-06,start,ranging'
client 2022-02-12 11:05:47,002 [INFO] Got response: 'OK'
client 2022-02-12 11:05:47,002 [INFO] Running the workload 'LOG_DIR=/work/build/power_logs_temp python3 code/main.py --benchmarks=dlrm --scenarios=Server --test_mode=PerformanceOnly --config_ver=maxq_high_accuracy --action="run_harness" \\\n\t\t2>&1 | tee -a /work/build/power_logs/2022.02.12-11.04.37/stdout.txt \\\n\t\t&& if [ ! -d /work/build/power_logs/2022.02.12-11.04.37/ranging_tmp ]; \\\n\t\t\tthen mkdir /work/build/power_logs/2022.02.12-11.04.37/ranging_tmp \\\n\t\t\t\t&& mv /work/build/power_logs_temp/* /work/build/power_logs/2022.02.12-11.04.37/ranging_tmp/ \\\n\t\t\t\t&& cp -v /work/build/power_logs/2022.02.12-11.04.37/ranging_tmp/*/*/*/mlperf_log_detail.txt /work/build/power_logs_temp/ \\\n\t\t\t\t&& cp -v /work/build/power_logs/2022.02.12-11.04.37/ranging_tmp/*/*/*/mlperf_log_summary.txt /work/build/power_logs_temp/; \\\n\t\t\telse mkdir /work/build/power_logs/2022.02.12-11.04.37/testing_tmp \\\n\t\t\t\t&& mv /work/build/power_logs_temp/* /work/build/power_logs/2022.02.12-11.04.37/testing_tmp/ \\\n\t\t\t\t&& cp -v /work/build/power_logs/2022.02.12-11.04.37/testing_tmp/*/*/*/mlperf_log_detail.txt /work/build/power_logs_temp/ \\\n\t\t\t\t&& cp -v /work/build/power_logs/2022.02.12-11.04.37/testing_tmp/*/*/*/mlperf_log_summary.txt /work/build/power_logs_temp/; fi'
client 2022-02-12 11:31:42,802 [INFO] Sending command to the server: 'session,2022-02-12_03-05-06,stop,ranging'
client 2022-02-12 11:31:52,885 [INFO] Got response: 'OK'
client 2022-02-12 11:31:52,967 [INFO] Copying loadgen logs from '/work/build/power_logs_temp' to '/work/build/power_logs/2022.02.12-11.04.37/2022-02-12_03-05-06/ranging'
client 2022-02-12 11:31:52,982 [INFO] Running workload in testing mode
client 2022-02-12 11:31:52,982 [INFO] Synchronizing with the server and with ib-01.dc4-in.nvidia.com...
client 2022-02-12 11:31:53,193 [INFO] NTP:offset = 0.000 s, delay = 0.209 s 
client 2022-02-12 11:31:53,193 [INFO] Sending command to the server: 'time'
client 2022-02-12 11:31:53,195 [INFO] Got response: '1644665513.2175474'
client 2022-02-12 11:31:53,195 [INFO] The time difference between the client and the server is within range -23.855 ms..-21.892 ms
client 2022-02-12 11:31:53,195 [INFO] Sending command to the server: 'session,2022-02-12_03-05-06,start,testing'
client 2022-02-12 11:32:14,862 [INFO] Got response: 'OK'
client 2022-02-12 11:32:14,862 [INFO] Running the workload 'LOG_DIR=/work/build/power_logs_temp python3 code/main.py --benchmarks=dlrm --scenarios=Server --test_mode=PerformanceOnly --config_ver=maxq_high_accuracy --action="run_harness" \\\n\t\t2>&1 | tee -a /work/build/power_logs/2022.02.12-11.04.37/stdout.txt \\\n\t\t&& if [ ! -d /work/build/power_logs/2022.02.12-11.04.37/ranging_tmp ]; \\\n\t\t\tthen mkdir /work/build/power_logs/2022.02.12-11.04.37/ranging_tmp \\\n\t\t\t\t&& mv /work/build/power_logs_temp/* /work/build/power_logs/2022.02.12-11.04.37/ranging_tmp/ \\\n\t\t\t\t&& cp -v /work/build/power_logs/2022.02.12-11.04.37/ranging_tmp/*/*/*/mlperf_log_detail.txt /work/build/power_logs_temp/ \\\n\t\t\t\t&& cp -v /work/build/power_logs/2022.02.12-11.04.37/ranging_tmp/*/*/*/mlperf_log_summary.txt /work/build/power_logs_temp/; \\\n\t\t\telse mkdir /work/build/power_logs/2022.02.12-11.04.37/testing_tmp \\\n\t\t\t\t&& mv /work/build/power_logs_temp/* /work/build/power_logs/2022.02.12-11.04.37/testing_tmp/ \\\n\t\t\t\t&& cp -v /work/build/power_logs/2022.02.12-11.04.37/testing_tmp/*/*/*/mlperf_log_detail.txt /work/build/power_logs_temp/ \\\n\t\t\t\t&& cp -v /work/build/power_logs/2022.02.12-11.04.37/testing_tmp/*/*/*/mlperf_log_summary.txt /work/build/power_logs_temp/; fi'
client 2022-02-12 11:57:24,968 [INFO] Sending command to the server: 'session,2022-02-12_03-05-06,stop,testing'
client 2022-02-12 11:57:35,010 [INFO] Got response: 'OK'
client 2022-02-12 11:57:35,022 [INFO] Copying loadgen logs from '/work/build/power_logs_temp' to '/work/build/power_logs/2022.02.12-11.04.37/2022-02-12_03-05-06/run_1'
client 2022-02-12 11:57:35,038 [INFO] Done runs
