ptd-server 2022-02-12 03:05:06,063 [INFO] Got command from the client 'stop'
ptd-server 2022-02-12 03:05:06,063 [INFO] The server will be stopped after processing this client
ptd-server 2022-02-12 03:05:06,063 [INFO] Sending reply to client 'OK'
ptd-server 2022-02-12 03:05:06,282 [INFO] Got command from the client 'time'
ptd-server 2022-02-12 03:05:06,282 [INFO] Sending reply to client '1644663906.2826786'
ptd-server 2022-02-12 03:05:06,282 [INFO] Got command from the client 'new,,d1dee5ad-ef10-4286-83a2-d62140ba0bbf'
ptd-server 2022-02-12 03:05:06,282 [INFO] Sending reply to client 'OK 2022-02-12_03-05-06,0fe11c84-84af-40db-b5db-12e5957926f1'
ptd-server 2022-02-12 03:05:06,494 [INFO] Got command from the client 'time'
ptd-server 2022-02-12 03:05:06,494 [INFO] Sending reply to client '1644663906.4940631'
ptd-server 2022-02-12 03:05:06,494 [INFO] Got command from the client 'session,2022-02-12_03-05-06,start,ranging'
ptd-server 2022-02-12 03:05:06,603 [INFO] Running PTDaemon: ['C:\\PTD\\ptd-windows-x86.exe', '-l', 'C:\\Users\\lab\\AppData\\Local\\Temp\\tmp639a_nlq\\ptd_logfile.txt', '-p', '8888', '-c', '1,3', '-y', '77', '10.117.41.199']
ptd-server 2022-02-12 03:05:26,869 [INFO] Sending to ptd: 'Hello'
ptd-server 2022-02-12 03:05:26,869 [INFO] Reply from ptd: 'Hello, PTDaemon here!'
ptd-server 2022-02-12 03:05:26,869 [INFO] Sending to ptd: 'Identify'
ptd-server 2022-02-12 03:05:26,869 [INFO] Reply from ptd: 'YokogawaWT330_multichannel,1000,1,1,1,1,0,0,1,version=1.9.2-3976349f-20201208,OS=Windows 8 / Server 2012,mode=power,1,1,2,0,0,no_cal_date,YOKOGAWA;WT333E;C2WL21011V;F1.04'
ptd-server 2022-02-12 03:05:26,869 [INFO] Connected to PTDaemon
ptd-server 2022-02-12 03:05:26,869 [INFO] Sending to ptd: 'RR'
ptd-server 2022-02-12 03:05:26,869 [INFO] Reply from ptd: 'Ranges,0,5.000000,0,300.000000'
ptd-server 2022-02-12 03:05:26,869 [INFO] Initial range for Amps is 5.000000 for Volts is 300.000000
ptd-server 2022-02-12 03:05:26,869 [INFO] Sending to ptd: 'SR,V,Auto'
ptd-server 2022-02-12 03:05:31,946 [INFO] Reply from ptd: 'Range V changed'
ptd-server 2022-02-12 03:05:31,946 [INFO] Sending to ptd: 'SR,A,Auto'
ptd-server 2022-02-12 03:05:37,025 [INFO] Reply from ptd: 'Range A changed'
ptd-server 2022-02-12 03:05:47,033 [INFO] Starting ranging mode
ptd-server 2022-02-12 03:05:47,033 [INFO] Sending to ptd: 'Go,1000,0,2022-02-12_03-05-06_ranging'
ptd-server 2022-02-12 03:05:47,033 [INFO] Reply from ptd: 'Starting untimed measurement, maximum 500000 samples at 1000ms with 0 rampup samples'
ptd-server 2022-02-12 03:05:47,033 [INFO] Sending reply to client 'OK'
ptd-server 2022-02-12 03:31:42,826 [INFO] Got command from the client 'session,2022-02-12_03-05-06,stop,ranging'
ptd-server 2022-02-12 03:31:52,842 [INFO] Sending to ptd: 'Stop'
ptd-server 2022-02-12 03:31:52,842 [INFO] Reply from ptd: 'Stopping untimed measurement'
ptd-server 2022-02-12 03:31:52,920 [INFO] Sending reply to client 'OK'
ptd-server 2022-02-12 03:31:53,217 [INFO] Got command from the client 'time'
ptd-server 2022-02-12 03:31:53,217 [INFO] Sending reply to client '1644665513.2175474'
ptd-server 2022-02-12 03:31:53,217 [INFO] Got command from the client 'session,2022-02-12_03-05-06,start,testing'
ptd-server 2022-02-12 03:31:53,217 [INFO] Sending to ptd: 'SR,V,206.040000'
ptd-server 2022-02-12 03:31:59,310 [INFO] Reply from ptd: 'Range V changed'
ptd-server 2022-02-12 03:31:59,310 [INFO] Sending to ptd: 'SR,A,3.899000'
ptd-server 2022-02-12 03:32:04,888 [INFO] Reply from ptd: 'Range A changed'
ptd-server 2022-02-12 03:32:14,889 [INFO] Starting testing mode
ptd-server 2022-02-12 03:32:14,889 [INFO] Sending to ptd: 'Go,1000,0,2022-02-12_03-05-06_testing'
ptd-server 2022-02-12 03:32:14,889 [INFO] Reply from ptd: 'Starting untimed measurement, maximum 500000 samples at 1000ms with 0 rampup samples'
ptd-server 2022-02-12 03:32:14,889 [INFO] Sending reply to client 'OK'
ptd-server 2022-02-12 03:57:24,991 [INFO] Got command from the client 'session,2022-02-12_03-05-06,stop,testing'
ptd-server 2022-02-12 03:57:35,018 [INFO] Sending to ptd: 'Stop'
ptd-server 2022-02-12 03:57:35,018 [INFO] Reply from ptd: 'Stopping untimed measurement'
ptd-server 2022-02-12 03:57:35,034 [INFO] Sending reply to client 'OK'
ptd-server 2022-02-12 03:57:35,193 [INFO] Got command from the client 'session,2022-02-12_03-05-06,done'
ptd-server 2022-02-12 03:57:35,193 [INFO] Sending to ptd: 'Stop'
ptd-server 2022-02-12 03:57:35,901 [INFO] Reply from ptd: 'Error: no measurement to stop'
ptd-server 2022-02-12 03:57:35,901 [INFO] Sending to ptd: 'SR,V,300.000000'
ptd-server 2022-02-12 03:57:41,974 [INFO] Reply from ptd: 'Range V changed'
ptd-server 2022-02-12 03:57:41,974 [INFO] Sending to ptd: 'SR,A,5.000000'
ptd-server 2022-02-12 03:57:47,554 [INFO] Reply from ptd: 'Range A changed'
ptd-server 2022-02-12 03:57:47,554 [INFO] Set initial values for Amps 5.000000 and Volts 300.000000
ptd-server 2022-02-12 03:57:47,554 [INFO] Stopping ptd...
