ptd-server 2022-02-20 12:40:08,168 [INFO] Got command from the client 'time'
ptd-server 2022-02-20 12:40:08,168 [INFO] Sending reply to client '1645360808.1682699'
ptd-server 2022-02-20 12:40:08,169 [INFO] Got command from the client 'new,,4c1a5161-04ad-43cc-bd6b-f99f622200af'
ptd-server 2022-02-20 12:40:08,169 [INFO] Sending reply to client 'OK 2022-02-20_12-40-08,d957c214-9d03-4a67-bcc0-e15653ee0f65'
ptd-server 2022-02-20 12:40:08,197 [INFO] Got command from the client 'time'
ptd-server 2022-02-20 12:40:08,198 [INFO] Sending reply to client '1645360808.1980007'
ptd-server 2022-02-20 12:40:08,199 [INFO] Got command from the client 'session,2022-02-20_12-40-08,start,ranging'
ptd-server 2022-02-20 12:40:08,199 [INFO] Running PTDaemon: ['/home/anton/projects/mlperf/power/inference_v1.0/ptd-linux-x86', '-l', '/tmp/tmpgldyt7rr/ptd_logfile.txt', '-p', '8888', '49', '/dev/usbtmc0']
ptd-server 2022-02-20 12:40:25,374 [INFO] Sending to ptd: 'Hello'
ptd-server 2022-02-20 12:40:25,375 [INFO] Reply from ptd: 'Hello, PTDaemon here!'
ptd-server 2022-02-20 12:40:25,375 [INFO] Sending to ptd: 'Identify'
ptd-server 2022-02-20 12:40:25,375 [INFO] Reply from ptd: 'YokogawaWT310E,1000,1,1,1,1,0,1,1,version=1.9.2-e8c7a49a-20201208,OS=Linux 5.13.0-28-generic #31~20.04.1-Ubuntu SMP Wed Jan 19 14:08:10 UTC 2022 x86_64,mode=power,1,1,1,0,0,no_cal_date,YOKOGAWA;WT310E;C3XA04010E;F1.04'
ptd-server 2022-02-20 12:40:25,375 [INFO] Connected to PTDaemon
ptd-server 2022-02-20 12:40:25,375 [INFO] Sending to ptd: 'RR'
ptd-server 2022-02-20 12:40:25,376 [INFO] Reply from ptd: 'Ranges,0,0.500000,0,300.000000'
ptd-server 2022-02-20 12:40:25,376 [INFO] Initial range for Amps is 0.500000 for Volts is 300.000000
ptd-server 2022-02-20 12:40:25,376 [INFO] Sending to ptd: 'SR,V,Auto'
ptd-server 2022-02-20 12:40:25,879 [INFO] Reply from ptd: 'Range V changed'
ptd-server 2022-02-20 12:40:25,879 [INFO] Sending to ptd: 'SR,A,Auto'
ptd-server 2022-02-20 12:40:26,381 [INFO] Reply from ptd: 'Range A changed'
ptd-server 2022-02-20 12:40:36,391 [INFO] Starting ranging mode
ptd-server 2022-02-20 12:40:36,392 [INFO] Sending to ptd: 'Go,1000,0,2022-02-20_12-40-08_ranging'
ptd-server 2022-02-20 12:40:36,392 [INFO] Reply from ptd: 'Starting untimed measurement, maximum 500000 samples at 1000ms with 0 rampup samples'
ptd-server 2022-02-20 12:40:36,392 [INFO] Sending reply to client 'OK'
ptd-server 2022-02-20 12:50:53,326 [INFO] Got command from the client 'session,2022-02-20_12-40-08,stop,ranging'
ptd-server 2022-02-20 12:51:03,337 [INFO] Sending to ptd: 'Stop'
ptd-server 2022-02-20 12:51:03,337 [INFO] Reply from ptd: 'Stopping untimed measurement'
ptd-server 2022-02-20 12:51:03,812 [INFO] Sending reply to client 'OK'
ptd-server 2022-02-20 12:51:03,872 [INFO] Got command from the client 'time'
ptd-server 2022-02-20 12:51:03,872 [INFO] Sending reply to client '1645361463.8726265'
ptd-server 2022-02-20 12:51:03,874 [INFO] Got command from the client 'session,2022-02-20_12-40-08,start,testing'
ptd-server 2022-02-20 12:51:03,874 [INFO] Sending to ptd: 'SR,V,249.050000'
ptd-server 2022-02-20 12:51:05,375 [INFO] Reply from ptd: 'Range V changed'
ptd-server 2022-02-20 12:51:05,375 [INFO] Sending to ptd: 'SR,A,0.047360'
ptd-server 2022-02-20 12:51:06,877 [INFO] Reply from ptd: 'Range A changed'
ptd-server 2022-02-20 12:51:16,887 [INFO] Starting testing mode
ptd-server 2022-02-20 12:51:16,887 [INFO] Sending to ptd: 'Go,1000,0,2022-02-20_12-40-08_testing'
ptd-server 2022-02-20 12:51:16,887 [INFO] Reply from ptd: 'Starting untimed measurement, maximum 500000 samples at 1000ms with 0 rampup samples'
ptd-server 2022-02-20 12:51:16,888 [INFO] Sending reply to client 'OK'
ptd-server 2022-02-20 13:01:34,698 [INFO] Got command from the client 'session,2022-02-20_12-40-08,stop,testing'
ptd-server 2022-02-20 13:01:44,708 [INFO] Sending to ptd: 'Stop'
ptd-server 2022-02-20 13:01:44,709 [INFO] Reply from ptd: 'Stopping untimed measurement'
ptd-server 2022-02-20 13:01:44,964 [INFO] Sending reply to client 'OK'
ptd-server 2022-02-20 13:01:44,983 [INFO] Got command from the client 'session,2022-02-20_12-40-08,done'
ptd-server 2022-02-20 13:01:44,983 [INFO] Sending to ptd: 'Stop'
ptd-server 2022-02-20 13:01:44,984 [INFO] Reply from ptd: 'Error: no measurement to stop'
ptd-server 2022-02-20 13:01:44,984 [INFO] Sending to ptd: 'SR,V,300.000000'
ptd-server 2022-02-20 13:01:46,485 [INFO] Reply from ptd: 'Range V changed'
ptd-server 2022-02-20 13:01:46,485 [INFO] Sending to ptd: 'SR,A,0.500000'
ptd-server 2022-02-20 13:01:47,987 [INFO] Reply from ptd: 'Range A changed'
ptd-server 2022-02-20 13:01:47,987 [INFO] Set initial values for Amps 0.500000 and Volts 300.000000
ptd-server 2022-02-20 13:01:47,987 [INFO] Stopping ptd...
