ptd-server 2022-02-23 23:51:08,866 [INFO] Got command from the client 'time'
ptd-server 2022-02-23 23:51:08,866 [INFO] Sending reply to client '1645660268.866461'
ptd-server 2022-02-23 23:51:08,868 [INFO] Got command from the client 'new,,023b5183-3354-4799-b79c-96bff2ee30b9'
ptd-server 2022-02-23 23:51:08,868 [INFO] Sending reply to client 'OK 2022-02-23_23-51-08,f1ec953b-b31f-4275-9d3e-ab8d7ba66141'
ptd-server 2022-02-23 23:51:08,906 [INFO] Got command from the client 'time'
ptd-server 2022-02-23 23:51:08,906 [INFO] Sending reply to client '1645660268.9062808'
ptd-server 2022-02-23 23:51:08,907 [INFO] Got command from the client 'session,2022-02-23_23-51-08,start,ranging'
ptd-server 2022-02-23 23:51:08,908 [INFO] Running PTDaemon: ['/home/anton/projects/mlperf/power/inference_v1.0/ptd-linux-x86', '-l', '/tmp/tmp0_fn53vp/ptd_logfile.txt', '-p', '8888', '49', '/dev/usbtmc0']
ptd-server 2022-02-23 23:51:26,080 [INFO] Sending to ptd: 'Hello'
ptd-server 2022-02-23 23:51:26,080 [INFO] Reply from ptd: 'Hello, PTDaemon here!'
ptd-server 2022-02-23 23:51:26,081 [INFO] Sending to ptd: 'Identify'
ptd-server 2022-02-23 23:51:26,081 [INFO] Reply from ptd: 'YokogawaWT310E,1000,1,1,1,1,0,1,1,version=1.9.2-e8c7a49a-20201208,OS=Linux 5.13.0-30-generic #33~20.04.1-Ubuntu SMP Mon Feb 7 14:25:10 UTC 2022 x86_64,mode=power,1,1,1,0,0,no_cal_date,YOKOGAWA;WT310E;C3XA04010E;F1.04'
ptd-server 2022-02-23 23:51:26,081 [INFO] Connected to PTDaemon
ptd-server 2022-02-23 23:51:26,081 [INFO] Sending to ptd: 'RR'
ptd-server 2022-02-23 23:51:26,082 [INFO] Reply from ptd: 'Ranges,0,0.500000,1,300.000000'
ptd-server 2022-02-23 23:51:26,082 [INFO] Initial range for Amps is 0.500000 for Volts is Auto
ptd-server 2022-02-23 23:51:26,082 [INFO] Sending to ptd: 'SR,V,Auto'
ptd-server 2022-02-23 23:51:26,584 [INFO] Reply from ptd: 'Range V changed'
ptd-server 2022-02-23 23:51:26,584 [INFO] Sending to ptd: 'SR,A,Auto'
ptd-server 2022-02-23 23:51:27,087 [INFO] Reply from ptd: 'Range A changed'
ptd-server 2022-02-23 23:51:37,096 [INFO] Starting ranging mode
ptd-server 2022-02-23 23:51:37,096 [INFO] Sending to ptd: 'Go,1000,0,2022-02-23_23-51-08_ranging'
ptd-server 2022-02-23 23:51:37,096 [INFO] Reply from ptd: 'Starting untimed measurement, maximum 500000 samples at 1000ms with 0 rampup samples'
ptd-server 2022-02-23 23:51:37,096 [INFO] Sending reply to client 'OK'
ptd-server 2022-02-24 00:01:59,630 [INFO] Got command from the client 'session,2022-02-23_23-51-08,stop,ranging'
ptd-server 2022-02-24 00:02:09,640 [INFO] Sending to ptd: 'Stop'
ptd-server 2022-02-24 00:02:09,641 [INFO] Reply from ptd: 'Stopping untimed measurement'
ptd-server 2022-02-24 00:02:09,669 [INFO] Sending reply to client 'OK'
ptd-server 2022-02-24 00:02:09,733 [INFO] Got command from the client 'time'
ptd-server 2022-02-24 00:02:09,734 [INFO] Sending reply to client '1645660929.7339773'
ptd-server 2022-02-24 00:02:09,735 [INFO] Got command from the client 'session,2022-02-23_23-51-08,start,testing'
ptd-server 2022-02-24 00:02:09,736 [INFO] Sending to ptd: 'SR,V,251.260000'
ptd-server 2022-02-24 00:02:11,598 [INFO] Reply from ptd: 'Range V changed'
ptd-server 2022-02-24 00:02:11,598 [INFO] Sending to ptd: 'SR,A,0.044230'
ptd-server 2022-02-24 00:02:13,099 [INFO] Reply from ptd: 'Range A changed'
ptd-server 2022-02-24 00:02:23,110 [INFO] Starting testing mode
ptd-server 2022-02-24 00:02:23,110 [INFO] Sending to ptd: 'Go,1000,0,2022-02-23_23-51-08_testing'
ptd-server 2022-02-24 00:02:23,110 [INFO] Reply from ptd: 'Starting untimed measurement, maximum 500000 samples at 1000ms with 0 rampup samples'
ptd-server 2022-02-24 00:02:23,110 [INFO] Sending reply to client 'OK'
ptd-server 2022-02-24 00:12:45,547 [INFO] Got command from the client 'session,2022-02-23_23-51-08,stop,testing'
ptd-server 2022-02-24 00:12:55,557 [INFO] Sending to ptd: 'Stop'
ptd-server 2022-02-24 00:12:55,557 [INFO] Reply from ptd: 'Stopping untimed measurement'
ptd-server 2022-02-24 00:12:55,572 [INFO] Sending reply to client 'OK'
ptd-server 2022-02-24 00:12:55,607 [INFO] Got command from the client 'session,2022-02-23_23-51-08,done'
ptd-server 2022-02-24 00:12:55,607 [INFO] Sending to ptd: 'Stop'
ptd-server 2022-02-24 00:12:56,110 [INFO] Reply from ptd: 'Error: no measurement to stop'
ptd-server 2022-02-24 00:12:56,110 [INFO] Sending to ptd: 'SR,V,Auto'
ptd-server 2022-02-24 00:12:56,613 [INFO] Reply from ptd: 'Range V changed'
ptd-server 2022-02-24 00:12:56,613 [INFO] Sending to ptd: 'SR,A,0.500000'
ptd-server 2022-02-24 00:12:58,114 [INFO] Reply from ptd: 'Range A changed'
ptd-server 2022-02-24 00:12:58,114 [INFO] Set initial values for Amps 0.500000 and Volts Auto
ptd-server 2022-02-24 00:12:58,115 [INFO] Stopping ptd...
