ptd-server 2022-02-24 13:10:07,712 [INFO] Got command from the client 'time'
ptd-server 2022-02-24 13:10:07,712 [INFO] Sending reply to client '1645708207.71245'
ptd-server 2022-02-24 13:10:07,714 [INFO] Got command from the client 'new,,96ba27e3-bbc9-4c69-9c9b-d46c96c66e77'
ptd-server 2022-02-24 13:10:07,716 [INFO] Sending reply to client 'OK 2022-02-24_13-10-07,8c2952c3-9bf8-4c19-b90a-2a7df3dd2025'
ptd-server 2022-02-24 13:10:07,753 [INFO] Got command from the client 'time'
ptd-server 2022-02-24 13:10:07,753 [INFO] Sending reply to client '1645708207.7531586'
ptd-server 2022-02-24 13:10:07,755 [INFO] Got command from the client 'session,2022-02-24_13-10-07,start,ranging'
ptd-server 2022-02-24 13:10:07,755 [INFO] Running PTDaemon: ['/home/anton/projects/mlperf/power/inference_v1.0/ptd-linux-x86', '-l', '/tmp/tmp0_fn53vp/ptd_logfile.txt', '-p', '8888', '49', '/dev/usbtmc0']
ptd-server 2022-02-24 13:10:24,929 [INFO] Sending to ptd: 'Hello'
ptd-server 2022-02-24 13:10:24,930 [INFO] Reply from ptd: 'Hello, PTDaemon here!'
ptd-server 2022-02-24 13:10:24,930 [INFO] Sending to ptd: 'Identify'
ptd-server 2022-02-24 13:10:24,930 [INFO] Reply from ptd: 'YokogawaWT310E,1000,1,1,1,1,0,1,1,version=1.9.2-e8c7a49a-20201208,OS=Linux 5.13.0-30-generic #33~20.04.1-Ubuntu SMP Mon Feb 7 14:25:10 UTC 2022 x86_64,mode=power,1,1,1,0,0,no_cal_date,YOKOGAWA;WT310E;C3XA04010E;F1.04'
ptd-server 2022-02-24 13:10:24,930 [INFO] Connected to PTDaemon
ptd-server 2022-02-24 13:10:24,931 [INFO] Sending to ptd: 'RR'
ptd-server 2022-02-24 13:10:24,931 [INFO] Reply from ptd: 'Ranges,0,0.500000,1,300.000000'
ptd-server 2022-02-24 13:10:24,931 [INFO] Initial range for Amps is 0.500000 for Volts is Auto
ptd-server 2022-02-24 13:10:24,931 [INFO] Sending to ptd: 'SR,V,Auto'
ptd-server 2022-02-24 13:10:25,434 [INFO] Reply from ptd: 'Range V changed'
ptd-server 2022-02-24 13:10:25,434 [INFO] Sending to ptd: 'SR,A,Auto'
ptd-server 2022-02-24 13:10:25,936 [INFO] Reply from ptd: 'Range A changed'
ptd-server 2022-02-24 13:10:35,947 [INFO] Starting ranging mode
ptd-server 2022-02-24 13:10:35,947 [INFO] Sending to ptd: 'Go,1000,0,2022-02-24_13-10-07_ranging'
ptd-server 2022-02-24 13:10:35,947 [INFO] Reply from ptd: 'Starting untimed measurement, maximum 500000 samples at 1000ms with 0 rampup samples'
ptd-server 2022-02-24 13:10:35,948 [INFO] Sending reply to client 'OK'
ptd-server 2022-02-24 13:20:58,965 [INFO] Got command from the client 'session,2022-02-24_13-10-07,stop,ranging'
ptd-server 2022-02-24 13:21:08,976 [INFO] Sending to ptd: 'Stop'
ptd-server 2022-02-24 13:21:08,976 [INFO] Reply from ptd: 'Stopping untimed measurement'
ptd-server 2022-02-24 13:21:09,090 [INFO] Sending reply to client 'OK'
ptd-server 2022-02-24 13:21:09,152 [INFO] Got command from the client 'time'
ptd-server 2022-02-24 13:21:09,152 [INFO] Sending reply to client '1645708869.1521893'
ptd-server 2022-02-24 13:21:09,154 [INFO] Got command from the client 'session,2022-02-24_13-10-07,start,testing'
ptd-server 2022-02-24 13:21:09,154 [INFO] Sending to ptd: 'SR,V,249.190000'
ptd-server 2022-02-24 13:21:11,449 [INFO] Reply from ptd: 'Range V changed'
ptd-server 2022-02-24 13:21:11,449 [INFO] Sending to ptd: 'SR,A,0.043880'
ptd-server 2022-02-24 13:21:12,950 [INFO] Reply from ptd: 'Range A changed'
ptd-server 2022-02-24 13:21:22,961 [INFO] Starting testing mode
ptd-server 2022-02-24 13:21:22,961 [INFO] Sending to ptd: 'Go,1000,0,2022-02-24_13-10-07_testing'
ptd-server 2022-02-24 13:21:22,961 [INFO] Reply from ptd: 'Starting untimed measurement, maximum 500000 samples at 1000ms with 0 rampup samples'
ptd-server 2022-02-24 13:21:22,961 [INFO] Sending reply to client 'OK'
ptd-server 2022-02-24 13:31:45,618 [INFO] Got command from the client 'session,2022-02-24_13-10-07,stop,testing'
ptd-server 2022-02-24 13:31:55,629 [INFO] Sending to ptd: 'Stop'
ptd-server 2022-02-24 13:31:55,629 [INFO] Reply from ptd: 'Stopping untimed measurement'
ptd-server 2022-02-24 13:31:55,691 [INFO] Sending reply to client 'OK'
ptd-server 2022-02-24 13:31:55,709 [INFO] Got command from the client 'session,2022-02-24_13-10-07,done'
ptd-server 2022-02-24 13:31:55,709 [INFO] Sending to ptd: 'Stop'
ptd-server 2022-02-24 13:31:55,962 [INFO] Reply from ptd: 'Error: no measurement to stop'
ptd-server 2022-02-24 13:31:55,962 [INFO] Sending to ptd: 'SR,V,Auto'
ptd-server 2022-02-24 13:31:56,464 [INFO] Reply from ptd: 'Range V changed'
ptd-server 2022-02-24 13:31:56,465 [INFO] Sending to ptd: 'SR,A,0.500000'
ptd-server 2022-02-24 13:31:57,966 [INFO] Reply from ptd: 'Range A changed'
ptd-server 2022-02-24 13:31:57,966 [INFO] Set initial values for Amps 0.500000 and Volts Auto
ptd-server 2022-02-24 13:31:57,966 [INFO] Stopping ptd...
