ptd-server 2022-02-19 13:37:46,124 [INFO] Got command from the client 'time'
ptd-server 2022-02-19 13:37:46,124 [INFO] Sending reply to client '1645277866.1247194'
ptd-server 2022-02-19 13:37:46,126 [INFO] Got command from the client 'new,,4f0519a0-915f-414f-9925-e022fdc2cfa7'
ptd-server 2022-02-19 13:37:46,126 [INFO] Sending reply to client 'OK 2022-02-19_13-37-46,ba1d5382-b834-406e-8aaf-8610bdf0c7e0'
ptd-server 2022-02-19 13:37:46,153 [INFO] Got command from the client 'time'
ptd-server 2022-02-19 13:37:46,153 [INFO] Sending reply to client '1645277866.1535888'
ptd-server 2022-02-19 13:37:46,155 [INFO] Got command from the client 'session,2022-02-19_13-37-46,start,ranging'
ptd-server 2022-02-19 13:37:46,155 [INFO] Running PTDaemon: ['/home/anton/projects/mlperf/power/inference_v1.0/ptd-linux-x86', '-l', '/tmp/tmpgldyt7rr/ptd_logfile.txt', '-p', '8888', '49', '/dev/usbtmc0']
ptd-server 2022-02-19 13:38:03,325 [INFO] Sending to ptd: 'Hello'
ptd-server 2022-02-19 13:38:03,326 [INFO] Reply from ptd: 'Hello, PTDaemon here!'
ptd-server 2022-02-19 13:38:03,326 [INFO] Sending to ptd: 'Identify'
ptd-server 2022-02-19 13:38:03,326 [INFO] Reply from ptd: 'YokogawaWT310E,1000,1,1,1,1,0,1,1,version=1.9.2-e8c7a49a-20201208,OS=Linux 5.13.0-28-generic #31~20.04.1-Ubuntu SMP Wed Jan 19 14:08:10 UTC 2022 x86_64,mode=power,1,1,1,0,0,no_cal_date,YOKOGAWA;WT310E;C3XA04010E;F1.04'
ptd-server 2022-02-19 13:38:03,327 [INFO] Connected to PTDaemon
ptd-server 2022-02-19 13:38:03,327 [INFO] Sending to ptd: 'RR'
ptd-server 2022-02-19 13:38:03,327 [INFO] Reply from ptd: 'Ranges,0,0.500000,0,300.000000'
ptd-server 2022-02-19 13:38:03,327 [INFO] Initial range for Amps is 0.500000 for Volts is 300.000000
ptd-server 2022-02-19 13:38:03,327 [INFO] Sending to ptd: 'SR,V,Auto'
ptd-server 2022-02-19 13:38:03,830 [INFO] Reply from ptd: 'Range V changed'
ptd-server 2022-02-19 13:38:03,830 [INFO] Sending to ptd: 'SR,A,Auto'
ptd-server 2022-02-19 13:38:04,332 [INFO] Reply from ptd: 'Range A changed'
ptd-server 2022-02-19 13:38:14,343 [INFO] Starting ranging mode
ptd-server 2022-02-19 13:38:14,343 [INFO] Sending to ptd: 'Go,1000,0,2022-02-19_13-37-46_ranging'
ptd-server 2022-02-19 13:38:14,343 [INFO] Reply from ptd: 'Starting untimed measurement, maximum 500000 samples at 1000ms with 0 rampup samples'
ptd-server 2022-02-19 13:38:14,343 [INFO] Sending reply to client 'OK'
ptd-server 2022-02-19 13:49:01,066 [INFO] Got command from the client 'session,2022-02-19_13-37-46,stop,ranging'
ptd-server 2022-02-19 13:49:11,077 [INFO] Sending to ptd: 'Stop'
ptd-server 2022-02-19 13:49:11,077 [INFO] Reply from ptd: 'Stopping untimed measurement'
ptd-server 2022-02-19 13:49:11,439 [INFO] Sending reply to client 'OK'
ptd-server 2022-02-19 13:49:11,553 [INFO] Got command from the client 'time'
ptd-server 2022-02-19 13:49:11,553 [INFO] Sending reply to client '1645278551.553731'
ptd-server 2022-02-19 13:49:11,559 [INFO] Got command from the client 'session,2022-02-19_13-37-46,start,testing'
ptd-server 2022-02-19 13:49:11,559 [INFO] Sending to ptd: 'SR,V,248.900000'
ptd-server 2022-02-19 13:49:13,060 [INFO] Reply from ptd: 'Range V changed'
ptd-server 2022-02-19 13:49:13,061 [INFO] Sending to ptd: 'SR,A,0.042110'
ptd-server 2022-02-19 13:49:14,562 [INFO] Reply from ptd: 'Range A changed'
ptd-server 2022-02-19 13:49:24,572 [INFO] Starting testing mode
ptd-server 2022-02-19 13:49:24,573 [INFO] Sending to ptd: 'Go,1000,0,2022-02-19_13-37-46_testing'
ptd-server 2022-02-19 13:49:24,573 [INFO] Reply from ptd: 'Starting untimed measurement, maximum 500000 samples at 1000ms with 0 rampup samples'
ptd-server 2022-02-19 13:49:24,573 [INFO] Sending reply to client 'OK'
ptd-server 2022-02-19 14:00:11,996 [INFO] Got command from the client 'session,2022-02-19_13-37-46,stop,testing'
ptd-server 2022-02-19 14:00:22,007 [INFO] Sending to ptd: 'Stop'
ptd-server 2022-02-19 14:00:22,007 [INFO] Reply from ptd: 'Stopping untimed measurement'
ptd-server 2022-02-19 14:00:22,194 [INFO] Sending reply to client 'OK'
ptd-server 2022-02-19 14:00:22,229 [INFO] Got command from the client 'session,2022-02-19_13-37-46,done'
ptd-server 2022-02-19 14:00:22,229 [INFO] Sending to ptd: 'Stop'
ptd-server 2022-02-19 14:00:22,573 [INFO] Reply from ptd: 'Error: no measurement to stop'
ptd-server 2022-02-19 14:00:22,573 [INFO] Sending to ptd: 'SR,V,300.000000'
ptd-server 2022-02-19 14:00:24,075 [INFO] Reply from ptd: 'Range V changed'
ptd-server 2022-02-19 14:00:24,075 [INFO] Sending to ptd: 'SR,A,0.500000'
ptd-server 2022-02-19 14:00:25,576 [INFO] Reply from ptd: 'Range A changed'
ptd-server 2022-02-19 14:00:25,576 [INFO] Set initial values for Amps 0.500000 and Volts 300.000000
ptd-server 2022-02-19 14:00:25,577 [INFO] Stopping ptd...
