ptd-server 2022-02-22 05:55:01,739 [INFO] Got command from the client 'time'
ptd-server 2022-02-22 05:55:01,739 [INFO] Sending reply to client '1645509301.7393415'
ptd-server 2022-02-22 05:55:01,741 [INFO] Got command from the client 'new,,475dabc7-1f9c-4731-ae08-0e530092ad66'
ptd-server 2022-02-22 05:55:01,741 [INFO] Sending reply to client 'OK 2022-02-22_05-55-01,4e27e5a3-5374-49be-975f-f11b5007d82d'
ptd-server 2022-02-22 05:55:01,779 [INFO] Got command from the client 'time'
ptd-server 2022-02-22 05:55:01,779 [INFO] Sending reply to client '1645509301.7792225'
ptd-server 2022-02-22 05:55:01,781 [INFO] Got command from the client 'session,2022-02-22_05-55-01,start,ranging'
ptd-server 2022-02-22 05:55:01,781 [INFO] Running PTDaemon: ['/home/anton/projects/mlperf/power/inference_v1.0/ptd-linux-x86', '-l', '/tmp/tmpgldyt7rr/ptd_logfile.txt', '-p', '8888', '49', '/dev/usbtmc0']
ptd-server 2022-02-22 05:55:18,953 [INFO] Sending to ptd: 'Hello'
ptd-server 2022-02-22 05:55:18,954 [INFO] Reply from ptd: 'Hello, PTDaemon here!'
ptd-server 2022-02-22 05:55:18,954 [INFO] Sending to ptd: 'Identify'
ptd-server 2022-02-22 05:55:18,954 [INFO] Reply from ptd: 'YokogawaWT310E,1000,1,1,1,1,0,1,1,version=1.9.2-e8c7a49a-20201208,OS=Linux 5.13.0-28-generic #31~20.04.1-Ubuntu SMP Wed Jan 19 14:08:10 UTC 2022 x86_64,mode=power,1,1,1,0,0,no_cal_date,YOKOGAWA;WT310E;C3XA04010E;F1.04'
ptd-server 2022-02-22 05:55:18,954 [INFO] Connected to PTDaemon
ptd-server 2022-02-22 05:55:18,955 [INFO] Sending to ptd: 'RR'
ptd-server 2022-02-22 05:55:18,955 [INFO] Reply from ptd: 'Ranges,0,0.500000,0,300.000000'
ptd-server 2022-02-22 05:55:18,955 [INFO] Initial range for Amps is 0.500000 for Volts is 300.000000
ptd-server 2022-02-22 05:55:18,955 [INFO] Sending to ptd: 'SR,V,Auto'
ptd-server 2022-02-22 05:55:19,458 [INFO] Reply from ptd: 'Range V changed'
ptd-server 2022-02-22 05:55:19,458 [INFO] Sending to ptd: 'SR,A,Auto'
ptd-server 2022-02-22 05:55:19,960 [INFO] Reply from ptd: 'Range A changed'
ptd-server 2022-02-22 05:55:29,971 [INFO] Starting ranging mode
ptd-server 2022-02-22 05:55:29,971 [INFO] Sending to ptd: 'Go,1000,0,2022-02-22_05-55-01_ranging'
ptd-server 2022-02-22 05:55:29,971 [INFO] Reply from ptd: 'Starting untimed measurement, maximum 500000 samples at 1000ms with 0 rampup samples'
ptd-server 2022-02-22 05:55:29,971 [INFO] Sending reply to client 'OK'
ptd-server 2022-02-22 06:05:59,693 [INFO] Got command from the client 'session,2022-02-22_05-55-01,stop,ranging'
ptd-server 2022-02-22 06:06:09,703 [INFO] Sending to ptd: 'Stop'
ptd-server 2022-02-22 06:06:09,704 [INFO] Reply from ptd: 'Stopping untimed measurement'
ptd-server 2022-02-22 06:06:10,393 [INFO] Sending reply to client 'OK'
ptd-server 2022-02-22 06:06:10,455 [INFO] Got command from the client 'time'
ptd-server 2022-02-22 06:06:10,456 [INFO] Sending reply to client '1645509970.4559672'
ptd-server 2022-02-22 06:06:10,457 [INFO] Got command from the client 'session,2022-02-22_05-55-01,start,testing'
ptd-server 2022-02-22 06:06:10,458 [INFO] Sending to ptd: 'SR,V,250.940000'
ptd-server 2022-02-22 06:06:11,959 [INFO] Reply from ptd: 'Range V changed'
ptd-server 2022-02-22 06:06:11,959 [INFO] Sending to ptd: 'SR,A,0.055790'
ptd-server 2022-02-22 06:06:13,460 [INFO] Reply from ptd: 'Range A changed'
ptd-server 2022-02-22 06:06:23,471 [INFO] Starting testing mode
ptd-server 2022-02-22 06:06:23,471 [INFO] Sending to ptd: 'Go,1000,0,2022-02-22_05-55-01_testing'
ptd-server 2022-02-22 06:06:23,471 [INFO] Reply from ptd: 'Starting untimed measurement, maximum 500000 samples at 1000ms with 0 rampup samples'
ptd-server 2022-02-22 06:06:23,471 [INFO] Sending reply to client 'OK'
ptd-server 2022-02-22 06:16:53,028 [INFO] Got command from the client 'session,2022-02-22_05-55-01,stop,testing'
ptd-server 2022-02-22 06:17:03,038 [INFO] Sending to ptd: 'Stop'
ptd-server 2022-02-22 06:17:03,039 [INFO] Reply from ptd: 'Stopping untimed measurement'
ptd-server 2022-02-22 06:17:03,393 [INFO] Sending reply to client 'OK'
ptd-server 2022-02-22 06:17:03,412 [INFO] Got command from the client 'session,2022-02-22_05-55-01,done'
ptd-server 2022-02-22 06:17:03,412 [INFO] Sending to ptd: 'Stop'
ptd-server 2022-02-22 06:17:03,472 [INFO] Reply from ptd: 'Error: no measurement to stop'
ptd-server 2022-02-22 06:17:03,472 [INFO] Sending to ptd: 'SR,V,300.000000'
ptd-server 2022-02-22 06:17:04,973 [INFO] Reply from ptd: 'Range V changed'
ptd-server 2022-02-22 06:17:04,974 [INFO] Sending to ptd: 'SR,A,0.500000'
ptd-server 2022-02-22 06:17:06,475 [INFO] Reply from ptd: 'Range A changed'
ptd-server 2022-02-22 06:17:06,475 [INFO] Set initial values for Amps 0.500000 and Volts 300.000000
ptd-server 2022-02-22 06:17:06,475 [INFO] Stopping ptd...
