ptd-server 2022-02-20 09:45:23,244 [INFO] Got command from the client 'time'
ptd-server 2022-02-20 09:45:23,245 [INFO] Sending reply to client '1645350323.244995'
ptd-server 2022-02-20 09:45:23,246 [INFO] Got command from the client 'new,,c85166b9-3ff0-42b6-8a1e-bbfdb6948a15'
ptd-server 2022-02-20 09:45:23,246 [INFO] Sending reply to client 'OK 2022-02-20_09-45-23,06469bd7-49d9-4bb0-99d3-2dfbce3fe7d9'
ptd-server 2022-02-20 09:45:23,285 [INFO] Got command from the client 'time'
ptd-server 2022-02-20 09:45:23,285 [INFO] Sending reply to client '1645350323.2852392'
ptd-server 2022-02-20 09:45:23,286 [INFO] Got command from the client 'session,2022-02-20_09-45-23,start,ranging'
ptd-server 2022-02-20 09:45:23,286 [INFO] Running PTDaemon: ['/home/anton/projects/mlperf/power/inference_v1.0/ptd-linux-x86', '-l', '/tmp/tmpgldyt7rr/ptd_logfile.txt', '-p', '8888', '49', '/dev/usbtmc0']
ptd-server 2022-02-20 09:45:40,459 [INFO] Sending to ptd: 'Hello'
ptd-server 2022-02-20 09:45:40,460 [INFO] Reply from ptd: 'Hello, PTDaemon here!'
ptd-server 2022-02-20 09:45:40,460 [INFO] Sending to ptd: 'Identify'
ptd-server 2022-02-20 09:45:40,460 [INFO] Reply from ptd: 'YokogawaWT310E,1000,1,1,1,1,0,1,1,version=1.9.2-e8c7a49a-20201208,OS=Linux 5.13.0-28-generic #31~20.04.1-Ubuntu SMP Wed Jan 19 14:08:10 UTC 2022 x86_64,mode=power,1,1,1,0,0,no_cal_date,YOKOGAWA;WT310E;C3XA04010E;F1.04'
ptd-server 2022-02-20 09:45:40,460 [INFO] Connected to PTDaemon
ptd-server 2022-02-20 09:45:40,461 [INFO] Sending to ptd: 'RR'
ptd-server 2022-02-20 09:45:40,461 [INFO] Reply from ptd: 'Ranges,0,0.500000,0,300.000000'
ptd-server 2022-02-20 09:45:40,461 [INFO] Initial range for Amps is 0.500000 for Volts is 300.000000
ptd-server 2022-02-20 09:45:40,461 [INFO] Sending to ptd: 'SR,V,Auto'
ptd-server 2022-02-20 09:45:40,963 [INFO] Reply from ptd: 'Range V changed'
ptd-server 2022-02-20 09:45:40,964 [INFO] Sending to ptd: 'SR,A,Auto'
ptd-server 2022-02-20 09:45:41,466 [INFO] Reply from ptd: 'Range A changed'
ptd-server 2022-02-20 09:45:51,476 [INFO] Starting ranging mode
ptd-server 2022-02-20 09:45:51,477 [INFO] Sending to ptd: 'Go,1000,0,2022-02-20_09-45-23_ranging'
ptd-server 2022-02-20 09:45:51,477 [INFO] Reply from ptd: 'Starting untimed measurement, maximum 500000 samples at 1000ms with 0 rampup samples'
ptd-server 2022-02-20 09:45:51,477 [INFO] Sending reply to client 'OK'
ptd-server 2022-02-20 09:56:08,738 [INFO] Got command from the client 'session,2022-02-20_09-45-23,stop,ranging'
ptd-server 2022-02-20 09:56:18,748 [INFO] Sending to ptd: 'Stop'
ptd-server 2022-02-20 09:56:18,749 [INFO] Reply from ptd: 'Stopping untimed measurement'
ptd-server 2022-02-20 09:56:19,214 [INFO] Sending reply to client 'OK'
ptd-server 2022-02-20 09:56:19,294 [INFO] Got command from the client 'time'
ptd-server 2022-02-20 09:56:19,294 [INFO] Sending reply to client '1645350979.2945147'
ptd-server 2022-02-20 09:56:19,295 [INFO] Got command from the client 'session,2022-02-20_09-45-23,start,testing'
ptd-server 2022-02-20 09:56:19,296 [INFO] Sending to ptd: 'SR,V,249.430000'
ptd-server 2022-02-20 09:56:20,979 [INFO] Reply from ptd: 'Range V changed'
ptd-server 2022-02-20 09:56:20,979 [INFO] Sending to ptd: 'SR,A,0.046900'
ptd-server 2022-02-20 09:56:22,480 [INFO] Reply from ptd: 'Range A changed'
ptd-server 2022-02-20 09:56:32,484 [INFO] Starting testing mode
ptd-server 2022-02-20 09:56:32,485 [INFO] Sending to ptd: 'Go,1000,0,2022-02-20_09-45-23_testing'
ptd-server 2022-02-20 09:56:32,485 [INFO] Reply from ptd: 'Starting untimed measurement, maximum 500000 samples at 1000ms with 0 rampup samples'
ptd-server 2022-02-20 09:56:32,485 [INFO] Sending reply to client 'OK'
ptd-server 2022-02-20 10:06:50,689 [INFO] Got command from the client 'session,2022-02-20_09-45-23,stop,testing'
ptd-server 2022-02-20 10:07:00,699 [INFO] Sending to ptd: 'Stop'
ptd-server 2022-02-20 10:07:00,700 [INFO] Reply from ptd: 'Stopping untimed measurement'
ptd-server 2022-02-20 10:07:00,939 [INFO] Sending reply to client 'OK'
ptd-server 2022-02-20 10:07:00,963 [INFO] Got command from the client 'session,2022-02-20_09-45-23,done'
ptd-server 2022-02-20 10:07:00,963 [INFO] Sending to ptd: 'Stop'
ptd-server 2022-02-20 10:07:01,486 [INFO] Reply from ptd: 'Error: no measurement to stop'
ptd-server 2022-02-20 10:07:01,486 [INFO] Sending to ptd: 'SR,V,300.000000'
ptd-server 2022-02-20 10:07:02,987 [INFO] Reply from ptd: 'Range V changed'
ptd-server 2022-02-20 10:07:02,987 [INFO] Sending to ptd: 'SR,A,0.500000'
ptd-server 2022-02-20 10:07:04,489 [INFO] Reply from ptd: 'Range A changed'
ptd-server 2022-02-20 10:07:04,489 [INFO] Set initial values for Amps 0.500000 and Volts 300.000000
ptd-server 2022-02-20 10:07:04,489 [INFO] Stopping ptd...
