ptd-server 2022-02-22 16:39:38,103 [INFO] Got command from the client 'time'
ptd-server 2022-02-22 16:39:38,104 [INFO] Sending reply to client '1645547978.1039774'
ptd-server 2022-02-22 16:39:38,106 [INFO] Got command from the client 'new,,9b1e4372-75b2-4023-bd60-02eb29bcc03f'
ptd-server 2022-02-22 16:39:38,106 [INFO] Sending reply to client 'OK 2022-02-22_16-39-38,5eaa5630-ccd7-460e-b45f-0c9a9bd93aaa'
ptd-server 2022-02-22 16:39:38,153 [INFO] Got command from the client 'time'
ptd-server 2022-02-22 16:39:38,153 [INFO] Sending reply to client '1645547978.153391'
ptd-server 2022-02-22 16:39:38,155 [INFO] Got command from the client 'session,2022-02-22_16-39-38,start,ranging'
ptd-server 2022-02-22 16:39:38,155 [INFO] Running PTDaemon: ['/home/anton/projects/mlperf/power/inference_v1.0/ptd-linux-x86', '-l', '/tmp/tmpgldyt7rr/ptd_logfile.txt', '-p', '8888', '49', '/dev/usbtmc0']
ptd-server 2022-02-22 16:39:55,330 [INFO] Sending to ptd: 'Hello'
ptd-server 2022-02-22 16:39:55,331 [INFO] Reply from ptd: 'Hello, PTDaemon here!'
ptd-server 2022-02-22 16:39:55,331 [INFO] Sending to ptd: 'Identify'
ptd-server 2022-02-22 16:39:55,331 [INFO] Reply from ptd: 'YokogawaWT310E,1000,1,1,1,1,0,1,1,version=1.9.2-e8c7a49a-20201208,OS=Linux 5.13.0-28-generic #31~20.04.1-Ubuntu SMP Wed Jan 19 14:08:10 UTC 2022 x86_64,mode=power,1,1,1,0,0,no_cal_date,YOKOGAWA;WT310E;C3XA04010E;F1.04'
ptd-server 2022-02-22 16:39:55,331 [INFO] Connected to PTDaemon
ptd-server 2022-02-22 16:39:55,331 [INFO] Sending to ptd: 'RR'
ptd-server 2022-02-22 16:39:55,332 [INFO] Reply from ptd: 'Ranges,0,0.500000,0,300.000000'
ptd-server 2022-02-22 16:39:55,332 [INFO] Initial range for Amps is 0.500000 for Volts is 300.000000
ptd-server 2022-02-22 16:39:55,332 [INFO] Sending to ptd: 'SR,V,Auto'
ptd-server 2022-02-22 16:39:55,835 [INFO] Reply from ptd: 'Range V changed'
ptd-server 2022-02-22 16:39:55,835 [INFO] Sending to ptd: 'SR,A,Auto'
ptd-server 2022-02-22 16:39:56,337 [INFO] Reply from ptd: 'Range A changed'
ptd-server 2022-02-22 16:40:06,347 [INFO] Starting ranging mode
ptd-server 2022-02-22 16:40:06,348 [INFO] Sending to ptd: 'Go,1000,0,2022-02-22_16-39-38_ranging'
ptd-server 2022-02-22 16:40:06,348 [INFO] Reply from ptd: 'Starting untimed measurement, maximum 500000 samples at 1000ms with 0 rampup samples'
ptd-server 2022-02-22 16:40:06,348 [INFO] Sending reply to client 'OK'
ptd-server 2022-02-22 16:50:35,550 [INFO] Got command from the client 'session,2022-02-22_16-39-38,stop,ranging'
ptd-server 2022-02-22 16:50:45,560 [INFO] Sending to ptd: 'Stop'
ptd-server 2022-02-22 16:50:45,561 [INFO] Reply from ptd: 'Stopping untimed measurement'
ptd-server 2022-02-22 16:50:46,322 [INFO] Sending reply to client 'OK'
ptd-server 2022-02-22 16:50:46,411 [INFO] Got command from the client 'time'
ptd-server 2022-02-22 16:50:46,411 [INFO] Sending reply to client '1645548646.4113524'
ptd-server 2022-02-22 16:50:46,413 [INFO] Got command from the client 'session,2022-02-22_16-39-38,start,testing'
ptd-server 2022-02-22 16:50:46,413 [INFO] Sending to ptd: 'SR,V,250.310000'
ptd-server 2022-02-22 16:50:47,915 [INFO] Reply from ptd: 'Range V changed'
ptd-server 2022-02-22 16:50:47,915 [INFO] Sending to ptd: 'SR,A,0.057830'
ptd-server 2022-02-22 16:50:49,416 [INFO] Reply from ptd: 'Range A changed'
ptd-server 2022-02-22 16:50:59,426 [INFO] Starting testing mode
ptd-server 2022-02-22 16:50:59,427 [INFO] Sending to ptd: 'Go,1000,0,2022-02-22_16-39-38_testing'
ptd-server 2022-02-22 16:50:59,427 [INFO] Reply from ptd: 'Starting untimed measurement, maximum 500000 samples at 1000ms with 0 rampup samples'
ptd-server 2022-02-22 16:50:59,427 [INFO] Sending reply to client 'OK'
ptd-server 2022-02-22 17:01:28,348 [INFO] Got command from the client 'session,2022-02-22_16-39-38,stop,testing'
ptd-server 2022-02-22 17:01:38,358 [INFO] Sending to ptd: 'Stop'
ptd-server 2022-02-22 17:01:38,359 [INFO] Reply from ptd: 'Stopping untimed measurement'
ptd-server 2022-02-22 17:01:38,748 [INFO] Sending reply to client 'OK'
ptd-server 2022-02-22 17:01:38,766 [INFO] Got command from the client 'session,2022-02-22_16-39-38,done'
ptd-server 2022-02-22 17:01:38,766 [INFO] Sending to ptd: 'Stop'
ptd-server 2022-02-22 17:01:38,766 [INFO] Reply from ptd: 'Error: no measurement to stop'
ptd-server 2022-02-22 17:01:38,767 [INFO] Sending to ptd: 'SR,V,300.000000'
ptd-server 2022-02-22 17:01:40,268 [INFO] Reply from ptd: 'Range V changed'
ptd-server 2022-02-22 17:01:40,268 [INFO] Sending to ptd: 'SR,A,0.500000'
ptd-server 2022-02-22 17:01:41,769 [INFO] Reply from ptd: 'Range A changed'
ptd-server 2022-02-22 17:01:41,770 [INFO] Set initial values for Amps 0.500000 and Volts 300.000000
ptd-server 2022-02-22 17:01:41,770 [INFO] Stopping ptd...
