ptd-server 2022-02-23 17:25:07,105 [INFO] Got command from the client 'time'
ptd-server 2022-02-23 17:25:07,106 [INFO] Sending reply to client '1645637107.1059697'
ptd-server 2022-02-23 17:25:07,108 [INFO] Got command from the client 'new,,e6561a07-6246-443e-ad52-6d3b5299805e'
ptd-server 2022-02-23 17:25:07,108 [INFO] Sending reply to client 'OK 2022-02-23_17-25-07,440341b0-4cf5-40c8-93db-8e6fd5041f47'
ptd-server 2022-02-23 17:25:07,145 [INFO] Got command from the client 'time'
ptd-server 2022-02-23 17:25:07,145 [INFO] Sending reply to client '1645637107.1457665'
ptd-server 2022-02-23 17:25:07,147 [INFO] Got command from the client 'session,2022-02-23_17-25-07,start,ranging'
ptd-server 2022-02-23 17:25:07,148 [INFO] Running PTDaemon: ['/home/anton/projects/mlperf/power/inference_v1.0/ptd-linux-x86', '-l', '/tmp/tmpgldyt7rr/ptd_logfile.txt', '-p', '8888', '49', '/dev/usbtmc0']
ptd-server 2022-02-23 17:25:24,322 [INFO] Sending to ptd: 'Hello'
ptd-server 2022-02-23 17:25:24,322 [INFO] Reply from ptd: 'Hello, PTDaemon here!'
ptd-server 2022-02-23 17:25:24,322 [INFO] Sending to ptd: 'Identify'
ptd-server 2022-02-23 17:25:24,323 [INFO] Reply from ptd: 'YokogawaWT310E,1000,1,1,1,1,0,1,1,version=1.9.2-e8c7a49a-20201208,OS=Linux 5.13.0-28-generic #31~20.04.1-Ubuntu SMP Wed Jan 19 14:08:10 UTC 2022 x86_64,mode=power,1,1,1,0,0,no_cal_date,YOKOGAWA;WT310E;C3XA04010E;F1.04'
ptd-server 2022-02-23 17:25:24,323 [INFO] Connected to PTDaemon
ptd-server 2022-02-23 17:25:24,323 [INFO] Sending to ptd: 'RR'
ptd-server 2022-02-23 17:25:24,323 [INFO] Reply from ptd: 'Ranges,0,0.500000,0,300.000000'
ptd-server 2022-02-23 17:25:24,324 [INFO] Initial range for Amps is 0.500000 for Volts is 300.000000
ptd-server 2022-02-23 17:25:24,324 [INFO] Sending to ptd: 'SR,V,Auto'
ptd-server 2022-02-23 17:25:24,826 [INFO] Reply from ptd: 'Range V changed'
ptd-server 2022-02-23 17:25:24,826 [INFO] Sending to ptd: 'SR,A,Auto'
ptd-server 2022-02-23 17:25:25,329 [INFO] Reply from ptd: 'Range A changed'
ptd-server 2022-02-23 17:25:35,339 [INFO] Starting ranging mode
ptd-server 2022-02-23 17:25:35,339 [INFO] Sending to ptd: 'Go,1000,0,2022-02-23_17-25-07_ranging'
ptd-server 2022-02-23 17:25:35,340 [INFO] Reply from ptd: 'Starting untimed measurement, maximum 500000 samples at 1000ms with 0 rampup samples'
ptd-server 2022-02-23 17:25:35,340 [INFO] Sending reply to client 'OK'
ptd-server 2022-02-23 17:35:57,740 [INFO] Got command from the client 'session,2022-02-23_17-25-07,stop,ranging'
ptd-server 2022-02-23 17:36:07,751 [INFO] Sending to ptd: 'Stop'
ptd-server 2022-02-23 17:36:07,751 [INFO] Reply from ptd: 'Stopping untimed measurement'
ptd-server 2022-02-23 17:36:08,634 [INFO] Sending reply to client 'OK'
ptd-server 2022-02-23 17:36:08,695 [INFO] Got command from the client 'time'
ptd-server 2022-02-23 17:36:08,695 [INFO] Sending reply to client '1645637768.695139'
ptd-server 2022-02-23 17:36:08,697 [INFO] Got command from the client 'session,2022-02-23_17-25-07,start,testing'
ptd-server 2022-02-23 17:36:08,697 [INFO] Sending to ptd: 'SR,V,250.360000'
ptd-server 2022-02-23 17:36:10,198 [INFO] Reply from ptd: 'Range V changed'
ptd-server 2022-02-23 17:36:10,199 [INFO] Sending to ptd: 'SR,A,0.045740'
ptd-server 2022-02-23 17:36:11,700 [INFO] Reply from ptd: 'Range A changed'
ptd-server 2022-02-23 17:36:21,710 [INFO] Starting testing mode
ptd-server 2022-02-23 17:36:21,710 [INFO] Sending to ptd: 'Go,1000,0,2022-02-23_17-25-07_testing'
ptd-server 2022-02-23 17:36:21,711 [INFO] Reply from ptd: 'Starting untimed measurement, maximum 500000 samples at 1000ms with 0 rampup samples'
ptd-server 2022-02-23 17:36:21,711 [INFO] Sending reply to client 'OK'
ptd-server 2022-02-23 17:46:44,083 [INFO] Got command from the client 'session,2022-02-23_17-25-07,stop,testing'
ptd-server 2022-02-23 17:46:54,094 [INFO] Sending to ptd: 'Stop'
ptd-server 2022-02-23 17:46:54,094 [INFO] Reply from ptd: 'Stopping untimed measurement'
ptd-server 2022-02-23 17:46:54,547 [INFO] Sending reply to client 'OK'
ptd-server 2022-02-23 17:46:54,559 [INFO] Got command from the client 'session,2022-02-23_17-25-07,done'
ptd-server 2022-02-23 17:46:54,559 [INFO] Sending to ptd: 'Stop'
ptd-server 2022-02-23 17:46:54,712 [INFO] Reply from ptd: 'Error: no measurement to stop'
ptd-server 2022-02-23 17:46:54,712 [INFO] Sending to ptd: 'SR,V,300.000000'
ptd-server 2022-02-23 17:46:56,213 [INFO] Reply from ptd: 'Range V changed'
ptd-server 2022-02-23 17:46:56,213 [INFO] Sending to ptd: 'SR,A,0.500000'
ptd-server 2022-02-23 17:46:57,715 [INFO] Reply from ptd: 'Range A changed'
ptd-server 2022-02-23 17:46:57,715 [INFO] Set initial values for Amps 0.500000 and Volts 300.000000
ptd-server 2022-02-23 17:46:57,715 [INFO] Stopping ptd...
