ptd-server 2022-02-15 13:30:12,733 [INFO] Got command from the client 'time'
ptd-server 2022-02-15 13:30:12,733 [INFO] Sending reply to client '1644931812.733313'
ptd-server 2022-02-15 13:30:12,734 [INFO] Got command from the client 'new,,f569effb-a9f2-4358-a733-ebc23e0f7df0'
ptd-server 2022-02-15 13:30:12,735 [INFO] Sending reply to client 'OK 2022-02-15_13-30-12,b4389a38-a2d7-4773-a198-81185977490a'
ptd-server 2022-02-15 13:30:12,771 [INFO] Got command from the client 'time'
ptd-server 2022-02-15 13:30:12,771 [INFO] Sending reply to client '1644931812.7717931'
ptd-server 2022-02-15 13:30:12,773 [INFO] Got command from the client 'session,2022-02-15_13-30-12,start,ranging'
ptd-server 2022-02-15 13:30:12,773 [INFO] Running PTDaemon: ['/home/anton/projects/mlperf/power/inference_v1.0/ptd-linux-x86', '-l', '/tmp/tmpxvec0g6h/ptd_logfile.txt', '-p', '8888', '49', '/dev/usbtmc0']
ptd-server 2022-02-15 13:30:29,947 [INFO] Sending to ptd: 'Hello'
ptd-server 2022-02-15 13:30:29,947 [INFO] Reply from ptd: 'Hello, PTDaemon here!'
ptd-server 2022-02-15 13:30:29,947 [INFO] Sending to ptd: 'Identify'
ptd-server 2022-02-15 13:30:29,948 [INFO] Reply from ptd: 'YokogawaWT310E,1000,1,1,1,1,0,1,1,version=1.9.2-e8c7a49a-20201208,OS=Linux 5.13.0-27-generic #29~20.04.1-Ubuntu SMP Fri Jan 14 00:32:30 UTC 2022 x86_64,mode=power,1,1,1,0,0,no_cal_date,YOKOGAWA;WT310E;C3XA04010E;F1.04'
ptd-server 2022-02-15 13:30:29,948 [INFO] Connected to PTDaemon
ptd-server 2022-02-15 13:30:29,948 [INFO] Sending to ptd: 'RR'
ptd-server 2022-02-15 13:30:29,948 [INFO] Reply from ptd: 'Ranges,0,0.500000,0,300.000000'
ptd-server 2022-02-15 13:30:29,949 [INFO] Initial range for Amps is 0.500000 for Volts is 300.000000
ptd-server 2022-02-15 13:30:29,949 [INFO] Sending to ptd: 'SR,V,Auto'
ptd-server 2022-02-15 13:30:30,451 [INFO] Reply from ptd: 'Range V changed'
ptd-server 2022-02-15 13:30:30,451 [INFO] Sending to ptd: 'SR,A,Auto'
ptd-server 2022-02-15 13:30:30,954 [INFO] Reply from ptd: 'Range A changed'
ptd-server 2022-02-15 13:30:40,964 [INFO] Starting ranging mode
ptd-server 2022-02-15 13:30:40,964 [INFO] Sending to ptd: 'Go,1000,0,2022-02-15_13-30-12_ranging'
ptd-server 2022-02-15 13:30:40,965 [INFO] Reply from ptd: 'Starting untimed measurement, maximum 500000 samples at 1000ms with 0 rampup samples'
ptd-server 2022-02-15 13:30:40,965 [INFO] Sending reply to client 'OK'
ptd-server 2022-02-15 13:41:01,187 [INFO] Got command from the client 'session,2022-02-15_13-30-12,stop,ranging'
ptd-server 2022-02-15 13:41:11,197 [INFO] Sending to ptd: 'Stop'
ptd-server 2022-02-15 13:41:11,198 [INFO] Reply from ptd: 'Stopping untimed measurement'
ptd-server 2022-02-15 13:41:12,037 [INFO] Sending reply to client 'OK'
ptd-server 2022-02-15 13:41:12,093 [INFO] Got command from the client 'time'
ptd-server 2022-02-15 13:41:12,093 [INFO] Sending reply to client '1644932472.0939045'
ptd-server 2022-02-15 13:41:12,096 [INFO] Got command from the client 'session,2022-02-15_13-30-12,start,testing'
ptd-server 2022-02-15 13:41:12,096 [INFO] Sending to ptd: 'SR,V,249.830000'
ptd-server 2022-02-15 13:41:13,598 [INFO] Reply from ptd: 'Range V changed'
ptd-server 2022-02-15 13:41:13,598 [INFO] Sending to ptd: 'SR,A,0.189840'
ptd-server 2022-02-15 13:41:15,099 [INFO] Reply from ptd: 'Range A changed'
ptd-server 2022-02-15 13:41:25,110 [INFO] Starting testing mode
ptd-server 2022-02-15 13:41:25,110 [INFO] Sending to ptd: 'Go,1000,0,2022-02-15_13-30-12_testing'
ptd-server 2022-02-15 13:41:25,110 [INFO] Reply from ptd: 'Starting untimed measurement, maximum 500000 samples at 1000ms with 0 rampup samples'
ptd-server 2022-02-15 13:41:25,110 [INFO] Sending reply to client 'OK'
ptd-server 2022-02-15 13:51:45,184 [INFO] Got command from the client 'session,2022-02-15_13-30-12,stop,testing'
ptd-server 2022-02-15 13:51:55,195 [INFO] Sending to ptd: 'Stop'
ptd-server 2022-02-15 13:51:55,195 [INFO] Reply from ptd: 'Stopping untimed measurement'
ptd-server 2022-02-15 13:51:55,622 [INFO] Sending reply to client 'OK'
ptd-server 2022-02-15 13:51:55,642 [INFO] Got command from the client 'session,2022-02-15_13-30-12,done'
ptd-server 2022-02-15 13:51:55,642 [INFO] Sending to ptd: 'Stop'
ptd-server 2022-02-15 13:51:56,111 [INFO] Reply from ptd: 'Error: no measurement to stop'
ptd-server 2022-02-15 13:51:56,111 [INFO] Sending to ptd: 'SR,V,300.000000'
ptd-server 2022-02-15 13:51:57,612 [INFO] Reply from ptd: 'Range V changed'
ptd-server 2022-02-15 13:51:57,613 [INFO] Sending to ptd: 'SR,A,0.500000'
ptd-server 2022-02-15 13:51:59,114 [INFO] Reply from ptd: 'Range A changed'
ptd-server 2022-02-15 13:51:59,114 [INFO] Set initial values for Amps 0.500000 and Volts 300.000000
ptd-server 2022-02-15 13:51:59,114 [INFO] Stopping ptd...
