ptd-server 2022-02-22 23:34:00,842 [INFO] Got command from the client 'stop'
ptd-server 2022-02-22 23:34:00,842 [INFO] The server will be stopped after processing this client
ptd-server 2022-02-22 23:34:00,842 [INFO] Sending reply to client 'OK'
ptd-server 2022-02-22 23:34:01,070 [INFO] Got command from the client 'time'
ptd-server 2022-02-22 23:34:01,070 [INFO] Sending reply to client '1645601641.070888'
ptd-server 2022-02-22 23:34:01,070 [INFO] Got command from the client 'new,,68fee261-fc57-4b9d-8e22-73ec24bf599c'
ptd-server 2022-02-22 23:34:01,070 [INFO] Sending reply to client 'OK 2022-02-22_23-34-01,f52da4c4-332f-464e-902b-ccfb9cd6643e'
ptd-server 2022-02-22 23:34:01,295 [INFO] Got command from the client 'time'
ptd-server 2022-02-22 23:34:01,295 [INFO] Sending reply to client '1645601641.2952688'
ptd-server 2022-02-22 23:34:01,295 [INFO] Got command from the client 'session,2022-02-22_23-34-01,start,ranging'
ptd-server 2022-02-22 23:34:01,400 [INFO] Running PTDaemon: ['C:\\PTD\\ptd-windows-x86.exe', '-l', 'C:\\Users\\lab\\AppData\\Local\\Temp\\tmpedhhxx3h\\ptd_logfile.txt', '-p', '8888', '-c', '2', '-y', '52', '10.32.209.61']
ptd-server 2022-02-22 23:34:18,974 [INFO] Sending to ptd: 'Hello'
ptd-server 2022-02-22 23:34:18,974 [INFO] Reply from ptd: 'Hello, PTDaemon here!'
ptd-server 2022-02-22 23:34:18,974 [INFO] Sending to ptd: 'Identify'
ptd-server 2022-02-22 23:34:18,974 [INFO] Reply from ptd: 'YokogawaWT330E,1000,1,1,1,1,0,0,1,version=1.9.2-3976349f-20201208,OS=Windows 8 / Server 2012,mode=power,1,1,1,0,0,no_cal_date,YOKOGAWA;WT333E;C2VL22012V;F1.04'
ptd-server 2022-02-22 23:34:18,974 [INFO] Connected to PTDaemon
ptd-server 2022-02-22 23:34:18,974 [INFO] Sending to ptd: 'RR'
ptd-server 2022-02-22 23:34:18,974 [INFO] Reply from ptd: 'Ranges,1,1.000000,1,150.000000'
ptd-server 2022-02-22 23:34:18,974 [INFO] Initial range for Amps is Auto for Volts is Auto
ptd-server 2022-02-22 23:34:18,974 [INFO] Sending to ptd: 'SR,V,Auto'
ptd-server 2022-02-22 23:34:19,508 [INFO] Reply from ptd: 'Range V changed'
ptd-server 2022-02-22 23:34:19,508 [INFO] Sending to ptd: 'SR,A,Auto'
ptd-server 2022-02-22 23:34:20,023 [INFO] Reply from ptd: 'Range A changed'
ptd-server 2022-02-22 23:34:30,023 [INFO] Starting ranging mode
ptd-server 2022-02-22 23:34:30,023 [INFO] Sending to ptd: 'Go,1000,0,2022-02-22_23-34-01_ranging'
ptd-server 2022-02-22 23:34:30,023 [INFO] Reply from ptd: 'Starting untimed measurement, maximum 500000 samples at 1000ms with 0 rampup samples'
ptd-server 2022-02-22 23:34:30,023 [INFO] Sending reply to client 'OK'
ptd-server 2022-02-22 23:44:53,163 [INFO] Got command from the client 'session,2022-02-22_23-34-01,stop,ranging'
ptd-server 2022-02-22 23:45:03,193 [INFO] Sending to ptd: 'Stop'
ptd-server 2022-02-22 23:45:03,193 [INFO] Reply from ptd: 'Stopping untimed measurement'
ptd-server 2022-02-22 23:45:03,208 [INFO] Sending reply to client 'OK'
ptd-server 2022-02-22 23:45:03,490 [INFO] Got command from the client 'time'
ptd-server 2022-02-22 23:45:03,490 [INFO] Sending reply to client '1645602303.4901779'
ptd-server 2022-02-22 23:45:03,490 [INFO] Got command from the client 'session,2022-02-22_23-34-01,start,testing'
ptd-server 2022-02-22 23:45:03,490 [INFO] Sending to ptd: 'SR,V,121.980000'
ptd-server 2022-02-22 23:45:05,557 [INFO] Reply from ptd: 'Range V changed'
ptd-server 2022-02-22 23:45:05,557 [INFO] Sending to ptd: 'SR,A,0.275200'
ptd-server 2022-02-22 23:45:07,084 [INFO] Reply from ptd: 'Range A changed'
ptd-server 2022-02-22 23:45:17,084 [INFO] Starting testing mode
ptd-server 2022-02-22 23:45:17,084 [INFO] Sending to ptd: 'Go,1000,0,2022-02-22_23-34-01_testing'
ptd-server 2022-02-22 23:45:17,084 [INFO] Reply from ptd: 'Starting untimed measurement, maximum 500000 samples at 1000ms with 0 rampup samples'
ptd-server 2022-02-22 23:45:17,084 [INFO] Sending reply to client 'OK'
ptd-server 2022-02-22 23:55:35,096 [INFO] Got command from the client 'session,2022-02-22_23-34-01,stop,testing'
ptd-server 2022-02-22 23:55:45,103 [INFO] Sending to ptd: 'Stop'
ptd-server 2022-02-22 23:55:45,103 [INFO] Reply from ptd: 'Stopping untimed measurement'
ptd-server 2022-02-22 23:55:45,118 [INFO] Sending reply to client 'OK'
ptd-server 2022-02-22 23:55:45,228 [INFO] Got command from the client 'session,2022-02-22_23-34-01,done'
ptd-server 2022-02-22 23:55:45,228 [INFO] Sending to ptd: 'Stop'
ptd-server 2022-02-22 23:55:46,097 [INFO] Reply from ptd: 'Error: no measurement to stop'
ptd-server 2022-02-22 23:55:46,097 [INFO] Sending to ptd: 'SR,V,Auto'
ptd-server 2022-02-22 23:55:46,628 [INFO] Reply from ptd: 'Range V changed'
ptd-server 2022-02-22 23:55:46,628 [INFO] Sending to ptd: 'SR,A,Auto'
ptd-server 2022-02-22 23:55:47,165 [INFO] Reply from ptd: 'Range A changed'
ptd-server 2022-02-22 23:55:47,165 [INFO] Set initial values for Amps Auto and Volts Auto
ptd-server 2022-02-22 23:55:47,165 [INFO] Stopping ptd...
