client 2022-02-23 15:40:31,120 [INFO] Sending command to the server: 'mlcommons/power client v3'
client 2022-02-23 15:40:31,122 [INFO] Got response: 'mlcommons/power server v3'
client 2022-02-23 15:40:31,122 [INFO] Sending command to the server: 'stop'
client 2022-02-23 15:40:31,124 [INFO] Got response: 'OK'
client 2022-02-23 15:40:31,125 [INFO] Synchronizing with the server and with ib-01.dc4-in.nvidia.com...
client 2022-02-23 15:40:31,499 [INFO] NTP:offset = -0.000 s, delay = 0.202 s 
client 2022-02-23 15:40:31,499 [INFO] Sending command to the server: 'time'
client 2022-02-23 15:40:31,506 [INFO] Got response: '1645659631.588719'
client 2022-02-23 15:40:31,506 [INFO] The time difference between the client and the server is within range -89.541 ms..-82.346 ms
client 2022-02-23 15:40:31,506 [INFO] Sending command to the server: 'new,,d28122f6-80a6-4bee-ac69-fb59d5d69991'
client 2022-02-23 15:40:31,508 [INFO] Got response: 'OK 2022-02-23_15-40-31,95e95ab9-963d-403f-8b41-ca9685460c51'
client 2022-02-23 15:40:31,509 [INFO] Session id is '2022-02-23_15-40-31'
client 2022-02-23 15:40:31,509 [INFO] Sources: {"sources": {"__init__.py": "da39a3ee5e6b4b0d3255bfef95601890afd80709", "client.py": "33ca4f26368777ac06e01f9567b714a4b8063886", "lib/__init__.py": "da39a3ee5e6b4b0d3255bfef95601890afd80709", "lib/client.py": "4c2b78fb4849a7e5b584ef792d82aaed20b17f57", "lib/common.py": "624d0c0acc7c39aaff3674f0b99d6a09da53d1dc", "lib/external/__init__.py": "da39a3ee5e6b4b0d3255bfef95601890afd80709", "lib/external/ntplib.py": "4da8f970656505a40483206ef2b5d3dd5e81711d", "lib/server.py": "59c9fb92908260d3e9f81a895c7aa009742275e4", "lib/source_hashes.py": "60a2e02193209e8d392803326208d5466342da18", "lib/summary.py": "aa92f0a3f975eecd44d3c0cd0236342ccc9f941d", "lib/time_sync.py": "3210db56eb0ff0df57bf4293dc4d4b03fffd46f1", "server.py": "c3f90f2f7eeb4db30727556d0c815ebc89b3d28b", "tests/unit/__init__.py": "da39a3ee5e6b4b0d3255bfef95601890afd80709", "tests/unit/test_server.py": "99ae15aef722f2000ee6ed1ae1523637bf1ae42b", "tests/unit/test_source_hashes.py": "00468a2907583c593e6574a1f6b404e4651c221a"}, "modules": {"ptd_client_server.lib.client": "lib/client.py", "ptd_client_server.lib.common": "lib/common.py", "ptd_client_server.lib.external.ntplib": "lib/external/ntplib.py", "ptd_client_server.lib.source_hashes": "lib/source_hashes.py", "ptd_client_server.lib.summary": "lib/summary.py", "ptd_client_server.lib.time_sync": "lib/time_sync.py"}}
client 2022-02-23 15:40:31,514 [INFO] Running workload in ranging mode
client 2022-02-23 15:40:31,514 [INFO] Synchronizing with the server and with ib-01.dc4-in.nvidia.com...
client 2022-02-23 15:40:31,721 [INFO] NTP:offset = -0.000 s, delay = 0.202 s 
client 2022-02-23 15:40:31,721 [INFO] Sending command to the server: 'time'
client 2022-02-23 15:40:31,723 [INFO] Got response: '1645659631.8074346'
client 2022-02-23 15:40:31,723 [INFO] The time difference between the client and the server is within range -86.293 ms..-84.180 ms
client 2022-02-23 15:40:31,723 [INFO] Sending command to the server: 'session,2022-02-23_15-40-31,start,ranging'
client 2022-02-23 15:41:00,538 [INFO] Got response: 'OK'
client 2022-02-23 15:41:00,538 [INFO] Running the workload 'LOG_DIR=/home/scratch.duckhwank_sw/mlperf_2_orin_submission/closed/NVIDIA/build/power_logs_temp python3 code/main.py --benchmarks=resnet50 --scenarios=offline --test_mode=PerformanceOnly --tensor_path=build/preprocessed_data/imagenet/ResNet50/int8_chw4 --input_format=chw4 --dla_batch_size=16 --use_loadable  --loadable_path code/resnet50/tensorrt/rn50_loadable_bs16.bin --config_ver=[maxq] --action="run_harness" \\\n\t\t2>&1 | tee -a /home/scratch.duckhwank_sw/mlperf_2_orin_submission/closed/NVIDIA/build/power_logs/2022.02.23-15.40.15/stdout.txt \\\n\t\t&& if [ ! -d /home/scratch.duckhwank_sw/mlperf_2_orin_submission/closed/NVIDIA/build/power_logs/2022.02.23-15.40.15/ranging_tmp ]; \\\n\t\t\tthen mkdir /home/scratch.duckhwank_sw/mlperf_2_orin_submission/closed/NVIDIA/build/power_logs/2022.02.23-15.40.15/ranging_tmp \\\n\t\t\t\t&& mv /home/scratch.duckhwank_sw/mlperf_2_orin_submission/closed/NVIDIA/build/power_logs_temp/* /home/scratch.duckhwank_sw/mlperf_2_orin_submission/closed/NVIDIA/build/power_logs/2022.02.23-15.40.15/ranging_tmp/ \\\n\t\t\t\t&& cp -v /home/scratch.duckhwank_sw/mlperf_2_orin_submission/closed/NVIDIA/build/power_logs/2022.02.23-15.40.15/ranging_tmp/*/*/*/mlperf_log_detail.txt /home/scratch.duckhwank_sw/mlperf_2_orin_submission/closed/NVIDIA/build/power_logs_temp/ \\\n\t\t\t\t&& cp -v /home/scratch.duckhwank_sw/mlperf_2_orin_submission/closed/NVIDIA/build/power_logs/2022.02.23-15.40.15/ranging_tmp/*/*/*/mlperf_log_summary.txt /home/scratch.duckhwank_sw/mlperf_2_orin_submission/closed/NVIDIA/build/power_logs_temp/; \\\n\t\t\telse mkdir /home/scratch.duckhwank_sw/mlperf_2_orin_submission/closed/NVIDIA/build/power_logs/2022.02.23-15.40.15/testing_tmp \\\n\t\t\t\t&& mv /home/scratch.duckhwank_sw/mlperf_2_orin_submission/closed/NVIDIA/build/power_logs_temp/* /home/scratch.duckhwank_sw/mlperf_2_orin_submission/closed/NVIDIA/build/power_logs/2022.02.23-15.40.15/testing_tmp/ \\\n\t\t\t\t&& cp -v /home/scratch.duckhwank_sw/mlperf_2_orin_submission/closed/NVIDIA/build/power_logs/2022.02.23-15.40.15/testing_tmp/*/*/*/mlperf_log_detail.txt /home/scratch.duckhwank_sw/mlperf_2_orin_submission/closed/NVIDIA/build/power_logs_temp/ \\\n\t\t\t\t&& cp -v /home/scratch.duckhwank_sw/mlperf_2_orin_submission/closed/NVIDIA/build/power_logs/2022.02.23-15.40.15/testing_tmp/*/*/*/mlperf_log_summary.txt /home/scratch.duckhwank_sw/mlperf_2_orin_submission/closed/NVIDIA/build/power_logs_temp/; fi'
client 2022-02-23 15:52:26,793 [INFO] Sending command to the server: 'session,2022-02-23_15-40-31,stop,ranging'
client 2022-02-23 15:52:36,830 [INFO] Got response: 'OK'
client 2022-02-23 15:52:36,845 [INFO] Copying loadgen logs from '/home/scratch.duckhwank_sw/mlperf_2_orin_submission/closed/NVIDIA/build/power_logs_temp' to '/home/scratch.duckhwank_sw/mlperf_2_orin_submission/closed/NVIDIA/build/power_logs/2022.02.23-15.40.15/2022-02-23_15-40-31/ranging'
client 2022-02-23 15:52:36,875 [INFO] Running workload in testing mode
client 2022-02-23 15:52:36,875 [INFO] Synchronizing with the server and with ib-01.dc4-in.nvidia.com...
client 2022-02-23 15:52:37,218 [INFO] NTP:offset = 0.000 s, delay = 0.202 s 
client 2022-02-23 15:52:37,218 [INFO] Sending command to the server: 'time'
client 2022-02-23 15:52:37,225 [INFO] Got response: '1645660357.3056314'
client 2022-02-23 15:52:37,225 [INFO] The time difference between the client and the server is within range -87.287 ms..-80.464 ms
client 2022-02-23 15:52:37,225 [INFO] Sending command to the server: 'session,2022-02-23_15-40-31,start,testing'
client 2022-02-23 15:52:50,616 [INFO] Got response: 'OK'
client 2022-02-23 15:52:50,616 [INFO] Running the workload 'LOG_DIR=/home/scratch.duckhwank_sw/mlperf_2_orin_submission/closed/NVIDIA/build/power_logs_temp python3 code/main.py --benchmarks=resnet50 --scenarios=offline --test_mode=PerformanceOnly --tensor_path=build/preprocessed_data/imagenet/ResNet50/int8_chw4 --input_format=chw4 --dla_batch_size=16 --use_loadable  --loadable_path code/resnet50/tensorrt/rn50_loadable_bs16.bin --config_ver=[maxq] --action="run_harness" \\\n\t\t2>&1 | tee -a /home/scratch.duckhwank_sw/mlperf_2_orin_submission/closed/NVIDIA/build/power_logs/2022.02.23-15.40.15/stdout.txt \\\n\t\t&& if [ ! -d /home/scratch.duckhwank_sw/mlperf_2_orin_submission/closed/NVIDIA/build/power_logs/2022.02.23-15.40.15/ranging_tmp ]; \\\n\t\t\tthen mkdir /home/scratch.duckhwank_sw/mlperf_2_orin_submission/closed/NVIDIA/build/power_logs/2022.02.23-15.40.15/ranging_tmp \\\n\t\t\t\t&& mv /home/scratch.duckhwank_sw/mlperf_2_orin_submission/closed/NVIDIA/build/power_logs_temp/* /home/scratch.duckhwank_sw/mlperf_2_orin_submission/closed/NVIDIA/build/power_logs/2022.02.23-15.40.15/ranging_tmp/ \\\n\t\t\t\t&& cp -v /home/scratch.duckhwank_sw/mlperf_2_orin_submission/closed/NVIDIA/build/power_logs/2022.02.23-15.40.15/ranging_tmp/*/*/*/mlperf_log_detail.txt /home/scratch.duckhwank_sw/mlperf_2_orin_submission/closed/NVIDIA/build/power_logs_temp/ \\\n\t\t\t\t&& cp -v /home/scratch.duckhwank_sw/mlperf_2_orin_submission/closed/NVIDIA/build/power_logs/2022.02.23-15.40.15/ranging_tmp/*/*/*/mlperf_log_summary.txt /home/scratch.duckhwank_sw/mlperf_2_orin_submission/closed/NVIDIA/build/power_logs_temp/; \\\n\t\t\telse mkdir /home/scratch.duckhwank_sw/mlperf_2_orin_submission/closed/NVIDIA/build/power_logs/2022.02.23-15.40.15/testing_tmp \\\n\t\t\t\t&& mv /home/scratch.duckhwank_sw/mlperf_2_orin_submission/closed/NVIDIA/build/power_logs_temp/* /home/scratch.duckhwank_sw/mlperf_2_orin_submission/closed/NVIDIA/build/power_logs/2022.02.23-15.40.15/testing_tmp/ \\\n\t\t\t\t&& cp -v /home/scratch.duckhwank_sw/mlperf_2_orin_submission/closed/NVIDIA/build/power_logs/2022.02.23-15.40.15/testing_tmp/*/*/*/mlperf_log_detail.txt /home/scratch.duckhwank_sw/mlperf_2_orin_submission/closed/NVIDIA/build/power_logs_temp/ \\\n\t\t\t\t&& cp -v /home/scratch.duckhwank_sw/mlperf_2_orin_submission/closed/NVIDIA/build/power_logs/2022.02.23-15.40.15/testing_tmp/*/*/*/mlperf_log_summary.txt /home/scratch.duckhwank_sw/mlperf_2_orin_submission/closed/NVIDIA/build/power_logs_temp/; fi'
client 2022-02-23 16:04:29,164 [INFO] Sending command to the server: 'session,2022-02-23_15-40-31,stop,testing'
client 2022-02-23 16:04:39,183 [INFO] Got response: 'OK'
client 2022-02-23 16:04:39,193 [INFO] Copying loadgen logs from '/home/scratch.duckhwank_sw/mlperf_2_orin_submission/closed/NVIDIA/build/power_logs_temp' to '/home/scratch.duckhwank_sw/mlperf_2_orin_submission/closed/NVIDIA/build/power_logs/2022.02.23-15.40.15/2022-02-23_15-40-31/run_1'
client 2022-02-23 16:04:39,218 [INFO] Done runs
