ptd-server 2022-02-23 15:40:31,197 [INFO] Got command from the client 'stop'
ptd-server 2022-02-23 15:40:31,197 [INFO] The server will be stopped after processing this client
ptd-server 2022-02-23 15:40:31,197 [INFO] Sending reply to client 'OK'
ptd-server 2022-02-23 15:40:31,588 [INFO] Got command from the client 'time'
ptd-server 2022-02-23 15:40:31,588 [INFO] Sending reply to client '1645659631.588719'
ptd-server 2022-02-23 15:40:31,588 [INFO] Got command from the client 'new,,d28122f6-80a6-4bee-ac69-fb59d5d69991'
ptd-server 2022-02-23 15:40:31,588 [INFO] Sending reply to client 'OK 2022-02-23_15-40-31,95e95ab9-963d-403f-8b41-ca9685460c51'
ptd-server 2022-02-23 15:40:31,807 [INFO] Got command from the client 'time'
ptd-server 2022-02-23 15:40:31,807 [INFO] Sending reply to client '1645659631.8074346'
ptd-server 2022-02-23 15:40:31,807 [INFO] Got command from the client 'session,2022-02-23_15-40-31,start,ranging'
ptd-server 2022-02-23 15:40:31,916 [INFO] Running PTDaemon: ['C:\\PTD\\ptd-windows-x86.exe', '-l', 'C:\\Users\\lab\\AppData\\Local\\Temp\\tmpgdcj20fg\\ptd_logfile.txt', '-p', '8888', '-c', '2', '-y', '52', '10.32.209.65']
ptd-server 2022-02-23 15:40:49,572 [INFO] Sending to ptd: 'Hello'
ptd-server 2022-02-23 15:40:49,572 [INFO] Reply from ptd: 'Hello, PTDaemon here!'
ptd-server 2022-02-23 15:40:49,572 [INFO] Sending to ptd: 'Identify'
ptd-server 2022-02-23 15:40:49,572 [INFO] Reply from ptd: 'YokogawaWT330E,1000,1,1,1,1,0,0,1,version=1.9.2-3976349f-20201208,OS=Windows 8 / Server 2012,mode=power,1,1,1,0,0,no_cal_date,YOKOGAWA;WT333E;C2XL24034V;F1.04'
ptd-server 2022-02-23 15:40:49,572 [INFO] Connected to PTDaemon
ptd-server 2022-02-23 15:40:49,572 [INFO] Sending to ptd: 'RR'
ptd-server 2022-02-23 15:40:49,572 [INFO] Reply from ptd: 'Ranges,1,1.000000,1,150.000000'
ptd-server 2022-02-23 15:40:49,572 [INFO] Initial range for Amps is Auto for Volts is Auto
ptd-server 2022-02-23 15:40:49,572 [INFO] Sending to ptd: 'SR,V,Auto'
ptd-server 2022-02-23 15:40:50,092 [INFO] Reply from ptd: 'Range V changed'
ptd-server 2022-02-23 15:40:50,092 [INFO] Sending to ptd: 'SR,A,Auto'
ptd-server 2022-02-23 15:40:50,619 [INFO] Reply from ptd: 'Range A changed'
ptd-server 2022-02-23 15:41:00,619 [INFO] Starting ranging mode
ptd-server 2022-02-23 15:41:00,619 [INFO] Sending to ptd: 'Go,1000,0,2022-02-23_15-40-31_ranging'
ptd-server 2022-02-23 15:41:00,619 [INFO] Reply from ptd: 'Starting untimed measurement, maximum 500000 samples at 1000ms with 0 rampup samples'
ptd-server 2022-02-23 15:41:00,619 [INFO] Sending reply to client 'OK'
ptd-server 2022-02-23 15:52:26,872 [INFO] Got command from the client 'session,2022-02-23_15-40-31,stop,ranging'
ptd-server 2022-02-23 15:52:36,899 [INFO] Sending to ptd: 'Stop'
ptd-server 2022-02-23 15:52:36,899 [INFO] Reply from ptd: 'Stopping untimed measurement'
ptd-server 2022-02-23 15:52:36,915 [INFO] Sending reply to client 'OK'
ptd-server 2022-02-23 15:52:37,305 [INFO] Got command from the client 'time'
ptd-server 2022-02-23 15:52:37,305 [INFO] Sending reply to client '1645660357.3056314'
ptd-server 2022-02-23 15:52:37,305 [INFO] Got command from the client 'session,2022-02-23_15-40-31,start,testing'
ptd-server 2022-02-23 15:52:37,305 [INFO] Sending to ptd: 'SR,V,121.610000'
ptd-server 2022-02-23 15:52:39,163 [INFO] Reply from ptd: 'Range V changed'
ptd-server 2022-02-23 15:52:39,163 [INFO] Sending to ptd: 'SR,A,0.714500'
ptd-server 2022-02-23 15:52:40,694 [INFO] Reply from ptd: 'Range A changed'
ptd-server 2022-02-23 15:52:50,701 [INFO] Starting testing mode
ptd-server 2022-02-23 15:52:50,701 [INFO] Sending to ptd: 'Go,1000,0,2022-02-23_15-40-31_testing'
ptd-server 2022-02-23 15:52:50,701 [INFO] Reply from ptd: 'Starting untimed measurement, maximum 500000 samples at 1000ms with 0 rampup samples'
ptd-server 2022-02-23 15:52:50,701 [INFO] Sending reply to client 'OK'
ptd-server 2022-02-23 16:04:29,262 [INFO] Got command from the client 'session,2022-02-23_15-40-31,stop,testing'
ptd-server 2022-02-23 16:04:39,263 [INFO] Sending to ptd: 'Stop'
ptd-server 2022-02-23 16:04:39,263 [INFO] Reply from ptd: 'Stopping untimed measurement'
ptd-server 2022-02-23 16:04:39,278 [INFO] Sending reply to client 'OK'
ptd-server 2022-02-23 16:04:39,341 [INFO] Got command from the client 'session,2022-02-23_15-40-31,done'
ptd-server 2022-02-23 16:04:39,341 [INFO] Sending to ptd: 'Stop'
ptd-server 2022-02-23 16:04:39,707 [INFO] Reply from ptd: 'Error: no measurement to stop'
ptd-server 2022-02-23 16:04:39,707 [INFO] Sending to ptd: 'SR,V,Auto'
ptd-server 2022-02-23 16:04:40,222 [INFO] Reply from ptd: 'Range V changed'
ptd-server 2022-02-23 16:04:40,222 [INFO] Sending to ptd: 'SR,A,Auto'
ptd-server 2022-02-23 16:04:40,738 [INFO] Reply from ptd: 'Range A changed'
ptd-server 2022-02-23 16:04:40,738 [INFO] Set initial values for Amps Auto and Volts Auto
ptd-server 2022-02-23 16:04:40,738 [INFO] Stopping ptd...
