ptd-server 2022-02-24 15:26:35,118 [INFO] Got command from the client 'time'
ptd-server 2022-02-24 15:26:35,118 [INFO] Sending reply to client '1645716395.1185336'
ptd-server 2022-02-24 15:26:35,120 [INFO] Got command from the client 'new,,1dd2c32e-06fd-4b65-9b2d-a2c9476b0a3a'
ptd-server 2022-02-24 15:26:35,120 [INFO] Sending reply to client 'OK 2022-02-24_15-26-35,eef84ebc-2291-4e0c-b21a-df2a8887a191'
ptd-server 2022-02-24 15:26:35,156 [INFO] Got command from the client 'time'
ptd-server 2022-02-24 15:26:35,156 [INFO] Sending reply to client '1645716395.1565738'
ptd-server 2022-02-24 15:26:35,158 [INFO] Got command from the client 'session,2022-02-24_15-26-35,start,ranging'
ptd-server 2022-02-24 15:26:35,158 [INFO] Running PTDaemon: ['/home/anton/projects/mlperf/power/inference_v1.0/ptd-linux-x86', '-l', '/tmp/tmp0_fn53vp/ptd_logfile.txt', '-p', '8888', '49', '/dev/usbtmc0']
ptd-server 2022-02-24 15:26:52,331 [INFO] Sending to ptd: 'Hello'
ptd-server 2022-02-24 15:26:52,331 [INFO] Reply from ptd: 'Hello, PTDaemon here!'
ptd-server 2022-02-24 15:26:52,331 [INFO] Sending to ptd: 'Identify'
ptd-server 2022-02-24 15:26:52,332 [INFO] Reply from ptd: 'YokogawaWT310E,1000,1,1,1,1,0,1,1,version=1.9.2-e8c7a49a-20201208,OS=Linux 5.13.0-30-generic #33~20.04.1-Ubuntu SMP Mon Feb 7 14:25:10 UTC 2022 x86_64,mode=power,1,1,1,0,0,no_cal_date,YOKOGAWA;WT310E;C3XA04010E;F1.04'
ptd-server 2022-02-24 15:26:52,332 [INFO] Connected to PTDaemon
ptd-server 2022-02-24 15:26:52,332 [INFO] Sending to ptd: 'RR'
ptd-server 2022-02-24 15:26:52,332 [INFO] Reply from ptd: 'Ranges,0,0.500000,1,300.000000'
ptd-server 2022-02-24 15:26:52,333 [INFO] Initial range for Amps is 0.500000 for Volts is Auto
ptd-server 2022-02-24 15:26:52,333 [INFO] Sending to ptd: 'SR,V,Auto'
ptd-server 2022-02-24 15:26:52,835 [INFO] Reply from ptd: 'Range V changed'
ptd-server 2022-02-24 15:26:52,835 [INFO] Sending to ptd: 'SR,A,Auto'
ptd-server 2022-02-24 15:26:53,338 [INFO] Reply from ptd: 'Range A changed'
ptd-server 2022-02-24 15:27:03,348 [INFO] Starting ranging mode
ptd-server 2022-02-24 15:27:03,348 [INFO] Sending to ptd: 'Go,1000,0,2022-02-24_15-26-35_ranging'
ptd-server 2022-02-24 15:27:03,349 [INFO] Reply from ptd: 'Starting untimed measurement, maximum 500000 samples at 1000ms with 0 rampup samples'
ptd-server 2022-02-24 15:27:03,349 [INFO] Sending reply to client 'OK'
ptd-server 2022-02-24 15:37:25,949 [INFO] Got command from the client 'session,2022-02-24_15-26-35,stop,ranging'
ptd-server 2022-02-24 15:37:35,959 [INFO] Sending to ptd: 'Stop'
ptd-server 2022-02-24 15:37:35,960 [INFO] Reply from ptd: 'Stopping untimed measurement'
ptd-server 2022-02-24 15:37:36,086 [INFO] Sending reply to client 'OK'
ptd-server 2022-02-24 15:37:36,146 [INFO] Got command from the client 'time'
ptd-server 2022-02-24 15:37:36,146 [INFO] Sending reply to client '1645717056.146763'
ptd-server 2022-02-24 15:37:36,148 [INFO] Got command from the client 'session,2022-02-24_15-26-35,start,testing'
ptd-server 2022-02-24 15:37:36,148 [INFO] Sending to ptd: 'SR,V,249.570000'
ptd-server 2022-02-24 15:37:37,850 [INFO] Reply from ptd: 'Range V changed'
ptd-server 2022-02-24 15:37:37,851 [INFO] Sending to ptd: 'SR,A,0.043230'
ptd-server 2022-02-24 15:37:39,352 [INFO] Reply from ptd: 'Range A changed'
ptd-server 2022-02-24 15:37:49,362 [INFO] Starting testing mode
ptd-server 2022-02-24 15:37:49,362 [INFO] Sending to ptd: 'Go,1000,0,2022-02-24_15-26-35_testing'
ptd-server 2022-02-24 15:37:49,363 [INFO] Reply from ptd: 'Starting untimed measurement, maximum 500000 samples at 1000ms with 0 rampup samples'
ptd-server 2022-02-24 15:37:49,363 [INFO] Sending reply to client 'OK'
ptd-server 2022-02-24 15:48:11,723 [INFO] Got command from the client 'session,2022-02-24_15-26-35,stop,testing'
ptd-server 2022-02-24 15:48:21,733 [INFO] Sending to ptd: 'Stop'
ptd-server 2022-02-24 15:48:21,734 [INFO] Reply from ptd: 'Stopping untimed measurement'
ptd-server 2022-02-24 15:48:21,805 [INFO] Sending reply to client 'OK'
ptd-server 2022-02-24 15:48:21,824 [INFO] Got command from the client 'session,2022-02-24_15-26-35,done'
ptd-server 2022-02-24 15:48:21,824 [INFO] Sending to ptd: 'Stop'
ptd-server 2022-02-24 15:48:22,363 [INFO] Reply from ptd: 'Error: no measurement to stop'
ptd-server 2022-02-24 15:48:22,363 [INFO] Sending to ptd: 'SR,V,Auto'
ptd-server 2022-02-24 15:48:22,866 [INFO] Reply from ptd: 'Range V changed'
ptd-server 2022-02-24 15:48:22,866 [INFO] Sending to ptd: 'SR,A,0.500000'
ptd-server 2022-02-24 15:48:24,367 [INFO] Reply from ptd: 'Range A changed'
ptd-server 2022-02-24 15:48:24,367 [INFO] Set initial values for Amps 0.500000 and Volts Auto
ptd-server 2022-02-24 15:48:24,368 [INFO] Stopping ptd...
