ptd-server 2022-02-13 04:54:46,088 [INFO] Got command from the client 'time'
ptd-server 2022-02-13 04:54:46,088 [INFO] Sending reply to client '1644728086.0889142'
ptd-server 2022-02-13 04:54:46,091 [INFO] Got command from the client 'new,,2d9a48da-b7b2-40d2-9a54-2493380df9b6'
ptd-server 2022-02-13 04:54:46,091 [INFO] Sending reply to client 'OK 2022-02-13_04-54-46,196afe66-7297-4146-9c9e-ce5c34a8e9b6'
ptd-server 2022-02-13 04:54:46,138 [INFO] Got command from the client 'time'
ptd-server 2022-02-13 04:54:46,138 [INFO] Sending reply to client '1644728086.1389434'
ptd-server 2022-02-13 04:54:46,140 [INFO] Got command from the client 'session,2022-02-13_04-54-46,start,ranging'
ptd-server 2022-02-13 04:54:46,141 [INFO] Running PTDaemon: ['/home/anton/projects/mlperf/power/inference_v1.0/ptd-linux-x86', '-l', '/tmp/tmpxvec0g6h/ptd_logfile.txt', '-p', '8888', '49', '/dev/usbtmc0']
ptd-server 2022-02-13 04:55:03,316 [INFO] Sending to ptd: 'Hello'
ptd-server 2022-02-13 04:55:03,317 [INFO] Reply from ptd: 'Hello, PTDaemon here!'
ptd-server 2022-02-13 04:55:03,317 [INFO] Sending to ptd: 'Identify'
ptd-server 2022-02-13 04:55:03,317 [INFO] Reply from ptd: 'YokogawaWT310E,1000,1,1,1,1,0,1,1,version=1.9.2-e8c7a49a-20201208,OS=Linux 5.13.0-27-generic #29~20.04.1-Ubuntu SMP Fri Jan 14 00:32:30 UTC 2022 x86_64,mode=power,1,1,1,0,0,no_cal_date,YOKOGAWA;WT310E;C3XA04010E;F1.04'
ptd-server 2022-02-13 04:55:03,318 [INFO] Connected to PTDaemon
ptd-server 2022-02-13 04:55:03,318 [INFO] Sending to ptd: 'RR'
ptd-server 2022-02-13 04:55:03,318 [INFO] Reply from ptd: 'Ranges,0,0.500000,0,300.000000'
ptd-server 2022-02-13 04:55:03,318 [INFO] Initial range for Amps is 0.500000 for Volts is 300.000000
ptd-server 2022-02-13 04:55:03,318 [INFO] Sending to ptd: 'SR,V,Auto'
ptd-server 2022-02-13 04:55:03,821 [INFO] Reply from ptd: 'Range V changed'
ptd-server 2022-02-13 04:55:03,821 [INFO] Sending to ptd: 'SR,A,Auto'
ptd-server 2022-02-13 04:55:04,324 [INFO] Reply from ptd: 'Range A changed'
ptd-server 2022-02-13 04:55:14,334 [INFO] Starting ranging mode
ptd-server 2022-02-13 04:55:14,334 [INFO] Sending to ptd: 'Go,1000,0,2022-02-13_04-54-46_ranging'
ptd-server 2022-02-13 04:55:14,335 [INFO] Reply from ptd: 'Starting untimed measurement, maximum 500000 samples at 1000ms with 0 rampup samples'
ptd-server 2022-02-13 04:55:14,335 [INFO] Sending reply to client 'OK'
ptd-server 2022-02-13 05:05:30,515 [INFO] Got command from the client 'session,2022-02-13_04-54-46,stop,ranging'
ptd-server 2022-02-13 05:05:40,526 [INFO] Sending to ptd: 'Stop'
ptd-server 2022-02-13 05:05:40,526 [INFO] Reply from ptd: 'Stopping untimed measurement'
ptd-server 2022-02-13 05:05:41,102 [INFO] Sending reply to client 'OK'
ptd-server 2022-02-13 05:05:41,157 [INFO] Got command from the client 'time'
ptd-server 2022-02-13 05:05:41,157 [INFO] Sending reply to client '1644728741.1577678'
ptd-server 2022-02-13 05:05:41,159 [INFO] Got command from the client 'session,2022-02-13_04-54-46,start,testing'
ptd-server 2022-02-13 05:05:41,159 [INFO] Sending to ptd: 'SR,V,251.100000'
ptd-server 2022-02-13 05:05:42,837 [INFO] Reply from ptd: 'Range V changed'
ptd-server 2022-02-13 05:05:42,837 [INFO] Sending to ptd: 'SR,A,0.141010'
ptd-server 2022-02-13 05:05:44,339 [INFO] Reply from ptd: 'Range A changed'
ptd-server 2022-02-13 05:05:54,348 [INFO] Starting testing mode
ptd-server 2022-02-13 05:05:54,348 [INFO] Sending to ptd: 'Go,1000,0,2022-02-13_04-54-46_testing'
ptd-server 2022-02-13 05:05:54,348 [INFO] Reply from ptd: 'Starting untimed measurement, maximum 500000 samples at 1000ms with 0 rampup samples'
ptd-server 2022-02-13 05:05:54,349 [INFO] Sending reply to client 'OK'
ptd-server 2022-02-13 05:16:10,258 [INFO] Got command from the client 'session,2022-02-13_04-54-46,stop,testing'
ptd-server 2022-02-13 05:16:20,269 [INFO] Sending to ptd: 'Stop'
ptd-server 2022-02-13 05:16:20,269 [INFO] Reply from ptd: 'Stopping untimed measurement'
ptd-server 2022-02-13 05:16:20,563 [INFO] Sending reply to client 'OK'
ptd-server 2022-02-13 05:16:20,581 [INFO] Got command from the client 'session,2022-02-13_04-54-46,done'
ptd-server 2022-02-13 05:16:20,581 [INFO] Sending to ptd: 'Stop'
ptd-server 2022-02-13 05:16:20,582 [INFO] Reply from ptd: 'Error: no measurement to stop'
ptd-server 2022-02-13 05:16:20,582 [INFO] Sending to ptd: 'SR,V,300.000000'
ptd-server 2022-02-13 05:16:22,083 [INFO] Reply from ptd: 'Range V changed'
ptd-server 2022-02-13 05:16:22,083 [INFO] Sending to ptd: 'SR,A,0.500000'
ptd-server 2022-02-13 05:16:23,585 [INFO] Reply from ptd: 'Range A changed'
ptd-server 2022-02-13 05:16:23,585 [INFO] Set initial values for Amps 0.500000 and Volts 300.000000
ptd-server 2022-02-13 05:16:23,585 [INFO] Stopping ptd...
