ptd-server 2022-02-19 04:00:51,116 [INFO] Got command from the client 'time'
ptd-server 2022-02-19 04:00:51,116 [INFO] Sending reply to client '1645264851.1167486'
ptd-server 2022-02-19 04:00:51,117 [INFO] Got command from the client 'new,,5cac5998-ba39-457f-b319-0b16ba0e9a37'
ptd-server 2022-02-19 04:00:51,117 [INFO] Sending reply to client 'OK 2022-02-19_04-00-51,64e8f626-3ca3-4d79-b474-6f9ad961d757'
ptd-server 2022-02-19 04:00:51,233 [INFO] Got command from the client 'time'
ptd-server 2022-02-19 04:00:51,233 [INFO] Sending reply to client '1645264851.2337158'
ptd-server 2022-02-19 04:00:51,234 [INFO] Got command from the client 'session,2022-02-19_04-00-51,start,ranging'
ptd-server 2022-02-19 04:00:51,234 [INFO] Running PTDaemon: ['/local/mnt/workspace/mlcommons/power-main/inference_v1.0/ptd-linux-x86', '-l', '/tmp/tmp4zullp9k/ptd_logfile.txt', '-p', '8889', '49', '/dev/usbtmc0']
ptd-server 2022-02-19 04:01:08,266 [INFO] Sending to ptd: 'Hello'
ptd-server 2022-02-19 04:01:08,267 [INFO] Reply from ptd: 'Hello, PTDaemon here!'
ptd-server 2022-02-19 04:01:08,267 [INFO] Sending to ptd: 'Identify'
ptd-server 2022-02-19 04:01:08,267 [INFO] Reply from ptd: 'YokogawaWT310E,1000,1,1,1,1,0,1,1,version=1.9.2-e8c7a49a-20201208,OS=Linux 4.15.0-162-generic #170-Ubuntu SMP Mon Oct 18 11:38:05 UTC 2021 x86_64,mode=power,1,1,1,0,0,no_cal_date,YOKOGAWA;WT310E;C2XF16028V;F1.04'
ptd-server 2022-02-19 04:01:08,267 [INFO] Connected to PTDaemon
ptd-server 2022-02-19 04:01:08,267 [INFO] Sending to ptd: 'RR'
ptd-server 2022-02-19 04:01:08,267 [INFO] Reply from ptd: 'Ranges,1,5.000000,1,150.000000'
ptd-server 2022-02-19 04:01:08,267 [INFO] Initial range for Amps is Auto for Volts is Auto
ptd-server 2022-02-19 04:01:08,267 [INFO] Sending to ptd: 'SR,V,Auto'
ptd-server 2022-02-19 04:01:08,769 [INFO] Reply from ptd: 'Range V changed'
ptd-server 2022-02-19 04:01:08,769 [INFO] Sending to ptd: 'SR,A,Auto'
ptd-server 2022-02-19 04:01:09,271 [INFO] Reply from ptd: 'Range A changed'
ptd-server 2022-02-19 04:01:19,278 [INFO] Starting ranging mode
ptd-server 2022-02-19 04:01:19,278 [INFO] Sending to ptd: 'Go,1000,0,2022-02-19_04-00-51_ranging'
ptd-server 2022-02-19 04:01:19,278 [INFO] Reply from ptd: 'Starting untimed measurement, maximum 500000 samples at 1000ms with 0 rampup samples'
ptd-server 2022-02-19 04:01:19,278 [INFO] Sending reply to client 'OK'
ptd-server 2022-02-19 04:14:11,258 [INFO] Got command from the client 'session,2022-02-19_04-00-51,stop,ranging'
ptd-server 2022-02-19 04:14:21,267 [INFO] Sending to ptd: 'Stop'
ptd-server 2022-02-19 04:14:21,268 [INFO] Reply from ptd: 'Stopping untimed measurement'
ptd-server 2022-02-19 04:14:21,434 [INFO] Sending reply to client 'OK'
ptd-server 2022-02-19 04:14:21,554 [INFO] Got command from the client 'time'
ptd-server 2022-02-19 04:14:21,554 [INFO] Sending reply to client '1645265661.5546746'
ptd-server 2022-02-19 04:14:21,555 [INFO] Got command from the client 'session,2022-02-19_04-00-51,start,testing'
ptd-server 2022-02-19 04:14:21,555 [INFO] Sending to ptd: 'SR,V,121.330000'
ptd-server 2022-02-19 04:14:23,055 [INFO] Reply from ptd: 'Range V changed'
ptd-server 2022-02-19 04:14:23,056 [INFO] Sending to ptd: 'SR,A,5.882000'
ptd-server 2022-02-19 04:14:24,556 [INFO] Reply from ptd: 'Range A changed'
ptd-server 2022-02-19 04:14:34,566 [INFO] Starting testing mode
ptd-server 2022-02-19 04:14:34,567 [INFO] Sending to ptd: 'Go,1000,0,2022-02-19_04-00-51_testing'
ptd-server 2022-02-19 04:14:34,567 [INFO] Reply from ptd: 'Starting untimed measurement, maximum 500000 samples at 1000ms with 0 rampup samples'
ptd-server 2022-02-19 04:14:34,567 [INFO] Sending reply to client 'OK'
ptd-server 2022-02-19 04:27:26,010 [INFO] Got command from the client 'session,2022-02-19_04-00-51,stop,testing'
ptd-server 2022-02-19 04:27:36,020 [INFO] Sending to ptd: 'Stop'
ptd-server 2022-02-19 04:27:36,020 [INFO] Reply from ptd: 'Stopping untimed measurement'
ptd-server 2022-02-19 04:27:36,101 [INFO] Sending reply to client 'OK'
ptd-server 2022-02-19 04:27:36,107 [INFO] Got command from the client 'session,2022-02-19_04-00-51,done'
ptd-server 2022-02-19 04:27:36,107 [INFO] Sending to ptd: 'Stop'
ptd-server 2022-02-19 04:27:36,568 [INFO] Reply from ptd: 'Error: no measurement to stop'
ptd-server 2022-02-19 04:27:36,568 [INFO] Sending to ptd: 'SR,V,Auto'
ptd-server 2022-02-19 04:27:37,070 [INFO] Reply from ptd: 'Range V changed'
ptd-server 2022-02-19 04:27:37,070 [INFO] Sending to ptd: 'SR,A,Auto'
ptd-server 2022-02-19 04:27:37,572 [INFO] Reply from ptd: 'Range A changed'
ptd-server 2022-02-19 04:27:37,572 [INFO] Set initial values for Amps Auto and Volts Auto
ptd-server 2022-02-19 04:27:37,572 [INFO] Stopping ptd...
