ptd-server 2022-02-19 16:22:27,070 [INFO] Got command from the client 'time'
ptd-server 2022-02-19 16:22:27,070 [INFO] Sending reply to client '1645309347.0702405'
ptd-server 2022-02-19 16:22:27,071 [INFO] Got command from the client 'new,,50a4086f-d9f6-417d-b39d-622824dc845f'
ptd-server 2022-02-19 16:22:27,071 [INFO] Sending reply to client 'OK 2022-02-19_16-22-27,f515ed41-dd3d-471e-b6b9-18bfc18ed1cc'
ptd-server 2022-02-19 16:22:27,156 [INFO] Got command from the client 'time'
ptd-server 2022-02-19 16:22:27,156 [INFO] Sending reply to client '1645309347.1568773'
ptd-server 2022-02-19 16:22:27,157 [INFO] Got command from the client 'session,2022-02-19_16-22-27,start,ranging'
ptd-server 2022-02-19 16:22:27,158 [INFO] Running PTDaemon: ['/local/mnt/workspace/mlcommons/power-main/inference_v1.0/ptd-linux-x86', '-l', '/tmp/tmprkpz3dbq/ptd_logfile.txt', '-p', '8888', '-c', '1,2', '77', '/dev/usbtmc0']
ptd-server 2022-02-19 16:22:44,756 [INFO] Sending to ptd: 'Hello'
ptd-server 2022-02-19 16:22:44,757 [INFO] Reply from ptd: 'Hello, PTDaemon here!'
ptd-server 2022-02-19 16:22:44,757 [INFO] Sending to ptd: 'Identify'
ptd-server 2022-02-19 16:22:44,758 [INFO] Reply from ptd: 'YokogawaWT330_multichannel,1000,1,1,1,1,0,0,1,version=1.9.2-e8c7a49a-20201208,OS=Linux 4.15.0-142-generic #146~16.04.1-Ubuntu SMP Tue Apr 13 09:27:15 UTC 2021 x86_64,mode=power,1,1,2,0,0,no_cal_date,YOKOGAWA;WT333E;C2XC17004V;F1.04'
ptd-server 2022-02-19 16:22:44,758 [INFO] Connected to PTDaemon
ptd-server 2022-02-19 16:22:44,758 [INFO] Sending to ptd: 'RR'
ptd-server 2022-02-19 16:22:44,759 [INFO] Reply from ptd: 'Ranges,-1,-1.000000,-1,-1.000000'
ptd-server 2022-02-19 16:22:44,759 [INFO] Initial range for Amps is Auto for Volts is Auto
ptd-server 2022-02-19 16:22:44,759 [INFO] Sending to ptd: 'SR,V,Auto'
ptd-server 2022-02-19 16:22:49,817 [INFO] Reply from ptd: 'Range V changed'
ptd-server 2022-02-19 16:22:49,817 [INFO] Sending to ptd: 'SR,A,Auto'
ptd-server 2022-02-19 16:22:54,870 [INFO] Reply from ptd: 'Range A changed'
ptd-server 2022-02-19 16:23:04,880 [INFO] Starting ranging mode
ptd-server 2022-02-19 16:23:04,881 [INFO] Sending to ptd: 'Go,1000,0,2022-02-19_16-22-27_ranging'
ptd-server 2022-02-19 16:23:04,881 [INFO] Reply from ptd: 'Starting untimed measurement, maximum 500000 samples at 1000ms with 0 rampup samples'
ptd-server 2022-02-19 16:23:04,881 [INFO] Sending reply to client 'OK'
ptd-server 2022-02-19 16:36:39,947 [INFO] Got command from the client 'session,2022-02-19_16-22-27,stop,ranging'
ptd-server 2022-02-19 16:36:49,954 [INFO] Sending to ptd: 'Stop'
ptd-server 2022-02-19 16:36:49,955 [INFO] Reply from ptd: 'Stopping untimed measurement'
ptd-server 2022-02-19 16:36:50,023 [INFO] Sending reply to client 'OK'
ptd-server 2022-02-19 16:36:50,115 [INFO] Got command from the client 'time'
ptd-server 2022-02-19 16:36:50,116 [INFO] Sending reply to client '1645310210.1160357'
ptd-server 2022-02-19 16:36:50,116 [INFO] Got command from the client 'session,2022-02-19_16-22-27,start,testing'
ptd-server 2022-02-19 16:36:50,116 [INFO] Sending to ptd: 'SR,V,209.520000'
ptd-server 2022-02-19 16:36:56,933 [INFO] Reply from ptd: 'Range V changed'
ptd-server 2022-02-19 16:36:56,933 [INFO] Sending to ptd: 'SR,A,4.193400'
ptd-server 2022-02-19 16:37:02,485 [INFO] Reply from ptd: 'Range A changed'
ptd-server 2022-02-19 16:37:12,489 [INFO] Starting testing mode
ptd-server 2022-02-19 16:37:12,489 [INFO] Sending to ptd: 'Go,1000,0,2022-02-19_16-22-27_testing'
ptd-server 2022-02-19 16:37:12,490 [INFO] Reply from ptd: 'Starting untimed measurement, maximum 500000 samples at 1000ms with 0 rampup samples'
ptd-server 2022-02-19 16:37:12,490 [INFO] Sending reply to client 'OK'
ptd-server 2022-02-19 16:50:52,786 [INFO] Got command from the client 'session,2022-02-19_16-22-27,stop,testing'
ptd-server 2022-02-19 16:51:02,798 [INFO] Sending to ptd: 'Stop'
ptd-server 2022-02-19 16:51:02,798 [INFO] Reply from ptd: 'Stopping untimed measurement'
ptd-server 2022-02-19 16:51:02,831 [INFO] Sending reply to client 'OK'
ptd-server 2022-02-19 16:51:02,836 [INFO] Got command from the client 'session,2022-02-19_16-22-27,done'
ptd-server 2022-02-19 16:51:02,836 [INFO] Sending to ptd: 'Stop'
ptd-server 2022-02-19 16:51:03,491 [INFO] Reply from ptd: 'Error: no measurement to stop'
ptd-server 2022-02-19 16:51:03,491 [INFO] Sending to ptd: 'SR,V,Auto'
ptd-server 2022-02-19 16:51:08,544 [INFO] Reply from ptd: 'Range V changed'
ptd-server 2022-02-19 16:51:08,544 [INFO] Sending to ptd: 'SR,A,Auto'
ptd-server 2022-02-19 16:51:13,597 [INFO] Reply from ptd: 'Range A changed'
ptd-server 2022-02-19 16:51:13,597 [INFO] Set initial values for Amps Auto and Volts Auto
ptd-server 2022-02-19 16:51:13,597 [INFO] Stopping ptd...
