client 2022-02-24 11:57:43,060 [INFO] Sending command to the server: 'mlcommons/power client v3'
client 2022-02-24 11:57:43,062 [INFO] Got response: 'mlcommons/power server v3'
client 2022-02-24 11:57:43,062 [INFO] Sending command to the server: 'stop'
client 2022-02-24 11:57:43,065 [INFO] Got response: 'OK'
client 2022-02-24 11:57:43,065 [INFO] Synchronizing with the server and with 100.64.0.18...
client 2022-02-24 11:57:43,073 [INFO] NTP:offset = -0.000 s, delay = 0.001 s 
client 2022-02-24 11:57:43,073 [INFO] Sending command to the server: 'time'
client 2022-02-24 11:57:43,075 [INFO] Got response: '1645703863.0182264'
client 2022-02-24 11:57:43,075 [INFO] The time difference between the client and the server is within range 55.410 ms..57.676 ms
client 2022-02-24 11:57:43,076 [INFO] Sending command to the server: 'new,,d9ce2b36-ffad-4403-990f-375a80e8ce09'
client 2022-02-24 11:57:43,080 [INFO] Got response: 'OK 2022-02-24_11-57-43,7879a87d-6451-4e98-91ef-39d508e40bcd'
client 2022-02-24 11:57:43,080 [INFO] Session id is '2022-02-24_11-57-43'
client 2022-02-24 11:57:43,080 [INFO] Sources: {"sources": {"__init__.py": "da39a3ee5e6b4b0d3255bfef95601890afd80709", "client.py": "33ca4f26368777ac06e01f9567b714a4b8063886", "lib/__init__.py": "da39a3ee5e6b4b0d3255bfef95601890afd80709", "lib/client.py": "4c2b78fb4849a7e5b584ef792d82aaed20b17f57", "lib/common.py": "624d0c0acc7c39aaff3674f0b99d6a09da53d1dc", "lib/external/__init__.py": "da39a3ee5e6b4b0d3255bfef95601890afd80709", "lib/external/ntplib.py": "4da8f970656505a40483206ef2b5d3dd5e81711d", "lib/server.py": "59c9fb92908260d3e9f81a895c7aa009742275e4", "lib/source_hashes.py": "60a2e02193209e8d392803326208d5466342da18", "lib/summary.py": "aa92f0a3f975eecd44d3c0cd0236342ccc9f941d", "lib/time_sync.py": "3210db56eb0ff0df57bf4293dc4d4b03fffd46f1", "server.py": "c3f90f2f7eeb4db30727556d0c815ebc89b3d28b", "tests/unit/__init__.py": "da39a3ee5e6b4b0d3255bfef95601890afd80709", "tests/unit/test_server.py": "99ae15aef722f2000ee6ed1ae1523637bf1ae42b", "tests/unit/test_source_hashes.py": "00468a2907583c593e6574a1f6b404e4651c221a"}, "modules": {"ptd_client_server.lib.client": "lib/client.py", "ptd_client_server.lib.common": "lib/common.py", "ptd_client_server.lib.external.ntplib": "lib/external/ntplib.py", "ptd_client_server.lib.source_hashes": "lib/source_hashes.py", "ptd_client_server.lib.summary": "lib/summary.py", "ptd_client_server.lib.time_sync": "lib/time_sync.py"}}
client 2022-02-24 11:57:43,080 [INFO] Running workload in ranging mode
client 2022-02-24 11:57:43,080 [INFO] Synchronizing with the server and with 100.64.0.18...
client 2022-02-24 11:57:43,083 [INFO] NTP:offset = 0.000 s, delay = 0.001 s 
client 2022-02-24 11:57:43,083 [INFO] Sending command to the server: 'time'
client 2022-02-24 11:57:43,085 [INFO] Got response: '1645703863.0270965'
client 2022-02-24 11:57:43,085 [INFO] The time difference between the client and the server is within range 56.365 ms..58.182 ms
client 2022-02-24 11:57:43,085 [INFO] Sending command to the server: 'session,2022-02-24_11-57-43,start,ranging'
client 2022-02-24 11:58:07,021 [INFO] Got response: 'OK'
client 2022-02-24 11:58:07,021 [INFO] Running the workload 'LOG_DIR=/work/build/power_logs_temp python3 code/main.py --benchmarks=ssd-mobilenet \t--scenarios=singlestream \t--config_ver=default_maxq \t--test_mode=PerformanceOnly  --action="run_harness" \\\n\t\t2>&1 | tee -a /work/build/power_logs/2022.02.24-11.57.32/stdout.txt \\\n\t\t&& if [ ! -d /work/build/power_logs/2022.02.24-11.57.32/ranging_tmp ]; \\\n\t\t\tthen mkdir /work/build/power_logs/2022.02.24-11.57.32/ranging_tmp \\\n\t\t\t\t&& mv /work/build/power_logs_temp/* /work/build/power_logs/2022.02.24-11.57.32/ranging_tmp/ \\\n\t\t\t\t&& cp -v /work/build/power_logs/2022.02.24-11.57.32/ranging_tmp/*/*/*/mlperf_log_detail.txt /work/build/power_logs_temp/ \\\n\t\t\t\t&& cp -v /work/build/power_logs/2022.02.24-11.57.32/ranging_tmp/*/*/*/mlperf_log_summary.txt /work/build/power_logs_temp/; \\\n\t\t\telse mkdir /work/build/power_logs/2022.02.24-11.57.32/testing_tmp \\\n\t\t\t\t&& mv /work/build/power_logs_temp/* /work/build/power_logs/2022.02.24-11.57.32/testing_tmp/ \\\n\t\t\t\t&& cp -v /work/build/power_logs/2022.02.24-11.57.32/testing_tmp/*/*/*/mlperf_log_detail.txt /work/build/power_logs_temp/ \\\n\t\t\t\t&& cp -v /work/build/power_logs/2022.02.24-11.57.32/testing_tmp/*/*/*/mlperf_log_summary.txt /work/build/power_logs_temp/; fi'
client 2022-02-24 12:08:24,896 [INFO] Sending command to the server: 'session,2022-02-24_11-57-43,stop,ranging'
client 2022-02-24 12:08:34,935 [INFO] Got response: 'OK'
client 2022-02-24 12:08:34,946 [INFO] Copying loadgen logs from '/work/build/power_logs_temp' to '/work/build/power_logs/2022.02.24-11.57.32/2022-02-24_11-57-43/ranging'
client 2022-02-24 12:08:34,947 [INFO] Running workload in testing mode
client 2022-02-24 12:08:34,947 [INFO] Synchronizing with the server and with 100.64.0.18...
client 2022-02-24 12:08:34,950 [INFO] NTP:offset = 0.000 s, delay = 0.001 s 
client 2022-02-24 12:08:34,950 [INFO] Sending command to the server: 'time'
client 2022-02-24 12:08:34,951 [INFO] Got response: '1645704514.8697107'
client 2022-02-24 12:08:34,952 [INFO] The time difference between the client and the server is within range 80.661 ms..82.335 ms
client 2022-02-24 12:08:34,952 [INFO] Sending command to the server: 'session,2022-02-24_11-57-43,start,testing'
client 2022-02-24 12:08:48,106 [INFO] Got response: 'OK'
client 2022-02-24 12:08:48,106 [INFO] Running the workload 'LOG_DIR=/work/build/power_logs_temp python3 code/main.py --benchmarks=ssd-mobilenet \t--scenarios=singlestream \t--config_ver=default_maxq \t--test_mode=PerformanceOnly  --action="run_harness" \\\n\t\t2>&1 | tee -a /work/build/power_logs/2022.02.24-11.57.32/stdout.txt \\\n\t\t&& if [ ! -d /work/build/power_logs/2022.02.24-11.57.32/ranging_tmp ]; \\\n\t\t\tthen mkdir /work/build/power_logs/2022.02.24-11.57.32/ranging_tmp \\\n\t\t\t\t&& mv /work/build/power_logs_temp/* /work/build/power_logs/2022.02.24-11.57.32/ranging_tmp/ \\\n\t\t\t\t&& cp -v /work/build/power_logs/2022.02.24-11.57.32/ranging_tmp/*/*/*/mlperf_log_detail.txt /work/build/power_logs_temp/ \\\n\t\t\t\t&& cp -v /work/build/power_logs/2022.02.24-11.57.32/ranging_tmp/*/*/*/mlperf_log_summary.txt /work/build/power_logs_temp/; \\\n\t\t\telse mkdir /work/build/power_logs/2022.02.24-11.57.32/testing_tmp \\\n\t\t\t\t&& mv /work/build/power_logs_temp/* /work/build/power_logs/2022.02.24-11.57.32/testing_tmp/ \\\n\t\t\t\t&& cp -v /work/build/power_logs/2022.02.24-11.57.32/testing_tmp/*/*/*/mlperf_log_detail.txt /work/build/power_logs_temp/ \\\n\t\t\t\t&& cp -v /work/build/power_logs/2022.02.24-11.57.32/testing_tmp/*/*/*/mlperf_log_summary.txt /work/build/power_logs_temp/; fi'
client 2022-02-24 12:19:06,020 [INFO] Sending command to the server: 'session,2022-02-24_11-57-43,stop,testing'
client 2022-02-24 12:19:16,044 [INFO] Got response: 'OK'
client 2022-02-24 12:19:16,047 [INFO] Copying loadgen logs from '/work/build/power_logs_temp' to '/work/build/power_logs/2022.02.24-11.57.32/2022-02-24_11-57-43/run_1'
client 2022-02-24 12:19:16,048 [INFO] Done runs
