ptd-server 2022-02-24 11:57:43,006 [INFO] Got command from the client 'stop'
ptd-server 2022-02-24 11:57:43,007 [INFO] The server will be stopped after processing this client
ptd-server 2022-02-24 11:57:43,008 [INFO] Sending reply to client 'OK'
ptd-server 2022-02-24 11:57:43,017 [INFO] Got command from the client 'time'
ptd-server 2022-02-24 11:57:43,018 [INFO] Sending reply to client '1645703863.0182264'
ptd-server 2022-02-24 11:57:43,020 [INFO] Got command from the client 'new,,d9ce2b36-ffad-4403-990f-375a80e8ce09'
ptd-server 2022-02-24 11:57:43,022 [INFO] Sending reply to client 'OK 2022-02-24_11-57-43,7879a87d-6451-4e98-91ef-39d508e40bcd'
ptd-server 2022-02-24 11:57:43,027 [INFO] Got command from the client 'time'
ptd-server 2022-02-24 11:57:43,027 [INFO] Sending reply to client '1645703863.0270965'
ptd-server 2022-02-24 11:57:43,029 [INFO] Got command from the client 'session,2022-02-24_11-57-43,start,ranging'
ptd-server 2022-02-24 11:57:43,144 [INFO] Running PTDaemon: ['.\\ptd-windows-x86.exe', '-l', 'C:\\Users\\root\\AppData\\Local\\Temp\\tmpanwjrve2\\ptd_logfile.txt', '-p', '8888', '-c', '1', '-g', '8', '1']
ptd-server 2022-02-24 11:57:55,895 [INFO] Sending to ptd: 'Hello'
ptd-server 2022-02-24 11:57:55,896 [INFO] Reply from ptd: 'Hello, PTDaemon here!'
ptd-server 2022-02-24 11:57:55,897 [INFO] Sending to ptd: 'Identify'
ptd-server 2022-02-24 11:57:55,898 [INFO] Reply from ptd: 'YokogawaWT210,1000,1,1,1,1,0,0,1,version=1.9.2-3976349f-20201208,OS=Windows 8 / Server 2012,mode=power,1,1,1,0,0,no_cal_date,YOKOGAWA;760401;0;F1.12'
ptd-server 2022-02-24 11:57:55,899 [INFO] Connected to PTDaemon
ptd-server 2022-02-24 11:57:55,900 [INFO] Sending to ptd: 'RR'
ptd-server 2022-02-24 11:57:55,901 [INFO] Reply from ptd: 'Ranges,1,2.000000,1,150.000000'
ptd-server 2022-02-24 11:57:55,902 [INFO] Initial range for Amps is Auto for Volts is Auto
ptd-server 2022-02-24 11:57:55,903 [INFO] Sending to ptd: 'SR,V,Auto'
ptd-server 2022-02-24 11:57:56,421 [INFO] Reply from ptd: 'Range V changed'
ptd-server 2022-02-24 11:57:56,422 [INFO] Sending to ptd: 'SR,A,Auto'
ptd-server 2022-02-24 11:57:56,943 [INFO] Reply from ptd: 'Range A changed'
ptd-server 2022-02-24 11:58:06,959 [INFO] Starting ranging mode
ptd-server 2022-02-24 11:58:06,960 [INFO] Sending to ptd: 'Go,1000,0,2022-02-24_11-57-43_ranging'
ptd-server 2022-02-24 11:58:06,960 [INFO] Reply from ptd: 'Starting untimed measurement, maximum 500000 samples at 1000ms with 0 rampup samples'
ptd-server 2022-02-24 11:58:06,962 [INFO] Sending reply to client 'OK'
ptd-server 2022-02-24 12:08:24,817 [INFO] Got command from the client 'session,2022-02-24_11-57-43,stop,ranging'
ptd-server 2022-02-24 12:08:34,826 [INFO] Sending to ptd: 'Stop'
ptd-server 2022-02-24 12:08:34,827 [INFO] Reply from ptd: 'Stopping untimed measurement'
ptd-server 2022-02-24 12:08:34,853 [INFO] Sending reply to client 'OK'
ptd-server 2022-02-24 12:08:34,869 [INFO] Got command from the client 'time'
ptd-server 2022-02-24 12:08:34,869 [INFO] Sending reply to client '1645704514.8697107'
ptd-server 2022-02-24 12:08:34,871 [INFO] Got command from the client 'session,2022-02-24_11-57-43,start,testing'
ptd-server 2022-02-24 12:08:34,871 [INFO] Sending to ptd: 'SR,V,120.270000'
ptd-server 2022-02-24 12:08:36,494 [INFO] Reply from ptd: 'Range V changed'
ptd-server 2022-02-24 12:08:36,495 [INFO] Sending to ptd: 'SR,A,1.762700'
ptd-server 2022-02-24 12:08:38,015 [INFO] Reply from ptd: 'Range A changed'
ptd-server 2022-02-24 12:08:48,021 [INFO] Starting testing mode
ptd-server 2022-02-24 12:08:48,022 [INFO] Sending to ptd: 'Go,1000,0,2022-02-24_11-57-43_testing'
ptd-server 2022-02-24 12:08:48,023 [INFO] Reply from ptd: 'Starting untimed measurement, maximum 500000 samples at 1000ms with 0 rampup samples'
ptd-server 2022-02-24 12:08:48,024 [INFO] Sending reply to client 'OK'
ptd-server 2022-02-24 12:19:05,917 [INFO] Got command from the client 'session,2022-02-24_11-57-43,stop,testing'
ptd-server 2022-02-24 12:19:15,919 [INFO] Sending to ptd: 'Stop'
ptd-server 2022-02-24 12:19:15,920 [INFO] Reply from ptd: 'Stopping untimed measurement'
ptd-server 2022-02-24 12:19:15,938 [INFO] Sending reply to client 'OK'
ptd-server 2022-02-24 12:19:15,947 [INFO] Got command from the client 'session,2022-02-24_11-57-43,done'
ptd-server 2022-02-24 12:19:15,948 [INFO] Sending to ptd: 'Stop'
ptd-server 2022-02-24 12:19:16,029 [INFO] Reply from ptd: 'Error: no measurement to stop'
ptd-server 2022-02-24 12:19:16,030 [INFO] Sending to ptd: 'SR,V,Auto'
ptd-server 2022-02-24 12:19:16,553 [INFO] Reply from ptd: 'Range V changed'
ptd-server 2022-02-24 12:19:16,554 [INFO] Sending to ptd: 'SR,A,Auto'
ptd-server 2022-02-24 12:19:17,078 [INFO] Reply from ptd: 'Range A changed'
ptd-server 2022-02-24 12:19:17,079 [INFO] Set initial values for Amps Auto and Volts Auto
ptd-server 2022-02-24 12:19:17,080 [INFO] Stopping ptd...
