ptd-server 2022-02-20 19:13:21,152 [INFO] Got command from the client 'time'
ptd-server 2022-02-20 19:13:21,152 [INFO] Sending reply to client '1645384401.1525645'
ptd-server 2022-02-20 19:13:21,154 [INFO] Got command from the client 'new,,b7c28a9f-7734-47a3-a840-e5f4c08a0ea5'
ptd-server 2022-02-20 19:13:21,154 [INFO] Sending reply to client 'OK 2022-02-20_19-13-21,87692e0e-dc91-4268-bf58-5f40dc8f5e43'
ptd-server 2022-02-20 19:13:21,192 [INFO] Got command from the client 'time'
ptd-server 2022-02-20 19:13:21,192 [INFO] Sending reply to client '1645384401.192345'
ptd-server 2022-02-20 19:13:21,193 [INFO] Got command from the client 'session,2022-02-20_19-13-21,start,ranging'
ptd-server 2022-02-20 19:13:21,194 [INFO] Running PTDaemon: ['/home/anton/projects/mlperf/power/inference_v1.0/ptd-linux-x86', '-l', '/tmp/tmpgldyt7rr/ptd_logfile.txt', '-p', '8888', '49', '/dev/usbtmc0']
ptd-server 2022-02-20 19:13:38,367 [INFO] Sending to ptd: 'Hello'
ptd-server 2022-02-20 19:13:38,367 [INFO] Reply from ptd: 'Hello, PTDaemon here!'
ptd-server 2022-02-20 19:13:38,368 [INFO] Sending to ptd: 'Identify'
ptd-server 2022-02-20 19:13:38,368 [INFO] Reply from ptd: 'YokogawaWT310E,1000,1,1,1,1,0,1,1,version=1.9.2-e8c7a49a-20201208,OS=Linux 5.13.0-28-generic #31~20.04.1-Ubuntu SMP Wed Jan 19 14:08:10 UTC 2022 x86_64,mode=power,1,1,1,0,0,no_cal_date,YOKOGAWA;WT310E;C3XA04010E;F1.04'
ptd-server 2022-02-20 19:13:38,368 [INFO] Connected to PTDaemon
ptd-server 2022-02-20 19:13:38,368 [INFO] Sending to ptd: 'RR'
ptd-server 2022-02-20 19:13:38,369 [INFO] Reply from ptd: 'Ranges,0,0.500000,0,300.000000'
ptd-server 2022-02-20 19:13:38,369 [INFO] Initial range for Amps is 0.500000 for Volts is 300.000000
ptd-server 2022-02-20 19:13:38,369 [INFO] Sending to ptd: 'SR,V,Auto'
ptd-server 2022-02-20 19:13:38,871 [INFO] Reply from ptd: 'Range V changed'
ptd-server 2022-02-20 19:13:38,872 [INFO] Sending to ptd: 'SR,A,Auto'
ptd-server 2022-02-20 19:13:39,374 [INFO] Reply from ptd: 'Range A changed'
ptd-server 2022-02-20 19:13:49,384 [INFO] Starting ranging mode
ptd-server 2022-02-20 19:13:49,384 [INFO] Sending to ptd: 'Go,1000,0,2022-02-20_19-13-21_ranging'
ptd-server 2022-02-20 19:13:49,385 [INFO] Reply from ptd: 'Starting untimed measurement, maximum 500000 samples at 1000ms with 0 rampup samples'
ptd-server 2022-02-20 19:13:49,385 [INFO] Sending reply to client 'OK'
ptd-server 2022-02-20 19:24:06,383 [INFO] Got command from the client 'session,2022-02-20_19-13-21,stop,ranging'
ptd-server 2022-02-20 19:24:16,385 [INFO] Sending to ptd: 'Stop'
ptd-server 2022-02-20 19:24:16,386 [INFO] Reply from ptd: 'Stopping untimed measurement'
ptd-server 2022-02-20 19:24:16,909 [INFO] Sending reply to client 'OK'
ptd-server 2022-02-20 19:24:16,998 [INFO] Got command from the client 'time'
ptd-server 2022-02-20 19:24:16,998 [INFO] Sending reply to client '1645385056.9984539'
ptd-server 2022-02-20 19:24:17,001 [INFO] Got command from the client 'session,2022-02-20_19-13-21,start,testing'
ptd-server 2022-02-20 19:24:17,001 [INFO] Sending to ptd: 'SR,V,250.700000'
ptd-server 2022-02-20 19:24:18,887 [INFO] Reply from ptd: 'Range V changed'
ptd-server 2022-02-20 19:24:18,887 [INFO] Sending to ptd: 'SR,A,0.047190'
ptd-server 2022-02-20 19:24:20,388 [INFO] Reply from ptd: 'Range A changed'
ptd-server 2022-02-20 19:24:30,399 [INFO] Starting testing mode
ptd-server 2022-02-20 19:24:30,399 [INFO] Sending to ptd: 'Go,1000,0,2022-02-20_19-13-21_testing'
ptd-server 2022-02-20 19:24:30,399 [INFO] Reply from ptd: 'Starting untimed measurement, maximum 500000 samples at 1000ms with 0 rampup samples'
ptd-server 2022-02-20 19:24:30,399 [INFO] Sending reply to client 'OK'
ptd-server 2022-02-20 19:34:48,168 [INFO] Got command from the client 'session,2022-02-20_19-13-21,stop,testing'
ptd-server 2022-02-20 19:34:58,179 [INFO] Sending to ptd: 'Stop'
ptd-server 2022-02-20 19:34:58,179 [INFO] Reply from ptd: 'Stopping untimed measurement'
ptd-server 2022-02-20 19:34:58,446 [INFO] Sending reply to client 'OK'
ptd-server 2022-02-20 19:34:58,479 [INFO] Got command from the client 'session,2022-02-20_19-13-21,done'
ptd-server 2022-02-20 19:34:58,479 [INFO] Sending to ptd: 'Stop'
ptd-server 2022-02-20 19:34:58,480 [INFO] Reply from ptd: 'Error: no measurement to stop'
ptd-server 2022-02-20 19:34:58,480 [INFO] Sending to ptd: 'SR,V,300.000000'
ptd-server 2022-02-20 19:34:59,981 [INFO] Reply from ptd: 'Range V changed'
ptd-server 2022-02-20 19:34:59,981 [INFO] Sending to ptd: 'SR,A,0.500000'
ptd-server 2022-02-20 19:35:01,483 [INFO] Reply from ptd: 'Range A changed'
ptd-server 2022-02-20 19:35:01,483 [INFO] Set initial values for Amps 0.500000 and Volts 300.000000
ptd-server 2022-02-20 19:35:01,483 [INFO] Stopping ptd...
