client 2022-02-15 06:57:31,321 [INFO] Sending command to the server: 'mlcommons/power client v3'
client 2022-02-15 06:57:31,322 [INFO] Got response: 'mlcommons/power server v3'
client 2022-02-15 06:57:31,322 [INFO] Sending command to the server: 'stop'
client 2022-02-15 06:57:31,323 [INFO] Got response: 'OK'
client 2022-02-15 06:57:31,323 [INFO] Synchronizing with the server and with ib-01.dc4-in.nvidia.com...
client 2022-02-15 06:57:31,541 [INFO] NTP:offset = 0.002 s, delay = 0.213 s 
client 2022-02-15 06:57:31,541 [INFO] Sending command to the server: 'time'
client 2022-02-15 06:57:31,543 [INFO] Got response: '1644908251.6674402'
client 2022-02-15 06:57:31,543 [INFO] The time difference between the client and the server is within range -125.494 ms..-124.166 ms
client 2022-02-15 06:57:31,543 [INFO] Sending command to the server: 'new,,758c9b42-059b-458d-9f77-6cfad50ebd00'
client 2022-02-15 06:57:31,544 [INFO] Got response: 'OK 2022-02-14_22-57-31,a6eee621-726f-4b85-b5fb-bbcb8138a7ef'
client 2022-02-15 06:57:31,544 [INFO] Session id is '2022-02-14_22-57-31'
client 2022-02-15 06:57:31,545 [INFO] Sources: {"sources": {"__init__.py": "da39a3ee5e6b4b0d3255bfef95601890afd80709", "client.py": "33ca4f26368777ac06e01f9567b714a4b8063886", "lib/__init__.py": "da39a3ee5e6b4b0d3255bfef95601890afd80709", "lib/client.py": "4c2b78fb4849a7e5b584ef792d82aaed20b17f57", "lib/common.py": "624d0c0acc7c39aaff3674f0b99d6a09da53d1dc", "lib/external/__init__.py": "da39a3ee5e6b4b0d3255bfef95601890afd80709", "lib/external/ntplib.py": "4da8f970656505a40483206ef2b5d3dd5e81711d", "lib/server.py": "59c9fb92908260d3e9f81a895c7aa009742275e4", "lib/source_hashes.py": "60a2e02193209e8d392803326208d5466342da18", "lib/summary.py": "aa92f0a3f975eecd44d3c0cd0236342ccc9f941d", "lib/time_sync.py": "3210db56eb0ff0df57bf4293dc4d4b03fffd46f1", "server.py": "c3f90f2f7eeb4db30727556d0c815ebc89b3d28b", "tests/unit/__init__.py": "da39a3ee5e6b4b0d3255bfef95601890afd80709", "tests/unit/test_server.py": "99ae15aef722f2000ee6ed1ae1523637bf1ae42b", "tests/unit/test_source_hashes.py": "00468a2907583c593e6574a1f6b404e4651c221a"}, "modules": {"ptd_client_server.lib.client": "lib/client.py", "ptd_client_server.lib.common": "lib/common.py", "ptd_client_server.lib.external.ntplib": "lib/external/ntplib.py", "ptd_client_server.lib.source_hashes": "lib/source_hashes.py", "ptd_client_server.lib.summary": "lib/summary.py", "ptd_client_server.lib.time_sync": "lib/time_sync.py"}}
client 2022-02-15 06:57:31,547 [INFO] Running workload in ranging mode
client 2022-02-15 06:57:31,547 [INFO] Synchronizing with the server and with ib-01.dc4-in.nvidia.com...
client 2022-02-15 06:57:31,766 [INFO] NTP:offset = 0.005 s, delay = 0.217 s 
client 2022-02-15 06:57:31,766 [INFO] Sending command to the server: 'time'
client 2022-02-15 06:57:31,767 [INFO] Got response: '1644908251.8992205'
client 2022-02-15 06:57:31,767 [INFO] The time difference between the client and the server is within range -133.050 ms..-131.506 ms
client 2022-02-15 06:57:31,767 [INFO] Sending command to the server: 'session,2022-02-14_22-57-31,start,ranging'
client 2022-02-15 06:58:00,517 [INFO] Got response: 'OK'
client 2022-02-15 06:58:00,517 [INFO] Running the workload 'LOG_DIR=/work/build/power_logs_temp python3 code/main.py --benchmarks=ssd-resnet34 --scenarios=Offline --test_mode=PerformanceOnly --config_ver=maxq --action="run_harness" \\\n\t\t2>&1 | tee -a /work/build/power_logs/2022.02.15-06.57.15/stdout.txt \\\n\t\t&& if [ ! -d /work/build/power_logs/2022.02.15-06.57.15/ranging_tmp ]; \\\n\t\t\tthen mkdir /work/build/power_logs/2022.02.15-06.57.15/ranging_tmp \\\n\t\t\t\t&& mv /work/build/power_logs_temp/* /work/build/power_logs/2022.02.15-06.57.15/ranging_tmp/ \\\n\t\t\t\t&& cp -v /work/build/power_logs/2022.02.15-06.57.15/ranging_tmp/*/*/*/mlperf_log_detail.txt /work/build/power_logs_temp/ \\\n\t\t\t\t&& cp -v /work/build/power_logs/2022.02.15-06.57.15/ranging_tmp/*/*/*/mlperf_log_summary.txt /work/build/power_logs_temp/; \\\n\t\t\telse mkdir /work/build/power_logs/2022.02.15-06.57.15/testing_tmp \\\n\t\t\t\t&& mv /work/build/power_logs_temp/* /work/build/power_logs/2022.02.15-06.57.15/testing_tmp/ \\\n\t\t\t\t&& cp -v /work/build/power_logs/2022.02.15-06.57.15/testing_tmp/*/*/*/mlperf_log_detail.txt /work/build/power_logs_temp/ \\\n\t\t\t\t&& cp -v /work/build/power_logs/2022.02.15-06.57.15/testing_tmp/*/*/*/mlperf_log_summary.txt /work/build/power_logs_temp/; fi'
client 2022-02-15 07:11:10,682 [INFO] Sending command to the server: 'session,2022-02-14_22-57-31,stop,ranging'
client 2022-02-15 07:11:20,715 [INFO] Got response: 'OK'
client 2022-02-15 07:11:20,724 [INFO] Copying loadgen logs from '/work/build/power_logs_temp' to '/work/build/power_logs/2022.02.15-06.57.15/2022-02-14_22-57-31/ranging'
client 2022-02-15 07:11:20,736 [INFO] Running workload in testing mode
client 2022-02-15 07:11:20,736 [INFO] Synchronizing with the server and with ib-01.dc4-in.nvidia.com...
client 2022-02-15 07:11:20,953 [INFO] NTP:offset = 0.001 s, delay = 0.212 s 
client 2022-02-15 07:11:20,953 [INFO] Sending command to the server: 'time'
client 2022-02-15 07:11:20,954 [INFO] Got response: '1644909081.0918508'
client 2022-02-15 07:11:20,954 [INFO] The time difference between the client and the server is within range -137.969 ms..-136.904 ms
client 2022-02-15 07:11:20,954 [INFO] Sending command to the server: 'session,2022-02-14_22-57-31,start,testing'
client 2022-02-15 07:11:34,540 [INFO] Got response: 'OK'
client 2022-02-15 07:11:34,540 [INFO] Running the workload 'LOG_DIR=/work/build/power_logs_temp python3 code/main.py --benchmarks=ssd-resnet34 --scenarios=Offline --test_mode=PerformanceOnly --config_ver=maxq --action="run_harness" \\\n\t\t2>&1 | tee -a /work/build/power_logs/2022.02.15-06.57.15/stdout.txt \\\n\t\t&& if [ ! -d /work/build/power_logs/2022.02.15-06.57.15/ranging_tmp ]; \\\n\t\t\tthen mkdir /work/build/power_logs/2022.02.15-06.57.15/ranging_tmp \\\n\t\t\t\t&& mv /work/build/power_logs_temp/* /work/build/power_logs/2022.02.15-06.57.15/ranging_tmp/ \\\n\t\t\t\t&& cp -v /work/build/power_logs/2022.02.15-06.57.15/ranging_tmp/*/*/*/mlperf_log_detail.txt /work/build/power_logs_temp/ \\\n\t\t\t\t&& cp -v /work/build/power_logs/2022.02.15-06.57.15/ranging_tmp/*/*/*/mlperf_log_summary.txt /work/build/power_logs_temp/; \\\n\t\t\telse mkdir /work/build/power_logs/2022.02.15-06.57.15/testing_tmp \\\n\t\t\t\t&& mv /work/build/power_logs_temp/* /work/build/power_logs/2022.02.15-06.57.15/testing_tmp/ \\\n\t\t\t\t&& cp -v /work/build/power_logs/2022.02.15-06.57.15/testing_tmp/*/*/*/mlperf_log_detail.txt /work/build/power_logs_temp/ \\\n\t\t\t\t&& cp -v /work/build/power_logs/2022.02.15-06.57.15/testing_tmp/*/*/*/mlperf_log_summary.txt /work/build/power_logs_temp/; fi'
client 2022-02-15 07:24:47,437 [INFO] Sending command to the server: 'session,2022-02-14_22-57-31,stop,testing'
client 2022-02-15 07:24:57,463 [INFO] Got response: 'OK'
client 2022-02-15 07:24:57,468 [INFO] Copying loadgen logs from '/work/build/power_logs_temp' to '/work/build/power_logs/2022.02.15-06.57.15/2022-02-14_22-57-31/run_1'
client 2022-02-15 07:24:57,482 [INFO] Done runs
