ptd-server 2022-02-22 07:46:08,357 [INFO] Got command from the client 'time'
ptd-server 2022-02-22 07:46:08,357 [INFO] Sending reply to client '1645515968.3578947'
ptd-server 2022-02-22 07:46:08,360 [INFO] Got command from the client 'new,,bdf2a648-40e6-469f-821b-c32daf3d2802'
ptd-server 2022-02-22 07:46:08,360 [INFO] Sending reply to client 'OK 2022-02-22_07-46-08,e35318d6-1ae0-44f4-813c-57bc3dde5100'
ptd-server 2022-02-22 07:46:08,397 [INFO] Got command from the client 'time'
ptd-server 2022-02-22 07:46:08,397 [INFO] Sending reply to client '1645515968.3975246'
ptd-server 2022-02-22 07:46:08,399 [INFO] Got command from the client 'session,2022-02-22_07-46-08,start,ranging'
ptd-server 2022-02-22 07:46:08,399 [INFO] Running PTDaemon: ['/home/anton/projects/mlperf/power/inference_v1.0/ptd-linux-x86', '-l', '/tmp/tmpgldyt7rr/ptd_logfile.txt', '-p', '8888', '49', '/dev/usbtmc0']
ptd-server 2022-02-22 07:46:25,571 [INFO] Sending to ptd: 'Hello'
ptd-server 2022-02-22 07:46:25,572 [INFO] Reply from ptd: 'Hello, PTDaemon here!'
ptd-server 2022-02-22 07:46:25,572 [INFO] Sending to ptd: 'Identify'
ptd-server 2022-02-22 07:46:25,573 [INFO] Reply from ptd: 'YokogawaWT310E,1000,1,1,1,1,0,1,1,version=1.9.2-e8c7a49a-20201208,OS=Linux 5.13.0-28-generic #31~20.04.1-Ubuntu SMP Wed Jan 19 14:08:10 UTC 2022 x86_64,mode=power,1,1,1,0,0,no_cal_date,YOKOGAWA;WT310E;C3XA04010E;F1.04'
ptd-server 2022-02-22 07:46:25,573 [INFO] Connected to PTDaemon
ptd-server 2022-02-22 07:46:25,573 [INFO] Sending to ptd: 'RR'
ptd-server 2022-02-22 07:46:25,573 [INFO] Reply from ptd: 'Ranges,0,0.500000,0,300.000000'
ptd-server 2022-02-22 07:46:25,573 [INFO] Initial range for Amps is 0.500000 for Volts is 300.000000
ptd-server 2022-02-22 07:46:25,574 [INFO] Sending to ptd: 'SR,V,Auto'
ptd-server 2022-02-22 07:46:26,076 [INFO] Reply from ptd: 'Range V changed'
ptd-server 2022-02-22 07:46:26,076 [INFO] Sending to ptd: 'SR,A,Auto'
ptd-server 2022-02-22 07:46:26,579 [INFO] Reply from ptd: 'Range A changed'
ptd-server 2022-02-22 07:46:36,589 [INFO] Starting ranging mode
ptd-server 2022-02-22 07:46:36,589 [INFO] Sending to ptd: 'Go,1000,0,2022-02-22_07-46-08_ranging'
ptd-server 2022-02-22 07:46:36,590 [INFO] Reply from ptd: 'Starting untimed measurement, maximum 500000 samples at 1000ms with 0 rampup samples'
ptd-server 2022-02-22 07:46:36,590 [INFO] Sending reply to client 'OK'
ptd-server 2022-02-22 07:57:10,460 [INFO] Got command from the client 'session,2022-02-22_07-46-08,stop,ranging'
ptd-server 2022-02-22 07:57:20,470 [INFO] Sending to ptd: 'Stop'
ptd-server 2022-02-22 07:57:20,471 [INFO] Reply from ptd: 'Stopping untimed measurement'
ptd-server 2022-02-22 07:57:21,174 [INFO] Sending reply to client 'OK'
ptd-server 2022-02-22 07:57:21,247 [INFO] Got command from the client 'time'
ptd-server 2022-02-22 07:57:21,247 [INFO] Sending reply to client '1645516641.2475882'
ptd-server 2022-02-22 07:57:21,249 [INFO] Got command from the client 'session,2022-02-22_07-46-08,start,testing'
ptd-server 2022-02-22 07:57:21,249 [INFO] Sending to ptd: 'SR,V,249.930000'
ptd-server 2022-02-22 07:57:22,750 [INFO] Reply from ptd: 'Range V changed'
ptd-server 2022-02-22 07:57:22,751 [INFO] Sending to ptd: 'SR,A,0.050810'
ptd-server 2022-02-22 07:57:24,252 [INFO] Reply from ptd: 'Range A changed'
ptd-server 2022-02-22 07:57:34,262 [INFO] Starting testing mode
ptd-server 2022-02-22 07:57:34,262 [INFO] Sending to ptd: 'Go,1000,0,2022-02-22_07-46-08_testing'
ptd-server 2022-02-22 07:57:34,263 [INFO] Reply from ptd: 'Starting untimed measurement, maximum 500000 samples at 1000ms with 0 rampup samples'
ptd-server 2022-02-22 07:57:34,263 [INFO] Sending reply to client 'OK'
ptd-server 2022-02-22 08:08:03,324 [INFO] Got command from the client 'session,2022-02-22_07-46-08,stop,testing'
ptd-server 2022-02-22 08:08:13,334 [INFO] Sending to ptd: 'Stop'
ptd-server 2022-02-22 08:08:13,335 [INFO] Reply from ptd: 'Stopping untimed measurement'
ptd-server 2022-02-22 08:08:13,693 [INFO] Sending reply to client 'OK'
ptd-server 2022-02-22 08:08:13,712 [INFO] Got command from the client 'session,2022-02-22_07-46-08,done'
ptd-server 2022-02-22 08:08:13,712 [INFO] Sending to ptd: 'Stop'
ptd-server 2022-02-22 08:08:14,263 [INFO] Reply from ptd: 'Error: no measurement to stop'
ptd-server 2022-02-22 08:08:14,264 [INFO] Sending to ptd: 'SR,V,300.000000'
ptd-server 2022-02-22 08:08:15,765 [INFO] Reply from ptd: 'Range V changed'
ptd-server 2022-02-22 08:08:15,765 [INFO] Sending to ptd: 'SR,A,0.500000'
ptd-server 2022-02-22 08:08:17,267 [INFO] Reply from ptd: 'Range A changed'
ptd-server 2022-02-22 08:08:17,267 [INFO] Set initial values for Amps 0.500000 and Volts 300.000000
ptd-server 2022-02-22 08:08:17,268 [INFO] Stopping ptd...
