ptd-server 2022-02-19 00:45:53,429 [INFO] Got command from the client 'time'
ptd-server 2022-02-19 00:45:53,429 [INFO] Sending reply to client '1645231553.4296093'
ptd-server 2022-02-19 00:45:53,430 [INFO] Got command from the client 'new,,3b2cc4d6-606b-40ab-8b39-8dd39da2a51e'
ptd-server 2022-02-19 00:45:53,431 [INFO] Sending reply to client 'OK 2022-02-19_00-45-53,c7d83415-ec2e-4308-a3e2-dfa6e66374be'
ptd-server 2022-02-19 00:45:53,458 [INFO] Got command from the client 'time'
ptd-server 2022-02-19 00:45:53,458 [INFO] Sending reply to client '1645231553.4587202'
ptd-server 2022-02-19 00:45:53,459 [INFO] Got command from the client 'session,2022-02-19_00-45-53,start,ranging'
ptd-server 2022-02-19 00:45:53,460 [INFO] Running PTDaemon: ['/home/anton/projects/mlperf/power/inference_v1.0/ptd-linux-x86', '-l', '/tmp/tmpgldyt7rr/ptd_logfile.txt', '-p', '8888', '49', '/dev/usbtmc0']
ptd-server 2022-02-19 00:46:10,632 [INFO] Sending to ptd: 'Hello'
ptd-server 2022-02-19 00:46:10,633 [INFO] Reply from ptd: 'Hello, PTDaemon here!'
ptd-server 2022-02-19 00:46:10,633 [INFO] Sending to ptd: 'Identify'
ptd-server 2022-02-19 00:46:10,633 [INFO] Reply from ptd: 'YokogawaWT310E,1000,1,1,1,1,0,1,1,version=1.9.2-e8c7a49a-20201208,OS=Linux 5.13.0-28-generic #31~20.04.1-Ubuntu SMP Wed Jan 19 14:08:10 UTC 2022 x86_64,mode=power,1,1,1,0,0,no_cal_date,YOKOGAWA;WT310E;C3XA04010E;F1.04'
ptd-server 2022-02-19 00:46:10,633 [INFO] Connected to PTDaemon
ptd-server 2022-02-19 00:46:10,633 [INFO] Sending to ptd: 'RR'
ptd-server 2022-02-19 00:46:10,634 [INFO] Reply from ptd: 'Ranges,0,0.500000,0,300.000000'
ptd-server 2022-02-19 00:46:10,634 [INFO] Initial range for Amps is 0.500000 for Volts is 300.000000
ptd-server 2022-02-19 00:46:10,634 [INFO] Sending to ptd: 'SR,V,Auto'
ptd-server 2022-02-19 00:46:11,136 [INFO] Reply from ptd: 'Range V changed'
ptd-server 2022-02-19 00:46:11,137 [INFO] Sending to ptd: 'SR,A,Auto'
ptd-server 2022-02-19 00:46:11,639 [INFO] Reply from ptd: 'Range A changed'
ptd-server 2022-02-19 00:46:21,649 [INFO] Starting ranging mode
ptd-server 2022-02-19 00:46:21,650 [INFO] Sending to ptd: 'Go,1000,0,2022-02-19_00-45-53_ranging'
ptd-server 2022-02-19 00:46:21,650 [INFO] Reply from ptd: 'Starting untimed measurement, maximum 500000 samples at 1000ms with 0 rampup samples'
ptd-server 2022-02-19 00:46:21,650 [INFO] Sending reply to client 'OK'
ptd-server 2022-02-19 00:56:47,118 [INFO] Got command from the client 'session,2022-02-19_00-45-53,stop,ranging'
ptd-server 2022-02-19 00:56:57,128 [INFO] Sending to ptd: 'Stop'
ptd-server 2022-02-19 00:56:57,128 [INFO] Reply from ptd: 'Stopping untimed measurement'
ptd-server 2022-02-19 00:56:57,422 [INFO] Sending reply to client 'OK'
ptd-server 2022-02-19 00:56:57,491 [INFO] Got command from the client 'time'
ptd-server 2022-02-19 00:56:57,491 [INFO] Sending reply to client '1645232217.4914496'
ptd-server 2022-02-19 00:56:57,492 [INFO] Got command from the client 'session,2022-02-19_00-45-53,start,testing'
ptd-server 2022-02-19 00:56:57,492 [INFO] Sending to ptd: 'SR,V,250.160000'
ptd-server 2022-02-19 00:56:59,151 [INFO] Reply from ptd: 'Range V changed'
ptd-server 2022-02-19 00:56:59,152 [INFO] Sending to ptd: 'SR,A,0.043540'
ptd-server 2022-02-19 00:57:00,653 [INFO] Reply from ptd: 'Range A changed'
ptd-server 2022-02-19 00:57:10,663 [INFO] Starting testing mode
ptd-server 2022-02-19 00:57:10,664 [INFO] Sending to ptd: 'Go,1000,0,2022-02-19_00-45-53_testing'
ptd-server 2022-02-19 00:57:10,664 [INFO] Reply from ptd: 'Starting untimed measurement, maximum 500000 samples at 1000ms with 0 rampup samples'
ptd-server 2022-02-19 00:57:10,664 [INFO] Sending reply to client 'OK'
ptd-server 2022-02-19 01:07:36,947 [INFO] Got command from the client 'session,2022-02-19_00-45-53,stop,testing'
ptd-server 2022-02-19 01:07:46,958 [INFO] Sending to ptd: 'Stop'
ptd-server 2022-02-19 01:07:46,958 [INFO] Reply from ptd: 'Stopping untimed measurement'
ptd-server 2022-02-19 01:07:47,116 [INFO] Sending reply to client 'OK'
ptd-server 2022-02-19 01:07:47,137 [INFO] Got command from the client 'session,2022-02-19_00-45-53,done'
ptd-server 2022-02-19 01:07:47,137 [INFO] Sending to ptd: 'Stop'
ptd-server 2022-02-19 01:07:47,664 [INFO] Reply from ptd: 'Error: no measurement to stop'
ptd-server 2022-02-19 01:07:47,665 [INFO] Sending to ptd: 'SR,V,300.000000'
ptd-server 2022-02-19 01:07:49,166 [INFO] Reply from ptd: 'Range V changed'
ptd-server 2022-02-19 01:07:49,166 [INFO] Sending to ptd: 'SR,A,0.500000'
ptd-server 2022-02-19 01:07:50,667 [INFO] Reply from ptd: 'Range A changed'
ptd-server 2022-02-19 01:07:50,668 [INFO] Set initial values for Amps 0.500000 and Volts 300.000000
ptd-server 2022-02-19 01:07:50,668 [INFO] Stopping ptd...
