ptd-server 2022-02-18 23:38:39,626 [INFO] Got command from the client 'time'
ptd-server 2022-02-18 23:38:39,627 [INFO] Sending reply to client '1645227519.62702'
ptd-server 2022-02-18 23:38:39,628 [INFO] Got command from the client 'new,,468556cc-049c-499b-9aab-9fb44e5ae8aa'
ptd-server 2022-02-18 23:38:39,629 [INFO] Sending reply to client 'OK 2022-02-18_23-38-39,8396a11c-0d8b-4039-8636-aef0022aba34'
ptd-server 2022-02-18 23:38:39,666 [INFO] Got command from the client 'time'
ptd-server 2022-02-18 23:38:39,666 [INFO] Sending reply to client '1645227519.6669068'
ptd-server 2022-02-18 23:38:39,668 [INFO] Got command from the client 'session,2022-02-18_23-38-39,start,ranging'
ptd-server 2022-02-18 23:38:39,668 [INFO] Running PTDaemon: ['/home/anton/projects/mlperf/power/inference_v1.0/ptd-linux-x86', '-l', '/tmp/tmpgldyt7rr/ptd_logfile.txt', '-p', '8888', '49', '/dev/usbtmc0']
ptd-server 2022-02-18 23:38:56,842 [INFO] Sending to ptd: 'Hello'
ptd-server 2022-02-18 23:38:56,842 [INFO] Reply from ptd: 'Hello, PTDaemon here!'
ptd-server 2022-02-18 23:38:56,843 [INFO] Sending to ptd: 'Identify'
ptd-server 2022-02-18 23:38:56,843 [INFO] Reply from ptd: 'YokogawaWT310E,1000,1,1,1,1,0,1,1,version=1.9.2-e8c7a49a-20201208,OS=Linux 5.13.0-28-generic #31~20.04.1-Ubuntu SMP Wed Jan 19 14:08:10 UTC 2022 x86_64,mode=power,1,1,1,0,0,no_cal_date,YOKOGAWA;WT310E;C3XA04010E;F1.04'
ptd-server 2022-02-18 23:38:56,843 [INFO] Connected to PTDaemon
ptd-server 2022-02-18 23:38:56,843 [INFO] Sending to ptd: 'RR'
ptd-server 2022-02-18 23:38:56,844 [INFO] Reply from ptd: 'Ranges,0,0.500000,0,300.000000'
ptd-server 2022-02-18 23:38:56,844 [INFO] Initial range for Amps is 0.500000 for Volts is 300.000000
ptd-server 2022-02-18 23:38:56,844 [INFO] Sending to ptd: 'SR,V,Auto'
ptd-server 2022-02-18 23:38:57,346 [INFO] Reply from ptd: 'Range V changed'
ptd-server 2022-02-18 23:38:57,346 [INFO] Sending to ptd: 'SR,A,Auto'
ptd-server 2022-02-18 23:38:57,849 [INFO] Reply from ptd: 'Range A changed'
ptd-server 2022-02-18 23:39:07,859 [INFO] Starting ranging mode
ptd-server 2022-02-18 23:39:07,859 [INFO] Sending to ptd: 'Go,1000,0,2022-02-18_23-38-39_ranging'
ptd-server 2022-02-18 23:39:07,860 [INFO] Reply from ptd: 'Starting untimed measurement, maximum 500000 samples at 1000ms with 0 rampup samples'
ptd-server 2022-02-18 23:39:07,860 [INFO] Sending reply to client 'OK'
ptd-server 2022-02-18 23:49:46,849 [INFO] Got command from the client 'session,2022-02-18_23-38-39,stop,ranging'
ptd-server 2022-02-18 23:49:56,860 [INFO] Sending to ptd: 'Stop'
ptd-server 2022-02-18 23:49:56,860 [INFO] Reply from ptd: 'Stopping untimed measurement'
ptd-server 2022-02-18 23:49:57,137 [INFO] Sending reply to client 'OK'
ptd-server 2022-02-18 23:49:57,235 [INFO] Got command from the client 'time'
ptd-server 2022-02-18 23:49:57,235 [INFO] Sending reply to client '1645228197.2359152'
ptd-server 2022-02-18 23:49:57,239 [INFO] Got command from the client 'session,2022-02-18_23-38-39,start,testing'
ptd-server 2022-02-18 23:49:57,239 [INFO] Sending to ptd: 'SR,V,250.370000'
ptd-server 2022-02-18 23:49:59,361 [INFO] Reply from ptd: 'Range V changed'
ptd-server 2022-02-18 23:49:59,361 [INFO] Sending to ptd: 'SR,A,0.040960'
ptd-server 2022-02-18 23:50:00,863 [INFO] Reply from ptd: 'Range A changed'
ptd-server 2022-02-18 23:50:10,873 [INFO] Starting testing mode
ptd-server 2022-02-18 23:50:10,873 [INFO] Sending to ptd: 'Go,1000,0,2022-02-18_23-38-39_testing'
ptd-server 2022-02-18 23:50:10,874 [INFO] Reply from ptd: 'Starting untimed measurement, maximum 500000 samples at 1000ms with 0 rampup samples'
ptd-server 2022-02-18 23:50:10,874 [INFO] Sending reply to client 'OK'
ptd-server 2022-02-19 00:00:50,705 [INFO] Got command from the client 'session,2022-02-18_23-38-39,stop,testing'
ptd-server 2022-02-19 00:01:00,715 [INFO] Sending to ptd: 'Stop'
ptd-server 2022-02-19 00:01:00,716 [INFO] Reply from ptd: 'Stopping untimed measurement'
ptd-server 2022-02-19 00:01:00,864 [INFO] Sending reply to client 'OK'
ptd-server 2022-02-19 00:01:00,897 [INFO] Got command from the client 'session,2022-02-18_23-38-39,done'
ptd-server 2022-02-19 00:01:00,898 [INFO] Sending to ptd: 'Stop'
ptd-server 2022-02-19 00:01:00,898 [INFO] Reply from ptd: 'Error: no measurement to stop'
ptd-server 2022-02-19 00:01:00,898 [INFO] Sending to ptd: 'SR,V,300.000000'
ptd-server 2022-02-19 00:01:02,399 [INFO] Reply from ptd: 'Range V changed'
ptd-server 2022-02-19 00:01:02,400 [INFO] Sending to ptd: 'SR,A,0.500000'
ptd-server 2022-02-19 00:01:03,901 [INFO] Reply from ptd: 'Range A changed'
ptd-server 2022-02-19 00:01:03,901 [INFO] Set initial values for Amps 0.500000 and Volts 300.000000
ptd-server 2022-02-19 00:01:03,901 [INFO] Stopping ptd...
