ptd-server 2022-02-13 05:38:16,980 [INFO] Got command from the client 'time'
ptd-server 2022-02-13 05:38:16,981 [INFO] Sending reply to client '1644730696.9809973'
ptd-server 2022-02-13 05:38:16,982 [INFO] Got command from the client 'new,,3583e2ca-b1ca-4164-aee1-d75c3622de65'
ptd-server 2022-02-13 05:38:16,983 [INFO] Sending reply to client 'OK 2022-02-13_05-38-16,d8a6ce05-37cc-49a0-ab3d-8c9fdc6ad2a8'
ptd-server 2022-02-13 05:38:17,026 [INFO] Got command from the client 'time'
ptd-server 2022-02-13 05:38:17,026 [INFO] Sending reply to client '1644730697.02689'
ptd-server 2022-02-13 05:38:17,028 [INFO] Got command from the client 'session,2022-02-13_05-38-16,start,ranging'
ptd-server 2022-02-13 05:38:17,029 [INFO] Running PTDaemon: ['/home/anton/projects/mlperf/power/inference_v1.0/ptd-linux-x86', '-l', '/tmp/tmpxvec0g6h/ptd_logfile.txt', '-p', '8888', '49', '/dev/usbtmc0']
ptd-server 2022-02-13 05:38:34,201 [INFO] Sending to ptd: 'Hello'
ptd-server 2022-02-13 05:38:34,202 [INFO] Reply from ptd: 'Hello, PTDaemon here!'
ptd-server 2022-02-13 05:38:34,202 [INFO] Sending to ptd: 'Identify'
ptd-server 2022-02-13 05:38:34,202 [INFO] Reply from ptd: 'YokogawaWT310E,1000,1,1,1,1,0,1,1,version=1.9.2-e8c7a49a-20201208,OS=Linux 5.13.0-27-generic #29~20.04.1-Ubuntu SMP Fri Jan 14 00:32:30 UTC 2022 x86_64,mode=power,1,1,1,0,0,no_cal_date,YOKOGAWA;WT310E;C3XA04010E;F1.04'
ptd-server 2022-02-13 05:38:34,202 [INFO] Connected to PTDaemon
ptd-server 2022-02-13 05:38:34,203 [INFO] Sending to ptd: 'RR'
ptd-server 2022-02-13 05:38:34,203 [INFO] Reply from ptd: 'Ranges,0,0.500000,0,300.000000'
ptd-server 2022-02-13 05:38:34,203 [INFO] Initial range for Amps is 0.500000 for Volts is 300.000000
ptd-server 2022-02-13 05:38:34,203 [INFO] Sending to ptd: 'SR,V,Auto'
ptd-server 2022-02-13 05:38:34,706 [INFO] Reply from ptd: 'Range V changed'
ptd-server 2022-02-13 05:38:34,706 [INFO] Sending to ptd: 'SR,A,Auto'
ptd-server 2022-02-13 05:38:35,208 [INFO] Reply from ptd: 'Range A changed'
ptd-server 2022-02-13 05:38:45,219 [INFO] Starting ranging mode
ptd-server 2022-02-13 05:38:45,219 [INFO] Sending to ptd: 'Go,1000,0,2022-02-13_05-38-16_ranging'
ptd-server 2022-02-13 05:38:45,219 [INFO] Reply from ptd: 'Starting untimed measurement, maximum 500000 samples at 1000ms with 0 rampup samples'
ptd-server 2022-02-13 05:38:45,219 [INFO] Sending reply to client 'OK'
ptd-server 2022-02-13 05:49:01,154 [INFO] Got command from the client 'session,2022-02-13_05-38-16,stop,ranging'
ptd-server 2022-02-13 05:49:11,165 [INFO] Sending to ptd: 'Stop'
ptd-server 2022-02-13 05:49:11,165 [INFO] Reply from ptd: 'Stopping untimed measurement'
ptd-server 2022-02-13 05:49:11,739 [INFO] Sending reply to client 'OK'
ptd-server 2022-02-13 05:49:11,793 [INFO] Got command from the client 'time'
ptd-server 2022-02-13 05:49:11,794 [INFO] Sending reply to client '1644731351.7941117'
ptd-server 2022-02-13 05:49:11,796 [INFO] Got command from the client 'session,2022-02-13_05-38-16,start,testing'
ptd-server 2022-02-13 05:49:11,796 [INFO] Sending to ptd: 'SR,V,251.200000'
ptd-server 2022-02-13 05:49:13,297 [INFO] Reply from ptd: 'Range V changed'
ptd-server 2022-02-13 05:49:13,297 [INFO] Sending to ptd: 'SR,A,0.175800'
ptd-server 2022-02-13 05:49:14,799 [INFO] Reply from ptd: 'Range A changed'
ptd-server 2022-02-13 05:49:24,809 [INFO] Starting testing mode
ptd-server 2022-02-13 05:49:24,809 [INFO] Sending to ptd: 'Go,1000,0,2022-02-13_05-38-16_testing'
ptd-server 2022-02-13 05:49:24,810 [INFO] Reply from ptd: 'Starting untimed measurement, maximum 500000 samples at 1000ms with 0 rampup samples'
ptd-server 2022-02-13 05:49:24,810 [INFO] Sending reply to client 'OK'
ptd-server 2022-02-13 05:59:40,618 [INFO] Got command from the client 'session,2022-02-13_05-38-16,stop,testing'
ptd-server 2022-02-13 05:59:50,629 [INFO] Sending to ptd: 'Stop'
ptd-server 2022-02-13 05:59:50,629 [INFO] Reply from ptd: 'Stopping untimed measurement'
ptd-server 2022-02-13 05:59:50,930 [INFO] Sending reply to client 'OK'
ptd-server 2022-02-13 05:59:50,948 [INFO] Got command from the client 'session,2022-02-13_05-38-16,done'
ptd-server 2022-02-13 05:59:50,948 [INFO] Sending to ptd: 'Stop'
ptd-server 2022-02-13 05:59:50,949 [INFO] Reply from ptd: 'Error: no measurement to stop'
ptd-server 2022-02-13 05:59:50,949 [INFO] Sending to ptd: 'SR,V,300.000000'
ptd-server 2022-02-13 05:59:52,450 [INFO] Reply from ptd: 'Range V changed'
ptd-server 2022-02-13 05:59:52,450 [INFO] Sending to ptd: 'SR,A,0.500000'
ptd-server 2022-02-13 05:59:53,952 [INFO] Reply from ptd: 'Range A changed'
ptd-server 2022-02-13 05:59:53,952 [INFO] Set initial values for Amps 0.500000 and Volts 300.000000
ptd-server 2022-02-13 05:59:53,952 [INFO] Stopping ptd...
