ptd-server 2022-02-18 19:50:53,027 [INFO] Got command from the client 'time'
ptd-server 2022-02-18 19:50:53,027 [INFO] Sending reply to client '1645235453.0277574'
ptd-server 2022-02-18 19:50:53,028 [INFO] Got command from the client 'new,,cf7f13b0-72f6-4ca3-a053-291405b1bf6d'
ptd-server 2022-02-18 19:50:53,028 [INFO] Sending reply to client 'OK 2022-02-18_19-50-53,7e1c39f8-5650-4505-9a03-47d749d3b7f8'
ptd-server 2022-02-18 19:50:53,145 [INFO] Got command from the client 'time'
ptd-server 2022-02-18 19:50:53,145 [INFO] Sending reply to client '1645235453.145141'
ptd-server 2022-02-18 19:50:53,145 [INFO] Got command from the client 'session,2022-02-18_19-50-53,start,ranging'
ptd-server 2022-02-18 19:50:53,145 [INFO] Running PTDaemon: ['/local/mnt/workspace/mlcommons/power-main/inference_v1.0/ptd-linux-x86', '-l', '/tmp/tmpbzz3s1yx/ptd_logfile.txt', '-p', '8886', '49', '/dev/usbtmc1']
ptd-server 2022-02-18 19:51:10,174 [INFO] Sending to ptd: 'Hello'
ptd-server 2022-02-18 19:51:10,174 [INFO] Reply from ptd: 'Hello, PTDaemon here!'
ptd-server 2022-02-18 19:51:10,174 [INFO] Sending to ptd: 'Identify'
ptd-server 2022-02-18 19:51:10,174 [INFO] Reply from ptd: 'YokogawaWT310E,1000,1,1,1,1,0,1,1,version=1.9.2-e8c7a49a-20201208,OS=Linux 4.15.0-162-generic #170-Ubuntu SMP Mon Oct 18 11:38:05 UTC 2021 x86_64,mode=power,1,1,1,0,0,no_cal_date,YOKOGAWA;WT310E;C2XF16030V;F1.04'
ptd-server 2022-02-18 19:51:10,174 [INFO] Connected to PTDaemon
ptd-server 2022-02-18 19:51:10,174 [INFO] Sending to ptd: 'RR'
ptd-server 2022-02-18 19:51:10,174 [INFO] Reply from ptd: 'Ranges,1,2.000000,1,150.000000'
ptd-server 2022-02-18 19:51:10,175 [INFO] Initial range for Amps is Auto for Volts is Auto
ptd-server 2022-02-18 19:51:10,175 [INFO] Sending to ptd: 'SR,V,Auto'
ptd-server 2022-02-18 19:51:10,677 [INFO] Reply from ptd: 'Range V changed'
ptd-server 2022-02-18 19:51:10,677 [INFO] Sending to ptd: 'SR,A,Auto'
ptd-server 2022-02-18 19:51:11,179 [INFO] Reply from ptd: 'Range A changed'
ptd-server 2022-02-18 19:51:21,184 [INFO] Starting ranging mode
ptd-server 2022-02-18 19:51:21,184 [INFO] Sending to ptd: 'Go,1000,0,2022-02-18_19-50-53_ranging'
ptd-server 2022-02-18 19:51:21,184 [INFO] Reply from ptd: 'Starting untimed measurement, maximum 500000 samples at 1000ms with 0 rampup samples'
ptd-server 2022-02-18 19:51:21,184 [INFO] Sending reply to client 'OK'
ptd-server 2022-02-18 20:05:28,903 [INFO] Got command from the client 'session,2022-02-18_19-50-53,stop,ranging'
ptd-server 2022-02-18 20:05:38,905 [INFO] Sending to ptd: 'Stop'
ptd-server 2022-02-18 20:05:38,906 [INFO] Reply from ptd: 'Stopping untimed measurement'
ptd-server 2022-02-18 20:05:39,068 [INFO] Sending reply to client 'OK'
ptd-server 2022-02-18 20:05:39,189 [INFO] Got command from the client 'time'
ptd-server 2022-02-18 20:05:39,189 [INFO] Sending reply to client '1645236339.1899874'
ptd-server 2022-02-18 20:05:39,190 [INFO] Got command from the client 'session,2022-02-18_19-50-53,start,testing'
ptd-server 2022-02-18 20:05:39,190 [INFO] Sending to ptd: 'SR,V,121.460000'
ptd-server 2022-02-18 20:05:40,691 [INFO] Reply from ptd: 'Range V changed'
ptd-server 2022-02-18 20:05:40,691 [INFO] Sending to ptd: 'SR,A,3.505800'
ptd-server 2022-02-18 20:05:42,192 [INFO] Reply from ptd: 'Range A changed'
ptd-server 2022-02-18 20:05:52,202 [INFO] Starting testing mode
ptd-server 2022-02-18 20:05:52,202 [INFO] Sending to ptd: 'Go,1000,0,2022-02-18_19-50-53_testing'
ptd-server 2022-02-18 20:05:52,202 [INFO] Reply from ptd: 'Starting untimed measurement, maximum 500000 samples at 1000ms with 0 rampup samples'
ptd-server 2022-02-18 20:05:52,202 [INFO] Sending reply to client 'OK'
ptd-server 2022-02-18 20:20:00,215 [INFO] Got command from the client 'session,2022-02-18_19-50-53,stop,testing'
ptd-server 2022-02-18 20:20:10,225 [INFO] Sending to ptd: 'Stop'
ptd-server 2022-02-18 20:20:10,226 [INFO] Reply from ptd: 'Stopping untimed measurement'
ptd-server 2022-02-18 20:20:10,305 [INFO] Sending reply to client 'OK'
ptd-server 2022-02-18 20:20:10,311 [INFO] Got command from the client 'session,2022-02-18_19-50-53,done'
ptd-server 2022-02-18 20:20:10,311 [INFO] Sending to ptd: 'Stop'
ptd-server 2022-02-18 20:20:11,202 [INFO] Reply from ptd: 'Error: no measurement to stop'
ptd-server 2022-02-18 20:20:11,202 [INFO] Sending to ptd: 'SR,V,Auto'
ptd-server 2022-02-18 20:20:11,704 [INFO] Reply from ptd: 'Range V changed'
ptd-server 2022-02-18 20:20:11,704 [INFO] Sending to ptd: 'SR,A,Auto'
ptd-server 2022-02-18 20:20:12,206 [INFO] Reply from ptd: 'Range A changed'
ptd-server 2022-02-18 20:20:12,206 [INFO] Set initial values for Amps Auto and Volts Auto
ptd-server 2022-02-18 20:20:12,206 [INFO] Stopping ptd...
