ptd-server 2022-02-14 23:15:21,969 [INFO] Got command from the client 'time'
ptd-server 2022-02-14 23:15:21,969 [INFO] Sending reply to client '1644880521.9691725'
ptd-server 2022-02-14 23:15:21,971 [INFO] Got command from the client 'new,,4b252e61-5db8-4837-8a90-1385ab817f10'
ptd-server 2022-02-14 23:15:21,972 [INFO] Sending reply to client 'OK 2022-02-14_23-15-21,74161443-ea32-4947-8c57-4547bd330b32'
ptd-server 2022-02-14 23:15:22,018 [INFO] Got command from the client 'time'
ptd-server 2022-02-14 23:15:22,018 [INFO] Sending reply to client '1644880522.0183947'
ptd-server 2022-02-14 23:15:22,020 [INFO] Got command from the client 'session,2022-02-14_23-15-21,start,ranging'
ptd-server 2022-02-14 23:15:22,021 [INFO] Running PTDaemon: ['/home/anton/projects/mlperf/power/inference_v1.0/ptd-linux-x86', '-l', '/tmp/tmpxvec0g6h/ptd_logfile.txt', '-p', '8888', '49', '/dev/usbtmc0']
ptd-server 2022-02-14 23:15:39,194 [INFO] Sending to ptd: 'Hello'
ptd-server 2022-02-14 23:15:39,194 [INFO] Reply from ptd: 'Hello, PTDaemon here!'
ptd-server 2022-02-14 23:15:39,194 [INFO] Sending to ptd: 'Identify'
ptd-server 2022-02-14 23:15:39,195 [INFO] Reply from ptd: 'YokogawaWT310E,1000,1,1,1,1,0,1,1,version=1.9.2-e8c7a49a-20201208,OS=Linux 5.13.0-27-generic #29~20.04.1-Ubuntu SMP Fri Jan 14 00:32:30 UTC 2022 x86_64,mode=power,1,1,1,0,0,no_cal_date,YOKOGAWA;WT310E;C3XA04010E;F1.04'
ptd-server 2022-02-14 23:15:39,195 [INFO] Connected to PTDaemon
ptd-server 2022-02-14 23:15:39,195 [INFO] Sending to ptd: 'RR'
ptd-server 2022-02-14 23:15:39,195 [INFO] Reply from ptd: 'Ranges,0,0.500000,0,300.000000'
ptd-server 2022-02-14 23:15:39,196 [INFO] Initial range for Amps is 0.500000 for Volts is 300.000000
ptd-server 2022-02-14 23:15:39,196 [INFO] Sending to ptd: 'SR,V,Auto'
ptd-server 2022-02-14 23:15:39,698 [INFO] Reply from ptd: 'Range V changed'
ptd-server 2022-02-14 23:15:39,698 [INFO] Sending to ptd: 'SR,A,Auto'
ptd-server 2022-02-14 23:15:40,201 [INFO] Reply from ptd: 'Range A changed'
ptd-server 2022-02-14 23:15:50,211 [INFO] Starting ranging mode
ptd-server 2022-02-14 23:15:50,211 [INFO] Sending to ptd: 'Go,1000,0,2022-02-14_23-15-21_ranging'
ptd-server 2022-02-14 23:15:50,212 [INFO] Reply from ptd: 'Starting untimed measurement, maximum 500000 samples at 1000ms with 0 rampup samples'
ptd-server 2022-02-14 23:15:50,212 [INFO] Sending reply to client 'OK'
ptd-server 2022-02-14 23:26:09,478 [INFO] Got command from the client 'session,2022-02-14_23-15-21,stop,ranging'
ptd-server 2022-02-14 23:26:19,489 [INFO] Sending to ptd: 'Stop'
ptd-server 2022-02-14 23:26:19,489 [INFO] Reply from ptd: 'Stopping untimed measurement'
ptd-server 2022-02-14 23:26:20,284 [INFO] Sending reply to client 'OK'
ptd-server 2022-02-14 23:26:20,346 [INFO] Got command from the client 'time'
ptd-server 2022-02-14 23:26:20,346 [INFO] Sending reply to client '1644881180.346412'
ptd-server 2022-02-14 23:26:20,348 [INFO] Got command from the client 'session,2022-02-14_23-15-21,start,testing'
ptd-server 2022-02-14 23:26:20,348 [INFO] Sending to ptd: 'SR,V,251.230000'
ptd-server 2022-02-14 23:26:21,850 [INFO] Reply from ptd: 'Range V changed'
ptd-server 2022-02-14 23:26:21,850 [INFO] Sending to ptd: 'SR,A,0.178250'
ptd-server 2022-02-14 23:26:23,351 [INFO] Reply from ptd: 'Range A changed'
ptd-server 2022-02-14 23:26:33,362 [INFO] Starting testing mode
ptd-server 2022-02-14 23:26:33,362 [INFO] Sending to ptd: 'Go,1000,0,2022-02-14_23-15-21_testing'
ptd-server 2022-02-14 23:26:33,362 [INFO] Reply from ptd: 'Starting untimed measurement, maximum 500000 samples at 1000ms with 0 rampup samples'
ptd-server 2022-02-14 23:26:33,362 [INFO] Sending reply to client 'OK'
ptd-server 2022-02-14 23:36:52,772 [INFO] Got command from the client 'session,2022-02-14_23-15-21,stop,testing'
ptd-server 2022-02-14 23:37:02,782 [INFO] Sending to ptd: 'Stop'
ptd-server 2022-02-14 23:37:02,783 [INFO] Reply from ptd: 'Stopping untimed measurement'
ptd-server 2022-02-14 23:37:03,182 [INFO] Sending reply to client 'OK'
ptd-server 2022-02-14 23:37:03,201 [INFO] Got command from the client 'session,2022-02-14_23-15-21,done'
ptd-server 2022-02-14 23:37:03,201 [INFO] Sending to ptd: 'Stop'
ptd-server 2022-02-14 23:37:03,363 [INFO] Reply from ptd: 'Error: no measurement to stop'
ptd-server 2022-02-14 23:37:03,363 [INFO] Sending to ptd: 'SR,V,300.000000'
ptd-server 2022-02-14 23:37:04,864 [INFO] Reply from ptd: 'Range V changed'
ptd-server 2022-02-14 23:37:04,864 [INFO] Sending to ptd: 'SR,A,0.500000'
ptd-server 2022-02-14 23:37:06,366 [INFO] Reply from ptd: 'Range A changed'
ptd-server 2022-02-14 23:37:06,366 [INFO] Set initial values for Amps 0.500000 and Volts 300.000000
ptd-server 2022-02-14 23:37:06,366 [INFO] Stopping ptd...
