ptd-server 2022-02-21 04:32:49,438 [INFO] Got command from the client 'stop'
ptd-server 2022-02-21 04:32:49,438 [INFO] The server will be stopped after processing this client
ptd-server 2022-02-21 04:32:49,439 [INFO] Sending reply to client 'OK'
ptd-server 2022-02-21 04:32:49,541 [INFO] Got command from the client 'time'
ptd-server 2022-02-21 04:32:49,542 [INFO] Sending reply to client '1645417969.542793'
ptd-server 2022-02-21 04:32:49,543 [INFO] Got command from the client 'new,,17d77f0f-3aa0-4eb7-a7bb-96ab0dcdc810'
ptd-server 2022-02-21 04:32:49,543 [INFO] Sending reply to client 'OK 2022-02-21_04-32-49,5b8f0fa7-2c1c-4ea9-aa77-75b79c5ebe26'
ptd-server 2022-02-21 04:32:49,651 [INFO] Got command from the client 'time'
ptd-server 2022-02-21 04:32:49,651 [INFO] Sending reply to client '1645417969.6517947'
ptd-server 2022-02-21 04:32:49,652 [INFO] Got command from the client 'session,2022-02-21_04-32-49,start,ranging'
ptd-server 2022-02-21 04:32:49,762 [INFO] Running PTDaemon: ['C:\\PTD\\ptd-windows-x86.exe', '-l', 'C:\\Users\\mlperf\\AppData\\Local\\Temp\\tmptk_i8yeu\\ptd_logfile.txt', '-p', '8888', '49', 'COM4']
ptd-server 2022-02-21 04:33:09,064 [INFO] Sending to ptd: 'Hello'
ptd-server 2022-02-21 04:33:09,069 [INFO] Reply from ptd: 'Hello, PTDaemon here!'
ptd-server 2022-02-21 04:33:09,070 [INFO] Sending to ptd: 'Identify'
ptd-server 2022-02-21 04:33:09,071 [INFO] Reply from ptd: 'YokogawaWT310E,1000,1,1,1,1,0,1,1,version=1.9.2-3976349f-20201208,OS=Windows 8 / Server 2012,mode=power,1,1,1,0,0,no_cal_date,YOKOGAWA;WT310E;C3TA11005E;F1.02'
ptd-server 2022-02-21 04:33:09,071 [INFO] Connected to PTDaemon
ptd-server 2022-02-21 04:33:09,071 [INFO] Sending to ptd: 'RR'
ptd-server 2022-02-21 04:33:09,072 [INFO] Reply from ptd: 'Ranges,0,10.000000,0,300.000000'
ptd-server 2022-02-21 04:33:09,072 [INFO] Initial range for Amps is 10.000000 for Volts is 300.000000
ptd-server 2022-02-21 04:33:09,073 [INFO] Sending to ptd: 'SR,V,Auto'
ptd-server 2022-02-21 04:33:09,640 [INFO] Reply from ptd: 'Range V changed'
ptd-server 2022-02-21 04:33:09,641 [INFO] Sending to ptd: 'SR,A,Auto'
ptd-server 2022-02-21 04:33:10,220 [INFO] Reply from ptd: 'Range A changed'
ptd-server 2022-02-21 04:33:20,227 [INFO] Starting ranging mode
ptd-server 2022-02-21 04:33:20,231 [INFO] Sending to ptd: 'Go,1000,0,2022-02-21_04-32-49_ranging'
ptd-server 2022-02-21 04:33:20,231 [INFO] Reply from ptd: 'Starting untimed measurement, maximum 500000 samples at 1000ms with 0 rampup samples'
ptd-server 2022-02-21 04:33:20,233 [INFO] Sending reply to client 'OK'
ptd-server 2022-02-21 04:45:30,827 [INFO] Got command from the client 'session,2022-02-21_04-32-49,stop,ranging'
ptd-server 2022-02-21 04:45:40,831 [INFO] Sending to ptd: 'Stop'
ptd-server 2022-02-21 04:45:40,831 [INFO] Reply from ptd: 'Stopping untimed measurement'
ptd-server 2022-02-21 04:45:40,847 [INFO] Sending reply to client 'OK'
ptd-server 2022-02-21 04:45:41,150 [INFO] Got command from the client 'time'
ptd-server 2022-02-21 04:45:41,155 [INFO] Sending reply to client '1645418741.1554093'
ptd-server 2022-02-21 04:45:41,156 [INFO] Got command from the client 'session,2022-02-21_04-32-49,start,testing'
ptd-server 2022-02-21 04:45:41,156 [INFO] Sending to ptd: 'SR,V,218.750000'
ptd-server 2022-02-21 04:45:42,829 [INFO] Reply from ptd: 'Range V changed'
ptd-server 2022-02-21 04:45:42,830 [INFO] Sending to ptd: 'SR,A,3.486300'
ptd-server 2022-02-21 04:45:44,411 [INFO] Reply from ptd: 'Range A changed'
ptd-server 2022-02-21 04:45:54,422 [INFO] Starting testing mode
ptd-server 2022-02-21 04:45:54,422 [INFO] Sending to ptd: 'Go,1000,0,2022-02-21_04-32-49_testing'
ptd-server 2022-02-21 04:45:54,422 [INFO] Reply from ptd: 'Starting untimed measurement, maximum 500000 samples at 1000ms with 0 rampup samples'
ptd-server 2022-02-21 04:45:54,423 [INFO] Sending reply to client 'OK'
ptd-server 2022-02-21 04:58:06,363 [INFO] Got command from the client 'session,2022-02-21_04-32-49,stop,testing'
ptd-server 2022-02-21 04:58:16,381 [INFO] Sending to ptd: 'Stop'
ptd-server 2022-02-21 04:58:16,386 [INFO] Reply from ptd: 'Stopping untimed measurement'
ptd-server 2022-02-21 04:58:16,397 [INFO] Sending reply to client 'OK'
ptd-server 2022-02-21 04:58:16,404 [INFO] Got command from the client 'session,2022-02-21_04-32-49,done'
ptd-server 2022-02-21 04:58:16,405 [INFO] Sending to ptd: 'Stop'
ptd-server 2022-02-21 04:58:16,427 [INFO] Reply from ptd: 'Error: no measurement to stop'
ptd-server 2022-02-21 04:58:16,427 [INFO] Sending to ptd: 'SR,V,300.000000'
ptd-server 2022-02-21 04:58:18,014 [INFO] Reply from ptd: 'Range V changed'
ptd-server 2022-02-21 04:58:18,014 [INFO] Sending to ptd: 'SR,A,10.000000'
ptd-server 2022-02-21 04:58:19,596 [INFO] Reply from ptd: 'Range A changed'
ptd-server 2022-02-21 04:58:19,601 [INFO] Set initial values for Amps 10.000000 and Volts 300.000000
ptd-server 2022-02-21 04:58:19,602 [INFO] Stopping ptd...
