ptd-server 2022-02-19 06:42:46,367 [INFO] Got command from the client 'time'
ptd-server 2022-02-19 06:42:46,367 [INFO] Sending reply to client '1645252966.3672457'
ptd-server 2022-02-19 06:42:46,368 [INFO] Got command from the client 'new,,fc6461b1-5813-445f-8826-52fefe2e8ca4'
ptd-server 2022-02-19 06:42:46,368 [INFO] Sending reply to client 'OK 2022-02-19_06-42-46,511c9599-df17-4536-9d41-12934fe4b22a'
ptd-server 2022-02-19 06:42:46,407 [INFO] Got command from the client 'time'
ptd-server 2022-02-19 06:42:46,407 [INFO] Sending reply to client '1645252966.4071877'
ptd-server 2022-02-19 06:42:46,408 [INFO] Got command from the client 'session,2022-02-19_06-42-46,start,ranging'
ptd-server 2022-02-19 06:42:46,408 [INFO] Running PTDaemon: ['/home/anton/projects/mlperf/power/inference_v1.0/ptd-linux-x86', '-l', '/tmp/tmpgldyt7rr/ptd_logfile.txt', '-p', '8888', '49', '/dev/usbtmc0']
ptd-server 2022-02-19 06:43:03,581 [INFO] Sending to ptd: 'Hello'
ptd-server 2022-02-19 06:43:03,582 [INFO] Reply from ptd: 'Hello, PTDaemon here!'
ptd-server 2022-02-19 06:43:03,582 [INFO] Sending to ptd: 'Identify'
ptd-server 2022-02-19 06:43:03,582 [INFO] Reply from ptd: 'YokogawaWT310E,1000,1,1,1,1,0,1,1,version=1.9.2-e8c7a49a-20201208,OS=Linux 5.13.0-28-generic #31~20.04.1-Ubuntu SMP Wed Jan 19 14:08:10 UTC 2022 x86_64,mode=power,1,1,1,0,0,no_cal_date,YOKOGAWA;WT310E;C3XA04010E;F1.04'
ptd-server 2022-02-19 06:43:03,583 [INFO] Connected to PTDaemon
ptd-server 2022-02-19 06:43:03,583 [INFO] Sending to ptd: 'RR'
ptd-server 2022-02-19 06:43:03,583 [INFO] Reply from ptd: 'Ranges,0,0.500000,0,300.000000'
ptd-server 2022-02-19 06:43:03,583 [INFO] Initial range for Amps is 0.500000 for Volts is 300.000000
ptd-server 2022-02-19 06:43:03,584 [INFO] Sending to ptd: 'SR,V,Auto'
ptd-server 2022-02-19 06:43:04,086 [INFO] Reply from ptd: 'Range V changed'
ptd-server 2022-02-19 06:43:04,086 [INFO] Sending to ptd: 'SR,A,Auto'
ptd-server 2022-02-19 06:43:04,589 [INFO] Reply from ptd: 'Range A changed'
ptd-server 2022-02-19 06:43:14,599 [INFO] Starting ranging mode
ptd-server 2022-02-19 06:43:14,599 [INFO] Sending to ptd: 'Go,1000,0,2022-02-19_06-42-46_ranging'
ptd-server 2022-02-19 06:43:14,600 [INFO] Reply from ptd: 'Starting untimed measurement, maximum 500000 samples at 1000ms with 0 rampup samples'
ptd-server 2022-02-19 06:43:14,600 [INFO] Sending reply to client 'OK'
ptd-server 2022-02-19 06:53:53,160 [INFO] Got command from the client 'session,2022-02-19_06-42-46,stop,ranging'
ptd-server 2022-02-19 06:54:03,171 [INFO] Sending to ptd: 'Stop'
ptd-server 2022-02-19 06:54:03,171 [INFO] Reply from ptd: 'Stopping untimed measurement'
ptd-server 2022-02-19 06:54:03,484 [INFO] Sending reply to client 'OK'
ptd-server 2022-02-19 06:54:03,557 [INFO] Got command from the client 'time'
ptd-server 2022-02-19 06:54:03,557 [INFO] Sending reply to client '1645253643.5571845'
ptd-server 2022-02-19 06:54:03,558 [INFO] Got command from the client 'session,2022-02-19_06-42-46,start,testing'
ptd-server 2022-02-19 06:54:03,558 [INFO] Sending to ptd: 'SR,V,248.360000'
ptd-server 2022-02-19 06:54:05,101 [INFO] Reply from ptd: 'Range V changed'
ptd-server 2022-02-19 06:54:05,102 [INFO] Sending to ptd: 'SR,A,0.043650'
ptd-server 2022-02-19 06:54:06,603 [INFO] Reply from ptd: 'Range A changed'
ptd-server 2022-02-19 06:54:16,613 [INFO] Starting testing mode
ptd-server 2022-02-19 06:54:16,613 [INFO] Sending to ptd: 'Go,1000,0,2022-02-19_06-42-46_testing'
ptd-server 2022-02-19 06:54:16,614 [INFO] Reply from ptd: 'Starting untimed measurement, maximum 500000 samples at 1000ms with 0 rampup samples'
ptd-server 2022-02-19 06:54:16,614 [INFO] Sending reply to client 'OK'
ptd-server 2022-02-19 07:04:56,238 [INFO] Got command from the client 'session,2022-02-19_06-42-46,stop,testing'
ptd-server 2022-02-19 07:05:06,248 [INFO] Sending to ptd: 'Stop'
ptd-server 2022-02-19 07:05:06,249 [INFO] Reply from ptd: 'Stopping untimed measurement'
ptd-server 2022-02-19 07:05:06,427 [INFO] Sending reply to client 'OK'
ptd-server 2022-02-19 07:05:06,446 [INFO] Got command from the client 'session,2022-02-19_06-42-46,done'
ptd-server 2022-02-19 07:05:06,446 [INFO] Sending to ptd: 'Stop'
ptd-server 2022-02-19 07:05:06,614 [INFO] Reply from ptd: 'Error: no measurement to stop'
ptd-server 2022-02-19 07:05:06,614 [INFO] Sending to ptd: 'SR,V,300.000000'
ptd-server 2022-02-19 07:05:08,116 [INFO] Reply from ptd: 'Range V changed'
ptd-server 2022-02-19 07:05:08,116 [INFO] Sending to ptd: 'SR,A,0.500000'
ptd-server 2022-02-19 07:05:09,617 [INFO] Reply from ptd: 'Range A changed'
ptd-server 2022-02-19 07:05:09,618 [INFO] Set initial values for Amps 0.500000 and Volts 300.000000
ptd-server 2022-02-19 07:05:09,618 [INFO] Stopping ptd...
