client 2022-02-22 11:15:01,239 [INFO] Sending command to the server: 'mlcommons/power client v3'
client 2022-02-22 11:15:01,240 [INFO] Got response: 'mlcommons/power server v3'
client 2022-02-22 11:15:01,240 [INFO] Sending command to the server: 'stop'
client 2022-02-22 11:15:01,242 [INFO] Got response: 'OK'
client 2022-02-22 11:15:01,242 [INFO] Synchronizing with the server and with ntp.aliyun.com...
client 2022-02-22 11:15:01,491 [INFO] NTP:offset = 0.045 s, delay = 0.023 s 
client 2022-02-22 11:15:01,491 [INFO] Sending command to the server: 'time'
client 2022-02-22 11:15:01,492 [INFO] Got response: '1645528501.5355756'
client 2022-02-22 11:15:01,493 [INFO] The time difference between the client and the server is within range -44.181 ms..-42.489 ms
client 2022-02-22 11:15:01,493 [INFO] Sending command to the server: 'new,,97fb1b7a-b420-445a-bde2-32bdb7165970'
client 2022-02-22 11:15:01,494 [INFO] Got response: 'OK 2022-02-22_11-15-01,0ac93d35-094a-4a71-b9d9-657d7be8d93b'
client 2022-02-22 11:15:01,494 [INFO] Session id is '2022-02-22_11-15-01'
client 2022-02-22 11:15:01,494 [INFO] Sources: {"sources": {"__init__.py": "da39a3ee5e6b4b0d3255bfef95601890afd80709", "client.py": "33ca4f26368777ac06e01f9567b714a4b8063886", "lib/__init__.py": "da39a3ee5e6b4b0d3255bfef95601890afd80709", "lib/client.py": "4c2b78fb4849a7e5b584ef792d82aaed20b17f57", "lib/common.py": "624d0c0acc7c39aaff3674f0b99d6a09da53d1dc", "lib/external/__init__.py": "da39a3ee5e6b4b0d3255bfef95601890afd80709", "lib/external/ntplib.py": "4da8f970656505a40483206ef2b5d3dd5e81711d", "lib/server.py": "59c9fb92908260d3e9f81a895c7aa009742275e4", "lib/source_hashes.py": "60a2e02193209e8d392803326208d5466342da18", "lib/summary.py": "aa92f0a3f975eecd44d3c0cd0236342ccc9f941d", "lib/time_sync.py": "3210db56eb0ff0df57bf4293dc4d4b03fffd46f1", "server.py": "c3f90f2f7eeb4db30727556d0c815ebc89b3d28b", "tests/unit/__init__.py": "da39a3ee5e6b4b0d3255bfef95601890afd80709", "tests/unit/test_server.py": "99ae15aef722f2000ee6ed1ae1523637bf1ae42b", "tests/unit/test_source_hashes.py": "00468a2907583c593e6574a1f6b404e4651c221a"}, "modules": {"ptd_client_server.lib.client": "lib/client.py", "ptd_client_server.lib.common": "lib/common.py", "ptd_client_server.lib.external.ntplib": "lib/external/ntplib.py", "ptd_client_server.lib.source_hashes": "lib/source_hashes.py", "ptd_client_server.lib.summary": "lib/summary.py", "ptd_client_server.lib.time_sync": "lib/time_sync.py"}}
client 2022-02-22 11:15:01,495 [INFO] Running workload in ranging mode
client 2022-02-22 11:15:01,495 [INFO] Synchronizing with the server and with ntp.aliyun.com...
client 2022-02-22 11:15:01,599 [INFO] NTP:offset = 0.044 s, delay = 0.024 s 
client 2022-02-22 11:15:01,599 [INFO] Sending command to the server: 'time'
client 2022-02-22 11:15:01,600 [INFO] Got response: '1645528501.6429362'
client 2022-02-22 11:15:01,600 [INFO] The time difference between the client and the server is within range -43.494 ms..-42.140 ms
client 2022-02-22 11:15:01,600 [INFO] Sending command to the server: 'session,2022-02-22_11-15-01,start,ranging'
client 2022-02-22 11:15:32,188 [INFO] Got response: 'OK'
client 2022-02-22 11:15:32,189 [INFO] Running the workload 'LOG_DIR=/work/build/power_logs_temp python3 code/main.py --benchmarks=ssd-mobilenet --scenarios=SingleStream --config_ver=maxq --test_mode=PerformanceOnly --action="run_harness" \\\n\t\t2>&1 | tee -a /work/build/power_logs/2022.02.22-11.14.51/stdout.txt \\\n\t\t&& if [ ! -d /work/build/power_logs/2022.02.22-11.14.51/ranging_tmp ]; \\\n\t\t\tthen mkdir /work/build/power_logs/2022.02.22-11.14.51/ranging_tmp \\\n\t\t\t\t&& mv /work/build/power_logs_temp/* /work/build/power_logs/2022.02.22-11.14.51/ranging_tmp/ \\\n\t\t\t\t&& cp -v /work/build/power_logs/2022.02.22-11.14.51/ranging_tmp/*/*/*/mlperf_log_detail.txt /work/build/power_logs_temp/ \\\n\t\t\t\t&& cp -v /work/build/power_logs/2022.02.22-11.14.51/ranging_tmp/*/*/*/mlperf_log_summary.txt /work/build/power_logs_temp/; \\\n\t\t\telse mkdir /work/build/power_logs/2022.02.22-11.14.51/testing_tmp \\\n\t\t\t\t&& mv /work/build/power_logs_temp/* /work/build/power_logs/2022.02.22-11.14.51/testing_tmp/ \\\n\t\t\t\t&& cp -v /work/build/power_logs/2022.02.22-11.14.51/testing_tmp/*/*/*/mlperf_log_detail.txt /work/build/power_logs_temp/ \\\n\t\t\t\t&& cp -v /work/build/power_logs/2022.02.22-11.14.51/testing_tmp/*/*/*/mlperf_log_summary.txt /work/build/power_logs_temp/; fi'
client 2022-02-22 11:25:49,505 [INFO] Sending command to the server: 'session,2022-02-22_11-15-01,stop,ranging'
client 2022-02-22 11:25:59,539 [INFO] Got response: 'OK'
client 2022-02-22 11:25:59,548 [INFO] Copying loadgen logs from '/work/build/power_logs_temp' to '/work/build/power_logs/2022.02.22-11.14.51/2022-02-22_11-15-01/ranging'
client 2022-02-22 11:25:59,549 [INFO] Running workload in testing mode
client 2022-02-22 11:25:59,549 [INFO] Synchronizing with the server and with ntp.aliyun.com...
client 2022-02-22 11:25:59,734 [INFO] NTP:offset = 0.041 s, delay = 0.018 s 
client 2022-02-22 11:25:59,734 [INFO] Sending command to the server: 'time'
client 2022-02-22 11:25:59,736 [INFO] Got response: '1645529159.7729242'
client 2022-02-22 11:25:59,736 [INFO] The time difference between the client and the server is within range -38.688 ms..-36.389 ms
client 2022-02-22 11:25:59,736 [INFO] Sending command to the server: 'session,2022-02-22_11-15-01,start,testing'
client 2022-02-22 11:26:13,377 [INFO] Got response: 'OK'
client 2022-02-22 11:26:13,378 [INFO] Running the workload 'LOG_DIR=/work/build/power_logs_temp python3 code/main.py --benchmarks=ssd-mobilenet --scenarios=SingleStream --config_ver=maxq --test_mode=PerformanceOnly --action="run_harness" \\\n\t\t2>&1 | tee -a /work/build/power_logs/2022.02.22-11.14.51/stdout.txt \\\n\t\t&& if [ ! -d /work/build/power_logs/2022.02.22-11.14.51/ranging_tmp ]; \\\n\t\t\tthen mkdir /work/build/power_logs/2022.02.22-11.14.51/ranging_tmp \\\n\t\t\t\t&& mv /work/build/power_logs_temp/* /work/build/power_logs/2022.02.22-11.14.51/ranging_tmp/ \\\n\t\t\t\t&& cp -v /work/build/power_logs/2022.02.22-11.14.51/ranging_tmp/*/*/*/mlperf_log_detail.txt /work/build/power_logs_temp/ \\\n\t\t\t\t&& cp -v /work/build/power_logs/2022.02.22-11.14.51/ranging_tmp/*/*/*/mlperf_log_summary.txt /work/build/power_logs_temp/; \\\n\t\t\telse mkdir /work/build/power_logs/2022.02.22-11.14.51/testing_tmp \\\n\t\t\t\t&& mv /work/build/power_logs_temp/* /work/build/power_logs/2022.02.22-11.14.51/testing_tmp/ \\\n\t\t\t\t&& cp -v /work/build/power_logs/2022.02.22-11.14.51/testing_tmp/*/*/*/mlperf_log_detail.txt /work/build/power_logs_temp/ \\\n\t\t\t\t&& cp -v /work/build/power_logs/2022.02.22-11.14.51/testing_tmp/*/*/*/mlperf_log_summary.txt /work/build/power_logs_temp/; fi'
client 2022-02-22 11:36:31,629 [INFO] Sending command to the server: 'session,2022-02-22_11-15-01,stop,testing'
client 2022-02-22 11:36:41,655 [INFO] Got response: 'OK'
client 2022-02-22 11:36:41,657 [INFO] Copying loadgen logs from '/work/build/power_logs_temp' to '/work/build/power_logs/2022.02.22-11.14.51/2022-02-22_11-15-01/run_1'
client 2022-02-22 11:36:41,658 [INFO] Done runs
