ptd-server 2022-02-14 07:55:09,818 [INFO] Got command from the client 'time'
ptd-server 2022-02-14 07:55:09,818 [INFO] Sending reply to client '1644825309.8189428'
ptd-server 2022-02-14 07:55:09,821 [INFO] Got command from the client 'new,,19754dac-eb57-4312-b809-2febd76488d9'
ptd-server 2022-02-14 07:55:09,821 [INFO] Sending reply to client 'OK 2022-02-14_07-55-09,8e061da9-cf6e-479a-8f1f-a71c7f160159'
ptd-server 2022-02-14 07:55:09,868 [INFO] Got command from the client 'time'
ptd-server 2022-02-14 07:55:09,868 [INFO] Sending reply to client '1644825309.8682597'
ptd-server 2022-02-14 07:55:09,870 [INFO] Got command from the client 'session,2022-02-14_07-55-09,start,ranging'
ptd-server 2022-02-14 07:55:09,870 [INFO] Running PTDaemon: ['/home/anton/projects/mlperf/power/inference_v1.0/ptd-linux-x86', '-l', '/tmp/tmpxvec0g6h/ptd_logfile.txt', '-p', '8888', '49', '/dev/usbtmc0']
ptd-server 2022-02-14 07:55:27,045 [INFO] Sending to ptd: 'Hello'
ptd-server 2022-02-14 07:55:27,046 [INFO] Reply from ptd: 'Hello, PTDaemon here!'
ptd-server 2022-02-14 07:55:27,046 [INFO] Sending to ptd: 'Identify'
ptd-server 2022-02-14 07:55:27,046 [INFO] Reply from ptd: 'YokogawaWT310E,1000,1,1,1,1,0,1,1,version=1.9.2-e8c7a49a-20201208,OS=Linux 5.13.0-27-generic #29~20.04.1-Ubuntu SMP Fri Jan 14 00:32:30 UTC 2022 x86_64,mode=power,1,1,1,0,0,no_cal_date,YOKOGAWA;WT310E;C3XA04010E;F1.04'
ptd-server 2022-02-14 07:55:27,046 [INFO] Connected to PTDaemon
ptd-server 2022-02-14 07:55:27,046 [INFO] Sending to ptd: 'RR'
ptd-server 2022-02-14 07:55:27,047 [INFO] Reply from ptd: 'Ranges,0,0.500000,0,300.000000'
ptd-server 2022-02-14 07:55:27,047 [INFO] Initial range for Amps is 0.500000 for Volts is 300.000000
ptd-server 2022-02-14 07:55:27,047 [INFO] Sending to ptd: 'SR,V,Auto'
ptd-server 2022-02-14 07:55:27,549 [INFO] Reply from ptd: 'Range V changed'
ptd-server 2022-02-14 07:55:27,550 [INFO] Sending to ptd: 'SR,A,Auto'
ptd-server 2022-02-14 07:55:28,052 [INFO] Reply from ptd: 'Range A changed'
ptd-server 2022-02-14 07:55:38,062 [INFO] Starting ranging mode
ptd-server 2022-02-14 07:55:38,063 [INFO] Sending to ptd: 'Go,1000,0,2022-02-14_07-55-09_ranging'
ptd-server 2022-02-14 07:55:38,063 [INFO] Reply from ptd: 'Starting untimed measurement, maximum 500000 samples at 1000ms with 0 rampup samples'
ptd-server 2022-02-14 07:55:38,063 [INFO] Sending reply to client 'OK'
ptd-server 2022-02-14 08:05:54,128 [INFO] Got command from the client 'session,2022-02-14_07-55-09,stop,ranging'
ptd-server 2022-02-14 08:06:04,139 [INFO] Sending to ptd: 'Stop'
ptd-server 2022-02-14 08:06:04,139 [INFO] Reply from ptd: 'Stopping untimed measurement'
ptd-server 2022-02-14 08:06:04,842 [INFO] Sending reply to client 'OK'
ptd-server 2022-02-14 08:06:04,906 [INFO] Got command from the client 'time'
ptd-server 2022-02-14 08:06:04,906 [INFO] Sending reply to client '1644825964.9062414'
ptd-server 2022-02-14 08:06:04,908 [INFO] Got command from the client 'session,2022-02-14_07-55-09,start,testing'
ptd-server 2022-02-14 08:06:04,908 [INFO] Sending to ptd: 'SR,V,248.800000'
ptd-server 2022-02-14 08:06:06,565 [INFO] Reply from ptd: 'Range V changed'
ptd-server 2022-02-14 08:06:06,565 [INFO] Sending to ptd: 'SR,A,0.156630'
ptd-server 2022-02-14 08:06:08,066 [INFO] Reply from ptd: 'Range A changed'
ptd-server 2022-02-14 08:06:18,076 [INFO] Starting testing mode
ptd-server 2022-02-14 08:06:18,077 [INFO] Sending to ptd: 'Go,1000,0,2022-02-14_07-55-09_testing'
ptd-server 2022-02-14 08:06:18,077 [INFO] Reply from ptd: 'Starting untimed measurement, maximum 500000 samples at 1000ms with 0 rampup samples'
ptd-server 2022-02-14 08:06:18,077 [INFO] Sending reply to client 'OK'
ptd-server 2022-02-14 08:16:33,918 [INFO] Got command from the client 'session,2022-02-14_07-55-09,stop,testing'
ptd-server 2022-02-14 08:16:43,928 [INFO] Sending to ptd: 'Stop'
ptd-server 2022-02-14 08:16:43,929 [INFO] Reply from ptd: 'Stopping untimed measurement'
ptd-server 2022-02-14 08:16:44,298 [INFO] Sending reply to client 'OK'
ptd-server 2022-02-14 08:16:44,315 [INFO] Got command from the client 'session,2022-02-14_07-55-09,done'
ptd-server 2022-02-14 08:16:44,315 [INFO] Sending to ptd: 'Stop'
ptd-server 2022-02-14 08:16:44,316 [INFO] Reply from ptd: 'Error: no measurement to stop'
ptd-server 2022-02-14 08:16:44,316 [INFO] Sending to ptd: 'SR,V,300.000000'
ptd-server 2022-02-14 08:16:45,817 [INFO] Reply from ptd: 'Range V changed'
ptd-server 2022-02-14 08:16:45,817 [INFO] Sending to ptd: 'SR,A,0.500000'
ptd-server 2022-02-14 08:16:47,319 [INFO] Reply from ptd: 'Range A changed'
ptd-server 2022-02-14 08:16:47,319 [INFO] Set initial values for Amps 0.500000 and Volts 300.000000
ptd-server 2022-02-14 08:16:47,319 [INFO] Stopping ptd...
