ptd-server 2022-02-20 10:29:43,433 [INFO] Got command from the client 'time'
ptd-server 2022-02-20 10:29:43,433 [INFO] Sending reply to client '1645374583.4336815'
ptd-server 2022-02-20 10:29:43,434 [INFO] Got command from the client 'new,,6bd6b127-b30f-445f-bfd5-096433155829'
ptd-server 2022-02-20 10:29:43,435 [INFO] Sending reply to client 'OK 2022-02-20_10-29-43,2e36cd8d-6867-4d14-a170-870caab4b793'
ptd-server 2022-02-20 10:29:43,543 [INFO] Got command from the client 'time'
ptd-server 2022-02-20 10:29:43,544 [INFO] Sending reply to client '1645374583.5439615'
ptd-server 2022-02-20 10:29:43,544 [INFO] Got command from the client 'session,2022-02-20_10-29-43,start,ranging'
ptd-server 2022-02-20 10:29:43,545 [INFO] Running PTDaemon: ['/local/mnt/workspace/mlcommons/power-main/inference_v1.0/ptd-linux-x86', '-l', '/tmp/tmprkpz3dbq/ptd_logfile.txt', '-p', '8888', '-c', '1,2', '77', '/dev/usbtmc0']
ptd-server 2022-02-20 10:30:01,140 [INFO] Sending to ptd: 'Hello'
ptd-server 2022-02-20 10:30:01,141 [INFO] Reply from ptd: 'Hello, PTDaemon here!'
ptd-server 2022-02-20 10:30:01,141 [INFO] Sending to ptd: 'Identify'
ptd-server 2022-02-20 10:30:01,141 [INFO] Reply from ptd: 'YokogawaWT330_multichannel,1000,1,1,1,1,0,0,1,version=1.9.2-e8c7a49a-20201208,OS=Linux 4.15.0-142-generic #146~16.04.1-Ubuntu SMP Tue Apr 13 09:27:15 UTC 2021 x86_64,mode=power,1,1,2,0,0,no_cal_date,YOKOGAWA;WT333E;C2XC17004V;F1.04'
ptd-server 2022-02-20 10:30:01,141 [INFO] Connected to PTDaemon
ptd-server 2022-02-20 10:30:01,141 [INFO] Sending to ptd: 'RR'
ptd-server 2022-02-20 10:30:01,141 [INFO] Reply from ptd: 'Ranges,-1,-1.000000,-1,-1.000000'
ptd-server 2022-02-20 10:30:01,142 [INFO] Initial range for Amps is Auto for Volts is Auto
ptd-server 2022-02-20 10:30:01,142 [INFO] Sending to ptd: 'SR,V,Auto'
ptd-server 2022-02-20 10:30:06,203 [INFO] Reply from ptd: 'Range V changed'
ptd-server 2022-02-20 10:30:06,203 [INFO] Sending to ptd: 'SR,A,Auto'
ptd-server 2022-02-20 10:30:11,255 [INFO] Reply from ptd: 'Range A changed'
ptd-server 2022-02-20 10:30:21,266 [INFO] Starting ranging mode
ptd-server 2022-02-20 10:30:21,267 [INFO] Sending to ptd: 'Go,1000,0,2022-02-20_10-29-43_ranging'
ptd-server 2022-02-20 10:30:21,267 [INFO] Reply from ptd: 'Starting untimed measurement, maximum 500000 samples at 1000ms with 0 rampup samples'
ptd-server 2022-02-20 10:30:21,268 [INFO] Sending reply to client 'OK'
ptd-server 2022-02-20 10:44:21,977 [INFO] Got command from the client 'session,2022-02-20_10-29-43,stop,ranging'
ptd-server 2022-02-20 10:44:31,987 [INFO] Sending to ptd: 'Stop'
ptd-server 2022-02-20 10:44:31,987 [INFO] Reply from ptd: 'Stopping untimed measurement'
ptd-server 2022-02-20 10:44:32,128 [INFO] Sending reply to client 'OK'
ptd-server 2022-02-20 10:44:32,235 [INFO] Got command from the client 'time'
ptd-server 2022-02-20 10:44:32,236 [INFO] Sending reply to client '1645375472.236022'
ptd-server 2022-02-20 10:44:32,236 [INFO] Got command from the client 'session,2022-02-20_10-29-43,start,testing'
ptd-server 2022-02-20 10:44:32,236 [INFO] Sending to ptd: 'SR,V,210.240000'
ptd-server 2022-02-20 10:44:38,319 [INFO] Reply from ptd: 'Range V changed'
ptd-server 2022-02-20 10:44:38,319 [INFO] Sending to ptd: 'SR,A,3.430400'
ptd-server 2022-02-20 10:44:43,870 [INFO] Reply from ptd: 'Range A changed'
ptd-server 2022-02-20 10:44:53,881 [INFO] Starting testing mode
ptd-server 2022-02-20 10:44:53,882 [INFO] Sending to ptd: 'Go,1000,0,2022-02-20_10-29-43_testing'
ptd-server 2022-02-20 10:44:53,882 [INFO] Reply from ptd: 'Starting untimed measurement, maximum 500000 samples at 1000ms with 0 rampup samples'
ptd-server 2022-02-20 10:44:53,883 [INFO] Sending reply to client 'OK'
ptd-server 2022-02-20 10:58:54,578 [INFO] Got command from the client 'session,2022-02-20_10-29-43,stop,testing'
ptd-server 2022-02-20 10:59:04,609 [INFO] Sending to ptd: 'Stop'
ptd-server 2022-02-20 10:59:04,610 [INFO] Reply from ptd: 'Stopping untimed measurement'
ptd-server 2022-02-20 10:59:04,683 [INFO] Sending reply to client 'OK'
ptd-server 2022-02-20 10:59:04,688 [INFO] Got command from the client 'session,2022-02-20_10-29-43,done'
ptd-server 2022-02-20 10:59:04,688 [INFO] Sending to ptd: 'Stop'
ptd-server 2022-02-20 10:59:04,883 [INFO] Reply from ptd: 'Error: no measurement to stop'
ptd-server 2022-02-20 10:59:04,883 [INFO] Sending to ptd: 'SR,V,Auto'
ptd-server 2022-02-20 10:59:09,936 [INFO] Reply from ptd: 'Range V changed'
ptd-server 2022-02-20 10:59:09,936 [INFO] Sending to ptd: 'SR,A,Auto'
ptd-server 2022-02-20 10:59:14,989 [INFO] Reply from ptd: 'Range A changed'
ptd-server 2022-02-20 10:59:14,989 [INFO] Set initial values for Amps Auto and Volts Auto
ptd-server 2022-02-20 10:59:14,989 [INFO] Stopping ptd...
