ptd-server 2022-02-15 06:28:14,346 [INFO] Got command from the client 'time'
ptd-server 2022-02-15 06:28:14,346 [INFO] Sending reply to client '1644906494.3461838'
ptd-server 2022-02-15 06:28:14,348 [INFO] Got command from the client 'new,,ba1b1360-2cb0-414a-85b1-b9b086f246c2'
ptd-server 2022-02-15 06:28:14,349 [INFO] Sending reply to client 'OK 2022-02-15_06-28-14,554bdd85-a634-4c69-bf3f-2f0bd3ba99c3'
ptd-server 2022-02-15 06:28:14,385 [INFO] Got command from the client 'time'
ptd-server 2022-02-15 06:28:14,386 [INFO] Sending reply to client '1644906494.3860638'
ptd-server 2022-02-15 06:28:14,387 [INFO] Got command from the client 'session,2022-02-15_06-28-14,start,ranging'
ptd-server 2022-02-15 06:28:14,388 [INFO] Running PTDaemon: ['/home/anton/projects/mlperf/power/inference_v1.0/ptd-linux-x86', '-l', '/tmp/tmpxvec0g6h/ptd_logfile.txt', '-p', '8888', '49', '/dev/usbtmc0']
ptd-server 2022-02-15 06:28:31,559 [INFO] Sending to ptd: 'Hello'
ptd-server 2022-02-15 06:28:31,560 [INFO] Reply from ptd: 'Hello, PTDaemon here!'
ptd-server 2022-02-15 06:28:31,560 [INFO] Sending to ptd: 'Identify'
ptd-server 2022-02-15 06:28:31,561 [INFO] Reply from ptd: 'YokogawaWT310E,1000,1,1,1,1,0,1,1,version=1.9.2-e8c7a49a-20201208,OS=Linux 5.13.0-27-generic #29~20.04.1-Ubuntu SMP Fri Jan 14 00:32:30 UTC 2022 x86_64,mode=power,1,1,1,0,0,no_cal_date,YOKOGAWA;WT310E;C3XA04010E;F1.04'
ptd-server 2022-02-15 06:28:31,561 [INFO] Connected to PTDaemon
ptd-server 2022-02-15 06:28:31,561 [INFO] Sending to ptd: 'RR'
ptd-server 2022-02-15 06:28:31,561 [INFO] Reply from ptd: 'Ranges,0,0.500000,0,300.000000'
ptd-server 2022-02-15 06:28:31,561 [INFO] Initial range for Amps is 0.500000 for Volts is 300.000000
ptd-server 2022-02-15 06:28:31,561 [INFO] Sending to ptd: 'SR,V,Auto'
ptd-server 2022-02-15 06:28:32,064 [INFO] Reply from ptd: 'Range V changed'
ptd-server 2022-02-15 06:28:32,064 [INFO] Sending to ptd: 'SR,A,Auto'
ptd-server 2022-02-15 06:28:32,567 [INFO] Reply from ptd: 'Range A changed'
ptd-server 2022-02-15 06:28:42,577 [INFO] Starting ranging mode
ptd-server 2022-02-15 06:28:42,577 [INFO] Sending to ptd: 'Go,1000,0,2022-02-15_06-28-14_ranging'
ptd-server 2022-02-15 06:28:42,578 [INFO] Reply from ptd: 'Starting untimed measurement, maximum 500000 samples at 1000ms with 0 rampup samples'
ptd-server 2022-02-15 06:28:42,578 [INFO] Sending reply to client 'OK'
ptd-server 2022-02-15 06:39:01,989 [INFO] Got command from the client 'session,2022-02-15_06-28-14,stop,ranging'
ptd-server 2022-02-15 06:39:12,000 [INFO] Sending to ptd: 'Stop'
ptd-server 2022-02-15 06:39:12,000 [INFO] Reply from ptd: 'Stopping untimed measurement'
ptd-server 2022-02-15 06:39:12,830 [INFO] Sending reply to client 'OK'
ptd-server 2022-02-15 06:39:12,904 [INFO] Got command from the client 'time'
ptd-server 2022-02-15 06:39:12,904 [INFO] Sending reply to client '1644907152.9049132'
ptd-server 2022-02-15 06:39:12,907 [INFO] Got command from the client 'session,2022-02-15_06-28-14,start,testing'
ptd-server 2022-02-15 06:39:12,907 [INFO] Sending to ptd: 'SR,V,250.590000'
ptd-server 2022-02-15 06:39:14,408 [INFO] Reply from ptd: 'Range V changed'
ptd-server 2022-02-15 06:39:14,408 [INFO] Sending to ptd: 'SR,A,0.186710'
ptd-server 2022-02-15 06:39:15,910 [INFO] Reply from ptd: 'Range A changed'
ptd-server 2022-02-15 06:39:25,920 [INFO] Starting testing mode
ptd-server 2022-02-15 06:39:25,920 [INFO] Sending to ptd: 'Go,1000,0,2022-02-15_06-28-14_testing'
ptd-server 2022-02-15 06:39:25,921 [INFO] Reply from ptd: 'Starting untimed measurement, maximum 500000 samples at 1000ms with 0 rampup samples'
ptd-server 2022-02-15 06:39:25,921 [INFO] Sending reply to client 'OK'
ptd-server 2022-02-15 06:49:45,195 [INFO] Got command from the client 'session,2022-02-15_06-28-14,stop,testing'
ptd-server 2022-02-15 06:49:55,206 [INFO] Sending to ptd: 'Stop'
ptd-server 2022-02-15 06:49:55,206 [INFO] Reply from ptd: 'Stopping untimed measurement'
ptd-server 2022-02-15 06:49:55,633 [INFO] Sending reply to client 'OK'
ptd-server 2022-02-15 06:49:55,651 [INFO] Got command from the client 'session,2022-02-15_06-28-14,done'
ptd-server 2022-02-15 06:49:55,651 [INFO] Sending to ptd: 'Stop'
ptd-server 2022-02-15 06:49:55,921 [INFO] Reply from ptd: 'Error: no measurement to stop'
ptd-server 2022-02-15 06:49:55,922 [INFO] Sending to ptd: 'SR,V,300.000000'
ptd-server 2022-02-15 06:49:57,423 [INFO] Reply from ptd: 'Range V changed'
ptd-server 2022-02-15 06:49:57,423 [INFO] Sending to ptd: 'SR,A,0.500000'
ptd-server 2022-02-15 06:49:58,924 [INFO] Reply from ptd: 'Range A changed'
ptd-server 2022-02-15 06:49:58,925 [INFO] Set initial values for Amps 0.500000 and Volts 300.000000
ptd-server 2022-02-15 06:49:58,925 [INFO] Stopping ptd...
