ptd-server 2022-02-22 08:30:40,306 [INFO] Got command from the client 'time'
ptd-server 2022-02-22 08:30:40,306 [INFO] Sending reply to client '1645518640.3063133'
ptd-server 2022-02-22 08:30:40,308 [INFO] Got command from the client 'new,,97f9e148-f4cf-4978-be0d-8a46c24b5277'
ptd-server 2022-02-22 08:30:40,308 [INFO] Sending reply to client 'OK 2022-02-22_08-30-40,69a90142-78f4-408c-9a88-27b268d92c6f'
ptd-server 2022-02-22 08:30:40,346 [INFO] Got command from the client 'time'
ptd-server 2022-02-22 08:30:40,346 [INFO] Sending reply to client '1645518640.3463025'
ptd-server 2022-02-22 08:30:40,348 [INFO] Got command from the client 'session,2022-02-22_08-30-40,start,ranging'
ptd-server 2022-02-22 08:30:40,348 [INFO] Running PTDaemon: ['/home/anton/projects/mlperf/power/inference_v1.0/ptd-linux-x86', '-l', '/tmp/tmpgldyt7rr/ptd_logfile.txt', '-p', '8888', '49', '/dev/usbtmc0']
ptd-server 2022-02-22 08:30:57,521 [INFO] Sending to ptd: 'Hello'
ptd-server 2022-02-22 08:30:57,521 [INFO] Reply from ptd: 'Hello, PTDaemon here!'
ptd-server 2022-02-22 08:30:57,522 [INFO] Sending to ptd: 'Identify'
ptd-server 2022-02-22 08:30:57,522 [INFO] Reply from ptd: 'YokogawaWT310E,1000,1,1,1,1,0,1,1,version=1.9.2-e8c7a49a-20201208,OS=Linux 5.13.0-28-generic #31~20.04.1-Ubuntu SMP Wed Jan 19 14:08:10 UTC 2022 x86_64,mode=power,1,1,1,0,0,no_cal_date,YOKOGAWA;WT310E;C3XA04010E;F1.04'
ptd-server 2022-02-22 08:30:57,522 [INFO] Connected to PTDaemon
ptd-server 2022-02-22 08:30:57,522 [INFO] Sending to ptd: 'RR'
ptd-server 2022-02-22 08:30:57,523 [INFO] Reply from ptd: 'Ranges,0,0.500000,0,300.000000'
ptd-server 2022-02-22 08:30:57,523 [INFO] Initial range for Amps is 0.500000 for Volts is 300.000000
ptd-server 2022-02-22 08:30:57,523 [INFO] Sending to ptd: 'SR,V,Auto'
ptd-server 2022-02-22 08:30:58,025 [INFO] Reply from ptd: 'Range V changed'
ptd-server 2022-02-22 08:30:58,025 [INFO] Sending to ptd: 'SR,A,Auto'
ptd-server 2022-02-22 08:30:58,528 [INFO] Reply from ptd: 'Range A changed'
ptd-server 2022-02-22 08:31:08,538 [INFO] Starting ranging mode
ptd-server 2022-02-22 08:31:08,538 [INFO] Sending to ptd: 'Go,1000,0,2022-02-22_08-30-40_ranging'
ptd-server 2022-02-22 08:31:08,539 [INFO] Reply from ptd: 'Starting untimed measurement, maximum 500000 samples at 1000ms with 0 rampup samples'
ptd-server 2022-02-22 08:31:08,539 [INFO] Sending reply to client 'OK'
ptd-server 2022-02-22 08:41:40,542 [INFO] Got command from the client 'session,2022-02-22_08-30-40,stop,ranging'
ptd-server 2022-02-22 08:41:50,552 [INFO] Sending to ptd: 'Stop'
ptd-server 2022-02-22 08:41:50,553 [INFO] Reply from ptd: 'Stopping untimed measurement'
ptd-server 2022-02-22 08:41:51,270 [INFO] Sending reply to client 'OK'
ptd-server 2022-02-22 08:41:51,328 [INFO] Got command from the client 'time'
ptd-server 2022-02-22 08:41:51,328 [INFO] Sending reply to client '1645519311.328299'
ptd-server 2022-02-22 08:41:51,330 [INFO] Got command from the client 'session,2022-02-22_08-30-40,start,testing'
ptd-server 2022-02-22 08:41:51,330 [INFO] Sending to ptd: 'SR,V,252.410000'
ptd-server 2022-02-22 08:41:53,041 [INFO] Reply from ptd: 'Range V changed'
ptd-server 2022-02-22 08:41:53,041 [INFO] Sending to ptd: 'SR,A,0.053330'
ptd-server 2022-02-22 08:41:54,542 [INFO] Reply from ptd: 'Range A changed'
ptd-server 2022-02-22 08:42:04,553 [INFO] Starting testing mode
ptd-server 2022-02-22 08:42:04,553 [INFO] Sending to ptd: 'Go,1000,0,2022-02-22_08-30-40_testing'
ptd-server 2022-02-22 08:42:04,553 [INFO] Reply from ptd: 'Starting untimed measurement, maximum 500000 samples at 1000ms with 0 rampup samples'
ptd-server 2022-02-22 08:42:04,553 [INFO] Sending reply to client 'OK'
ptd-server 2022-02-22 08:52:33,134 [INFO] Got command from the client 'session,2022-02-22_08-30-40,stop,testing'
ptd-server 2022-02-22 08:52:43,144 [INFO] Sending to ptd: 'Stop'
ptd-server 2022-02-22 08:52:43,145 [INFO] Reply from ptd: 'Stopping untimed measurement'
ptd-server 2022-02-22 08:52:43,512 [INFO] Sending reply to client 'OK'
ptd-server 2022-02-22 08:52:43,527 [INFO] Got command from the client 'session,2022-02-22_08-30-40,done'
ptd-server 2022-02-22 08:52:43,527 [INFO] Sending to ptd: 'Stop'
ptd-server 2022-02-22 08:52:43,553 [INFO] Reply from ptd: 'Error: no measurement to stop'
ptd-server 2022-02-22 08:52:43,553 [INFO] Sending to ptd: 'SR,V,300.000000'
ptd-server 2022-02-22 08:52:45,054 [INFO] Reply from ptd: 'Range V changed'
ptd-server 2022-02-22 08:52:45,055 [INFO] Sending to ptd: 'SR,A,0.500000'
ptd-server 2022-02-22 08:52:46,556 [INFO] Reply from ptd: 'Range A changed'
ptd-server 2022-02-22 08:52:46,556 [INFO] Set initial values for Amps 0.500000 and Volts 300.000000
ptd-server 2022-02-22 08:52:46,556 [INFO] Stopping ptd...
