ptd-server 2022-02-22 03:19:27,649 [INFO] Got command from the client 'time'
ptd-server 2022-02-22 03:19:27,649 [INFO] Sending reply to client '1645499967.6493127'
ptd-server 2022-02-22 03:19:27,651 [INFO] Got command from the client 'new,,2edf39d4-5f2a-4242-b7b8-bb8cd2f5c9e5'
ptd-server 2022-02-22 03:19:27,651 [INFO] Sending reply to client 'OK 2022-02-22_03-19-27,0c983999-ade8-4537-9aba-35587cf8ca1f'
ptd-server 2022-02-22 03:19:27,688 [INFO] Got command from the client 'time'
ptd-server 2022-02-22 03:19:27,689 [INFO] Sending reply to client '1645499967.6891289'
ptd-server 2022-02-22 03:19:27,690 [INFO] Got command from the client 'session,2022-02-22_03-19-27,start,ranging'
ptd-server 2022-02-22 03:19:27,691 [INFO] Running PTDaemon: ['/home/anton/projects/mlperf/power/inference_v1.0/ptd-linux-x86', '-l', '/tmp/tmpgldyt7rr/ptd_logfile.txt', '-p', '8888', '49', '/dev/usbtmc0']
ptd-server 2022-02-22 03:19:44,863 [INFO] Sending to ptd: 'Hello'
ptd-server 2022-02-22 03:19:44,864 [INFO] Reply from ptd: 'Hello, PTDaemon here!'
ptd-server 2022-02-22 03:19:44,864 [INFO] Sending to ptd: 'Identify'
ptd-server 2022-02-22 03:19:44,864 [INFO] Reply from ptd: 'YokogawaWT310E,1000,1,1,1,1,0,1,1,version=1.9.2-e8c7a49a-20201208,OS=Linux 5.13.0-28-generic #31~20.04.1-Ubuntu SMP Wed Jan 19 14:08:10 UTC 2022 x86_64,mode=power,1,1,1,0,0,no_cal_date,YOKOGAWA;WT310E;C3XA04010E;F1.04'
ptd-server 2022-02-22 03:19:44,864 [INFO] Connected to PTDaemon
ptd-server 2022-02-22 03:19:44,864 [INFO] Sending to ptd: 'RR'
ptd-server 2022-02-22 03:19:44,865 [INFO] Reply from ptd: 'Ranges,0,0.500000,0,300.000000'
ptd-server 2022-02-22 03:19:44,865 [INFO] Initial range for Amps is 0.500000 for Volts is 300.000000
ptd-server 2022-02-22 03:19:44,865 [INFO] Sending to ptd: 'SR,V,Auto'
ptd-server 2022-02-22 03:19:45,367 [INFO] Reply from ptd: 'Range V changed'
ptd-server 2022-02-22 03:19:45,368 [INFO] Sending to ptd: 'SR,A,Auto'
ptd-server 2022-02-22 03:19:45,870 [INFO] Reply from ptd: 'Range A changed'
ptd-server 2022-02-22 03:19:55,880 [INFO] Starting ranging mode
ptd-server 2022-02-22 03:19:55,881 [INFO] Sending to ptd: 'Go,1000,0,2022-02-22_03-19-27_ranging'
ptd-server 2022-02-22 03:19:55,881 [INFO] Reply from ptd: 'Starting untimed measurement, maximum 500000 samples at 1000ms with 0 rampup samples'
ptd-server 2022-02-22 03:19:55,881 [INFO] Sending reply to client 'OK'
ptd-server 2022-02-22 03:30:25,006 [INFO] Got command from the client 'session,2022-02-22_03-19-27,stop,ranging'
ptd-server 2022-02-22 03:30:35,016 [INFO] Sending to ptd: 'Stop'
ptd-server 2022-02-22 03:30:35,017 [INFO] Reply from ptd: 'Stopping untimed measurement'
ptd-server 2022-02-22 03:30:35,695 [INFO] Sending reply to client 'OK'
ptd-server 2022-02-22 03:30:35,781 [INFO] Got command from the client 'time'
ptd-server 2022-02-22 03:30:35,781 [INFO] Sending reply to client '1645500635.7813091'
ptd-server 2022-02-22 03:30:35,783 [INFO] Got command from the client 'session,2022-02-22_03-19-27,start,testing'
ptd-server 2022-02-22 03:30:35,783 [INFO] Sending to ptd: 'SR,V,250.480000'
ptd-server 2022-02-22 03:30:37,383 [INFO] Reply from ptd: 'Range V changed'
ptd-server 2022-02-22 03:30:37,383 [INFO] Sending to ptd: 'SR,A,0.051320'
ptd-server 2022-02-22 03:30:38,884 [INFO] Reply from ptd: 'Range A changed'
ptd-server 2022-02-22 03:30:48,894 [INFO] Starting testing mode
ptd-server 2022-02-22 03:30:48,894 [INFO] Sending to ptd: 'Go,1000,0,2022-02-22_03-19-27_testing'
ptd-server 2022-02-22 03:30:48,895 [INFO] Reply from ptd: 'Starting untimed measurement, maximum 500000 samples at 1000ms with 0 rampup samples'
ptd-server 2022-02-22 03:30:48,895 [INFO] Sending reply to client 'OK'
ptd-server 2022-02-22 03:41:17,745 [INFO] Got command from the client 'session,2022-02-22_03-19-27,stop,testing'
ptd-server 2022-02-22 03:41:27,755 [INFO] Sending to ptd: 'Stop'
ptd-server 2022-02-22 03:41:27,756 [INFO] Reply from ptd: 'Stopping untimed measurement'
ptd-server 2022-02-22 03:41:28,102 [INFO] Sending reply to client 'OK'
ptd-server 2022-02-22 03:41:28,121 [INFO] Got command from the client 'session,2022-02-22_03-19-27,done'
ptd-server 2022-02-22 03:41:28,121 [INFO] Sending to ptd: 'Stop'
ptd-server 2022-02-22 03:41:28,121 [INFO] Reply from ptd: 'Error: no measurement to stop'
ptd-server 2022-02-22 03:41:28,122 [INFO] Sending to ptd: 'SR,V,300.000000'
ptd-server 2022-02-22 03:41:29,623 [INFO] Reply from ptd: 'Range V changed'
ptd-server 2022-02-22 03:41:29,623 [INFO] Sending to ptd: 'SR,A,0.500000'
ptd-server 2022-02-22 03:41:31,124 [INFO] Reply from ptd: 'Range A changed'
ptd-server 2022-02-22 03:41:31,125 [INFO] Set initial values for Amps 0.500000 and Volts 300.000000
ptd-server 2022-02-22 03:41:31,125 [INFO] Stopping ptd...
