ptd-server 2022-02-22 15:10:40,700 [INFO] Got command from the client 'time'
ptd-server 2022-02-22 15:10:40,700 [INFO] Sending reply to client '1645542640.7001925'
ptd-server 2022-02-22 15:10:40,702 [INFO] Got command from the client 'new,,f0a21032-45ee-43d1-b4ca-c2654cca4c6c'
ptd-server 2022-02-22 15:10:40,702 [INFO] Sending reply to client 'OK 2022-02-22_15-10-40,bff05923-2346-4e40-a4fc-8cc7eae98cbc'
ptd-server 2022-02-22 15:10:40,739 [INFO] Got command from the client 'time'
ptd-server 2022-02-22 15:10:40,739 [INFO] Sending reply to client '1645542640.7399232'
ptd-server 2022-02-22 15:10:40,741 [INFO] Got command from the client 'session,2022-02-22_15-10-40,start,ranging'
ptd-server 2022-02-22 15:10:40,742 [INFO] Running PTDaemon: ['/home/anton/projects/mlperf/power/inference_v1.0/ptd-linux-x86', '-l', '/tmp/tmpgldyt7rr/ptd_logfile.txt', '-p', '8888', '49', '/dev/usbtmc0']
ptd-server 2022-02-22 15:10:57,916 [INFO] Sending to ptd: 'Hello'
ptd-server 2022-02-22 15:10:57,917 [INFO] Reply from ptd: 'Hello, PTDaemon here!'
ptd-server 2022-02-22 15:10:57,917 [INFO] Sending to ptd: 'Identify'
ptd-server 2022-02-22 15:10:57,917 [INFO] Reply from ptd: 'YokogawaWT310E,1000,1,1,1,1,0,1,1,version=1.9.2-e8c7a49a-20201208,OS=Linux 5.13.0-28-generic #31~20.04.1-Ubuntu SMP Wed Jan 19 14:08:10 UTC 2022 x86_64,mode=power,1,1,1,0,0,no_cal_date,YOKOGAWA;WT310E;C3XA04010E;F1.04'
ptd-server 2022-02-22 15:10:57,917 [INFO] Connected to PTDaemon
ptd-server 2022-02-22 15:10:57,917 [INFO] Sending to ptd: 'RR'
ptd-server 2022-02-22 15:10:57,918 [INFO] Reply from ptd: 'Ranges,0,0.500000,0,300.000000'
ptd-server 2022-02-22 15:10:57,918 [INFO] Initial range for Amps is 0.500000 for Volts is 300.000000
ptd-server 2022-02-22 15:10:57,918 [INFO] Sending to ptd: 'SR,V,Auto'
ptd-server 2022-02-22 15:10:58,420 [INFO] Reply from ptd: 'Range V changed'
ptd-server 2022-02-22 15:10:58,420 [INFO] Sending to ptd: 'SR,A,Auto'
ptd-server 2022-02-22 15:10:58,923 [INFO] Reply from ptd: 'Range A changed'
ptd-server 2022-02-22 15:11:08,933 [INFO] Starting ranging mode
ptd-server 2022-02-22 15:11:08,933 [INFO] Sending to ptd: 'Go,1000,0,2022-02-22_15-10-40_ranging'
ptd-server 2022-02-22 15:11:08,934 [INFO] Reply from ptd: 'Starting untimed measurement, maximum 500000 samples at 1000ms with 0 rampup samples'
ptd-server 2022-02-22 15:11:08,934 [INFO] Sending reply to client 'OK'
ptd-server 2022-02-22 15:21:39,404 [INFO] Got command from the client 'session,2022-02-22_15-10-40,stop,ranging'
ptd-server 2022-02-22 15:21:49,415 [INFO] Sending to ptd: 'Stop'
ptd-server 2022-02-22 15:21:49,415 [INFO] Reply from ptd: 'Stopping untimed measurement'
ptd-server 2022-02-22 15:21:50,189 [INFO] Sending reply to client 'OK'
ptd-server 2022-02-22 15:21:50,247 [INFO] Got command from the client 'time'
ptd-server 2022-02-22 15:21:50,247 [INFO] Sending reply to client '1645543310.2472427'
ptd-server 2022-02-22 15:21:50,249 [INFO] Got command from the client 'session,2022-02-22_15-10-40,start,testing'
ptd-server 2022-02-22 15:21:50,249 [INFO] Sending to ptd: 'SR,V,249.070000'
ptd-server 2022-02-22 15:21:51,750 [INFO] Reply from ptd: 'Range V changed'
ptd-server 2022-02-22 15:21:51,750 [INFO] Sending to ptd: 'SR,A,0.053490'
ptd-server 2022-02-22 15:21:53,252 [INFO] Reply from ptd: 'Range A changed'
ptd-server 2022-02-22 15:22:03,262 [INFO] Starting testing mode
ptd-server 2022-02-22 15:22:03,262 [INFO] Sending to ptd: 'Go,1000,0,2022-02-22_15-10-40_testing'
ptd-server 2022-02-22 15:22:03,263 [INFO] Reply from ptd: 'Starting untimed measurement, maximum 500000 samples at 1000ms with 0 rampup samples'
ptd-server 2022-02-22 15:22:03,263 [INFO] Sending reply to client 'OK'
ptd-server 2022-02-22 15:32:33,791 [INFO] Got command from the client 'session,2022-02-22_15-10-40,stop,testing'
ptd-server 2022-02-22 15:32:43,801 [INFO] Sending to ptd: 'Stop'
ptd-server 2022-02-22 15:32:43,802 [INFO] Reply from ptd: 'Stopping untimed measurement'
ptd-server 2022-02-22 15:32:44,183 [INFO] Sending reply to client 'OK'
ptd-server 2022-02-22 15:32:44,202 [INFO] Got command from the client 'session,2022-02-22_15-10-40,done'
ptd-server 2022-02-22 15:32:44,202 [INFO] Sending to ptd: 'Stop'
ptd-server 2022-02-22 15:32:44,264 [INFO] Reply from ptd: 'Error: no measurement to stop'
ptd-server 2022-02-22 15:32:44,264 [INFO] Sending to ptd: 'SR,V,300.000000'
ptd-server 2022-02-22 15:32:45,765 [INFO] Reply from ptd: 'Range V changed'
ptd-server 2022-02-22 15:32:45,766 [INFO] Sending to ptd: 'SR,A,0.500000'
ptd-server 2022-02-22 15:32:47,267 [INFO] Reply from ptd: 'Range A changed'
ptd-server 2022-02-22 15:32:47,267 [INFO] Set initial values for Amps 0.500000 and Volts 300.000000
ptd-server 2022-02-22 15:32:47,267 [INFO] Stopping ptd...
