ptd-server 2022-02-18 11:29:28,367 [INFO] Got command from the client 'time'
ptd-server 2022-02-18 11:29:28,367 [INFO] Sending reply to client '1645205368.367577'
ptd-server 2022-02-18 11:29:28,368 [INFO] Got command from the client 'new,,5bd1b069-c84a-40b6-9732-c9cc95ebdf1d'
ptd-server 2022-02-18 11:29:28,369 [INFO] Sending reply to client 'OK 2022-02-18_11-29-28,0d1e91c7-f88f-4089-a047-a8f2441a4935'
ptd-server 2022-02-18 11:29:28,473 [INFO] Got command from the client 'time'
ptd-server 2022-02-18 11:29:28,473 [INFO] Sending reply to client '1645205368.4736648'
ptd-server 2022-02-18 11:29:28,474 [INFO] Got command from the client 'session,2022-02-18_11-29-28,start,ranging'
ptd-server 2022-02-18 11:29:28,474 [INFO] Running PTDaemon: ['/local/mnt/workspace/mlcommons/power-main/inference_v1.0/ptd-linux-x86', '-l', '/tmp/tmpbzz3s1yx/ptd_logfile.txt', '-p', '8886', '49', '/dev/usbtmc1']
ptd-server 2022-02-18 11:29:45,591 [INFO] Sending to ptd: 'Hello'
ptd-server 2022-02-18 11:29:45,592 [INFO] Reply from ptd: 'Hello, PTDaemon here!'
ptd-server 2022-02-18 11:29:45,592 [INFO] Sending to ptd: 'Identify'
ptd-server 2022-02-18 11:29:45,593 [INFO] Reply from ptd: 'YokogawaWT310E,1000,1,1,1,1,0,1,1,version=1.9.2-e8c7a49a-20201208,OS=Linux 4.15.0-162-generic #170-Ubuntu SMP Mon Oct 18 11:38:05 UTC 2021 x86_64,mode=power,1,1,1,0,0,no_cal_date,YOKOGAWA;WT310E;C2XF16030V;F1.04'
ptd-server 2022-02-18 11:29:45,593 [INFO] Connected to PTDaemon
ptd-server 2022-02-18 11:29:45,593 [INFO] Sending to ptd: 'RR'
ptd-server 2022-02-18 11:29:45,594 [INFO] Reply from ptd: 'Ranges,1,2.000000,1,150.000000'
ptd-server 2022-02-18 11:29:45,594 [INFO] Initial range for Amps is Auto for Volts is Auto
ptd-server 2022-02-18 11:29:45,594 [INFO] Sending to ptd: 'SR,V,Auto'
ptd-server 2022-02-18 11:29:46,097 [INFO] Reply from ptd: 'Range V changed'
ptd-server 2022-02-18 11:29:46,097 [INFO] Sending to ptd: 'SR,A,Auto'
ptd-server 2022-02-18 11:29:46,600 [INFO] Reply from ptd: 'Range A changed'
ptd-server 2022-02-18 11:29:56,608 [INFO] Starting ranging mode
ptd-server 2022-02-18 11:29:56,609 [INFO] Sending to ptd: 'Go,1000,0,2022-02-18_11-29-28_ranging'
ptd-server 2022-02-18 11:29:56,609 [INFO] Reply from ptd: 'Starting untimed measurement, maximum 500000 samples at 1000ms with 0 rampup samples'
ptd-server 2022-02-18 11:29:56,610 [INFO] Sending reply to client 'OK'
ptd-server 2022-02-18 11:45:34,293 [INFO] Got command from the client 'session,2022-02-18_11-29-28,stop,ranging'
ptd-server 2022-02-18 11:45:44,304 [INFO] Sending to ptd: 'Stop'
ptd-server 2022-02-18 11:45:44,305 [INFO] Reply from ptd: 'Stopping untimed measurement'
ptd-server 2022-02-18 11:45:44,464 [INFO] Sending reply to client 'OK'
ptd-server 2022-02-18 11:45:44,560 [INFO] Got command from the client 'time'
ptd-server 2022-02-18 11:45:44,561 [INFO] Sending reply to client '1645206344.560944'
ptd-server 2022-02-18 11:45:44,561 [INFO] Got command from the client 'session,2022-02-18_11-29-28,start,testing'
ptd-server 2022-02-18 11:45:44,562 [INFO] Sending to ptd: 'SR,V,119.990000'
ptd-server 2022-02-18 11:45:46,111 [INFO] Reply from ptd: 'Range V changed'
ptd-server 2022-02-18 11:45:46,112 [INFO] Sending to ptd: 'SR,A,2.475100'
ptd-server 2022-02-18 11:45:47,613 [INFO] Reply from ptd: 'Range A changed'
ptd-server 2022-02-18 11:45:57,624 [INFO] Starting testing mode
ptd-server 2022-02-18 11:45:57,624 [INFO] Sending to ptd: 'Go,1000,0,2022-02-18_11-29-28_testing'
ptd-server 2022-02-18 11:45:57,625 [INFO] Reply from ptd: 'Starting untimed measurement, maximum 500000 samples at 1000ms with 0 rampup samples'
ptd-server 2022-02-18 11:45:57,625 [INFO] Sending reply to client 'OK'
ptd-server 2022-02-18 12:01:32,214 [INFO] Got command from the client 'session,2022-02-18_11-29-28,stop,testing'
ptd-server 2022-02-18 12:01:42,225 [INFO] Sending to ptd: 'Stop'
ptd-server 2022-02-18 12:01:42,226 [INFO] Reply from ptd: 'Stopping untimed measurement'
ptd-server 2022-02-18 12:01:42,309 [INFO] Sending reply to client 'OK'
ptd-server 2022-02-18 12:01:42,316 [INFO] Got command from the client 'session,2022-02-18_11-29-28,done'
ptd-server 2022-02-18 12:01:42,316 [INFO] Sending to ptd: 'Stop'
ptd-server 2022-02-18 12:01:42,625 [INFO] Reply from ptd: 'Error: no measurement to stop'
ptd-server 2022-02-18 12:01:42,626 [INFO] Sending to ptd: 'SR,V,Auto'
ptd-server 2022-02-18 12:01:43,129 [INFO] Reply from ptd: 'Range V changed'
ptd-server 2022-02-18 12:01:43,129 [INFO] Sending to ptd: 'SR,A,Auto'
ptd-server 2022-02-18 12:01:43,632 [INFO] Reply from ptd: 'Range A changed'
ptd-server 2022-02-18 12:01:43,632 [INFO] Set initial values for Amps Auto and Volts Auto
ptd-server 2022-02-18 12:01:43,633 [INFO] Stopping ptd...
