ptd-server 2022-02-21 12:43:07,720 [INFO] Got command from the client 'time'
ptd-server 2022-02-21 12:43:07,720 [INFO] Sending reply to client '1645447387.720339'
ptd-server 2022-02-21 12:43:07,722 [INFO] Got command from the client 'new,,881fa6b1-f6a4-4d6f-b1ff-54c04c2cebee'
ptd-server 2022-02-21 12:43:07,722 [INFO] Sending reply to client 'OK 2022-02-21_12-43-07,ff42bace-c418-4d5c-b133-ac110c0aac84'
ptd-server 2022-02-21 12:43:07,760 [INFO] Got command from the client 'time'
ptd-server 2022-02-21 12:43:07,760 [INFO] Sending reply to client '1645447387.7602663'
ptd-server 2022-02-21 12:43:07,762 [INFO] Got command from the client 'session,2022-02-21_12-43-07,start,ranging'
ptd-server 2022-02-21 12:43:07,762 [INFO] Running PTDaemon: ['/home/anton/projects/mlperf/power/inference_v1.0/ptd-linux-x86', '-l', '/tmp/tmpgldyt7rr/ptd_logfile.txt', '-p', '8888', '49', '/dev/usbtmc0']
ptd-server 2022-02-21 12:43:24,935 [INFO] Sending to ptd: 'Hello'
ptd-server 2022-02-21 12:43:24,935 [INFO] Reply from ptd: 'Hello, PTDaemon here!'
ptd-server 2022-02-21 12:43:24,935 [INFO] Sending to ptd: 'Identify'
ptd-server 2022-02-21 12:43:24,936 [INFO] Reply from ptd: 'YokogawaWT310E,1000,1,1,1,1,0,1,1,version=1.9.2-e8c7a49a-20201208,OS=Linux 5.13.0-28-generic #31~20.04.1-Ubuntu SMP Wed Jan 19 14:08:10 UTC 2022 x86_64,mode=power,1,1,1,0,0,no_cal_date,YOKOGAWA;WT310E;C3XA04010E;F1.04'
ptd-server 2022-02-21 12:43:24,936 [INFO] Connected to PTDaemon
ptd-server 2022-02-21 12:43:24,936 [INFO] Sending to ptd: 'RR'
ptd-server 2022-02-21 12:43:24,936 [INFO] Reply from ptd: 'Ranges,0,0.500000,0,300.000000'
ptd-server 2022-02-21 12:43:24,937 [INFO] Initial range for Amps is 0.500000 for Volts is 300.000000
ptd-server 2022-02-21 12:43:24,937 [INFO] Sending to ptd: 'SR,V,Auto'
ptd-server 2022-02-21 12:43:25,439 [INFO] Reply from ptd: 'Range V changed'
ptd-server 2022-02-21 12:43:25,439 [INFO] Sending to ptd: 'SR,A,Auto'
ptd-server 2022-02-21 12:43:25,942 [INFO] Reply from ptd: 'Range A changed'
ptd-server 2022-02-21 12:43:35,946 [INFO] Starting ranging mode
ptd-server 2022-02-21 12:43:35,946 [INFO] Sending to ptd: 'Go,1000,0,2022-02-21_12-43-07_ranging'
ptd-server 2022-02-21 12:43:35,947 [INFO] Reply from ptd: 'Starting untimed measurement, maximum 500000 samples at 1000ms with 0 rampup samples'
ptd-server 2022-02-21 12:43:35,947 [INFO] Sending reply to client 'OK'
ptd-server 2022-02-21 12:53:57,864 [INFO] Got command from the client 'session,2022-02-21_12-43-07,stop,ranging'
ptd-server 2022-02-21 12:54:07,875 [INFO] Sending to ptd: 'Stop'
ptd-server 2022-02-21 12:54:07,875 [INFO] Reply from ptd: 'Stopping untimed measurement'
ptd-server 2022-02-21 12:54:08,484 [INFO] Sending reply to client 'OK'
ptd-server 2022-02-21 12:54:08,570 [INFO] Got command from the client 'time'
ptd-server 2022-02-21 12:54:08,570 [INFO] Sending reply to client '1645448048.5707803'
ptd-server 2022-02-21 12:54:08,573 [INFO] Got command from the client 'session,2022-02-21_12-43-07,start,testing'
ptd-server 2022-02-21 12:54:08,574 [INFO] Sending to ptd: 'SR,V,251.050000'
ptd-server 2022-02-21 12:54:10,075 [INFO] Reply from ptd: 'Range V changed'
ptd-server 2022-02-21 12:54:10,075 [INFO] Sending to ptd: 'SR,A,0.068460'
ptd-server 2022-02-21 12:54:11,577 [INFO] Reply from ptd: 'Range A changed'
ptd-server 2022-02-21 12:54:21,587 [INFO] Starting testing mode
ptd-server 2022-02-21 12:54:21,587 [INFO] Sending to ptd: 'Go,1000,0,2022-02-21_12-43-07_testing'
ptd-server 2022-02-21 12:54:21,587 [INFO] Reply from ptd: 'Starting untimed measurement, maximum 500000 samples at 1000ms with 0 rampup samples'
ptd-server 2022-02-21 12:54:21,588 [INFO] Sending reply to client 'OK'
ptd-server 2022-02-21 13:04:44,294 [INFO] Got command from the client 'session,2022-02-21_12-43-07,stop,testing'
ptd-server 2022-02-21 13:04:54,297 [INFO] Sending to ptd: 'Stop'
ptd-server 2022-02-21 13:04:54,298 [INFO] Reply from ptd: 'Stopping untimed measurement'
ptd-server 2022-02-21 13:04:54,616 [INFO] Sending reply to client 'OK'
ptd-server 2022-02-21 13:04:54,649 [INFO] Got command from the client 'session,2022-02-21_12-43-07,done'
ptd-server 2022-02-21 13:04:54,649 [INFO] Sending to ptd: 'Stop'
ptd-server 2022-02-21 13:04:54,650 [INFO] Reply from ptd: 'Error: no measurement to stop'
ptd-server 2022-02-21 13:04:54,650 [INFO] Sending to ptd: 'SR,V,300.000000'
ptd-server 2022-02-21 13:04:56,151 [INFO] Reply from ptd: 'Range V changed'
ptd-server 2022-02-21 13:04:56,151 [INFO] Sending to ptd: 'SR,A,0.500000'
ptd-server 2022-02-21 13:04:57,652 [INFO] Reply from ptd: 'Range A changed'
ptd-server 2022-02-21 13:04:57,653 [INFO] Set initial values for Amps 0.500000 and Volts 300.000000
ptd-server 2022-02-21 13:04:57,653 [INFO] Stopping ptd...
