ptd-server 2022-02-24 05:42:50,805 [INFO] Got command from the client 'time'
ptd-server 2022-02-24 05:42:50,805 [INFO] Sending reply to client '1645681370.8058102'
ptd-server 2022-02-24 05:42:50,808 [INFO] Got command from the client 'new,,d182835b-53df-4b7e-9667-6079d9a37d16'
ptd-server 2022-02-24 05:42:50,808 [INFO] Sending reply to client 'OK 2022-02-24_05-42-50,cad2ac43-b925-496b-87eb-169ce9c8212c'
ptd-server 2022-02-24 05:42:50,845 [INFO] Got command from the client 'time'
ptd-server 2022-02-24 05:42:50,845 [INFO] Sending reply to client '1645681370.8454003'
ptd-server 2022-02-24 05:42:50,847 [INFO] Got command from the client 'session,2022-02-24_05-42-50,start,ranging'
ptd-server 2022-02-24 05:42:50,847 [INFO] Running PTDaemon: ['/home/anton/projects/mlperf/power/inference_v1.0/ptd-linux-x86', '-l', '/tmp/tmp0_fn53vp/ptd_logfile.txt', '-p', '8888', '49', '/dev/usbtmc0']
ptd-server 2022-02-24 05:43:08,021 [INFO] Sending to ptd: 'Hello'
ptd-server 2022-02-24 05:43:08,022 [INFO] Reply from ptd: 'Hello, PTDaemon here!'
ptd-server 2022-02-24 05:43:08,022 [INFO] Sending to ptd: 'Identify'
ptd-server 2022-02-24 05:43:08,023 [INFO] Reply from ptd: 'YokogawaWT310E,1000,1,1,1,1,0,1,1,version=1.9.2-e8c7a49a-20201208,OS=Linux 5.13.0-30-generic #33~20.04.1-Ubuntu SMP Mon Feb 7 14:25:10 UTC 2022 x86_64,mode=power,1,1,1,0,0,no_cal_date,YOKOGAWA;WT310E;C3XA04010E;F1.04'
ptd-server 2022-02-24 05:43:08,023 [INFO] Connected to PTDaemon
ptd-server 2022-02-24 05:43:08,023 [INFO] Sending to ptd: 'RR'
ptd-server 2022-02-24 05:43:08,023 [INFO] Reply from ptd: 'Ranges,0,0.500000,1,300.000000'
ptd-server 2022-02-24 05:43:08,023 [INFO] Initial range for Amps is 0.500000 for Volts is Auto
ptd-server 2022-02-24 05:43:08,023 [INFO] Sending to ptd: 'SR,V,Auto'
ptd-server 2022-02-24 05:43:08,526 [INFO] Reply from ptd: 'Range V changed'
ptd-server 2022-02-24 05:43:08,526 [INFO] Sending to ptd: 'SR,A,Auto'
ptd-server 2022-02-24 05:43:09,028 [INFO] Reply from ptd: 'Range A changed'
ptd-server 2022-02-24 05:43:19,039 [INFO] Starting ranging mode
ptd-server 2022-02-24 05:43:19,039 [INFO] Sending to ptd: 'Go,1000,0,2022-02-24_05-42-50_ranging'
ptd-server 2022-02-24 05:43:19,039 [INFO] Reply from ptd: 'Starting untimed measurement, maximum 500000 samples at 1000ms with 0 rampup samples'
ptd-server 2022-02-24 05:43:19,039 [INFO] Sending reply to client 'OK'
ptd-server 2022-02-24 05:53:41,516 [INFO] Got command from the client 'session,2022-02-24_05-42-50,stop,ranging'
ptd-server 2022-02-24 05:53:51,526 [INFO] Sending to ptd: 'Stop'
ptd-server 2022-02-24 05:53:51,527 [INFO] Reply from ptd: 'Stopping untimed measurement'
ptd-server 2022-02-24 05:53:51,596 [INFO] Sending reply to client 'OK'
ptd-server 2022-02-24 05:53:51,654 [INFO] Got command from the client 'time'
ptd-server 2022-02-24 05:53:51,654 [INFO] Sending reply to client '1645682031.6547859'
ptd-server 2022-02-24 05:53:51,656 [INFO] Got command from the client 'session,2022-02-24_05-42-50,start,testing'
ptd-server 2022-02-24 05:53:51,656 [INFO] Sending to ptd: 'SR,V,249.150000'
ptd-server 2022-02-24 05:53:53,540 [INFO] Reply from ptd: 'Range V changed'
ptd-server 2022-02-24 05:53:53,540 [INFO] Sending to ptd: 'SR,A,0.047050'
ptd-server 2022-02-24 05:53:55,042 [INFO] Reply from ptd: 'Range A changed'
ptd-server 2022-02-24 05:54:05,052 [INFO] Starting testing mode
ptd-server 2022-02-24 05:54:05,052 [INFO] Sending to ptd: 'Go,1000,0,2022-02-24_05-42-50_testing'
ptd-server 2022-02-24 05:54:05,052 [INFO] Reply from ptd: 'Starting untimed measurement, maximum 500000 samples at 1000ms with 0 rampup samples'
ptd-server 2022-02-24 05:54:05,053 [INFO] Sending reply to client 'OK'
ptd-server 2022-02-24 06:04:27,362 [INFO] Got command from the client 'session,2022-02-24_05-42-50,stop,testing'
ptd-server 2022-02-24 06:04:37,372 [INFO] Sending to ptd: 'Stop'
ptd-server 2022-02-24 06:04:37,373 [INFO] Reply from ptd: 'Stopping untimed measurement'
ptd-server 2022-02-24 06:04:37,409 [INFO] Sending reply to client 'OK'
ptd-server 2022-02-24 06:04:37,428 [INFO] Got command from the client 'session,2022-02-24_05-42-50,done'
ptd-server 2022-02-24 06:04:37,428 [INFO] Sending to ptd: 'Stop'
ptd-server 2022-02-24 06:04:38,053 [INFO] Reply from ptd: 'Error: no measurement to stop'
ptd-server 2022-02-24 06:04:38,053 [INFO] Sending to ptd: 'SR,V,Auto'
ptd-server 2022-02-24 06:04:38,555 [INFO] Reply from ptd: 'Range V changed'
ptd-server 2022-02-24 06:04:38,556 [INFO] Sending to ptd: 'SR,A,0.500000'
ptd-server 2022-02-24 06:04:40,057 [INFO] Reply from ptd: 'Range A changed'
ptd-server 2022-02-24 06:04:40,057 [INFO] Set initial values for Amps 0.500000 and Volts Auto
ptd-server 2022-02-24 06:04:40,057 [INFO] Stopping ptd...
