ptd-server 2022-02-20 14:51:09,632 [INFO] Got command from the client 'time'
ptd-server 2022-02-20 14:51:09,632 [INFO] Sending reply to client '1645368669.6328359'
ptd-server 2022-02-20 14:51:09,634 [INFO] Got command from the client 'new,,56a3fd5d-1b3c-4ef8-b575-7bcbc87bf9d1'
ptd-server 2022-02-20 14:51:09,634 [INFO] Sending reply to client 'OK 2022-02-20_14-51-09,21190a9b-d07c-4b46-99f7-db6d66a4d14f'
ptd-server 2022-02-20 14:51:09,664 [INFO] Got command from the client 'time'
ptd-server 2022-02-20 14:51:09,664 [INFO] Sending reply to client '1645368669.6647582'
ptd-server 2022-02-20 14:51:09,666 [INFO] Got command from the client 'session,2022-02-20_14-51-09,start,ranging'
ptd-server 2022-02-20 14:51:09,666 [INFO] Running PTDaemon: ['/home/anton/projects/mlperf/power/inference_v1.0/ptd-linux-x86', '-l', '/tmp/tmpgldyt7rr/ptd_logfile.txt', '-p', '8888', '49', '/dev/usbtmc0']
ptd-server 2022-02-20 14:51:26,839 [INFO] Sending to ptd: 'Hello'
ptd-server 2022-02-20 14:51:26,840 [INFO] Reply from ptd: 'Hello, PTDaemon here!'
ptd-server 2022-02-20 14:51:26,840 [INFO] Sending to ptd: 'Identify'
ptd-server 2022-02-20 14:51:26,841 [INFO] Reply from ptd: 'YokogawaWT310E,1000,1,1,1,1,0,1,1,version=1.9.2-e8c7a49a-20201208,OS=Linux 5.13.0-28-generic #31~20.04.1-Ubuntu SMP Wed Jan 19 14:08:10 UTC 2022 x86_64,mode=power,1,1,1,0,0,no_cal_date,YOKOGAWA;WT310E;C3XA04010E;F1.04'
ptd-server 2022-02-20 14:51:26,841 [INFO] Connected to PTDaemon
ptd-server 2022-02-20 14:51:26,841 [INFO] Sending to ptd: 'RR'
ptd-server 2022-02-20 14:51:26,841 [INFO] Reply from ptd: 'Ranges,0,0.500000,0,300.000000'
ptd-server 2022-02-20 14:51:26,841 [INFO] Initial range for Amps is 0.500000 for Volts is 300.000000
ptd-server 2022-02-20 14:51:26,841 [INFO] Sending to ptd: 'SR,V,Auto'
ptd-server 2022-02-20 14:51:27,344 [INFO] Reply from ptd: 'Range V changed'
ptd-server 2022-02-20 14:51:27,344 [INFO] Sending to ptd: 'SR,A,Auto'
ptd-server 2022-02-20 14:51:27,847 [INFO] Reply from ptd: 'Range A changed'
ptd-server 2022-02-20 14:51:37,857 [INFO] Starting ranging mode
ptd-server 2022-02-20 14:51:37,857 [INFO] Sending to ptd: 'Go,1000,0,2022-02-20_14-51-09_ranging'
ptd-server 2022-02-20 14:51:37,858 [INFO] Reply from ptd: 'Starting untimed measurement, maximum 500000 samples at 1000ms with 0 rampup samples'
ptd-server 2022-02-20 14:51:37,858 [INFO] Sending reply to client 'OK'
ptd-server 2022-02-20 15:01:55,122 [INFO] Got command from the client 'session,2022-02-20_14-51-09,stop,ranging'
ptd-server 2022-02-20 15:02:05,133 [INFO] Sending to ptd: 'Stop'
ptd-server 2022-02-20 15:02:05,133 [INFO] Reply from ptd: 'Stopping untimed measurement'
ptd-server 2022-02-20 15:02:05,620 [INFO] Sending reply to client 'OK'
ptd-server 2022-02-20 15:02:05,704 [INFO] Got command from the client 'time'
ptd-server 2022-02-20 15:02:05,704 [INFO] Sending reply to client '1645369325.704697'
ptd-server 2022-02-20 15:02:05,708 [INFO] Got command from the client 'session,2022-02-20_14-51-09,start,testing'
ptd-server 2022-02-20 15:02:05,708 [INFO] Sending to ptd: 'SR,V,249.260000'
ptd-server 2022-02-20 15:02:07,360 [INFO] Reply from ptd: 'Range V changed'
ptd-server 2022-02-20 15:02:07,360 [INFO] Sending to ptd: 'SR,A,0.045780'
ptd-server 2022-02-20 15:02:08,861 [INFO] Reply from ptd: 'Range A changed'
ptd-server 2022-02-20 15:02:18,872 [INFO] Starting testing mode
ptd-server 2022-02-20 15:02:18,872 [INFO] Sending to ptd: 'Go,1000,0,2022-02-20_14-51-09_testing'
ptd-server 2022-02-20 15:02:18,872 [INFO] Reply from ptd: 'Starting untimed measurement, maximum 500000 samples at 1000ms with 0 rampup samples'
ptd-server 2022-02-20 15:02:18,872 [INFO] Sending reply to client 'OK'
ptd-server 2022-02-20 15:12:37,111 [INFO] Got command from the client 'session,2022-02-20_14-51-09,stop,testing'
ptd-server 2022-02-20 15:12:47,122 [INFO] Sending to ptd: 'Stop'
ptd-server 2022-02-20 15:12:47,122 [INFO] Reply from ptd: 'Stopping untimed measurement'
ptd-server 2022-02-20 15:12:47,381 [INFO] Sending reply to client 'OK'
ptd-server 2022-02-20 15:12:47,426 [INFO] Got command from the client 'session,2022-02-20_14-51-09,done'
ptd-server 2022-02-20 15:12:47,426 [INFO] Sending to ptd: 'Stop'
ptd-server 2022-02-20 15:12:47,873 [INFO] Reply from ptd: 'Error: no measurement to stop'
ptd-server 2022-02-20 15:12:47,873 [INFO] Sending to ptd: 'SR,V,300.000000'
ptd-server 2022-02-20 15:12:49,374 [INFO] Reply from ptd: 'Range V changed'
ptd-server 2022-02-20 15:12:49,374 [INFO] Sending to ptd: 'SR,A,0.500000'
ptd-server 2022-02-20 15:12:50,876 [INFO] Reply from ptd: 'Range A changed'
ptd-server 2022-02-20 15:12:50,876 [INFO] Set initial values for Amps 0.500000 and Volts 300.000000
ptd-server 2022-02-20 15:12:50,876 [INFO] Stopping ptd...
