client 2022-02-24 21:38:19,514 [INFO] Sending command to the server: 'mlcommons/power client v3'
client 2022-02-24 21:38:19,515 [INFO] Got response: 'mlcommons/power server v3'
client 2022-02-24 21:38:19,515 [INFO] Sending command to the server: 'stop'
client 2022-02-24 21:38:19,516 [INFO] Got response: 'OK'
client 2022-02-24 21:38:19,516 [INFO] Synchronizing with the server and with 192.168.123.123...
client 2022-02-24 21:38:19,519 [INFO] NTP:offset = 0.000 s, delay = 0.000 s 
client 2022-02-24 21:38:19,519 [INFO] Sending command to the server: 'time'
client 2022-02-24 21:38:19,520 [INFO] Got response: '1645738699.5170348'
client 2022-02-24 21:38:19,520 [INFO] The time difference between the client and the server is within range 2.517 ms..3.207 ms
client 2022-02-24 21:38:19,520 [INFO] Sending command to the server: 'new,,16692a5a-92fc-4dad-a756-91cf93468437'
client 2022-02-24 21:38:19,521 [INFO] Got response: 'OK 2022-02-24_21-38-19,3fce4a45-9975-4997-92ae-348193b88a95'
client 2022-02-24 21:38:19,521 [INFO] Session id is '2022-02-24_21-38-19'
client 2022-02-24 21:38:19,521 [INFO] Sources: {"sources": {"__init__.py": "da39a3ee5e6b4b0d3255bfef95601890afd80709", "client.py": "33ca4f26368777ac06e01f9567b714a4b8063886", "lib/__init__.py": "da39a3ee5e6b4b0d3255bfef95601890afd80709", "lib/client.py": "4c2b78fb4849a7e5b584ef792d82aaed20b17f57", "lib/common.py": "624d0c0acc7c39aaff3674f0b99d6a09da53d1dc", "lib/external/__init__.py": "da39a3ee5e6b4b0d3255bfef95601890afd80709", "lib/external/ntplib.py": "4da8f970656505a40483206ef2b5d3dd5e81711d", "lib/server.py": "59c9fb92908260d3e9f81a895c7aa009742275e4", "lib/source_hashes.py": "60a2e02193209e8d392803326208d5466342da18", "lib/summary.py": "aa92f0a3f975eecd44d3c0cd0236342ccc9f941d", "lib/time_sync.py": "3210db56eb0ff0df57bf4293dc4d4b03fffd46f1", "server.py": "c3f90f2f7eeb4db30727556d0c815ebc89b3d28b", "tests/unit/__init__.py": "da39a3ee5e6b4b0d3255bfef95601890afd80709", "tests/unit/test_server.py": "99ae15aef722f2000ee6ed1ae1523637bf1ae42b", "tests/unit/test_source_hashes.py": "00468a2907583c593e6574a1f6b404e4651c221a"}, "modules": {"ptd_client_server.lib.client": "lib/client.py", "ptd_client_server.lib.common": "lib/common.py", "ptd_client_server.lib.external.ntplib": "lib/external/ntplib.py", "ptd_client_server.lib.source_hashes": "lib/source_hashes.py", "ptd_client_server.lib.summary": "lib/summary.py", "ptd_client_server.lib.time_sync": "lib/time_sync.py"}}
client 2022-02-24 21:38:19,521 [INFO] Running workload in ranging mode
client 2022-02-24 21:38:19,521 [INFO] Synchronizing with the server and with 192.168.123.123...
client 2022-02-24 21:38:19,522 [INFO] NTP:offset = -0.000 s, delay = 0.000 s 
client 2022-02-24 21:38:19,522 [INFO] Sending command to the server: 'time'
client 2022-02-24 21:38:19,523 [INFO] Got response: '1645738699.5170348'
client 2022-02-24 21:38:19,523 [INFO] The time difference between the client and the server is within range 5.706 ms..6.580 ms
client 2022-02-24 21:38:19,523 [INFO] Sending command to the server: 'session,2022-02-24_21-38-19,start,ranging'
client 2022-02-24 21:38:58,903 [INFO] Got response: 'OK'
client 2022-02-24 21:38:58,904 [INFO] Running the workload 'LOG_DIR=/work/build/power_logs_temp python3 code/main.py --benchmarks=bert --scenarios=server --config_ver=maxq_high_accuracy --action="run_harness" \\\n\t\t2>&1 | tee -a /work/build/power_logs/2022.02.24-21.37.58/stdout.txt \\\n\t\t&& if [ ! -d /work/build/power_logs/2022.02.24-21.37.58/ranging_tmp ]; \\\n\t\t\tthen mkdir /work/build/power_logs/2022.02.24-21.37.58/ranging_tmp \\\n\t\t\t\t&& mv /work/build/power_logs_temp/* /work/build/power_logs/2022.02.24-21.37.58/ranging_tmp/ \\\n\t\t\t\t&& cp -v /work/build/power_logs/2022.02.24-21.37.58/ranging_tmp/*/*/*/mlperf_log_detail.txt /work/build/power_logs_temp/ \\\n\t\t\t\t&& cp -v /work/build/power_logs/2022.02.24-21.37.58/ranging_tmp/*/*/*/mlperf_log_summary.txt /work/build/power_logs_temp/; \\\n\t\t\telse mkdir /work/build/power_logs/2022.02.24-21.37.58/testing_tmp \\\n\t\t\t\t&& mv /work/build/power_logs_temp/* /work/build/power_logs/2022.02.24-21.37.58/testing_tmp/ \\\n\t\t\t\t&& cp -v /work/build/power_logs/2022.02.24-21.37.58/testing_tmp/*/*/*/mlperf_log_detail.txt /work/build/power_logs_temp/ \\\n\t\t\t\t&& cp -v /work/build/power_logs/2022.02.24-21.37.58/testing_tmp/*/*/*/mlperf_log_summary.txt /work/build/power_logs_temp/; fi'
client 2022-02-24 22:54:54,791 [INFO] Sending command to the server: 'session,2022-02-24_21-38-19,stop,ranging'
client 2022-02-24 22:55:04,938 [INFO] Got response: 'OK'
client 2022-02-24 22:55:04,947 [INFO] Copying loadgen logs from '/work/build/power_logs_temp' to '/work/build/power_logs/2022.02.24-21.37.58/2022-02-24_21-38-19/ranging'
client 2022-02-24 22:55:04,947 [INFO] Running workload in testing mode
client 2022-02-24 22:55:04,947 [INFO] Synchronizing with the server and with 192.168.123.123...
client 2022-02-24 22:55:04,949 [INFO] NTP:offset = -0.000 s, delay = 0.000 s 
client 2022-02-24 22:55:04,949 [INFO] Sending command to the server: 'time'
client 2022-02-24 22:55:04,950 [INFO] Got response: '1645743304.7704325'
client 2022-02-24 22:55:04,950 [INFO] The time difference between the client and the server is within range 179.093 ms..180.077 ms
client 2022-02-24 22:55:04,950 [INFO] Sending command to the server: 'session,2022-02-24_21-38-19,start,testing'
client 2022-02-24 22:55:26,788 [INFO] Got response: 'OK'
client 2022-02-24 22:55:26,788 [INFO] Running the workload 'LOG_DIR=/work/build/power_logs_temp python3 code/main.py --benchmarks=bert --scenarios=server --config_ver=maxq_high_accuracy --action="run_harness" \\\n\t\t2>&1 | tee -a /work/build/power_logs/2022.02.24-21.37.58/stdout.txt \\\n\t\t&& if [ ! -d /work/build/power_logs/2022.02.24-21.37.58/ranging_tmp ]; \\\n\t\t\tthen mkdir /work/build/power_logs/2022.02.24-21.37.58/ranging_tmp \\\n\t\t\t\t&& mv /work/build/power_logs_temp/* /work/build/power_logs/2022.02.24-21.37.58/ranging_tmp/ \\\n\t\t\t\t&& cp -v /work/build/power_logs/2022.02.24-21.37.58/ranging_tmp/*/*/*/mlperf_log_detail.txt /work/build/power_logs_temp/ \\\n\t\t\t\t&& cp -v /work/build/power_logs/2022.02.24-21.37.58/ranging_tmp/*/*/*/mlperf_log_summary.txt /work/build/power_logs_temp/; \\\n\t\t\telse mkdir /work/build/power_logs/2022.02.24-21.37.58/testing_tmp \\\n\t\t\t\t&& mv /work/build/power_logs_temp/* /work/build/power_logs/2022.02.24-21.37.58/testing_tmp/ \\\n\t\t\t\t&& cp -v /work/build/power_logs/2022.02.24-21.37.58/testing_tmp/*/*/*/mlperf_log_detail.txt /work/build/power_logs_temp/ \\\n\t\t\t\t&& cp -v /work/build/power_logs/2022.02.24-21.37.58/testing_tmp/*/*/*/mlperf_log_summary.txt /work/build/power_logs_temp/; fi'
client 2022-02-25 00:11:22,918 [INFO] Sending command to the server: 'session,2022-02-24_21-38-19,stop,testing'
client 2022-02-25 00:11:32,959 [INFO] Got response: 'OK'
client 2022-02-25 00:11:32,962 [INFO] Copying loadgen logs from '/work/build/power_logs_temp' to '/work/build/power_logs/2022.02.24-21.37.58/2022-02-24_21-38-19/run_1'
client 2022-02-25 00:11:32,963 [INFO] Done runs
