ptd-server 2022-02-24 21:38:19,501 [INFO] Got command from the client 'stop'
ptd-server 2022-02-24 21:38:19,501 [INFO] The server will be stopped after processing this client
ptd-server 2022-02-24 21:38:19,501 [INFO] Sending reply to client 'OK'
ptd-server 2022-02-24 21:38:19,517 [INFO] Got command from the client 'time'
ptd-server 2022-02-24 21:38:19,517 [INFO] Sending reply to client '1645738699.5170348'
ptd-server 2022-02-24 21:38:19,517 [INFO] Got command from the client 'new,,16692a5a-92fc-4dad-a756-91cf93468437'
ptd-server 2022-02-24 21:38:19,517 [INFO] Sending reply to client 'OK 2022-02-24_21-38-19,3fce4a45-9975-4997-92ae-348193b88a95'
ptd-server 2022-02-24 21:38:19,517 [INFO] Got command from the client 'time'
ptd-server 2022-02-24 21:38:19,517 [INFO] Sending reply to client '1645738699.5170348'
ptd-server 2022-02-24 21:38:19,517 [INFO] Got command from the client 'session,2022-02-24_21-38-19,start,ranging'
ptd-server 2022-02-24 21:38:19,626 [INFO] Running PTDaemon: ['C:\\PTD\\ptd-windows-x86.exe', '-l', 'C:\\Users\\pa\\AppData\\Local\\Temp\\tmp4ivdch_3\\ptd_logfile.txt', '-p', '8888', '-c', '1,2', '-y', '77', 'C2WL21005V']
ptd-server 2022-02-24 21:38:38,731 [INFO] Sending to ptd: 'Hello'
ptd-server 2022-02-24 21:38:38,731 [INFO] Reply from ptd: 'Hello, PTDaemon here!'
ptd-server 2022-02-24 21:38:38,731 [INFO] Sending to ptd: 'Identify'
ptd-server 2022-02-24 21:38:38,731 [INFO] Reply from ptd: 'YokogawaWT330_multichannel,1000,1,1,1,1,0,0,1,version=1.9.2-3976349f-20201208,OS=Windows 8 / Server 2012,mode=power,1,1,2,0,0,no_cal_date,YOKOGAWA;WT333E;C2WL21005V;F1.04'
ptd-server 2022-02-24 21:38:38,731 [INFO] Connected to PTDaemon
ptd-server 2022-02-24 21:38:38,731 [INFO] Sending to ptd: 'RR'
ptd-server 2022-02-24 21:38:38,731 [INFO] Reply from ptd: 'Ranges,-1,-1.000000,-1,-1.000000'
ptd-server 2022-02-24 21:38:38,731 [INFO] Initial range for Amps is Auto for Volts is Auto
ptd-server 2022-02-24 21:38:38,731 [INFO] Sending to ptd: 'SR,V,Auto'
ptd-server 2022-02-24 21:38:43,809 [INFO] Reply from ptd: 'Range V changed'
ptd-server 2022-02-24 21:38:43,809 [INFO] Sending to ptd: 'SR,A,Auto'
ptd-server 2022-02-24 21:38:48,886 [INFO] Reply from ptd: 'Range A changed'
ptd-server 2022-02-24 21:38:58,899 [INFO] Starting ranging mode
ptd-server 2022-02-24 21:38:58,899 [INFO] Sending to ptd: 'Go,1000,0,2022-02-24_21-38-19_ranging'
ptd-server 2022-02-24 21:38:58,899 [INFO] Reply from ptd: 'Starting untimed measurement, maximum 500000 samples at 1000ms with 0 rampup samples'
ptd-server 2022-02-24 21:38:58,899 [INFO] Sending reply to client 'OK'
ptd-server 2022-02-24 22:54:54,616 [INFO] Got command from the client 'session,2022-02-24_21-38-19,stop,ranging'
ptd-server 2022-02-24 22:55:04,629 [INFO] Sending to ptd: 'Stop'
ptd-server 2022-02-24 22:55:04,629 [INFO] Reply from ptd: 'Stopping untimed measurement'
ptd-server 2022-02-24 22:55:04,754 [INFO] Sending reply to client 'OK'
ptd-server 2022-02-24 22:55:04,770 [INFO] Got command from the client 'time'
ptd-server 2022-02-24 22:55:04,770 [INFO] Sending reply to client '1645743304.7704325'
ptd-server 2022-02-24 22:55:04,770 [INFO] Got command from the client 'session,2022-02-24_21-38-19,start,testing'
ptd-server 2022-02-24 22:55:04,770 [INFO] Sending to ptd: 'SR,V,121.000000'
ptd-server 2022-02-24 22:55:11,003 [INFO] Reply from ptd: 'Range V changed'
ptd-server 2022-02-24 22:55:11,003 [INFO] Sending to ptd: 'SR,A,1.464600'
ptd-server 2022-02-24 22:55:16,596 [INFO] Reply from ptd: 'Range A changed'
ptd-server 2022-02-24 22:55:26,609 [INFO] Starting testing mode
ptd-server 2022-02-24 22:55:26,609 [INFO] Sending to ptd: 'Go,1000,0,2022-02-24_21-38-19_testing'
ptd-server 2022-02-24 22:55:26,609 [INFO] Reply from ptd: 'Starting untimed measurement, maximum 500000 samples at 1000ms with 0 rampup samples'
ptd-server 2022-02-24 22:55:26,609 [INFO] Sending reply to client 'OK'
ptd-server 2022-02-25 00:11:22,560 [INFO] Got command from the client 'session,2022-02-24_21-38-19,stop,testing'
ptd-server 2022-02-25 00:11:32,574 [INFO] Sending to ptd: 'Stop'
ptd-server 2022-02-25 00:11:32,574 [INFO] Reply from ptd: 'Stopping untimed measurement'
ptd-server 2022-02-25 00:11:32,605 [INFO] Sending reply to client 'OK'
ptd-server 2022-02-25 00:11:32,605 [INFO] Got command from the client 'session,2022-02-24_21-38-19,done'
ptd-server 2022-02-25 00:11:32,605 [INFO] Sending to ptd: 'Stop'
ptd-server 2022-02-25 00:11:32,621 [INFO] Reply from ptd: 'Error: no measurement to stop'
ptd-server 2022-02-25 00:11:32,621 [INFO] Sending to ptd: 'SR,V,Auto'
ptd-server 2022-02-25 00:11:37,698 [INFO] Reply from ptd: 'Range V changed'
ptd-server 2022-02-25 00:11:37,698 [INFO] Sending to ptd: 'SR,A,Auto'
ptd-server 2022-02-25 00:11:42,775 [INFO] Reply from ptd: 'Range A changed'
ptd-server 2022-02-25 00:11:42,775 [INFO] Set initial values for Amps Auto and Volts Auto
ptd-server 2022-02-25 00:11:42,775 [INFO] Stopping ptd...
