client 2022-02-20 13:36:05,207 [INFO] Sending command to the server: 'mlcommons/power client v3'
client 2022-02-20 13:36:05,208 [INFO] Got response: 'mlcommons/power server v3'
client 2022-02-20 13:36:05,208 [INFO] Sending command to the server: 'stop'
client 2022-02-20 13:36:05,210 [INFO] Got response: 'OK'
client 2022-02-20 13:36:05,210 [INFO] Synchronizing with the server and with ntp.aliyun.com...
client 2022-02-20 13:36:05,503 [INFO] NTP:offset = 0.068 s, delay = 0.026 s 
client 2022-02-20 13:36:05,503 [INFO] Sending command to the server: 'time'
client 2022-02-20 13:36:05,504 [INFO] Got response: '1645364165.4750466'
client 2022-02-20 13:36:05,504 [INFO] The time difference between the client and the server is within range 28.620 ms..29.840 ms
client 2022-02-20 13:36:05,505 [INFO] Sending command to the server: 'new,,85279f8c-57c0-4037-97a5-f144195578f5'
client 2022-02-20 13:36:05,506 [INFO] Got response: 'OK 2022-02-20_13-36-05,b413076a-8901-4863-aeaa-63b532565fe6'
client 2022-02-20 13:36:05,506 [INFO] Session id is '2022-02-20_13-36-05'
client 2022-02-20 13:36:05,506 [INFO] Sources: {"sources": {"__init__.py": "da39a3ee5e6b4b0d3255bfef95601890afd80709", "client.py": "33ca4f26368777ac06e01f9567b714a4b8063886", "lib/__init__.py": "da39a3ee5e6b4b0d3255bfef95601890afd80709", "lib/client.py": "4c2b78fb4849a7e5b584ef792d82aaed20b17f57", "lib/common.py": "624d0c0acc7c39aaff3674f0b99d6a09da53d1dc", "lib/external/__init__.py": "da39a3ee5e6b4b0d3255bfef95601890afd80709", "lib/external/ntplib.py": "4da8f970656505a40483206ef2b5d3dd5e81711d", "lib/server.py": "59c9fb92908260d3e9f81a895c7aa009742275e4", "lib/source_hashes.py": "60a2e02193209e8d392803326208d5466342da18", "lib/summary.py": "aa92f0a3f975eecd44d3c0cd0236342ccc9f941d", "lib/time_sync.py": "3210db56eb0ff0df57bf4293dc4d4b03fffd46f1", "server.py": "c3f90f2f7eeb4db30727556d0c815ebc89b3d28b", "tests/unit/__init__.py": "da39a3ee5e6b4b0d3255bfef95601890afd80709", "tests/unit/test_server.py": "99ae15aef722f2000ee6ed1ae1523637bf1ae42b", "tests/unit/test_source_hashes.py": "00468a2907583c593e6574a1f6b404e4651c221a"}, "modules": {"ptd_client_server.lib.client": "lib/client.py", "ptd_client_server.lib.common": "lib/common.py", "ptd_client_server.lib.external.ntplib": "lib/external/ntplib.py", "ptd_client_server.lib.source_hashes": "lib/source_hashes.py", "ptd_client_server.lib.summary": "lib/summary.py", "ptd_client_server.lib.time_sync": "lib/time_sync.py"}}
client 2022-02-20 13:36:05,506 [INFO] Running workload in ranging mode
client 2022-02-20 13:36:05,507 [INFO] Synchronizing with the server and with ntp.aliyun.com...
client 2022-02-20 13:36:05,647 [INFO] NTP:offset = 0.068 s, delay = 0.023 s 
client 2022-02-20 13:36:05,647 [INFO] Sending command to the server: 'time'
client 2022-02-20 13:36:05,649 [INFO] Got response: '1645364165.6189387'
client 2022-02-20 13:36:05,649 [INFO] The time difference between the client and the server is within range 28.642 ms..30.487 ms
client 2022-02-20 13:36:05,649 [INFO] Sending command to the server: 'session,2022-02-20_13-36-05,start,ranging'
client 2022-02-20 13:36:35,998 [INFO] Got response: 'OK'
client 2022-02-20 13:36:35,998 [INFO] Running the workload 'LOG_DIR=/work/build/power_logs_temp python3 code/main.py --benchmarks=3d-unet --scenarios=Offline --config_ver=high_accuracy_maxq --test_mode=PerformanceOnly --action="run_harness" \\\n\t\t2>&1 | tee -a /work/build/power_logs/2022.02.20-13.35.55/stdout.txt \\\n\t\t&& if [ ! -d /work/build/power_logs/2022.02.20-13.35.55/ranging_tmp ]; \\\n\t\t\tthen mkdir /work/build/power_logs/2022.02.20-13.35.55/ranging_tmp \\\n\t\t\t\t&& mv /work/build/power_logs_temp/* /work/build/power_logs/2022.02.20-13.35.55/ranging_tmp/ \\\n\t\t\t\t&& cp -v /work/build/power_logs/2022.02.20-13.35.55/ranging_tmp/*/*/*/mlperf_log_detail.txt /work/build/power_logs_temp/ \\\n\t\t\t\t&& cp -v /work/build/power_logs/2022.02.20-13.35.55/ranging_tmp/*/*/*/mlperf_log_summary.txt /work/build/power_logs_temp/; \\\n\t\t\telse mkdir /work/build/power_logs/2022.02.20-13.35.55/testing_tmp \\\n\t\t\t\t&& mv /work/build/power_logs_temp/* /work/build/power_logs/2022.02.20-13.35.55/testing_tmp/ \\\n\t\t\t\t&& cp -v /work/build/power_logs/2022.02.20-13.35.55/testing_tmp/*/*/*/mlperf_log_detail.txt /work/build/power_logs_temp/ \\\n\t\t\t\t&& cp -v /work/build/power_logs/2022.02.20-13.35.55/testing_tmp/*/*/*/mlperf_log_summary.txt /work/build/power_logs_temp/; fi'
client 2022-02-20 14:46:20,957 [INFO] Sending command to the server: 'session,2022-02-20_13-36-05,stop,ranging'
client 2022-02-20 14:46:31,020 [INFO] Got response: 'OK'
client 2022-02-20 14:46:31,029 [INFO] Copying loadgen logs from '/work/build/power_logs_temp' to '/work/build/power_logs/2022.02.20-13.35.55/2022-02-20_13-36-05/ranging'
client 2022-02-20 14:46:31,030 [INFO] Running workload in testing mode
client 2022-02-20 14:46:31,030 [INFO] Synchronizing with the server and with ntp.aliyun.com...
client 2022-02-20 14:46:31,177 [INFO] NTP:offset = 0.065 s, delay = 0.029 s 
client 2022-02-20 14:46:31,177 [INFO] Sending command to the server: 'time'
client 2022-02-20 14:46:31,180 [INFO] Got response: '1645368391.1135993'
client 2022-02-20 14:46:31,180 [INFO] The time difference between the client and the server is within range 64.167 ms..66.509 ms
client 2022-02-20 14:46:31,180 [INFO] Sending command to the server: 'session,2022-02-20_13-36-05,start,testing'
client 2022-02-20 14:46:44,375 [INFO] Got response: 'OK'
client 2022-02-20 14:46:44,376 [INFO] Running the workload 'LOG_DIR=/work/build/power_logs_temp python3 code/main.py --benchmarks=3d-unet --scenarios=Offline --config_ver=high_accuracy_maxq --test_mode=PerformanceOnly --action="run_harness" \\\n\t\t2>&1 | tee -a /work/build/power_logs/2022.02.20-13.35.55/stdout.txt \\\n\t\t&& if [ ! -d /work/build/power_logs/2022.02.20-13.35.55/ranging_tmp ]; \\\n\t\t\tthen mkdir /work/build/power_logs/2022.02.20-13.35.55/ranging_tmp \\\n\t\t\t\t&& mv /work/build/power_logs_temp/* /work/build/power_logs/2022.02.20-13.35.55/ranging_tmp/ \\\n\t\t\t\t&& cp -v /work/build/power_logs/2022.02.20-13.35.55/ranging_tmp/*/*/*/mlperf_log_detail.txt /work/build/power_logs_temp/ \\\n\t\t\t\t&& cp -v /work/build/power_logs/2022.02.20-13.35.55/ranging_tmp/*/*/*/mlperf_log_summary.txt /work/build/power_logs_temp/; \\\n\t\t\telse mkdir /work/build/power_logs/2022.02.20-13.35.55/testing_tmp \\\n\t\t\t\t&& mv /work/build/power_logs_temp/* /work/build/power_logs/2022.02.20-13.35.55/testing_tmp/ \\\n\t\t\t\t&& cp -v /work/build/power_logs/2022.02.20-13.35.55/testing_tmp/*/*/*/mlperf_log_detail.txt /work/build/power_logs_temp/ \\\n\t\t\t\t&& cp -v /work/build/power_logs/2022.02.20-13.35.55/testing_tmp/*/*/*/mlperf_log_summary.txt /work/build/power_logs_temp/; fi'
client 2022-02-20 15:56:33,789 [INFO] Sending command to the server: 'session,2022-02-20_13-36-05,stop,testing'
client 2022-02-20 15:56:43,824 [INFO] Got response: 'OK'
client 2022-02-20 15:56:43,825 [INFO] Copying loadgen logs from '/work/build/power_logs_temp' to '/work/build/power_logs/2022.02.20-13.35.55/2022-02-20_13-36-05/run_1'
client 2022-02-20 15:56:43,826 [INFO] Done runs
