ptd-server 2022-02-20 13:36:05,179 [INFO] Got command from the client 'stop'
ptd-server 2022-02-20 13:36:05,179 [INFO] The server will be stopped after processing this client
ptd-server 2022-02-20 13:36:05,179 [INFO] Sending reply to client 'OK'
ptd-server 2022-02-20 13:36:05,474 [INFO] Got command from the client 'time'
ptd-server 2022-02-20 13:36:05,475 [INFO] Sending reply to client '1645364165.4750466'
ptd-server 2022-02-20 13:36:05,476 [INFO] Got command from the client 'new,,85279f8c-57c0-4037-97a5-f144195578f5'
ptd-server 2022-02-20 13:36:05,476 [INFO] Sending reply to client 'OK 2022-02-20_13-36-05,b413076a-8901-4863-aeaa-63b532565fe6'
ptd-server 2022-02-20 13:36:05,618 [INFO] Got command from the client 'time'
ptd-server 2022-02-20 13:36:05,619 [INFO] Sending reply to client '1645364165.6189387'
ptd-server 2022-02-20 13:36:05,620 [INFO] Got command from the client 'session,2022-02-20_13-36-05,start,ranging'
ptd-server 2022-02-20 13:36:05,728 [INFO] Running PTDaemon: ['C:\\PTD\\ptd-windows-x86.exe', '-l', 'C:\\Users\\mlperf\\AppData\\Local\\Temp\\tmpv5p8k6_8\\ptd_logfile.txt', '-p', '8888', '49', 'COM4']
ptd-server 2022-02-20 13:36:24,811 [INFO] Sending to ptd: 'Hello'
ptd-server 2022-02-20 13:36:24,816 [INFO] Reply from ptd: 'Hello, PTDaemon here!'
ptd-server 2022-02-20 13:36:24,816 [INFO] Sending to ptd: 'Identify'
ptd-server 2022-02-20 13:36:24,817 [INFO] Reply from ptd: 'YokogawaWT310E,1000,1,1,1,1,0,1,1,version=1.9.2-3976349f-20201208,OS=Windows 8 / Server 2012,mode=power,1,1,1,0,0,no_cal_date,YOKOGAWA;WT310E;C3TA11005E;F1.02'
ptd-server 2022-02-20 13:36:24,818 [INFO] Connected to PTDaemon
ptd-server 2022-02-20 13:36:24,818 [INFO] Sending to ptd: 'RR'
ptd-server 2022-02-20 13:36:24,819 [INFO] Reply from ptd: 'Ranges,0,10.000000,0,300.000000'
ptd-server 2022-02-20 13:36:24,819 [INFO] Initial range for Amps is 10.000000 for Volts is 300.000000
ptd-server 2022-02-20 13:36:24,819 [INFO] Sending to ptd: 'SR,V,Auto'
ptd-server 2022-02-20 13:36:25,387 [INFO] Reply from ptd: 'Range V changed'
ptd-server 2022-02-20 13:36:25,388 [INFO] Sending to ptd: 'SR,A,Auto'
ptd-server 2022-02-20 13:36:25,956 [INFO] Reply from ptd: 'Range A changed'
ptd-server 2022-02-20 13:36:35,963 [INFO] Starting ranging mode
ptd-server 2022-02-20 13:36:35,967 [INFO] Sending to ptd: 'Go,1000,0,2022-02-20_13-36-05_ranging'
ptd-server 2022-02-20 13:36:35,967 [INFO] Reply from ptd: 'Starting untimed measurement, maximum 500000 samples at 1000ms with 0 rampup samples'
ptd-server 2022-02-20 13:36:35,968 [INFO] Sending reply to client 'OK'
ptd-server 2022-02-20 14:46:20,893 [INFO] Got command from the client 'session,2022-02-20_13-36-05,stop,ranging'
ptd-server 2022-02-20 14:46:30,901 [INFO] Sending to ptd: 'Stop'
ptd-server 2022-02-20 14:46:30,906 [INFO] Reply from ptd: 'Stopping untimed measurement'
ptd-server 2022-02-20 14:46:30,953 [INFO] Sending reply to client 'OK'
ptd-server 2022-02-20 14:46:31,112 [INFO] Got command from the client 'time'
ptd-server 2022-02-20 14:46:31,113 [INFO] Sending reply to client '1645368391.1135993'
ptd-server 2022-02-20 14:46:31,115 [INFO] Got command from the client 'session,2022-02-20_13-36-05,start,testing'
ptd-server 2022-02-20 14:46:31,115 [INFO] Sending to ptd: 'SR,V,225.420000'
ptd-server 2022-02-20 14:46:32,705 [INFO] Reply from ptd: 'Range V changed'
ptd-server 2022-02-20 14:46:32,710 [INFO] Sending to ptd: 'SR,A,4.429300'
ptd-server 2022-02-20 14:46:34,292 [INFO] Reply from ptd: 'Range A changed'
ptd-server 2022-02-20 14:46:44,307 [INFO] Starting testing mode
ptd-server 2022-02-20 14:46:44,307 [INFO] Sending to ptd: 'Go,1000,0,2022-02-20_13-36-05_testing'
ptd-server 2022-02-20 14:46:44,308 [INFO] Reply from ptd: 'Starting untimed measurement, maximum 500000 samples at 1000ms with 0 rampup samples'
ptd-server 2022-02-20 14:46:44,308 [INFO] Sending reply to client 'OK'
ptd-server 2022-02-20 15:56:33,618 [INFO] Got command from the client 'session,2022-02-20_13-36-05,stop,testing'
ptd-server 2022-02-20 15:56:43,623 [INFO] Sending to ptd: 'Stop'
ptd-server 2022-02-20 15:56:43,628 [INFO] Reply from ptd: 'Stopping untimed measurement'
ptd-server 2022-02-20 15:56:43,649 [INFO] Sending reply to client 'OK'
ptd-server 2022-02-20 15:56:43,657 [INFO] Got command from the client 'session,2022-02-20_13-36-05,done'
ptd-server 2022-02-20 15:56:43,658 [INFO] Sending to ptd: 'Stop'
ptd-server 2022-02-20 15:56:44,326 [INFO] Reply from ptd: 'Error: no measurement to stop'
ptd-server 2022-02-20 15:56:44,327 [INFO] Sending to ptd: 'SR,V,300.000000'
ptd-server 2022-02-20 15:56:45,917 [INFO] Reply from ptd: 'Range V changed'
ptd-server 2022-02-20 15:56:45,918 [INFO] Sending to ptd: 'SR,A,10.000000'
ptd-server 2022-02-20 15:56:47,505 [INFO] Reply from ptd: 'Range A changed'
ptd-server 2022-02-20 15:56:47,510 [INFO] Set initial values for Amps 10.000000 and Volts 300.000000
ptd-server 2022-02-20 15:56:47,511 [INFO] Stopping ptd...
