client 2022-02-24 09:40:08,590 [INFO] Sending command to the server: 'mlcommons/power client v3'
client 2022-02-24 09:40:08,596 [INFO] Got response: 'mlcommons/power server v3'
client 2022-02-24 09:40:08,596 [INFO] Sending command to the server: 'stop'
client 2022-02-24 09:40:08,597 [INFO] Got response: 'OK'
client 2022-02-24 09:40:08,597 [INFO] Synchronizing with the server and with ib-01.dc4-in.nvidia.com...
client 2022-02-24 09:40:08,801 [INFO] NTP:offset = -0.001 s, delay = 0.202 s 
client 2022-02-24 09:40:08,801 [INFO] Sending command to the server: 'time'
client 2022-02-24 09:40:08,802 [INFO] Got response: '1645695608.737468'
client 2022-02-24 09:40:08,802 [INFO] The time difference between the client and the server is within range 64.020 ms..64.881 ms
client 2022-02-24 09:40:08,802 [INFO] Sending command to the server: 'new,,ce06a335-d8d2-4e1c-b61f-2f2e3cc35854'
client 2022-02-24 09:40:08,803 [INFO] Got response: 'OK 2022-02-24_01-40-08,c6cf581a-eb1a-44d8-9d32-8729b04a991b'
client 2022-02-24 09:40:08,803 [INFO] Session id is '2022-02-24_01-40-08'
client 2022-02-24 09:40:08,803 [INFO] Sources: {"sources": {"__init__.py": "da39a3ee5e6b4b0d3255bfef95601890afd80709", "client.py": "33ca4f26368777ac06e01f9567b714a4b8063886", "lib/__init__.py": "da39a3ee5e6b4b0d3255bfef95601890afd80709", "lib/client.py": "4c2b78fb4849a7e5b584ef792d82aaed20b17f57", "lib/common.py": "624d0c0acc7c39aaff3674f0b99d6a09da53d1dc", "lib/external/__init__.py": "da39a3ee5e6b4b0d3255bfef95601890afd80709", "lib/external/ntplib.py": "4da8f970656505a40483206ef2b5d3dd5e81711d", "lib/server.py": "59c9fb92908260d3e9f81a895c7aa009742275e4", "lib/source_hashes.py": "60a2e02193209e8d392803326208d5466342da18", "lib/summary.py": "aa92f0a3f975eecd44d3c0cd0236342ccc9f941d", "lib/time_sync.py": "3210db56eb0ff0df57bf4293dc4d4b03fffd46f1", "server.py": "c3f90f2f7eeb4db30727556d0c815ebc89b3d28b", "tests/unit/__init__.py": "da39a3ee5e6b4b0d3255bfef95601890afd80709", "tests/unit/test_server.py": "99ae15aef722f2000ee6ed1ae1523637bf1ae42b", "tests/unit/test_source_hashes.py": "00468a2907583c593e6574a1f6b404e4651c221a"}, "modules": {"ptd_client_server.lib.client": "lib/client.py", "ptd_client_server.lib.common": "lib/common.py", "ptd_client_server.lib.external.ntplib": "lib/external/ntplib.py", "ptd_client_server.lib.source_hashes": "lib/source_hashes.py", "ptd_client_server.lib.summary": "lib/summary.py", "ptd_client_server.lib.time_sync": "lib/time_sync.py"}}
client 2022-02-24 09:40:08,805 [INFO] Running workload in ranging mode
client 2022-02-24 09:40:08,805 [INFO] Synchronizing with the server and with ib-01.dc4-in.nvidia.com...
client 2022-02-24 09:40:09,016 [INFO] NTP:offset = 0.002 s, delay = 0.210 s 
client 2022-02-24 09:40:09,016 [INFO] Sending command to the server: 'time'
client 2022-02-24 09:40:09,017 [INFO] Got response: '1645695608.9406245'
client 2022-02-24 09:40:09,017 [INFO] The time difference between the client and the server is within range 75.554 ms..76.650 ms
client 2022-02-24 09:40:09,017 [INFO] Sending command to the server: 'session,2022-02-24_01-40-08,start,ranging'
client 2022-02-24 09:40:49,293 [INFO] Got response: 'OK'
client 2022-02-24 09:40:49,293 [INFO] Running the workload 'LOG_DIR=/work/build/power_logs_temp python3 code/main.py --benchmarks=bert --scenarios=Offline --config_ver=maxq_high_accuracy --action="run_harness" \\\n\t\t2>&1 | tee -a /work/build/power_logs/2022.02.24-09.39.49/stdout.txt \\\n\t\t&& if [ ! -d /work/build/power_logs/2022.02.24-09.39.49/ranging_tmp ]; \\\n\t\t\tthen mkdir /work/build/power_logs/2022.02.24-09.39.49/ranging_tmp \\\n\t\t\t\t&& mv /work/build/power_logs_temp/* /work/build/power_logs/2022.02.24-09.39.49/ranging_tmp/ \\\n\t\t\t\t&& cp -v /work/build/power_logs/2022.02.24-09.39.49/ranging_tmp/*/*/*/mlperf_log_detail.txt /work/build/power_logs_temp/ \\\n\t\t\t\t&& cp -v /work/build/power_logs/2022.02.24-09.39.49/ranging_tmp/*/*/*/mlperf_log_summary.txt /work/build/power_logs_temp/; \\\n\t\t\telse mkdir /work/build/power_logs/2022.02.24-09.39.49/testing_tmp \\\n\t\t\t\t&& mv /work/build/power_logs_temp/* /work/build/power_logs/2022.02.24-09.39.49/testing_tmp/ \\\n\t\t\t\t&& cp -v /work/build/power_logs/2022.02.24-09.39.49/testing_tmp/*/*/*/mlperf_log_detail.txt /work/build/power_logs_temp/ \\\n\t\t\t\t&& cp -v /work/build/power_logs/2022.02.24-09.39.49/testing_tmp/*/*/*/mlperf_log_summary.txt /work/build/power_logs_temp/; fi'
client 2022-02-24 09:51:54,443 [INFO] Sending command to the server: 'session,2022-02-24_01-40-08,stop,ranging'
client 2022-02-24 09:52:04,502 [INFO] Got response: 'OK'
client 2022-02-24 09:52:04,508 [INFO] Copying loadgen logs from '/work/build/power_logs_temp' to '/work/build/power_logs/2022.02.24-09.39.49/2022-02-24_01-40-08/ranging'
client 2022-02-24 09:52:04,517 [INFO] Running workload in testing mode
client 2022-02-24 09:52:04,517 [INFO] Synchronizing with the server and with ib-01.dc4-in.nvidia.com...
client 2022-02-24 09:52:04,720 [INFO] NTP:offset = -0.001 s, delay = 0.202 s 
client 2022-02-24 09:52:04,720 [INFO] Sending command to the server: 'time'
client 2022-02-24 09:52:04,721 [INFO] Got response: '1645696324.6417062'
client 2022-02-24 09:52:04,721 [INFO] The time difference between the client and the server is within range 78.530 ms..79.679 ms
client 2022-02-24 09:52:04,721 [INFO] Sending command to the server: 'session,2022-02-24_01-40-08,start,testing'
client 2022-02-24 09:52:26,962 [INFO] Got response: 'OK'
client 2022-02-24 09:52:26,962 [INFO] Running the workload 'LOG_DIR=/work/build/power_logs_temp python3 code/main.py --benchmarks=bert --scenarios=Offline --config_ver=maxq_high_accuracy --action="run_harness" \\\n\t\t2>&1 | tee -a /work/build/power_logs/2022.02.24-09.39.49/stdout.txt \\\n\t\t&& if [ ! -d /work/build/power_logs/2022.02.24-09.39.49/ranging_tmp ]; \\\n\t\t\tthen mkdir /work/build/power_logs/2022.02.24-09.39.49/ranging_tmp \\\n\t\t\t\t&& mv /work/build/power_logs_temp/* /work/build/power_logs/2022.02.24-09.39.49/ranging_tmp/ \\\n\t\t\t\t&& cp -v /work/build/power_logs/2022.02.24-09.39.49/ranging_tmp/*/*/*/mlperf_log_detail.txt /work/build/power_logs_temp/ \\\n\t\t\t\t&& cp -v /work/build/power_logs/2022.02.24-09.39.49/ranging_tmp/*/*/*/mlperf_log_summary.txt /work/build/power_logs_temp/; \\\n\t\t\telse mkdir /work/build/power_logs/2022.02.24-09.39.49/testing_tmp \\\n\t\t\t\t&& mv /work/build/power_logs_temp/* /work/build/power_logs/2022.02.24-09.39.49/testing_tmp/ \\\n\t\t\t\t&& cp -v /work/build/power_logs/2022.02.24-09.39.49/testing_tmp/*/*/*/mlperf_log_detail.txt /work/build/power_logs_temp/ \\\n\t\t\t\t&& cp -v /work/build/power_logs/2022.02.24-09.39.49/testing_tmp/*/*/*/mlperf_log_summary.txt /work/build/power_logs_temp/; fi'
client 2022-02-24 10:03:34,402 [INFO] Sending command to the server: 'session,2022-02-24_01-40-08,stop,testing'
client 2022-02-24 10:03:44,431 [INFO] Got response: 'OK'
client 2022-02-24 10:03:44,435 [INFO] Copying loadgen logs from '/work/build/power_logs_temp' to '/work/build/power_logs/2022.02.24-09.39.49/2022-02-24_01-40-08/run_1'
client 2022-02-24 10:03:44,443 [INFO] Done runs
