ptd-server 2022-02-24 01:40:08,521 [INFO] Got command from the client 'stop'
ptd-server 2022-02-24 01:40:08,521 [INFO] The server will be stopped after processing this client
ptd-server 2022-02-24 01:40:08,521 [INFO] Sending reply to client 'OK'
ptd-server 2022-02-24 01:40:08,737 [INFO] Got command from the client 'time'
ptd-server 2022-02-24 01:40:08,737 [INFO] Sending reply to client '1645695608.737468'
ptd-server 2022-02-24 01:40:08,737 [INFO] Got command from the client 'new,,ce06a335-d8d2-4e1c-b61f-2f2e3cc35854'
ptd-server 2022-02-24 01:40:08,737 [INFO] Sending reply to client 'OK 2022-02-24_01-40-08,c6cf581a-eb1a-44d8-9d32-8729b04a991b'
ptd-server 2022-02-24 01:40:08,940 [INFO] Got command from the client 'time'
ptd-server 2022-02-24 01:40:08,940 [INFO] Sending reply to client '1645695608.9406245'
ptd-server 2022-02-24 01:40:08,940 [INFO] Got command from the client 'session,2022-02-24_01-40-08,start,ranging'
ptd-server 2022-02-24 01:40:09,050 [INFO] Running PTDaemon: ['C:\\PTD\\ptd-windows-x86.exe', '-l', 'C:\\Users\\lab\\AppData\\Local\\Temp\\tmp_ez7bc8t\\ptd_logfile.txt', '-p', '8888', '-c', '1,3', '-y', '77', '10.34.232.250']
ptd-server 2022-02-24 01:40:29,067 [INFO] Sending to ptd: 'Hello'
ptd-server 2022-02-24 01:40:29,067 [INFO] Reply from ptd: 'Hello, PTDaemon here!'
ptd-server 2022-02-24 01:40:29,067 [INFO] Sending to ptd: 'Identify'
ptd-server 2022-02-24 01:40:29,067 [INFO] Reply from ptd: 'YokogawaWT330_multichannel,1000,1,1,1,1,0,0,1,version=1.9.2-3976349f-20201208,OS=Windows 8 / Server 2012,mode=power,1,1,2,0,0,no_cal_date,YOKOGAWA;WT333E;C2WA21018V;F1.04'
ptd-server 2022-02-24 01:40:29,067 [INFO] Connected to PTDaemon
ptd-server 2022-02-24 01:40:29,067 [INFO] Sending to ptd: 'RR'
ptd-server 2022-02-24 01:40:29,067 [INFO] Reply from ptd: 'Ranges,0,20.000000,1,300.000000'
ptd-server 2022-02-24 01:40:29,067 [INFO] Initial range for Amps is 20.000000 for Volts is Auto
ptd-server 2022-02-24 01:40:29,067 [INFO] Sending to ptd: 'SR,V,Auto'
ptd-server 2022-02-24 01:40:34,134 [INFO] Reply from ptd: 'Range V changed'
ptd-server 2022-02-24 01:40:34,134 [INFO] Sending to ptd: 'SR,A,Auto'
ptd-server 2022-02-24 01:40:39,209 [INFO] Reply from ptd: 'Range A changed'
ptd-server 2022-02-24 01:40:49,222 [INFO] Starting ranging mode
ptd-server 2022-02-24 01:40:49,222 [INFO] Sending to ptd: 'Go,1000,0,2022-02-24_01-40-08_ranging'
ptd-server 2022-02-24 01:40:49,222 [INFO] Reply from ptd: 'Starting untimed measurement, maximum 500000 samples at 1000ms with 0 rampup samples'
ptd-server 2022-02-24 01:40:49,222 [INFO] Sending reply to client 'OK'
ptd-server 2022-02-24 01:51:54,366 [INFO] Got command from the client 'session,2022-02-24_01-40-08,stop,ranging'
ptd-server 2022-02-24 01:52:04,391 [INFO] Sending to ptd: 'Stop'
ptd-server 2022-02-24 01:52:04,391 [INFO] Reply from ptd: 'Stopping untimed measurement'
ptd-server 2022-02-24 01:52:04,422 [INFO] Sending reply to client 'OK'
ptd-server 2022-02-24 01:52:04,641 [INFO] Got command from the client 'time'
ptd-server 2022-02-24 01:52:04,641 [INFO] Sending reply to client '1645696324.6417062'
ptd-server 2022-02-24 01:52:04,641 [INFO] Got command from the client 'session,2022-02-24_01-40-08,start,testing'
ptd-server 2022-02-24 01:52:04,657 [INFO] Sending to ptd: 'SR,V,209.110000'
ptd-server 2022-02-24 01:52:11,317 [INFO] Reply from ptd: 'Range V changed'
ptd-server 2022-02-24 01:52:11,317 [INFO] Sending to ptd: 'SR,A,5.452500'
ptd-server 2022-02-24 01:52:16,890 [INFO] Reply from ptd: 'Range A changed'
ptd-server 2022-02-24 01:52:26,890 [INFO] Starting testing mode
ptd-server 2022-02-24 01:52:26,890 [INFO] Sending to ptd: 'Go,1000,0,2022-02-24_01-40-08_testing'
ptd-server 2022-02-24 01:52:26,890 [INFO] Reply from ptd: 'Starting untimed measurement, maximum 500000 samples at 1000ms with 0 rampup samples'
ptd-server 2022-02-24 01:52:26,890 [INFO] Sending reply to client 'OK'
ptd-server 2022-02-24 02:03:34,337 [INFO] Got command from the client 'session,2022-02-24_01-40-08,stop,testing'
ptd-server 2022-02-24 02:03:44,339 [INFO] Sending to ptd: 'Stop'
ptd-server 2022-02-24 02:03:44,344 [INFO] Reply from ptd: 'Stopping untimed measurement'
ptd-server 2022-02-24 02:03:44,357 [INFO] Sending reply to client 'OK'
ptd-server 2022-02-24 02:03:44,388 [INFO] Got command from the client 'session,2022-02-24_01-40-08,done'
ptd-server 2022-02-24 02:03:44,388 [INFO] Sending to ptd: 'Stop'
ptd-server 2022-02-24 02:03:44,893 [INFO] Reply from ptd: 'Error: no measurement to stop'
ptd-server 2022-02-24 02:03:44,893 [INFO] Sending to ptd: 'SR,V,Auto'
ptd-server 2022-02-24 02:03:49,966 [INFO] Reply from ptd: 'Range V changed'
ptd-server 2022-02-24 02:03:49,966 [INFO] Sending to ptd: 'SR,A,20.000000'
ptd-server 2022-02-24 02:03:55,560 [INFO] Reply from ptd: 'Range A changed'
ptd-server 2022-02-24 02:03:55,560 [INFO] Set initial values for Amps 20.000000 and Volts Auto
ptd-server 2022-02-24 02:03:55,560 [INFO] Stopping ptd...
