ptd-server 2022-02-17 23:37:29,613 [INFO] Got command from the client 'time'
ptd-server 2022-02-17 23:37:29,613 [INFO] Sending reply to client '1645141049.6138253'
ptd-server 2022-02-17 23:37:29,616 [INFO] Got command from the client 'new,,5396ec0b-b1f7-4e77-bf95-ad715031f948'
ptd-server 2022-02-17 23:37:29,616 [INFO] Sending reply to client 'OK 2022-02-17_23-37-29,f2847330-0c28-40a0-9a15-20df01303874'
ptd-server 2022-02-17 23:37:29,662 [INFO] Got command from the client 'time'
ptd-server 2022-02-17 23:37:29,663 [INFO] Sending reply to client '1645141049.6630816'
ptd-server 2022-02-17 23:37:29,665 [INFO] Got command from the client 'session,2022-02-17_23-37-29,start,ranging'
ptd-server 2022-02-17 23:37:29,666 [INFO] Running PTDaemon: ['/home/anton/projects/mlperf/power/inference_v1.0/ptd-linux-x86', '-l', '/tmp/tmpgldyt7rr/ptd_logfile.txt', '-p', '8888', '49', '/dev/usbtmc0']
ptd-server 2022-02-17 23:37:46,840 [INFO] Sending to ptd: 'Hello'
ptd-server 2022-02-17 23:37:46,840 [INFO] Reply from ptd: 'Hello, PTDaemon here!'
ptd-server 2022-02-17 23:37:46,841 [INFO] Sending to ptd: 'Identify'
ptd-server 2022-02-17 23:37:46,841 [INFO] Reply from ptd: 'YokogawaWT310E,1000,1,1,1,1,0,1,1,version=1.9.2-e8c7a49a-20201208,OS=Linux 5.13.0-28-generic #31~20.04.1-Ubuntu SMP Wed Jan 19 14:08:10 UTC 2022 x86_64,mode=power,1,1,1,0,0,no_cal_date,YOKOGAWA;WT310E;C3XA04010E;F1.04'
ptd-server 2022-02-17 23:37:46,841 [INFO] Connected to PTDaemon
ptd-server 2022-02-17 23:37:46,841 [INFO] Sending to ptd: 'RR'
ptd-server 2022-02-17 23:37:46,842 [INFO] Reply from ptd: 'Ranges,0,0.500000,0,300.000000'
ptd-server 2022-02-17 23:37:46,842 [INFO] Initial range for Amps is 0.500000 for Volts is 300.000000
ptd-server 2022-02-17 23:37:46,842 [INFO] Sending to ptd: 'SR,V,Auto'
ptd-server 2022-02-17 23:37:47,344 [INFO] Reply from ptd: 'Range V changed'
ptd-server 2022-02-17 23:37:47,345 [INFO] Sending to ptd: 'SR,A,Auto'
ptd-server 2022-02-17 23:37:47,847 [INFO] Reply from ptd: 'Range A changed'
ptd-server 2022-02-17 23:37:57,857 [INFO] Starting ranging mode
ptd-server 2022-02-17 23:37:57,858 [INFO] Sending to ptd: 'Go,1000,0,2022-02-17_23-37-29_ranging'
ptd-server 2022-02-17 23:37:57,858 [INFO] Reply from ptd: 'Starting untimed measurement, maximum 500000 samples at 1000ms with 0 rampup samples'
ptd-server 2022-02-17 23:37:57,858 [INFO] Sending reply to client 'OK'
ptd-server 2022-02-17 23:50:07,502 [INFO] Got command from the client 'session,2022-02-17_23-37-29,stop,ranging'
ptd-server 2022-02-17 23:50:17,512 [INFO] Sending to ptd: 'Stop'
ptd-server 2022-02-17 23:50:17,513 [INFO] Reply from ptd: 'Stopping untimed measurement'
ptd-server 2022-02-17 23:50:17,740 [INFO] Sending reply to client 'OK'
ptd-server 2022-02-17 23:50:17,866 [INFO] Got command from the client 'time'
ptd-server 2022-02-17 23:50:17,866 [INFO] Sending reply to client '1645141817.8666956'
ptd-server 2022-02-17 23:50:17,870 [INFO] Got command from the client 'session,2022-02-17_23-37-29,start,testing'
ptd-server 2022-02-17 23:50:17,870 [INFO] Sending to ptd: 'SR,V,251.730000'
ptd-server 2022-02-17 23:50:19,372 [INFO] Reply from ptd: 'Range V changed'
ptd-server 2022-02-17 23:50:19,372 [INFO] Sending to ptd: 'SR,A,0.165770'
ptd-server 2022-02-17 23:50:20,873 [INFO] Reply from ptd: 'Range A changed'
ptd-server 2022-02-17 23:50:30,884 [INFO] Starting testing mode
ptd-server 2022-02-17 23:50:30,884 [INFO] Sending to ptd: 'Go,1000,0,2022-02-17_23-37-29_testing'
ptd-server 2022-02-17 23:50:30,884 [INFO] Reply from ptd: 'Starting untimed measurement, maximum 500000 samples at 1000ms with 0 rampup samples'
ptd-server 2022-02-17 23:50:30,884 [INFO] Sending reply to client 'OK'
ptd-server 2022-02-18 00:02:43,389 [INFO] Got command from the client 'session,2022-02-17_23-37-29,stop,testing'
ptd-server 2022-02-18 00:02:53,400 [INFO] Sending to ptd: 'Stop'
ptd-server 2022-02-18 00:02:53,400 [INFO] Reply from ptd: 'Stopping untimed measurement'
ptd-server 2022-02-18 00:02:53,527 [INFO] Sending reply to client 'OK'
ptd-server 2022-02-18 00:02:53,566 [INFO] Got command from the client 'session,2022-02-17_23-37-29,done'
ptd-server 2022-02-18 00:02:53,566 [INFO] Sending to ptd: 'Stop'
ptd-server 2022-02-18 00:02:53,884 [INFO] Reply from ptd: 'Error: no measurement to stop'
ptd-server 2022-02-18 00:02:53,884 [INFO] Sending to ptd: 'SR,V,300.000000'
ptd-server 2022-02-18 00:02:55,386 [INFO] Reply from ptd: 'Range V changed'
ptd-server 2022-02-18 00:02:55,386 [INFO] Sending to ptd: 'SR,A,0.500000'
ptd-server 2022-02-18 00:02:56,887 [INFO] Reply from ptd: 'Range A changed'
ptd-server 2022-02-18 00:02:56,887 [INFO] Set initial values for Amps 0.500000 and Volts 300.000000
ptd-server 2022-02-18 00:02:56,888 [INFO] Stopping ptd...
