ptd-server 2022-02-17 12:50:22,388 [INFO] Got command from the client 'time'
ptd-server 2022-02-17 12:50:22,388 [INFO] Sending reply to client '1645102222.3882742'
ptd-server 2022-02-17 12:50:22,389 [INFO] Got command from the client 'new,,5e5d20e7-afd9-475b-9584-d5186aa31b29'
ptd-server 2022-02-17 12:50:22,390 [INFO] Sending reply to client 'OK 2022-02-17_12-50-22,0f13e3d6-44fe-47ad-b827-a7e8b4f1eaa0'
ptd-server 2022-02-17 12:50:22,424 [INFO] Got command from the client 'time'
ptd-server 2022-02-17 12:50:22,424 [INFO] Sending reply to client '1645102222.4245875'
ptd-server 2022-02-17 12:50:22,426 [INFO] Got command from the client 'session,2022-02-17_12-50-22,start,ranging'
ptd-server 2022-02-17 12:50:22,427 [INFO] Running PTDaemon: ['/home/anton/projects/mlperf/power/inference_v1.0/ptd-linux-x86', '-l', '/tmp/tmpgldyt7rr/ptd_logfile.txt', '-p', '8888', '49', '/dev/usbtmc0']
ptd-server 2022-02-17 12:50:39,600 [INFO] Sending to ptd: 'Hello'
ptd-server 2022-02-17 12:50:39,601 [INFO] Reply from ptd: 'Hello, PTDaemon here!'
ptd-server 2022-02-17 12:50:39,601 [INFO] Sending to ptd: 'Identify'
ptd-server 2022-02-17 12:50:39,601 [INFO] Reply from ptd: 'YokogawaWT310E,1000,1,1,1,1,0,1,1,version=1.9.2-e8c7a49a-20201208,OS=Linux 5.13.0-28-generic #31~20.04.1-Ubuntu SMP Wed Jan 19 14:08:10 UTC 2022 x86_64,mode=power,1,1,1,0,0,no_cal_date,YOKOGAWA;WT310E;C3XA04010E;F1.04'
ptd-server 2022-02-17 12:50:39,601 [INFO] Connected to PTDaemon
ptd-server 2022-02-17 12:50:39,601 [INFO] Sending to ptd: 'RR'
ptd-server 2022-02-17 12:50:39,602 [INFO] Reply from ptd: 'Ranges,0,0.500000,0,300.000000'
ptd-server 2022-02-17 12:50:39,602 [INFO] Initial range for Amps is 0.500000 for Volts is 300.000000
ptd-server 2022-02-17 12:50:39,602 [INFO] Sending to ptd: 'SR,V,Auto'
ptd-server 2022-02-17 12:50:40,104 [INFO] Reply from ptd: 'Range V changed'
ptd-server 2022-02-17 12:50:40,105 [INFO] Sending to ptd: 'SR,A,Auto'
ptd-server 2022-02-17 12:50:40,607 [INFO] Reply from ptd: 'Range A changed'
ptd-server 2022-02-17 12:50:50,616 [INFO] Starting ranging mode
ptd-server 2022-02-17 12:50:50,616 [INFO] Sending to ptd: 'Go,1000,0,2022-02-17_12-50-22_ranging'
ptd-server 2022-02-17 12:50:50,616 [INFO] Reply from ptd: 'Starting untimed measurement, maximum 500000 samples at 1000ms with 0 rampup samples'
ptd-server 2022-02-17 12:50:50,617 [INFO] Sending reply to client 'OK'
ptd-server 2022-02-17 13:01:12,485 [INFO] Got command from the client 'session,2022-02-17_12-50-22,stop,ranging'
ptd-server 2022-02-17 13:01:22,493 [INFO] Sending to ptd: 'Stop'
ptd-server 2022-02-17 13:01:22,493 [INFO] Reply from ptd: 'Stopping untimed measurement'
ptd-server 2022-02-17 13:01:22,668 [INFO] Sending reply to client 'OK'
ptd-server 2022-02-17 13:01:22,760 [INFO] Got command from the client 'time'
ptd-server 2022-02-17 13:01:22,760 [INFO] Sending reply to client '1645102882.7605126'
ptd-server 2022-02-17 13:01:22,766 [INFO] Got command from the client 'session,2022-02-17_12-50-22,start,testing'
ptd-server 2022-02-17 13:01:22,766 [INFO] Sending to ptd: 'SR,V,249.160000'
ptd-server 2022-02-17 13:01:24,268 [INFO] Reply from ptd: 'Range V changed'
ptd-server 2022-02-17 13:01:24,268 [INFO] Sending to ptd: 'SR,A,0.069480'
ptd-server 2022-02-17 13:01:25,769 [INFO] Reply from ptd: 'Range A changed'
ptd-server 2022-02-17 13:01:35,779 [INFO] Starting testing mode
ptd-server 2022-02-17 13:01:35,780 [INFO] Sending to ptd: 'Go,1000,0,2022-02-17_12-50-22_testing'
ptd-server 2022-02-17 13:01:35,780 [INFO] Reply from ptd: 'Starting untimed measurement, maximum 500000 samples at 1000ms with 0 rampup samples'
ptd-server 2022-02-17 13:01:35,780 [INFO] Sending reply to client 'OK'
ptd-server 2022-02-17 13:11:58,623 [INFO] Got command from the client 'session,2022-02-17_12-50-22,stop,testing'
ptd-server 2022-02-17 13:12:08,634 [INFO] Sending to ptd: 'Stop'
ptd-server 2022-02-17 13:12:08,634 [INFO] Reply from ptd: 'Stopping untimed measurement'
ptd-server 2022-02-17 13:12:08,733 [INFO] Sending reply to client 'OK'
ptd-server 2022-02-17 13:12:08,768 [INFO] Got command from the client 'session,2022-02-17_12-50-22,done'
ptd-server 2022-02-17 13:12:08,769 [INFO] Sending to ptd: 'Stop'
ptd-server 2022-02-17 13:12:08,780 [INFO] Reply from ptd: 'Error: no measurement to stop'
ptd-server 2022-02-17 13:12:08,781 [INFO] Sending to ptd: 'SR,V,300.000000'
ptd-server 2022-02-17 13:12:10,282 [INFO] Reply from ptd: 'Range V changed'
ptd-server 2022-02-17 13:12:10,282 [INFO] Sending to ptd: 'SR,A,0.500000'
ptd-server 2022-02-17 13:12:11,783 [INFO] Reply from ptd: 'Range A changed'
ptd-server 2022-02-17 13:12:11,784 [INFO] Set initial values for Amps 0.500000 and Volts 300.000000
ptd-server 2022-02-17 13:12:11,784 [INFO] Stopping ptd...
