ptd-server 2022-02-24 21:40:29,082 [INFO] Got command from the client 'time'
ptd-server 2022-02-24 21:40:29,082 [INFO] Sending reply to client '1645738829.0822122'
ptd-server 2022-02-24 21:40:29,084 [INFO] Got command from the client 'new,,f74b73f7-513a-4cd6-89ad-1140590cc00a'
ptd-server 2022-02-24 21:40:29,084 [INFO] Sending reply to client 'OK 2022-02-24_21-40-29,99532aed-8bd0-49b4-b627-cc7a7e976939'
ptd-server 2022-02-24 21:40:29,120 [INFO] Got command from the client 'time'
ptd-server 2022-02-24 21:40:29,120 [INFO] Sending reply to client '1645738829.1206381'
ptd-server 2022-02-24 21:40:29,122 [INFO] Got command from the client 'session,2022-02-24_21-40-29,start,ranging'
ptd-server 2022-02-24 21:40:29,122 [INFO] Running PTDaemon: ['/home/anton/projects/mlperf/power/inference_v1.0/ptd-linux-x86', '-l', '/tmp/tmp0_fn53vp/ptd_logfile.txt', '-p', '8888', '49', '/dev/usbtmc0']
ptd-server 2022-02-24 21:40:46,295 [INFO] Sending to ptd: 'Hello'
ptd-server 2022-02-24 21:40:46,296 [INFO] Reply from ptd: 'Hello, PTDaemon here!'
ptd-server 2022-02-24 21:40:46,296 [INFO] Sending to ptd: 'Identify'
ptd-server 2022-02-24 21:40:46,296 [INFO] Reply from ptd: 'YokogawaWT310E,1000,1,1,1,1,0,1,1,version=1.9.2-e8c7a49a-20201208,OS=Linux 5.13.0-30-generic #33~20.04.1-Ubuntu SMP Mon Feb 7 14:25:10 UTC 2022 x86_64,mode=power,1,1,1,0,0,no_cal_date,YOKOGAWA;WT310E;C3XA04010E;F1.04'
ptd-server 2022-02-24 21:40:46,296 [INFO] Connected to PTDaemon
ptd-server 2022-02-24 21:40:46,296 [INFO] Sending to ptd: 'RR'
ptd-server 2022-02-24 21:40:46,297 [INFO] Reply from ptd: 'Ranges,0,0.500000,1,300.000000'
ptd-server 2022-02-24 21:40:46,297 [INFO] Initial range for Amps is 0.500000 for Volts is Auto
ptd-server 2022-02-24 21:40:46,297 [INFO] Sending to ptd: 'SR,V,Auto'
ptd-server 2022-02-24 21:40:46,800 [INFO] Reply from ptd: 'Range V changed'
ptd-server 2022-02-24 21:40:46,800 [INFO] Sending to ptd: 'SR,A,Auto'
ptd-server 2022-02-24 21:40:47,302 [INFO] Reply from ptd: 'Range A changed'
ptd-server 2022-02-24 21:40:57,312 [INFO] Starting ranging mode
ptd-server 2022-02-24 21:40:57,313 [INFO] Sending to ptd: 'Go,1000,0,2022-02-24_21-40-29_ranging'
ptd-server 2022-02-24 21:40:57,313 [INFO] Reply from ptd: 'Starting untimed measurement, maximum 500000 samples at 1000ms with 0 rampup samples'
ptd-server 2022-02-24 21:40:57,313 [INFO] Sending reply to client 'OK'
ptd-server 2022-02-24 21:51:20,704 [INFO] Got command from the client 'session,2022-02-24_21-40-29,stop,ranging'
ptd-server 2022-02-24 21:51:30,715 [INFO] Sending to ptd: 'Stop'
ptd-server 2022-02-24 21:51:30,715 [INFO] Reply from ptd: 'Stopping untimed measurement'
ptd-server 2022-02-24 21:51:30,881 [INFO] Sending reply to client 'OK'
ptd-server 2022-02-24 21:51:30,940 [INFO] Got command from the client 'time'
ptd-server 2022-02-24 21:51:30,940 [INFO] Sending reply to client '1645739490.940162'
ptd-server 2022-02-24 21:51:30,941 [INFO] Got command from the client 'session,2022-02-24_21-40-29,start,testing'
ptd-server 2022-02-24 21:51:30,941 [INFO] Sending to ptd: 'SR,V,251.030000'
ptd-server 2022-02-24 21:51:32,815 [INFO] Reply from ptd: 'Range V changed'
ptd-server 2022-02-24 21:51:32,815 [INFO] Sending to ptd: 'SR,A,0.049060'
ptd-server 2022-02-24 21:51:34,316 [INFO] Reply from ptd: 'Range A changed'
ptd-server 2022-02-24 21:51:44,327 [INFO] Starting testing mode
ptd-server 2022-02-24 21:51:44,327 [INFO] Sending to ptd: 'Go,1000,0,2022-02-24_21-40-29_testing'
ptd-server 2022-02-24 21:51:44,327 [INFO] Reply from ptd: 'Starting untimed measurement, maximum 500000 samples at 1000ms with 0 rampup samples'
ptd-server 2022-02-24 21:51:44,327 [INFO] Sending reply to client 'OK'
ptd-server 2022-02-24 22:02:07,155 [INFO] Got command from the client 'session,2022-02-24_21-40-29,stop,testing'
ptd-server 2022-02-24 22:02:17,166 [INFO] Sending to ptd: 'Stop'
ptd-server 2022-02-24 22:02:17,166 [INFO] Reply from ptd: 'Stopping untimed measurement'
ptd-server 2022-02-24 22:02:17,258 [INFO] Sending reply to client 'OK'
ptd-server 2022-02-24 22:02:17,277 [INFO] Got command from the client 'session,2022-02-24_21-40-29,done'
ptd-server 2022-02-24 22:02:17,277 [INFO] Sending to ptd: 'Stop'
ptd-server 2022-02-24 22:02:17,327 [INFO] Reply from ptd: 'Error: no measurement to stop'
ptd-server 2022-02-24 22:02:17,327 [INFO] Sending to ptd: 'SR,V,Auto'
ptd-server 2022-02-24 22:02:17,830 [INFO] Reply from ptd: 'Range V changed'
ptd-server 2022-02-24 22:02:17,830 [INFO] Sending to ptd: 'SR,A,0.500000'
ptd-server 2022-02-24 22:02:19,331 [INFO] Reply from ptd: 'Range A changed'
ptd-server 2022-02-24 22:02:19,332 [INFO] Set initial values for Amps 0.500000 and Volts Auto
ptd-server 2022-02-24 22:02:19,332 [INFO] Stopping ptd...
