ptd-server 2022-02-20 17:45:58,354 [INFO] Got command from the client 'time'
ptd-server 2022-02-20 17:45:58,354 [INFO] Sending reply to client '1645379158.3546104'
ptd-server 2022-02-20 17:45:58,356 [INFO] Got command from the client 'new,,57d2e666-b632-4dcd-985b-d4d68abb59b9'
ptd-server 2022-02-20 17:45:58,356 [INFO] Sending reply to client 'OK 2022-02-20_17-45-58,63f9c55a-ba8e-458e-9f86-691b3829e53a'
ptd-server 2022-02-20 17:45:58,388 [INFO] Got command from the client 'time'
ptd-server 2022-02-20 17:45:58,388 [INFO] Sending reply to client '1645379158.3888214'
ptd-server 2022-02-20 17:45:58,391 [INFO] Got command from the client 'session,2022-02-20_17-45-58,start,ranging'
ptd-server 2022-02-20 17:45:58,391 [INFO] Running PTDaemon: ['/home/anton/projects/mlperf/power/inference_v1.0/ptd-linux-x86', '-l', '/tmp/tmpgldyt7rr/ptd_logfile.txt', '-p', '8888', '49', '/dev/usbtmc0']
ptd-server 2022-02-20 17:46:15,564 [INFO] Sending to ptd: 'Hello'
ptd-server 2022-02-20 17:46:15,565 [INFO] Reply from ptd: 'Hello, PTDaemon here!'
ptd-server 2022-02-20 17:46:15,565 [INFO] Sending to ptd: 'Identify'
ptd-server 2022-02-20 17:46:15,565 [INFO] Reply from ptd: 'YokogawaWT310E,1000,1,1,1,1,0,1,1,version=1.9.2-e8c7a49a-20201208,OS=Linux 5.13.0-28-generic #31~20.04.1-Ubuntu SMP Wed Jan 19 14:08:10 UTC 2022 x86_64,mode=power,1,1,1,0,0,no_cal_date,YOKOGAWA;WT310E;C3XA04010E;F1.04'
ptd-server 2022-02-20 17:46:15,565 [INFO] Connected to PTDaemon
ptd-server 2022-02-20 17:46:15,565 [INFO] Sending to ptd: 'RR'
ptd-server 2022-02-20 17:46:15,566 [INFO] Reply from ptd: 'Ranges,0,0.500000,0,300.000000'
ptd-server 2022-02-20 17:46:15,566 [INFO] Initial range for Amps is 0.500000 for Volts is 300.000000
ptd-server 2022-02-20 17:46:15,566 [INFO] Sending to ptd: 'SR,V,Auto'
ptd-server 2022-02-20 17:46:16,068 [INFO] Reply from ptd: 'Range V changed'
ptd-server 2022-02-20 17:46:16,069 [INFO] Sending to ptd: 'SR,A,Auto'
ptd-server 2022-02-20 17:46:16,571 [INFO] Reply from ptd: 'Range A changed'
ptd-server 2022-02-20 17:46:26,581 [INFO] Starting ranging mode
ptd-server 2022-02-20 17:46:26,582 [INFO] Sending to ptd: 'Go,1000,0,2022-02-20_17-45-58_ranging'
ptd-server 2022-02-20 17:46:26,582 [INFO] Reply from ptd: 'Starting untimed measurement, maximum 500000 samples at 1000ms with 0 rampup samples'
ptd-server 2022-02-20 17:46:26,582 [INFO] Sending reply to client 'OK'
ptd-server 2022-02-20 17:56:43,462 [INFO] Got command from the client 'session,2022-02-20_17-45-58,stop,ranging'
ptd-server 2022-02-20 17:56:53,472 [INFO] Sending to ptd: 'Stop'
ptd-server 2022-02-20 17:56:53,472 [INFO] Reply from ptd: 'Stopping untimed measurement'
ptd-server 2022-02-20 17:56:53,984 [INFO] Sending reply to client 'OK'
ptd-server 2022-02-20 17:56:54,072 [INFO] Got command from the client 'time'
ptd-server 2022-02-20 17:56:54,072 [INFO] Sending reply to client '1645379814.0725496'
ptd-server 2022-02-20 17:56:54,076 [INFO] Got command from the client 'session,2022-02-20_17-45-58,start,testing'
ptd-server 2022-02-20 17:56:54,077 [INFO] Sending to ptd: 'SR,V,247.180000'
ptd-server 2022-02-20 17:56:55,578 [INFO] Reply from ptd: 'Range V changed'
ptd-server 2022-02-20 17:56:55,578 [INFO] Sending to ptd: 'SR,A,0.046960'
ptd-server 2022-02-20 17:56:57,080 [INFO] Reply from ptd: 'Range A changed'
ptd-server 2022-02-20 17:57:07,090 [INFO] Starting testing mode
ptd-server 2022-02-20 17:57:07,090 [INFO] Sending to ptd: 'Go,1000,0,2022-02-20_17-45-58_testing'
ptd-server 2022-02-20 17:57:07,091 [INFO] Reply from ptd: 'Starting untimed measurement, maximum 500000 samples at 1000ms with 0 rampup samples'
ptd-server 2022-02-20 17:57:07,091 [INFO] Sending reply to client 'OK'
ptd-server 2022-02-20 18:07:25,106 [INFO] Got command from the client 'session,2022-02-20_17-45-58,stop,testing'
ptd-server 2022-02-20 18:07:35,116 [INFO] Sending to ptd: 'Stop'
ptd-server 2022-02-20 18:07:35,117 [INFO] Reply from ptd: 'Stopping untimed measurement'
ptd-server 2022-02-20 18:07:35,387 [INFO] Sending reply to client 'OK'
ptd-server 2022-02-20 18:07:35,423 [INFO] Got command from the client 'session,2022-02-20_17-45-58,done'
ptd-server 2022-02-20 18:07:35,424 [INFO] Sending to ptd: 'Stop'
ptd-server 2022-02-20 18:07:36,091 [INFO] Reply from ptd: 'Error: no measurement to stop'
ptd-server 2022-02-20 18:07:36,091 [INFO] Sending to ptd: 'SR,V,300.000000'
ptd-server 2022-02-20 18:07:37,593 [INFO] Reply from ptd: 'Range V changed'
ptd-server 2022-02-20 18:07:37,593 [INFO] Sending to ptd: 'SR,A,0.500000'
ptd-server 2022-02-20 18:07:39,094 [INFO] Reply from ptd: 'Range A changed'
ptd-server 2022-02-20 18:07:39,095 [INFO] Set initial values for Amps 0.500000 and Volts 300.000000
ptd-server 2022-02-20 18:07:39,095 [INFO] Stopping ptd...
