ptd-server 2022-02-17 05:06:47,906 [INFO] Got command from the client 'time'
ptd-server 2022-02-17 05:06:47,906 [INFO] Sending reply to client '1645074407.906572'
ptd-server 2022-02-17 05:06:47,907 [INFO] Got command from the client 'new,,cff7e166-cec1-4b00-a3cb-852db64d1587'
ptd-server 2022-02-17 05:06:47,908 [INFO] Sending reply to client 'OK 2022-02-17_05-06-47,c7c1ae3e-b85c-4233-ac4e-257f4051df39'
ptd-server 2022-02-17 05:06:47,937 [INFO] Got command from the client 'time'
ptd-server 2022-02-17 05:06:47,937 [INFO] Sending reply to client '1645074407.9377503'
ptd-server 2022-02-17 05:06:47,938 [INFO] Got command from the client 'session,2022-02-17_05-06-47,start,ranging'
ptd-server 2022-02-17 05:06:47,939 [INFO] Running PTDaemon: ['/home/anton/projects/mlperf/power/inference_v1.0/ptd-linux-x86', '-l', '/tmp/tmpgldyt7rr/ptd_logfile.txt', '-p', '8888', '49', '/dev/usbtmc0']
ptd-server 2022-02-17 05:07:05,112 [INFO] Sending to ptd: 'Hello'
ptd-server 2022-02-17 05:07:05,112 [INFO] Reply from ptd: 'Hello, PTDaemon here!'
ptd-server 2022-02-17 05:07:05,112 [INFO] Sending to ptd: 'Identify'
ptd-server 2022-02-17 05:07:05,113 [INFO] Reply from ptd: 'YokogawaWT310E,1000,1,1,1,1,0,1,1,version=1.9.2-e8c7a49a-20201208,OS=Linux 5.13.0-28-generic #31~20.04.1-Ubuntu SMP Wed Jan 19 14:08:10 UTC 2022 x86_64,mode=power,1,1,1,0,0,no_cal_date,YOKOGAWA;WT310E;C3XA04010E;F1.04'
ptd-server 2022-02-17 05:07:05,113 [INFO] Connected to PTDaemon
ptd-server 2022-02-17 05:07:05,113 [INFO] Sending to ptd: 'RR'
ptd-server 2022-02-17 05:07:05,113 [INFO] Reply from ptd: 'Ranges,0,0.500000,0,300.000000'
ptd-server 2022-02-17 05:07:05,113 [INFO] Initial range for Amps is 0.500000 for Volts is 300.000000
ptd-server 2022-02-17 05:07:05,113 [INFO] Sending to ptd: 'SR,V,Auto'
ptd-server 2022-02-17 05:07:05,616 [INFO] Reply from ptd: 'Range V changed'
ptd-server 2022-02-17 05:07:05,616 [INFO] Sending to ptd: 'SR,A,Auto'
ptd-server 2022-02-17 05:07:06,118 [INFO] Reply from ptd: 'Range A changed'
ptd-server 2022-02-17 05:07:16,129 [INFO] Starting ranging mode
ptd-server 2022-02-17 05:07:16,129 [INFO] Sending to ptd: 'Go,1000,0,2022-02-17_05-06-47_ranging'
ptd-server 2022-02-17 05:07:16,129 [INFO] Reply from ptd: 'Starting untimed measurement, maximum 500000 samples at 1000ms with 0 rampup samples'
ptd-server 2022-02-17 05:07:16,129 [INFO] Sending reply to client 'OK'
ptd-server 2022-02-17 05:17:32,952 [INFO] Got command from the client 'session,2022-02-17_05-06-47,stop,ranging'
ptd-server 2022-02-17 05:17:42,962 [INFO] Sending to ptd: 'Stop'
ptd-server 2022-02-17 05:17:42,963 [INFO] Reply from ptd: 'Stopping untimed measurement'
ptd-server 2022-02-17 05:17:43,096 [INFO] Sending reply to client 'OK'
ptd-server 2022-02-17 05:17:43,184 [INFO] Got command from the client 'time'
ptd-server 2022-02-17 05:17:43,184 [INFO] Sending reply to client '1645075063.1845284'
ptd-server 2022-02-17 05:17:43,186 [INFO] Got command from the client 'session,2022-02-17_05-06-47,start,testing'
ptd-server 2022-02-17 05:17:43,186 [INFO] Sending to ptd: 'SR,V,250.370000'
ptd-server 2022-02-17 05:17:44,687 [INFO] Reply from ptd: 'Range V changed'
ptd-server 2022-02-17 05:17:44,687 [INFO] Sending to ptd: 'SR,A,0.047840'
ptd-server 2022-02-17 05:17:46,188 [INFO] Reply from ptd: 'Range A changed'
ptd-server 2022-02-17 05:17:56,199 [INFO] Starting testing mode
ptd-server 2022-02-17 05:17:56,199 [INFO] Sending to ptd: 'Go,1000,0,2022-02-17_05-06-47_testing'
ptd-server 2022-02-17 05:17:56,199 [INFO] Reply from ptd: 'Starting untimed measurement, maximum 500000 samples at 1000ms with 0 rampup samples'
ptd-server 2022-02-17 05:17:56,199 [INFO] Sending reply to client 'OK'
ptd-server 2022-02-17 05:28:13,833 [INFO] Got command from the client 'session,2022-02-17_05-06-47,stop,testing'
ptd-server 2022-02-17 05:28:23,843 [INFO] Sending to ptd: 'Stop'
ptd-server 2022-02-17 05:28:23,843 [INFO] Reply from ptd: 'Stopping untimed measurement'
ptd-server 2022-02-17 05:28:23,913 [INFO] Sending reply to client 'OK'
ptd-server 2022-02-17 05:28:23,937 [INFO] Got command from the client 'session,2022-02-17_05-06-47,done'
ptd-server 2022-02-17 05:28:23,937 [INFO] Sending to ptd: 'Stop'
ptd-server 2022-02-17 05:28:24,199 [INFO] Reply from ptd: 'Error: no measurement to stop'
ptd-server 2022-02-17 05:28:24,200 [INFO] Sending to ptd: 'SR,V,300.000000'
ptd-server 2022-02-17 05:28:25,701 [INFO] Reply from ptd: 'Range V changed'
ptd-server 2022-02-17 05:28:25,701 [INFO] Sending to ptd: 'SR,A,0.500000'
ptd-server 2022-02-17 05:28:27,202 [INFO] Reply from ptd: 'Range A changed'
ptd-server 2022-02-17 05:28:27,203 [INFO] Set initial values for Amps 0.500000 and Volts 300.000000
ptd-server 2022-02-17 05:28:27,203 [INFO] Stopping ptd...
