client 2022-02-15 04:03:47,679 [INFO] Sending command to the server: 'mlcommons/power client v3'
client 2022-02-15 04:03:47,680 [INFO] Got response: 'mlcommons/power server v3'
client 2022-02-15 04:03:47,680 [INFO] Sending command to the server: 'stop'
client 2022-02-15 04:03:47,681 [INFO] Got response: 'OK'
client 2022-02-15 04:03:47,681 [INFO] Synchronizing with the server and with ib-01.dc4-in.nvidia.com...
client 2022-02-15 04:03:47,895 [INFO] NTP:offset = -0.000 s, delay = 0.208 s 
client 2022-02-15 04:03:47,895 [INFO] Sending command to the server: 'time'
client 2022-02-15 04:03:47,896 [INFO] Got response: '1644897827.957626'
client 2022-02-15 04:03:47,896 [INFO] The time difference between the client and the server is within range -62.208 ms..-60.956 ms
client 2022-02-15 04:03:47,896 [INFO] Sending command to the server: 'new,,4da3f678-ad43-433f-b305-ddc2bf5ba7d7'
client 2022-02-15 04:03:47,897 [INFO] Got response: 'OK 2022-02-14_20-03-47,6c5b8c74-ada1-4dff-9ee4-53bc489431ff'
client 2022-02-15 04:03:47,897 [INFO] Session id is '2022-02-14_20-03-47'
client 2022-02-15 04:03:47,898 [INFO] Sources: {"sources": {"__init__.py": "da39a3ee5e6b4b0d3255bfef95601890afd80709", "client.py": "33ca4f26368777ac06e01f9567b714a4b8063886", "lib/__init__.py": "da39a3ee5e6b4b0d3255bfef95601890afd80709", "lib/client.py": "4c2b78fb4849a7e5b584ef792d82aaed20b17f57", "lib/common.py": "624d0c0acc7c39aaff3674f0b99d6a09da53d1dc", "lib/external/__init__.py": "da39a3ee5e6b4b0d3255bfef95601890afd80709", "lib/external/ntplib.py": "4da8f970656505a40483206ef2b5d3dd5e81711d", "lib/server.py": "59c9fb92908260d3e9f81a895c7aa009742275e4", "lib/source_hashes.py": "60a2e02193209e8d392803326208d5466342da18", "lib/summary.py": "aa92f0a3f975eecd44d3c0cd0236342ccc9f941d", "lib/time_sync.py": "3210db56eb0ff0df57bf4293dc4d4b03fffd46f1", "server.py": "c3f90f2f7eeb4db30727556d0c815ebc89b3d28b", "tests/unit/__init__.py": "da39a3ee5e6b4b0d3255bfef95601890afd80709", "tests/unit/test_server.py": "99ae15aef722f2000ee6ed1ae1523637bf1ae42b", "tests/unit/test_source_hashes.py": "00468a2907583c593e6574a1f6b404e4651c221a"}, "modules": {"ptd_client_server.lib.client": "lib/client.py", "ptd_client_server.lib.common": "lib/common.py", "ptd_client_server.lib.external.ntplib": "lib/external/ntplib.py", "ptd_client_server.lib.source_hashes": "lib/source_hashes.py", "ptd_client_server.lib.summary": "lib/summary.py", "ptd_client_server.lib.time_sync": "lib/time_sync.py"}}
client 2022-02-15 04:03:47,900 [INFO] Running workload in ranging mode
client 2022-02-15 04:03:47,900 [INFO] Synchronizing with the server and with ib-01.dc4-in.nvidia.com...
client 2022-02-15 04:03:48,109 [INFO] NTP:offset = -0.000 s, delay = 0.208 s 
client 2022-02-15 04:03:48,110 [INFO] Sending command to the server: 'time'
client 2022-02-15 04:03:48,111 [INFO] Got response: '1644897828.177273'
client 2022-02-15 04:03:48,111 [INFO] The time difference between the client and the server is within range -67.186 ms..-65.919 ms
client 2022-02-15 04:03:48,111 [INFO] Sending command to the server: 'session,2022-02-14_20-03-47,start,ranging'
client 2022-02-15 04:04:16,881 [INFO] Got response: 'OK'
client 2022-02-15 04:04:16,881 [INFO] Running the workload 'LOG_DIR=/work/build/power_logs_temp python3 code/main.py --benchmarks=dlrm --scenarios=Offline --test_mode=PerformanceOnly --config_ver=maxq_high_accuracy --action="run_harness" \\\n\t\t2>&1 | tee -a /work/build/power_logs/2022.02.15-04.03.32/stdout.txt \\\n\t\t&& if [ ! -d /work/build/power_logs/2022.02.15-04.03.32/ranging_tmp ]; \\\n\t\t\tthen mkdir /work/build/power_logs/2022.02.15-04.03.32/ranging_tmp \\\n\t\t\t\t&& mv /work/build/power_logs_temp/* /work/build/power_logs/2022.02.15-04.03.32/ranging_tmp/ \\\n\t\t\t\t&& cp -v /work/build/power_logs/2022.02.15-04.03.32/ranging_tmp/*/*/*/mlperf_log_detail.txt /work/build/power_logs_temp/ \\\n\t\t\t\t&& cp -v /work/build/power_logs/2022.02.15-04.03.32/ranging_tmp/*/*/*/mlperf_log_summary.txt /work/build/power_logs_temp/; \\\n\t\t\telse mkdir /work/build/power_logs/2022.02.15-04.03.32/testing_tmp \\\n\t\t\t\t&& mv /work/build/power_logs_temp/* /work/build/power_logs/2022.02.15-04.03.32/testing_tmp/ \\\n\t\t\t\t&& cp -v /work/build/power_logs/2022.02.15-04.03.32/testing_tmp/*/*/*/mlperf_log_detail.txt /work/build/power_logs_temp/ \\\n\t\t\t\t&& cp -v /work/build/power_logs/2022.02.15-04.03.32/testing_tmp/*/*/*/mlperf_log_summary.txt /work/build/power_logs_temp/; fi'
client 2022-02-15 04:19:49,261 [INFO] Sending command to the server: 'session,2022-02-14_20-03-47,stop,ranging'
client 2022-02-15 04:19:59,287 [INFO] Got response: 'OK'
client 2022-02-15 04:19:59,362 [INFO] Copying loadgen logs from '/work/build/power_logs_temp' to '/work/build/power_logs/2022.02.15-04.03.32/2022-02-14_20-03-47/ranging'
client 2022-02-15 04:19:59,383 [INFO] Running workload in testing mode
client 2022-02-15 04:19:59,383 [INFO] Synchronizing with the server and with ib-01.dc4-in.nvidia.com...
client 2022-02-15 04:19:59,596 [INFO] NTP:offset = -0.001 s, delay = 0.208 s 
client 2022-02-15 04:19:59,597 [INFO] Sending command to the server: 'time'
client 2022-02-15 04:19:59,602 [INFO] Got response: '1644898799.6619816'
client 2022-02-15 04:19:59,603 [INFO] The time difference between the client and the server is within range -64.946 ms..-58.931 ms
client 2022-02-15 04:19:59,603 [INFO] Sending command to the server: 'session,2022-02-14_20-03-47,start,testing'
client 2022-02-15 04:20:12,943 [INFO] Got response: 'OK'
client 2022-02-15 04:20:12,943 [INFO] Running the workload 'LOG_DIR=/work/build/power_logs_temp python3 code/main.py --benchmarks=dlrm --scenarios=Offline --test_mode=PerformanceOnly --config_ver=maxq_high_accuracy --action="run_harness" \\\n\t\t2>&1 | tee -a /work/build/power_logs/2022.02.15-04.03.32/stdout.txt \\\n\t\t&& if [ ! -d /work/build/power_logs/2022.02.15-04.03.32/ranging_tmp ]; \\\n\t\t\tthen mkdir /work/build/power_logs/2022.02.15-04.03.32/ranging_tmp \\\n\t\t\t\t&& mv /work/build/power_logs_temp/* /work/build/power_logs/2022.02.15-04.03.32/ranging_tmp/ \\\n\t\t\t\t&& cp -v /work/build/power_logs/2022.02.15-04.03.32/ranging_tmp/*/*/*/mlperf_log_detail.txt /work/build/power_logs_temp/ \\\n\t\t\t\t&& cp -v /work/build/power_logs/2022.02.15-04.03.32/ranging_tmp/*/*/*/mlperf_log_summary.txt /work/build/power_logs_temp/; \\\n\t\t\telse mkdir /work/build/power_logs/2022.02.15-04.03.32/testing_tmp \\\n\t\t\t\t&& mv /work/build/power_logs_temp/* /work/build/power_logs/2022.02.15-04.03.32/testing_tmp/ \\\n\t\t\t\t&& cp -v /work/build/power_logs/2022.02.15-04.03.32/testing_tmp/*/*/*/mlperf_log_detail.txt /work/build/power_logs_temp/ \\\n\t\t\t\t&& cp -v /work/build/power_logs/2022.02.15-04.03.32/testing_tmp/*/*/*/mlperf_log_summary.txt /work/build/power_logs_temp/; fi'
client 2022-02-15 04:35:48,529 [INFO] Sending command to the server: 'session,2022-02-14_20-03-47,stop,testing'
client 2022-02-15 04:35:58,548 [INFO] Got response: 'OK'
client 2022-02-15 04:35:58,565 [INFO] Copying loadgen logs from '/work/build/power_logs_temp' to '/work/build/power_logs/2022.02.15-04.03.32/2022-02-14_20-03-47/run_1'
client 2022-02-15 04:35:58,588 [INFO] Done runs
