ptd-server 2022-02-14 20:03:47,739 [INFO] Got command from the client 'stop'
ptd-server 2022-02-14 20:03:47,739 [INFO] The server will be stopped after processing this client
ptd-server 2022-02-14 20:03:47,739 [INFO] Sending reply to client 'OK'
ptd-server 2022-02-14 20:03:47,957 [INFO] Got command from the client 'time'
ptd-server 2022-02-14 20:03:47,957 [INFO] Sending reply to client '1644897827.957626'
ptd-server 2022-02-14 20:03:47,957 [INFO] Got command from the client 'new,,4da3f678-ad43-433f-b305-ddc2bf5ba7d7'
ptd-server 2022-02-14 20:03:47,957 [INFO] Sending reply to client 'OK 2022-02-14_20-03-47,6c5b8c74-ada1-4dff-9ee4-53bc489431ff'
ptd-server 2022-02-14 20:03:48,177 [INFO] Got command from the client 'time'
ptd-server 2022-02-14 20:03:48,177 [INFO] Sending reply to client '1644897828.177273'
ptd-server 2022-02-14 20:03:48,177 [INFO] Got command from the client 'session,2022-02-14_20-03-47,start,ranging'
ptd-server 2022-02-14 20:03:48,286 [INFO] Running PTDaemon: ['C:\\PTD\\ptd-windows-x86.exe', '-l', 'C:\\Users\\lab\\AppData\\Local\\Temp\\tmpcat6zg60\\ptd_logfile.txt', '-p', '8888', '-c', '1', '-y', '52', '10.34.244.57']
ptd-server 2022-02-14 20:04:05,895 [INFO] Sending to ptd: 'Hello'
ptd-server 2022-02-14 20:04:05,895 [INFO] Reply from ptd: 'Hello, PTDaemon here!'
ptd-server 2022-02-14 20:04:05,895 [INFO] Sending to ptd: 'Identify'
ptd-server 2022-02-14 20:04:05,895 [INFO] Reply from ptd: 'YokogawaWT330E,1000,1,1,1,1,0,0,1,version=1.9.2-3976349f-20201208,OS=Windows 8 / Server 2012,mode=power,1,1,1,0,0,no_cal_date,YOKOGAWA;WT333E;C2XG12028V;F1.04'
ptd-server 2022-02-14 20:04:05,895 [INFO] Connected to PTDaemon
ptd-server 2022-02-14 20:04:05,895 [INFO] Sending to ptd: 'RR'
ptd-server 2022-02-14 20:04:05,895 [INFO] Reply from ptd: 'Ranges,0,20.000000,1,300.000000'
ptd-server 2022-02-14 20:04:05,895 [INFO] Initial range for Amps is 20.000000 for Volts is Auto
ptd-server 2022-02-14 20:04:05,895 [INFO] Sending to ptd: 'SR,V,Auto'
ptd-server 2022-02-14 20:04:06,414 [INFO] Reply from ptd: 'Range V changed'
ptd-server 2022-02-14 20:04:06,414 [INFO] Sending to ptd: 'SR,A,Auto'
ptd-server 2022-02-14 20:04:06,932 [INFO] Reply from ptd: 'Range A changed'
ptd-server 2022-02-14 20:04:16,941 [INFO] Starting ranging mode
ptd-server 2022-02-14 20:04:16,941 [INFO] Sending to ptd: 'Go,1000,0,2022-02-14_20-03-47_ranging'
ptd-server 2022-02-14 20:04:16,941 [INFO] Reply from ptd: 'Starting untimed measurement, maximum 500000 samples at 1000ms with 0 rampup samples'
ptd-server 2022-02-14 20:04:16,941 [INFO] Sending reply to client 'OK'
ptd-server 2022-02-14 20:19:49,333 [INFO] Got command from the client 'session,2022-02-14_20-03-47,stop,ranging'
ptd-server 2022-02-14 20:19:59,333 [INFO] Sending to ptd: 'Stop'
ptd-server 2022-02-14 20:19:59,333 [INFO] Reply from ptd: 'Stopping untimed measurement'
ptd-server 2022-02-14 20:19:59,349 [INFO] Sending reply to client 'OK'
ptd-server 2022-02-14 20:19:59,661 [INFO] Got command from the client 'time'
ptd-server 2022-02-14 20:19:59,661 [INFO] Sending reply to client '1644898799.6619816'
ptd-server 2022-02-14 20:19:59,661 [INFO] Got command from the client 'session,2022-02-14_20-03-47,start,testing'
ptd-server 2022-02-14 20:19:59,661 [INFO] Sending to ptd: 'SR,V,206.660000'
ptd-server 2022-02-14 20:20:01,469 [INFO] Reply from ptd: 'Range V changed'
ptd-server 2022-02-14 20:20:01,469 [INFO] Sending to ptd: 'SR,A,6.269300'
ptd-server 2022-02-14 20:20:02,999 [INFO] Reply from ptd: 'Range A changed'
ptd-server 2022-02-14 20:20:13,009 [INFO] Starting testing mode
ptd-server 2022-02-14 20:20:13,009 [INFO] Sending to ptd: 'Go,1000,0,2022-02-14_20-03-47_testing'
ptd-server 2022-02-14 20:20:13,009 [INFO] Reply from ptd: 'Starting untimed measurement, maximum 500000 samples at 1000ms with 0 rampup samples'
ptd-server 2022-02-14 20:20:13,009 [INFO] Sending reply to client 'OK'
ptd-server 2022-02-14 20:35:48,599 [INFO] Got command from the client 'session,2022-02-14_20-03-47,stop,testing'
ptd-server 2022-02-14 20:35:58,606 [INFO] Sending to ptd: 'Stop'
ptd-server 2022-02-14 20:35:58,606 [INFO] Reply from ptd: 'Stopping untimed measurement'
ptd-server 2022-02-14 20:35:58,621 [INFO] Sending reply to client 'OK'
ptd-server 2022-02-14 20:35:58,793 [INFO] Got command from the client 'session,2022-02-14_20-03-47,done'
ptd-server 2022-02-14 20:35:58,793 [INFO] Sending to ptd: 'Stop'
ptd-server 2022-02-14 20:35:59,012 [INFO] Reply from ptd: 'Error: no measurement to stop'
ptd-server 2022-02-14 20:35:59,012 [INFO] Sending to ptd: 'SR,V,Auto'
ptd-server 2022-02-14 20:35:59,521 [INFO] Reply from ptd: 'Range V changed'
ptd-server 2022-02-14 20:35:59,521 [INFO] Sending to ptd: 'SR,A,20.000000'
ptd-server 2022-02-14 20:36:01,052 [INFO] Reply from ptd: 'Range A changed'
ptd-server 2022-02-14 20:36:01,052 [INFO] Set initial values for Amps 20.000000 and Volts Auto
ptd-server 2022-02-14 20:36:01,052 [INFO] Stopping ptd...
