ptd-server 2022-02-18 05:14:38,172 [INFO] Got command from the client 'time'
ptd-server 2022-02-18 05:14:38,172 [INFO] Sending reply to client '1645128878.1722314'
ptd-server 2022-02-18 05:14:38,172 [INFO] Got command from the client 'new,,eac205a8-88c3-40bd-81f8-5747118ac87f'
ptd-server 2022-02-18 05:14:38,172 [INFO] Sending reply to client 'OK 2022-02-18_05-14-38,8c154309-f09f-4e77-a1a2-14f4bd4d9e4e'
ptd-server 2022-02-18 05:14:38,203 [INFO] Got command from the client 'time'
ptd-server 2022-02-18 05:14:38,203 [INFO] Sending reply to client '1645128878.2034647'
ptd-server 2022-02-18 05:14:38,203 [INFO] Got command from the client 'session,2022-02-18_05-14-38,start,ranging'
ptd-server 2022-02-18 05:14:38,312 [INFO] Running PTDaemon: ['C:\\mlperf\\power\\inference_v1.0\\ptd-windows-x86.exe', '-l', 'C:\\Users\\mlperf\\AppData\\Local\\Temp\\tmpn3fcmhzf\\ptd_logfile.txt', '-p', '8888', '-y', '49', 'C3YB05015E']
ptd-server 2022-02-18 05:14:56,208 [INFO] Sending to ptd: 'Hello'
ptd-server 2022-02-18 05:14:56,208 [INFO] Reply from ptd: 'Hello, PTDaemon here!'
ptd-server 2022-02-18 05:14:56,208 [INFO] Sending to ptd: 'Identify'
ptd-server 2022-02-18 05:14:56,208 [INFO] Reply from ptd: 'YokogawaWT310E,1000,1,1,1,1,0,1,1,version=1.9.2-3976349f-20201208,OS=Windows 8 / Server 2012,mode=power,1,1,1,0,0,no_cal_date,YOKOGAWA;WT310E;C3YB05015E;F1.04'
ptd-server 2022-02-18 05:14:56,208 [INFO] Connected to PTDaemon
ptd-server 2022-02-18 05:14:56,208 [INFO] Sending to ptd: 'RR'
ptd-server 2022-02-18 05:14:56,208 [INFO] Reply from ptd: 'Ranges,1,20.000000,1,300.000000'
ptd-server 2022-02-18 05:14:56,208 [INFO] Initial range for Amps is Auto for Volts is Auto
ptd-server 2022-02-18 05:14:56,208 [INFO] Sending to ptd: 'SR,V,Auto'
ptd-server 2022-02-18 05:14:56,724 [INFO] Reply from ptd: 'Range V changed'
ptd-server 2022-02-18 05:14:56,724 [INFO] Sending to ptd: 'SR,A,Auto'
ptd-server 2022-02-18 05:14:57,239 [INFO] Reply from ptd: 'Range A changed'
ptd-server 2022-02-18 05:15:07,254 [INFO] Starting ranging mode
ptd-server 2022-02-18 05:15:07,254 [INFO] Sending to ptd: 'Go,1000,0,2022-02-18_05-14-38_ranging'
ptd-server 2022-02-18 05:15:07,254 [INFO] Reply from ptd: 'Starting untimed measurement, maximum 500000 samples at 1000ms with 0 rampup samples'
ptd-server 2022-02-18 05:15:07,254 [INFO] Sending reply to client 'OK'
ptd-server 2022-02-18 05:31:22,029 [INFO] Got command from the client 'session,2022-02-18_05-14-38,stop,ranging'
ptd-server 2022-02-18 05:31:32,044 [INFO] Sending to ptd: 'Stop'
ptd-server 2022-02-18 05:31:32,044 [INFO] Reply from ptd: 'Stopping untimed measurement'
ptd-server 2022-02-18 05:31:32,185 [INFO] Sending reply to client 'OK'
ptd-server 2022-02-18 05:31:32,231 [INFO] Got command from the client 'time'
ptd-server 2022-02-18 05:31:32,231 [INFO] Sending reply to client '1645129892.2319164'
ptd-server 2022-02-18 05:31:32,231 [INFO] Got command from the client 'session,2022-02-18_05-14-38,start,testing'
ptd-server 2022-02-18 05:31:32,231 [INFO] Sending to ptd: 'SR,V,200.210000'
ptd-server 2022-02-18 05:31:33,794 [INFO] Reply from ptd: 'Range V changed'
ptd-server 2022-02-18 05:31:33,794 [INFO] Sending to ptd: 'SR,A,17.080000'
ptd-server 2022-02-18 05:31:35,325 [INFO] Reply from ptd: 'Range A changed'
ptd-server 2022-02-18 05:31:45,340 [INFO] Starting testing mode
ptd-server 2022-02-18 05:31:45,340 [INFO] Sending to ptd: 'Go,1000,0,2022-02-18_05-14-38_testing'
ptd-server 2022-02-18 05:31:45,340 [INFO] Reply from ptd: 'Starting untimed measurement, maximum 500000 samples at 1000ms with 0 rampup samples'
ptd-server 2022-02-18 05:31:45,340 [INFO] Sending reply to client 'OK'
ptd-server 2022-02-18 05:48:02,109 [INFO] Got command from the client 'session,2022-02-18_05-14-38,stop,testing'
ptd-server 2022-02-18 05:48:12,124 [INFO] Sending to ptd: 'Stop'
ptd-server 2022-02-18 05:48:12,124 [INFO] Reply from ptd: 'Stopping untimed measurement'
ptd-server 2022-02-18 05:48:12,218 [INFO] Sending reply to client 'OK'
ptd-server 2022-02-18 05:48:12,234 [INFO] Got command from the client 'session,2022-02-18_05-14-38,done'
ptd-server 2022-02-18 05:48:12,234 [INFO] Sending to ptd: 'Stop'
ptd-server 2022-02-18 05:48:12,359 [INFO] Reply from ptd: 'Error: no measurement to stop'
ptd-server 2022-02-18 05:48:12,359 [INFO] Sending to ptd: 'SR,V,Auto'
ptd-server 2022-02-18 05:48:12,874 [INFO] Reply from ptd: 'Range V changed'
ptd-server 2022-02-18 05:48:12,874 [INFO] Sending to ptd: 'SR,A,Auto'
ptd-server 2022-02-18 05:48:13,390 [INFO] Reply from ptd: 'Range A changed'
ptd-server 2022-02-18 05:48:13,390 [INFO] Set initial values for Amps Auto and Volts Auto
ptd-server 2022-02-18 05:48:13,390 [INFO] Stopping ptd...
