ptd-server 2022-02-24 02:03:02,928 [INFO] Got command from the client 'time'
ptd-server 2022-02-24 02:03:02,928 [INFO] Sending reply to client '1645668182.9285452'
ptd-server 2022-02-24 02:03:02,930 [INFO] Got command from the client 'new,,b6135afd-a013-4c2e-8d14-3cd3b432a193'
ptd-server 2022-02-24 02:03:02,931 [INFO] Sending reply to client 'OK 2022-02-24_02-03-02,6b0c7f8c-b308-4205-940a-0a6628fa1f9f'
ptd-server 2022-02-24 02:03:02,968 [INFO] Got command from the client 'time'
ptd-server 2022-02-24 02:03:02,968 [INFO] Sending reply to client '1645668182.9685109'
ptd-server 2022-02-24 02:03:02,970 [INFO] Got command from the client 'session,2022-02-24_02-03-02,start,ranging'
ptd-server 2022-02-24 02:03:02,970 [INFO] Running PTDaemon: ['/home/anton/projects/mlperf/power/inference_v1.0/ptd-linux-x86', '-l', '/tmp/tmp0_fn53vp/ptd_logfile.txt', '-p', '8888', '49', '/dev/usbtmc0']
ptd-server 2022-02-24 02:03:20,144 [INFO] Sending to ptd: 'Hello'
ptd-server 2022-02-24 02:03:20,145 [INFO] Reply from ptd: 'Hello, PTDaemon here!'
ptd-server 2022-02-24 02:03:20,145 [INFO] Sending to ptd: 'Identify'
ptd-server 2022-02-24 02:03:20,145 [INFO] Reply from ptd: 'YokogawaWT310E,1000,1,1,1,1,0,1,1,version=1.9.2-e8c7a49a-20201208,OS=Linux 5.13.0-30-generic #33~20.04.1-Ubuntu SMP Mon Feb 7 14:25:10 UTC 2022 x86_64,mode=power,1,1,1,0,0,no_cal_date,YOKOGAWA;WT310E;C3XA04010E;F1.04'
ptd-server 2022-02-24 02:03:20,145 [INFO] Connected to PTDaemon
ptd-server 2022-02-24 02:03:20,145 [INFO] Sending to ptd: 'RR'
ptd-server 2022-02-24 02:03:20,146 [INFO] Reply from ptd: 'Ranges,0,0.500000,1,300.000000'
ptd-server 2022-02-24 02:03:20,146 [INFO] Initial range for Amps is 0.500000 for Volts is Auto
ptd-server 2022-02-24 02:03:20,146 [INFO] Sending to ptd: 'SR,V,Auto'
ptd-server 2022-02-24 02:03:20,648 [INFO] Reply from ptd: 'Range V changed'
ptd-server 2022-02-24 02:03:20,649 [INFO] Sending to ptd: 'SR,A,Auto'
ptd-server 2022-02-24 02:03:21,151 [INFO] Reply from ptd: 'Range A changed'
ptd-server 2022-02-24 02:03:31,161 [INFO] Starting ranging mode
ptd-server 2022-02-24 02:03:31,161 [INFO] Sending to ptd: 'Go,1000,0,2022-02-24_02-03-02_ranging'
ptd-server 2022-02-24 02:03:31,162 [INFO] Reply from ptd: 'Starting untimed measurement, maximum 500000 samples at 1000ms with 0 rampup samples'
ptd-server 2022-02-24 02:03:31,162 [INFO] Sending reply to client 'OK'
ptd-server 2022-02-24 02:13:54,013 [INFO] Got command from the client 'session,2022-02-24_02-03-02,stop,ranging'
ptd-server 2022-02-24 02:14:04,023 [INFO] Sending to ptd: 'Stop'
ptd-server 2022-02-24 02:14:04,023 [INFO] Reply from ptd: 'Stopping untimed measurement'
ptd-server 2022-02-24 02:14:04,067 [INFO] Sending reply to client 'OK'
ptd-server 2022-02-24 02:14:04,121 [INFO] Got command from the client 'time'
ptd-server 2022-02-24 02:14:04,121 [INFO] Sending reply to client '1645668844.1216466'
ptd-server 2022-02-24 02:14:04,123 [INFO] Got command from the client 'session,2022-02-24_02-03-02,start,testing'
ptd-server 2022-02-24 02:14:04,124 [INFO] Sending to ptd: 'SR,V,251.480000'
ptd-server 2022-02-24 02:14:05,663 [INFO] Reply from ptd: 'Range V changed'
ptd-server 2022-02-24 02:14:05,664 [INFO] Sending to ptd: 'SR,A,0.042130'
ptd-server 2022-02-24 02:14:07,165 [INFO] Reply from ptd: 'Range A changed'
ptd-server 2022-02-24 02:14:17,175 [INFO] Starting testing mode
ptd-server 2022-02-24 02:14:17,175 [INFO] Sending to ptd: 'Go,1000,0,2022-02-24_02-03-02_testing'
ptd-server 2022-02-24 02:14:17,176 [INFO] Reply from ptd: 'Starting untimed measurement, maximum 500000 samples at 1000ms with 0 rampup samples'
ptd-server 2022-02-24 02:14:17,176 [INFO] Sending reply to client 'OK'
ptd-server 2022-02-24 02:24:39,952 [INFO] Got command from the client 'session,2022-02-24_02-03-02,stop,testing'
ptd-server 2022-02-24 02:24:49,962 [INFO] Sending to ptd: 'Stop'
ptd-server 2022-02-24 02:24:49,962 [INFO] Reply from ptd: 'Stopping untimed measurement'
ptd-server 2022-02-24 02:24:49,987 [INFO] Sending reply to client 'OK'
ptd-server 2022-02-24 02:24:50,006 [INFO] Got command from the client 'session,2022-02-24_02-03-02,done'
ptd-server 2022-02-24 02:24:50,006 [INFO] Sending to ptd: 'Stop'
ptd-server 2022-02-24 02:24:50,177 [INFO] Reply from ptd: 'Error: no measurement to stop'
ptd-server 2022-02-24 02:24:50,177 [INFO] Sending to ptd: 'SR,V,Auto'
ptd-server 2022-02-24 02:24:50,679 [INFO] Reply from ptd: 'Range V changed'
ptd-server 2022-02-24 02:24:50,679 [INFO] Sending to ptd: 'SR,A,0.500000'
ptd-server 2022-02-24 02:24:52,181 [INFO] Reply from ptd: 'Range A changed'
ptd-server 2022-02-24 02:24:52,181 [INFO] Set initial values for Amps 0.500000 and Volts Auto
ptd-server 2022-02-24 02:24:52,181 [INFO] Stopping ptd...
