ptd-server 2022-02-16 22:11:49,190 [INFO] Got command from the client 'time'
ptd-server 2022-02-16 22:11:49,190 [INFO] Sending reply to client '1645049509.1904995'
ptd-server 2022-02-16 22:11:49,191 [INFO] Got command from the client 'new,,d6a770b7-123c-4f9e-9371-646e854d5732'
ptd-server 2022-02-16 22:11:49,192 [INFO] Sending reply to client 'OK 2022-02-16_22-11-49,aa00d04c-5a4f-4cc5-9f57-ab7c391e1db2'
ptd-server 2022-02-16 22:11:49,223 [INFO] Got command from the client 'time'
ptd-server 2022-02-16 22:11:49,224 [INFO] Sending reply to client '1645049509.224053'
ptd-server 2022-02-16 22:11:49,225 [INFO] Got command from the client 'session,2022-02-16_22-11-49,start,ranging'
ptd-server 2022-02-16 22:11:49,225 [INFO] Running PTDaemon: ['/home/anton/projects/mlperf/power/inference_v1.0/ptd-linux-x86', '-l', '/tmp/tmpgldyt7rr/ptd_logfile.txt', '-p', '8888', '49', '/dev/usbtmc0']
ptd-server 2022-02-16 22:12:06,403 [INFO] Sending to ptd: 'Hello'
ptd-server 2022-02-16 22:12:06,404 [INFO] Reply from ptd: 'Hello, PTDaemon here!'
ptd-server 2022-02-16 22:12:06,404 [INFO] Sending to ptd: 'Identify'
ptd-server 2022-02-16 22:12:06,404 [INFO] Reply from ptd: 'YokogawaWT310E,1000,1,1,1,1,0,1,1,version=1.9.2-e8c7a49a-20201208,OS=Linux 5.13.0-28-generic #31~20.04.1-Ubuntu SMP Wed Jan 19 14:08:10 UTC 2022 x86_64,mode=power,1,1,1,0,0,no_cal_date,YOKOGAWA;WT310E;C3XA04010E;F1.04'
ptd-server 2022-02-16 22:12:06,405 [INFO] Connected to PTDaemon
ptd-server 2022-02-16 22:12:06,405 [INFO] Sending to ptd: 'RR'
ptd-server 2022-02-16 22:12:06,405 [INFO] Reply from ptd: 'Ranges,0,0.500000,0,300.000000'
ptd-server 2022-02-16 22:12:06,405 [INFO] Initial range for Amps is 0.500000 for Volts is 300.000000
ptd-server 2022-02-16 22:12:06,405 [INFO] Sending to ptd: 'SR,V,Auto'
ptd-server 2022-02-16 22:12:06,907 [INFO] Reply from ptd: 'Range V changed'
ptd-server 2022-02-16 22:12:06,908 [INFO] Sending to ptd: 'SR,A,Auto'
ptd-server 2022-02-16 22:12:07,410 [INFO] Reply from ptd: 'Range A changed'
ptd-server 2022-02-16 22:12:17,420 [INFO] Starting ranging mode
ptd-server 2022-02-16 22:12:17,420 [INFO] Sending to ptd: 'Go,1000,0,2022-02-16_22-11-49_ranging'
ptd-server 2022-02-16 22:12:17,421 [INFO] Reply from ptd: 'Starting untimed measurement, maximum 500000 samples at 1000ms with 0 rampup samples'
ptd-server 2022-02-16 22:12:17,421 [INFO] Sending reply to client 'OK'
ptd-server 2022-02-16 22:22:36,044 [INFO] Got command from the client 'session,2022-02-16_22-11-49,stop,ranging'
ptd-server 2022-02-16 22:22:46,055 [INFO] Sending to ptd: 'Stop'
ptd-server 2022-02-16 22:22:46,055 [INFO] Reply from ptd: 'Stopping untimed measurement'
ptd-server 2022-02-16 22:22:46,145 [INFO] Sending reply to client 'OK'
ptd-server 2022-02-16 22:22:46,230 [INFO] Got command from the client 'time'
ptd-server 2022-02-16 22:22:46,230 [INFO] Sending reply to client '1645050166.2306995'
ptd-server 2022-02-16 22:22:46,233 [INFO] Got command from the client 'session,2022-02-16_22-11-49,start,testing'
ptd-server 2022-02-16 22:22:46,233 [INFO] Sending to ptd: 'SR,V,251.130000'
ptd-server 2022-02-16 22:22:47,922 [INFO] Reply from ptd: 'Range V changed'
ptd-server 2022-02-16 22:22:47,922 [INFO] Sending to ptd: 'SR,A,0.045370'
ptd-server 2022-02-16 22:22:49,424 [INFO] Reply from ptd: 'Range A changed'
ptd-server 2022-02-16 22:22:59,434 [INFO] Starting testing mode
ptd-server 2022-02-16 22:22:59,434 [INFO] Sending to ptd: 'Go,1000,0,2022-02-16_22-11-49_testing'
ptd-server 2022-02-16 22:22:59,435 [INFO] Reply from ptd: 'Starting untimed measurement, maximum 500000 samples at 1000ms with 0 rampup samples'
ptd-server 2022-02-16 22:22:59,435 [INFO] Sending reply to client 'OK'
ptd-server 2022-02-16 22:33:17,421 [INFO] Got command from the client 'session,2022-02-16_22-11-49,stop,testing'
ptd-server 2022-02-16 22:33:27,432 [INFO] Sending to ptd: 'Stop'
ptd-server 2022-02-16 22:33:27,432 [INFO] Reply from ptd: 'Stopping untimed measurement'
ptd-server 2022-02-16 22:33:27,477 [INFO] Sending reply to client 'OK'
ptd-server 2022-02-16 22:33:27,500 [INFO] Got command from the client 'session,2022-02-16_22-11-49,done'
ptd-server 2022-02-16 22:33:27,500 [INFO] Sending to ptd: 'Stop'
ptd-server 2022-02-16 22:33:27,500 [INFO] Reply from ptd: 'Error: no measurement to stop'
ptd-server 2022-02-16 22:33:27,500 [INFO] Sending to ptd: 'SR,V,300.000000'
ptd-server 2022-02-16 22:33:29,002 [INFO] Reply from ptd: 'Range V changed'
ptd-server 2022-02-16 22:33:29,002 [INFO] Sending to ptd: 'SR,A,0.500000'
ptd-server 2022-02-16 22:33:30,503 [INFO] Reply from ptd: 'Range A changed'
ptd-server 2022-02-16 22:33:30,503 [INFO] Set initial values for Amps 0.500000 and Volts 300.000000
ptd-server 2022-02-16 22:33:30,503 [INFO] Stopping ptd...
