ptd-server 2022-02-15 17:58:43,605 [INFO] Got command from the client 'time'
ptd-server 2022-02-15 17:58:43,605 [INFO] Sending reply to client '1644947923.605563'
ptd-server 2022-02-15 17:58:43,608 [INFO] Got command from the client 'new,,bbfcd730-b95c-4d59-9624-95fe80b39afe'
ptd-server 2022-02-15 17:58:43,608 [INFO] Sending reply to client 'OK 2022-02-15_17-58-43,3a11a7d1-8d28-4936-8a34-2969db5b0538'
ptd-server 2022-02-15 17:58:43,655 [INFO] Got command from the client 'time'
ptd-server 2022-02-15 17:58:43,655 [INFO] Sending reply to client '1644947923.6552243'
ptd-server 2022-02-15 17:58:43,657 [INFO] Got command from the client 'session,2022-02-15_17-58-43,start,ranging'
ptd-server 2022-02-15 17:58:43,657 [INFO] Running PTDaemon: ['/home/anton/projects/mlperf/power/inference_v1.0/ptd-linux-x86', '-l', '/tmp/tmpxvec0g6h/ptd_logfile.txt', '-p', '8888', '49', '/dev/usbtmc0']
ptd-server 2022-02-15 17:59:00,831 [INFO] Sending to ptd: 'Hello'
ptd-server 2022-02-15 17:59:00,831 [INFO] Reply from ptd: 'Hello, PTDaemon here!'
ptd-server 2022-02-15 17:59:00,832 [INFO] Sending to ptd: 'Identify'
ptd-server 2022-02-15 17:59:00,832 [INFO] Reply from ptd: 'YokogawaWT310E,1000,1,1,1,1,0,1,1,version=1.9.2-e8c7a49a-20201208,OS=Linux 5.13.0-27-generic #29~20.04.1-Ubuntu SMP Fri Jan 14 00:32:30 UTC 2022 x86_64,mode=power,1,1,1,0,0,no_cal_date,YOKOGAWA;WT310E;C3XA04010E;F1.04'
ptd-server 2022-02-15 17:59:00,832 [INFO] Connected to PTDaemon
ptd-server 2022-02-15 17:59:00,832 [INFO] Sending to ptd: 'RR'
ptd-server 2022-02-15 17:59:00,832 [INFO] Reply from ptd: 'Ranges,0,0.500000,0,300.000000'
ptd-server 2022-02-15 17:59:00,833 [INFO] Initial range for Amps is 0.500000 for Volts is 300.000000
ptd-server 2022-02-15 17:59:00,833 [INFO] Sending to ptd: 'SR,V,Auto'
ptd-server 2022-02-15 17:59:01,335 [INFO] Reply from ptd: 'Range V changed'
ptd-server 2022-02-15 17:59:01,335 [INFO] Sending to ptd: 'SR,A,Auto'
ptd-server 2022-02-15 17:59:01,838 [INFO] Reply from ptd: 'Range A changed'
ptd-server 2022-02-15 17:59:11,848 [INFO] Starting ranging mode
ptd-server 2022-02-15 17:59:11,848 [INFO] Sending to ptd: 'Go,1000,0,2022-02-15_17-58-43_ranging'
ptd-server 2022-02-15 17:59:11,849 [INFO] Reply from ptd: 'Starting untimed measurement, maximum 500000 samples at 1000ms with 0 rampup samples'
ptd-server 2022-02-15 17:59:11,849 [INFO] Sending reply to client 'OK'
ptd-server 2022-02-15 18:09:31,482 [INFO] Got command from the client 'session,2022-02-15_17-58-43,stop,ranging'
ptd-server 2022-02-15 18:09:41,493 [INFO] Sending to ptd: 'Stop'
ptd-server 2022-02-15 18:09:41,493 [INFO] Reply from ptd: 'Stopping untimed measurement'
ptd-server 2022-02-15 18:09:42,513 [INFO] Sending reply to client 'OK'
ptd-server 2022-02-15 18:09:42,573 [INFO] Got command from the client 'time'
ptd-server 2022-02-15 18:09:42,573 [INFO] Sending reply to client '1644948582.573615'
ptd-server 2022-02-15 18:09:42,576 [INFO] Got command from the client 'session,2022-02-15_17-58-43,start,testing'
ptd-server 2022-02-15 18:09:42,576 [INFO] Sending to ptd: 'SR,V,251.410000'
ptd-server 2022-02-15 18:09:44,078 [INFO] Reply from ptd: 'Range V changed'
ptd-server 2022-02-15 18:09:44,078 [INFO] Sending to ptd: 'SR,A,0.184400'
ptd-server 2022-02-15 18:09:45,579 [INFO] Reply from ptd: 'Range A changed'
ptd-server 2022-02-15 18:09:55,589 [INFO] Starting testing mode
ptd-server 2022-02-15 18:09:55,590 [INFO] Sending to ptd: 'Go,1000,0,2022-02-15_17-58-43_testing'
ptd-server 2022-02-15 18:09:55,590 [INFO] Reply from ptd: 'Starting untimed measurement, maximum 500000 samples at 1000ms with 0 rampup samples'
ptd-server 2022-02-15 18:09:55,590 [INFO] Sending reply to client 'OK'
ptd-server 2022-02-15 18:20:15,249 [INFO] Got command from the client 'session,2022-02-15_17-58-43,stop,testing'
ptd-server 2022-02-15 18:20:25,259 [INFO] Sending to ptd: 'Stop'
ptd-server 2022-02-15 18:20:25,259 [INFO] Reply from ptd: 'Stopping untimed measurement'
ptd-server 2022-02-15 18:20:25,709 [INFO] Sending reply to client 'OK'
ptd-server 2022-02-15 18:20:25,728 [INFO] Got command from the client 'session,2022-02-15_17-58-43,done'
ptd-server 2022-02-15 18:20:25,728 [INFO] Sending to ptd: 'Stop'
ptd-server 2022-02-15 18:20:25,728 [INFO] Reply from ptd: 'Error: no measurement to stop'
ptd-server 2022-02-15 18:20:25,728 [INFO] Sending to ptd: 'SR,V,300.000000'
ptd-server 2022-02-15 18:20:27,230 [INFO] Reply from ptd: 'Range V changed'
ptd-server 2022-02-15 18:20:27,230 [INFO] Sending to ptd: 'SR,A,0.500000'
ptd-server 2022-02-15 18:20:28,731 [INFO] Reply from ptd: 'Range A changed'
ptd-server 2022-02-15 18:20:28,731 [INFO] Set initial values for Amps 0.500000 and Volts 300.000000
ptd-server 2022-02-15 18:20:28,731 [INFO] Stopping ptd...
