client 2022-02-23 09:23:44,890 [INFO] Sending command to the server: 'mlcommons/power client v3'
client 2022-02-23 09:23:44,891 [INFO] Got response: 'mlcommons/power server v3'
client 2022-02-23 09:23:44,891 [INFO] Sending command to the server: 'stop'
client 2022-02-23 09:23:44,892 [INFO] Got response: 'OK'
client 2022-02-23 09:23:44,892 [INFO] Synchronizing with the server and with 192.168.123.123...
client 2022-02-23 09:23:44,895 [INFO] NTP:offset = -0.000 s, delay = 0.000 s 
client 2022-02-23 09:23:44,895 [INFO] Sending command to the server: 'time'
client 2022-02-23 09:23:44,896 [INFO] Got response: '1645608224.827023'
client 2022-02-23 09:23:44,896 [INFO] The time difference between the client and the server is within range 68.599 ms..69.526 ms
client 2022-02-23 09:23:44,896 [INFO] Sending command to the server: 'new,,0ac9eaec-cdfa-42b7-9fcb-640c03f65ea9'
client 2022-02-23 09:23:44,897 [INFO] Got response: 'OK 2022-02-23_09-23-44,b6ef1546-76c0-4d18-8dee-811411e2912f'
client 2022-02-23 09:23:44,897 [INFO] Session id is '2022-02-23_09-23-44'
client 2022-02-23 09:23:44,897 [INFO] Sources: {"sources": {"__init__.py": "da39a3ee5e6b4b0d3255bfef95601890afd80709", "client.py": "33ca4f26368777ac06e01f9567b714a4b8063886", "lib/__init__.py": "da39a3ee5e6b4b0d3255bfef95601890afd80709", "lib/client.py": "4c2b78fb4849a7e5b584ef792d82aaed20b17f57", "lib/common.py": "624d0c0acc7c39aaff3674f0b99d6a09da53d1dc", "lib/external/__init__.py": "da39a3ee5e6b4b0d3255bfef95601890afd80709", "lib/external/ntplib.py": "4da8f970656505a40483206ef2b5d3dd5e81711d", "lib/server.py": "59c9fb92908260d3e9f81a895c7aa009742275e4", "lib/source_hashes.py": "60a2e02193209e8d392803326208d5466342da18", "lib/summary.py": "aa92f0a3f975eecd44d3c0cd0236342ccc9f941d", "lib/time_sync.py": "3210db56eb0ff0df57bf4293dc4d4b03fffd46f1", "server.py": "c3f90f2f7eeb4db30727556d0c815ebc89b3d28b", "tests/unit/__init__.py": "da39a3ee5e6b4b0d3255bfef95601890afd80709", "tests/unit/test_server.py": "99ae15aef722f2000ee6ed1ae1523637bf1ae42b", "tests/unit/test_source_hashes.py": "00468a2907583c593e6574a1f6b404e4651c221a"}, "modules": {"ptd_client_server.lib.client": "lib/client.py", "ptd_client_server.lib.common": "lib/common.py", "ptd_client_server.lib.external.ntplib": "lib/external/ntplib.py", "ptd_client_server.lib.source_hashes": "lib/source_hashes.py", "ptd_client_server.lib.summary": "lib/summary.py", "ptd_client_server.lib.time_sync": "lib/time_sync.py"}}
client 2022-02-23 09:23:44,898 [INFO] Running workload in ranging mode
client 2022-02-23 09:23:44,898 [INFO] Synchronizing with the server and with 192.168.123.123...
client 2022-02-23 09:23:44,899 [INFO] NTP:offset = -0.000 s, delay = 0.000 s 
client 2022-02-23 09:23:44,899 [INFO] Sending command to the server: 'time'
client 2022-02-23 09:23:44,899 [INFO] Got response: '1645608224.827023'
client 2022-02-23 09:23:44,900 [INFO] The time difference between the client and the server is within range 72.133 ms..73.023 ms
client 2022-02-23 09:23:44,900 [INFO] Sending command to the server: 'session,2022-02-23_09-23-44,start,ranging'
client 2022-02-23 09:24:23,529 [INFO] Got response: 'OK'
client 2022-02-23 09:24:23,530 [INFO] Running the workload 'LOG_DIR=/work/build/power_logs_temp python3 code/main.py --benchmarks=resnet50 --scenarios=server --config_ver=maxq --action="run_harness" \\\n\t\t2>&1 | tee -a /work/build/power_logs/2022.02.23-09.23.24/stdout.txt \\\n\t\t&& if [ ! -d /work/build/power_logs/2022.02.23-09.23.24/ranging_tmp ]; \\\n\t\t\tthen mkdir /work/build/power_logs/2022.02.23-09.23.24/ranging_tmp \\\n\t\t\t\t&& mv /work/build/power_logs_temp/* /work/build/power_logs/2022.02.23-09.23.24/ranging_tmp/ \\\n\t\t\t\t&& cp -v /work/build/power_logs/2022.02.23-09.23.24/ranging_tmp/*/*/*/mlperf_log_detail.txt /work/build/power_logs_temp/ \\\n\t\t\t\t&& cp -v /work/build/power_logs/2022.02.23-09.23.24/ranging_tmp/*/*/*/mlperf_log_summary.txt /work/build/power_logs_temp/; \\\n\t\t\telse mkdir /work/build/power_logs/2022.02.23-09.23.24/testing_tmp \\\n\t\t\t\t&& mv /work/build/power_logs_temp/* /work/build/power_logs/2022.02.23-09.23.24/testing_tmp/ \\\n\t\t\t\t&& cp -v /work/build/power_logs/2022.02.23-09.23.24/testing_tmp/*/*/*/mlperf_log_detail.txt /work/build/power_logs_temp/ \\\n\t\t\t\t&& cp -v /work/build/power_logs/2022.02.23-09.23.24/testing_tmp/*/*/*/mlperf_log_summary.txt /work/build/power_logs_temp/; fi'
client 2022-02-23 09:34:56,610 [INFO] Sending command to the server: 'session,2022-02-23_09-23-44,stop,ranging'
client 2022-02-23 09:35:06,641 [INFO] Got response: 'OK'
client 2022-02-23 09:35:06,650 [INFO] Copying loadgen logs from '/work/build/power_logs_temp' to '/work/build/power_logs/2022.02.23-09.23.24/2022-02-23_09-23-44/ranging'
client 2022-02-23 09:35:06,651 [INFO] Running workload in testing mode
client 2022-02-23 09:35:06,651 [INFO] Synchronizing with the server and with 192.168.123.123...
client 2022-02-23 09:35:06,652 [INFO] NTP:offset = -0.000 s, delay = 0.000 s 
client 2022-02-23 09:35:06,652 [INFO] Sending command to the server: 'time'
client 2022-02-23 09:35:06,653 [INFO] Got response: '1645608906.5504346'
client 2022-02-23 09:35:06,653 [INFO] The time difference between the client and the server is within range 101.881 ms..102.810 ms
client 2022-02-23 09:35:06,653 [INFO] Sending command to the server: 'session,2022-02-23_09-23-44,start,testing'
client 2022-02-23 09:35:29,266 [INFO] Got response: 'OK'
client 2022-02-23 09:35:29,266 [INFO] Running the workload 'LOG_DIR=/work/build/power_logs_temp python3 code/main.py --benchmarks=resnet50 --scenarios=server --config_ver=maxq --action="run_harness" \\\n\t\t2>&1 | tee -a /work/build/power_logs/2022.02.23-09.23.24/stdout.txt \\\n\t\t&& if [ ! -d /work/build/power_logs/2022.02.23-09.23.24/ranging_tmp ]; \\\n\t\t\tthen mkdir /work/build/power_logs/2022.02.23-09.23.24/ranging_tmp \\\n\t\t\t\t&& mv /work/build/power_logs_temp/* /work/build/power_logs/2022.02.23-09.23.24/ranging_tmp/ \\\n\t\t\t\t&& cp -v /work/build/power_logs/2022.02.23-09.23.24/ranging_tmp/*/*/*/mlperf_log_detail.txt /work/build/power_logs_temp/ \\\n\t\t\t\t&& cp -v /work/build/power_logs/2022.02.23-09.23.24/ranging_tmp/*/*/*/mlperf_log_summary.txt /work/build/power_logs_temp/; \\\n\t\t\telse mkdir /work/build/power_logs/2022.02.23-09.23.24/testing_tmp \\\n\t\t\t\t&& mv /work/build/power_logs_temp/* /work/build/power_logs/2022.02.23-09.23.24/testing_tmp/ \\\n\t\t\t\t&& cp -v /work/build/power_logs/2022.02.23-09.23.24/testing_tmp/*/*/*/mlperf_log_detail.txt /work/build/power_logs_temp/ \\\n\t\t\t\t&& cp -v /work/build/power_logs/2022.02.23-09.23.24/testing_tmp/*/*/*/mlperf_log_summary.txt /work/build/power_logs_temp/; fi'
client 2022-02-23 09:46:01,563 [INFO] Sending command to the server: 'session,2022-02-23_09-23-44,stop,testing'
client 2022-02-23 09:46:11,581 [INFO] Got response: 'OK'
client 2022-02-23 09:46:11,583 [INFO] Copying loadgen logs from '/work/build/power_logs_temp' to '/work/build/power_logs/2022.02.23-09.23.24/2022-02-23_09-23-44/run_1'
client 2022-02-23 09:46:11,584 [INFO] Done runs
