ptd-server 2022-02-23 09:23:44,811 [INFO] Got command from the client 'stop'
ptd-server 2022-02-23 09:23:44,811 [INFO] The server will be stopped after processing this client
ptd-server 2022-02-23 09:23:44,811 [INFO] Sending reply to client 'OK'
ptd-server 2022-02-23 09:23:44,827 [INFO] Got command from the client 'time'
ptd-server 2022-02-23 09:23:44,827 [INFO] Sending reply to client '1645608224.827023'
ptd-server 2022-02-23 09:23:44,827 [INFO] Got command from the client 'new,,0ac9eaec-cdfa-42b7-9fcb-640c03f65ea9'
ptd-server 2022-02-23 09:23:44,827 [INFO] Sending reply to client 'OK 2022-02-23_09-23-44,b6ef1546-76c0-4d18-8dee-811411e2912f'
ptd-server 2022-02-23 09:23:44,827 [INFO] Got command from the client 'time'
ptd-server 2022-02-23 09:23:44,827 [INFO] Sending reply to client '1645608224.827023'
ptd-server 2022-02-23 09:23:44,827 [INFO] Got command from the client 'session,2022-02-23_09-23-44,start,ranging'
ptd-server 2022-02-23 09:23:44,936 [INFO] Running PTDaemon: ['C:\\PTD\\ptd-windows-x86.exe', '-l', 'C:\\Users\\pa\\AppData\\Local\\Temp\\tmpbtunqoyr\\ptd_logfile.txt', '-p', '8888', '-c', '1,2', '-y', '77', 'C2WL21005V']
ptd-server 2022-02-23 09:24:03,292 [INFO] Sending to ptd: 'Hello'
ptd-server 2022-02-23 09:24:03,292 [INFO] Reply from ptd: 'Hello, PTDaemon here!'
ptd-server 2022-02-23 09:24:03,292 [INFO] Sending to ptd: 'Identify'
ptd-server 2022-02-23 09:24:03,292 [INFO] Reply from ptd: 'YokogawaWT330_multichannel,1000,1,1,1,1,0,0,1,version=1.9.2-3976349f-20201208,OS=Windows 8 / Server 2012,mode=power,1,1,2,0,0,no_cal_date,YOKOGAWA;WT333E;C2WL21005V;F1.04'
ptd-server 2022-02-23 09:24:03,292 [INFO] Connected to PTDaemon
ptd-server 2022-02-23 09:24:03,292 [INFO] Sending to ptd: 'RR'
ptd-server 2022-02-23 09:24:03,292 [INFO] Reply from ptd: 'Ranges,-1,-1.000000,-1,-1.000000'
ptd-server 2022-02-23 09:24:03,292 [INFO] Initial range for Amps is Auto for Volts is Auto
ptd-server 2022-02-23 09:24:03,292 [INFO] Sending to ptd: 'SR,V,Auto'
ptd-server 2022-02-23 09:24:08,369 [INFO] Reply from ptd: 'Range V changed'
ptd-server 2022-02-23 09:24:08,369 [INFO] Sending to ptd: 'SR,A,Auto'
ptd-server 2022-02-23 09:24:13,446 [INFO] Reply from ptd: 'Range A changed'
ptd-server 2022-02-23 09:24:23,459 [INFO] Starting ranging mode
ptd-server 2022-02-23 09:24:23,459 [INFO] Sending to ptd: 'Go,1000,0,2022-02-23_09-23-44_ranging'
ptd-server 2022-02-23 09:24:23,459 [INFO] Reply from ptd: 'Starting untimed measurement, maximum 500000 samples at 1000ms with 0 rampup samples'
ptd-server 2022-02-23 09:24:23,459 [INFO] Sending reply to client 'OK'
ptd-server 2022-02-23 09:34:56,505 [INFO] Got command from the client 'session,2022-02-23_09-23-44,stop,ranging'
ptd-server 2022-02-23 09:35:06,519 [INFO] Sending to ptd: 'Stop'
ptd-server 2022-02-23 09:35:06,519 [INFO] Reply from ptd: 'Stopping untimed measurement'
ptd-server 2022-02-23 09:35:06,534 [INFO] Sending reply to client 'OK'
ptd-server 2022-02-23 09:35:06,550 [INFO] Got command from the client 'time'
ptd-server 2022-02-23 09:35:06,550 [INFO] Sending reply to client '1645608906.5504346'
ptd-server 2022-02-23 09:35:06,550 [INFO] Got command from the client 'session,2022-02-23_09-23-44,start,testing'
ptd-server 2022-02-23 09:35:06,550 [INFO] Sending to ptd: 'SR,V,121.330000'
ptd-server 2022-02-23 09:35:13,564 [INFO] Reply from ptd: 'Range V changed'
ptd-server 2022-02-23 09:35:13,564 [INFO] Sending to ptd: 'SR,A,1.353300'
ptd-server 2022-02-23 09:35:19,157 [INFO] Reply from ptd: 'Range A changed'
ptd-server 2022-02-23 09:35:29,170 [INFO] Starting testing mode
ptd-server 2022-02-23 09:35:29,170 [INFO] Sending to ptd: 'Go,1000,0,2022-02-23_09-23-44_testing'
ptd-server 2022-02-23 09:35:29,170 [INFO] Reply from ptd: 'Starting untimed measurement, maximum 500000 samples at 1000ms with 0 rampup samples'
ptd-server 2022-02-23 09:35:29,170 [INFO] Sending reply to client 'OK'
ptd-server 2022-02-23 09:46:01,435 [INFO] Got command from the client 'session,2022-02-23_09-23-44,stop,testing'
ptd-server 2022-02-23 09:46:11,449 [INFO] Sending to ptd: 'Stop'
ptd-server 2022-02-23 09:46:11,449 [INFO] Reply from ptd: 'Stopping untimed measurement'
ptd-server 2022-02-23 09:46:11,449 [INFO] Sending reply to client 'OK'
ptd-server 2022-02-23 09:46:11,464 [INFO] Got command from the client 'session,2022-02-23_09-23-44,done'
ptd-server 2022-02-23 09:46:11,464 [INFO] Sending to ptd: 'Stop'
ptd-server 2022-02-23 09:46:12,183 [INFO] Reply from ptd: 'Error: no measurement to stop'
ptd-server 2022-02-23 09:46:12,183 [INFO] Sending to ptd: 'SR,V,Auto'
ptd-server 2022-02-23 09:46:17,260 [INFO] Reply from ptd: 'Range V changed'
ptd-server 2022-02-23 09:46:17,260 [INFO] Sending to ptd: 'SR,A,Auto'
ptd-server 2022-02-23 09:46:22,337 [INFO] Reply from ptd: 'Range A changed'
ptd-server 2022-02-23 09:46:22,337 [INFO] Set initial values for Amps Auto and Volts Auto
ptd-server 2022-02-23 09:46:22,337 [INFO] Stopping ptd...
