ptd-server 2022-02-18 00:38:15,422 [INFO] Got command from the client 'time'
ptd-server 2022-02-18 00:38:15,423 [INFO] Sending reply to client '1645144695.4231021'
ptd-server 2022-02-18 00:38:15,424 [INFO] Got command from the client 'new,,c4bff8c7-1ead-42ee-9727-b7e867c1b4cc'
ptd-server 2022-02-18 00:38:15,425 [INFO] Sending reply to client 'OK 2022-02-18_00-38-15,8f649fd2-992d-4b6f-9039-3ef4eb940fdb'
ptd-server 2022-02-18 00:38:15,475 [INFO] Got command from the client 'time'
ptd-server 2022-02-18 00:38:15,475 [INFO] Sending reply to client '1645144695.475788'
ptd-server 2022-02-18 00:38:15,477 [INFO] Got command from the client 'session,2022-02-18_00-38-15,start,ranging'
ptd-server 2022-02-18 00:38:15,477 [INFO] Running PTDaemon: ['/home/anton/projects/mlperf/power/inference_v1.0/ptd-linux-x86', '-l', '/tmp/tmpgldyt7rr/ptd_logfile.txt', '-p', '8888', '49', '/dev/usbtmc0']
ptd-server 2022-02-18 00:38:32,651 [INFO] Sending to ptd: 'Hello'
ptd-server 2022-02-18 00:38:32,651 [INFO] Reply from ptd: 'Hello, PTDaemon here!'
ptd-server 2022-02-18 00:38:32,652 [INFO] Sending to ptd: 'Identify'
ptd-server 2022-02-18 00:38:32,652 [INFO] Reply from ptd: 'YokogawaWT310E,1000,1,1,1,1,0,1,1,version=1.9.2-e8c7a49a-20201208,OS=Linux 5.13.0-28-generic #31~20.04.1-Ubuntu SMP Wed Jan 19 14:08:10 UTC 2022 x86_64,mode=power,1,1,1,0,0,no_cal_date,YOKOGAWA;WT310E;C3XA04010E;F1.04'
ptd-server 2022-02-18 00:38:32,652 [INFO] Connected to PTDaemon
ptd-server 2022-02-18 00:38:32,652 [INFO] Sending to ptd: 'RR'
ptd-server 2022-02-18 00:38:32,652 [INFO] Reply from ptd: 'Ranges,0,0.500000,0,300.000000'
ptd-server 2022-02-18 00:38:32,653 [INFO] Initial range for Amps is 0.500000 for Volts is 300.000000
ptd-server 2022-02-18 00:38:32,653 [INFO] Sending to ptd: 'SR,V,Auto'
ptd-server 2022-02-18 00:38:33,155 [INFO] Reply from ptd: 'Range V changed'
ptd-server 2022-02-18 00:38:33,156 [INFO] Sending to ptd: 'SR,A,Auto'
ptd-server 2022-02-18 00:38:33,658 [INFO] Reply from ptd: 'Range A changed'
ptd-server 2022-02-18 00:38:43,668 [INFO] Starting ranging mode
ptd-server 2022-02-18 00:38:43,668 [INFO] Sending to ptd: 'Go,1000,0,2022-02-18_00-38-15_ranging'
ptd-server 2022-02-18 00:38:43,669 [INFO] Reply from ptd: 'Starting untimed measurement, maximum 500000 samples at 1000ms with 0 rampup samples'
ptd-server 2022-02-18 00:38:43,669 [INFO] Sending reply to client 'OK'
ptd-server 2022-02-18 00:51:37,055 [INFO] Got command from the client 'session,2022-02-18_00-38-15,stop,ranging'
ptd-server 2022-02-18 00:51:47,066 [INFO] Sending to ptd: 'Stop'
ptd-server 2022-02-18 00:51:47,066 [INFO] Reply from ptd: 'Stopping untimed measurement'
ptd-server 2022-02-18 00:51:47,293 [INFO] Sending reply to client 'OK'
ptd-server 2022-02-18 00:51:47,414 [INFO] Got command from the client 'time'
ptd-server 2022-02-18 00:51:47,414 [INFO] Sending reply to client '1645145507.414224'
ptd-server 2022-02-18 00:51:47,418 [INFO] Got command from the client 'session,2022-02-18_00-38-15,start,testing'
ptd-server 2022-02-18 00:51:47,418 [INFO] Sending to ptd: 'SR,V,250.350000'
ptd-server 2022-02-18 00:51:49,171 [INFO] Reply from ptd: 'Range V changed'
ptd-server 2022-02-18 00:51:49,171 [INFO] Sending to ptd: 'SR,A,0.218070'
ptd-server 2022-02-18 00:51:50,672 [INFO] Reply from ptd: 'Range A changed'
ptd-server 2022-02-18 00:52:00,683 [INFO] Starting testing mode
ptd-server 2022-02-18 00:52:00,683 [INFO] Sending to ptd: 'Go,1000,0,2022-02-18_00-38-15_testing'
ptd-server 2022-02-18 00:52:00,683 [INFO] Reply from ptd: 'Starting untimed measurement, maximum 500000 samples at 1000ms with 0 rampup samples'
ptd-server 2022-02-18 00:52:00,683 [INFO] Sending reply to client 'OK'
ptd-server 2022-02-18 01:04:57,969 [INFO] Got command from the client 'session,2022-02-18_00-38-15,stop,testing'
ptd-server 2022-02-18 01:05:07,979 [INFO] Sending to ptd: 'Stop'
ptd-server 2022-02-18 01:05:07,979 [INFO] Reply from ptd: 'Stopping untimed measurement'
ptd-server 2022-02-18 01:05:08,101 [INFO] Sending reply to client 'OK'
ptd-server 2022-02-18 01:05:08,144 [INFO] Got command from the client 'session,2022-02-18_00-38-15,done'
ptd-server 2022-02-18 01:05:08,144 [INFO] Sending to ptd: 'Stop'
ptd-server 2022-02-18 01:05:08,683 [INFO] Reply from ptd: 'Error: no measurement to stop'
ptd-server 2022-02-18 01:05:08,684 [INFO] Sending to ptd: 'SR,V,300.000000'
ptd-server 2022-02-18 01:05:10,185 [INFO] Reply from ptd: 'Range V changed'
ptd-server 2022-02-18 01:05:10,185 [INFO] Sending to ptd: 'SR,A,0.500000'
ptd-server 2022-02-18 01:05:11,687 [INFO] Reply from ptd: 'Range A changed'
ptd-server 2022-02-18 01:05:11,687 [INFO] Set initial values for Amps 0.500000 and Volts 300.000000
ptd-server 2022-02-18 01:05:11,687 [INFO] Stopping ptd...
