ptd-server 2022-02-18 22:53:55,800 [INFO] Got command from the client 'time'
ptd-server 2022-02-18 22:53:55,800 [INFO] Sending reply to client '1645224835.8007536'
ptd-server 2022-02-18 22:53:55,802 [INFO] Got command from the client 'new,,6da24dfb-1c34-4152-a877-5eaa5027c581'
ptd-server 2022-02-18 22:53:55,802 [INFO] Sending reply to client 'OK 2022-02-18_22-53-55,6ff8ecf6-1762-4ec9-b2fc-f277652fde77'
ptd-server 2022-02-18 22:53:55,833 [INFO] Got command from the client 'time'
ptd-server 2022-02-18 22:53:55,833 [INFO] Sending reply to client '1645224835.833318'
ptd-server 2022-02-18 22:53:55,834 [INFO] Got command from the client 'session,2022-02-18_22-53-55,start,ranging'
ptd-server 2022-02-18 22:53:55,835 [INFO] Running PTDaemon: ['/home/anton/projects/mlperf/power/inference_v1.0/ptd-linux-x86', '-l', '/tmp/tmpgldyt7rr/ptd_logfile.txt', '-p', '8888', '49', '/dev/usbtmc0']
ptd-server 2022-02-18 22:54:13,008 [INFO] Sending to ptd: 'Hello'
ptd-server 2022-02-18 22:54:13,009 [INFO] Reply from ptd: 'Hello, PTDaemon here!'
ptd-server 2022-02-18 22:54:13,009 [INFO] Sending to ptd: 'Identify'
ptd-server 2022-02-18 22:54:13,010 [INFO] Reply from ptd: 'YokogawaWT310E,1000,1,1,1,1,0,1,1,version=1.9.2-e8c7a49a-20201208,OS=Linux 5.13.0-28-generic #31~20.04.1-Ubuntu SMP Wed Jan 19 14:08:10 UTC 2022 x86_64,mode=power,1,1,1,0,0,no_cal_date,YOKOGAWA;WT310E;C3XA04010E;F1.04'
ptd-server 2022-02-18 22:54:13,010 [INFO] Connected to PTDaemon
ptd-server 2022-02-18 22:54:13,010 [INFO] Sending to ptd: 'RR'
ptd-server 2022-02-18 22:54:13,010 [INFO] Reply from ptd: 'Ranges,0,0.500000,0,300.000000'
ptd-server 2022-02-18 22:54:13,010 [INFO] Initial range for Amps is 0.500000 for Volts is 300.000000
ptd-server 2022-02-18 22:54:13,010 [INFO] Sending to ptd: 'SR,V,Auto'
ptd-server 2022-02-18 22:54:13,513 [INFO] Reply from ptd: 'Range V changed'
ptd-server 2022-02-18 22:54:13,513 [INFO] Sending to ptd: 'SR,A,Auto'
ptd-server 2022-02-18 22:54:14,015 [INFO] Reply from ptd: 'Range A changed'
ptd-server 2022-02-18 22:54:24,026 [INFO] Starting ranging mode
ptd-server 2022-02-18 22:54:24,026 [INFO] Sending to ptd: 'Go,1000,0,2022-02-18_22-53-55_ranging'
ptd-server 2022-02-18 22:54:24,026 [INFO] Reply from ptd: 'Starting untimed measurement, maximum 500000 samples at 1000ms with 0 rampup samples'
ptd-server 2022-02-18 22:54:24,026 [INFO] Sending reply to client 'OK'
ptd-server 2022-02-18 23:05:02,731 [INFO] Got command from the client 'session,2022-02-18_22-53-55,stop,ranging'
ptd-server 2022-02-18 23:05:12,741 [INFO] Sending to ptd: 'Stop'
ptd-server 2022-02-18 23:05:12,742 [INFO] Reply from ptd: 'Stopping untimed measurement'
ptd-server 2022-02-18 23:05:13,026 [INFO] Sending reply to client 'OK'
ptd-server 2022-02-18 23:05:13,116 [INFO] Got command from the client 'time'
ptd-server 2022-02-18 23:05:13,116 [INFO] Sending reply to client '1645225513.1163075'
ptd-server 2022-02-18 23:05:13,132 [INFO] Got command from the client 'session,2022-02-18_22-53-55,start,testing'
ptd-server 2022-02-18 23:05:13,132 [INFO] Sending to ptd: 'SR,V,249.440000'
ptd-server 2022-02-18 23:05:14,633 [INFO] Reply from ptd: 'Range V changed'
ptd-server 2022-02-18 23:05:14,633 [INFO] Sending to ptd: 'SR,A,0.041000'
ptd-server 2022-02-18 23:05:16,135 [INFO] Reply from ptd: 'Range A changed'
ptd-server 2022-02-18 23:05:26,145 [INFO] Starting testing mode
ptd-server 2022-02-18 23:05:26,145 [INFO] Sending to ptd: 'Go,1000,0,2022-02-18_22-53-55_testing'
ptd-server 2022-02-18 23:05:26,146 [INFO] Reply from ptd: 'Starting untimed measurement, maximum 500000 samples at 1000ms with 0 rampup samples'
ptd-server 2022-02-18 23:05:26,146 [INFO] Sending reply to client 'OK'
ptd-server 2022-02-18 23:16:05,976 [INFO] Got command from the client 'session,2022-02-18_22-53-55,stop,testing'
ptd-server 2022-02-18 23:16:15,986 [INFO] Sending to ptd: 'Stop'
ptd-server 2022-02-18 23:16:15,987 [INFO] Reply from ptd: 'Stopping untimed measurement'
ptd-server 2022-02-18 23:16:16,137 [INFO] Sending reply to client 'OK'
ptd-server 2022-02-18 23:16:16,172 [INFO] Got command from the client 'session,2022-02-18_22-53-55,done'
ptd-server 2022-02-18 23:16:16,173 [INFO] Sending to ptd: 'Stop'
ptd-server 2022-02-18 23:16:16,173 [INFO] Reply from ptd: 'Error: no measurement to stop'
ptd-server 2022-02-18 23:16:16,173 [INFO] Sending to ptd: 'SR,V,300.000000'
ptd-server 2022-02-18 23:16:17,675 [INFO] Reply from ptd: 'Range V changed'
ptd-server 2022-02-18 23:16:17,675 [INFO] Sending to ptd: 'SR,A,0.500000'
ptd-server 2022-02-18 23:16:19,176 [INFO] Reply from ptd: 'Range A changed'
ptd-server 2022-02-18 23:16:19,176 [INFO] Set initial values for Amps 0.500000 and Volts 300.000000
ptd-server 2022-02-18 23:16:19,176 [INFO] Stopping ptd...
