ptd-server 2022-02-20 02:58:55,302 [INFO] Got command from the client 'time'
ptd-server 2022-02-20 02:58:55,302 [INFO] Sending reply to client '1645325935.3022573'
ptd-server 2022-02-20 02:58:55,303 [INFO] Got command from the client 'new,,54def481-43ff-44c2-a0db-e4d8b80e90a0'
ptd-server 2022-02-20 02:58:55,304 [INFO] Sending reply to client 'OK 2022-02-20_02-58-55,a4ce89d6-c6bc-433a-b038-f13841d3b773'
ptd-server 2022-02-20 02:58:55,332 [INFO] Got command from the client 'time'
ptd-server 2022-02-20 02:58:55,332 [INFO] Sending reply to client '1645325935.3329341'
ptd-server 2022-02-20 02:58:55,334 [INFO] Got command from the client 'session,2022-02-20_02-58-55,start,ranging'
ptd-server 2022-02-20 02:58:55,334 [INFO] Running PTDaemon: ['/home/anton/projects/mlperf/power/inference_v1.0/ptd-linux-x86', '-l', '/tmp/tmpgldyt7rr/ptd_logfile.txt', '-p', '8888', '49', '/dev/usbtmc0']
ptd-server 2022-02-20 02:59:12,507 [INFO] Sending to ptd: 'Hello'
ptd-server 2022-02-20 02:59:12,508 [INFO] Reply from ptd: 'Hello, PTDaemon here!'
ptd-server 2022-02-20 02:59:12,508 [INFO] Sending to ptd: 'Identify'
ptd-server 2022-02-20 02:59:12,508 [INFO] Reply from ptd: 'YokogawaWT310E,1000,1,1,1,1,0,1,1,version=1.9.2-e8c7a49a-20201208,OS=Linux 5.13.0-28-generic #31~20.04.1-Ubuntu SMP Wed Jan 19 14:08:10 UTC 2022 x86_64,mode=power,1,1,1,0,0,no_cal_date,YOKOGAWA;WT310E;C3XA04010E;F1.04'
ptd-server 2022-02-20 02:59:12,508 [INFO] Connected to PTDaemon
ptd-server 2022-02-20 02:59:12,508 [INFO] Sending to ptd: 'RR'
ptd-server 2022-02-20 02:59:12,509 [INFO] Reply from ptd: 'Ranges,0,0.500000,0,300.000000'
ptd-server 2022-02-20 02:59:12,509 [INFO] Initial range for Amps is 0.500000 for Volts is 300.000000
ptd-server 2022-02-20 02:59:12,509 [INFO] Sending to ptd: 'SR,V,Auto'
ptd-server 2022-02-20 02:59:13,011 [INFO] Reply from ptd: 'Range V changed'
ptd-server 2022-02-20 02:59:13,012 [INFO] Sending to ptd: 'SR,A,Auto'
ptd-server 2022-02-20 02:59:13,514 [INFO] Reply from ptd: 'Range A changed'
ptd-server 2022-02-20 02:59:23,524 [INFO] Starting ranging mode
ptd-server 2022-02-20 02:59:23,525 [INFO] Sending to ptd: 'Go,1000,0,2022-02-20_02-58-55_ranging'
ptd-server 2022-02-20 02:59:23,525 [INFO] Reply from ptd: 'Starting untimed measurement, maximum 500000 samples at 1000ms with 0 rampup samples'
ptd-server 2022-02-20 02:59:23,525 [INFO] Sending reply to client 'OK'
ptd-server 2022-02-20 03:09:45,220 [INFO] Got command from the client 'session,2022-02-20_02-58-55,stop,ranging'
ptd-server 2022-02-20 03:09:55,231 [INFO] Sending to ptd: 'Stop'
ptd-server 2022-02-20 03:09:55,231 [INFO] Reply from ptd: 'Stopping untimed measurement'
ptd-server 2022-02-20 03:09:55,675 [INFO] Sending reply to client 'OK'
ptd-server 2022-02-20 03:09:55,740 [INFO] Got command from the client 'time'
ptd-server 2022-02-20 03:09:55,740 [INFO] Sending reply to client '1645326595.7402549'
ptd-server 2022-02-20 03:09:55,741 [INFO] Got command from the client 'session,2022-02-20_02-58-55,start,testing'
ptd-server 2022-02-20 03:09:55,741 [INFO] Sending to ptd: 'SR,V,250.790000'
ptd-server 2022-02-20 03:09:57,243 [INFO] Reply from ptd: 'Range V changed'
ptd-server 2022-02-20 03:09:57,243 [INFO] Sending to ptd: 'SR,A,0.067060'
ptd-server 2022-02-20 03:09:58,744 [INFO] Reply from ptd: 'Range A changed'
ptd-server 2022-02-20 03:10:08,754 [INFO] Starting testing mode
ptd-server 2022-02-20 03:10:08,755 [INFO] Sending to ptd: 'Go,1000,0,2022-02-20_02-58-55_testing'
ptd-server 2022-02-20 03:10:08,755 [INFO] Reply from ptd: 'Starting untimed measurement, maximum 500000 samples at 1000ms with 0 rampup samples'
ptd-server 2022-02-20 03:10:08,755 [INFO] Sending reply to client 'OK'
ptd-server 2022-02-20 03:20:31,428 [INFO] Got command from the client 'session,2022-02-20_02-58-55,stop,testing'
ptd-server 2022-02-20 03:20:41,438 [INFO] Sending to ptd: 'Stop'
ptd-server 2022-02-20 03:20:41,439 [INFO] Reply from ptd: 'Stopping untimed measurement'
ptd-server 2022-02-20 03:20:41,669 [INFO] Sending reply to client 'OK'
ptd-server 2022-02-20 03:20:41,688 [INFO] Got command from the client 'session,2022-02-20_02-58-55,done'
ptd-server 2022-02-20 03:20:41,688 [INFO] Sending to ptd: 'Stop'
ptd-server 2022-02-20 03:20:41,756 [INFO] Reply from ptd: 'Error: no measurement to stop'
ptd-server 2022-02-20 03:20:41,756 [INFO] Sending to ptd: 'SR,V,300.000000'
ptd-server 2022-02-20 03:20:43,257 [INFO] Reply from ptd: 'Range V changed'
ptd-server 2022-02-20 03:20:43,257 [INFO] Sending to ptd: 'SR,A,0.500000'
ptd-server 2022-02-20 03:20:44,759 [INFO] Reply from ptd: 'Range A changed'
ptd-server 2022-02-20 03:20:44,759 [INFO] Set initial values for Amps 0.500000 and Volts 300.000000
ptd-server 2022-02-20 03:20:44,759 [INFO] Stopping ptd...
