ptd-server 2022-02-19 07:05:19,755 [INFO] Got command from the client 'time'
ptd-server 2022-02-19 07:05:19,755 [INFO] Sending reply to client '1645254319.7555707'
ptd-server 2022-02-19 07:05:19,757 [INFO] Got command from the client 'new,,914d6752-5cec-4d9a-b3a2-f3452c51101c'
ptd-server 2022-02-19 07:05:19,757 [INFO] Sending reply to client 'OK 2022-02-19_07-05-19,a1818fb6-34a0-494c-9c24-8647cd6ea69c'
ptd-server 2022-02-19 07:05:19,795 [INFO] Got command from the client 'time'
ptd-server 2022-02-19 07:05:19,795 [INFO] Sending reply to client '1645254319.7953272'
ptd-server 2022-02-19 07:05:19,797 [INFO] Got command from the client 'session,2022-02-19_07-05-19,start,ranging'
ptd-server 2022-02-19 07:05:19,797 [INFO] Running PTDaemon: ['/home/anton/projects/mlperf/power/inference_v1.0/ptd-linux-x86', '-l', '/tmp/tmpgldyt7rr/ptd_logfile.txt', '-p', '8888', '49', '/dev/usbtmc0']
ptd-server 2022-02-19 07:05:36,970 [INFO] Sending to ptd: 'Hello'
ptd-server 2022-02-19 07:05:36,971 [INFO] Reply from ptd: 'Hello, PTDaemon here!'
ptd-server 2022-02-19 07:05:36,971 [INFO] Sending to ptd: 'Identify'
ptd-server 2022-02-19 07:05:36,971 [INFO] Reply from ptd: 'YokogawaWT310E,1000,1,1,1,1,0,1,1,version=1.9.2-e8c7a49a-20201208,OS=Linux 5.13.0-28-generic #31~20.04.1-Ubuntu SMP Wed Jan 19 14:08:10 UTC 2022 x86_64,mode=power,1,1,1,0,0,no_cal_date,YOKOGAWA;WT310E;C3XA04010E;F1.04'
ptd-server 2022-02-19 07:05:36,972 [INFO] Connected to PTDaemon
ptd-server 2022-02-19 07:05:36,972 [INFO] Sending to ptd: 'RR'
ptd-server 2022-02-19 07:05:36,972 [INFO] Reply from ptd: 'Ranges,0,0.500000,0,300.000000'
ptd-server 2022-02-19 07:05:36,972 [INFO] Initial range for Amps is 0.500000 for Volts is 300.000000
ptd-server 2022-02-19 07:05:36,972 [INFO] Sending to ptd: 'SR,V,Auto'
ptd-server 2022-02-19 07:05:37,475 [INFO] Reply from ptd: 'Range V changed'
ptd-server 2022-02-19 07:05:37,475 [INFO] Sending to ptd: 'SR,A,Auto'
ptd-server 2022-02-19 07:05:37,977 [INFO] Reply from ptd: 'Range A changed'
ptd-server 2022-02-19 07:05:47,988 [INFO] Starting ranging mode
ptd-server 2022-02-19 07:05:47,988 [INFO] Sending to ptd: 'Go,1000,0,2022-02-19_07-05-19_ranging'
ptd-server 2022-02-19 07:05:47,988 [INFO] Reply from ptd: 'Starting untimed measurement, maximum 500000 samples at 1000ms with 0 rampup samples'
ptd-server 2022-02-19 07:05:47,989 [INFO] Sending reply to client 'OK'
ptd-server 2022-02-19 07:16:13,235 [INFO] Got command from the client 'session,2022-02-19_07-05-19,stop,ranging'
ptd-server 2022-02-19 07:16:23,246 [INFO] Sending to ptd: 'Stop'
ptd-server 2022-02-19 07:16:23,246 [INFO] Reply from ptd: 'Stopping untimed measurement'
ptd-server 2022-02-19 07:16:23,570 [INFO] Sending reply to client 'OK'
ptd-server 2022-02-19 07:16:23,666 [INFO] Got command from the client 'time'
ptd-server 2022-02-19 07:16:23,666 [INFO] Sending reply to client '1645254983.666131'
ptd-server 2022-02-19 07:16:23,669 [INFO] Got command from the client 'session,2022-02-19_07-05-19,start,testing'
ptd-server 2022-02-19 07:16:23,669 [INFO] Sending to ptd: 'SR,V,247.890000'
ptd-server 2022-02-19 07:16:25,490 [INFO] Reply from ptd: 'Range V changed'
ptd-server 2022-02-19 07:16:25,490 [INFO] Sending to ptd: 'SR,A,0.044760'
ptd-server 2022-02-19 07:16:26,991 [INFO] Reply from ptd: 'Range A changed'
ptd-server 2022-02-19 07:16:37,002 [INFO] Starting testing mode
ptd-server 2022-02-19 07:16:37,002 [INFO] Sending to ptd: 'Go,1000,0,2022-02-19_07-05-19_testing'
ptd-server 2022-02-19 07:16:37,002 [INFO] Reply from ptd: 'Starting untimed measurement, maximum 500000 samples at 1000ms with 0 rampup samples'
ptd-server 2022-02-19 07:16:37,002 [INFO] Sending reply to client 'OK'
ptd-server 2022-02-19 07:27:01,876 [INFO] Got command from the client 'session,2022-02-19_07-05-19,stop,testing'
ptd-server 2022-02-19 07:27:11,887 [INFO] Sending to ptd: 'Stop'
ptd-server 2022-02-19 07:27:11,887 [INFO] Reply from ptd: 'Stopping untimed measurement'
ptd-server 2022-02-19 07:27:12,063 [INFO] Sending reply to client 'OK'
ptd-server 2022-02-19 07:27:12,110 [INFO] Got command from the client 'session,2022-02-19_07-05-19,done'
ptd-server 2022-02-19 07:27:12,110 [INFO] Sending to ptd: 'Stop'
ptd-server 2022-02-19 07:27:12,111 [INFO] Reply from ptd: 'Error: no measurement to stop'
ptd-server 2022-02-19 07:27:12,111 [INFO] Sending to ptd: 'SR,V,300.000000'
ptd-server 2022-02-19 07:27:13,612 [INFO] Reply from ptd: 'Range V changed'
ptd-server 2022-02-19 07:27:13,612 [INFO] Sending to ptd: 'SR,A,0.500000'
ptd-server 2022-02-19 07:27:15,113 [INFO] Reply from ptd: 'Range A changed'
ptd-server 2022-02-19 07:27:15,114 [INFO] Set initial values for Amps 0.500000 and Volts 300.000000
ptd-server 2022-02-19 07:27:15,114 [INFO] Stopping ptd...
