ptd-server 2022-02-22 03:19:55,719 [INFO] Got command from the client 'stop'
ptd-server 2022-02-22 03:19:55,720 [INFO] The server will be stopped after processing this client
ptd-server 2022-02-22 03:19:55,720 [INFO] Sending reply to client 'OK'
ptd-server 2022-02-22 03:19:55,837 [INFO] Got command from the client 'time'
ptd-server 2022-02-22 03:19:55,837 [INFO] Sending reply to client '1645499995.8371584'
ptd-server 2022-02-22 03:19:55,838 [INFO] Got command from the client 'new,,eca319ed-a0fa-4be9-8c38-36a23abeb776'
ptd-server 2022-02-22 03:19:55,839 [INFO] Sending reply to client 'OK 2022-02-22_03-19-55,45668db7-2d1c-4360-b988-540a9e2b873a'
ptd-server 2022-02-22 03:19:55,950 [INFO] Got command from the client 'time'
ptd-server 2022-02-22 03:19:55,951 [INFO] Sending reply to client '1645499995.9517517'
ptd-server 2022-02-22 03:19:55,952 [INFO] Got command from the client 'session,2022-02-22_03-19-55,start,ranging'
ptd-server 2022-02-22 03:19:56,064 [INFO] Running PTDaemon: ['C:\\PTD\\ptd-windows-x86.exe', '-l', 'C:\\Users\\mlperf\\AppData\\Local\\Temp\\tmpetjpevrx\\ptd_logfile.txt', '-p', '8888', '49', 'COM4']
ptd-server 2022-02-22 03:20:15,352 [INFO] Sending to ptd: 'Hello'
ptd-server 2022-02-22 03:20:15,357 [INFO] Reply from ptd: 'Hello, PTDaemon here!'
ptd-server 2022-02-22 03:20:15,357 [INFO] Sending to ptd: 'Identify'
ptd-server 2022-02-22 03:20:15,358 [INFO] Reply from ptd: 'YokogawaWT310E,1000,1,1,1,1,0,1,1,version=1.9.2-3976349f-20201208,OS=Windows 8 / Server 2012,mode=power,1,1,1,0,0,no_cal_date,YOKOGAWA;WT310E;C3TA11005E;F1.02'
ptd-server 2022-02-22 03:20:15,359 [INFO] Connected to PTDaemon
ptd-server 2022-02-22 03:20:15,359 [INFO] Sending to ptd: 'RR'
ptd-server 2022-02-22 03:20:15,360 [INFO] Reply from ptd: 'Ranges,0,10.000000,0,300.000000'
ptd-server 2022-02-22 03:20:15,360 [INFO] Initial range for Amps is 10.000000 for Volts is 300.000000
ptd-server 2022-02-22 03:20:15,360 [INFO] Sending to ptd: 'SR,V,Auto'
ptd-server 2022-02-22 03:20:15,932 [INFO] Reply from ptd: 'Range V changed'
ptd-server 2022-02-22 03:20:15,932 [INFO] Sending to ptd: 'SR,A,Auto'
ptd-server 2022-02-22 03:20:16,504 [INFO] Reply from ptd: 'Range A changed'
ptd-server 2022-02-22 03:20:26,519 [INFO] Starting ranging mode
ptd-server 2022-02-22 03:20:26,519 [INFO] Sending to ptd: 'Go,1000,0,2022-02-22_03-19-55_ranging'
ptd-server 2022-02-22 03:20:26,519 [INFO] Reply from ptd: 'Starting untimed measurement, maximum 500000 samples at 1000ms with 0 rampup samples'
ptd-server 2022-02-22 03:20:26,520 [INFO] Sending reply to client 'OK'
ptd-server 2022-02-22 03:30:42,410 [INFO] Got command from the client 'session,2022-02-22_03-19-55,stop,ranging'
ptd-server 2022-02-22 03:30:52,421 [INFO] Sending to ptd: 'Stop'
ptd-server 2022-02-22 03:30:52,426 [INFO] Reply from ptd: 'Stopping untimed measurement'
ptd-server 2022-02-22 03:30:52,443 [INFO] Sending reply to client 'OK'
ptd-server 2022-02-22 03:30:52,592 [INFO] Got command from the client 'time'
ptd-server 2022-02-22 03:30:52,592 [INFO] Sending reply to client '1645500652.5929346'
ptd-server 2022-02-22 03:30:52,595 [INFO] Got command from the client 'session,2022-02-22_03-19-55,start,testing'
ptd-server 2022-02-22 03:30:52,595 [INFO] Sending to ptd: 'SR,V,212.590000'
ptd-server 2022-02-22 03:30:54,176 [INFO] Reply from ptd: 'Range V changed'
ptd-server 2022-02-22 03:30:54,181 [INFO] Sending to ptd: 'SR,A,2.176400'
ptd-server 2022-02-22 03:30:55,764 [INFO] Reply from ptd: 'Range A changed'
ptd-server 2022-02-22 03:31:05,777 [INFO] Starting testing mode
ptd-server 2022-02-22 03:31:05,782 [INFO] Sending to ptd: 'Go,1000,0,2022-02-22_03-19-55_testing'
ptd-server 2022-02-22 03:31:05,783 [INFO] Reply from ptd: 'Starting untimed measurement, maximum 500000 samples at 1000ms with 0 rampup samples'
ptd-server 2022-02-22 03:31:05,783 [INFO] Sending reply to client 'OK'
ptd-server 2022-02-22 03:41:21,654 [INFO] Got command from the client 'session,2022-02-22_03-19-55,stop,testing'
ptd-server 2022-02-22 03:41:31,664 [INFO] Sending to ptd: 'Stop'
ptd-server 2022-02-22 03:41:31,665 [INFO] Reply from ptd: 'Stopping untimed measurement'
ptd-server 2022-02-22 03:41:31,676 [INFO] Sending reply to client 'OK'
ptd-server 2022-02-22 03:41:31,684 [INFO] Got command from the client 'session,2022-02-22_03-19-55,done'
ptd-server 2022-02-22 03:41:31,685 [INFO] Sending to ptd: 'Stop'
ptd-server 2022-02-22 03:41:31,786 [INFO] Reply from ptd: 'Error: no measurement to stop'
ptd-server 2022-02-22 03:41:31,787 [INFO] Sending to ptd: 'SR,V,300.000000'
ptd-server 2022-02-22 03:41:33,377 [INFO] Reply from ptd: 'Range V changed'
ptd-server 2022-02-22 03:41:33,378 [INFO] Sending to ptd: 'SR,A,10.000000'
ptd-server 2022-02-22 03:41:34,958 [INFO] Reply from ptd: 'Range A changed'
ptd-server 2022-02-22 03:41:34,959 [INFO] Set initial values for Amps 10.000000 and Volts 300.000000
ptd-server 2022-02-22 03:41:34,960 [INFO] Stopping ptd...
