ptd-server 2022-02-19 13:15:40,564 [INFO] Got command from the client 'time'
ptd-server 2022-02-19 13:15:40,564 [INFO] Sending reply to client '1645276540.5643256'
ptd-server 2022-02-19 13:15:40,565 [INFO] Got command from the client 'new,,2b262168-83a7-4717-829b-5c430673e4a1'
ptd-server 2022-02-19 13:15:40,566 [INFO] Sending reply to client 'OK 2022-02-19_13-15-40,6acd0cae-a2a3-48c1-9ddf-782719e951cb'
ptd-server 2022-02-19 13:15:40,608 [INFO] Got command from the client 'time'
ptd-server 2022-02-19 13:15:40,608 [INFO] Sending reply to client '1645276540.60827'
ptd-server 2022-02-19 13:15:40,609 [INFO] Got command from the client 'session,2022-02-19_13-15-40,start,ranging'
ptd-server 2022-02-19 13:15:40,609 [INFO] Running PTDaemon: ['/home/anton/projects/mlperf/power/inference_v1.0/ptd-linux-x86', '-l', '/tmp/tmpgldyt7rr/ptd_logfile.txt', '-p', '8888', '49', '/dev/usbtmc0']
ptd-server 2022-02-19 13:15:57,782 [INFO] Sending to ptd: 'Hello'
ptd-server 2022-02-19 13:15:57,783 [INFO] Reply from ptd: 'Hello, PTDaemon here!'
ptd-server 2022-02-19 13:15:57,783 [INFO] Sending to ptd: 'Identify'
ptd-server 2022-02-19 13:15:57,784 [INFO] Reply from ptd: 'YokogawaWT310E,1000,1,1,1,1,0,1,1,version=1.9.2-e8c7a49a-20201208,OS=Linux 5.13.0-28-generic #31~20.04.1-Ubuntu SMP Wed Jan 19 14:08:10 UTC 2022 x86_64,mode=power,1,1,1,0,0,no_cal_date,YOKOGAWA;WT310E;C3XA04010E;F1.04'
ptd-server 2022-02-19 13:15:57,784 [INFO] Connected to PTDaemon
ptd-server 2022-02-19 13:15:57,784 [INFO] Sending to ptd: 'RR'
ptd-server 2022-02-19 13:15:57,784 [INFO] Reply from ptd: 'Ranges,0,0.500000,0,300.000000'
ptd-server 2022-02-19 13:15:57,784 [INFO] Initial range for Amps is 0.500000 for Volts is 300.000000
ptd-server 2022-02-19 13:15:57,784 [INFO] Sending to ptd: 'SR,V,Auto'
ptd-server 2022-02-19 13:15:58,287 [INFO] Reply from ptd: 'Range V changed'
ptd-server 2022-02-19 13:15:58,287 [INFO] Sending to ptd: 'SR,A,Auto'
ptd-server 2022-02-19 13:15:58,789 [INFO] Reply from ptd: 'Range A changed'
ptd-server 2022-02-19 13:16:08,800 [INFO] Starting ranging mode
ptd-server 2022-02-19 13:16:08,800 [INFO] Sending to ptd: 'Go,1000,0,2022-02-19_13-15-40_ranging'
ptd-server 2022-02-19 13:16:08,800 [INFO] Reply from ptd: 'Starting untimed measurement, maximum 500000 samples at 1000ms with 0 rampup samples'
ptd-server 2022-02-19 13:16:08,801 [INFO] Sending reply to client 'OK'
ptd-server 2022-02-19 13:26:33,474 [INFO] Got command from the client 'session,2022-02-19_13-15-40,stop,ranging'
ptd-server 2022-02-19 13:26:43,484 [INFO] Sending to ptd: 'Stop'
ptd-server 2022-02-19 13:26:43,485 [INFO] Reply from ptd: 'Stopping untimed measurement'
ptd-server 2022-02-19 13:26:43,848 [INFO] Sending reply to client 'OK'
ptd-server 2022-02-19 13:26:43,906 [INFO] Got command from the client 'time'
ptd-server 2022-02-19 13:26:43,906 [INFO] Sending reply to client '1645277203.906743'
ptd-server 2022-02-19 13:26:43,908 [INFO] Got command from the client 'session,2022-02-19_13-15-40,start,testing'
ptd-server 2022-02-19 13:26:43,908 [INFO] Sending to ptd: 'SR,V,248.100000'
ptd-server 2022-02-19 13:26:45,409 [INFO] Reply from ptd: 'Range V changed'
ptd-server 2022-02-19 13:26:45,410 [INFO] Sending to ptd: 'SR,A,0.041960'
ptd-server 2022-02-19 13:26:46,911 [INFO] Reply from ptd: 'Range A changed'
ptd-server 2022-02-19 13:26:56,921 [INFO] Starting testing mode
ptd-server 2022-02-19 13:26:56,921 [INFO] Sending to ptd: 'Go,1000,0,2022-02-19_13-15-40_testing'
ptd-server 2022-02-19 13:26:56,922 [INFO] Reply from ptd: 'Starting untimed measurement, maximum 500000 samples at 1000ms with 0 rampup samples'
ptd-server 2022-02-19 13:26:56,922 [INFO] Sending reply to client 'OK'
ptd-server 2022-02-19 13:37:22,402 [INFO] Got command from the client 'session,2022-02-19_13-15-40,stop,testing'
ptd-server 2022-02-19 13:37:32,412 [INFO] Sending to ptd: 'Stop'
ptd-server 2022-02-19 13:37:32,413 [INFO] Reply from ptd: 'Stopping untimed measurement'
ptd-server 2022-02-19 13:37:32,603 [INFO] Sending reply to client 'OK'
ptd-server 2022-02-19 13:37:32,625 [INFO] Got command from the client 'session,2022-02-19_13-15-40,done'
ptd-server 2022-02-19 13:37:32,626 [INFO] Sending to ptd: 'Stop'
ptd-server 2022-02-19 13:37:32,923 [INFO] Reply from ptd: 'Error: no measurement to stop'
ptd-server 2022-02-19 13:37:32,923 [INFO] Sending to ptd: 'SR,V,300.000000'
ptd-server 2022-02-19 13:37:34,424 [INFO] Reply from ptd: 'Range V changed'
ptd-server 2022-02-19 13:37:34,424 [INFO] Sending to ptd: 'SR,A,0.500000'
ptd-server 2022-02-19 13:37:35,926 [INFO] Reply from ptd: 'Range A changed'
ptd-server 2022-02-19 13:37:35,926 [INFO] Set initial values for Amps 0.500000 and Volts 300.000000
ptd-server 2022-02-19 13:37:35,926 [INFO] Stopping ptd...
