ptd-server 2022-02-24 12:04:12,101 [INFO] Got command from the client 'time'
ptd-server 2022-02-24 12:04:12,102 [INFO] Sending reply to client '1645704252.102119'
ptd-server 2022-02-24 12:04:12,104 [INFO] Got command from the client 'new,,7f0f9f08-8271-41ea-a0f4-de4d20de7d53'
ptd-server 2022-02-24 12:04:12,104 [INFO] Sending reply to client 'OK 2022-02-24_12-04-12,042ff4db-5ac3-418f-9cba-4911fd4de502'
ptd-server 2022-02-24 12:04:12,142 [INFO] Got command from the client 'time'
ptd-server 2022-02-24 12:04:12,142 [INFO] Sending reply to client '1645704252.1423635'
ptd-server 2022-02-24 12:04:12,144 [INFO] Got command from the client 'session,2022-02-24_12-04-12,start,ranging'
ptd-server 2022-02-24 12:04:12,144 [INFO] Running PTDaemon: ['/home/anton/projects/mlperf/power/inference_v1.0/ptd-linux-x86', '-l', '/tmp/tmp0_fn53vp/ptd_logfile.txt', '-p', '8888', '49', '/dev/usbtmc0']
ptd-server 2022-02-24 12:04:29,308 [INFO] Sending to ptd: 'Hello'
ptd-server 2022-02-24 12:04:29,309 [INFO] Reply from ptd: 'Hello, PTDaemon here!'
ptd-server 2022-02-24 12:04:29,309 [INFO] Sending to ptd: 'Identify'
ptd-server 2022-02-24 12:04:29,310 [INFO] Reply from ptd: 'YokogawaWT310E,1000,1,1,1,1,0,1,1,version=1.9.2-e8c7a49a-20201208,OS=Linux 5.13.0-30-generic #33~20.04.1-Ubuntu SMP Mon Feb 7 14:25:10 UTC 2022 x86_64,mode=power,1,1,1,0,0,no_cal_date,YOKOGAWA;WT310E;C3XA04010E;F1.04'
ptd-server 2022-02-24 12:04:29,310 [INFO] Connected to PTDaemon
ptd-server 2022-02-24 12:04:29,310 [INFO] Sending to ptd: 'RR'
ptd-server 2022-02-24 12:04:29,310 [INFO] Reply from ptd: 'Ranges,0,0.500000,1,300.000000'
ptd-server 2022-02-24 12:04:29,310 [INFO] Initial range for Amps is 0.500000 for Volts is Auto
ptd-server 2022-02-24 12:04:29,310 [INFO] Sending to ptd: 'SR,V,Auto'
ptd-server 2022-02-24 12:04:29,813 [INFO] Reply from ptd: 'Range V changed'
ptd-server 2022-02-24 12:04:29,813 [INFO] Sending to ptd: 'SR,A,Auto'
ptd-server 2022-02-24 12:04:30,315 [INFO] Reply from ptd: 'Range A changed'
ptd-server 2022-02-24 12:04:40,325 [INFO] Starting ranging mode
ptd-server 2022-02-24 12:04:40,326 [INFO] Sending to ptd: 'Go,1000,0,2022-02-24_12-04-12_ranging'
ptd-server 2022-02-24 12:04:40,326 [INFO] Reply from ptd: 'Starting untimed measurement, maximum 500000 samples at 1000ms with 0 rampup samples'
ptd-server 2022-02-24 12:04:40,326 [INFO] Sending reply to client 'OK'
ptd-server 2022-02-24 12:15:03,189 [INFO] Got command from the client 'session,2022-02-24_12-04-12,stop,ranging'
ptd-server 2022-02-24 12:15:13,199 [INFO] Sending to ptd: 'Stop'
ptd-server 2022-02-24 12:15:13,200 [INFO] Reply from ptd: 'Stopping untimed measurement'
ptd-server 2022-02-24 12:15:13,306 [INFO] Sending reply to client 'OK'
ptd-server 2022-02-24 12:15:13,369 [INFO] Got command from the client 'time'
ptd-server 2022-02-24 12:15:13,369 [INFO] Sending reply to client '1645704913.3693523'
ptd-server 2022-02-24 12:15:13,371 [INFO] Got command from the client 'session,2022-02-24_12-04-12,start,testing'
ptd-server 2022-02-24 12:15:13,371 [INFO] Sending to ptd: 'SR,V,250.610000'
ptd-server 2022-02-24 12:15:14,872 [INFO] Reply from ptd: 'Range V changed'
ptd-server 2022-02-24 12:15:14,872 [INFO] Sending to ptd: 'SR,A,0.042590'
ptd-server 2022-02-24 12:15:16,374 [INFO] Reply from ptd: 'Range A changed'
ptd-server 2022-02-24 12:15:26,384 [INFO] Starting testing mode
ptd-server 2022-02-24 12:15:26,384 [INFO] Sending to ptd: 'Go,1000,0,2022-02-24_12-04-12_testing'
ptd-server 2022-02-24 12:15:26,384 [INFO] Reply from ptd: 'Starting untimed measurement, maximum 500000 samples at 1000ms with 0 rampup samples'
ptd-server 2022-02-24 12:15:26,385 [INFO] Sending reply to client 'OK'
ptd-server 2022-02-24 12:25:48,994 [INFO] Got command from the client 'session,2022-02-24_12-04-12,stop,testing'
ptd-server 2022-02-24 12:25:59,005 [INFO] Sending to ptd: 'Stop'
ptd-server 2022-02-24 12:25:59,005 [INFO] Reply from ptd: 'Stopping untimed measurement'
ptd-server 2022-02-24 12:25:59,063 [INFO] Sending reply to client 'OK'
ptd-server 2022-02-24 12:25:59,084 [INFO] Got command from the client 'session,2022-02-24_12-04-12,done'
ptd-server 2022-02-24 12:25:59,085 [INFO] Sending to ptd: 'Stop'
ptd-server 2022-02-24 12:25:59,385 [INFO] Reply from ptd: 'Error: no measurement to stop'
ptd-server 2022-02-24 12:25:59,385 [INFO] Sending to ptd: 'SR,V,Auto'
ptd-server 2022-02-24 12:25:59,887 [INFO] Reply from ptd: 'Range V changed'
ptd-server 2022-02-24 12:25:59,888 [INFO] Sending to ptd: 'SR,A,0.500000'
ptd-server 2022-02-24 12:26:01,389 [INFO] Reply from ptd: 'Range A changed'
ptd-server 2022-02-24 12:26:01,389 [INFO] Set initial values for Amps 0.500000 and Volts Auto
ptd-server 2022-02-24 12:26:01,389 [INFO] Stopping ptd...
