ptd-server 2022-02-21 14:55:10,095 [INFO] Got command from the client 'time'
ptd-server 2022-02-21 14:55:10,095 [INFO] Sending reply to client '1645455310.0954242'
ptd-server 2022-02-21 14:55:10,096 [INFO] Got command from the client 'new,,48f3905e-d3bd-43a8-ac39-8ea75f0b121a'
ptd-server 2022-02-21 14:55:10,097 [INFO] Sending reply to client 'OK 2022-02-21_14-55-10,2ea6dc8a-4e8b-490e-a83e-cfc5ed08e05c'
ptd-server 2022-02-21 14:55:10,135 [INFO] Got command from the client 'time'
ptd-server 2022-02-21 14:55:10,135 [INFO] Sending reply to client '1645455310.1355603'
ptd-server 2022-02-21 14:55:10,137 [INFO] Got command from the client 'session,2022-02-21_14-55-10,start,ranging'
ptd-server 2022-02-21 14:55:10,138 [INFO] Running PTDaemon: ['/home/anton/projects/mlperf/power/inference_v1.0/ptd-linux-x86', '-l', '/tmp/tmpgldyt7rr/ptd_logfile.txt', '-p', '8888', '49', '/dev/usbtmc0']
ptd-server 2022-02-21 14:55:27,311 [INFO] Sending to ptd: 'Hello'
ptd-server 2022-02-21 14:55:27,312 [INFO] Reply from ptd: 'Hello, PTDaemon here!'
ptd-server 2022-02-21 14:55:27,312 [INFO] Sending to ptd: 'Identify'
ptd-server 2022-02-21 14:55:27,312 [INFO] Reply from ptd: 'YokogawaWT310E,1000,1,1,1,1,0,1,1,version=1.9.2-e8c7a49a-20201208,OS=Linux 5.13.0-28-generic #31~20.04.1-Ubuntu SMP Wed Jan 19 14:08:10 UTC 2022 x86_64,mode=power,1,1,1,0,0,no_cal_date,YOKOGAWA;WT310E;C3XA04010E;F1.04'
ptd-server 2022-02-21 14:55:27,313 [INFO] Connected to PTDaemon
ptd-server 2022-02-21 14:55:27,313 [INFO] Sending to ptd: 'RR'
ptd-server 2022-02-21 14:55:27,313 [INFO] Reply from ptd: 'Ranges,0,0.500000,0,300.000000'
ptd-server 2022-02-21 14:55:27,313 [INFO] Initial range for Amps is 0.500000 for Volts is 300.000000
ptd-server 2022-02-21 14:55:27,313 [INFO] Sending to ptd: 'SR,V,Auto'
ptd-server 2022-02-21 14:55:27,816 [INFO] Reply from ptd: 'Range V changed'
ptd-server 2022-02-21 14:55:27,816 [INFO] Sending to ptd: 'SR,A,Auto'
ptd-server 2022-02-21 14:55:28,318 [INFO] Reply from ptd: 'Range A changed'
ptd-server 2022-02-21 14:55:38,328 [INFO] Starting ranging mode
ptd-server 2022-02-21 14:55:38,328 [INFO] Sending to ptd: 'Go,1000,0,2022-02-21_14-55-10_ranging'
ptd-server 2022-02-21 14:55:38,328 [INFO] Reply from ptd: 'Starting untimed measurement, maximum 500000 samples at 1000ms with 0 rampup samples'
ptd-server 2022-02-21 14:55:38,329 [INFO] Sending reply to client 'OK'
ptd-server 2022-02-21 15:05:59,911 [INFO] Got command from the client 'session,2022-02-21_14-55-10,stop,ranging'
ptd-server 2022-02-21 15:06:09,922 [INFO] Sending to ptd: 'Stop'
ptd-server 2022-02-21 15:06:09,922 [INFO] Reply from ptd: 'Stopping untimed measurement'
ptd-server 2022-02-21 15:06:10,550 [INFO] Sending reply to client 'OK'
ptd-server 2022-02-21 15:06:10,634 [INFO] Got command from the client 'time'
ptd-server 2022-02-21 15:06:10,634 [INFO] Sending reply to client '1645455970.6346319'
ptd-server 2022-02-21 15:06:10,638 [INFO] Got command from the client 'session,2022-02-21_14-55-10,start,testing'
ptd-server 2022-02-21 15:06:10,638 [INFO] Sending to ptd: 'SR,V,249.960000'
ptd-server 2022-02-21 15:06:12,139 [INFO] Reply from ptd: 'Range V changed'
ptd-server 2022-02-21 15:06:12,139 [INFO] Sending to ptd: 'SR,A,0.069870'
ptd-server 2022-02-21 15:06:13,641 [INFO] Reply from ptd: 'Range A changed'
ptd-server 2022-02-21 15:06:23,651 [INFO] Starting testing mode
ptd-server 2022-02-21 15:06:23,651 [INFO] Sending to ptd: 'Go,1000,0,2022-02-21_14-55-10_testing'
ptd-server 2022-02-21 15:06:23,652 [INFO] Reply from ptd: 'Starting untimed measurement, maximum 500000 samples at 1000ms with 0 rampup samples'
ptd-server 2022-02-21 15:06:23,652 [INFO] Sending reply to client 'OK'
ptd-server 2022-02-21 15:16:45,977 [INFO] Got command from the client 'session,2022-02-21_14-55-10,stop,testing'
ptd-server 2022-02-21 15:16:55,987 [INFO] Sending to ptd: 'Stop'
ptd-server 2022-02-21 15:16:55,987 [INFO] Reply from ptd: 'Stopping untimed measurement'
ptd-server 2022-02-21 15:16:56,305 [INFO] Sending reply to client 'OK'
ptd-server 2022-02-21 15:16:56,345 [INFO] Got command from the client 'session,2022-02-21_14-55-10,done'
ptd-server 2022-02-21 15:16:56,345 [INFO] Sending to ptd: 'Stop'
ptd-server 2022-02-21 15:16:56,652 [INFO] Reply from ptd: 'Error: no measurement to stop'
ptd-server 2022-02-21 15:16:56,653 [INFO] Sending to ptd: 'SR,V,300.000000'
ptd-server 2022-02-21 15:16:58,154 [INFO] Reply from ptd: 'Range V changed'
ptd-server 2022-02-21 15:16:58,154 [INFO] Sending to ptd: 'SR,A,0.500000'
ptd-server 2022-02-21 15:16:59,656 [INFO] Reply from ptd: 'Range A changed'
ptd-server 2022-02-21 15:16:59,656 [INFO] Set initial values for Amps 0.500000 and Volts 300.000000
ptd-server 2022-02-21 15:16:59,656 [INFO] Stopping ptd...
