ptd-server 2022-02-20 23:17:07,180 [INFO] Got command from the client 'time'
ptd-server 2022-02-20 23:17:07,181 [INFO] Sending reply to client '1645399027.1810126'
ptd-server 2022-02-20 23:17:07,182 [INFO] Got command from the client 'new,,49c800ae-1b7f-4efc-9e59-bcc316483820'
ptd-server 2022-02-20 23:17:07,183 [INFO] Sending reply to client 'OK 2022-02-20_23-17-07,ea257484-1b8f-4344-ab36-292365efacdb'
ptd-server 2022-02-20 23:17:07,211 [INFO] Got command from the client 'time'
ptd-server 2022-02-20 23:17:07,211 [INFO] Sending reply to client '1645399027.2112908'
ptd-server 2022-02-20 23:17:07,212 [INFO] Got command from the client 'session,2022-02-20_23-17-07,start,ranging'
ptd-server 2022-02-20 23:17:07,213 [INFO] Running PTDaemon: ['/home/anton/projects/mlperf/power/inference_v1.0/ptd-linux-x86', '-l', '/tmp/tmpgldyt7rr/ptd_logfile.txt', '-p', '8888', '49', '/dev/usbtmc0']
ptd-server 2022-02-20 23:17:24,395 [INFO] Sending to ptd: 'Hello'
ptd-server 2022-02-20 23:17:24,395 [INFO] Reply from ptd: 'Hello, PTDaemon here!'
ptd-server 2022-02-20 23:17:24,396 [INFO] Sending to ptd: 'Identify'
ptd-server 2022-02-20 23:17:24,396 [INFO] Reply from ptd: 'YokogawaWT310E,1000,1,1,1,1,0,1,1,version=1.9.2-e8c7a49a-20201208,OS=Linux 5.13.0-28-generic #31~20.04.1-Ubuntu SMP Wed Jan 19 14:08:10 UTC 2022 x86_64,mode=power,1,1,1,0,0,no_cal_date,YOKOGAWA;WT310E;C3XA04010E;F1.04'
ptd-server 2022-02-20 23:17:24,396 [INFO] Connected to PTDaemon
ptd-server 2022-02-20 23:17:24,396 [INFO] Sending to ptd: 'RR'
ptd-server 2022-02-20 23:17:24,396 [INFO] Reply from ptd: 'Ranges,0,0.500000,0,300.000000'
ptd-server 2022-02-20 23:17:24,397 [INFO] Initial range for Amps is 0.500000 for Volts is 300.000000
ptd-server 2022-02-20 23:17:24,397 [INFO] Sending to ptd: 'SR,V,Auto'
ptd-server 2022-02-20 23:17:24,899 [INFO] Reply from ptd: 'Range V changed'
ptd-server 2022-02-20 23:17:24,899 [INFO] Sending to ptd: 'SR,A,Auto'
ptd-server 2022-02-20 23:17:25,402 [INFO] Reply from ptd: 'Range A changed'
ptd-server 2022-02-20 23:17:35,412 [INFO] Starting ranging mode
ptd-server 2022-02-20 23:17:35,412 [INFO] Sending to ptd: 'Go,1000,0,2022-02-20_23-17-07_ranging'
ptd-server 2022-02-20 23:17:35,412 [INFO] Reply from ptd: 'Starting untimed measurement, maximum 500000 samples at 1000ms with 0 rampup samples'
ptd-server 2022-02-20 23:17:35,412 [INFO] Sending reply to client 'OK'
ptd-server 2022-02-20 23:27:57,606 [INFO] Got command from the client 'session,2022-02-20_23-17-07,stop,ranging'
ptd-server 2022-02-20 23:28:07,617 [INFO] Sending to ptd: 'Stop'
ptd-server 2022-02-20 23:28:07,617 [INFO] Reply from ptd: 'Stopping untimed measurement'
ptd-server 2022-02-20 23:28:08,155 [INFO] Sending reply to client 'OK'
ptd-server 2022-02-20 23:28:08,259 [INFO] Got command from the client 'time'
ptd-server 2022-02-20 23:28:08,260 [INFO] Sending reply to client '1645399688.2599654'
ptd-server 2022-02-20 23:28:08,263 [INFO] Got command from the client 'session,2022-02-20_23-17-07,start,testing'
ptd-server 2022-02-20 23:28:08,263 [INFO] Sending to ptd: 'SR,V,250.330000'
ptd-server 2022-02-20 23:28:09,913 [INFO] Reply from ptd: 'Range V changed'
ptd-server 2022-02-20 23:28:09,913 [INFO] Sending to ptd: 'SR,A,0.041980'
ptd-server 2022-02-20 23:28:11,415 [INFO] Reply from ptd: 'Range A changed'
ptd-server 2022-02-20 23:28:21,425 [INFO] Starting testing mode
ptd-server 2022-02-20 23:28:21,425 [INFO] Sending to ptd: 'Go,1000,0,2022-02-20_23-17-07_testing'
ptd-server 2022-02-20 23:28:21,426 [INFO] Reply from ptd: 'Starting untimed measurement, maximum 500000 samples at 1000ms with 0 rampup samples'
ptd-server 2022-02-20 23:28:21,426 [INFO] Sending reply to client 'OK'
ptd-server 2022-02-20 23:38:44,099 [INFO] Got command from the client 'session,2022-02-20_23-17-07,stop,testing'
ptd-server 2022-02-20 23:38:54,109 [INFO] Sending to ptd: 'Stop'
ptd-server 2022-02-20 23:38:54,110 [INFO] Reply from ptd: 'Stopping untimed measurement'
ptd-server 2022-02-20 23:38:54,387 [INFO] Sending reply to client 'OK'
ptd-server 2022-02-20 23:38:54,419 [INFO] Got command from the client 'session,2022-02-20_23-17-07,done'
ptd-server 2022-02-20 23:38:54,419 [INFO] Sending to ptd: 'Stop'
ptd-server 2022-02-20 23:38:54,427 [INFO] Reply from ptd: 'Error: no measurement to stop'
ptd-server 2022-02-20 23:38:54,427 [INFO] Sending to ptd: 'SR,V,300.000000'
ptd-server 2022-02-20 23:38:55,928 [INFO] Reply from ptd: 'Range V changed'
ptd-server 2022-02-20 23:38:55,928 [INFO] Sending to ptd: 'SR,A,0.500000'
ptd-server 2022-02-20 23:38:57,430 [INFO] Reply from ptd: 'Range A changed'
ptd-server 2022-02-20 23:38:57,430 [INFO] Set initial values for Amps 0.500000 and Volts 300.000000
ptd-server 2022-02-20 23:38:57,430 [INFO] Stopping ptd...
