ptd-server 2022-02-16 13:17:30,169 [INFO] Got command from the client 'time'
ptd-server 2022-02-16 13:17:30,169 [INFO] Sending reply to client '1645017450.1693351'
ptd-server 2022-02-16 13:17:30,170 [INFO] Got command from the client 'new,,426eba9e-fafb-42f7-9962-36da402cfd7a'
ptd-server 2022-02-16 13:17:30,171 [INFO] Sending reply to client 'OK 2022-02-16_13-17-30,ddd14bf1-6ff7-4ab2-9ddd-68d5f3c4a04e'
ptd-server 2022-02-16 13:17:30,209 [INFO] Got command from the client 'time'
ptd-server 2022-02-16 13:17:30,209 [INFO] Sending reply to client '1645017450.2094767'
ptd-server 2022-02-16 13:17:30,211 [INFO] Got command from the client 'session,2022-02-16_13-17-30,start,ranging'
ptd-server 2022-02-16 13:17:30,211 [INFO] Running PTDaemon: ['/home/anton/projects/mlperf/power/inference_v1.0/ptd-linux-x86', '-l', '/tmp/tmpgldyt7rr/ptd_logfile.txt', '-p', '8888', '49', '/dev/usbtmc0']
ptd-server 2022-02-16 13:17:47,384 [INFO] Sending to ptd: 'Hello'
ptd-server 2022-02-16 13:17:47,385 [INFO] Reply from ptd: 'Hello, PTDaemon here!'
ptd-server 2022-02-16 13:17:47,385 [INFO] Sending to ptd: 'Identify'
ptd-server 2022-02-16 13:17:47,386 [INFO] Reply from ptd: 'YokogawaWT310E,1000,1,1,1,1,0,1,1,version=1.9.2-e8c7a49a-20201208,OS=Linux 5.13.0-28-generic #31~20.04.1-Ubuntu SMP Wed Jan 19 14:08:10 UTC 2022 x86_64,mode=power,1,1,1,0,0,no_cal_date,YOKOGAWA;WT310E;C3XA04010E;F1.04'
ptd-server 2022-02-16 13:17:47,386 [INFO] Connected to PTDaemon
ptd-server 2022-02-16 13:17:47,386 [INFO] Sending to ptd: 'RR'
ptd-server 2022-02-16 13:17:47,386 [INFO] Reply from ptd: 'Ranges,0,0.500000,0,300.000000'
ptd-server 2022-02-16 13:17:47,386 [INFO] Initial range for Amps is 0.500000 for Volts is 300.000000
ptd-server 2022-02-16 13:17:47,386 [INFO] Sending to ptd: 'SR,V,Auto'
ptd-server 2022-02-16 13:17:47,889 [INFO] Reply from ptd: 'Range V changed'
ptd-server 2022-02-16 13:17:47,889 [INFO] Sending to ptd: 'SR,A,Auto'
ptd-server 2022-02-16 13:17:48,392 [INFO] Reply from ptd: 'Range A changed'
ptd-server 2022-02-16 13:17:58,402 [INFO] Starting ranging mode
ptd-server 2022-02-16 13:17:58,402 [INFO] Sending to ptd: 'Go,1000,0,2022-02-16_13-17-30_ranging'
ptd-server 2022-02-16 13:17:58,403 [INFO] Reply from ptd: 'Starting untimed measurement, maximum 500000 samples at 1000ms with 0 rampup samples'
ptd-server 2022-02-16 13:17:58,403 [INFO] Sending reply to client 'OK'
ptd-server 2022-02-16 13:28:15,587 [INFO] Got command from the client 'session,2022-02-16_13-17-30,stop,ranging'
ptd-server 2022-02-16 13:28:25,597 [INFO] Sending to ptd: 'Stop'
ptd-server 2022-02-16 13:28:25,598 [INFO] Reply from ptd: 'Stopping untimed measurement'
ptd-server 2022-02-16 13:28:25,627 [INFO] Sending reply to client 'OK'
ptd-server 2022-02-16 13:28:25,695 [INFO] Got command from the client 'time'
ptd-server 2022-02-16 13:28:25,695 [INFO] Sending reply to client '1645018105.6956825'
ptd-server 2022-02-16 13:28:25,697 [INFO] Got command from the client 'session,2022-02-16_13-17-30,start,testing'
ptd-server 2022-02-16 13:28:25,697 [INFO] Sending to ptd: 'SR,V,249.880000'
ptd-server 2022-02-16 13:28:27,905 [INFO] Reply from ptd: 'Range V changed'
ptd-server 2022-02-16 13:28:27,905 [INFO] Sending to ptd: 'SR,A,0.049070'
ptd-server 2022-02-16 13:28:29,406 [INFO] Reply from ptd: 'Range A changed'
ptd-server 2022-02-16 13:28:39,417 [INFO] Starting testing mode
ptd-server 2022-02-16 13:28:39,417 [INFO] Sending to ptd: 'Go,1000,0,2022-02-16_13-17-30_testing'
ptd-server 2022-02-16 13:28:39,417 [INFO] Reply from ptd: 'Starting untimed measurement, maximum 500000 samples at 1000ms with 0 rampup samples'
ptd-server 2022-02-16 13:28:39,417 [INFO] Sending reply to client 'OK'
ptd-server 2022-02-16 13:38:57,452 [INFO] Got command from the client 'session,2022-02-16_13-17-30,stop,testing'
ptd-server 2022-02-16 13:39:07,463 [INFO] Sending to ptd: 'Stop'
ptd-server 2022-02-16 13:39:07,463 [INFO] Reply from ptd: 'Stopping untimed measurement'
ptd-server 2022-02-16 13:39:07,477 [INFO] Sending reply to client 'OK'
ptd-server 2022-02-16 13:39:07,499 [INFO] Got command from the client 'session,2022-02-16_13-17-30,done'
ptd-server 2022-02-16 13:39:07,499 [INFO] Sending to ptd: 'Stop'
ptd-server 2022-02-16 13:39:08,418 [INFO] Reply from ptd: 'Error: no measurement to stop'
ptd-server 2022-02-16 13:39:08,418 [INFO] Sending to ptd: 'SR,V,300.000000'
ptd-server 2022-02-16 13:39:09,919 [INFO] Reply from ptd: 'Range V changed'
ptd-server 2022-02-16 13:39:09,920 [INFO] Sending to ptd: 'SR,A,0.500000'
ptd-server 2022-02-16 13:39:11,421 [INFO] Reply from ptd: 'Range A changed'
ptd-server 2022-02-16 13:39:11,421 [INFO] Set initial values for Amps 0.500000 and Volts 300.000000
ptd-server 2022-02-16 13:39:11,421 [INFO] Stopping ptd...
