ptd-server 2022-02-22 19:45:28,512 [INFO] Got command from the client 'time'
ptd-server 2022-02-22 19:45:28,513 [INFO] Sending reply to client '1645559128.5131385'
ptd-server 2022-02-22 19:45:28,515 [INFO] Got command from the client 'new,,4ab057a8-ff6a-44f9-b899-7f57e0dcd2ae'
ptd-server 2022-02-22 19:45:28,516 [INFO] Sending reply to client 'OK 2022-02-22_19-45-28,aef62955-840f-41bf-8712-47e025bf10a6'
ptd-server 2022-02-22 19:45:28,563 [INFO] Got command from the client 'time'
ptd-server 2022-02-22 19:45:28,563 [INFO] Sending reply to client '1645559128.5631554'
ptd-server 2022-02-22 19:45:28,565 [INFO] Got command from the client 'session,2022-02-22_19-45-28,start,ranging'
ptd-server 2022-02-22 19:45:28,565 [INFO] Running PTDaemon: ['/home/anton/projects/mlperf/power/inference_v1.0/ptd-linux-x86', '-l', '/tmp/tmpgldyt7rr/ptd_logfile.txt', '-p', '8888', '49', '/dev/usbtmc0']
ptd-server 2022-02-22 19:45:45,739 [INFO] Sending to ptd: 'Hello'
ptd-server 2022-02-22 19:45:45,740 [INFO] Reply from ptd: 'Hello, PTDaemon here!'
ptd-server 2022-02-22 19:45:45,740 [INFO] Sending to ptd: 'Identify'
ptd-server 2022-02-22 19:45:45,740 [INFO] Reply from ptd: 'YokogawaWT310E,1000,1,1,1,1,0,1,1,version=1.9.2-e8c7a49a-20201208,OS=Linux 5.13.0-28-generic #31~20.04.1-Ubuntu SMP Wed Jan 19 14:08:10 UTC 2022 x86_64,mode=power,1,1,1,0,0,no_cal_date,YOKOGAWA;WT310E;C3XA04010E;F1.04'
ptd-server 2022-02-22 19:45:45,741 [INFO] Connected to PTDaemon
ptd-server 2022-02-22 19:45:45,741 [INFO] Sending to ptd: 'RR'
ptd-server 2022-02-22 19:45:45,741 [INFO] Reply from ptd: 'Ranges,0,0.500000,0,300.000000'
ptd-server 2022-02-22 19:45:45,741 [INFO] Initial range for Amps is 0.500000 for Volts is 300.000000
ptd-server 2022-02-22 19:45:45,741 [INFO] Sending to ptd: 'SR,V,Auto'
ptd-server 2022-02-22 19:45:46,244 [INFO] Reply from ptd: 'Range V changed'
ptd-server 2022-02-22 19:45:46,244 [INFO] Sending to ptd: 'SR,A,Auto'
ptd-server 2022-02-22 19:45:46,746 [INFO] Reply from ptd: 'Range A changed'
ptd-server 2022-02-22 19:45:56,756 [INFO] Starting ranging mode
ptd-server 2022-02-22 19:45:56,756 [INFO] Sending to ptd: 'Go,1000,0,2022-02-22_19-45-28_ranging'
ptd-server 2022-02-22 19:45:56,756 [INFO] Reply from ptd: 'Starting untimed measurement, maximum 500000 samples at 1000ms with 0 rampup samples'
ptd-server 2022-02-22 19:45:56,757 [INFO] Sending reply to client 'OK'
ptd-server 2022-02-22 19:56:26,305 [INFO] Got command from the client 'session,2022-02-22_19-45-28,stop,ranging'
ptd-server 2022-02-22 19:56:36,315 [INFO] Sending to ptd: 'Stop'
ptd-server 2022-02-22 19:56:36,316 [INFO] Reply from ptd: 'Stopping untimed measurement'
ptd-server 2022-02-22 19:56:37,089 [INFO] Sending reply to client 'OK'
ptd-server 2022-02-22 19:56:37,151 [INFO] Got command from the client 'time'
ptd-server 2022-02-22 19:56:37,151 [INFO] Sending reply to client '1645559797.1511223'
ptd-server 2022-02-22 19:56:37,153 [INFO] Got command from the client 'session,2022-02-22_19-45-28,start,testing'
ptd-server 2022-02-22 19:56:37,153 [INFO] Sending to ptd: 'SR,V,250.420000'
ptd-server 2022-02-22 19:56:38,654 [INFO] Reply from ptd: 'Range V changed'
ptd-server 2022-02-22 19:56:38,654 [INFO] Sending to ptd: 'SR,A,0.052520'
ptd-server 2022-02-22 19:56:40,156 [INFO] Reply from ptd: 'Range A changed'
ptd-server 2022-02-22 19:56:50,166 [INFO] Starting testing mode
ptd-server 2022-02-22 19:56:50,166 [INFO] Sending to ptd: 'Go,1000,0,2022-02-22_19-45-28_testing'
ptd-server 2022-02-22 19:56:50,167 [INFO] Reply from ptd: 'Starting untimed measurement, maximum 500000 samples at 1000ms with 0 rampup samples'
ptd-server 2022-02-22 19:56:50,167 [INFO] Sending reply to client 'OK'
ptd-server 2022-02-22 20:07:19,091 [INFO] Got command from the client 'session,2022-02-22_19-45-28,stop,testing'
ptd-server 2022-02-22 20:07:29,099 [INFO] Sending to ptd: 'Stop'
ptd-server 2022-02-22 20:07:29,099 [INFO] Reply from ptd: 'Stopping untimed measurement'
ptd-server 2022-02-22 20:07:29,498 [INFO] Sending reply to client 'OK'
ptd-server 2022-02-22 20:07:29,517 [INFO] Got command from the client 'session,2022-02-22_19-45-28,done'
ptd-server 2022-02-22 20:07:29,517 [INFO] Sending to ptd: 'Stop'
ptd-server 2022-02-22 20:07:29,517 [INFO] Reply from ptd: 'Error: no measurement to stop'
ptd-server 2022-02-22 20:07:29,517 [INFO] Sending to ptd: 'SR,V,300.000000'
ptd-server 2022-02-22 20:07:31,019 [INFO] Reply from ptd: 'Range V changed'
ptd-server 2022-02-22 20:07:31,019 [INFO] Sending to ptd: 'SR,A,0.500000'
ptd-server 2022-02-22 20:07:32,520 [INFO] Reply from ptd: 'Range A changed'
ptd-server 2022-02-22 20:07:32,520 [INFO] Set initial values for Amps 0.500000 and Volts 300.000000
ptd-server 2022-02-22 20:07:32,520 [INFO] Stopping ptd...
