ptd-server 2022-02-18 13:06:35,661 [INFO] Got command from the client 'time'
ptd-server 2022-02-18 13:06:35,661 [INFO] Sending reply to client '1645211195.6617136'
ptd-server 2022-02-18 13:06:35,662 [INFO] Got command from the client 'new,,bfdd36f9-2e36-48ab-a759-768938825839'
ptd-server 2022-02-18 13:06:35,663 [INFO] Sending reply to client 'OK 2022-02-18_13-06-35,6a09f0c2-41fb-48c4-b838-d9e7ef11d27b'
ptd-server 2022-02-18 13:06:35,771 [INFO] Got command from the client 'time'
ptd-server 2022-02-18 13:06:35,771 [INFO] Sending reply to client '1645211195.7712884'
ptd-server 2022-02-18 13:06:35,772 [INFO] Got command from the client 'session,2022-02-18_13-06-35,start,ranging'
ptd-server 2022-02-18 13:06:35,773 [INFO] Running PTDaemon: ['/local/mnt/workspace/mlcommons/power-main/inference_v1.0/ptd-linux-x86', '-l', '/tmp/tmpbzz3s1yx/ptd_logfile.txt', '-p', '8886', '49', '/dev/usbtmc1']
ptd-server 2022-02-18 13:06:52,885 [INFO] Sending to ptd: 'Hello'
ptd-server 2022-02-18 13:06:52,886 [INFO] Reply from ptd: 'Hello, PTDaemon here!'
ptd-server 2022-02-18 13:06:52,886 [INFO] Sending to ptd: 'Identify'
ptd-server 2022-02-18 13:06:52,886 [INFO] Reply from ptd: 'YokogawaWT310E,1000,1,1,1,1,0,1,1,version=1.9.2-e8c7a49a-20201208,OS=Linux 4.15.0-162-generic #170-Ubuntu SMP Mon Oct 18 11:38:05 UTC 2021 x86_64,mode=power,1,1,1,0,0,no_cal_date,YOKOGAWA;WT310E;C2XF16030V;F1.04'
ptd-server 2022-02-18 13:06:52,887 [INFO] Connected to PTDaemon
ptd-server 2022-02-18 13:06:52,887 [INFO] Sending to ptd: 'RR'
ptd-server 2022-02-18 13:06:52,887 [INFO] Reply from ptd: 'Ranges,1,2.000000,1,150.000000'
ptd-server 2022-02-18 13:06:52,887 [INFO] Initial range for Amps is Auto for Volts is Auto
ptd-server 2022-02-18 13:06:52,888 [INFO] Sending to ptd: 'SR,V,Auto'
ptd-server 2022-02-18 13:06:53,390 [INFO] Reply from ptd: 'Range V changed'
ptd-server 2022-02-18 13:06:53,390 [INFO] Sending to ptd: 'SR,A,Auto'
ptd-server 2022-02-18 13:06:53,893 [INFO] Reply from ptd: 'Range A changed'
ptd-server 2022-02-18 13:07:03,904 [INFO] Starting ranging mode
ptd-server 2022-02-18 13:07:03,904 [INFO] Sending to ptd: 'Go,1000,0,2022-02-18_13-06-35_ranging'
ptd-server 2022-02-18 13:07:03,905 [INFO] Reply from ptd: 'Starting untimed measurement, maximum 500000 samples at 1000ms with 0 rampup samples'
ptd-server 2022-02-18 13:07:03,905 [INFO] Sending reply to client 'OK'
ptd-server 2022-02-18 13:20:42,915 [INFO] Got command from the client 'session,2022-02-18_13-06-35,stop,ranging'
ptd-server 2022-02-18 13:20:52,926 [INFO] Sending to ptd: 'Stop'
ptd-server 2022-02-18 13:20:52,927 [INFO] Reply from ptd: 'Stopping untimed measurement'
ptd-server 2022-02-18 13:20:53,090 [INFO] Sending reply to client 'OK'
ptd-server 2022-02-18 13:20:53,180 [INFO] Got command from the client 'time'
ptd-server 2022-02-18 13:20:53,181 [INFO] Sending reply to client '1645212053.18105'
ptd-server 2022-02-18 13:20:53,181 [INFO] Got command from the client 'session,2022-02-18_13-06-35,start,testing'
ptd-server 2022-02-18 13:20:53,182 [INFO] Sending to ptd: 'SR,V,120.140000'
ptd-server 2022-02-18 13:20:55,408 [INFO] Reply from ptd: 'Range V changed'
ptd-server 2022-02-18 13:20:55,408 [INFO] Sending to ptd: 'SR,A,2.278500'
ptd-server 2022-02-18 13:20:56,910 [INFO] Reply from ptd: 'Range A changed'
ptd-server 2022-02-18 13:21:06,920 [INFO] Starting testing mode
ptd-server 2022-02-18 13:21:06,920 [INFO] Sending to ptd: 'Go,1000,0,2022-02-18_13-06-35_testing'
ptd-server 2022-02-18 13:21:06,921 [INFO] Reply from ptd: 'Starting untimed measurement, maximum 500000 samples at 1000ms with 0 rampup samples'
ptd-server 2022-02-18 13:21:06,921 [INFO] Sending reply to client 'OK'
ptd-server 2022-02-18 13:34:35,745 [INFO] Got command from the client 'session,2022-02-18_13-06-35,stop,testing'
ptd-server 2022-02-18 13:34:45,756 [INFO] Sending to ptd: 'Stop'
ptd-server 2022-02-18 13:34:45,756 [INFO] Reply from ptd: 'Stopping untimed measurement'
ptd-server 2022-02-18 13:34:45,845 [INFO] Sending reply to client 'OK'
ptd-server 2022-02-18 13:34:45,851 [INFO] Got command from the client 'session,2022-02-18_13-06-35,done'
ptd-server 2022-02-18 13:34:45,852 [INFO] Sending to ptd: 'Stop'
ptd-server 2022-02-18 13:34:45,922 [INFO] Reply from ptd: 'Error: no measurement to stop'
ptd-server 2022-02-18 13:34:45,922 [INFO] Sending to ptd: 'SR,V,Auto'
ptd-server 2022-02-18 13:34:46,425 [INFO] Reply from ptd: 'Range V changed'
ptd-server 2022-02-18 13:34:46,426 [INFO] Sending to ptd: 'SR,A,Auto'
ptd-server 2022-02-18 13:34:46,929 [INFO] Reply from ptd: 'Range A changed'
ptd-server 2022-02-18 13:34:46,929 [INFO] Set initial values for Amps Auto and Volts Auto
ptd-server 2022-02-18 13:34:46,929 [INFO] Stopping ptd...
