client 2022-02-22 01:44:35,405 [INFO] Sending command to the server: 'mlcommons/power client v3'
client 2022-02-22 01:44:35,407 [INFO] Got response: 'mlcommons/power server v3'
client 2022-02-22 01:44:35,407 [INFO] Sending command to the server: 'stop'
client 2022-02-22 01:44:35,408 [INFO] Got response: 'OK'
client 2022-02-22 01:44:35,408 [INFO] Synchronizing with the server and with ntp.aliyun.com...
client 2022-02-22 01:44:35,642 [INFO] NTP:offset = 0.050 s, delay = 0.022 s 
client 2022-02-22 01:44:35,642 [INFO] Sending command to the server: 'time'
client 2022-02-22 01:44:35,649 [INFO] Got response: '1645494275.6920557'
client 2022-02-22 01:44:35,649 [INFO] The time difference between the client and the server is within range -49.388 ms..-42.831 ms
client 2022-02-22 01:44:35,649 [INFO] Sending command to the server: 'new,,95e59bc4-84ff-455f-bb31-4175b2d2b5c4'
client 2022-02-22 01:44:35,651 [INFO] Got response: 'OK 2022-02-22_01-44-35,2fd024cf-155b-461c-98e4-fc42ad75d213'
client 2022-02-22 01:44:35,651 [INFO] Session id is '2022-02-22_01-44-35'
client 2022-02-22 01:44:35,651 [INFO] Sources: {"sources": {"__init__.py": "da39a3ee5e6b4b0d3255bfef95601890afd80709", "client.py": "33ca4f26368777ac06e01f9567b714a4b8063886", "lib/__init__.py": "da39a3ee5e6b4b0d3255bfef95601890afd80709", "lib/client.py": "4c2b78fb4849a7e5b584ef792d82aaed20b17f57", "lib/common.py": "624d0c0acc7c39aaff3674f0b99d6a09da53d1dc", "lib/external/__init__.py": "da39a3ee5e6b4b0d3255bfef95601890afd80709", "lib/external/ntplib.py": "4da8f970656505a40483206ef2b5d3dd5e81711d", "lib/server.py": "59c9fb92908260d3e9f81a895c7aa009742275e4", "lib/source_hashes.py": "60a2e02193209e8d392803326208d5466342da18", "lib/summary.py": "aa92f0a3f975eecd44d3c0cd0236342ccc9f941d", "lib/time_sync.py": "3210db56eb0ff0df57bf4293dc4d4b03fffd46f1", "server.py": "c3f90f2f7eeb4db30727556d0c815ebc89b3d28b", "tests/unit/__init__.py": "da39a3ee5e6b4b0d3255bfef95601890afd80709", "tests/unit/test_server.py": "99ae15aef722f2000ee6ed1ae1523637bf1ae42b", "tests/unit/test_source_hashes.py": "00468a2907583c593e6574a1f6b404e4651c221a"}, "modules": {"ptd_client_server.lib.client": "lib/client.py", "ptd_client_server.lib.common": "lib/common.py", "ptd_client_server.lib.external.ntplib": "lib/external/ntplib.py", "ptd_client_server.lib.source_hashes": "lib/source_hashes.py", "ptd_client_server.lib.summary": "lib/summary.py", "ptd_client_server.lib.time_sync": "lib/time_sync.py"}}
client 2022-02-22 01:44:35,651 [INFO] Running workload in ranging mode
client 2022-02-22 01:44:35,651 [INFO] Synchronizing with the server and with ntp.aliyun.com...
client 2022-02-22 01:44:35,779 [INFO] NTP:offset = 0.048 s, delay = 0.015 s 
client 2022-02-22 01:44:35,779 [INFO] Sending command to the server: 'time'
client 2022-02-22 01:44:35,781 [INFO] Got response: '1645494275.824337'
client 2022-02-22 01:44:35,781 [INFO] The time difference between the client and the server is within range -44.602 ms..-42.824 ms
client 2022-02-22 01:44:35,781 [INFO] Sending command to the server: 'session,2022-02-22_01-44-35,start,ranging'
client 2022-02-22 01:45:06,354 [INFO] Got response: 'OK'
client 2022-02-22 01:45:06,354 [INFO] Running the workload 'LOG_DIR=/work/build/power_logs_temp python3 code/main.py --benchmarks=resnet50 --scenarios=Offline --config_ver=maxq --test_mode=PerformanceOnly --action="run_harness" \\\n\t\t2>&1 | tee -a /work/build/power_logs/2022.02.22-01.44.25/stdout.txt \\\n\t\t&& if [ ! -d /work/build/power_logs/2022.02.22-01.44.25/ranging_tmp ]; \\\n\t\t\tthen mkdir /work/build/power_logs/2022.02.22-01.44.25/ranging_tmp \\\n\t\t\t\t&& mv /work/build/power_logs_temp/* /work/build/power_logs/2022.02.22-01.44.25/ranging_tmp/ \\\n\t\t\t\t&& cp -v /work/build/power_logs/2022.02.22-01.44.25/ranging_tmp/*/*/*/mlperf_log_detail.txt /work/build/power_logs_temp/ \\\n\t\t\t\t&& cp -v /work/build/power_logs/2022.02.22-01.44.25/ranging_tmp/*/*/*/mlperf_log_summary.txt /work/build/power_logs_temp/; \\\n\t\t\telse mkdir /work/build/power_logs/2022.02.22-01.44.25/testing_tmp \\\n\t\t\t\t&& mv /work/build/power_logs_temp/* /work/build/power_logs/2022.02.22-01.44.25/testing_tmp/ \\\n\t\t\t\t&& cp -v /work/build/power_logs/2022.02.22-01.44.25/testing_tmp/*/*/*/mlperf_log_detail.txt /work/build/power_logs_temp/ \\\n\t\t\t\t&& cp -v /work/build/power_logs/2022.02.22-01.44.25/testing_tmp/*/*/*/mlperf_log_summary.txt /work/build/power_logs_temp/; fi'
client 2022-02-22 01:56:24,974 [INFO] Sending command to the server: 'session,2022-02-22_01-44-35,stop,ranging'
client 2022-02-22 01:56:35,002 [INFO] Got response: 'OK'
client 2022-02-22 01:56:35,016 [INFO] Copying loadgen logs from '/work/build/power_logs_temp' to '/work/build/power_logs/2022.02.22-01.44.25/2022-02-22_01-44-35/ranging'
client 2022-02-22 01:56:35,017 [INFO] Running workload in testing mode
client 2022-02-22 01:56:35,017 [INFO] Synchronizing with the server and with ntp.aliyun.com...
client 2022-02-22 01:56:35,158 [INFO] NTP:offset = 0.055 s, delay = 0.027 s 
client 2022-02-22 01:56:35,158 [INFO] Sending command to the server: 'time'
client 2022-02-22 01:56:35,160 [INFO] Got response: '1645494995.2004158'
client 2022-02-22 01:56:35,160 [INFO] The time difference between the client and the server is within range -42.144 ms..-40.244 ms
client 2022-02-22 01:56:35,160 [INFO] Sending command to the server: 'session,2022-02-22_01-44-35,start,testing'
client 2022-02-22 01:56:48,543 [INFO] Got response: 'OK'
client 2022-02-22 01:56:48,544 [INFO] Running the workload 'LOG_DIR=/work/build/power_logs_temp python3 code/main.py --benchmarks=resnet50 --scenarios=Offline --config_ver=maxq --test_mode=PerformanceOnly --action="run_harness" \\\n\t\t2>&1 | tee -a /work/build/power_logs/2022.02.22-01.44.25/stdout.txt \\\n\t\t&& if [ ! -d /work/build/power_logs/2022.02.22-01.44.25/ranging_tmp ]; \\\n\t\t\tthen mkdir /work/build/power_logs/2022.02.22-01.44.25/ranging_tmp \\\n\t\t\t\t&& mv /work/build/power_logs_temp/* /work/build/power_logs/2022.02.22-01.44.25/ranging_tmp/ \\\n\t\t\t\t&& cp -v /work/build/power_logs/2022.02.22-01.44.25/ranging_tmp/*/*/*/mlperf_log_detail.txt /work/build/power_logs_temp/ \\\n\t\t\t\t&& cp -v /work/build/power_logs/2022.02.22-01.44.25/ranging_tmp/*/*/*/mlperf_log_summary.txt /work/build/power_logs_temp/; \\\n\t\t\telse mkdir /work/build/power_logs/2022.02.22-01.44.25/testing_tmp \\\n\t\t\t\t&& mv /work/build/power_logs_temp/* /work/build/power_logs/2022.02.22-01.44.25/testing_tmp/ \\\n\t\t\t\t&& cp -v /work/build/power_logs/2022.02.22-01.44.25/testing_tmp/*/*/*/mlperf_log_detail.txt /work/build/power_logs_temp/ \\\n\t\t\t\t&& cp -v /work/build/power_logs/2022.02.22-01.44.25/testing_tmp/*/*/*/mlperf_log_summary.txt /work/build/power_logs_temp/; fi'
client 2022-02-22 02:08:07,075 [INFO] Sending command to the server: 'session,2022-02-22_01-44-35,stop,testing'
client 2022-02-22 02:08:17,105 [INFO] Got response: 'OK'
client 2022-02-22 02:08:17,107 [INFO] Copying loadgen logs from '/work/build/power_logs_temp' to '/work/build/power_logs/2022.02.22-01.44.25/2022-02-22_01-44-35/run_1'
client 2022-02-22 02:08:17,108 [INFO] Done runs
