ptd-server 2022-02-22 01:44:35,451 [INFO] Got command from the client 'stop'
ptd-server 2022-02-22 01:44:35,451 [INFO] The server will be stopped after processing this client
ptd-server 2022-02-22 01:44:35,451 [INFO] Sending reply to client 'OK'
ptd-server 2022-02-22 01:44:35,686 [INFO] Got command from the client 'time'
ptd-server 2022-02-22 01:44:35,692 [INFO] Sending reply to client '1645494275.6920557'
ptd-server 2022-02-22 01:44:35,693 [INFO] Got command from the client 'new,,95e59bc4-84ff-455f-bb31-4175b2d2b5c4'
ptd-server 2022-02-22 01:44:35,694 [INFO] Sending reply to client 'OK 2022-02-22_01-44-35,2fd024cf-155b-461c-98e4-fc42ad75d213'
ptd-server 2022-02-22 01:44:35,824 [INFO] Got command from the client 'time'
ptd-server 2022-02-22 01:44:35,824 [INFO] Sending reply to client '1645494275.824337'
ptd-server 2022-02-22 01:44:35,825 [INFO] Got command from the client 'session,2022-02-22_01-44-35,start,ranging'
ptd-server 2022-02-22 01:44:35,935 [INFO] Running PTDaemon: ['C:\\PTD\\ptd-windows-x86.exe', '-l', 'C:\\Users\\mlperf\\AppData\\Local\\Temp\\tmp0mpgkjmq\\ptd_logfile.txt', '-p', '8888', '49', 'COM4']
ptd-server 2022-02-22 01:44:55,228 [INFO] Sending to ptd: 'Hello'
ptd-server 2022-02-22 01:44:55,234 [INFO] Reply from ptd: 'Hello, PTDaemon here!'
ptd-server 2022-02-22 01:44:55,235 [INFO] Sending to ptd: 'Identify'
ptd-server 2022-02-22 01:44:55,235 [INFO] Reply from ptd: 'YokogawaWT310E,1000,1,1,1,1,0,1,1,version=1.9.2-3976349f-20201208,OS=Windows 8 / Server 2012,mode=power,1,1,1,0,0,no_cal_date,YOKOGAWA;WT310E;C3TA11005E;F1.02'
ptd-server 2022-02-22 01:44:55,236 [INFO] Connected to PTDaemon
ptd-server 2022-02-22 01:44:55,236 [INFO] Sending to ptd: 'RR'
ptd-server 2022-02-22 01:44:55,237 [INFO] Reply from ptd: 'Ranges,0,10.000000,0,300.000000'
ptd-server 2022-02-22 01:44:55,237 [INFO] Initial range for Amps is 10.000000 for Volts is 300.000000
ptd-server 2022-02-22 01:44:55,238 [INFO] Sending to ptd: 'SR,V,Auto'
ptd-server 2022-02-22 01:44:55,802 [INFO] Reply from ptd: 'Range V changed'
ptd-server 2022-02-22 01:44:55,807 [INFO] Sending to ptd: 'SR,A,Auto'
ptd-server 2022-02-22 01:44:56,379 [INFO] Reply from ptd: 'Range A changed'
ptd-server 2022-02-22 01:45:06,390 [INFO] Starting ranging mode
ptd-server 2022-02-22 01:45:06,395 [INFO] Sending to ptd: 'Go,1000,0,2022-02-22_01-44-35_ranging'
ptd-server 2022-02-22 01:45:06,396 [INFO] Reply from ptd: 'Starting untimed measurement, maximum 500000 samples at 1000ms with 0 rampup samples'
ptd-server 2022-02-22 01:45:06,396 [INFO] Sending reply to client 'OK'
ptd-server 2022-02-22 01:56:25,016 [INFO] Got command from the client 'session,2022-02-22_01-44-35,stop,ranging'
ptd-server 2022-02-22 01:56:35,029 [INFO] Sending to ptd: 'Stop'
ptd-server 2022-02-22 01:56:35,030 [INFO] Reply from ptd: 'Stopping untimed measurement'
ptd-server 2022-02-22 01:56:35,043 [INFO] Sending reply to client 'OK'
ptd-server 2022-02-22 01:56:35,200 [INFO] Got command from the client 'time'
ptd-server 2022-02-22 01:56:35,200 [INFO] Sending reply to client '1645494995.2004158'
ptd-server 2022-02-22 01:56:35,202 [INFO] Got command from the client 'session,2022-02-22_01-44-35,start,testing'
ptd-server 2022-02-22 01:56:35,202 [INFO] Sending to ptd: 'SR,V,214.370000'
ptd-server 2022-02-22 01:56:36,987 [INFO] Reply from ptd: 'Range V changed'
ptd-server 2022-02-22 01:56:36,988 [INFO] Sending to ptd: 'SR,A,3.886300'
ptd-server 2022-02-22 01:56:38,571 [INFO] Reply from ptd: 'Range A changed'
ptd-server 2022-02-22 01:56:48,577 [INFO] Starting testing mode
ptd-server 2022-02-22 01:56:48,582 [INFO] Sending to ptd: 'Go,1000,0,2022-02-22_01-44-35_testing'
ptd-server 2022-02-22 01:56:48,583 [INFO] Reply from ptd: 'Starting untimed measurement, maximum 500000 samples at 1000ms with 0 rampup samples'
ptd-server 2022-02-22 01:56:48,583 [INFO] Sending reply to client 'OK'
ptd-server 2022-02-22 02:08:07,109 [INFO] Got command from the client 'session,2022-02-22_01-44-35,stop,testing'
ptd-server 2022-02-22 02:08:17,123 [INFO] Sending to ptd: 'Stop'
ptd-server 2022-02-22 02:08:17,128 [INFO] Reply from ptd: 'Stopping untimed measurement'
ptd-server 2022-02-22 02:08:17,138 [INFO] Sending reply to client 'OK'
ptd-server 2022-02-22 02:08:17,146 [INFO] Got command from the client 'session,2022-02-22_01-44-35,done'
ptd-server 2022-02-22 02:08:17,146 [INFO] Sending to ptd: 'Stop'
ptd-server 2022-02-22 02:08:17,595 [INFO] Reply from ptd: 'Error: no measurement to stop'
ptd-server 2022-02-22 02:08:17,595 [INFO] Sending to ptd: 'SR,V,300.000000'
ptd-server 2022-02-22 02:08:19,184 [INFO] Reply from ptd: 'Range V changed'
ptd-server 2022-02-22 02:08:19,184 [INFO] Sending to ptd: 'SR,A,10.000000'
ptd-server 2022-02-22 02:08:20,769 [INFO] Reply from ptd: 'Range A changed'
ptd-server 2022-02-22 02:08:20,770 [INFO] Set initial values for Amps 10.000000 and Volts 300.000000
ptd-server 2022-02-22 02:08:20,771 [INFO] Stopping ptd...
