ptd-server 2022-02-14 10:27:27,184 [INFO] Got command from the client 'time'
ptd-server 2022-02-14 10:27:27,184 [INFO] Sending reply to client '1644834447.1844327'
ptd-server 2022-02-14 10:27:27,187 [INFO] Got command from the client 'new,,78b33c86-9897-4c7a-871d-65c40b65fdef'
ptd-server 2022-02-14 10:27:27,188 [INFO] Sending reply to client 'OK 2022-02-14_10-27-27,c8be0a28-e9b0-4b7a-a55d-28b7d5ad8450'
ptd-server 2022-02-14 10:27:27,233 [INFO] Got command from the client 'time'
ptd-server 2022-02-14 10:27:27,233 [INFO] Sending reply to client '1644834447.233665'
ptd-server 2022-02-14 10:27:27,236 [INFO] Got command from the client 'session,2022-02-14_10-27-27,start,ranging'
ptd-server 2022-02-14 10:27:27,236 [INFO] Running PTDaemon: ['/home/anton/projects/mlperf/power/inference_v1.0/ptd-linux-x86', '-l', '/tmp/tmpxvec0g6h/ptd_logfile.txt', '-p', '8888', '49', '/dev/usbtmc0']
ptd-server 2022-02-14 10:27:44,408 [INFO] Sending to ptd: 'Hello'
ptd-server 2022-02-14 10:27:44,409 [INFO] Reply from ptd: 'Hello, PTDaemon here!'
ptd-server 2022-02-14 10:27:44,409 [INFO] Sending to ptd: 'Identify'
ptd-server 2022-02-14 10:27:44,409 [INFO] Reply from ptd: 'YokogawaWT310E,1000,1,1,1,1,0,1,1,version=1.9.2-e8c7a49a-20201208,OS=Linux 5.13.0-27-generic #29~20.04.1-Ubuntu SMP Fri Jan 14 00:32:30 UTC 2022 x86_64,mode=power,1,1,1,0,0,no_cal_date,YOKOGAWA;WT310E;C3XA04010E;F1.04'
ptd-server 2022-02-14 10:27:44,409 [INFO] Connected to PTDaemon
ptd-server 2022-02-14 10:27:44,410 [INFO] Sending to ptd: 'RR'
ptd-server 2022-02-14 10:27:44,410 [INFO] Reply from ptd: 'Ranges,0,0.500000,0,300.000000'
ptd-server 2022-02-14 10:27:44,410 [INFO] Initial range for Amps is 0.500000 for Volts is 300.000000
ptd-server 2022-02-14 10:27:44,410 [INFO] Sending to ptd: 'SR,V,Auto'
ptd-server 2022-02-14 10:27:44,913 [INFO] Reply from ptd: 'Range V changed'
ptd-server 2022-02-14 10:27:44,913 [INFO] Sending to ptd: 'SR,A,Auto'
ptd-server 2022-02-14 10:27:45,415 [INFO] Reply from ptd: 'Range A changed'
ptd-server 2022-02-14 10:27:55,425 [INFO] Starting ranging mode
ptd-server 2022-02-14 10:27:55,426 [INFO] Sending to ptd: 'Go,1000,0,2022-02-14_10-27-27_ranging'
ptd-server 2022-02-14 10:27:55,426 [INFO] Reply from ptd: 'Starting untimed measurement, maximum 500000 samples at 1000ms with 0 rampup samples'
ptd-server 2022-02-14 10:27:55,426 [INFO] Sending reply to client 'OK'
ptd-server 2022-02-14 10:38:11,218 [INFO] Got command from the client 'session,2022-02-14_10-27-27,stop,ranging'
ptd-server 2022-02-14 10:38:21,229 [INFO] Sending to ptd: 'Stop'
ptd-server 2022-02-14 10:38:21,229 [INFO] Reply from ptd: 'Stopping untimed measurement'
ptd-server 2022-02-14 10:38:21,965 [INFO] Sending reply to client 'OK'
ptd-server 2022-02-14 10:38:22,023 [INFO] Got command from the client 'time'
ptd-server 2022-02-14 10:38:22,023 [INFO] Sending reply to client '1644835102.0236306'
ptd-server 2022-02-14 10:38:22,026 [INFO] Got command from the client 'session,2022-02-14_10-27-27,start,testing'
ptd-server 2022-02-14 10:38:22,026 [INFO] Sending to ptd: 'SR,V,250.460000'
ptd-server 2022-02-14 10:38:23,527 [INFO] Reply from ptd: 'Range V changed'
ptd-server 2022-02-14 10:38:23,527 [INFO] Sending to ptd: 'SR,A,0.133610'
ptd-server 2022-02-14 10:38:25,029 [INFO] Reply from ptd: 'Range A changed'
ptd-server 2022-02-14 10:38:35,039 [INFO] Starting testing mode
ptd-server 2022-02-14 10:38:35,039 [INFO] Sending to ptd: 'Go,1000,0,2022-02-14_10-27-27_testing'
ptd-server 2022-02-14 10:38:35,040 [INFO] Reply from ptd: 'Starting untimed measurement, maximum 500000 samples at 1000ms with 0 rampup samples'
ptd-server 2022-02-14 10:38:35,040 [INFO] Sending reply to client 'OK'
ptd-server 2022-02-14 10:48:50,504 [INFO] Got command from the client 'session,2022-02-14_10-27-27,stop,testing'
ptd-server 2022-02-14 10:49:00,515 [INFO] Sending to ptd: 'Stop'
ptd-server 2022-02-14 10:49:00,515 [INFO] Reply from ptd: 'Stopping untimed measurement'
ptd-server 2022-02-14 10:49:00,894 [INFO] Sending reply to client 'OK'
ptd-server 2022-02-14 10:49:00,913 [INFO] Got command from the client 'session,2022-02-14_10-27-27,done'
ptd-server 2022-02-14 10:49:00,913 [INFO] Sending to ptd: 'Stop'
ptd-server 2022-02-14 10:49:01,040 [INFO] Reply from ptd: 'Error: no measurement to stop'
ptd-server 2022-02-14 10:49:01,040 [INFO] Sending to ptd: 'SR,V,300.000000'
ptd-server 2022-02-14 10:49:02,541 [INFO] Reply from ptd: 'Range V changed'
ptd-server 2022-02-14 10:49:02,542 [INFO] Sending to ptd: 'SR,A,0.500000'
ptd-server 2022-02-14 10:49:04,043 [INFO] Reply from ptd: 'Range A changed'
ptd-server 2022-02-14 10:49:04,043 [INFO] Set initial values for Amps 0.500000 and Volts 300.000000
ptd-server 2022-02-14 10:49:04,043 [INFO] Stopping ptd...
