client 2022-02-15 06:00:55,910 [INFO] Sending command to the server: 'mlcommons/power client v3'
client 2022-02-15 06:00:55,911 [INFO] Got response: 'mlcommons/power server v3'
client 2022-02-15 06:00:55,911 [INFO] Sending command to the server: 'stop'
client 2022-02-15 06:00:55,912 [INFO] Got response: 'OK'
client 2022-02-15 06:00:55,912 [INFO] Synchronizing with the server and with ib-01.dc4-in.nvidia.com...
client 2022-02-15 06:00:56,127 [INFO] NTP:offset = 0.001 s, delay = 0.209 s 
client 2022-02-15 06:00:56,127 [INFO] Sending command to the server: 'time'
client 2022-02-15 06:00:56,128 [INFO] Got response: '1644904856.2280986'
client 2022-02-15 06:00:56,128 [INFO] The time difference between the client and the server is within range -100.838 ms..-99.617 ms
client 2022-02-15 06:00:56,128 [INFO] Sending command to the server: 'new,,9a956591-c88a-42ae-9aa4-5ec4dc95a9af'
client 2022-02-15 06:00:56,129 [INFO] Got response: 'OK 2022-02-14_22-00-56,d8da61be-b26a-451f-a336-bcf63d0010e6'
client 2022-02-15 06:00:56,130 [INFO] Session id is '2022-02-14_22-00-56'
client 2022-02-15 06:00:56,130 [INFO] Sources: {"sources": {"__init__.py": "da39a3ee5e6b4b0d3255bfef95601890afd80709", "client.py": "33ca4f26368777ac06e01f9567b714a4b8063886", "lib/__init__.py": "da39a3ee5e6b4b0d3255bfef95601890afd80709", "lib/client.py": "4c2b78fb4849a7e5b584ef792d82aaed20b17f57", "lib/common.py": "624d0c0acc7c39aaff3674f0b99d6a09da53d1dc", "lib/external/__init__.py": "da39a3ee5e6b4b0d3255bfef95601890afd80709", "lib/external/ntplib.py": "4da8f970656505a40483206ef2b5d3dd5e81711d", "lib/server.py": "59c9fb92908260d3e9f81a895c7aa009742275e4", "lib/source_hashes.py": "60a2e02193209e8d392803326208d5466342da18", "lib/summary.py": "aa92f0a3f975eecd44d3c0cd0236342ccc9f941d", "lib/time_sync.py": "3210db56eb0ff0df57bf4293dc4d4b03fffd46f1", "server.py": "c3f90f2f7eeb4db30727556d0c815ebc89b3d28b", "tests/unit/__init__.py": "da39a3ee5e6b4b0d3255bfef95601890afd80709", "tests/unit/test_server.py": "99ae15aef722f2000ee6ed1ae1523637bf1ae42b", "tests/unit/test_source_hashes.py": "00468a2907583c593e6574a1f6b404e4651c221a"}, "modules": {"ptd_client_server.lib.client": "lib/client.py", "ptd_client_server.lib.common": "lib/common.py", "ptd_client_server.lib.external.ntplib": "lib/external/ntplib.py", "ptd_client_server.lib.source_hashes": "lib/source_hashes.py", "ptd_client_server.lib.summary": "lib/summary.py", "ptd_client_server.lib.time_sync": "lib/time_sync.py"}}
client 2022-02-15 06:00:56,132 [INFO] Running workload in ranging mode
client 2022-02-15 06:00:56,132 [INFO] Synchronizing with the server and with ib-01.dc4-in.nvidia.com...
client 2022-02-15 06:00:56,343 [INFO] NTP:offset = 0.001 s, delay = 0.209 s 
client 2022-02-15 06:00:56,343 [INFO] Sending command to the server: 'time'
client 2022-02-15 06:00:56,344 [INFO] Got response: '1644904856.4490306'
client 2022-02-15 06:00:56,344 [INFO] The time difference between the client and the server is within range -105.666 ms..-104.360 ms
client 2022-02-15 06:00:56,344 [INFO] Sending command to the server: 'session,2022-02-14_22-00-56,start,ranging'
client 2022-02-15 06:01:25,064 [INFO] Got response: 'OK'
client 2022-02-15 06:01:25,064 [INFO] Running the workload 'LOG_DIR=/work/build/power_logs_temp python3 code/main.py --benchmarks=rnnt --scenarios=Offline --test_mode=PerformanceOnly --config_ver=maxq --action="run_harness" \\\n\t\t2>&1 | tee -a /work/build/power_logs/2022.02.15-06.00.40/stdout.txt \\\n\t\t&& if [ ! -d /work/build/power_logs/2022.02.15-06.00.40/ranging_tmp ]; \\\n\t\t\tthen mkdir /work/build/power_logs/2022.02.15-06.00.40/ranging_tmp \\\n\t\t\t\t&& mv /work/build/power_logs_temp/* /work/build/power_logs/2022.02.15-06.00.40/ranging_tmp/ \\\n\t\t\t\t&& cp -v /work/build/power_logs/2022.02.15-06.00.40/ranging_tmp/*/*/*/mlperf_log_detail.txt /work/build/power_logs_temp/ \\\n\t\t\t\t&& cp -v /work/build/power_logs/2022.02.15-06.00.40/ranging_tmp/*/*/*/mlperf_log_summary.txt /work/build/power_logs_temp/; \\\n\t\t\telse mkdir /work/build/power_logs/2022.02.15-06.00.40/testing_tmp \\\n\t\t\t\t&& mv /work/build/power_logs_temp/* /work/build/power_logs/2022.02.15-06.00.40/testing_tmp/ \\\n\t\t\t\t&& cp -v /work/build/power_logs/2022.02.15-06.00.40/testing_tmp/*/*/*/mlperf_log_detail.txt /work/build/power_logs_temp/ \\\n\t\t\t\t&& cp -v /work/build/power_logs/2022.02.15-06.00.40/testing_tmp/*/*/*/mlperf_log_summary.txt /work/build/power_logs_temp/; fi'
client 2022-02-15 06:13:39,724 [INFO] Sending command to the server: 'session,2022-02-14_22-00-56,stop,ranging'
client 2022-02-15 06:13:49,764 [INFO] Got response: 'OK'
client 2022-02-15 06:13:49,797 [INFO] Copying loadgen logs from '/work/build/power_logs_temp' to '/work/build/power_logs/2022.02.15-06.00.40/2022-02-14_22-00-56/ranging'
client 2022-02-15 06:13:49,810 [INFO] Running workload in testing mode
client 2022-02-15 06:13:49,810 [INFO] Synchronizing with the server and with ib-01.dc4-in.nvidia.com...
client 2022-02-15 06:13:50,023 [INFO] NTP:offset = 0.002 s, delay = 0.211 s 
client 2022-02-15 06:13:50,023 [INFO] Sending command to the server: 'time'
client 2022-02-15 06:13:50,024 [INFO] Got response: '1644905630.1357796'
client 2022-02-15 06:13:50,024 [INFO] The time difference between the client and the server is within range -112.314 ms..-110.967 ms
client 2022-02-15 06:13:50,024 [INFO] Sending command to the server: 'session,2022-02-14_22-00-56,start,testing'
client 2022-02-15 06:14:03,133 [INFO] Got response: 'OK'
client 2022-02-15 06:14:03,133 [INFO] Running the workload 'LOG_DIR=/work/build/power_logs_temp python3 code/main.py --benchmarks=rnnt --scenarios=Offline --test_mode=PerformanceOnly --config_ver=maxq --action="run_harness" \\\n\t\t2>&1 | tee -a /work/build/power_logs/2022.02.15-06.00.40/stdout.txt \\\n\t\t&& if [ ! -d /work/build/power_logs/2022.02.15-06.00.40/ranging_tmp ]; \\\n\t\t\tthen mkdir /work/build/power_logs/2022.02.15-06.00.40/ranging_tmp \\\n\t\t\t\t&& mv /work/build/power_logs_temp/* /work/build/power_logs/2022.02.15-06.00.40/ranging_tmp/ \\\n\t\t\t\t&& cp -v /work/build/power_logs/2022.02.15-06.00.40/ranging_tmp/*/*/*/mlperf_log_detail.txt /work/build/power_logs_temp/ \\\n\t\t\t\t&& cp -v /work/build/power_logs/2022.02.15-06.00.40/ranging_tmp/*/*/*/mlperf_log_summary.txt /work/build/power_logs_temp/; \\\n\t\t\telse mkdir /work/build/power_logs/2022.02.15-06.00.40/testing_tmp \\\n\t\t\t\t&& mv /work/build/power_logs_temp/* /work/build/power_logs/2022.02.15-06.00.40/testing_tmp/ \\\n\t\t\t\t&& cp -v /work/build/power_logs/2022.02.15-06.00.40/testing_tmp/*/*/*/mlperf_log_detail.txt /work/build/power_logs_temp/ \\\n\t\t\t\t&& cp -v /work/build/power_logs/2022.02.15-06.00.40/testing_tmp/*/*/*/mlperf_log_summary.txt /work/build/power_logs_temp/; fi'
client 2022-02-15 06:26:19,999 [INFO] Sending command to the server: 'session,2022-02-14_22-00-56,stop,testing'
client 2022-02-15 06:26:30,022 [INFO] Got response: 'OK'
client 2022-02-15 06:26:30,039 [INFO] Copying loadgen logs from '/work/build/power_logs_temp' to '/work/build/power_logs/2022.02.15-06.00.40/2022-02-14_22-00-56/run_1'
client 2022-02-15 06:26:30,051 [INFO] Done runs
