ptd-server 2022-02-14 22:00:56,009 [INFO] Got command from the client 'stop'
ptd-server 2022-02-14 22:00:56,009 [INFO] The server will be stopped after processing this client
ptd-server 2022-02-14 22:00:56,009 [INFO] Sending reply to client 'OK'
ptd-server 2022-02-14 22:00:56,228 [INFO] Got command from the client 'time'
ptd-server 2022-02-14 22:00:56,228 [INFO] Sending reply to client '1644904856.2280986'
ptd-server 2022-02-14 22:00:56,228 [INFO] Got command from the client 'new,,9a956591-c88a-42ae-9aa4-5ec4dc95a9af'
ptd-server 2022-02-14 22:00:56,228 [INFO] Sending reply to client 'OK 2022-02-14_22-00-56,d8da61be-b26a-451f-a336-bcf63d0010e6'
ptd-server 2022-02-14 22:00:56,449 [INFO] Got command from the client 'time'
ptd-server 2022-02-14 22:00:56,449 [INFO] Sending reply to client '1644904856.4490306'
ptd-server 2022-02-14 22:00:56,449 [INFO] Got command from the client 'session,2022-02-14_22-00-56,start,ranging'
ptd-server 2022-02-14 22:00:56,558 [INFO] Running PTDaemon: ['C:\\PTD\\ptd-windows-x86.exe', '-l', 'C:\\Users\\lab\\AppData\\Local\\Temp\\tmpcmgs45ek\\ptd_logfile.txt', '-p', '8888', '-c', '1', '-y', '52', '10.34.244.57']
ptd-server 2022-02-14 22:01:14,129 [INFO] Sending to ptd: 'Hello'
ptd-server 2022-02-14 22:01:14,129 [INFO] Reply from ptd: 'Hello, PTDaemon here!'
ptd-server 2022-02-14 22:01:14,129 [INFO] Sending to ptd: 'Identify'
ptd-server 2022-02-14 22:01:14,129 [INFO] Reply from ptd: 'YokogawaWT330E,1000,1,1,1,1,0,0,1,version=1.9.2-3976349f-20201208,OS=Windows 8 / Server 2012,mode=power,1,1,1,0,0,no_cal_date,YOKOGAWA;WT333E;C2XG12028V;F1.04'
ptd-server 2022-02-14 22:01:14,129 [INFO] Connected to PTDaemon
ptd-server 2022-02-14 22:01:14,129 [INFO] Sending to ptd: 'RR'
ptd-server 2022-02-14 22:01:14,129 [INFO] Reply from ptd: 'Ranges,0,20.000000,1,300.000000'
ptd-server 2022-02-14 22:01:14,129 [INFO] Initial range for Amps is 20.000000 for Volts is Auto
ptd-server 2022-02-14 22:01:14,129 [INFO] Sending to ptd: 'SR,V,Auto'
ptd-server 2022-02-14 22:01:14,642 [INFO] Reply from ptd: 'Range V changed'
ptd-server 2022-02-14 22:01:14,642 [INFO] Sending to ptd: 'SR,A,Auto'
ptd-server 2022-02-14 22:01:15,158 [INFO] Reply from ptd: 'Range A changed'
ptd-server 2022-02-14 22:01:25,168 [INFO] Starting ranging mode
ptd-server 2022-02-14 22:01:25,168 [INFO] Sending to ptd: 'Go,1000,0,2022-02-14_22-00-56_ranging'
ptd-server 2022-02-14 22:01:25,168 [INFO] Reply from ptd: 'Starting untimed measurement, maximum 500000 samples at 1000ms with 0 rampup samples'
ptd-server 2022-02-14 22:01:25,168 [INFO] Sending reply to client 'OK'
ptd-server 2022-02-14 22:13:39,828 [INFO] Got command from the client 'session,2022-02-14_22-00-56,stop,ranging'
ptd-server 2022-02-14 22:13:49,854 [INFO] Sending to ptd: 'Stop'
ptd-server 2022-02-14 22:13:49,854 [INFO] Reply from ptd: 'Stopping untimed measurement'
ptd-server 2022-02-14 22:13:49,870 [INFO] Sending reply to client 'OK'
ptd-server 2022-02-14 22:13:50,135 [INFO] Got command from the client 'time'
ptd-server 2022-02-14 22:13:50,135 [INFO] Sending reply to client '1644905630.1357796'
ptd-server 2022-02-14 22:13:50,135 [INFO] Got command from the client 'session,2022-02-14_22-00-56,start,testing'
ptd-server 2022-02-14 22:13:50,135 [INFO] Sending to ptd: 'SR,V,206.620000'
ptd-server 2022-02-14 22:13:51,700 [INFO] Reply from ptd: 'Range V changed'
ptd-server 2022-02-14 22:13:51,700 [INFO] Sending to ptd: 'SR,A,5.938300'
ptd-server 2022-02-14 22:13:53,227 [INFO] Reply from ptd: 'Range A changed'
ptd-server 2022-02-14 22:14:03,243 [INFO] Starting testing mode
ptd-server 2022-02-14 22:14:03,243 [INFO] Sending to ptd: 'Go,1000,0,2022-02-14_22-00-56_testing'
ptd-server 2022-02-14 22:14:03,243 [INFO] Reply from ptd: 'Starting untimed measurement, maximum 500000 samples at 1000ms with 0 rampup samples'
ptd-server 2022-02-14 22:14:03,243 [INFO] Sending reply to client 'OK'
ptd-server 2022-02-14 22:26:20,115 [INFO] Got command from the client 'session,2022-02-14_22-00-56,stop,testing'
ptd-server 2022-02-14 22:26:30,130 [INFO] Sending to ptd: 'Stop'
ptd-server 2022-02-14 22:26:30,130 [INFO] Reply from ptd: 'Stopping untimed measurement'
ptd-server 2022-02-14 22:26:30,130 [INFO] Sending reply to client 'OK'
ptd-server 2022-02-14 22:26:30,208 [INFO] Got command from the client 'session,2022-02-14_22-00-56,done'
ptd-server 2022-02-14 22:26:30,208 [INFO] Sending to ptd: 'Stop'
ptd-server 2022-02-14 22:26:30,255 [INFO] Reply from ptd: 'Error: no measurement to stop'
ptd-server 2022-02-14 22:26:30,255 [INFO] Sending to ptd: 'SR,V,Auto'
ptd-server 2022-02-14 22:26:30,773 [INFO] Reply from ptd: 'Range V changed'
ptd-server 2022-02-14 22:26:30,773 [INFO] Sending to ptd: 'SR,A,20.000000'
ptd-server 2022-02-14 22:26:32,302 [INFO] Reply from ptd: 'Range A changed'
ptd-server 2022-02-14 22:26:32,302 [INFO] Set initial values for Amps 20.000000 and Volts Auto
ptd-server 2022-02-14 22:26:32,302 [INFO] Stopping ptd...
