client 2022-02-12 07:32:11,677 [INFO] Sending command to the server: 'mlcommons/power client v3'
client 2022-02-12 07:32:11,683 [INFO] Got response: 'mlcommons/power server v3'
client 2022-02-12 07:32:11,683 [INFO] Sending command to the server: 'stop'
client 2022-02-12 07:32:11,684 [INFO] Got response: 'OK'
client 2022-02-12 07:32:11,684 [INFO] Synchronizing with the server and with ib-01.dc4-in.nvidia.com...
client 2022-02-12 07:32:11,898 [INFO] NTP:offset = 0.000 s, delay = 0.209 s 
client 2022-02-12 07:32:11,899 [INFO] Sending command to the server: 'time'
client 2022-02-12 07:32:11,900 [INFO] Got response: '1644651131.9415305'
client 2022-02-12 07:32:11,900 [INFO] The time difference between the client and the server is within range -42.362 ms..-40.606 ms
client 2022-02-12 07:32:11,901 [INFO] Sending command to the server: 'new,,8072275f-6af8-4f96-8a96-4e44c6b4ec28'
client 2022-02-12 07:32:11,903 [INFO] Got response: 'OK 2022-02-11_23-32-11,c41274b7-b35b-4eb1-ab25-2d240ae464ea'
client 2022-02-12 07:32:11,903 [INFO] Session id is '2022-02-11_23-32-11'
client 2022-02-12 07:32:11,903 [INFO] Sources: {"sources": {"__init__.py": "da39a3ee5e6b4b0d3255bfef95601890afd80709", "client.py": "33ca4f26368777ac06e01f9567b714a4b8063886", "lib/__init__.py": "da39a3ee5e6b4b0d3255bfef95601890afd80709", "lib/client.py": "4c2b78fb4849a7e5b584ef792d82aaed20b17f57", "lib/common.py": "624d0c0acc7c39aaff3674f0b99d6a09da53d1dc", "lib/external/__init__.py": "da39a3ee5e6b4b0d3255bfef95601890afd80709", "lib/external/ntplib.py": "4da8f970656505a40483206ef2b5d3dd5e81711d", "lib/server.py": "59c9fb92908260d3e9f81a895c7aa009742275e4", "lib/source_hashes.py": "60a2e02193209e8d392803326208d5466342da18", "lib/summary.py": "aa92f0a3f975eecd44d3c0cd0236342ccc9f941d", "lib/time_sync.py": "3210db56eb0ff0df57bf4293dc4d4b03fffd46f1", "server.py": "c3f90f2f7eeb4db30727556d0c815ebc89b3d28b", "tests/unit/__init__.py": "da39a3ee5e6b4b0d3255bfef95601890afd80709", "tests/unit/test_server.py": "99ae15aef722f2000ee6ed1ae1523637bf1ae42b", "tests/unit/test_source_hashes.py": "00468a2907583c593e6574a1f6b404e4651c221a"}, "modules": {"ptd_client_server.lib.client": "lib/client.py", "ptd_client_server.lib.common": "lib/common.py", "ptd_client_server.lib.external.ntplib": "lib/external/ntplib.py", "ptd_client_server.lib.source_hashes": "lib/source_hashes.py", "ptd_client_server.lib.summary": "lib/summary.py", "ptd_client_server.lib.time_sync": "lib/time_sync.py"}}
client 2022-02-12 07:32:11,905 [INFO] Running workload in ranging mode
client 2022-02-12 07:32:11,905 [INFO] Synchronizing with the server and with ib-01.dc4-in.nvidia.com...
client 2022-02-12 07:32:12,117 [INFO] NTP:offset = -0.000 s, delay = 0.209 s 
client 2022-02-12 07:32:12,117 [INFO] Sending command to the server: 'time'
client 2022-02-12 07:32:12,118 [INFO] Got response: '1644651132.1602352'
client 2022-02-12 07:32:12,119 [INFO] The time difference between the client and the server is within range -42.983 ms..-40.882 ms
client 2022-02-12 07:32:12,119 [INFO] Sending command to the server: 'session,2022-02-11_23-32-11,start,ranging'
client 2022-02-12 07:32:51,481 [INFO] Got response: 'OK'
client 2022-02-12 07:32:51,481 [INFO] Running the workload 'LOG_DIR=/work/build/power_logs_temp python3 code/main.py --benchmarks=bert --scenarios=Offline --test_mode=PerformanceOnly --config_ver=maxq_high_accuracy --action="run_harness" \\\n\t\t2>&1 | tee -a /work/build/power_logs/2022.02.12-07.31.43/stdout.txt \\\n\t\t&& if [ ! -d /work/build/power_logs/2022.02.12-07.31.43/ranging_tmp ]; \\\n\t\t\tthen mkdir /work/build/power_logs/2022.02.12-07.31.43/ranging_tmp \\\n\t\t\t\t&& mv /work/build/power_logs_temp/* /work/build/power_logs/2022.02.12-07.31.43/ranging_tmp/ \\\n\t\t\t\t&& cp -v /work/build/power_logs/2022.02.12-07.31.43/ranging_tmp/*/*/*/mlperf_log_detail.txt /work/build/power_logs_temp/ \\\n\t\t\t\t&& cp -v /work/build/power_logs/2022.02.12-07.31.43/ranging_tmp/*/*/*/mlperf_log_summary.txt /work/build/power_logs_temp/; \\\n\t\t\telse mkdir /work/build/power_logs/2022.02.12-07.31.43/testing_tmp \\\n\t\t\t\t&& mv /work/build/power_logs_temp/* /work/build/power_logs/2022.02.12-07.31.43/testing_tmp/ \\\n\t\t\t\t&& cp -v /work/build/power_logs/2022.02.12-07.31.43/testing_tmp/*/*/*/mlperf_log_detail.txt /work/build/power_logs_temp/ \\\n\t\t\t\t&& cp -v /work/build/power_logs/2022.02.12-07.31.43/testing_tmp/*/*/*/mlperf_log_summary.txt /work/build/power_logs_temp/; fi'
client 2022-02-12 07:46:12,165 [INFO] Sending command to the server: 'session,2022-02-11_23-32-11,stop,ranging'
client 2022-02-12 07:46:22,472 [INFO] Got response: 'OK'
client 2022-02-12 07:46:22,483 [INFO] Copying loadgen logs from '/work/build/power_logs_temp' to '/work/build/power_logs/2022.02.12-07.31.43/2022-02-11_23-32-11/ranging'
client 2022-02-12 07:46:22,492 [INFO] Running workload in testing mode
client 2022-02-12 07:46:22,493 [INFO] Synchronizing with the server and with ib-01.dc4-in.nvidia.com...
client 2022-02-12 07:46:22,704 [INFO] NTP:offset = 0.000 s, delay = 0.209 s 
client 2022-02-12 07:46:22,704 [INFO] Sending command to the server: 'time'
client 2022-02-12 07:46:22,706 [INFO] Got response: '1644651982.7413943'
client 2022-02-12 07:46:22,706 [INFO] The time difference between the client and the server is within range -37.045 ms..-35.211 ms
client 2022-02-12 07:46:22,706 [INFO] Sending command to the server: 'session,2022-02-11_23-32-11,start,testing'
client 2022-02-12 07:46:44,414 [INFO] Got response: 'OK'
client 2022-02-12 07:46:44,415 [INFO] Running the workload 'LOG_DIR=/work/build/power_logs_temp python3 code/main.py --benchmarks=bert --scenarios=Offline --test_mode=PerformanceOnly --config_ver=maxq_high_accuracy --action="run_harness" \\\n\t\t2>&1 | tee -a /work/build/power_logs/2022.02.12-07.31.43/stdout.txt \\\n\t\t&& if [ ! -d /work/build/power_logs/2022.02.12-07.31.43/ranging_tmp ]; \\\n\t\t\tthen mkdir /work/build/power_logs/2022.02.12-07.31.43/ranging_tmp \\\n\t\t\t\t&& mv /work/build/power_logs_temp/* /work/build/power_logs/2022.02.12-07.31.43/ranging_tmp/ \\\n\t\t\t\t&& cp -v /work/build/power_logs/2022.02.12-07.31.43/ranging_tmp/*/*/*/mlperf_log_detail.txt /work/build/power_logs_temp/ \\\n\t\t\t\t&& cp -v /work/build/power_logs/2022.02.12-07.31.43/ranging_tmp/*/*/*/mlperf_log_summary.txt /work/build/power_logs_temp/; \\\n\t\t\telse mkdir /work/build/power_logs/2022.02.12-07.31.43/testing_tmp \\\n\t\t\t\t&& mv /work/build/power_logs_temp/* /work/build/power_logs/2022.02.12-07.31.43/testing_tmp/ \\\n\t\t\t\t&& cp -v /work/build/power_logs/2022.02.12-07.31.43/testing_tmp/*/*/*/mlperf_log_detail.txt /work/build/power_logs_temp/ \\\n\t\t\t\t&& cp -v /work/build/power_logs/2022.02.12-07.31.43/testing_tmp/*/*/*/mlperf_log_summary.txt /work/build/power_logs_temp/; fi'
client 2022-02-12 08:00:03,107 [INFO] Sending command to the server: 'session,2022-02-11_23-32-11,stop,testing'
client 2022-02-12 08:00:13,126 [INFO] Got response: 'OK'
client 2022-02-12 08:00:13,130 [INFO] Copying loadgen logs from '/work/build/power_logs_temp' to '/work/build/power_logs/2022.02.12-07.31.43/2022-02-11_23-32-11/run_1'
client 2022-02-12 08:00:13,140 [INFO] Done runs
