ptd-server 2022-02-11 23:32:11,722 [INFO] Got command from the client 'stop'
ptd-server 2022-02-11 23:32:11,722 [INFO] The server will be stopped after processing this client
ptd-server 2022-02-11 23:32:11,722 [INFO] Sending reply to client 'OK'
ptd-server 2022-02-11 23:32:11,941 [INFO] Got command from the client 'time'
ptd-server 2022-02-11 23:32:11,941 [INFO] Sending reply to client '1644651131.9415305'
ptd-server 2022-02-11 23:32:11,941 [INFO] Got command from the client 'new,,8072275f-6af8-4f96-8a96-4e44c6b4ec28'
ptd-server 2022-02-11 23:32:11,941 [INFO] Sending reply to client 'OK 2022-02-11_23-32-11,c41274b7-b35b-4eb1-ab25-2d240ae464ea'
ptd-server 2022-02-11 23:32:12,160 [INFO] Got command from the client 'time'
ptd-server 2022-02-11 23:32:12,160 [INFO] Sending reply to client '1644651132.1602352'
ptd-server 2022-02-11 23:32:12,160 [INFO] Got command from the client 'session,2022-02-11_23-32-11,start,ranging'
ptd-server 2022-02-11 23:32:12,260 [INFO] Running PTDaemon: ['C:\\PTD\\ptd-windows-x86.exe', '-l', 'C:\\Users\\lab\\AppData\\Local\\Temp\\tmprl32t6a8\\ptd_logfile.txt', '-p', '8888', '-c', '1,3', '-y', '77', '10.117.41.199']
ptd-server 2022-02-11 23:32:31,357 [INFO] Sending to ptd: 'Hello'
ptd-server 2022-02-11 23:32:31,357 [INFO] Reply from ptd: 'Hello, PTDaemon here!'
ptd-server 2022-02-11 23:32:31,357 [INFO] Sending to ptd: 'Identify'
ptd-server 2022-02-11 23:32:31,357 [INFO] Reply from ptd: 'YokogawaWT330_multichannel,1000,1,1,1,1,0,0,1,version=1.9.2-3976349f-20201208,OS=Windows 8 / Server 2012,mode=power,1,1,2,0,0,no_cal_date,YOKOGAWA;WT333E;C2WL21011V;F1.04'
ptd-server 2022-02-11 23:32:31,357 [INFO] Connected to PTDaemon
ptd-server 2022-02-11 23:32:31,357 [INFO] Sending to ptd: 'RR'
ptd-server 2022-02-11 23:32:31,357 [INFO] Reply from ptd: 'Ranges,0,5.000000,0,300.000000'
ptd-server 2022-02-11 23:32:31,357 [INFO] Initial range for Amps is 5.000000 for Volts is 300.000000
ptd-server 2022-02-11 23:32:31,357 [INFO] Sending to ptd: 'SR,V,Auto'
ptd-server 2022-02-11 23:32:36,425 [INFO] Reply from ptd: 'Range V changed'
ptd-server 2022-02-11 23:32:36,425 [INFO] Sending to ptd: 'SR,A,Auto'
ptd-server 2022-02-11 23:32:41,504 [INFO] Reply from ptd: 'Range A changed'
ptd-server 2022-02-11 23:32:51,519 [INFO] Starting ranging mode
ptd-server 2022-02-11 23:32:51,519 [INFO] Sending to ptd: 'Go,1000,0,2022-02-11_23-32-11_ranging'
ptd-server 2022-02-11 23:32:51,519 [INFO] Reply from ptd: 'Starting untimed measurement, maximum 500000 samples at 1000ms with 0 rampup samples'
ptd-server 2022-02-11 23:32:51,519 [INFO] Sending reply to client 'OK'
ptd-server 2022-02-11 23:46:12,212 [INFO] Got command from the client 'session,2022-02-11_23-32-11,stop,ranging'
ptd-server 2022-02-11 23:46:22,226 [INFO] Sending to ptd: 'Stop'
ptd-server 2022-02-11 23:46:22,475 [INFO] Reply from ptd: 'Stopping untimed measurement'
ptd-server 2022-02-11 23:46:22,506 [INFO] Sending reply to client 'OK'
ptd-server 2022-02-11 23:46:22,741 [INFO] Got command from the client 'time'
ptd-server 2022-02-11 23:46:22,741 [INFO] Sending reply to client '1644651982.7413943'
ptd-server 2022-02-11 23:46:22,741 [INFO] Got command from the client 'session,2022-02-11_23-32-11,start,testing'
ptd-server 2022-02-11 23:46:22,741 [INFO] Sending to ptd: 'SR,V,205.930000'
ptd-server 2022-02-11 23:46:28,847 [INFO] Reply from ptd: 'Range V changed'
ptd-server 2022-02-11 23:46:28,847 [INFO] Sending to ptd: 'SR,A,4.260500'
ptd-server 2022-02-11 23:46:34,439 [INFO] Reply from ptd: 'Range A changed'
ptd-server 2022-02-11 23:46:44,453 [INFO] Starting testing mode
ptd-server 2022-02-11 23:46:44,453 [INFO] Sending to ptd: 'Go,1000,0,2022-02-11_23-32-11_testing'
ptd-server 2022-02-11 23:46:44,453 [INFO] Reply from ptd: 'Starting untimed measurement, maximum 500000 samples at 1000ms with 0 rampup samples'
ptd-server 2022-02-11 23:46:44,453 [INFO] Sending reply to client 'OK'
ptd-server 2022-02-12 00:00:03,153 [INFO] Got command from the client 'session,2022-02-11_23-32-11,stop,testing'
ptd-server 2022-02-12 00:00:13,153 [INFO] Sending to ptd: 'Stop'
ptd-server 2022-02-12 00:00:13,153 [INFO] Reply from ptd: 'Stopping untimed measurement'
ptd-server 2022-02-12 00:00:13,169 [INFO] Sending reply to client 'OK'
ptd-server 2022-02-12 00:00:13,200 [INFO] Got command from the client 'session,2022-02-11_23-32-11,done'
ptd-server 2022-02-12 00:00:13,200 [INFO] Sending to ptd: 'Stop'
ptd-server 2022-02-12 00:00:13,466 [INFO] Reply from ptd: 'Error: no measurement to stop'
ptd-server 2022-02-12 00:00:13,466 [INFO] Sending to ptd: 'SR,V,300.000000'
ptd-server 2022-02-12 00:00:19,544 [INFO] Reply from ptd: 'Range V changed'
ptd-server 2022-02-12 00:00:19,544 [INFO] Sending to ptd: 'SR,A,5.000000'
ptd-server 2022-02-12 00:00:25,131 [INFO] Reply from ptd: 'Range A changed'
ptd-server 2022-02-12 00:00:25,131 [INFO] Set initial values for Amps 5.000000 and Volts 300.000000
ptd-server 2022-02-12 00:00:25,131 [INFO] Stopping ptd...
