ptd-server 2022-02-22 12:12:52,737 [INFO] Got command from the client 'time'
ptd-server 2022-02-22 12:12:52,737 [INFO] Sending reply to client '1645531972.7378223'
ptd-server 2022-02-22 12:12:52,740 [INFO] Got command from the client 'new,,6a837f30-009d-4088-bbf9-cc1edaba2981'
ptd-server 2022-02-22 12:12:52,740 [INFO] Sending reply to client 'OK 2022-02-22_12-12-52,87508853-6ca1-4b69-8ba1-cd151b870994'
ptd-server 2022-02-22 12:12:52,788 [INFO] Got command from the client 'time'
ptd-server 2022-02-22 12:12:52,788 [INFO] Sending reply to client '1645531972.7883568'
ptd-server 2022-02-22 12:12:52,790 [INFO] Got command from the client 'session,2022-02-22_12-12-52,start,ranging'
ptd-server 2022-02-22 12:12:52,790 [INFO] Running PTDaemon: ['/home/anton/projects/mlperf/power/inference_v1.0/ptd-linux-x86', '-l', '/tmp/tmpgldyt7rr/ptd_logfile.txt', '-p', '8888', '49', '/dev/usbtmc0']
ptd-server 2022-02-22 12:13:09,962 [INFO] Sending to ptd: 'Hello'
ptd-server 2022-02-22 12:13:09,963 [INFO] Reply from ptd: 'Hello, PTDaemon here!'
ptd-server 2022-02-22 12:13:09,963 [INFO] Sending to ptd: 'Identify'
ptd-server 2022-02-22 12:13:09,964 [INFO] Reply from ptd: 'YokogawaWT310E,1000,1,1,1,1,0,1,1,version=1.9.2-e8c7a49a-20201208,OS=Linux 5.13.0-28-generic #31~20.04.1-Ubuntu SMP Wed Jan 19 14:08:10 UTC 2022 x86_64,mode=power,1,1,1,0,0,no_cal_date,YOKOGAWA;WT310E;C3XA04010E;F1.04'
ptd-server 2022-02-22 12:13:09,964 [INFO] Connected to PTDaemon
ptd-server 2022-02-22 12:13:09,964 [INFO] Sending to ptd: 'RR'
ptd-server 2022-02-22 12:13:09,964 [INFO] Reply from ptd: 'Ranges,0,0.500000,0,300.000000'
ptd-server 2022-02-22 12:13:09,964 [INFO] Initial range for Amps is 0.500000 for Volts is 300.000000
ptd-server 2022-02-22 12:13:09,964 [INFO] Sending to ptd: 'SR,V,Auto'
ptd-server 2022-02-22 12:13:10,467 [INFO] Reply from ptd: 'Range V changed'
ptd-server 2022-02-22 12:13:10,467 [INFO] Sending to ptd: 'SR,A,Auto'
ptd-server 2022-02-22 12:13:10,970 [INFO] Reply from ptd: 'Range A changed'
ptd-server 2022-02-22 12:13:20,980 [INFO] Starting ranging mode
ptd-server 2022-02-22 12:13:20,980 [INFO] Sending to ptd: 'Go,1000,0,2022-02-22_12-12-52_ranging'
ptd-server 2022-02-22 12:13:20,981 [INFO] Reply from ptd: 'Starting untimed measurement, maximum 500000 samples at 1000ms with 0 rampup samples'
ptd-server 2022-02-22 12:13:20,981 [INFO] Sending reply to client 'OK'
ptd-server 2022-02-22 12:23:50,081 [INFO] Got command from the client 'session,2022-02-22_12-12-52,stop,ranging'
ptd-server 2022-02-22 12:24:00,092 [INFO] Sending to ptd: 'Stop'
ptd-server 2022-02-22 12:24:00,092 [INFO] Reply from ptd: 'Stopping untimed measurement'
ptd-server 2022-02-22 12:24:00,846 [INFO] Sending reply to client 'OK'
ptd-server 2022-02-22 12:24:00,907 [INFO] Got command from the client 'time'
ptd-server 2022-02-22 12:24:00,907 [INFO] Sending reply to client '1645532640.907146'
ptd-server 2022-02-22 12:24:00,909 [INFO] Got command from the client 'session,2022-02-22_12-12-52,start,testing'
ptd-server 2022-02-22 12:24:00,909 [INFO] Sending to ptd: 'SR,V,252.400000'
ptd-server 2022-02-22 12:24:02,483 [INFO] Reply from ptd: 'Range V changed'
ptd-server 2022-02-22 12:24:02,483 [INFO] Sending to ptd: 'SR,A,0.050230'
ptd-server 2022-02-22 12:24:03,986 [INFO] Reply from ptd: 'Range A changed'
ptd-server 2022-02-22 12:24:13,996 [INFO] Starting testing mode
ptd-server 2022-02-22 12:24:13,996 [INFO] Sending to ptd: 'Go,1000,0,2022-02-22_12-12-52_testing'
ptd-server 2022-02-22 12:24:13,996 [INFO] Reply from ptd: 'Starting untimed measurement, maximum 500000 samples at 1000ms with 0 rampup samples'
ptd-server 2022-02-22 12:24:13,996 [INFO] Sending reply to client 'OK'
ptd-server 2022-02-22 12:34:42,973 [INFO] Got command from the client 'session,2022-02-22_12-12-52,stop,testing'
ptd-server 2022-02-22 12:34:52,983 [INFO] Sending to ptd: 'Stop'
ptd-server 2022-02-22 12:34:52,984 [INFO] Reply from ptd: 'Stopping untimed measurement'
ptd-server 2022-02-22 12:34:53,353 [INFO] Sending reply to client 'OK'
ptd-server 2022-02-22 12:34:53,372 [INFO] Got command from the client 'session,2022-02-22_12-12-52,done'
ptd-server 2022-02-22 12:34:53,372 [INFO] Sending to ptd: 'Stop'
ptd-server 2022-02-22 12:34:53,372 [INFO] Reply from ptd: 'Error: no measurement to stop'
ptd-server 2022-02-22 12:34:53,373 [INFO] Sending to ptd: 'SR,V,300.000000'
ptd-server 2022-02-22 12:34:54,874 [INFO] Reply from ptd: 'Range V changed'
ptd-server 2022-02-22 12:34:54,874 [INFO] Sending to ptd: 'SR,A,0.500000'
ptd-server 2022-02-22 12:34:56,375 [INFO] Reply from ptd: 'Range A changed'
ptd-server 2022-02-22 12:34:56,376 [INFO] Set initial values for Amps 0.500000 and Volts 300.000000
ptd-server 2022-02-22 12:34:56,376 [INFO] Stopping ptd...
