ptd-server 2022-02-21 16:01:10,308 [INFO] Got command from the client 'time'
ptd-server 2022-02-21 16:01:10,308 [INFO] Sending reply to client '1645459270.3082783'
ptd-server 2022-02-21 16:01:10,309 [INFO] Got command from the client 'new,,85d96959-0879-4618-9ef2-a251f7500efe'
ptd-server 2022-02-21 16:01:10,310 [INFO] Sending reply to client 'OK 2022-02-21_16-01-10,7a62ae1c-451e-4665-beee-b417a744f1d9'
ptd-server 2022-02-21 16:01:10,348 [INFO] Got command from the client 'time'
ptd-server 2022-02-21 16:01:10,348 [INFO] Sending reply to client '1645459270.3488727'
ptd-server 2022-02-21 16:01:10,350 [INFO] Got command from the client 'session,2022-02-21_16-01-10,start,ranging'
ptd-server 2022-02-21 16:01:10,351 [INFO] Running PTDaemon: ['/home/anton/projects/mlperf/power/inference_v1.0/ptd-linux-x86', '-l', '/tmp/tmpgldyt7rr/ptd_logfile.txt', '-p', '8888', '49', '/dev/usbtmc0']
ptd-server 2022-02-21 16:01:27,524 [INFO] Sending to ptd: 'Hello'
ptd-server 2022-02-21 16:01:27,524 [INFO] Reply from ptd: 'Hello, PTDaemon here!'
ptd-server 2022-02-21 16:01:27,525 [INFO] Sending to ptd: 'Identify'
ptd-server 2022-02-21 16:01:27,525 [INFO] Reply from ptd: 'YokogawaWT310E,1000,1,1,1,1,0,1,1,version=1.9.2-e8c7a49a-20201208,OS=Linux 5.13.0-28-generic #31~20.04.1-Ubuntu SMP Wed Jan 19 14:08:10 UTC 2022 x86_64,mode=power,1,1,1,0,0,no_cal_date,YOKOGAWA;WT310E;C3XA04010E;F1.04'
ptd-server 2022-02-21 16:01:27,525 [INFO] Connected to PTDaemon
ptd-server 2022-02-21 16:01:27,525 [INFO] Sending to ptd: 'RR'
ptd-server 2022-02-21 16:01:27,526 [INFO] Reply from ptd: 'Ranges,0,0.500000,0,300.000000'
ptd-server 2022-02-21 16:01:27,526 [INFO] Initial range for Amps is 0.500000 for Volts is 300.000000
ptd-server 2022-02-21 16:01:27,526 [INFO] Sending to ptd: 'SR,V,Auto'
ptd-server 2022-02-21 16:01:28,028 [INFO] Reply from ptd: 'Range V changed'
ptd-server 2022-02-21 16:01:28,029 [INFO] Sending to ptd: 'SR,A,Auto'
ptd-server 2022-02-21 16:01:28,531 [INFO] Reply from ptd: 'Range A changed'
ptd-server 2022-02-21 16:01:38,541 [INFO] Starting ranging mode
ptd-server 2022-02-21 16:01:38,541 [INFO] Sending to ptd: 'Go,1000,0,2022-02-21_16-01-10_ranging'
ptd-server 2022-02-21 16:01:38,542 [INFO] Reply from ptd: 'Starting untimed measurement, maximum 500000 samples at 1000ms with 0 rampup samples'
ptd-server 2022-02-21 16:01:38,542 [INFO] Sending reply to client 'OK'
ptd-server 2022-02-21 16:12:00,497 [INFO] Got command from the client 'session,2022-02-21_16-01-10,stop,ranging'
ptd-server 2022-02-21 16:12:10,507 [INFO] Sending to ptd: 'Stop'
ptd-server 2022-02-21 16:12:10,507 [INFO] Reply from ptd: 'Stopping untimed measurement'
ptd-server 2022-02-21 16:12:11,123 [INFO] Sending reply to client 'OK'
ptd-server 2022-02-21 16:12:11,239 [INFO] Got command from the client 'time'
ptd-server 2022-02-21 16:12:11,239 [INFO] Sending reply to client '1645459931.2397363'
ptd-server 2022-02-21 16:12:11,244 [INFO] Got command from the client 'session,2022-02-21_16-01-10,start,testing'
ptd-server 2022-02-21 16:12:11,244 [INFO] Sending to ptd: 'SR,V,248.830000'
ptd-server 2022-02-21 16:12:12,745 [INFO] Reply from ptd: 'Range V changed'
ptd-server 2022-02-21 16:12:12,746 [INFO] Sending to ptd: 'SR,A,0.057000'
ptd-server 2022-02-21 16:12:14,247 [INFO] Reply from ptd: 'Range A changed'
ptd-server 2022-02-21 16:12:24,257 [INFO] Starting testing mode
ptd-server 2022-02-21 16:12:24,257 [INFO] Sending to ptd: 'Go,1000,0,2022-02-21_16-01-10_testing'
ptd-server 2022-02-21 16:12:24,258 [INFO] Reply from ptd: 'Starting untimed measurement, maximum 500000 samples at 1000ms with 0 rampup samples'
ptd-server 2022-02-21 16:12:24,258 [INFO] Sending reply to client 'OK'
ptd-server 2022-02-21 16:22:46,913 [INFO] Got command from the client 'session,2022-02-21_16-01-10,stop,testing'
ptd-server 2022-02-21 16:22:56,924 [INFO] Sending to ptd: 'Stop'
ptd-server 2022-02-21 16:22:56,924 [INFO] Reply from ptd: 'Stopping untimed measurement'
ptd-server 2022-02-21 16:22:57,243 [INFO] Sending reply to client 'OK'
ptd-server 2022-02-21 16:22:57,291 [INFO] Got command from the client 'session,2022-02-21_16-01-10,done'
ptd-server 2022-02-21 16:22:57,291 [INFO] Sending to ptd: 'Stop'
ptd-server 2022-02-21 16:22:57,291 [INFO] Reply from ptd: 'Error: no measurement to stop'
ptd-server 2022-02-21 16:22:57,292 [INFO] Sending to ptd: 'SR,V,300.000000'
ptd-server 2022-02-21 16:22:58,793 [INFO] Reply from ptd: 'Range V changed'
ptd-server 2022-02-21 16:22:58,793 [INFO] Sending to ptd: 'SR,A,0.500000'
ptd-server 2022-02-21 16:23:00,295 [INFO] Reply from ptd: 'Range A changed'
ptd-server 2022-02-21 16:23:00,295 [INFO] Set initial values for Amps 0.500000 and Volts 300.000000
ptd-server 2022-02-21 16:23:00,295 [INFO] Stopping ptd...
