ptd-server 2022-02-13 20:19:05,844 [INFO] Got command from the client 'time'
ptd-server 2022-02-13 20:19:05,844 [INFO] Sending reply to client '1644783545.8447914'
ptd-server 2022-02-13 20:19:05,847 [INFO] Got command from the client 'new,,1432d790-c03f-4969-af9e-594ec83655c8'
ptd-server 2022-02-13 20:19:05,848 [INFO] Sending reply to client 'OK 2022-02-13_20-19-05,f31047f7-737e-4a79-9303-5531800f29b0'
ptd-server 2022-02-13 20:19:05,895 [INFO] Got command from the client 'time'
ptd-server 2022-02-13 20:19:05,895 [INFO] Sending reply to client '1644783545.8957875'
ptd-server 2022-02-13 20:19:05,897 [INFO] Got command from the client 'session,2022-02-13_20-19-05,start,ranging'
ptd-server 2022-02-13 20:19:05,898 [INFO] Running PTDaemon: ['/home/anton/projects/mlperf/power/inference_v1.0/ptd-linux-x86', '-l', '/tmp/tmpxvec0g6h/ptd_logfile.txt', '-p', '8888', '49', '/dev/usbtmc0']
ptd-server 2022-02-13 20:19:23,071 [INFO] Sending to ptd: 'Hello'
ptd-server 2022-02-13 20:19:23,072 [INFO] Reply from ptd: 'Hello, PTDaemon here!'
ptd-server 2022-02-13 20:19:23,072 [INFO] Sending to ptd: 'Identify'
ptd-server 2022-02-13 20:19:23,073 [INFO] Reply from ptd: 'YokogawaWT310E,1000,1,1,1,1,0,1,1,version=1.9.2-e8c7a49a-20201208,OS=Linux 5.13.0-27-generic #29~20.04.1-Ubuntu SMP Fri Jan 14 00:32:30 UTC 2022 x86_64,mode=power,1,1,1,0,0,no_cal_date,YOKOGAWA;WT310E;C3XA04010E;F1.04'
ptd-server 2022-02-13 20:19:23,073 [INFO] Connected to PTDaemon
ptd-server 2022-02-13 20:19:23,073 [INFO] Sending to ptd: 'RR'
ptd-server 2022-02-13 20:19:23,073 [INFO] Reply from ptd: 'Ranges,0,0.500000,0,300.000000'
ptd-server 2022-02-13 20:19:23,074 [INFO] Initial range for Amps is 0.500000 for Volts is 300.000000
ptd-server 2022-02-13 20:19:23,074 [INFO] Sending to ptd: 'SR,V,Auto'
ptd-server 2022-02-13 20:19:23,576 [INFO] Reply from ptd: 'Range V changed'
ptd-server 2022-02-13 20:19:23,576 [INFO] Sending to ptd: 'SR,A,Auto'
ptd-server 2022-02-13 20:19:24,079 [INFO] Reply from ptd: 'Range A changed'
ptd-server 2022-02-13 20:19:34,089 [INFO] Starting ranging mode
ptd-server 2022-02-13 20:19:34,089 [INFO] Sending to ptd: 'Go,1000,0,2022-02-13_20-19-05_ranging'
ptd-server 2022-02-13 20:19:34,090 [INFO] Reply from ptd: 'Starting untimed measurement, maximum 500000 samples at 1000ms with 0 rampup samples'
ptd-server 2022-02-13 20:19:34,090 [INFO] Sending reply to client 'OK'
ptd-server 2022-02-13 20:29:49,943 [INFO] Got command from the client 'session,2022-02-13_20-19-05,stop,ranging'
ptd-server 2022-02-13 20:29:59,954 [INFO] Sending to ptd: 'Stop'
ptd-server 2022-02-13 20:29:59,954 [INFO] Reply from ptd: 'Stopping untimed measurement'
ptd-server 2022-02-13 20:30:00,604 [INFO] Sending reply to client 'OK'
ptd-server 2022-02-13 20:30:00,660 [INFO] Got command from the client 'time'
ptd-server 2022-02-13 20:30:00,660 [INFO] Sending reply to client '1644784200.6606178'
ptd-server 2022-02-13 20:30:00,663 [INFO] Got command from the client 'session,2022-02-13_20-19-05,start,testing'
ptd-server 2022-02-13 20:30:00,663 [INFO] Sending to ptd: 'SR,V,251.770000'
ptd-server 2022-02-13 20:30:02,165 [INFO] Reply from ptd: 'Range V changed'
ptd-server 2022-02-13 20:30:02,165 [INFO] Sending to ptd: 'SR,A,0.163470'
ptd-server 2022-02-13 20:30:03,666 [INFO] Reply from ptd: 'Range A changed'
ptd-server 2022-02-13 20:30:13,677 [INFO] Starting testing mode
ptd-server 2022-02-13 20:30:13,677 [INFO] Sending to ptd: 'Go,1000,0,2022-02-13_20-19-05_testing'
ptd-server 2022-02-13 20:30:13,677 [INFO] Reply from ptd: 'Starting untimed measurement, maximum 500000 samples at 1000ms with 0 rampup samples'
ptd-server 2022-02-13 20:30:13,677 [INFO] Sending reply to client 'OK'
ptd-server 2022-02-13 20:40:29,440 [INFO] Got command from the client 'session,2022-02-13_20-19-05,stop,testing'
ptd-server 2022-02-13 20:40:39,446 [INFO] Sending to ptd: 'Stop'
ptd-server 2022-02-13 20:40:39,447 [INFO] Reply from ptd: 'Stopping untimed measurement'
ptd-server 2022-02-13 20:40:39,792 [INFO] Sending reply to client 'OK'
ptd-server 2022-02-13 20:40:39,810 [INFO] Got command from the client 'session,2022-02-13_20-19-05,done'
ptd-server 2022-02-13 20:40:39,810 [INFO] Sending to ptd: 'Stop'
ptd-server 2022-02-13 20:40:39,810 [INFO] Reply from ptd: 'Error: no measurement to stop'
ptd-server 2022-02-13 20:40:39,811 [INFO] Sending to ptd: 'SR,V,300.000000'
ptd-server 2022-02-13 20:40:41,312 [INFO] Reply from ptd: 'Range V changed'
ptd-server 2022-02-13 20:40:41,312 [INFO] Sending to ptd: 'SR,A,0.500000'
ptd-server 2022-02-13 20:40:42,813 [INFO] Reply from ptd: 'Range A changed'
ptd-server 2022-02-13 20:40:42,814 [INFO] Set initial values for Amps 0.500000 and Volts 300.000000
ptd-server 2022-02-13 20:40:42,814 [INFO] Stopping ptd...
