ptd-server 2022-02-14 16:53:03,502 [INFO] Got command from the client 'time'
ptd-server 2022-02-14 16:53:03,503 [INFO] Sending reply to client '1644857583.503008'
ptd-server 2022-02-14 16:53:03,505 [INFO] Got command from the client 'new,,050b2d41-08df-44ec-98b7-6859990e26de'
ptd-server 2022-02-14 16:53:03,505 [INFO] Sending reply to client 'OK 2022-02-14_16-53-03,95a49580-2706-43f5-bc1b-5ce5552282dc'
ptd-server 2022-02-14 16:53:03,542 [INFO] Got command from the client 'time'
ptd-server 2022-02-14 16:53:03,542 [INFO] Sending reply to client '1644857583.5422864'
ptd-server 2022-02-14 16:53:03,544 [INFO] Got command from the client 'session,2022-02-14_16-53-03,start,ranging'
ptd-server 2022-02-14 16:53:03,544 [INFO] Running PTDaemon: ['/home/anton/projects/mlperf/power/inference_v1.0/ptd-linux-x86', '-l', '/tmp/tmpxvec0g6h/ptd_logfile.txt', '-p', '8888', '49', '/dev/usbtmc0']
ptd-server 2022-02-14 16:53:20,718 [INFO] Sending to ptd: 'Hello'
ptd-server 2022-02-14 16:53:20,718 [INFO] Reply from ptd: 'Hello, PTDaemon here!'
ptd-server 2022-02-14 16:53:20,719 [INFO] Sending to ptd: 'Identify'
ptd-server 2022-02-14 16:53:20,719 [INFO] Reply from ptd: 'YokogawaWT310E,1000,1,1,1,1,0,1,1,version=1.9.2-e8c7a49a-20201208,OS=Linux 5.13.0-27-generic #29~20.04.1-Ubuntu SMP Fri Jan 14 00:32:30 UTC 2022 x86_64,mode=power,1,1,1,0,0,no_cal_date,YOKOGAWA;WT310E;C3XA04010E;F1.04'
ptd-server 2022-02-14 16:53:20,719 [INFO] Connected to PTDaemon
ptd-server 2022-02-14 16:53:20,719 [INFO] Sending to ptd: 'RR'
ptd-server 2022-02-14 16:53:20,720 [INFO] Reply from ptd: 'Ranges,0,0.500000,0,300.000000'
ptd-server 2022-02-14 16:53:20,720 [INFO] Initial range for Amps is 0.500000 for Volts is 300.000000
ptd-server 2022-02-14 16:53:20,720 [INFO] Sending to ptd: 'SR,V,Auto'
ptd-server 2022-02-14 16:53:21,222 [INFO] Reply from ptd: 'Range V changed'
ptd-server 2022-02-14 16:53:21,223 [INFO] Sending to ptd: 'SR,A,Auto'
ptd-server 2022-02-14 16:53:21,725 [INFO] Reply from ptd: 'Range A changed'
ptd-server 2022-02-14 16:53:31,735 [INFO] Starting ranging mode
ptd-server 2022-02-14 16:53:31,736 [INFO] Sending to ptd: 'Go,1000,0,2022-02-14_16-53-03_ranging'
ptd-server 2022-02-14 16:53:31,736 [INFO] Reply from ptd: 'Starting untimed measurement, maximum 500000 samples at 1000ms with 0 rampup samples'
ptd-server 2022-02-14 16:53:31,736 [INFO] Sending reply to client 'OK'
ptd-server 2022-02-14 17:03:51,051 [INFO] Got command from the client 'session,2022-02-14_16-53-03,stop,ranging'
ptd-server 2022-02-14 17:04:01,062 [INFO] Sending to ptd: 'Stop'
ptd-server 2022-02-14 17:04:01,062 [INFO] Reply from ptd: 'Stopping untimed measurement'
ptd-server 2022-02-14 17:04:01,805 [INFO] Sending reply to client 'OK'
ptd-server 2022-02-14 17:04:01,870 [INFO] Got command from the client 'time'
ptd-server 2022-02-14 17:04:01,870 [INFO] Sending reply to client '1644858241.870751'
ptd-server 2022-02-14 17:04:01,873 [INFO] Got command from the client 'session,2022-02-14_16-53-03,start,testing'
ptd-server 2022-02-14 17:04:01,874 [INFO] Sending to ptd: 'SR,V,250.800000'
ptd-server 2022-02-14 17:04:03,375 [INFO] Reply from ptd: 'Range V changed'
ptd-server 2022-02-14 17:04:03,375 [INFO] Sending to ptd: 'SR,A,0.223900'
ptd-server 2022-02-14 17:04:04,877 [INFO] Reply from ptd: 'Range A changed'
ptd-server 2022-02-14 17:04:14,887 [INFO] Starting testing mode
ptd-server 2022-02-14 17:04:14,887 [INFO] Sending to ptd: 'Go,1000,0,2022-02-14_16-53-03_testing'
ptd-server 2022-02-14 17:04:14,888 [INFO] Reply from ptd: 'Starting untimed measurement, maximum 500000 samples at 1000ms with 0 rampup samples'
ptd-server 2022-02-14 17:04:14,888 [INFO] Sending reply to client 'OK'
ptd-server 2022-02-14 17:14:34,192 [INFO] Got command from the client 'session,2022-02-14_16-53-03,stop,testing'
ptd-server 2022-02-14 17:14:44,203 [INFO] Sending to ptd: 'Stop'
ptd-server 2022-02-14 17:14:44,203 [INFO] Reply from ptd: 'Stopping untimed measurement'
ptd-server 2022-02-14 17:14:44,585 [INFO] Sending reply to client 'OK'
ptd-server 2022-02-14 17:14:44,603 [INFO] Got command from the client 'session,2022-02-14_16-53-03,done'
ptd-server 2022-02-14 17:14:44,603 [INFO] Sending to ptd: 'Stop'
ptd-server 2022-02-14 17:14:44,887 [INFO] Reply from ptd: 'Error: no measurement to stop'
ptd-server 2022-02-14 17:14:44,888 [INFO] Sending to ptd: 'SR,V,300.000000'
ptd-server 2022-02-14 17:14:46,389 [INFO] Reply from ptd: 'Range V changed'
ptd-server 2022-02-14 17:14:46,389 [INFO] Sending to ptd: 'SR,A,0.500000'
ptd-server 2022-02-14 17:14:47,890 [INFO] Reply from ptd: 'Range A changed'
ptd-server 2022-02-14 17:14:47,891 [INFO] Set initial values for Amps 0.500000 and Volts 300.000000
ptd-server 2022-02-14 17:14:47,891 [INFO] Stopping ptd...
