ptd-server 2022-02-12 07:59:24,554 [INFO] Got command from the client 'stop'
ptd-server 2022-02-12 07:59:24,554 [INFO] The server will be stopped after processing this client
ptd-server 2022-02-12 07:59:24,554 [INFO] Sending reply to client 'OK'
ptd-server 2022-02-12 07:59:24,798 [INFO] Got command from the client 'time'
ptd-server 2022-02-12 07:59:24,798 [INFO] Sending reply to client '1644681564.7988772'
ptd-server 2022-02-12 07:59:24,798 [INFO] Got command from the client 'new,,14c0dbd8-40ee-46b9-b7cf-ebc95ffaee77'
ptd-server 2022-02-12 07:59:24,798 [INFO] Sending reply to client 'OK 2022-02-12_07-59-24,d9247b5a-d7aa-4148-8dbc-6be200b19f3c'
ptd-server 2022-02-12 07:59:25,038 [INFO] Got command from the client 'time'
ptd-server 2022-02-12 07:59:25,038 [INFO] Sending reply to client '1644681565.0387309'
ptd-server 2022-02-12 07:59:25,054 [INFO] Got command from the client 'session,2022-02-12_07-59-24,start,ranging'
ptd-server 2022-02-12 07:59:25,163 [INFO] Running PTDaemon: ['C:\\PTD\\ptd-windows-x86.exe', '-l', 'C:\\Users\\lab\\AppData\\Local\\Temp\\tmp41v45nby\\ptd_logfile.txt', '-p', '8888', '-c', '2', '-y', '52', '10.32.209.61']
ptd-server 2022-02-12 07:59:42,773 [INFO] Sending to ptd: 'Hello'
ptd-server 2022-02-12 07:59:42,773 [INFO] Reply from ptd: 'Hello, PTDaemon here!'
ptd-server 2022-02-12 07:59:42,773 [INFO] Sending to ptd: 'Identify'
ptd-server 2022-02-12 07:59:42,773 [INFO] Reply from ptd: 'YokogawaWT330E,1000,1,1,1,1,0,0,1,version=1.9.2-3976349f-20201208,OS=Windows 8 / Server 2012,mode=power,1,1,1,0,0,no_cal_date,YOKOGAWA;WT333E;C2VL22012V;F1.04'
ptd-server 2022-02-12 07:59:42,773 [INFO] Connected to PTDaemon
ptd-server 2022-02-12 07:59:42,773 [INFO] Sending to ptd: 'RR'
ptd-server 2022-02-12 07:59:42,773 [INFO] Reply from ptd: 'Ranges,0,1.000000,0,150.000000'
ptd-server 2022-02-12 07:59:42,773 [INFO] Initial range for Amps is 1.000000 for Volts is 150.000000
ptd-server 2022-02-12 07:59:42,773 [INFO] Sending to ptd: 'SR,V,Auto'
ptd-server 2022-02-12 07:59:43,291 [INFO] Reply from ptd: 'Range V changed'
ptd-server 2022-02-12 07:59:43,291 [INFO] Sending to ptd: 'SR,A,Auto'
ptd-server 2022-02-12 07:59:43,804 [INFO] Reply from ptd: 'Range A changed'
ptd-server 2022-02-12 07:59:53,804 [INFO] Starting ranging mode
ptd-server 2022-02-12 07:59:53,804 [INFO] Sending to ptd: 'Go,1000,0,2022-02-12_07-59-24_ranging'
ptd-server 2022-02-12 07:59:53,804 [INFO] Reply from ptd: 'Starting untimed measurement, maximum 500000 samples at 1000ms with 0 rampup samples'
ptd-server 2022-02-12 07:59:53,804 [INFO] Sending reply to client 'OK'
ptd-server 2022-02-12 08:35:49,959 [INFO] Got command from the client 'session,2022-02-12_07-59-24,stop,ranging'
ptd-server 2022-02-12 08:35:59,986 [INFO] Sending to ptd: 'Stop'
ptd-server 2022-02-12 08:35:59,986 [INFO] Reply from ptd: 'Stopping untimed measurement'
ptd-server 2022-02-12 08:36:00,017 [INFO] Sending reply to client 'OK'
ptd-server 2022-02-12 08:36:00,297 [INFO] Got command from the client 'time'
ptd-server 2022-02-12 08:36:00,297 [INFO] Sending reply to client '1644683760.2971373'
ptd-server 2022-02-12 08:36:00,297 [INFO] Got command from the client 'session,2022-02-12_07-59-24,start,testing'
ptd-server 2022-02-12 08:36:00,297 [INFO] Sending to ptd: 'SR,V,120.740000'
ptd-server 2022-02-12 08:36:02,324 [INFO] Reply from ptd: 'Range V changed'
ptd-server 2022-02-12 08:36:02,324 [INFO] Sending to ptd: 'SR,A,0.292500'
ptd-server 2022-02-12 08:36:03,842 [INFO] Reply from ptd: 'Range A changed'
ptd-server 2022-02-12 08:36:13,842 [INFO] Starting testing mode
ptd-server 2022-02-12 08:36:13,842 [INFO] Sending to ptd: 'Go,1000,0,2022-02-12_07-59-24_testing'
ptd-server 2022-02-12 08:36:13,842 [INFO] Reply from ptd: 'Starting untimed measurement, maximum 500000 samples at 1000ms with 0 rampup samples'
ptd-server 2022-02-12 08:36:13,842 [INFO] Sending reply to client 'OK'
ptd-server 2022-02-12 09:12:40,428 [INFO] Got command from the client 'session,2022-02-12_07-59-24,stop,testing'
ptd-server 2022-02-12 09:12:50,443 [INFO] Sending to ptd: 'Stop'
ptd-server 2022-02-12 09:12:50,443 [INFO] Reply from ptd: 'Stopping untimed measurement'
ptd-server 2022-02-12 09:12:50,459 [INFO] Sending reply to client 'OK'
ptd-server 2022-02-12 09:12:50,608 [INFO] Got command from the client 'session,2022-02-12_07-59-24,done'
ptd-server 2022-02-12 09:12:50,608 [INFO] Sending to ptd: 'Stop'
ptd-server 2022-02-12 09:12:50,850 [INFO] Reply from ptd: 'Error: no measurement to stop'
ptd-server 2022-02-12 09:12:50,850 [INFO] Sending to ptd: 'SR,V,150.000000'
ptd-server 2022-02-12 09:12:52,367 [INFO] Reply from ptd: 'Range V changed'
ptd-server 2022-02-12 09:12:52,367 [INFO] Sending to ptd: 'SR,A,1.000000'
ptd-server 2022-02-12 09:12:53,898 [INFO] Reply from ptd: 'Range A changed'
ptd-server 2022-02-12 09:12:53,898 [INFO] Set initial values for Amps 1.000000 and Volts 150.000000
ptd-server 2022-02-12 09:12:53,898 [INFO] Stopping ptd...
