ptd-server 2022-02-20 21:04:28,181 [INFO] Got command from the client 'time'
ptd-server 2022-02-20 21:04:28,181 [INFO] Sending reply to client '1645391068.1814094'
ptd-server 2022-02-20 21:04:28,182 [INFO] Got command from the client 'new,,70dd3e04-e4f4-4702-ab23-e62a914ef2d7'
ptd-server 2022-02-20 21:04:28,183 [INFO] Sending reply to client 'OK 2022-02-20_21-04-28,880d2d8a-6c42-40f2-b411-bf5791f81d6b'
ptd-server 2022-02-20 21:04:28,211 [INFO] Got command from the client 'time'
ptd-server 2022-02-20 21:04:28,211 [INFO] Sending reply to client '1645391068.2113976'
ptd-server 2022-02-20 21:04:28,212 [INFO] Got command from the client 'session,2022-02-20_21-04-28,start,ranging'
ptd-server 2022-02-20 21:04:28,212 [INFO] Running PTDaemon: ['/home/anton/projects/mlperf/power/inference_v1.0/ptd-linux-x86', '-l', '/tmp/tmpgldyt7rr/ptd_logfile.txt', '-p', '8888', '49', '/dev/usbtmc0']
ptd-server 2022-02-20 21:04:45,383 [INFO] Sending to ptd: 'Hello'
ptd-server 2022-02-20 21:04:45,383 [INFO] Reply from ptd: 'Hello, PTDaemon here!'
ptd-server 2022-02-20 21:04:45,383 [INFO] Sending to ptd: 'Identify'
ptd-server 2022-02-20 21:04:45,384 [INFO] Reply from ptd: 'YokogawaWT310E,1000,1,1,1,1,0,1,1,version=1.9.2-e8c7a49a-20201208,OS=Linux 5.13.0-28-generic #31~20.04.1-Ubuntu SMP Wed Jan 19 14:08:10 UTC 2022 x86_64,mode=power,1,1,1,0,0,no_cal_date,YOKOGAWA;WT310E;C3XA04010E;F1.04'
ptd-server 2022-02-20 21:04:45,384 [INFO] Connected to PTDaemon
ptd-server 2022-02-20 21:04:45,384 [INFO] Sending to ptd: 'RR'
ptd-server 2022-02-20 21:04:45,384 [INFO] Reply from ptd: 'Ranges,0,0.500000,0,300.000000'
ptd-server 2022-02-20 21:04:45,384 [INFO] Initial range for Amps is 0.500000 for Volts is 300.000000
ptd-server 2022-02-20 21:04:45,384 [INFO] Sending to ptd: 'SR,V,Auto'
ptd-server 2022-02-20 21:04:45,887 [INFO] Reply from ptd: 'Range V changed'
ptd-server 2022-02-20 21:04:45,887 [INFO] Sending to ptd: 'SR,A,Auto'
ptd-server 2022-02-20 21:04:46,389 [INFO] Reply from ptd: 'Range A changed'
ptd-server 2022-02-20 21:04:56,400 [INFO] Starting ranging mode
ptd-server 2022-02-20 21:04:56,400 [INFO] Sending to ptd: 'Go,1000,0,2022-02-20_21-04-28_ranging'
ptd-server 2022-02-20 21:04:56,400 [INFO] Reply from ptd: 'Starting untimed measurement, maximum 500000 samples at 1000ms with 0 rampup samples'
ptd-server 2022-02-20 21:04:56,400 [INFO] Sending reply to client 'OK'
ptd-server 2022-02-20 21:15:18,553 [INFO] Got command from the client 'session,2022-02-20_21-04-28,stop,ranging'
ptd-server 2022-02-20 21:15:28,564 [INFO] Sending to ptd: 'Stop'
ptd-server 2022-02-20 21:15:28,564 [INFO] Reply from ptd: 'Stopping untimed measurement'
ptd-server 2022-02-20 21:15:29,090 [INFO] Sending reply to client 'OK'
ptd-server 2022-02-20 21:15:29,170 [INFO] Got command from the client 'time'
ptd-server 2022-02-20 21:15:29,171 [INFO] Sending reply to client '1645391729.1710622'
ptd-server 2022-02-20 21:15:29,172 [INFO] Got command from the client 'session,2022-02-20_21-04-28,start,testing'
ptd-server 2022-02-20 21:15:29,172 [INFO] Sending to ptd: 'SR,V,248.980000'
ptd-server 2022-02-20 21:15:30,901 [INFO] Reply from ptd: 'Range V changed'
ptd-server 2022-02-20 21:15:30,902 [INFO] Sending to ptd: 'SR,A,0.046110'
ptd-server 2022-02-20 21:15:32,403 [INFO] Reply from ptd: 'Range A changed'
ptd-server 2022-02-20 21:15:42,412 [INFO] Starting testing mode
ptd-server 2022-02-20 21:15:42,412 [INFO] Sending to ptd: 'Go,1000,0,2022-02-20_21-04-28_testing'
ptd-server 2022-02-20 21:15:42,412 [INFO] Reply from ptd: 'Starting untimed measurement, maximum 500000 samples at 1000ms with 0 rampup samples'
ptd-server 2022-02-20 21:15:42,412 [INFO] Sending reply to client 'OK'
ptd-server 2022-02-20 21:26:05,595 [INFO] Got command from the client 'session,2022-02-20_21-04-28,stop,testing'
ptd-server 2022-02-20 21:26:15,605 [INFO] Sending to ptd: 'Stop'
ptd-server 2022-02-20 21:26:15,605 [INFO] Reply from ptd: 'Stopping untimed measurement'
ptd-server 2022-02-20 21:26:16,094 [INFO] Sending reply to client 'OK'
ptd-server 2022-02-20 21:26:16,113 [INFO] Got command from the client 'session,2022-02-20_21-04-28,done'
ptd-server 2022-02-20 21:26:16,114 [INFO] Sending to ptd: 'Stop'
ptd-server 2022-02-20 21:26:16,412 [INFO] Reply from ptd: 'Error: no measurement to stop'
ptd-server 2022-02-20 21:26:16,412 [INFO] Sending to ptd: 'SR,V,300.000000'
ptd-server 2022-02-20 21:26:17,914 [INFO] Reply from ptd: 'Range V changed'
ptd-server 2022-02-20 21:26:17,914 [INFO] Sending to ptd: 'SR,A,0.500000'
ptd-server 2022-02-20 21:26:19,415 [INFO] Reply from ptd: 'Range A changed'
ptd-server 2022-02-20 21:26:19,415 [INFO] Set initial values for Amps 0.500000 and Volts 300.000000
ptd-server 2022-02-20 21:26:19,416 [INFO] Stopping ptd...
