ptd-server 2022-02-24 17:38:41,408 [INFO] Got command from the client 'time'
ptd-server 2022-02-24 17:38:41,408 [INFO] Sending reply to client '1645724321.4084926'
ptd-server 2022-02-24 17:38:41,410 [INFO] Got command from the client 'new,,c172e135-7d04-4b81-aba4-ef9b0bb43c03'
ptd-server 2022-02-24 17:38:41,411 [INFO] Sending reply to client 'OK 2022-02-24_17-38-41,9423c5ee-bf77-494f-b3a5-8e9e2fa19e4d'
ptd-server 2022-02-24 17:38:41,448 [INFO] Got command from the client 'time'
ptd-server 2022-02-24 17:38:41,448 [INFO] Sending reply to client '1645724321.4484873'
ptd-server 2022-02-24 17:38:41,450 [INFO] Got command from the client 'session,2022-02-24_17-38-41,start,ranging'
ptd-server 2022-02-24 17:38:41,450 [INFO] Running PTDaemon: ['/home/anton/projects/mlperf/power/inference_v1.0/ptd-linux-x86', '-l', '/tmp/tmp0_fn53vp/ptd_logfile.txt', '-p', '8888', '49', '/dev/usbtmc0']
ptd-server 2022-02-24 17:38:58,624 [INFO] Sending to ptd: 'Hello'
ptd-server 2022-02-24 17:38:58,624 [INFO] Reply from ptd: 'Hello, PTDaemon here!'
ptd-server 2022-02-24 17:38:58,625 [INFO] Sending to ptd: 'Identify'
ptd-server 2022-02-24 17:38:58,625 [INFO] Reply from ptd: 'YokogawaWT310E,1000,1,1,1,1,0,1,1,version=1.9.2-e8c7a49a-20201208,OS=Linux 5.13.0-30-generic #33~20.04.1-Ubuntu SMP Mon Feb 7 14:25:10 UTC 2022 x86_64,mode=power,1,1,1,0,0,no_cal_date,YOKOGAWA;WT310E;C3XA04010E;F1.04'
ptd-server 2022-02-24 17:38:58,625 [INFO] Connected to PTDaemon
ptd-server 2022-02-24 17:38:58,625 [INFO] Sending to ptd: 'RR'
ptd-server 2022-02-24 17:38:58,625 [INFO] Reply from ptd: 'Ranges,0,0.500000,1,300.000000'
ptd-server 2022-02-24 17:38:58,626 [INFO] Initial range for Amps is 0.500000 for Volts is Auto
ptd-server 2022-02-24 17:38:58,626 [INFO] Sending to ptd: 'SR,V,Auto'
ptd-server 2022-02-24 17:38:59,128 [INFO] Reply from ptd: 'Range V changed'
ptd-server 2022-02-24 17:38:59,128 [INFO] Sending to ptd: 'SR,A,Auto'
ptd-server 2022-02-24 17:38:59,631 [INFO] Reply from ptd: 'Range A changed'
ptd-server 2022-02-24 17:39:09,641 [INFO] Starting ranging mode
ptd-server 2022-02-24 17:39:09,641 [INFO] Sending to ptd: 'Go,1000,0,2022-02-24_17-38-41_ranging'
ptd-server 2022-02-24 17:39:09,642 [INFO] Reply from ptd: 'Starting untimed measurement, maximum 500000 samples at 1000ms with 0 rampup samples'
ptd-server 2022-02-24 17:39:09,642 [INFO] Sending reply to client 'OK'
ptd-server 2022-02-24 17:49:32,218 [INFO] Got command from the client 'session,2022-02-24_17-38-41,stop,ranging'
ptd-server 2022-02-24 17:49:42,220 [INFO] Sending to ptd: 'Stop'
ptd-server 2022-02-24 17:49:42,220 [INFO] Reply from ptd: 'Stopping untimed measurement'
ptd-server 2022-02-24 17:49:42,367 [INFO] Sending reply to client 'OK'
ptd-server 2022-02-24 17:49:42,446 [INFO] Got command from the client 'time'
ptd-server 2022-02-24 17:49:42,447 [INFO] Sending reply to client '1645724982.4470937'
ptd-server 2022-02-24 17:49:42,449 [INFO] Got command from the client 'session,2022-02-24_17-38-41,start,testing'
ptd-server 2022-02-24 17:49:42,449 [INFO] Sending to ptd: 'SR,V,250.760000'
ptd-server 2022-02-24 17:49:44,143 [INFO] Reply from ptd: 'Range V changed'
ptd-server 2022-02-24 17:49:44,144 [INFO] Sending to ptd: 'SR,A,0.050700'
ptd-server 2022-02-24 17:49:45,645 [INFO] Reply from ptd: 'Range A changed'
ptd-server 2022-02-24 17:49:55,655 [INFO] Starting testing mode
ptd-server 2022-02-24 17:49:55,655 [INFO] Sending to ptd: 'Go,1000,0,2022-02-24_17-38-41_testing'
ptd-server 2022-02-24 17:49:55,656 [INFO] Reply from ptd: 'Starting untimed measurement, maximum 500000 samples at 1000ms with 0 rampup samples'
ptd-server 2022-02-24 17:49:55,656 [INFO] Sending reply to client 'OK'
ptd-server 2022-02-24 18:00:17,983 [INFO] Got command from the client 'session,2022-02-24_17-38-41,stop,testing'
ptd-server 2022-02-24 18:00:27,993 [INFO] Sending to ptd: 'Stop'
ptd-server 2022-02-24 18:00:27,993 [INFO] Reply from ptd: 'Stopping untimed measurement'
ptd-server 2022-02-24 18:00:28,070 [INFO] Sending reply to client 'OK'
ptd-server 2022-02-24 18:00:28,087 [INFO] Got command from the client 'session,2022-02-24_17-38-41,done'
ptd-server 2022-02-24 18:00:28,087 [INFO] Sending to ptd: 'Stop'
ptd-server 2022-02-24 18:00:28,656 [INFO] Reply from ptd: 'Error: no measurement to stop'
ptd-server 2022-02-24 18:00:28,656 [INFO] Sending to ptd: 'SR,V,Auto'
ptd-server 2022-02-24 18:00:29,159 [INFO] Reply from ptd: 'Range V changed'
ptd-server 2022-02-24 18:00:29,159 [INFO] Sending to ptd: 'SR,A,0.500000'
ptd-server 2022-02-24 18:00:30,660 [INFO] Reply from ptd: 'Range A changed'
ptd-server 2022-02-24 18:00:30,660 [INFO] Set initial values for Amps 0.500000 and Volts Auto
ptd-server 2022-02-24 18:00:30,661 [INFO] Stopping ptd...
