ptd-server 2022-02-13 06:00:01,971 [INFO] Got command from the client 'time'
ptd-server 2022-02-13 06:00:01,971 [INFO] Sending reply to client '1644732001.9712474'
ptd-server 2022-02-13 06:00:01,973 [INFO] Got command from the client 'new,,a6d5705a-31c0-449c-a0cc-e31194cef50a'
ptd-server 2022-02-13 06:00:01,974 [INFO] Sending reply to client 'OK 2022-02-13_06-00-01,a1cc25af-9bd4-46c6-b26f-da59c8aecafb'
ptd-server 2022-02-13 06:00:02,010 [INFO] Got command from the client 'time'
ptd-server 2022-02-13 06:00:02,011 [INFO] Sending reply to client '1644732002.0111'
ptd-server 2022-02-13 06:00:02,012 [INFO] Got command from the client 'session,2022-02-13_06-00-01,start,ranging'
ptd-server 2022-02-13 06:00:02,013 [INFO] Running PTDaemon: ['/home/anton/projects/mlperf/power/inference_v1.0/ptd-linux-x86', '-l', '/tmp/tmpxvec0g6h/ptd_logfile.txt', '-p', '8888', '49', '/dev/usbtmc0']
ptd-server 2022-02-13 06:00:19,186 [INFO] Sending to ptd: 'Hello'
ptd-server 2022-02-13 06:00:19,186 [INFO] Reply from ptd: 'Hello, PTDaemon here!'
ptd-server 2022-02-13 06:00:19,186 [INFO] Sending to ptd: 'Identify'
ptd-server 2022-02-13 06:00:19,187 [INFO] Reply from ptd: 'YokogawaWT310E,1000,1,1,1,1,0,1,1,version=1.9.2-e8c7a49a-20201208,OS=Linux 5.13.0-27-generic #29~20.04.1-Ubuntu SMP Fri Jan 14 00:32:30 UTC 2022 x86_64,mode=power,1,1,1,0,0,no_cal_date,YOKOGAWA;WT310E;C3XA04010E;F1.04'
ptd-server 2022-02-13 06:00:19,187 [INFO] Connected to PTDaemon
ptd-server 2022-02-13 06:00:19,187 [INFO] Sending to ptd: 'RR'
ptd-server 2022-02-13 06:00:19,187 [INFO] Reply from ptd: 'Ranges,0,0.500000,0,300.000000'
ptd-server 2022-02-13 06:00:19,187 [INFO] Initial range for Amps is 0.500000 for Volts is 300.000000
ptd-server 2022-02-13 06:00:19,187 [INFO] Sending to ptd: 'SR,V,Auto'
ptd-server 2022-02-13 06:00:19,690 [INFO] Reply from ptd: 'Range V changed'
ptd-server 2022-02-13 06:00:19,690 [INFO] Sending to ptd: 'SR,A,Auto'
ptd-server 2022-02-13 06:00:20,192 [INFO] Reply from ptd: 'Range A changed'
ptd-server 2022-02-13 06:00:30,203 [INFO] Starting ranging mode
ptd-server 2022-02-13 06:00:30,203 [INFO] Sending to ptd: 'Go,1000,0,2022-02-13_06-00-01_ranging'
ptd-server 2022-02-13 06:00:30,203 [INFO] Reply from ptd: 'Starting untimed measurement, maximum 500000 samples at 1000ms with 0 rampup samples'
ptd-server 2022-02-13 06:00:30,204 [INFO] Sending reply to client 'OK'
ptd-server 2022-02-13 06:10:46,037 [INFO] Got command from the client 'session,2022-02-13_06-00-01,stop,ranging'
ptd-server 2022-02-13 06:10:56,048 [INFO] Sending to ptd: 'Stop'
ptd-server 2022-02-13 06:10:56,048 [INFO] Reply from ptd: 'Stopping untimed measurement'
ptd-server 2022-02-13 06:10:56,619 [INFO] Sending reply to client 'OK'
ptd-server 2022-02-13 06:10:56,678 [INFO] Got command from the client 'time'
ptd-server 2022-02-13 06:10:56,678 [INFO] Sending reply to client '1644732656.6788304'
ptd-server 2022-02-13 06:10:56,681 [INFO] Got command from the client 'session,2022-02-13_06-00-01,start,testing'
ptd-server 2022-02-13 06:10:56,681 [INFO] Sending to ptd: 'SR,V,250.040000'
ptd-server 2022-02-13 06:10:58,182 [INFO] Reply from ptd: 'Range V changed'
ptd-server 2022-02-13 06:10:58,183 [INFO] Sending to ptd: 'SR,A,0.158850'
ptd-server 2022-02-13 06:10:59,684 [INFO] Reply from ptd: 'Range A changed'
ptd-server 2022-02-13 06:11:09,694 [INFO] Starting testing mode
ptd-server 2022-02-13 06:11:09,695 [INFO] Sending to ptd: 'Go,1000,0,2022-02-13_06-00-01_testing'
ptd-server 2022-02-13 06:11:09,695 [INFO] Reply from ptd: 'Starting untimed measurement, maximum 500000 samples at 1000ms with 0 rampup samples'
ptd-server 2022-02-13 06:11:09,695 [INFO] Sending reply to client 'OK'
ptd-server 2022-02-13 06:21:25,458 [INFO] Got command from the client 'session,2022-02-13_06-00-01,stop,testing'
ptd-server 2022-02-13 06:21:35,469 [INFO] Sending to ptd: 'Stop'
ptd-server 2022-02-13 06:21:35,469 [INFO] Reply from ptd: 'Stopping untimed measurement'
ptd-server 2022-02-13 06:21:35,775 [INFO] Sending reply to client 'OK'
ptd-server 2022-02-13 06:21:35,785 [INFO] Got command from the client 'session,2022-02-13_06-00-01,done'
ptd-server 2022-02-13 06:21:35,785 [INFO] Sending to ptd: 'Stop'
ptd-server 2022-02-13 06:21:35,785 [INFO] Reply from ptd: 'Error: no measurement to stop'
ptd-server 2022-02-13 06:21:35,786 [INFO] Sending to ptd: 'SR,V,300.000000'
ptd-server 2022-02-13 06:21:37,287 [INFO] Reply from ptd: 'Range V changed'
ptd-server 2022-02-13 06:21:37,287 [INFO] Sending to ptd: 'SR,A,0.500000'
ptd-server 2022-02-13 06:21:38,788 [INFO] Reply from ptd: 'Range A changed'
ptd-server 2022-02-13 06:21:38,788 [INFO] Set initial values for Amps 0.500000 and Volts 300.000000
ptd-server 2022-02-13 06:21:38,789 [INFO] Stopping ptd...
