ptd-server 2022-02-19 13:52:18,831 [INFO] Got command from the client 'time'
ptd-server 2022-02-19 13:52:18,831 [INFO] Sending reply to client '1645300338.831866'
ptd-server 2022-02-19 13:52:18,832 [INFO] Got command from the client 'new,,2cbf3fb3-a40b-4dcd-b88a-3a1edb174193'
ptd-server 2022-02-19 13:52:18,833 [INFO] Sending reply to client 'OK 2022-02-19_13-52-18,8f97a9a3-cb24-4377-8159-c1554468b2a8'
ptd-server 2022-02-19 13:52:18,922 [INFO] Got command from the client 'time'
ptd-server 2022-02-19 13:52:18,923 [INFO] Sending reply to client '1645300338.9229863'
ptd-server 2022-02-19 13:52:18,924 [INFO] Got command from the client 'session,2022-02-19_13-52-18,start,ranging'
ptd-server 2022-02-19 13:52:18,924 [INFO] Running PTDaemon: ['/local/mnt/workspace/mlcommons/power-main/inference_v1.0/ptd-linux-x86', '-l', '/tmp/tmprkpz3dbq/ptd_logfile.txt', '-p', '8888', '-c', '1,2', '77', '/dev/usbtmc0']
ptd-server 2022-02-19 13:52:36,521 [INFO] Sending to ptd: 'Hello'
ptd-server 2022-02-19 13:52:36,522 [INFO] Reply from ptd: 'Hello, PTDaemon here!'
ptd-server 2022-02-19 13:52:36,522 [INFO] Sending to ptd: 'Identify'
ptd-server 2022-02-19 13:52:36,522 [INFO] Reply from ptd: 'YokogawaWT330_multichannel,1000,1,1,1,1,0,0,1,version=1.9.2-e8c7a49a-20201208,OS=Linux 4.15.0-142-generic #146~16.04.1-Ubuntu SMP Tue Apr 13 09:27:15 UTC 2021 x86_64,mode=power,1,1,2,0,0,no_cal_date,YOKOGAWA;WT333E;C2XC17004V;F1.04'
ptd-server 2022-02-19 13:52:36,523 [INFO] Connected to PTDaemon
ptd-server 2022-02-19 13:52:36,523 [INFO] Sending to ptd: 'RR'
ptd-server 2022-02-19 13:52:36,523 [INFO] Reply from ptd: 'Ranges,-1,-1.000000,-1,-1.000000'
ptd-server 2022-02-19 13:52:36,523 [INFO] Initial range for Amps is Auto for Volts is Auto
ptd-server 2022-02-19 13:52:36,523 [INFO] Sending to ptd: 'SR,V,Auto'
ptd-server 2022-02-19 13:52:41,585 [INFO] Reply from ptd: 'Range V changed'
ptd-server 2022-02-19 13:52:41,585 [INFO] Sending to ptd: 'SR,A,Auto'
ptd-server 2022-02-19 13:52:46,638 [INFO] Reply from ptd: 'Range A changed'
ptd-server 2022-02-19 13:52:56,646 [INFO] Starting ranging mode
ptd-server 2022-02-19 13:52:56,647 [INFO] Sending to ptd: 'Go,1000,0,2022-02-19_13-52-18_ranging'
ptd-server 2022-02-19 13:52:56,647 [INFO] Reply from ptd: 'Starting untimed measurement, maximum 500000 samples at 1000ms with 0 rampup samples'
ptd-server 2022-02-19 13:52:56,648 [INFO] Sending reply to client 'OK'
ptd-server 2022-02-19 14:07:29,232 [INFO] Got command from the client 'session,2022-02-19_13-52-18,stop,ranging'
ptd-server 2022-02-19 14:07:39,242 [INFO] Sending to ptd: 'Stop'
ptd-server 2022-02-19 14:07:39,242 [INFO] Reply from ptd: 'Stopping untimed measurement'
ptd-server 2022-02-19 14:07:39,297 [INFO] Sending reply to client 'OK'
ptd-server 2022-02-19 14:07:39,411 [INFO] Got command from the client 'time'
ptd-server 2022-02-19 14:07:39,411 [INFO] Sending reply to client '1645301259.4119217'
ptd-server 2022-02-19 14:07:39,412 [INFO] Got command from the client 'session,2022-02-19_13-52-18,start,testing'
ptd-server 2022-02-19 14:07:39,412 [INFO] Sending to ptd: 'SR,V,210.160000'
ptd-server 2022-02-19 14:07:45,700 [INFO] Reply from ptd: 'Range V changed'
ptd-server 2022-02-19 14:07:45,700 [INFO] Sending to ptd: 'SR,A,3.782700'
ptd-server 2022-02-19 14:07:51,251 [INFO] Reply from ptd: 'Range A changed'
ptd-server 2022-02-19 14:08:01,261 [INFO] Starting testing mode
ptd-server 2022-02-19 14:08:01,263 [INFO] Sending to ptd: 'Go,1000,0,2022-02-19_13-52-18_testing'
ptd-server 2022-02-19 14:08:01,263 [INFO] Reply from ptd: 'Starting untimed measurement, maximum 500000 samples at 1000ms with 0 rampup samples'
ptd-server 2022-02-19 14:08:01,263 [INFO] Sending reply to client 'OK'
ptd-server 2022-02-19 14:22:34,375 [INFO] Got command from the client 'session,2022-02-19_13-52-18,stop,testing'
ptd-server 2022-02-19 14:22:44,406 [INFO] Sending to ptd: 'Stop'
ptd-server 2022-02-19 14:22:44,407 [INFO] Reply from ptd: 'Stopping untimed measurement'
ptd-server 2022-02-19 14:22:44,433 [INFO] Sending reply to client 'OK'
ptd-server 2022-02-19 14:22:44,438 [INFO] Got command from the client 'session,2022-02-19_13-52-18,done'
ptd-server 2022-02-19 14:22:44,439 [INFO] Sending to ptd: 'Stop'
ptd-server 2022-02-19 14:22:45,264 [INFO] Reply from ptd: 'Error: no measurement to stop'
ptd-server 2022-02-19 14:22:45,264 [INFO] Sending to ptd: 'SR,V,Auto'
ptd-server 2022-02-19 14:22:50,316 [INFO] Reply from ptd: 'Range V changed'
ptd-server 2022-02-19 14:22:50,317 [INFO] Sending to ptd: 'SR,A,Auto'
ptd-server 2022-02-19 14:22:55,370 [INFO] Reply from ptd: 'Range A changed'
ptd-server 2022-02-19 14:22:55,370 [INFO] Set initial values for Amps Auto and Volts Auto
ptd-server 2022-02-19 14:22:55,370 [INFO] Stopping ptd...
