ptd-server 2022-02-20 20:42:16,593 [INFO] Got command from the client 'time'
ptd-server 2022-02-20 20:42:16,593 [INFO] Sending reply to client '1645389736.5932164'
ptd-server 2022-02-20 20:42:16,594 [INFO] Got command from the client 'new,,78faea8e-8b39-491a-92d5-e78c54c1938d'
ptd-server 2022-02-20 20:42:16,594 [INFO] Sending reply to client 'OK 2022-02-20_20-42-16,8d1d3947-8f2b-4e7d-9f1d-9da4e1185980'
ptd-server 2022-02-20 20:42:16,632 [INFO] Got command from the client 'time'
ptd-server 2022-02-20 20:42:16,633 [INFO] Sending reply to client '1645389736.6329904'
ptd-server 2022-02-20 20:42:16,634 [INFO] Got command from the client 'session,2022-02-20_20-42-16,start,ranging'
ptd-server 2022-02-20 20:42:16,634 [INFO] Running PTDaemon: ['/home/anton/projects/mlperf/power/inference_v1.0/ptd-linux-x86', '-l', '/tmp/tmpgldyt7rr/ptd_logfile.txt', '-p', '8888', '49', '/dev/usbtmc0']
ptd-server 2022-02-20 20:42:33,806 [INFO] Sending to ptd: 'Hello'
ptd-server 2022-02-20 20:42:33,807 [INFO] Reply from ptd: 'Hello, PTDaemon here!'
ptd-server 2022-02-20 20:42:33,807 [INFO] Sending to ptd: 'Identify'
ptd-server 2022-02-20 20:42:33,808 [INFO] Reply from ptd: 'YokogawaWT310E,1000,1,1,1,1,0,1,1,version=1.9.2-e8c7a49a-20201208,OS=Linux 5.13.0-28-generic #31~20.04.1-Ubuntu SMP Wed Jan 19 14:08:10 UTC 2022 x86_64,mode=power,1,1,1,0,0,no_cal_date,YOKOGAWA;WT310E;C3XA04010E;F1.04'
ptd-server 2022-02-20 20:42:33,808 [INFO] Connected to PTDaemon
ptd-server 2022-02-20 20:42:33,808 [INFO] Sending to ptd: 'RR'
ptd-server 2022-02-20 20:42:33,808 [INFO] Reply from ptd: 'Ranges,0,0.500000,0,300.000000'
ptd-server 2022-02-20 20:42:33,809 [INFO] Initial range for Amps is 0.500000 for Volts is 300.000000
ptd-server 2022-02-20 20:42:33,809 [INFO] Sending to ptd: 'SR,V,Auto'
ptd-server 2022-02-20 20:42:34,311 [INFO] Reply from ptd: 'Range V changed'
ptd-server 2022-02-20 20:42:34,312 [INFO] Sending to ptd: 'SR,A,Auto'
ptd-server 2022-02-20 20:42:34,814 [INFO] Reply from ptd: 'Range A changed'
ptd-server 2022-02-20 20:42:44,825 [INFO] Starting ranging mode
ptd-server 2022-02-20 20:42:44,825 [INFO] Sending to ptd: 'Go,1000,0,2022-02-20_20-42-16_ranging'
ptd-server 2022-02-20 20:42:44,825 [INFO] Reply from ptd: 'Starting untimed measurement, maximum 500000 samples at 1000ms with 0 rampup samples'
ptd-server 2022-02-20 20:42:44,825 [INFO] Sending reply to client 'OK'
ptd-server 2022-02-20 20:53:12,391 [INFO] Got command from the client 'session,2022-02-20_20-42-16,stop,ranging'
ptd-server 2022-02-20 20:53:22,402 [INFO] Sending to ptd: 'Stop'
ptd-server 2022-02-20 20:53:22,402 [INFO] Reply from ptd: 'Stopping untimed measurement'
ptd-server 2022-02-20 20:53:22,933 [INFO] Sending reply to client 'OK'
ptd-server 2022-02-20 20:53:23,001 [INFO] Got command from the client 'time'
ptd-server 2022-02-20 20:53:23,001 [INFO] Sending reply to client '1645390403.0017593'
ptd-server 2022-02-20 20:53:23,003 [INFO] Got command from the client 'session,2022-02-20_20-42-16,start,testing'
ptd-server 2022-02-20 20:53:23,003 [INFO] Sending to ptd: 'SR,V,250.950000'
ptd-server 2022-02-20 20:53:24,504 [INFO] Reply from ptd: 'Range V changed'
ptd-server 2022-02-20 20:53:24,504 [INFO] Sending to ptd: 'SR,A,0.040530'
ptd-server 2022-02-20 20:53:26,006 [INFO] Reply from ptd: 'Range A changed'
ptd-server 2022-02-20 20:53:36,016 [INFO] Starting testing mode
ptd-server 2022-02-20 20:53:36,016 [INFO] Sending to ptd: 'Go,1000,0,2022-02-20_20-42-16_testing'
ptd-server 2022-02-20 20:53:36,017 [INFO] Reply from ptd: 'Starting untimed measurement, maximum 500000 samples at 1000ms with 0 rampup samples'
ptd-server 2022-02-20 20:53:36,017 [INFO] Sending reply to client 'OK'
ptd-server 2022-02-20 21:04:04,400 [INFO] Got command from the client 'session,2022-02-20_20-42-16,stop,testing'
ptd-server 2022-02-20 21:04:14,410 [INFO] Sending to ptd: 'Stop'
ptd-server 2022-02-20 21:04:14,411 [INFO] Reply from ptd: 'Stopping untimed measurement'
ptd-server 2022-02-20 21:04:14,683 [INFO] Sending reply to client 'OK'
ptd-server 2022-02-20 21:04:14,702 [INFO] Got command from the client 'session,2022-02-20_20-42-16,done'
ptd-server 2022-02-20 21:04:14,702 [INFO] Sending to ptd: 'Stop'
ptd-server 2022-02-20 21:04:15,017 [INFO] Reply from ptd: 'Error: no measurement to stop'
ptd-server 2022-02-20 21:04:15,018 [INFO] Sending to ptd: 'SR,V,300.000000'
ptd-server 2022-02-20 21:04:16,519 [INFO] Reply from ptd: 'Range V changed'
ptd-server 2022-02-20 21:04:16,519 [INFO] Sending to ptd: 'SR,A,0.500000'
ptd-server 2022-02-20 21:04:18,021 [INFO] Reply from ptd: 'Range A changed'
ptd-server 2022-02-20 21:04:18,021 [INFO] Set initial values for Amps 0.500000 and Volts 300.000000
ptd-server 2022-02-20 21:04:18,021 [INFO] Stopping ptd...
