ptd-server 2022-02-21 17:05:04,980 [INFO] Got command from the client 'time'
ptd-server 2022-02-21 17:05:04,980 [INFO] Sending reply to client '1645430704.9806695'
ptd-server 2022-02-21 17:05:04,980 [INFO] Got command from the client 'new,,11d72f97-b05a-4800-b371-03aa54640dc3'
ptd-server 2022-02-21 17:05:05,011 [INFO] Sending reply to client 'OK 2022-02-21_17-05-04,d1cc7f6e-9167-48fd-845f-dad7261e45dc'
ptd-server 2022-02-21 17:05:05,027 [INFO] Got command from the client 'time'
ptd-server 2022-02-21 17:05:05,027 [INFO] Sending reply to client '1645430705.0274403'
ptd-server 2022-02-21 17:05:05,027 [INFO] Got command from the client 'session,2022-02-21_17-05-04,start,ranging'
ptd-server 2022-02-21 17:05:05,136 [INFO] Running PTDaemon: ['C:\\mlperf\\power\\inference_v1.0\\ptd-windows-x86.exe', '-l', 'C:\\Users\\mlperf\\AppData\\Local\\Temp\\tmpn3fcmhzf\\ptd_logfile.txt', '-p', '8888', '-y', '49', 'C3YB05015E']
ptd-server 2022-02-21 17:05:26,980 [INFO] Sending to ptd: 'Hello'
ptd-server 2022-02-21 17:05:26,980 [INFO] Reply from ptd: 'Hello, PTDaemon here!'
ptd-server 2022-02-21 17:05:26,980 [INFO] Sending to ptd: 'Identify'
ptd-server 2022-02-21 17:05:26,980 [INFO] Reply from ptd: 'YokogawaWT310E,1000,1,1,1,1,0,1,1,version=1.9.2-3976349f-20201208,OS=Windows 8 / Server 2012,mode=power,1,1,1,0,0,no_cal_date,YOKOGAWA;WT310E;C3YB05015E;F1.04'
ptd-server 2022-02-21 17:05:26,980 [INFO] Connected to PTDaemon
ptd-server 2022-02-21 17:05:26,980 [INFO] Sending to ptd: 'RR'
ptd-server 2022-02-21 17:05:26,980 [INFO] Reply from ptd: 'Ranges,1,10.000000,1,300.000000'
ptd-server 2022-02-21 17:05:26,995 [INFO] Initial range for Amps is Auto for Volts is Auto
ptd-server 2022-02-21 17:05:27,011 [INFO] Sending to ptd: 'SR,V,Auto'
ptd-server 2022-02-21 17:05:27,528 [INFO] Reply from ptd: 'Range V changed'
ptd-server 2022-02-21 17:05:27,528 [INFO] Sending to ptd: 'SR,A,Auto'
ptd-server 2022-02-21 17:05:28,042 [INFO] Reply from ptd: 'Range A changed'
ptd-server 2022-02-21 17:05:38,057 [INFO] Starting ranging mode
ptd-server 2022-02-21 17:05:38,057 [INFO] Sending to ptd: 'Go,1000,0,2022-02-21_17-05-04_ranging'
ptd-server 2022-02-21 17:05:38,057 [INFO] Reply from ptd: 'Starting untimed measurement, maximum 500000 samples at 1000ms with 0 rampup samples'
ptd-server 2022-02-21 17:05:38,057 [INFO] Sending reply to client 'OK'
ptd-server 2022-02-21 17:16:58,475 [INFO] Got command from the client 'session,2022-02-21_17-05-04,stop,ranging'
ptd-server 2022-02-21 17:17:08,490 [INFO] Sending to ptd: 'Stop'
ptd-server 2022-02-21 17:17:08,490 [INFO] Reply from ptd: 'Stopping untimed measurement'
ptd-server 2022-02-21 17:17:09,271 [INFO] Sending reply to client 'OK'
ptd-server 2022-02-21 17:17:09,303 [INFO] Got command from the client 'time'
ptd-server 2022-02-21 17:17:09,303 [INFO] Sending reply to client '1645431429.30314'
ptd-server 2022-02-21 17:17:09,303 [INFO] Got command from the client 'session,2022-02-21_17-05-04,start,testing'
ptd-server 2022-02-21 17:17:09,303 [INFO] Sending to ptd: 'SR,V,205.090000'
ptd-server 2022-02-21 17:17:10,835 [INFO] Reply from ptd: 'Range V changed'
ptd-server 2022-02-21 17:17:10,835 [INFO] Sending to ptd: 'SR,A,16.874000'
ptd-server 2022-02-21 17:17:12,366 [INFO] Reply from ptd: 'Range A changed'
ptd-server 2022-02-21 17:17:22,396 [INFO] Starting testing mode
ptd-server 2022-02-21 17:17:22,396 [INFO] Sending to ptd: 'Go,1000,0,2022-02-21_17-05-04_testing'
ptd-server 2022-02-21 17:17:22,396 [INFO] Reply from ptd: 'Starting untimed measurement, maximum 500000 samples at 1000ms with 0 rampup samples'
ptd-server 2022-02-21 17:17:22,396 [INFO] Sending reply to client 'OK'
ptd-server 2022-02-21 17:28:36,844 [INFO] Got command from the client 'session,2022-02-21_17-05-04,stop,testing'
ptd-server 2022-02-21 17:28:46,844 [INFO] Sending to ptd: 'Stop'
ptd-server 2022-02-21 17:28:46,844 [INFO] Reply from ptd: 'Stopping untimed measurement'
ptd-server 2022-02-21 17:28:47,016 [INFO] Sending reply to client 'OK'
ptd-server 2022-02-21 17:28:47,032 [INFO] Got command from the client 'session,2022-02-21_17-05-04,done'
ptd-server 2022-02-21 17:28:47,032 [INFO] Sending to ptd: 'Stop'
ptd-server 2022-02-21 17:28:47,407 [INFO] Reply from ptd: 'Error: no measurement to stop'
ptd-server 2022-02-21 17:28:47,407 [INFO] Sending to ptd: 'SR,V,Auto'
ptd-server 2022-02-21 17:28:47,924 [INFO] Reply from ptd: 'Range V changed'
ptd-server 2022-02-21 17:28:47,924 [INFO] Sending to ptd: 'SR,A,Auto'
ptd-server 2022-02-21 17:28:48,438 [INFO] Reply from ptd: 'Range A changed'
ptd-server 2022-02-21 17:28:48,438 [INFO] Set initial values for Amps Auto and Volts Auto
ptd-server 2022-02-21 17:28:48,438 [INFO] Stopping ptd...
