ptd-server 2022-02-16 01:16:18,117 [INFO] Got command from the client 'time'
ptd-server 2022-02-16 01:16:18,117 [INFO] Sending reply to client '1644974178.117589'
ptd-server 2022-02-16 01:16:18,119 [INFO] Got command from the client 'new,,4c8e0c12-83da-4b2c-911d-958cbdec9ae6'
ptd-server 2022-02-16 01:16:18,120 [INFO] Sending reply to client 'OK 2022-02-16_01-16-18,57c92ccb-b1ed-4edb-a0a5-e5b8f04c9a0a'
ptd-server 2022-02-16 01:16:18,157 [INFO] Got command from the client 'time'
ptd-server 2022-02-16 01:16:18,157 [INFO] Sending reply to client '1644974178.15747'
ptd-server 2022-02-16 01:16:18,159 [INFO] Got command from the client 'session,2022-02-16_01-16-18,start,ranging'
ptd-server 2022-02-16 01:16:18,159 [INFO] Running PTDaemon: ['/home/anton/projects/mlperf/power/inference_v1.0/ptd-linux-x86', '-l', '/tmp/tmpxvec0g6h/ptd_logfile.txt', '-p', '8888', '49', '/dev/usbtmc0']
ptd-server 2022-02-16 01:16:35,333 [INFO] Sending to ptd: 'Hello'
ptd-server 2022-02-16 01:16:35,334 [INFO] Reply from ptd: 'Hello, PTDaemon here!'
ptd-server 2022-02-16 01:16:35,334 [INFO] Sending to ptd: 'Identify'
ptd-server 2022-02-16 01:16:35,334 [INFO] Reply from ptd: 'YokogawaWT310E,1000,1,1,1,1,0,1,1,version=1.9.2-e8c7a49a-20201208,OS=Linux 5.13.0-27-generic #29~20.04.1-Ubuntu SMP Fri Jan 14 00:32:30 UTC 2022 x86_64,mode=power,1,1,1,0,0,no_cal_date,YOKOGAWA;WT310E;C3XA04010E;F1.04'
ptd-server 2022-02-16 01:16:35,334 [INFO] Connected to PTDaemon
ptd-server 2022-02-16 01:16:35,334 [INFO] Sending to ptd: 'RR'
ptd-server 2022-02-16 01:16:35,335 [INFO] Reply from ptd: 'Ranges,0,0.500000,0,300.000000'
ptd-server 2022-02-16 01:16:35,335 [INFO] Initial range for Amps is 0.500000 for Volts is 300.000000
ptd-server 2022-02-16 01:16:35,335 [INFO] Sending to ptd: 'SR,V,Auto'
ptd-server 2022-02-16 01:16:35,838 [INFO] Reply from ptd: 'Range V changed'
ptd-server 2022-02-16 01:16:35,838 [INFO] Sending to ptd: 'SR,A,Auto'
ptd-server 2022-02-16 01:16:36,340 [INFO] Reply from ptd: 'Range A changed'
ptd-server 2022-02-16 01:16:46,351 [INFO] Starting ranging mode
ptd-server 2022-02-16 01:16:46,351 [INFO] Sending to ptd: 'Go,1000,0,2022-02-16_01-16-18_ranging'
ptd-server 2022-02-16 01:16:46,351 [INFO] Reply from ptd: 'Starting untimed measurement, maximum 500000 samples at 1000ms with 0 rampup samples'
ptd-server 2022-02-16 01:16:46,351 [INFO] Sending reply to client 'OK'
ptd-server 2022-02-16 01:27:05,552 [INFO] Got command from the client 'session,2022-02-16_01-16-18,stop,ranging'
ptd-server 2022-02-16 01:27:15,560 [INFO] Sending to ptd: 'Stop'
ptd-server 2022-02-16 01:27:15,560 [INFO] Reply from ptd: 'Stopping untimed measurement'
ptd-server 2022-02-16 01:27:16,486 [INFO] Sending reply to client 'OK'
ptd-server 2022-02-16 01:27:16,563 [INFO] Got command from the client 'time'
ptd-server 2022-02-16 01:27:16,564 [INFO] Sending reply to client '1644974836.5641198'
ptd-server 2022-02-16 01:27:16,566 [INFO] Got command from the client 'session,2022-02-16_01-16-18,start,testing'
ptd-server 2022-02-16 01:27:16,566 [INFO] Sending to ptd: 'SR,V,250.170000'
ptd-server 2022-02-16 01:27:18,068 [INFO] Reply from ptd: 'Range V changed'
ptd-server 2022-02-16 01:27:18,068 [INFO] Sending to ptd: 'SR,A,0.179300'
ptd-server 2022-02-16 01:27:19,569 [INFO] Reply from ptd: 'Range A changed'
ptd-server 2022-02-16 01:27:29,580 [INFO] Starting testing mode
ptd-server 2022-02-16 01:27:29,580 [INFO] Sending to ptd: 'Go,1000,0,2022-02-16_01-16-18_testing'
ptd-server 2022-02-16 01:27:29,580 [INFO] Reply from ptd: 'Starting untimed measurement, maximum 500000 samples at 1000ms with 0 rampup samples'
ptd-server 2022-02-16 01:27:29,580 [INFO] Sending reply to client 'OK'
ptd-server 2022-02-16 01:37:48,635 [INFO] Got command from the client 'session,2022-02-16_01-16-18,stop,testing'
ptd-server 2022-02-16 01:37:58,645 [INFO] Sending to ptd: 'Stop'
ptd-server 2022-02-16 01:37:58,645 [INFO] Reply from ptd: 'Stopping untimed measurement'
ptd-server 2022-02-16 01:37:59,115 [INFO] Sending reply to client 'OK'
ptd-server 2022-02-16 01:37:59,135 [INFO] Got command from the client 'session,2022-02-16_01-16-18,done'
ptd-server 2022-02-16 01:37:59,135 [INFO] Sending to ptd: 'Stop'
ptd-server 2022-02-16 01:37:59,581 [INFO] Reply from ptd: 'Error: no measurement to stop'
ptd-server 2022-02-16 01:37:59,581 [INFO] Sending to ptd: 'SR,V,300.000000'
ptd-server 2022-02-16 01:38:01,082 [INFO] Reply from ptd: 'Range V changed'
ptd-server 2022-02-16 01:38:01,082 [INFO] Sending to ptd: 'SR,A,0.500000'
ptd-server 2022-02-16 01:38:02,584 [INFO] Reply from ptd: 'Range A changed'
ptd-server 2022-02-16 01:38:02,584 [INFO] Set initial values for Amps 0.500000 and Volts 300.000000
ptd-server 2022-02-16 01:38:02,584 [INFO] Stopping ptd...
