ptd-server 2022-02-22 16:17:24,153 [INFO] Got command from the client 'time'
ptd-server 2022-02-22 16:17:24,153 [INFO] Sending reply to client '1645546644.1535654'
ptd-server 2022-02-22 16:17:24,155 [INFO] Got command from the client 'new,,8da89997-45a3-4206-aee9-5306d39bae46'
ptd-server 2022-02-22 16:17:24,156 [INFO] Sending reply to client 'OK 2022-02-22_16-17-24,4ec7f204-8452-40db-8cf0-054ae454fad7'
ptd-server 2022-02-22 16:17:24,204 [INFO] Got command from the client 'time'
ptd-server 2022-02-22 16:17:24,204 [INFO] Sending reply to client '1645546644.2047536'
ptd-server 2022-02-22 16:17:24,206 [INFO] Got command from the client 'session,2022-02-22_16-17-24,start,ranging'
ptd-server 2022-02-22 16:17:24,206 [INFO] Running PTDaemon: ['/home/anton/projects/mlperf/power/inference_v1.0/ptd-linux-x86', '-l', '/tmp/tmpgldyt7rr/ptd_logfile.txt', '-p', '8888', '49', '/dev/usbtmc0']
ptd-server 2022-02-22 16:17:41,379 [INFO] Sending to ptd: 'Hello'
ptd-server 2022-02-22 16:17:41,380 [INFO] Reply from ptd: 'Hello, PTDaemon here!'
ptd-server 2022-02-22 16:17:41,380 [INFO] Sending to ptd: 'Identify'
ptd-server 2022-02-22 16:17:41,380 [INFO] Reply from ptd: 'YokogawaWT310E,1000,1,1,1,1,0,1,1,version=1.9.2-e8c7a49a-20201208,OS=Linux 5.13.0-28-generic #31~20.04.1-Ubuntu SMP Wed Jan 19 14:08:10 UTC 2022 x86_64,mode=power,1,1,1,0,0,no_cal_date,YOKOGAWA;WT310E;C3XA04010E;F1.04'
ptd-server 2022-02-22 16:17:41,381 [INFO] Connected to PTDaemon
ptd-server 2022-02-22 16:17:41,381 [INFO] Sending to ptd: 'RR'
ptd-server 2022-02-22 16:17:41,381 [INFO] Reply from ptd: 'Ranges,0,0.500000,0,300.000000'
ptd-server 2022-02-22 16:17:41,381 [INFO] Initial range for Amps is 0.500000 for Volts is 300.000000
ptd-server 2022-02-22 16:17:41,381 [INFO] Sending to ptd: 'SR,V,Auto'
ptd-server 2022-02-22 16:17:41,884 [INFO] Reply from ptd: 'Range V changed'
ptd-server 2022-02-22 16:17:41,884 [INFO] Sending to ptd: 'SR,A,Auto'
ptd-server 2022-02-22 16:17:42,386 [INFO] Reply from ptd: 'Range A changed'
ptd-server 2022-02-22 16:17:52,396 [INFO] Starting ranging mode
ptd-server 2022-02-22 16:17:52,397 [INFO] Sending to ptd: 'Go,1000,0,2022-02-22_16-17-24_ranging'
ptd-server 2022-02-22 16:17:52,397 [INFO] Reply from ptd: 'Starting untimed measurement, maximum 500000 samples at 1000ms with 0 rampup samples'
ptd-server 2022-02-22 16:17:52,397 [INFO] Sending reply to client 'OK'
ptd-server 2022-02-22 16:28:22,017 [INFO] Got command from the client 'session,2022-02-22_16-17-24,stop,ranging'
ptd-server 2022-02-22 16:28:32,027 [INFO] Sending to ptd: 'Stop'
ptd-server 2022-02-22 16:28:32,027 [INFO] Reply from ptd: 'Stopping untimed measurement'
ptd-server 2022-02-22 16:28:32,774 [INFO] Sending reply to client 'OK'
ptd-server 2022-02-22 16:28:32,830 [INFO] Got command from the client 'time'
ptd-server 2022-02-22 16:28:32,830 [INFO] Sending reply to client '1645547312.8304856'
ptd-server 2022-02-22 16:28:32,832 [INFO] Got command from the client 'session,2022-02-22_16-17-24,start,testing'
ptd-server 2022-02-22 16:28:32,832 [INFO] Sending to ptd: 'SR,V,251.460000'
ptd-server 2022-02-22 16:28:34,333 [INFO] Reply from ptd: 'Range V changed'
ptd-server 2022-02-22 16:28:34,334 [INFO] Sending to ptd: 'SR,A,0.051230'
ptd-server 2022-02-22 16:28:35,835 [INFO] Reply from ptd: 'Range A changed'
ptd-server 2022-02-22 16:28:45,845 [INFO] Starting testing mode
ptd-server 2022-02-22 16:28:45,845 [INFO] Sending to ptd: 'Go,1000,0,2022-02-22_16-17-24_testing'
ptd-server 2022-02-22 16:28:45,846 [INFO] Reply from ptd: 'Starting untimed measurement, maximum 500000 samples at 1000ms with 0 rampup samples'
ptd-server 2022-02-22 16:28:45,846 [INFO] Sending reply to client 'OK'
ptd-server 2022-02-22 16:39:15,053 [INFO] Got command from the client 'session,2022-02-22_16-17-24,stop,testing'
ptd-server 2022-02-22 16:39:25,063 [INFO] Sending to ptd: 'Stop'
ptd-server 2022-02-22 16:39:25,064 [INFO] Reply from ptd: 'Stopping untimed measurement'
ptd-server 2022-02-22 16:39:25,446 [INFO] Sending reply to client 'OK'
ptd-server 2022-02-22 16:39:25,466 [INFO] Got command from the client 'session,2022-02-22_16-17-24,done'
ptd-server 2022-02-22 16:39:25,466 [INFO] Sending to ptd: 'Stop'
ptd-server 2022-02-22 16:39:25,846 [INFO] Reply from ptd: 'Error: no measurement to stop'
ptd-server 2022-02-22 16:39:25,846 [INFO] Sending to ptd: 'SR,V,300.000000'
ptd-server 2022-02-22 16:39:27,348 [INFO] Reply from ptd: 'Range V changed'
ptd-server 2022-02-22 16:39:27,348 [INFO] Sending to ptd: 'SR,A,0.500000'
ptd-server 2022-02-22 16:39:28,849 [INFO] Reply from ptd: 'Range A changed'
ptd-server 2022-02-22 16:39:28,849 [INFO] Set initial values for Amps 0.500000 and Volts 300.000000
ptd-server 2022-02-22 16:39:28,850 [INFO] Stopping ptd...
