ptd-server 2022-02-19 04:51:19,072 [INFO] Got command from the client 'time'
ptd-server 2022-02-19 04:51:19,072 [INFO] Sending reply to client '1645246279.0729337'
ptd-server 2022-02-19 04:51:19,074 [INFO] Got command from the client 'new,,4fe84074-e1fe-4f39-af81-4411f6aeef98'
ptd-server 2022-02-19 04:51:19,075 [INFO] Sending reply to client 'OK 2022-02-19_04-51-19,5652621c-e850-48a6-8f5c-eeec732fbc1a'
ptd-server 2022-02-19 04:51:19,102 [INFO] Got command from the client 'time'
ptd-server 2022-02-19 04:51:19,102 [INFO] Sending reply to client '1645246279.1029491'
ptd-server 2022-02-19 04:51:19,104 [INFO] Got command from the client 'session,2022-02-19_04-51-19,start,ranging'
ptd-server 2022-02-19 04:51:19,105 [INFO] Running PTDaemon: ['/home/anton/projects/mlperf/power/inference_v1.0/ptd-linux-x86', '-l', '/tmp/tmpgldyt7rr/ptd_logfile.txt', '-p', '8888', '49', '/dev/usbtmc0']
ptd-server 2022-02-19 04:51:36,278 [INFO] Sending to ptd: 'Hello'
ptd-server 2022-02-19 04:51:36,279 [INFO] Reply from ptd: 'Hello, PTDaemon here!'
ptd-server 2022-02-19 04:51:36,279 [INFO] Sending to ptd: 'Identify'
ptd-server 2022-02-19 04:51:36,279 [INFO] Reply from ptd: 'YokogawaWT310E,1000,1,1,1,1,0,1,1,version=1.9.2-e8c7a49a-20201208,OS=Linux 5.13.0-28-generic #31~20.04.1-Ubuntu SMP Wed Jan 19 14:08:10 UTC 2022 x86_64,mode=power,1,1,1,0,0,no_cal_date,YOKOGAWA;WT310E;C3XA04010E;F1.04'
ptd-server 2022-02-19 04:51:36,279 [INFO] Connected to PTDaemon
ptd-server 2022-02-19 04:51:36,280 [INFO] Sending to ptd: 'RR'
ptd-server 2022-02-19 04:51:36,280 [INFO] Reply from ptd: 'Ranges,0,0.500000,0,300.000000'
ptd-server 2022-02-19 04:51:36,280 [INFO] Initial range for Amps is 0.500000 for Volts is 300.000000
ptd-server 2022-02-19 04:51:36,280 [INFO] Sending to ptd: 'SR,V,Auto'
ptd-server 2022-02-19 04:51:36,783 [INFO] Reply from ptd: 'Range V changed'
ptd-server 2022-02-19 04:51:36,783 [INFO] Sending to ptd: 'SR,A,Auto'
ptd-server 2022-02-19 04:51:37,285 [INFO] Reply from ptd: 'Range A changed'
ptd-server 2022-02-19 04:51:47,296 [INFO] Starting ranging mode
ptd-server 2022-02-19 04:51:47,296 [INFO] Sending to ptd: 'Go,1000,0,2022-02-19_04-51-19_ranging'
ptd-server 2022-02-19 04:51:47,296 [INFO] Reply from ptd: 'Starting untimed measurement, maximum 500000 samples at 1000ms with 0 rampup samples'
ptd-server 2022-02-19 04:51:47,296 [INFO] Sending reply to client 'OK'
ptd-server 2022-02-19 05:02:25,871 [INFO] Got command from the client 'session,2022-02-19_04-51-19,stop,ranging'
ptd-server 2022-02-19 05:02:35,882 [INFO] Sending to ptd: 'Stop'
ptd-server 2022-02-19 05:02:35,882 [INFO] Reply from ptd: 'Stopping untimed measurement'
ptd-server 2022-02-19 05:02:36,202 [INFO] Sending reply to client 'OK'
ptd-server 2022-02-19 05:02:36,291 [INFO] Got command from the client 'time'
ptd-server 2022-02-19 05:02:36,291 [INFO] Sending reply to client '1645246956.2914493'
ptd-server 2022-02-19 05:02:36,294 [INFO] Got command from the client 'session,2022-02-19_04-51-19,start,testing'
ptd-server 2022-02-19 05:02:36,294 [INFO] Sending to ptd: 'SR,V,251.690000'
ptd-server 2022-02-19 05:02:37,797 [INFO] Reply from ptd: 'Range V changed'
ptd-server 2022-02-19 05:02:37,797 [INFO] Sending to ptd: 'SR,A,0.042090'
ptd-server 2022-02-19 05:02:39,298 [INFO] Reply from ptd: 'Range A changed'
ptd-server 2022-02-19 05:02:49,309 [INFO] Starting testing mode
ptd-server 2022-02-19 05:02:49,309 [INFO] Sending to ptd: 'Go,1000,0,2022-02-19_04-51-19_testing'
ptd-server 2022-02-19 05:02:49,309 [INFO] Reply from ptd: 'Starting untimed measurement, maximum 500000 samples at 1000ms with 0 rampup samples'
ptd-server 2022-02-19 05:02:49,309 [INFO] Sending reply to client 'OK'
ptd-server 2022-02-19 05:13:28,714 [INFO] Got command from the client 'session,2022-02-19_04-51-19,stop,testing'
ptd-server 2022-02-19 05:13:38,720 [INFO] Sending to ptd: 'Stop'
ptd-server 2022-02-19 05:13:38,720 [INFO] Reply from ptd: 'Stopping untimed measurement'
ptd-server 2022-02-19 05:13:38,895 [INFO] Sending reply to client 'OK'
ptd-server 2022-02-19 05:13:38,937 [INFO] Got command from the client 'session,2022-02-19_04-51-19,done'
ptd-server 2022-02-19 05:13:38,938 [INFO] Sending to ptd: 'Stop'
ptd-server 2022-02-19 05:13:39,309 [INFO] Reply from ptd: 'Error: no measurement to stop'
ptd-server 2022-02-19 05:13:39,310 [INFO] Sending to ptd: 'SR,V,300.000000'
ptd-server 2022-02-19 05:13:40,811 [INFO] Reply from ptd: 'Range V changed'
ptd-server 2022-02-19 05:13:40,811 [INFO] Sending to ptd: 'SR,A,0.500000'
ptd-server 2022-02-19 05:13:42,313 [INFO] Reply from ptd: 'Range A changed'
ptd-server 2022-02-19 05:13:42,313 [INFO] Set initial values for Amps 0.500000 and Volts 300.000000
ptd-server 2022-02-19 05:13:42,313 [INFO] Stopping ptd...
