ptd-server 2022-02-25 00:58:16,497 [INFO] Got command from the client 'time'
ptd-server 2022-02-25 00:58:16,497 [INFO] Sending reply to client '1645750696.4977593'
ptd-server 2022-02-25 00:58:16,499 [INFO] Got command from the client 'new,,3e8a4734-d9e2-48ea-a022-c6b48e4b7720'
ptd-server 2022-02-25 00:58:16,500 [INFO] Sending reply to client 'OK 2022-02-25_00-58-16,295463b3-f05c-4dca-808d-eb123fda3300'
ptd-server 2022-02-25 00:58:16,543 [INFO] Got command from the client 'time'
ptd-server 2022-02-25 00:58:16,544 [INFO] Sending reply to client '1645750696.5440116'
ptd-server 2022-02-25 00:58:16,545 [INFO] Got command from the client 'session,2022-02-25_00-58-16,start,ranging'
ptd-server 2022-02-25 00:58:16,546 [INFO] Running PTDaemon: ['/home/anton/projects/mlperf/power/inference_v1.0/ptd-linux-x86', '-l', '/tmp/tmp0_fn53vp/ptd_logfile.txt', '-p', '8888', '49', '/dev/usbtmc0']
ptd-server 2022-02-25 00:58:33,721 [INFO] Sending to ptd: 'Hello'
ptd-server 2022-02-25 00:58:33,722 [INFO] Reply from ptd: 'Hello, PTDaemon here!'
ptd-server 2022-02-25 00:58:33,722 [INFO] Sending to ptd: 'Identify'
ptd-server 2022-02-25 00:58:33,723 [INFO] Reply from ptd: 'YokogawaWT310E,1000,1,1,1,1,0,1,1,version=1.9.2-e8c7a49a-20201208,OS=Linux 5.13.0-30-generic #33~20.04.1-Ubuntu SMP Mon Feb 7 14:25:10 UTC 2022 x86_64,mode=power,1,1,1,0,0,no_cal_date,YOKOGAWA;WT310E;C3XA04010E;F1.04'
ptd-server 2022-02-25 00:58:33,723 [INFO] Connected to PTDaemon
ptd-server 2022-02-25 00:58:33,723 [INFO] Sending to ptd: 'RR'
ptd-server 2022-02-25 00:58:33,723 [INFO] Reply from ptd: 'Ranges,0,0.500000,1,300.000000'
ptd-server 2022-02-25 00:58:33,723 [INFO] Initial range for Amps is 0.500000 for Volts is Auto
ptd-server 2022-02-25 00:58:33,724 [INFO] Sending to ptd: 'SR,V,Auto'
ptd-server 2022-02-25 00:58:34,226 [INFO] Reply from ptd: 'Range V changed'
ptd-server 2022-02-25 00:58:34,226 [INFO] Sending to ptd: 'SR,A,Auto'
ptd-server 2022-02-25 00:58:34,728 [INFO] Reply from ptd: 'Range A changed'
ptd-server 2022-02-25 00:58:44,739 [INFO] Starting ranging mode
ptd-server 2022-02-25 00:58:44,739 [INFO] Sending to ptd: 'Go,1000,0,2022-02-25_00-58-16_ranging'
ptd-server 2022-02-25 00:58:44,739 [INFO] Reply from ptd: 'Starting untimed measurement, maximum 500000 samples at 1000ms with 0 rampup samples'
ptd-server 2022-02-25 00:58:44,739 [INFO] Sending reply to client 'OK'
ptd-server 2022-02-25 01:09:07,261 [INFO] Got command from the client 'session,2022-02-25_00-58-16,stop,ranging'
ptd-server 2022-02-25 01:09:17,273 [INFO] Sending to ptd: 'Stop'
ptd-server 2022-02-25 01:09:17,274 [INFO] Reply from ptd: 'Stopping untimed measurement'
ptd-server 2022-02-25 01:09:17,607 [INFO] Sending reply to client 'OK'
ptd-server 2022-02-25 01:09:17,662 [INFO] Got command from the client 'time'
ptd-server 2022-02-25 01:09:17,662 [INFO] Sending reply to client '1645751357.6628377'
ptd-server 2022-02-25 01:09:17,664 [INFO] Got command from the client 'session,2022-02-25_00-58-16,start,testing'
ptd-server 2022-02-25 01:09:17,665 [INFO] Sending to ptd: 'SR,V,249.740000'
ptd-server 2022-02-25 01:09:19,243 [INFO] Reply from ptd: 'Range V changed'
ptd-server 2022-02-25 01:09:19,243 [INFO] Sending to ptd: 'SR,A,0.047690'
ptd-server 2022-02-25 01:09:20,745 [INFO] Reply from ptd: 'Range A changed'
ptd-server 2022-02-25 01:09:30,755 [INFO] Starting testing mode
ptd-server 2022-02-25 01:09:30,755 [INFO] Sending to ptd: 'Go,1000,0,2022-02-25_00-58-16_testing'
ptd-server 2022-02-25 01:09:30,755 [INFO] Reply from ptd: 'Starting untimed measurement, maximum 500000 samples at 1000ms with 0 rampup samples'
ptd-server 2022-02-25 01:09:30,755 [INFO] Sending reply to client 'OK'
ptd-server 2022-02-25 01:19:53,091 [INFO] Got command from the client 'session,2022-02-25_00-58-16,stop,testing'
ptd-server 2022-02-25 01:20:03,101 [INFO] Sending to ptd: 'Stop'
ptd-server 2022-02-25 01:20:03,102 [INFO] Reply from ptd: 'Stopping untimed measurement'
ptd-server 2022-02-25 01:20:03,207 [INFO] Sending reply to client 'OK'
ptd-server 2022-02-25 01:20:03,226 [INFO] Got command from the client 'session,2022-02-25_00-58-16,done'
ptd-server 2022-02-25 01:20:03,226 [INFO] Sending to ptd: 'Stop'
ptd-server 2022-02-25 01:20:03,757 [INFO] Reply from ptd: 'Error: no measurement to stop'
ptd-server 2022-02-25 01:20:03,757 [INFO] Sending to ptd: 'SR,V,Auto'
ptd-server 2022-02-25 01:20:04,259 [INFO] Reply from ptd: 'Range V changed'
ptd-server 2022-02-25 01:20:04,260 [INFO] Sending to ptd: 'SR,A,0.500000'
ptd-server 2022-02-25 01:20:05,761 [INFO] Reply from ptd: 'Range A changed'
ptd-server 2022-02-25 01:20:05,761 [INFO] Set initial values for Amps 0.500000 and Volts Auto
ptd-server 2022-02-25 01:20:05,761 [INFO] Stopping ptd...
