ptd-server 2022-02-14 18:42:25,984 [INFO] Got command from the client 'time'
ptd-server 2022-02-14 18:42:25,984 [INFO] Sending reply to client '1644864145.984558'
ptd-server 2022-02-14 18:42:25,986 [INFO] Got command from the client 'new,,49b9daac-4af0-400a-8f72-a88fff387be3'
ptd-server 2022-02-14 18:42:25,986 [INFO] Sending reply to client 'OK 2022-02-14_18-42-25,c548e18d-6202-4977-84b7-a6ce98a20e76'
ptd-server 2022-02-14 18:42:26,022 [INFO] Got command from the client 'time'
ptd-server 2022-02-14 18:42:26,023 [INFO] Sending reply to client '1644864146.0229738'
ptd-server 2022-02-14 18:42:26,024 [INFO] Got command from the client 'session,2022-02-14_18-42-25,start,ranging'
ptd-server 2022-02-14 18:42:26,025 [INFO] Running PTDaemon: ['/home/anton/projects/mlperf/power/inference_v1.0/ptd-linux-x86', '-l', '/tmp/tmpxvec0g6h/ptd_logfile.txt', '-p', '8888', '49', '/dev/usbtmc0']
ptd-server 2022-02-14 18:42:43,197 [INFO] Sending to ptd: 'Hello'
ptd-server 2022-02-14 18:42:43,197 [INFO] Reply from ptd: 'Hello, PTDaemon here!'
ptd-server 2022-02-14 18:42:43,198 [INFO] Sending to ptd: 'Identify'
ptd-server 2022-02-14 18:42:43,198 [INFO] Reply from ptd: 'YokogawaWT310E,1000,1,1,1,1,0,1,1,version=1.9.2-e8c7a49a-20201208,OS=Linux 5.13.0-27-generic #29~20.04.1-Ubuntu SMP Fri Jan 14 00:32:30 UTC 2022 x86_64,mode=power,1,1,1,0,0,no_cal_date,YOKOGAWA;WT310E;C3XA04010E;F1.04'
ptd-server 2022-02-14 18:42:43,198 [INFO] Connected to PTDaemon
ptd-server 2022-02-14 18:42:43,198 [INFO] Sending to ptd: 'RR'
ptd-server 2022-02-14 18:42:43,199 [INFO] Reply from ptd: 'Ranges,0,0.500000,0,300.000000'
ptd-server 2022-02-14 18:42:43,199 [INFO] Initial range for Amps is 0.500000 for Volts is 300.000000
ptd-server 2022-02-14 18:42:43,199 [INFO] Sending to ptd: 'SR,V,Auto'
ptd-server 2022-02-14 18:42:43,701 [INFO] Reply from ptd: 'Range V changed'
ptd-server 2022-02-14 18:42:43,701 [INFO] Sending to ptd: 'SR,A,Auto'
ptd-server 2022-02-14 18:42:44,204 [INFO] Reply from ptd: 'Range A changed'
ptd-server 2022-02-14 18:42:54,214 [INFO] Starting ranging mode
ptd-server 2022-02-14 18:42:54,214 [INFO] Sending to ptd: 'Go,1000,0,2022-02-14_18-42-25_ranging'
ptd-server 2022-02-14 18:42:54,215 [INFO] Reply from ptd: 'Starting untimed measurement, maximum 500000 samples at 1000ms with 0 rampup samples'
ptd-server 2022-02-14 18:42:54,215 [INFO] Sending reply to client 'OK'
ptd-server 2022-02-14 18:53:13,618 [INFO] Got command from the client 'session,2022-02-14_18-42-25,stop,ranging'
ptd-server 2022-02-14 18:53:23,628 [INFO] Sending to ptd: 'Stop'
ptd-server 2022-02-14 18:53:23,629 [INFO] Reply from ptd: 'Stopping untimed measurement'
ptd-server 2022-02-14 18:53:24,393 [INFO] Sending reply to client 'OK'
ptd-server 2022-02-14 18:53:24,443 [INFO] Got command from the client 'time'
ptd-server 2022-02-14 18:53:24,443 [INFO] Sending reply to client '1644864804.4435441'
ptd-server 2022-02-14 18:53:24,444 [INFO] Got command from the client 'session,2022-02-14_18-42-25,start,testing'
ptd-server 2022-02-14 18:53:24,445 [INFO] Sending to ptd: 'SR,V,250.360000'
ptd-server 2022-02-14 18:53:25,946 [INFO] Reply from ptd: 'Range V changed'
ptd-server 2022-02-14 18:53:25,946 [INFO] Sending to ptd: 'SR,A,0.180230'
ptd-server 2022-02-14 18:53:27,447 [INFO] Reply from ptd: 'Range A changed'
ptd-server 2022-02-14 18:53:37,458 [INFO] Starting testing mode
ptd-server 2022-02-14 18:53:37,458 [INFO] Sending to ptd: 'Go,1000,0,2022-02-14_18-42-25_testing'
ptd-server 2022-02-14 18:53:37,458 [INFO] Reply from ptd: 'Starting untimed measurement, maximum 500000 samples at 1000ms with 0 rampup samples'
ptd-server 2022-02-14 18:53:37,458 [INFO] Sending reply to client 'OK'
ptd-server 2022-02-14 19:03:56,894 [INFO] Got command from the client 'session,2022-02-14_18-42-25,stop,testing'
ptd-server 2022-02-14 19:04:06,905 [INFO] Sending to ptd: 'Stop'
ptd-server 2022-02-14 19:04:06,905 [INFO] Reply from ptd: 'Stopping untimed measurement'
ptd-server 2022-02-14 19:04:07,298 [INFO] Sending reply to client 'OK'
ptd-server 2022-02-14 19:04:07,317 [INFO] Got command from the client 'session,2022-02-14_18-42-25,done'
ptd-server 2022-02-14 19:04:07,318 [INFO] Sending to ptd: 'Stop'
ptd-server 2022-02-14 19:04:07,458 [INFO] Reply from ptd: 'Error: no measurement to stop'
ptd-server 2022-02-14 19:04:07,458 [INFO] Sending to ptd: 'SR,V,300.000000'
ptd-server 2022-02-14 19:04:08,960 [INFO] Reply from ptd: 'Range V changed'
ptd-server 2022-02-14 19:04:08,960 [INFO] Sending to ptd: 'SR,A,0.500000'
ptd-server 2022-02-14 19:04:10,461 [INFO] Reply from ptd: 'Range A changed'
ptd-server 2022-02-14 19:04:10,462 [INFO] Set initial values for Amps 0.500000 and Volts 300.000000
ptd-server 2022-02-14 19:04:10,462 [INFO] Stopping ptd...
