ptd-server 2022-02-22 07:23:54,907 [INFO] Got command from the client 'time'
ptd-server 2022-02-22 07:23:54,907 [INFO] Sending reply to client '1645514634.9073224'
ptd-server 2022-02-22 07:23:54,909 [INFO] Got command from the client 'new,,85044aaa-cd4f-4a88-b96c-57b00f3d93f2'
ptd-server 2022-02-22 07:23:54,909 [INFO] Sending reply to client 'OK 2022-02-22_07-23-54,95e6f72f-03b8-4438-a3a9-541d07715b75'
ptd-server 2022-02-22 07:23:54,947 [INFO] Got command from the client 'time'
ptd-server 2022-02-22 07:23:54,947 [INFO] Sending reply to client '1645514634.9472554'
ptd-server 2022-02-22 07:23:54,949 [INFO] Got command from the client 'session,2022-02-22_07-23-54,start,ranging'
ptd-server 2022-02-22 07:23:54,949 [INFO] Running PTDaemon: ['/home/anton/projects/mlperf/power/inference_v1.0/ptd-linux-x86', '-l', '/tmp/tmpgldyt7rr/ptd_logfile.txt', '-p', '8888', '49', '/dev/usbtmc0']
ptd-server 2022-02-22 07:24:12,122 [INFO] Sending to ptd: 'Hello'
ptd-server 2022-02-22 07:24:12,123 [INFO] Reply from ptd: 'Hello, PTDaemon here!'
ptd-server 2022-02-22 07:24:12,123 [INFO] Sending to ptd: 'Identify'
ptd-server 2022-02-22 07:24:12,123 [INFO] Reply from ptd: 'YokogawaWT310E,1000,1,1,1,1,0,1,1,version=1.9.2-e8c7a49a-20201208,OS=Linux 5.13.0-28-generic #31~20.04.1-Ubuntu SMP Wed Jan 19 14:08:10 UTC 2022 x86_64,mode=power,1,1,1,0,0,no_cal_date,YOKOGAWA;WT310E;C3XA04010E;F1.04'
ptd-server 2022-02-22 07:24:12,123 [INFO] Connected to PTDaemon
ptd-server 2022-02-22 07:24:12,123 [INFO] Sending to ptd: 'RR'
ptd-server 2022-02-22 07:24:12,124 [INFO] Reply from ptd: 'Ranges,0,0.500000,0,300.000000'
ptd-server 2022-02-22 07:24:12,124 [INFO] Initial range for Amps is 0.500000 for Volts is 300.000000
ptd-server 2022-02-22 07:24:12,124 [INFO] Sending to ptd: 'SR,V,Auto'
ptd-server 2022-02-22 07:24:12,627 [INFO] Reply from ptd: 'Range V changed'
ptd-server 2022-02-22 07:24:12,627 [INFO] Sending to ptd: 'SR,A,Auto'
ptd-server 2022-02-22 07:24:13,129 [INFO] Reply from ptd: 'Range A changed'
ptd-server 2022-02-22 07:24:23,139 [INFO] Starting ranging mode
ptd-server 2022-02-22 07:24:23,140 [INFO] Sending to ptd: 'Go,1000,0,2022-02-22_07-23-54_ranging'
ptd-server 2022-02-22 07:24:23,140 [INFO] Reply from ptd: 'Starting untimed measurement, maximum 500000 samples at 1000ms with 0 rampup samples'
ptd-server 2022-02-22 07:24:23,140 [INFO] Sending reply to client 'OK'
ptd-server 2022-02-22 07:34:52,202 [INFO] Got command from the client 'session,2022-02-22_07-23-54,stop,ranging'
ptd-server 2022-02-22 07:35:02,212 [INFO] Sending to ptd: 'Stop'
ptd-server 2022-02-22 07:35:02,213 [INFO] Reply from ptd: 'Stopping untimed measurement'
ptd-server 2022-02-22 07:35:02,921 [INFO] Sending reply to client 'OK'
ptd-server 2022-02-22 07:35:02,978 [INFO] Got command from the client 'time'
ptd-server 2022-02-22 07:35:02,978 [INFO] Sending reply to client '1645515302.9781983'
ptd-server 2022-02-22 07:35:02,980 [INFO] Got command from the client 'session,2022-02-22_07-23-54,start,testing'
ptd-server 2022-02-22 07:35:02,980 [INFO] Sending to ptd: 'SR,V,250.540000'
ptd-server 2022-02-22 07:35:04,641 [INFO] Reply from ptd: 'Range V changed'
ptd-server 2022-02-22 07:35:04,641 [INFO] Sending to ptd: 'SR,A,0.056610'
ptd-server 2022-02-22 07:35:06,143 [INFO] Reply from ptd: 'Range A changed'
ptd-server 2022-02-22 07:35:16,153 [INFO] Starting testing mode
ptd-server 2022-02-22 07:35:16,153 [INFO] Sending to ptd: 'Go,1000,0,2022-02-22_07-23-54_testing'
ptd-server 2022-02-22 07:35:16,153 [INFO] Reply from ptd: 'Starting untimed measurement, maximum 500000 samples at 1000ms with 0 rampup samples'
ptd-server 2022-02-22 07:35:16,154 [INFO] Sending reply to client 'OK'
ptd-server 2022-02-22 07:45:45,144 [INFO] Got command from the client 'session,2022-02-22_07-23-54,stop,testing'
ptd-server 2022-02-22 07:45:55,154 [INFO] Sending to ptd: 'Stop'
ptd-server 2022-02-22 07:45:55,154 [INFO] Reply from ptd: 'Stopping untimed measurement'
ptd-server 2022-02-22 07:45:55,519 [INFO] Sending reply to client 'OK'
ptd-server 2022-02-22 07:45:55,538 [INFO] Got command from the client 'session,2022-02-22_07-23-54,done'
ptd-server 2022-02-22 07:45:55,538 [INFO] Sending to ptd: 'Stop'
ptd-server 2022-02-22 07:45:56,154 [INFO] Reply from ptd: 'Error: no measurement to stop'
ptd-server 2022-02-22 07:45:56,154 [INFO] Sending to ptd: 'SR,V,300.000000'
ptd-server 2022-02-22 07:45:57,655 [INFO] Reply from ptd: 'Range V changed'
ptd-server 2022-02-22 07:45:57,655 [INFO] Sending to ptd: 'SR,A,0.500000'
ptd-server 2022-02-22 07:45:59,157 [INFO] Reply from ptd: 'Range A changed'
ptd-server 2022-02-22 07:45:59,157 [INFO] Set initial values for Amps 0.500000 and Volts 300.000000
ptd-server 2022-02-22 07:45:59,157 [INFO] Stopping ptd...
