ptd-server 2022-02-21 20:25:13,854 [INFO] Got command from the client 'time'
ptd-server 2022-02-21 20:25:13,855 [INFO] Sending reply to client '1645475113.8550587'
ptd-server 2022-02-21 20:25:13,856 [INFO] Got command from the client 'new,,abced930-b693-4afa-b95b-cd0fedf53221'
ptd-server 2022-02-21 20:25:13,857 [INFO] Sending reply to client 'OK 2022-02-21_20-25-13,719766e6-033d-42f9-a3bc-da744ccdeee4'
ptd-server 2022-02-21 20:25:13,887 [INFO] Got command from the client 'time'
ptd-server 2022-02-21 20:25:13,887 [INFO] Sending reply to client '1645475113.8877957'
ptd-server 2022-02-21 20:25:13,889 [INFO] Got command from the client 'session,2022-02-21_20-25-13,start,ranging'
ptd-server 2022-02-21 20:25:13,890 [INFO] Running PTDaemon: ['/home/anton/projects/mlperf/power/inference_v1.0/ptd-linux-x86', '-l', '/tmp/tmpgldyt7rr/ptd_logfile.txt', '-p', '8888', '49', '/dev/usbtmc0']
ptd-server 2022-02-21 20:25:31,062 [INFO] Sending to ptd: 'Hello'
ptd-server 2022-02-21 20:25:31,063 [INFO] Reply from ptd: 'Hello, PTDaemon here!'
ptd-server 2022-02-21 20:25:31,063 [INFO] Sending to ptd: 'Identify'
ptd-server 2022-02-21 20:25:31,064 [INFO] Reply from ptd: 'YokogawaWT310E,1000,1,1,1,1,0,1,1,version=1.9.2-e8c7a49a-20201208,OS=Linux 5.13.0-28-generic #31~20.04.1-Ubuntu SMP Wed Jan 19 14:08:10 UTC 2022 x86_64,mode=power,1,1,1,0,0,no_cal_date,YOKOGAWA;WT310E;C3XA04010E;F1.04'
ptd-server 2022-02-21 20:25:31,064 [INFO] Connected to PTDaemon
ptd-server 2022-02-21 20:25:31,064 [INFO] Sending to ptd: 'RR'
ptd-server 2022-02-21 20:25:31,064 [INFO] Reply from ptd: 'Ranges,0,0.500000,0,300.000000'
ptd-server 2022-02-21 20:25:31,064 [INFO] Initial range for Amps is 0.500000 for Volts is 300.000000
ptd-server 2022-02-21 20:25:31,064 [INFO] Sending to ptd: 'SR,V,Auto'
ptd-server 2022-02-21 20:25:31,567 [INFO] Reply from ptd: 'Range V changed'
ptd-server 2022-02-21 20:25:31,567 [INFO] Sending to ptd: 'SR,A,Auto'
ptd-server 2022-02-21 20:25:32,069 [INFO] Reply from ptd: 'Range A changed'
ptd-server 2022-02-21 20:25:42,080 [INFO] Starting ranging mode
ptd-server 2022-02-21 20:25:42,080 [INFO] Sending to ptd: 'Go,1000,0,2022-02-21_20-25-13_ranging'
ptd-server 2022-02-21 20:25:42,080 [INFO] Reply from ptd: 'Starting untimed measurement, maximum 500000 samples at 1000ms with 0 rampup samples'
ptd-server 2022-02-21 20:25:42,081 [INFO] Sending reply to client 'OK'
ptd-server 2022-02-21 20:36:03,542 [INFO] Got command from the client 'session,2022-02-21_20-25-13,stop,ranging'
ptd-server 2022-02-21 20:36:13,553 [INFO] Sending to ptd: 'Stop'
ptd-server 2022-02-21 20:36:13,553 [INFO] Reply from ptd: 'Stopping untimed measurement'
ptd-server 2022-02-21 20:36:14,207 [INFO] Sending reply to client 'OK'
ptd-server 2022-02-21 20:36:14,296 [INFO] Got command from the client 'time'
ptd-server 2022-02-21 20:36:14,296 [INFO] Sending reply to client '1645475774.2968473'
ptd-server 2022-02-21 20:36:14,300 [INFO] Got command from the client 'session,2022-02-21_20-25-13,start,testing'
ptd-server 2022-02-21 20:36:14,300 [INFO] Sending to ptd: 'SR,V,249.300000'
ptd-server 2022-02-21 20:36:15,801 [INFO] Reply from ptd: 'Range V changed'
ptd-server 2022-02-21 20:36:15,802 [INFO] Sending to ptd: 'SR,A,0.062010'
ptd-server 2022-02-21 20:36:17,303 [INFO] Reply from ptd: 'Range A changed'
ptd-server 2022-02-21 20:36:27,313 [INFO] Starting testing mode
ptd-server 2022-02-21 20:36:27,314 [INFO] Sending to ptd: 'Go,1000,0,2022-02-21_20-25-13_testing'
ptd-server 2022-02-21 20:36:27,314 [INFO] Reply from ptd: 'Starting untimed measurement, maximum 500000 samples at 1000ms with 0 rampup samples'
ptd-server 2022-02-21 20:36:27,314 [INFO] Sending reply to client 'OK'
ptd-server 2022-02-21 20:46:49,694 [INFO] Got command from the client 'session,2022-02-21_20-25-13,stop,testing'
ptd-server 2022-02-21 20:46:59,705 [INFO] Sending to ptd: 'Stop'
ptd-server 2022-02-21 20:46:59,705 [INFO] Reply from ptd: 'Stopping untimed measurement'
ptd-server 2022-02-21 20:47:00,042 [INFO] Sending reply to client 'OK'
ptd-server 2022-02-21 20:47:00,079 [INFO] Got command from the client 'session,2022-02-21_20-25-13,done'
ptd-server 2022-02-21 20:47:00,079 [INFO] Sending to ptd: 'Stop'
ptd-server 2022-02-21 20:47:00,315 [INFO] Reply from ptd: 'Error: no measurement to stop'
ptd-server 2022-02-21 20:47:00,315 [INFO] Sending to ptd: 'SR,V,300.000000'
ptd-server 2022-02-21 20:47:01,816 [INFO] Reply from ptd: 'Range V changed'
ptd-server 2022-02-21 20:47:01,816 [INFO] Sending to ptd: 'SR,A,0.500000'
ptd-server 2022-02-21 20:47:03,318 [INFO] Reply from ptd: 'Range A changed'
ptd-server 2022-02-21 20:47:03,318 [INFO] Set initial values for Amps 0.500000 and Volts 300.000000
ptd-server 2022-02-21 20:47:03,318 [INFO] Stopping ptd...
