ptd-server 2022-02-23 03:11:54,392 [INFO] Got command from the client 'time'
ptd-server 2022-02-23 03:11:54,392 [INFO] Sending reply to client '1645585914.3922734'
ptd-server 2022-02-23 03:11:54,394 [INFO] Got command from the client 'new,,559d95e8-0031-444c-a0c0-e910671c8c69'
ptd-server 2022-02-23 03:11:54,395 [INFO] Sending reply to client 'OK 2022-02-23_03-11-54,4edaa406-b7e1-42d8-ae92-6895ac49f52b'
ptd-server 2022-02-23 03:11:54,432 [INFO] Got command from the client 'time'
ptd-server 2022-02-23 03:11:54,432 [INFO] Sending reply to client '1645585914.4322236'
ptd-server 2022-02-23 03:11:54,434 [INFO] Got command from the client 'session,2022-02-23_03-11-54,start,ranging'
ptd-server 2022-02-23 03:11:54,434 [INFO] Running PTDaemon: ['/home/anton/projects/mlperf/power/inference_v1.0/ptd-linux-x86', '-l', '/tmp/tmpgldyt7rr/ptd_logfile.txt', '-p', '8888', '49', '/dev/usbtmc0']
ptd-server 2022-02-23 03:12:11,607 [INFO] Sending to ptd: 'Hello'
ptd-server 2022-02-23 03:12:11,608 [INFO] Reply from ptd: 'Hello, PTDaemon here!'
ptd-server 2022-02-23 03:12:11,608 [INFO] Sending to ptd: 'Identify'
ptd-server 2022-02-23 03:12:11,608 [INFO] Reply from ptd: 'YokogawaWT310E,1000,1,1,1,1,0,1,1,version=1.9.2-e8c7a49a-20201208,OS=Linux 5.13.0-28-generic #31~20.04.1-Ubuntu SMP Wed Jan 19 14:08:10 UTC 2022 x86_64,mode=power,1,1,1,0,0,no_cal_date,YOKOGAWA;WT310E;C3XA04010E;F1.04'
ptd-server 2022-02-23 03:12:11,609 [INFO] Connected to PTDaemon
ptd-server 2022-02-23 03:12:11,609 [INFO] Sending to ptd: 'RR'
ptd-server 2022-02-23 03:12:11,609 [INFO] Reply from ptd: 'Ranges,0,0.500000,0,300.000000'
ptd-server 2022-02-23 03:12:11,609 [INFO] Initial range for Amps is 0.500000 for Volts is 300.000000
ptd-server 2022-02-23 03:12:11,609 [INFO] Sending to ptd: 'SR,V,Auto'
ptd-server 2022-02-23 03:12:12,112 [INFO] Reply from ptd: 'Range V changed'
ptd-server 2022-02-23 03:12:12,112 [INFO] Sending to ptd: 'SR,A,Auto'
ptd-server 2022-02-23 03:12:12,614 [INFO] Reply from ptd: 'Range A changed'
ptd-server 2022-02-23 03:12:22,625 [INFO] Starting ranging mode
ptd-server 2022-02-23 03:12:22,625 [INFO] Sending to ptd: 'Go,1000,0,2022-02-23_03-11-54_ranging'
ptd-server 2022-02-23 03:12:22,625 [INFO] Reply from ptd: 'Starting untimed measurement, maximum 500000 samples at 1000ms with 0 rampup samples'
ptd-server 2022-02-23 03:12:22,626 [INFO] Sending reply to client 'OK'
ptd-server 2022-02-23 03:22:51,879 [INFO] Got command from the client 'session,2022-02-23_03-11-54,stop,ranging'
ptd-server 2022-02-23 03:23:01,888 [INFO] Sending to ptd: 'Stop'
ptd-server 2022-02-23 03:23:01,888 [INFO] Reply from ptd: 'Stopping untimed measurement'
ptd-server 2022-02-23 03:23:02,696 [INFO] Sending reply to client 'OK'
ptd-server 2022-02-23 03:23:02,758 [INFO] Got command from the client 'time'
ptd-server 2022-02-23 03:23:02,758 [INFO] Sending reply to client '1645586582.7583194'
ptd-server 2022-02-23 03:23:02,760 [INFO] Got command from the client 'session,2022-02-23_03-11-54,start,testing'
ptd-server 2022-02-23 03:23:02,760 [INFO] Sending to ptd: 'SR,V,249.360000'
ptd-server 2022-02-23 03:23:04,261 [INFO] Reply from ptd: 'Range V changed'
ptd-server 2022-02-23 03:23:04,261 [INFO] Sending to ptd: 'SR,A,0.049080'
ptd-server 2022-02-23 03:23:05,763 [INFO] Reply from ptd: 'Range A changed'
ptd-server 2022-02-23 03:23:15,773 [INFO] Starting testing mode
ptd-server 2022-02-23 03:23:15,773 [INFO] Sending to ptd: 'Go,1000,0,2022-02-23_03-11-54_testing'
ptd-server 2022-02-23 03:23:15,774 [INFO] Reply from ptd: 'Starting untimed measurement, maximum 500000 samples at 1000ms with 0 rampup samples'
ptd-server 2022-02-23 03:23:15,774 [INFO] Sending reply to client 'OK'
ptd-server 2022-02-23 03:33:44,895 [INFO] Got command from the client 'session,2022-02-23_03-11-54,stop,testing'
ptd-server 2022-02-23 03:33:54,906 [INFO] Sending to ptd: 'Stop'
ptd-server 2022-02-23 03:33:54,906 [INFO] Reply from ptd: 'Stopping untimed measurement'
ptd-server 2022-02-23 03:33:55,319 [INFO] Sending reply to client 'OK'
ptd-server 2022-02-23 03:33:55,338 [INFO] Got command from the client 'session,2022-02-23_03-11-54,done'
ptd-server 2022-02-23 03:33:55,338 [INFO] Sending to ptd: 'Stop'
ptd-server 2022-02-23 03:33:55,775 [INFO] Reply from ptd: 'Error: no measurement to stop'
ptd-server 2022-02-23 03:33:55,775 [INFO] Sending to ptd: 'SR,V,300.000000'
ptd-server 2022-02-23 03:33:57,276 [INFO] Reply from ptd: 'Range V changed'
ptd-server 2022-02-23 03:33:57,276 [INFO] Sending to ptd: 'SR,A,0.500000'
ptd-server 2022-02-23 03:33:58,778 [INFO] Reply from ptd: 'Range A changed'
ptd-server 2022-02-23 03:33:58,778 [INFO] Set initial values for Amps 0.500000 and Volts 300.000000
ptd-server 2022-02-23 03:33:58,778 [INFO] Stopping ptd...
