ptd-server 2022-02-15 19:04:21,562 [INFO] Got command from the client 'time'
ptd-server 2022-02-15 19:04:21,562 [INFO] Sending reply to client '1644951861.5627553'
ptd-server 2022-02-15 19:04:21,565 [INFO] Got command from the client 'new,,35393e0e-0631-40e7-86c2-defda0a29ea2'
ptd-server 2022-02-15 19:04:21,566 [INFO] Sending reply to client 'OK 2022-02-15_19-04-21,df615280-bf29-49a6-b2d6-d1dd11d37ecf'
ptd-server 2022-02-15 19:04:21,602 [INFO] Got command from the client 'time'
ptd-server 2022-02-15 19:04:21,602 [INFO] Sending reply to client '1644951861.6021488'
ptd-server 2022-02-15 19:04:21,604 [INFO] Got command from the client 'session,2022-02-15_19-04-21,start,ranging'
ptd-server 2022-02-15 19:04:21,604 [INFO] Running PTDaemon: ['/home/anton/projects/mlperf/power/inference_v1.0/ptd-linux-x86', '-l', '/tmp/tmpxvec0g6h/ptd_logfile.txt', '-p', '8888', '49', '/dev/usbtmc0']
ptd-server 2022-02-15 19:04:38,778 [INFO] Sending to ptd: 'Hello'
ptd-server 2022-02-15 19:04:38,779 [INFO] Reply from ptd: 'Hello, PTDaemon here!'
ptd-server 2022-02-15 19:04:38,779 [INFO] Sending to ptd: 'Identify'
ptd-server 2022-02-15 19:04:38,779 [INFO] Reply from ptd: 'YokogawaWT310E,1000,1,1,1,1,0,1,1,version=1.9.2-e8c7a49a-20201208,OS=Linux 5.13.0-27-generic #29~20.04.1-Ubuntu SMP Fri Jan 14 00:32:30 UTC 2022 x86_64,mode=power,1,1,1,0,0,no_cal_date,YOKOGAWA;WT310E;C3XA04010E;F1.04'
ptd-server 2022-02-15 19:04:38,779 [INFO] Connected to PTDaemon
ptd-server 2022-02-15 19:04:38,779 [INFO] Sending to ptd: 'RR'
ptd-server 2022-02-15 19:04:38,780 [INFO] Reply from ptd: 'Ranges,0,0.500000,0,300.000000'
ptd-server 2022-02-15 19:04:38,780 [INFO] Initial range for Amps is 0.500000 for Volts is 300.000000
ptd-server 2022-02-15 19:04:38,780 [INFO] Sending to ptd: 'SR,V,Auto'
ptd-server 2022-02-15 19:04:39,282 [INFO] Reply from ptd: 'Range V changed'
ptd-server 2022-02-15 19:04:39,283 [INFO] Sending to ptd: 'SR,A,Auto'
ptd-server 2022-02-15 19:04:39,785 [INFO] Reply from ptd: 'Range A changed'
ptd-server 2022-02-15 19:04:49,795 [INFO] Starting ranging mode
ptd-server 2022-02-15 19:04:49,796 [INFO] Sending to ptd: 'Go,1000,0,2022-02-15_19-04-21_ranging'
ptd-server 2022-02-15 19:04:49,796 [INFO] Reply from ptd: 'Starting untimed measurement, maximum 500000 samples at 1000ms with 0 rampup samples'
ptd-server 2022-02-15 19:04:49,796 [INFO] Sending reply to client 'OK'
ptd-server 2022-02-15 19:15:09,526 [INFO] Got command from the client 'session,2022-02-15_19-04-21,stop,ranging'
ptd-server 2022-02-15 19:15:19,537 [INFO] Sending to ptd: 'Stop'
ptd-server 2022-02-15 19:15:19,537 [INFO] Reply from ptd: 'Stopping untimed measurement'
ptd-server 2022-02-15 19:15:20,425 [INFO] Sending reply to client 'OK'
ptd-server 2022-02-15 19:15:20,481 [INFO] Got command from the client 'time'
ptd-server 2022-02-15 19:15:20,481 [INFO] Sending reply to client '1644952520.4815931'
ptd-server 2022-02-15 19:15:20,483 [INFO] Got command from the client 'session,2022-02-15_19-04-21,start,testing'
ptd-server 2022-02-15 19:15:20,484 [INFO] Sending to ptd: 'SR,V,251.110000'
ptd-server 2022-02-15 19:15:21,985 [INFO] Reply from ptd: 'Range V changed'
ptd-server 2022-02-15 19:15:21,985 [INFO] Sending to ptd: 'SR,A,0.217600'
ptd-server 2022-02-15 19:15:23,487 [INFO] Reply from ptd: 'Range A changed'
ptd-server 2022-02-15 19:15:33,497 [INFO] Starting testing mode
ptd-server 2022-02-15 19:15:33,497 [INFO] Sending to ptd: 'Go,1000,0,2022-02-15_19-04-21_testing'
ptd-server 2022-02-15 19:15:33,498 [INFO] Reply from ptd: 'Starting untimed measurement, maximum 500000 samples at 1000ms with 0 rampup samples'
ptd-server 2022-02-15 19:15:33,498 [INFO] Sending reply to client 'OK'
ptd-server 2022-02-15 19:25:53,069 [INFO] Got command from the client 'session,2022-02-15_19-04-21,stop,testing'
ptd-server 2022-02-15 19:26:03,080 [INFO] Sending to ptd: 'Stop'
ptd-server 2022-02-15 19:26:03,080 [INFO] Reply from ptd: 'Stopping untimed measurement'
ptd-server 2022-02-15 19:26:03,526 [INFO] Sending reply to client 'OK'
ptd-server 2022-02-15 19:26:03,546 [INFO] Got command from the client 'session,2022-02-15_19-04-21,done'
ptd-server 2022-02-15 19:26:03,546 [INFO] Sending to ptd: 'Stop'
ptd-server 2022-02-15 19:26:03,546 [INFO] Reply from ptd: 'Error: no measurement to stop'
ptd-server 2022-02-15 19:26:03,546 [INFO] Sending to ptd: 'SR,V,300.000000'
ptd-server 2022-02-15 19:26:05,048 [INFO] Reply from ptd: 'Range V changed'
ptd-server 2022-02-15 19:26:05,048 [INFO] Sending to ptd: 'SR,A,0.500000'
ptd-server 2022-02-15 19:26:06,549 [INFO] Reply from ptd: 'Range A changed'
ptd-server 2022-02-15 19:26:06,549 [INFO] Set initial values for Amps 0.500000 and Volts 300.000000
ptd-server 2022-02-15 19:26:06,550 [INFO] Stopping ptd...
