ptd-server 2022-02-21 04:04:23,995 [INFO] Got command from the client 'time'
ptd-server 2022-02-21 04:04:23,996 [INFO] Sending reply to client '1645416263.9960713'
ptd-server 2022-02-21 04:04:23,997 [INFO] Got command from the client 'new,,6a1ace4d-89b0-43d2-80fa-60301961ce25'
ptd-server 2022-02-21 04:04:23,997 [INFO] Sending reply to client 'OK 2022-02-21_04-04-23,b5e35765-57fc-436e-856f-8cdaa95ee3c7'
ptd-server 2022-02-21 04:04:24,035 [INFO] Got command from the client 'time'
ptd-server 2022-02-21 04:04:24,035 [INFO] Sending reply to client '1645416264.0352874'
ptd-server 2022-02-21 04:04:24,036 [INFO] Got command from the client 'session,2022-02-21_04-04-23,start,ranging'
ptd-server 2022-02-21 04:04:24,036 [INFO] Running PTDaemon: ['/home/anton/projects/mlperf/power/inference_v1.0/ptd-linux-x86', '-l', '/tmp/tmpgldyt7rr/ptd_logfile.txt', '-p', '8888', '49', '/dev/usbtmc0']
ptd-server 2022-02-21 04:04:41,210 [INFO] Sending to ptd: 'Hello'
ptd-server 2022-02-21 04:04:41,210 [INFO] Reply from ptd: 'Hello, PTDaemon here!'
ptd-server 2022-02-21 04:04:41,211 [INFO] Sending to ptd: 'Identify'
ptd-server 2022-02-21 04:04:41,211 [INFO] Reply from ptd: 'YokogawaWT310E,1000,1,1,1,1,0,1,1,version=1.9.2-e8c7a49a-20201208,OS=Linux 5.13.0-28-generic #31~20.04.1-Ubuntu SMP Wed Jan 19 14:08:10 UTC 2022 x86_64,mode=power,1,1,1,0,0,no_cal_date,YOKOGAWA;WT310E;C3XA04010E;F1.04'
ptd-server 2022-02-21 04:04:41,211 [INFO] Connected to PTDaemon
ptd-server 2022-02-21 04:04:41,211 [INFO] Sending to ptd: 'RR'
ptd-server 2022-02-21 04:04:41,212 [INFO] Reply from ptd: 'Ranges,0,0.500000,0,300.000000'
ptd-server 2022-02-21 04:04:41,212 [INFO] Initial range for Amps is 0.500000 for Volts is 300.000000
ptd-server 2022-02-21 04:04:41,212 [INFO] Sending to ptd: 'SR,V,Auto'
ptd-server 2022-02-21 04:04:41,714 [INFO] Reply from ptd: 'Range V changed'
ptd-server 2022-02-21 04:04:41,715 [INFO] Sending to ptd: 'SR,A,Auto'
ptd-server 2022-02-21 04:04:42,217 [INFO] Reply from ptd: 'Range A changed'
ptd-server 2022-02-21 04:04:52,227 [INFO] Starting ranging mode
ptd-server 2022-02-21 04:04:52,228 [INFO] Sending to ptd: 'Go,1000,0,2022-02-21_04-04-23_ranging'
ptd-server 2022-02-21 04:04:52,228 [INFO] Reply from ptd: 'Starting untimed measurement, maximum 500000 samples at 1000ms with 0 rampup samples'
ptd-server 2022-02-21 04:04:52,228 [INFO] Sending reply to client 'OK'
ptd-server 2022-02-21 04:15:20,105 [INFO] Got command from the client 'session,2022-02-21_04-04-23,stop,ranging'
ptd-server 2022-02-21 04:15:30,115 [INFO] Sending to ptd: 'Stop'
ptd-server 2022-02-21 04:15:30,116 [INFO] Reply from ptd: 'Stopping untimed measurement'
ptd-server 2022-02-21 04:15:30,669 [INFO] Sending reply to client 'OK'
ptd-server 2022-02-21 04:15:30,758 [INFO] Got command from the client 'time'
ptd-server 2022-02-21 04:15:30,758 [INFO] Sending reply to client '1645416930.7589014'
ptd-server 2022-02-21 04:15:30,760 [INFO] Got command from the client 'session,2022-02-21_04-04-23,start,testing'
ptd-server 2022-02-21 04:15:30,760 [INFO] Sending to ptd: 'SR,V,248.870000'
ptd-server 2022-02-21 04:15:32,261 [INFO] Reply from ptd: 'Range V changed'
ptd-server 2022-02-21 04:15:32,262 [INFO] Sending to ptd: 'SR,A,0.041420'
ptd-server 2022-02-21 04:15:33,763 [INFO] Reply from ptd: 'Range A changed'
ptd-server 2022-02-21 04:15:43,773 [INFO] Starting testing mode
ptd-server 2022-02-21 04:15:43,774 [INFO] Sending to ptd: 'Go,1000,0,2022-02-21_04-04-23_testing'
ptd-server 2022-02-21 04:15:43,774 [INFO] Reply from ptd: 'Starting untimed measurement, maximum 500000 samples at 1000ms with 0 rampup samples'
ptd-server 2022-02-21 04:15:43,774 [INFO] Sending reply to client 'OK'
ptd-server 2022-02-21 04:26:12,439 [INFO] Got command from the client 'session,2022-02-21_04-04-23,stop,testing'
ptd-server 2022-02-21 04:26:22,449 [INFO] Sending to ptd: 'Stop'
ptd-server 2022-02-21 04:26:22,450 [INFO] Reply from ptd: 'Stopping untimed measurement'
ptd-server 2022-02-21 04:26:22,739 [INFO] Sending reply to client 'OK'
ptd-server 2022-02-21 04:26:22,761 [INFO] Got command from the client 'session,2022-02-21_04-04-23,done'
ptd-server 2022-02-21 04:26:22,761 [INFO] Sending to ptd: 'Stop'
ptd-server 2022-02-21 04:26:22,774 [INFO] Reply from ptd: 'Error: no measurement to stop'
ptd-server 2022-02-21 04:26:22,775 [INFO] Sending to ptd: 'SR,V,300.000000'
ptd-server 2022-02-21 04:26:24,276 [INFO] Reply from ptd: 'Range V changed'
ptd-server 2022-02-21 04:26:24,276 [INFO] Sending to ptd: 'SR,A,0.500000'
ptd-server 2022-02-21 04:26:25,778 [INFO] Reply from ptd: 'Range A changed'
ptd-server 2022-02-21 04:26:25,778 [INFO] Set initial values for Amps 0.500000 and Volts 300.000000
ptd-server 2022-02-21 04:26:25,778 [INFO] Stopping ptd...
