ptd-server 2022-02-24 14:20:38,462 [INFO] Got command from the client 'time'
ptd-server 2022-02-24 14:20:38,462 [INFO] Sending reply to client '1645712438.4629593'
ptd-server 2022-02-24 14:20:38,465 [INFO] Got command from the client 'new,,9482d01d-d497-4a3c-8054-016f1f41a80b'
ptd-server 2022-02-24 14:20:38,465 [INFO] Sending reply to client 'OK 2022-02-24_14-20-38,57e69d82-7f66-4d60-9474-080a6fe6a555'
ptd-server 2022-02-24 14:20:38,500 [INFO] Got command from the client 'time'
ptd-server 2022-02-24 14:20:38,500 [INFO] Sending reply to client '1645712438.5005774'
ptd-server 2022-02-24 14:20:38,502 [INFO] Got command from the client 'session,2022-02-24_14-20-38,start,ranging'
ptd-server 2022-02-24 14:20:38,502 [INFO] Running PTDaemon: ['/home/anton/projects/mlperf/power/inference_v1.0/ptd-linux-x86', '-l', '/tmp/tmp0_fn53vp/ptd_logfile.txt', '-p', '8888', '49', '/dev/usbtmc0']
ptd-server 2022-02-24 14:20:55,676 [INFO] Sending to ptd: 'Hello'
ptd-server 2022-02-24 14:20:55,677 [INFO] Reply from ptd: 'Hello, PTDaemon here!'
ptd-server 2022-02-24 14:20:55,677 [INFO] Sending to ptd: 'Identify'
ptd-server 2022-02-24 14:20:55,677 [INFO] Reply from ptd: 'YokogawaWT310E,1000,1,1,1,1,0,1,1,version=1.9.2-e8c7a49a-20201208,OS=Linux 5.13.0-30-generic #33~20.04.1-Ubuntu SMP Mon Feb 7 14:25:10 UTC 2022 x86_64,mode=power,1,1,1,0,0,no_cal_date,YOKOGAWA;WT310E;C3XA04010E;F1.04'
ptd-server 2022-02-24 14:20:55,678 [INFO] Connected to PTDaemon
ptd-server 2022-02-24 14:20:55,678 [INFO] Sending to ptd: 'RR'
ptd-server 2022-02-24 14:20:55,678 [INFO] Reply from ptd: 'Ranges,0,0.500000,1,300.000000'
ptd-server 2022-02-24 14:20:55,678 [INFO] Initial range for Amps is 0.500000 for Volts is Auto
ptd-server 2022-02-24 14:20:55,678 [INFO] Sending to ptd: 'SR,V,Auto'
ptd-server 2022-02-24 14:20:56,181 [INFO] Reply from ptd: 'Range V changed'
ptd-server 2022-02-24 14:20:56,181 [INFO] Sending to ptd: 'SR,A,Auto'
ptd-server 2022-02-24 14:20:56,683 [INFO] Reply from ptd: 'Range A changed'
ptd-server 2022-02-24 14:21:06,694 [INFO] Starting ranging mode
ptd-server 2022-02-24 14:21:06,694 [INFO] Sending to ptd: 'Go,1000,0,2022-02-24_14-20-38_ranging'
ptd-server 2022-02-24 14:21:06,694 [INFO] Reply from ptd: 'Starting untimed measurement, maximum 500000 samples at 1000ms with 0 rampup samples'
ptd-server 2022-02-24 14:21:06,694 [INFO] Sending reply to client 'OK'
ptd-server 2022-02-24 14:31:29,204 [INFO] Got command from the client 'session,2022-02-24_14-20-38,stop,ranging'
ptd-server 2022-02-24 14:31:39,214 [INFO] Sending to ptd: 'Stop'
ptd-server 2022-02-24 14:31:39,215 [INFO] Reply from ptd: 'Stopping untimed measurement'
ptd-server 2022-02-24 14:31:39,335 [INFO] Sending reply to client 'OK'
ptd-server 2022-02-24 14:31:39,401 [INFO] Got command from the client 'time'
ptd-server 2022-02-24 14:31:39,401 [INFO] Sending reply to client '1645713099.4019213'
ptd-server 2022-02-24 14:31:39,403 [INFO] Got command from the client 'session,2022-02-24_14-20-38,start,testing'
ptd-server 2022-02-24 14:31:39,404 [INFO] Sending to ptd: 'SR,V,250.560000'
ptd-server 2022-02-24 14:31:41,195 [INFO] Reply from ptd: 'Range V changed'
ptd-server 2022-02-24 14:31:41,196 [INFO] Sending to ptd: 'SR,A,0.045920'
ptd-server 2022-02-24 14:31:42,697 [INFO] Reply from ptd: 'Range A changed'
ptd-server 2022-02-24 14:31:52,707 [INFO] Starting testing mode
ptd-server 2022-02-24 14:31:52,708 [INFO] Sending to ptd: 'Go,1000,0,2022-02-24_14-20-38_testing'
ptd-server 2022-02-24 14:31:52,708 [INFO] Reply from ptd: 'Starting untimed measurement, maximum 500000 samples at 1000ms with 0 rampup samples'
ptd-server 2022-02-24 14:31:52,708 [INFO] Sending reply to client 'OK'
ptd-server 2022-02-24 14:42:15,157 [INFO] Got command from the client 'session,2022-02-24_14-20-38,stop,testing'
ptd-server 2022-02-24 14:42:25,168 [INFO] Sending to ptd: 'Stop'
ptd-server 2022-02-24 14:42:25,168 [INFO] Reply from ptd: 'Stopping untimed measurement'
ptd-server 2022-02-24 14:42:25,233 [INFO] Sending reply to client 'OK'
ptd-server 2022-02-24 14:42:25,251 [INFO] Got command from the client 'session,2022-02-24_14-20-38,done'
ptd-server 2022-02-24 14:42:25,251 [INFO] Sending to ptd: 'Stop'
ptd-server 2022-02-24 14:42:25,709 [INFO] Reply from ptd: 'Error: no measurement to stop'
ptd-server 2022-02-24 14:42:25,709 [INFO] Sending to ptd: 'SR,V,Auto'
ptd-server 2022-02-24 14:42:26,211 [INFO] Reply from ptd: 'Range V changed'
ptd-server 2022-02-24 14:42:26,212 [INFO] Sending to ptd: 'SR,A,0.500000'
ptd-server 2022-02-24 14:42:27,713 [INFO] Reply from ptd: 'Range A changed'
ptd-server 2022-02-24 14:42:27,713 [INFO] Set initial values for Amps 0.500000 and Volts Auto
ptd-server 2022-02-24 14:42:27,713 [INFO] Stopping ptd...
