ptd-server 2022-02-18 20:24:42,286 [INFO] Got command from the client 'time'
ptd-server 2022-02-18 20:24:42,286 [INFO] Sending reply to client '1645237482.286928'
ptd-server 2022-02-18 20:24:42,287 [INFO] Got command from the client 'new,,43820028-dcee-44f6-92ba-eff7d51017ec'
ptd-server 2022-02-18 20:24:42,288 [INFO] Sending reply to client 'OK 2022-02-18_20-24-42,0f4811b0-e3eb-4fb7-8a84-8fd906260c5f'
ptd-server 2022-02-18 20:24:42,395 [INFO] Got command from the client 'time'
ptd-server 2022-02-18 20:24:42,395 [INFO] Sending reply to client '1645237482.3955946'
ptd-server 2022-02-18 20:24:42,396 [INFO] Got command from the client 'session,2022-02-18_20-24-42,start,ranging'
ptd-server 2022-02-18 20:24:42,396 [INFO] Running PTDaemon: ['/local/mnt/workspace/mlcommons/power-main/inference_v1.0/ptd-linux-x86', '-l', '/tmp/tmprkpz3dbq/ptd_logfile.txt', '-p', '8888', '-c', '1,2', '77', '/dev/usbtmc0']
ptd-server 2022-02-18 20:24:59,997 [INFO] Sending to ptd: 'Hello'
ptd-server 2022-02-18 20:24:59,998 [INFO] Reply from ptd: 'Hello, PTDaemon here!'
ptd-server 2022-02-18 20:24:59,998 [INFO] Sending to ptd: 'Identify'
ptd-server 2022-02-18 20:24:59,999 [INFO] Reply from ptd: 'YokogawaWT330_multichannel,1000,1,1,1,1,0,0,1,version=1.9.2-e8c7a49a-20201208,OS=Linux 4.15.0-142-generic #146~16.04.1-Ubuntu SMP Tue Apr 13 09:27:15 UTC 2021 x86_64,mode=power,1,1,2,0,0,no_cal_date,YOKOGAWA;WT333E;C2XC17004V;F1.04'
ptd-server 2022-02-18 20:24:59,999 [INFO] Connected to PTDaemon
ptd-server 2022-02-18 20:25:00,000 [INFO] Sending to ptd: 'RR'
ptd-server 2022-02-18 20:25:00,000 [INFO] Reply from ptd: 'Ranges,-1,-1.000000,-1,-1.000000'
ptd-server 2022-02-18 20:25:00,000 [INFO] Initial range for Amps is Auto for Volts is Auto
ptd-server 2022-02-18 20:25:00,000 [INFO] Sending to ptd: 'SR,V,Auto'
ptd-server 2022-02-18 20:25:05,054 [INFO] Reply from ptd: 'Range V changed'
ptd-server 2022-02-18 20:25:05,054 [INFO] Sending to ptd: 'SR,A,Auto'
ptd-server 2022-02-18 20:25:10,107 [INFO] Reply from ptd: 'Range A changed'
ptd-server 2022-02-18 20:25:20,117 [INFO] Starting ranging mode
ptd-server 2022-02-18 20:25:20,119 [INFO] Sending to ptd: 'Go,1000,0,2022-02-18_20-24-42_ranging'
ptd-server 2022-02-18 20:25:20,119 [INFO] Reply from ptd: 'Starting untimed measurement, maximum 500000 samples at 1000ms with 0 rampup samples'
ptd-server 2022-02-18 20:25:20,120 [INFO] Sending reply to client 'OK'
ptd-server 2022-02-18 20:39:12,149 [INFO] Got command from the client 'session,2022-02-18_20-24-42,stop,ranging'
ptd-server 2022-02-18 20:39:22,150 [INFO] Sending to ptd: 'Stop'
ptd-server 2022-02-18 20:39:22,151 [INFO] Reply from ptd: 'Stopping untimed measurement'
ptd-server 2022-02-18 20:39:22,177 [INFO] Sending reply to client 'OK'
ptd-server 2022-02-18 20:39:22,270 [INFO] Got command from the client 'time'
ptd-server 2022-02-18 20:39:22,270 [INFO] Sending reply to client '1645238362.2702553'
ptd-server 2022-02-18 20:39:22,271 [INFO] Got command from the client 'session,2022-02-18_20-24-42,start,testing'
ptd-server 2022-02-18 20:39:22,271 [INFO] Sending to ptd: 'SR,V,211.880000'
ptd-server 2022-02-18 20:39:29,171 [INFO] Reply from ptd: 'Range V changed'
ptd-server 2022-02-18 20:39:29,171 [INFO] Sending to ptd: 'SR,A,3.912300'
ptd-server 2022-02-18 20:39:34,723 [INFO] Reply from ptd: 'Range A changed'
ptd-server 2022-02-18 20:39:44,733 [INFO] Starting testing mode
ptd-server 2022-02-18 20:39:44,734 [INFO] Sending to ptd: 'Go,1000,0,2022-02-18_20-24-42_testing'
ptd-server 2022-02-18 20:39:44,734 [INFO] Reply from ptd: 'Starting untimed measurement, maximum 500000 samples at 1000ms with 0 rampup samples'
ptd-server 2022-02-18 20:39:44,735 [INFO] Sending reply to client 'OK'
ptd-server 2022-02-18 20:53:33,318 [INFO] Got command from the client 'session,2022-02-18_20-24-42,stop,testing'
ptd-server 2022-02-18 20:53:43,342 [INFO] Sending to ptd: 'Stop'
ptd-server 2022-02-18 20:53:43,343 [INFO] Reply from ptd: 'Stopping untimed measurement'
ptd-server 2022-02-18 20:53:43,356 [INFO] Sending reply to client 'OK'
ptd-server 2022-02-18 20:53:43,362 [INFO] Got command from the client 'session,2022-02-18_20-24-42,done'
ptd-server 2022-02-18 20:53:43,362 [INFO] Sending to ptd: 'Stop'
ptd-server 2022-02-18 20:53:43,735 [INFO] Reply from ptd: 'Error: no measurement to stop'
ptd-server 2022-02-18 20:53:43,735 [INFO] Sending to ptd: 'SR,V,Auto'
ptd-server 2022-02-18 20:53:48,787 [INFO] Reply from ptd: 'Range V changed'
ptd-server 2022-02-18 20:53:48,787 [INFO] Sending to ptd: 'SR,A,Auto'
ptd-server 2022-02-18 20:53:53,840 [INFO] Reply from ptd: 'Range A changed'
ptd-server 2022-02-18 20:53:53,840 [INFO] Set initial values for Amps Auto and Volts Auto
ptd-server 2022-02-18 20:53:53,841 [INFO] Stopping ptd...
