ptd-server 2022-02-15 14:14:02,230 [INFO] Got command from the client 'time'
ptd-server 2022-02-15 14:14:02,230 [INFO] Sending reply to client '1644934442.2304711'
ptd-server 2022-02-15 14:14:02,233 [INFO] Got command from the client 'new,,31a068d3-12e2-4fd2-a18f-b0da1798bb18'
ptd-server 2022-02-15 14:14:02,233 [INFO] Sending reply to client 'OK 2022-02-15_14-14-02,3eaff081-b3c5-4833-89b9-1a1e685bac57'
ptd-server 2022-02-15 14:14:02,275 [INFO] Got command from the client 'time'
ptd-server 2022-02-15 14:14:02,275 [INFO] Sending reply to client '1644934442.2753348'
ptd-server 2022-02-15 14:14:02,277 [INFO] Got command from the client 'session,2022-02-15_14-14-02,start,ranging'
ptd-server 2022-02-15 14:14:02,277 [INFO] Running PTDaemon: ['/home/anton/projects/mlperf/power/inference_v1.0/ptd-linux-x86', '-l', '/tmp/tmpxvec0g6h/ptd_logfile.txt', '-p', '8888', '49', '/dev/usbtmc0']
ptd-server 2022-02-15 14:14:19,450 [INFO] Sending to ptd: 'Hello'
ptd-server 2022-02-15 14:14:19,450 [INFO] Reply from ptd: 'Hello, PTDaemon here!'
ptd-server 2022-02-15 14:14:19,450 [INFO] Sending to ptd: 'Identify'
ptd-server 2022-02-15 14:14:19,451 [INFO] Reply from ptd: 'YokogawaWT310E,1000,1,1,1,1,0,1,1,version=1.9.2-e8c7a49a-20201208,OS=Linux 5.13.0-27-generic #29~20.04.1-Ubuntu SMP Fri Jan 14 00:32:30 UTC 2022 x86_64,mode=power,1,1,1,0,0,no_cal_date,YOKOGAWA;WT310E;C3XA04010E;F1.04'
ptd-server 2022-02-15 14:14:19,451 [INFO] Connected to PTDaemon
ptd-server 2022-02-15 14:14:19,451 [INFO] Sending to ptd: 'RR'
ptd-server 2022-02-15 14:14:19,451 [INFO] Reply from ptd: 'Ranges,0,0.500000,0,300.000000'
ptd-server 2022-02-15 14:14:19,451 [INFO] Initial range for Amps is 0.500000 for Volts is 300.000000
ptd-server 2022-02-15 14:14:19,452 [INFO] Sending to ptd: 'SR,V,Auto'
ptd-server 2022-02-15 14:14:19,954 [INFO] Reply from ptd: 'Range V changed'
ptd-server 2022-02-15 14:14:19,954 [INFO] Sending to ptd: 'SR,A,Auto'
ptd-server 2022-02-15 14:14:20,457 [INFO] Reply from ptd: 'Range A changed'
ptd-server 2022-02-15 14:14:30,467 [INFO] Starting ranging mode
ptd-server 2022-02-15 14:14:30,467 [INFO] Sending to ptd: 'Go,1000,0,2022-02-15_14-14-02_ranging'
ptd-server 2022-02-15 14:14:30,468 [INFO] Reply from ptd: 'Starting untimed measurement, maximum 500000 samples at 1000ms with 0 rampup samples'
ptd-server 2022-02-15 14:14:30,468 [INFO] Sending reply to client 'OK'
ptd-server 2022-02-15 14:24:49,983 [INFO] Got command from the client 'session,2022-02-15_14-14-02,stop,ranging'
ptd-server 2022-02-15 14:24:59,993 [INFO] Sending to ptd: 'Stop'
ptd-server 2022-02-15 14:24:59,994 [INFO] Reply from ptd: 'Stopping untimed measurement'
ptd-server 2022-02-15 14:25:00,845 [INFO] Sending reply to client 'OK'
ptd-server 2022-02-15 14:25:00,899 [INFO] Got command from the client 'time'
ptd-server 2022-02-15 14:25:00,899 [INFO] Sending reply to client '1644935100.8991752'
ptd-server 2022-02-15 14:25:00,902 [INFO] Got command from the client 'session,2022-02-15_14-14-02,start,testing'
ptd-server 2022-02-15 14:25:00,902 [INFO] Sending to ptd: 'SR,V,248.280000'
ptd-server 2022-02-15 14:25:02,403 [INFO] Reply from ptd: 'Range V changed'
ptd-server 2022-02-15 14:25:02,403 [INFO] Sending to ptd: 'SR,A,0.208790'
ptd-server 2022-02-15 14:25:03,905 [INFO] Reply from ptd: 'Range A changed'
ptd-server 2022-02-15 14:25:13,912 [INFO] Starting testing mode
ptd-server 2022-02-15 14:25:13,912 [INFO] Sending to ptd: 'Go,1000,0,2022-02-15_14-14-02_testing'
ptd-server 2022-02-15 14:25:13,912 [INFO] Reply from ptd: 'Starting untimed measurement, maximum 500000 samples at 1000ms with 0 rampup samples'
ptd-server 2022-02-15 14:25:13,913 [INFO] Sending reply to client 'OK'
ptd-server 2022-02-15 14:35:33,365 [INFO] Got command from the client 'session,2022-02-15_14-14-02,stop,testing'
ptd-server 2022-02-15 14:35:43,375 [INFO] Sending to ptd: 'Stop'
ptd-server 2022-02-15 14:35:43,376 [INFO] Reply from ptd: 'Stopping untimed measurement'
ptd-server 2022-02-15 14:35:43,811 [INFO] Sending reply to client 'OK'
ptd-server 2022-02-15 14:35:43,829 [INFO] Got command from the client 'session,2022-02-15_14-14-02,done'
ptd-server 2022-02-15 14:35:43,829 [INFO] Sending to ptd: 'Stop'
ptd-server 2022-02-15 14:35:43,913 [INFO] Reply from ptd: 'Error: no measurement to stop'
ptd-server 2022-02-15 14:35:43,913 [INFO] Sending to ptd: 'SR,V,300.000000'
ptd-server 2022-02-15 14:35:45,414 [INFO] Reply from ptd: 'Range V changed'
ptd-server 2022-02-15 14:35:45,414 [INFO] Sending to ptd: 'SR,A,0.500000'
ptd-server 2022-02-15 14:35:46,916 [INFO] Reply from ptd: 'Range A changed'
ptd-server 2022-02-15 14:35:46,916 [INFO] Set initial values for Amps 0.500000 and Volts 300.000000
ptd-server 2022-02-15 14:35:46,916 [INFO] Stopping ptd...
