ptd-server 2022-02-21 21:31:12,996 [INFO] Got command from the client 'time'
ptd-server 2022-02-21 21:31:12,996 [INFO] Sending reply to client '1645479072.9969232'
ptd-server 2022-02-21 21:31:12,998 [INFO] Got command from the client 'new,,a8dff0b0-5c7a-4bb8-a9f7-72fd7726214d'
ptd-server 2022-02-21 21:31:12,998 [INFO] Sending reply to client 'OK 2022-02-21_21-31-12,0494f47a-5899-433b-afde-cfd9dc01ea44'
ptd-server 2022-02-21 21:31:13,035 [INFO] Got command from the client 'time'
ptd-server 2022-02-21 21:31:13,036 [INFO] Sending reply to client '1645479073.0361674'
ptd-server 2022-02-21 21:31:13,037 [INFO] Got command from the client 'session,2022-02-21_21-31-12,start,ranging'
ptd-server 2022-02-21 21:31:13,037 [INFO] Running PTDaemon: ['/home/anton/projects/mlperf/power/inference_v1.0/ptd-linux-x86', '-l', '/tmp/tmpgldyt7rr/ptd_logfile.txt', '-p', '8888', '49', '/dev/usbtmc0']
ptd-server 2022-02-21 21:31:30,209 [INFO] Sending to ptd: 'Hello'
ptd-server 2022-02-21 21:31:30,210 [INFO] Reply from ptd: 'Hello, PTDaemon here!'
ptd-server 2022-02-21 21:31:30,210 [INFO] Sending to ptd: 'Identify'
ptd-server 2022-02-21 21:31:30,211 [INFO] Reply from ptd: 'YokogawaWT310E,1000,1,1,1,1,0,1,1,version=1.9.2-e8c7a49a-20201208,OS=Linux 5.13.0-28-generic #31~20.04.1-Ubuntu SMP Wed Jan 19 14:08:10 UTC 2022 x86_64,mode=power,1,1,1,0,0,no_cal_date,YOKOGAWA;WT310E;C3XA04010E;F1.04'
ptd-server 2022-02-21 21:31:30,211 [INFO] Connected to PTDaemon
ptd-server 2022-02-21 21:31:30,211 [INFO] Sending to ptd: 'RR'
ptd-server 2022-02-21 21:31:30,211 [INFO] Reply from ptd: 'Ranges,0,0.500000,0,300.000000'
ptd-server 2022-02-21 21:31:30,212 [INFO] Initial range for Amps is 0.500000 for Volts is 300.000000
ptd-server 2022-02-21 21:31:30,212 [INFO] Sending to ptd: 'SR,V,Auto'
ptd-server 2022-02-21 21:31:30,714 [INFO] Reply from ptd: 'Range V changed'
ptd-server 2022-02-21 21:31:30,715 [INFO] Sending to ptd: 'SR,A,Auto'
ptd-server 2022-02-21 21:31:31,217 [INFO] Reply from ptd: 'Range A changed'
ptd-server 2022-02-21 21:31:41,227 [INFO] Starting ranging mode
ptd-server 2022-02-21 21:31:41,228 [INFO] Sending to ptd: 'Go,1000,0,2022-02-21_21-31-12_ranging'
ptd-server 2022-02-21 21:31:41,228 [INFO] Reply from ptd: 'Starting untimed measurement, maximum 500000 samples at 1000ms with 0 rampup samples'
ptd-server 2022-02-21 21:31:41,228 [INFO] Sending reply to client 'OK'
ptd-server 2022-02-21 21:42:02,758 [INFO] Got command from the client 'session,2022-02-21_21-31-12,stop,ranging'
ptd-server 2022-02-21 21:42:12,768 [INFO] Sending to ptd: 'Stop'
ptd-server 2022-02-21 21:42:12,768 [INFO] Reply from ptd: 'Stopping untimed measurement'
ptd-server 2022-02-21 21:42:13,432 [INFO] Sending reply to client 'OK'
ptd-server 2022-02-21 21:42:13,493 [INFO] Got command from the client 'time'
ptd-server 2022-02-21 21:42:13,494 [INFO] Sending reply to client '1645479733.494111'
ptd-server 2022-02-21 21:42:13,495 [INFO] Got command from the client 'session,2022-02-21_21-31-12,start,testing'
ptd-server 2022-02-21 21:42:13,495 [INFO] Sending to ptd: 'SR,V,249.720000'
ptd-server 2022-02-21 21:42:14,997 [INFO] Reply from ptd: 'Range V changed'
ptd-server 2022-02-21 21:42:14,997 [INFO] Sending to ptd: 'SR,A,0.070420'
ptd-server 2022-02-21 21:42:16,498 [INFO] Reply from ptd: 'Range A changed'
ptd-server 2022-02-21 21:42:26,508 [INFO] Starting testing mode
ptd-server 2022-02-21 21:42:26,508 [INFO] Sending to ptd: 'Go,1000,0,2022-02-21_21-31-12_testing'
ptd-server 2022-02-21 21:42:26,508 [INFO] Reply from ptd: 'Starting untimed measurement, maximum 500000 samples at 1000ms with 0 rampup samples'
ptd-server 2022-02-21 21:42:26,508 [INFO] Sending reply to client 'OK'
ptd-server 2022-02-21 21:52:49,096 [INFO] Got command from the client 'session,2022-02-21_21-31-12,stop,testing'
ptd-server 2022-02-21 21:52:59,106 [INFO] Sending to ptd: 'Stop'
ptd-server 2022-02-21 21:52:59,107 [INFO] Reply from ptd: 'Stopping untimed measurement'
ptd-server 2022-02-21 21:52:59,443 [INFO] Sending reply to client 'OK'
ptd-server 2022-02-21 21:52:59,469 [INFO] Got command from the client 'session,2022-02-21_21-31-12,done'
ptd-server 2022-02-21 21:52:59,469 [INFO] Sending to ptd: 'Stop'
ptd-server 2022-02-21 21:52:59,508 [INFO] Reply from ptd: 'Error: no measurement to stop'
ptd-server 2022-02-21 21:52:59,508 [INFO] Sending to ptd: 'SR,V,300.000000'
ptd-server 2022-02-21 21:53:01,009 [INFO] Reply from ptd: 'Range V changed'
ptd-server 2022-02-21 21:53:01,010 [INFO] Sending to ptd: 'SR,A,0.500000'
ptd-server 2022-02-21 21:53:02,511 [INFO] Reply from ptd: 'Range A changed'
ptd-server 2022-02-21 21:53:02,511 [INFO] Set initial values for Amps 0.500000 and Volts 300.000000
ptd-server 2022-02-21 21:53:02,511 [INFO] Stopping ptd...
