ptd-server 2022-02-23 00:14:10,858 [INFO] Got command from the client 'time'
ptd-server 2022-02-23 00:14:10,858 [INFO] Sending reply to client '1645575250.8585987'
ptd-server 2022-02-23 00:14:10,860 [INFO] Got command from the client 'new,,0103fe64-dc8d-4972-8aea-3f54acad7a91'
ptd-server 2022-02-23 00:14:10,861 [INFO] Sending reply to client 'OK 2022-02-23_00-14-10,54c2a181-4948-42fc-a121-882eebe3b5d1'
ptd-server 2022-02-23 00:14:10,898 [INFO] Got command from the client 'time'
ptd-server 2022-02-23 00:14:10,898 [INFO] Sending reply to client '1645575250.8983486'
ptd-server 2022-02-23 00:14:10,900 [INFO] Got command from the client 'session,2022-02-23_00-14-10,start,ranging'
ptd-server 2022-02-23 00:14:10,900 [INFO] Running PTDaemon: ['/home/anton/projects/mlperf/power/inference_v1.0/ptd-linux-x86', '-l', '/tmp/tmpgldyt7rr/ptd_logfile.txt', '-p', '8888', '49', '/dev/usbtmc0']
ptd-server 2022-02-23 00:14:28,072 [INFO] Sending to ptd: 'Hello'
ptd-server 2022-02-23 00:14:28,073 [INFO] Reply from ptd: 'Hello, PTDaemon here!'
ptd-server 2022-02-23 00:14:28,073 [INFO] Sending to ptd: 'Identify'
ptd-server 2022-02-23 00:14:28,074 [INFO] Reply from ptd: 'YokogawaWT310E,1000,1,1,1,1,0,1,1,version=1.9.2-e8c7a49a-20201208,OS=Linux 5.13.0-28-generic #31~20.04.1-Ubuntu SMP Wed Jan 19 14:08:10 UTC 2022 x86_64,mode=power,1,1,1,0,0,no_cal_date,YOKOGAWA;WT310E;C3XA04010E;F1.04'
ptd-server 2022-02-23 00:14:28,074 [INFO] Connected to PTDaemon
ptd-server 2022-02-23 00:14:28,074 [INFO] Sending to ptd: 'RR'
ptd-server 2022-02-23 00:14:28,074 [INFO] Reply from ptd: 'Ranges,0,0.500000,0,300.000000'
ptd-server 2022-02-23 00:14:28,074 [INFO] Initial range for Amps is 0.500000 for Volts is 300.000000
ptd-server 2022-02-23 00:14:28,074 [INFO] Sending to ptd: 'SR,V,Auto'
ptd-server 2022-02-23 00:14:28,577 [INFO] Reply from ptd: 'Range V changed'
ptd-server 2022-02-23 00:14:28,577 [INFO] Sending to ptd: 'SR,A,Auto'
ptd-server 2022-02-23 00:14:29,079 [INFO] Reply from ptd: 'Range A changed'
ptd-server 2022-02-23 00:14:39,089 [INFO] Starting ranging mode
ptd-server 2022-02-23 00:14:39,090 [INFO] Sending to ptd: 'Go,1000,0,2022-02-23_00-14-10_ranging'
ptd-server 2022-02-23 00:14:39,090 [INFO] Reply from ptd: 'Starting untimed measurement, maximum 500000 samples at 1000ms with 0 rampup samples'
ptd-server 2022-02-23 00:14:39,090 [INFO] Sending reply to client 'OK'
ptd-server 2022-02-23 00:25:08,214 [INFO] Got command from the client 'session,2022-02-23_00-14-10,stop,ranging'
ptd-server 2022-02-23 00:25:18,224 [INFO] Sending to ptd: 'Stop'
ptd-server 2022-02-23 00:25:18,224 [INFO] Reply from ptd: 'Stopping untimed measurement'
ptd-server 2022-02-23 00:25:19,036 [INFO] Sending reply to client 'OK'
ptd-server 2022-02-23 00:25:19,097 [INFO] Got command from the client 'time'
ptd-server 2022-02-23 00:25:19,097 [INFO] Sending reply to client '1645575919.097595'
ptd-server 2022-02-23 00:25:19,099 [INFO] Got command from the client 'session,2022-02-23_00-14-10,start,testing'
ptd-server 2022-02-23 00:25:19,099 [INFO] Sending to ptd: 'SR,V,249.280000'
ptd-server 2022-02-23 00:25:20,600 [INFO] Reply from ptd: 'Range V changed'
ptd-server 2022-02-23 00:25:20,600 [INFO] Sending to ptd: 'SR,A,0.050130'
ptd-server 2022-02-23 00:25:22,102 [INFO] Reply from ptd: 'Range A changed'
ptd-server 2022-02-23 00:25:32,112 [INFO] Starting testing mode
ptd-server 2022-02-23 00:25:32,112 [INFO] Sending to ptd: 'Go,1000,0,2022-02-23_00-14-10_testing'
ptd-server 2022-02-23 00:25:32,113 [INFO] Reply from ptd: 'Starting untimed measurement, maximum 500000 samples at 1000ms with 0 rampup samples'
ptd-server 2022-02-23 00:25:32,113 [INFO] Sending reply to client 'OK'
ptd-server 2022-02-23 00:36:00,934 [INFO] Got command from the client 'session,2022-02-23_00-14-10,stop,testing'
ptd-server 2022-02-23 00:36:10,944 [INFO] Sending to ptd: 'Stop'
ptd-server 2022-02-23 00:36:10,944 [INFO] Reply from ptd: 'Stopping untimed measurement'
ptd-server 2022-02-23 00:36:11,352 [INFO] Sending reply to client 'OK'
ptd-server 2022-02-23 00:36:11,371 [INFO] Got command from the client 'session,2022-02-23_00-14-10,done'
ptd-server 2022-02-23 00:36:11,371 [INFO] Sending to ptd: 'Stop'
ptd-server 2022-02-23 00:36:11,371 [INFO] Reply from ptd: 'Error: no measurement to stop'
ptd-server 2022-02-23 00:36:11,372 [INFO] Sending to ptd: 'SR,V,300.000000'
ptd-server 2022-02-23 00:36:12,873 [INFO] Reply from ptd: 'Range V changed'
ptd-server 2022-02-23 00:36:12,873 [INFO] Sending to ptd: 'SR,A,0.500000'
ptd-server 2022-02-23 00:36:14,374 [INFO] Reply from ptd: 'Range A changed'
ptd-server 2022-02-23 00:36:14,375 [INFO] Set initial values for Amps 0.500000 and Volts 300.000000
ptd-server 2022-02-23 00:36:14,375 [INFO] Stopping ptd...
