ptd-server 2022-02-23 22:23:05,110 [INFO] Got command from the client 'time'
ptd-server 2022-02-23 22:23:05,110 [INFO] Sending reply to client '1645654985.1107144'
ptd-server 2022-02-23 22:23:05,112 [INFO] Got command from the client 'new,,cda890d1-601c-4547-9ab9-eb03132f224e'
ptd-server 2022-02-23 22:23:05,113 [INFO] Sending reply to client 'OK 2022-02-23_22-23-05,ce030d51-69a3-4c5a-8491-17bb0be5e1b1'
ptd-server 2022-02-23 22:23:05,150 [INFO] Got command from the client 'time'
ptd-server 2022-02-23 22:23:05,151 [INFO] Sending reply to client '1645654985.151045'
ptd-server 2022-02-23 22:23:05,152 [INFO] Got command from the client 'session,2022-02-23_22-23-05,start,ranging'
ptd-server 2022-02-23 22:23:05,153 [INFO] Running PTDaemon: ['/home/anton/projects/mlperf/power/inference_v1.0/ptd-linux-x86', '-l', '/tmp/tmp0_fn53vp/ptd_logfile.txt', '-p', '8888', '49', '/dev/usbtmc0']
ptd-server 2022-02-23 22:23:22,318 [INFO] Sending to ptd: 'Hello'
ptd-server 2022-02-23 22:23:22,318 [INFO] Reply from ptd: 'Hello, PTDaemon here!'
ptd-server 2022-02-23 22:23:22,318 [INFO] Sending to ptd: 'Identify'
ptd-server 2022-02-23 22:23:22,319 [INFO] Reply from ptd: 'YokogawaWT310E,1000,1,1,1,1,0,1,1,version=1.9.2-e8c7a49a-20201208,OS=Linux 5.13.0-30-generic #33~20.04.1-Ubuntu SMP Mon Feb 7 14:25:10 UTC 2022 x86_64,mode=power,1,1,1,0,0,no_cal_date,YOKOGAWA;WT310E;C3XA04010E;F1.04'
ptd-server 2022-02-23 22:23:22,319 [INFO] Connected to PTDaemon
ptd-server 2022-02-23 22:23:22,319 [INFO] Sending to ptd: 'RR'
ptd-server 2022-02-23 22:23:22,320 [INFO] Reply from ptd: 'Ranges,0,0.500000,1,300.000000'
ptd-server 2022-02-23 22:23:22,320 [INFO] Initial range for Amps is 0.500000 for Volts is Auto
ptd-server 2022-02-23 22:23:22,320 [INFO] Sending to ptd: 'SR,V,Auto'
ptd-server 2022-02-23 22:23:22,822 [INFO] Reply from ptd: 'Range V changed'
ptd-server 2022-02-23 22:23:22,823 [INFO] Sending to ptd: 'SR,A,Auto'
ptd-server 2022-02-23 22:23:23,325 [INFO] Reply from ptd: 'Range A changed'
ptd-server 2022-02-23 22:23:33,336 [INFO] Starting ranging mode
ptd-server 2022-02-23 22:23:33,336 [INFO] Sending to ptd: 'Go,1000,0,2022-02-23_22-23-05_ranging'
ptd-server 2022-02-23 22:23:33,336 [INFO] Reply from ptd: 'Starting untimed measurement, maximum 500000 samples at 1000ms with 0 rampup samples'
ptd-server 2022-02-23 22:23:33,337 [INFO] Sending reply to client 'OK'
ptd-server 2022-02-23 22:33:56,644 [INFO] Got command from the client 'session,2022-02-23_22-23-05,stop,ranging'
ptd-server 2022-02-23 22:34:06,652 [INFO] Sending to ptd: 'Stop'
ptd-server 2022-02-23 22:34:06,653 [INFO] Reply from ptd: 'Stopping untimed measurement'
ptd-server 2022-02-23 22:34:06,667 [INFO] Sending reply to client 'OK'
ptd-server 2022-02-23 22:34:06,723 [INFO] Got command from the client 'time'
ptd-server 2022-02-23 22:34:06,723 [INFO] Sending reply to client '1645655646.723231'
ptd-server 2022-02-23 22:34:06,724 [INFO] Got command from the client 'session,2022-02-23_22-23-05,start,testing'
ptd-server 2022-02-23 22:34:06,725 [INFO] Sending to ptd: 'SR,V,248.590000'
ptd-server 2022-02-23 22:34:08,837 [INFO] Reply from ptd: 'Range V changed'
ptd-server 2022-02-23 22:34:08,838 [INFO] Sending to ptd: 'SR,A,0.046230'
ptd-server 2022-02-23 22:34:10,339 [INFO] Reply from ptd: 'Range A changed'
ptd-server 2022-02-23 22:34:20,348 [INFO] Starting testing mode
ptd-server 2022-02-23 22:34:20,348 [INFO] Sending to ptd: 'Go,1000,0,2022-02-23_22-23-05_testing'
ptd-server 2022-02-23 22:34:20,348 [INFO] Reply from ptd: 'Starting untimed measurement, maximum 500000 samples at 1000ms with 0 rampup samples'
ptd-server 2022-02-23 22:34:20,349 [INFO] Sending reply to client 'OK'
ptd-server 2022-02-23 22:44:43,170 [INFO] Got command from the client 'session,2022-02-23_22-23-05,stop,testing'
ptd-server 2022-02-23 22:44:53,180 [INFO] Sending to ptd: 'Stop'
ptd-server 2022-02-23 22:44:53,180 [INFO] Reply from ptd: 'Stopping untimed measurement'
ptd-server 2022-02-23 22:44:53,189 [INFO] Sending reply to client 'OK'
ptd-server 2022-02-23 22:44:53,208 [INFO] Got command from the client 'session,2022-02-23_22-23-05,done'
ptd-server 2022-02-23 22:44:53,208 [INFO] Sending to ptd: 'Stop'
ptd-server 2022-02-23 22:44:53,348 [INFO] Reply from ptd: 'Error: no measurement to stop'
ptd-server 2022-02-23 22:44:53,348 [INFO] Sending to ptd: 'SR,V,Auto'
ptd-server 2022-02-23 22:44:53,851 [INFO] Reply from ptd: 'Range V changed'
ptd-server 2022-02-23 22:44:53,851 [INFO] Sending to ptd: 'SR,A,0.500000'
ptd-server 2022-02-23 22:44:55,353 [INFO] Reply from ptd: 'Range A changed'
ptd-server 2022-02-23 22:44:55,353 [INFO] Set initial values for Amps 0.500000 and Volts Auto
ptd-server 2022-02-23 22:44:55,353 [INFO] Stopping ptd...
