ptd-server 2022-02-20 02:36:55,872 [INFO] Got command from the client 'time'
ptd-server 2022-02-20 02:36:55,872 [INFO] Sending reply to client '1645324615.87264'
ptd-server 2022-02-20 02:36:55,873 [INFO] Got command from the client 'new,,cdf7c1de-d026-44dc-9005-ce0b15e86f14'
ptd-server 2022-02-20 02:36:55,874 [INFO] Sending reply to client 'OK 2022-02-20_02-36-55,07b49cd2-1168-4060-834f-aefb5352bef8'
ptd-server 2022-02-20 02:36:55,902 [INFO] Got command from the client 'time'
ptd-server 2022-02-20 02:36:55,902 [INFO] Sending reply to client '1645324615.9025822'
ptd-server 2022-02-20 02:36:55,903 [INFO] Got command from the client 'session,2022-02-20_02-36-55,start,ranging'
ptd-server 2022-02-20 02:36:55,904 [INFO] Running PTDaemon: ['/home/anton/projects/mlperf/power/inference_v1.0/ptd-linux-x86', '-l', '/tmp/tmpgldyt7rr/ptd_logfile.txt', '-p', '8888', '49', '/dev/usbtmc0']
ptd-server 2022-02-20 02:37:13,077 [INFO] Sending to ptd: 'Hello'
ptd-server 2022-02-20 02:37:13,078 [INFO] Reply from ptd: 'Hello, PTDaemon here!'
ptd-server 2022-02-20 02:37:13,078 [INFO] Sending to ptd: 'Identify'
ptd-server 2022-02-20 02:37:13,078 [INFO] Reply from ptd: 'YokogawaWT310E,1000,1,1,1,1,0,1,1,version=1.9.2-e8c7a49a-20201208,OS=Linux 5.13.0-28-generic #31~20.04.1-Ubuntu SMP Wed Jan 19 14:08:10 UTC 2022 x86_64,mode=power,1,1,1,0,0,no_cal_date,YOKOGAWA;WT310E;C3XA04010E;F1.04'
ptd-server 2022-02-20 02:37:13,079 [INFO] Connected to PTDaemon
ptd-server 2022-02-20 02:37:13,079 [INFO] Sending to ptd: 'RR'
ptd-server 2022-02-20 02:37:13,079 [INFO] Reply from ptd: 'Ranges,0,0.500000,0,300.000000'
ptd-server 2022-02-20 02:37:13,079 [INFO] Initial range for Amps is 0.500000 for Volts is 300.000000
ptd-server 2022-02-20 02:37:13,079 [INFO] Sending to ptd: 'SR,V,Auto'
ptd-server 2022-02-20 02:37:13,582 [INFO] Reply from ptd: 'Range V changed'
ptd-server 2022-02-20 02:37:13,582 [INFO] Sending to ptd: 'SR,A,Auto'
ptd-server 2022-02-20 02:37:14,084 [INFO] Reply from ptd: 'Range A changed'
ptd-server 2022-02-20 02:37:24,095 [INFO] Starting ranging mode
ptd-server 2022-02-20 02:37:24,095 [INFO] Sending to ptd: 'Go,1000,0,2022-02-20_02-36-55_ranging'
ptd-server 2022-02-20 02:37:24,095 [INFO] Reply from ptd: 'Starting untimed measurement, maximum 500000 samples at 1000ms with 0 rampup samples'
ptd-server 2022-02-20 02:37:24,096 [INFO] Sending reply to client 'OK'
ptd-server 2022-02-20 02:47:45,448 [INFO] Got command from the client 'session,2022-02-20_02-36-55,stop,ranging'
ptd-server 2022-02-20 02:47:55,458 [INFO] Sending to ptd: 'Stop'
ptd-server 2022-02-20 02:47:55,459 [INFO] Reply from ptd: 'Stopping untimed measurement'
ptd-server 2022-02-20 02:47:55,881 [INFO] Sending reply to client 'OK'
ptd-server 2022-02-20 02:47:55,981 [INFO] Got command from the client 'time'
ptd-server 2022-02-20 02:47:55,981 [INFO] Sending reply to client '1645325275.981285'
ptd-server 2022-02-20 02:47:55,982 [INFO] Got command from the client 'session,2022-02-20_02-36-55,start,testing'
ptd-server 2022-02-20 02:47:55,982 [INFO] Sending to ptd: 'SR,V,249.030000'
ptd-server 2022-02-20 02:47:57,596 [INFO] Reply from ptd: 'Range V changed'
ptd-server 2022-02-20 02:47:57,596 [INFO] Sending to ptd: 'SR,A,0.055500'
ptd-server 2022-02-20 02:47:59,097 [INFO] Reply from ptd: 'Range A changed'
ptd-server 2022-02-20 02:48:09,108 [INFO] Starting testing mode
ptd-server 2022-02-20 02:48:09,108 [INFO] Sending to ptd: 'Go,1000,0,2022-02-20_02-36-55_testing'
ptd-server 2022-02-20 02:48:09,108 [INFO] Reply from ptd: 'Starting untimed measurement, maximum 500000 samples at 1000ms with 0 rampup samples'
ptd-server 2022-02-20 02:48:09,108 [INFO] Sending reply to client 'OK'
ptd-server 2022-02-20 02:58:31,546 [INFO] Got command from the client 'session,2022-02-20_02-36-55,stop,testing'
ptd-server 2022-02-20 02:58:41,556 [INFO] Sending to ptd: 'Stop'
ptd-server 2022-02-20 02:58:41,556 [INFO] Reply from ptd: 'Stopping untimed measurement'
ptd-server 2022-02-20 02:58:41,786 [INFO] Sending reply to client 'OK'
ptd-server 2022-02-20 02:58:41,805 [INFO] Got command from the client 'session,2022-02-20_02-36-55,done'
ptd-server 2022-02-20 02:58:41,805 [INFO] Sending to ptd: 'Stop'
ptd-server 2022-02-20 02:58:42,109 [INFO] Reply from ptd: 'Error: no measurement to stop'
ptd-server 2022-02-20 02:58:42,109 [INFO] Sending to ptd: 'SR,V,300.000000'
ptd-server 2022-02-20 02:58:43,610 [INFO] Reply from ptd: 'Range V changed'
ptd-server 2022-02-20 02:58:43,611 [INFO] Sending to ptd: 'SR,A,0.500000'
ptd-server 2022-02-20 02:58:45,112 [INFO] Reply from ptd: 'Range A changed'
ptd-server 2022-02-20 02:58:45,112 [INFO] Set initial values for Amps 0.500000 and Volts 300.000000
ptd-server 2022-02-20 02:58:45,112 [INFO] Stopping ptd...
