ptd-server 2022-02-15 01:48:29,721 [INFO] Got command from the client 'time'
ptd-server 2022-02-15 01:48:29,721 [INFO] Sending reply to client '1644889709.7213337'
ptd-server 2022-02-15 01:48:29,723 [INFO] Got command from the client 'new,,ca2e06b0-3c8a-470b-9ec0-46fcdf2a0917'
ptd-server 2022-02-15 01:48:29,724 [INFO] Sending reply to client 'OK 2022-02-15_01-48-29,4baadc0d-9003-4112-a325-275c7761ef27'
ptd-server 2022-02-15 01:48:29,761 [INFO] Got command from the client 'time'
ptd-server 2022-02-15 01:48:29,761 [INFO] Sending reply to client '1644889709.7618115'
ptd-server 2022-02-15 01:48:29,763 [INFO] Got command from the client 'session,2022-02-15_01-48-29,start,ranging'
ptd-server 2022-02-15 01:48:29,764 [INFO] Running PTDaemon: ['/home/anton/projects/mlperf/power/inference_v1.0/ptd-linux-x86', '-l', '/tmp/tmpxvec0g6h/ptd_logfile.txt', '-p', '8888', '49', '/dev/usbtmc0']
ptd-server 2022-02-15 01:48:46,937 [INFO] Sending to ptd: 'Hello'
ptd-server 2022-02-15 01:48:46,938 [INFO] Reply from ptd: 'Hello, PTDaemon here!'
ptd-server 2022-02-15 01:48:46,938 [INFO] Sending to ptd: 'Identify'
ptd-server 2022-02-15 01:48:46,938 [INFO] Reply from ptd: 'YokogawaWT310E,1000,1,1,1,1,0,1,1,version=1.9.2-e8c7a49a-20201208,OS=Linux 5.13.0-27-generic #29~20.04.1-Ubuntu SMP Fri Jan 14 00:32:30 UTC 2022 x86_64,mode=power,1,1,1,0,0,no_cal_date,YOKOGAWA;WT310E;C3XA04010E;F1.04'
ptd-server 2022-02-15 01:48:46,938 [INFO] Connected to PTDaemon
ptd-server 2022-02-15 01:48:46,939 [INFO] Sending to ptd: 'RR'
ptd-server 2022-02-15 01:48:46,939 [INFO] Reply from ptd: 'Ranges,0,0.500000,0,300.000000'
ptd-server 2022-02-15 01:48:46,939 [INFO] Initial range for Amps is 0.500000 for Volts is 300.000000
ptd-server 2022-02-15 01:48:46,939 [INFO] Sending to ptd: 'SR,V,Auto'
ptd-server 2022-02-15 01:48:47,442 [INFO] Reply from ptd: 'Range V changed'
ptd-server 2022-02-15 01:48:47,442 [INFO] Sending to ptd: 'SR,A,Auto'
ptd-server 2022-02-15 01:48:47,944 [INFO] Reply from ptd: 'Range A changed'
ptd-server 2022-02-15 01:48:57,955 [INFO] Starting ranging mode
ptd-server 2022-02-15 01:48:57,955 [INFO] Sending to ptd: 'Go,1000,0,2022-02-15_01-48-29_ranging'
ptd-server 2022-02-15 01:48:57,955 [INFO] Reply from ptd: 'Starting untimed measurement, maximum 500000 samples at 1000ms with 0 rampup samples'
ptd-server 2022-02-15 01:48:57,956 [INFO] Sending reply to client 'OK'
ptd-server 2022-02-15 01:59:17,524 [INFO] Got command from the client 'session,2022-02-15_01-48-29,stop,ranging'
ptd-server 2022-02-15 01:59:27,535 [INFO] Sending to ptd: 'Stop'
ptd-server 2022-02-15 01:59:27,535 [INFO] Reply from ptd: 'Stopping untimed measurement'
ptd-server 2022-02-15 01:59:28,328 [INFO] Sending reply to client 'OK'
ptd-server 2022-02-15 01:59:28,381 [INFO] Got command from the client 'time'
ptd-server 2022-02-15 01:59:28,381 [INFO] Sending reply to client '1644890368.3811736'
ptd-server 2022-02-15 01:59:28,383 [INFO] Got command from the client 'session,2022-02-15_01-48-29,start,testing'
ptd-server 2022-02-15 01:59:28,383 [INFO] Sending to ptd: 'SR,V,251.450000'
ptd-server 2022-02-15 01:59:29,885 [INFO] Reply from ptd: 'Range V changed'
ptd-server 2022-02-15 01:59:29,885 [INFO] Sending to ptd: 'SR,A,0.201530'
ptd-server 2022-02-15 01:59:31,386 [INFO] Reply from ptd: 'Range A changed'
ptd-server 2022-02-15 01:59:41,397 [INFO] Starting testing mode
ptd-server 2022-02-15 01:59:41,397 [INFO] Sending to ptd: 'Go,1000,0,2022-02-15_01-48-29_testing'
ptd-server 2022-02-15 01:59:41,397 [INFO] Reply from ptd: 'Starting untimed measurement, maximum 500000 samples at 1000ms with 0 rampup samples'
ptd-server 2022-02-15 01:59:41,397 [INFO] Sending reply to client 'OK'
ptd-server 2022-02-15 02:10:00,907 [INFO] Got command from the client 'session,2022-02-15_01-48-29,stop,testing'
ptd-server 2022-02-15 02:10:10,918 [INFO] Sending to ptd: 'Stop'
ptd-server 2022-02-15 02:10:10,918 [INFO] Reply from ptd: 'Stopping untimed measurement'
ptd-server 2022-02-15 02:10:11,323 [INFO] Sending reply to client 'OK'
ptd-server 2022-02-15 02:10:11,342 [INFO] Got command from the client 'session,2022-02-15_01-48-29,done'
ptd-server 2022-02-15 02:10:11,342 [INFO] Sending to ptd: 'Stop'
ptd-server 2022-02-15 02:10:11,398 [INFO] Reply from ptd: 'Error: no measurement to stop'
ptd-server 2022-02-15 02:10:11,398 [INFO] Sending to ptd: 'SR,V,300.000000'
ptd-server 2022-02-15 02:10:12,899 [INFO] Reply from ptd: 'Range V changed'
ptd-server 2022-02-15 02:10:12,899 [INFO] Sending to ptd: 'SR,A,0.500000'
ptd-server 2022-02-15 02:10:14,401 [INFO] Reply from ptd: 'Range A changed'
ptd-server 2022-02-15 02:10:14,401 [INFO] Set initial values for Amps 0.500000 and Volts 300.000000
ptd-server 2022-02-15 02:10:14,401 [INFO] Stopping ptd...
