ptd-server 2022-02-21 20:03:13,689 [INFO] Got command from the client 'time'
ptd-server 2022-02-21 20:03:13,690 [INFO] Sending reply to client '1645473793.6899872'
ptd-server 2022-02-21 20:03:13,692 [INFO] Got command from the client 'new,,699ca2bd-4d82-47f1-99e5-a9be2ecd7a7d'
ptd-server 2022-02-21 20:03:13,692 [INFO] Sending reply to client 'OK 2022-02-21_20-03-13,65af8977-bd99-4648-bcab-edd9c2e4d9ea'
ptd-server 2022-02-21 20:03:13,730 [INFO] Got command from the client 'time'
ptd-server 2022-02-21 20:03:13,730 [INFO] Sending reply to client '1645473793.7302365'
ptd-server 2022-02-21 20:03:13,732 [INFO] Got command from the client 'session,2022-02-21_20-03-13,start,ranging'
ptd-server 2022-02-21 20:03:13,732 [INFO] Running PTDaemon: ['/home/anton/projects/mlperf/power/inference_v1.0/ptd-linux-x86', '-l', '/tmp/tmpgldyt7rr/ptd_logfile.txt', '-p', '8888', '49', '/dev/usbtmc0']
ptd-server 2022-02-21 20:03:30,905 [INFO] Sending to ptd: 'Hello'
ptd-server 2022-02-21 20:03:30,906 [INFO] Reply from ptd: 'Hello, PTDaemon here!'
ptd-server 2022-02-21 20:03:30,906 [INFO] Sending to ptd: 'Identify'
ptd-server 2022-02-21 20:03:30,906 [INFO] Reply from ptd: 'YokogawaWT310E,1000,1,1,1,1,0,1,1,version=1.9.2-e8c7a49a-20201208,OS=Linux 5.13.0-28-generic #31~20.04.1-Ubuntu SMP Wed Jan 19 14:08:10 UTC 2022 x86_64,mode=power,1,1,1,0,0,no_cal_date,YOKOGAWA;WT310E;C3XA04010E;F1.04'
ptd-server 2022-02-21 20:03:30,906 [INFO] Connected to PTDaemon
ptd-server 2022-02-21 20:03:30,906 [INFO] Sending to ptd: 'RR'
ptd-server 2022-02-21 20:03:30,907 [INFO] Reply from ptd: 'Ranges,0,0.500000,0,300.000000'
ptd-server 2022-02-21 20:03:30,907 [INFO] Initial range for Amps is 0.500000 for Volts is 300.000000
ptd-server 2022-02-21 20:03:30,907 [INFO] Sending to ptd: 'SR,V,Auto'
ptd-server 2022-02-21 20:03:31,409 [INFO] Reply from ptd: 'Range V changed'
ptd-server 2022-02-21 20:03:31,410 [INFO] Sending to ptd: 'SR,A,Auto'
ptd-server 2022-02-21 20:03:31,912 [INFO] Reply from ptd: 'Range A changed'
ptd-server 2022-02-21 20:03:41,922 [INFO] Starting ranging mode
ptd-server 2022-02-21 20:03:41,923 [INFO] Sending to ptd: 'Go,1000,0,2022-02-21_20-03-13_ranging'
ptd-server 2022-02-21 20:03:41,923 [INFO] Reply from ptd: 'Starting untimed measurement, maximum 500000 samples at 1000ms with 0 rampup samples'
ptd-server 2022-02-21 20:03:41,923 [INFO] Sending reply to client 'OK'
ptd-server 2022-02-21 20:14:03,643 [INFO] Got command from the client 'session,2022-02-21_20-03-13,stop,ranging'
ptd-server 2022-02-21 20:14:13,653 [INFO] Sending to ptd: 'Stop'
ptd-server 2022-02-21 20:14:13,654 [INFO] Reply from ptd: 'Stopping untimed measurement'
ptd-server 2022-02-21 20:14:14,310 [INFO] Sending reply to client 'OK'
ptd-server 2022-02-21 20:14:14,386 [INFO] Got command from the client 'time'
ptd-server 2022-02-21 20:14:14,386 [INFO] Sending reply to client '1645474454.3866348'
ptd-server 2022-02-21 20:14:14,391 [INFO] Got command from the client 'session,2022-02-21_20-03-13,start,testing'
ptd-server 2022-02-21 20:14:14,391 [INFO] Sending to ptd: 'SR,V,250.630000'
ptd-server 2022-02-21 20:14:15,893 [INFO] Reply from ptd: 'Range V changed'
ptd-server 2022-02-21 20:14:15,893 [INFO] Sending to ptd: 'SR,A,0.072090'
ptd-server 2022-02-21 20:14:17,394 [INFO] Reply from ptd: 'Range A changed'
ptd-server 2022-02-21 20:14:27,404 [INFO] Starting testing mode
ptd-server 2022-02-21 20:14:27,405 [INFO] Sending to ptd: 'Go,1000,0,2022-02-21_20-03-13_testing'
ptd-server 2022-02-21 20:14:27,405 [INFO] Reply from ptd: 'Starting untimed measurement, maximum 500000 samples at 1000ms with 0 rampup samples'
ptd-server 2022-02-21 20:14:27,405 [INFO] Sending reply to client 'OK'
ptd-server 2022-02-21 20:24:50,105 [INFO] Got command from the client 'session,2022-02-21_20-03-13,stop,testing'
ptd-server 2022-02-21 20:25:00,116 [INFO] Sending to ptd: 'Stop'
ptd-server 2022-02-21 20:25:00,116 [INFO] Reply from ptd: 'Stopping untimed measurement'
ptd-server 2022-02-21 20:25:00,465 [INFO] Sending reply to client 'OK'
ptd-server 2022-02-21 20:25:00,504 [INFO] Got command from the client 'session,2022-02-21_20-03-13,done'
ptd-server 2022-02-21 20:25:00,505 [INFO] Sending to ptd: 'Stop'
ptd-server 2022-02-21 20:25:00,505 [INFO] Reply from ptd: 'Error: no measurement to stop'
ptd-server 2022-02-21 20:25:00,505 [INFO] Sending to ptd: 'SR,V,300.000000'
ptd-server 2022-02-21 20:25:02,006 [INFO] Reply from ptd: 'Range V changed'
ptd-server 2022-02-21 20:25:02,006 [INFO] Sending to ptd: 'SR,A,0.500000'
ptd-server 2022-02-21 20:25:03,508 [INFO] Reply from ptd: 'Range A changed'
ptd-server 2022-02-21 20:25:03,508 [INFO] Set initial values for Amps 0.500000 and Volts 300.000000
ptd-server 2022-02-21 20:25:03,508 [INFO] Stopping ptd...
