ptd-server 2022-02-13 17:45:25,476 [INFO] Got command from the client 'time'
ptd-server 2022-02-13 17:45:25,476 [INFO] Sending reply to client '1644774325.4766092'
ptd-server 2022-02-13 17:45:25,478 [INFO] Got command from the client 'new,,097cad5f-7d75-4a58-8127-ee30d1f80046'
ptd-server 2022-02-13 17:45:25,479 [INFO] Sending reply to client 'OK 2022-02-13_17-45-25,bac0c923-b5a6-4f83-8a8b-5f4a54733e1a'
ptd-server 2022-02-13 17:45:25,516 [INFO] Got command from the client 'time'
ptd-server 2022-02-13 17:45:25,516 [INFO] Sending reply to client '1644774325.5169237'
ptd-server 2022-02-13 17:45:25,519 [INFO] Got command from the client 'session,2022-02-13_17-45-25,start,ranging'
ptd-server 2022-02-13 17:45:25,519 [INFO] Running PTDaemon: ['/home/anton/projects/mlperf/power/inference_v1.0/ptd-linux-x86', '-l', '/tmp/tmpxvec0g6h/ptd_logfile.txt', '-p', '8888', '49', '/dev/usbtmc0']
ptd-server 2022-02-13 17:45:42,692 [INFO] Sending to ptd: 'Hello'
ptd-server 2022-02-13 17:45:42,692 [INFO] Reply from ptd: 'Hello, PTDaemon here!'
ptd-server 2022-02-13 17:45:42,693 [INFO] Sending to ptd: 'Identify'
ptd-server 2022-02-13 17:45:42,693 [INFO] Reply from ptd: 'YokogawaWT310E,1000,1,1,1,1,0,1,1,version=1.9.2-e8c7a49a-20201208,OS=Linux 5.13.0-27-generic #29~20.04.1-Ubuntu SMP Fri Jan 14 00:32:30 UTC 2022 x86_64,mode=power,1,1,1,0,0,no_cal_date,YOKOGAWA;WT310E;C3XA04010E;F1.04'
ptd-server 2022-02-13 17:45:42,693 [INFO] Connected to PTDaemon
ptd-server 2022-02-13 17:45:42,693 [INFO] Sending to ptd: 'RR'
ptd-server 2022-02-13 17:45:42,694 [INFO] Reply from ptd: 'Ranges,0,0.500000,0,300.000000'
ptd-server 2022-02-13 17:45:42,694 [INFO] Initial range for Amps is 0.500000 for Volts is 300.000000
ptd-server 2022-02-13 17:45:42,694 [INFO] Sending to ptd: 'SR,V,Auto'
ptd-server 2022-02-13 17:45:43,196 [INFO] Reply from ptd: 'Range V changed'
ptd-server 2022-02-13 17:45:43,196 [INFO] Sending to ptd: 'SR,A,Auto'
ptd-server 2022-02-13 17:45:43,699 [INFO] Reply from ptd: 'Range A changed'
ptd-server 2022-02-13 17:45:53,709 [INFO] Starting ranging mode
ptd-server 2022-02-13 17:45:53,709 [INFO] Sending to ptd: 'Go,1000,0,2022-02-13_17-45-25_ranging'
ptd-server 2022-02-13 17:45:53,710 [INFO] Reply from ptd: 'Starting untimed measurement, maximum 500000 samples at 1000ms with 0 rampup samples'
ptd-server 2022-02-13 17:45:53,710 [INFO] Sending reply to client 'OK'
ptd-server 2022-02-13 17:56:09,305 [INFO] Got command from the client 'session,2022-02-13_17-45-25,stop,ranging'
ptd-server 2022-02-13 17:56:19,316 [INFO] Sending to ptd: 'Stop'
ptd-server 2022-02-13 17:56:19,316 [INFO] Reply from ptd: 'Stopping untimed measurement'
ptd-server 2022-02-13 17:56:19,950 [INFO] Sending reply to client 'OK'
ptd-server 2022-02-13 17:56:20,011 [INFO] Got command from the client 'time'
ptd-server 2022-02-13 17:56:20,011 [INFO] Sending reply to client '1644774980.0118012'
ptd-server 2022-02-13 17:56:20,014 [INFO] Got command from the client 'session,2022-02-13_17-45-25,start,testing'
ptd-server 2022-02-13 17:56:20,014 [INFO] Sending to ptd: 'SR,V,247.500000'
ptd-server 2022-02-13 17:56:21,515 [INFO] Reply from ptd: 'Range V changed'
ptd-server 2022-02-13 17:56:21,516 [INFO] Sending to ptd: 'SR,A,0.144580'
ptd-server 2022-02-13 17:56:23,017 [INFO] Reply from ptd: 'Range A changed'
ptd-server 2022-02-13 17:56:33,027 [INFO] Starting testing mode
ptd-server 2022-02-13 17:56:33,027 [INFO] Sending to ptd: 'Go,1000,0,2022-02-13_17-45-25_testing'
ptd-server 2022-02-13 17:56:33,028 [INFO] Reply from ptd: 'Starting untimed measurement, maximum 500000 samples at 1000ms with 0 rampup samples'
ptd-server 2022-02-13 17:56:33,028 [INFO] Sending reply to client 'OK'
ptd-server 2022-02-13 18:06:48,630 [INFO] Got command from the client 'session,2022-02-13_17-45-25,stop,testing'
ptd-server 2022-02-13 18:06:58,641 [INFO] Sending to ptd: 'Stop'
ptd-server 2022-02-13 18:06:58,641 [INFO] Reply from ptd: 'Stopping untimed measurement'
ptd-server 2022-02-13 18:06:58,977 [INFO] Sending reply to client 'OK'
ptd-server 2022-02-13 18:06:58,995 [INFO] Got command from the client 'session,2022-02-13_17-45-25,done'
ptd-server 2022-02-13 18:06:58,995 [INFO] Sending to ptd: 'Stop'
ptd-server 2022-02-13 18:06:59,029 [INFO] Reply from ptd: 'Error: no measurement to stop'
ptd-server 2022-02-13 18:06:59,029 [INFO] Sending to ptd: 'SR,V,300.000000'
ptd-server 2022-02-13 18:07:00,530 [INFO] Reply from ptd: 'Range V changed'
ptd-server 2022-02-13 18:07:00,531 [INFO] Sending to ptd: 'SR,A,0.500000'
ptd-server 2022-02-13 18:07:02,032 [INFO] Reply from ptd: 'Range A changed'
ptd-server 2022-02-13 18:07:02,032 [INFO] Set initial values for Amps 0.500000 and Volts 300.000000
ptd-server 2022-02-13 18:07:02,032 [INFO] Stopping ptd...
