ptd-server 2022-02-24 08:16:41,308 [INFO] Got command from the client 'time'
ptd-server 2022-02-24 08:16:41,309 [INFO] Sending reply to client '1645690601.3090339'
ptd-server 2022-02-24 08:16:41,311 [INFO] Got command from the client 'new,,de2a91be-589c-486c-91f3-76075077a733'
ptd-server 2022-02-24 08:16:41,311 [INFO] Sending reply to client 'OK 2022-02-24_08-16-41,ec3393d1-aa4c-438c-ad71-aa2811c70dc8'
ptd-server 2022-02-24 08:16:41,349 [INFO] Got command from the client 'time'
ptd-server 2022-02-24 08:16:41,349 [INFO] Sending reply to client '1645690601.3491466'
ptd-server 2022-02-24 08:16:41,350 [INFO] Got command from the client 'session,2022-02-24_08-16-41,start,ranging'
ptd-server 2022-02-24 08:16:41,351 [INFO] Running PTDaemon: ['/home/anton/projects/mlperf/power/inference_v1.0/ptd-linux-x86', '-l', '/tmp/tmp0_fn53vp/ptd_logfile.txt', '-p', '8888', '49', '/dev/usbtmc0']
ptd-server 2022-02-24 08:16:58,525 [INFO] Sending to ptd: 'Hello'
ptd-server 2022-02-24 08:16:58,525 [INFO] Reply from ptd: 'Hello, PTDaemon here!'
ptd-server 2022-02-24 08:16:58,525 [INFO] Sending to ptd: 'Identify'
ptd-server 2022-02-24 08:16:58,526 [INFO] Reply from ptd: 'YokogawaWT310E,1000,1,1,1,1,0,1,1,version=1.9.2-e8c7a49a-20201208,OS=Linux 5.13.0-30-generic #33~20.04.1-Ubuntu SMP Mon Feb 7 14:25:10 UTC 2022 x86_64,mode=power,1,1,1,0,0,no_cal_date,YOKOGAWA;WT310E;C3XA04010E;F1.04'
ptd-server 2022-02-24 08:16:58,526 [INFO] Connected to PTDaemon
ptd-server 2022-02-24 08:16:58,526 [INFO] Sending to ptd: 'RR'
ptd-server 2022-02-24 08:16:58,526 [INFO] Reply from ptd: 'Ranges,0,0.500000,1,300.000000'
ptd-server 2022-02-24 08:16:58,526 [INFO] Initial range for Amps is 0.500000 for Volts is Auto
ptd-server 2022-02-24 08:16:58,527 [INFO] Sending to ptd: 'SR,V,Auto'
ptd-server 2022-02-24 08:16:59,029 [INFO] Reply from ptd: 'Range V changed'
ptd-server 2022-02-24 08:16:59,029 [INFO] Sending to ptd: 'SR,A,Auto'
ptd-server 2022-02-24 08:16:59,532 [INFO] Reply from ptd: 'Range A changed'
ptd-server 2022-02-24 08:17:09,542 [INFO] Starting ranging mode
ptd-server 2022-02-24 08:17:09,542 [INFO] Sending to ptd: 'Go,1000,0,2022-02-24_08-16-41_ranging'
ptd-server 2022-02-24 08:17:09,542 [INFO] Reply from ptd: 'Starting untimed measurement, maximum 500000 samples at 1000ms with 0 rampup samples'
ptd-server 2022-02-24 08:17:09,543 [INFO] Sending reply to client 'OK'
ptd-server 2022-02-24 08:27:32,231 [INFO] Got command from the client 'session,2022-02-24_08-16-41,stop,ranging'
ptd-server 2022-02-24 08:27:42,241 [INFO] Sending to ptd: 'Stop'
ptd-server 2022-02-24 08:27:42,241 [INFO] Reply from ptd: 'Stopping untimed measurement'
ptd-server 2022-02-24 08:27:42,330 [INFO] Sending reply to client 'OK'
ptd-server 2022-02-24 08:27:42,396 [INFO] Got command from the client 'time'
ptd-server 2022-02-24 08:27:42,396 [INFO] Sending reply to client '1645691262.3968384'
ptd-server 2022-02-24 08:27:42,398 [INFO] Got command from the client 'session,2022-02-24_08-16-41,start,testing'
ptd-server 2022-02-24 08:27:42,398 [INFO] Sending to ptd: 'SR,V,249.070000'
ptd-server 2022-02-24 08:27:44,044 [INFO] Reply from ptd: 'Range V changed'
ptd-server 2022-02-24 08:27:44,044 [INFO] Sending to ptd: 'SR,A,0.045130'
ptd-server 2022-02-24 08:27:45,545 [INFO] Reply from ptd: 'Range A changed'
ptd-server 2022-02-24 08:27:55,556 [INFO] Starting testing mode
ptd-server 2022-02-24 08:27:55,556 [INFO] Sending to ptd: 'Go,1000,0,2022-02-24_08-16-41_testing'
ptd-server 2022-02-24 08:27:55,556 [INFO] Reply from ptd: 'Starting untimed measurement, maximum 500000 samples at 1000ms with 0 rampup samples'
ptd-server 2022-02-24 08:27:55,556 [INFO] Sending reply to client 'OK'
ptd-server 2022-02-24 08:38:18,049 [INFO] Got command from the client 'session,2022-02-24_08-16-41,stop,testing'
ptd-server 2022-02-24 08:38:28,059 [INFO] Sending to ptd: 'Stop'
ptd-server 2022-02-24 08:38:28,060 [INFO] Reply from ptd: 'Stopping untimed measurement'
ptd-server 2022-02-24 08:38:28,103 [INFO] Sending reply to client 'OK'
ptd-server 2022-02-24 08:38:28,118 [INFO] Got command from the client 'session,2022-02-24_08-16-41,done'
ptd-server 2022-02-24 08:38:28,118 [INFO] Sending to ptd: 'Stop'
ptd-server 2022-02-24 08:38:28,557 [INFO] Reply from ptd: 'Error: no measurement to stop'
ptd-server 2022-02-24 08:38:28,557 [INFO] Sending to ptd: 'SR,V,Auto'
ptd-server 2022-02-24 08:38:29,059 [INFO] Reply from ptd: 'Range V changed'
ptd-server 2022-02-24 08:38:29,060 [INFO] Sending to ptd: 'SR,A,0.500000'
ptd-server 2022-02-24 08:38:30,561 [INFO] Reply from ptd: 'Range A changed'
ptd-server 2022-02-24 08:38:30,561 [INFO] Set initial values for Amps 0.500000 and Volts Auto
ptd-server 2022-02-24 08:38:30,561 [INFO] Stopping ptd...
