ptd-server 2022-02-21 09:10:34,977 [INFO] Got command from the client 'time'
ptd-server 2022-02-21 09:10:34,977 [INFO] Sending reply to client '1645434634.9772165'
ptd-server 2022-02-21 09:10:34,978 [INFO] Got command from the client 'new,,aba8437e-6ca8-4791-ad15-ac7f818fe118'
ptd-server 2022-02-21 09:10:34,979 [INFO] Sending reply to client 'OK 2022-02-21_09-10-34,79ae1d17-7117-452e-bbb6-5e2c13c1b923'
ptd-server 2022-02-21 09:10:35,016 [INFO] Got command from the client 'time'
ptd-server 2022-02-21 09:10:35,016 [INFO] Sending reply to client '1645434635.0165315'
ptd-server 2022-02-21 09:10:35,018 [INFO] Got command from the client 'session,2022-02-21_09-10-34,start,ranging'
ptd-server 2022-02-21 09:10:35,018 [INFO] Running PTDaemon: ['/home/anton/projects/mlperf/power/inference_v1.0/ptd-linux-x86', '-l', '/tmp/tmpgldyt7rr/ptd_logfile.txt', '-p', '8888', '49', '/dev/usbtmc0']
ptd-server 2022-02-21 09:10:52,192 [INFO] Sending to ptd: 'Hello'
ptd-server 2022-02-21 09:10:52,192 [INFO] Reply from ptd: 'Hello, PTDaemon here!'
ptd-server 2022-02-21 09:10:52,192 [INFO] Sending to ptd: 'Identify'
ptd-server 2022-02-21 09:10:52,193 [INFO] Reply from ptd: 'YokogawaWT310E,1000,1,1,1,1,0,1,1,version=1.9.2-e8c7a49a-20201208,OS=Linux 5.13.0-28-generic #31~20.04.1-Ubuntu SMP Wed Jan 19 14:08:10 UTC 2022 x86_64,mode=power,1,1,1,0,0,no_cal_date,YOKOGAWA;WT310E;C3XA04010E;F1.04'
ptd-server 2022-02-21 09:10:52,193 [INFO] Connected to PTDaemon
ptd-server 2022-02-21 09:10:52,193 [INFO] Sending to ptd: 'RR'
ptd-server 2022-02-21 09:10:52,193 [INFO] Reply from ptd: 'Ranges,0,0.500000,0,300.000000'
ptd-server 2022-02-21 09:10:52,193 [INFO] Initial range for Amps is 0.500000 for Volts is 300.000000
ptd-server 2022-02-21 09:10:52,194 [INFO] Sending to ptd: 'SR,V,Auto'
ptd-server 2022-02-21 09:10:52,696 [INFO] Reply from ptd: 'Range V changed'
ptd-server 2022-02-21 09:10:52,696 [INFO] Sending to ptd: 'SR,A,Auto'
ptd-server 2022-02-21 09:10:53,199 [INFO] Reply from ptd: 'Range A changed'
ptd-server 2022-02-21 09:11:03,208 [INFO] Starting ranging mode
ptd-server 2022-02-21 09:11:03,208 [INFO] Sending to ptd: 'Go,1000,0,2022-02-21_09-10-34_ranging'
ptd-server 2022-02-21 09:11:03,208 [INFO] Reply from ptd: 'Starting untimed measurement, maximum 500000 samples at 1000ms with 0 rampup samples'
ptd-server 2022-02-21 09:11:03,209 [INFO] Sending reply to client 'OK'
ptd-server 2022-02-21 09:21:24,782 [INFO] Got command from the client 'session,2022-02-21_09-10-34,stop,ranging'
ptd-server 2022-02-21 09:21:34,793 [INFO] Sending to ptd: 'Stop'
ptd-server 2022-02-21 09:21:34,793 [INFO] Reply from ptd: 'Stopping untimed measurement'
ptd-server 2022-02-21 09:21:35,379 [INFO] Sending reply to client 'OK'
ptd-server 2022-02-21 09:21:35,474 [INFO] Got command from the client 'time'
ptd-server 2022-02-21 09:21:35,474 [INFO] Sending reply to client '1645435295.474861'
ptd-server 2022-02-21 09:21:35,477 [INFO] Got command from the client 'session,2022-02-21_09-10-34,start,testing'
ptd-server 2022-02-21 09:21:35,477 [INFO] Sending to ptd: 'SR,V,249.850000'
ptd-server 2022-02-21 09:21:36,978 [INFO] Reply from ptd: 'Range V changed'
ptd-server 2022-02-21 09:21:36,978 [INFO] Sending to ptd: 'SR,A,0.067410'
ptd-server 2022-02-21 09:21:38,480 [INFO] Reply from ptd: 'Range A changed'
ptd-server 2022-02-21 09:21:48,488 [INFO] Starting testing mode
ptd-server 2022-02-21 09:21:48,488 [INFO] Sending to ptd: 'Go,1000,0,2022-02-21_09-10-34_testing'
ptd-server 2022-02-21 09:21:48,488 [INFO] Reply from ptd: 'Starting untimed measurement, maximum 500000 samples at 1000ms with 0 rampup samples'
ptd-server 2022-02-21 09:21:48,488 [INFO] Sending reply to client 'OK'
ptd-server 2022-02-21 09:32:10,932 [INFO] Got command from the client 'session,2022-02-21_09-10-34,stop,testing'
ptd-server 2022-02-21 09:32:20,935 [INFO] Sending to ptd: 'Stop'
ptd-server 2022-02-21 09:32:20,935 [INFO] Reply from ptd: 'Stopping untimed measurement'
ptd-server 2022-02-21 09:32:21,235 [INFO] Sending reply to client 'OK'
ptd-server 2022-02-21 09:32:21,271 [INFO] Got command from the client 'session,2022-02-21_09-10-34,done'
ptd-server 2022-02-21 09:32:21,271 [INFO] Sending to ptd: 'Stop'
ptd-server 2022-02-21 09:32:21,488 [INFO] Reply from ptd: 'Error: no measurement to stop'
ptd-server 2022-02-21 09:32:21,488 [INFO] Sending to ptd: 'SR,V,300.000000'
ptd-server 2022-02-21 09:32:22,990 [INFO] Reply from ptd: 'Range V changed'
ptd-server 2022-02-21 09:32:22,990 [INFO] Sending to ptd: 'SR,A,0.500000'
ptd-server 2022-02-21 09:32:24,491 [INFO] Reply from ptd: 'Range A changed'
ptd-server 2022-02-21 09:32:24,491 [INFO] Set initial values for Amps 0.500000 and Volts 300.000000
ptd-server 2022-02-21 09:32:24,492 [INFO] Stopping ptd...
