client 2022-02-21 03:03:46,799 [INFO] Sending command to the server: 'mlcommons/power client v3'
client 2022-02-21 03:03:46,800 [INFO] Got response: 'mlcommons/power server v3'
client 2022-02-21 03:03:46,801 [INFO] Sending command to the server: 'stop'
client 2022-02-21 03:03:46,803 [INFO] Got response: 'OK'
client 2022-02-21 03:03:46,803 [INFO] Synchronizing with the server and with ib-01.dc4-in.nvidia.com...
client 2022-02-21 03:03:47,010 [INFO] NTP:offset = -0.003 s, delay = 0.202 s 
client 2022-02-21 03:03:47,010 [INFO] Sending command to the server: 'time'
client 2022-02-21 03:03:47,011 [INFO] Got response: '1645441427.0027156'
client 2022-02-21 03:03:47,011 [INFO] The time difference between the client and the server is within range 7.653 ms..9.186 ms
client 2022-02-21 03:03:47,012 [INFO] Sending command to the server: 'new,,04b6e363-8a05-4644-b5e0-69e5ffd2c5e5'
client 2022-02-21 03:03:47,014 [INFO] Got response: 'OK 2022-02-21_03-03-47,e7cfead0-d4af-42e4-8956-eab9ee200130'
client 2022-02-21 03:03:47,014 [INFO] Session id is '2022-02-21_03-03-47'
client 2022-02-21 03:03:47,014 [INFO] Sources: {"sources": {"__init__.py": "da39a3ee5e6b4b0d3255bfef95601890afd80709", "client.py": "33ca4f26368777ac06e01f9567b714a4b8063886", "lib/__init__.py": "da39a3ee5e6b4b0d3255bfef95601890afd80709", "lib/client.py": "4c2b78fb4849a7e5b584ef792d82aaed20b17f57", "lib/common.py": "624d0c0acc7c39aaff3674f0b99d6a09da53d1dc", "lib/external/__init__.py": "da39a3ee5e6b4b0d3255bfef95601890afd80709", "lib/external/ntplib.py": "4da8f970656505a40483206ef2b5d3dd5e81711d", "lib/server.py": "59c9fb92908260d3e9f81a895c7aa009742275e4", "lib/source_hashes.py": "60a2e02193209e8d392803326208d5466342da18", "lib/summary.py": "aa92f0a3f975eecd44d3c0cd0236342ccc9f941d", "lib/time_sync.py": "3210db56eb0ff0df57bf4293dc4d4b03fffd46f1", "server.py": "c3f90f2f7eeb4db30727556d0c815ebc89b3d28b", "tests/unit/__init__.py": "da39a3ee5e6b4b0d3255bfef95601890afd80709", "tests/unit/test_server.py": "99ae15aef722f2000ee6ed1ae1523637bf1ae42b", "tests/unit/test_source_hashes.py": "00468a2907583c593e6574a1f6b404e4651c221a"}, "modules": {"ptd_client_server.lib.client": "lib/client.py", "ptd_client_server.lib.common": "lib/common.py", "ptd_client_server.lib.external.ntplib": "lib/external/ntplib.py", "ptd_client_server.lib.source_hashes": "lib/source_hashes.py", "ptd_client_server.lib.summary": "lib/summary.py", "ptd_client_server.lib.time_sync": "lib/time_sync.py"}}
client 2022-02-21 03:03:47,017 [INFO] Running workload in ranging mode
client 2022-02-21 03:03:47,017 [INFO] Synchronizing with the server and with ib-01.dc4-in.nvidia.com...
client 2022-02-21 03:03:47,224 [INFO] NTP:offset = -0.004 s, delay = 0.205 s 
client 2022-02-21 03:03:47,224 [INFO] Sending command to the server: 'time'
client 2022-02-21 03:03:47,226 [INFO] Got response: '1645441427.2214136'
client 2022-02-21 03:03:47,226 [INFO] The time difference between the client and the server is within range 3.139 ms..4.862 ms
client 2022-02-21 03:03:47,226 [INFO] Sending command to the server: 'session,2022-02-21_03-03-47,start,ranging'
client 2022-02-21 03:04:26,943 [INFO] Got response: 'OK'
client 2022-02-21 03:04:26,944 [INFO] Running the workload 'LOG_DIR=/work/build/power_logs_temp python3 code/main.py --benchmarks=3d-unet --scenarios=Offline --test_mode=PerformanceOnly --config_ver=maxq_high_accuracy --action="run_harness" \\\n\t\t2>&1 | tee -a /work/build/power_logs/2022.02.21-03.03.04/stdout.txt \\\n\t\t&& if [ ! -d /work/build/power_logs/2022.02.21-03.03.04/ranging_tmp ]; \\\n\t\t\tthen mkdir /work/build/power_logs/2022.02.21-03.03.04/ranging_tmp \\\n\t\t\t\t&& mv /work/build/power_logs_temp/* /work/build/power_logs/2022.02.21-03.03.04/ranging_tmp/ \\\n\t\t\t\t&& cp -v /work/build/power_logs/2022.02.21-03.03.04/ranging_tmp/*/*/*/mlperf_log_detail.txt /work/build/power_logs_temp/ \\\n\t\t\t\t&& cp -v /work/build/power_logs/2022.02.21-03.03.04/ranging_tmp/*/*/*/mlperf_log_summary.txt /work/build/power_logs_temp/; \\\n\t\t\telse mkdir /work/build/power_logs/2022.02.21-03.03.04/testing_tmp \\\n\t\t\t\t&& mv /work/build/power_logs_temp/* /work/build/power_logs/2022.02.21-03.03.04/testing_tmp/ \\\n\t\t\t\t&& cp -v /work/build/power_logs/2022.02.21-03.03.04/testing_tmp/*/*/*/mlperf_log_detail.txt /work/build/power_logs_temp/ \\\n\t\t\t\t&& cp -v /work/build/power_logs/2022.02.21-03.03.04/testing_tmp/*/*/*/mlperf_log_summary.txt /work/build/power_logs_temp/; fi'
client 2022-02-21 03:25:33,885 [INFO] Sending command to the server: 'session,2022-02-21_03-03-47,stop,ranging'
client 2022-02-21 03:25:43,955 [INFO] Got response: 'OK'
client 2022-02-21 03:25:43,969 [INFO] Copying loadgen logs from '/work/build/power_logs_temp' to '/work/build/power_logs/2022.02.21-03.03.04/2022-02-21_03-03-47/ranging'
client 2022-02-21 03:25:43,984 [INFO] Running workload in testing mode
client 2022-02-21 03:25:43,984 [INFO] Synchronizing with the server and with ib-01.dc4-in.nvidia.com...
client 2022-02-21 03:25:44,191 [INFO] NTP:offset = -0.003 s, delay = 0.204 s 
client 2022-02-21 03:25:44,191 [INFO] Sending command to the server: 'time'
client 2022-02-21 03:25:44,197 [INFO] Got response: '1645442744.1736276'
client 2022-02-21 03:25:44,198 [INFO] The time difference between the client and the server is within range 18.147 ms..24.437 ms
client 2022-02-21 03:25:44,198 [INFO] Sending command to the server: 'session,2022-02-21_03-03-47,start,testing'
client 2022-02-21 03:26:05,890 [INFO] Got response: 'OK'
client 2022-02-21 03:26:05,891 [INFO] Running the workload 'LOG_DIR=/work/build/power_logs_temp python3 code/main.py --benchmarks=3d-unet --scenarios=Offline --test_mode=PerformanceOnly --config_ver=maxq_high_accuracy --action="run_harness" \\\n\t\t2>&1 | tee -a /work/build/power_logs/2022.02.21-03.03.04/stdout.txt \\\n\t\t&& if [ ! -d /work/build/power_logs/2022.02.21-03.03.04/ranging_tmp ]; \\\n\t\t\tthen mkdir /work/build/power_logs/2022.02.21-03.03.04/ranging_tmp \\\n\t\t\t\t&& mv /work/build/power_logs_temp/* /work/build/power_logs/2022.02.21-03.03.04/ranging_tmp/ \\\n\t\t\t\t&& cp -v /work/build/power_logs/2022.02.21-03.03.04/ranging_tmp/*/*/*/mlperf_log_detail.txt /work/build/power_logs_temp/ \\\n\t\t\t\t&& cp -v /work/build/power_logs/2022.02.21-03.03.04/ranging_tmp/*/*/*/mlperf_log_summary.txt /work/build/power_logs_temp/; \\\n\t\t\telse mkdir /work/build/power_logs/2022.02.21-03.03.04/testing_tmp \\\n\t\t\t\t&& mv /work/build/power_logs_temp/* /work/build/power_logs/2022.02.21-03.03.04/testing_tmp/ \\\n\t\t\t\t&& cp -v /work/build/power_logs/2022.02.21-03.03.04/testing_tmp/*/*/*/mlperf_log_detail.txt /work/build/power_logs_temp/ \\\n\t\t\t\t&& cp -v /work/build/power_logs/2022.02.21-03.03.04/testing_tmp/*/*/*/mlperf_log_summary.txt /work/build/power_logs_temp/; fi'
client 2022-02-21 03:47:17,385 [INFO] Sending command to the server: 'session,2022-02-21_03-03-47,stop,testing'
client 2022-02-21 03:47:27,423 [INFO] Got response: 'OK'
client 2022-02-21 03:47:27,431 [INFO] Copying loadgen logs from '/work/build/power_logs_temp' to '/work/build/power_logs/2022.02.21-03.03.04/2022-02-21_03-03-47/run_1'
client 2022-02-21 03:47:27,444 [INFO] Done runs
