ptd-server 2022-02-21 03:03:46,784 [INFO] Got command from the client 'stop'
ptd-server 2022-02-21 03:03:46,784 [INFO] The server will be stopped after processing this client
ptd-server 2022-02-21 03:03:46,784 [INFO] Sending reply to client 'OK'
ptd-server 2022-02-21 03:03:47,002 [INFO] Got command from the client 'time'
ptd-server 2022-02-21 03:03:47,002 [INFO] Sending reply to client '1645441427.0027156'
ptd-server 2022-02-21 03:03:47,002 [INFO] Got command from the client 'new,,04b6e363-8a05-4644-b5e0-69e5ffd2c5e5'
ptd-server 2022-02-21 03:03:47,002 [INFO] Sending reply to client 'OK 2022-02-21_03-03-47,e7cfead0-d4af-42e4-8956-eab9ee200130'
ptd-server 2022-02-21 03:03:47,221 [INFO] Got command from the client 'time'
ptd-server 2022-02-21 03:03:47,221 [INFO] Sending reply to client '1645441427.2214136'
ptd-server 2022-02-21 03:03:47,221 [INFO] Got command from the client 'session,2022-02-21_03-03-47,start,ranging'
ptd-server 2022-02-21 03:03:47,330 [INFO] Running PTDaemon: ['C:\\PTD\\ptd-windows-x86.exe', '-l', 'C:\\Users\\lab\\AppData\\Local\\Temp\\tmpp_2pu8rb\\ptd_logfile.txt', '-p', '8888', '-c', '1,2', '-y', '77', '10.34.224.245']
ptd-server 2022-02-21 03:04:06,748 [INFO] Sending to ptd: 'Hello'
ptd-server 2022-02-21 03:04:06,748 [INFO] Reply from ptd: 'Hello, PTDaemon here!'
ptd-server 2022-02-21 03:04:06,748 [INFO] Sending to ptd: 'Identify'
ptd-server 2022-02-21 03:04:06,748 [INFO] Reply from ptd: 'YokogawaWT330_multichannel,1000,1,1,1,1,0,0,1,version=1.9.2-3976349f-20201208,OS=Windows 8 / Server 2012,mode=power,1,1,2,0,0,no_cal_date,YOKOGAWA;WT333E;C2XL24038V;F1.04'
ptd-server 2022-02-21 03:04:06,748 [INFO] Connected to PTDaemon
ptd-server 2022-02-21 03:04:06,748 [INFO] Sending to ptd: 'RR'
ptd-server 2022-02-21 03:04:06,748 [INFO] Reply from ptd: 'Ranges,-1,-1.000000,-1,-1.000000'
ptd-server 2022-02-21 03:04:06,748 [INFO] Initial range for Amps is Auto for Volts is Auto
ptd-server 2022-02-21 03:04:06,748 [INFO] Sending to ptd: 'SR,V,Auto'
ptd-server 2022-02-21 03:04:11,824 [INFO] Reply from ptd: 'Range V changed'
ptd-server 2022-02-21 03:04:11,824 [INFO] Sending to ptd: 'SR,A,Auto'
ptd-server 2022-02-21 03:04:16,901 [INFO] Reply from ptd: 'Range A changed'
ptd-server 2022-02-21 03:04:26,915 [INFO] Starting ranging mode
ptd-server 2022-02-21 03:04:26,915 [INFO] Sending to ptd: 'Go,1000,0,2022-02-21_03-03-47_ranging'
ptd-server 2022-02-21 03:04:26,930 [INFO] Reply from ptd: 'Starting untimed measurement, maximum 500000 samples at 1000ms with 0 rampup samples'
ptd-server 2022-02-21 03:04:26,930 [INFO] Sending reply to client 'OK'
ptd-server 2022-02-21 03:25:33,863 [INFO] Got command from the client 'session,2022-02-21_03-03-47,stop,ranging'
ptd-server 2022-02-21 03:25:43,876 [INFO] Sending to ptd: 'Stop'
ptd-server 2022-02-21 03:25:43,876 [INFO] Reply from ptd: 'Stopping untimed measurement'
ptd-server 2022-02-21 03:25:43,923 [INFO] Sending reply to client 'OK'
ptd-server 2022-02-21 03:25:44,173 [INFO] Got command from the client 'time'
ptd-server 2022-02-21 03:25:44,173 [INFO] Sending reply to client '1645442744.1736276'
ptd-server 2022-02-21 03:25:44,173 [INFO] Got command from the client 'session,2022-02-21_03-03-47,start,testing'
ptd-server 2022-02-21 03:25:44,173 [INFO] Sending to ptd: 'SR,V,208.410000'
ptd-server 2022-02-21 03:25:50,265 [INFO] Reply from ptd: 'Range V changed'
ptd-server 2022-02-21 03:25:50,265 [INFO] Sending to ptd: 'SR,A,5.396600'
ptd-server 2022-02-21 03:25:55,858 [INFO] Reply from ptd: 'Range A changed'
ptd-server 2022-02-21 03:26:05,871 [INFO] Starting testing mode
ptd-server 2022-02-21 03:26:05,871 [INFO] Sending to ptd: 'Go,1000,0,2022-02-21_03-03-47_testing'
ptd-server 2022-02-21 03:26:05,871 [INFO] Reply from ptd: 'Starting untimed measurement, maximum 500000 samples at 1000ms with 0 rampup samples'
ptd-server 2022-02-21 03:26:05,871 [INFO] Sending reply to client 'OK'
ptd-server 2022-02-21 03:47:17,349 [INFO] Got command from the client 'session,2022-02-21_03-03-47,stop,testing'
ptd-server 2022-02-21 03:47:27,362 [INFO] Sending to ptd: 'Stop'
ptd-server 2022-02-21 03:47:27,362 [INFO] Reply from ptd: 'Stopping untimed measurement'
ptd-server 2022-02-21 03:47:27,393 [INFO] Sending reply to client 'OK'
ptd-server 2022-02-21 03:47:27,440 [INFO] Got command from the client 'session,2022-02-21_03-03-47,done'
ptd-server 2022-02-21 03:47:27,440 [INFO] Sending to ptd: 'Stop'
ptd-server 2022-02-21 03:47:27,877 [INFO] Reply from ptd: 'Error: no measurement to stop'
ptd-server 2022-02-21 03:47:27,877 [INFO] Sending to ptd: 'SR,V,Auto'
ptd-server 2022-02-21 03:47:32,954 [INFO] Reply from ptd: 'Range V changed'
ptd-server 2022-02-21 03:47:32,954 [INFO] Sending to ptd: 'SR,A,Auto'
ptd-server 2022-02-21 03:47:38,031 [INFO] Reply from ptd: 'Range A changed'
ptd-server 2022-02-21 03:47:38,031 [INFO] Set initial values for Amps Auto and Volts Auto
ptd-server 2022-02-21 03:47:38,031 [INFO] Stopping ptd...
