ptd-server 2022-02-17 18:54:10,266 [INFO] Got command from the client 'time'
ptd-server 2022-02-17 18:54:10,266 [INFO] Sending reply to client '1645124050.2668445'
ptd-server 2022-02-17 18:54:10,268 [INFO] Got command from the client 'new,,e683c145-cb2d-48f8-b6dc-9f85b9f70854'
ptd-server 2022-02-17 18:54:10,269 [INFO] Sending reply to client 'OK 2022-02-17_18-54-10,20b4c049-3a71-42c5-9f7a-d4be9b40894f'
ptd-server 2022-02-17 18:54:10,306 [INFO] Got command from the client 'time'
ptd-server 2022-02-17 18:54:10,306 [INFO] Sending reply to client '1645124050.306845'
ptd-server 2022-02-17 18:54:10,309 [INFO] Got command from the client 'session,2022-02-17_18-54-10,start,ranging'
ptd-server 2022-02-17 18:54:10,309 [INFO] Running PTDaemon: ['/home/anton/projects/mlperf/power/inference_v1.0/ptd-linux-x86', '-l', '/tmp/tmpgldyt7rr/ptd_logfile.txt', '-p', '8888', '49', '/dev/usbtmc0']
ptd-server 2022-02-17 18:54:27,483 [INFO] Sending to ptd: 'Hello'
ptd-server 2022-02-17 18:54:27,483 [INFO] Reply from ptd: 'Hello, PTDaemon here!'
ptd-server 2022-02-17 18:54:27,483 [INFO] Sending to ptd: 'Identify'
ptd-server 2022-02-17 18:54:27,484 [INFO] Reply from ptd: 'YokogawaWT310E,1000,1,1,1,1,0,1,1,version=1.9.2-e8c7a49a-20201208,OS=Linux 5.13.0-28-generic #31~20.04.1-Ubuntu SMP Wed Jan 19 14:08:10 UTC 2022 x86_64,mode=power,1,1,1,0,0,no_cal_date,YOKOGAWA;WT310E;C3XA04010E;F1.04'
ptd-server 2022-02-17 18:54:27,484 [INFO] Connected to PTDaemon
ptd-server 2022-02-17 18:54:27,484 [INFO] Sending to ptd: 'RR'
ptd-server 2022-02-17 18:54:27,484 [INFO] Reply from ptd: 'Ranges,0,0.500000,0,300.000000'
ptd-server 2022-02-17 18:54:27,485 [INFO] Initial range for Amps is 0.500000 for Volts is 300.000000
ptd-server 2022-02-17 18:54:27,485 [INFO] Sending to ptd: 'SR,V,Auto'
ptd-server 2022-02-17 18:54:27,987 [INFO] Reply from ptd: 'Range V changed'
ptd-server 2022-02-17 18:54:27,987 [INFO] Sending to ptd: 'SR,A,Auto'
ptd-server 2022-02-17 18:54:28,490 [INFO] Reply from ptd: 'Range A changed'
ptd-server 2022-02-17 18:54:38,500 [INFO] Starting ranging mode
ptd-server 2022-02-17 18:54:38,500 [INFO] Sending to ptd: 'Go,1000,0,2022-02-17_18-54-10_ranging'
ptd-server 2022-02-17 18:54:38,501 [INFO] Reply from ptd: 'Starting untimed measurement, maximum 500000 samples at 1000ms with 0 rampup samples'
ptd-server 2022-02-17 18:54:38,501 [INFO] Sending reply to client 'OK'
ptd-server 2022-02-17 19:04:55,523 [INFO] Got command from the client 'session,2022-02-17_18-54-10,stop,ranging'
ptd-server 2022-02-17 19:05:05,534 [INFO] Sending to ptd: 'Stop'
ptd-server 2022-02-17 19:05:05,534 [INFO] Reply from ptd: 'Stopping untimed measurement'
ptd-server 2022-02-17 19:05:05,734 [INFO] Sending reply to client 'OK'
ptd-server 2022-02-17 19:05:05,811 [INFO] Got command from the client 'time'
ptd-server 2022-02-17 19:05:05,811 [INFO] Sending reply to client '1645124705.811764'
ptd-server 2022-02-17 19:05:05,815 [INFO] Got command from the client 'session,2022-02-17_18-54-10,start,testing'
ptd-server 2022-02-17 19:05:05,815 [INFO] Sending to ptd: 'SR,V,251.870000'
ptd-server 2022-02-17 19:05:08,002 [INFO] Reply from ptd: 'Range V changed'
ptd-server 2022-02-17 19:05:08,003 [INFO] Sending to ptd: 'SR,A,0.047600'
ptd-server 2022-02-17 19:05:09,504 [INFO] Reply from ptd: 'Range A changed'
ptd-server 2022-02-17 19:05:19,514 [INFO] Starting testing mode
ptd-server 2022-02-17 19:05:19,514 [INFO] Sending to ptd: 'Go,1000,0,2022-02-17_18-54-10_testing'
ptd-server 2022-02-17 19:05:19,515 [INFO] Reply from ptd: 'Starting untimed measurement, maximum 500000 samples at 1000ms with 0 rampup samples'
ptd-server 2022-02-17 19:05:19,515 [INFO] Sending reply to client 'OK'
ptd-server 2022-02-17 19:15:37,461 [INFO] Got command from the client 'session,2022-02-17_18-54-10,stop,testing'
ptd-server 2022-02-17 19:15:47,472 [INFO] Sending to ptd: 'Stop'
ptd-server 2022-02-17 19:15:47,472 [INFO] Reply from ptd: 'Stopping untimed measurement'
ptd-server 2022-02-17 19:15:47,589 [INFO] Sending reply to client 'OK'
ptd-server 2022-02-17 19:15:47,621 [INFO] Got command from the client 'session,2022-02-17_18-54-10,done'
ptd-server 2022-02-17 19:15:47,621 [INFO] Sending to ptd: 'Stop'
ptd-server 2022-02-17 19:15:47,622 [INFO] Reply from ptd: 'Error: no measurement to stop'
ptd-server 2022-02-17 19:15:47,622 [INFO] Sending to ptd: 'SR,V,300.000000'
ptd-server 2022-02-17 19:15:49,123 [INFO] Reply from ptd: 'Range V changed'
ptd-server 2022-02-17 19:15:49,123 [INFO] Sending to ptd: 'SR,A,0.500000'
ptd-server 2022-02-17 19:15:50,625 [INFO] Reply from ptd: 'Range A changed'
ptd-server 2022-02-17 19:15:50,625 [INFO] Set initial values for Amps 0.500000 and Volts 300.000000
ptd-server 2022-02-17 19:15:50,625 [INFO] Stopping ptd...
