ptd-server 2022-02-22 20:40:22,742 [INFO] Got command from the client 'time'
ptd-server 2022-02-22 20:40:22,742 [INFO] Sending reply to client '1645584022.7423072'
ptd-server 2022-02-22 20:40:22,745 [INFO] Got command from the client 'new,,16457956-9a7f-43a4-8030-295c283eee73'
ptd-server 2022-02-22 20:40:22,746 [INFO] Sending reply to client 'OK 2022-02-22_20-40-22,98a6eca2-126c-4999-9409-81bfa075bae4'
ptd-server 2022-02-22 20:40:22,854 [INFO] Got command from the client 'time'
ptd-server 2022-02-22 20:40:22,854 [INFO] Sending reply to client '1645584022.8543408'
ptd-server 2022-02-22 20:40:22,857 [INFO] Got command from the client 'session,2022-02-22_20-40-22,start,ranging'
ptd-server 2022-02-22 20:40:22,857 [INFO] Running PTDaemon: ['/local/mnt/workspace/mlcommons/power-main/inference_v1.0/ptd-linux-x86', '-l', '/tmp/tmp_4uvehih/ptd_logfile.txt', '-p', '8880', '-c', '3', '52', '/dev/usbtmc0']
ptd-server 2022-02-22 20:40:40,045 [INFO] Sending to ptd: 'Hello'
ptd-server 2022-02-22 20:40:40,045 [INFO] Reply from ptd: 'Hello, PTDaemon here!'
ptd-server 2022-02-22 20:40:40,045 [INFO] Sending to ptd: 'Identify'
ptd-server 2022-02-22 20:40:40,046 [INFO] Reply from ptd: 'YokogawaWT330E,1000,1,1,1,1,0,0,1,version=1.9.2-e8c7a49a-20201208,OS=Linux 4.4.0-210-generic #242-Ubuntu SMP Fri Apr 16 09:57:56 UTC 2021 x86_64,mode=power,1,1,1,0,0,no_cal_date,YOKOGAWA;WT333E;C2XC17005V;F1.04'
ptd-server 2022-02-22 20:40:40,046 [INFO] Connected to PTDaemon
ptd-server 2022-02-22 20:40:40,046 [INFO] Sending to ptd: 'RR'
ptd-server 2022-02-22 20:40:40,046 [INFO] Reply from ptd: 'Ranges,1,2.000000,1,150.000000'
ptd-server 2022-02-22 20:40:40,046 [INFO] Initial range for Amps is Auto for Volts is Auto
ptd-server 2022-02-22 20:40:40,046 [INFO] Sending to ptd: 'SR,V,Auto'
ptd-server 2022-02-22 20:40:40,549 [INFO] Reply from ptd: 'Range V changed'
ptd-server 2022-02-22 20:40:40,549 [INFO] Sending to ptd: 'SR,A,Auto'
ptd-server 2022-02-22 20:40:41,052 [INFO] Reply from ptd: 'Range A changed'
ptd-server 2022-02-22 20:40:51,063 [INFO] Starting ranging mode
ptd-server 2022-02-22 20:40:51,063 [INFO] Sending to ptd: 'Go,1000,0,2022-02-22_20-40-22_ranging'
ptd-server 2022-02-22 20:40:51,064 [INFO] Reply from ptd: 'Starting untimed measurement, maximum 500000 samples at 1000ms with 0 rampup samples'
ptd-server 2022-02-22 20:40:51,064 [INFO] Sending reply to client 'OK'
ptd-server 2022-02-22 20:54:15,027 [INFO] Got command from the client 'session,2022-02-22_20-40-22,stop,ranging'
ptd-server 2022-02-22 20:54:25,037 [INFO] Sending to ptd: 'Stop'
ptd-server 2022-02-22 20:54:25,037 [INFO] Reply from ptd: 'Stopping untimed measurement'
ptd-server 2022-02-22 20:54:25,150 [INFO] Sending reply to client 'OK'
ptd-server 2022-02-22 20:54:25,273 [INFO] Got command from the client 'time'
ptd-server 2022-02-22 20:54:25,273 [INFO] Sending reply to client '1645584865.2738771'
ptd-server 2022-02-22 20:54:25,278 [INFO] Got command from the client 'session,2022-02-22_20-40-22,start,testing'
ptd-server 2022-02-22 20:54:25,278 [INFO] Sending to ptd: 'SR,V,124.070000'
ptd-server 2022-02-22 20:54:26,779 [INFO] Reply from ptd: 'Range V changed'
ptd-server 2022-02-22 20:54:26,779 [INFO] Sending to ptd: 'SR,A,0.167600'
ptd-server 2022-02-22 20:54:28,281 [INFO] Reply from ptd: 'Range A changed'
ptd-server 2022-02-22 20:54:38,291 [INFO] Starting testing mode
ptd-server 2022-02-22 20:54:38,291 [INFO] Sending to ptd: 'Go,1000,0,2022-02-22_20-40-22_testing'
ptd-server 2022-02-22 20:54:38,292 [INFO] Reply from ptd: 'Starting untimed measurement, maximum 500000 samples at 1000ms with 0 rampup samples'
ptd-server 2022-02-22 20:54:38,292 [INFO] Sending reply to client 'OK'
ptd-server 2022-02-22 21:08:04,447 [INFO] Got command from the client 'session,2022-02-22_20-40-22,stop,testing'
ptd-server 2022-02-22 21:08:14,458 [INFO] Sending to ptd: 'Stop'
ptd-server 2022-02-22 21:08:14,458 [INFO] Reply from ptd: 'Stopping untimed measurement'
ptd-server 2022-02-22 21:08:14,495 [INFO] Sending reply to client 'OK'
ptd-server 2022-02-22 21:08:14,538 [INFO] Got command from the client 'session,2022-02-22_20-40-22,done'
ptd-server 2022-02-22 21:08:14,538 [INFO] Sending to ptd: 'Stop'
ptd-server 2022-02-22 21:08:15,293 [INFO] Reply from ptd: 'Error: no measurement to stop'
ptd-server 2022-02-22 21:08:15,293 [INFO] Sending to ptd: 'SR,V,Auto'
ptd-server 2022-02-22 21:08:15,795 [INFO] Reply from ptd: 'Range V changed'
ptd-server 2022-02-22 21:08:15,795 [INFO] Sending to ptd: 'SR,A,Auto'
ptd-server 2022-02-22 21:08:16,298 [INFO] Reply from ptd: 'Range A changed'
ptd-server 2022-02-22 21:08:16,298 [INFO] Set initial values for Amps Auto and Volts Auto
ptd-server 2022-02-22 21:08:16,298 [INFO] Stopping ptd...
