ptd-server 2022-02-19 08:56:42,009 [INFO] Got command from the client 'time'
ptd-server 2022-02-19 08:56:42,009 [INFO] Sending reply to client '1645261002.0096462'
ptd-server 2022-02-19 08:56:42,010 [INFO] Got command from the client 'new,,953e03c2-ff72-4aec-9d2f-428aef4263e9'
ptd-server 2022-02-19 08:56:42,011 [INFO] Sending reply to client 'OK 2022-02-19_08-56-42,b679768e-1a11-4053-a13f-0bff65720df4'
ptd-server 2022-02-19 08:56:42,039 [INFO] Got command from the client 'time'
ptd-server 2022-02-19 08:56:42,039 [INFO] Sending reply to client '1645261002.0398333'
ptd-server 2022-02-19 08:56:42,041 [INFO] Got command from the client 'session,2022-02-19_08-56-42,start,ranging'
ptd-server 2022-02-19 08:56:42,041 [INFO] Running PTDaemon: ['/home/anton/projects/mlperf/power/inference_v1.0/ptd-linux-x86', '-l', '/tmp/tmpgldyt7rr/ptd_logfile.txt', '-p', '8888', '49', '/dev/usbtmc0']
ptd-server 2022-02-19 08:56:59,215 [INFO] Sending to ptd: 'Hello'
ptd-server 2022-02-19 08:56:59,215 [INFO] Reply from ptd: 'Hello, PTDaemon here!'
ptd-server 2022-02-19 08:56:59,216 [INFO] Sending to ptd: 'Identify'
ptd-server 2022-02-19 08:56:59,216 [INFO] Reply from ptd: 'YokogawaWT310E,1000,1,1,1,1,0,1,1,version=1.9.2-e8c7a49a-20201208,OS=Linux 5.13.0-28-generic #31~20.04.1-Ubuntu SMP Wed Jan 19 14:08:10 UTC 2022 x86_64,mode=power,1,1,1,0,0,no_cal_date,YOKOGAWA;WT310E;C3XA04010E;F1.04'
ptd-server 2022-02-19 08:56:59,216 [INFO] Connected to PTDaemon
ptd-server 2022-02-19 08:56:59,216 [INFO] Sending to ptd: 'RR'
ptd-server 2022-02-19 08:56:59,217 [INFO] Reply from ptd: 'Ranges,0,0.500000,0,300.000000'
ptd-server 2022-02-19 08:56:59,217 [INFO] Initial range for Amps is 0.500000 for Volts is 300.000000
ptd-server 2022-02-19 08:56:59,217 [INFO] Sending to ptd: 'SR,V,Auto'
ptd-server 2022-02-19 08:56:59,719 [INFO] Reply from ptd: 'Range V changed'
ptd-server 2022-02-19 08:56:59,719 [INFO] Sending to ptd: 'SR,A,Auto'
ptd-server 2022-02-19 08:57:00,222 [INFO] Reply from ptd: 'Range A changed'
ptd-server 2022-02-19 08:57:10,232 [INFO] Starting ranging mode
ptd-server 2022-02-19 08:57:10,232 [INFO] Sending to ptd: 'Go,1000,0,2022-02-19_08-56-42_ranging'
ptd-server 2022-02-19 08:57:10,233 [INFO] Reply from ptd: 'Starting untimed measurement, maximum 500000 samples at 1000ms with 0 rampup samples'
ptd-server 2022-02-19 08:57:10,233 [INFO] Sending reply to client 'OK'
ptd-server 2022-02-19 09:07:49,056 [INFO] Got command from the client 'session,2022-02-19_08-56-42,stop,ranging'
ptd-server 2022-02-19 09:07:59,067 [INFO] Sending to ptd: 'Stop'
ptd-server 2022-02-19 09:07:59,067 [INFO] Reply from ptd: 'Stopping untimed measurement'
ptd-server 2022-02-19 09:07:59,404 [INFO] Sending reply to client 'OK'
ptd-server 2022-02-19 09:07:59,472 [INFO] Got command from the client 'time'
ptd-server 2022-02-19 09:07:59,472 [INFO] Sending reply to client '1645261679.4725916'
ptd-server 2022-02-19 09:07:59,473 [INFO] Got command from the client 'session,2022-02-19_08-56-42,start,testing'
ptd-server 2022-02-19 09:07:59,473 [INFO] Sending to ptd: 'SR,V,249.410000'
ptd-server 2022-02-19 09:08:00,975 [INFO] Reply from ptd: 'Range V changed'
ptd-server 2022-02-19 09:08:00,975 [INFO] Sending to ptd: 'SR,A,0.041260'
ptd-server 2022-02-19 09:08:02,476 [INFO] Reply from ptd: 'Range A changed'
ptd-server 2022-02-19 09:08:12,486 [INFO] Starting testing mode
ptd-server 2022-02-19 09:08:12,487 [INFO] Sending to ptd: 'Go,1000,0,2022-02-19_08-56-42_testing'
ptd-server 2022-02-19 09:08:12,487 [INFO] Reply from ptd: 'Starting untimed measurement, maximum 500000 samples at 1000ms with 0 rampup samples'
ptd-server 2022-02-19 09:08:12,487 [INFO] Sending reply to client 'OK'
ptd-server 2022-02-19 09:18:52,073 [INFO] Got command from the client 'session,2022-02-19_08-56-42,stop,testing'
ptd-server 2022-02-19 09:19:02,083 [INFO] Sending to ptd: 'Stop'
ptd-server 2022-02-19 09:19:02,084 [INFO] Reply from ptd: 'Stopping untimed measurement'
ptd-server 2022-02-19 09:19:02,261 [INFO] Sending reply to client 'OK'
ptd-server 2022-02-19 09:19:02,281 [INFO] Got command from the client 'session,2022-02-19_08-56-42,done'
ptd-server 2022-02-19 09:19:02,281 [INFO] Sending to ptd: 'Stop'
ptd-server 2022-02-19 09:19:02,487 [INFO] Reply from ptd: 'Error: no measurement to stop'
ptd-server 2022-02-19 09:19:02,487 [INFO] Sending to ptd: 'SR,V,300.000000'
ptd-server 2022-02-19 09:19:03,989 [INFO] Reply from ptd: 'Range V changed'
ptd-server 2022-02-19 09:19:03,989 [INFO] Sending to ptd: 'SR,A,0.500000'
ptd-server 2022-02-19 09:19:05,490 [INFO] Reply from ptd: 'Range A changed'
ptd-server 2022-02-19 09:19:05,490 [INFO] Set initial values for Amps 0.500000 and Volts 300.000000
ptd-server 2022-02-19 09:19:05,490 [INFO] Stopping ptd...
