ptd-server 2022-02-21 04:48:37,531 [INFO] Got command from the client 'time'
ptd-server 2022-02-21 04:48:37,532 [INFO] Sending reply to client '1645418917.5320694'
ptd-server 2022-02-21 04:48:37,533 [INFO] Got command from the client 'new,,77282663-e31d-4d36-b23c-217abf52f297'
ptd-server 2022-02-21 04:48:37,533 [INFO] Sending reply to client 'OK 2022-02-21_04-48-37,45acb7da-ea0e-49ea-92dc-90cf35db2573'
ptd-server 2022-02-21 04:48:37,572 [INFO] Got command from the client 'time'
ptd-server 2022-02-21 04:48:37,572 [INFO] Sending reply to client '1645418917.5721905'
ptd-server 2022-02-21 04:48:37,573 [INFO] Got command from the client 'session,2022-02-21_04-48-37,start,ranging'
ptd-server 2022-02-21 04:48:37,573 [INFO] Running PTDaemon: ['/home/anton/projects/mlperf/power/inference_v1.0/ptd-linux-x86', '-l', '/tmp/tmpgldyt7rr/ptd_logfile.txt', '-p', '8888', '49', '/dev/usbtmc0']
ptd-server 2022-02-21 04:48:54,746 [INFO] Sending to ptd: 'Hello'
ptd-server 2022-02-21 04:48:54,746 [INFO] Reply from ptd: 'Hello, PTDaemon here!'
ptd-server 2022-02-21 04:48:54,746 [INFO] Sending to ptd: 'Identify'
ptd-server 2022-02-21 04:48:54,747 [INFO] Reply from ptd: 'YokogawaWT310E,1000,1,1,1,1,0,1,1,version=1.9.2-e8c7a49a-20201208,OS=Linux 5.13.0-28-generic #31~20.04.1-Ubuntu SMP Wed Jan 19 14:08:10 UTC 2022 x86_64,mode=power,1,1,1,0,0,no_cal_date,YOKOGAWA;WT310E;C3XA04010E;F1.04'
ptd-server 2022-02-21 04:48:54,747 [INFO] Connected to PTDaemon
ptd-server 2022-02-21 04:48:54,747 [INFO] Sending to ptd: 'RR'
ptd-server 2022-02-21 04:48:54,747 [INFO] Reply from ptd: 'Ranges,0,0.500000,0,300.000000'
ptd-server 2022-02-21 04:48:54,748 [INFO] Initial range for Amps is 0.500000 for Volts is 300.000000
ptd-server 2022-02-21 04:48:54,748 [INFO] Sending to ptd: 'SR,V,Auto'
ptd-server 2022-02-21 04:48:55,250 [INFO] Reply from ptd: 'Range V changed'
ptd-server 2022-02-21 04:48:55,250 [INFO] Sending to ptd: 'SR,A,Auto'
ptd-server 2022-02-21 04:48:55,753 [INFO] Reply from ptd: 'Range A changed'
ptd-server 2022-02-21 04:49:05,760 [INFO] Starting ranging mode
ptd-server 2022-02-21 04:49:05,760 [INFO] Sending to ptd: 'Go,1000,0,2022-02-21_04-48-37_ranging'
ptd-server 2022-02-21 04:49:05,760 [INFO] Reply from ptd: 'Starting untimed measurement, maximum 500000 samples at 1000ms with 0 rampup samples'
ptd-server 2022-02-21 04:49:05,761 [INFO] Sending reply to client 'OK'
ptd-server 2022-02-21 04:59:33,424 [INFO] Got command from the client 'session,2022-02-21_04-48-37,stop,ranging'
ptd-server 2022-02-21 04:59:43,426 [INFO] Sending to ptd: 'Stop'
ptd-server 2022-02-21 04:59:43,426 [INFO] Reply from ptd: 'Stopping untimed measurement'
ptd-server 2022-02-21 04:59:43,997 [INFO] Sending reply to client 'OK'
ptd-server 2022-02-21 04:59:44,092 [INFO] Got command from the client 'time'
ptd-server 2022-02-21 04:59:44,093 [INFO] Sending reply to client '1645419584.0929887'
ptd-server 2022-02-21 04:59:44,095 [INFO] Got command from the client 'session,2022-02-21_04-48-37,start,testing'
ptd-server 2022-02-21 04:59:44,095 [INFO] Sending to ptd: 'SR,V,248.030000'
ptd-server 2022-02-21 04:59:45,596 [INFO] Reply from ptd: 'Range V changed'
ptd-server 2022-02-21 04:59:45,597 [INFO] Sending to ptd: 'SR,A,0.041730'
ptd-server 2022-02-21 04:59:47,098 [INFO] Reply from ptd: 'Range A changed'
ptd-server 2022-02-21 04:59:57,108 [INFO] Starting testing mode
ptd-server 2022-02-21 04:59:57,108 [INFO] Sending to ptd: 'Go,1000,0,2022-02-21_04-48-37_testing'
ptd-server 2022-02-21 04:59:57,108 [INFO] Reply from ptd: 'Starting untimed measurement, maximum 500000 samples at 1000ms with 0 rampup samples'
ptd-server 2022-02-21 04:59:57,109 [INFO] Sending reply to client 'OK'
ptd-server 2022-02-21 05:10:25,705 [INFO] Got command from the client 'session,2022-02-21_04-48-37,stop,testing'
ptd-server 2022-02-21 05:10:35,715 [INFO] Sending to ptd: 'Stop'
ptd-server 2022-02-21 05:10:35,716 [INFO] Reply from ptd: 'Stopping untimed measurement'
ptd-server 2022-02-21 05:10:36,009 [INFO] Sending reply to client 'OK'
ptd-server 2022-02-21 05:10:36,028 [INFO] Got command from the client 'session,2022-02-21_04-48-37,done'
ptd-server 2022-02-21 05:10:36,028 [INFO] Sending to ptd: 'Stop'
ptd-server 2022-02-21 05:10:36,108 [INFO] Reply from ptd: 'Error: no measurement to stop'
ptd-server 2022-02-21 05:10:36,109 [INFO] Sending to ptd: 'SR,V,300.000000'
ptd-server 2022-02-21 05:10:37,610 [INFO] Reply from ptd: 'Range V changed'
ptd-server 2022-02-21 05:10:37,610 [INFO] Sending to ptd: 'SR,A,0.500000'
ptd-server 2022-02-21 05:10:39,112 [INFO] Reply from ptd: 'Range A changed'
ptd-server 2022-02-21 05:10:39,112 [INFO] Set initial values for Amps 0.500000 and Volts 300.000000
ptd-server 2022-02-21 05:10:39,112 [INFO] Stopping ptd...
