ptd-server 2022-02-22 17:11:17,421 [INFO] Got command from the client 'stop'
ptd-server 2022-02-22 17:11:17,422 [INFO] The server will be stopped after processing this client
ptd-server 2022-02-22 17:11:17,422 [INFO] Sending reply to client 'OK'
ptd-server 2022-02-22 17:11:17,534 [INFO] Got command from the client 'time'
ptd-server 2022-02-22 17:11:17,535 [INFO] Sending reply to client '1645549877.5353377'
ptd-server 2022-02-22 17:11:17,536 [INFO] Got command from the client 'new,,9a1f8250-fdd7-4203-9e75-20bd3aa49356'
ptd-server 2022-02-22 17:11:17,537 [INFO] Sending reply to client 'OK 2022-02-22_17-11-17,13cfd25c-367b-4333-ac1e-b9f273f9bec6'
ptd-server 2022-02-22 17:11:17,616 [INFO] Got command from the client 'time'
ptd-server 2022-02-22 17:11:17,617 [INFO] Sending reply to client '1645549877.617338'
ptd-server 2022-02-22 17:11:17,618 [INFO] Got command from the client 'session,2022-02-22_17-11-17,start,ranging'
ptd-server 2022-02-22 17:11:17,734 [INFO] Running PTDaemon: ['C:\\PTD\\ptd-windows-x86.exe', '-l', 'C:\\Users\\mlperf\\AppData\\Local\\Temp\\tmpuzou04xm\\ptd_logfile.txt', '-p', '8888', '49', 'COM4']
ptd-server 2022-02-22 17:11:37,022 [INFO] Sending to ptd: 'Hello'
ptd-server 2022-02-22 17:11:37,027 [INFO] Reply from ptd: 'Hello, PTDaemon here!'
ptd-server 2022-02-22 17:11:37,028 [INFO] Sending to ptd: 'Identify'
ptd-server 2022-02-22 17:11:37,028 [INFO] Reply from ptd: 'YokogawaWT310E,1000,1,1,1,1,0,1,1,version=1.9.2-3976349f-20201208,OS=Windows 8 / Server 2012,mode=power,1,1,1,0,0,no_cal_date,YOKOGAWA;WT310E;C3TA11005E;F1.02'
ptd-server 2022-02-22 17:11:37,028 [INFO] Connected to PTDaemon
ptd-server 2022-02-22 17:11:37,029 [INFO] Sending to ptd: 'RR'
ptd-server 2022-02-22 17:11:37,029 [INFO] Reply from ptd: 'Ranges,0,10.000000,0,300.000000'
ptd-server 2022-02-22 17:11:37,030 [INFO] Initial range for Amps is 10.000000 for Volts is 300.000000
ptd-server 2022-02-22 17:11:37,030 [INFO] Sending to ptd: 'SR,V,Auto'
ptd-server 2022-02-22 17:11:37,598 [INFO] Reply from ptd: 'Range V changed'
ptd-server 2022-02-22 17:11:37,599 [INFO] Sending to ptd: 'SR,A,Auto'
ptd-server 2022-02-22 17:11:38,174 [INFO] Reply from ptd: 'Range A changed'
ptd-server 2022-02-22 17:11:48,182 [INFO] Starting ranging mode
ptd-server 2022-02-22 17:11:48,187 [INFO] Sending to ptd: 'Go,1000,0,2022-02-22_17-11-17_ranging'
ptd-server 2022-02-22 17:11:48,188 [INFO] Reply from ptd: 'Starting untimed measurement, maximum 500000 samples at 1000ms with 0 rampup samples'
ptd-server 2022-02-22 17:11:48,188 [INFO] Sending reply to client 'OK'
ptd-server 2022-02-22 18:23:52,809 [INFO] Got command from the client 'session,2022-02-22_17-11-17,stop,ranging'
ptd-server 2022-02-22 18:24:02,811 [INFO] Sending to ptd: 'Stop'
ptd-server 2022-02-22 18:24:02,812 [INFO] Reply from ptd: 'Stopping untimed measurement'
ptd-server 2022-02-22 18:24:02,856 [INFO] Sending reply to client 'OK'
ptd-server 2022-02-22 18:24:02,945 [INFO] Got command from the client 'time'
ptd-server 2022-02-22 18:24:02,946 [INFO] Sending reply to client '1645554242.946445'
ptd-server 2022-02-22 18:24:02,948 [INFO] Got command from the client 'session,2022-02-22_17-11-17,start,testing'
ptd-server 2022-02-22 18:24:02,948 [INFO] Sending to ptd: 'SR,V,226.450000'
ptd-server 2022-02-22 18:24:04,776 [INFO] Reply from ptd: 'Range V changed'
ptd-server 2022-02-22 18:24:04,780 [INFO] Sending to ptd: 'SR,A,3.632700'
ptd-server 2022-02-22 18:24:06,367 [INFO] Reply from ptd: 'Range A changed'
ptd-server 2022-02-22 18:24:16,378 [INFO] Starting testing mode
ptd-server 2022-02-22 18:24:16,383 [INFO] Sending to ptd: 'Go,1000,0,2022-02-22_17-11-17_testing'
ptd-server 2022-02-22 18:24:16,384 [INFO] Reply from ptd: 'Starting untimed measurement, maximum 500000 samples at 1000ms with 0 rampup samples'
ptd-server 2022-02-22 18:24:16,384 [INFO] Sending reply to client 'OK'
ptd-server 2022-02-22 19:36:20,617 [INFO] Got command from the client 'session,2022-02-22_17-11-17,stop,testing'
ptd-server 2022-02-22 19:36:30,629 [INFO] Sending to ptd: 'Stop'
ptd-server 2022-02-22 19:36:30,635 [INFO] Reply from ptd: 'Stopping untimed measurement'
ptd-server 2022-02-22 19:36:30,654 [INFO] Sending reply to client 'OK'
ptd-server 2022-02-22 19:36:30,662 [INFO] Got command from the client 'session,2022-02-22_17-11-17,done'
ptd-server 2022-02-22 19:36:30,663 [INFO] Sending to ptd: 'Stop'
ptd-server 2022-02-22 19:36:31,402 [INFO] Reply from ptd: 'Error: no measurement to stop'
ptd-server 2022-02-22 19:36:31,403 [INFO] Sending to ptd: 'SR,V,300.000000'
ptd-server 2022-02-22 19:36:32,983 [INFO] Reply from ptd: 'Range V changed'
ptd-server 2022-02-22 19:36:32,984 [INFO] Sending to ptd: 'SR,A,10.000000'
ptd-server 2022-02-22 19:36:34,572 [INFO] Reply from ptd: 'Range A changed'
ptd-server 2022-02-22 19:36:34,573 [INFO] Set initial values for Amps 10.000000 and Volts 300.000000
ptd-server 2022-02-22 19:36:34,574 [INFO] Stopping ptd...
