ptd-server 2022-02-21 23:43:18,049 [INFO] Got command from the client 'time'
ptd-server 2022-02-21 23:43:18,049 [INFO] Sending reply to client '1645486998.0497193'
ptd-server 2022-02-21 23:43:18,050 [INFO] Got command from the client 'new,,147f9b3b-271c-4f38-b6a8-b52ca51961da'
ptd-server 2022-02-21 23:43:18,051 [INFO] Sending reply to client 'OK 2022-02-21_23-43-18,08388d54-99d6-4c7f-b52a-24f045109917'
ptd-server 2022-02-21 23:43:18,080 [INFO] Got command from the client 'time'
ptd-server 2022-02-21 23:43:18,080 [INFO] Sending reply to client '1645486998.080364'
ptd-server 2022-02-21 23:43:18,082 [INFO] Got command from the client 'session,2022-02-21_23-43-18,start,ranging'
ptd-server 2022-02-21 23:43:18,082 [INFO] Running PTDaemon: ['/home/anton/projects/mlperf/power/inference_v1.0/ptd-linux-x86', '-l', '/tmp/tmpgldyt7rr/ptd_logfile.txt', '-p', '8888', '49', '/dev/usbtmc0']
ptd-server 2022-02-21 23:43:35,255 [INFO] Sending to ptd: 'Hello'
ptd-server 2022-02-21 23:43:35,256 [INFO] Reply from ptd: 'Hello, PTDaemon here!'
ptd-server 2022-02-21 23:43:35,256 [INFO] Sending to ptd: 'Identify'
ptd-server 2022-02-21 23:43:35,257 [INFO] Reply from ptd: 'YokogawaWT310E,1000,1,1,1,1,0,1,1,version=1.9.2-e8c7a49a-20201208,OS=Linux 5.13.0-28-generic #31~20.04.1-Ubuntu SMP Wed Jan 19 14:08:10 UTC 2022 x86_64,mode=power,1,1,1,0,0,no_cal_date,YOKOGAWA;WT310E;C3XA04010E;F1.04'
ptd-server 2022-02-21 23:43:35,257 [INFO] Connected to PTDaemon
ptd-server 2022-02-21 23:43:35,257 [INFO] Sending to ptd: 'RR'
ptd-server 2022-02-21 23:43:35,257 [INFO] Reply from ptd: 'Ranges,0,0.500000,0,300.000000'
ptd-server 2022-02-21 23:43:35,257 [INFO] Initial range for Amps is 0.500000 for Volts is 300.000000
ptd-server 2022-02-21 23:43:35,257 [INFO] Sending to ptd: 'SR,V,Auto'
ptd-server 2022-02-21 23:43:35,760 [INFO] Reply from ptd: 'Range V changed'
ptd-server 2022-02-21 23:43:35,760 [INFO] Sending to ptd: 'SR,A,Auto'
ptd-server 2022-02-21 23:43:36,263 [INFO] Reply from ptd: 'Range A changed'
ptd-server 2022-02-21 23:43:46,273 [INFO] Starting ranging mode
ptd-server 2022-02-21 23:43:46,273 [INFO] Sending to ptd: 'Go,1000,0,2022-02-21_23-43-18_ranging'
ptd-server 2022-02-21 23:43:46,273 [INFO] Reply from ptd: 'Starting untimed measurement, maximum 500000 samples at 1000ms with 0 rampup samples'
ptd-server 2022-02-21 23:43:46,274 [INFO] Sending reply to client 'OK'
ptd-server 2022-02-21 23:54:08,582 [INFO] Got command from the client 'session,2022-02-21_23-43-18,stop,ranging'
ptd-server 2022-02-21 23:54:18,593 [INFO] Sending to ptd: 'Stop'
ptd-server 2022-02-21 23:54:18,593 [INFO] Reply from ptd: 'Stopping untimed measurement'
ptd-server 2022-02-21 23:54:19,260 [INFO] Sending reply to client 'OK'
ptd-server 2022-02-21 23:54:19,332 [INFO] Got command from the client 'time'
ptd-server 2022-02-21 23:54:19,332 [INFO] Sending reply to client '1645487659.3321934'
ptd-server 2022-02-21 23:54:19,335 [INFO] Got command from the client 'session,2022-02-21_23-43-18,start,testing'
ptd-server 2022-02-21 23:54:19,335 [INFO] Sending to ptd: 'SR,V,250.610000'
ptd-server 2022-02-21 23:54:20,837 [INFO] Reply from ptd: 'Range V changed'
ptd-server 2022-02-21 23:54:20,837 [INFO] Sending to ptd: 'SR,A,0.065840'
ptd-server 2022-02-21 23:54:22,338 [INFO] Reply from ptd: 'Range A changed'
ptd-server 2022-02-21 23:54:32,348 [INFO] Starting testing mode
ptd-server 2022-02-21 23:54:32,348 [INFO] Sending to ptd: 'Go,1000,0,2022-02-21_23-43-18_testing'
ptd-server 2022-02-21 23:54:32,348 [INFO] Reply from ptd: 'Starting untimed measurement, maximum 500000 samples at 1000ms with 0 rampup samples'
ptd-server 2022-02-21 23:54:32,349 [INFO] Sending reply to client 'OK'
ptd-server 2022-02-22 00:04:55,336 [INFO] Got command from the client 'session,2022-02-21_23-43-18,stop,testing'
ptd-server 2022-02-22 00:05:05,347 [INFO] Sending to ptd: 'Stop'
ptd-server 2022-02-22 00:05:05,347 [INFO] Reply from ptd: 'Stopping untimed measurement'
ptd-server 2022-02-22 00:05:05,687 [INFO] Sending reply to client 'OK'
ptd-server 2022-02-22 00:05:05,710 [INFO] Got command from the client 'session,2022-02-21_23-43-18,done'
ptd-server 2022-02-22 00:05:05,710 [INFO] Sending to ptd: 'Stop'
ptd-server 2022-02-22 00:05:05,710 [INFO] Reply from ptd: 'Error: no measurement to stop'
ptd-server 2022-02-22 00:05:05,710 [INFO] Sending to ptd: 'SR,V,300.000000'
ptd-server 2022-02-22 00:05:07,212 [INFO] Reply from ptd: 'Range V changed'
ptd-server 2022-02-22 00:05:07,212 [INFO] Sending to ptd: 'SR,A,0.500000'
ptd-server 2022-02-22 00:05:08,713 [INFO] Reply from ptd: 'Range A changed'
ptd-server 2022-02-22 00:05:08,713 [INFO] Set initial values for Amps 0.500000 and Volts 300.000000
ptd-server 2022-02-22 00:05:08,714 [INFO] Stopping ptd...
