ptd-server 2022-02-16 21:49:57,463 [INFO] Got command from the client 'time'
ptd-server 2022-02-16 21:49:57,463 [INFO] Sending reply to client '1645048197.4639337'
ptd-server 2022-02-16 21:49:57,465 [INFO] Got command from the client 'new,,05e7bd5a-8d44-4266-a496-4c9b0d5d888b'
ptd-server 2022-02-16 21:49:57,466 [INFO] Sending reply to client 'OK 2022-02-16_21-49-57,9671b59d-5d1e-4a13-8002-5e723719c984'
ptd-server 2022-02-16 21:49:57,502 [INFO] Got command from the client 'time'
ptd-server 2022-02-16 21:49:57,502 [INFO] Sending reply to client '1645048197.5029154'
ptd-server 2022-02-16 21:49:57,506 [INFO] Got command from the client 'session,2022-02-16_21-49-57,start,ranging'
ptd-server 2022-02-16 21:49:57,506 [INFO] Running PTDaemon: ['/home/anton/projects/mlperf/power/inference_v1.0/ptd-linux-x86', '-l', '/tmp/tmpgldyt7rr/ptd_logfile.txt', '-p', '8888', '49', '/dev/usbtmc0']
ptd-server 2022-02-16 21:50:14,680 [INFO] Sending to ptd: 'Hello'
ptd-server 2022-02-16 21:50:14,680 [INFO] Reply from ptd: 'Hello, PTDaemon here!'
ptd-server 2022-02-16 21:50:14,681 [INFO] Sending to ptd: 'Identify'
ptd-server 2022-02-16 21:50:14,681 [INFO] Reply from ptd: 'YokogawaWT310E,1000,1,1,1,1,0,1,1,version=1.9.2-e8c7a49a-20201208,OS=Linux 5.13.0-28-generic #31~20.04.1-Ubuntu SMP Wed Jan 19 14:08:10 UTC 2022 x86_64,mode=power,1,1,1,0,0,no_cal_date,YOKOGAWA;WT310E;C3XA04010E;F1.04'
ptd-server 2022-02-16 21:50:14,681 [INFO] Connected to PTDaemon
ptd-server 2022-02-16 21:50:14,681 [INFO] Sending to ptd: 'RR'
ptd-server 2022-02-16 21:50:14,682 [INFO] Reply from ptd: 'Ranges,0,0.500000,0,300.000000'
ptd-server 2022-02-16 21:50:14,682 [INFO] Initial range for Amps is 0.500000 for Volts is 300.000000
ptd-server 2022-02-16 21:50:14,682 [INFO] Sending to ptd: 'SR,V,Auto'
ptd-server 2022-02-16 21:50:15,184 [INFO] Reply from ptd: 'Range V changed'
ptd-server 2022-02-16 21:50:15,184 [INFO] Sending to ptd: 'SR,A,Auto'
ptd-server 2022-02-16 21:50:15,687 [INFO] Reply from ptd: 'Range A changed'
ptd-server 2022-02-16 21:50:25,697 [INFO] Starting ranging mode
ptd-server 2022-02-16 21:50:25,697 [INFO] Sending to ptd: 'Go,1000,0,2022-02-16_21-49-57_ranging'
ptd-server 2022-02-16 21:50:25,698 [INFO] Reply from ptd: 'Starting untimed measurement, maximum 500000 samples at 1000ms with 0 rampup samples'
ptd-server 2022-02-16 21:50:25,698 [INFO] Sending reply to client 'OK'
ptd-server 2022-02-16 22:00:42,732 [INFO] Got command from the client 'session,2022-02-16_21-49-57,stop,ranging'
ptd-server 2022-02-16 22:00:52,742 [INFO] Sending to ptd: 'Stop'
ptd-server 2022-02-16 22:00:52,743 [INFO] Reply from ptd: 'Stopping untimed measurement'
ptd-server 2022-02-16 22:00:52,832 [INFO] Sending reply to client 'OK'
ptd-server 2022-02-16 22:00:52,894 [INFO] Got command from the client 'time'
ptd-server 2022-02-16 22:00:52,894 [INFO] Sending reply to client '1645048852.8946538'
ptd-server 2022-02-16 22:00:52,898 [INFO] Got command from the client 'session,2022-02-16_21-49-57,start,testing'
ptd-server 2022-02-16 22:00:52,898 [INFO] Sending to ptd: 'SR,V,250.790000'
ptd-server 2022-02-16 22:00:55,199 [INFO] Reply from ptd: 'Range V changed'
ptd-server 2022-02-16 22:00:55,200 [INFO] Sending to ptd: 'SR,A,0.045760'
ptd-server 2022-02-16 22:00:56,701 [INFO] Reply from ptd: 'Range A changed'
ptd-server 2022-02-16 22:01:06,711 [INFO] Starting testing mode
ptd-server 2022-02-16 22:01:06,712 [INFO] Sending to ptd: 'Go,1000,0,2022-02-16_21-49-57_testing'
ptd-server 2022-02-16 22:01:06,712 [INFO] Reply from ptd: 'Starting untimed measurement, maximum 500000 samples at 1000ms with 0 rampup samples'
ptd-server 2022-02-16 22:01:06,712 [INFO] Sending reply to client 'OK'
ptd-server 2022-02-16 22:11:24,845 [INFO] Got command from the client 'session,2022-02-16_21-49-57,stop,testing'
ptd-server 2022-02-16 22:11:34,855 [INFO] Sending to ptd: 'Stop'
ptd-server 2022-02-16 22:11:34,855 [INFO] Reply from ptd: 'Stopping untimed measurement'
ptd-server 2022-02-16 22:11:34,899 [INFO] Sending reply to client 'OK'
ptd-server 2022-02-16 22:11:34,940 [INFO] Got command from the client 'session,2022-02-16_21-49-57,done'
ptd-server 2022-02-16 22:11:34,940 [INFO] Sending to ptd: 'Stop'
ptd-server 2022-02-16 22:11:35,712 [INFO] Reply from ptd: 'Error: no measurement to stop'
ptd-server 2022-02-16 22:11:35,713 [INFO] Sending to ptd: 'SR,V,300.000000'
ptd-server 2022-02-16 22:11:37,214 [INFO] Reply from ptd: 'Range V changed'
ptd-server 2022-02-16 22:11:37,214 [INFO] Sending to ptd: 'SR,A,0.500000'
ptd-server 2022-02-16 22:11:38,715 [INFO] Reply from ptd: 'Range A changed'
ptd-server 2022-02-16 22:11:38,715 [INFO] Set initial values for Amps 0.500000 and Volts 300.000000
ptd-server 2022-02-16 22:11:38,716 [INFO] Stopping ptd...
