ptd-server 2022-02-23 04:18:36,500 [INFO] Got command from the client 'time'
ptd-server 2022-02-23 04:18:36,500 [INFO] Sending reply to client '1645589916.5006194'
ptd-server 2022-02-23 04:18:36,502 [INFO] Got command from the client 'new,,28f50cdd-d45e-4d36-a24f-13a1d0774b15'
ptd-server 2022-02-23 04:18:36,503 [INFO] Sending reply to client 'OK 2022-02-23_04-18-36,975b9a57-7332-4346-a5c2-9791a0c4f52b'
ptd-server 2022-02-23 04:18:36,538 [INFO] Got command from the client 'time'
ptd-server 2022-02-23 04:18:36,538 [INFO] Sending reply to client '1645589916.5385115'
ptd-server 2022-02-23 04:18:36,540 [INFO] Got command from the client 'session,2022-02-23_04-18-36,start,ranging'
ptd-server 2022-02-23 04:18:36,540 [INFO] Running PTDaemon: ['/home/anton/projects/mlperf/power/inference_v1.0/ptd-linux-x86', '-l', '/tmp/tmpgldyt7rr/ptd_logfile.txt', '-p', '8888', '49', '/dev/usbtmc0']
ptd-server 2022-02-23 04:18:53,713 [INFO] Sending to ptd: 'Hello'
ptd-server 2022-02-23 04:18:53,714 [INFO] Reply from ptd: 'Hello, PTDaemon here!'
ptd-server 2022-02-23 04:18:53,714 [INFO] Sending to ptd: 'Identify'
ptd-server 2022-02-23 04:18:53,714 [INFO] Reply from ptd: 'YokogawaWT310E,1000,1,1,1,1,0,1,1,version=1.9.2-e8c7a49a-20201208,OS=Linux 5.13.0-28-generic #31~20.04.1-Ubuntu SMP Wed Jan 19 14:08:10 UTC 2022 x86_64,mode=power,1,1,1,0,0,no_cal_date,YOKOGAWA;WT310E;C3XA04010E;F1.04'
ptd-server 2022-02-23 04:18:53,714 [INFO] Connected to PTDaemon
ptd-server 2022-02-23 04:18:53,715 [INFO] Sending to ptd: 'RR'
ptd-server 2022-02-23 04:18:53,715 [INFO] Reply from ptd: 'Ranges,0,0.500000,0,300.000000'
ptd-server 2022-02-23 04:18:53,715 [INFO] Initial range for Amps is 0.500000 for Volts is 300.000000
ptd-server 2022-02-23 04:18:53,715 [INFO] Sending to ptd: 'SR,V,Auto'
ptd-server 2022-02-23 04:18:54,218 [INFO] Reply from ptd: 'Range V changed'
ptd-server 2022-02-23 04:18:54,218 [INFO] Sending to ptd: 'SR,A,Auto'
ptd-server 2022-02-23 04:18:54,720 [INFO] Reply from ptd: 'Range A changed'
ptd-server 2022-02-23 04:19:04,731 [INFO] Starting ranging mode
ptd-server 2022-02-23 04:19:04,731 [INFO] Sending to ptd: 'Go,1000,0,2022-02-23_04-18-36_ranging'
ptd-server 2022-02-23 04:19:04,731 [INFO] Reply from ptd: 'Starting untimed measurement, maximum 500000 samples at 1000ms with 0 rampup samples'
ptd-server 2022-02-23 04:19:04,731 [INFO] Sending reply to client 'OK'
ptd-server 2022-02-23 04:29:35,572 [INFO] Got command from the client 'session,2022-02-23_04-18-36,stop,ranging'
ptd-server 2022-02-23 04:29:45,582 [INFO] Sending to ptd: 'Stop'
ptd-server 2022-02-23 04:29:45,583 [INFO] Reply from ptd: 'Stopping untimed measurement'
ptd-server 2022-02-23 04:29:46,397 [INFO] Sending reply to client 'OK'
ptd-server 2022-02-23 04:29:46,458 [INFO] Got command from the client 'time'
ptd-server 2022-02-23 04:29:46,458 [INFO] Sending reply to client '1645590586.458445'
ptd-server 2022-02-23 04:29:46,460 [INFO] Got command from the client 'session,2022-02-23_04-18-36,start,testing'
ptd-server 2022-02-23 04:29:46,460 [INFO] Sending to ptd: 'SR,V,249.450000'
ptd-server 2022-02-23 04:29:47,961 [INFO] Reply from ptd: 'Range V changed'
ptd-server 2022-02-23 04:29:47,961 [INFO] Sending to ptd: 'SR,A,0.055660'
ptd-server 2022-02-23 04:29:49,463 [INFO] Reply from ptd: 'Range A changed'
ptd-server 2022-02-23 04:29:59,473 [INFO] Starting testing mode
ptd-server 2022-02-23 04:29:59,473 [INFO] Sending to ptd: 'Go,1000,0,2022-02-23_04-18-36_testing'
ptd-server 2022-02-23 04:29:59,474 [INFO] Reply from ptd: 'Starting untimed measurement, maximum 500000 samples at 1000ms with 0 rampup samples'
ptd-server 2022-02-23 04:29:59,474 [INFO] Sending reply to client 'OK'
ptd-server 2022-02-23 04:40:30,102 [INFO] Got command from the client 'session,2022-02-23_04-18-36,stop,testing'
ptd-server 2022-02-23 04:40:40,112 [INFO] Sending to ptd: 'Stop'
ptd-server 2022-02-23 04:40:40,113 [INFO] Reply from ptd: 'Stopping untimed measurement'
ptd-server 2022-02-23 04:40:40,544 [INFO] Sending reply to client 'OK'
ptd-server 2022-02-23 04:40:40,562 [INFO] Got command from the client 'session,2022-02-23_04-18-36,done'
ptd-server 2022-02-23 04:40:40,563 [INFO] Sending to ptd: 'Stop'
ptd-server 2022-02-23 04:40:40,563 [INFO] Reply from ptd: 'Error: no measurement to stop'
ptd-server 2022-02-23 04:40:40,563 [INFO] Sending to ptd: 'SR,V,300.000000'
ptd-server 2022-02-23 04:40:42,064 [INFO] Reply from ptd: 'Range V changed'
ptd-server 2022-02-23 04:40:42,064 [INFO] Sending to ptd: 'SR,A,0.500000'
ptd-server 2022-02-23 04:40:43,566 [INFO] Reply from ptd: 'Range A changed'
ptd-server 2022-02-23 04:40:43,566 [INFO] Set initial values for Amps 0.500000 and Volts 300.000000
ptd-server 2022-02-23 04:40:43,566 [INFO] Stopping ptd...
