ptd-server 2022-02-14 17:58:40,821 [INFO] Got command from the client 'time'
ptd-server 2022-02-14 17:58:40,821 [INFO] Sending reply to client '1644861520.8211627'
ptd-server 2022-02-14 17:58:40,822 [INFO] Got command from the client 'new,,1ff71253-90fb-4a51-8efa-ecd9202fafab'
ptd-server 2022-02-14 17:58:40,823 [INFO] Sending reply to client 'OK 2022-02-14_17-58-40,7e7ce252-1317-43b5-96dc-daecc000648b'
ptd-server 2022-02-14 17:58:40,861 [INFO] Got command from the client 'time'
ptd-server 2022-02-14 17:58:40,861 [INFO] Sending reply to client '1644861520.861629'
ptd-server 2022-02-14 17:58:40,863 [INFO] Got command from the client 'session,2022-02-14_17-58-40,start,ranging'
ptd-server 2022-02-14 17:58:40,864 [INFO] Running PTDaemon: ['/home/anton/projects/mlperf/power/inference_v1.0/ptd-linux-x86', '-l', '/tmp/tmpxvec0g6h/ptd_logfile.txt', '-p', '8888', '49', '/dev/usbtmc0']
ptd-server 2022-02-14 17:58:58,036 [INFO] Sending to ptd: 'Hello'
ptd-server 2022-02-14 17:58:58,037 [INFO] Reply from ptd: 'Hello, PTDaemon here!'
ptd-server 2022-02-14 17:58:58,037 [INFO] Sending to ptd: 'Identify'
ptd-server 2022-02-14 17:58:58,038 [INFO] Reply from ptd: 'YokogawaWT310E,1000,1,1,1,1,0,1,1,version=1.9.2-e8c7a49a-20201208,OS=Linux 5.13.0-27-generic #29~20.04.1-Ubuntu SMP Fri Jan 14 00:32:30 UTC 2022 x86_64,mode=power,1,1,1,0,0,no_cal_date,YOKOGAWA;WT310E;C3XA04010E;F1.04'
ptd-server 2022-02-14 17:58:58,038 [INFO] Connected to PTDaemon
ptd-server 2022-02-14 17:58:58,038 [INFO] Sending to ptd: 'RR'
ptd-server 2022-02-14 17:58:58,038 [INFO] Reply from ptd: 'Ranges,0,0.500000,0,300.000000'
ptd-server 2022-02-14 17:58:58,038 [INFO] Initial range for Amps is 0.500000 for Volts is 300.000000
ptd-server 2022-02-14 17:58:58,039 [INFO] Sending to ptd: 'SR,V,Auto'
ptd-server 2022-02-14 17:58:58,541 [INFO] Reply from ptd: 'Range V changed'
ptd-server 2022-02-14 17:58:58,541 [INFO] Sending to ptd: 'SR,A,Auto'
ptd-server 2022-02-14 17:58:59,044 [INFO] Reply from ptd: 'Range A changed'
ptd-server 2022-02-14 17:59:09,054 [INFO] Starting ranging mode
ptd-server 2022-02-14 17:59:09,054 [INFO] Sending to ptd: 'Go,1000,0,2022-02-14_17-58-40_ranging'
ptd-server 2022-02-14 17:59:09,055 [INFO] Reply from ptd: 'Starting untimed measurement, maximum 500000 samples at 1000ms with 0 rampup samples'
ptd-server 2022-02-14 17:59:09,055 [INFO] Sending reply to client 'OK'
ptd-server 2022-02-14 18:09:28,450 [INFO] Got command from the client 'session,2022-02-14_17-58-40,stop,ranging'
ptd-server 2022-02-14 18:09:38,460 [INFO] Sending to ptd: 'Stop'
ptd-server 2022-02-14 18:09:38,461 [INFO] Reply from ptd: 'Stopping untimed measurement'
ptd-server 2022-02-14 18:09:39,218 [INFO] Sending reply to client 'OK'
ptd-server 2022-02-14 18:09:39,288 [INFO] Got command from the client 'time'
ptd-server 2022-02-14 18:09:39,288 [INFO] Sending reply to client '1644862179.2884293'
ptd-server 2022-02-14 18:09:39,291 [INFO] Got command from the client 'session,2022-02-14_17-58-40,start,testing'
ptd-server 2022-02-14 18:09:39,291 [INFO] Sending to ptd: 'SR,V,250.780000'
ptd-server 2022-02-14 18:09:40,792 [INFO] Reply from ptd: 'Range V changed'
ptd-server 2022-02-14 18:09:40,793 [INFO] Sending to ptd: 'SR,A,0.194890'
ptd-server 2022-02-14 18:09:42,294 [INFO] Reply from ptd: 'Range A changed'
ptd-server 2022-02-14 18:09:52,304 [INFO] Starting testing mode
ptd-server 2022-02-14 18:09:52,305 [INFO] Sending to ptd: 'Go,1000,0,2022-02-14_17-58-40_testing'
ptd-server 2022-02-14 18:09:52,305 [INFO] Reply from ptd: 'Starting untimed measurement, maximum 500000 samples at 1000ms with 0 rampup samples'
ptd-server 2022-02-14 18:09:52,305 [INFO] Sending reply to client 'OK'
ptd-server 2022-02-14 18:20:11,730 [INFO] Got command from the client 'session,2022-02-14_17-58-40,stop,testing'
ptd-server 2022-02-14 18:20:21,741 [INFO] Sending to ptd: 'Stop'
ptd-server 2022-02-14 18:20:21,741 [INFO] Reply from ptd: 'Stopping untimed measurement'
ptd-server 2022-02-14 18:20:22,133 [INFO] Sending reply to client 'OK'
ptd-server 2022-02-14 18:20:22,151 [INFO] Got command from the client 'session,2022-02-14_17-58-40,done'
ptd-server 2022-02-14 18:20:22,151 [INFO] Sending to ptd: 'Stop'
ptd-server 2022-02-14 18:20:22,306 [INFO] Reply from ptd: 'Error: no measurement to stop'
ptd-server 2022-02-14 18:20:22,306 [INFO] Sending to ptd: 'SR,V,300.000000'
ptd-server 2022-02-14 18:20:23,807 [INFO] Reply from ptd: 'Range V changed'
ptd-server 2022-02-14 18:20:23,807 [INFO] Sending to ptd: 'SR,A,0.500000'
ptd-server 2022-02-14 18:20:25,309 [INFO] Reply from ptd: 'Range A changed'
ptd-server 2022-02-14 18:20:25,309 [INFO] Set initial values for Amps 0.500000 and Volts 300.000000
ptd-server 2022-02-14 18:20:25,309 [INFO] Stopping ptd...
