client 2022-02-24 09:41:42,832 [INFO] Sending command to the server: 'mlcommons/power client v3'
client 2022-02-24 09:41:42,834 [INFO] Got response: 'mlcommons/power server v3'
client 2022-02-24 09:41:42,834 [INFO] Sending command to the server: 'stop'
client 2022-02-24 09:41:42,836 [INFO] Got response: 'OK'
client 2022-02-24 09:41:42,836 [INFO] Synchronizing with the server and with 100.64.0.18...
client 2022-02-24 09:41:42,844 [INFO] NTP:offset = -0.000 s, delay = 0.001 s 
client 2022-02-24 09:41:42,844 [INFO] Sending command to the server: 'time'
client 2022-02-24 09:41:42,846 [INFO] Got response: '1645695702.8457437'
client 2022-02-24 09:41:42,846 [INFO] The time difference between the client and the server is within range -1.079 ms..0.914 ms
client 2022-02-24 09:41:42,846 [INFO] Sending command to the server: 'new,,e4f9c8d0-d108-4e11-bf9a-f1ce0772d210'
client 2022-02-24 09:41:42,848 [INFO] Got response: 'OK 2022-02-24_09-41-42,989c8a1b-e1c5-42d6-a0c2-9722308311ad'
client 2022-02-24 09:41:42,849 [INFO] Session id is '2022-02-24_09-41-42'
client 2022-02-24 09:41:42,849 [INFO] Sources: {"sources": {"__init__.py": "da39a3ee5e6b4b0d3255bfef95601890afd80709", "client.py": "33ca4f26368777ac06e01f9567b714a4b8063886", "lib/__init__.py": "da39a3ee5e6b4b0d3255bfef95601890afd80709", "lib/client.py": "4c2b78fb4849a7e5b584ef792d82aaed20b17f57", "lib/common.py": "624d0c0acc7c39aaff3674f0b99d6a09da53d1dc", "lib/external/__init__.py": "da39a3ee5e6b4b0d3255bfef95601890afd80709", "lib/external/ntplib.py": "4da8f970656505a40483206ef2b5d3dd5e81711d", "lib/server.py": "59c9fb92908260d3e9f81a895c7aa009742275e4", "lib/source_hashes.py": "60a2e02193209e8d392803326208d5466342da18", "lib/summary.py": "aa92f0a3f975eecd44d3c0cd0236342ccc9f941d", "lib/time_sync.py": "3210db56eb0ff0df57bf4293dc4d4b03fffd46f1", "server.py": "c3f90f2f7eeb4db30727556d0c815ebc89b3d28b", "tests/unit/__init__.py": "da39a3ee5e6b4b0d3255bfef95601890afd80709", "tests/unit/test_server.py": "99ae15aef722f2000ee6ed1ae1523637bf1ae42b", "tests/unit/test_source_hashes.py": "00468a2907583c593e6574a1f6b404e4651c221a"}, "modules": {"ptd_client_server.lib.client": "lib/client.py", "ptd_client_server.lib.common": "lib/common.py", "ptd_client_server.lib.external.ntplib": "lib/external/ntplib.py", "ptd_client_server.lib.source_hashes": "lib/source_hashes.py", "ptd_client_server.lib.summary": "lib/summary.py", "ptd_client_server.lib.time_sync": "lib/time_sync.py"}}
client 2022-02-24 09:41:42,849 [INFO] Running workload in ranging mode
client 2022-02-24 09:41:42,849 [INFO] Synchronizing with the server and with 100.64.0.18...
client 2022-02-24 09:41:42,852 [INFO] NTP:offset = -0.000 s, delay = 0.001 s 
client 2022-02-24 09:41:42,852 [INFO] Sending command to the server: 'time'
client 2022-02-24 09:41:42,854 [INFO] Got response: '1645695702.8532531'
client 2022-02-24 09:41:42,854 [INFO] The time difference between the client and the server is within range -1.026 ms..1.048 ms
client 2022-02-24 09:41:42,854 [INFO] Sending command to the server: 'session,2022-02-24_09-41-42,start,ranging'
client 2022-02-24 09:42:07,622 [INFO] Got response: 'OK'
client 2022-02-24 09:42:07,622 [INFO] Running the workload 'LOG_DIR=/work/build/power_logs_temp python3 code/main.py --benchmarks=resnet50 \t--scenarios=multistream \t--config_ver=default_maxq \t--test_mode=PerformanceOnly  --action="run_harness" \\\n\t\t2>&1 | tee -a /work/build/power_logs/2022.02.24-09.41.31/stdout.txt \\\n\t\t&& if [ ! -d /work/build/power_logs/2022.02.24-09.41.31/ranging_tmp ]; \\\n\t\t\tthen mkdir /work/build/power_logs/2022.02.24-09.41.31/ranging_tmp \\\n\t\t\t\t&& mv /work/build/power_logs_temp/* /work/build/power_logs/2022.02.24-09.41.31/ranging_tmp/ \\\n\t\t\t\t&& cp -v /work/build/power_logs/2022.02.24-09.41.31/ranging_tmp/*/*/*/mlperf_log_detail.txt /work/build/power_logs_temp/ \\\n\t\t\t\t&& cp -v /work/build/power_logs/2022.02.24-09.41.31/ranging_tmp/*/*/*/mlperf_log_summary.txt /work/build/power_logs_temp/; \\\n\t\t\telse mkdir /work/build/power_logs/2022.02.24-09.41.31/testing_tmp \\\n\t\t\t\t&& mv /work/build/power_logs_temp/* /work/build/power_logs/2022.02.24-09.41.31/testing_tmp/ \\\n\t\t\t\t&& cp -v /work/build/power_logs/2022.02.24-09.41.31/testing_tmp/*/*/*/mlperf_log_detail.txt /work/build/power_logs_temp/ \\\n\t\t\t\t&& cp -v /work/build/power_logs/2022.02.24-09.41.31/testing_tmp/*/*/*/mlperf_log_summary.txt /work/build/power_logs_temp/; fi'
client 2022-02-24 09:52:24,076 [INFO] Sending command to the server: 'session,2022-02-24_09-41-42,stop,ranging'
client 2022-02-24 09:52:34,111 [INFO] Got response: 'OK'
client 2022-02-24 09:52:34,121 [INFO] Copying loadgen logs from '/work/build/power_logs_temp' to '/work/build/power_logs/2022.02.24-09.41.31/2022-02-24_09-41-42/ranging'
client 2022-02-24 09:52:34,122 [INFO] Running workload in testing mode
client 2022-02-24 09:52:34,122 [INFO] Synchronizing with the server and with 100.64.0.18...
client 2022-02-24 09:52:34,125 [INFO] NTP:offset = -0.000 s, delay = 0.001 s 
client 2022-02-24 09:52:34,125 [INFO] Sending command to the server: 'time'
client 2022-02-24 09:52:34,127 [INFO] Got response: '1645696354.1020954'
client 2022-02-24 09:52:34,127 [INFO] The time difference between the client and the server is within range 23.482 ms..25.660 ms
client 2022-02-24 09:52:34,127 [INFO] Sending command to the server: 'session,2022-02-24_09-41-42,start,testing'
client 2022-02-24 09:52:47,711 [INFO] Got response: 'OK'
client 2022-02-24 09:52:47,712 [INFO] Running the workload 'LOG_DIR=/work/build/power_logs_temp python3 code/main.py --benchmarks=resnet50 \t--scenarios=multistream \t--config_ver=default_maxq \t--test_mode=PerformanceOnly  --action="run_harness" \\\n\t\t2>&1 | tee -a /work/build/power_logs/2022.02.24-09.41.31/stdout.txt \\\n\t\t&& if [ ! -d /work/build/power_logs/2022.02.24-09.41.31/ranging_tmp ]; \\\n\t\t\tthen mkdir /work/build/power_logs/2022.02.24-09.41.31/ranging_tmp \\\n\t\t\t\t&& mv /work/build/power_logs_temp/* /work/build/power_logs/2022.02.24-09.41.31/ranging_tmp/ \\\n\t\t\t\t&& cp -v /work/build/power_logs/2022.02.24-09.41.31/ranging_tmp/*/*/*/mlperf_log_detail.txt /work/build/power_logs_temp/ \\\n\t\t\t\t&& cp -v /work/build/power_logs/2022.02.24-09.41.31/ranging_tmp/*/*/*/mlperf_log_summary.txt /work/build/power_logs_temp/; \\\n\t\t\telse mkdir /work/build/power_logs/2022.02.24-09.41.31/testing_tmp \\\n\t\t\t\t&& mv /work/build/power_logs_temp/* /work/build/power_logs/2022.02.24-09.41.31/testing_tmp/ \\\n\t\t\t\t&& cp -v /work/build/power_logs/2022.02.24-09.41.31/testing_tmp/*/*/*/mlperf_log_detail.txt /work/build/power_logs_temp/ \\\n\t\t\t\t&& cp -v /work/build/power_logs/2022.02.24-09.41.31/testing_tmp/*/*/*/mlperf_log_summary.txt /work/build/power_logs_temp/; fi'
client 2022-02-24 10:03:04,144 [INFO] Sending command to the server: 'session,2022-02-24_09-41-42,stop,testing'
client 2022-02-24 10:03:14,177 [INFO] Got response: 'OK'
client 2022-02-24 10:03:14,179 [INFO] Copying loadgen logs from '/work/build/power_logs_temp' to '/work/build/power_logs/2022.02.24-09.41.31/2022-02-24_09-41-42/run_1'
client 2022-02-24 10:03:14,180 [INFO] Done runs
