ptd-server 2022-02-24 09:41:42,834 [INFO] Got command from the client 'stop'
ptd-server 2022-02-24 09:41:42,834 [INFO] The server will be stopped after processing this client
ptd-server 2022-02-24 09:41:42,835 [INFO] Sending reply to client 'OK'
ptd-server 2022-02-24 09:41:42,845 [INFO] Got command from the client 'time'
ptd-server 2022-02-24 09:41:42,845 [INFO] Sending reply to client '1645695702.8457437'
ptd-server 2022-02-24 09:41:42,846 [INFO] Got command from the client 'new,,e4f9c8d0-d108-4e11-bf9a-f1ce0772d210'
ptd-server 2022-02-24 09:41:42,847 [INFO] Sending reply to client 'OK 2022-02-24_09-41-42,989c8a1b-e1c5-42d6-a0c2-9722308311ad'
ptd-server 2022-02-24 09:41:42,852 [INFO] Got command from the client 'time'
ptd-server 2022-02-24 09:41:42,853 [INFO] Sending reply to client '1645695702.8532531'
ptd-server 2022-02-24 09:41:42,855 [INFO] Got command from the client 'session,2022-02-24_09-41-42,start,ranging'
ptd-server 2022-02-24 09:41:42,968 [INFO] Running PTDaemon: ['.\\ptd-windows-x86.exe', '-l', 'C:\\Users\\root\\AppData\\Local\\Temp\\tmplxp72cgm\\ptd_logfile.txt', '-p', '8888', '-c', '1', '-g', '8', '1']
ptd-server 2022-02-24 09:41:56,557 [INFO] Sending to ptd: 'Hello'
ptd-server 2022-02-24 09:41:56,558 [INFO] Reply from ptd: 'Hello, PTDaemon here!'
ptd-server 2022-02-24 09:41:56,559 [INFO] Sending to ptd: 'Identify'
ptd-server 2022-02-24 09:41:56,560 [INFO] Reply from ptd: 'YokogawaWT210,1000,1,1,1,1,0,0,1,version=1.9.2-3976349f-20201208,OS=Windows 8 / Server 2012,mode=power,1,1,1,0,0,no_cal_date,YOKOGAWA;760401;0;F1.12'
ptd-server 2022-02-24 09:41:56,561 [INFO] Connected to PTDaemon
ptd-server 2022-02-24 09:41:56,562 [INFO] Sending to ptd: 'RR'
ptd-server 2022-02-24 09:41:56,563 [INFO] Reply from ptd: 'Ranges,1,2.000000,1,150.000000'
ptd-server 2022-02-24 09:41:56,564 [INFO] Initial range for Amps is Auto for Volts is Auto
ptd-server 2022-02-24 09:41:56,564 [INFO] Sending to ptd: 'SR,V,Auto'
ptd-server 2022-02-24 09:41:57,084 [INFO] Reply from ptd: 'Range V changed'
ptd-server 2022-02-24 09:41:57,085 [INFO] Sending to ptd: 'SR,A,Auto'
ptd-server 2022-02-24 09:41:57,604 [INFO] Reply from ptd: 'Range A changed'
ptd-server 2022-02-24 09:42:07,618 [INFO] Starting ranging mode
ptd-server 2022-02-24 09:42:07,618 [INFO] Sending to ptd: 'Go,1000,0,2022-02-24_09-41-42_ranging'
ptd-server 2022-02-24 09:42:07,619 [INFO] Reply from ptd: 'Starting untimed measurement, maximum 500000 samples at 1000ms with 0 rampup samples'
ptd-server 2022-02-24 09:42:07,620 [INFO] Sending reply to client 'OK'
ptd-server 2022-02-24 09:52:24,053 [INFO] Got command from the client 'session,2022-02-24_09-41-42,stop,ranging'
ptd-server 2022-02-24 09:52:34,060 [INFO] Sending to ptd: 'Stop'
ptd-server 2022-02-24 09:52:34,061 [INFO] Reply from ptd: 'Stopping untimed measurement'
ptd-server 2022-02-24 09:52:34,084 [INFO] Sending reply to client 'OK'
ptd-server 2022-02-24 09:52:34,101 [INFO] Got command from the client 'time'
ptd-server 2022-02-24 09:52:34,102 [INFO] Sending reply to client '1645696354.1020954'
ptd-server 2022-02-24 09:52:34,104 [INFO] Got command from the client 'session,2022-02-24_09-41-42,start,testing'
ptd-server 2022-02-24 09:52:34,104 [INFO] Sending to ptd: 'SR,V,120.730000'
ptd-server 2022-02-24 09:52:36,156 [INFO] Reply from ptd: 'Range V changed'
ptd-server 2022-02-24 09:52:36,158 [INFO] Sending to ptd: 'SR,A,2.404800'
ptd-server 2022-02-24 09:52:37,678 [INFO] Reply from ptd: 'Range A changed'
ptd-server 2022-02-24 09:52:47,682 [INFO] Starting testing mode
ptd-server 2022-02-24 09:52:47,683 [INFO] Sending to ptd: 'Go,1000,0,2022-02-24_09-41-42_testing'
ptd-server 2022-02-24 09:52:47,684 [INFO] Reply from ptd: 'Starting untimed measurement, maximum 500000 samples at 1000ms with 0 rampup samples'
ptd-server 2022-02-24 09:52:47,685 [INFO] Sending reply to client 'OK'
ptd-server 2022-02-24 10:03:04,096 [INFO] Got command from the client 'session,2022-02-24_09-41-42,stop,testing'
ptd-server 2022-02-24 10:03:14,106 [INFO] Sending to ptd: 'Stop'
ptd-server 2022-02-24 10:03:14,107 [INFO] Reply from ptd: 'Stopping untimed measurement'
ptd-server 2022-02-24 10:03:14,126 [INFO] Sending reply to client 'OK'
ptd-server 2022-02-24 10:03:14,136 [INFO] Got command from the client 'session,2022-02-24_09-41-42,done'
ptd-server 2022-02-24 10:03:14,136 [INFO] Sending to ptd: 'Stop'
ptd-server 2022-02-24 10:03:14,698 [INFO] Reply from ptd: 'Error: no measurement to stop'
ptd-server 2022-02-24 10:03:14,700 [INFO] Sending to ptd: 'SR,V,Auto'
ptd-server 2022-02-24 10:03:15,220 [INFO] Reply from ptd: 'Range V changed'
ptd-server 2022-02-24 10:03:15,221 [INFO] Sending to ptd: 'SR,A,Auto'
ptd-server 2022-02-24 10:03:15,747 [INFO] Reply from ptd: 'Range A changed'
ptd-server 2022-02-24 10:03:15,748 [INFO] Set initial values for Amps Auto and Volts Auto
ptd-server 2022-02-24 10:03:15,749 [INFO] Stopping ptd...
