ptd-server 2022-02-15 02:10:22,428 [INFO] Got command from the client 'time'
ptd-server 2022-02-15 02:10:22,429 [INFO] Sending reply to client '1644891022.4291224'
ptd-server 2022-02-15 02:10:22,430 [INFO] Got command from the client 'new,,a3a0eda8-fdd2-45b7-94fb-d6ee8de05f5f'
ptd-server 2022-02-15 02:10:22,430 [INFO] Sending reply to client 'OK 2022-02-15_02-10-22,1ffe3c33-e773-4825-92f3-8dca8a32dc51'
ptd-server 2022-02-15 02:10:22,459 [INFO] Got command from the client 'time'
ptd-server 2022-02-15 02:10:22,459 [INFO] Sending reply to client '1644891022.4591434'
ptd-server 2022-02-15 02:10:22,460 [INFO] Got command from the client 'session,2022-02-15_02-10-22,start,ranging'
ptd-server 2022-02-15 02:10:22,460 [INFO] Running PTDaemon: ['/home/anton/projects/mlperf/power/inference_v1.0/ptd-linux-x86', '-l', '/tmp/tmpxvec0g6h/ptd_logfile.txt', '-p', '8888', '49', '/dev/usbtmc0']
ptd-server 2022-02-15 02:10:39,633 [INFO] Sending to ptd: 'Hello'
ptd-server 2022-02-15 02:10:39,634 [INFO] Reply from ptd: 'Hello, PTDaemon here!'
ptd-server 2022-02-15 02:10:39,634 [INFO] Sending to ptd: 'Identify'
ptd-server 2022-02-15 02:10:39,634 [INFO] Reply from ptd: 'YokogawaWT310E,1000,1,1,1,1,0,1,1,version=1.9.2-e8c7a49a-20201208,OS=Linux 5.13.0-27-generic #29~20.04.1-Ubuntu SMP Fri Jan 14 00:32:30 UTC 2022 x86_64,mode=power,1,1,1,0,0,no_cal_date,YOKOGAWA;WT310E;C3XA04010E;F1.04'
ptd-server 2022-02-15 02:10:39,634 [INFO] Connected to PTDaemon
ptd-server 2022-02-15 02:10:39,634 [INFO] Sending to ptd: 'RR'
ptd-server 2022-02-15 02:10:39,635 [INFO] Reply from ptd: 'Ranges,0,0.500000,0,300.000000'
ptd-server 2022-02-15 02:10:39,635 [INFO] Initial range for Amps is 0.500000 for Volts is 300.000000
ptd-server 2022-02-15 02:10:39,635 [INFO] Sending to ptd: 'SR,V,Auto'
ptd-server 2022-02-15 02:10:40,137 [INFO] Reply from ptd: 'Range V changed'
ptd-server 2022-02-15 02:10:40,138 [INFO] Sending to ptd: 'SR,A,Auto'
ptd-server 2022-02-15 02:10:40,640 [INFO] Reply from ptd: 'Range A changed'
ptd-server 2022-02-15 02:10:50,650 [INFO] Starting ranging mode
ptd-server 2022-02-15 02:10:50,651 [INFO] Sending to ptd: 'Go,1000,0,2022-02-15_02-10-22_ranging'
ptd-server 2022-02-15 02:10:50,651 [INFO] Reply from ptd: 'Starting untimed measurement, maximum 500000 samples at 1000ms with 0 rampup samples'
ptd-server 2022-02-15 02:10:50,651 [INFO] Sending reply to client 'OK'
ptd-server 2022-02-15 02:21:10,282 [INFO] Got command from the client 'session,2022-02-15_02-10-22,stop,ranging'
ptd-server 2022-02-15 02:21:20,293 [INFO] Sending to ptd: 'Stop'
ptd-server 2022-02-15 02:21:20,293 [INFO] Reply from ptd: 'Stopping untimed measurement'
ptd-server 2022-02-15 02:21:21,103 [INFO] Sending reply to client 'OK'
ptd-server 2022-02-15 02:21:21,159 [INFO] Got command from the client 'time'
ptd-server 2022-02-15 02:21:21,159 [INFO] Sending reply to client '1644891681.1592894'
ptd-server 2022-02-15 02:21:21,161 [INFO] Got command from the client 'session,2022-02-15_02-10-22,start,testing'
ptd-server 2022-02-15 02:21:21,161 [INFO] Sending to ptd: 'SR,V,251.520000'
ptd-server 2022-02-15 02:21:22,663 [INFO] Reply from ptd: 'Range V changed'
ptd-server 2022-02-15 02:21:22,663 [INFO] Sending to ptd: 'SR,A,0.176150'
ptd-server 2022-02-15 02:21:24,164 [INFO] Reply from ptd: 'Range A changed'
ptd-server 2022-02-15 02:21:34,175 [INFO] Starting testing mode
ptd-server 2022-02-15 02:21:34,175 [INFO] Sending to ptd: 'Go,1000,0,2022-02-15_02-10-22_testing'
ptd-server 2022-02-15 02:21:34,175 [INFO] Reply from ptd: 'Starting untimed measurement, maximum 500000 samples at 1000ms with 0 rampup samples'
ptd-server 2022-02-15 02:21:34,175 [INFO] Sending reply to client 'OK'
ptd-server 2022-02-15 02:31:53,723 [INFO] Got command from the client 'session,2022-02-15_02-10-22,stop,testing'
ptd-server 2022-02-15 02:32:03,734 [INFO] Sending to ptd: 'Stop'
ptd-server 2022-02-15 02:32:03,734 [INFO] Reply from ptd: 'Stopping untimed measurement'
ptd-server 2022-02-15 02:32:04,141 [INFO] Sending reply to client 'OK'
ptd-server 2022-02-15 02:32:04,160 [INFO] Got command from the client 'session,2022-02-15_02-10-22,done'
ptd-server 2022-02-15 02:32:04,160 [INFO] Sending to ptd: 'Stop'
ptd-server 2022-02-15 02:32:04,176 [INFO] Reply from ptd: 'Error: no measurement to stop'
ptd-server 2022-02-15 02:32:04,176 [INFO] Sending to ptd: 'SR,V,300.000000'
ptd-server 2022-02-15 02:32:05,677 [INFO] Reply from ptd: 'Range V changed'
ptd-server 2022-02-15 02:32:05,677 [INFO] Sending to ptd: 'SR,A,0.500000'
ptd-server 2022-02-15 02:32:07,179 [INFO] Reply from ptd: 'Range A changed'
ptd-server 2022-02-15 02:32:07,179 [INFO] Set initial values for Amps 0.500000 and Volts 300.000000
ptd-server 2022-02-15 02:32:07,179 [INFO] Stopping ptd...
