ptd-server 2022-02-18 16:24:14,511 [INFO] Got command from the client 'time'
ptd-server 2022-02-18 16:24:14,511 [INFO] Sending reply to client '1645223054.5117657'
ptd-server 2022-02-18 16:24:14,512 [INFO] Got command from the client 'new,,bccefe46-5a77-4f70-850b-4a0532655859'
ptd-server 2022-02-18 16:24:14,512 [INFO] Sending reply to client 'OK 2022-02-18_16-24-14,86e4173e-2336-447f-9b00-c339617a1ff2'
ptd-server 2022-02-18 16:24:14,603 [INFO] Got command from the client 'time'
ptd-server 2022-02-18 16:24:14,603 [INFO] Sending reply to client '1645223054.603896'
ptd-server 2022-02-18 16:24:14,604 [INFO] Got command from the client 'session,2022-02-18_16-24-14,start,ranging'
ptd-server 2022-02-18 16:24:14,604 [INFO] Running PTDaemon: ['/local/mnt/workspace/mlcommons/power-main/inference_v1.0/ptd-linux-x86', '-l', '/tmp/tmp4zullp9k/ptd_logfile.txt', '-p', '8889', '49', '/dev/usbtmc0']
ptd-server 2022-02-18 16:24:31,638 [INFO] Sending to ptd: 'Hello'
ptd-server 2022-02-18 16:24:31,638 [INFO] Reply from ptd: 'Hello, PTDaemon here!'
ptd-server 2022-02-18 16:24:31,638 [INFO] Sending to ptd: 'Identify'
ptd-server 2022-02-18 16:24:31,638 [INFO] Reply from ptd: 'YokogawaWT310E,1000,1,1,1,1,0,1,1,version=1.9.2-e8c7a49a-20201208,OS=Linux 4.15.0-162-generic #170-Ubuntu SMP Mon Oct 18 11:38:05 UTC 2021 x86_64,mode=power,1,1,1,0,0,no_cal_date,YOKOGAWA;WT310E;C2XF16028V;F1.04'
ptd-server 2022-02-18 16:24:31,639 [INFO] Connected to PTDaemon
ptd-server 2022-02-18 16:24:31,639 [INFO] Sending to ptd: 'RR'
ptd-server 2022-02-18 16:24:31,639 [INFO] Reply from ptd: 'Ranges,1,5.000000,1,150.000000'
ptd-server 2022-02-18 16:24:31,639 [INFO] Initial range for Amps is Auto for Volts is Auto
ptd-server 2022-02-18 16:24:31,639 [INFO] Sending to ptd: 'SR,V,Auto'
ptd-server 2022-02-18 16:24:32,141 [INFO] Reply from ptd: 'Range V changed'
ptd-server 2022-02-18 16:24:32,141 [INFO] Sending to ptd: 'SR,A,Auto'
ptd-server 2022-02-18 16:24:32,643 [INFO] Reply from ptd: 'Range A changed'
ptd-server 2022-02-18 16:24:42,653 [INFO] Starting ranging mode
ptd-server 2022-02-18 16:24:42,653 [INFO] Sending to ptd: 'Go,1000,0,2022-02-18_16-24-14_ranging'
ptd-server 2022-02-18 16:24:42,653 [INFO] Reply from ptd: 'Starting untimed measurement, maximum 500000 samples at 1000ms with 0 rampup samples'
ptd-server 2022-02-18 16:24:42,653 [INFO] Sending reply to client 'OK'
ptd-server 2022-02-18 16:38:35,768 [INFO] Got command from the client 'session,2022-02-18_16-24-14,stop,ranging'
ptd-server 2022-02-18 16:38:45,774 [INFO] Sending to ptd: 'Stop'
ptd-server 2022-02-18 16:38:45,774 [INFO] Reply from ptd: 'Stopping untimed measurement'
ptd-server 2022-02-18 16:38:45,909 [INFO] Sending reply to client 'OK'
ptd-server 2022-02-18 16:38:46,006 [INFO] Got command from the client 'time'
ptd-server 2022-02-18 16:38:46,006 [INFO] Sending reply to client '1645223926.0069115'
ptd-server 2022-02-18 16:38:46,007 [INFO] Got command from the client 'session,2022-02-18_16-24-14,start,testing'
ptd-server 2022-02-18 16:38:46,007 [INFO] Sending to ptd: 'SR,V,121.270000'
ptd-server 2022-02-18 16:38:48,154 [INFO] Reply from ptd: 'Range V changed'
ptd-server 2022-02-18 16:38:48,154 [INFO] Sending to ptd: 'SR,A,5.658000'
ptd-server 2022-02-18 16:38:49,655 [INFO] Reply from ptd: 'Range A changed'
ptd-server 2022-02-18 16:38:59,665 [INFO] Starting testing mode
ptd-server 2022-02-18 16:38:59,665 [INFO] Sending to ptd: 'Go,1000,0,2022-02-18_16-24-14_testing'
ptd-server 2022-02-18 16:38:59,665 [INFO] Reply from ptd: 'Starting untimed measurement, maximum 500000 samples at 1000ms with 0 rampup samples'
ptd-server 2022-02-18 16:38:59,665 [INFO] Sending reply to client 'OK'
ptd-server 2022-02-18 16:52:55,239 [INFO] Got command from the client 'session,2022-02-18_16-24-14,stop,testing'
ptd-server 2022-02-18 16:53:05,248 [INFO] Sending to ptd: 'Stop'
ptd-server 2022-02-18 16:53:05,248 [INFO] Reply from ptd: 'Stopping untimed measurement'
ptd-server 2022-02-18 16:53:05,328 [INFO] Sending reply to client 'OK'
ptd-server 2022-02-18 16:53:05,333 [INFO] Got command from the client 'session,2022-02-18_16-24-14,done'
ptd-server 2022-02-18 16:53:05,333 [INFO] Sending to ptd: 'Stop'
ptd-server 2022-02-18 16:53:05,665 [INFO] Reply from ptd: 'Error: no measurement to stop'
ptd-server 2022-02-18 16:53:05,665 [INFO] Sending to ptd: 'SR,V,Auto'
ptd-server 2022-02-18 16:53:06,168 [INFO] Reply from ptd: 'Range V changed'
ptd-server 2022-02-18 16:53:06,168 [INFO] Sending to ptd: 'SR,A,Auto'
ptd-server 2022-02-18 16:53:06,670 [INFO] Reply from ptd: 'Range A changed'
ptd-server 2022-02-18 16:53:06,670 [INFO] Set initial values for Amps Auto and Volts Auto
ptd-server 2022-02-18 16:53:06,670 [INFO] Stopping ptd...
