ptd-server 2022-02-16 03:27:33,224 [INFO] Got command from the client 'time'
ptd-server 2022-02-16 03:27:33,225 [INFO] Sending reply to client '1644982053.2250848'
ptd-server 2022-02-16 03:27:33,228 [INFO] Got command from the client 'new,,f3780049-6f99-43fc-80de-5cfc9d432021'
ptd-server 2022-02-16 03:27:33,228 [INFO] Sending reply to client 'OK 2022-02-16_03-27-33,47d36fca-1659-4bf9-9cfe-efd284dbbdd9'
ptd-server 2022-02-16 03:27:33,264 [INFO] Got command from the client 'time'
ptd-server 2022-02-16 03:27:33,264 [INFO] Sending reply to client '1644982053.2648516'
ptd-server 2022-02-16 03:27:33,266 [INFO] Got command from the client 'session,2022-02-16_03-27-33,start,ranging'
ptd-server 2022-02-16 03:27:33,267 [INFO] Running PTDaemon: ['/home/anton/projects/mlperf/power/inference_v1.0/ptd-linux-x86', '-l', '/tmp/tmpxvec0g6h/ptd_logfile.txt', '-p', '8888', '49', '/dev/usbtmc0']
ptd-server 2022-02-16 03:27:50,439 [INFO] Sending to ptd: 'Hello'
ptd-server 2022-02-16 03:27:50,439 [INFO] Reply from ptd: 'Hello, PTDaemon here!'
ptd-server 2022-02-16 03:27:50,439 [INFO] Sending to ptd: 'Identify'
ptd-server 2022-02-16 03:27:50,440 [INFO] Reply from ptd: 'YokogawaWT310E,1000,1,1,1,1,0,1,1,version=1.9.2-e8c7a49a-20201208,OS=Linux 5.13.0-27-generic #29~20.04.1-Ubuntu SMP Fri Jan 14 00:32:30 UTC 2022 x86_64,mode=power,1,1,1,0,0,no_cal_date,YOKOGAWA;WT310E;C3XA04010E;F1.04'
ptd-server 2022-02-16 03:27:50,440 [INFO] Connected to PTDaemon
ptd-server 2022-02-16 03:27:50,440 [INFO] Sending to ptd: 'RR'
ptd-server 2022-02-16 03:27:50,440 [INFO] Reply from ptd: 'Ranges,0,0.500000,0,300.000000'
ptd-server 2022-02-16 03:27:50,440 [INFO] Initial range for Amps is 0.500000 for Volts is 300.000000
ptd-server 2022-02-16 03:27:50,440 [INFO] Sending to ptd: 'SR,V,Auto'
ptd-server 2022-02-16 03:27:50,943 [INFO] Reply from ptd: 'Range V changed'
ptd-server 2022-02-16 03:27:50,943 [INFO] Sending to ptd: 'SR,A,Auto'
ptd-server 2022-02-16 03:27:51,446 [INFO] Reply from ptd: 'Range A changed'
ptd-server 2022-02-16 03:28:01,456 [INFO] Starting ranging mode
ptd-server 2022-02-16 03:28:01,456 [INFO] Sending to ptd: 'Go,1000,0,2022-02-16_03-27-33_ranging'
ptd-server 2022-02-16 03:28:01,457 [INFO] Reply from ptd: 'Starting untimed measurement, maximum 500000 samples at 1000ms with 0 rampup samples'
ptd-server 2022-02-16 03:28:01,457 [INFO] Sending reply to client 'OK'
ptd-server 2022-02-16 03:38:20,647 [INFO] Got command from the client 'session,2022-02-16_03-27-33,stop,ranging'
ptd-server 2022-02-16 03:38:30,657 [INFO] Sending to ptd: 'Stop'
ptd-server 2022-02-16 03:38:30,658 [INFO] Reply from ptd: 'Stopping untimed measurement'
ptd-server 2022-02-16 03:38:31,582 [INFO] Sending reply to client 'OK'
ptd-server 2022-02-16 03:38:31,631 [INFO] Got command from the client 'time'
ptd-server 2022-02-16 03:38:31,631 [INFO] Sending reply to client '1644982711.6317248'
ptd-server 2022-02-16 03:38:31,634 [INFO] Got command from the client 'session,2022-02-16_03-27-33,start,testing'
ptd-server 2022-02-16 03:38:31,634 [INFO] Sending to ptd: 'SR,V,248.740000'
ptd-server 2022-02-16 03:38:33,135 [INFO] Reply from ptd: 'Range V changed'
ptd-server 2022-02-16 03:38:33,135 [INFO] Sending to ptd: 'SR,A,0.181260'
ptd-server 2022-02-16 03:38:34,637 [INFO] Reply from ptd: 'Range A changed'
ptd-server 2022-02-16 03:38:44,647 [INFO] Starting testing mode
ptd-server 2022-02-16 03:38:44,647 [INFO] Sending to ptd: 'Go,1000,0,2022-02-16_03-27-33_testing'
ptd-server 2022-02-16 03:38:44,647 [INFO] Reply from ptd: 'Starting untimed measurement, maximum 500000 samples at 1000ms with 0 rampup samples'
ptd-server 2022-02-16 03:38:44,648 [INFO] Sending reply to client 'OK'
ptd-server 2022-02-16 03:49:03,817 [INFO] Got command from the client 'session,2022-02-16_03-27-33,stop,testing'
ptd-server 2022-02-16 03:49:13,827 [INFO] Sending to ptd: 'Stop'
ptd-server 2022-02-16 03:49:13,827 [INFO] Reply from ptd: 'Stopping untimed measurement'
ptd-server 2022-02-16 03:49:14,288 [INFO] Sending reply to client 'OK'
ptd-server 2022-02-16 03:49:14,305 [INFO] Got command from the client 'session,2022-02-16_03-27-33,done'
ptd-server 2022-02-16 03:49:14,306 [INFO] Sending to ptd: 'Stop'
ptd-server 2022-02-16 03:49:14,648 [INFO] Reply from ptd: 'Error: no measurement to stop'
ptd-server 2022-02-16 03:49:14,648 [INFO] Sending to ptd: 'SR,V,300.000000'
ptd-server 2022-02-16 03:49:16,149 [INFO] Reply from ptd: 'Range V changed'
ptd-server 2022-02-16 03:49:16,150 [INFO] Sending to ptd: 'SR,A,0.500000'
ptd-server 2022-02-16 03:49:17,651 [INFO] Reply from ptd: 'Range A changed'
ptd-server 2022-02-16 03:49:17,651 [INFO] Set initial values for Amps 0.500000 and Volts 300.000000
ptd-server 2022-02-16 03:49:17,651 [INFO] Stopping ptd...
