ptd-server 2022-02-16 15:28:44,347 [INFO] Got command from the client 'time'
ptd-server 2022-02-16 15:28:44,347 [INFO] Sending reply to client '1645025324.347919'
ptd-server 2022-02-16 15:28:44,349 [INFO] Got command from the client 'new,,b840350e-7561-4ffe-b3ee-bd5d521f818e'
ptd-server 2022-02-16 15:28:44,349 [INFO] Sending reply to client 'OK 2022-02-16_15-28-44,f53db22d-ee54-4cdc-9b72-eda9c3e9fa4d'
ptd-server 2022-02-16 15:28:44,387 [INFO] Got command from the client 'time'
ptd-server 2022-02-16 15:28:44,387 [INFO] Sending reply to client '1645025324.3872113'
ptd-server 2022-02-16 15:28:44,388 [INFO] Got command from the client 'session,2022-02-16_15-28-44,start,ranging'
ptd-server 2022-02-16 15:28:44,389 [INFO] Running PTDaemon: ['/home/anton/projects/mlperf/power/inference_v1.0/ptd-linux-x86', '-l', '/tmp/tmpgldyt7rr/ptd_logfile.txt', '-p', '8888', '49', '/dev/usbtmc0']
ptd-server 2022-02-16 15:29:01,561 [INFO] Sending to ptd: 'Hello'
ptd-server 2022-02-16 15:29:01,562 [INFO] Reply from ptd: 'Hello, PTDaemon here!'
ptd-server 2022-02-16 15:29:01,562 [INFO] Sending to ptd: 'Identify'
ptd-server 2022-02-16 15:29:01,563 [INFO] Reply from ptd: 'YokogawaWT310E,1000,1,1,1,1,0,1,1,version=1.9.2-e8c7a49a-20201208,OS=Linux 5.13.0-28-generic #31~20.04.1-Ubuntu SMP Wed Jan 19 14:08:10 UTC 2022 x86_64,mode=power,1,1,1,0,0,no_cal_date,YOKOGAWA;WT310E;C3XA04010E;F1.04'
ptd-server 2022-02-16 15:29:01,563 [INFO] Connected to PTDaemon
ptd-server 2022-02-16 15:29:01,563 [INFO] Sending to ptd: 'RR'
ptd-server 2022-02-16 15:29:01,563 [INFO] Reply from ptd: 'Ranges,0,0.500000,0,300.000000'
ptd-server 2022-02-16 15:29:01,563 [INFO] Initial range for Amps is 0.500000 for Volts is 300.000000
ptd-server 2022-02-16 15:29:01,563 [INFO] Sending to ptd: 'SR,V,Auto'
ptd-server 2022-02-16 15:29:02,066 [INFO] Reply from ptd: 'Range V changed'
ptd-server 2022-02-16 15:29:02,066 [INFO] Sending to ptd: 'SR,A,Auto'
ptd-server 2022-02-16 15:29:02,569 [INFO] Reply from ptd: 'Range A changed'
ptd-server 2022-02-16 15:29:12,579 [INFO] Starting ranging mode
ptd-server 2022-02-16 15:29:12,579 [INFO] Sending to ptd: 'Go,1000,0,2022-02-16_15-28-44_ranging'
ptd-server 2022-02-16 15:29:12,579 [INFO] Reply from ptd: 'Starting untimed measurement, maximum 500000 samples at 1000ms with 0 rampup samples'
ptd-server 2022-02-16 15:29:12,580 [INFO] Sending reply to client 'OK'
ptd-server 2022-02-16 15:39:30,193 [INFO] Got command from the client 'session,2022-02-16_15-28-44,stop,ranging'
ptd-server 2022-02-16 15:39:40,203 [INFO] Sending to ptd: 'Stop'
ptd-server 2022-02-16 15:39:40,204 [INFO] Reply from ptd: 'Stopping untimed measurement'
ptd-server 2022-02-16 15:39:40,247 [INFO] Sending reply to client 'OK'
ptd-server 2022-02-16 15:39:40,323 [INFO] Got command from the client 'time'
ptd-server 2022-02-16 15:39:40,323 [INFO] Sending reply to client '1645025980.323567'
ptd-server 2022-02-16 15:39:40,324 [INFO] Got command from the client 'session,2022-02-16_15-28-44,start,testing'
ptd-server 2022-02-16 15:39:40,325 [INFO] Sending to ptd: 'SR,V,250.920000'
ptd-server 2022-02-16 15:39:42,082 [INFO] Reply from ptd: 'Range V changed'
ptd-server 2022-02-16 15:39:42,082 [INFO] Sending to ptd: 'SR,A,0.049900'
ptd-server 2022-02-16 15:39:43,583 [INFO] Reply from ptd: 'Range A changed'
ptd-server 2022-02-16 15:39:53,594 [INFO] Starting testing mode
ptd-server 2022-02-16 15:39:53,594 [INFO] Sending to ptd: 'Go,1000,0,2022-02-16_15-28-44_testing'
ptd-server 2022-02-16 15:39:53,594 [INFO] Reply from ptd: 'Starting untimed measurement, maximum 500000 samples at 1000ms with 0 rampup samples'
ptd-server 2022-02-16 15:39:53,594 [INFO] Sending reply to client 'OK'
ptd-server 2022-02-16 15:50:11,999 [INFO] Got command from the client 'session,2022-02-16_15-28-44,stop,testing'
ptd-server 2022-02-16 15:50:22,010 [INFO] Sending to ptd: 'Stop'
ptd-server 2022-02-16 15:50:22,010 [INFO] Reply from ptd: 'Stopping untimed measurement'
ptd-server 2022-02-16 15:50:22,032 [INFO] Sending reply to client 'OK'
ptd-server 2022-02-16 15:50:22,055 [INFO] Got command from the client 'session,2022-02-16_15-28-44,done'
ptd-server 2022-02-16 15:50:22,055 [INFO] Sending to ptd: 'Stop'
ptd-server 2022-02-16 15:50:22,594 [INFO] Reply from ptd: 'Error: no measurement to stop'
ptd-server 2022-02-16 15:50:22,594 [INFO] Sending to ptd: 'SR,V,300.000000'
ptd-server 2022-02-16 15:50:24,096 [INFO] Reply from ptd: 'Range V changed'
ptd-server 2022-02-16 15:50:24,096 [INFO] Sending to ptd: 'SR,A,0.500000'
ptd-server 2022-02-16 15:50:25,597 [INFO] Reply from ptd: 'Range A changed'
ptd-server 2022-02-16 15:50:25,597 [INFO] Set initial values for Amps 0.500000 and Volts 300.000000
ptd-server 2022-02-16 15:50:25,598 [INFO] Stopping ptd...
