ptd-server 2022-02-22 02:57:12,133 [INFO] Got command from the client 'time'
ptd-server 2022-02-22 02:57:12,133 [INFO] Sending reply to client '1645498632.1338854'
ptd-server 2022-02-22 02:57:12,135 [INFO] Got command from the client 'new,,5d5a9e16-a20c-43cd-8cde-7c567518c63b'
ptd-server 2022-02-22 02:57:12,136 [INFO] Sending reply to client 'OK 2022-02-22_02-57-12,7d4aa2d2-200a-4cbf-bae1-2f1bf4f80459'
ptd-server 2022-02-22 02:57:12,169 [INFO] Got command from the client 'time'
ptd-server 2022-02-22 02:57:12,169 [INFO] Sending reply to client '1645498632.1696205'
ptd-server 2022-02-22 02:57:12,171 [INFO] Got command from the client 'session,2022-02-22_02-57-12,start,ranging'
ptd-server 2022-02-22 02:57:12,171 [INFO] Running PTDaemon: ['/home/anton/projects/mlperf/power/inference_v1.0/ptd-linux-x86', '-l', '/tmp/tmpgldyt7rr/ptd_logfile.txt', '-p', '8888', '49', '/dev/usbtmc0']
ptd-server 2022-02-22 02:57:29,344 [INFO] Sending to ptd: 'Hello'
ptd-server 2022-02-22 02:57:29,344 [INFO] Reply from ptd: 'Hello, PTDaemon here!'
ptd-server 2022-02-22 02:57:29,345 [INFO] Sending to ptd: 'Identify'
ptd-server 2022-02-22 02:57:29,345 [INFO] Reply from ptd: 'YokogawaWT310E,1000,1,1,1,1,0,1,1,version=1.9.2-e8c7a49a-20201208,OS=Linux 5.13.0-28-generic #31~20.04.1-Ubuntu SMP Wed Jan 19 14:08:10 UTC 2022 x86_64,mode=power,1,1,1,0,0,no_cal_date,YOKOGAWA;WT310E;C3XA04010E;F1.04'
ptd-server 2022-02-22 02:57:29,345 [INFO] Connected to PTDaemon
ptd-server 2022-02-22 02:57:29,345 [INFO] Sending to ptd: 'RR'
ptd-server 2022-02-22 02:57:29,346 [INFO] Reply from ptd: 'Ranges,0,0.500000,0,300.000000'
ptd-server 2022-02-22 02:57:29,346 [INFO] Initial range for Amps is 0.500000 for Volts is 300.000000
ptd-server 2022-02-22 02:57:29,346 [INFO] Sending to ptd: 'SR,V,Auto'
ptd-server 2022-02-22 02:57:29,848 [INFO] Reply from ptd: 'Range V changed'
ptd-server 2022-02-22 02:57:29,848 [INFO] Sending to ptd: 'SR,A,Auto'
ptd-server 2022-02-22 02:57:30,351 [INFO] Reply from ptd: 'Range A changed'
ptd-server 2022-02-22 02:57:40,361 [INFO] Starting ranging mode
ptd-server 2022-02-22 02:57:40,361 [INFO] Sending to ptd: 'Go,1000,0,2022-02-22_02-57-12_ranging'
ptd-server 2022-02-22 02:57:40,362 [INFO] Reply from ptd: 'Starting untimed measurement, maximum 500000 samples at 1000ms with 0 rampup samples'
ptd-server 2022-02-22 02:57:40,362 [INFO] Sending reply to client 'OK'
ptd-server 2022-02-22 03:08:10,728 [INFO] Got command from the client 'session,2022-02-22_02-57-12,stop,ranging'
ptd-server 2022-02-22 03:08:20,738 [INFO] Sending to ptd: 'Stop'
ptd-server 2022-02-22 03:08:20,739 [INFO] Reply from ptd: 'Stopping untimed measurement'
ptd-server 2022-02-22 03:08:21,409 [INFO] Sending reply to client 'OK'
ptd-server 2022-02-22 03:08:21,491 [INFO] Got command from the client 'time'
ptd-server 2022-02-22 03:08:21,491 [INFO] Sending reply to client '1645499301.491692'
ptd-server 2022-02-22 03:08:21,493 [INFO] Got command from the client 'session,2022-02-22_02-57-12,start,testing'
ptd-server 2022-02-22 03:08:21,493 [INFO] Sending to ptd: 'SR,V,251.110000'
ptd-server 2022-02-22 03:08:22,995 [INFO] Reply from ptd: 'Range V changed'
ptd-server 2022-02-22 03:08:22,995 [INFO] Sending to ptd: 'SR,A,0.055220'
ptd-server 2022-02-22 03:08:24,496 [INFO] Reply from ptd: 'Range A changed'
ptd-server 2022-02-22 03:08:34,506 [INFO] Starting testing mode
ptd-server 2022-02-22 03:08:34,507 [INFO] Sending to ptd: 'Go,1000,0,2022-02-22_02-57-12_testing'
ptd-server 2022-02-22 03:08:34,507 [INFO] Reply from ptd: 'Starting untimed measurement, maximum 500000 samples at 1000ms with 0 rampup samples'
ptd-server 2022-02-22 03:08:34,507 [INFO] Sending reply to client 'OK'
ptd-server 2022-02-22 03:19:04,718 [INFO] Got command from the client 'session,2022-02-22_02-57-12,stop,testing'
ptd-server 2022-02-22 03:19:14,727 [INFO] Sending to ptd: 'Stop'
ptd-server 2022-02-22 03:19:14,728 [INFO] Reply from ptd: 'Stopping untimed measurement'
ptd-server 2022-02-22 03:19:15,071 [INFO] Sending reply to client 'OK'
ptd-server 2022-02-22 03:19:15,090 [INFO] Got command from the client 'session,2022-02-22_02-57-12,done'
ptd-server 2022-02-22 03:19:15,090 [INFO] Sending to ptd: 'Stop'
ptd-server 2022-02-22 03:19:15,508 [INFO] Reply from ptd: 'Error: no measurement to stop'
ptd-server 2022-02-22 03:19:15,508 [INFO] Sending to ptd: 'SR,V,300.000000'
ptd-server 2022-02-22 03:19:17,009 [INFO] Reply from ptd: 'Range V changed'
ptd-server 2022-02-22 03:19:17,009 [INFO] Sending to ptd: 'SR,A,0.500000'
ptd-server 2022-02-22 03:19:18,511 [INFO] Reply from ptd: 'Range A changed'
ptd-server 2022-02-22 03:19:18,511 [INFO] Set initial values for Amps 0.500000 and Volts 300.000000
ptd-server 2022-02-22 03:19:18,512 [INFO] Stopping ptd...
