ptd-server 2022-02-18 22:31:18,285 [INFO] Got command from the client 'time'
ptd-server 2022-02-18 22:31:18,285 [INFO] Sending reply to client '1645245078.2859774'
ptd-server 2022-02-18 22:31:18,287 [INFO] Got command from the client 'new,,9320a759-3ef7-498f-a238-482b17f4a6ae'
ptd-server 2022-02-18 22:31:18,287 [INFO] Sending reply to client 'OK 2022-02-18_22-31-18,1a616feb-ce14-4edd-a944-09e6d55cda25'
ptd-server 2022-02-18 22:31:18,400 [INFO] Got command from the client 'time'
ptd-server 2022-02-18 22:31:18,400 [INFO] Sending reply to client '1645245078.4007137'
ptd-server 2022-02-18 22:31:18,401 [INFO] Got command from the client 'session,2022-02-18_22-31-18,start,ranging'
ptd-server 2022-02-18 22:31:18,401 [INFO] Running PTDaemon: ['/local/mnt/workspace/mlcommons/power-main/inference_v1.0/ptd-linux-x86', '-l', '/tmp/tmp4zullp9k/ptd_logfile.txt', '-p', '8889', '49', '/dev/usbtmc0']
ptd-server 2022-02-18 22:31:35,435 [INFO] Sending to ptd: 'Hello'
ptd-server 2022-02-18 22:31:35,435 [INFO] Reply from ptd: 'Hello, PTDaemon here!'
ptd-server 2022-02-18 22:31:35,435 [INFO] Sending to ptd: 'Identify'
ptd-server 2022-02-18 22:31:35,435 [INFO] Reply from ptd: 'YokogawaWT310E,1000,1,1,1,1,0,1,1,version=1.9.2-e8c7a49a-20201208,OS=Linux 4.15.0-162-generic #170-Ubuntu SMP Mon Oct 18 11:38:05 UTC 2021 x86_64,mode=power,1,1,1,0,0,no_cal_date,YOKOGAWA;WT310E;C2XF16028V;F1.04'
ptd-server 2022-02-18 22:31:35,435 [INFO] Connected to PTDaemon
ptd-server 2022-02-18 22:31:35,436 [INFO] Sending to ptd: 'RR'
ptd-server 2022-02-18 22:31:35,436 [INFO] Reply from ptd: 'Ranges,1,5.000000,1,150.000000'
ptd-server 2022-02-18 22:31:35,436 [INFO] Initial range for Amps is Auto for Volts is Auto
ptd-server 2022-02-18 22:31:35,436 [INFO] Sending to ptd: 'SR,V,Auto'
ptd-server 2022-02-18 22:31:35,938 [INFO] Reply from ptd: 'Range V changed'
ptd-server 2022-02-18 22:31:35,938 [INFO] Sending to ptd: 'SR,A,Auto'
ptd-server 2022-02-18 22:31:36,440 [INFO] Reply from ptd: 'Range A changed'
ptd-server 2022-02-18 22:31:46,450 [INFO] Starting ranging mode
ptd-server 2022-02-18 22:31:46,450 [INFO] Sending to ptd: 'Go,1000,0,2022-02-18_22-31-18_ranging'
ptd-server 2022-02-18 22:31:46,450 [INFO] Reply from ptd: 'Starting untimed measurement, maximum 500000 samples at 1000ms with 0 rampup samples'
ptd-server 2022-02-18 22:31:46,450 [INFO] Sending reply to client 'OK'
ptd-server 2022-02-18 22:44:50,700 [INFO] Got command from the client 'session,2022-02-18_22-31-18,stop,ranging'
ptd-server 2022-02-18 22:45:00,710 [INFO] Sending to ptd: 'Stop'
ptd-server 2022-02-18 22:45:00,710 [INFO] Reply from ptd: 'Stopping untimed measurement'
ptd-server 2022-02-18 22:45:00,863 [INFO] Sending reply to client 'OK'
ptd-server 2022-02-18 22:45:00,963 [INFO] Got command from the client 'time'
ptd-server 2022-02-18 22:45:00,963 [INFO] Sending reply to client '1645245900.9632201'
ptd-server 2022-02-18 22:45:00,963 [INFO] Got command from the client 'session,2022-02-18_22-31-18,start,testing'
ptd-server 2022-02-18 22:45:00,963 [INFO] Sending to ptd: 'SR,V,122.270000'
ptd-server 2022-02-18 22:45:02,950 [INFO] Reply from ptd: 'Range V changed'
ptd-server 2022-02-18 22:45:02,951 [INFO] Sending to ptd: 'SR,A,2.784500'
ptd-server 2022-02-18 22:45:04,451 [INFO] Reply from ptd: 'Range A changed'
ptd-server 2022-02-18 22:45:14,462 [INFO] Starting testing mode
ptd-server 2022-02-18 22:45:14,462 [INFO] Sending to ptd: 'Go,1000,0,2022-02-18_22-31-18_testing'
ptd-server 2022-02-18 22:45:14,462 [INFO] Reply from ptd: 'Starting untimed measurement, maximum 500000 samples at 1000ms with 0 rampup samples'
ptd-server 2022-02-18 22:45:14,462 [INFO] Sending reply to client 'OK'
ptd-server 2022-02-18 22:58:21,644 [INFO] Got command from the client 'session,2022-02-18_22-31-18,stop,testing'
ptd-server 2022-02-18 22:58:31,648 [INFO] Sending to ptd: 'Stop'
ptd-server 2022-02-18 22:58:31,648 [INFO] Reply from ptd: 'Stopping untimed measurement'
ptd-server 2022-02-18 22:58:31,725 [INFO] Sending reply to client 'OK'
ptd-server 2022-02-18 22:58:31,731 [INFO] Got command from the client 'session,2022-02-18_22-31-18,done'
ptd-server 2022-02-18 22:58:31,731 [INFO] Sending to ptd: 'Stop'
ptd-server 2022-02-18 22:58:32,462 [INFO] Reply from ptd: 'Error: no measurement to stop'
ptd-server 2022-02-18 22:58:32,462 [INFO] Sending to ptd: 'SR,V,Auto'
ptd-server 2022-02-18 22:58:32,965 [INFO] Reply from ptd: 'Range V changed'
ptd-server 2022-02-18 22:58:32,965 [INFO] Sending to ptd: 'SR,A,Auto'
ptd-server 2022-02-18 22:58:33,467 [INFO] Reply from ptd: 'Range A changed'
ptd-server 2022-02-18 22:58:33,467 [INFO] Set initial values for Amps Auto and Volts Auto
ptd-server 2022-02-18 22:58:33,467 [INFO] Stopping ptd...
