ptd-server 2022-02-15 14:35:55,179 [INFO] Got command from the client 'time'
ptd-server 2022-02-15 14:35:55,179 [INFO] Sending reply to client '1644935755.1791606'
ptd-server 2022-02-15 14:35:55,181 [INFO] Got command from the client 'new,,8b44279d-81db-4961-b394-afa1be0e15a8'
ptd-server 2022-02-15 14:35:55,181 [INFO] Sending reply to client 'OK 2022-02-15_14-35-55,37402569-753a-4436-b6a2-64277611b77c'
ptd-server 2022-02-15 14:35:55,215 [INFO] Got command from the client 'time'
ptd-server 2022-02-15 14:35:55,215 [INFO] Sending reply to client '1644935755.2158449'
ptd-server 2022-02-15 14:35:55,217 [INFO] Got command from the client 'session,2022-02-15_14-35-55,start,ranging'
ptd-server 2022-02-15 14:35:55,218 [INFO] Running PTDaemon: ['/home/anton/projects/mlperf/power/inference_v1.0/ptd-linux-x86', '-l', '/tmp/tmpxvec0g6h/ptd_logfile.txt', '-p', '8888', '49', '/dev/usbtmc0']
ptd-server 2022-02-15 14:36:12,390 [INFO] Sending to ptd: 'Hello'
ptd-server 2022-02-15 14:36:12,391 [INFO] Reply from ptd: 'Hello, PTDaemon here!'
ptd-server 2022-02-15 14:36:12,391 [INFO] Sending to ptd: 'Identify'
ptd-server 2022-02-15 14:36:12,392 [INFO] Reply from ptd: 'YokogawaWT310E,1000,1,1,1,1,0,1,1,version=1.9.2-e8c7a49a-20201208,OS=Linux 5.13.0-27-generic #29~20.04.1-Ubuntu SMP Fri Jan 14 00:32:30 UTC 2022 x86_64,mode=power,1,1,1,0,0,no_cal_date,YOKOGAWA;WT310E;C3XA04010E;F1.04'
ptd-server 2022-02-15 14:36:12,392 [INFO] Connected to PTDaemon
ptd-server 2022-02-15 14:36:12,392 [INFO] Sending to ptd: 'RR'
ptd-server 2022-02-15 14:36:12,392 [INFO] Reply from ptd: 'Ranges,0,0.500000,0,300.000000'
ptd-server 2022-02-15 14:36:12,392 [INFO] Initial range for Amps is 0.500000 for Volts is 300.000000
ptd-server 2022-02-15 14:36:12,392 [INFO] Sending to ptd: 'SR,V,Auto'
ptd-server 2022-02-15 14:36:12,895 [INFO] Reply from ptd: 'Range V changed'
ptd-server 2022-02-15 14:36:12,895 [INFO] Sending to ptd: 'SR,A,Auto'
ptd-server 2022-02-15 14:36:13,397 [INFO] Reply from ptd: 'Range A changed'
ptd-server 2022-02-15 14:36:23,408 [INFO] Starting ranging mode
ptd-server 2022-02-15 14:36:23,408 [INFO] Sending to ptd: 'Go,1000,0,2022-02-15_14-35-55_ranging'
ptd-server 2022-02-15 14:36:23,408 [INFO] Reply from ptd: 'Starting untimed measurement, maximum 500000 samples at 1000ms with 0 rampup samples'
ptd-server 2022-02-15 14:36:23,409 [INFO] Sending reply to client 'OK'
ptd-server 2022-02-15 14:46:42,942 [INFO] Got command from the client 'session,2022-02-15_14-35-55,stop,ranging'
ptd-server 2022-02-15 14:46:52,952 [INFO] Sending to ptd: 'Stop'
ptd-server 2022-02-15 14:46:52,953 [INFO] Reply from ptd: 'Stopping untimed measurement'
ptd-server 2022-02-15 14:46:53,802 [INFO] Sending reply to client 'OK'
ptd-server 2022-02-15 14:46:53,861 [INFO] Got command from the client 'time'
ptd-server 2022-02-15 14:46:53,861 [INFO] Sending reply to client '1644936413.8615859'
ptd-server 2022-02-15 14:46:53,864 [INFO] Got command from the client 'session,2022-02-15_14-35-55,start,testing'
ptd-server 2022-02-15 14:46:53,864 [INFO] Sending to ptd: 'SR,V,248.880000'
ptd-server 2022-02-15 14:46:55,366 [INFO] Reply from ptd: 'Range V changed'
ptd-server 2022-02-15 14:46:55,366 [INFO] Sending to ptd: 'SR,A,0.181670'
ptd-server 2022-02-15 14:46:56,867 [INFO] Reply from ptd: 'Range A changed'
ptd-server 2022-02-15 14:47:06,877 [INFO] Starting testing mode
ptd-server 2022-02-15 14:47:06,878 [INFO] Sending to ptd: 'Go,1000,0,2022-02-15_14-35-55_testing'
ptd-server 2022-02-15 14:47:06,878 [INFO] Reply from ptd: 'Starting untimed measurement, maximum 500000 samples at 1000ms with 0 rampup samples'
ptd-server 2022-02-15 14:47:06,878 [INFO] Sending reply to client 'OK'
ptd-server 2022-02-15 14:57:26,352 [INFO] Got command from the client 'session,2022-02-15_14-35-55,stop,testing'
ptd-server 2022-02-15 14:57:36,362 [INFO] Sending to ptd: 'Stop'
ptd-server 2022-02-15 14:57:36,363 [INFO] Reply from ptd: 'Stopping untimed measurement'
ptd-server 2022-02-15 14:57:36,795 [INFO] Sending reply to client 'OK'
ptd-server 2022-02-15 14:57:36,813 [INFO] Got command from the client 'session,2022-02-15_14-35-55,done'
ptd-server 2022-02-15 14:57:36,813 [INFO] Sending to ptd: 'Stop'
ptd-server 2022-02-15 14:57:36,879 [INFO] Reply from ptd: 'Error: no measurement to stop'
ptd-server 2022-02-15 14:57:36,879 [INFO] Sending to ptd: 'SR,V,300.000000'
ptd-server 2022-02-15 14:57:38,380 [INFO] Reply from ptd: 'Range V changed'
ptd-server 2022-02-15 14:57:38,380 [INFO] Sending to ptd: 'SR,A,0.500000'
ptd-server 2022-02-15 14:57:39,882 [INFO] Reply from ptd: 'Range A changed'
ptd-server 2022-02-15 14:57:39,882 [INFO] Set initial values for Amps 0.500000 and Volts 300.000000
ptd-server 2022-02-15 14:57:39,882 [INFO] Stopping ptd...
