ptd-server 2022-02-16 04:50:24,643 [INFO] Got command from the client 'stop'
ptd-server 2022-02-16 04:50:24,643 [INFO] The server will be stopped after processing this client
ptd-server 2022-02-16 04:50:24,643 [INFO] Sending reply to client 'OK'
ptd-server 2022-02-16 04:50:24,846 [INFO] Got command from the client 'set_ntp'
ptd-server 2022-02-16 04:50:24,846 [INFO] Synchronizing with ib-01.dc4-in.nvidia.com time using NTP...
ptd-server 2022-02-16 04:50:26,095 [INFO] Set system time at 2022-02-16 04:50:26.095854
ptd-server 2022-02-16 04:50:26,095 [INFO] Sending reply to client 'OK'
ptd-server 2022-02-16 04:50:34,428 [INFO] Got command from the client 'time'
ptd-server 2022-02-16 04:50:34,428 [INFO] Sending reply to client '1645015834.4280849'
ptd-server 2022-02-16 04:50:34,428 [INFO] Got command from the client 'new,,b0185547-e77c-485f-8eda-9aedb87199be'
ptd-server 2022-02-16 04:50:34,428 [INFO] Sending reply to client 'OK 2022-02-16_04-50-34,baaeb81f-a367-4894-b906-7d247872dbc4'
ptd-server 2022-02-16 04:50:34,637 [INFO] Got command from the client 'time'
ptd-server 2022-02-16 04:50:34,637 [INFO] Sending reply to client '1645015834.6378627'
ptd-server 2022-02-16 04:50:34,637 [INFO] Got command from the client 'session,2022-02-16_04-50-34,start,ranging'
ptd-server 2022-02-16 04:50:34,752 [INFO] Running PTDaemon: ['C:\\PTD\\ptd-windows-x86.exe', '-l', 'C:\\Users\\lab\\AppData\\Local\\Temp\\tmpf8csu46z\\ptd_logfile.txt', '-p', '8888', '-c', '1,3', '-y', '77', '10.34.232.250']
ptd-server 2022-02-16 04:50:53,862 [INFO] Sending to ptd: 'Hello'
ptd-server 2022-02-16 04:50:53,862 [INFO] Reply from ptd: 'Hello, PTDaemon here!'
ptd-server 2022-02-16 04:50:53,862 [INFO] Sending to ptd: 'Identify'
ptd-server 2022-02-16 04:50:53,862 [INFO] Reply from ptd: 'YokogawaWT330_multichannel,1000,1,1,1,1,0,0,1,version=1.9.2-3976349f-20201208,OS=Windows 8 / Server 2012,mode=power,1,1,2,0,0,no_cal_date,YOKOGAWA;WT333E;C2WA21018V;F1.04'
ptd-server 2022-02-16 04:50:53,862 [INFO] Connected to PTDaemon
ptd-server 2022-02-16 04:50:53,862 [INFO] Sending to ptd: 'RR'
ptd-server 2022-02-16 04:50:53,862 [INFO] Reply from ptd: 'Ranges,0,20.000000,1,300.000000'
ptd-server 2022-02-16 04:50:53,862 [INFO] Initial range for Amps is 20.000000 for Volts is Auto
ptd-server 2022-02-16 04:50:53,862 [INFO] Sending to ptd: 'SR,V,Auto'
ptd-server 2022-02-16 04:50:58,929 [INFO] Reply from ptd: 'Range V changed'
ptd-server 2022-02-16 04:50:58,929 [INFO] Sending to ptd: 'SR,A,Auto'
ptd-server 2022-02-16 04:51:04,010 [INFO] Reply from ptd: 'Range A changed'
ptd-server 2022-02-16 04:51:14,017 [INFO] Starting ranging mode
ptd-server 2022-02-16 04:51:14,022 [INFO] Sending to ptd: 'Go,1000,0,2022-02-16_04-50-34_ranging'
ptd-server 2022-02-16 04:51:14,023 [INFO] Reply from ptd: 'Starting untimed measurement, maximum 500000 samples at 1000ms with 0 rampup samples'
ptd-server 2022-02-16 04:51:14,023 [INFO] Sending reply to client 'OK'
ptd-server 2022-02-16 05:20:21,449 [INFO] Got command from the client 'session,2022-02-16_04-50-34,stop,ranging'
ptd-server 2022-02-16 05:20:31,458 [INFO] Sending to ptd: 'Stop'
ptd-server 2022-02-16 05:20:31,458 [INFO] Reply from ptd: 'Stopping untimed measurement'
ptd-server 2022-02-16 05:20:31,520 [INFO] Sending reply to client 'OK'
ptd-server 2022-02-16 05:20:31,782 [INFO] Got command from the client 'time'
ptd-server 2022-02-16 05:20:31,782 [INFO] Sending reply to client '1645017631.7824478'
ptd-server 2022-02-16 05:20:31,782 [INFO] Got command from the client 'session,2022-02-16_04-50-34,start,testing'
ptd-server 2022-02-16 05:20:31,782 [INFO] Sending to ptd: 'SR,V,209.220000'
ptd-server 2022-02-16 05:20:38,101 [INFO] Reply from ptd: 'Range V changed'
ptd-server 2022-02-16 05:20:38,101 [INFO] Sending to ptd: 'SR,A,5.483500'
ptd-server 2022-02-16 05:20:43,687 [INFO] Reply from ptd: 'Range A changed'
ptd-server 2022-02-16 05:20:53,700 [INFO] Starting testing mode
ptd-server 2022-02-16 05:20:53,700 [INFO] Sending to ptd: 'Go,1000,0,2022-02-16_04-50-34_testing'
ptd-server 2022-02-16 05:20:53,700 [INFO] Reply from ptd: 'Starting untimed measurement, maximum 500000 samples at 1000ms with 0 rampup samples'
ptd-server 2022-02-16 05:20:53,700 [INFO] Sending reply to client 'OK'
ptd-server 2022-02-16 05:49:57,750 [INFO] Got command from the client 'session,2022-02-16_04-50-34,stop,testing'
ptd-server 2022-02-16 05:50:07,765 [INFO] Sending to ptd: 'Stop'
ptd-server 2022-02-16 05:50:07,765 [INFO] Reply from ptd: 'Stopping untimed measurement'
ptd-server 2022-02-16 05:50:07,780 [INFO] Sending reply to client 'OK'
ptd-server 2022-02-16 05:50:07,860 [INFO] Got command from the client 'session,2022-02-16_04-50-34,done'
ptd-server 2022-02-16 05:50:07,860 [INFO] Sending to ptd: 'Stop'
ptd-server 2022-02-16 05:50:08,703 [INFO] Reply from ptd: 'Error: no measurement to stop'
ptd-server 2022-02-16 05:50:08,703 [INFO] Sending to ptd: 'SR,V,Auto'
ptd-server 2022-02-16 05:50:13,782 [INFO] Reply from ptd: 'Range V changed'
ptd-server 2022-02-16 05:50:13,782 [INFO] Sending to ptd: 'SR,A,20.000000'
ptd-server 2022-02-16 05:50:19,375 [INFO] Reply from ptd: 'Range A changed'
ptd-server 2022-02-16 05:50:19,375 [INFO] Set initial values for Amps 20.000000 and Volts Auto
ptd-server 2022-02-16 05:50:19,375 [INFO] Stopping ptd...
