ptd-server 2022-02-07 10:58:49,754 [INFO] Got command from the client 'time'
ptd-server 2022-02-07 10:58:49,755 [INFO] Sending reply to client '1644231529.7551208'
ptd-server 2022-02-07 10:58:49,756 [INFO] Got command from the client 'new,,43a9567f-840e-4797-9baf-7141e08567e1'
ptd-server 2022-02-07 10:58:49,757 [INFO] Sending reply to client 'OK 2022-02-07_10-58-49,72f22467-fc1b-425d-8991-1b848724c891'
ptd-server 2022-02-07 10:58:49,794 [INFO] Got command from the client 'time'
ptd-server 2022-02-07 10:58:49,794 [INFO] Sending reply to client '1644231529.794876'
ptd-server 2022-02-07 10:58:49,795 [INFO] Got command from the client 'session,2022-02-07_10-58-49,start,ranging'
ptd-server 2022-02-07 10:58:49,796 [INFO] Running PTDaemon: ['/home/anton/projects/mlperf/power/inference_v1.0/ptd-linux-x86', '-l', '/tmp/tmpxvec0g6h/ptd_logfile.txt', '-p', '8888', '49', '/dev/usbtmc0']
ptd-server 2022-02-07 10:59:06,969 [INFO] Sending to ptd: 'Hello'
ptd-server 2022-02-07 10:59:06,970 [INFO] Reply from ptd: 'Hello, PTDaemon here!'
ptd-server 2022-02-07 10:59:06,970 [INFO] Sending to ptd: 'Identify'
ptd-server 2022-02-07 10:59:06,970 [INFO] Reply from ptd: 'YokogawaWT310E,1000,1,1,1,1,0,1,1,version=1.9.2-e8c7a49a-20201208,OS=Linux 5.13.0-27-generic #29~20.04.1-Ubuntu SMP Fri Jan 14 00:32:30 UTC 2022 x86_64,mode=power,1,1,1,0,0,no_cal_date,YOKOGAWA;WT310E;C3XA04010E;F1.04'
ptd-server 2022-02-07 10:59:06,970 [INFO] Connected to PTDaemon
ptd-server 2022-02-07 10:59:06,970 [INFO] Sending to ptd: 'RR'
ptd-server 2022-02-07 10:59:06,971 [INFO] Reply from ptd: 'Ranges,0,0.500000,0,300.000000'
ptd-server 2022-02-07 10:59:06,971 [INFO] Initial range for Amps is 0.500000 for Volts is 300.000000
ptd-server 2022-02-07 10:59:06,971 [INFO] Sending to ptd: 'SR,V,Auto'
ptd-server 2022-02-07 10:59:07,473 [INFO] Reply from ptd: 'Range V changed'
ptd-server 2022-02-07 10:59:07,473 [INFO] Sending to ptd: 'SR,A,Auto'
ptd-server 2022-02-07 10:59:07,976 [INFO] Reply from ptd: 'Range A changed'
ptd-server 2022-02-07 10:59:17,986 [INFO] Starting ranging mode
ptd-server 2022-02-07 10:59:17,986 [INFO] Sending to ptd: 'Go,1000,0,2022-02-07_10-58-49_ranging'
ptd-server 2022-02-07 10:59:17,987 [INFO] Reply from ptd: 'Starting untimed measurement, maximum 500000 samples at 1000ms with 0 rampup samples'
ptd-server 2022-02-07 10:59:17,987 [INFO] Sending reply to client 'OK'
ptd-server 2022-02-07 11:09:36,687 [INFO] Got command from the client 'session,2022-02-07_10-58-49,stop,ranging'
ptd-server 2022-02-07 11:09:46,697 [INFO] Sending to ptd: 'Stop'
ptd-server 2022-02-07 11:09:46,698 [INFO] Reply from ptd: 'Stopping untimed measurement'
ptd-server 2022-02-07 11:09:46,916 [INFO] Sending reply to client 'OK'
ptd-server 2022-02-07 11:09:46,984 [INFO] Got command from the client 'time'
ptd-server 2022-02-07 11:09:46,984 [INFO] Sending reply to client '1644232186.984762'
ptd-server 2022-02-07 11:09:46,986 [INFO] Got command from the client 'session,2022-02-07_10-58-49,start,testing'
ptd-server 2022-02-07 11:09:46,986 [INFO] Sending to ptd: 'SR,V,251.360000'
ptd-server 2022-02-07 11:09:48,489 [INFO] Reply from ptd: 'Range V changed'
ptd-server 2022-02-07 11:09:48,489 [INFO] Sending to ptd: 'SR,A,0.232510'
ptd-server 2022-02-07 11:09:49,990 [INFO] Reply from ptd: 'Range A changed'
ptd-server 2022-02-07 11:10:00,001 [INFO] Starting testing mode
ptd-server 2022-02-07 11:10:00,001 [INFO] Sending to ptd: 'Go,1000,0,2022-02-07_10-58-49_testing'
ptd-server 2022-02-07 11:10:00,001 [INFO] Reply from ptd: 'Starting untimed measurement, maximum 500000 samples at 1000ms with 0 rampup samples'
ptd-server 2022-02-07 11:10:00,001 [INFO] Sending reply to client 'OK'
ptd-server 2022-02-07 11:20:18,825 [INFO] Got command from the client 'session,2022-02-07_10-58-49,stop,testing'
ptd-server 2022-02-07 11:20:28,835 [INFO] Sending to ptd: 'Stop'
ptd-server 2022-02-07 11:20:28,835 [INFO] Reply from ptd: 'Stopping untimed measurement'
ptd-server 2022-02-07 11:20:28,949 [INFO] Sending reply to client 'OK'
ptd-server 2022-02-07 11:20:28,959 [INFO] Got command from the client 'session,2022-02-07_10-58-49,done'
ptd-server 2022-02-07 11:20:28,959 [INFO] Sending to ptd: 'Stop'
ptd-server 2022-02-07 11:20:29,001 [INFO] Reply from ptd: 'Error: no measurement to stop'
ptd-server 2022-02-07 11:20:29,001 [INFO] Sending to ptd: 'SR,V,300.000000'
ptd-server 2022-02-07 11:20:30,503 [INFO] Reply from ptd: 'Range V changed'
ptd-server 2022-02-07 11:20:30,503 [INFO] Sending to ptd: 'SR,A,0.500000'
ptd-server 2022-02-07 11:20:32,004 [INFO] Reply from ptd: 'Range A changed'
ptd-server 2022-02-07 11:20:32,005 [INFO] Set initial values for Amps 0.500000 and Volts 300.000000
ptd-server 2022-02-07 11:20:32,005 [INFO] Stopping ptd...
