ptd-server 2022-02-17 08:18:25,548 [INFO] Got command from the client 'stop'
ptd-server 2022-02-17 08:18:25,548 [INFO] The server will be stopped after processing this client
ptd-server 2022-02-17 08:18:25,548 [INFO] Sending reply to client 'OK'
ptd-server 2022-02-17 08:18:25,770 [INFO] Got command from the client 'time'
ptd-server 2022-02-17 08:18:25,770 [INFO] Sending reply to client '1645114705.770062'
ptd-server 2022-02-17 08:18:25,770 [INFO] Got command from the client 'new,,c537ffe4-538c-4ec8-9d31-7af6d18edb59'
ptd-server 2022-02-17 08:18:25,770 [INFO] Sending reply to client 'OK 2022-02-17_08-18-25,aedce007-a7c9-4349-ac4a-1721a7b6e047'
ptd-server 2022-02-17 08:18:25,989 [INFO] Got command from the client 'time'
ptd-server 2022-02-17 08:18:25,989 [INFO] Sending reply to client '1645114705.989069'
ptd-server 2022-02-17 08:18:25,989 [INFO] Got command from the client 'session,2022-02-17_08-18-25,start,ranging'
ptd-server 2022-02-17 08:18:26,098 [INFO] Running PTDaemon: ['C:\\PTD\\ptd-windows-x86.exe', '-l', 'C:\\Users\\lab\\AppData\\Local\\Temp\\tmptfjg_38f\\ptd_logfile.txt', '-p', '8888', '-c', '2', '-y', '52', '10.32.209.65']
ptd-server 2022-02-17 08:18:43,694 [INFO] Sending to ptd: 'Hello'
ptd-server 2022-02-17 08:18:43,694 [INFO] Reply from ptd: 'Hello, PTDaemon here!'
ptd-server 2022-02-17 08:18:43,694 [INFO] Sending to ptd: 'Identify'
ptd-server 2022-02-17 08:18:43,694 [INFO] Reply from ptd: 'YokogawaWT330E,1000,1,1,1,1,0,0,1,version=1.9.2-3976349f-20201208,OS=Windows 8 / Server 2012,mode=power,1,1,1,0,0,no_cal_date,YOKOGAWA;WT333E;C2XL24034V;F1.04'
ptd-server 2022-02-17 08:18:43,694 [INFO] Connected to PTDaemon
ptd-server 2022-02-17 08:18:43,694 [INFO] Sending to ptd: 'RR'
ptd-server 2022-02-17 08:18:43,694 [INFO] Reply from ptd: 'Ranges,1,1.000000,1,150.000000'
ptd-server 2022-02-17 08:18:43,694 [INFO] Initial range for Amps is Auto for Volts is Auto
ptd-server 2022-02-17 08:18:43,694 [INFO] Sending to ptd: 'SR,V,Auto'
ptd-server 2022-02-17 08:18:44,211 [INFO] Reply from ptd: 'Range V changed'
ptd-server 2022-02-17 08:18:44,211 [INFO] Sending to ptd: 'SR,A,Auto'
ptd-server 2022-02-17 08:18:44,727 [INFO] Reply from ptd: 'Range A changed'
ptd-server 2022-02-17 08:18:54,739 [INFO] Starting ranging mode
ptd-server 2022-02-17 08:18:54,739 [INFO] Sending to ptd: 'Go,1000,0,2022-02-17_08-18-25_ranging'
ptd-server 2022-02-17 08:18:54,739 [INFO] Reply from ptd: 'Starting untimed measurement, maximum 500000 samples at 1000ms with 0 rampup samples'
ptd-server 2022-02-17 08:18:54,739 [INFO] Sending reply to client 'OK'
ptd-server 2022-02-17 08:29:34,055 [INFO] Got command from the client 'session,2022-02-17_08-18-25,stop,ranging'
ptd-server 2022-02-17 08:29:44,061 [INFO] Sending to ptd: 'Stop'
ptd-server 2022-02-17 08:29:44,061 [INFO] Reply from ptd: 'Stopping untimed measurement'
ptd-server 2022-02-17 08:29:44,077 [INFO] Sending reply to client 'OK'
ptd-server 2022-02-17 08:29:44,338 [INFO] Got command from the client 'time'
ptd-server 2022-02-17 08:29:44,339 [INFO] Sending reply to client '1645115384.3392284'
ptd-server 2022-02-17 08:29:44,340 [INFO] Got command from the client 'session,2022-02-17_08-18-25,start,testing'
ptd-server 2022-02-17 08:29:44,340 [INFO] Sending to ptd: 'SR,V,121.470000'
ptd-server 2022-02-17 08:29:46,265 [INFO] Reply from ptd: 'Range V changed'
ptd-server 2022-02-17 08:29:46,265 [INFO] Sending to ptd: 'SR,A,0.572100'
ptd-server 2022-02-17 08:29:47,796 [INFO] Reply from ptd: 'Range A changed'
ptd-server 2022-02-17 08:29:57,810 [INFO] Starting testing mode
ptd-server 2022-02-17 08:29:57,815 [INFO] Sending to ptd: 'Go,1000,0,2022-02-17_08-18-25_testing'
ptd-server 2022-02-17 08:29:57,816 [INFO] Reply from ptd: 'Starting untimed measurement, maximum 500000 samples at 1000ms with 0 rampup samples'
ptd-server 2022-02-17 08:29:57,816 [INFO] Sending reply to client 'OK'
ptd-server 2022-02-17 08:40:43,340 [INFO] Got command from the client 'session,2022-02-17_08-18-25,stop,testing'
ptd-server 2022-02-17 08:40:53,349 [INFO] Sending to ptd: 'Stop'
ptd-server 2022-02-17 08:40:53,349 [INFO] Reply from ptd: 'Stopping untimed measurement'
ptd-server 2022-02-17 08:40:53,364 [INFO] Sending reply to client 'OK'
ptd-server 2022-02-17 08:40:53,454 [INFO] Got command from the client 'session,2022-02-17_08-18-25,done'
ptd-server 2022-02-17 08:40:53,454 [INFO] Sending to ptd: 'Stop'
ptd-server 2022-02-17 08:40:53,829 [INFO] Reply from ptd: 'Error: no measurement to stop'
ptd-server 2022-02-17 08:40:53,829 [INFO] Sending to ptd: 'SR,V,Auto'
ptd-server 2022-02-17 08:40:54,345 [INFO] Reply from ptd: 'Range V changed'
ptd-server 2022-02-17 08:40:54,345 [INFO] Sending to ptd: 'SR,A,Auto'
ptd-server 2022-02-17 08:40:54,861 [INFO] Reply from ptd: 'Range A changed'
ptd-server 2022-02-17 08:40:54,861 [INFO] Set initial values for Amps Auto and Volts Auto
ptd-server 2022-02-17 08:40:54,861 [INFO] Stopping ptd...
