ptd-server 2022-02-14 07:33:24,852 [INFO] Got command from the client 'time'
ptd-server 2022-02-14 07:33:24,853 [INFO] Sending reply to client '1644824004.8530881'
ptd-server 2022-02-14 07:33:24,854 [INFO] Got command from the client 'new,,cb61b97a-7fea-4686-9657-9f27cac70ff5'
ptd-server 2022-02-14 07:33:24,854 [INFO] Sending reply to client 'OK 2022-02-14_07-33-24,ff43ef73-8bcf-4caf-aab0-a89c374c1f0b'
ptd-server 2022-02-14 07:33:24,893 [INFO] Got command from the client 'time'
ptd-server 2022-02-14 07:33:24,893 [INFO] Sending reply to client '1644824004.8939168'
ptd-server 2022-02-14 07:33:24,895 [INFO] Got command from the client 'session,2022-02-14_07-33-24,start,ranging'
ptd-server 2022-02-14 07:33:24,896 [INFO] Running PTDaemon: ['/home/anton/projects/mlperf/power/inference_v1.0/ptd-linux-x86', '-l', '/tmp/tmpxvec0g6h/ptd_logfile.txt', '-p', '8888', '49', '/dev/usbtmc0']
ptd-server 2022-02-14 07:33:42,068 [INFO] Sending to ptd: 'Hello'
ptd-server 2022-02-14 07:33:42,068 [INFO] Reply from ptd: 'Hello, PTDaemon here!'
ptd-server 2022-02-14 07:33:42,068 [INFO] Sending to ptd: 'Identify'
ptd-server 2022-02-14 07:33:42,069 [INFO] Reply from ptd: 'YokogawaWT310E,1000,1,1,1,1,0,1,1,version=1.9.2-e8c7a49a-20201208,OS=Linux 5.13.0-27-generic #29~20.04.1-Ubuntu SMP Fri Jan 14 00:32:30 UTC 2022 x86_64,mode=power,1,1,1,0,0,no_cal_date,YOKOGAWA;WT310E;C3XA04010E;F1.04'
ptd-server 2022-02-14 07:33:42,069 [INFO] Connected to PTDaemon
ptd-server 2022-02-14 07:33:42,069 [INFO] Sending to ptd: 'RR'
ptd-server 2022-02-14 07:33:42,069 [INFO] Reply from ptd: 'Ranges,0,0.500000,0,300.000000'
ptd-server 2022-02-14 07:33:42,070 [INFO] Initial range for Amps is 0.500000 for Volts is 300.000000
ptd-server 2022-02-14 07:33:42,070 [INFO] Sending to ptd: 'SR,V,Auto'
ptd-server 2022-02-14 07:33:42,572 [INFO] Reply from ptd: 'Range V changed'
ptd-server 2022-02-14 07:33:42,572 [INFO] Sending to ptd: 'SR,A,Auto'
ptd-server 2022-02-14 07:33:43,075 [INFO] Reply from ptd: 'Range A changed'
ptd-server 2022-02-14 07:33:53,085 [INFO] Starting ranging mode
ptd-server 2022-02-14 07:33:53,085 [INFO] Sending to ptd: 'Go,1000,0,2022-02-14_07-33-24_ranging'
ptd-server 2022-02-14 07:33:53,086 [INFO] Reply from ptd: 'Starting untimed measurement, maximum 500000 samples at 1000ms with 0 rampup samples'
ptd-server 2022-02-14 07:33:53,086 [INFO] Sending reply to client 'OK'
ptd-server 2022-02-14 07:44:08,926 [INFO] Got command from the client 'session,2022-02-14_07-33-24,stop,ranging'
ptd-server 2022-02-14 07:44:18,938 [INFO] Sending to ptd: 'Stop'
ptd-server 2022-02-14 07:44:18,938 [INFO] Reply from ptd: 'Stopping untimed measurement'
ptd-server 2022-02-14 07:44:19,654 [INFO] Sending reply to client 'OK'
ptd-server 2022-02-14 07:44:19,711 [INFO] Got command from the client 'time'
ptd-server 2022-02-14 07:44:19,711 [INFO] Sending reply to client '1644824659.7111802'
ptd-server 2022-02-14 07:44:19,713 [INFO] Got command from the client 'session,2022-02-14_07-33-24,start,testing'
ptd-server 2022-02-14 07:44:19,713 [INFO] Sending to ptd: 'SR,V,249.010000'
ptd-server 2022-02-14 07:44:21,214 [INFO] Reply from ptd: 'Range V changed'
ptd-server 2022-02-14 07:44:21,215 [INFO] Sending to ptd: 'SR,A,0.134250'
ptd-server 2022-02-14 07:44:22,716 [INFO] Reply from ptd: 'Range A changed'
ptd-server 2022-02-14 07:44:32,726 [INFO] Starting testing mode
ptd-server 2022-02-14 07:44:32,726 [INFO] Sending to ptd: 'Go,1000,0,2022-02-14_07-33-24_testing'
ptd-server 2022-02-14 07:44:32,727 [INFO] Reply from ptd: 'Starting untimed measurement, maximum 500000 samples at 1000ms with 0 rampup samples'
ptd-server 2022-02-14 07:44:32,727 [INFO] Sending reply to client 'OK'
ptd-server 2022-02-14 07:54:48,373 [INFO] Got command from the client 'session,2022-02-14_07-33-24,stop,testing'
ptd-server 2022-02-14 07:54:58,383 [INFO] Sending to ptd: 'Stop'
ptd-server 2022-02-14 07:54:58,384 [INFO] Reply from ptd: 'Stopping untimed measurement'
ptd-server 2022-02-14 07:54:58,742 [INFO] Sending reply to client 'OK'
ptd-server 2022-02-14 07:54:58,760 [INFO] Got command from the client 'session,2022-02-14_07-33-24,done'
ptd-server 2022-02-14 07:54:58,760 [INFO] Sending to ptd: 'Stop'
ptd-server 2022-02-14 07:54:58,760 [INFO] Reply from ptd: 'Error: no measurement to stop'
ptd-server 2022-02-14 07:54:58,760 [INFO] Sending to ptd: 'SR,V,300.000000'
ptd-server 2022-02-14 07:55:00,262 [INFO] Reply from ptd: 'Range V changed'
ptd-server 2022-02-14 07:55:00,262 [INFO] Sending to ptd: 'SR,A,0.500000'
ptd-server 2022-02-14 07:55:01,763 [INFO] Reply from ptd: 'Range A changed'
ptd-server 2022-02-14 07:55:01,763 [INFO] Set initial values for Amps 0.500000 and Volts 300.000000
ptd-server 2022-02-14 07:55:01,763 [INFO] Stopping ptd...
