client 2022-02-23 01:26:42,172 [INFO] Sending command to the server: 'mlcommons/power client v3'
client 2022-02-23 01:26:42,173 [INFO] Got response: 'mlcommons/power server v3'
client 2022-02-23 01:26:42,173 [INFO] Sending command to the server: 'stop'
client 2022-02-23 01:26:42,175 [INFO] Got response: 'OK'
client 2022-02-23 01:26:42,175 [INFO] Synchronizing with the server and with ntp.aliyun.com...
client 2022-02-23 01:26:42,320 [INFO] NTP:offset = 0.000 s, delay = 0.022 s 
client 2022-02-23 01:26:42,320 [INFO] Sending command to the server: 'time'
client 2022-02-23 01:26:42,322 [INFO] Got response: '1645579602.3218782'
client 2022-02-23 01:26:42,322 [INFO] The time difference between the client and the server is within range -1.236 ms..0.637 ms
client 2022-02-23 01:26:42,322 [INFO] Sending command to the server: 'new,,ce2a73a9-fac6-448e-9e10-995f01fdad9b'
client 2022-02-23 01:26:42,324 [INFO] Got response: 'OK 2022-02-23_01-26-42,5aca2512-ea59-4f85-9f85-9d1f88691228'
client 2022-02-23 01:26:42,324 [INFO] Session id is '2022-02-23_01-26-42'
client 2022-02-23 01:26:42,324 [INFO] Sources: {"sources": {"__init__.py": "da39a3ee5e6b4b0d3255bfef95601890afd80709", "client.py": "33ca4f26368777ac06e01f9567b714a4b8063886", "lib/__init__.py": "da39a3ee5e6b4b0d3255bfef95601890afd80709", "lib/client.py": "4c2b78fb4849a7e5b584ef792d82aaed20b17f57", "lib/common.py": "624d0c0acc7c39aaff3674f0b99d6a09da53d1dc", "lib/external/__init__.py": "da39a3ee5e6b4b0d3255bfef95601890afd80709", "lib/external/ntplib.py": "4da8f970656505a40483206ef2b5d3dd5e81711d", "lib/server.py": "59c9fb92908260d3e9f81a895c7aa009742275e4", "lib/source_hashes.py": "60a2e02193209e8d392803326208d5466342da18", "lib/summary.py": "aa92f0a3f975eecd44d3c0cd0236342ccc9f941d", "lib/time_sync.py": "3210db56eb0ff0df57bf4293dc4d4b03fffd46f1", "server.py": "c3f90f2f7eeb4db30727556d0c815ebc89b3d28b", "tests/unit/__init__.py": "da39a3ee5e6b4b0d3255bfef95601890afd80709", "tests/unit/test_server.py": "99ae15aef722f2000ee6ed1ae1523637bf1ae42b", "tests/unit/test_source_hashes.py": "00468a2907583c593e6574a1f6b404e4651c221a"}, "modules": {"ptd_client_server.lib.client": "lib/client.py", "ptd_client_server.lib.common": "lib/common.py", "ptd_client_server.lib.external.ntplib": "lib/external/ntplib.py", "ptd_client_server.lib.source_hashes": "lib/source_hashes.py", "ptd_client_server.lib.summary": "lib/summary.py", "ptd_client_server.lib.time_sync": "lib/time_sync.py"}}
client 2022-02-23 01:26:42,324 [INFO] Running workload in ranging mode
client 2022-02-23 01:26:42,324 [INFO] Synchronizing with the server and with ntp.aliyun.com...
client 2022-02-23 01:26:42,440 [INFO] NTP:offset = 0.002 s, delay = 0.028 s 
client 2022-02-23 01:26:42,440 [INFO] Sending command to the server: 'time'
client 2022-02-23 01:26:42,442 [INFO] Got response: '1645579602.4412155'
client 2022-02-23 01:26:42,442 [INFO] The time difference between the client and the server is within range -0.729 ms..1.434 ms
client 2022-02-23 01:26:42,442 [INFO] Sending command to the server: 'session,2022-02-23_01-26-42,start,ranging'
client 2022-02-23 01:27:13,682 [INFO] Got response: 'OK'
client 2022-02-23 01:27:13,683 [INFO] Running the workload 'LOG_DIR=/work/build/power_logs_temp python3 code/main.py --benchmarks=3d-unet --scenarios=SingleStream --config_ver=maxq --test_mode=PerformanceOnly --action="run_harness" \\\n\t\t2>&1 | tee -a /work/build/power_logs/2022.02.23-01.26.31/stdout.txt \\\n\t\t&& if [ ! -d /work/build/power_logs/2022.02.23-01.26.31/ranging_tmp ]; \\\n\t\t\tthen mkdir /work/build/power_logs/2022.02.23-01.26.31/ranging_tmp \\\n\t\t\t\t&& mv /work/build/power_logs_temp/* /work/build/power_logs/2022.02.23-01.26.31/ranging_tmp/ \\\n\t\t\t\t&& cp -v /work/build/power_logs/2022.02.23-01.26.31/ranging_tmp/*/*/*/mlperf_log_detail.txt /work/build/power_logs_temp/ \\\n\t\t\t\t&& cp -v /work/build/power_logs/2022.02.23-01.26.31/ranging_tmp/*/*/*/mlperf_log_summary.txt /work/build/power_logs_temp/; \\\n\t\t\telse mkdir /work/build/power_logs/2022.02.23-01.26.31/testing_tmp \\\n\t\t\t\t&& mv /work/build/power_logs_temp/* /work/build/power_logs/2022.02.23-01.26.31/testing_tmp/ \\\n\t\t\t\t&& cp -v /work/build/power_logs/2022.02.23-01.26.31/testing_tmp/*/*/*/mlperf_log_detail.txt /work/build/power_logs_temp/ \\\n\t\t\t\t&& cp -v /work/build/power_logs/2022.02.23-01.26.31/testing_tmp/*/*/*/mlperf_log_summary.txt /work/build/power_logs_temp/; fi'
client 2022-02-23 01:39:44,773 [INFO] Sending command to the server: 'session,2022-02-23_01-26-42,stop,ranging'
client 2022-02-23 01:39:54,809 [INFO] Got response: 'OK'
client 2022-02-23 01:39:54,818 [INFO] Copying loadgen logs from '/work/build/power_logs_temp' to '/work/build/power_logs/2022.02.23-01.26.31/2022-02-23_01-26-42/ranging'
client 2022-02-23 01:39:54,819 [INFO] Running workload in testing mode
client 2022-02-23 01:39:54,819 [INFO] Synchronizing with the server and with ntp.aliyun.com...
client 2022-02-23 01:39:54,890 [INFO] NTP:offset = -0.061 s, delay = 0.024 s 
client 2022-02-23 01:39:54,890 [INFO] Sending command to the server: 'time'
client 2022-02-23 01:39:54,893 [INFO] Got response: '1645580394.8261352'
client 2022-02-23 01:39:54,893 [INFO] The time difference between the client and the server is within range 64.286 ms..67.189 ms
client 2022-02-23 01:39:54,893 [INFO] Sending command to the server: 'session,2022-02-23_01-26-42,start,testing'
client 2022-02-23 01:40:08,946 [INFO] Got response: 'OK'
client 2022-02-23 01:40:08,946 [INFO] Running the workload 'LOG_DIR=/work/build/power_logs_temp python3 code/main.py --benchmarks=3d-unet --scenarios=SingleStream --config_ver=maxq --test_mode=PerformanceOnly --action="run_harness" \\\n\t\t2>&1 | tee -a /work/build/power_logs/2022.02.23-01.26.31/stdout.txt \\\n\t\t&& if [ ! -d /work/build/power_logs/2022.02.23-01.26.31/ranging_tmp ]; \\\n\t\t\tthen mkdir /work/build/power_logs/2022.02.23-01.26.31/ranging_tmp \\\n\t\t\t\t&& mv /work/build/power_logs_temp/* /work/build/power_logs/2022.02.23-01.26.31/ranging_tmp/ \\\n\t\t\t\t&& cp -v /work/build/power_logs/2022.02.23-01.26.31/ranging_tmp/*/*/*/mlperf_log_detail.txt /work/build/power_logs_temp/ \\\n\t\t\t\t&& cp -v /work/build/power_logs/2022.02.23-01.26.31/ranging_tmp/*/*/*/mlperf_log_summary.txt /work/build/power_logs_temp/; \\\n\t\t\telse mkdir /work/build/power_logs/2022.02.23-01.26.31/testing_tmp \\\n\t\t\t\t&& mv /work/build/power_logs_temp/* /work/build/power_logs/2022.02.23-01.26.31/testing_tmp/ \\\n\t\t\t\t&& cp -v /work/build/power_logs/2022.02.23-01.26.31/testing_tmp/*/*/*/mlperf_log_detail.txt /work/build/power_logs_temp/ \\\n\t\t\t\t&& cp -v /work/build/power_logs/2022.02.23-01.26.31/testing_tmp/*/*/*/mlperf_log_summary.txt /work/build/power_logs_temp/; fi'
client 2022-02-23 01:52:40,147 [INFO] Sending command to the server: 'session,2022-02-23_01-26-42,stop,testing'
client 2022-02-23 01:52:50,174 [INFO] Got response: 'OK'
client 2022-02-23 01:52:50,176 [INFO] Copying loadgen logs from '/work/build/power_logs_temp' to '/work/build/power_logs/2022.02.23-01.26.31/2022-02-23_01-26-42/run_1'
client 2022-02-23 01:52:50,177 [INFO] Done runs
