ptd-server 2022-02-23 01:26:42,173 [INFO] Got command from the client 'stop'
ptd-server 2022-02-23 01:26:42,174 [INFO] The server will be stopped after processing this client
ptd-server 2022-02-23 01:26:42,174 [INFO] Sending reply to client 'OK'
ptd-server 2022-02-23 01:26:42,321 [INFO] Got command from the client 'time'
ptd-server 2022-02-23 01:26:42,321 [INFO] Sending reply to client '1645579602.3218782'
ptd-server 2022-02-23 01:26:42,322 [INFO] Got command from the client 'new,,ce2a73a9-fac6-448e-9e10-995f01fdad9b'
ptd-server 2022-02-23 01:26:42,323 [INFO] Sending reply to client 'OK 2022-02-23_01-26-42,5aca2512-ea59-4f85-9f85-9d1f88691228'
ptd-server 2022-02-23 01:26:42,441 [INFO] Got command from the client 'time'
ptd-server 2022-02-23 01:26:42,442 [INFO] Sending reply to client '1645579602.4412155'
ptd-server 2022-02-23 01:26:42,443 [INFO] Got command from the client 'session,2022-02-23_01-26-42,start,ranging'
ptd-server 2022-02-23 01:26:42,553 [INFO] Running PTDaemon: ['C:\\PTD\\ptd-windows-x86.exe', '-l', 'C:\\Users\\mlperf\\AppData\\Local\\Temp\\tmplqy90ibw\\ptd_logfile.txt', '-p', '8888', '49', 'COM4']
ptd-server 2022-02-23 01:27:02,512 [INFO] Sending to ptd: 'Hello'
ptd-server 2022-02-23 01:27:02,518 [INFO] Reply from ptd: 'Hello, PTDaemon here!'
ptd-server 2022-02-23 01:27:02,519 [INFO] Sending to ptd: 'Identify'
ptd-server 2022-02-23 01:27:02,520 [INFO] Reply from ptd: 'YokogawaWT310E,1000,1,1,1,1,0,1,1,version=1.9.2-3976349f-20201208,OS=Windows 8 / Server 2012,mode=power,1,1,1,0,0,no_cal_date,YOKOGAWA;WT310E;C3TA11005E;F1.02'
ptd-server 2022-02-23 01:27:02,520 [INFO] Connected to PTDaemon
ptd-server 2022-02-23 01:27:02,521 [INFO] Sending to ptd: 'RR'
ptd-server 2022-02-23 01:27:02,521 [INFO] Reply from ptd: 'Ranges,0,10.000000,0,300.000000'
ptd-server 2022-02-23 01:27:02,521 [INFO] Initial range for Amps is 10.000000 for Volts is 300.000000
ptd-server 2022-02-23 01:27:02,522 [INFO] Sending to ptd: 'SR,V,Auto'
ptd-server 2022-02-23 01:27:03,085 [INFO] Reply from ptd: 'Range V changed'
ptd-server 2022-02-23 01:27:03,086 [INFO] Sending to ptd: 'SR,A,Auto'
ptd-server 2022-02-23 01:27:03,663 [INFO] Reply from ptd: 'Range A changed'
ptd-server 2022-02-23 01:27:13,669 [INFO] Starting ranging mode
ptd-server 2022-02-23 01:27:13,674 [INFO] Sending to ptd: 'Go,1000,0,2022-02-23_01-26-42_ranging'
ptd-server 2022-02-23 01:27:13,675 [INFO] Reply from ptd: 'Starting untimed measurement, maximum 500000 samples at 1000ms with 0 rampup samples'
ptd-server 2022-02-23 01:27:13,675 [INFO] Sending reply to client 'OK'
ptd-server 2022-02-23 01:39:44,709 [INFO] Got command from the client 'session,2022-02-23_01-26-42,stop,ranging'
ptd-server 2022-02-23 01:39:54,722 [INFO] Sending to ptd: 'Stop'
ptd-server 2022-02-23 01:39:54,727 [INFO] Reply from ptd: 'Stopping untimed measurement'
ptd-server 2022-02-23 01:39:54,742 [INFO] Sending reply to client 'OK'
ptd-server 2022-02-23 01:39:54,825 [INFO] Got command from the client 'time'
ptd-server 2022-02-23 01:39:54,826 [INFO] Sending reply to client '1645580394.8261352'
ptd-server 2022-02-23 01:39:54,828 [INFO] Got command from the client 'session,2022-02-23_01-26-42,start,testing'
ptd-server 2022-02-23 01:39:54,829 [INFO] Sending to ptd: 'SR,V,215.900000'
ptd-server 2022-02-23 01:39:57,271 [INFO] Reply from ptd: 'Range V changed'
ptd-server 2022-02-23 01:39:57,271 [INFO] Sending to ptd: 'SR,A,2.983700'
ptd-server 2022-02-23 01:39:58,854 [INFO] Reply from ptd: 'Range A changed'
ptd-server 2022-02-23 01:40:08,871 [INFO] Starting testing mode
ptd-server 2022-02-23 01:40:08,876 [INFO] Sending to ptd: 'Go,1000,0,2022-02-23_01-26-42_testing'
ptd-server 2022-02-23 01:40:08,877 [INFO] Reply from ptd: 'Starting untimed measurement, maximum 500000 samples at 1000ms with 0 rampup samples'
ptd-server 2022-02-23 01:40:08,877 [INFO] Sending reply to client 'OK'
ptd-server 2022-02-23 01:52:40,093 [INFO] Got command from the client 'session,2022-02-23_01-26-42,stop,testing'
ptd-server 2022-02-23 01:52:50,102 [INFO] Sending to ptd: 'Stop'
ptd-server 2022-02-23 01:52:50,107 [INFO] Reply from ptd: 'Stopping untimed measurement'
ptd-server 2022-02-23 01:52:50,117 [INFO] Sending reply to client 'OK'
ptd-server 2022-02-23 01:52:50,125 [INFO] Got command from the client 'session,2022-02-23_01-26-42,done'
ptd-server 2022-02-23 01:52:50,125 [INFO] Sending to ptd: 'Stop'
ptd-server 2022-02-23 01:52:50,891 [INFO] Reply from ptd: 'Error: no measurement to stop'
ptd-server 2022-02-23 01:52:50,891 [INFO] Sending to ptd: 'SR,V,300.000000'
ptd-server 2022-02-23 01:52:52,474 [INFO] Reply from ptd: 'Range V changed'
ptd-server 2022-02-23 01:52:52,475 [INFO] Sending to ptd: 'SR,A,10.000000'
ptd-server 2022-02-23 01:52:54,054 [INFO] Reply from ptd: 'Range A changed'
ptd-server 2022-02-23 01:52:54,059 [INFO] Set initial values for Amps 10.000000 and Volts 300.000000
ptd-server 2022-02-23 01:52:54,060 [INFO] Stopping ptd...
