ptd-server 2022-02-21 01:51:44,879 [INFO] Got command from the client 'time'
ptd-server 2022-02-21 01:51:44,880 [INFO] Sending reply to client '1645408304.880009'
ptd-server 2022-02-21 01:51:44,881 [INFO] Got command from the client 'new,,822d56f5-88b2-4ac7-b4be-3acfb629e746'
ptd-server 2022-02-21 01:51:44,881 [INFO] Sending reply to client 'OK 2022-02-21_01-51-44,9f660d03-ffc3-4109-99a9-bd2c322c42a8'
ptd-server 2022-02-21 01:51:44,913 [INFO] Got command from the client 'time'
ptd-server 2022-02-21 01:51:44,913 [INFO] Sending reply to client '1645408304.9135437'
ptd-server 2022-02-21 01:51:44,914 [INFO] Got command from the client 'session,2022-02-21_01-51-44,start,ranging'
ptd-server 2022-02-21 01:51:44,914 [INFO] Running PTDaemon: ['/home/anton/projects/mlperf/power/inference_v1.0/ptd-linux-x86', '-l', '/tmp/tmpgldyt7rr/ptd_logfile.txt', '-p', '8888', '49', '/dev/usbtmc0']
ptd-server 2022-02-21 01:52:02,084 [INFO] Sending to ptd: 'Hello'
ptd-server 2022-02-21 01:52:02,085 [INFO] Reply from ptd: 'Hello, PTDaemon here!'
ptd-server 2022-02-21 01:52:02,085 [INFO] Sending to ptd: 'Identify'
ptd-server 2022-02-21 01:52:02,085 [INFO] Reply from ptd: 'YokogawaWT310E,1000,1,1,1,1,0,1,1,version=1.9.2-e8c7a49a-20201208,OS=Linux 5.13.0-28-generic #31~20.04.1-Ubuntu SMP Wed Jan 19 14:08:10 UTC 2022 x86_64,mode=power,1,1,1,0,0,no_cal_date,YOKOGAWA;WT310E;C3XA04010E;F1.04'
ptd-server 2022-02-21 01:52:02,085 [INFO] Connected to PTDaemon
ptd-server 2022-02-21 01:52:02,085 [INFO] Sending to ptd: 'RR'
ptd-server 2022-02-21 01:52:02,086 [INFO] Reply from ptd: 'Ranges,0,0.500000,0,300.000000'
ptd-server 2022-02-21 01:52:02,086 [INFO] Initial range for Amps is 0.500000 for Volts is 300.000000
ptd-server 2022-02-21 01:52:02,086 [INFO] Sending to ptd: 'SR,V,Auto'
ptd-server 2022-02-21 01:52:02,588 [INFO] Reply from ptd: 'Range V changed'
ptd-server 2022-02-21 01:52:02,588 [INFO] Sending to ptd: 'SR,A,Auto'
ptd-server 2022-02-21 01:52:03,091 [INFO] Reply from ptd: 'Range A changed'
ptd-server 2022-02-21 01:52:13,101 [INFO] Starting ranging mode
ptd-server 2022-02-21 01:52:13,101 [INFO] Sending to ptd: 'Go,1000,0,2022-02-21_01-51-44_ranging'
ptd-server 2022-02-21 01:52:13,102 [INFO] Reply from ptd: 'Starting untimed measurement, maximum 500000 samples at 1000ms with 0 rampup samples'
ptd-server 2022-02-21 01:52:13,102 [INFO] Sending reply to client 'OK'
ptd-server 2022-02-21 02:02:40,556 [INFO] Got command from the client 'session,2022-02-21_01-51-44,stop,ranging'
ptd-server 2022-02-21 02:02:50,566 [INFO] Sending to ptd: 'Stop'
ptd-server 2022-02-21 02:02:50,567 [INFO] Reply from ptd: 'Stopping untimed measurement'
ptd-server 2022-02-21 02:02:51,116 [INFO] Sending reply to client 'OK'
ptd-server 2022-02-21 02:02:51,209 [INFO] Got command from the client 'time'
ptd-server 2022-02-21 02:02:51,209 [INFO] Sending reply to client '1645408971.2092197'
ptd-server 2022-02-21 02:02:51,213 [INFO] Got command from the client 'session,2022-02-21_01-51-44,start,testing'
ptd-server 2022-02-21 02:02:51,213 [INFO] Sending to ptd: 'SR,V,250.580000'
ptd-server 2022-02-21 02:02:52,714 [INFO] Reply from ptd: 'Range V changed'
ptd-server 2022-02-21 02:02:52,714 [INFO] Sending to ptd: 'SR,A,0.041870'
ptd-server 2022-02-21 02:02:54,216 [INFO] Reply from ptd: 'Range A changed'
ptd-server 2022-02-21 02:03:04,226 [INFO] Starting testing mode
ptd-server 2022-02-21 02:03:04,226 [INFO] Sending to ptd: 'Go,1000,0,2022-02-21_01-51-44_testing'
ptd-server 2022-02-21 02:03:04,226 [INFO] Reply from ptd: 'Starting untimed measurement, maximum 500000 samples at 1000ms with 0 rampup samples'
ptd-server 2022-02-21 02:03:04,227 [INFO] Sending reply to client 'OK'
ptd-server 2022-02-21 02:13:32,648 [INFO] Got command from the client 'session,2022-02-21_01-51-44,stop,testing'
ptd-server 2022-02-21 02:13:42,659 [INFO] Sending to ptd: 'Stop'
ptd-server 2022-02-21 02:13:42,659 [INFO] Reply from ptd: 'Stopping untimed measurement'
ptd-server 2022-02-21 02:13:42,946 [INFO] Sending reply to client 'OK'
ptd-server 2022-02-21 02:13:42,987 [INFO] Got command from the client 'session,2022-02-21_01-51-44,done'
ptd-server 2022-02-21 02:13:42,987 [INFO] Sending to ptd: 'Stop'
ptd-server 2022-02-21 02:13:43,227 [INFO] Reply from ptd: 'Error: no measurement to stop'
ptd-server 2022-02-21 02:13:43,227 [INFO] Sending to ptd: 'SR,V,300.000000'
ptd-server 2022-02-21 02:13:44,728 [INFO] Reply from ptd: 'Range V changed'
ptd-server 2022-02-21 02:13:44,729 [INFO] Sending to ptd: 'SR,A,0.500000'
ptd-server 2022-02-21 02:13:46,230 [INFO] Reply from ptd: 'Range A changed'
ptd-server 2022-02-21 02:13:46,230 [INFO] Set initial values for Amps 0.500000 and Volts 300.000000
ptd-server 2022-02-21 02:13:46,230 [INFO] Stopping ptd...
