ptd-server 2022-02-20 02:14:56,138 [INFO] Got command from the client 'time'
ptd-server 2022-02-20 02:14:56,138 [INFO] Sending reply to client '1645323296.1384563'
ptd-server 2022-02-20 02:14:56,139 [INFO] Got command from the client 'new,,432d315b-10eb-46f0-9120-de913a387694'
ptd-server 2022-02-20 02:14:56,140 [INFO] Sending reply to client 'OK 2022-02-20_02-14-56,63e10c17-9535-442e-958a-d3ec0138c51c'
ptd-server 2022-02-20 02:14:56,168 [INFO] Got command from the client 'time'
ptd-server 2022-02-20 02:14:56,168 [INFO] Sending reply to client '1645323296.16846'
ptd-server 2022-02-20 02:14:56,169 [INFO] Got command from the client 'session,2022-02-20_02-14-56,start,ranging'
ptd-server 2022-02-20 02:14:56,170 [INFO] Running PTDaemon: ['/home/anton/projects/mlperf/power/inference_v1.0/ptd-linux-x86', '-l', '/tmp/tmpgldyt7rr/ptd_logfile.txt', '-p', '8888', '49', '/dev/usbtmc0']
ptd-server 2022-02-20 02:15:13,343 [INFO] Sending to ptd: 'Hello'
ptd-server 2022-02-20 02:15:13,344 [INFO] Reply from ptd: 'Hello, PTDaemon here!'
ptd-server 2022-02-20 02:15:13,344 [INFO] Sending to ptd: 'Identify'
ptd-server 2022-02-20 02:15:13,344 [INFO] Reply from ptd: 'YokogawaWT310E,1000,1,1,1,1,0,1,1,version=1.9.2-e8c7a49a-20201208,OS=Linux 5.13.0-28-generic #31~20.04.1-Ubuntu SMP Wed Jan 19 14:08:10 UTC 2022 x86_64,mode=power,1,1,1,0,0,no_cal_date,YOKOGAWA;WT310E;C3XA04010E;F1.04'
ptd-server 2022-02-20 02:15:13,344 [INFO] Connected to PTDaemon
ptd-server 2022-02-20 02:15:13,344 [INFO] Sending to ptd: 'RR'
ptd-server 2022-02-20 02:15:13,345 [INFO] Reply from ptd: 'Ranges,0,0.500000,0,300.000000'
ptd-server 2022-02-20 02:15:13,345 [INFO] Initial range for Amps is 0.500000 for Volts is 300.000000
ptd-server 2022-02-20 02:15:13,345 [INFO] Sending to ptd: 'SR,V,Auto'
ptd-server 2022-02-20 02:15:13,847 [INFO] Reply from ptd: 'Range V changed'
ptd-server 2022-02-20 02:15:13,848 [INFO] Sending to ptd: 'SR,A,Auto'
ptd-server 2022-02-20 02:15:14,350 [INFO] Reply from ptd: 'Range A changed'
ptd-server 2022-02-20 02:15:24,360 [INFO] Starting ranging mode
ptd-server 2022-02-20 02:15:24,361 [INFO] Sending to ptd: 'Go,1000,0,2022-02-20_02-14-56_ranging'
ptd-server 2022-02-20 02:15:24,361 [INFO] Reply from ptd: 'Starting untimed measurement, maximum 500000 samples at 1000ms with 0 rampup samples'
ptd-server 2022-02-20 02:15:24,361 [INFO] Sending reply to client 'OK'
ptd-server 2022-02-20 02:25:45,981 [INFO] Got command from the client 'session,2022-02-20_02-14-56,stop,ranging'
ptd-server 2022-02-20 02:25:55,991 [INFO] Sending to ptd: 'Stop'
ptd-server 2022-02-20 02:25:55,992 [INFO] Reply from ptd: 'Stopping untimed measurement'
ptd-server 2022-02-20 02:25:56,416 [INFO] Sending reply to client 'OK'
ptd-server 2022-02-20 02:25:56,488 [INFO] Got command from the client 'time'
ptd-server 2022-02-20 02:25:56,488 [INFO] Sending reply to client '1645323956.488184'
ptd-server 2022-02-20 02:25:56,489 [INFO] Got command from the client 'session,2022-02-20_02-14-56,start,testing'
ptd-server 2022-02-20 02:25:56,489 [INFO] Sending to ptd: 'SR,V,249.260000'
ptd-server 2022-02-20 02:25:57,991 [INFO] Reply from ptd: 'Range V changed'
ptd-server 2022-02-20 02:25:57,991 [INFO] Sending to ptd: 'SR,A,0.068920'
ptd-server 2022-02-20 02:25:59,492 [INFO] Reply from ptd: 'Range A changed'
ptd-server 2022-02-20 02:26:09,503 [INFO] Starting testing mode
ptd-server 2022-02-20 02:26:09,503 [INFO] Sending to ptd: 'Go,1000,0,2022-02-20_02-14-56_testing'
ptd-server 2022-02-20 02:26:09,503 [INFO] Reply from ptd: 'Starting untimed measurement, maximum 500000 samples at 1000ms with 0 rampup samples'
ptd-server 2022-02-20 02:26:09,503 [INFO] Sending reply to client 'OK'
ptd-server 2022-02-20 02:36:31,782 [INFO] Got command from the client 'session,2022-02-20_02-14-56,stop,testing'
ptd-server 2022-02-20 02:36:41,792 [INFO] Sending to ptd: 'Stop'
ptd-server 2022-02-20 02:36:41,793 [INFO] Reply from ptd: 'Stopping untimed measurement'
ptd-server 2022-02-20 02:36:42,024 [INFO] Sending reply to client 'OK'
ptd-server 2022-02-20 02:36:42,046 [INFO] Got command from the client 'session,2022-02-20_02-14-56,done'
ptd-server 2022-02-20 02:36:42,046 [INFO] Sending to ptd: 'Stop'
ptd-server 2022-02-20 02:36:42,503 [INFO] Reply from ptd: 'Error: no measurement to stop'
ptd-server 2022-02-20 02:36:42,503 [INFO] Sending to ptd: 'SR,V,300.000000'
ptd-server 2022-02-20 02:36:44,005 [INFO] Reply from ptd: 'Range V changed'
ptd-server 2022-02-20 02:36:44,005 [INFO] Sending to ptd: 'SR,A,0.500000'
ptd-server 2022-02-20 02:36:45,506 [INFO] Reply from ptd: 'Range A changed'
ptd-server 2022-02-20 02:36:45,506 [INFO] Set initial values for Amps 0.500000 and Volts 300.000000
ptd-server 2022-02-20 02:36:45,507 [INFO] Stopping ptd...
