ptd-server 2022-02-14 18:20:33,442 [INFO] Got command from the client 'time'
ptd-server 2022-02-14 18:20:33,443 [INFO] Sending reply to client '1644862833.4431279'
ptd-server 2022-02-14 18:20:33,445 [INFO] Got command from the client 'new,,dd51542d-e3dd-444b-af59-474e4ef2f0c5'
ptd-server 2022-02-14 18:20:33,446 [INFO] Sending reply to client 'OK 2022-02-14_18-20-33,ebe22885-383f-4f24-ab0a-94c5ebceac6b'
ptd-server 2022-02-14 18:20:33,492 [INFO] Got command from the client 'time'
ptd-server 2022-02-14 18:20:33,492 [INFO] Sending reply to client '1644862833.4924064'
ptd-server 2022-02-14 18:20:33,494 [INFO] Got command from the client 'session,2022-02-14_18-20-33,start,ranging'
ptd-server 2022-02-14 18:20:33,494 [INFO] Running PTDaemon: ['/home/anton/projects/mlperf/power/inference_v1.0/ptd-linux-x86', '-l', '/tmp/tmpxvec0g6h/ptd_logfile.txt', '-p', '8888', '49', '/dev/usbtmc0']
ptd-server 2022-02-14 18:20:50,668 [INFO] Sending to ptd: 'Hello'
ptd-server 2022-02-14 18:20:50,668 [INFO] Reply from ptd: 'Hello, PTDaemon here!'
ptd-server 2022-02-14 18:20:50,669 [INFO] Sending to ptd: 'Identify'
ptd-server 2022-02-14 18:20:50,669 [INFO] Reply from ptd: 'YokogawaWT310E,1000,1,1,1,1,0,1,1,version=1.9.2-e8c7a49a-20201208,OS=Linux 5.13.0-27-generic #29~20.04.1-Ubuntu SMP Fri Jan 14 00:32:30 UTC 2022 x86_64,mode=power,1,1,1,0,0,no_cal_date,YOKOGAWA;WT310E;C3XA04010E;F1.04'
ptd-server 2022-02-14 18:20:50,669 [INFO] Connected to PTDaemon
ptd-server 2022-02-14 18:20:50,669 [INFO] Sending to ptd: 'RR'
ptd-server 2022-02-14 18:20:50,669 [INFO] Reply from ptd: 'Ranges,0,0.500000,0,300.000000'
ptd-server 2022-02-14 18:20:50,670 [INFO] Initial range for Amps is 0.500000 for Volts is 300.000000
ptd-server 2022-02-14 18:20:50,670 [INFO] Sending to ptd: 'SR,V,Auto'
ptd-server 2022-02-14 18:20:51,172 [INFO] Reply from ptd: 'Range V changed'
ptd-server 2022-02-14 18:20:51,172 [INFO] Sending to ptd: 'SR,A,Auto'
ptd-server 2022-02-14 18:20:51,675 [INFO] Reply from ptd: 'Range A changed'
ptd-server 2022-02-14 18:21:01,685 [INFO] Starting ranging mode
ptd-server 2022-02-14 18:21:01,685 [INFO] Sending to ptd: 'Go,1000,0,2022-02-14_18-20-33_ranging'
ptd-server 2022-02-14 18:21:01,686 [INFO] Reply from ptd: 'Starting untimed measurement, maximum 500000 samples at 1000ms with 0 rampup samples'
ptd-server 2022-02-14 18:21:01,686 [INFO] Sending reply to client 'OK'
ptd-server 2022-02-14 18:31:21,138 [INFO] Got command from the client 'session,2022-02-14_18-20-33,stop,ranging'
ptd-server 2022-02-14 18:31:31,148 [INFO] Sending to ptd: 'Stop'
ptd-server 2022-02-14 18:31:31,149 [INFO] Reply from ptd: 'Stopping untimed measurement'
ptd-server 2022-02-14 18:31:31,929 [INFO] Sending reply to client 'OK'
ptd-server 2022-02-14 18:31:31,985 [INFO] Got command from the client 'time'
ptd-server 2022-02-14 18:31:31,985 [INFO] Sending reply to client '1644863491.9858658'
ptd-server 2022-02-14 18:31:31,988 [INFO] Got command from the client 'session,2022-02-14_18-20-33,start,testing'
ptd-server 2022-02-14 18:31:31,988 [INFO] Sending to ptd: 'SR,V,251.020000'
ptd-server 2022-02-14 18:31:33,489 [INFO] Reply from ptd: 'Range V changed'
ptd-server 2022-02-14 18:31:33,490 [INFO] Sending to ptd: 'SR,A,0.214470'
ptd-server 2022-02-14 18:31:34,991 [INFO] Reply from ptd: 'Range A changed'
ptd-server 2022-02-14 18:31:45,001 [INFO] Starting testing mode
ptd-server 2022-02-14 18:31:45,001 [INFO] Sending to ptd: 'Go,1000,0,2022-02-14_18-20-33_testing'
ptd-server 2022-02-14 18:31:45,002 [INFO] Reply from ptd: 'Starting untimed measurement, maximum 500000 samples at 1000ms with 0 rampup samples'
ptd-server 2022-02-14 18:31:45,002 [INFO] Sending reply to client 'OK'
ptd-server 2022-02-14 18:42:04,520 [INFO] Got command from the client 'session,2022-02-14_18-20-33,stop,testing'
ptd-server 2022-02-14 18:42:14,531 [INFO] Sending to ptd: 'Stop'
ptd-server 2022-02-14 18:42:14,531 [INFO] Reply from ptd: 'Stopping untimed measurement'
ptd-server 2022-02-14 18:42:14,919 [INFO] Sending reply to client 'OK'
ptd-server 2022-02-14 18:42:14,937 [INFO] Got command from the client 'session,2022-02-14_18-20-33,done'
ptd-server 2022-02-14 18:42:14,937 [INFO] Sending to ptd: 'Stop'
ptd-server 2022-02-14 18:42:15,003 [INFO] Reply from ptd: 'Error: no measurement to stop'
ptd-server 2022-02-14 18:42:15,003 [INFO] Sending to ptd: 'SR,V,300.000000'
ptd-server 2022-02-14 18:42:16,504 [INFO] Reply from ptd: 'Range V changed'
ptd-server 2022-02-14 18:42:16,504 [INFO] Sending to ptd: 'SR,A,0.500000'
ptd-server 2022-02-14 18:42:18,006 [INFO] Reply from ptd: 'Range A changed'
ptd-server 2022-02-14 18:42:18,006 [INFO] Set initial values for Amps 0.500000 and Volts 300.000000
ptd-server 2022-02-14 18:42:18,006 [INFO] Stopping ptd...
