ptd-server 2022-02-17 17:04:54,793 [INFO] Got command from the client 'time'
ptd-server 2022-02-17 17:04:54,793 [INFO] Sending reply to client '1645117494.7934442'
ptd-server 2022-02-17 17:04:54,797 [INFO] Got command from the client 'new,,673d1db2-6cb6-4c1d-922e-c231100b88c4'
ptd-server 2022-02-17 17:04:54,797 [INFO] Sending reply to client 'OK 2022-02-17_17-04-54,27db6b58-92c2-4b7a-9560-412e230e83e0'
ptd-server 2022-02-17 17:04:54,833 [INFO] Got command from the client 'time'
ptd-server 2022-02-17 17:04:54,833 [INFO] Sending reply to client '1645117494.8332362'
ptd-server 2022-02-17 17:04:54,835 [INFO] Got command from the client 'session,2022-02-17_17-04-54,start,ranging'
ptd-server 2022-02-17 17:04:54,835 [INFO] Running PTDaemon: ['/home/anton/projects/mlperf/power/inference_v1.0/ptd-linux-x86', '-l', '/tmp/tmpgldyt7rr/ptd_logfile.txt', '-p', '8888', '49', '/dev/usbtmc0']
ptd-server 2022-02-17 17:05:12,009 [INFO] Sending to ptd: 'Hello'
ptd-server 2022-02-17 17:05:12,009 [INFO] Reply from ptd: 'Hello, PTDaemon here!'
ptd-server 2022-02-17 17:05:12,010 [INFO] Sending to ptd: 'Identify'
ptd-server 2022-02-17 17:05:12,010 [INFO] Reply from ptd: 'YokogawaWT310E,1000,1,1,1,1,0,1,1,version=1.9.2-e8c7a49a-20201208,OS=Linux 5.13.0-28-generic #31~20.04.1-Ubuntu SMP Wed Jan 19 14:08:10 UTC 2022 x86_64,mode=power,1,1,1,0,0,no_cal_date,YOKOGAWA;WT310E;C3XA04010E;F1.04'
ptd-server 2022-02-17 17:05:12,010 [INFO] Connected to PTDaemon
ptd-server 2022-02-17 17:05:12,010 [INFO] Sending to ptd: 'RR'
ptd-server 2022-02-17 17:05:12,010 [INFO] Reply from ptd: 'Ranges,0,0.500000,0,300.000000'
ptd-server 2022-02-17 17:05:12,011 [INFO] Initial range for Amps is 0.500000 for Volts is 300.000000
ptd-server 2022-02-17 17:05:12,011 [INFO] Sending to ptd: 'SR,V,Auto'
ptd-server 2022-02-17 17:05:12,513 [INFO] Reply from ptd: 'Range V changed'
ptd-server 2022-02-17 17:05:12,513 [INFO] Sending to ptd: 'SR,A,Auto'
ptd-server 2022-02-17 17:05:13,016 [INFO] Reply from ptd: 'Range A changed'
ptd-server 2022-02-17 17:05:23,026 [INFO] Starting ranging mode
ptd-server 2022-02-17 17:05:23,026 [INFO] Sending to ptd: 'Go,1000,0,2022-02-17_17-04-54_ranging'
ptd-server 2022-02-17 17:05:23,027 [INFO] Reply from ptd: 'Starting untimed measurement, maximum 500000 samples at 1000ms with 0 rampup samples'
ptd-server 2022-02-17 17:05:23,027 [INFO] Sending reply to client 'OK'
ptd-server 2022-02-17 17:15:39,955 [INFO] Got command from the client 'session,2022-02-17_17-04-54,stop,ranging'
ptd-server 2022-02-17 17:15:49,966 [INFO] Sending to ptd: 'Stop'
ptd-server 2022-02-17 17:15:49,966 [INFO] Reply from ptd: 'Stopping untimed measurement'
ptd-server 2022-02-17 17:15:50,169 [INFO] Sending reply to client 'OK'
ptd-server 2022-02-17 17:15:50,253 [INFO] Got command from the client 'time'
ptd-server 2022-02-17 17:15:50,253 [INFO] Sending reply to client '1645118150.253698'
ptd-server 2022-02-17 17:15:50,259 [INFO] Got command from the client 'session,2022-02-17_17-04-54,start,testing'
ptd-server 2022-02-17 17:15:50,259 [INFO] Sending to ptd: 'SR,V,249.760000'
ptd-server 2022-02-17 17:15:51,760 [INFO] Reply from ptd: 'Range V changed'
ptd-server 2022-02-17 17:15:51,761 [INFO] Sending to ptd: 'SR,A,0.047310'
ptd-server 2022-02-17 17:15:53,262 [INFO] Reply from ptd: 'Range A changed'
ptd-server 2022-02-17 17:16:03,272 [INFO] Starting testing mode
ptd-server 2022-02-17 17:16:03,272 [INFO] Sending to ptd: 'Go,1000,0,2022-02-17_17-04-54_testing'
ptd-server 2022-02-17 17:16:03,273 [INFO] Reply from ptd: 'Starting untimed measurement, maximum 500000 samples at 1000ms with 0 rampup samples'
ptd-server 2022-02-17 17:16:03,273 [INFO] Sending reply to client 'OK'
ptd-server 2022-02-17 17:26:21,083 [INFO] Got command from the client 'session,2022-02-17_17-04-54,stop,testing'
ptd-server 2022-02-17 17:26:31,094 [INFO] Sending to ptd: 'Stop'
ptd-server 2022-02-17 17:26:31,094 [INFO] Reply from ptd: 'Stopping untimed measurement'
ptd-server 2022-02-17 17:26:31,203 [INFO] Sending reply to client 'OK'
ptd-server 2022-02-17 17:26:31,253 [INFO] Got command from the client 'session,2022-02-17_17-04-54,done'
ptd-server 2022-02-17 17:26:31,253 [INFO] Sending to ptd: 'Stop'
ptd-server 2022-02-17 17:26:31,274 [INFO] Reply from ptd: 'Error: no measurement to stop'
ptd-server 2022-02-17 17:26:31,274 [INFO] Sending to ptd: 'SR,V,300.000000'
ptd-server 2022-02-17 17:26:32,775 [INFO] Reply from ptd: 'Range V changed'
ptd-server 2022-02-17 17:26:32,775 [INFO] Sending to ptd: 'SR,A,0.500000'
ptd-server 2022-02-17 17:26:34,277 [INFO] Reply from ptd: 'Range A changed'
ptd-server 2022-02-17 17:26:34,277 [INFO] Set initial values for Amps 0.500000 and Volts 300.000000
ptd-server 2022-02-17 17:26:34,277 [INFO] Stopping ptd...
