ptd-server 2022-02-23 02:05:15,993 [INFO] Got command from the client 'time'
ptd-server 2022-02-23 02:05:15,993 [INFO] Sending reply to client '1645581915.9937332'
ptd-server 2022-02-23 02:05:15,995 [INFO] Got command from the client 'new,,3179f68b-64b7-4ca7-8635-7c9b121ee02c'
ptd-server 2022-02-23 02:05:15,996 [INFO] Sending reply to client 'OK 2022-02-23_02-05-15,3cbbb30d-7fbd-4c21-b8a8-e0f8913f4813'
ptd-server 2022-02-23 02:05:16,033 [INFO] Got command from the client 'time'
ptd-server 2022-02-23 02:05:16,033 [INFO] Sending reply to client '1645581916.0338159'
ptd-server 2022-02-23 02:05:16,035 [INFO] Got command from the client 'session,2022-02-23_02-05-15,start,ranging'
ptd-server 2022-02-23 02:05:16,035 [INFO] Running PTDaemon: ['/home/anton/projects/mlperf/power/inference_v1.0/ptd-linux-x86', '-l', '/tmp/tmpgldyt7rr/ptd_logfile.txt', '-p', '8888', '49', '/dev/usbtmc0']
ptd-server 2022-02-23 02:05:33,208 [INFO] Sending to ptd: 'Hello'
ptd-server 2022-02-23 02:05:33,209 [INFO] Reply from ptd: 'Hello, PTDaemon here!'
ptd-server 2022-02-23 02:05:33,209 [INFO] Sending to ptd: 'Identify'
ptd-server 2022-02-23 02:05:33,209 [INFO] Reply from ptd: 'YokogawaWT310E,1000,1,1,1,1,0,1,1,version=1.9.2-e8c7a49a-20201208,OS=Linux 5.13.0-28-generic #31~20.04.1-Ubuntu SMP Wed Jan 19 14:08:10 UTC 2022 x86_64,mode=power,1,1,1,0,0,no_cal_date,YOKOGAWA;WT310E;C3XA04010E;F1.04'
ptd-server 2022-02-23 02:05:33,210 [INFO] Connected to PTDaemon
ptd-server 2022-02-23 02:05:33,210 [INFO] Sending to ptd: 'RR'
ptd-server 2022-02-23 02:05:33,210 [INFO] Reply from ptd: 'Ranges,0,0.500000,0,300.000000'
ptd-server 2022-02-23 02:05:33,210 [INFO] Initial range for Amps is 0.500000 for Volts is 300.000000
ptd-server 2022-02-23 02:05:33,210 [INFO] Sending to ptd: 'SR,V,Auto'
ptd-server 2022-02-23 02:05:33,713 [INFO] Reply from ptd: 'Range V changed'
ptd-server 2022-02-23 02:05:33,713 [INFO] Sending to ptd: 'SR,A,Auto'
ptd-server 2022-02-23 02:05:34,215 [INFO] Reply from ptd: 'Range A changed'
ptd-server 2022-02-23 02:05:44,226 [INFO] Starting ranging mode
ptd-server 2022-02-23 02:05:44,226 [INFO] Sending to ptd: 'Go,1000,0,2022-02-23_02-05-15_ranging'
ptd-server 2022-02-23 02:05:44,226 [INFO] Reply from ptd: 'Starting untimed measurement, maximum 500000 samples at 1000ms with 0 rampup samples'
ptd-server 2022-02-23 02:05:44,226 [INFO] Sending reply to client 'OK'
ptd-server 2022-02-23 02:16:13,353 [INFO] Got command from the client 'session,2022-02-23_02-05-15,stop,ranging'
ptd-server 2022-02-23 02:16:23,363 [INFO] Sending to ptd: 'Stop'
ptd-server 2022-02-23 02:16:23,364 [INFO] Reply from ptd: 'Stopping untimed measurement'
ptd-server 2022-02-23 02:16:24,180 [INFO] Sending reply to client 'OK'
ptd-server 2022-02-23 02:16:24,240 [INFO] Got command from the client 'time'
ptd-server 2022-02-23 02:16:24,240 [INFO] Sending reply to client '1645582584.24032'
ptd-server 2022-02-23 02:16:24,242 [INFO] Got command from the client 'session,2022-02-23_02-05-15,start,testing'
ptd-server 2022-02-23 02:16:24,242 [INFO] Sending to ptd: 'SR,V,249.320000'
ptd-server 2022-02-23 02:16:25,743 [INFO] Reply from ptd: 'Range V changed'
ptd-server 2022-02-23 02:16:25,743 [INFO] Sending to ptd: 'SR,A,0.056460'
ptd-server 2022-02-23 02:16:27,245 [INFO] Reply from ptd: 'Range A changed'
ptd-server 2022-02-23 02:16:37,255 [INFO] Starting testing mode
ptd-server 2022-02-23 02:16:37,255 [INFO] Sending to ptd: 'Go,1000,0,2022-02-23_02-05-15_testing'
ptd-server 2022-02-23 02:16:37,256 [INFO] Reply from ptd: 'Starting untimed measurement, maximum 500000 samples at 1000ms with 0 rampup samples'
ptd-server 2022-02-23 02:16:37,256 [INFO] Sending reply to client 'OK'
ptd-server 2022-02-23 02:27:06,165 [INFO] Got command from the client 'session,2022-02-23_02-05-15,stop,testing'
ptd-server 2022-02-23 02:27:16,176 [INFO] Sending to ptd: 'Stop'
ptd-server 2022-02-23 02:27:16,176 [INFO] Reply from ptd: 'Stopping untimed measurement'
ptd-server 2022-02-23 02:27:16,584 [INFO] Sending reply to client 'OK'
ptd-server 2022-02-23 02:27:16,603 [INFO] Got command from the client 'session,2022-02-23_02-05-15,done'
ptd-server 2022-02-23 02:27:16,603 [INFO] Sending to ptd: 'Stop'
ptd-server 2022-02-23 02:27:16,603 [INFO] Reply from ptd: 'Error: no measurement to stop'
ptd-server 2022-02-23 02:27:16,603 [INFO] Sending to ptd: 'SR,V,300.000000'
ptd-server 2022-02-23 02:27:18,104 [INFO] Reply from ptd: 'Range V changed'
ptd-server 2022-02-23 02:27:18,105 [INFO] Sending to ptd: 'SR,A,0.500000'
ptd-server 2022-02-23 02:27:19,606 [INFO] Reply from ptd: 'Range A changed'
ptd-server 2022-02-23 02:27:19,606 [INFO] Set initial values for Amps 0.500000 and Volts 300.000000
ptd-server 2022-02-23 02:27:19,606 [INFO] Stopping ptd...
