ptd-server 2022-02-14 05:22:53,189 [INFO] Got command from the client 'time'
ptd-server 2022-02-14 05:22:53,189 [INFO] Sending reply to client '1644816173.189239'
ptd-server 2022-02-14 05:22:53,191 [INFO] Got command from the client 'new,,f5d1b9c3-e99b-4e63-9dcb-11379659d916'
ptd-server 2022-02-14 05:22:53,192 [INFO] Sending reply to client 'OK 2022-02-14_05-22-53,290e08e9-0bba-429b-87ae-23f7922cd5de'
ptd-server 2022-02-14 05:22:53,228 [INFO] Got command from the client 'time'
ptd-server 2022-02-14 05:22:53,229 [INFO] Sending reply to client '1644816173.2291305'
ptd-server 2022-02-14 05:22:53,230 [INFO] Got command from the client 'session,2022-02-14_05-22-53,start,ranging'
ptd-server 2022-02-14 05:22:53,231 [INFO] Running PTDaemon: ['/home/anton/projects/mlperf/power/inference_v1.0/ptd-linux-x86', '-l', '/tmp/tmpxvec0g6h/ptd_logfile.txt', '-p', '8888', '49', '/dev/usbtmc0']
ptd-server 2022-02-14 05:23:10,404 [INFO] Sending to ptd: 'Hello'
ptd-server 2022-02-14 05:23:10,404 [INFO] Reply from ptd: 'Hello, PTDaemon here!'
ptd-server 2022-02-14 05:23:10,405 [INFO] Sending to ptd: 'Identify'
ptd-server 2022-02-14 05:23:10,405 [INFO] Reply from ptd: 'YokogawaWT310E,1000,1,1,1,1,0,1,1,version=1.9.2-e8c7a49a-20201208,OS=Linux 5.13.0-27-generic #29~20.04.1-Ubuntu SMP Fri Jan 14 00:32:30 UTC 2022 x86_64,mode=power,1,1,1,0,0,no_cal_date,YOKOGAWA;WT310E;C3XA04010E;F1.04'
ptd-server 2022-02-14 05:23:10,405 [INFO] Connected to PTDaemon
ptd-server 2022-02-14 05:23:10,405 [INFO] Sending to ptd: 'RR'
ptd-server 2022-02-14 05:23:10,406 [INFO] Reply from ptd: 'Ranges,0,0.500000,0,300.000000'
ptd-server 2022-02-14 05:23:10,406 [INFO] Initial range for Amps is 0.500000 for Volts is 300.000000
ptd-server 2022-02-14 05:23:10,406 [INFO] Sending to ptd: 'SR,V,Auto'
ptd-server 2022-02-14 05:23:10,908 [INFO] Reply from ptd: 'Range V changed'
ptd-server 2022-02-14 05:23:10,909 [INFO] Sending to ptd: 'SR,A,Auto'
ptd-server 2022-02-14 05:23:11,411 [INFO] Reply from ptd: 'Range A changed'
ptd-server 2022-02-14 05:23:21,421 [INFO] Starting ranging mode
ptd-server 2022-02-14 05:23:21,421 [INFO] Sending to ptd: 'Go,1000,0,2022-02-14_05-22-53_ranging'
ptd-server 2022-02-14 05:23:21,422 [INFO] Reply from ptd: 'Starting untimed measurement, maximum 500000 samples at 1000ms with 0 rampup samples'
ptd-server 2022-02-14 05:23:21,422 [INFO] Sending reply to client 'OK'
ptd-server 2022-02-14 05:33:37,357 [INFO] Got command from the client 'session,2022-02-14_05-22-53,stop,ranging'
ptd-server 2022-02-14 05:33:47,368 [INFO] Sending to ptd: 'Stop'
ptd-server 2022-02-14 05:33:47,368 [INFO] Reply from ptd: 'Stopping untimed measurement'
ptd-server 2022-02-14 05:33:48,064 [INFO] Sending reply to client 'OK'
ptd-server 2022-02-14 05:33:48,128 [INFO] Got command from the client 'time'
ptd-server 2022-02-14 05:33:48,128 [INFO] Sending reply to client '1644816828.1287594'
ptd-server 2022-02-14 05:33:48,131 [INFO] Got command from the client 'session,2022-02-14_05-22-53,start,testing'
ptd-server 2022-02-14 05:33:48,132 [INFO] Sending to ptd: 'SR,V,249.540000'
ptd-server 2022-02-14 05:33:49,633 [INFO] Reply from ptd: 'Range V changed'
ptd-server 2022-02-14 05:33:49,633 [INFO] Sending to ptd: 'SR,A,0.146010'
ptd-server 2022-02-14 05:33:51,135 [INFO] Reply from ptd: 'Range A changed'
ptd-server 2022-02-14 05:34:01,145 [INFO] Starting testing mode
ptd-server 2022-02-14 05:34:01,145 [INFO] Sending to ptd: 'Go,1000,0,2022-02-14_05-22-53_testing'
ptd-server 2022-02-14 05:34:01,145 [INFO] Reply from ptd: 'Starting untimed measurement, maximum 500000 samples at 1000ms with 0 rampup samples'
ptd-server 2022-02-14 05:34:01,146 [INFO] Sending reply to client 'OK'
ptd-server 2022-02-14 05:44:16,709 [INFO] Got command from the client 'session,2022-02-14_05-22-53,stop,testing'
ptd-server 2022-02-14 05:44:26,712 [INFO] Sending to ptd: 'Stop'
ptd-server 2022-02-14 05:44:26,712 [INFO] Reply from ptd: 'Stopping untimed measurement'
ptd-server 2022-02-14 05:44:27,068 [INFO] Sending reply to client 'OK'
ptd-server 2022-02-14 05:44:27,087 [INFO] Got command from the client 'session,2022-02-14_05-22-53,done'
ptd-server 2022-02-14 05:44:27,087 [INFO] Sending to ptd: 'Stop'
ptd-server 2022-02-14 05:44:27,146 [INFO] Reply from ptd: 'Error: no measurement to stop'
ptd-server 2022-02-14 05:44:27,146 [INFO] Sending to ptd: 'SR,V,300.000000'
ptd-server 2022-02-14 05:44:28,647 [INFO] Reply from ptd: 'Range V changed'
ptd-server 2022-02-14 05:44:28,647 [INFO] Sending to ptd: 'SR,A,0.500000'
ptd-server 2022-02-14 05:44:30,149 [INFO] Reply from ptd: 'Range A changed'
ptd-server 2022-02-14 05:44:30,149 [INFO] Set initial values for Amps 0.500000 and Volts 300.000000
ptd-server 2022-02-14 05:44:30,149 [INFO] Stopping ptd...
