ptd-server 2022-02-20 09:01:41,007 [INFO] Got command from the client 'time'
ptd-server 2022-02-20 09:01:41,007 [INFO] Sending reply to client '1645347701.0078945'
ptd-server 2022-02-20 09:01:41,009 [INFO] Got command from the client 'new,,8f3e6f26-a0d5-4067-8d14-6172bcf30319'
ptd-server 2022-02-20 09:01:41,010 [INFO] Sending reply to client 'OK 2022-02-20_09-01-41,0a741e3c-4329-4345-a957-b75e3bc1d653'
ptd-server 2022-02-20 09:01:41,035 [INFO] Got command from the client 'time'
ptd-server 2022-02-20 09:01:41,035 [INFO] Sending reply to client '1645347701.035564'
ptd-server 2022-02-20 09:01:41,037 [INFO] Got command from the client 'session,2022-02-20_09-01-41,start,ranging'
ptd-server 2022-02-20 09:01:41,037 [INFO] Running PTDaemon: ['/home/anton/projects/mlperf/power/inference_v1.0/ptd-linux-x86', '-l', '/tmp/tmpgldyt7rr/ptd_logfile.txt', '-p', '8888', '49', '/dev/usbtmc0']
ptd-server 2022-02-20 09:01:58,211 [INFO] Sending to ptd: 'Hello'
ptd-server 2022-02-20 09:01:58,211 [INFO] Reply from ptd: 'Hello, PTDaemon here!'
ptd-server 2022-02-20 09:01:58,211 [INFO] Sending to ptd: 'Identify'
ptd-server 2022-02-20 09:01:58,212 [INFO] Reply from ptd: 'YokogawaWT310E,1000,1,1,1,1,0,1,1,version=1.9.2-e8c7a49a-20201208,OS=Linux 5.13.0-28-generic #31~20.04.1-Ubuntu SMP Wed Jan 19 14:08:10 UTC 2022 x86_64,mode=power,1,1,1,0,0,no_cal_date,YOKOGAWA;WT310E;C3XA04010E;F1.04'
ptd-server 2022-02-20 09:01:58,212 [INFO] Connected to PTDaemon
ptd-server 2022-02-20 09:01:58,212 [INFO] Sending to ptd: 'RR'
ptd-server 2022-02-20 09:01:58,212 [INFO] Reply from ptd: 'Ranges,0,0.500000,0,300.000000'
ptd-server 2022-02-20 09:01:58,212 [INFO] Initial range for Amps is 0.500000 for Volts is 300.000000
ptd-server 2022-02-20 09:01:58,213 [INFO] Sending to ptd: 'SR,V,Auto'
ptd-server 2022-02-20 09:01:58,715 [INFO] Reply from ptd: 'Range V changed'
ptd-server 2022-02-20 09:01:58,715 [INFO] Sending to ptd: 'SR,A,Auto'
ptd-server 2022-02-20 09:01:59,218 [INFO] Reply from ptd: 'Range A changed'
ptd-server 2022-02-20 09:02:09,228 [INFO] Starting ranging mode
ptd-server 2022-02-20 09:02:09,228 [INFO] Sending to ptd: 'Go,1000,0,2022-02-20_09-01-41_ranging'
ptd-server 2022-02-20 09:02:09,228 [INFO] Reply from ptd: 'Starting untimed measurement, maximum 500000 samples at 1000ms with 0 rampup samples'
ptd-server 2022-02-20 09:02:09,229 [INFO] Sending reply to client 'OK'
ptd-server 2022-02-20 09:12:26,299 [INFO] Got command from the client 'session,2022-02-20_09-01-41,stop,ranging'
ptd-server 2022-02-20 09:12:36,300 [INFO] Sending to ptd: 'Stop'
ptd-server 2022-02-20 09:12:36,300 [INFO] Reply from ptd: 'Stopping untimed measurement'
ptd-server 2022-02-20 09:12:36,759 [INFO] Sending reply to client 'OK'
ptd-server 2022-02-20 09:12:36,831 [INFO] Got command from the client 'time'
ptd-server 2022-02-20 09:12:36,831 [INFO] Sending reply to client '1645348356.8316424'
ptd-server 2022-02-20 09:12:36,835 [INFO] Got command from the client 'session,2022-02-20_09-01-41,start,testing'
ptd-server 2022-02-20 09:12:36,835 [INFO] Sending to ptd: 'SR,V,250.670000'
ptd-server 2022-02-20 09:12:38,730 [INFO] Reply from ptd: 'Range V changed'
ptd-server 2022-02-20 09:12:38,730 [INFO] Sending to ptd: 'SR,A,0.047420'
ptd-server 2022-02-20 09:12:40,231 [INFO] Reply from ptd: 'Range A changed'
ptd-server 2022-02-20 09:12:50,242 [INFO] Starting testing mode
ptd-server 2022-02-20 09:12:50,242 [INFO] Sending to ptd: 'Go,1000,0,2022-02-20_09-01-41_testing'
ptd-server 2022-02-20 09:12:50,242 [INFO] Reply from ptd: 'Starting untimed measurement, maximum 500000 samples at 1000ms with 0 rampup samples'
ptd-server 2022-02-20 09:12:50,242 [INFO] Sending reply to client 'OK'
ptd-server 2022-02-20 09:23:08,323 [INFO] Got command from the client 'session,2022-02-20_09-01-41,stop,testing'
ptd-server 2022-02-20 09:23:18,334 [INFO] Sending to ptd: 'Stop'
ptd-server 2022-02-20 09:23:18,334 [INFO] Reply from ptd: 'Stopping untimed measurement'
ptd-server 2022-02-20 09:23:18,576 [INFO] Sending reply to client 'OK'
ptd-server 2022-02-20 09:23:18,621 [INFO] Got command from the client 'session,2022-02-20_09-01-41,done'
ptd-server 2022-02-20 09:23:18,621 [INFO] Sending to ptd: 'Stop'
ptd-server 2022-02-20 09:23:19,242 [INFO] Reply from ptd: 'Error: no measurement to stop'
ptd-server 2022-02-20 09:23:19,243 [INFO] Sending to ptd: 'SR,V,300.000000'
ptd-server 2022-02-20 09:23:20,744 [INFO] Reply from ptd: 'Range V changed'
ptd-server 2022-02-20 09:23:20,744 [INFO] Sending to ptd: 'SR,A,0.500000'
ptd-server 2022-02-20 09:23:22,245 [INFO] Reply from ptd: 'Range A changed'
ptd-server 2022-02-20 09:23:22,246 [INFO] Set initial values for Amps 0.500000 and Volts 300.000000
ptd-server 2022-02-20 09:23:22,246 [INFO] Stopping ptd...
