ptd-server 2022-02-22 23:29:37,031 [INFO] Got command from the client 'time'
ptd-server 2022-02-22 23:29:37,031 [INFO] Sending reply to client '1645572577.0318427'
ptd-server 2022-02-22 23:29:37,033 [INFO] Got command from the client 'new,,98fe214d-1c7c-4a70-b153-d92be3c7295c'
ptd-server 2022-02-22 23:29:37,034 [INFO] Sending reply to client 'OK 2022-02-22_23-29-37,04f23577-61f1-43cd-b255-ae6b391b2761'
ptd-server 2022-02-22 23:29:37,071 [INFO] Got command from the client 'time'
ptd-server 2022-02-22 23:29:37,071 [INFO] Sending reply to client '1645572577.0713794'
ptd-server 2022-02-22 23:29:37,073 [INFO] Got command from the client 'session,2022-02-22_23-29-37,start,ranging'
ptd-server 2022-02-22 23:29:37,073 [INFO] Running PTDaemon: ['/home/anton/projects/mlperf/power/inference_v1.0/ptd-linux-x86', '-l', '/tmp/tmpgldyt7rr/ptd_logfile.txt', '-p', '8888', '49', '/dev/usbtmc0']
ptd-server 2022-02-22 23:29:54,246 [INFO] Sending to ptd: 'Hello'
ptd-server 2022-02-22 23:29:54,247 [INFO] Reply from ptd: 'Hello, PTDaemon here!'
ptd-server 2022-02-22 23:29:54,247 [INFO] Sending to ptd: 'Identify'
ptd-server 2022-02-22 23:29:54,247 [INFO] Reply from ptd: 'YokogawaWT310E,1000,1,1,1,1,0,1,1,version=1.9.2-e8c7a49a-20201208,OS=Linux 5.13.0-28-generic #31~20.04.1-Ubuntu SMP Wed Jan 19 14:08:10 UTC 2022 x86_64,mode=power,1,1,1,0,0,no_cal_date,YOKOGAWA;WT310E;C3XA04010E;F1.04'
ptd-server 2022-02-22 23:29:54,247 [INFO] Connected to PTDaemon
ptd-server 2022-02-22 23:29:54,248 [INFO] Sending to ptd: 'RR'
ptd-server 2022-02-22 23:29:54,248 [INFO] Reply from ptd: 'Ranges,0,0.500000,0,300.000000'
ptd-server 2022-02-22 23:29:54,248 [INFO] Initial range for Amps is 0.500000 for Volts is 300.000000
ptd-server 2022-02-22 23:29:54,248 [INFO] Sending to ptd: 'SR,V,Auto'
ptd-server 2022-02-22 23:29:54,751 [INFO] Reply from ptd: 'Range V changed'
ptd-server 2022-02-22 23:29:54,751 [INFO] Sending to ptd: 'SR,A,Auto'
ptd-server 2022-02-22 23:29:55,253 [INFO] Reply from ptd: 'Range A changed'
ptd-server 2022-02-22 23:30:05,263 [INFO] Starting ranging mode
ptd-server 2022-02-22 23:30:05,264 [INFO] Sending to ptd: 'Go,1000,0,2022-02-22_23-29-37_ranging'
ptd-server 2022-02-22 23:30:05,264 [INFO] Reply from ptd: 'Starting untimed measurement, maximum 500000 samples at 1000ms with 0 rampup samples'
ptd-server 2022-02-22 23:30:05,264 [INFO] Sending reply to client 'OK'
ptd-server 2022-02-22 23:40:35,054 [INFO] Got command from the client 'session,2022-02-22_23-29-37,stop,ranging'
ptd-server 2022-02-22 23:40:45,064 [INFO] Sending to ptd: 'Stop'
ptd-server 2022-02-22 23:40:45,065 [INFO] Reply from ptd: 'Stopping untimed measurement'
ptd-server 2022-02-22 23:40:45,858 [INFO] Sending reply to client 'OK'
ptd-server 2022-02-22 23:40:45,919 [INFO] Got command from the client 'time'
ptd-server 2022-02-22 23:40:45,920 [INFO] Sending reply to client '1645573245.920139'
ptd-server 2022-02-22 23:40:45,922 [INFO] Got command from the client 'session,2022-02-22_23-29-37,start,testing'
ptd-server 2022-02-22 23:40:45,922 [INFO] Sending to ptd: 'SR,V,250.560000'
ptd-server 2022-02-22 23:40:47,423 [INFO] Reply from ptd: 'Range V changed'
ptd-server 2022-02-22 23:40:47,423 [INFO] Sending to ptd: 'SR,A,0.050530'
ptd-server 2022-02-22 23:40:48,924 [INFO] Reply from ptd: 'Range A changed'
ptd-server 2022-02-22 23:40:58,935 [INFO] Starting testing mode
ptd-server 2022-02-22 23:40:58,935 [INFO] Sending to ptd: 'Go,1000,0,2022-02-22_23-29-37_testing'
ptd-server 2022-02-22 23:40:58,935 [INFO] Reply from ptd: 'Starting untimed measurement, maximum 500000 samples at 1000ms with 0 rampup samples'
ptd-server 2022-02-22 23:40:58,935 [INFO] Sending reply to client 'OK'
ptd-server 2022-02-22 23:51:28,584 [INFO] Got command from the client 'session,2022-02-22_23-29-37,stop,testing'
ptd-server 2022-02-22 23:51:38,594 [INFO] Sending to ptd: 'Stop'
ptd-server 2022-02-22 23:51:38,595 [INFO] Reply from ptd: 'Stopping untimed measurement'
ptd-server 2022-02-22 23:51:39,000 [INFO] Sending reply to client 'OK'
ptd-server 2022-02-22 23:51:39,019 [INFO] Got command from the client 'session,2022-02-22_23-29-37,done'
ptd-server 2022-02-22 23:51:39,019 [INFO] Sending to ptd: 'Stop'
ptd-server 2022-02-22 23:51:39,019 [INFO] Reply from ptd: 'Error: no measurement to stop'
ptd-server 2022-02-22 23:51:39,019 [INFO] Sending to ptd: 'SR,V,300.000000'
ptd-server 2022-02-22 23:51:40,521 [INFO] Reply from ptd: 'Range V changed'
ptd-server 2022-02-22 23:51:40,521 [INFO] Sending to ptd: 'SR,A,0.500000'
ptd-server 2022-02-22 23:51:42,022 [INFO] Reply from ptd: 'Range A changed'
ptd-server 2022-02-22 23:51:42,022 [INFO] Set initial values for Amps 0.500000 and Volts 300.000000
ptd-server 2022-02-22 23:51:42,022 [INFO] Stopping ptd...
