ptd-server 2022-02-23 14:03:36,253 [INFO] Got command from the client 'time'
ptd-server 2022-02-23 14:03:36,253 [INFO] Sending reply to client '1645625016.2532067'
ptd-server 2022-02-23 14:03:36,255 [INFO] Got command from the client 'new,,858bab83-63a8-4936-9928-05ee65567255'
ptd-server 2022-02-23 14:03:36,255 [INFO] Sending reply to client 'OK 2022-02-23_14-03-36,9b46f06c-d27b-4995-bca1-4a6d6d545cfa'
ptd-server 2022-02-23 14:03:36,292 [INFO] Got command from the client 'time'
ptd-server 2022-02-23 14:03:36,292 [INFO] Sending reply to client '1645625016.2926738'
ptd-server 2022-02-23 14:03:36,294 [INFO] Got command from the client 'session,2022-02-23_14-03-36,start,ranging'
ptd-server 2022-02-23 14:03:36,294 [INFO] Running PTDaemon: ['/home/anton/projects/mlperf/power/inference_v1.0/ptd-linux-x86', '-l', '/tmp/tmpgldyt7rr/ptd_logfile.txt', '-p', '8888', '49', '/dev/usbtmc0']
ptd-server 2022-02-23 14:03:53,467 [INFO] Sending to ptd: 'Hello'
ptd-server 2022-02-23 14:03:53,468 [INFO] Reply from ptd: 'Hello, PTDaemon here!'
ptd-server 2022-02-23 14:03:53,468 [INFO] Sending to ptd: 'Identify'
ptd-server 2022-02-23 14:03:53,468 [INFO] Reply from ptd: 'YokogawaWT310E,1000,1,1,1,1,0,1,1,version=1.9.2-e8c7a49a-20201208,OS=Linux 5.13.0-28-generic #31~20.04.1-Ubuntu SMP Wed Jan 19 14:08:10 UTC 2022 x86_64,mode=power,1,1,1,0,0,no_cal_date,YOKOGAWA;WT310E;C3XA04010E;F1.04'
ptd-server 2022-02-23 14:03:53,468 [INFO] Connected to PTDaemon
ptd-server 2022-02-23 14:03:53,468 [INFO] Sending to ptd: 'RR'
ptd-server 2022-02-23 14:03:53,469 [INFO] Reply from ptd: 'Ranges,0,0.500000,0,300.000000'
ptd-server 2022-02-23 14:03:53,469 [INFO] Initial range for Amps is 0.500000 for Volts is 300.000000
ptd-server 2022-02-23 14:03:53,469 [INFO] Sending to ptd: 'SR,V,Auto'
ptd-server 2022-02-23 14:03:53,971 [INFO] Reply from ptd: 'Range V changed'
ptd-server 2022-02-23 14:03:53,972 [INFO] Sending to ptd: 'SR,A,Auto'
ptd-server 2022-02-23 14:03:54,474 [INFO] Reply from ptd: 'Range A changed'
ptd-server 2022-02-23 14:04:04,484 [INFO] Starting ranging mode
ptd-server 2022-02-23 14:04:04,485 [INFO] Sending to ptd: 'Go,1000,0,2022-02-23_14-03-36_ranging'
ptd-server 2022-02-23 14:04:04,485 [INFO] Reply from ptd: 'Starting untimed measurement, maximum 500000 samples at 1000ms with 0 rampup samples'
ptd-server 2022-02-23 14:04:04,485 [INFO] Sending reply to client 'OK'
ptd-server 2022-02-23 14:14:26,865 [INFO] Got command from the client 'session,2022-02-23_14-03-36,stop,ranging'
ptd-server 2022-02-23 14:14:36,875 [INFO] Sending to ptd: 'Stop'
ptd-server 2022-02-23 14:14:36,876 [INFO] Reply from ptd: 'Stopping untimed measurement'
ptd-server 2022-02-23 14:14:37,737 [INFO] Sending reply to client 'OK'
ptd-server 2022-02-23 14:14:37,800 [INFO] Got command from the client 'time'
ptd-server 2022-02-23 14:14:37,800 [INFO] Sending reply to client '1645625677.8006103'
ptd-server 2022-02-23 14:14:37,802 [INFO] Got command from the client 'session,2022-02-23_14-03-36,start,testing'
ptd-server 2022-02-23 14:14:37,802 [INFO] Sending to ptd: 'SR,V,249.820000'
ptd-server 2022-02-23 14:14:39,304 [INFO] Reply from ptd: 'Range V changed'
ptd-server 2022-02-23 14:14:39,304 [INFO] Sending to ptd: 'SR,A,0.048550'
ptd-server 2022-02-23 14:14:40,805 [INFO] Reply from ptd: 'Range A changed'
ptd-server 2022-02-23 14:14:50,815 [INFO] Starting testing mode
ptd-server 2022-02-23 14:14:50,816 [INFO] Sending to ptd: 'Go,1000,0,2022-02-23_14-03-36_testing'
ptd-server 2022-02-23 14:14:50,816 [INFO] Reply from ptd: 'Starting untimed measurement, maximum 500000 samples at 1000ms with 0 rampup samples'
ptd-server 2022-02-23 14:14:50,816 [INFO] Sending reply to client 'OK'
ptd-server 2022-02-23 14:25:13,209 [INFO] Got command from the client 'session,2022-02-23_14-03-36,stop,testing'
ptd-server 2022-02-23 14:25:23,220 [INFO] Sending to ptd: 'Stop'
ptd-server 2022-02-23 14:25:23,220 [INFO] Reply from ptd: 'Stopping untimed measurement'
ptd-server 2022-02-23 14:25:23,660 [INFO] Sending reply to client 'OK'
ptd-server 2022-02-23 14:25:23,678 [INFO] Got command from the client 'session,2022-02-23_14-03-36,done'
ptd-server 2022-02-23 14:25:23,678 [INFO] Sending to ptd: 'Stop'
ptd-server 2022-02-23 14:25:23,816 [INFO] Reply from ptd: 'Error: no measurement to stop'
ptd-server 2022-02-23 14:25:23,817 [INFO] Sending to ptd: 'SR,V,300.000000'
ptd-server 2022-02-23 14:25:25,318 [INFO] Reply from ptd: 'Range V changed'
ptd-server 2022-02-23 14:25:25,318 [INFO] Sending to ptd: 'SR,A,0.500000'
ptd-server 2022-02-23 14:25:26,819 [INFO] Reply from ptd: 'Range A changed'
ptd-server 2022-02-23 14:25:26,820 [INFO] Set initial values for Amps 0.500000 and Volts 300.000000
ptd-server 2022-02-23 14:25:26,820 [INFO] Stopping ptd...
