ptd-server 2022-02-20 15:13:01,272 [INFO] Got command from the client 'time'
ptd-server 2022-02-20 15:13:01,272 [INFO] Sending reply to client '1645369981.272377'
ptd-server 2022-02-20 15:13:01,273 [INFO] Got command from the client 'new,,d89470c5-43af-4255-8f30-4d6d1df88de3'
ptd-server 2022-02-20 15:13:01,274 [INFO] Sending reply to client 'OK 2022-02-20_15-13-01,1df0ced9-d4d4-4182-83e8-c63513abf53b'
ptd-server 2022-02-20 15:13:01,312 [INFO] Got command from the client 'time'
ptd-server 2022-02-20 15:13:01,312 [INFO] Sending reply to client '1645369981.312678'
ptd-server 2022-02-20 15:13:01,314 [INFO] Got command from the client 'session,2022-02-20_15-13-01,start,ranging'
ptd-server 2022-02-20 15:13:01,314 [INFO] Running PTDaemon: ['/home/anton/projects/mlperf/power/inference_v1.0/ptd-linux-x86', '-l', '/tmp/tmpgldyt7rr/ptd_logfile.txt', '-p', '8888', '49', '/dev/usbtmc0']
ptd-server 2022-02-20 15:13:18,485 [INFO] Sending to ptd: 'Hello'
ptd-server 2022-02-20 15:13:18,486 [INFO] Reply from ptd: 'Hello, PTDaemon here!'
ptd-server 2022-02-20 15:13:18,486 [INFO] Sending to ptd: 'Identify'
ptd-server 2022-02-20 15:13:18,486 [INFO] Reply from ptd: 'YokogawaWT310E,1000,1,1,1,1,0,1,1,version=1.9.2-e8c7a49a-20201208,OS=Linux 5.13.0-28-generic #31~20.04.1-Ubuntu SMP Wed Jan 19 14:08:10 UTC 2022 x86_64,mode=power,1,1,1,0,0,no_cal_date,YOKOGAWA;WT310E;C3XA04010E;F1.04'
ptd-server 2022-02-20 15:13:18,486 [INFO] Connected to PTDaemon
ptd-server 2022-02-20 15:13:18,487 [INFO] Sending to ptd: 'RR'
ptd-server 2022-02-20 15:13:18,487 [INFO] Reply from ptd: 'Ranges,0,0.500000,0,300.000000'
ptd-server 2022-02-20 15:13:18,487 [INFO] Initial range for Amps is 0.500000 for Volts is 300.000000
ptd-server 2022-02-20 15:13:18,487 [INFO] Sending to ptd: 'SR,V,Auto'
ptd-server 2022-02-20 15:13:18,990 [INFO] Reply from ptd: 'Range V changed'
ptd-server 2022-02-20 15:13:18,990 [INFO] Sending to ptd: 'SR,A,Auto'
ptd-server 2022-02-20 15:13:19,492 [INFO] Reply from ptd: 'Range A changed'
ptd-server 2022-02-20 15:13:29,500 [INFO] Starting ranging mode
ptd-server 2022-02-20 15:13:29,500 [INFO] Sending to ptd: 'Go,1000,0,2022-02-20_15-13-01_ranging'
ptd-server 2022-02-20 15:13:29,500 [INFO] Reply from ptd: 'Starting untimed measurement, maximum 500000 samples at 1000ms with 0 rampup samples'
ptd-server 2022-02-20 15:13:29,500 [INFO] Sending reply to client 'OK'
ptd-server 2022-02-20 15:23:46,670 [INFO] Got command from the client 'session,2022-02-20_15-13-01,stop,ranging'
ptd-server 2022-02-20 15:23:56,680 [INFO] Sending to ptd: 'Stop'
ptd-server 2022-02-20 15:23:56,681 [INFO] Reply from ptd: 'Stopping untimed measurement'
ptd-server 2022-02-20 15:23:57,204 [INFO] Sending reply to client 'OK'
ptd-server 2022-02-20 15:23:57,290 [INFO] Got command from the client 'time'
ptd-server 2022-02-20 15:23:57,291 [INFO] Sending reply to client '1645370637.2911108'
ptd-server 2022-02-20 15:23:57,293 [INFO] Got command from the client 'session,2022-02-20_15-13-01,start,testing'
ptd-server 2022-02-20 15:23:57,294 [INFO] Sending to ptd: 'SR,V,248.770000'
ptd-server 2022-02-20 15:23:59,001 [INFO] Reply from ptd: 'Range V changed'
ptd-server 2022-02-20 15:23:59,001 [INFO] Sending to ptd: 'SR,A,0.043380'
ptd-server 2022-02-20 15:24:00,503 [INFO] Reply from ptd: 'Range A changed'
ptd-server 2022-02-20 15:24:10,513 [INFO] Starting testing mode
ptd-server 2022-02-20 15:24:10,513 [INFO] Sending to ptd: 'Go,1000,0,2022-02-20_15-13-01_testing'
ptd-server 2022-02-20 15:24:10,513 [INFO] Reply from ptd: 'Starting untimed measurement, maximum 500000 samples at 1000ms with 0 rampup samples'
ptd-server 2022-02-20 15:24:10,514 [INFO] Sending reply to client 'OK'
ptd-server 2022-02-20 15:34:28,410 [INFO] Got command from the client 'session,2022-02-20_15-13-01,stop,testing'
ptd-server 2022-02-20 15:34:38,420 [INFO] Sending to ptd: 'Stop'
ptd-server 2022-02-20 15:34:38,421 [INFO] Reply from ptd: 'Stopping untimed measurement'
ptd-server 2022-02-20 15:34:38,682 [INFO] Sending reply to client 'OK'
ptd-server 2022-02-20 15:34:38,717 [INFO] Got command from the client 'session,2022-02-20_15-13-01,done'
ptd-server 2022-02-20 15:34:38,717 [INFO] Sending to ptd: 'Stop'
ptd-server 2022-02-20 15:34:38,718 [INFO] Reply from ptd: 'Error: no measurement to stop'
ptd-server 2022-02-20 15:34:38,718 [INFO] Sending to ptd: 'SR,V,300.000000'
ptd-server 2022-02-20 15:34:40,219 [INFO] Reply from ptd: 'Range V changed'
ptd-server 2022-02-20 15:34:40,219 [INFO] Sending to ptd: 'SR,A,0.500000'
ptd-server 2022-02-20 15:34:41,721 [INFO] Reply from ptd: 'Range A changed'
ptd-server 2022-02-20 15:34:41,721 [INFO] Set initial values for Amps 0.500000 and Volts 300.000000
ptd-server 2022-02-20 15:34:41,721 [INFO] Stopping ptd...
