client 2022-02-24 11:32:32,884 [INFO] Sending command to the server: 'mlcommons/power client v3'
client 2022-02-24 11:32:32,886 [INFO] Got response: 'mlcommons/power server v3'
client 2022-02-24 11:32:32,886 [INFO] Sending command to the server: 'stop'
client 2022-02-24 11:32:32,889 [INFO] Got response: 'OK'
client 2022-02-24 11:32:32,889 [INFO] Synchronizing with the server and with 100.64.0.18...
client 2022-02-24 11:32:32,896 [INFO] NTP:offset = -0.001 s, delay = 0.001 s 
client 2022-02-24 11:32:32,896 [INFO] Sending command to the server: 'time'
client 2022-02-24 11:32:32,898 [INFO] Got response: '1645702352.8952844'
client 2022-02-24 11:32:32,898 [INFO] The time difference between the client and the server is within range 1.609 ms..3.294 ms
client 2022-02-24 11:32:32,898 [INFO] Sending command to the server: 'new,,930ac468-cfb4-4742-809b-17dc302fa476'
client 2022-02-24 11:32:32,900 [INFO] Got response: 'OK 2022-02-24_11-32-32,b3a18789-01b9-4b68-b5b7-d995d98c93c0'
client 2022-02-24 11:32:32,900 [INFO] Session id is '2022-02-24_11-32-32'
client 2022-02-24 11:32:32,900 [INFO] Sources: {"sources": {"__init__.py": "da39a3ee5e6b4b0d3255bfef95601890afd80709", "client.py": "33ca4f26368777ac06e01f9567b714a4b8063886", "lib/__init__.py": "da39a3ee5e6b4b0d3255bfef95601890afd80709", "lib/client.py": "4c2b78fb4849a7e5b584ef792d82aaed20b17f57", "lib/common.py": "624d0c0acc7c39aaff3674f0b99d6a09da53d1dc", "lib/external/__init__.py": "da39a3ee5e6b4b0d3255bfef95601890afd80709", "lib/external/ntplib.py": "4da8f970656505a40483206ef2b5d3dd5e81711d", "lib/server.py": "59c9fb92908260d3e9f81a895c7aa009742275e4", "lib/source_hashes.py": "60a2e02193209e8d392803326208d5466342da18", "lib/summary.py": "aa92f0a3f975eecd44d3c0cd0236342ccc9f941d", "lib/time_sync.py": "3210db56eb0ff0df57bf4293dc4d4b03fffd46f1", "server.py": "c3f90f2f7eeb4db30727556d0c815ebc89b3d28b", "tests/unit/__init__.py": "da39a3ee5e6b4b0d3255bfef95601890afd80709", "tests/unit/test_server.py": "99ae15aef722f2000ee6ed1ae1523637bf1ae42b", "tests/unit/test_source_hashes.py": "00468a2907583c593e6574a1f6b404e4651c221a"}, "modules": {"ptd_client_server.lib.client": "lib/client.py", "ptd_client_server.lib.common": "lib/common.py", "ptd_client_server.lib.external.ntplib": "lib/external/ntplib.py", "ptd_client_server.lib.source_hashes": "lib/source_hashes.py", "ptd_client_server.lib.summary": "lib/summary.py", "ptd_client_server.lib.time_sync": "lib/time_sync.py"}}
client 2022-02-24 11:32:32,901 [INFO] Running workload in ranging mode
client 2022-02-24 11:32:32,901 [INFO] Synchronizing with the server and with 100.64.0.18...
client 2022-02-24 11:32:32,903 [INFO] NTP:offset = -0.001 s, delay = 0.001 s 
client 2022-02-24 11:32:32,903 [INFO] Sending command to the server: 'time'
client 2022-02-24 11:32:32,905 [INFO] Got response: '1645702352.9026868'
client 2022-02-24 11:32:32,905 [INFO] The time difference between the client and the server is within range 0.803 ms..2.798 ms
client 2022-02-24 11:32:32,905 [INFO] Sending command to the server: 'session,2022-02-24_11-32-32,start,ranging'
client 2022-02-24 11:32:56,840 [INFO] Got response: 'OK'
client 2022-02-24 11:32:56,840 [INFO] Running the workload 'LOG_DIR=/work/build/power_logs_temp python3 code/main.py --benchmarks=ssd-mobilenet \t--scenarios=offline \t--config_ver=default_maxq \t--test_mode=PerformanceOnly  --action="run_harness" \\\n\t\t2>&1 | tee -a /work/build/power_logs/2022.02.24-11.32.22/stdout.txt \\\n\t\t&& if [ ! -d /work/build/power_logs/2022.02.24-11.32.22/ranging_tmp ]; \\\n\t\t\tthen mkdir /work/build/power_logs/2022.02.24-11.32.22/ranging_tmp \\\n\t\t\t\t&& mv /work/build/power_logs_temp/* /work/build/power_logs/2022.02.24-11.32.22/ranging_tmp/ \\\n\t\t\t\t&& cp -v /work/build/power_logs/2022.02.24-11.32.22/ranging_tmp/*/*/*/mlperf_log_detail.txt /work/build/power_logs_temp/ \\\n\t\t\t\t&& cp -v /work/build/power_logs/2022.02.24-11.32.22/ranging_tmp/*/*/*/mlperf_log_summary.txt /work/build/power_logs_temp/; \\\n\t\t\telse mkdir /work/build/power_logs/2022.02.24-11.32.22/testing_tmp \\\n\t\t\t\t&& mv /work/build/power_logs_temp/* /work/build/power_logs/2022.02.24-11.32.22/testing_tmp/ \\\n\t\t\t\t&& cp -v /work/build/power_logs/2022.02.24-11.32.22/testing_tmp/*/*/*/mlperf_log_detail.txt /work/build/power_logs_temp/ \\\n\t\t\t\t&& cp -v /work/build/power_logs/2022.02.24-11.32.22/testing_tmp/*/*/*/mlperf_log_summary.txt /work/build/power_logs_temp/; fi'
client 2022-02-24 11:44:24,343 [INFO] Sending command to the server: 'session,2022-02-24_11-32-32,stop,ranging'
client 2022-02-24 11:44:34,381 [INFO] Got response: 'OK'
client 2022-02-24 11:44:34,392 [INFO] Copying loadgen logs from '/work/build/power_logs_temp' to '/work/build/power_logs/2022.02.24-11.32.22/2022-02-24_11-32-32/ranging'
client 2022-02-24 11:44:34,393 [INFO] Running workload in testing mode
client 2022-02-24 11:44:34,393 [INFO] Synchronizing with the server and with 100.64.0.18...
client 2022-02-24 11:44:34,395 [INFO] NTP:offset = -0.001 s, delay = 0.001 s 
client 2022-02-24 11:44:34,395 [INFO] Sending command to the server: 'time'
client 2022-02-24 11:44:34,398 [INFO] Got response: '1645703074.3696'
client 2022-02-24 11:44:34,398 [INFO] The time difference between the client and the server is within range 26.269 ms..28.663 ms
client 2022-02-24 11:44:34,398 [INFO] Sending command to the server: 'session,2022-02-24_11-32-32,start,testing'
client 2022-02-24 11:44:47,940 [INFO] Got response: 'OK'
client 2022-02-24 11:44:47,941 [INFO] Running the workload 'LOG_DIR=/work/build/power_logs_temp python3 code/main.py --benchmarks=ssd-mobilenet \t--scenarios=offline \t--config_ver=default_maxq \t--test_mode=PerformanceOnly  --action="run_harness" \\\n\t\t2>&1 | tee -a /work/build/power_logs/2022.02.24-11.32.22/stdout.txt \\\n\t\t&& if [ ! -d /work/build/power_logs/2022.02.24-11.32.22/ranging_tmp ]; \\\n\t\t\tthen mkdir /work/build/power_logs/2022.02.24-11.32.22/ranging_tmp \\\n\t\t\t\t&& mv /work/build/power_logs_temp/* /work/build/power_logs/2022.02.24-11.32.22/ranging_tmp/ \\\n\t\t\t\t&& cp -v /work/build/power_logs/2022.02.24-11.32.22/ranging_tmp/*/*/*/mlperf_log_detail.txt /work/build/power_logs_temp/ \\\n\t\t\t\t&& cp -v /work/build/power_logs/2022.02.24-11.32.22/ranging_tmp/*/*/*/mlperf_log_summary.txt /work/build/power_logs_temp/; \\\n\t\t\telse mkdir /work/build/power_logs/2022.02.24-11.32.22/testing_tmp \\\n\t\t\t\t&& mv /work/build/power_logs_temp/* /work/build/power_logs/2022.02.24-11.32.22/testing_tmp/ \\\n\t\t\t\t&& cp -v /work/build/power_logs/2022.02.24-11.32.22/testing_tmp/*/*/*/mlperf_log_detail.txt /work/build/power_logs_temp/ \\\n\t\t\t\t&& cp -v /work/build/power_logs/2022.02.24-11.32.22/testing_tmp/*/*/*/mlperf_log_summary.txt /work/build/power_logs_temp/; fi'
client 2022-02-24 11:56:17,732 [INFO] Sending command to the server: 'session,2022-02-24_11-32-32,stop,testing'
client 2022-02-24 11:56:27,762 [INFO] Got response: 'OK'
client 2022-02-24 11:56:27,764 [INFO] Copying loadgen logs from '/work/build/power_logs_temp' to '/work/build/power_logs/2022.02.24-11.32.22/2022-02-24_11-32-32/run_1'
client 2022-02-24 11:56:27,765 [INFO] Done runs
