ptd-server 2022-02-24 11:32:32,885 [INFO] Got command from the client 'stop'
ptd-server 2022-02-24 11:32:32,885 [INFO] The server will be stopped after processing this client
ptd-server 2022-02-24 11:32:32,885 [INFO] Sending reply to client 'OK'
ptd-server 2022-02-24 11:32:32,895 [INFO] Got command from the client 'time'
ptd-server 2022-02-24 11:32:32,895 [INFO] Sending reply to client '1645702352.8952844'
ptd-server 2022-02-24 11:32:32,897 [INFO] Got command from the client 'new,,930ac468-cfb4-4742-809b-17dc302fa476'
ptd-server 2022-02-24 11:32:32,897 [INFO] Sending reply to client 'OK 2022-02-24_11-32-32,b3a18789-01b9-4b68-b5b7-d995d98c93c0'
ptd-server 2022-02-24 11:32:32,901 [INFO] Got command from the client 'time'
ptd-server 2022-02-24 11:32:32,902 [INFO] Sending reply to client '1645702352.9026868'
ptd-server 2022-02-24 11:32:32,903 [INFO] Got command from the client 'session,2022-02-24_11-32-32,start,ranging'
ptd-server 2022-02-24 11:32:33,017 [INFO] Running PTDaemon: ['.\\ptd-windows-x86.exe', '-l', 'C:\\Users\\root\\AppData\\Local\\Temp\\tmphepgun81\\ptd_logfile.txt', '-p', '8888', '-c', '1', '-g', '8', '1']
ptd-server 2022-02-24 11:32:45,778 [INFO] Sending to ptd: 'Hello'
ptd-server 2022-02-24 11:32:45,781 [INFO] Reply from ptd: 'Hello, PTDaemon here!'
ptd-server 2022-02-24 11:32:45,783 [INFO] Sending to ptd: 'Identify'
ptd-server 2022-02-24 11:32:45,784 [INFO] Reply from ptd: 'YokogawaWT210,1000,1,1,1,1,0,0,1,version=1.9.2-3976349f-20201208,OS=Windows 8 / Server 2012,mode=power,1,1,1,0,0,no_cal_date,YOKOGAWA;760401;0;F1.12'
ptd-server 2022-02-24 11:32:45,785 [INFO] Connected to PTDaemon
ptd-server 2022-02-24 11:32:45,786 [INFO] Sending to ptd: 'RR'
ptd-server 2022-02-24 11:32:45,786 [INFO] Reply from ptd: 'Ranges,1,2.000000,1,150.000000'
ptd-server 2022-02-24 11:32:45,787 [INFO] Initial range for Amps is Auto for Volts is Auto
ptd-server 2022-02-24 11:32:45,788 [INFO] Sending to ptd: 'SR,V,Auto'
ptd-server 2022-02-24 11:32:46,305 [INFO] Reply from ptd: 'Range V changed'
ptd-server 2022-02-24 11:32:46,306 [INFO] Sending to ptd: 'SR,A,Auto'
ptd-server 2022-02-24 11:32:46,828 [INFO] Reply from ptd: 'Range A changed'
ptd-server 2022-02-24 11:32:56,833 [INFO] Starting ranging mode
ptd-server 2022-02-24 11:32:56,834 [INFO] Sending to ptd: 'Go,1000,0,2022-02-24_11-32-32_ranging'
ptd-server 2022-02-24 11:32:56,835 [INFO] Reply from ptd: 'Starting untimed measurement, maximum 500000 samples at 1000ms with 0 rampup samples'
ptd-server 2022-02-24 11:32:56,836 [INFO] Sending reply to client 'OK'
ptd-server 2022-02-24 11:44:24,317 [INFO] Got command from the client 'session,2022-02-24_11-32-32,stop,ranging'
ptd-server 2022-02-24 11:44:34,330 [INFO] Sending to ptd: 'Stop'
ptd-server 2022-02-24 11:44:34,331 [INFO] Reply from ptd: 'Stopping untimed measurement'
ptd-server 2022-02-24 11:44:34,352 [INFO] Sending reply to client 'OK'
ptd-server 2022-02-24 11:44:34,368 [INFO] Got command from the client 'time'
ptd-server 2022-02-24 11:44:34,369 [INFO] Sending reply to client '1645703074.3696'
ptd-server 2022-02-24 11:44:34,371 [INFO] Got command from the client 'session,2022-02-24_11-32-32,start,testing'
ptd-server 2022-02-24 11:44:34,372 [INFO] Sending to ptd: 'SR,V,120.420000'
ptd-server 2022-02-24 11:44:36,366 [INFO] Reply from ptd: 'Range V changed'
ptd-server 2022-02-24 11:44:36,367 [INFO] Sending to ptd: 'SR,A,2.591500'
ptd-server 2022-02-24 11:44:37,896 [INFO] Reply from ptd: 'Range A changed'
ptd-server 2022-02-24 11:44:47,908 [INFO] Starting testing mode
ptd-server 2022-02-24 11:44:47,909 [INFO] Sending to ptd: 'Go,1000,0,2022-02-24_11-32-32_testing'
ptd-server 2022-02-24 11:44:47,910 [INFO] Reply from ptd: 'Starting untimed measurement, maximum 500000 samples at 1000ms with 0 rampup samples'
ptd-server 2022-02-24 11:44:47,911 [INFO] Sending reply to client 'OK'
ptd-server 2022-02-24 11:56:17,679 [INFO] Got command from the client 'session,2022-02-24_11-32-32,stop,testing'
ptd-server 2022-02-24 11:56:27,690 [INFO] Sending to ptd: 'Stop'
ptd-server 2022-02-24 11:56:27,691 [INFO] Reply from ptd: 'Stopping untimed measurement'
ptd-server 2022-02-24 11:56:27,706 [INFO] Sending reply to client 'OK'
ptd-server 2022-02-24 11:56:27,716 [INFO] Got command from the client 'session,2022-02-24_11-32-32,done'
ptd-server 2022-02-24 11:56:27,716 [INFO] Sending to ptd: 'Stop'
ptd-server 2022-02-24 11:56:27,915 [INFO] Reply from ptd: 'Error: no measurement to stop'
ptd-server 2022-02-24 11:56:27,915 [INFO] Sending to ptd: 'SR,V,Auto'
ptd-server 2022-02-24 11:56:28,442 [INFO] Reply from ptd: 'Range V changed'
ptd-server 2022-02-24 11:56:28,443 [INFO] Sending to ptd: 'SR,A,Auto'
ptd-server 2022-02-24 11:56:28,971 [INFO] Reply from ptd: 'Range A changed'
ptd-server 2022-02-24 11:56:28,972 [INFO] Set initial values for Amps Auto and Volts Auto
ptd-server 2022-02-24 11:56:28,973 [INFO] Stopping ptd...
