client 2022-02-22 19:38:47,113 [INFO] Sending command to the server: 'mlcommons/power client v3'
client 2022-02-22 19:38:47,114 [INFO] Got response: 'mlcommons/power server v3'
client 2022-02-22 19:38:47,114 [INFO] Sending command to the server: 'stop'
client 2022-02-22 19:38:47,115 [INFO] Got response: 'OK'
client 2022-02-22 19:38:47,115 [INFO] Synchronizing with the server and with ntp.aliyun.com...
client 2022-02-22 19:38:47,226 [INFO] NTP:offset = 0.044 s, delay = 0.023 s 
client 2022-02-22 19:38:47,226 [INFO] Sending command to the server: 'time'
client 2022-02-22 19:38:47,227 [INFO] Got response: '1645558727.088613'
client 2022-02-22 19:38:47,227 [INFO] The time difference between the client and the server is within range 137.774 ms..139.240 ms
client 2022-02-22 19:38:47,228 [INFO] Sending command to the server: 'new,,492050ba-ede2-4147-8d21-5907fe14c72f'
client 2022-02-22 19:38:47,229 [INFO] Got response: 'OK 2022-02-22_19-38-47,68de7e84-06f9-42ff-815c-04292ee47da1'
client 2022-02-22 19:38:47,229 [INFO] Session id is '2022-02-22_19-38-47'
client 2022-02-22 19:38:47,229 [INFO] Sources: {"sources": {"__init__.py": "da39a3ee5e6b4b0d3255bfef95601890afd80709", "client.py": "33ca4f26368777ac06e01f9567b714a4b8063886", "lib/__init__.py": "da39a3ee5e6b4b0d3255bfef95601890afd80709", "lib/client.py": "4c2b78fb4849a7e5b584ef792d82aaed20b17f57", "lib/common.py": "624d0c0acc7c39aaff3674f0b99d6a09da53d1dc", "lib/external/__init__.py": "da39a3ee5e6b4b0d3255bfef95601890afd80709", "lib/external/ntplib.py": "4da8f970656505a40483206ef2b5d3dd5e81711d", "lib/server.py": "59c9fb92908260d3e9f81a895c7aa009742275e4", "lib/source_hashes.py": "60a2e02193209e8d392803326208d5466342da18", "lib/summary.py": "aa92f0a3f975eecd44d3c0cd0236342ccc9f941d", "lib/time_sync.py": "3210db56eb0ff0df57bf4293dc4d4b03fffd46f1", "server.py": "c3f90f2f7eeb4db30727556d0c815ebc89b3d28b", "tests/unit/__init__.py": "da39a3ee5e6b4b0d3255bfef95601890afd80709", "tests/unit/test_server.py": "99ae15aef722f2000ee6ed1ae1523637bf1ae42b", "tests/unit/test_source_hashes.py": "00468a2907583c593e6574a1f6b404e4651c221a"}, "modules": {"ptd_client_server.lib.client": "lib/client.py", "ptd_client_server.lib.common": "lib/common.py", "ptd_client_server.lib.external.ntplib": "lib/external/ntplib.py", "ptd_client_server.lib.source_hashes": "lib/source_hashes.py", "ptd_client_server.lib.summary": "lib/summary.py", "ptd_client_server.lib.time_sync": "lib/time_sync.py"}}
client 2022-02-22 19:38:47,229 [INFO] Running workload in ranging mode
client 2022-02-22 19:38:47,230 [INFO] Synchronizing with the server and with ntp.aliyun.com...
client 2022-02-22 19:38:47,331 [INFO] NTP:offset = 0.041 s, delay = 0.019 s 
client 2022-02-22 19:38:47,331 [INFO] Sending command to the server: 'time'
client 2022-02-22 19:38:47,333 [INFO] Got response: '1645558727.1944892'
client 2022-02-22 19:38:47,333 [INFO] The time difference between the client and the server is within range 137.396 ms..138.682 ms
client 2022-02-22 19:38:47,333 [INFO] Sending command to the server: 'session,2022-02-22_19-38-47,start,ranging'
client 2022-02-22 19:39:18,424 [INFO] Got response: 'OK'
client 2022-02-22 19:39:18,424 [INFO] Running the workload 'LOG_DIR=/work/build/power_logs_temp python3 code/main.py --benchmarks=rnnt --scenarios=SingleStream --test_mode=PerformanceOnly --config_ver=maxq --action="run_harness" \\\n\t\t2>&1 | tee -a /work/build/power_logs/2022.02.22-19.38.37/stdout.txt \\\n\t\t&& if [ ! -d /work/build/power_logs/2022.02.22-19.38.37/ranging_tmp ]; \\\n\t\t\tthen mkdir /work/build/power_logs/2022.02.22-19.38.37/ranging_tmp \\\n\t\t\t\t&& mv /work/build/power_logs_temp/* /work/build/power_logs/2022.02.22-19.38.37/ranging_tmp/ \\\n\t\t\t\t&& cp -v /work/build/power_logs/2022.02.22-19.38.37/ranging_tmp/*/*/*/mlperf_log_detail.txt /work/build/power_logs_temp/ \\\n\t\t\t\t&& cp -v /work/build/power_logs/2022.02.22-19.38.37/ranging_tmp/*/*/*/mlperf_log_summary.txt /work/build/power_logs_temp/; \\\n\t\t\telse mkdir /work/build/power_logs/2022.02.22-19.38.37/testing_tmp \\\n\t\t\t\t&& mv /work/build/power_logs_temp/* /work/build/power_logs/2022.02.22-19.38.37/testing_tmp/ \\\n\t\t\t\t&& cp -v /work/build/power_logs/2022.02.22-19.38.37/testing_tmp/*/*/*/mlperf_log_detail.txt /work/build/power_logs_temp/ \\\n\t\t\t\t&& cp -v /work/build/power_logs/2022.02.22-19.38.37/testing_tmp/*/*/*/mlperf_log_summary.txt /work/build/power_logs_temp/; fi'
client 2022-02-22 19:49:30,175 [INFO] Sending command to the server: 'session,2022-02-22_19-38-47,stop,ranging'
client 2022-02-22 19:49:40,207 [INFO] Got response: 'OK'
client 2022-02-22 19:49:40,216 [INFO] Copying loadgen logs from '/work/build/power_logs_temp' to '/work/build/power_logs/2022.02.22-19.38.37/2022-02-22_19-38-47/ranging'
client 2022-02-22 19:49:40,216 [INFO] Running workload in testing mode
client 2022-02-22 19:49:40,217 [INFO] Synchronizing with the server and with ntp.aliyun.com...
client 2022-02-22 19:49:40,299 [INFO] NTP:offset = 0.044 s, delay = 0.025 s 
client 2022-02-22 19:49:40,299 [INFO] Sending command to the server: 'time'
client 2022-02-22 19:49:40,302 [INFO] Got response: '1645559380.1584227'
client 2022-02-22 19:49:40,302 [INFO] The time difference between the client and the server is within range 141.494 ms..144.103 ms
client 2022-02-22 19:49:40,302 [INFO] Sending command to the server: 'session,2022-02-22_19-38-47,start,testing'
client 2022-02-22 19:49:53,624 [INFO] Got response: 'OK'
client 2022-02-22 19:49:53,624 [INFO] Running the workload 'LOG_DIR=/work/build/power_logs_temp python3 code/main.py --benchmarks=rnnt --scenarios=SingleStream --test_mode=PerformanceOnly --config_ver=maxq --action="run_harness" \\\n\t\t2>&1 | tee -a /work/build/power_logs/2022.02.22-19.38.37/stdout.txt \\\n\t\t&& if [ ! -d /work/build/power_logs/2022.02.22-19.38.37/ranging_tmp ]; \\\n\t\t\tthen mkdir /work/build/power_logs/2022.02.22-19.38.37/ranging_tmp \\\n\t\t\t\t&& mv /work/build/power_logs_temp/* /work/build/power_logs/2022.02.22-19.38.37/ranging_tmp/ \\\n\t\t\t\t&& cp -v /work/build/power_logs/2022.02.22-19.38.37/ranging_tmp/*/*/*/mlperf_log_detail.txt /work/build/power_logs_temp/ \\\n\t\t\t\t&& cp -v /work/build/power_logs/2022.02.22-19.38.37/ranging_tmp/*/*/*/mlperf_log_summary.txt /work/build/power_logs_temp/; \\\n\t\t\telse mkdir /work/build/power_logs/2022.02.22-19.38.37/testing_tmp \\\n\t\t\t\t&& mv /work/build/power_logs_temp/* /work/build/power_logs/2022.02.22-19.38.37/testing_tmp/ \\\n\t\t\t\t&& cp -v /work/build/power_logs/2022.02.22-19.38.37/testing_tmp/*/*/*/mlperf_log_detail.txt /work/build/power_logs_temp/ \\\n\t\t\t\t&& cp -v /work/build/power_logs/2022.02.22-19.38.37/testing_tmp/*/*/*/mlperf_log_summary.txt /work/build/power_logs_temp/; fi'
client 2022-02-22 20:00:05,527 [INFO] Sending command to the server: 'session,2022-02-22_19-38-47,stop,testing'
client 2022-02-22 20:00:15,547 [INFO] Got response: 'OK'
client 2022-02-22 20:00:15,549 [INFO] Copying loadgen logs from '/work/build/power_logs_temp' to '/work/build/power_logs/2022.02.22-19.38.37/2022-02-22_19-38-47/run_1'
client 2022-02-22 20:00:15,550 [INFO] Done runs
