ptd-server 2022-02-22 19:38:46,976 [INFO] Got command from the client 'stop'
ptd-server 2022-02-22 19:38:46,976 [INFO] The server will be stopped after processing this client
ptd-server 2022-02-22 19:38:46,976 [INFO] Sending reply to client 'OK'
ptd-server 2022-02-22 19:38:47,088 [INFO] Got command from the client 'time'
ptd-server 2022-02-22 19:38:47,088 [INFO] Sending reply to client '1645558727.088613'
ptd-server 2022-02-22 19:38:47,089 [INFO] Got command from the client 'new,,492050ba-ede2-4147-8d21-5907fe14c72f'
ptd-server 2022-02-22 19:38:47,090 [INFO] Sending reply to client 'OK 2022-02-22_19-38-47,68de7e84-06f9-42ff-815c-04292ee47da1'
ptd-server 2022-02-22 19:38:47,193 [INFO] Got command from the client 'time'
ptd-server 2022-02-22 19:38:47,194 [INFO] Sending reply to client '1645558727.1944892'
ptd-server 2022-02-22 19:38:47,194 [INFO] Got command from the client 'session,2022-02-22_19-38-47,start,ranging'
ptd-server 2022-02-22 19:38:47,306 [INFO] Running PTDaemon: ['C:\\PTD\\ptd-windows-x86.exe', '-l', 'C:\\Users\\mlperf\\AppData\\Local\\Temp\\tmpinq0qot8\\ptd_logfile.txt', '-p', '8888', '49', 'COM4']
ptd-server 2022-02-22 19:39:07,134 [INFO] Sending to ptd: 'Hello'
ptd-server 2022-02-22 19:39:07,135 [INFO] Reply from ptd: 'Hello, PTDaemon here!'
ptd-server 2022-02-22 19:39:07,136 [INFO] Sending to ptd: 'Identify'
ptd-server 2022-02-22 19:39:07,136 [INFO] Reply from ptd: 'YokogawaWT310E,1000,1,1,1,1,0,1,1,version=1.9.2-3976349f-20201208,OS=Windows 8 / Server 2012,mode=power,1,1,1,0,0,no_cal_date,YOKOGAWA;WT310E;C3TA11005E;F1.02'
ptd-server 2022-02-22 19:39:07,137 [INFO] Connected to PTDaemon
ptd-server 2022-02-22 19:39:07,137 [INFO] Sending to ptd: 'RR'
ptd-server 2022-02-22 19:39:07,138 [INFO] Reply from ptd: 'Ranges,0,10.000000,0,300.000000'
ptd-server 2022-02-22 19:39:07,138 [INFO] Initial range for Amps is 10.000000 for Volts is 300.000000
ptd-server 2022-02-22 19:39:07,139 [INFO] Sending to ptd: 'SR,V,Auto'
ptd-server 2022-02-22 19:39:07,706 [INFO] Reply from ptd: 'Range V changed'
ptd-server 2022-02-22 19:39:07,708 [INFO] Sending to ptd: 'SR,A,Auto'
ptd-server 2022-02-22 19:39:08,276 [INFO] Reply from ptd: 'Range A changed'
ptd-server 2022-02-22 19:39:18,282 [INFO] Starting ranging mode
ptd-server 2022-02-22 19:39:18,282 [INFO] Sending to ptd: 'Go,1000,0,2022-02-22_19-38-47_ranging'
ptd-server 2022-02-22 19:39:18,283 [INFO] Reply from ptd: 'Starting untimed measurement, maximum 500000 samples at 1000ms with 0 rampup samples'
ptd-server 2022-02-22 19:39:18,283 [INFO] Sending reply to client 'OK'
ptd-server 2022-02-22 19:49:30,034 [INFO] Got command from the client 'session,2022-02-22_19-38-47,stop,ranging'
ptd-server 2022-02-22 19:49:40,043 [INFO] Sending to ptd: 'Stop'
ptd-server 2022-02-22 19:49:40,049 [INFO] Reply from ptd: 'Stopping untimed measurement'
ptd-server 2022-02-22 19:49:40,063 [INFO] Sending reply to client 'OK'
ptd-server 2022-02-22 19:49:40,157 [INFO] Got command from the client 'time'
ptd-server 2022-02-22 19:49:40,158 [INFO] Sending reply to client '1645559380.1584227'
ptd-server 2022-02-22 19:49:40,161 [INFO] Got command from the client 'session,2022-02-22_19-38-47,start,testing'
ptd-server 2022-02-22 19:49:40,161 [INFO] Sending to ptd: 'SR,V,226.910000'
ptd-server 2022-02-22 19:49:41,870 [INFO] Reply from ptd: 'Range V changed'
ptd-server 2022-02-22 19:49:41,875 [INFO] Sending to ptd: 'SR,A,2.489200'
ptd-server 2022-02-22 19:49:43,455 [INFO] Reply from ptd: 'Range A changed'
ptd-server 2022-02-22 19:49:53,474 [INFO] Starting testing mode
ptd-server 2022-02-22 19:49:53,478 [INFO] Sending to ptd: 'Go,1000,0,2022-02-22_19-38-47_testing'
ptd-server 2022-02-22 19:49:53,479 [INFO] Reply from ptd: 'Starting untimed measurement, maximum 500000 samples at 1000ms with 0 rampup samples'
ptd-server 2022-02-22 19:49:53,480 [INFO] Sending reply to client 'OK'
ptd-server 2022-02-22 20:00:05,382 [INFO] Got command from the client 'session,2022-02-22_19-38-47,stop,testing'
ptd-server 2022-02-22 20:00:15,385 [INFO] Sending to ptd: 'Stop'
ptd-server 2022-02-22 20:00:15,390 [INFO] Reply from ptd: 'Stopping untimed measurement'
ptd-server 2022-02-22 20:00:15,399 [INFO] Sending reply to client 'OK'
ptd-server 2022-02-22 20:00:15,409 [INFO] Got command from the client 'session,2022-02-22_19-38-47,done'
ptd-server 2022-02-22 20:00:15,409 [INFO] Sending to ptd: 'Stop'
ptd-server 2022-02-22 20:00:15,491 [INFO] Reply from ptd: 'Error: no measurement to stop'
ptd-server 2022-02-22 20:00:15,491 [INFO] Sending to ptd: 'SR,V,300.000000'
ptd-server 2022-02-22 20:00:17,076 [INFO] Reply from ptd: 'Range V changed'
ptd-server 2022-02-22 20:00:17,080 [INFO] Sending to ptd: 'SR,A,10.000000'
ptd-server 2022-02-22 20:00:18,666 [INFO] Reply from ptd: 'Range A changed'
ptd-server 2022-02-22 20:00:18,667 [INFO] Set initial values for Amps 10.000000 and Volts 300.000000
ptd-server 2022-02-22 20:00:18,668 [INFO] Stopping ptd...
