[2mINFO   [m Sucessfully loaded MLPerf log from closed/GIGABYTE/results/g292_z43_q16-qaic-v1.6.80-aic100/bert-99/server/accuracy/mlperf_log_detail.txt.
[2mINFO   [m Sucessfully loaded MLPerf log from closed/GIGABYTE/results/g292_z43_q16-qaic-v1.6.80-aic100/bert-99/server/performance/run_1/mlperf_log_detail.txt.
[2mINFO   [m Sucessfully loaded MLPerf log from closed/GIGABYTE/results/g292_z43_q16-qaic-v1.6.80-aic100/bert-99/server/performance/run_1/mlperf_log_detail.txt.
[2mINFO   [m Sucessfully loaded MLPerf log from closed/GIGABYTE/results/g292_z43_q16-qaic-v1.6.80-aic100/bert-99/offline/accuracy/mlperf_log_detail.txt.
[2mINFO   [m Sucessfully loaded MLPerf log from closed/GIGABYTE/results/g292_z43_q16-qaic-v1.6.80-aic100/bert-99/offline/performance/run_1/mlperf_log_detail.txt.
[2mINFO   [m Sucessfully loaded MLPerf log from closed/GIGABYTE/results/g292_z43_q16-qaic-v1.6.80-aic100/bert-99/offline/performance/run_1/mlperf_log_detail.txt.
[2mINFO   [m Target latency: None, Latency: 632542900448, Scenario: Offline
[2mINFO   [m Sucessfully loaded MLPerf log from closed/GIGABYTE/results/g292_z43_q16-qaic-v1.6.80-aic100/resnet50/server/accuracy/mlperf_log_detail.txt.
[2mINFO   [m Sucessfully loaded MLPerf log from closed/GIGABYTE/results/g292_z43_q16-qaic-v1.6.80-aic100/resnet50/server/performance/run_1/mlperf_log_detail.txt.
[2mINFO   [m Sucessfully loaded MLPerf log from closed/GIGABYTE/results/g292_z43_q16-qaic-v1.6.80-aic100/resnet50/server/performance/run_1/mlperf_log_detail.txt.
[2mINFO   [m Sucessfully loaded MLPerf log from closed/GIGABYTE/results/g292_z43_q16-qaic-v1.6.80-aic100/resnet50/offline/accuracy/mlperf_log_detail.txt.
[2mINFO   [m Sucessfully loaded MLPerf log from closed/GIGABYTE/results/g292_z43_q16-qaic-v1.6.80-aic100/resnet50/offline/performance/run_1/mlperf_log_detail.txt.
[2mINFO   [m Sucessfully loaded MLPerf log from closed/GIGABYTE/results/g292_z43_q16-qaic-v1.6.80-aic100/resnet50/offline/performance/run_1/mlperf_log_detail.txt.
[2mINFO   [m Target latency: None, Latency: 615627809910, Scenario: Offline
[2mINFO   [m Sucessfully loaded MLPerf log from closed/GIGABYTE/results/g292_z43_q16-qaic-v1.6.80-aic100/bert-99.9/server/accuracy/mlperf_log_detail.txt.
[2mINFO   [m Sucessfully loaded MLPerf log from closed/GIGABYTE/results/g292_z43_q16-qaic-v1.6.80-aic100/bert-99.9/server/performance/run_1/mlperf_log_detail.txt.
[2mINFO   [m Sucessfully loaded MLPerf log from closed/GIGABYTE/results/g292_z43_q16-qaic-v1.6.80-aic100/bert-99.9/server/performance/run_1/mlperf_log_detail.txt.
[2mINFO   [m Sucessfully loaded MLPerf log from closed/GIGABYTE/results/g292_z43_q16-qaic-v1.6.80-aic100/bert-99.9/offline/accuracy/mlperf_log_detail.txt.
[2mINFO   [m Sucessfully loaded MLPerf log from closed/GIGABYTE/results/g292_z43_q16-qaic-v1.6.80-aic100/bert-99.9/offline/performance/run_1/mlperf_log_detail.txt.
[2mINFO   [m Sucessfully loaded MLPerf log from closed/GIGABYTE/results/g292_z43_q16-qaic-v1.6.80-aic100/bert-99.9/offline/performance/run_1/mlperf_log_detail.txt.
[2mINFO   [m Target latency: None, Latency: 616960212026, Scenario: Offline
[2mINFO   [m Sucessfully loaded MLPerf log from closed/GIGABYTE/results/g292_z43_q16-qaic-v1.6.80-aic100/ssd-resnet34/server/accuracy/mlperf_log_detail.txt.
[2mINFO   [m Sucessfully loaded MLPerf log from closed/GIGABYTE/results/g292_z43_q16-qaic-v1.6.80-aic100/ssd-resnet34/server/performance/run_1/mlperf_log_detail.txt.
[2mINFO   [m Sucessfully loaded MLPerf log from closed/GIGABYTE/results/g292_z43_q16-qaic-v1.6.80-aic100/ssd-resnet34/server/performance/run_1/mlperf_log_detail.txt.
[2mINFO   [m Sucessfully loaded MLPerf log from closed/GIGABYTE/results/g292_z43_q16-qaic-v1.6.80-aic100/ssd-resnet34/offline/accuracy/mlperf_log_detail.txt.
[2mINFO   [m Sucessfully loaded MLPerf log from closed/GIGABYTE/results/g292_z43_q16-qaic-v1.6.80-aic100/ssd-resnet34/offline/performance/run_1/mlperf_log_detail.txt.
[2mINFO   [m Sucessfully loaded MLPerf log from closed/GIGABYTE/results/g292_z43_q16-qaic-v1.6.80-aic100/ssd-resnet34/offline/performance/run_1/mlperf_log_detail.txt.
[2mINFO   [m Target latency: None, Latency: 632181132820, Scenario: Offline
[2mINFO   [m Sucessfully loaded MLPerf log from closed/GIGABYTE/results/GIGABYTE-G492-ID0_A100-SXM-80GBx8_TRT/rnnt/Server/accuracy/mlperf_log_detail.txt.
[2mINFO   [m Sucessfully loaded MLPerf log from closed/GIGABYTE/results/GIGABYTE-G492-ID0_A100-SXM-80GBx8_TRT/rnnt/Server/performance/run_1/mlperf_log_detail.txt.
[2mINFO   [m Sucessfully loaded MLPerf log from closed/GIGABYTE/results/GIGABYTE-G492-ID0_A100-SXM-80GBx8_TRT/rnnt/Server/performance/run_1/mlperf_log_detail.txt.
[2mINFO   [m Sucessfully loaded MLPerf log from closed/GIGABYTE/results/GIGABYTE-G492-ID0_A100-SXM-80GBx8_TRT/rnnt/Offline/accuracy/mlperf_log_detail.txt.
[2mINFO   [m Sucessfully loaded MLPerf log from closed/GIGABYTE/results/GIGABYTE-G492-ID0_A100-SXM-80GBx8_TRT/rnnt/Offline/performance/run_1/mlperf_log_detail.txt.
[2mINFO   [m Sucessfully loaded MLPerf log from closed/GIGABYTE/results/GIGABYTE-G492-ID0_A100-SXM-80GBx8_TRT/rnnt/Offline/performance/run_1/mlperf_log_detail.txt.
[2mINFO   [m Target latency: None, Latency: 631444066261, Scenario: Offline
[2mINFO   [m Sucessfully loaded MLPerf log from closed/GIGABYTE/results/GIGABYTE-G492-ID0_A100-SXM-80GBx8_TRT/dlrm-99/Server/accuracy/mlperf_log_detail.txt.
[2mINFO   [m Sucessfully loaded MLPerf log from closed/GIGABYTE/results/GIGABYTE-G492-ID0_A100-SXM-80GBx8_TRT/dlrm-99/Server/performance/run_1/mlperf_log_detail.txt.
[2mINFO   [m Sucessfully loaded MLPerf log from closed/GIGABYTE/results/GIGABYTE-G492-ID0_A100-SXM-80GBx8_TRT/dlrm-99/Server/performance/run_1/mlperf_log_detail.txt.
[2mINFO   [m Sucessfully loaded MLPerf log from closed/GIGABYTE/results/GIGABYTE-G492-ID0_A100-SXM-80GBx8_TRT/dlrm-99/Offline/accuracy/mlperf_log_detail.txt.
[2mINFO   [m Sucessfully loaded MLPerf log from closed/GIGABYTE/results/GIGABYTE-G492-ID0_A100-SXM-80GBx8_TRT/dlrm-99/Offline/performance/run_1/mlperf_log_detail.txt.
[2mINFO   [m Sucessfully loaded MLPerf log from closed/GIGABYTE/results/GIGABYTE-G492-ID0_A100-SXM-80GBx8_TRT/dlrm-99/Offline/performance/run_1/mlperf_log_detail.txt.
[2mINFO   [m Target latency: None, Latency: 633326610795, Scenario: Offline
[2mINFO   [m Sucessfully loaded MLPerf log from closed/GIGABYTE/results/GIGABYTE-G492-ID0_A100-SXM-80GBx8_TRT/bert-99/Server/accuracy/mlperf_log_detail.txt.
[2mINFO   [m Sucessfully loaded MLPerf log from closed/GIGABYTE/results/GIGABYTE-G492-ID0_A100-SXM-80GBx8_TRT/bert-99/Server/performance/run_1/mlperf_log_detail.txt.
[2mINFO   [m Sucessfully loaded MLPerf log from closed/GIGABYTE/results/GIGABYTE-G492-ID0_A100-SXM-80GBx8_TRT/bert-99/Server/performance/run_1/mlperf_log_detail.txt.
[2mINFO   [m closed/GIGABYTE/compliance/GIGABYTE-G492-ID0_A100-SXM-80GBx8_TRT/bert-99/Server/TEST01/accuracy has file list mismatch (['baseline_accuracy.txt', 'compliance_accuracy.txt'])
[2mINFO   [m Sucessfully loaded MLPerf log from closed/GIGABYTE/results/GIGABYTE-G492-ID0_A100-SXM-80GBx8_TRT/bert-99/Offline/accuracy/mlperf_log_detail.txt.
[2mINFO   [m Sucessfully loaded MLPerf log from closed/GIGABYTE/results/GIGABYTE-G492-ID0_A100-SXM-80GBx8_TRT/bert-99/Offline/performance/run_1/mlperf_log_detail.txt.
[2mINFO   [m Sucessfully loaded MLPerf log from closed/GIGABYTE/results/GIGABYTE-G492-ID0_A100-SXM-80GBx8_TRT/bert-99/Offline/performance/run_1/mlperf_log_detail.txt.
[2mINFO   [m Target latency: None, Latency: 706670888349, Scenario: Offline
[2mINFO   [m Sucessfully loaded MLPerf log from closed/GIGABYTE/results/GIGABYTE-G492-ID0_A100-SXM-80GBx8_TRT/resnet50/Server/accuracy/mlperf_log_detail.txt.
[2mINFO   [m Sucessfully loaded MLPerf log from closed/GIGABYTE/results/GIGABYTE-G492-ID0_A100-SXM-80GBx8_TRT/resnet50/Server/performance/run_1/mlperf_log_detail.txt.
[2mINFO   [m Sucessfully loaded MLPerf log from closed/GIGABYTE/results/GIGABYTE-G492-ID0_A100-SXM-80GBx8_TRT/resnet50/Server/performance/run_1/mlperf_log_detail.txt.
[2mINFO   [m Sucessfully loaded MLPerf log from closed/GIGABYTE/results/GIGABYTE-G492-ID0_A100-SXM-80GBx8_TRT/resnet50/Offline/accuracy/mlperf_log_detail.txt.
[2mINFO   [m Sucessfully loaded MLPerf log from closed/GIGABYTE/results/GIGABYTE-G492-ID0_A100-SXM-80GBx8_TRT/resnet50/Offline/performance/run_1/mlperf_log_detail.txt.
[2mINFO   [m Sucessfully loaded MLPerf log from closed/GIGABYTE/results/GIGABYTE-G492-ID0_A100-SXM-80GBx8_TRT/resnet50/Offline/performance/run_1/mlperf_log_detail.txt.
[2mINFO   [m Target latency: None, Latency: 612940062165, Scenario: Offline
[2mINFO   [m Sucessfully loaded MLPerf log from closed/GIGABYTE/results/GIGABYTE-G492-ID0_A100-SXM-80GBx8_TRT/3d-unet-99.9/Offline/accuracy/mlperf_log_detail.txt.
[2mINFO   [m Sucessfully loaded MLPerf log from closed/GIGABYTE/results/GIGABYTE-G492-ID0_A100-SXM-80GBx8_TRT/3d-unet-99.9/Offline/performance/run_1/mlperf_log_detail.txt.
[2mINFO   [m Sucessfully loaded MLPerf log from closed/GIGABYTE/results/GIGABYTE-G492-ID0_A100-SXM-80GBx8_TRT/3d-unet-99.9/Offline/performance/run_1/mlperf_log_detail.txt.
[2mINFO   [m Target latency: None, Latency: 977575763999, Scenario: Offline
[2mINFO   [m Sucessfully loaded MLPerf log from closed/GIGABYTE/results/GIGABYTE-G492-ID0_A100-SXM-80GBx8_TRT/bert-99.9/Server/accuracy/mlperf_log_detail.txt.
[2mINFO   [m Sucessfully loaded MLPerf log from closed/GIGABYTE/results/GIGABYTE-G492-ID0_A100-SXM-80GBx8_TRT/bert-99.9/Server/performance/run_1/mlperf_log_detail.txt.
[2mINFO   [m Sucessfully loaded MLPerf log from closed/GIGABYTE/results/GIGABYTE-G492-ID0_A100-SXM-80GBx8_TRT/bert-99.9/Server/performance/run_1/mlperf_log_detail.txt.
[2mINFO   [m Sucessfully loaded MLPerf log from closed/GIGABYTE/results/GIGABYTE-G492-ID0_A100-SXM-80GBx8_TRT/bert-99.9/Offline/accuracy/mlperf_log_detail.txt.
[2mINFO   [m Sucessfully loaded MLPerf log from closed/GIGABYTE/results/GIGABYTE-G492-ID0_A100-SXM-80GBx8_TRT/bert-99.9/Offline/performance/run_1/mlperf_log_detail.txt.
[2mINFO   [m Sucessfully loaded MLPerf log from closed/GIGABYTE/results/GIGABYTE-G492-ID0_A100-SXM-80GBx8_TRT/bert-99.9/Offline/performance/run_1/mlperf_log_detail.txt.
[2mINFO   [m Target latency: None, Latency: 703539005987, Scenario: Offline
[2mINFO   [m Sucessfully loaded MLPerf log from closed/GIGABYTE/results/GIGABYTE-G492-ID0_A100-SXM-80GBx8_TRT/3d-unet-99/Offline/accuracy/mlperf_log_detail.txt.
[2mINFO   [m Sucessfully loaded MLPerf log from closed/GIGABYTE/results/GIGABYTE-G492-ID0_A100-SXM-80GBx8_TRT/3d-unet-99/Offline/performance/run_1/mlperf_log_detail.txt.
[2mINFO   [m Sucessfully loaded MLPerf log from closed/GIGABYTE/results/GIGABYTE-G492-ID0_A100-SXM-80GBx8_TRT/3d-unet-99/Offline/performance/run_1/mlperf_log_detail.txt.
[2mINFO   [m Target latency: None, Latency: 977575763999, Scenario: Offline
[2mINFO   [m Sucessfully loaded MLPerf log from closed/GIGABYTE/results/GIGABYTE-G492-ID0_A100-SXM-80GBx8_TRT/dlrm-99.9/Server/accuracy/mlperf_log_detail.txt.
[2mINFO   [m Sucessfully loaded MLPerf log from closed/GIGABYTE/results/GIGABYTE-G492-ID0_A100-SXM-80GBx8_TRT/dlrm-99.9/Server/performance/run_1/mlperf_log_detail.txt.
[2mINFO   [m Sucessfully loaded MLPerf log from closed/GIGABYTE/results/GIGABYTE-G492-ID0_A100-SXM-80GBx8_TRT/dlrm-99.9/Server/performance/run_1/mlperf_log_detail.txt.
[2mINFO   [m Sucessfully loaded MLPerf log from closed/GIGABYTE/results/GIGABYTE-G492-ID0_A100-SXM-80GBx8_TRT/dlrm-99.9/Offline/accuracy/mlperf_log_detail.txt.
[2mINFO   [m Sucessfully loaded MLPerf log from closed/GIGABYTE/results/GIGABYTE-G492-ID0_A100-SXM-80GBx8_TRT/dlrm-99.9/Offline/performance/run_1/mlperf_log_detail.txt.
[2mINFO   [m Sucessfully loaded MLPerf log from closed/GIGABYTE/results/GIGABYTE-G492-ID0_A100-SXM-80GBx8_TRT/dlrm-99.9/Offline/performance/run_1/mlperf_log_detail.txt.
[2mINFO   [m Target latency: None, Latency: 633326610795, Scenario: Offline
[2mINFO   [m Sucessfully loaded MLPerf log from closed/GIGABYTE/results/GIGABYTE-G492-ID0_A100-SXM-80GBx8_TRT/ssd-resnet34/Server/accuracy/mlperf_log_detail.txt.
[2mINFO   [m Sucessfully loaded MLPerf log from closed/GIGABYTE/results/GIGABYTE-G492-ID0_A100-SXM-80GBx8_TRT/ssd-resnet34/Server/performance/run_1/mlperf_log_detail.txt.
[2mINFO   [m Sucessfully loaded MLPerf log from closed/GIGABYTE/results/GIGABYTE-G492-ID0_A100-SXM-80GBx8_TRT/ssd-resnet34/Server/performance/run_1/mlperf_log_detail.txt.
[2mINFO   [m closed/GIGABYTE/compliance/GIGABYTE-G492-ID0_A100-SXM-80GBx8_TRT/ssd-resnet34/Server/TEST01/accuracy has file list mismatch (['baseline_accuracy.txt', 'compliance_accuracy.txt'])
[2mINFO   [m Sucessfully loaded MLPerf log from closed/GIGABYTE/results/GIGABYTE-G492-ID0_A100-SXM-80GBx8_TRT/ssd-resnet34/Offline/accuracy/mlperf_log_detail.txt.
[2mINFO   [m Sucessfully loaded MLPerf log from closed/GIGABYTE/results/GIGABYTE-G492-ID0_A100-SXM-80GBx8_TRT/ssd-resnet34/Offline/performance/run_1/mlperf_log_detail.txt.
[2mINFO   [m Sucessfully loaded MLPerf log from closed/GIGABYTE/results/GIGABYTE-G492-ID0_A100-SXM-80GBx8_TRT/ssd-resnet34/Offline/performance/run_1/mlperf_log_detail.txt.
[2mINFO   [m Target latency: None, Latency: 650940675502, Scenario: Offline
[2mINFO   [m Sucessfully loaded MLPerf log from closed/GIGABYTE/results/g292_z43_q16e-qaic-v1.6.80-aic100/bert-99/server/accuracy/mlperf_log_detail.txt.
[2mINFO   [m Detected power logs for closed/GIGABYTE/results/g292_z43_q16e-qaic-v1.6.80-aic100/bert-99/server
[2mINFO   [m Sucessfully loaded MLPerf log from closed/GIGABYTE/results/g292_z43_q16e-qaic-v1.6.80-aic100/bert-99/server/performance/run_1/mlperf_log_detail.txt.
[2mINFO   [m Sucessfully loaded MLPerf log from closed/GIGABYTE/results/g292_z43_q16e-qaic-v1.6.80-aic100/bert-99/server/performance/run_1/mlperf_log_detail.txt.
[2mINFO   [m Sucessfully loaded MLPerf log from closed/GIGABYTE/results/g292_z43_q16e-qaic-v1.6.80-aic100/bert-99/server/performance/run_1/mlperf_log_detail.txt.
[x] Check client sources checksum

[x] Check server sources checksum

[x] Check PTD commands and replies

[x] Check UUID

[x] Check session name

[x] Check time difference

[x] Check client server messages

[x] Check results checksum

[x] Check errors and warnings from PTD logs

[x] Check PTD configuration

[x] Check debug is disabled on server-side



All checks passed

[2mINFO   [m Sucessfully loaded MLPerf log from closed/GIGABYTE/results/g292_z43_q16e-qaic-v1.6.80-aic100/bert-99/offline/accuracy/mlperf_log_detail.txt.
[2mINFO   [m Detected power logs for closed/GIGABYTE/results/g292_z43_q16e-qaic-v1.6.80-aic100/bert-99/offline
[2mINFO   [m Sucessfully loaded MLPerf log from closed/GIGABYTE/results/g292_z43_q16e-qaic-v1.6.80-aic100/bert-99/offline/performance/run_1/mlperf_log_detail.txt.
[2mINFO   [m Sucessfully loaded MLPerf log from closed/GIGABYTE/results/g292_z43_q16e-qaic-v1.6.80-aic100/bert-99/offline/performance/run_1/mlperf_log_detail.txt.
[2mINFO   [m Target latency: None, Latency: 630919027337, Scenario: Offline
[2mINFO   [m Sucessfully loaded MLPerf log from closed/GIGABYTE/results/g292_z43_q16e-qaic-v1.6.80-aic100/bert-99/offline/performance/run_1/mlperf_log_detail.txt.
[x] Check client sources checksum

[x] Check server sources checksum

[x] Check PTD commands and replies

[x] Check UUID

[x] Check session name

[x] Check time difference

[x] Check client server messages

[x] Check results checksum

[x] Check errors and warnings from PTD logs

[x] Check PTD configuration

[x] Check debug is disabled on server-side



All checks passed

[2mINFO   [m Sucessfully loaded MLPerf log from closed/GIGABYTE/results/g292_z43_q16e-qaic-v1.6.80-aic100/resnet50/server/accuracy/mlperf_log_detail.txt.
[2mINFO   [m Detected power logs for closed/GIGABYTE/results/g292_z43_q16e-qaic-v1.6.80-aic100/resnet50/server
[2mINFO   [m Sucessfully loaded MLPerf log from closed/GIGABYTE/results/g292_z43_q16e-qaic-v1.6.80-aic100/resnet50/server/performance/run_1/mlperf_log_detail.txt.
[2mINFO   [m Sucessfully loaded MLPerf log from closed/GIGABYTE/results/g292_z43_q16e-qaic-v1.6.80-aic100/resnet50/server/performance/run_1/mlperf_log_detail.txt.
[2mINFO   [m Sucessfully loaded MLPerf log from closed/GIGABYTE/results/g292_z43_q16e-qaic-v1.6.80-aic100/resnet50/server/performance/run_1/mlperf_log_detail.txt.
[x] Check client sources checksum

[x] Check server sources checksum

[x] Check PTD commands and replies

[x] Check UUID

[x] Check session name

[x] Check time difference

[x] Check client server messages

[x] Check results checksum

[x] Check errors and warnings from PTD logs

[x] Check PTD configuration

[x] Check debug is disabled on server-side



All checks passed

[2mINFO   [m Sucessfully loaded MLPerf log from closed/GIGABYTE/results/g292_z43_q16e-qaic-v1.6.80-aic100/resnet50/offline/accuracy/mlperf_log_detail.txt.
[2mINFO   [m Detected power logs for closed/GIGABYTE/results/g292_z43_q16e-qaic-v1.6.80-aic100/resnet50/offline
[2mINFO   [m Sucessfully loaded MLPerf log from closed/GIGABYTE/results/g292_z43_q16e-qaic-v1.6.80-aic100/resnet50/offline/performance/run_1/mlperf_log_detail.txt.
[2mINFO   [m Sucessfully loaded MLPerf log from closed/GIGABYTE/results/g292_z43_q16e-qaic-v1.6.80-aic100/resnet50/offline/performance/run_1/mlperf_log_detail.txt.
[2mINFO   [m Target latency: None, Latency: 639029323706, Scenario: Offline
[2mINFO   [m Sucessfully loaded MLPerf log from closed/GIGABYTE/results/g292_z43_q16e-qaic-v1.6.80-aic100/resnet50/offline/performance/run_1/mlperf_log_detail.txt.
[x] Check client sources checksum

[x] Check server sources checksum

[x] Check PTD commands and replies

[x] Check UUID

[x] Check session name

[x] Check time difference

[x] Check client server messages

[x] Check results checksum

[x] Check errors and warnings from PTD logs

[x] Check PTD configuration

[x] Check debug is disabled on server-side



All checks passed

[2mINFO   [m Sucessfully loaded MLPerf log from closed/GIGABYTE/results/g292_z43_q16e-qaic-v1.6.80-aic100/bert-99.9/server/accuracy/mlperf_log_detail.txt.
[2mINFO   [m Detected power logs for closed/GIGABYTE/results/g292_z43_q16e-qaic-v1.6.80-aic100/bert-99.9/server
[2mINFO   [m Sucessfully loaded MLPerf log from closed/GIGABYTE/results/g292_z43_q16e-qaic-v1.6.80-aic100/bert-99.9/server/performance/run_1/mlperf_log_detail.txt.
[2mINFO   [m Sucessfully loaded MLPerf log from closed/GIGABYTE/results/g292_z43_q16e-qaic-v1.6.80-aic100/bert-99.9/server/performance/run_1/mlperf_log_detail.txt.
[2mINFO   [m Sucessfully loaded MLPerf log from closed/GIGABYTE/results/g292_z43_q16e-qaic-v1.6.80-aic100/bert-99.9/server/performance/run_1/mlperf_log_detail.txt.
[x] Check client sources checksum

[x] Check server sources checksum

[x] Check PTD commands and replies

[x] Check UUID

[x] Check session name

[x] Check time difference

[x] Check client server messages

[x] Check results checksum

[x] Check errors and warnings from PTD logs

[x] Check PTD configuration

[x] Check debug is disabled on server-side



All checks passed

[2mINFO   [m Sucessfully loaded MLPerf log from closed/GIGABYTE/results/g292_z43_q16e-qaic-v1.6.80-aic100/bert-99.9/offline/accuracy/mlperf_log_detail.txt.
[2mINFO   [m Detected power logs for closed/GIGABYTE/results/g292_z43_q16e-qaic-v1.6.80-aic100/bert-99.9/offline
[2mINFO   [m Sucessfully loaded MLPerf log from closed/GIGABYTE/results/g292_z43_q16e-qaic-v1.6.80-aic100/bert-99.9/offline/performance/run_1/mlperf_log_detail.txt.
[2mINFO   [m Sucessfully loaded MLPerf log from closed/GIGABYTE/results/g292_z43_q16e-qaic-v1.6.80-aic100/bert-99.9/offline/performance/run_1/mlperf_log_detail.txt.
[2mINFO   [m Target latency: None, Latency: 663291703047, Scenario: Offline
[2mINFO   [m Sucessfully loaded MLPerf log from closed/GIGABYTE/results/g292_z43_q16e-qaic-v1.6.80-aic100/bert-99.9/offline/performance/run_1/mlperf_log_detail.txt.
[x] Check client sources checksum

[x] Check server sources checksum

[x] Check PTD commands and replies

[x] Check UUID

[x] Check session name

[x] Check time difference

[x] Check client server messages

[x] Check results checksum

[x] Check errors and warnings from PTD logs

[x] Check PTD configuration

[x] Check debug is disabled on server-side



All checks passed

[2mINFO   [m Sucessfully loaded MLPerf log from closed/GIGABYTE/results/g292_z43_q16e-qaic-v1.6.80-aic100/ssd-resnet34/server/accuracy/mlperf_log_detail.txt.
[2mINFO   [m Detected power logs for closed/GIGABYTE/results/g292_z43_q16e-qaic-v1.6.80-aic100/ssd-resnet34/server
[2mINFO   [m Sucessfully loaded MLPerf log from closed/GIGABYTE/results/g292_z43_q16e-qaic-v1.6.80-aic100/ssd-resnet34/server/performance/run_1/mlperf_log_detail.txt.
[2mINFO   [m Sucessfully loaded MLPerf log from closed/GIGABYTE/results/g292_z43_q16e-qaic-v1.6.80-aic100/ssd-resnet34/server/performance/run_1/mlperf_log_detail.txt.
[2mINFO   [m Sucessfully loaded MLPerf log from closed/GIGABYTE/results/g292_z43_q16e-qaic-v1.6.80-aic100/ssd-resnet34/server/performance/run_1/mlperf_log_detail.txt.
[x] Check client sources checksum

[x] Check server sources checksum

[x] Check PTD commands and replies

[x] Check UUID

[x] Check session name

[x] Check time difference

[x] Check client server messages

[x] Check results checksum

[x] Check errors and warnings from PTD logs

[x] Check PTD configuration

[x] Check debug is disabled on server-side



All checks passed

[2mINFO   [m Sucessfully loaded MLPerf log from closed/GIGABYTE/results/g292_z43_q16e-qaic-v1.6.80-aic100/ssd-resnet34/offline/accuracy/mlperf_log_detail.txt.
[2mINFO   [m Detected power logs for closed/GIGABYTE/results/g292_z43_q16e-qaic-v1.6.80-aic100/ssd-resnet34/offline
[2mINFO   [m Sucessfully loaded MLPerf log from closed/GIGABYTE/results/g292_z43_q16e-qaic-v1.6.80-aic100/ssd-resnet34/offline/performance/run_1/mlperf_log_detail.txt.
[2mINFO   [m Sucessfully loaded MLPerf log from closed/GIGABYTE/results/g292_z43_q16e-qaic-v1.6.80-aic100/ssd-resnet34/offline/performance/run_1/mlperf_log_detail.txt.
[2mINFO   [m Target latency: None, Latency: 615631652777, Scenario: Offline
[2mINFO   [m Sucessfully loaded MLPerf log from closed/GIGABYTE/results/g292_z43_q16e-qaic-v1.6.80-aic100/ssd-resnet34/offline/performance/run_1/mlperf_log_detail.txt.
[x] Check client sources checksum

[x] Check server sources checksum

[x] Check PTD commands and replies

[x] Check UUID

[x] Check session name

[x] Check time difference

[x] Check client server messages

[x] Check results checksum

[x] Check errors and warnings from PTD logs

[x] Check PTD configuration

[x] Check debug is disabled on server-side



All checks passed

[2mINFO   [m Sucessfully loaded MLPerf log from closed/GIGABYTE/results/r282_z93_q2-qaic-v1.6.80-aic100/bert-99/singlestream/accuracy/mlperf_log_detail.txt.
[2mINFO   [m Sucessfully loaded MLPerf log from closed/GIGABYTE/results/r282_z93_q2-qaic-v1.6.80-aic100/bert-99/singlestream/performance/run_1/mlperf_log_detail.txt.
[2mINFO   [m Sucessfully loaded MLPerf log from closed/GIGABYTE/results/r282_z93_q2-qaic-v1.6.80-aic100/bert-99/singlestream/performance/run_1/mlperf_log_detail.txt.
[2mINFO   [m Sucessfully loaded MLPerf log from closed/GIGABYTE/results/r282_z93_q2-qaic-v1.6.80-aic100/bert-99/offline/accuracy/mlperf_log_detail.txt.
[2mINFO   [m Sucessfully loaded MLPerf log from closed/GIGABYTE/results/r282_z93_q2-qaic-v1.6.80-aic100/bert-99/offline/performance/run_1/mlperf_log_detail.txt.
[2mINFO   [m Sucessfully loaded MLPerf log from closed/GIGABYTE/results/r282_z93_q2-qaic-v1.6.80-aic100/bert-99/offline/performance/run_1/mlperf_log_detail.txt.
[2mINFO   [m Target latency: None, Latency: 636309115992, Scenario: Offline
[2mINFO   [m Sucessfully loaded MLPerf log from closed/GIGABYTE/results/r282_z93_q2-qaic-v1.6.80-aic100/resnet50/multistream/accuracy/mlperf_log_detail.txt.
[2mINFO   [m Sucessfully loaded MLPerf log from closed/GIGABYTE/results/r282_z93_q2-qaic-v1.6.80-aic100/resnet50/multistream/performance/run_1/mlperf_log_detail.txt.
[2mINFO   [m Sucessfully loaded MLPerf log from closed/GIGABYTE/results/r282_z93_q2-qaic-v1.6.80-aic100/resnet50/multistream/performance/run_1/mlperf_log_detail.txt.
[2mINFO   [m Sucessfully loaded MLPerf log from closed/GIGABYTE/results/r282_z93_q2-qaic-v1.6.80-aic100/resnet50/singlestream/accuracy/mlperf_log_detail.txt.
[2mINFO   [m Sucessfully loaded MLPerf log from closed/GIGABYTE/results/r282_z93_q2-qaic-v1.6.80-aic100/resnet50/singlestream/performance/run_1/mlperf_log_detail.txt.
[2mINFO   [m Sucessfully loaded MLPerf log from closed/GIGABYTE/results/r282_z93_q2-qaic-v1.6.80-aic100/resnet50/singlestream/performance/run_1/mlperf_log_detail.txt.
[2mINFO   [m Sucessfully loaded MLPerf log from closed/GIGABYTE/results/r282_z93_q2-qaic-v1.6.80-aic100/resnet50/offline/accuracy/mlperf_log_detail.txt.
[2mINFO   [m Sucessfully loaded MLPerf log from closed/GIGABYTE/results/r282_z93_q2-qaic-v1.6.80-aic100/resnet50/offline/performance/run_1/mlperf_log_detail.txt.
[2mINFO   [m Sucessfully loaded MLPerf log from closed/GIGABYTE/results/r282_z93_q2-qaic-v1.6.80-aic100/resnet50/offline/performance/run_1/mlperf_log_detail.txt.
[2mINFO   [m Target latency: None, Latency: 634283573062, Scenario: Offline
[2mINFO   [m Sucessfully loaded MLPerf log from closed/GIGABYTE/results/r282_z93_q2-qaic-v1.6.80-aic100/ssd-mobilenet/multistream/accuracy/mlperf_log_detail.txt.
[2mINFO   [m Sucessfully loaded MLPerf log from closed/GIGABYTE/results/r282_z93_q2-qaic-v1.6.80-aic100/ssd-mobilenet/multistream/performance/run_1/mlperf_log_detail.txt.
[2mINFO   [m Sucessfully loaded MLPerf log from closed/GIGABYTE/results/r282_z93_q2-qaic-v1.6.80-aic100/ssd-mobilenet/multistream/performance/run_1/mlperf_log_detail.txt.
[2mINFO   [m Sucessfully loaded MLPerf log from closed/GIGABYTE/results/r282_z93_q2-qaic-v1.6.80-aic100/ssd-mobilenet/singlestream/accuracy/mlperf_log_detail.txt.
[2mINFO   [m Sucessfully loaded MLPerf log from closed/GIGABYTE/results/r282_z93_q2-qaic-v1.6.80-aic100/ssd-mobilenet/singlestream/performance/run_1/mlperf_log_detail.txt.
[2mINFO   [m Sucessfully loaded MLPerf log from closed/GIGABYTE/results/r282_z93_q2-qaic-v1.6.80-aic100/ssd-mobilenet/singlestream/performance/run_1/mlperf_log_detail.txt.
[2mINFO   [m Sucessfully loaded MLPerf log from closed/GIGABYTE/results/r282_z93_q2-qaic-v1.6.80-aic100/ssd-mobilenet/offline/accuracy/mlperf_log_detail.txt.
[2mINFO   [m Sucessfully loaded MLPerf log from closed/GIGABYTE/results/r282_z93_q2-qaic-v1.6.80-aic100/ssd-mobilenet/offline/performance/run_1/mlperf_log_detail.txt.
[2mINFO   [m Sucessfully loaded MLPerf log from closed/GIGABYTE/results/r282_z93_q2-qaic-v1.6.80-aic100/ssd-mobilenet/offline/performance/run_1/mlperf_log_detail.txt.
[2mINFO   [m Target latency: None, Latency: 642750436180, Scenario: Offline
[2mINFO   [m Sucessfully loaded MLPerf log from closed/GIGABYTE/results/r282_z93_q2-qaic-v1.6.80-aic100/ssd-resnet34/multistream/accuracy/mlperf_log_detail.txt.
[2mINFO   [m Sucessfully loaded MLPerf log from closed/GIGABYTE/results/r282_z93_q2-qaic-v1.6.80-aic100/ssd-resnet34/multistream/performance/run_1/mlperf_log_detail.txt.
[2mINFO   [m Sucessfully loaded MLPerf log from closed/GIGABYTE/results/r282_z93_q2-qaic-v1.6.80-aic100/ssd-resnet34/multistream/performance/run_1/mlperf_log_detail.txt.
[2mINFO   [m Sucessfully loaded MLPerf log from closed/GIGABYTE/results/r282_z93_q2-qaic-v1.6.80-aic100/ssd-resnet34/singlestream/accuracy/mlperf_log_detail.txt.
[2mINFO   [m Sucessfully loaded MLPerf log from closed/GIGABYTE/results/r282_z93_q2-qaic-v1.6.80-aic100/ssd-resnet34/singlestream/performance/run_1/mlperf_log_detail.txt.
[2mINFO   [m Sucessfully loaded MLPerf log from closed/GIGABYTE/results/r282_z93_q2-qaic-v1.6.80-aic100/ssd-resnet34/singlestream/performance/run_1/mlperf_log_detail.txt.
[2mINFO   [m Sucessfully loaded MLPerf log from closed/GIGABYTE/results/r282_z93_q2-qaic-v1.6.80-aic100/ssd-resnet34/offline/accuracy/mlperf_log_detail.txt.
[2mINFO   [m Sucessfully loaded MLPerf log from closed/GIGABYTE/results/r282_z93_q2-qaic-v1.6.80-aic100/ssd-resnet34/offline/performance/run_1/mlperf_log_detail.txt.
[2mINFO   [m Sucessfully loaded MLPerf log from closed/GIGABYTE/results/r282_z93_q2-qaic-v1.6.80-aic100/ssd-resnet34/offline/performance/run_1/mlperf_log_detail.txt.
[2mINFO   [m Target latency: None, Latency: 649694634975, Scenario: Offline
[2mINFO   [m ---
[2mINFO   [m Results closed/GIGABYTE/results/GIGABYTE-G492-ID0_A100-SXM-80GBx8_TRT/3d-unet-99.9/Offline 24.9183
[2mINFO   [m Results closed/GIGABYTE/results/GIGABYTE-G492-ID0_A100-SXM-80GBx8_TRT/3d-unet-99/Offline 24.9183
[2mINFO   [m Results closed/GIGABYTE/results/GIGABYTE-G492-ID0_A100-SXM-80GBx8_TRT/bert-99.9/Offline 14035.3
[2mINFO   [m Results closed/GIGABYTE/results/GIGABYTE-G492-ID0_A100-SXM-80GBx8_TRT/bert-99.9/Server 12838.8
[2mINFO   [m Results closed/GIGABYTE/results/GIGABYTE-G492-ID0_A100-SXM-80GBx8_TRT/bert-99/Offline 27941.3
[2mINFO   [m Results closed/GIGABYTE/results/GIGABYTE-G492-ID0_A100-SXM-80GBx8_TRT/bert-99/Server 25792.1
[2mINFO   [m Results closed/GIGABYTE/results/GIGABYTE-G492-ID0_A100-SXM-80GBx8_TRT/dlrm-99.9/Offline 2477180.0
[2mINFO   [m Results closed/GIGABYTE/results/GIGABYTE-G492-ID0_A100-SXM-80GBx8_TRT/dlrm-99.9/Server 2302640.0
[2mINFO   [m Results closed/GIGABYTE/results/GIGABYTE-G492-ID0_A100-SXM-80GBx8_TRT/dlrm-99/Offline 2477180.0
[2mINFO   [m Results closed/GIGABYTE/results/GIGABYTE-G492-ID0_A100-SXM-80GBx8_TRT/dlrm-99/Server 2302640.0
[2mINFO   [m Results closed/GIGABYTE/results/GIGABYTE-G492-ID0_A100-SXM-80GBx8_TRT/resnet50/Offline 313843.0
[2mINFO   [m Results closed/GIGABYTE/results/GIGABYTE-G492-ID0_A100-SXM-80GBx8_TRT/resnet50/Server 260031.0
[2mINFO   [m Results closed/GIGABYTE/results/GIGABYTE-G492-ID0_A100-SXM-80GBx8_TRT/rnnt/Offline 107624.0
[2mINFO   [m Results closed/GIGABYTE/results/GIGABYTE-G492-ID0_A100-SXM-80GBx8_TRT/rnnt/Server 104000.0
[2mINFO   [m Results closed/GIGABYTE/results/GIGABYTE-G492-ID0_A100-SXM-80GBx8_TRT/ssd-resnet34/Offline 7930.29
[2mINFO   [m Results closed/GIGABYTE/results/GIGABYTE-G492-ID0_A100-SXM-80GBx8_TRT/ssd-resnet34/Server 7574.78
[2mINFO   [m Results closed/GIGABYTE/results/g292_z43_q16-qaic-v1.6.80-aic100/bert-99.9/offline 5824.97
[2mINFO   [m Results closed/GIGABYTE/results/g292_z43_q16-qaic-v1.6.80-aic100/bert-99.9/server 5548.77
[2mINFO   [m Results closed/GIGABYTE/results/g292_z43_q16-qaic-v1.6.80-aic100/bert-99/offline 11777.9
[2mINFO   [m Results closed/GIGABYTE/results/g292_z43_q16-qaic-v1.6.80-aic100/bert-99/server 11313.9
[2mINFO   [m Results closed/GIGABYTE/results/g292_z43_q16-qaic-v1.6.80-aic100/resnet50/offline 371473.0
[2mINFO   [m Results closed/GIGABYTE/results/g292_z43_q16-qaic-v1.6.80-aic100/resnet50/server 327119.0
[2mINFO   [m Results closed/GIGABYTE/results/g292_z43_q16-qaic-v1.6.80-aic100/ssd-resnet34/offline 7236.82
[2mINFO   [m Results closed/GIGABYTE/results/g292_z43_q16-qaic-v1.6.80-aic100/ssd-resnet34/server 7185.02
[2mINFO   [m Results closed/GIGABYTE/results/g292_z43_q16e-qaic-v1.6.80-aic100/bert-99.9/offline 4629.870000 with power_metric = 1203.724776
[2mINFO   [m Results closed/GIGABYTE/results/g292_z43_q16e-qaic-v1.6.80-aic100/bert-99.9/server 4448.170000 with power_metric = 1215.170667
[2mINFO   [m Results closed/GIGABYTE/results/g292_z43_q16e-qaic-v1.6.80-aic100/bert-99/offline 10045.800000 with power_metric = 1371.413344
[2mINFO   [m Results closed/GIGABYTE/results/g292_z43_q16e-qaic-v1.6.80-aic100/bert-99/server 9594.980000 with power_metric = 1361.895667
[2mINFO   [m Results closed/GIGABYTE/results/g292_z43_q16e-qaic-v1.6.80-aic100/resnet50/offline 311873.000000 with power_metric = 1532.393643
[2mINFO   [m Results closed/GIGABYTE/results/g292_z43_q16e-qaic-v1.6.80-aic100/resnet50/server 265029.000000 with power_metric = 1348.775167
[2mINFO   [m Results closed/GIGABYTE/results/g292_z43_q16e-qaic-v1.6.80-aic100/ssd-resnet34/offline 6155.780000 with power_metric = 1507.102899
[2mINFO   [m Results closed/GIGABYTE/results/g292_z43_q16e-qaic-v1.6.80-aic100/ssd-resnet34/server 6078.030000 with power_metric = 1493.623500
[2mINFO   [m Results closed/GIGABYTE/results/r282_z93_q2-qaic-v1.6.80-aic100/bert-99/offline 1437.71
[2mINFO   [m Results closed/GIGABYTE/results/r282_z93_q2-qaic-v1.6.80-aic100/bert-99/singlestream 10.246509
[2mINFO   [m Results closed/GIGABYTE/results/r282_z93_q2-qaic-v1.6.80-aic100/resnet50/multistream 0.641536
[2mINFO   [m Results closed/GIGABYTE/results/r282_z93_q2-qaic-v1.6.80-aic100/resnet50/offline 46361.4
[2mINFO   [m Results closed/GIGABYTE/results/r282_z93_q2-qaic-v1.6.80-aic100/resnet50/singlestream 0.337392
[2mINFO   [m Results closed/GIGABYTE/results/r282_z93_q2-qaic-v1.6.80-aic100/ssd-mobilenet/multistream 1.518869
[2mINFO   [m Results closed/GIGABYTE/results/r282_z93_q2-qaic-v1.6.80-aic100/ssd-mobilenet/offline 38630.3
[2mINFO   [m Results closed/GIGABYTE/results/r282_z93_q2-qaic-v1.6.80-aic100/ssd-mobilenet/singlestream 0.679834
[2mINFO   [m Results closed/GIGABYTE/results/r282_z93_q2-qaic-v1.6.80-aic100/ssd-resnet34/multistream 28.03394
[2mINFO   [m Results closed/GIGABYTE/results/r282_z93_q2-qaic-v1.6.80-aic100/ssd-resnet34/offline 885.035
[2mINFO   [m Results closed/GIGABYTE/results/r282_z93_q2-qaic-v1.6.80-aic100/ssd-resnet34/singlestream 8.729229
[2mINFO   [m ---
[2mINFO   [m ---
[2mINFO   [m Results=43, NoResults=0
[2mINFO   [m SUMMARY: submission looks OK

[31m0[m errors, [33m0[m warnings, [2m216[m infos
