ptd-server 2022-02-13 03:05:56,688 [INFO] Got command from the client 'time'
ptd-server 2022-02-13 03:05:56,689 [INFO] Sending reply to client '1644721556.6890347'
ptd-server 2022-02-13 03:05:56,690 [INFO] Got command from the client 'new,,130deed9-4dfb-4b36-93bf-a7f52dfe1803'
ptd-server 2022-02-13 03:05:56,691 [INFO] Sending reply to client 'OK 2022-02-13_03-05-56,6749df50-8e86-4ea0-8ab9-914bc55bb033'
ptd-server 2022-02-13 03:05:56,728 [INFO] Got command from the client 'time'
ptd-server 2022-02-13 03:05:56,728 [INFO] Sending reply to client '1644721556.7287614'
ptd-server 2022-02-13 03:05:56,730 [INFO] Got command from the client 'session,2022-02-13_03-05-56,start,ranging'
ptd-server 2022-02-13 03:05:56,730 [INFO] Running PTDaemon: ['/home/anton/projects/mlperf/power/inference_v1.0/ptd-linux-x86', '-l', '/tmp/tmpxvec0g6h/ptd_logfile.txt', '-p', '8888', '49', '/dev/usbtmc0']
ptd-server 2022-02-13 03:06:13,903 [INFO] Sending to ptd: 'Hello'
ptd-server 2022-02-13 03:06:13,904 [INFO] Reply from ptd: 'Hello, PTDaemon here!'
ptd-server 2022-02-13 03:06:13,904 [INFO] Sending to ptd: 'Identify'
ptd-server 2022-02-13 03:06:13,905 [INFO] Reply from ptd: 'YokogawaWT310E,1000,1,1,1,1,0,1,1,version=1.9.2-e8c7a49a-20201208,OS=Linux 5.13.0-27-generic #29~20.04.1-Ubuntu SMP Fri Jan 14 00:32:30 UTC 2022 x86_64,mode=power,1,1,1,0,0,no_cal_date,YOKOGAWA;WT310E;C3XA04010E;F1.04'
ptd-server 2022-02-13 03:06:13,905 [INFO] Connected to PTDaemon
ptd-server 2022-02-13 03:06:13,905 [INFO] Sending to ptd: 'RR'
ptd-server 2022-02-13 03:06:13,905 [INFO] Reply from ptd: 'Ranges,0,0.500000,0,300.000000'
ptd-server 2022-02-13 03:06:13,905 [INFO] Initial range for Amps is 0.500000 for Volts is 300.000000
ptd-server 2022-02-13 03:06:13,905 [INFO] Sending to ptd: 'SR,V,Auto'
ptd-server 2022-02-13 03:06:14,408 [INFO] Reply from ptd: 'Range V changed'
ptd-server 2022-02-13 03:06:14,408 [INFO] Sending to ptd: 'SR,A,Auto'
ptd-server 2022-02-13 03:06:14,911 [INFO] Reply from ptd: 'Range A changed'
ptd-server 2022-02-13 03:06:24,921 [INFO] Starting ranging mode
ptd-server 2022-02-13 03:06:24,921 [INFO] Sending to ptd: 'Go,1000,0,2022-02-13_03-05-56_ranging'
ptd-server 2022-02-13 03:06:24,922 [INFO] Reply from ptd: 'Starting untimed measurement, maximum 500000 samples at 1000ms with 0 rampup samples'
ptd-server 2022-02-13 03:06:24,922 [INFO] Sending reply to client 'OK'
ptd-server 2022-02-13 03:16:41,004 [INFO] Got command from the client 'session,2022-02-13_03-05-56,stop,ranging'
ptd-server 2022-02-13 03:16:51,014 [INFO] Sending to ptd: 'Stop'
ptd-server 2022-02-13 03:16:51,015 [INFO] Reply from ptd: 'Stopping untimed measurement'
ptd-server 2022-02-13 03:16:51,570 [INFO] Sending reply to client 'OK'
ptd-server 2022-02-13 03:16:51,626 [INFO] Got command from the client 'time'
ptd-server 2022-02-13 03:16:51,626 [INFO] Sending reply to client '1644722211.62643'
ptd-server 2022-02-13 03:16:51,628 [INFO] Got command from the client 'session,2022-02-13_03-05-56,start,testing'
ptd-server 2022-02-13 03:16:51,628 [INFO] Sending to ptd: 'SR,V,251.650000'
ptd-server 2022-02-13 03:16:53,423 [INFO] Reply from ptd: 'Range V changed'
ptd-server 2022-02-13 03:16:53,423 [INFO] Sending to ptd: 'SR,A,0.134020'
ptd-server 2022-02-13 03:16:54,925 [INFO] Reply from ptd: 'Range A changed'
ptd-server 2022-02-13 03:17:04,935 [INFO] Starting testing mode
ptd-server 2022-02-13 03:17:04,935 [INFO] Sending to ptd: 'Go,1000,0,2022-02-13_03-05-56_testing'
ptd-server 2022-02-13 03:17:04,936 [INFO] Reply from ptd: 'Starting untimed measurement, maximum 500000 samples at 1000ms with 0 rampup samples'
ptd-server 2022-02-13 03:17:04,936 [INFO] Sending reply to client 'OK'
ptd-server 2022-02-13 03:27:20,908 [INFO] Got command from the client 'session,2022-02-13_03-05-56,stop,testing'
ptd-server 2022-02-13 03:27:30,919 [INFO] Sending to ptd: 'Stop'
ptd-server 2022-02-13 03:27:30,919 [INFO] Reply from ptd: 'Stopping untimed measurement'
ptd-server 2022-02-13 03:27:31,213 [INFO] Sending reply to client 'OK'
ptd-server 2022-02-13 03:27:31,231 [INFO] Got command from the client 'session,2022-02-13_03-05-56,done'
ptd-server 2022-02-13 03:27:31,231 [INFO] Sending to ptd: 'Stop'
ptd-server 2022-02-13 03:27:31,231 [INFO] Reply from ptd: 'Error: no measurement to stop'
ptd-server 2022-02-13 03:27:31,231 [INFO] Sending to ptd: 'SR,V,300.000000'
ptd-server 2022-02-13 03:27:32,732 [INFO] Reply from ptd: 'Range V changed'
ptd-server 2022-02-13 03:27:32,733 [INFO] Sending to ptd: 'SR,A,0.500000'
ptd-server 2022-02-13 03:27:34,234 [INFO] Reply from ptd: 'Range A changed'
ptd-server 2022-02-13 03:27:34,234 [INFO] Set initial values for Amps 0.500000 and Volts 300.000000
ptd-server 2022-02-13 03:27:34,234 [INFO] Stopping ptd...
