ptd-server 2022-02-18 15:50:36,236 [INFO] Got command from the client 'time'
ptd-server 2022-02-18 15:50:36,236 [INFO] Sending reply to client '1645221036.2363262'
ptd-server 2022-02-18 15:50:36,237 [INFO] Got command from the client 'new,,0822fe70-05ba-41d5-9d55-56353fd92c8e'
ptd-server 2022-02-18 15:50:36,237 [INFO] Sending reply to client 'OK 2022-02-18_15-50-36,42d8612d-fb9c-4bda-b9b6-9f8480ea99dd'
ptd-server 2022-02-18 15:50:36,345 [INFO] Got command from the client 'time'
ptd-server 2022-02-18 15:50:36,346 [INFO] Sending reply to client '1645221036.3461428'
ptd-server 2022-02-18 15:50:36,347 [INFO] Got command from the client 'session,2022-02-18_15-50-36,start,ranging'
ptd-server 2022-02-18 15:50:36,347 [INFO] Running PTDaemon: ['/local/mnt/workspace/mlcommons/power-main/inference_v1.0/ptd-linux-x86', '-l', '/tmp/tmp4zullp9k/ptd_logfile.txt', '-p', '8889', '49', '/dev/usbtmc0']
ptd-server 2022-02-18 15:50:53,468 [INFO] Sending to ptd: 'Hello'
ptd-server 2022-02-18 15:50:53,469 [INFO] Reply from ptd: 'Hello, PTDaemon here!'
ptd-server 2022-02-18 15:50:53,469 [INFO] Sending to ptd: 'Identify'
ptd-server 2022-02-18 15:50:53,470 [INFO] Reply from ptd: 'YokogawaWT310E,1000,1,1,1,1,0,1,1,version=1.9.2-e8c7a49a-20201208,OS=Linux 4.15.0-162-generic #170-Ubuntu SMP Mon Oct 18 11:38:05 UTC 2021 x86_64,mode=power,1,1,1,0,0,no_cal_date,YOKOGAWA;WT310E;C2XF16028V;F1.04'
ptd-server 2022-02-18 15:50:53,470 [INFO] Connected to PTDaemon
ptd-server 2022-02-18 15:50:53,470 [INFO] Sending to ptd: 'RR'
ptd-server 2022-02-18 15:50:53,471 [INFO] Reply from ptd: 'Ranges,1,5.000000,1,150.000000'
ptd-server 2022-02-18 15:50:53,471 [INFO] Initial range for Amps is Auto for Volts is Auto
ptd-server 2022-02-18 15:50:53,471 [INFO] Sending to ptd: 'SR,V,Auto'
ptd-server 2022-02-18 15:50:53,974 [INFO] Reply from ptd: 'Range V changed'
ptd-server 2022-02-18 15:50:53,974 [INFO] Sending to ptd: 'SR,A,Auto'
ptd-server 2022-02-18 15:50:54,477 [INFO] Reply from ptd: 'Range A changed'
ptd-server 2022-02-18 15:51:04,488 [INFO] Starting ranging mode
ptd-server 2022-02-18 15:51:04,488 [INFO] Sending to ptd: 'Go,1000,0,2022-02-18_15-50-36_ranging'
ptd-server 2022-02-18 15:51:04,489 [INFO] Reply from ptd: 'Starting untimed measurement, maximum 500000 samples at 1000ms with 0 rampup samples'
ptd-server 2022-02-18 15:51:04,489 [INFO] Sending reply to client 'OK'
ptd-server 2022-02-18 16:05:32,894 [INFO] Got command from the client 'session,2022-02-18_15-50-36,stop,ranging'
ptd-server 2022-02-18 16:05:42,904 [INFO] Sending to ptd: 'Stop'
ptd-server 2022-02-18 16:05:42,905 [INFO] Reply from ptd: 'Stopping untimed measurement'
ptd-server 2022-02-18 16:05:43,054 [INFO] Sending reply to client 'OK'
ptd-server 2022-02-18 16:05:43,152 [INFO] Got command from the client 'time'
ptd-server 2022-02-18 16:05:43,153 [INFO] Sending reply to client '1645221943.152986'
ptd-server 2022-02-18 16:05:43,153 [INFO] Got command from the client 'session,2022-02-18_15-50-36,start,testing'
ptd-server 2022-02-18 16:05:43,154 [INFO] Sending to ptd: 'SR,V,121.210000'
ptd-server 2022-02-18 16:05:44,991 [INFO] Reply from ptd: 'Range V changed'
ptd-server 2022-02-18 16:05:44,991 [INFO] Sending to ptd: 'SR,A,4.638500'
ptd-server 2022-02-18 16:05:46,493 [INFO] Reply from ptd: 'Range A changed'
ptd-server 2022-02-18 16:05:56,504 [INFO] Starting testing mode
ptd-server 2022-02-18 16:05:56,504 [INFO] Sending to ptd: 'Go,1000,0,2022-02-18_15-50-36_testing'
ptd-server 2022-02-18 16:05:56,504 [INFO] Reply from ptd: 'Starting untimed measurement, maximum 500000 samples at 1000ms with 0 rampup samples'
ptd-server 2022-02-18 16:05:56,505 [INFO] Sending reply to client 'OK'
ptd-server 2022-02-18 16:20:24,569 [INFO] Got command from the client 'session,2022-02-18_15-50-36,stop,testing'
ptd-server 2022-02-18 16:20:34,579 [INFO] Sending to ptd: 'Stop'
ptd-server 2022-02-18 16:20:34,580 [INFO] Reply from ptd: 'Stopping untimed measurement'
ptd-server 2022-02-18 16:20:34,662 [INFO] Sending reply to client 'OK'
ptd-server 2022-02-18 16:20:34,668 [INFO] Got command from the client 'session,2022-02-18_15-50-36,done'
ptd-server 2022-02-18 16:20:34,668 [INFO] Sending to ptd: 'Stop'
ptd-server 2022-02-18 16:20:35,504 [INFO] Reply from ptd: 'Error: no measurement to stop'
ptd-server 2022-02-18 16:20:35,505 [INFO] Sending to ptd: 'SR,V,Auto'
ptd-server 2022-02-18 16:20:36,008 [INFO] Reply from ptd: 'Range V changed'
ptd-server 2022-02-18 16:20:36,008 [INFO] Sending to ptd: 'SR,A,Auto'
ptd-server 2022-02-18 16:20:36,511 [INFO] Reply from ptd: 'Range A changed'
ptd-server 2022-02-18 16:20:36,511 [INFO] Set initial values for Amps Auto and Volts Auto
ptd-server 2022-02-18 16:20:36,511 [INFO] Stopping ptd...
