ptd-server 2022-02-17 21:18:38,922 [INFO] Got command from the client 'time'
ptd-server 2022-02-17 21:18:38,922 [INFO] Sending reply to client '1645132718.9221642'
ptd-server 2022-02-17 21:18:38,924 [INFO] Got command from the client 'new,,33f82f97-fff7-49af-8956-dd383cbe23b5'
ptd-server 2022-02-17 21:18:38,924 [INFO] Sending reply to client 'OK 2022-02-17_21-18-38,1ad52e88-b107-4d13-a10a-ffad924e71e1'
ptd-server 2022-02-17 21:18:38,965 [INFO] Got command from the client 'time'
ptd-server 2022-02-17 21:18:38,965 [INFO] Sending reply to client '1645132718.965524'
ptd-server 2022-02-17 21:18:38,967 [INFO] Got command from the client 'session,2022-02-17_21-18-38,start,ranging'
ptd-server 2022-02-17 21:18:38,968 [INFO] Running PTDaemon: ['/home/anton/projects/mlperf/power/inference_v1.0/ptd-linux-x86', '-l', '/tmp/tmpgldyt7rr/ptd_logfile.txt', '-p', '8888', '49', '/dev/usbtmc0']
ptd-server 2022-02-17 21:18:56,141 [INFO] Sending to ptd: 'Hello'
ptd-server 2022-02-17 21:18:56,142 [INFO] Reply from ptd: 'Hello, PTDaemon here!'
ptd-server 2022-02-17 21:18:56,142 [INFO] Sending to ptd: 'Identify'
ptd-server 2022-02-17 21:18:56,143 [INFO] Reply from ptd: 'YokogawaWT310E,1000,1,1,1,1,0,1,1,version=1.9.2-e8c7a49a-20201208,OS=Linux 5.13.0-28-generic #31~20.04.1-Ubuntu SMP Wed Jan 19 14:08:10 UTC 2022 x86_64,mode=power,1,1,1,0,0,no_cal_date,YOKOGAWA;WT310E;C3XA04010E;F1.04'
ptd-server 2022-02-17 21:18:56,143 [INFO] Connected to PTDaemon
ptd-server 2022-02-17 21:18:56,143 [INFO] Sending to ptd: 'RR'
ptd-server 2022-02-17 21:18:56,143 [INFO] Reply from ptd: 'Ranges,0,0.500000,0,300.000000'
ptd-server 2022-02-17 21:18:56,143 [INFO] Initial range for Amps is 0.500000 for Volts is 300.000000
ptd-server 2022-02-17 21:18:56,143 [INFO] Sending to ptd: 'SR,V,Auto'
ptd-server 2022-02-17 21:18:56,646 [INFO] Reply from ptd: 'Range V changed'
ptd-server 2022-02-17 21:18:56,646 [INFO] Sending to ptd: 'SR,A,Auto'
ptd-server 2022-02-17 21:18:57,149 [INFO] Reply from ptd: 'Range A changed'
ptd-server 2022-02-17 21:19:07,159 [INFO] Starting ranging mode
ptd-server 2022-02-17 21:19:07,159 [INFO] Sending to ptd: 'Go,1000,0,2022-02-17_21-18-38_ranging'
ptd-server 2022-02-17 21:19:07,159 [INFO] Reply from ptd: 'Starting untimed measurement, maximum 500000 samples at 1000ms with 0 rampup samples'
ptd-server 2022-02-17 21:19:07,160 [INFO] Sending reply to client 'OK'
ptd-server 2022-02-17 21:33:00,836 [INFO] Got command from the client 'session,2022-02-17_21-18-38,stop,ranging'
ptd-server 2022-02-17 21:33:10,846 [INFO] Sending to ptd: 'Stop'
ptd-server 2022-02-17 21:33:10,846 [INFO] Reply from ptd: 'Stopping untimed measurement'
ptd-server 2022-02-17 21:33:11,057 [INFO] Sending reply to client 'OK'
ptd-server 2022-02-17 21:33:11,191 [INFO] Got command from the client 'time'
ptd-server 2022-02-17 21:33:11,191 [INFO] Sending reply to client '1645133591.191229'
ptd-server 2022-02-17 21:33:11,194 [INFO] Got command from the client 'session,2022-02-17_21-18-38,start,testing'
ptd-server 2022-02-17 21:33:11,194 [INFO] Sending to ptd: 'SR,V,250.500000'
ptd-server 2022-02-17 21:33:12,695 [INFO] Reply from ptd: 'Range V changed'
ptd-server 2022-02-17 21:33:12,695 [INFO] Sending to ptd: 'SR,A,0.203740'
ptd-server 2022-02-17 21:33:14,197 [INFO] Reply from ptd: 'Range A changed'
ptd-server 2022-02-17 21:33:24,207 [INFO] Starting testing mode
ptd-server 2022-02-17 21:33:24,207 [INFO] Sending to ptd: 'Go,1000,0,2022-02-17_21-18-38_testing'
ptd-server 2022-02-17 21:33:24,207 [INFO] Reply from ptd: 'Starting untimed measurement, maximum 500000 samples at 1000ms with 0 rampup samples'
ptd-server 2022-02-17 21:33:24,208 [INFO] Sending reply to client 'OK'
ptd-server 2022-02-17 21:47:18,402 [INFO] Got command from the client 'session,2022-02-17_21-18-38,stop,testing'
ptd-server 2022-02-17 21:47:28,412 [INFO] Sending to ptd: 'Stop'
ptd-server 2022-02-17 21:47:28,413 [INFO] Reply from ptd: 'Stopping untimed measurement'
ptd-server 2022-02-17 21:47:28,533 [INFO] Sending reply to client 'OK'
ptd-server 2022-02-17 21:47:28,569 [INFO] Got command from the client 'session,2022-02-17_21-18-38,done'
ptd-server 2022-02-17 21:47:28,569 [INFO] Sending to ptd: 'Stop'
ptd-server 2022-02-17 21:47:29,207 [INFO] Reply from ptd: 'Error: no measurement to stop'
ptd-server 2022-02-17 21:47:29,207 [INFO] Sending to ptd: 'SR,V,300.000000'
ptd-server 2022-02-17 21:47:30,709 [INFO] Reply from ptd: 'Range V changed'
ptd-server 2022-02-17 21:47:30,709 [INFO] Sending to ptd: 'SR,A,0.500000'
ptd-server 2022-02-17 21:47:32,210 [INFO] Reply from ptd: 'Range A changed'
ptd-server 2022-02-17 21:47:32,210 [INFO] Set initial values for Amps 0.500000 and Volts 300.000000
ptd-server 2022-02-17 21:47:32,210 [INFO] Stopping ptd...
