ptd-server 2022-02-24 22:24:53,004 [INFO] Got command from the client 'stop'
ptd-server 2022-02-24 22:24:53,005 [INFO] The server will be stopped after processing this client
ptd-server 2022-02-24 22:24:53,006 [INFO] Sending reply to client 'OK'
ptd-server 2022-02-24 22:24:53,011 [INFO] Got command from the client 'time'
ptd-server 2022-02-24 22:24:53,012 [INFO] Sending reply to client '1645741493.0125017'
ptd-server 2022-02-24 22:24:53,014 [INFO] Got command from the client 'new,,5384a944-a0f2-43f0-a543-c0f28284ebac'
ptd-server 2022-02-24 22:24:53,015 [INFO] Sending reply to client 'OK 2022-02-24_22-24-53,8648f489-82fb-4d4e-bf06-f61302df716e'
ptd-server 2022-02-24 22:24:53,020 [INFO] Got command from the client 'time'
ptd-server 2022-02-24 22:24:53,020 [INFO] Sending reply to client '1645741493.0209777'
ptd-server 2022-02-24 22:24:53,022 [INFO] Got command from the client 'session,2022-02-24_22-24-53,start,ranging'
ptd-server 2022-02-24 22:24:53,124 [INFO] Running PTDaemon: ['.\\ptd-windows-x86.exe', '-l', 'C:\\Users\\root\\AppData\\Local\\Temp\\tmpy7oy_5la\\ptd_logfile.txt', '-p', '8888', '-c', '1', '-g', '8', '1']
ptd-server 2022-02-24 22:25:05,915 [INFO] Sending to ptd: 'Hello'
ptd-server 2022-02-24 22:25:05,916 [INFO] Reply from ptd: 'Hello, PTDaemon here!'
ptd-server 2022-02-24 22:25:05,917 [INFO] Sending to ptd: 'Identify'
ptd-server 2022-02-24 22:25:05,918 [INFO] Reply from ptd: 'YokogawaWT210,1000,1,1,1,1,0,0,1,version=1.9.2-3976349f-20201208,OS=Windows 8 / Server 2012,mode=power,1,1,1,0,0,no_cal_date,YOKOGAWA;760401;0;F1.12'
ptd-server 2022-02-24 22:25:05,919 [INFO] Connected to PTDaemon
ptd-server 2022-02-24 22:25:05,920 [INFO] Sending to ptd: 'RR'
ptd-server 2022-02-24 22:25:05,920 [INFO] Reply from ptd: 'Ranges,1,2.000000,1,150.000000'
ptd-server 2022-02-24 22:25:05,921 [INFO] Initial range for Amps is Auto for Volts is Auto
ptd-server 2022-02-24 22:25:05,922 [INFO] Sending to ptd: 'SR,V,Auto'
ptd-server 2022-02-24 22:25:06,447 [INFO] Reply from ptd: 'Range V changed'
ptd-server 2022-02-24 22:25:06,448 [INFO] Sending to ptd: 'SR,A,Auto'
ptd-server 2022-02-24 22:25:06,975 [INFO] Reply from ptd: 'Range A changed'
ptd-server 2022-02-24 22:25:16,983 [INFO] Starting ranging mode
ptd-server 2022-02-24 22:25:16,984 [INFO] Sending to ptd: 'Go,1000,0,2022-02-24_22-24-53_ranging'
ptd-server 2022-02-24 22:25:16,984 [INFO] Reply from ptd: 'Starting untimed measurement, maximum 500000 samples at 1000ms with 0 rampup samples'
ptd-server 2022-02-24 22:25:16,985 [INFO] Sending reply to client 'OK'
ptd-server 2022-02-24 22:38:52,836 [INFO] Got command from the client 'session,2022-02-24_22-24-53,stop,ranging'
ptd-server 2022-02-24 22:39:02,845 [INFO] Sending to ptd: 'Stop'
ptd-server 2022-02-24 22:39:02,846 [INFO] Reply from ptd: 'Stopping untimed measurement'
ptd-server 2022-02-24 22:39:02,874 [INFO] Sending reply to client 'OK'
ptd-server 2022-02-24 22:39:02,891 [INFO] Got command from the client 'time'
ptd-server 2022-02-24 22:39:02,892 [INFO] Sending reply to client '1645742342.8920865'
ptd-server 2022-02-24 22:39:02,893 [INFO] Got command from the client 'session,2022-02-24_22-24-53,start,testing'
ptd-server 2022-02-24 22:39:02,893 [INFO] Sending to ptd: 'SR,V,121.950000'
ptd-server 2022-02-24 22:39:04,521 [INFO] Reply from ptd: 'Range V changed'
ptd-server 2022-02-24 22:39:04,522 [INFO] Sending to ptd: 'SR,A,2.584600'
ptd-server 2022-02-24 22:39:06,057 [INFO] Reply from ptd: 'Range A changed'
ptd-server 2022-02-24 22:39:16,064 [INFO] Starting testing mode
ptd-server 2022-02-24 22:39:16,065 [INFO] Sending to ptd: 'Go,1000,0,2022-02-24_22-24-53_testing'
ptd-server 2022-02-24 22:39:16,066 [INFO] Reply from ptd: 'Starting untimed measurement, maximum 500000 samples at 1000ms with 0 rampup samples'
ptd-server 2022-02-24 22:39:16,067 [INFO] Sending reply to client 'OK'
ptd-server 2022-02-24 22:53:09,044 [INFO] Got command from the client 'session,2022-02-24_22-24-53,stop,testing'
ptd-server 2022-02-24 22:53:19,054 [INFO] Sending to ptd: 'Stop'
ptd-server 2022-02-24 22:53:19,055 [INFO] Reply from ptd: 'Stopping untimed measurement'
ptd-server 2022-02-24 22:53:19,084 [INFO] Sending reply to client 'OK'
ptd-server 2022-02-24 22:53:19,093 [INFO] Got command from the client 'session,2022-02-24_22-24-53,done'
ptd-server 2022-02-24 22:53:19,094 [INFO] Sending to ptd: 'Stop'
ptd-server 2022-02-24 22:53:19,094 [INFO] Reply from ptd: 'Error: no measurement to stop'
ptd-server 2022-02-24 22:53:19,095 [INFO] Sending to ptd: 'SR,V,Auto'
ptd-server 2022-02-24 22:53:19,625 [INFO] Reply from ptd: 'Range V changed'
ptd-server 2022-02-24 22:53:19,626 [INFO] Sending to ptd: 'SR,A,Auto'
ptd-server 2022-02-24 22:53:20,151 [INFO] Reply from ptd: 'Range A changed'
ptd-server 2022-02-24 22:53:20,152 [INFO] Set initial values for Amps Auto and Volts Auto
ptd-server 2022-02-24 22:53:20,153 [INFO] Stopping ptd...
