client 2022-02-05 09:02:24,567 [INFO] Sending command to the server: 'mlcommons/power client v3'
client 2022-02-05 09:02:24,568 [INFO] Got response: 'mlcommons/power server v3'
client 2022-02-05 09:02:24,568 [INFO] Sending command to the server: 'stop'
client 2022-02-05 09:02:24,570 [INFO] Got response: 'OK'
client 2022-02-05 09:02:24,570 [INFO] Synchronizing with the server and with ib-01.dc4-in.nvidia.com...
client 2022-02-05 09:02:24,784 [INFO] NTP:offset = 0.000 s, delay = 0.209 s 
client 2022-02-05 09:02:24,784 [INFO] Sending command to the server: 'time'
client 2022-02-05 09:02:24,785 [INFO] Got response: '1644051744.7902403'
client 2022-02-05 09:02:24,785 [INFO] The time difference between the client and the server is within range -6.088 ms..-4.527 ms
client 2022-02-05 09:02:24,785 [INFO] Sending command to the server: 'new,,d9cb58e8-a94c-42fc-9c59-1a2dbc0a5a13'
client 2022-02-05 09:02:24,787 [INFO] Got response: 'OK 2022-02-05_01-02-24,9b18bbe3-7685-473b-9087-5b99f1c4eeed'
client 2022-02-05 09:02:24,787 [INFO] Session id is '2022-02-05_01-02-24'
client 2022-02-05 09:02:24,787 [INFO] Sources: {"sources": {"__init__.py": "da39a3ee5e6b4b0d3255bfef95601890afd80709", "client.py": "33ca4f26368777ac06e01f9567b714a4b8063886", "lib/__init__.py": "da39a3ee5e6b4b0d3255bfef95601890afd80709", "lib/client.py": "4c2b78fb4849a7e5b584ef792d82aaed20b17f57", "lib/common.py": "624d0c0acc7c39aaff3674f0b99d6a09da53d1dc", "lib/external/__init__.py": "da39a3ee5e6b4b0d3255bfef95601890afd80709", "lib/external/ntplib.py": "4da8f970656505a40483206ef2b5d3dd5e81711d", "lib/server.py": "59c9fb92908260d3e9f81a895c7aa009742275e4", "lib/source_hashes.py": "60a2e02193209e8d392803326208d5466342da18", "lib/summary.py": "aa92f0a3f975eecd44d3c0cd0236342ccc9f941d", "lib/time_sync.py": "3210db56eb0ff0df57bf4293dc4d4b03fffd46f1", "server.py": "c3f90f2f7eeb4db30727556d0c815ebc89b3d28b", "tests/unit/__init__.py": "da39a3ee5e6b4b0d3255bfef95601890afd80709", "tests/unit/test_server.py": "99ae15aef722f2000ee6ed1ae1523637bf1ae42b", "tests/unit/test_source_hashes.py": "00468a2907583c593e6574a1f6b404e4651c221a"}, "modules": {"ptd_client_server.lib.client": "lib/client.py", "ptd_client_server.lib.common": "lib/common.py", "ptd_client_server.lib.external.ntplib": "lib/external/ntplib.py", "ptd_client_server.lib.source_hashes": "lib/source_hashes.py", "ptd_client_server.lib.summary": "lib/summary.py", "ptd_client_server.lib.time_sync": "lib/time_sync.py"}}
client 2022-02-05 09:02:24,791 [INFO] Running workload in ranging mode
client 2022-02-05 09:02:24,791 [INFO] Synchronizing with the server and with ib-01.dc4-in.nvidia.com...
client 2022-02-05 09:02:25,002 [INFO] NTP:offset = -0.000 s, delay = 0.209 s 
client 2022-02-05 09:02:25,002 [INFO] Sending command to the server: 'time'
client 2022-02-05 09:02:25,004 [INFO] Got response: '1644051745.005483'
client 2022-02-05 09:02:25,004 [INFO] The time difference between the client and the server is within range -2.538 ms..-0.780 ms
client 2022-02-05 09:02:25,004 [INFO] Sending command to the server: 'session,2022-02-05_01-02-24,start,ranging'
client 2022-02-05 09:03:06,437 [INFO] Got response: 'OK'
client 2022-02-05 09:03:06,437 [INFO] Running the workload 'LOG_DIR=/work/build/power_logs_temp python3 code/main.py --benchmarks=dlrm --scenarios=Offline --test_mode=PerformanceOnly --config_ver=maxq_high_accuracy --action="run_harness" \\\n\t\t2>&1 | tee -a /work/build/power_logs/2022.02.05-09.01.55/stdout.txt \\\n\t\t&& if [ ! -d /work/build/power_logs/2022.02.05-09.01.55/ranging_tmp ]; \\\n\t\t\tthen mkdir /work/build/power_logs/2022.02.05-09.01.55/ranging_tmp \\\n\t\t\t\t&& mv /work/build/power_logs_temp/* /work/build/power_logs/2022.02.05-09.01.55/ranging_tmp/ \\\n\t\t\t\t&& cp -v /work/build/power_logs/2022.02.05-09.01.55/ranging_tmp/*/*/*/mlperf_log_detail.txt /work/build/power_logs_temp/ \\\n\t\t\t\t&& cp -v /work/build/power_logs/2022.02.05-09.01.55/ranging_tmp/*/*/*/mlperf_log_summary.txt /work/build/power_logs_temp/; \\\n\t\t\telse mkdir /work/build/power_logs/2022.02.05-09.01.55/testing_tmp \\\n\t\t\t\t&& mv /work/build/power_logs_temp/* /work/build/power_logs/2022.02.05-09.01.55/testing_tmp/ \\\n\t\t\t\t&& cp -v /work/build/power_logs/2022.02.05-09.01.55/testing_tmp/*/*/*/mlperf_log_detail.txt /work/build/power_logs_temp/ \\\n\t\t\t\t&& cp -v /work/build/power_logs/2022.02.05-09.01.55/testing_tmp/*/*/*/mlperf_log_summary.txt /work/build/power_logs_temp/; fi'
client 2022-02-05 09:23:44,648 [INFO] Sending command to the server: 'session,2022-02-05_01-02-24,stop,ranging'
client 2022-02-05 09:23:54,718 [INFO] Got response: 'OK'
client 2022-02-05 09:23:54,740 [INFO] Copying loadgen logs from '/work/build/power_logs_temp' to '/work/build/power_logs/2022.02.05-09.01.55/2022-02-05_01-02-24/ranging'
client 2022-02-05 09:23:54,765 [INFO] Running workload in testing mode
client 2022-02-05 09:23:54,765 [INFO] Synchronizing with the server and with ib-01.dc4-in.nvidia.com...
client 2022-02-05 09:23:54,977 [INFO] NTP:offset = 0.000 s, delay = 0.209 s 
client 2022-02-05 09:23:54,977 [INFO] Sending command to the server: 'time'
client 2022-02-05 09:23:54,978 [INFO] Got response: '1644053034.9796615'
client 2022-02-05 09:23:54,978 [INFO] The time difference between the client and the server is within range -2.545 ms..-1.024 ms
client 2022-02-05 09:23:54,978 [INFO] Sending command to the server: 'session,2022-02-05_01-02-24,start,testing'
client 2022-02-05 09:24:17,119 [INFO] Got response: 'OK'
client 2022-02-05 09:24:17,120 [INFO] Running the workload 'LOG_DIR=/work/build/power_logs_temp python3 code/main.py --benchmarks=dlrm --scenarios=Offline --test_mode=PerformanceOnly --config_ver=maxq_high_accuracy --action="run_harness" \\\n\t\t2>&1 | tee -a /work/build/power_logs/2022.02.05-09.01.55/stdout.txt \\\n\t\t&& if [ ! -d /work/build/power_logs/2022.02.05-09.01.55/ranging_tmp ]; \\\n\t\t\tthen mkdir /work/build/power_logs/2022.02.05-09.01.55/ranging_tmp \\\n\t\t\t\t&& mv /work/build/power_logs_temp/* /work/build/power_logs/2022.02.05-09.01.55/ranging_tmp/ \\\n\t\t\t\t&& cp -v /work/build/power_logs/2022.02.05-09.01.55/ranging_tmp/*/*/*/mlperf_log_detail.txt /work/build/power_logs_temp/ \\\n\t\t\t\t&& cp -v /work/build/power_logs/2022.02.05-09.01.55/ranging_tmp/*/*/*/mlperf_log_summary.txt /work/build/power_logs_temp/; \\\n\t\t\telse mkdir /work/build/power_logs/2022.02.05-09.01.55/testing_tmp \\\n\t\t\t\t&& mv /work/build/power_logs_temp/* /work/build/power_logs/2022.02.05-09.01.55/testing_tmp/ \\\n\t\t\t\t&& cp -v /work/build/power_logs/2022.02.05-09.01.55/testing_tmp/*/*/*/mlperf_log_detail.txt /work/build/power_logs_temp/ \\\n\t\t\t\t&& cp -v /work/build/power_logs/2022.02.05-09.01.55/testing_tmp/*/*/*/mlperf_log_summary.txt /work/build/power_logs_temp/; fi'
client 2022-02-05 09:45:59,538 [INFO] Sending command to the server: 'session,2022-02-05_01-02-24,stop,testing'
client 2022-02-05 09:46:09,569 [INFO] Got response: 'OK'
client 2022-02-05 09:46:09,583 [INFO] Copying loadgen logs from '/work/build/power_logs_temp' to '/work/build/power_logs/2022.02.05-09.01.55/2022-02-05_01-02-24/run_1'
client 2022-02-05 09:46:09,617 [INFO] Done runs
