ptd-server 2022-02-05 01:02:24,567 [INFO] Got command from the client 'stop'
ptd-server 2022-02-05 01:02:24,567 [INFO] The server will be stopped after processing this client
ptd-server 2022-02-05 01:02:24,567 [INFO] Sending reply to client 'OK'
ptd-server 2022-02-05 01:02:24,790 [INFO] Got command from the client 'time'
ptd-server 2022-02-05 01:02:24,790 [INFO] Sending reply to client '1644051744.7902403'
ptd-server 2022-02-05 01:02:24,790 [INFO] Got command from the client 'new,,d9cb58e8-a94c-42fc-9c59-1a2dbc0a5a13'
ptd-server 2022-02-05 01:02:24,790 [INFO] Sending reply to client 'OK 2022-02-05_01-02-24,9b18bbe3-7685-473b-9087-5b99f1c4eeed'
ptd-server 2022-02-05 01:02:25,005 [INFO] Got command from the client 'time'
ptd-server 2022-02-05 01:02:25,005 [INFO] Sending reply to client '1644051745.005483'
ptd-server 2022-02-05 01:02:25,005 [INFO] Got command from the client 'session,2022-02-05_01-02-24,start,ranging'
ptd-server 2022-02-05 01:02:25,114 [INFO] Running PTDaemon: ['C:\\PTD\\ptd-windows-x86.exe', '-l', 'C:\\Users\\lab\\AppData\\Local\\Temp\\tmpzlvr9z3k\\ptd_logfile.txt', '-p', '8888', '-c', '1,3', '-y', '77', '10.117.41.199']
ptd-server 2022-02-05 01:02:46,270 [INFO] Sending to ptd: 'Hello'
ptd-server 2022-02-05 01:02:46,270 [INFO] Reply from ptd: 'Hello, PTDaemon here!'
ptd-server 2022-02-05 01:02:46,270 [INFO] Sending to ptd: 'Identify'
ptd-server 2022-02-05 01:02:46,270 [INFO] Reply from ptd: 'YokogawaWT330_multichannel,1000,1,1,1,1,0,0,1,version=1.9.2-3976349f-20201208,OS=Windows 8 / Server 2012,mode=power,1,1,2,0,0,no_cal_date,YOKOGAWA;WT333E;C2WL21011V;F1.04'
ptd-server 2022-02-05 01:02:46,270 [INFO] Connected to PTDaemon
ptd-server 2022-02-05 01:02:46,270 [INFO] Sending to ptd: 'RR'
ptd-server 2022-02-05 01:02:46,270 [INFO] Reply from ptd: 'Ranges,0,5.000000,0,300.000000'
ptd-server 2022-02-05 01:02:46,270 [INFO] Initial range for Amps is 5.000000 for Volts is 300.000000
ptd-server 2022-02-05 01:02:46,270 [INFO] Sending to ptd: 'SR,V,Auto'
ptd-server 2022-02-05 01:02:51,337 [INFO] Reply from ptd: 'Range V changed'
ptd-server 2022-02-05 01:02:51,337 [INFO] Sending to ptd: 'SR,A,Auto'
ptd-server 2022-02-05 01:02:56,420 [INFO] Reply from ptd: 'Range A changed'
ptd-server 2022-02-05 01:03:06,434 [INFO] Starting ranging mode
ptd-server 2022-02-05 01:03:06,440 [INFO] Sending to ptd: 'Go,1000,0,2022-02-05_01-02-24_ranging'
ptd-server 2022-02-05 01:03:06,440 [INFO] Reply from ptd: 'Starting untimed measurement, maximum 500000 samples at 1000ms with 0 rampup samples'
ptd-server 2022-02-05 01:03:06,440 [INFO] Sending reply to client 'OK'
ptd-server 2022-02-05 01:23:44,648 [INFO] Got command from the client 'session,2022-02-05_01-02-24,stop,ranging'
ptd-server 2022-02-05 01:23:54,663 [INFO] Sending to ptd: 'Stop'
ptd-server 2022-02-05 01:23:54,663 [INFO] Reply from ptd: 'Stopping untimed measurement'
ptd-server 2022-02-05 01:23:54,710 [INFO] Sending reply to client 'OK'
ptd-server 2022-02-05 01:23:54,979 [INFO] Got command from the client 'time'
ptd-server 2022-02-05 01:23:54,979 [INFO] Sending reply to client '1644053034.9796615'
ptd-server 2022-02-05 01:23:54,979 [INFO] Got command from the client 'session,2022-02-05_01-02-24,start,testing'
ptd-server 2022-02-05 01:23:54,979 [INFO] Sending to ptd: 'SR,V,205.850000'
ptd-server 2022-02-05 01:24:01,525 [INFO] Reply from ptd: 'Range V changed'
ptd-server 2022-02-05 01:24:01,525 [INFO] Sending to ptd: 'SR,A,4.331200'
ptd-server 2022-02-05 01:24:07,117 [INFO] Reply from ptd: 'Range A changed'
ptd-server 2022-02-05 01:24:17,117 [INFO] Starting testing mode
ptd-server 2022-02-05 01:24:17,117 [INFO] Sending to ptd: 'Go,1000,0,2022-02-05_01-02-24_testing'
ptd-server 2022-02-05 01:24:17,117 [INFO] Reply from ptd: 'Starting untimed measurement, maximum 500000 samples at 1000ms with 0 rampup samples'
ptd-server 2022-02-05 01:24:17,117 [INFO] Sending reply to client 'OK'
ptd-server 2022-02-05 01:45:59,536 [INFO] Got command from the client 'session,2022-02-05_01-02-24,stop,testing'
ptd-server 2022-02-05 01:46:09,552 [INFO] Sending to ptd: 'Stop'
ptd-server 2022-02-05 01:46:09,552 [INFO] Reply from ptd: 'Stopping untimed measurement'
ptd-server 2022-02-05 01:46:09,567 [INFO] Sending reply to client 'OK'
ptd-server 2022-02-05 01:46:09,708 [INFO] Got command from the client 'session,2022-02-05_01-02-24,done'
ptd-server 2022-02-05 01:46:09,708 [INFO] Sending to ptd: 'Stop'
ptd-server 2022-02-05 01:46:10,130 [INFO] Reply from ptd: 'Error: no measurement to stop'
ptd-server 2022-02-05 01:46:10,130 [INFO] Sending to ptd: 'SR,V,300.000000'
ptd-server 2022-02-05 01:46:16,220 [INFO] Reply from ptd: 'Range V changed'
ptd-server 2022-02-05 01:46:16,220 [INFO] Sending to ptd: 'SR,A,5.000000'
ptd-server 2022-02-05 01:46:21,799 [INFO] Reply from ptd: 'Range A changed'
ptd-server 2022-02-05 01:46:21,799 [INFO] Set initial values for Amps 5.000000 and Volts 300.000000
ptd-server 2022-02-05 01:46:21,799 [INFO] Stopping ptd...
