ptd-server 2022-02-22 13:19:32,798 [INFO] Got command from the client 'time'
ptd-server 2022-02-22 13:19:32,798 [INFO] Sending reply to client '1645535972.7982795'
ptd-server 2022-02-22 13:19:32,800 [INFO] Got command from the client 'new,,23e97dc3-47a2-45fc-b51c-7c50db8e2cfd'
ptd-server 2022-02-22 13:19:32,801 [INFO] Sending reply to client 'OK 2022-02-22_13-19-32,b4c9e301-7d52-4835-b19d-511566023102'
ptd-server 2022-02-22 13:19:32,838 [INFO] Got command from the client 'time'
ptd-server 2022-02-22 13:19:32,838 [INFO] Sending reply to client '1645535972.8382478'
ptd-server 2022-02-22 13:19:32,840 [INFO] Got command from the client 'session,2022-02-22_13-19-32,start,ranging'
ptd-server 2022-02-22 13:19:32,840 [INFO] Running PTDaemon: ['/home/anton/projects/mlperf/power/inference_v1.0/ptd-linux-x86', '-l', '/tmp/tmpgldyt7rr/ptd_logfile.txt', '-p', '8888', '49', '/dev/usbtmc0']
ptd-server 2022-02-22 13:19:50,014 [INFO] Sending to ptd: 'Hello'
ptd-server 2022-02-22 13:19:50,015 [INFO] Reply from ptd: 'Hello, PTDaemon here!'
ptd-server 2022-02-22 13:19:50,015 [INFO] Sending to ptd: 'Identify'
ptd-server 2022-02-22 13:19:50,015 [INFO] Reply from ptd: 'YokogawaWT310E,1000,1,1,1,1,0,1,1,version=1.9.2-e8c7a49a-20201208,OS=Linux 5.13.0-28-generic #31~20.04.1-Ubuntu SMP Wed Jan 19 14:08:10 UTC 2022 x86_64,mode=power,1,1,1,0,0,no_cal_date,YOKOGAWA;WT310E;C3XA04010E;F1.04'
ptd-server 2022-02-22 13:19:50,016 [INFO] Connected to PTDaemon
ptd-server 2022-02-22 13:19:50,016 [INFO] Sending to ptd: 'RR'
ptd-server 2022-02-22 13:19:50,016 [INFO] Reply from ptd: 'Ranges,0,0.500000,0,300.000000'
ptd-server 2022-02-22 13:19:50,016 [INFO] Initial range for Amps is 0.500000 for Volts is 300.000000
ptd-server 2022-02-22 13:19:50,016 [INFO] Sending to ptd: 'SR,V,Auto'
ptd-server 2022-02-22 13:19:50,519 [INFO] Reply from ptd: 'Range V changed'
ptd-server 2022-02-22 13:19:50,519 [INFO] Sending to ptd: 'SR,A,Auto'
ptd-server 2022-02-22 13:19:51,022 [INFO] Reply from ptd: 'Range A changed'
ptd-server 2022-02-22 13:20:01,023 [INFO] Starting ranging mode
ptd-server 2022-02-22 13:20:01,023 [INFO] Sending to ptd: 'Go,1000,0,2022-02-22_13-19-32_ranging'
ptd-server 2022-02-22 13:20:01,023 [INFO] Reply from ptd: 'Starting untimed measurement, maximum 500000 samples at 1000ms with 0 rampup samples'
ptd-server 2022-02-22 13:20:01,024 [INFO] Sending reply to client 'OK'
ptd-server 2022-02-22 13:30:30,430 [INFO] Got command from the client 'session,2022-02-22_13-19-32,stop,ranging'
ptd-server 2022-02-22 13:30:40,440 [INFO] Sending to ptd: 'Stop'
ptd-server 2022-02-22 13:30:40,441 [INFO] Reply from ptd: 'Stopping untimed measurement'
ptd-server 2022-02-22 13:30:41,188 [INFO] Sending reply to client 'OK'
ptd-server 2022-02-22 13:30:41,247 [INFO] Got command from the client 'time'
ptd-server 2022-02-22 13:30:41,247 [INFO] Sending reply to client '1645536641.2474396'
ptd-server 2022-02-22 13:30:41,249 [INFO] Got command from the client 'session,2022-02-22_13-19-32,start,testing'
ptd-server 2022-02-22 13:30:41,249 [INFO] Sending to ptd: 'SR,V,251.650000'
ptd-server 2022-02-22 13:30:42,750 [INFO] Reply from ptd: 'Range V changed'
ptd-server 2022-02-22 13:30:42,751 [INFO] Sending to ptd: 'SR,A,0.053520'
ptd-server 2022-02-22 13:30:44,252 [INFO] Reply from ptd: 'Range A changed'
ptd-server 2022-02-22 13:30:54,262 [INFO] Starting testing mode
ptd-server 2022-02-22 13:30:54,262 [INFO] Sending to ptd: 'Go,1000,0,2022-02-22_13-19-32_testing'
ptd-server 2022-02-22 13:30:54,263 [INFO] Reply from ptd: 'Starting untimed measurement, maximum 500000 samples at 1000ms with 0 rampup samples'
ptd-server 2022-02-22 13:30:54,263 [INFO] Sending reply to client 'OK'
ptd-server 2022-02-22 13:41:23,559 [INFO] Got command from the client 'session,2022-02-22_13-19-32,stop,testing'
ptd-server 2022-02-22 13:41:33,570 [INFO] Sending to ptd: 'Stop'
ptd-server 2022-02-22 13:41:33,570 [INFO] Reply from ptd: 'Stopping untimed measurement'
ptd-server 2022-02-22 13:41:33,950 [INFO] Sending reply to client 'OK'
ptd-server 2022-02-22 13:41:33,969 [INFO] Got command from the client 'session,2022-02-22_13-19-32,done'
ptd-server 2022-02-22 13:41:33,970 [INFO] Sending to ptd: 'Stop'
ptd-server 2022-02-22 13:41:34,264 [INFO] Reply from ptd: 'Error: no measurement to stop'
ptd-server 2022-02-22 13:41:34,264 [INFO] Sending to ptd: 'SR,V,300.000000'
ptd-server 2022-02-22 13:41:35,765 [INFO] Reply from ptd: 'Range V changed'
ptd-server 2022-02-22 13:41:35,765 [INFO] Sending to ptd: 'SR,A,0.500000'
ptd-server 2022-02-22 13:41:37,267 [INFO] Reply from ptd: 'Range A changed'
ptd-server 2022-02-22 13:41:37,267 [INFO] Set initial values for Amps 0.500000 and Volts 300.000000
ptd-server 2022-02-22 13:41:37,267 [INFO] Stopping ptd...
