ptd-server 2022-02-23 11:39:24,521 [INFO] Got command from the client 'time'
ptd-server 2022-02-23 11:39:24,521 [INFO] Sending reply to client '1645616364.521475'
ptd-server 2022-02-23 11:39:24,523 [INFO] Got command from the client 'new,,0915144b-817e-4426-ba71-82b6ff086b3f'
ptd-server 2022-02-23 11:39:24,524 [INFO] Sending reply to client 'OK 2022-02-23_11-39-24,3644f1b9-c670-4f86-a44b-5eb4f9cc24ca'
ptd-server 2022-02-23 11:39:24,561 [INFO] Got command from the client 'time'
ptd-server 2022-02-23 11:39:24,561 [INFO] Sending reply to client '1645616364.5612707'
ptd-server 2022-02-23 11:39:24,563 [INFO] Got command from the client 'session,2022-02-23_11-39-24,start,ranging'
ptd-server 2022-02-23 11:39:24,563 [INFO] Running PTDaemon: ['/home/anton/projects/mlperf/power/inference_v1.0/ptd-linux-x86', '-l', '/tmp/tmpgldyt7rr/ptd_logfile.txt', '-p', '8888', '49', '/dev/usbtmc0']
ptd-server 2022-02-23 11:39:41,736 [INFO] Sending to ptd: 'Hello'
ptd-server 2022-02-23 11:39:41,736 [INFO] Reply from ptd: 'Hello, PTDaemon here!'
ptd-server 2022-02-23 11:39:41,737 [INFO] Sending to ptd: 'Identify'
ptd-server 2022-02-23 11:39:41,737 [INFO] Reply from ptd: 'YokogawaWT310E,1000,1,1,1,1,0,1,1,version=1.9.2-e8c7a49a-20201208,OS=Linux 5.13.0-28-generic #31~20.04.1-Ubuntu SMP Wed Jan 19 14:08:10 UTC 2022 x86_64,mode=power,1,1,1,0,0,no_cal_date,YOKOGAWA;WT310E;C3XA04010E;F1.04'
ptd-server 2022-02-23 11:39:41,737 [INFO] Connected to PTDaemon
ptd-server 2022-02-23 11:39:41,737 [INFO] Sending to ptd: 'RR'
ptd-server 2022-02-23 11:39:41,738 [INFO] Reply from ptd: 'Ranges,0,0.500000,0,300.000000'
ptd-server 2022-02-23 11:39:41,738 [INFO] Initial range for Amps is 0.500000 for Volts is 300.000000
ptd-server 2022-02-23 11:39:41,738 [INFO] Sending to ptd: 'SR,V,Auto'
ptd-server 2022-02-23 11:39:42,240 [INFO] Reply from ptd: 'Range V changed'
ptd-server 2022-02-23 11:39:42,240 [INFO] Sending to ptd: 'SR,A,Auto'
ptd-server 2022-02-23 11:39:42,743 [INFO] Reply from ptd: 'Range A changed'
ptd-server 2022-02-23 11:39:52,753 [INFO] Starting ranging mode
ptd-server 2022-02-23 11:39:52,753 [INFO] Sending to ptd: 'Go,1000,0,2022-02-23_11-39-24_ranging'
ptd-server 2022-02-23 11:39:52,754 [INFO] Reply from ptd: 'Starting untimed measurement, maximum 500000 samples at 1000ms with 0 rampup samples'
ptd-server 2022-02-23 11:39:52,754 [INFO] Sending reply to client 'OK'
ptd-server 2022-02-23 11:50:22,015 [INFO] Got command from the client 'session,2022-02-23_11-39-24,stop,ranging'
ptd-server 2022-02-23 11:50:32,025 [INFO] Sending to ptd: 'Stop'
ptd-server 2022-02-23 11:50:32,026 [INFO] Reply from ptd: 'Stopping untimed measurement'
ptd-server 2022-02-23 11:50:32,879 [INFO] Sending reply to client 'OK'
ptd-server 2022-02-23 11:50:32,960 [INFO] Got command from the client 'time'
ptd-server 2022-02-23 11:50:32,960 [INFO] Sending reply to client '1645617032.9606662'
ptd-server 2022-02-23 11:50:32,962 [INFO] Got command from the client 'session,2022-02-23_11-39-24,start,testing'
ptd-server 2022-02-23 11:50:32,962 [INFO] Sending to ptd: 'SR,V,249.540000'
ptd-server 2022-02-23 11:50:34,464 [INFO] Reply from ptd: 'Range V changed'
ptd-server 2022-02-23 11:50:34,464 [INFO] Sending to ptd: 'SR,A,0.055110'
ptd-server 2022-02-23 11:50:35,965 [INFO] Reply from ptd: 'Range A changed'
ptd-server 2022-02-23 11:50:45,976 [INFO] Starting testing mode
ptd-server 2022-02-23 11:50:45,976 [INFO] Sending to ptd: 'Go,1000,0,2022-02-23_11-39-24_testing'
ptd-server 2022-02-23 11:50:45,976 [INFO] Reply from ptd: 'Starting untimed measurement, maximum 500000 samples at 1000ms with 0 rampup samples'
ptd-server 2022-02-23 11:50:45,976 [INFO] Sending reply to client 'OK'
ptd-server 2022-02-23 12:01:15,041 [INFO] Got command from the client 'session,2022-02-23_11-39-24,stop,testing'
ptd-server 2022-02-23 12:01:25,051 [INFO] Sending to ptd: 'Stop'
ptd-server 2022-02-23 12:01:25,052 [INFO] Reply from ptd: 'Stopping untimed measurement'
ptd-server 2022-02-23 12:01:25,486 [INFO] Sending reply to client 'OK'
ptd-server 2022-02-23 12:01:25,506 [INFO] Got command from the client 'session,2022-02-23_11-39-24,done'
ptd-server 2022-02-23 12:01:25,506 [INFO] Sending to ptd: 'Stop'
ptd-server 2022-02-23 12:01:25,976 [INFO] Reply from ptd: 'Error: no measurement to stop'
ptd-server 2022-02-23 12:01:25,976 [INFO] Sending to ptd: 'SR,V,300.000000'
ptd-server 2022-02-23 12:01:27,478 [INFO] Reply from ptd: 'Range V changed'
ptd-server 2022-02-23 12:01:27,478 [INFO] Sending to ptd: 'SR,A,0.500000'
ptd-server 2022-02-23 12:01:28,979 [INFO] Reply from ptd: 'Range A changed'
ptd-server 2022-02-23 12:01:28,979 [INFO] Set initial values for Amps 0.500000 and Volts 300.000000
ptd-server 2022-02-23 12:01:28,979 [INFO] Stopping ptd...
