client 2022-02-22 16:42:53,573 [INFO] Sending command to the server: 'mlcommons/power client v3'
client 2022-02-22 16:42:53,574 [INFO] Got response: 'mlcommons/power server v3'
client 2022-02-22 16:42:53,574 [INFO] Sending command to the server: 'stop'
client 2022-02-22 16:42:53,576 [INFO] Got response: 'OK'
client 2022-02-22 16:42:53,576 [INFO] Synchronizing with the server and with ntp.aliyun.com...
client 2022-02-22 16:42:53,650 [INFO] NTP:offset = 0.046 s, delay = 0.020 s 
client 2022-02-22 16:42:53,650 [INFO] Sending command to the server: 'time'
client 2022-02-22 16:42:53,651 [INFO] Got response: '1645548173.5752778'
client 2022-02-22 16:42:53,651 [INFO] The time difference between the client and the server is within range 74.987 ms..76.443 ms
client 2022-02-22 16:42:53,651 [INFO] Sending command to the server: 'new,,4eb30bb9-826e-4076-94d0-d0226efc24ca'
client 2022-02-22 16:42:53,653 [INFO] Got response: 'OK 2022-02-22_16-42-53,52b6b987-9fa7-468d-8673-848db0736f31'
client 2022-02-22 16:42:53,653 [INFO] Session id is '2022-02-22_16-42-53'
client 2022-02-22 16:42:53,653 [INFO] Sources: {"sources": {"__init__.py": "da39a3ee5e6b4b0d3255bfef95601890afd80709", "client.py": "33ca4f26368777ac06e01f9567b714a4b8063886", "lib/__init__.py": "da39a3ee5e6b4b0d3255bfef95601890afd80709", "lib/client.py": "4c2b78fb4849a7e5b584ef792d82aaed20b17f57", "lib/common.py": "624d0c0acc7c39aaff3674f0b99d6a09da53d1dc", "lib/external/__init__.py": "da39a3ee5e6b4b0d3255bfef95601890afd80709", "lib/external/ntplib.py": "4da8f970656505a40483206ef2b5d3dd5e81711d", "lib/server.py": "59c9fb92908260d3e9f81a895c7aa009742275e4", "lib/source_hashes.py": "60a2e02193209e8d392803326208d5466342da18", "lib/summary.py": "aa92f0a3f975eecd44d3c0cd0236342ccc9f941d", "lib/time_sync.py": "3210db56eb0ff0df57bf4293dc4d4b03fffd46f1", "server.py": "c3f90f2f7eeb4db30727556d0c815ebc89b3d28b", "tests/unit/__init__.py": "da39a3ee5e6b4b0d3255bfef95601890afd80709", "tests/unit/test_server.py": "99ae15aef722f2000ee6ed1ae1523637bf1ae42b", "tests/unit/test_source_hashes.py": "00468a2907583c593e6574a1f6b404e4651c221a"}, "modules": {"ptd_client_server.lib.client": "lib/client.py", "ptd_client_server.lib.common": "lib/common.py", "ptd_client_server.lib.external.ntplib": "lib/external/ntplib.py", "ptd_client_server.lib.source_hashes": "lib/source_hashes.py", "ptd_client_server.lib.summary": "lib/summary.py", "ptd_client_server.lib.time_sync": "lib/time_sync.py"}}
client 2022-02-22 16:42:53,653 [INFO] Running workload in ranging mode
client 2022-02-22 16:42:53,653 [INFO] Synchronizing with the server and with ntp.aliyun.com...
client 2022-02-22 16:42:53,762 [INFO] NTP:offset = 0.049 s, delay = 0.024 s 
client 2022-02-22 16:42:53,762 [INFO] Sending command to the server: 'time'
client 2022-02-22 16:42:53,763 [INFO] Got response: '1645548173.686784'
client 2022-02-22 16:42:53,763 [INFO] The time difference between the client and the server is within range 75.426 ms..76.708 ms
client 2022-02-22 16:42:53,763 [INFO] Sending command to the server: 'session,2022-02-22_16-42-53,start,ranging'
client 2022-02-22 16:43:24,903 [INFO] Got response: 'OK'
client 2022-02-22 16:43:24,903 [INFO] Running the workload 'LOG_DIR=/work/build/power_logs_temp python3 code/main.py --benchmarks=rnnt --scenarios=Offline --test_mode=PerformanceOnly --config_ver=maxq --action="run_harness" \\\n\t\t2>&1 | tee -a /work/build/power_logs/2022.02.22-16.42.39/stdout.txt \\\n\t\t&& if [ ! -d /work/build/power_logs/2022.02.22-16.42.39/ranging_tmp ]; \\\n\t\t\tthen mkdir /work/build/power_logs/2022.02.22-16.42.39/ranging_tmp \\\n\t\t\t\t&& mv /work/build/power_logs_temp/* /work/build/power_logs/2022.02.22-16.42.39/ranging_tmp/ \\\n\t\t\t\t&& cp -v /work/build/power_logs/2022.02.22-16.42.39/ranging_tmp/*/*/*/mlperf_log_detail.txt /work/build/power_logs_temp/ \\\n\t\t\t\t&& cp -v /work/build/power_logs/2022.02.22-16.42.39/ranging_tmp/*/*/*/mlperf_log_summary.txt /work/build/power_logs_temp/; \\\n\t\t\telse mkdir /work/build/power_logs/2022.02.22-16.42.39/testing_tmp \\\n\t\t\t\t&& mv /work/build/power_logs_temp/* /work/build/power_logs/2022.02.22-16.42.39/testing_tmp/ \\\n\t\t\t\t&& cp -v /work/build/power_logs/2022.02.22-16.42.39/testing_tmp/*/*/*/mlperf_log_detail.txt /work/build/power_logs_temp/ \\\n\t\t\t\t&& cp -v /work/build/power_logs/2022.02.22-16.42.39/testing_tmp/*/*/*/mlperf_log_summary.txt /work/build/power_logs_temp/; fi'
client 2022-02-22 16:56:00,172 [INFO] Sending command to the server: 'session,2022-02-22_16-42-53,stop,ranging'
client 2022-02-22 16:56:10,204 [INFO] Got response: 'OK'
client 2022-02-22 16:56:10,213 [INFO] Copying loadgen logs from '/work/build/power_logs_temp' to '/work/build/power_logs/2022.02.22-16.42.39/2022-02-22_16-42-53/ranging'
client 2022-02-22 16:56:10,214 [INFO] Running workload in testing mode
client 2022-02-22 16:56:10,214 [INFO] Synchronizing with the server and with ntp.aliyun.com...
client 2022-02-22 16:56:10,321 [INFO] NTP:offset = 0.043 s, delay = 0.023 s 
client 2022-02-22 16:56:10,321 [INFO] Sending command to the server: 'time'
client 2022-02-22 16:56:10,324 [INFO] Got response: '1645548970.23769'
client 2022-02-22 16:56:10,324 [INFO] The time difference between the client and the server is within range 84.087 ms..87.169 ms
client 2022-02-22 16:56:10,324 [INFO] Sending command to the server: 'session,2022-02-22_16-42-53,start,testing'
client 2022-02-22 16:56:24,113 [INFO] Got response: 'OK'
client 2022-02-22 16:56:24,113 [INFO] Running the workload 'LOG_DIR=/work/build/power_logs_temp python3 code/main.py --benchmarks=rnnt --scenarios=Offline --test_mode=PerformanceOnly --config_ver=maxq --action="run_harness" \\\n\t\t2>&1 | tee -a /work/build/power_logs/2022.02.22-16.42.39/stdout.txt \\\n\t\t&& if [ ! -d /work/build/power_logs/2022.02.22-16.42.39/ranging_tmp ]; \\\n\t\t\tthen mkdir /work/build/power_logs/2022.02.22-16.42.39/ranging_tmp \\\n\t\t\t\t&& mv /work/build/power_logs_temp/* /work/build/power_logs/2022.02.22-16.42.39/ranging_tmp/ \\\n\t\t\t\t&& cp -v /work/build/power_logs/2022.02.22-16.42.39/ranging_tmp/*/*/*/mlperf_log_detail.txt /work/build/power_logs_temp/ \\\n\t\t\t\t&& cp -v /work/build/power_logs/2022.02.22-16.42.39/ranging_tmp/*/*/*/mlperf_log_summary.txt /work/build/power_logs_temp/; \\\n\t\t\telse mkdir /work/build/power_logs/2022.02.22-16.42.39/testing_tmp \\\n\t\t\t\t&& mv /work/build/power_logs_temp/* /work/build/power_logs/2022.02.22-16.42.39/testing_tmp/ \\\n\t\t\t\t&& cp -v /work/build/power_logs/2022.02.22-16.42.39/testing_tmp/*/*/*/mlperf_log_detail.txt /work/build/power_logs_temp/ \\\n\t\t\t\t&& cp -v /work/build/power_logs/2022.02.22-16.42.39/testing_tmp/*/*/*/mlperf_log_summary.txt /work/build/power_logs_temp/; fi'
client 2022-02-22 17:08:47,421 [INFO] Sending command to the server: 'session,2022-02-22_16-42-53,stop,testing'
client 2022-02-22 17:08:57,454 [INFO] Got response: 'OK'
client 2022-02-22 17:08:57,456 [INFO] Copying loadgen logs from '/work/build/power_logs_temp' to '/work/build/power_logs/2022.02.22-16.42.39/2022-02-22_16-42-53/run_1'
client 2022-02-22 17:08:57,457 [INFO] Done runs
