ptd-server 2022-02-22 16:42:53,499 [INFO] Got command from the client 'stop'
ptd-server 2022-02-22 16:42:53,499 [INFO] The server will be stopped after processing this client
ptd-server 2022-02-22 16:42:53,500 [INFO] Sending reply to client 'OK'
ptd-server 2022-02-22 16:42:53,574 [INFO] Got command from the client 'time'
ptd-server 2022-02-22 16:42:53,575 [INFO] Sending reply to client '1645548173.5752778'
ptd-server 2022-02-22 16:42:53,576 [INFO] Got command from the client 'new,,4eb30bb9-826e-4076-94d0-d0226efc24ca'
ptd-server 2022-02-22 16:42:53,577 [INFO] Sending reply to client 'OK 2022-02-22_16-42-53,52b6b987-9fa7-468d-8673-848db0736f31'
ptd-server 2022-02-22 16:42:53,686 [INFO] Got command from the client 'time'
ptd-server 2022-02-22 16:42:53,686 [INFO] Sending reply to client '1645548173.686784'
ptd-server 2022-02-22 16:42:53,687 [INFO] Got command from the client 'session,2022-02-22_16-42-53,start,ranging'
ptd-server 2022-02-22 16:42:53,795 [INFO] Running PTDaemon: ['C:\\PTD\\ptd-windows-x86.exe', '-l', 'C:\\Users\\mlperf\\AppData\\Local\\Temp\\tmpt9fasc85\\ptd_logfile.txt', '-p', '8888', '49', 'COM4']
ptd-server 2022-02-22 16:43:13,651 [INFO] Sending to ptd: 'Hello'
ptd-server 2022-02-22 16:43:13,652 [INFO] Reply from ptd: 'Hello, PTDaemon here!'
ptd-server 2022-02-22 16:43:13,652 [INFO] Sending to ptd: 'Identify'
ptd-server 2022-02-22 16:43:13,653 [INFO] Reply from ptd: 'YokogawaWT310E,1000,1,1,1,1,0,1,1,version=1.9.2-3976349f-20201208,OS=Windows 8 / Server 2012,mode=power,1,1,1,0,0,no_cal_date,YOKOGAWA;WT310E;C3TA11005E;F1.02'
ptd-server 2022-02-22 16:43:13,653 [INFO] Connected to PTDaemon
ptd-server 2022-02-22 16:43:13,653 [INFO] Sending to ptd: 'RR'
ptd-server 2022-02-22 16:43:13,654 [INFO] Reply from ptd: 'Ranges,0,10.000000,0,300.000000'
ptd-server 2022-02-22 16:43:13,654 [INFO] Initial range for Amps is 10.000000 for Volts is 300.000000
ptd-server 2022-02-22 16:43:13,655 [INFO] Sending to ptd: 'SR,V,Auto'
ptd-server 2022-02-22 16:43:14,229 [INFO] Reply from ptd: 'Range V changed'
ptd-server 2022-02-22 16:43:14,230 [INFO] Sending to ptd: 'SR,A,Auto'
ptd-server 2022-02-22 16:43:14,801 [INFO] Reply from ptd: 'Range A changed'
ptd-server 2022-02-22 16:43:24,819 [INFO] Starting ranging mode
ptd-server 2022-02-22 16:43:24,824 [INFO] Sending to ptd: 'Go,1000,0,2022-02-22_16-42-53_ranging'
ptd-server 2022-02-22 16:43:24,825 [INFO] Reply from ptd: 'Starting untimed measurement, maximum 500000 samples at 1000ms with 0 rampup samples'
ptd-server 2022-02-22 16:43:24,825 [INFO] Sending reply to client 'OK'
ptd-server 2022-02-22 16:56:00,087 [INFO] Got command from the client 'session,2022-02-22_16-42-53,stop,ranging'
ptd-server 2022-02-22 16:56:10,096 [INFO] Sending to ptd: 'Stop'
ptd-server 2022-02-22 16:56:10,102 [INFO] Reply from ptd: 'Stopping untimed measurement'
ptd-server 2022-02-22 16:56:10,117 [INFO] Sending reply to client 'OK'
ptd-server 2022-02-22 16:56:10,236 [INFO] Got command from the client 'time'
ptd-server 2022-02-22 16:56:10,237 [INFO] Sending reply to client '1645548970.23769'
ptd-server 2022-02-22 16:56:10,238 [INFO] Got command from the client 'session,2022-02-22_16-42-53,start,testing'
ptd-server 2022-02-22 16:56:10,239 [INFO] Sending to ptd: 'SR,V,225.760000'
ptd-server 2022-02-22 16:56:12,422 [INFO] Reply from ptd: 'Range V changed'
ptd-server 2022-02-22 16:56:12,428 [INFO] Sending to ptd: 'SR,A,3.917400'
ptd-server 2022-02-22 16:56:14,006 [INFO] Reply from ptd: 'Range A changed'
ptd-server 2022-02-22 16:56:24,022 [INFO] Starting testing mode
ptd-server 2022-02-22 16:56:24,024 [INFO] Sending to ptd: 'Go,1000,0,2022-02-22_16-42-53_testing'
ptd-server 2022-02-22 16:56:24,025 [INFO] Reply from ptd: 'Starting untimed measurement, maximum 500000 samples at 1000ms with 0 rampup samples'
ptd-server 2022-02-22 16:56:24,025 [INFO] Sending reply to client 'OK'
ptd-server 2022-02-22 17:08:47,328 [INFO] Got command from the client 'session,2022-02-22_16-42-53,stop,testing'
ptd-server 2022-02-22 17:08:57,340 [INFO] Sending to ptd: 'Stop'
ptd-server 2022-02-22 17:08:57,345 [INFO] Reply from ptd: 'Stopping untimed measurement'
ptd-server 2022-02-22 17:08:57,357 [INFO] Sending reply to client 'OK'
ptd-server 2022-02-22 17:08:57,366 [INFO] Got command from the client 'session,2022-02-22_16-42-53,done'
ptd-server 2022-02-22 17:08:57,366 [INFO] Sending to ptd: 'Stop'
ptd-server 2022-02-22 17:08:58,036 [INFO] Reply from ptd: 'Error: no measurement to stop'
ptd-server 2022-02-22 17:08:58,036 [INFO] Sending to ptd: 'SR,V,300.000000'
ptd-server 2022-02-22 17:08:59,622 [INFO] Reply from ptd: 'Range V changed'
ptd-server 2022-02-22 17:08:59,622 [INFO] Sending to ptd: 'SR,A,10.000000'
ptd-server 2022-02-22 17:09:01,202 [INFO] Reply from ptd: 'Range A changed'
ptd-server 2022-02-22 17:09:01,207 [INFO] Set initial values for Amps 10.000000 and Volts 300.000000
ptd-server 2022-02-22 17:09:01,208 [INFO] Stopping ptd...
