ptd-server 2022-02-19 11:10:37,049 [INFO] Got command from the client 'time'
ptd-server 2022-02-19 11:10:37,049 [INFO] Sending reply to client '1645269037.0495358'
ptd-server 2022-02-19 11:10:37,050 [INFO] Got command from the client 'new,,9a07d548-7491-4da1-8033-feba2b77268a'
ptd-server 2022-02-19 11:10:37,051 [INFO] Sending reply to client 'OK 2022-02-19_11-10-37,0cda2163-c1da-44b8-b964-bfd064a8eafb'
ptd-server 2022-02-19 11:10:37,076 [INFO] Got command from the client 'time'
ptd-server 2022-02-19 11:10:37,076 [INFO] Sending reply to client '1645269037.0767322'
ptd-server 2022-02-19 11:10:37,077 [INFO] Got command from the client 'session,2022-02-19_11-10-37,start,ranging'
ptd-server 2022-02-19 11:10:37,078 [INFO] Running PTDaemon: ['/home/anton/projects/mlperf/power/inference_v1.0/ptd-linux-x86', '-l', '/tmp/tmpgldyt7rr/ptd_logfile.txt', '-p', '8888', '49', '/dev/usbtmc0']
ptd-server 2022-02-19 11:10:54,251 [INFO] Sending to ptd: 'Hello'
ptd-server 2022-02-19 11:10:54,252 [INFO] Reply from ptd: 'Hello, PTDaemon here!'
ptd-server 2022-02-19 11:10:54,252 [INFO] Sending to ptd: 'Identify'
ptd-server 2022-02-19 11:10:54,252 [INFO] Reply from ptd: 'YokogawaWT310E,1000,1,1,1,1,0,1,1,version=1.9.2-e8c7a49a-20201208,OS=Linux 5.13.0-28-generic #31~20.04.1-Ubuntu SMP Wed Jan 19 14:08:10 UTC 2022 x86_64,mode=power,1,1,1,0,0,no_cal_date,YOKOGAWA;WT310E;C3XA04010E;F1.04'
ptd-server 2022-02-19 11:10:54,252 [INFO] Connected to PTDaemon
ptd-server 2022-02-19 11:10:54,253 [INFO] Sending to ptd: 'RR'
ptd-server 2022-02-19 11:10:54,253 [INFO] Reply from ptd: 'Ranges,0,0.500000,0,300.000000'
ptd-server 2022-02-19 11:10:54,253 [INFO] Initial range for Amps is 0.500000 for Volts is 300.000000
ptd-server 2022-02-19 11:10:54,253 [INFO] Sending to ptd: 'SR,V,Auto'
ptd-server 2022-02-19 11:10:54,756 [INFO] Reply from ptd: 'Range V changed'
ptd-server 2022-02-19 11:10:54,756 [INFO] Sending to ptd: 'SR,A,Auto'
ptd-server 2022-02-19 11:10:55,258 [INFO] Reply from ptd: 'Range A changed'
ptd-server 2022-02-19 11:11:05,265 [INFO] Starting ranging mode
ptd-server 2022-02-19 11:11:05,265 [INFO] Sending to ptd: 'Go,1000,0,2022-02-19_11-10-37_ranging'
ptd-server 2022-02-19 11:11:05,266 [INFO] Reply from ptd: 'Starting untimed measurement, maximum 500000 samples at 1000ms with 0 rampup samples'
ptd-server 2022-02-19 11:11:05,266 [INFO] Sending reply to client 'OK'
ptd-server 2022-02-19 11:21:43,348 [INFO] Got command from the client 'session,2022-02-19_11-10-37,stop,ranging'
ptd-server 2022-02-19 11:21:53,358 [INFO] Sending to ptd: 'Stop'
ptd-server 2022-02-19 11:21:53,358 [INFO] Reply from ptd: 'Stopping untimed measurement'
ptd-server 2022-02-19 11:21:53,703 [INFO] Sending reply to client 'OK'
ptd-server 2022-02-19 11:21:53,772 [INFO] Got command from the client 'time'
ptd-server 2022-02-19 11:21:53,772 [INFO] Sending reply to client '1645269713.772755'
ptd-server 2022-02-19 11:21:53,774 [INFO] Got command from the client 'session,2022-02-19_11-10-37,start,testing'
ptd-server 2022-02-19 11:21:53,774 [INFO] Sending to ptd: 'SR,V,247.050000'
ptd-server 2022-02-19 11:21:55,768 [INFO] Reply from ptd: 'Range V changed'
ptd-server 2022-02-19 11:21:55,768 [INFO] Sending to ptd: 'SR,A,0.041810'
ptd-server 2022-02-19 11:21:57,269 [INFO] Reply from ptd: 'Range A changed'
ptd-server 2022-02-19 11:22:07,280 [INFO] Starting testing mode
ptd-server 2022-02-19 11:22:07,280 [INFO] Sending to ptd: 'Go,1000,0,2022-02-19_11-10-37_testing'
ptd-server 2022-02-19 11:22:07,280 [INFO] Reply from ptd: 'Starting untimed measurement, maximum 500000 samples at 1000ms with 0 rampup samples'
ptd-server 2022-02-19 11:22:07,280 [INFO] Sending reply to client 'OK'
ptd-server 2022-02-19 11:32:46,150 [INFO] Got command from the client 'session,2022-02-19_11-10-37,stop,testing'
ptd-server 2022-02-19 11:32:56,160 [INFO] Sending to ptd: 'Stop'
ptd-server 2022-02-19 11:32:56,161 [INFO] Reply from ptd: 'Stopping untimed measurement'
ptd-server 2022-02-19 11:32:56,353 [INFO] Sending reply to client 'OK'
ptd-server 2022-02-19 11:32:56,371 [INFO] Got command from the client 'session,2022-02-19_11-10-37,done'
ptd-server 2022-02-19 11:32:56,371 [INFO] Sending to ptd: 'Stop'
ptd-server 2022-02-19 11:32:56,372 [INFO] Reply from ptd: 'Error: no measurement to stop'
ptd-server 2022-02-19 11:32:56,372 [INFO] Sending to ptd: 'SR,V,300.000000'
ptd-server 2022-02-19 11:32:57,873 [INFO] Reply from ptd: 'Range V changed'
ptd-server 2022-02-19 11:32:57,873 [INFO] Sending to ptd: 'SR,A,0.500000'
ptd-server 2022-02-19 11:32:59,375 [INFO] Reply from ptd: 'Range A changed'
ptd-server 2022-02-19 11:32:59,375 [INFO] Set initial values for Amps 0.500000 and Volts 300.000000
ptd-server 2022-02-19 11:32:59,375 [INFO] Stopping ptd...
