client 2022-02-17 16:36:37,779 [INFO] Sending command to the server: 'mlcommons/power client v3'
client 2022-02-17 16:36:37,780 [INFO] Got response: 'mlcommons/power server v3'
client 2022-02-17 16:36:37,780 [INFO] Synchronizing with the server and with ntp1.css.fujitsu.com...
client 2022-02-17 16:36:37,800 [INFO] NTP:offset = 0.000 s, delay = 0.015 s 
client 2022-02-17 16:36:37,800 [INFO] Sending command to the server: 'time'
client 2022-02-17 16:36:37,802 [INFO] Got response: '1645115797.8764505'
client 2022-02-17 16:36:37,803 [INFO] The time difference between the client and the server is within range -75.775 ms..-73.431 ms
client 2022-02-17 16:36:37,803 [INFO] Sending command to the server: 'new,,5f475cb0-c02d-44bc-90ed-db55a2a9d962'
client 2022-02-17 16:36:37,806 [INFO] Got response: 'OK 2022-02-18_01-36-37,64cd1acf-e719-4c87-86da-49a7ce695334'
client 2022-02-17 16:36:37,806 [INFO] Session id is '2022-02-18_01-36-37'
client 2022-02-17 16:36:37,806 [INFO] Sources: {"sources": {"__init__.py": "da39a3ee5e6b4b0d3255bfef95601890afd80709", "client.py": "33ca4f26368777ac06e01f9567b714a4b8063886", "lib/__init__.py": "da39a3ee5e6b4b0d3255bfef95601890afd80709", "lib/client.py": "4c2b78fb4849a7e5b584ef792d82aaed20b17f57", "lib/common.py": "624d0c0acc7c39aaff3674f0b99d6a09da53d1dc", "lib/external/__init__.py": "da39a3ee5e6b4b0d3255bfef95601890afd80709", "lib/external/ntplib.py": "4da8f970656505a40483206ef2b5d3dd5e81711d", "lib/server.py": "59c9fb92908260d3e9f81a895c7aa009742275e4", "lib/source_hashes.py": "60a2e02193209e8d392803326208d5466342da18", "lib/summary.py": "aa92f0a3f975eecd44d3c0cd0236342ccc9f941d", "lib/time_sync.py": "3210db56eb0ff0df57bf4293dc4d4b03fffd46f1", "server.py": "c3f90f2f7eeb4db30727556d0c815ebc89b3d28b", "tests/unit/__init__.py": "da39a3ee5e6b4b0d3255bfef95601890afd80709", "tests/unit/test_server.py": "99ae15aef722f2000ee6ed1ae1523637bf1ae42b", "tests/unit/test_source_hashes.py": "00468a2907583c593e6574a1f6b404e4651c221a"}, "modules": {"ptd_client_server.lib.client": "lib/client.py", "ptd_client_server.lib.common": "lib/common.py", "ptd_client_server.lib.external.ntplib": "lib/external/ntplib.py", "ptd_client_server.lib.source_hashes": "lib/source_hashes.py", "ptd_client_server.lib.summary": "lib/summary.py", "ptd_client_server.lib.time_sync": "lib/time_sync.py"}}
client 2022-02-17 16:36:37,807 [INFO] Running workload in ranging mode
client 2022-02-17 16:36:37,807 [INFO] Synchronizing with the server and with ntp1.css.fujitsu.com...
client 2022-02-17 16:36:37,824 [INFO] NTP:offset = -0.000 s, delay = 0.015 s 
client 2022-02-17 16:36:37,824 [INFO] Sending command to the server: 'time'
client 2022-02-17 16:36:37,831 [INFO] Got response: '1645115797.9076807'
client 2022-02-17 16:36:37,831 [INFO] The time difference between the client and the server is within range -82.972 ms..-76.077 ms
client 2022-02-17 16:36:37,831 [INFO] Sending command to the server: 'session,2022-02-18_01-36-37,start,ranging'
client 2022-02-17 16:37:06,863 [INFO] Got response: 'OK'
client 2022-02-17 16:37:06,863 [INFO] Running the workload 'LOG_DIR=/work/build/power_logs_temp python3 code/main.py --benchmarks=3d-unet --scenarios=Offline --test_mode=PerformanceOnly --accuracy_target=0.999 --power_setting=MaxQ --action="run_harness" \\\n\t\t2>&1 | tee -a /work/build/power_logs/2022.02.17-16.36.16/stdout.txt \\\n\t\t&& if [ ! -d /work/build/power_logs/2022.02.17-16.36.16/ranging_tmp ]; \\\n\t\t\tthen mkdir /work/build/power_logs/2022.02.17-16.36.16/ranging_tmp \\\n\t\t\t\t&& mv /work/build/power_logs_temp/* /work/build/power_logs/2022.02.17-16.36.16/ranging_tmp/ \\\n\t\t\t\t&& cp -v /work/build/power_logs/2022.02.17-16.36.16/ranging_tmp/*/*/*/mlperf_log_detail.txt /work/build/power_logs_temp/ \\\n\t\t\t\t&& cp -v /work/build/power_logs/2022.02.17-16.36.16/ranging_tmp/*/*/*/mlperf_log_summary.txt /work/build/power_logs_temp/; \\\n\t\t\telse mkdir /work/build/power_logs/2022.02.17-16.36.16/testing_tmp \\\n\t\t\t\t&& mv /work/build/power_logs_temp/* /work/build/power_logs/2022.02.17-16.36.16/testing_tmp/ \\\n\t\t\t\t&& cp -v /work/build/power_logs/2022.02.17-16.36.16/testing_tmp/*/*/*/mlperf_log_detail.txt /work/build/power_logs_temp/ \\\n\t\t\t\t&& cp -v /work/build/power_logs/2022.02.17-16.36.16/testing_tmp/*/*/*/mlperf_log_summary.txt /work/build/power_logs_temp/; fi'
client 2022-02-17 16:55:43,560 [INFO] Sending command to the server: 'session,2022-02-18_01-36-37,stop,ranging'
client 2022-02-17 16:55:53,668 [INFO] Got response: 'OK'
client 2022-02-17 16:55:53,677 [INFO] Copying loadgen logs from '/work/build/power_logs_temp' to '/work/build/power_logs/2022.02.17-16.36.16/2022-02-18_01-36-37/ranging'
client 2022-02-17 16:55:53,678 [INFO] Running workload in testing mode
client 2022-02-17 16:55:53,678 [INFO] Synchronizing with the server and with ntp1.css.fujitsu.com...
client 2022-02-17 16:55:53,696 [INFO] NTP:offset = 0.000 s, delay = 0.015 s 
client 2022-02-17 16:55:53,696 [INFO] Sending command to the server: 'time'
client 2022-02-17 16:55:53,699 [INFO] Got response: '1645116953.777103'
client 2022-02-17 16:55:53,699 [INFO] The time difference between the client and the server is within range -80.534 ms..-77.645 ms
client 2022-02-17 16:55:53,699 [INFO] Sending command to the server: 'session,2022-02-18_01-36-37,start,testing'
client 2022-02-17 16:56:06,949 [INFO] Got response: 'OK'
client 2022-02-17 16:56:06,949 [INFO] Running the workload 'LOG_DIR=/work/build/power_logs_temp python3 code/main.py --benchmarks=3d-unet --scenarios=Offline --test_mode=PerformanceOnly --accuracy_target=0.999 --power_setting=MaxQ --action="run_harness" \\\n\t\t2>&1 | tee -a /work/build/power_logs/2022.02.17-16.36.16/stdout.txt \\\n\t\t&& if [ ! -d /work/build/power_logs/2022.02.17-16.36.16/ranging_tmp ]; \\\n\t\t\tthen mkdir /work/build/power_logs/2022.02.17-16.36.16/ranging_tmp \\\n\t\t\t\t&& mv /work/build/power_logs_temp/* /work/build/power_logs/2022.02.17-16.36.16/ranging_tmp/ \\\n\t\t\t\t&& cp -v /work/build/power_logs/2022.02.17-16.36.16/ranging_tmp/*/*/*/mlperf_log_detail.txt /work/build/power_logs_temp/ \\\n\t\t\t\t&& cp -v /work/build/power_logs/2022.02.17-16.36.16/ranging_tmp/*/*/*/mlperf_log_summary.txt /work/build/power_logs_temp/; \\\n\t\t\telse mkdir /work/build/power_logs/2022.02.17-16.36.16/testing_tmp \\\n\t\t\t\t&& mv /work/build/power_logs_temp/* /work/build/power_logs/2022.02.17-16.36.16/testing_tmp/ \\\n\t\t\t\t&& cp -v /work/build/power_logs/2022.02.17-16.36.16/testing_tmp/*/*/*/mlperf_log_detail.txt /work/build/power_logs_temp/ \\\n\t\t\t\t&& cp -v /work/build/power_logs/2022.02.17-16.36.16/testing_tmp/*/*/*/mlperf_log_summary.txt /work/build/power_logs_temp/; fi'
client 2022-02-17 17:14:43,533 [INFO] Sending command to the server: 'session,2022-02-18_01-36-37,stop,testing'
client 2022-02-17 17:14:53,586 [INFO] Got response: 'OK'
client 2022-02-17 17:14:53,588 [INFO] Copying loadgen logs from '/work/build/power_logs_temp' to '/work/build/power_logs/2022.02.17-16.36.16/2022-02-18_01-36-37/run_1'
client 2022-02-17 17:14:53,589 [INFO] Done runs
