ptd-server 2022-02-17 01:50:15,063 [INFO] Got command from the client 'time'
ptd-server 2022-02-17 01:50:15,063 [INFO] Sending reply to client '1645062615.0634854'
ptd-server 2022-02-17 01:50:15,064 [INFO] Got command from the client 'new,,5f57ccd3-f176-4287-8c54-fc4d21facedb'
ptd-server 2022-02-17 01:50:15,065 [INFO] Sending reply to client 'OK 2022-02-17_01-50-15,715bb5d1-9617-4d84-9f04-732ea7d94b88'
ptd-server 2022-02-17 01:50:15,093 [INFO] Got command from the client 'time'
ptd-server 2022-02-17 01:50:15,093 [INFO] Sending reply to client '1645062615.0932937'
ptd-server 2022-02-17 01:50:15,094 [INFO] Got command from the client 'session,2022-02-17_01-50-15,start,ranging'
ptd-server 2022-02-17 01:50:15,094 [INFO] Running PTDaemon: ['/home/anton/projects/mlperf/power/inference_v1.0/ptd-linux-x86', '-l', '/tmp/tmpgldyt7rr/ptd_logfile.txt', '-p', '8888', '49', '/dev/usbtmc0']
ptd-server 2022-02-17 01:50:32,267 [INFO] Sending to ptd: 'Hello'
ptd-server 2022-02-17 01:50:32,267 [INFO] Reply from ptd: 'Hello, PTDaemon here!'
ptd-server 2022-02-17 01:50:32,267 [INFO] Sending to ptd: 'Identify'
ptd-server 2022-02-17 01:50:32,268 [INFO] Reply from ptd: 'YokogawaWT310E,1000,1,1,1,1,0,1,1,version=1.9.2-e8c7a49a-20201208,OS=Linux 5.13.0-28-generic #31~20.04.1-Ubuntu SMP Wed Jan 19 14:08:10 UTC 2022 x86_64,mode=power,1,1,1,0,0,no_cal_date,YOKOGAWA;WT310E;C3XA04010E;F1.04'
ptd-server 2022-02-17 01:50:32,268 [INFO] Connected to PTDaemon
ptd-server 2022-02-17 01:50:32,268 [INFO] Sending to ptd: 'RR'
ptd-server 2022-02-17 01:50:32,268 [INFO] Reply from ptd: 'Ranges,0,0.500000,0,300.000000'
ptd-server 2022-02-17 01:50:32,268 [INFO] Initial range for Amps is 0.500000 for Volts is 300.000000
ptd-server 2022-02-17 01:50:32,268 [INFO] Sending to ptd: 'SR,V,Auto'
ptd-server 2022-02-17 01:50:32,771 [INFO] Reply from ptd: 'Range V changed'
ptd-server 2022-02-17 01:50:32,771 [INFO] Sending to ptd: 'SR,A,Auto'
ptd-server 2022-02-17 01:50:33,274 [INFO] Reply from ptd: 'Range A changed'
ptd-server 2022-02-17 01:50:43,284 [INFO] Starting ranging mode
ptd-server 2022-02-17 01:50:43,284 [INFO] Sending to ptd: 'Go,1000,0,2022-02-17_01-50-15_ranging'
ptd-server 2022-02-17 01:50:43,285 [INFO] Reply from ptd: 'Starting untimed measurement, maximum 500000 samples at 1000ms with 0 rampup samples'
ptd-server 2022-02-17 01:50:43,285 [INFO] Sending reply to client 'OK'
ptd-server 2022-02-17 02:01:00,339 [INFO] Got command from the client 'session,2022-02-17_01-50-15,stop,ranging'
ptd-server 2022-02-17 02:01:10,350 [INFO] Sending to ptd: 'Stop'
ptd-server 2022-02-17 02:01:10,350 [INFO] Reply from ptd: 'Stopping untimed measurement'
ptd-server 2022-02-17 02:01:10,466 [INFO] Sending reply to client 'OK'
ptd-server 2022-02-17 02:01:10,555 [INFO] Got command from the client 'time'
ptd-server 2022-02-17 02:01:10,555 [INFO] Sending reply to client '1645063270.5552225'
ptd-server 2022-02-17 02:01:10,557 [INFO] Got command from the client 'session,2022-02-17_01-50-15,start,testing'
ptd-server 2022-02-17 02:01:10,558 [INFO] Sending to ptd: 'SR,V,250.850000'
ptd-server 2022-02-17 02:01:12,786 [INFO] Reply from ptd: 'Range V changed'
ptd-server 2022-02-17 02:01:12,786 [INFO] Sending to ptd: 'SR,A,0.046410'
ptd-server 2022-02-17 02:01:14,288 [INFO] Reply from ptd: 'Range A changed'
ptd-server 2022-02-17 02:01:24,298 [INFO] Starting testing mode
ptd-server 2022-02-17 02:01:24,298 [INFO] Sending to ptd: 'Go,1000,0,2022-02-17_01-50-15_testing'
ptd-server 2022-02-17 02:01:24,299 [INFO] Reply from ptd: 'Starting untimed measurement, maximum 500000 samples at 1000ms with 0 rampup samples'
ptd-server 2022-02-17 02:01:24,299 [INFO] Sending reply to client 'OK'
ptd-server 2022-02-17 02:11:42,085 [INFO] Got command from the client 'session,2022-02-17_01-50-15,stop,testing'
ptd-server 2022-02-17 02:11:52,096 [INFO] Sending to ptd: 'Stop'
ptd-server 2022-02-17 02:11:52,096 [INFO] Reply from ptd: 'Stopping untimed measurement'
ptd-server 2022-02-17 02:11:52,155 [INFO] Sending reply to client 'OK'
ptd-server 2022-02-17 02:11:52,176 [INFO] Got command from the client 'session,2022-02-17_01-50-15,done'
ptd-server 2022-02-17 02:11:52,176 [INFO] Sending to ptd: 'Stop'
ptd-server 2022-02-17 02:11:52,299 [INFO] Reply from ptd: 'Error: no measurement to stop'
ptd-server 2022-02-17 02:11:52,300 [INFO] Sending to ptd: 'SR,V,300.000000'
ptd-server 2022-02-17 02:11:53,801 [INFO] Reply from ptd: 'Range V changed'
ptd-server 2022-02-17 02:11:53,801 [INFO] Sending to ptd: 'SR,A,0.500000'
ptd-server 2022-02-17 02:11:55,303 [INFO] Reply from ptd: 'Range A changed'
ptd-server 2022-02-17 02:11:55,303 [INFO] Set initial values for Amps 0.500000 and Volts 300.000000
ptd-server 2022-02-17 02:11:55,303 [INFO] Stopping ptd...
