ptd-server 2022-02-19 02:15:17,193 [INFO] Got command from the client 'time'
ptd-server 2022-02-19 02:15:17,193 [INFO] Sending reply to client '1645236917.1931798'
ptd-server 2022-02-19 02:15:17,194 [INFO] Got command from the client 'new,,08a08da5-86de-43f5-98ab-ab86d1ef2695'
ptd-server 2022-02-19 02:15:17,195 [INFO] Sending reply to client 'OK 2022-02-19_02-15-17,5adaf27b-3791-4924-b95a-997fcf024eac'
ptd-server 2022-02-19 02:15:17,222 [INFO] Got command from the client 'time'
ptd-server 2022-02-19 02:15:17,222 [INFO] Sending reply to client '1645236917.2228718'
ptd-server 2022-02-19 02:15:17,224 [INFO] Got command from the client 'session,2022-02-19_02-15-17,start,ranging'
ptd-server 2022-02-19 02:15:17,225 [INFO] Running PTDaemon: ['/home/anton/projects/mlperf/power/inference_v1.0/ptd-linux-x86', '-l', '/tmp/tmpgldyt7rr/ptd_logfile.txt', '-p', '8888', '49', '/dev/usbtmc0']
ptd-server 2022-02-19 02:15:34,391 [INFO] Sending to ptd: 'Hello'
ptd-server 2022-02-19 02:15:34,391 [INFO] Reply from ptd: 'Hello, PTDaemon here!'
ptd-server 2022-02-19 02:15:34,391 [INFO] Sending to ptd: 'Identify'
ptd-server 2022-02-19 02:15:34,392 [INFO] Reply from ptd: 'YokogawaWT310E,1000,1,1,1,1,0,1,1,version=1.9.2-e8c7a49a-20201208,OS=Linux 5.13.0-28-generic #31~20.04.1-Ubuntu SMP Wed Jan 19 14:08:10 UTC 2022 x86_64,mode=power,1,1,1,0,0,no_cal_date,YOKOGAWA;WT310E;C3XA04010E;F1.04'
ptd-server 2022-02-19 02:15:34,392 [INFO] Connected to PTDaemon
ptd-server 2022-02-19 02:15:34,392 [INFO] Sending to ptd: 'RR'
ptd-server 2022-02-19 02:15:34,392 [INFO] Reply from ptd: 'Ranges,0,0.500000,0,300.000000'
ptd-server 2022-02-19 02:15:34,392 [INFO] Initial range for Amps is 0.500000 for Volts is 300.000000
ptd-server 2022-02-19 02:15:34,393 [INFO] Sending to ptd: 'SR,V,Auto'
ptd-server 2022-02-19 02:15:34,895 [INFO] Reply from ptd: 'Range V changed'
ptd-server 2022-02-19 02:15:34,895 [INFO] Sending to ptd: 'SR,A,Auto'
ptd-server 2022-02-19 02:15:35,398 [INFO] Reply from ptd: 'Range A changed'
ptd-server 2022-02-19 02:15:45,408 [INFO] Starting ranging mode
ptd-server 2022-02-19 02:15:45,408 [INFO] Sending to ptd: 'Go,1000,0,2022-02-19_02-15-17_ranging'
ptd-server 2022-02-19 02:15:45,408 [INFO] Reply from ptd: 'Starting untimed measurement, maximum 500000 samples at 1000ms with 0 rampup samples'
ptd-server 2022-02-19 02:15:45,409 [INFO] Sending reply to client 'OK'
ptd-server 2022-02-19 02:26:09,966 [INFO] Got command from the client 'session,2022-02-19_02-15-17,stop,ranging'
ptd-server 2022-02-19 02:26:19,977 [INFO] Sending to ptd: 'Stop'
ptd-server 2022-02-19 02:26:19,977 [INFO] Reply from ptd: 'Stopping untimed measurement'
ptd-server 2022-02-19 02:26:20,276 [INFO] Sending reply to client 'OK'
ptd-server 2022-02-19 02:26:20,353 [INFO] Got command from the client 'time'
ptd-server 2022-02-19 02:26:20,354 [INFO] Sending reply to client '1645237580.353986'
ptd-server 2022-02-19 02:26:20,357 [INFO] Got command from the client 'session,2022-02-19_02-15-17,start,testing'
ptd-server 2022-02-19 02:26:20,357 [INFO] Sending to ptd: 'SR,V,251.020000'
ptd-server 2022-02-19 02:26:21,910 [INFO] Reply from ptd: 'Range V changed'
ptd-server 2022-02-19 02:26:21,910 [INFO] Sending to ptd: 'SR,A,0.042850'
ptd-server 2022-02-19 02:26:23,412 [INFO] Reply from ptd: 'Range A changed'
ptd-server 2022-02-19 02:26:33,422 [INFO] Starting testing mode
ptd-server 2022-02-19 02:26:33,422 [INFO] Sending to ptd: 'Go,1000,0,2022-02-19_02-15-17_testing'
ptd-server 2022-02-19 02:26:33,423 [INFO] Reply from ptd: 'Starting untimed measurement, maximum 500000 samples at 1000ms with 0 rampup samples'
ptd-server 2022-02-19 02:26:33,423 [INFO] Sending reply to client 'OK'
ptd-server 2022-02-19 02:36:58,768 [INFO] Got command from the client 'session,2022-02-19_02-15-17,stop,testing'
ptd-server 2022-02-19 02:37:08,779 [INFO] Sending to ptd: 'Stop'
ptd-server 2022-02-19 02:37:08,779 [INFO] Reply from ptd: 'Stopping untimed measurement'
ptd-server 2022-02-19 02:37:08,938 [INFO] Sending reply to client 'OK'
ptd-server 2022-02-19 02:37:08,980 [INFO] Got command from the client 'session,2022-02-19_02-15-17,done'
ptd-server 2022-02-19 02:37:08,980 [INFO] Sending to ptd: 'Stop'
ptd-server 2022-02-19 02:37:09,423 [INFO] Reply from ptd: 'Error: no measurement to stop'
ptd-server 2022-02-19 02:37:09,423 [INFO] Sending to ptd: 'SR,V,300.000000'
ptd-server 2022-02-19 02:37:10,925 [INFO] Reply from ptd: 'Range V changed'
ptd-server 2022-02-19 02:37:10,925 [INFO] Sending to ptd: 'SR,A,0.500000'
ptd-server 2022-02-19 02:37:12,426 [INFO] Reply from ptd: 'Range A changed'
ptd-server 2022-02-19 02:37:12,427 [INFO] Set initial values for Amps 0.500000 and Volts 300.000000
ptd-server 2022-02-19 02:37:12,427 [INFO] Stopping ptd...
