client 2022-02-15 05:34:56,500 [INFO] Sending command to the server: 'mlcommons/power client v3'
client 2022-02-15 05:34:56,502 [INFO] Got response: 'mlcommons/power server v3'
client 2022-02-15 05:34:56,502 [INFO] Sending command to the server: 'stop'
client 2022-02-15 05:34:56,502 [INFO] Got response: 'OK'
client 2022-02-15 05:34:56,503 [INFO] Synchronizing with the server and with ib-01.dc4-in.nvidia.com...
client 2022-02-15 05:34:56,718 [INFO] NTP:offset = -0.001 s, delay = 0.209 s 
client 2022-02-15 05:34:56,718 [INFO] Sending command to the server: 'time'
client 2022-02-15 05:34:56,719 [INFO] Got response: '1644903296.8161008'
client 2022-02-15 05:34:56,719 [INFO] The time difference between the client and the server is within range -97.950 ms..-96.635 ms
client 2022-02-15 05:34:56,719 [INFO] Sending command to the server: 'new,,33aa88e2-1031-496e-8a4c-bb3c6017eccd'
client 2022-02-15 05:34:56,720 [INFO] Got response: 'OK 2022-02-14_21-34-56,90df2982-e8db-4297-8fb4-bc0506266eb2'
client 2022-02-15 05:34:56,720 [INFO] Session id is '2022-02-14_21-34-56'
client 2022-02-15 05:34:56,720 [INFO] Sources: {"sources": {"__init__.py": "da39a3ee5e6b4b0d3255bfef95601890afd80709", "client.py": "33ca4f26368777ac06e01f9567b714a4b8063886", "lib/__init__.py": "da39a3ee5e6b4b0d3255bfef95601890afd80709", "lib/client.py": "4c2b78fb4849a7e5b584ef792d82aaed20b17f57", "lib/common.py": "624d0c0acc7c39aaff3674f0b99d6a09da53d1dc", "lib/external/__init__.py": "da39a3ee5e6b4b0d3255bfef95601890afd80709", "lib/external/ntplib.py": "4da8f970656505a40483206ef2b5d3dd5e81711d", "lib/server.py": "59c9fb92908260d3e9f81a895c7aa009742275e4", "lib/source_hashes.py": "60a2e02193209e8d392803326208d5466342da18", "lib/summary.py": "aa92f0a3f975eecd44d3c0cd0236342ccc9f941d", "lib/time_sync.py": "3210db56eb0ff0df57bf4293dc4d4b03fffd46f1", "server.py": "c3f90f2f7eeb4db30727556d0c815ebc89b3d28b", "tests/unit/__init__.py": "da39a3ee5e6b4b0d3255bfef95601890afd80709", "tests/unit/test_server.py": "99ae15aef722f2000ee6ed1ae1523637bf1ae42b", "tests/unit/test_source_hashes.py": "00468a2907583c593e6574a1f6b404e4651c221a"}, "modules": {"ptd_client_server.lib.client": "lib/client.py", "ptd_client_server.lib.common": "lib/common.py", "ptd_client_server.lib.external.ntplib": "lib/external/ntplib.py", "ptd_client_server.lib.source_hashes": "lib/source_hashes.py", "ptd_client_server.lib.summary": "lib/summary.py", "ptd_client_server.lib.time_sync": "lib/time_sync.py"}}
client 2022-02-15 05:34:56,723 [INFO] Running workload in ranging mode
client 2022-02-15 05:34:56,723 [INFO] Synchronizing with the server and with ib-01.dc4-in.nvidia.com...
client 2022-02-15 05:34:56,934 [INFO] NTP:offset = -0.001 s, delay = 0.209 s 
client 2022-02-15 05:34:56,934 [INFO] Sending command to the server: 'time'
client 2022-02-15 05:34:56,935 [INFO] Got response: '1644903297.0350313'
client 2022-02-15 05:34:56,935 [INFO] The time difference between the client and the server is within range -100.873 ms..-99.689 ms
client 2022-02-15 05:34:56,935 [INFO] Sending command to the server: 'session,2022-02-14_21-34-56,start,ranging'
client 2022-02-15 05:35:25,664 [INFO] Got response: 'OK'
client 2022-02-15 05:35:25,664 [INFO] Running the workload 'LOG_DIR=/work/build/power_logs_temp python3 code/main.py --benchmarks=resnet50 --scenarios=Server --test_mode=PerformanceOnly --config_ver=maxq --action="run_harness" \\\n\t\t2>&1 | tee -a /work/build/power_logs/2022.02.15-05.34.41/stdout.txt \\\n\t\t&& if [ ! -d /work/build/power_logs/2022.02.15-05.34.41/ranging_tmp ]; \\\n\t\t\tthen mkdir /work/build/power_logs/2022.02.15-05.34.41/ranging_tmp \\\n\t\t\t\t&& mv /work/build/power_logs_temp/* /work/build/power_logs/2022.02.15-05.34.41/ranging_tmp/ \\\n\t\t\t\t&& cp -v /work/build/power_logs/2022.02.15-05.34.41/ranging_tmp/*/*/*/mlperf_log_detail.txt /work/build/power_logs_temp/ \\\n\t\t\t\t&& cp -v /work/build/power_logs/2022.02.15-05.34.41/ranging_tmp/*/*/*/mlperf_log_summary.txt /work/build/power_logs_temp/; \\\n\t\t\telse mkdir /work/build/power_logs/2022.02.15-05.34.41/testing_tmp \\\n\t\t\t\t&& mv /work/build/power_logs_temp/* /work/build/power_logs/2022.02.15-05.34.41/testing_tmp/ \\\n\t\t\t\t&& cp -v /work/build/power_logs/2022.02.15-05.34.41/testing_tmp/*/*/*/mlperf_log_detail.txt /work/build/power_logs_temp/ \\\n\t\t\t\t&& cp -v /work/build/power_logs/2022.02.15-05.34.41/testing_tmp/*/*/*/mlperf_log_summary.txt /work/build/power_logs_temp/; fi'
client 2022-02-15 05:46:53,640 [INFO] Sending command to the server: 'session,2022-02-14_21-34-56,stop,ranging'
client 2022-02-15 05:47:03,671 [INFO] Got response: 'OK'
client 2022-02-15 05:47:03,680 [INFO] Copying loadgen logs from '/work/build/power_logs_temp' to '/work/build/power_logs/2022.02.15-05.34.41/2022-02-14_21-34-56/ranging'
client 2022-02-15 05:47:03,692 [INFO] Running workload in testing mode
client 2022-02-15 05:47:03,692 [INFO] Synchronizing with the server and with ib-01.dc4-in.nvidia.com...
client 2022-02-15 05:47:03,908 [INFO] NTP:offset = 0.001 s, delay = 0.213 s 
client 2022-02-15 05:47:03,908 [INFO] Sending command to the server: 'time'
client 2022-02-15 05:47:03,909 [INFO] Got response: '1644904024.0135343'
client 2022-02-15 05:47:03,909 [INFO] The time difference between the client and the server is within range -105.139 ms..-103.834 ms
client 2022-02-15 05:47:03,909 [INFO] Sending command to the server: 'session,2022-02-14_21-34-56,start,testing'
client 2022-02-15 05:47:16,979 [INFO] Got response: 'OK'
client 2022-02-15 05:47:16,979 [INFO] Running the workload 'LOG_DIR=/work/build/power_logs_temp python3 code/main.py --benchmarks=resnet50 --scenarios=Server --test_mode=PerformanceOnly --config_ver=maxq --action="run_harness" \\\n\t\t2>&1 | tee -a /work/build/power_logs/2022.02.15-05.34.41/stdout.txt \\\n\t\t&& if [ ! -d /work/build/power_logs/2022.02.15-05.34.41/ranging_tmp ]; \\\n\t\t\tthen mkdir /work/build/power_logs/2022.02.15-05.34.41/ranging_tmp \\\n\t\t\t\t&& mv /work/build/power_logs_temp/* /work/build/power_logs/2022.02.15-05.34.41/ranging_tmp/ \\\n\t\t\t\t&& cp -v /work/build/power_logs/2022.02.15-05.34.41/ranging_tmp/*/*/*/mlperf_log_detail.txt /work/build/power_logs_temp/ \\\n\t\t\t\t&& cp -v /work/build/power_logs/2022.02.15-05.34.41/ranging_tmp/*/*/*/mlperf_log_summary.txt /work/build/power_logs_temp/; \\\n\t\t\telse mkdir /work/build/power_logs/2022.02.15-05.34.41/testing_tmp \\\n\t\t\t\t&& mv /work/build/power_logs_temp/* /work/build/power_logs/2022.02.15-05.34.41/testing_tmp/ \\\n\t\t\t\t&& cp -v /work/build/power_logs/2022.02.15-05.34.41/testing_tmp/*/*/*/mlperf_log_detail.txt /work/build/power_logs_temp/ \\\n\t\t\t\t&& cp -v /work/build/power_logs/2022.02.15-05.34.41/testing_tmp/*/*/*/mlperf_log_summary.txt /work/build/power_logs_temp/; fi'
client 2022-02-15 05:58:45,801 [INFO] Sending command to the server: 'session,2022-02-14_21-34-56,stop,testing'
client 2022-02-15 05:58:55,829 [INFO] Got response: 'OK'
client 2022-02-15 05:58:55,834 [INFO] Copying loadgen logs from '/work/build/power_logs_temp' to '/work/build/power_logs/2022.02.15-05.34.41/2022-02-14_21-34-56/run_1'
client 2022-02-15 05:58:55,849 [INFO] Done runs
