ptd-server 2022-02-14 21:34:56,593 [INFO] Got command from the client 'stop'
ptd-server 2022-02-14 21:34:56,593 [INFO] The server will be stopped after processing this client
ptd-server 2022-02-14 21:34:56,593 [INFO] Sending reply to client 'OK'
ptd-server 2022-02-14 21:34:56,816 [INFO] Got command from the client 'time'
ptd-server 2022-02-14 21:34:56,816 [INFO] Sending reply to client '1644903296.8161008'
ptd-server 2022-02-14 21:34:56,816 [INFO] Got command from the client 'new,,33aa88e2-1031-496e-8a4c-bb3c6017eccd'
ptd-server 2022-02-14 21:34:56,816 [INFO] Sending reply to client 'OK 2022-02-14_21-34-56,90df2982-e8db-4297-8fb4-bc0506266eb2'
ptd-server 2022-02-14 21:34:57,035 [INFO] Got command from the client 'time'
ptd-server 2022-02-14 21:34:57,035 [INFO] Sending reply to client '1644903297.0350313'
ptd-server 2022-02-14 21:34:57,035 [INFO] Got command from the client 'session,2022-02-14_21-34-56,start,ranging'
ptd-server 2022-02-14 21:34:57,144 [INFO] Running PTDaemon: ['C:\\PTD\\ptd-windows-x86.exe', '-l', 'C:\\Users\\lab\\AppData\\Local\\Temp\\tmp4qwfox88\\ptd_logfile.txt', '-p', '8888', '-c', '1', '-y', '52', '10.34.244.57']
ptd-server 2022-02-14 21:35:14,721 [INFO] Sending to ptd: 'Hello'
ptd-server 2022-02-14 21:35:14,721 [INFO] Reply from ptd: 'Hello, PTDaemon here!'
ptd-server 2022-02-14 21:35:14,721 [INFO] Sending to ptd: 'Identify'
ptd-server 2022-02-14 21:35:14,721 [INFO] Reply from ptd: 'YokogawaWT330E,1000,1,1,1,1,0,0,1,version=1.9.2-3976349f-20201208,OS=Windows 8 / Server 2012,mode=power,1,1,1,0,0,no_cal_date,YOKOGAWA;WT333E;C2XG12028V;F1.04'
ptd-server 2022-02-14 21:35:14,721 [INFO] Connected to PTDaemon
ptd-server 2022-02-14 21:35:14,721 [INFO] Sending to ptd: 'RR'
ptd-server 2022-02-14 21:35:14,721 [INFO] Reply from ptd: 'Ranges,0,20.000000,1,300.000000'
ptd-server 2022-02-14 21:35:14,721 [INFO] Initial range for Amps is 20.000000 for Volts is Auto
ptd-server 2022-02-14 21:35:14,721 [INFO] Sending to ptd: 'SR,V,Auto'
ptd-server 2022-02-14 21:35:15,241 [INFO] Reply from ptd: 'Range V changed'
ptd-server 2022-02-14 21:35:15,241 [INFO] Sending to ptd: 'SR,A,Auto'
ptd-server 2022-02-14 21:35:15,757 [INFO] Reply from ptd: 'Range A changed'
ptd-server 2022-02-14 21:35:25,758 [INFO] Starting ranging mode
ptd-server 2022-02-14 21:35:25,763 [INFO] Sending to ptd: 'Go,1000,0,2022-02-14_21-34-56_ranging'
ptd-server 2022-02-14 21:35:25,763 [INFO] Reply from ptd: 'Starting untimed measurement, maximum 500000 samples at 1000ms with 0 rampup samples'
ptd-server 2022-02-14 21:35:25,763 [INFO] Sending reply to client 'OK'
ptd-server 2022-02-14 21:46:53,733 [INFO] Got command from the client 'session,2022-02-14_21-34-56,stop,ranging'
ptd-server 2022-02-14 21:47:03,750 [INFO] Sending to ptd: 'Stop'
ptd-server 2022-02-14 21:47:03,750 [INFO] Reply from ptd: 'Stopping untimed measurement'
ptd-server 2022-02-14 21:47:03,766 [INFO] Sending reply to client 'OK'
ptd-server 2022-02-14 21:47:04,013 [INFO] Got command from the client 'time'
ptd-server 2022-02-14 21:47:04,013 [INFO] Sending reply to client '1644904024.0135343'
ptd-server 2022-02-14 21:47:04,013 [INFO] Got command from the client 'session,2022-02-14_21-34-56,start,testing'
ptd-server 2022-02-14 21:47:04,013 [INFO] Sending to ptd: 'SR,V,206.640000'
ptd-server 2022-02-14 21:47:05,545 [INFO] Reply from ptd: 'Range V changed'
ptd-server 2022-02-14 21:47:05,545 [INFO] Sending to ptd: 'SR,A,5.580100'
ptd-server 2022-02-14 21:47:07,062 [INFO] Reply from ptd: 'Range A changed'
ptd-server 2022-02-14 21:47:17,077 [INFO] Starting testing mode
ptd-server 2022-02-14 21:47:17,077 [INFO] Sending to ptd: 'Go,1000,0,2022-02-14_21-34-56_testing'
ptd-server 2022-02-14 21:47:17,077 [INFO] Reply from ptd: 'Starting untimed measurement, maximum 500000 samples at 1000ms with 0 rampup samples'
ptd-server 2022-02-14 21:47:17,077 [INFO] Sending reply to client 'OK'
ptd-server 2022-02-14 21:58:45,909 [INFO] Got command from the client 'session,2022-02-14_21-34-56,stop,testing'
ptd-server 2022-02-14 21:58:55,918 [INFO] Sending to ptd: 'Stop'
ptd-server 2022-02-14 21:58:55,918 [INFO] Reply from ptd: 'Stopping untimed measurement'
ptd-server 2022-02-14 21:58:55,933 [INFO] Sending reply to client 'OK'
ptd-server 2022-02-14 21:58:55,964 [INFO] Got command from the client 'session,2022-02-14_21-34-56,done'
ptd-server 2022-02-14 21:58:55,964 [INFO] Sending to ptd: 'Stop'
ptd-server 2022-02-14 21:58:56,089 [INFO] Reply from ptd: 'Error: no measurement to stop'
ptd-server 2022-02-14 21:58:56,089 [INFO] Sending to ptd: 'SR,V,Auto'
ptd-server 2022-02-14 21:58:56,596 [INFO] Reply from ptd: 'Range V changed'
ptd-server 2022-02-14 21:58:56,596 [INFO] Sending to ptd: 'SR,A,20.000000'
ptd-server 2022-02-14 21:58:58,127 [INFO] Reply from ptd: 'Range A changed'
ptd-server 2022-02-14 21:58:58,127 [INFO] Set initial values for Amps 20.000000 and Volts Auto
ptd-server 2022-02-14 21:58:58,127 [INFO] Stopping ptd...
