ptd-server 2022-02-13 01:38:51,052 [INFO] Got command from the client 'time'
ptd-server 2022-02-13 01:38:51,052 [INFO] Sending reply to client '1644716331.05276'
ptd-server 2022-02-13 01:38:51,055 [INFO] Got command from the client 'new,,873c398f-f915-4117-abb5-a47c58583599'
ptd-server 2022-02-13 01:38:51,055 [INFO] Sending reply to client 'OK 2022-02-13_01-38-51,3d8f021a-7972-42d9-9754-3be9694f0fec'
ptd-server 2022-02-13 01:38:51,093 [INFO] Got command from the client 'time'
ptd-server 2022-02-13 01:38:51,093 [INFO] Sending reply to client '1644716331.0934682'
ptd-server 2022-02-13 01:38:51,095 [INFO] Got command from the client 'session,2022-02-13_01-38-51,start,ranging'
ptd-server 2022-02-13 01:38:51,095 [INFO] Running PTDaemon: ['/home/anton/projects/mlperf/power/inference_v1.0/ptd-linux-x86', '-l', '/tmp/tmpxvec0g6h/ptd_logfile.txt', '-p', '8888', '49', '/dev/usbtmc0']
ptd-server 2022-02-13 01:39:08,269 [INFO] Sending to ptd: 'Hello'
ptd-server 2022-02-13 01:39:08,270 [INFO] Reply from ptd: 'Hello, PTDaemon here!'
ptd-server 2022-02-13 01:39:08,270 [INFO] Sending to ptd: 'Identify'
ptd-server 2022-02-13 01:39:08,270 [INFO] Reply from ptd: 'YokogawaWT310E,1000,1,1,1,1,0,1,1,version=1.9.2-e8c7a49a-20201208,OS=Linux 5.13.0-27-generic #29~20.04.1-Ubuntu SMP Fri Jan 14 00:32:30 UTC 2022 x86_64,mode=power,1,1,1,0,0,no_cal_date,YOKOGAWA;WT310E;C3XA04010E;F1.04'
ptd-server 2022-02-13 01:39:08,271 [INFO] Connected to PTDaemon
ptd-server 2022-02-13 01:39:08,271 [INFO] Sending to ptd: 'RR'
ptd-server 2022-02-13 01:39:08,271 [INFO] Reply from ptd: 'Ranges,0,0.500000,0,300.000000'
ptd-server 2022-02-13 01:39:08,271 [INFO] Initial range for Amps is 0.500000 for Volts is 300.000000
ptd-server 2022-02-13 01:39:08,272 [INFO] Sending to ptd: 'SR,V,Auto'
ptd-server 2022-02-13 01:39:08,774 [INFO] Reply from ptd: 'Range V changed'
ptd-server 2022-02-13 01:39:08,774 [INFO] Sending to ptd: 'SR,A,Auto'
ptd-server 2022-02-13 01:39:09,277 [INFO] Reply from ptd: 'Range A changed'
ptd-server 2022-02-13 01:39:19,287 [INFO] Starting ranging mode
ptd-server 2022-02-13 01:39:19,288 [INFO] Sending to ptd: 'Go,1000,0,2022-02-13_01-38-51_ranging'
ptd-server 2022-02-13 01:39:19,288 [INFO] Reply from ptd: 'Starting untimed measurement, maximum 500000 samples at 1000ms with 0 rampup samples'
ptd-server 2022-02-13 01:39:19,288 [INFO] Sending reply to client 'OK'
ptd-server 2022-02-13 01:49:35,476 [INFO] Got command from the client 'session,2022-02-13_01-38-51,stop,ranging'
ptd-server 2022-02-13 01:49:45,487 [INFO] Sending to ptd: 'Stop'
ptd-server 2022-02-13 01:49:45,487 [INFO] Reply from ptd: 'Stopping untimed measurement'
ptd-server 2022-02-13 01:49:46,030 [INFO] Sending reply to client 'OK'
ptd-server 2022-02-13 01:49:46,112 [INFO] Got command from the client 'time'
ptd-server 2022-02-13 01:49:46,113 [INFO] Sending reply to client '1644716986.1130664'
ptd-server 2022-02-13 01:49:46,115 [INFO] Got command from the client 'session,2022-02-13_01-38-51,start,testing'
ptd-server 2022-02-13 01:49:46,115 [INFO] Sending to ptd: 'SR,V,250.700000'
ptd-server 2022-02-13 01:49:47,790 [INFO] Reply from ptd: 'Range V changed'
ptd-server 2022-02-13 01:49:47,790 [INFO] Sending to ptd: 'SR,A,0.139860'
ptd-server 2022-02-13 01:49:49,291 [INFO] Reply from ptd: 'Range A changed'
ptd-server 2022-02-13 01:49:59,301 [INFO] Starting testing mode
ptd-server 2022-02-13 01:49:59,302 [INFO] Sending to ptd: 'Go,1000,0,2022-02-13_01-38-51_testing'
ptd-server 2022-02-13 01:49:59,302 [INFO] Reply from ptd: 'Starting untimed measurement, maximum 500000 samples at 1000ms with 0 rampup samples'
ptd-server 2022-02-13 01:49:59,302 [INFO] Sending reply to client 'OK'
ptd-server 2022-02-13 02:00:15,274 [INFO] Got command from the client 'session,2022-02-13_01-38-51,stop,testing'
ptd-server 2022-02-13 02:00:25,285 [INFO] Sending to ptd: 'Stop'
ptd-server 2022-02-13 02:00:25,285 [INFO] Reply from ptd: 'Stopping untimed measurement'
ptd-server 2022-02-13 02:00:25,574 [INFO] Sending reply to client 'OK'
ptd-server 2022-02-13 02:00:25,594 [INFO] Got command from the client 'session,2022-02-13_01-38-51,done'
ptd-server 2022-02-13 02:00:25,594 [INFO] Sending to ptd: 'Stop'
ptd-server 2022-02-13 02:00:25,594 [INFO] Reply from ptd: 'Error: no measurement to stop'
ptd-server 2022-02-13 02:00:25,594 [INFO] Sending to ptd: 'SR,V,300.000000'
ptd-server 2022-02-13 02:00:27,096 [INFO] Reply from ptd: 'Range V changed'
ptd-server 2022-02-13 02:00:27,096 [INFO] Sending to ptd: 'SR,A,0.500000'
ptd-server 2022-02-13 02:00:28,597 [INFO] Reply from ptd: 'Range A changed'
ptd-server 2022-02-13 02:00:28,597 [INFO] Set initial values for Amps 0.500000 and Volts 300.000000
ptd-server 2022-02-13 02:00:28,598 [INFO] Stopping ptd...
