ptd-server 2022-02-20 04:48:53,298 [INFO] Got command from the client 'time'
ptd-server 2022-02-20 04:48:53,298 [INFO] Sending reply to client '1645332533.2982473'
ptd-server 2022-02-20 04:48:53,299 [INFO] Got command from the client 'new,,7f6ccf96-1f0b-47cc-bd1f-f89e772d3d15'
ptd-server 2022-02-20 04:48:53,300 [INFO] Sending reply to client 'OK 2022-02-20_04-48-53,decccd28-ccbc-4fcf-b466-4430810aa389'
ptd-server 2022-02-20 04:48:53,336 [INFO] Got command from the client 'time'
ptd-server 2022-02-20 04:48:53,336 [INFO] Sending reply to client '1645332533.3361728'
ptd-server 2022-02-20 04:48:53,337 [INFO] Got command from the client 'session,2022-02-20_04-48-53,start,ranging'
ptd-server 2022-02-20 04:48:53,338 [INFO] Running PTDaemon: ['/home/anton/projects/mlperf/power/inference_v1.0/ptd-linux-x86', '-l', '/tmp/tmpgldyt7rr/ptd_logfile.txt', '-p', '8888', '49', '/dev/usbtmc0']
ptd-server 2022-02-20 04:49:10,511 [INFO] Sending to ptd: 'Hello'
ptd-server 2022-02-20 04:49:10,511 [INFO] Reply from ptd: 'Hello, PTDaemon here!'
ptd-server 2022-02-20 04:49:10,511 [INFO] Sending to ptd: 'Identify'
ptd-server 2022-02-20 04:49:10,512 [INFO] Reply from ptd: 'YokogawaWT310E,1000,1,1,1,1,0,1,1,version=1.9.2-e8c7a49a-20201208,OS=Linux 5.13.0-28-generic #31~20.04.1-Ubuntu SMP Wed Jan 19 14:08:10 UTC 2022 x86_64,mode=power,1,1,1,0,0,no_cal_date,YOKOGAWA;WT310E;C3XA04010E;F1.04'
ptd-server 2022-02-20 04:49:10,512 [INFO] Connected to PTDaemon
ptd-server 2022-02-20 04:49:10,512 [INFO] Sending to ptd: 'RR'
ptd-server 2022-02-20 04:49:10,512 [INFO] Reply from ptd: 'Ranges,0,0.500000,0,300.000000'
ptd-server 2022-02-20 04:49:10,512 [INFO] Initial range for Amps is 0.500000 for Volts is 300.000000
ptd-server 2022-02-20 04:49:10,513 [INFO] Sending to ptd: 'SR,V,Auto'
ptd-server 2022-02-20 04:49:11,015 [INFO] Reply from ptd: 'Range V changed'
ptd-server 2022-02-20 04:49:11,015 [INFO] Sending to ptd: 'SR,A,Auto'
ptd-server 2022-02-20 04:49:11,518 [INFO] Reply from ptd: 'Range A changed'
ptd-server 2022-02-20 04:49:21,528 [INFO] Starting ranging mode
ptd-server 2022-02-20 04:49:21,528 [INFO] Sending to ptd: 'Go,1000,0,2022-02-20_04-48-53_ranging'
ptd-server 2022-02-20 04:49:21,529 [INFO] Reply from ptd: 'Starting untimed measurement, maximum 500000 samples at 1000ms with 0 rampup samples'
ptd-server 2022-02-20 04:49:21,529 [INFO] Sending reply to client 'OK'
ptd-server 2022-02-20 04:59:43,034 [INFO] Got command from the client 'session,2022-02-20_04-48-53,stop,ranging'
ptd-server 2022-02-20 04:59:53,044 [INFO] Sending to ptd: 'Stop'
ptd-server 2022-02-20 04:59:53,044 [INFO] Reply from ptd: 'Stopping untimed measurement'
ptd-server 2022-02-20 04:59:53,491 [INFO] Sending reply to client 'OK'
ptd-server 2022-02-20 04:59:53,558 [INFO] Got command from the client 'time'
ptd-server 2022-02-20 04:59:53,558 [INFO] Sending reply to client '1645333193.5588677'
ptd-server 2022-02-20 04:59:53,561 [INFO] Got command from the client 'session,2022-02-20_04-48-53,start,testing'
ptd-server 2022-02-20 04:59:53,562 [INFO] Sending to ptd: 'SR,V,250.690000'
ptd-server 2022-02-20 04:59:55,063 [INFO] Reply from ptd: 'Range V changed'
ptd-server 2022-02-20 04:59:55,063 [INFO] Sending to ptd: 'SR,A,0.057460'
ptd-server 2022-02-20 04:59:56,565 [INFO] Reply from ptd: 'Range A changed'
ptd-server 2022-02-20 05:00:06,566 [INFO] Starting testing mode
ptd-server 2022-02-20 05:00:06,566 [INFO] Sending to ptd: 'Go,1000,0,2022-02-20_04-48-53_testing'
ptd-server 2022-02-20 05:00:06,566 [INFO] Reply from ptd: 'Starting untimed measurement, maximum 500000 samples at 1000ms with 0 rampup samples'
ptd-server 2022-02-20 05:00:06,566 [INFO] Sending reply to client 'OK'
ptd-server 2022-02-20 05:10:29,004 [INFO] Got command from the client 'session,2022-02-20_04-48-53,stop,testing'
ptd-server 2022-02-20 05:10:39,015 [INFO] Sending to ptd: 'Stop'
ptd-server 2022-02-20 05:10:39,015 [INFO] Reply from ptd: 'Stopping untimed measurement'
ptd-server 2022-02-20 05:10:39,241 [INFO] Sending reply to client 'OK'
ptd-server 2022-02-20 05:10:39,275 [INFO] Got command from the client 'session,2022-02-20_04-48-53,done'
ptd-server 2022-02-20 05:10:39,275 [INFO] Sending to ptd: 'Stop'
ptd-server 2022-02-20 05:10:39,566 [INFO] Reply from ptd: 'Error: no measurement to stop'
ptd-server 2022-02-20 05:10:39,566 [INFO] Sending to ptd: 'SR,V,300.000000'
ptd-server 2022-02-20 05:10:41,068 [INFO] Reply from ptd: 'Range V changed'
ptd-server 2022-02-20 05:10:41,068 [INFO] Sending to ptd: 'SR,A,0.500000'
ptd-server 2022-02-20 05:10:42,569 [INFO] Reply from ptd: 'Range A changed'
ptd-server 2022-02-20 05:10:42,569 [INFO] Set initial values for Amps 0.500000 and Volts 300.000000
ptd-server 2022-02-20 05:10:42,570 [INFO] Stopping ptd...
