ptd-server 2022-02-23 00:36:23,563 [INFO] Got command from the client 'time'
ptd-server 2022-02-23 00:36:23,563 [INFO] Sending reply to client '1645576583.5638037'
ptd-server 2022-02-23 00:36:23,565 [INFO] Got command from the client 'new,,0f85c4f9-8c91-4e78-b196-f991fdd5ffd4'
ptd-server 2022-02-23 00:36:23,566 [INFO] Sending reply to client 'OK 2022-02-23_00-36-23,d3720f37-8adb-4bf5-a8d6-2bbd25d8b366'
ptd-server 2022-02-23 00:36:23,603 [INFO] Got command from the client 'time'
ptd-server 2022-02-23 00:36:23,603 [INFO] Sending reply to client '1645576583.6036568'
ptd-server 2022-02-23 00:36:23,605 [INFO] Got command from the client 'session,2022-02-23_00-36-23,start,ranging'
ptd-server 2022-02-23 00:36:23,605 [INFO] Running PTDaemon: ['/home/anton/projects/mlperf/power/inference_v1.0/ptd-linux-x86', '-l', '/tmp/tmpgldyt7rr/ptd_logfile.txt', '-p', '8888', '49', '/dev/usbtmc0']
ptd-server 2022-02-23 00:36:40,778 [INFO] Sending to ptd: 'Hello'
ptd-server 2022-02-23 00:36:40,778 [INFO] Reply from ptd: 'Hello, PTDaemon here!'
ptd-server 2022-02-23 00:36:40,779 [INFO] Sending to ptd: 'Identify'
ptd-server 2022-02-23 00:36:40,779 [INFO] Reply from ptd: 'YokogawaWT310E,1000,1,1,1,1,0,1,1,version=1.9.2-e8c7a49a-20201208,OS=Linux 5.13.0-28-generic #31~20.04.1-Ubuntu SMP Wed Jan 19 14:08:10 UTC 2022 x86_64,mode=power,1,1,1,0,0,no_cal_date,YOKOGAWA;WT310E;C3XA04010E;F1.04'
ptd-server 2022-02-23 00:36:40,779 [INFO] Connected to PTDaemon
ptd-server 2022-02-23 00:36:40,779 [INFO] Sending to ptd: 'RR'
ptd-server 2022-02-23 00:36:40,780 [INFO] Reply from ptd: 'Ranges,0,0.500000,0,300.000000'
ptd-server 2022-02-23 00:36:40,780 [INFO] Initial range for Amps is 0.500000 for Volts is 300.000000
ptd-server 2022-02-23 00:36:40,780 [INFO] Sending to ptd: 'SR,V,Auto'
ptd-server 2022-02-23 00:36:41,282 [INFO] Reply from ptd: 'Range V changed'
ptd-server 2022-02-23 00:36:41,283 [INFO] Sending to ptd: 'SR,A,Auto'
ptd-server 2022-02-23 00:36:41,785 [INFO] Reply from ptd: 'Range A changed'
ptd-server 2022-02-23 00:36:51,790 [INFO] Starting ranging mode
ptd-server 2022-02-23 00:36:51,790 [INFO] Sending to ptd: 'Go,1000,0,2022-02-23_00-36-23_ranging'
ptd-server 2022-02-23 00:36:51,791 [INFO] Reply from ptd: 'Starting untimed measurement, maximum 500000 samples at 1000ms with 0 rampup samples'
ptd-server 2022-02-23 00:36:51,791 [INFO] Sending reply to client 'OK'
ptd-server 2022-02-23 00:47:20,922 [INFO] Got command from the client 'session,2022-02-23_00-36-23,stop,ranging'
ptd-server 2022-02-23 00:47:30,932 [INFO] Sending to ptd: 'Stop'
ptd-server 2022-02-23 00:47:30,933 [INFO] Reply from ptd: 'Stopping untimed measurement'
ptd-server 2022-02-23 00:47:31,726 [INFO] Sending reply to client 'OK'
ptd-server 2022-02-23 00:47:31,781 [INFO] Got command from the client 'time'
ptd-server 2022-02-23 00:47:31,781 [INFO] Sending reply to client '1645577251.7813575'
ptd-server 2022-02-23 00:47:31,783 [INFO] Got command from the client 'session,2022-02-23_00-36-23,start,testing'
ptd-server 2022-02-23 00:47:31,783 [INFO] Sending to ptd: 'SR,V,248.040000'
ptd-server 2022-02-23 00:47:33,293 [INFO] Reply from ptd: 'Range V changed'
ptd-server 2022-02-23 00:47:33,293 [INFO] Sending to ptd: 'SR,A,0.055430'
ptd-server 2022-02-23 00:47:34,794 [INFO] Reply from ptd: 'Range A changed'
ptd-server 2022-02-23 00:47:44,805 [INFO] Starting testing mode
ptd-server 2022-02-23 00:47:44,805 [INFO] Sending to ptd: 'Go,1000,0,2022-02-23_00-36-23_testing'
ptd-server 2022-02-23 00:47:44,805 [INFO] Reply from ptd: 'Starting untimed measurement, maximum 500000 samples at 1000ms with 0 rampup samples'
ptd-server 2022-02-23 00:47:44,806 [INFO] Sending reply to client 'OK'
ptd-server 2022-02-23 00:58:13,827 [INFO] Got command from the client 'session,2022-02-23_00-36-23,stop,testing'
ptd-server 2022-02-23 00:58:23,837 [INFO] Sending to ptd: 'Stop'
ptd-server 2022-02-23 00:58:23,838 [INFO] Reply from ptd: 'Stopping untimed measurement'
ptd-server 2022-02-23 00:58:24,244 [INFO] Sending reply to client 'OK'
ptd-server 2022-02-23 00:58:24,263 [INFO] Got command from the client 'session,2022-02-23_00-36-23,done'
ptd-server 2022-02-23 00:58:24,263 [INFO] Sending to ptd: 'Stop'
ptd-server 2022-02-23 00:58:24,805 [INFO] Reply from ptd: 'Error: no measurement to stop'
ptd-server 2022-02-23 00:58:24,805 [INFO] Sending to ptd: 'SR,V,300.000000'
ptd-server 2022-02-23 00:58:26,307 [INFO] Reply from ptd: 'Range V changed'
ptd-server 2022-02-23 00:58:26,307 [INFO] Sending to ptd: 'SR,A,0.500000'
ptd-server 2022-02-23 00:58:27,808 [INFO] Reply from ptd: 'Range A changed'
ptd-server 2022-02-23 00:58:27,809 [INFO] Set initial values for Amps 0.500000 and Volts 300.000000
ptd-server 2022-02-23 00:58:27,809 [INFO] Stopping ptd...
