ptd-server 2022-02-22 06:17:15,617 [INFO] Got command from the client 'time'
ptd-server 2022-02-22 06:17:15,617 [INFO] Sending reply to client '1645510635.617182'
ptd-server 2022-02-22 06:17:15,619 [INFO] Got command from the client 'new,,bc267f43-d327-4c33-b25d-61b96f93668a'
ptd-server 2022-02-22 06:17:15,619 [INFO] Sending reply to client 'OK 2022-02-22_06-17-15,bcc21320-f304-4173-adaf-53cfa203361f'
ptd-server 2022-02-22 06:17:15,656 [INFO] Got command from the client 'time'
ptd-server 2022-02-22 06:17:15,656 [INFO] Sending reply to client '1645510635.65646'
ptd-server 2022-02-22 06:17:15,658 [INFO] Got command from the client 'session,2022-02-22_06-17-15,start,ranging'
ptd-server 2022-02-22 06:17:15,658 [INFO] Running PTDaemon: ['/home/anton/projects/mlperf/power/inference_v1.0/ptd-linux-x86', '-l', '/tmp/tmpgldyt7rr/ptd_logfile.txt', '-p', '8888', '49', '/dev/usbtmc0']
ptd-server 2022-02-22 06:17:32,831 [INFO] Sending to ptd: 'Hello'
ptd-server 2022-02-22 06:17:32,832 [INFO] Reply from ptd: 'Hello, PTDaemon here!'
ptd-server 2022-02-22 06:17:32,832 [INFO] Sending to ptd: 'Identify'
ptd-server 2022-02-22 06:17:32,833 [INFO] Reply from ptd: 'YokogawaWT310E,1000,1,1,1,1,0,1,1,version=1.9.2-e8c7a49a-20201208,OS=Linux 5.13.0-28-generic #31~20.04.1-Ubuntu SMP Wed Jan 19 14:08:10 UTC 2022 x86_64,mode=power,1,1,1,0,0,no_cal_date,YOKOGAWA;WT310E;C3XA04010E;F1.04'
ptd-server 2022-02-22 06:17:32,833 [INFO] Connected to PTDaemon
ptd-server 2022-02-22 06:17:32,833 [INFO] Sending to ptd: 'RR'
ptd-server 2022-02-22 06:17:32,833 [INFO] Reply from ptd: 'Ranges,0,0.500000,0,300.000000'
ptd-server 2022-02-22 06:17:32,833 [INFO] Initial range for Amps is 0.500000 for Volts is 300.000000
ptd-server 2022-02-22 06:17:32,833 [INFO] Sending to ptd: 'SR,V,Auto'
ptd-server 2022-02-22 06:17:33,336 [INFO] Reply from ptd: 'Range V changed'
ptd-server 2022-02-22 06:17:33,336 [INFO] Sending to ptd: 'SR,A,Auto'
ptd-server 2022-02-22 06:17:33,838 [INFO] Reply from ptd: 'Range A changed'
ptd-server 2022-02-22 06:17:43,849 [INFO] Starting ranging mode
ptd-server 2022-02-22 06:17:43,849 [INFO] Sending to ptd: 'Go,1000,0,2022-02-22_06-17-15_ranging'
ptd-server 2022-02-22 06:17:43,849 [INFO] Reply from ptd: 'Starting untimed measurement, maximum 500000 samples at 1000ms with 0 rampup samples'
ptd-server 2022-02-22 06:17:43,850 [INFO] Sending reply to client 'OK'
ptd-server 2022-02-22 06:28:12,990 [INFO] Got command from the client 'session,2022-02-22_06-17-15,stop,ranging'
ptd-server 2022-02-22 06:28:23,000 [INFO] Sending to ptd: 'Stop'
ptd-server 2022-02-22 06:28:23,001 [INFO] Reply from ptd: 'Stopping untimed measurement'
ptd-server 2022-02-22 06:28:23,695 [INFO] Sending reply to client 'OK'
ptd-server 2022-02-22 06:28:23,757 [INFO] Got command from the client 'time'
ptd-server 2022-02-22 06:28:23,758 [INFO] Sending reply to client '1645511303.7580905'
ptd-server 2022-02-22 06:28:23,759 [INFO] Got command from the client 'session,2022-02-22_06-17-15,start,testing'
ptd-server 2022-02-22 06:28:23,760 [INFO] Sending to ptd: 'SR,V,249.080000'
ptd-server 2022-02-22 06:28:25,350 [INFO] Reply from ptd: 'Range V changed'
ptd-server 2022-02-22 06:28:25,350 [INFO] Sending to ptd: 'SR,A,0.055900'
ptd-server 2022-02-22 06:28:26,852 [INFO] Reply from ptd: 'Range A changed'
ptd-server 2022-02-22 06:28:36,860 [INFO] Starting testing mode
ptd-server 2022-02-22 06:28:36,860 [INFO] Sending to ptd: 'Go,1000,0,2022-02-22_06-17-15_testing'
ptd-server 2022-02-22 06:28:36,860 [INFO] Reply from ptd: 'Starting untimed measurement, maximum 500000 samples at 1000ms with 0 rampup samples'
ptd-server 2022-02-22 06:28:36,860 [INFO] Sending reply to client 'OK'
ptd-server 2022-02-22 06:39:05,603 [INFO] Got command from the client 'session,2022-02-22_06-17-15,stop,testing'
ptd-server 2022-02-22 06:39:15,613 [INFO] Sending to ptd: 'Stop'
ptd-server 2022-02-22 06:39:15,614 [INFO] Reply from ptd: 'Stopping untimed measurement'
ptd-server 2022-02-22 06:39:15,974 [INFO] Sending reply to client 'OK'
ptd-server 2022-02-22 06:39:15,990 [INFO] Got command from the client 'session,2022-02-22_06-17-15,done'
ptd-server 2022-02-22 06:39:15,990 [INFO] Sending to ptd: 'Stop'
ptd-server 2022-02-22 06:39:15,990 [INFO] Reply from ptd: 'Error: no measurement to stop'
ptd-server 2022-02-22 06:39:15,990 [INFO] Sending to ptd: 'SR,V,300.000000'
ptd-server 2022-02-22 06:39:17,492 [INFO] Reply from ptd: 'Range V changed'
ptd-server 2022-02-22 06:39:17,492 [INFO] Sending to ptd: 'SR,A,0.500000'
ptd-server 2022-02-22 06:39:18,993 [INFO] Reply from ptd: 'Range A changed'
ptd-server 2022-02-22 06:39:18,993 [INFO] Set initial values for Amps 0.500000 and Volts 300.000000
ptd-server 2022-02-22 06:39:18,994 [INFO] Stopping ptd...
