ptd-server 2022-02-14 01:45:22,297 [INFO] Got command from the client 'time'
ptd-server 2022-02-14 01:45:22,297 [INFO] Sending reply to client '1644803122.2977579'
ptd-server 2022-02-14 01:45:22,300 [INFO] Got command from the client 'new,,b702c0f7-2e4c-45ed-891c-be61a00f75d4'
ptd-server 2022-02-14 01:45:22,300 [INFO] Sending reply to client 'OK 2022-02-14_01-45-22,7675a46c-810f-4941-8582-f0eb75c93077'
ptd-server 2022-02-14 01:45:22,337 [INFO] Got command from the client 'time'
ptd-server 2022-02-14 01:45:22,337 [INFO] Sending reply to client '1644803122.3374453'
ptd-server 2022-02-14 01:45:22,339 [INFO] Got command from the client 'session,2022-02-14_01-45-22,start,ranging'
ptd-server 2022-02-14 01:45:22,339 [INFO] Running PTDaemon: ['/home/anton/projects/mlperf/power/inference_v1.0/ptd-linux-x86', '-l', '/tmp/tmpxvec0g6h/ptd_logfile.txt', '-p', '8888', '49', '/dev/usbtmc0']
ptd-server 2022-02-14 01:45:39,511 [INFO] Sending to ptd: 'Hello'
ptd-server 2022-02-14 01:45:39,512 [INFO] Reply from ptd: 'Hello, PTDaemon here!'
ptd-server 2022-02-14 01:45:39,512 [INFO] Sending to ptd: 'Identify'
ptd-server 2022-02-14 01:45:39,512 [INFO] Reply from ptd: 'YokogawaWT310E,1000,1,1,1,1,0,1,1,version=1.9.2-e8c7a49a-20201208,OS=Linux 5.13.0-27-generic #29~20.04.1-Ubuntu SMP Fri Jan 14 00:32:30 UTC 2022 x86_64,mode=power,1,1,1,0,0,no_cal_date,YOKOGAWA;WT310E;C3XA04010E;F1.04'
ptd-server 2022-02-14 01:45:39,512 [INFO] Connected to PTDaemon
ptd-server 2022-02-14 01:45:39,513 [INFO] Sending to ptd: 'RR'
ptd-server 2022-02-14 01:45:39,513 [INFO] Reply from ptd: 'Ranges,0,0.500000,0,300.000000'
ptd-server 2022-02-14 01:45:39,513 [INFO] Initial range for Amps is 0.500000 for Volts is 300.000000
ptd-server 2022-02-14 01:45:39,513 [INFO] Sending to ptd: 'SR,V,Auto'
ptd-server 2022-02-14 01:45:40,016 [INFO] Reply from ptd: 'Range V changed'
ptd-server 2022-02-14 01:45:40,016 [INFO] Sending to ptd: 'SR,A,Auto'
ptd-server 2022-02-14 01:45:40,518 [INFO] Reply from ptd: 'Range A changed'
ptd-server 2022-02-14 01:45:50,529 [INFO] Starting ranging mode
ptd-server 2022-02-14 01:45:50,529 [INFO] Sending to ptd: 'Go,1000,0,2022-02-14_01-45-22_ranging'
ptd-server 2022-02-14 01:45:50,530 [INFO] Reply from ptd: 'Starting untimed measurement, maximum 500000 samples at 1000ms with 0 rampup samples'
ptd-server 2022-02-14 01:45:50,530 [INFO] Sending reply to client 'OK'
ptd-server 2022-02-14 01:56:06,383 [INFO] Got command from the client 'session,2022-02-14_01-45-22,stop,ranging'
ptd-server 2022-02-14 01:56:16,393 [INFO] Sending to ptd: 'Stop'
ptd-server 2022-02-14 01:56:16,394 [INFO] Reply from ptd: 'Stopping untimed measurement'
ptd-server 2022-02-14 01:56:17,077 [INFO] Sending reply to client 'OK'
ptd-server 2022-02-14 01:56:17,137 [INFO] Got command from the client 'time'
ptd-server 2022-02-14 01:56:17,137 [INFO] Sending reply to client '1644803777.1373205'
ptd-server 2022-02-14 01:56:17,140 [INFO] Got command from the client 'session,2022-02-14_01-45-22,start,testing'
ptd-server 2022-02-14 01:56:17,140 [INFO] Sending to ptd: 'SR,V,249.590000'
ptd-server 2022-02-14 01:56:18,641 [INFO] Reply from ptd: 'Range V changed'
ptd-server 2022-02-14 01:56:18,641 [INFO] Sending to ptd: 'SR,A,0.143010'
ptd-server 2022-02-14 01:56:20,143 [INFO] Reply from ptd: 'Range A changed'
ptd-server 2022-02-14 01:56:30,153 [INFO] Starting testing mode
ptd-server 2022-02-14 01:56:30,153 [INFO] Sending to ptd: 'Go,1000,0,2022-02-14_01-45-22_testing'
ptd-server 2022-02-14 01:56:30,154 [INFO] Reply from ptd: 'Starting untimed measurement, maximum 500000 samples at 1000ms with 0 rampup samples'
ptd-server 2022-02-14 01:56:30,154 [INFO] Sending reply to client 'OK'
ptd-server 2022-02-14 02:06:45,824 [INFO] Got command from the client 'session,2022-02-14_01-45-22,stop,testing'
ptd-server 2022-02-14 02:06:55,834 [INFO] Sending to ptd: 'Stop'
ptd-server 2022-02-14 02:06:55,835 [INFO] Reply from ptd: 'Stopping untimed measurement'
ptd-server 2022-02-14 02:06:56,243 [INFO] Sending reply to client 'OK'
ptd-server 2022-02-14 02:06:56,261 [INFO] Got command from the client 'session,2022-02-14_01-45-22,done'
ptd-server 2022-02-14 02:06:56,262 [INFO] Sending to ptd: 'Stop'
ptd-server 2022-02-14 02:06:56,262 [INFO] Reply from ptd: 'Error: no measurement to stop'
ptd-server 2022-02-14 02:06:56,262 [INFO] Sending to ptd: 'SR,V,300.000000'
ptd-server 2022-02-14 02:06:57,764 [INFO] Reply from ptd: 'Range V changed'
ptd-server 2022-02-14 02:06:57,764 [INFO] Sending to ptd: 'SR,A,0.500000'
ptd-server 2022-02-14 02:06:59,265 [INFO] Reply from ptd: 'Range A changed'
ptd-server 2022-02-14 02:06:59,266 [INFO] Set initial values for Amps 0.500000 and Volts 300.000000
ptd-server 2022-02-14 02:06:59,266 [INFO] Stopping ptd...
