ptd-server 2022-02-17 19:59:42,715 [INFO] Got command from the client 'time'
ptd-server 2022-02-17 19:59:42,715 [INFO] Sending reply to client '1645127982.7156968'
ptd-server 2022-02-17 19:59:42,716 [INFO] Got command from the client 'new,,e57382d7-8c78-4641-b990-ff643ade3e1a'
ptd-server 2022-02-17 19:59:42,717 [INFO] Sending reply to client 'OK 2022-02-17_19-59-42,7c319759-7a6b-481c-b593-49a75842752e'
ptd-server 2022-02-17 19:59:42,752 [INFO] Got command from the client 'time'
ptd-server 2022-02-17 19:59:42,752 [INFO] Sending reply to client '1645127982.7525'
ptd-server 2022-02-17 19:59:42,753 [INFO] Got command from the client 'session,2022-02-17_19-59-42,start,ranging'
ptd-server 2022-02-17 19:59:42,754 [INFO] Running PTDaemon: ['/home/anton/projects/mlperf/power/inference_v1.0/ptd-linux-x86', '-l', '/tmp/tmpgldyt7rr/ptd_logfile.txt', '-p', '8888', '49', '/dev/usbtmc0']
ptd-server 2022-02-17 19:59:59,926 [INFO] Sending to ptd: 'Hello'
ptd-server 2022-02-17 19:59:59,927 [INFO] Reply from ptd: 'Hello, PTDaemon here!'
ptd-server 2022-02-17 19:59:59,927 [INFO] Sending to ptd: 'Identify'
ptd-server 2022-02-17 19:59:59,927 [INFO] Reply from ptd: 'YokogawaWT310E,1000,1,1,1,1,0,1,1,version=1.9.2-e8c7a49a-20201208,OS=Linux 5.13.0-28-generic #31~20.04.1-Ubuntu SMP Wed Jan 19 14:08:10 UTC 2022 x86_64,mode=power,1,1,1,0,0,no_cal_date,YOKOGAWA;WT310E;C3XA04010E;F1.04'
ptd-server 2022-02-17 19:59:59,927 [INFO] Connected to PTDaemon
ptd-server 2022-02-17 19:59:59,927 [INFO] Sending to ptd: 'RR'
ptd-server 2022-02-17 19:59:59,928 [INFO] Reply from ptd: 'Ranges,0,0.500000,0,300.000000'
ptd-server 2022-02-17 19:59:59,928 [INFO] Initial range for Amps is 0.500000 for Volts is 300.000000
ptd-server 2022-02-17 19:59:59,928 [INFO] Sending to ptd: 'SR,V,Auto'
ptd-server 2022-02-17 20:00:00,431 [INFO] Reply from ptd: 'Range V changed'
ptd-server 2022-02-17 20:00:00,431 [INFO] Sending to ptd: 'SR,A,Auto'
ptd-server 2022-02-17 20:00:00,933 [INFO] Reply from ptd: 'Range A changed'
ptd-server 2022-02-17 20:00:10,943 [INFO] Starting ranging mode
ptd-server 2022-02-17 20:00:10,944 [INFO] Sending to ptd: 'Go,1000,0,2022-02-17_19-59-42_ranging'
ptd-server 2022-02-17 20:00:10,944 [INFO] Reply from ptd: 'Starting untimed measurement, maximum 500000 samples at 1000ms with 0 rampup samples'
ptd-server 2022-02-17 20:00:10,944 [INFO] Sending reply to client 'OK'
ptd-server 2022-02-17 20:10:28,066 [INFO] Got command from the client 'session,2022-02-17_19-59-42,stop,ranging'
ptd-server 2022-02-17 20:10:38,076 [INFO] Sending to ptd: 'Stop'
ptd-server 2022-02-17 20:10:38,076 [INFO] Reply from ptd: 'Stopping untimed measurement'
ptd-server 2022-02-17 20:10:38,292 [INFO] Sending reply to client 'OK'
ptd-server 2022-02-17 20:10:38,363 [INFO] Got command from the client 'time'
ptd-server 2022-02-17 20:10:38,363 [INFO] Sending reply to client '1645128638.3631399'
ptd-server 2022-02-17 20:10:38,364 [INFO] Got command from the client 'session,2022-02-17_19-59-42,start,testing'
ptd-server 2022-02-17 20:10:38,364 [INFO] Sending to ptd: 'SR,V,250.360000'
ptd-server 2022-02-17 20:10:40,445 [INFO] Reply from ptd: 'Range V changed'
ptd-server 2022-02-17 20:10:40,445 [INFO] Sending to ptd: 'SR,A,0.045810'
ptd-server 2022-02-17 20:10:41,947 [INFO] Reply from ptd: 'Range A changed'
ptd-server 2022-02-17 20:10:51,957 [INFO] Starting testing mode
ptd-server 2022-02-17 20:10:51,957 [INFO] Sending to ptd: 'Go,1000,0,2022-02-17_19-59-42_testing'
ptd-server 2022-02-17 20:10:51,958 [INFO] Reply from ptd: 'Starting untimed measurement, maximum 500000 samples at 1000ms with 0 rampup samples'
ptd-server 2022-02-17 20:10:51,958 [INFO] Sending reply to client 'OK'
ptd-server 2022-02-17 20:21:09,772 [INFO] Got command from the client 'session,2022-02-17_19-59-42,stop,testing'
ptd-server 2022-02-17 20:21:19,783 [INFO] Sending to ptd: 'Stop'
ptd-server 2022-02-17 20:21:19,783 [INFO] Reply from ptd: 'Stopping untimed measurement'
ptd-server 2022-02-17 20:21:19,896 [INFO] Sending reply to client 'OK'
ptd-server 2022-02-17 20:21:19,918 [INFO] Got command from the client 'session,2022-02-17_19-59-42,done'
ptd-server 2022-02-17 20:21:19,918 [INFO] Sending to ptd: 'Stop'
ptd-server 2022-02-17 20:21:19,959 [INFO] Reply from ptd: 'Error: no measurement to stop'
ptd-server 2022-02-17 20:21:19,959 [INFO] Sending to ptd: 'SR,V,300.000000'
ptd-server 2022-02-17 20:21:21,460 [INFO] Reply from ptd: 'Range V changed'
ptd-server 2022-02-17 20:21:21,460 [INFO] Sending to ptd: 'SR,A,0.500000'
ptd-server 2022-02-17 20:21:22,962 [INFO] Reply from ptd: 'Range A changed'
ptd-server 2022-02-17 20:21:22,962 [INFO] Set initial values for Amps 0.500000 and Volts 300.000000
ptd-server 2022-02-17 20:21:22,962 [INFO] Stopping ptd...
