ptd-server 2022-02-13 21:24:20,898 [INFO] Got command from the client 'time'
ptd-server 2022-02-13 21:24:20,898 [INFO] Sending reply to client '1644787460.8984106'
ptd-server 2022-02-13 21:24:20,899 [INFO] Got command from the client 'new,,7cb04c35-fcd1-443e-81cd-c07d46d4fd7d'
ptd-server 2022-02-13 21:24:20,900 [INFO] Sending reply to client 'OK 2022-02-13_21-24-20,6aa680b0-4c8d-42a7-b58a-005d6f52f6af'
ptd-server 2022-02-13 21:24:20,948 [INFO] Got command from the client 'time'
ptd-server 2022-02-13 21:24:20,949 [INFO] Sending reply to client '1644787460.9490256'
ptd-server 2022-02-13 21:24:20,951 [INFO] Got command from the client 'session,2022-02-13_21-24-20,start,ranging'
ptd-server 2022-02-13 21:24:20,951 [INFO] Running PTDaemon: ['/home/anton/projects/mlperf/power/inference_v1.0/ptd-linux-x86', '-l', '/tmp/tmpxvec0g6h/ptd_logfile.txt', '-p', '8888', '49', '/dev/usbtmc0']
ptd-server 2022-02-13 21:24:38,123 [INFO] Sending to ptd: 'Hello'
ptd-server 2022-02-13 21:24:38,124 [INFO] Reply from ptd: 'Hello, PTDaemon here!'
ptd-server 2022-02-13 21:24:38,124 [INFO] Sending to ptd: 'Identify'
ptd-server 2022-02-13 21:24:38,125 [INFO] Reply from ptd: 'YokogawaWT310E,1000,1,1,1,1,0,1,1,version=1.9.2-e8c7a49a-20201208,OS=Linux 5.13.0-27-generic #29~20.04.1-Ubuntu SMP Fri Jan 14 00:32:30 UTC 2022 x86_64,mode=power,1,1,1,0,0,no_cal_date,YOKOGAWA;WT310E;C3XA04010E;F1.04'
ptd-server 2022-02-13 21:24:38,125 [INFO] Connected to PTDaemon
ptd-server 2022-02-13 21:24:38,125 [INFO] Sending to ptd: 'RR'
ptd-server 2022-02-13 21:24:38,125 [INFO] Reply from ptd: 'Ranges,0,0.500000,0,300.000000'
ptd-server 2022-02-13 21:24:38,125 [INFO] Initial range for Amps is 0.500000 for Volts is 300.000000
ptd-server 2022-02-13 21:24:38,125 [INFO] Sending to ptd: 'SR,V,Auto'
ptd-server 2022-02-13 21:24:38,628 [INFO] Reply from ptd: 'Range V changed'
ptd-server 2022-02-13 21:24:38,628 [INFO] Sending to ptd: 'SR,A,Auto'
ptd-server 2022-02-13 21:24:39,130 [INFO] Reply from ptd: 'Range A changed'
ptd-server 2022-02-13 21:24:49,141 [INFO] Starting ranging mode
ptd-server 2022-02-13 21:24:49,141 [INFO] Sending to ptd: 'Go,1000,0,2022-02-13_21-24-20_ranging'
ptd-server 2022-02-13 21:24:49,141 [INFO] Reply from ptd: 'Starting untimed measurement, maximum 500000 samples at 1000ms with 0 rampup samples'
ptd-server 2022-02-13 21:24:49,142 [INFO] Sending reply to client 'OK'
ptd-server 2022-02-13 21:35:05,054 [INFO] Got command from the client 'session,2022-02-13_21-24-20,stop,ranging'
ptd-server 2022-02-13 21:35:15,064 [INFO] Sending to ptd: 'Stop'
ptd-server 2022-02-13 21:35:15,064 [INFO] Reply from ptd: 'Stopping untimed measurement'
ptd-server 2022-02-13 21:35:15,725 [INFO] Sending reply to client 'OK'
ptd-server 2022-02-13 21:35:15,786 [INFO] Got command from the client 'time'
ptd-server 2022-02-13 21:35:15,786 [INFO] Sending reply to client '1644788115.7863734'
ptd-server 2022-02-13 21:35:15,788 [INFO] Got command from the client 'session,2022-02-13_21-24-20,start,testing'
ptd-server 2022-02-13 21:35:15,788 [INFO] Sending to ptd: 'SR,V,250.070000'
ptd-server 2022-02-13 21:35:17,290 [INFO] Reply from ptd: 'Range V changed'
ptd-server 2022-02-13 21:35:17,290 [INFO] Sending to ptd: 'SR,A,0.169150'
ptd-server 2022-02-13 21:35:18,791 [INFO] Reply from ptd: 'Range A changed'
ptd-server 2022-02-13 21:35:28,801 [INFO] Starting testing mode
ptd-server 2022-02-13 21:35:28,802 [INFO] Sending to ptd: 'Go,1000,0,2022-02-13_21-24-20_testing'
ptd-server 2022-02-13 21:35:28,802 [INFO] Reply from ptd: 'Starting untimed measurement, maximum 500000 samples at 1000ms with 0 rampup samples'
ptd-server 2022-02-13 21:35:28,802 [INFO] Sending reply to client 'OK'
ptd-server 2022-02-13 21:45:44,666 [INFO] Got command from the client 'session,2022-02-13_21-24-20,stop,testing'
ptd-server 2022-02-13 21:45:54,677 [INFO] Sending to ptd: 'Stop'
ptd-server 2022-02-13 21:45:54,677 [INFO] Reply from ptd: 'Stopping untimed measurement'
ptd-server 2022-02-13 21:45:55,018 [INFO] Sending reply to client 'OK'
ptd-server 2022-02-13 21:45:55,036 [INFO] Got command from the client 'session,2022-02-13_21-24-20,done'
ptd-server 2022-02-13 21:45:55,036 [INFO] Sending to ptd: 'Stop'
ptd-server 2022-02-13 21:45:55,037 [INFO] Reply from ptd: 'Error: no measurement to stop'
ptd-server 2022-02-13 21:45:55,037 [INFO] Sending to ptd: 'SR,V,300.000000'
ptd-server 2022-02-13 21:45:56,538 [INFO] Reply from ptd: 'Range V changed'
ptd-server 2022-02-13 21:45:56,538 [INFO] Sending to ptd: 'SR,A,0.500000'
ptd-server 2022-02-13 21:45:58,039 [INFO] Reply from ptd: 'Range A changed'
ptd-server 2022-02-13 21:45:58,040 [INFO] Set initial values for Amps 0.500000 and Volts 300.000000
ptd-server 2022-02-13 21:45:58,040 [INFO] Stopping ptd...
