client 2022-02-14 01:07:49,327 [INFO] Sending command to the server: 'mlcommons/power client v3'
client 2022-02-14 01:07:49,329 [INFO] Got response: 'mlcommons/power server v3'
client 2022-02-14 01:07:49,329 [INFO] Sending command to the server: 'stop'
client 2022-02-14 01:07:49,330 [INFO] Got response: 'OK'
client 2022-02-14 01:07:49,330 [INFO] Synchronizing with the server and with ib-01.dc4-in.nvidia.com...
client 2022-02-14 01:07:49,543 [INFO] NTP:offset = -0.002 s, delay = 0.208 s 
client 2022-02-14 01:07:49,543 [INFO] Sending command to the server: 'time'
client 2022-02-14 01:07:49,544 [INFO] Got response: '1644829669.5414648'
client 2022-02-14 01:07:49,545 [INFO] The time difference between the client and the server is within range 2.129 ms..3.561 ms
client 2022-02-14 01:07:49,545 [INFO] Sending command to the server: 'new,,d4e15579-efcb-4923-8b16-1f2592272e38'
client 2022-02-14 01:07:49,546 [INFO] Got response: 'OK 2022-02-14_01-07-49,eebb904b-4b3a-4141-b8dd-ee6da86ba9b3'
client 2022-02-14 01:07:49,547 [INFO] Session id is '2022-02-14_01-07-49'
client 2022-02-14 01:07:49,547 [INFO] Sources: {"sources": {"__init__.py": "da39a3ee5e6b4b0d3255bfef95601890afd80709", "client.py": "33ca4f26368777ac06e01f9567b714a4b8063886", "lib/__init__.py": "da39a3ee5e6b4b0d3255bfef95601890afd80709", "lib/client.py": "4c2b78fb4849a7e5b584ef792d82aaed20b17f57", "lib/common.py": "624d0c0acc7c39aaff3674f0b99d6a09da53d1dc", "lib/external/__init__.py": "da39a3ee5e6b4b0d3255bfef95601890afd80709", "lib/external/ntplib.py": "4da8f970656505a40483206ef2b5d3dd5e81711d", "lib/server.py": "59c9fb92908260d3e9f81a895c7aa009742275e4", "lib/source_hashes.py": "60a2e02193209e8d392803326208d5466342da18", "lib/summary.py": "aa92f0a3f975eecd44d3c0cd0236342ccc9f941d", "lib/time_sync.py": "3210db56eb0ff0df57bf4293dc4d4b03fffd46f1", "server.py": "c3f90f2f7eeb4db30727556d0c815ebc89b3d28b", "tests/unit/__init__.py": "da39a3ee5e6b4b0d3255bfef95601890afd80709", "tests/unit/test_server.py": "99ae15aef722f2000ee6ed1ae1523637bf1ae42b", "tests/unit/test_source_hashes.py": "00468a2907583c593e6574a1f6b404e4651c221a"}, "modules": {"ptd_client_server.lib.client": "lib/client.py", "ptd_client_server.lib.common": "lib/common.py", "ptd_client_server.lib.external.ntplib": "lib/external/ntplib.py", "ptd_client_server.lib.source_hashes": "lib/source_hashes.py", "ptd_client_server.lib.summary": "lib/summary.py", "ptd_client_server.lib.time_sync": "lib/time_sync.py"}}
client 2022-02-14 01:07:49,551 [INFO] Running workload in ranging mode
client 2022-02-14 01:07:49,551 [INFO] Synchronizing with the server and with ib-01.dc4-in.nvidia.com...
client 2022-02-14 01:07:49,760 [INFO] NTP:offset = -0.002 s, delay = 0.208 s 
client 2022-02-14 01:07:49,760 [INFO] Sending command to the server: 'time'
client 2022-02-14 01:07:49,762 [INFO] Got response: '1644829669.762526'
client 2022-02-14 01:07:49,762 [INFO] The time difference between the client and the server is within range -1.658 ms..-0.033 ms
client 2022-02-14 01:07:49,762 [INFO] Sending command to the server: 'session,2022-02-14_01-07-49,start,ranging'
client 2022-02-14 01:08:29,062 [INFO] Got response: 'OK'
client 2022-02-14 01:08:29,062 [INFO] Running the workload 'LOG_DIR=/work/build/power_logs_temp python3 code/main.py --benchmarks=resnet50 --scenarios=Offline --test_mode=PerformanceOnly --config_ver=maxq --action="run_harness" \\\n\t\t2>&1 | tee -a /work/build/power_logs/2022.02.14-01.07.00/stdout.txt \\\n\t\t&& if [ ! -d /work/build/power_logs/2022.02.14-01.07.00/ranging_tmp ]; \\\n\t\t\tthen mkdir /work/build/power_logs/2022.02.14-01.07.00/ranging_tmp \\\n\t\t\t\t&& mv /work/build/power_logs_temp/* /work/build/power_logs/2022.02.14-01.07.00/ranging_tmp/ \\\n\t\t\t\t&& cp -v /work/build/power_logs/2022.02.14-01.07.00/ranging_tmp/*/*/*/mlperf_log_detail.txt /work/build/power_logs_temp/ \\\n\t\t\t\t&& cp -v /work/build/power_logs/2022.02.14-01.07.00/ranging_tmp/*/*/*/mlperf_log_summary.txt /work/build/power_logs_temp/; \\\n\t\t\telse mkdir /work/build/power_logs/2022.02.14-01.07.00/testing_tmp \\\n\t\t\t\t&& mv /work/build/power_logs_temp/* /work/build/power_logs/2022.02.14-01.07.00/testing_tmp/ \\\n\t\t\t\t&& cp -v /work/build/power_logs/2022.02.14-01.07.00/testing_tmp/*/*/*/mlperf_log_detail.txt /work/build/power_logs_temp/ \\\n\t\t\t\t&& cp -v /work/build/power_logs/2022.02.14-01.07.00/testing_tmp/*/*/*/mlperf_log_summary.txt /work/build/power_logs_temp/; fi'
client 2022-02-14 01:21:52,283 [INFO] Sending command to the server: 'session,2022-02-14_01-07-49,stop,ranging'
client 2022-02-14 01:22:02,336 [INFO] Got response: 'OK'
client 2022-02-14 01:22:02,344 [INFO] Copying loadgen logs from '/work/build/power_logs_temp' to '/work/build/power_logs/2022.02.14-01.07.00/2022-02-14_01-07-49/ranging'
client 2022-02-14 01:22:02,351 [INFO] Running workload in testing mode
client 2022-02-14 01:22:02,352 [INFO] Synchronizing with the server and with ib-01.dc4-in.nvidia.com...
client 2022-02-14 01:22:02,565 [INFO] NTP:offset = 0.000 s, delay = 0.212 s 
client 2022-02-14 01:22:02,566 [INFO] Sending command to the server: 'time'
client 2022-02-14 01:22:02,567 [INFO] Got response: '1644830522.5633721'
client 2022-02-14 01:22:02,567 [INFO] The time difference between the client and the server is within range 2.644 ms..4.030 ms
client 2022-02-14 01:22:02,567 [INFO] Sending command to the server: 'session,2022-02-14_01-07-49,start,testing'
client 2022-02-14 01:22:24,721 [INFO] Got response: 'OK'
client 2022-02-14 01:22:24,722 [INFO] Running the workload 'LOG_DIR=/work/build/power_logs_temp python3 code/main.py --benchmarks=resnet50 --scenarios=Offline --test_mode=PerformanceOnly --config_ver=maxq --action="run_harness" \\\n\t\t2>&1 | tee -a /work/build/power_logs/2022.02.14-01.07.00/stdout.txt \\\n\t\t&& if [ ! -d /work/build/power_logs/2022.02.14-01.07.00/ranging_tmp ]; \\\n\t\t\tthen mkdir /work/build/power_logs/2022.02.14-01.07.00/ranging_tmp \\\n\t\t\t\t&& mv /work/build/power_logs_temp/* /work/build/power_logs/2022.02.14-01.07.00/ranging_tmp/ \\\n\t\t\t\t&& cp -v /work/build/power_logs/2022.02.14-01.07.00/ranging_tmp/*/*/*/mlperf_log_detail.txt /work/build/power_logs_temp/ \\\n\t\t\t\t&& cp -v /work/build/power_logs/2022.02.14-01.07.00/ranging_tmp/*/*/*/mlperf_log_summary.txt /work/build/power_logs_temp/; \\\n\t\t\telse mkdir /work/build/power_logs/2022.02.14-01.07.00/testing_tmp \\\n\t\t\t\t&& mv /work/build/power_logs_temp/* /work/build/power_logs/2022.02.14-01.07.00/testing_tmp/ \\\n\t\t\t\t&& cp -v /work/build/power_logs/2022.02.14-01.07.00/testing_tmp/*/*/*/mlperf_log_detail.txt /work/build/power_logs_temp/ \\\n\t\t\t\t&& cp -v /work/build/power_logs/2022.02.14-01.07.00/testing_tmp/*/*/*/mlperf_log_summary.txt /work/build/power_logs_temp/; fi'
client 2022-02-14 01:35:48,584 [INFO] Sending command to the server: 'session,2022-02-14_01-07-49,stop,testing'
client 2022-02-14 01:35:58,617 [INFO] Got response: 'OK'
client 2022-02-14 01:35:58,622 [INFO] Copying loadgen logs from '/work/build/power_logs_temp' to '/work/build/power_logs/2022.02.14-01.07.00/2022-02-14_01-07-49/run_1'
client 2022-02-14 01:35:58,630 [INFO] Done runs
