ptd-server 2022-02-13 04:11:15,586 [INFO] Got command from the client 'time'
ptd-server 2022-02-13 04:11:15,586 [INFO] Sending reply to client '1644725475.5862918'
ptd-server 2022-02-13 04:11:15,588 [INFO] Got command from the client 'new,,66394f58-7877-417f-a173-6341adbccf9d'
ptd-server 2022-02-13 04:11:15,589 [INFO] Sending reply to client 'OK 2022-02-13_04-11-15,be568163-444f-4df3-99c2-221ae5bf5c05'
ptd-server 2022-02-13 04:11:15,635 [INFO] Got command from the client 'time'
ptd-server 2022-02-13 04:11:15,635 [INFO] Sending reply to client '1644725475.6354718'
ptd-server 2022-02-13 04:11:15,637 [INFO] Got command from the client 'session,2022-02-13_04-11-15,start,ranging'
ptd-server 2022-02-13 04:11:15,637 [INFO] Running PTDaemon: ['/home/anton/projects/mlperf/power/inference_v1.0/ptd-linux-x86', '-l', '/tmp/tmpxvec0g6h/ptd_logfile.txt', '-p', '8888', '49', '/dev/usbtmc0']
ptd-server 2022-02-13 04:11:32,811 [INFO] Sending to ptd: 'Hello'
ptd-server 2022-02-13 04:11:32,812 [INFO] Reply from ptd: 'Hello, PTDaemon here!'
ptd-server 2022-02-13 04:11:32,812 [INFO] Sending to ptd: 'Identify'
ptd-server 2022-02-13 04:11:32,812 [INFO] Reply from ptd: 'YokogawaWT310E,1000,1,1,1,1,0,1,1,version=1.9.2-e8c7a49a-20201208,OS=Linux 5.13.0-27-generic #29~20.04.1-Ubuntu SMP Fri Jan 14 00:32:30 UTC 2022 x86_64,mode=power,1,1,1,0,0,no_cal_date,YOKOGAWA;WT310E;C3XA04010E;F1.04'
ptd-server 2022-02-13 04:11:32,813 [INFO] Connected to PTDaemon
ptd-server 2022-02-13 04:11:32,813 [INFO] Sending to ptd: 'RR'
ptd-server 2022-02-13 04:11:32,813 [INFO] Reply from ptd: 'Ranges,0,0.500000,0,300.000000'
ptd-server 2022-02-13 04:11:32,813 [INFO] Initial range for Amps is 0.500000 for Volts is 300.000000
ptd-server 2022-02-13 04:11:32,813 [INFO] Sending to ptd: 'SR,V,Auto'
ptd-server 2022-02-13 04:11:33,316 [INFO] Reply from ptd: 'Range V changed'
ptd-server 2022-02-13 04:11:33,316 [INFO] Sending to ptd: 'SR,A,Auto'
ptd-server 2022-02-13 04:11:33,818 [INFO] Reply from ptd: 'Range A changed'
ptd-server 2022-02-13 04:11:43,829 [INFO] Starting ranging mode
ptd-server 2022-02-13 04:11:43,829 [INFO] Sending to ptd: 'Go,1000,0,2022-02-13_04-11-15_ranging'
ptd-server 2022-02-13 04:11:43,829 [INFO] Reply from ptd: 'Starting untimed measurement, maximum 500000 samples at 1000ms with 0 rampup samples'
ptd-server 2022-02-13 04:11:43,829 [INFO] Sending reply to client 'OK'
ptd-server 2022-02-13 04:21:59,866 [INFO] Got command from the client 'session,2022-02-13_04-11-15,stop,ranging'
ptd-server 2022-02-13 04:22:09,872 [INFO] Sending to ptd: 'Stop'
ptd-server 2022-02-13 04:22:09,873 [INFO] Reply from ptd: 'Stopping untimed measurement'
ptd-server 2022-02-13 04:22:10,448 [INFO] Sending reply to client 'OK'
ptd-server 2022-02-13 04:22:10,522 [INFO] Got command from the client 'time'
ptd-server 2022-02-13 04:22:10,523 [INFO] Sending reply to client '1644726130.5231276'
ptd-server 2022-02-13 04:22:10,525 [INFO] Got command from the client 'session,2022-02-13_04-11-15,start,testing'
ptd-server 2022-02-13 04:22:10,525 [INFO] Sending to ptd: 'SR,V,251.870000'
ptd-server 2022-02-13 04:22:12,330 [INFO] Reply from ptd: 'Range V changed'
ptd-server 2022-02-13 04:22:12,331 [INFO] Sending to ptd: 'SR,A,0.161110'
ptd-server 2022-02-13 04:22:13,832 [INFO] Reply from ptd: 'Range A changed'
ptd-server 2022-02-13 04:22:23,842 [INFO] Starting testing mode
ptd-server 2022-02-13 04:22:23,842 [INFO] Sending to ptd: 'Go,1000,0,2022-02-13_04-11-15_testing'
ptd-server 2022-02-13 04:22:23,843 [INFO] Reply from ptd: 'Starting untimed measurement, maximum 500000 samples at 1000ms with 0 rampup samples'
ptd-server 2022-02-13 04:22:23,843 [INFO] Sending reply to client 'OK'
ptd-server 2022-02-13 04:32:39,659 [INFO] Got command from the client 'session,2022-02-13_04-11-15,stop,testing'
ptd-server 2022-02-13 04:32:49,670 [INFO] Sending to ptd: 'Stop'
ptd-server 2022-02-13 04:32:49,670 [INFO] Reply from ptd: 'Stopping untimed measurement'
ptd-server 2022-02-13 04:32:49,961 [INFO] Sending reply to client 'OK'
ptd-server 2022-02-13 04:32:49,979 [INFO] Got command from the client 'session,2022-02-13_04-11-15,done'
ptd-server 2022-02-13 04:32:49,979 [INFO] Sending to ptd: 'Stop'
ptd-server 2022-02-13 04:32:49,979 [INFO] Reply from ptd: 'Error: no measurement to stop'
ptd-server 2022-02-13 04:32:49,979 [INFO] Sending to ptd: 'SR,V,300.000000'
ptd-server 2022-02-13 04:32:51,480 [INFO] Reply from ptd: 'Range V changed'
ptd-server 2022-02-13 04:32:51,481 [INFO] Sending to ptd: 'SR,A,0.500000'
ptd-server 2022-02-13 04:32:52,982 [INFO] Reply from ptd: 'Range A changed'
ptd-server 2022-02-13 04:32:52,982 [INFO] Set initial values for Amps 0.500000 and Volts 300.000000
ptd-server 2022-02-13 04:32:52,982 [INFO] Stopping ptd...
