ptd-server 2022-02-22 01:25:26,528 [INFO] Got command from the client 'time'
ptd-server 2022-02-22 01:25:26,528 [INFO] Sending reply to client '1645493126.528678'
ptd-server 2022-02-22 01:25:26,530 [INFO] Got command from the client 'new,,31851374-b8fa-4e28-b8c7-45f6443ad6e4'
ptd-server 2022-02-22 01:25:26,531 [INFO] Sending reply to client 'OK 2022-02-22_01-25-26,49e7f1b9-b943-477a-b6d3-1f6b41f17077'
ptd-server 2022-02-22 01:25:26,569 [INFO] Got command from the client 'time'
ptd-server 2022-02-22 01:25:26,569 [INFO] Sending reply to client '1645493126.5695324'
ptd-server 2022-02-22 01:25:26,570 [INFO] Got command from the client 'session,2022-02-22_01-25-26,start,ranging'
ptd-server 2022-02-22 01:25:26,571 [INFO] Running PTDaemon: ['/home/anton/projects/mlperf/power/inference_v1.0/ptd-linux-x86', '-l', '/tmp/tmpgldyt7rr/ptd_logfile.txt', '-p', '8888', '49', '/dev/usbtmc0']
ptd-server 2022-02-22 01:25:43,742 [INFO] Sending to ptd: 'Hello'
ptd-server 2022-02-22 01:25:43,743 [INFO] Reply from ptd: 'Hello, PTDaemon here!'
ptd-server 2022-02-22 01:25:43,743 [INFO] Sending to ptd: 'Identify'
ptd-server 2022-02-22 01:25:43,743 [INFO] Reply from ptd: 'YokogawaWT310E,1000,1,1,1,1,0,1,1,version=1.9.2-e8c7a49a-20201208,OS=Linux 5.13.0-28-generic #31~20.04.1-Ubuntu SMP Wed Jan 19 14:08:10 UTC 2022 x86_64,mode=power,1,1,1,0,0,no_cal_date,YOKOGAWA;WT310E;C3XA04010E;F1.04'
ptd-server 2022-02-22 01:25:43,743 [INFO] Connected to PTDaemon
ptd-server 2022-02-22 01:25:43,743 [INFO] Sending to ptd: 'RR'
ptd-server 2022-02-22 01:25:43,744 [INFO] Reply from ptd: 'Ranges,0,0.500000,0,300.000000'
ptd-server 2022-02-22 01:25:43,744 [INFO] Initial range for Amps is 0.500000 for Volts is 300.000000
ptd-server 2022-02-22 01:25:43,744 [INFO] Sending to ptd: 'SR,V,Auto'
ptd-server 2022-02-22 01:25:44,246 [INFO] Reply from ptd: 'Range V changed'
ptd-server 2022-02-22 01:25:44,246 [INFO] Sending to ptd: 'SR,A,Auto'
ptd-server 2022-02-22 01:25:44,749 [INFO] Reply from ptd: 'Range A changed'
ptd-server 2022-02-22 01:25:54,759 [INFO] Starting ranging mode
ptd-server 2022-02-22 01:25:54,759 [INFO] Sending to ptd: 'Go,1000,0,2022-02-22_01-25-26_ranging'
ptd-server 2022-02-22 01:25:54,760 [INFO] Reply from ptd: 'Starting untimed measurement, maximum 500000 samples at 1000ms with 0 rampup samples'
ptd-server 2022-02-22 01:25:54,760 [INFO] Sending reply to client 'OK'
ptd-server 2022-02-22 01:36:25,393 [INFO] Got command from the client 'session,2022-02-22_01-25-26,stop,ranging'
ptd-server 2022-02-22 01:36:35,404 [INFO] Sending to ptd: 'Stop'
ptd-server 2022-02-22 01:36:35,404 [INFO] Reply from ptd: 'Stopping untimed measurement'
ptd-server 2022-02-22 01:36:36,069 [INFO] Sending reply to client 'OK'
ptd-server 2022-02-22 01:36:36,128 [INFO] Got command from the client 'time'
ptd-server 2022-02-22 01:36:36,128 [INFO] Sending reply to client '1645493796.128216'
ptd-server 2022-02-22 01:36:36,129 [INFO] Got command from the client 'session,2022-02-22_01-25-26,start,testing'
ptd-server 2022-02-22 01:36:36,129 [INFO] Sending to ptd: 'SR,V,249.960000'
ptd-server 2022-02-22 01:36:37,630 [INFO] Reply from ptd: 'Range V changed'
ptd-server 2022-02-22 01:36:37,631 [INFO] Sending to ptd: 'SR,A,0.052990'
ptd-server 2022-02-22 01:36:39,132 [INFO] Reply from ptd: 'Range A changed'
ptd-server 2022-02-22 01:36:49,142 [INFO] Starting testing mode
ptd-server 2022-02-22 01:36:49,142 [INFO] Sending to ptd: 'Go,1000,0,2022-02-22_01-25-26_testing'
ptd-server 2022-02-22 01:36:49,143 [INFO] Reply from ptd: 'Starting untimed measurement, maximum 500000 samples at 1000ms with 0 rampup samples'
ptd-server 2022-02-22 01:36:49,143 [INFO] Sending reply to client 'OK'
ptd-server 2022-02-22 01:47:19,364 [INFO] Got command from the client 'session,2022-02-22_01-25-26,stop,testing'
ptd-server 2022-02-22 01:47:29,374 [INFO] Sending to ptd: 'Stop'
ptd-server 2022-02-22 01:47:29,375 [INFO] Reply from ptd: 'Stopping untimed measurement'
ptd-server 2022-02-22 01:47:29,723 [INFO] Sending reply to client 'OK'
ptd-server 2022-02-22 01:47:29,742 [INFO] Got command from the client 'session,2022-02-22_01-25-26,done'
ptd-server 2022-02-22 01:47:29,742 [INFO] Sending to ptd: 'Stop'
ptd-server 2022-02-22 01:47:30,143 [INFO] Reply from ptd: 'Error: no measurement to stop'
ptd-server 2022-02-22 01:47:30,143 [INFO] Sending to ptd: 'SR,V,300.000000'
ptd-server 2022-02-22 01:47:31,645 [INFO] Reply from ptd: 'Range V changed'
ptd-server 2022-02-22 01:47:31,645 [INFO] Sending to ptd: 'SR,A,0.500000'
ptd-server 2022-02-22 01:47:33,146 [INFO] Reply from ptd: 'Range A changed'
ptd-server 2022-02-22 01:47:33,146 [INFO] Set initial values for Amps 0.500000 and Volts 300.000000
ptd-server 2022-02-22 01:47:33,146 [INFO] Stopping ptd...
