ptd-server 2022-02-21 10:38:34,950 [INFO] Got command from the client 'time'
ptd-server 2022-02-21 10:38:34,950 [INFO] Sending reply to client '1645439914.950722'
ptd-server 2022-02-21 10:38:34,952 [INFO] Got command from the client 'new,,ad599f79-100e-4bf7-90a5-51c7a161a6ad'
ptd-server 2022-02-21 10:38:34,952 [INFO] Sending reply to client 'OK 2022-02-21_10-38-34,2385b9a4-6ce3-4dc5-a811-d1aad996c2df'
ptd-server 2022-02-21 10:38:34,990 [INFO] Got command from the client 'time'
ptd-server 2022-02-21 10:38:34,990 [INFO] Sending reply to client '1645439914.9907925'
ptd-server 2022-02-21 10:38:34,992 [INFO] Got command from the client 'session,2022-02-21_10-38-34,start,ranging'
ptd-server 2022-02-21 10:38:34,992 [INFO] Running PTDaemon: ['/home/anton/projects/mlperf/power/inference_v1.0/ptd-linux-x86', '-l', '/tmp/tmpgldyt7rr/ptd_logfile.txt', '-p', '8888', '49', '/dev/usbtmc0']
ptd-server 2022-02-21 10:38:52,164 [INFO] Sending to ptd: 'Hello'
ptd-server 2022-02-21 10:38:52,165 [INFO] Reply from ptd: 'Hello, PTDaemon here!'
ptd-server 2022-02-21 10:38:52,165 [INFO] Sending to ptd: 'Identify'
ptd-server 2022-02-21 10:38:52,166 [INFO] Reply from ptd: 'YokogawaWT310E,1000,1,1,1,1,0,1,1,version=1.9.2-e8c7a49a-20201208,OS=Linux 5.13.0-28-generic #31~20.04.1-Ubuntu SMP Wed Jan 19 14:08:10 UTC 2022 x86_64,mode=power,1,1,1,0,0,no_cal_date,YOKOGAWA;WT310E;C3XA04010E;F1.04'
ptd-server 2022-02-21 10:38:52,166 [INFO] Connected to PTDaemon
ptd-server 2022-02-21 10:38:52,166 [INFO] Sending to ptd: 'RR'
ptd-server 2022-02-21 10:38:52,166 [INFO] Reply from ptd: 'Ranges,0,0.500000,0,300.000000'
ptd-server 2022-02-21 10:38:52,166 [INFO] Initial range for Amps is 0.500000 for Volts is 300.000000
ptd-server 2022-02-21 10:38:52,166 [INFO] Sending to ptd: 'SR,V,Auto'
ptd-server 2022-02-21 10:38:52,669 [INFO] Reply from ptd: 'Range V changed'
ptd-server 2022-02-21 10:38:52,669 [INFO] Sending to ptd: 'SR,A,Auto'
ptd-server 2022-02-21 10:38:53,172 [INFO] Reply from ptd: 'Range A changed'
ptd-server 2022-02-21 10:39:03,182 [INFO] Starting ranging mode
ptd-server 2022-02-21 10:39:03,182 [INFO] Sending to ptd: 'Go,1000,0,2022-02-21_10-38-34_ranging'
ptd-server 2022-02-21 10:39:03,182 [INFO] Reply from ptd: 'Starting untimed measurement, maximum 500000 samples at 1000ms with 0 rampup samples'
ptd-server 2022-02-21 10:39:03,183 [INFO] Sending reply to client 'OK'
ptd-server 2022-02-21 10:49:24,647 [INFO] Got command from the client 'session,2022-02-21_10-38-34,stop,ranging'
ptd-server 2022-02-21 10:49:34,658 [INFO] Sending to ptd: 'Stop'
ptd-server 2022-02-21 10:49:34,658 [INFO] Reply from ptd: 'Stopping untimed measurement'
ptd-server 2022-02-21 10:49:35,253 [INFO] Sending reply to client 'OK'
ptd-server 2022-02-21 10:49:35,353 [INFO] Got command from the client 'time'
ptd-server 2022-02-21 10:49:35,354 [INFO] Sending reply to client '1645440575.3539958'
ptd-server 2022-02-21 10:49:35,358 [INFO] Got command from the client 'session,2022-02-21_10-38-34,start,testing'
ptd-server 2022-02-21 10:49:35,358 [INFO] Sending to ptd: 'SR,V,252.470000'
ptd-server 2022-02-21 10:49:36,859 [INFO] Reply from ptd: 'Range V changed'
ptd-server 2022-02-21 10:49:36,859 [INFO] Sending to ptd: 'SR,A,0.066710'
ptd-server 2022-02-21 10:49:38,361 [INFO] Reply from ptd: 'Range A changed'
ptd-server 2022-02-21 10:49:48,371 [INFO] Starting testing mode
ptd-server 2022-02-21 10:49:48,371 [INFO] Sending to ptd: 'Go,1000,0,2022-02-21_10-38-34_testing'
ptd-server 2022-02-21 10:49:48,371 [INFO] Reply from ptd: 'Starting untimed measurement, maximum 500000 samples at 1000ms with 0 rampup samples'
ptd-server 2022-02-21 10:49:48,372 [INFO] Sending reply to client 'OK'
ptd-server 2022-02-21 11:00:10,787 [INFO] Got command from the client 'session,2022-02-21_10-38-34,stop,testing'
ptd-server 2022-02-21 11:00:20,796 [INFO] Sending to ptd: 'Stop'
ptd-server 2022-02-21 11:00:20,796 [INFO] Reply from ptd: 'Stopping untimed measurement'
ptd-server 2022-02-21 11:00:21,120 [INFO] Sending reply to client 'OK'
ptd-server 2022-02-21 11:00:21,162 [INFO] Got command from the client 'session,2022-02-21_10-38-34,done'
ptd-server 2022-02-21 11:00:21,163 [INFO] Sending to ptd: 'Stop'
ptd-server 2022-02-21 11:00:21,372 [INFO] Reply from ptd: 'Error: no measurement to stop'
ptd-server 2022-02-21 11:00:21,372 [INFO] Sending to ptd: 'SR,V,300.000000'
ptd-server 2022-02-21 11:00:22,873 [INFO] Reply from ptd: 'Range V changed'
ptd-server 2022-02-21 11:00:22,873 [INFO] Sending to ptd: 'SR,A,0.500000'
ptd-server 2022-02-21 11:00:24,375 [INFO] Reply from ptd: 'Range A changed'
ptd-server 2022-02-21 11:00:24,375 [INFO] Set initial values for Amps 0.500000 and Volts 300.000000
ptd-server 2022-02-21 11:00:24,375 [INFO] Stopping ptd...
