ptd-server 2022-02-23 16:37:40,648 [INFO] Got command from the client 'time'
ptd-server 2022-02-23 16:37:40,648 [INFO] Sending reply to client '1645634260.648582'
ptd-server 2022-02-23 16:37:40,650 [INFO] Got command from the client 'new,,a9fac56e-6a3b-4629-81e7-3035b083cbd3'
ptd-server 2022-02-23 16:37:40,651 [INFO] Sending reply to client 'OK 2022-02-23_16-37-40,6dc56c38-7c58-4980-aa6a-118d4aa6791c'
ptd-server 2022-02-23 16:37:40,688 [INFO] Got command from the client 'time'
ptd-server 2022-02-23 16:37:40,688 [INFO] Sending reply to client '1645634260.6883168'
ptd-server 2022-02-23 16:37:40,690 [INFO] Got command from the client 'session,2022-02-23_16-37-40,start,ranging'
ptd-server 2022-02-23 16:37:40,690 [INFO] Running PTDaemon: ['/home/anton/projects/mlperf/power/inference_v1.0/ptd-linux-x86', '-l', '/tmp/tmpgldyt7rr/ptd_logfile.txt', '-p', '8888', '49', '/dev/usbtmc0']
ptd-server 2022-02-23 16:37:57,863 [INFO] Sending to ptd: 'Hello'
ptd-server 2022-02-23 16:37:57,864 [INFO] Reply from ptd: 'Hello, PTDaemon here!'
ptd-server 2022-02-23 16:37:57,864 [INFO] Sending to ptd: 'Identify'
ptd-server 2022-02-23 16:37:57,864 [INFO] Reply from ptd: 'YokogawaWT310E,1000,1,1,1,1,0,1,1,version=1.9.2-e8c7a49a-20201208,OS=Linux 5.13.0-28-generic #31~20.04.1-Ubuntu SMP Wed Jan 19 14:08:10 UTC 2022 x86_64,mode=power,1,1,1,0,0,no_cal_date,YOKOGAWA;WT310E;C3XA04010E;F1.04'
ptd-server 2022-02-23 16:37:57,864 [INFO] Connected to PTDaemon
ptd-server 2022-02-23 16:37:57,864 [INFO] Sending to ptd: 'RR'
ptd-server 2022-02-23 16:37:57,865 [INFO] Reply from ptd: 'Ranges,0,0.500000,0,300.000000'
ptd-server 2022-02-23 16:37:57,865 [INFO] Initial range for Amps is 0.500000 for Volts is 300.000000
ptd-server 2022-02-23 16:37:57,865 [INFO] Sending to ptd: 'SR,V,Auto'
ptd-server 2022-02-23 16:37:58,367 [INFO] Reply from ptd: 'Range V changed'
ptd-server 2022-02-23 16:37:58,368 [INFO] Sending to ptd: 'SR,A,Auto'
ptd-server 2022-02-23 16:37:58,870 [INFO] Reply from ptd: 'Range A changed'
ptd-server 2022-02-23 16:38:08,880 [INFO] Starting ranging mode
ptd-server 2022-02-23 16:38:08,881 [INFO] Sending to ptd: 'Go,1000,0,2022-02-23_16-37-40_ranging'
ptd-server 2022-02-23 16:38:08,881 [INFO] Reply from ptd: 'Starting untimed measurement, maximum 500000 samples at 1000ms with 0 rampup samples'
ptd-server 2022-02-23 16:38:08,881 [INFO] Sending reply to client 'OK'
ptd-server 2022-02-23 16:48:33,169 [INFO] Got command from the client 'session,2022-02-23_16-37-40,stop,ranging'
ptd-server 2022-02-23 16:48:43,179 [INFO] Sending to ptd: 'Stop'
ptd-server 2022-02-23 16:48:43,179 [INFO] Reply from ptd: 'Stopping untimed measurement'
ptd-server 2022-02-23 16:48:44,054 [INFO] Sending reply to client 'OK'
ptd-server 2022-02-23 16:48:44,114 [INFO] Got command from the client 'time'
ptd-server 2022-02-23 16:48:44,114 [INFO] Sending reply to client '1645634924.1143353'
ptd-server 2022-02-23 16:48:44,116 [INFO] Got command from the client 'session,2022-02-23_16-37-40,start,testing'
ptd-server 2022-02-23 16:48:44,116 [INFO] Sending to ptd: 'SR,V,252.170000'
ptd-server 2022-02-23 16:48:45,617 [INFO] Reply from ptd: 'Range V changed'
ptd-server 2022-02-23 16:48:45,618 [INFO] Sending to ptd: 'SR,A,0.049480'
ptd-server 2022-02-23 16:48:47,119 [INFO] Reply from ptd: 'Range A changed'
ptd-server 2022-02-23 16:48:57,129 [INFO] Starting testing mode
ptd-server 2022-02-23 16:48:57,130 [INFO] Sending to ptd: 'Go,1000,0,2022-02-23_16-37-40_testing'
ptd-server 2022-02-23 16:48:57,130 [INFO] Reply from ptd: 'Starting untimed measurement, maximum 500000 samples at 1000ms with 0 rampup samples'
ptd-server 2022-02-23 16:48:57,130 [INFO] Sending reply to client 'OK'
ptd-server 2022-02-23 16:59:21,434 [INFO] Got command from the client 'session,2022-02-23_16-37-40,stop,testing'
ptd-server 2022-02-23 16:59:31,444 [INFO] Sending to ptd: 'Stop'
ptd-server 2022-02-23 16:59:31,445 [INFO] Reply from ptd: 'Stopping untimed measurement'
ptd-server 2022-02-23 16:59:31,898 [INFO] Sending reply to client 'OK'
ptd-server 2022-02-23 16:59:31,918 [INFO] Got command from the client 'session,2022-02-23_16-37-40,done'
ptd-server 2022-02-23 16:59:31,918 [INFO] Sending to ptd: 'Stop'
ptd-server 2022-02-23 16:59:32,131 [INFO] Reply from ptd: 'Error: no measurement to stop'
ptd-server 2022-02-23 16:59:32,131 [INFO] Sending to ptd: 'SR,V,300.000000'
ptd-server 2022-02-23 16:59:33,632 [INFO] Reply from ptd: 'Range V changed'
ptd-server 2022-02-23 16:59:33,632 [INFO] Sending to ptd: 'SR,A,0.500000'
ptd-server 2022-02-23 16:59:35,134 [INFO] Reply from ptd: 'Range A changed'
ptd-server 2022-02-23 16:59:35,134 [INFO] Set initial values for Amps 0.500000 and Volts 300.000000
ptd-server 2022-02-23 16:59:35,134 [INFO] Stopping ptd...
