client 2022-02-23 10:32:37,757 [WARNING] Removing loadgen logs directory '/home/katya/CK/ck-mlperf/program/image-classification-tflite-loadgen/tmp/loadgen_logs'
client 2022-02-23 10:32:37,760 [INFO] Sending command to the server: 'mlcommons/power client v3'
client 2022-02-23 10:32:37,760 [INFO] Got response: 'mlcommons/power server v3'
client 2022-02-23 10:32:37,761 [INFO] Synchronizing with the server and with time.google.com...
client 2022-02-23 10:32:37,797 [INFO] NTP:offset = -0.005 s, delay = 0.027 s 
client 2022-02-23 10:32:37,798 [INFO] Sending command to the server: 'time'
client 2022-02-23 10:32:37,799 [INFO] Got response: '1645612357.7993376'
client 2022-02-23 10:32:37,799 [INFO] The time difference between the client and the server is within range -1.351 ms..0.547 ms
client 2022-02-23 10:32:37,800 [INFO] Sending command to the server: 'new,,c2402a29-e66d-4b28-9760-bfb0c6925f33'
client 2022-02-23 10:32:37,802 [INFO] Got response: 'OK 2022-02-23_10-32-37,09af9ba5-c28d-4693-baf1-d4876286217a'
client 2022-02-23 10:32:37,802 [INFO] Session id is '2022-02-23_10-32-37'
client 2022-02-23 10:32:37,803 [INFO] Sources: {"sources": {"__init__.py": "da39a3ee5e6b4b0d3255bfef95601890afd80709", "client.py": "33ca4f26368777ac06e01f9567b714a4b8063886", "lib/__init__.py": "da39a3ee5e6b4b0d3255bfef95601890afd80709", "lib/client.py": "4c2b78fb4849a7e5b584ef792d82aaed20b17f57", "lib/common.py": "624d0c0acc7c39aaff3674f0b99d6a09da53d1dc", "lib/external/__init__.py": "da39a3ee5e6b4b0d3255bfef95601890afd80709", "lib/external/ntplib.py": "4da8f970656505a40483206ef2b5d3dd5e81711d", "lib/server.py": "59c9fb92908260d3e9f81a895c7aa009742275e4", "lib/source_hashes.py": "60a2e02193209e8d392803326208d5466342da18", "lib/summary.py": "aa92f0a3f975eecd44d3c0cd0236342ccc9f941d", "lib/time_sync.py": "3210db56eb0ff0df57bf4293dc4d4b03fffd46f1", "server.py": "c3f90f2f7eeb4db30727556d0c815ebc89b3d28b", "tests/unit/__init__.py": "da39a3ee5e6b4b0d3255bfef95601890afd80709", "tests/unit/test_server.py": "99ae15aef722f2000ee6ed1ae1523637bf1ae42b", "tests/unit/test_source_hashes.py": "00468a2907583c593e6574a1f6b404e4651c221a"}, "modules": {"ptd_client_server.lib.client": "lib/client.py", "ptd_client_server.lib.common": "lib/common.py", "ptd_client_server.lib.external.ntplib": "lib/external/ntplib.py", "ptd_client_server.lib.source_hashes": "lib/source_hashes.py", "ptd_client_server.lib.summary": "lib/summary.py", "ptd_client_server.lib.time_sync": "lib/time_sync.py"}}
client 2022-02-23 10:32:37,804 [INFO] Running workload in ranging mode
client 2022-02-23 10:32:37,804 [INFO] Synchronizing with the server and with time.google.com...
client 2022-02-23 10:32:37,837 [INFO] NTP:offset = -0.001 s, delay = 0.028 s 
client 2022-02-23 10:32:37,837 [INFO] Sending command to the server: 'time'
client 2022-02-23 10:32:37,838 [INFO] Got response: '1645612357.8387692'
client 2022-02-23 10:32:37,839 [INFO] The time difference between the client and the server is within range -1.200 ms..0.444 ms
client 2022-02-23 10:32:37,839 [INFO] Sending command to the server: 'session,2022-02-23_10-32-37,start,ranging'
client 2022-02-23 10:33:06,032 [INFO] Got response: 'OK'
client 2022-02-23 10:33:06,032 [INFO] Running the workload 'ck benchmark program:image-classification-tflite-loadgen --env.CK_SILENT_MODE=YES --skip_print_timers --dep_add_tags.compiler=gcc,v11 --dep_add_tags.python=v3 --dep_add_tags.mlperf-inference-src=r2.0 --dep_add_tags.weights=efficientnet,lite0,non-quantized --dep_add_tags.images=crop.875,preprocessed,using-opencv --dep_add_tags.library=tflite,v2.7.1,with.ruy --env.CK_LOADGEN_DATASET_SIZE=1024 --env.CK_LOADGEN_MODE=PerformanceOnly --env.CK_LOADGEN_SCENARIO=SingleStream --env.CK_LOADGEN_TARGET_LATENCY=$CK_LOADGEN_TARGET_LATENCY --skip_stat_analysis --process_multi_keys --repetitions=1 --record --record_repo=local --record_uoa=mlperf_v2.0-open-rpi4-tflite-v2.7.1-ruy-efficientnet-lite0-non-quantized-singlestream-performance-target_latency.$CK_LOADGEN_TARGET_LATENCY-power.workload --tags=mlperf,round.v2.0,division.open,task.image-classification,platform.rpi4,scenario.singlestream,mode.performance,workload.efficientnet-lite0-non-quantized,preprocessed_using.opencv,inference_engine.tflite,inference_engine_version.v2.7.1,inference_engine_backend.ruy,target_latency.$CK_LOADGEN_TARGET_LATENCY,power.workload "@@@{\'meta\': {\'ck_benchmark_program\': \'ck benchmark program:image-classification-tflite-loadgen --env.CK_SILENT_MODE=YES --skip_print_timers --dep_add_tags.compiler=gcc,v11 --dep_add_tags.python=v3 --dep_add_tags.mlperf-inference-src=r2.0 --dep_add_tags.weights=efficientnet,lite0,non-quantized --dep_add_tags.images=crop.875,preprocessed,using-opencv --dep_add_tags.library=tflite,v2.7.1,with.ruy --env.CK_LOADGEN_DATASET_SIZE=1024 --env.CK_LOADGEN_MODE=PerformanceOnly --env.CK_LOADGEN_SCENARIO=SingleStream --env.CK_LOADGEN_TARGET_LATENCY=$CK_LOADGEN_TARGET_LATENCY --skip_stat_analysis --process_multi_keys --repetitions=1 --record --record_repo=local --record_uoa=mlperf_v2.0-open-rpi4-tflite-v2.7.1-ruy-efficientnet-lite0-non-quantized-singlestream-performance-target_latency.$CK_LOADGEN_TARGET_LATENCY-power.workload --tags=mlperf,round.v2.0,division.open,task.image-classification,platform.rpi4,scenario.singlestream,mode.performance,workload.efficientnet-lite0-non-quantized,preprocessed_using.opencv,inference_engine.tflite,inference_engine_version.v2.7.1,inference_engine_backend.ruy,target_latency.$CK_LOADGEN_TARGET_LATENCY,power.workload\'}}" && cat `ck find program:image-classification-tflite-loadgen`/tmp/mlperf_log_summary.txt && mkdir -p "$CK_MLPERF_POWER_CLIENT_LOADGEN_LOGS" && cp "$CK_MLPERF_POWER_CLIENT_LOADGEN_LOGS"/../mlperf_log_* "$CK_MLPERF_POWER_CLIENT_LOADGEN_LOGS"/'
client 2022-02-23 10:43:35,350 [INFO] Sending command to the server: 'session,2022-02-23_10-32-37,stop,ranging'
client 2022-02-23 10:43:46,215 [INFO] Got response: 'OK'
client 2022-02-23 10:43:46,239 [INFO] Copying loadgen logs from '/home/katya/CK/ck-mlperf/program/image-classification-tflite-loadgen/tmp/loadgen_logs' to '/home/katya/CK/ck-mlperf/program/mlperf-power-client/tmp/2022-02-23_10-32-37/ranging'
client 2022-02-23 10:43:46,241 [INFO] Running workload in testing mode
client 2022-02-23 10:43:46,241 [INFO] Synchronizing with the server and with time.google.com...
client 2022-02-23 10:43:46,272 [INFO] NTP:offset = 0.002 s, delay = 0.027 s 
client 2022-02-23 10:43:46,272 [INFO] Sending command to the server: 'time'
client 2022-02-23 10:43:46,273 [INFO] Got response: '1645613026.2779765'
client 2022-02-23 10:43:46,274 [INFO] The time difference between the client and the server is within range -5.357 ms..-3.893 ms
client 2022-02-23 10:43:46,274 [INFO] Sending command to the server: 'session,2022-02-23_10-32-37,start,testing'
client 2022-02-23 10:43:59,289 [INFO] Got response: 'OK'
client 2022-02-23 10:43:59,290 [INFO] Running the workload 'ck benchmark program:image-classification-tflite-loadgen --env.CK_SILENT_MODE=YES --skip_print_timers --dep_add_tags.compiler=gcc,v11 --dep_add_tags.python=v3 --dep_add_tags.mlperf-inference-src=r2.0 --dep_add_tags.weights=efficientnet,lite0,non-quantized --dep_add_tags.images=crop.875,preprocessed,using-opencv --dep_add_tags.library=tflite,v2.7.1,with.ruy --env.CK_LOADGEN_DATASET_SIZE=1024 --env.CK_LOADGEN_MODE=PerformanceOnly --env.CK_LOADGEN_SCENARIO=SingleStream --env.CK_LOADGEN_TARGET_LATENCY=$CK_LOADGEN_TARGET_LATENCY --skip_stat_analysis --process_multi_keys --repetitions=1 --record --record_repo=local --record_uoa=mlperf_v2.0-open-rpi4-tflite-v2.7.1-ruy-efficientnet-lite0-non-quantized-singlestream-performance-target_latency.$CK_LOADGEN_TARGET_LATENCY-power.workload --tags=mlperf,round.v2.0,division.open,task.image-classification,platform.rpi4,scenario.singlestream,mode.performance,workload.efficientnet-lite0-non-quantized,preprocessed_using.opencv,inference_engine.tflite,inference_engine_version.v2.7.1,inference_engine_backend.ruy,target_latency.$CK_LOADGEN_TARGET_LATENCY,power.workload "@@@{\'meta\': {\'ck_benchmark_program\': \'ck benchmark program:image-classification-tflite-loadgen --env.CK_SILENT_MODE=YES --skip_print_timers --dep_add_tags.compiler=gcc,v11 --dep_add_tags.python=v3 --dep_add_tags.mlperf-inference-src=r2.0 --dep_add_tags.weights=efficientnet,lite0,non-quantized --dep_add_tags.images=crop.875,preprocessed,using-opencv --dep_add_tags.library=tflite,v2.7.1,with.ruy --env.CK_LOADGEN_DATASET_SIZE=1024 --env.CK_LOADGEN_MODE=PerformanceOnly --env.CK_LOADGEN_SCENARIO=SingleStream --env.CK_LOADGEN_TARGET_LATENCY=$CK_LOADGEN_TARGET_LATENCY --skip_stat_analysis --process_multi_keys --repetitions=1 --record --record_repo=local --record_uoa=mlperf_v2.0-open-rpi4-tflite-v2.7.1-ruy-efficientnet-lite0-non-quantized-singlestream-performance-target_latency.$CK_LOADGEN_TARGET_LATENCY-power.workload --tags=mlperf,round.v2.0,division.open,task.image-classification,platform.rpi4,scenario.singlestream,mode.performance,workload.efficientnet-lite0-non-quantized,preprocessed_using.opencv,inference_engine.tflite,inference_engine_version.v2.7.1,inference_engine_backend.ruy,target_latency.$CK_LOADGEN_TARGET_LATENCY,power.workload\'}}" && cat `ck find program:image-classification-tflite-loadgen`/tmp/mlperf_log_summary.txt && mkdir -p "$CK_MLPERF_POWER_CLIENT_LOADGEN_LOGS" && cp "$CK_MLPERF_POWER_CLIENT_LOADGEN_LOGS"/../mlperf_log_* "$CK_MLPERF_POWER_CLIENT_LOADGEN_LOGS"/'
client 2022-02-23 10:54:28,206 [INFO] Sending command to the server: 'session,2022-02-23_10-32-37,stop,testing'
client 2022-02-23 10:54:38,652 [INFO] Got response: 'OK'
client 2022-02-23 10:54:38,658 [INFO] Copying loadgen logs from '/home/katya/CK/ck-mlperf/program/image-classification-tflite-loadgen/tmp/loadgen_logs' to '/home/katya/CK/ck-mlperf/program/mlperf-power-client/tmp/2022-02-23_10-32-37/run_1'
client 2022-02-23 10:54:38,663 [INFO] Done runs
