ptd-server 2022-02-17 13:12:22,129 [INFO] Got command from the client 'time'
ptd-server 2022-02-17 13:12:22,129 [INFO] Sending reply to client '1645103542.1291895'
ptd-server 2022-02-17 13:12:22,131 [INFO] Got command from the client 'new,,a3d667f1-a895-46da-abaa-a67eeac9e3e7'
ptd-server 2022-02-17 13:12:22,132 [INFO] Sending reply to client 'OK 2022-02-17_13-12-22,608cd418-2fc4-4dbf-9793-23f03251dcb4'
ptd-server 2022-02-17 13:12:22,168 [INFO] Got command from the client 'time'
ptd-server 2022-02-17 13:12:22,169 [INFO] Sending reply to client '1645103542.1689718'
ptd-server 2022-02-17 13:12:22,173 [INFO] Got command from the client 'session,2022-02-17_13-12-22,start,ranging'
ptd-server 2022-02-17 13:12:22,173 [INFO] Running PTDaemon: ['/home/anton/projects/mlperf/power/inference_v1.0/ptd-linux-x86', '-l', '/tmp/tmpgldyt7rr/ptd_logfile.txt', '-p', '8888', '49', '/dev/usbtmc0']
ptd-server 2022-02-17 13:12:39,346 [INFO] Sending to ptd: 'Hello'
ptd-server 2022-02-17 13:12:39,347 [INFO] Reply from ptd: 'Hello, PTDaemon here!'
ptd-server 2022-02-17 13:12:39,347 [INFO] Sending to ptd: 'Identify'
ptd-server 2022-02-17 13:12:39,347 [INFO] Reply from ptd: 'YokogawaWT310E,1000,1,1,1,1,0,1,1,version=1.9.2-e8c7a49a-20201208,OS=Linux 5.13.0-28-generic #31~20.04.1-Ubuntu SMP Wed Jan 19 14:08:10 UTC 2022 x86_64,mode=power,1,1,1,0,0,no_cal_date,YOKOGAWA;WT310E;C3XA04010E;F1.04'
ptd-server 2022-02-17 13:12:39,347 [INFO] Connected to PTDaemon
ptd-server 2022-02-17 13:12:39,347 [INFO] Sending to ptd: 'RR'
ptd-server 2022-02-17 13:12:39,348 [INFO] Reply from ptd: 'Ranges,0,0.500000,0,300.000000'
ptd-server 2022-02-17 13:12:39,348 [INFO] Initial range for Amps is 0.500000 for Volts is 300.000000
ptd-server 2022-02-17 13:12:39,348 [INFO] Sending to ptd: 'SR,V,Auto'
ptd-server 2022-02-17 13:12:39,851 [INFO] Reply from ptd: 'Range V changed'
ptd-server 2022-02-17 13:12:39,851 [INFO] Sending to ptd: 'SR,A,Auto'
ptd-server 2022-02-17 13:12:40,353 [INFO] Reply from ptd: 'Range A changed'
ptd-server 2022-02-17 13:12:50,363 [INFO] Starting ranging mode
ptd-server 2022-02-17 13:12:50,364 [INFO] Sending to ptd: 'Go,1000,0,2022-02-17_13-12-22_ranging'
ptd-server 2022-02-17 13:12:50,364 [INFO] Reply from ptd: 'Starting untimed measurement, maximum 500000 samples at 1000ms with 0 rampup samples'
ptd-server 2022-02-17 13:12:50,364 [INFO] Sending reply to client 'OK'
ptd-server 2022-02-17 13:23:11,994 [INFO] Got command from the client 'session,2022-02-17_13-12-22,stop,ranging'
ptd-server 2022-02-17 13:23:22,003 [INFO] Sending to ptd: 'Stop'
ptd-server 2022-02-17 13:23:22,004 [INFO] Reply from ptd: 'Stopping untimed measurement'
ptd-server 2022-02-17 13:23:22,173 [INFO] Sending reply to client 'OK'
ptd-server 2022-02-17 13:23:22,276 [INFO] Got command from the client 'time'
ptd-server 2022-02-17 13:23:22,276 [INFO] Sending reply to client '1645104202.276331'
ptd-server 2022-02-17 13:23:22,282 [INFO] Got command from the client 'session,2022-02-17_13-12-22,start,testing'
ptd-server 2022-02-17 13:23:22,282 [INFO] Sending to ptd: 'SR,V,249.510000'
ptd-server 2022-02-17 13:23:23,865 [INFO] Reply from ptd: 'Range V changed'
ptd-server 2022-02-17 13:23:23,865 [INFO] Sending to ptd: 'SR,A,0.068620'
ptd-server 2022-02-17 13:23:25,367 [INFO] Reply from ptd: 'Range A changed'
ptd-server 2022-02-17 13:23:35,377 [INFO] Starting testing mode
ptd-server 2022-02-17 13:23:35,377 [INFO] Sending to ptd: 'Go,1000,0,2022-02-17_13-12-22_testing'
ptd-server 2022-02-17 13:23:35,378 [INFO] Reply from ptd: 'Starting untimed measurement, maximum 500000 samples at 1000ms with 0 rampup samples'
ptd-server 2022-02-17 13:23:35,378 [INFO] Sending reply to client 'OK'
ptd-server 2022-02-17 13:33:57,843 [INFO] Got command from the client 'session,2022-02-17_13-12-22,stop,testing'
ptd-server 2022-02-17 13:34:07,853 [INFO] Sending to ptd: 'Stop'
ptd-server 2022-02-17 13:34:07,854 [INFO] Reply from ptd: 'Stopping untimed measurement'
ptd-server 2022-02-17 13:34:07,951 [INFO] Sending reply to client 'OK'
ptd-server 2022-02-17 13:34:07,985 [INFO] Got command from the client 'session,2022-02-17_13-12-22,done'
ptd-server 2022-02-17 13:34:07,986 [INFO] Sending to ptd: 'Stop'
ptd-server 2022-02-17 13:34:08,378 [INFO] Reply from ptd: 'Error: no measurement to stop'
ptd-server 2022-02-17 13:34:08,378 [INFO] Sending to ptd: 'SR,V,300.000000'
ptd-server 2022-02-17 13:34:09,880 [INFO] Reply from ptd: 'Range V changed'
ptd-server 2022-02-17 13:34:09,880 [INFO] Sending to ptd: 'SR,A,0.500000'
ptd-server 2022-02-17 13:34:11,382 [INFO] Reply from ptd: 'Range A changed'
ptd-server 2022-02-17 13:34:11,382 [INFO] Set initial values for Amps 0.500000 and Volts 300.000000
ptd-server 2022-02-17 13:34:11,383 [INFO] Stopping ptd...
