ptd-server 2022-02-21 00:01:19,580 [INFO] Got command from the client 'time'
ptd-server 2022-02-21 00:01:19,581 [INFO] Sending reply to client '1645401679.5810535'
ptd-server 2022-02-21 00:01:19,582 [INFO] Got command from the client 'new,,be2525a3-44fd-44a7-b885-a521cc8daf5a'
ptd-server 2022-02-21 00:01:19,583 [INFO] Sending reply to client 'OK 2022-02-21_00-01-19,eeaa52af-7d4a-4bdb-b19b-e02a647b74f8'
ptd-server 2022-02-21 00:01:19,611 [INFO] Got command from the client 'time'
ptd-server 2022-02-21 00:01:19,611 [INFO] Sending reply to client '1645401679.611225'
ptd-server 2022-02-21 00:01:19,612 [INFO] Got command from the client 'session,2022-02-21_00-01-19,start,ranging'
ptd-server 2022-02-21 00:01:19,613 [INFO] Running PTDaemon: ['/home/anton/projects/mlperf/power/inference_v1.0/ptd-linux-x86', '-l', '/tmp/tmpgldyt7rr/ptd_logfile.txt', '-p', '8888', '49', '/dev/usbtmc0']
ptd-server 2022-02-21 00:01:36,788 [INFO] Sending to ptd: 'Hello'
ptd-server 2022-02-21 00:01:36,789 [INFO] Reply from ptd: 'Hello, PTDaemon here!'
ptd-server 2022-02-21 00:01:36,789 [INFO] Sending to ptd: 'Identify'
ptd-server 2022-02-21 00:01:36,789 [INFO] Reply from ptd: 'YokogawaWT310E,1000,1,1,1,1,0,1,1,version=1.9.2-e8c7a49a-20201208,OS=Linux 5.13.0-28-generic #31~20.04.1-Ubuntu SMP Wed Jan 19 14:08:10 UTC 2022 x86_64,mode=power,1,1,1,0,0,no_cal_date,YOKOGAWA;WT310E;C3XA04010E;F1.04'
ptd-server 2022-02-21 00:01:36,789 [INFO] Connected to PTDaemon
ptd-server 2022-02-21 00:01:36,789 [INFO] Sending to ptd: 'RR'
ptd-server 2022-02-21 00:01:36,790 [INFO] Reply from ptd: 'Ranges,0,0.500000,0,300.000000'
ptd-server 2022-02-21 00:01:36,790 [INFO] Initial range for Amps is 0.500000 for Volts is 300.000000
ptd-server 2022-02-21 00:01:36,790 [INFO] Sending to ptd: 'SR,V,Auto'
ptd-server 2022-02-21 00:01:37,292 [INFO] Reply from ptd: 'Range V changed'
ptd-server 2022-02-21 00:01:37,292 [INFO] Sending to ptd: 'SR,A,Auto'
ptd-server 2022-02-21 00:01:37,794 [INFO] Reply from ptd: 'Range A changed'
ptd-server 2022-02-21 00:01:47,804 [INFO] Starting ranging mode
ptd-server 2022-02-21 00:01:47,804 [INFO] Sending to ptd: 'Go,1000,0,2022-02-21_00-01-19_ranging'
ptd-server 2022-02-21 00:01:47,804 [INFO] Reply from ptd: 'Starting untimed measurement, maximum 500000 samples at 1000ms with 0 rampup samples'
ptd-server 2022-02-21 00:01:47,804 [INFO] Sending reply to client 'OK'
ptd-server 2022-02-21 00:12:09,803 [INFO] Got command from the client 'session,2022-02-21_00-01-19,stop,ranging'
ptd-server 2022-02-21 00:12:19,814 [INFO] Sending to ptd: 'Stop'
ptd-server 2022-02-21 00:12:19,814 [INFO] Reply from ptd: 'Stopping untimed measurement'
ptd-server 2022-02-21 00:12:20,363 [INFO] Sending reply to client 'OK'
ptd-server 2022-02-21 00:12:20,457 [INFO] Got command from the client 'time'
ptd-server 2022-02-21 00:12:20,457 [INFO] Sending reply to client '1645402340.4575071'
ptd-server 2022-02-21 00:12:20,460 [INFO] Got command from the client 'session,2022-02-21_00-01-19,start,testing'
ptd-server 2022-02-21 00:12:20,461 [INFO] Sending to ptd: 'SR,V,249.740000'
ptd-server 2022-02-21 00:12:22,305 [INFO] Reply from ptd: 'Range V changed'
ptd-server 2022-02-21 00:12:22,305 [INFO] Sending to ptd: 'SR,A,0.044330'
ptd-server 2022-02-21 00:12:23,806 [INFO] Reply from ptd: 'Range A changed'
ptd-server 2022-02-21 00:12:33,817 [INFO] Starting testing mode
ptd-server 2022-02-21 00:12:33,817 [INFO] Sending to ptd: 'Go,1000,0,2022-02-21_00-01-19_testing'
ptd-server 2022-02-21 00:12:33,817 [INFO] Reply from ptd: 'Starting untimed measurement, maximum 500000 samples at 1000ms with 0 rampup samples'
ptd-server 2022-02-21 00:12:33,817 [INFO] Sending reply to client 'OK'
ptd-server 2022-02-21 00:22:56,697 [INFO] Got command from the client 'session,2022-02-21_00-01-19,stop,testing'
ptd-server 2022-02-21 00:23:06,707 [INFO] Sending to ptd: 'Stop'
ptd-server 2022-02-21 00:23:06,708 [INFO] Reply from ptd: 'Stopping untimed measurement'
ptd-server 2022-02-21 00:23:06,986 [INFO] Sending reply to client 'OK'
ptd-server 2022-02-21 00:23:07,028 [INFO] Got command from the client 'session,2022-02-21_00-01-19,done'
ptd-server 2022-02-21 00:23:07,028 [INFO] Sending to ptd: 'Stop'
ptd-server 2022-02-21 00:23:07,028 [INFO] Reply from ptd: 'Error: no measurement to stop'
ptd-server 2022-02-21 00:23:07,029 [INFO] Sending to ptd: 'SR,V,300.000000'
ptd-server 2022-02-21 00:23:08,530 [INFO] Reply from ptd: 'Range V changed'
ptd-server 2022-02-21 00:23:08,530 [INFO] Sending to ptd: 'SR,A,0.500000'
ptd-server 2022-02-21 00:23:10,031 [INFO] Reply from ptd: 'Range A changed'
ptd-server 2022-02-21 00:23:10,031 [INFO] Set initial values for Amps 0.500000 and Volts 300.000000
ptd-server 2022-02-21 00:23:10,032 [INFO] Stopping ptd...
