ptd-server 2022-02-24 02:25:01,391 [INFO] Got command from the client 'time'
ptd-server 2022-02-24 02:25:01,391 [INFO] Sending reply to client '1645669501.3914893'
ptd-server 2022-02-24 02:25:01,393 [INFO] Got command from the client 'new,,0f1ceefa-6823-4337-8ae3-4ec077beda57'
ptd-server 2022-02-24 02:25:01,394 [INFO] Sending reply to client 'OK 2022-02-24_02-25-01,1e00d376-836a-4aac-959c-90b6f45455f7'
ptd-server 2022-02-24 02:25:01,431 [INFO] Got command from the client 'time'
ptd-server 2022-02-24 02:25:01,431 [INFO] Sending reply to client '1645669501.4313428'
ptd-server 2022-02-24 02:25:01,433 [INFO] Got command from the client 'session,2022-02-24_02-25-01,start,ranging'
ptd-server 2022-02-24 02:25:01,433 [INFO] Running PTDaemon: ['/home/anton/projects/mlperf/power/inference_v1.0/ptd-linux-x86', '-l', '/tmp/tmp0_fn53vp/ptd_logfile.txt', '-p', '8888', '49', '/dev/usbtmc0']
ptd-server 2022-02-24 02:25:18,606 [INFO] Sending to ptd: 'Hello'
ptd-server 2022-02-24 02:25:18,606 [INFO] Reply from ptd: 'Hello, PTDaemon here!'
ptd-server 2022-02-24 02:25:18,607 [INFO] Sending to ptd: 'Identify'
ptd-server 2022-02-24 02:25:18,607 [INFO] Reply from ptd: 'YokogawaWT310E,1000,1,1,1,1,0,1,1,version=1.9.2-e8c7a49a-20201208,OS=Linux 5.13.0-30-generic #33~20.04.1-Ubuntu SMP Mon Feb 7 14:25:10 UTC 2022 x86_64,mode=power,1,1,1,0,0,no_cal_date,YOKOGAWA;WT310E;C3XA04010E;F1.04'
ptd-server 2022-02-24 02:25:18,607 [INFO] Connected to PTDaemon
ptd-server 2022-02-24 02:25:18,607 [INFO] Sending to ptd: 'RR'
ptd-server 2022-02-24 02:25:18,607 [INFO] Reply from ptd: 'Ranges,0,0.500000,1,300.000000'
ptd-server 2022-02-24 02:25:18,607 [INFO] Initial range for Amps is 0.500000 for Volts is Auto
ptd-server 2022-02-24 02:25:18,607 [INFO] Sending to ptd: 'SR,V,Auto'
ptd-server 2022-02-24 02:25:19,110 [INFO] Reply from ptd: 'Range V changed'
ptd-server 2022-02-24 02:25:19,110 [INFO] Sending to ptd: 'SR,A,Auto'
ptd-server 2022-02-24 02:25:19,613 [INFO] Reply from ptd: 'Range A changed'
ptd-server 2022-02-24 02:25:29,623 [INFO] Starting ranging mode
ptd-server 2022-02-24 02:25:29,623 [INFO] Sending to ptd: 'Go,1000,0,2022-02-24_02-25-01_ranging'
ptd-server 2022-02-24 02:25:29,623 [INFO] Reply from ptd: 'Starting untimed measurement, maximum 500000 samples at 1000ms with 0 rampup samples'
ptd-server 2022-02-24 02:25:29,624 [INFO] Sending reply to client 'OK'
ptd-server 2022-02-24 02:35:52,511 [INFO] Got command from the client 'session,2022-02-24_02-25-01,stop,ranging'
ptd-server 2022-02-24 02:36:02,521 [INFO] Sending to ptd: 'Stop'
ptd-server 2022-02-24 02:36:02,522 [INFO] Reply from ptd: 'Stopping untimed measurement'
ptd-server 2022-02-24 02:36:02,568 [INFO] Sending reply to client 'OK'
ptd-server 2022-02-24 02:36:02,650 [INFO] Got command from the client 'time'
ptd-server 2022-02-24 02:36:02,650 [INFO] Sending reply to client '1645670162.6507833'
ptd-server 2022-02-24 02:36:02,652 [INFO] Got command from the client 'session,2022-02-24_02-25-01,start,testing'
ptd-server 2022-02-24 02:36:02,652 [INFO] Sending to ptd: 'SR,V,250.340000'
ptd-server 2022-02-24 02:36:04,153 [INFO] Reply from ptd: 'Range V changed'
ptd-server 2022-02-24 02:36:04,154 [INFO] Sending to ptd: 'SR,A,0.041970'
ptd-server 2022-02-24 02:36:05,655 [INFO] Reply from ptd: 'Range A changed'
ptd-server 2022-02-24 02:36:15,665 [INFO] Starting testing mode
ptd-server 2022-02-24 02:36:15,665 [INFO] Sending to ptd: 'Go,1000,0,2022-02-24_02-25-01_testing'
ptd-server 2022-02-24 02:36:15,666 [INFO] Reply from ptd: 'Starting untimed measurement, maximum 500000 samples at 1000ms with 0 rampup samples'
ptd-server 2022-02-24 02:36:15,666 [INFO] Sending reply to client 'OK'
ptd-server 2022-02-24 02:46:38,337 [INFO] Got command from the client 'session,2022-02-24_02-25-01,stop,testing'
ptd-server 2022-02-24 02:46:48,347 [INFO] Sending to ptd: 'Stop'
ptd-server 2022-02-24 02:46:48,348 [INFO] Reply from ptd: 'Stopping untimed measurement'
ptd-server 2022-02-24 02:46:48,371 [INFO] Sending reply to client 'OK'
ptd-server 2022-02-24 02:46:48,390 [INFO] Got command from the client 'session,2022-02-24_02-25-01,done'
ptd-server 2022-02-24 02:46:48,390 [INFO] Sending to ptd: 'Stop'
ptd-server 2022-02-24 02:46:48,667 [INFO] Reply from ptd: 'Error: no measurement to stop'
ptd-server 2022-02-24 02:46:48,667 [INFO] Sending to ptd: 'SR,V,Auto'
ptd-server 2022-02-24 02:46:49,170 [INFO] Reply from ptd: 'Range V changed'
ptd-server 2022-02-24 02:46:49,170 [INFO] Sending to ptd: 'SR,A,0.500000'
ptd-server 2022-02-24 02:46:50,671 [INFO] Reply from ptd: 'Range A changed'
ptd-server 2022-02-24 02:46:50,671 [INFO] Set initial values for Amps 0.500000 and Volts Auto
ptd-server 2022-02-24 02:46:50,671 [INFO] Stopping ptd...
