ptd-server 2022-02-22 19:01:01,232 [INFO] Got command from the client 'time'
ptd-server 2022-02-22 19:01:01,232 [INFO] Sending reply to client '1645556461.232544'
ptd-server 2022-02-22 19:01:01,234 [INFO] Got command from the client 'new,,39c9d37a-21e9-44ae-9b5b-fa2cb2f2124b'
ptd-server 2022-02-22 19:01:01,235 [INFO] Sending reply to client 'OK 2022-02-22_19-01-01,fa7cf811-dbc5-451c-b11a-1da7748aa3c0'
ptd-server 2022-02-22 19:01:01,271 [INFO] Got command from the client 'time'
ptd-server 2022-02-22 19:01:01,271 [INFO] Sending reply to client '1645556461.2716165'
ptd-server 2022-02-22 19:01:01,273 [INFO] Got command from the client 'session,2022-02-22_19-01-01,start,ranging'
ptd-server 2022-02-22 19:01:01,274 [INFO] Running PTDaemon: ['/home/anton/projects/mlperf/power/inference_v1.0/ptd-linux-x86', '-l', '/tmp/tmpgldyt7rr/ptd_logfile.txt', '-p', '8888', '49', '/dev/usbtmc0']
ptd-server 2022-02-22 19:01:18,446 [INFO] Sending to ptd: 'Hello'
ptd-server 2022-02-22 19:01:18,447 [INFO] Reply from ptd: 'Hello, PTDaemon here!'
ptd-server 2022-02-22 19:01:18,447 [INFO] Sending to ptd: 'Identify'
ptd-server 2022-02-22 19:01:18,447 [INFO] Reply from ptd: 'YokogawaWT310E,1000,1,1,1,1,0,1,1,version=1.9.2-e8c7a49a-20201208,OS=Linux 5.13.0-28-generic #31~20.04.1-Ubuntu SMP Wed Jan 19 14:08:10 UTC 2022 x86_64,mode=power,1,1,1,0,0,no_cal_date,YOKOGAWA;WT310E;C3XA04010E;F1.04'
ptd-server 2022-02-22 19:01:18,447 [INFO] Connected to PTDaemon
ptd-server 2022-02-22 19:01:18,447 [INFO] Sending to ptd: 'RR'
ptd-server 2022-02-22 19:01:18,448 [INFO] Reply from ptd: 'Ranges,0,0.500000,0,300.000000'
ptd-server 2022-02-22 19:01:18,448 [INFO] Initial range for Amps is 0.500000 for Volts is 300.000000
ptd-server 2022-02-22 19:01:18,448 [INFO] Sending to ptd: 'SR,V,Auto'
ptd-server 2022-02-22 19:01:18,951 [INFO] Reply from ptd: 'Range V changed'
ptd-server 2022-02-22 19:01:18,951 [INFO] Sending to ptd: 'SR,A,Auto'
ptd-server 2022-02-22 19:01:19,453 [INFO] Reply from ptd: 'Range A changed'
ptd-server 2022-02-22 19:01:29,463 [INFO] Starting ranging mode
ptd-server 2022-02-22 19:01:29,464 [INFO] Sending to ptd: 'Go,1000,0,2022-02-22_19-01-01_ranging'
ptd-server 2022-02-22 19:01:29,464 [INFO] Reply from ptd: 'Starting untimed measurement, maximum 500000 samples at 1000ms with 0 rampup samples'
ptd-server 2022-02-22 19:01:29,464 [INFO] Sending reply to client 'OK'
ptd-server 2022-02-22 19:11:58,864 [INFO] Got command from the client 'session,2022-02-22_19-01-01,stop,ranging'
ptd-server 2022-02-22 19:12:08,875 [INFO] Sending to ptd: 'Stop'
ptd-server 2022-02-22 19:12:08,875 [INFO] Reply from ptd: 'Stopping untimed measurement'
ptd-server 2022-02-22 19:12:09,639 [INFO] Sending reply to client 'OK'
ptd-server 2022-02-22 19:12:09,700 [INFO] Got command from the client 'time'
ptd-server 2022-02-22 19:12:09,700 [INFO] Sending reply to client '1645557129.7005477'
ptd-server 2022-02-22 19:12:09,702 [INFO] Got command from the client 'session,2022-02-22_19-01-01,start,testing'
ptd-server 2022-02-22 19:12:09,702 [INFO] Sending to ptd: 'SR,V,249.490000'
ptd-server 2022-02-22 19:12:11,204 [INFO] Reply from ptd: 'Range V changed'
ptd-server 2022-02-22 19:12:11,204 [INFO] Sending to ptd: 'SR,A,0.056570'
ptd-server 2022-02-22 19:12:12,705 [INFO] Reply from ptd: 'Range A changed'
ptd-server 2022-02-22 19:12:22,715 [INFO] Starting testing mode
ptd-server 2022-02-22 19:12:22,716 [INFO] Sending to ptd: 'Go,1000,0,2022-02-22_19-01-01_testing'
ptd-server 2022-02-22 19:12:22,716 [INFO] Reply from ptd: 'Starting untimed measurement, maximum 500000 samples at 1000ms with 0 rampup samples'
ptd-server 2022-02-22 19:12:22,716 [INFO] Sending reply to client 'OK'
ptd-server 2022-02-22 19:22:52,163 [INFO] Got command from the client 'session,2022-02-22_19-01-01,stop,testing'
ptd-server 2022-02-22 19:23:02,173 [INFO] Sending to ptd: 'Stop'
ptd-server 2022-02-22 19:23:02,173 [INFO] Reply from ptd: 'Stopping untimed measurement'
ptd-server 2022-02-22 19:23:02,573 [INFO] Sending reply to client 'OK'
ptd-server 2022-02-22 19:23:02,592 [INFO] Got command from the client 'session,2022-02-22_19-01-01,done'
ptd-server 2022-02-22 19:23:02,592 [INFO] Sending to ptd: 'Stop'
ptd-server 2022-02-22 19:23:02,717 [INFO] Reply from ptd: 'Error: no measurement to stop'
ptd-server 2022-02-22 19:23:02,717 [INFO] Sending to ptd: 'SR,V,300.000000'
ptd-server 2022-02-22 19:23:04,218 [INFO] Reply from ptd: 'Range V changed'
ptd-server 2022-02-22 19:23:04,219 [INFO] Sending to ptd: 'SR,A,0.500000'
ptd-server 2022-02-22 19:23:05,720 [INFO] Reply from ptd: 'Range A changed'
ptd-server 2022-02-22 19:23:05,720 [INFO] Set initial values for Amps 0.500000 and Volts 300.000000
ptd-server 2022-02-22 19:23:05,720 [INFO] Stopping ptd...
