client 2022-02-23 07:31:27,803 [INFO] Sending command to the server: 'mlcommons/power client v3'
client 2022-02-23 07:31:27,804 [INFO] Got response: 'mlcommons/power server v3'
client 2022-02-23 07:31:27,804 [INFO] Sending command to the server: 'stop'
client 2022-02-23 07:31:27,805 [INFO] Got response: 'OK'
client 2022-02-23 07:31:27,805 [INFO] Synchronizing with the server and with 192.168.123.123...
client 2022-02-23 07:31:27,807 [INFO] NTP:offset = 0.000 s, delay = 0.000 s 
client 2022-02-23 07:31:27,808 [INFO] Sending command to the server: 'time'
client 2022-02-23 07:31:27,808 [INFO] Got response: '1645601487.806817'
client 2022-02-23 07:31:27,808 [INFO] The time difference between the client and the server is within range 1.192 ms..1.904 ms
client 2022-02-23 07:31:27,808 [INFO] Sending command to the server: 'new,,10a793d4-82c6-4e13-a30a-2bcde21596ce'
client 2022-02-23 07:31:27,809 [INFO] Got response: 'OK 2022-02-23_07-31-27,11f2cccb-bff6-41a6-90de-00e3d1d11589'
client 2022-02-23 07:31:27,809 [INFO] Session id is '2022-02-23_07-31-27'
client 2022-02-23 07:31:27,809 [INFO] Sources: {"sources": {"__init__.py": "da39a3ee5e6b4b0d3255bfef95601890afd80709", "client.py": "33ca4f26368777ac06e01f9567b714a4b8063886", "lib/__init__.py": "da39a3ee5e6b4b0d3255bfef95601890afd80709", "lib/client.py": "4c2b78fb4849a7e5b584ef792d82aaed20b17f57", "lib/common.py": "624d0c0acc7c39aaff3674f0b99d6a09da53d1dc", "lib/external/__init__.py": "da39a3ee5e6b4b0d3255bfef95601890afd80709", "lib/external/ntplib.py": "4da8f970656505a40483206ef2b5d3dd5e81711d", "lib/server.py": "59c9fb92908260d3e9f81a895c7aa009742275e4", "lib/source_hashes.py": "60a2e02193209e8d392803326208d5466342da18", "lib/summary.py": "aa92f0a3f975eecd44d3c0cd0236342ccc9f941d", "lib/time_sync.py": "3210db56eb0ff0df57bf4293dc4d4b03fffd46f1", "server.py": "c3f90f2f7eeb4db30727556d0c815ebc89b3d28b", "tests/unit/__init__.py": "da39a3ee5e6b4b0d3255bfef95601890afd80709", "tests/unit/test_server.py": "99ae15aef722f2000ee6ed1ae1523637bf1ae42b", "tests/unit/test_source_hashes.py": "00468a2907583c593e6574a1f6b404e4651c221a"}, "modules": {"ptd_client_server.lib.client": "lib/client.py", "ptd_client_server.lib.common": "lib/common.py", "ptd_client_server.lib.external.ntplib": "lib/external/ntplib.py", "ptd_client_server.lib.source_hashes": "lib/source_hashes.py", "ptd_client_server.lib.summary": "lib/summary.py", "ptd_client_server.lib.time_sync": "lib/time_sync.py"}}
client 2022-02-23 07:31:27,810 [INFO] Running workload in ranging mode
client 2022-02-23 07:31:27,810 [INFO] Synchronizing with the server and with 192.168.123.123...
client 2022-02-23 07:31:27,810 [INFO] NTP:offset = 0.000 s, delay = 0.000 s 
client 2022-02-23 07:31:27,810 [INFO] Sending command to the server: 'time'
client 2022-02-23 07:31:27,811 [INFO] Got response: '1645601487.806817'
client 2022-02-23 07:31:27,811 [INFO] The time difference between the client and the server is within range 4.049 ms..4.756 ms
client 2022-02-23 07:31:27,811 [INFO] Sending command to the server: 'session,2022-02-23_07-31-27,start,ranging'
client 2022-02-23 07:32:06,396 [INFO] Got response: 'OK'
client 2022-02-23 07:32:06,397 [INFO] Running the workload 'LOG_DIR=/work/build/power_logs_temp python3 code/main.py --benchmarks=dlrm --scenarios=server --config_ver=high_accuracy_maxq --action="run_harness" \\\n\t\t2>&1 | tee -a /work/build/power_logs/2022.02.23-07.31.07/stdout.txt \\\n\t\t&& if [ ! -d /work/build/power_logs/2022.02.23-07.31.07/ranging_tmp ]; \\\n\t\t\tthen mkdir /work/build/power_logs/2022.02.23-07.31.07/ranging_tmp \\\n\t\t\t\t&& mv /work/build/power_logs_temp/* /work/build/power_logs/2022.02.23-07.31.07/ranging_tmp/ \\\n\t\t\t\t&& cp -v /work/build/power_logs/2022.02.23-07.31.07/ranging_tmp/*/*/*/mlperf_log_detail.txt /work/build/power_logs_temp/ \\\n\t\t\t\t&& cp -v /work/build/power_logs/2022.02.23-07.31.07/ranging_tmp/*/*/*/mlperf_log_summary.txt /work/build/power_logs_temp/; \\\n\t\t\telse mkdir /work/build/power_logs/2022.02.23-07.31.07/testing_tmp \\\n\t\t\t\t&& mv /work/build/power_logs_temp/* /work/build/power_logs/2022.02.23-07.31.07/testing_tmp/ \\\n\t\t\t\t&& cp -v /work/build/power_logs/2022.02.23-07.31.07/testing_tmp/*/*/*/mlperf_log_detail.txt /work/build/power_logs_temp/ \\\n\t\t\t\t&& cp -v /work/build/power_logs/2022.02.23-07.31.07/testing_tmp/*/*/*/mlperf_log_summary.txt /work/build/power_logs_temp/; fi'
client 2022-02-23 07:43:39,602 [INFO] Sending command to the server: 'session,2022-02-23_07-31-27,stop,ranging'
client 2022-02-23 07:43:49,639 [INFO] Got response: 'OK'
client 2022-02-23 07:43:49,656 [INFO] Copying loadgen logs from '/work/build/power_logs_temp' to '/work/build/power_logs/2022.02.23-07.31.07/2022-02-23_07-31-27/ranging'
client 2022-02-23 07:43:49,657 [INFO] Running workload in testing mode
client 2022-02-23 07:43:49,657 [INFO] Synchronizing with the server and with 192.168.123.123...
client 2022-02-23 07:43:49,658 [INFO] NTP:offset = -0.000 s, delay = 0.000 s 
client 2022-02-23 07:43:49,658 [INFO] Sending command to the server: 'time'
client 2022-02-23 07:43:49,659 [INFO] Got response: '1645602229.6276174'
client 2022-02-23 07:43:49,659 [INFO] The time difference between the client and the server is within range 30.986 ms..31.897 ms
client 2022-02-23 07:43:49,659 [INFO] Sending command to the server: 'session,2022-02-23_07-31-27,start,testing'
client 2022-02-23 07:44:12,139 [INFO] Got response: 'OK'
client 2022-02-23 07:44:12,139 [INFO] Running the workload 'LOG_DIR=/work/build/power_logs_temp python3 code/main.py --benchmarks=dlrm --scenarios=server --config_ver=high_accuracy_maxq --action="run_harness" \\\n\t\t2>&1 | tee -a /work/build/power_logs/2022.02.23-07.31.07/stdout.txt \\\n\t\t&& if [ ! -d /work/build/power_logs/2022.02.23-07.31.07/ranging_tmp ]; \\\n\t\t\tthen mkdir /work/build/power_logs/2022.02.23-07.31.07/ranging_tmp \\\n\t\t\t\t&& mv /work/build/power_logs_temp/* /work/build/power_logs/2022.02.23-07.31.07/ranging_tmp/ \\\n\t\t\t\t&& cp -v /work/build/power_logs/2022.02.23-07.31.07/ranging_tmp/*/*/*/mlperf_log_detail.txt /work/build/power_logs_temp/ \\\n\t\t\t\t&& cp -v /work/build/power_logs/2022.02.23-07.31.07/ranging_tmp/*/*/*/mlperf_log_summary.txt /work/build/power_logs_temp/; \\\n\t\t\telse mkdir /work/build/power_logs/2022.02.23-07.31.07/testing_tmp \\\n\t\t\t\t&& mv /work/build/power_logs_temp/* /work/build/power_logs/2022.02.23-07.31.07/testing_tmp/ \\\n\t\t\t\t&& cp -v /work/build/power_logs/2022.02.23-07.31.07/testing_tmp/*/*/*/mlperf_log_detail.txt /work/build/power_logs_temp/ \\\n\t\t\t\t&& cp -v /work/build/power_logs/2022.02.23-07.31.07/testing_tmp/*/*/*/mlperf_log_summary.txt /work/build/power_logs_temp/; fi'
client 2022-02-23 07:55:44,218 [INFO] Sending command to the server: 'session,2022-02-23_07-31-27,stop,testing'
client 2022-02-23 07:55:54,241 [INFO] Got response: 'OK'
client 2022-02-23 07:55:54,254 [INFO] Copying loadgen logs from '/work/build/power_logs_temp' to '/work/build/power_logs/2022.02.23-07.31.07/2022-02-23_07-31-27/run_1'
client 2022-02-23 07:55:54,255 [INFO] Done runs
