ptd-server 2022-02-23 07:31:27,791 [INFO] Got command from the client 'stop'
ptd-server 2022-02-23 07:31:27,791 [INFO] The server will be stopped after processing this client
ptd-server 2022-02-23 07:31:27,791 [INFO] Sending reply to client 'OK'
ptd-server 2022-02-23 07:31:27,806 [INFO] Got command from the client 'time'
ptd-server 2022-02-23 07:31:27,806 [INFO] Sending reply to client '1645601487.806817'
ptd-server 2022-02-23 07:31:27,806 [INFO] Got command from the client 'new,,10a793d4-82c6-4e13-a30a-2bcde21596ce'
ptd-server 2022-02-23 07:31:27,806 [INFO] Sending reply to client 'OK 2022-02-23_07-31-27,11f2cccb-bff6-41a6-90de-00e3d1d11589'
ptd-server 2022-02-23 07:31:27,806 [INFO] Got command from the client 'time'
ptd-server 2022-02-23 07:31:27,806 [INFO] Sending reply to client '1645601487.806817'
ptd-server 2022-02-23 07:31:27,806 [INFO] Got command from the client 'session,2022-02-23_07-31-27,start,ranging'
ptd-server 2022-02-23 07:31:27,916 [INFO] Running PTDaemon: ['C:\\PTD\\ptd-windows-x86.exe', '-l', 'C:\\Users\\pa\\AppData\\Local\\Temp\\tmp3g4d2tg1\\ptd_logfile.txt', '-p', '8888', '-c', '1,2', '-y', '77', 'C2WL21005V']
ptd-server 2022-02-23 07:31:46,225 [INFO] Sending to ptd: 'Hello'
ptd-server 2022-02-23 07:31:46,225 [INFO] Reply from ptd: 'Hello, PTDaemon here!'
ptd-server 2022-02-23 07:31:46,225 [INFO] Sending to ptd: 'Identify'
ptd-server 2022-02-23 07:31:46,225 [INFO] Reply from ptd: 'YokogawaWT330_multichannel,1000,1,1,1,1,0,0,1,version=1.9.2-3976349f-20201208,OS=Windows 8 / Server 2012,mode=power,1,1,2,0,0,no_cal_date,YOKOGAWA;WT333E;C2WL21005V;F1.04'
ptd-server 2022-02-23 07:31:46,225 [INFO] Connected to PTDaemon
ptd-server 2022-02-23 07:31:46,225 [INFO] Sending to ptd: 'RR'
ptd-server 2022-02-23 07:31:46,225 [INFO] Reply from ptd: 'Ranges,-1,-1.000000,-1,-1.000000'
ptd-server 2022-02-23 07:31:46,225 [INFO] Initial range for Amps is Auto for Volts is Auto
ptd-server 2022-02-23 07:31:46,225 [INFO] Sending to ptd: 'SR,V,Auto'
ptd-server 2022-02-23 07:31:51,302 [INFO] Reply from ptd: 'Range V changed'
ptd-server 2022-02-23 07:31:51,302 [INFO] Sending to ptd: 'SR,A,Auto'
ptd-server 2022-02-23 07:31:56,379 [INFO] Reply from ptd: 'Range A changed'
ptd-server 2022-02-23 07:32:06,392 [INFO] Starting ranging mode
ptd-server 2022-02-23 07:32:06,392 [INFO] Sending to ptd: 'Go,1000,0,2022-02-23_07-31-27_ranging'
ptd-server 2022-02-23 07:32:06,392 [INFO] Reply from ptd: 'Starting untimed measurement, maximum 500000 samples at 1000ms with 0 rampup samples'
ptd-server 2022-02-23 07:32:06,392 [INFO] Sending reply to client 'OK'
ptd-server 2022-02-23 07:43:39,567 [INFO] Got command from the client 'session,2022-02-23_07-31-27,stop,ranging'
ptd-server 2022-02-23 07:43:49,580 [INFO] Sending to ptd: 'Stop'
ptd-server 2022-02-23 07:43:49,580 [INFO] Reply from ptd: 'Stopping untimed measurement'
ptd-server 2022-02-23 07:43:49,596 [INFO] Sending reply to client 'OK'
ptd-server 2022-02-23 07:43:49,627 [INFO] Got command from the client 'time'
ptd-server 2022-02-23 07:43:49,627 [INFO] Sending reply to client '1645602229.6276174'
ptd-server 2022-02-23 07:43:49,627 [INFO] Got command from the client 'session,2022-02-23_07-31-27,start,testing'
ptd-server 2022-02-23 07:43:49,627 [INFO] Sending to ptd: 'SR,V,121.200000'
ptd-server 2022-02-23 07:43:56,501 [INFO] Reply from ptd: 'Range V changed'
ptd-server 2022-02-23 07:43:56,501 [INFO] Sending to ptd: 'SR,A,1.259300'
ptd-server 2022-02-23 07:44:02,093 [INFO] Reply from ptd: 'Range A changed'
ptd-server 2022-02-23 07:44:12,107 [INFO] Starting testing mode
ptd-server 2022-02-23 07:44:12,107 [INFO] Sending to ptd: 'Go,1000,0,2022-02-23_07-31-27_testing'
ptd-server 2022-02-23 07:44:12,107 [INFO] Reply from ptd: 'Starting untimed measurement, maximum 500000 samples at 1000ms with 0 rampup samples'
ptd-server 2022-02-23 07:44:12,107 [INFO] Sending reply to client 'OK'
ptd-server 2022-02-23 07:55:44,156 [INFO] Got command from the client 'session,2022-02-23_07-31-27,stop,testing'
ptd-server 2022-02-23 07:55:54,170 [INFO] Sending to ptd: 'Stop'
ptd-server 2022-02-23 07:55:54,170 [INFO] Reply from ptd: 'Stopping untimed measurement'
ptd-server 2022-02-23 07:55:54,170 [INFO] Sending reply to client 'OK'
ptd-server 2022-02-23 07:55:54,201 [INFO] Got command from the client 'session,2022-02-23_07-31-27,done'
ptd-server 2022-02-23 07:55:54,201 [INFO] Sending to ptd: 'Stop'
ptd-server 2022-02-23 07:55:55,123 [INFO] Reply from ptd: 'Error: no measurement to stop'
ptd-server 2022-02-23 07:55:55,123 [INFO] Sending to ptd: 'SR,V,Auto'
ptd-server 2022-02-23 07:56:00,200 [INFO] Reply from ptd: 'Range V changed'
ptd-server 2022-02-23 07:56:00,200 [INFO] Sending to ptd: 'SR,A,Auto'
ptd-server 2022-02-23 07:56:05,277 [INFO] Reply from ptd: 'Range A changed'
ptd-server 2022-02-23 07:56:05,277 [INFO] Set initial values for Amps Auto and Volts Auto
ptd-server 2022-02-23 07:56:05,277 [INFO] Stopping ptd...
