ptd-server 2022-02-22 15:17:03,342 [INFO] Got command from the client 'stop'
ptd-server 2022-02-22 15:17:03,342 [INFO] The server will be stopped after processing this client
ptd-server 2022-02-22 15:17:03,342 [INFO] Sending reply to client 'OK'
ptd-server 2022-02-22 15:17:03,415 [INFO] Got command from the client 'time'
ptd-server 2022-02-22 15:17:03,415 [INFO] Sending reply to client '1645543023.4150865'
ptd-server 2022-02-22 15:17:03,416 [INFO] Got command from the client 'new,,d04fa7a5-c5c6-42a8-aacd-44454a59bdfc'
ptd-server 2022-02-22 15:17:03,417 [INFO] Sending reply to client 'OK 2022-02-22_15-17-03,b40ec182-c3eb-4412-9474-9eb0ebe546e7'
ptd-server 2022-02-22 15:17:03,526 [INFO] Got command from the client 'time'
ptd-server 2022-02-22 15:17:03,527 [INFO] Sending reply to client '1645543023.5279286'
ptd-server 2022-02-22 15:17:03,528 [INFO] Got command from the client 'session,2022-02-22_15-17-03,start,ranging'
ptd-server 2022-02-22 15:17:03,634 [INFO] Running PTDaemon: ['C:\\PTD\\ptd-windows-x86.exe', '-l', 'C:\\Users\\mlperf\\AppData\\Local\\Temp\\tmpz1qxaul_\\ptd_logfile.txt', '-p', '8888', '49', 'COM4']
ptd-server 2022-02-22 15:17:22,903 [INFO] Sending to ptd: 'Hello'
ptd-server 2022-02-22 15:17:22,909 [INFO] Reply from ptd: 'Hello, PTDaemon here!'
ptd-server 2022-02-22 15:17:22,910 [INFO] Sending to ptd: 'Identify'
ptd-server 2022-02-22 15:17:22,911 [INFO] Reply from ptd: 'YokogawaWT310E,1000,1,1,1,1,0,1,1,version=1.9.2-3976349f-20201208,OS=Windows 8 / Server 2012,mode=power,1,1,1,0,0,no_cal_date,YOKOGAWA;WT310E;C3TA11005E;F1.02'
ptd-server 2022-02-22 15:17:22,911 [INFO] Connected to PTDaemon
ptd-server 2022-02-22 15:17:22,912 [INFO] Sending to ptd: 'RR'
ptd-server 2022-02-22 15:17:22,912 [INFO] Reply from ptd: 'Ranges,0,10.000000,0,300.000000'
ptd-server 2022-02-22 15:17:22,913 [INFO] Initial range for Amps is 10.000000 for Volts is 300.000000
ptd-server 2022-02-22 15:17:22,913 [INFO] Sending to ptd: 'SR,V,Auto'
ptd-server 2022-02-22 15:17:23,482 [INFO] Reply from ptd: 'Range V changed'
ptd-server 2022-02-22 15:17:23,484 [INFO] Sending to ptd: 'SR,A,Auto'
ptd-server 2022-02-22 15:17:24,053 [INFO] Reply from ptd: 'Range A changed'
ptd-server 2022-02-22 15:17:34,068 [INFO] Starting ranging mode
ptd-server 2022-02-22 15:17:34,068 [INFO] Sending to ptd: 'Go,1000,0,2022-02-22_15-17-03_ranging'
ptd-server 2022-02-22 15:17:34,069 [INFO] Reply from ptd: 'Starting untimed measurement, maximum 500000 samples at 1000ms with 0 rampup samples'
ptd-server 2022-02-22 15:17:34,069 [INFO] Sending reply to client 'OK'
ptd-server 2022-02-22 15:46:46,963 [INFO] Got command from the client 'session,2022-02-22_15-17-03,stop,ranging'
ptd-server 2022-02-22 15:46:56,976 [INFO] Sending to ptd: 'Stop'
ptd-server 2022-02-22 15:46:56,976 [INFO] Reply from ptd: 'Stopping untimed measurement'
ptd-server 2022-02-22 15:46:57,001 [INFO] Sending reply to client 'OK'
ptd-server 2022-02-22 15:46:57,147 [INFO] Got command from the client 'time'
ptd-server 2022-02-22 15:46:57,148 [INFO] Sending reply to client '1645544817.148242'
ptd-server 2022-02-22 15:46:57,150 [INFO] Got command from the client 'session,2022-02-22_15-17-03,start,testing'
ptd-server 2022-02-22 15:46:57,150 [INFO] Sending to ptd: 'SR,V,225.470000'
ptd-server 2022-02-22 15:46:58,731 [INFO] Reply from ptd: 'Range V changed'
ptd-server 2022-02-22 15:46:58,733 [INFO] Sending to ptd: 'SR,A,3.609800'
ptd-server 2022-02-22 15:47:00,312 [INFO] Reply from ptd: 'Range A changed'
ptd-server 2022-02-22 15:47:10,325 [INFO] Starting testing mode
ptd-server 2022-02-22 15:47:10,330 [INFO] Sending to ptd: 'Go,1000,0,2022-02-22_15-17-03_testing'
ptd-server 2022-02-22 15:47:10,330 [INFO] Reply from ptd: 'Starting untimed measurement, maximum 500000 samples at 1000ms with 0 rampup samples'
ptd-server 2022-02-22 15:47:10,331 [INFO] Sending reply to client 'OK'
ptd-server 2022-02-22 16:16:23,828 [INFO] Got command from the client 'session,2022-02-22_15-17-03,stop,testing'
ptd-server 2022-02-22 16:16:33,838 [INFO] Sending to ptd: 'Stop'
ptd-server 2022-02-22 16:16:33,839 [INFO] Reply from ptd: 'Stopping untimed measurement'
ptd-server 2022-02-22 16:16:33,854 [INFO] Sending reply to client 'OK'
ptd-server 2022-02-22 16:16:33,862 [INFO] Got command from the client 'session,2022-02-22_15-17-03,done'
ptd-server 2022-02-22 16:16:33,862 [INFO] Sending to ptd: 'Stop'
ptd-server 2022-02-22 16:16:34,342 [INFO] Reply from ptd: 'Error: no measurement to stop'
ptd-server 2022-02-22 16:16:34,342 [INFO] Sending to ptd: 'SR,V,300.000000'
ptd-server 2022-02-22 16:16:35,927 [INFO] Reply from ptd: 'Range V changed'
ptd-server 2022-02-22 16:16:35,928 [INFO] Sending to ptd: 'SR,A,10.000000'
ptd-server 2022-02-22 16:16:37,510 [INFO] Reply from ptd: 'Range A changed'
ptd-server 2022-02-22 16:16:37,514 [INFO] Set initial values for Amps 10.000000 and Volts 300.000000
ptd-server 2022-02-22 16:16:37,515 [INFO] Stopping ptd...
