ptd-server 2022-02-19 23:40:56,408 [INFO] Got command from the client 'time'
ptd-server 2022-02-19 23:40:56,408 [INFO] Sending reply to client '1645314056.408656'
ptd-server 2022-02-19 23:40:56,409 [INFO] Got command from the client 'new,,5052575c-7f18-449f-9fd8-7edf8f5d1f4e'
ptd-server 2022-02-19 23:40:56,410 [INFO] Sending reply to client 'OK 2022-02-19_23-40-56,262cf978-c41b-4427-a39e-df3d9a84f648'
ptd-server 2022-02-19 23:40:56,439 [INFO] Got command from the client 'time'
ptd-server 2022-02-19 23:40:56,439 [INFO] Sending reply to client '1645314056.4397078'
ptd-server 2022-02-19 23:40:56,441 [INFO] Got command from the client 'session,2022-02-19_23-40-56,start,ranging'
ptd-server 2022-02-19 23:40:56,441 [INFO] Running PTDaemon: ['/home/anton/projects/mlperf/power/inference_v1.0/ptd-linux-x86', '-l', '/tmp/tmpgldyt7rr/ptd_logfile.txt', '-p', '8888', '49', '/dev/usbtmc0']
ptd-server 2022-02-19 23:41:13,615 [INFO] Sending to ptd: 'Hello'
ptd-server 2022-02-19 23:41:13,616 [INFO] Reply from ptd: 'Hello, PTDaemon here!'
ptd-server 2022-02-19 23:41:13,616 [INFO] Sending to ptd: 'Identify'
ptd-server 2022-02-19 23:41:13,616 [INFO] Reply from ptd: 'YokogawaWT310E,1000,1,1,1,1,0,1,1,version=1.9.2-e8c7a49a-20201208,OS=Linux 5.13.0-28-generic #31~20.04.1-Ubuntu SMP Wed Jan 19 14:08:10 UTC 2022 x86_64,mode=power,1,1,1,0,0,no_cal_date,YOKOGAWA;WT310E;C3XA04010E;F1.04'
ptd-server 2022-02-19 23:41:13,616 [INFO] Connected to PTDaemon
ptd-server 2022-02-19 23:41:13,616 [INFO] Sending to ptd: 'RR'
ptd-server 2022-02-19 23:41:13,617 [INFO] Reply from ptd: 'Ranges,0,0.500000,0,300.000000'
ptd-server 2022-02-19 23:41:13,617 [INFO] Initial range for Amps is 0.500000 for Volts is 300.000000
ptd-server 2022-02-19 23:41:13,617 [INFO] Sending to ptd: 'SR,V,Auto'
ptd-server 2022-02-19 23:41:14,119 [INFO] Reply from ptd: 'Range V changed'
ptd-server 2022-02-19 23:41:14,120 [INFO] Sending to ptd: 'SR,A,Auto'
ptd-server 2022-02-19 23:41:14,622 [INFO] Reply from ptd: 'Range A changed'
ptd-server 2022-02-19 23:41:24,632 [INFO] Starting ranging mode
ptd-server 2022-02-19 23:41:24,633 [INFO] Sending to ptd: 'Go,1000,0,2022-02-19_23-40-56_ranging'
ptd-server 2022-02-19 23:41:24,633 [INFO] Reply from ptd: 'Starting untimed measurement, maximum 500000 samples at 1000ms with 0 rampup samples'
ptd-server 2022-02-19 23:41:24,633 [INFO] Sending reply to client 'OK'
ptd-server 2022-02-19 23:51:46,132 [INFO] Got command from the client 'session,2022-02-19_23-40-56,stop,ranging'
ptd-server 2022-02-19 23:51:56,134 [INFO] Sending to ptd: 'Stop'
ptd-server 2022-02-19 23:51:56,134 [INFO] Reply from ptd: 'Stopping untimed measurement'
ptd-server 2022-02-19 23:51:56,550 [INFO] Sending reply to client 'OK'
ptd-server 2022-02-19 23:51:56,649 [INFO] Got command from the client 'time'
ptd-server 2022-02-19 23:51:56,649 [INFO] Sending reply to client '1645314716.6492343'
ptd-server 2022-02-19 23:51:56,652 [INFO] Got command from the client 'session,2022-02-19_23-40-56,start,testing'
ptd-server 2022-02-19 23:51:56,652 [INFO] Sending to ptd: 'SR,V,251.680000'
ptd-server 2022-02-19 23:51:58,154 [INFO] Reply from ptd: 'Range V changed'
ptd-server 2022-02-19 23:51:58,154 [INFO] Sending to ptd: 'SR,A,0.067390'
ptd-server 2022-02-19 23:51:59,655 [INFO] Reply from ptd: 'Range A changed'
ptd-server 2022-02-19 23:52:09,666 [INFO] Starting testing mode
ptd-server 2022-02-19 23:52:09,666 [INFO] Sending to ptd: 'Go,1000,0,2022-02-19_23-40-56_testing'
ptd-server 2022-02-19 23:52:09,666 [INFO] Reply from ptd: 'Starting untimed measurement, maximum 500000 samples at 1000ms with 0 rampup samples'
ptd-server 2022-02-19 23:52:09,666 [INFO] Sending reply to client 'OK'
ptd-server 2022-02-20 00:02:32,179 [INFO] Got command from the client 'session,2022-02-19_23-40-56,stop,testing'
ptd-server 2022-02-20 00:02:42,189 [INFO] Sending to ptd: 'Stop'
ptd-server 2022-02-20 00:02:42,190 [INFO] Reply from ptd: 'Stopping untimed measurement'
ptd-server 2022-02-20 00:02:42,407 [INFO] Sending reply to client 'OK'
ptd-server 2022-02-20 00:02:42,443 [INFO] Got command from the client 'session,2022-02-19_23-40-56,done'
ptd-server 2022-02-20 00:02:42,443 [INFO] Sending to ptd: 'Stop'
ptd-server 2022-02-20 00:02:42,667 [INFO] Reply from ptd: 'Error: no measurement to stop'
ptd-server 2022-02-20 00:02:42,667 [INFO] Sending to ptd: 'SR,V,300.000000'
ptd-server 2022-02-20 00:02:44,168 [INFO] Reply from ptd: 'Range V changed'
ptd-server 2022-02-20 00:02:44,169 [INFO] Sending to ptd: 'SR,A,0.500000'
ptd-server 2022-02-20 00:02:45,670 [INFO] Reply from ptd: 'Range A changed'
ptd-server 2022-02-20 00:02:45,670 [INFO] Set initial values for Amps 0.500000 and Volts 300.000000
ptd-server 2022-02-20 00:02:45,670 [INFO] Stopping ptd...
