client 2022-02-16 10:13:35,579 [INFO] Sending command to the server: 'mlcommons/power client v3'
client 2022-02-16 10:13:35,579 [INFO] Got response: 'mlcommons/power server v3'
client 2022-02-16 10:13:35,579 [INFO] Synchronizing with the server and with time.google.com...
client 2022-02-16 10:13:35,613 [INFO] NTP:offset = 0.002 s, delay = 0.027 s 
client 2022-02-16 10:13:35,613 [INFO] Sending command to the server: 'time'
client 2022-02-16 10:13:35,614 [INFO] Got response: '1645006415.614123'
client 2022-02-16 10:13:35,614 [INFO] The time difference between the client and the server is within range -0.791 ms..0.437 ms
client 2022-02-16 10:13:35,614 [INFO] Sending command to the server: 'new,,1234eaa7-1b89-46d7-8850-ee01b986727b'
client 2022-02-16 10:13:35,616 [INFO] Got response: 'OK 2022-02-16_10-13-35,465caecf-04b0-47a3-817e-d778e57729b0'
client 2022-02-16 10:13:35,616 [INFO] Session id is '2022-02-16_10-13-35'
client 2022-02-16 10:13:35,616 [INFO] Sources: {"sources": {"__init__.py": "da39a3ee5e6b4b0d3255bfef95601890afd80709", "client.py": "33ca4f26368777ac06e01f9567b714a4b8063886", "lib/__init__.py": "da39a3ee5e6b4b0d3255bfef95601890afd80709", "lib/client.py": "4c2b78fb4849a7e5b584ef792d82aaed20b17f57", "lib/common.py": "624d0c0acc7c39aaff3674f0b99d6a09da53d1dc", "lib/external/__init__.py": "da39a3ee5e6b4b0d3255bfef95601890afd80709", "lib/external/ntplib.py": "4da8f970656505a40483206ef2b5d3dd5e81711d", "lib/server.py": "59c9fb92908260d3e9f81a895c7aa009742275e4", "lib/source_hashes.py": "60a2e02193209e8d392803326208d5466342da18", "lib/summary.py": "aa92f0a3f975eecd44d3c0cd0236342ccc9f941d", "lib/time_sync.py": "3210db56eb0ff0df57bf4293dc4d4b03fffd46f1", "server.py": "c3f90f2f7eeb4db30727556d0c815ebc89b3d28b", "tests/unit/__init__.py": "da39a3ee5e6b4b0d3255bfef95601890afd80709", "tests/unit/test_server.py": "99ae15aef722f2000ee6ed1ae1523637bf1ae42b", "tests/unit/test_source_hashes.py": "00468a2907583c593e6574a1f6b404e4651c221a"}, "modules": {"ptd_client_server.lib.client": "lib/client.py", "ptd_client_server.lib.common": "lib/common.py", "ptd_client_server.lib.external.ntplib": "lib/external/ntplib.py", "ptd_client_server.lib.source_hashes": "lib/source_hashes.py", "ptd_client_server.lib.summary": "lib/summary.py", "ptd_client_server.lib.time_sync": "lib/time_sync.py"}}
client 2022-02-16 10:13:35,616 [INFO] Running workload in ranging mode
client 2022-02-16 10:13:35,617 [INFO] Synchronizing with the server and with time.google.com...
client 2022-02-16 10:13:35,653 [INFO] NTP:offset = -0.001 s, delay = 0.034 s 
client 2022-02-16 10:13:35,653 [INFO] Sending command to the server: 'time'
client 2022-02-16 10:13:35,654 [INFO] Got response: '1645006415.654403'
client 2022-02-16 10:13:35,654 [INFO] The time difference between the client and the server is within range -0.831 ms..0.457 ms
client 2022-02-16 10:13:35,655 [INFO] Sending command to the server: 'session,2022-02-16_10-13-35,start,ranging'
client 2022-02-16 10:14:03,848 [INFO] Got response: 'OK'
client 2022-02-16 10:14:03,848 [INFO] Running the workload 'ck benchmark program:image-classification-tflite-loadgen --env.CK_SILENT_MODE=YES --skip_print_timers --dep_add_tags.compiler=gcc,v7 --dep_add_tags.python=v3 --dep_add_tags.mlperf-inference-src=r2.0 --dep_add_tags.weights=resnet50 --dep_add_tags.images=crop.875,preprocessed,using-opencv --dep_add_tags.library=tflite,v2.7.1,with.ruy --env.CK_LOADGEN_DATASET_SIZE=1024 --env.CK_LOADGEN_SCENARIO=SingleStream --env.CK_LOADGEN_MODE=PerformanceOnly --env.CK_LOADGEN_TARGET_LATENCY=300 --skip_stat_analysis --process_multi_keys --repetitions=1 --record --record_repo=local --record_uoa=mlperf_v2.0-closed-odroid-tflite-v2.7.1-ruy-resnet50-singlestream-performance-target_latency.300-power.workload --tags=mlperf,round.v2.0,division.closed,task.image-classification,platform.odroid,scenario.singlestream,mode.performance,workload.resnet50,preprocessed_using.opencv,inference_engine.tflite,inference_engine_version.v2.7.1,inference_engine_backend.ruy,target_latency.300,power.workload "@@@{\'meta\': {\'ck_benchmark_program\': \'ck benchmark program:image-classification-tflite-loadgen --env.CK_SILENT_MODE=YES --skip_print_timers --dep_add_tags.compiler=gcc,v7 --dep_add_tags.python=v3 --dep_add_tags.mlperf-inference-src=r2.0 --dep_add_tags.weights=resnet50 --dep_add_tags.images=crop.875,preprocessed,using-opencv --dep_add_tags.library=tflite,v2.7.1,with.ruy --env.CK_LOADGEN_DATASET_SIZE=1024 --env.CK_LOADGEN_SCENARIO=SingleStream --env.CK_LOADGEN_MODE=PerformanceOnly --env.CK_LOADGEN_TARGET_LATENCY=300 --skip_stat_analysis --process_multi_keys --repetitions=1 --record --record_repo=local --record_uoa=mlperf_v2.0-closed-odroid-tflite-v2.7.1-ruy-resnet50-singlestream-performance-target_latency.300-power.workload --tags=mlperf,round.v2.0,division.closed,task.image-classification,platform.odroid,scenario.singlestream,mode.performance,workload.resnet50,preprocessed_using.opencv,inference_engine.tflite,inference_engine_version.v2.7.1,inference_engine_backend.ruy,target_latency.300,power.workload\'}}" && cat `ck find program:image-classification-tflite-loadgen`/tmp/mlperf_log_summary.txt && mkdir -p "$CK_MLPERF_POWER_CLIENT_LOADGEN_LOGS" && cp "$CK_MLPERF_POWER_CLIENT_LOADGEN_LOGS"/../mlperf_log_* "$CK_MLPERF_POWER_CLIENT_LOADGEN_LOGS"/'
client 2022-02-16 10:24:25,789 [INFO] Sending command to the server: 'session,2022-02-16_10-13-35,stop,ranging'
client 2022-02-16 10:24:35,825 [INFO] Got response: 'OK'
client 2022-02-16 10:24:35,850 [INFO] Copying loadgen logs from '/home/katya/CK/ck-mlperf/program/image-classification-tflite-loadgen/tmp/loadgen_logs' to '/home/katya/CK/ck-mlperf/program/mlperf-power-client/tmp/2022-02-16_10-13-35/ranging'
client 2022-02-16 10:24:35,852 [INFO] Running workload in testing mode
client 2022-02-16 10:24:35,852 [INFO] Synchronizing with the server and with time.google.com...
client 2022-02-16 10:24:35,892 [INFO] NTP:offset = -0.005 s, delay = 0.033 s 
client 2022-02-16 10:24:35,893 [INFO] Sending command to the server: 'time'
client 2022-02-16 10:24:35,895 [INFO] Got response: '1645007075.8921978'
client 2022-02-16 10:24:35,895 [INFO] The time difference between the client and the server is within range 0.915 ms..3.676 ms
client 2022-02-16 10:24:35,896 [INFO] Sending command to the server: 'session,2022-02-16_10-13-35,start,testing'
client 2022-02-16 10:24:48,911 [INFO] Got response: 'OK'
client 2022-02-16 10:24:48,912 [INFO] Running the workload 'ck benchmark program:image-classification-tflite-loadgen --env.CK_SILENT_MODE=YES --skip_print_timers --dep_add_tags.compiler=gcc,v7 --dep_add_tags.python=v3 --dep_add_tags.mlperf-inference-src=r2.0 --dep_add_tags.weights=resnet50 --dep_add_tags.images=crop.875,preprocessed,using-opencv --dep_add_tags.library=tflite,v2.7.1,with.ruy --env.CK_LOADGEN_DATASET_SIZE=1024 --env.CK_LOADGEN_SCENARIO=SingleStream --env.CK_LOADGEN_MODE=PerformanceOnly --env.CK_LOADGEN_TARGET_LATENCY=300 --skip_stat_analysis --process_multi_keys --repetitions=1 --record --record_repo=local --record_uoa=mlperf_v2.0-closed-odroid-tflite-v2.7.1-ruy-resnet50-singlestream-performance-target_latency.300-power.workload --tags=mlperf,round.v2.0,division.closed,task.image-classification,platform.odroid,scenario.singlestream,mode.performance,workload.resnet50,preprocessed_using.opencv,inference_engine.tflite,inference_engine_version.v2.7.1,inference_engine_backend.ruy,target_latency.300,power.workload "@@@{\'meta\': {\'ck_benchmark_program\': \'ck benchmark program:image-classification-tflite-loadgen --env.CK_SILENT_MODE=YES --skip_print_timers --dep_add_tags.compiler=gcc,v7 --dep_add_tags.python=v3 --dep_add_tags.mlperf-inference-src=r2.0 --dep_add_tags.weights=resnet50 --dep_add_tags.images=crop.875,preprocessed,using-opencv --dep_add_tags.library=tflite,v2.7.1,with.ruy --env.CK_LOADGEN_DATASET_SIZE=1024 --env.CK_LOADGEN_SCENARIO=SingleStream --env.CK_LOADGEN_MODE=PerformanceOnly --env.CK_LOADGEN_TARGET_LATENCY=300 --skip_stat_analysis --process_multi_keys --repetitions=1 --record --record_repo=local --record_uoa=mlperf_v2.0-closed-odroid-tflite-v2.7.1-ruy-resnet50-singlestream-performance-target_latency.300-power.workload --tags=mlperf,round.v2.0,division.closed,task.image-classification,platform.odroid,scenario.singlestream,mode.performance,workload.resnet50,preprocessed_using.opencv,inference_engine.tflite,inference_engine_version.v2.7.1,inference_engine_backend.ruy,target_latency.300,power.workload\'}}" && cat `ck find program:image-classification-tflite-loadgen`/tmp/mlperf_log_summary.txt && mkdir -p "$CK_MLPERF_POWER_CLIENT_LOADGEN_LOGS" && cp "$CK_MLPERF_POWER_CLIENT_LOADGEN_LOGS"/../mlperf_log_* "$CK_MLPERF_POWER_CLIENT_LOADGEN_LOGS"/'
client 2022-02-16 10:35:11,839 [INFO] Sending command to the server: 'session,2022-02-16_10-13-35,stop,testing'
client 2022-02-16 10:35:21,864 [INFO] Got response: 'OK'
client 2022-02-16 10:35:21,870 [INFO] Copying loadgen logs from '/home/katya/CK/ck-mlperf/program/image-classification-tflite-loadgen/tmp/loadgen_logs' to '/home/katya/CK/ck-mlperf/program/mlperf-power-client/tmp/2022-02-16_10-13-35/run_1'
client 2022-02-16 10:35:21,873 [INFO] Done runs
