ptd-server 2022-02-20 16:18:34,668 [INFO] Got command from the client 'time'
ptd-server 2022-02-20 16:18:34,668 [INFO] Sending reply to client '1645373914.6688776'
ptd-server 2022-02-20 16:18:34,670 [INFO] Got command from the client 'new,,0d9c6cb5-41c5-45cc-b598-2193e3ba60d4'
ptd-server 2022-02-20 16:18:34,670 [INFO] Sending reply to client 'OK 2022-02-20_16-18-34,2351c806-f78a-4539-8027-bb01b0e6c749'
ptd-server 2022-02-20 16:18:34,698 [INFO] Got command from the client 'time'
ptd-server 2022-02-20 16:18:34,698 [INFO] Sending reply to client '1645373914.6982982'
ptd-server 2022-02-20 16:18:34,699 [INFO] Got command from the client 'session,2022-02-20_16-18-34,start,ranging'
ptd-server 2022-02-20 16:18:34,699 [INFO] Running PTDaemon: ['/home/anton/projects/mlperf/power/inference_v1.0/ptd-linux-x86', '-l', '/tmp/tmpgldyt7rr/ptd_logfile.txt', '-p', '8888', '49', '/dev/usbtmc0']
ptd-server 2022-02-20 16:18:51,876 [INFO] Sending to ptd: 'Hello'
ptd-server 2022-02-20 16:18:51,877 [INFO] Reply from ptd: 'Hello, PTDaemon here!'
ptd-server 2022-02-20 16:18:51,877 [INFO] Sending to ptd: 'Identify'
ptd-server 2022-02-20 16:18:51,877 [INFO] Reply from ptd: 'YokogawaWT310E,1000,1,1,1,1,0,1,1,version=1.9.2-e8c7a49a-20201208,OS=Linux 5.13.0-28-generic #31~20.04.1-Ubuntu SMP Wed Jan 19 14:08:10 UTC 2022 x86_64,mode=power,1,1,1,0,0,no_cal_date,YOKOGAWA;WT310E;C3XA04010E;F1.04'
ptd-server 2022-02-20 16:18:51,877 [INFO] Connected to PTDaemon
ptd-server 2022-02-20 16:18:51,877 [INFO] Sending to ptd: 'RR'
ptd-server 2022-02-20 16:18:51,877 [INFO] Reply from ptd: 'Ranges,0,0.500000,0,300.000000'
ptd-server 2022-02-20 16:18:51,878 [INFO] Initial range for Amps is 0.500000 for Volts is 300.000000
ptd-server 2022-02-20 16:18:51,878 [INFO] Sending to ptd: 'SR,V,Auto'
ptd-server 2022-02-20 16:18:52,380 [INFO] Reply from ptd: 'Range V changed'
ptd-server 2022-02-20 16:18:52,380 [INFO] Sending to ptd: 'SR,A,Auto'
ptd-server 2022-02-20 16:18:52,883 [INFO] Reply from ptd: 'Range A changed'
ptd-server 2022-02-20 16:19:02,893 [INFO] Starting ranging mode
ptd-server 2022-02-20 16:19:02,893 [INFO] Sending to ptd: 'Go,1000,0,2022-02-20_16-18-34_ranging'
ptd-server 2022-02-20 16:19:02,894 [INFO] Reply from ptd: 'Starting untimed measurement, maximum 500000 samples at 1000ms with 0 rampup samples'
ptd-server 2022-02-20 16:19:02,894 [INFO] Sending reply to client 'OK'
ptd-server 2022-02-20 16:29:19,944 [INFO] Got command from the client 'session,2022-02-20_16-18-34,stop,ranging'
ptd-server 2022-02-20 16:29:29,952 [INFO] Sending to ptd: 'Stop'
ptd-server 2022-02-20 16:29:29,952 [INFO] Reply from ptd: 'Stopping untimed measurement'
ptd-server 2022-02-20 16:29:30,448 [INFO] Sending reply to client 'OK'
ptd-server 2022-02-20 16:29:30,526 [INFO] Got command from the client 'time'
ptd-server 2022-02-20 16:29:30,526 [INFO] Sending reply to client '1645374570.5261784'
ptd-server 2022-02-20 16:29:30,527 [INFO] Got command from the client 'session,2022-02-20_16-18-34,start,testing'
ptd-server 2022-02-20 16:29:30,527 [INFO] Sending to ptd: 'SR,V,248.280000'
ptd-server 2022-02-20 16:29:32,395 [INFO] Reply from ptd: 'Range V changed'
ptd-server 2022-02-20 16:29:32,395 [INFO] Sending to ptd: 'SR,A,0.046950'
ptd-server 2022-02-20 16:29:33,896 [INFO] Reply from ptd: 'Range A changed'
ptd-server 2022-02-20 16:29:43,907 [INFO] Starting testing mode
ptd-server 2022-02-20 16:29:43,907 [INFO] Sending to ptd: 'Go,1000,0,2022-02-20_16-18-34_testing'
ptd-server 2022-02-20 16:29:43,907 [INFO] Reply from ptd: 'Starting untimed measurement, maximum 500000 samples at 1000ms with 0 rampup samples'
ptd-server 2022-02-20 16:29:43,907 [INFO] Sending reply to client 'OK'
ptd-server 2022-02-20 16:40:02,112 [INFO] Got command from the client 'session,2022-02-20_16-18-34,stop,testing'
ptd-server 2022-02-20 16:40:12,123 [INFO] Sending to ptd: 'Stop'
ptd-server 2022-02-20 16:40:12,123 [INFO] Reply from ptd: 'Stopping untimed measurement'
ptd-server 2022-02-20 16:40:12,392 [INFO] Sending reply to client 'OK'
ptd-server 2022-02-20 16:40:12,412 [INFO] Got command from the client 'session,2022-02-20_16-18-34,done'
ptd-server 2022-02-20 16:40:12,412 [INFO] Sending to ptd: 'Stop'
ptd-server 2022-02-20 16:40:12,908 [INFO] Reply from ptd: 'Error: no measurement to stop'
ptd-server 2022-02-20 16:40:12,908 [INFO] Sending to ptd: 'SR,V,300.000000'
ptd-server 2022-02-20 16:40:14,409 [INFO] Reply from ptd: 'Range V changed'
ptd-server 2022-02-20 16:40:14,409 [INFO] Sending to ptd: 'SR,A,0.500000'
ptd-server 2022-02-20 16:40:15,911 [INFO] Reply from ptd: 'Range A changed'
ptd-server 2022-02-20 16:40:15,911 [INFO] Set initial values for Amps 0.500000 and Volts 300.000000
ptd-server 2022-02-20 16:40:15,911 [INFO] Stopping ptd...
