client 2022-02-13 20:03:41,268 [INFO] Sending command to the server: 'mlcommons/power client v3'
client 2022-02-13 20:03:41,274 [INFO] Got response: 'mlcommons/power server v3'
client 2022-02-13 20:03:41,274 [INFO] Sending command to the server: 'stop'
client 2022-02-13 20:03:41,276 [INFO] Got response: 'OK'
client 2022-02-13 20:03:41,276 [INFO] Synchronizing with the server and with ib-01.dc4-in.nvidia.com...
client 2022-02-13 20:03:41,490 [INFO] NTP:offset = -0.001 s, delay = 0.209 s 
client 2022-02-13 20:03:41,490 [INFO] Sending command to the server: 'time'
client 2022-02-13 20:03:41,492 [INFO] Got response: '1644811421.4990354'
client 2022-02-13 20:03:41,492 [INFO] The time difference between the client and the server is within range -8.365 ms..-6.581 ms
client 2022-02-13 20:03:41,492 [INFO] Sending command to the server: 'new,,9a075760-df74-4d42-a775-38562f6480f1'
client 2022-02-13 20:03:41,494 [INFO] Got response: 'OK 2022-02-13_20-03-41,a9f2b6d9-9835-42e9-8656-8e7a63c1e91c'
client 2022-02-13 20:03:41,494 [INFO] Session id is '2022-02-13_20-03-41'
client 2022-02-13 20:03:41,495 [INFO] Sources: {"sources": {"__init__.py": "da39a3ee5e6b4b0d3255bfef95601890afd80709", "client.py": "33ca4f26368777ac06e01f9567b714a4b8063886", "lib/__init__.py": "da39a3ee5e6b4b0d3255bfef95601890afd80709", "lib/client.py": "4c2b78fb4849a7e5b584ef792d82aaed20b17f57", "lib/common.py": "624d0c0acc7c39aaff3674f0b99d6a09da53d1dc", "lib/external/__init__.py": "da39a3ee5e6b4b0d3255bfef95601890afd80709", "lib/external/ntplib.py": "4da8f970656505a40483206ef2b5d3dd5e81711d", "lib/server.py": "59c9fb92908260d3e9f81a895c7aa009742275e4", "lib/source_hashes.py": "60a2e02193209e8d392803326208d5466342da18", "lib/summary.py": "aa92f0a3f975eecd44d3c0cd0236342ccc9f941d", "lib/time_sync.py": "3210db56eb0ff0df57bf4293dc4d4b03fffd46f1", "server.py": "c3f90f2f7eeb4db30727556d0c815ebc89b3d28b", "tests/unit/__init__.py": "da39a3ee5e6b4b0d3255bfef95601890afd80709", "tests/unit/test_server.py": "99ae15aef722f2000ee6ed1ae1523637bf1ae42b", "tests/unit/test_source_hashes.py": "00468a2907583c593e6574a1f6b404e4651c221a"}, "modules": {"ptd_client_server.lib.client": "lib/client.py", "ptd_client_server.lib.common": "lib/common.py", "ptd_client_server.lib.external.ntplib": "lib/external/ntplib.py", "ptd_client_server.lib.source_hashes": "lib/source_hashes.py", "ptd_client_server.lib.summary": "lib/summary.py", "ptd_client_server.lib.time_sync": "lib/time_sync.py"}}
client 2022-02-13 20:03:41,496 [INFO] Running workload in ranging mode
client 2022-02-13 20:03:41,496 [INFO] Synchronizing with the server and with ib-01.dc4-in.nvidia.com...
client 2022-02-13 20:03:41,706 [INFO] NTP:offset = -0.000 s, delay = 0.209 s 
client 2022-02-13 20:03:41,706 [INFO] Sending command to the server: 'time'
client 2022-02-13 20:03:41,708 [INFO] Got response: '1644811421.7021725'
client 2022-02-13 20:03:41,708 [INFO] The time difference between the client and the server is within range 4.549 ms..6.195 ms
client 2022-02-13 20:03:41,708 [INFO] Sending command to the server: 'session,2022-02-13_20-03-41,start,ranging'
client 2022-02-13 20:04:21,979 [INFO] Got response: 'OK'
client 2022-02-13 20:04:21,979 [INFO] Running the workload 'LOG_DIR=/work/build/power_logs_temp python3 code/main.py --benchmarks=3d-unet --scenarios=Offline --test_mode=PerformanceOnly --config_ver=maxq_high_accuracy --action="run_harness" \\\n\t\t2>&1 | tee -a /work/build/power_logs/2022.02.13-20.02.52/stdout.txt \\\n\t\t&& if [ ! -d /work/build/power_logs/2022.02.13-20.02.52/ranging_tmp ]; \\\n\t\t\tthen mkdir /work/build/power_logs/2022.02.13-20.02.52/ranging_tmp \\\n\t\t\t\t&& mv /work/build/power_logs_temp/* /work/build/power_logs/2022.02.13-20.02.52/ranging_tmp/ \\\n\t\t\t\t&& cp -v /work/build/power_logs/2022.02.13-20.02.52/ranging_tmp/*/*/*/mlperf_log_detail.txt /work/build/power_logs_temp/ \\\n\t\t\t\t&& cp -v /work/build/power_logs/2022.02.13-20.02.52/ranging_tmp/*/*/*/mlperf_log_summary.txt /work/build/power_logs_temp/; \\\n\t\t\telse mkdir /work/build/power_logs/2022.02.13-20.02.52/testing_tmp \\\n\t\t\t\t&& mv /work/build/power_logs_temp/* /work/build/power_logs/2022.02.13-20.02.52/testing_tmp/ \\\n\t\t\t\t&& cp -v /work/build/power_logs/2022.02.13-20.02.52/testing_tmp/*/*/*/mlperf_log_detail.txt /work/build/power_logs_temp/ \\\n\t\t\t\t&& cp -v /work/build/power_logs/2022.02.13-20.02.52/testing_tmp/*/*/*/mlperf_log_summary.txt /work/build/power_logs_temp/; fi'
client 2022-02-13 20:47:38,145 [INFO] Sending command to the server: 'session,2022-02-13_20-03-41,stop,ranging'
client 2022-02-13 20:47:48,256 [INFO] Got response: 'OK'
client 2022-02-13 20:47:48,266 [INFO] Copying loadgen logs from '/work/build/power_logs_temp' to '/work/build/power_logs/2022.02.13-20.02.52/2022-02-13_20-03-41/ranging'
client 2022-02-13 20:47:48,274 [INFO] Running workload in testing mode
client 2022-02-13 20:47:48,274 [INFO] Synchronizing with the server and with ib-01.dc4-in.nvidia.com...
client 2022-02-13 20:47:48,486 [INFO] NTP:offset = -0.000 s, delay = 0.208 s 
client 2022-02-13 20:47:48,486 [INFO] Sending command to the server: 'time'
client 2022-02-13 20:47:48,487 [INFO] Got response: '1644814068.4845269'
client 2022-02-13 20:47:48,487 [INFO] The time difference between the client and the server is within range 1.598 ms..3.381 ms
client 2022-02-13 20:47:48,488 [INFO] Sending command to the server: 'session,2022-02-13_20-03-41,start,testing'
client 2022-02-13 20:48:10,644 [INFO] Got response: 'OK'
client 2022-02-13 20:48:10,644 [INFO] Running the workload 'LOG_DIR=/work/build/power_logs_temp python3 code/main.py --benchmarks=3d-unet --scenarios=Offline --test_mode=PerformanceOnly --config_ver=maxq_high_accuracy --action="run_harness" \\\n\t\t2>&1 | tee -a /work/build/power_logs/2022.02.13-20.02.52/stdout.txt \\\n\t\t&& if [ ! -d /work/build/power_logs/2022.02.13-20.02.52/ranging_tmp ]; \\\n\t\t\tthen mkdir /work/build/power_logs/2022.02.13-20.02.52/ranging_tmp \\\n\t\t\t\t&& mv /work/build/power_logs_temp/* /work/build/power_logs/2022.02.13-20.02.52/ranging_tmp/ \\\n\t\t\t\t&& cp -v /work/build/power_logs/2022.02.13-20.02.52/ranging_tmp/*/*/*/mlperf_log_detail.txt /work/build/power_logs_temp/ \\\n\t\t\t\t&& cp -v /work/build/power_logs/2022.02.13-20.02.52/ranging_tmp/*/*/*/mlperf_log_summary.txt /work/build/power_logs_temp/; \\\n\t\t\telse mkdir /work/build/power_logs/2022.02.13-20.02.52/testing_tmp \\\n\t\t\t\t&& mv /work/build/power_logs_temp/* /work/build/power_logs/2022.02.13-20.02.52/testing_tmp/ \\\n\t\t\t\t&& cp -v /work/build/power_logs/2022.02.13-20.02.52/testing_tmp/*/*/*/mlperf_log_detail.txt /work/build/power_logs_temp/ \\\n\t\t\t\t&& cp -v /work/build/power_logs/2022.02.13-20.02.52/testing_tmp/*/*/*/mlperf_log_summary.txt /work/build/power_logs_temp/; fi'
client 2022-02-13 21:31:15,781 [INFO] Sending command to the server: 'session,2022-02-13_20-03-41,stop,testing'
client 2022-02-13 21:31:25,833 [INFO] Got response: 'OK'
client 2022-02-13 21:31:25,838 [INFO] Copying loadgen logs from '/work/build/power_logs_temp' to '/work/build/power_logs/2022.02.13-20.02.52/2022-02-13_20-03-41/run_1'
client 2022-02-13 21:31:25,845 [INFO] Done runs
