ptd-server 2022-02-25 08:21:53,368 [INFO] Got command from the client 'time'
ptd-server 2022-02-25 08:21:53,368 [INFO] Sending reply to client '1645777313.3686607'
ptd-server 2022-02-25 08:21:53,371 [INFO] Got command from the client 'new,,819f45f1-900d-4873-bebc-9271b485d02e'
ptd-server 2022-02-25 08:21:53,371 [INFO] Sending reply to client 'OK 2022-02-25_08-21-53,7fe81585-7740-4652-942e-c363dd82cf9d'
ptd-server 2022-02-25 08:21:53,428 [INFO] Got command from the client 'time'
ptd-server 2022-02-25 08:21:53,428 [INFO] Sending reply to client '1645777313.4285529'
ptd-server 2022-02-25 08:21:53,431 [INFO] Got command from the client 'session,2022-02-25_08-21-53,start,ranging'
ptd-server 2022-02-25 08:21:53,431 [INFO] Running PTDaemon: ['/home/anton/projects/mlperf/power/inference_v1.0/ptd-linux-x86', '-l', '/tmp/tmp0_fn53vp/ptd_logfile.txt', '-p', '8888', '49', '/dev/usbtmc0']
ptd-server 2022-02-25 08:22:10,606 [INFO] Sending to ptd: 'Hello'
ptd-server 2022-02-25 08:22:10,606 [INFO] Reply from ptd: 'Hello, PTDaemon here!'
ptd-server 2022-02-25 08:22:10,606 [INFO] Sending to ptd: 'Identify'
ptd-server 2022-02-25 08:22:10,607 [INFO] Reply from ptd: 'YokogawaWT310E,1000,1,1,1,1,0,1,1,version=1.9.2-e8c7a49a-20201208,OS=Linux 5.13.0-30-generic #33~20.04.1-Ubuntu SMP Mon Feb 7 14:25:10 UTC 2022 x86_64,mode=power,1,1,1,0,0,no_cal_date,YOKOGAWA;WT310E;C3XA04010E;F1.04'
ptd-server 2022-02-25 08:22:10,607 [INFO] Connected to PTDaemon
ptd-server 2022-02-25 08:22:10,607 [INFO] Sending to ptd: 'RR'
ptd-server 2022-02-25 08:22:10,607 [INFO] Reply from ptd: 'Ranges,0,0.500000,1,300.000000'
ptd-server 2022-02-25 08:22:10,607 [INFO] Initial range for Amps is 0.500000 for Volts is Auto
ptd-server 2022-02-25 08:22:10,608 [INFO] Sending to ptd: 'SR,V,Auto'
ptd-server 2022-02-25 08:22:11,110 [INFO] Reply from ptd: 'Range V changed'
ptd-server 2022-02-25 08:22:11,110 [INFO] Sending to ptd: 'SR,A,Auto'
ptd-server 2022-02-25 08:22:11,613 [INFO] Reply from ptd: 'Range A changed'
ptd-server 2022-02-25 08:22:21,623 [INFO] Starting ranging mode
ptd-server 2022-02-25 08:22:21,623 [INFO] Sending to ptd: 'Go,1000,0,2022-02-25_08-21-53_ranging'
ptd-server 2022-02-25 08:22:21,624 [INFO] Reply from ptd: 'Starting untimed measurement, maximum 500000 samples at 1000ms with 0 rampup samples'
ptd-server 2022-02-25 08:22:21,624 [INFO] Sending reply to client 'OK'
ptd-server 2022-02-25 08:36:17,072 [INFO] Got command from the client 'session,2022-02-25_08-21-53,stop,ranging'
ptd-server 2022-02-25 08:36:27,082 [INFO] Sending to ptd: 'Stop'
ptd-server 2022-02-25 08:36:27,083 [INFO] Reply from ptd: 'Stopping untimed measurement'
ptd-server 2022-02-25 08:36:27,292 [INFO] Sending reply to client 'OK'
ptd-server 2022-02-25 08:36:27,422 [INFO] Got command from the client 'time'
ptd-server 2022-02-25 08:36:27,422 [INFO] Sending reply to client '1645778187.42232'
ptd-server 2022-02-25 08:36:27,426 [INFO] Got command from the client 'session,2022-02-25_08-21-53,start,testing'
ptd-server 2022-02-25 08:36:27,426 [INFO] Sending to ptd: 'SR,V,251.580000'
ptd-server 2022-02-25 08:36:29,125 [INFO] Reply from ptd: 'Range V changed'
ptd-server 2022-02-25 08:36:29,125 [INFO] Sending to ptd: 'SR,A,0.323680'
ptd-server 2022-02-25 08:36:30,627 [INFO] Reply from ptd: 'Range A changed'
ptd-server 2022-02-25 08:36:40,637 [INFO] Starting testing mode
ptd-server 2022-02-25 08:36:40,637 [INFO] Sending to ptd: 'Go,1000,0,2022-02-25_08-21-53_testing'
ptd-server 2022-02-25 08:36:40,638 [INFO] Reply from ptd: 'Starting untimed measurement, maximum 500000 samples at 1000ms with 0 rampup samples'
ptd-server 2022-02-25 08:36:40,638 [INFO] Sending reply to client 'OK'
ptd-server 2022-02-25 08:50:37,468 [INFO] Got command from the client 'session,2022-02-25_08-21-53,stop,testing'
ptd-server 2022-02-25 08:50:47,478 [INFO] Sending to ptd: 'Stop'
ptd-server 2022-02-25 08:50:47,479 [INFO] Reply from ptd: 'Stopping untimed measurement'
ptd-server 2022-02-25 08:50:47,595 [INFO] Sending reply to client 'OK'
ptd-server 2022-02-25 08:50:47,636 [INFO] Got command from the client 'session,2022-02-25_08-21-53,done'
ptd-server 2022-02-25 08:50:47,636 [INFO] Sending to ptd: 'Stop'
ptd-server 2022-02-25 08:50:47,639 [INFO] Reply from ptd: 'Error: no measurement to stop'
ptd-server 2022-02-25 08:50:47,639 [INFO] Sending to ptd: 'SR,V,Auto'
ptd-server 2022-02-25 08:50:48,141 [INFO] Reply from ptd: 'Range V changed'
ptd-server 2022-02-25 08:50:48,142 [INFO] Sending to ptd: 'SR,A,0.500000'
ptd-server 2022-02-25 08:50:49,643 [INFO] Reply from ptd: 'Range A changed'
ptd-server 2022-02-25 08:50:49,643 [INFO] Set initial values for Amps 0.500000 and Volts Auto
ptd-server 2022-02-25 08:50:49,643 [INFO] Stopping ptd...
