ptd-server 2022-02-21 19:41:13,996 [INFO] Got command from the client 'time'
ptd-server 2022-02-21 19:41:13,996 [INFO] Sending reply to client '1645472473.9962585'
ptd-server 2022-02-21 19:41:13,997 [INFO] Got command from the client 'new,,8d422eda-b6a6-4a0d-bd1e-66e24adccf14'
ptd-server 2022-02-21 19:41:13,998 [INFO] Sending reply to client 'OK 2022-02-21_19-41-13,81f0ae59-c409-4ddd-a7cf-d83d7bcf80b7'
ptd-server 2022-02-21 19:41:14,029 [INFO] Got command from the client 'time'
ptd-server 2022-02-21 19:41:14,030 [INFO] Sending reply to client '1645472474.0300207'
ptd-server 2022-02-21 19:41:14,031 [INFO] Got command from the client 'session,2022-02-21_19-41-13,start,ranging'
ptd-server 2022-02-21 19:41:14,031 [INFO] Running PTDaemon: ['/home/anton/projects/mlperf/power/inference_v1.0/ptd-linux-x86', '-l', '/tmp/tmpgldyt7rr/ptd_logfile.txt', '-p', '8888', '49', '/dev/usbtmc0']
ptd-server 2022-02-21 19:41:31,204 [INFO] Sending to ptd: 'Hello'
ptd-server 2022-02-21 19:41:31,205 [INFO] Reply from ptd: 'Hello, PTDaemon here!'
ptd-server 2022-02-21 19:41:31,205 [INFO] Sending to ptd: 'Identify'
ptd-server 2022-02-21 19:41:31,206 [INFO] Reply from ptd: 'YokogawaWT310E,1000,1,1,1,1,0,1,1,version=1.9.2-e8c7a49a-20201208,OS=Linux 5.13.0-28-generic #31~20.04.1-Ubuntu SMP Wed Jan 19 14:08:10 UTC 2022 x86_64,mode=power,1,1,1,0,0,no_cal_date,YOKOGAWA;WT310E;C3XA04010E;F1.04'
ptd-server 2022-02-21 19:41:31,206 [INFO] Connected to PTDaemon
ptd-server 2022-02-21 19:41:31,206 [INFO] Sending to ptd: 'RR'
ptd-server 2022-02-21 19:41:31,206 [INFO] Reply from ptd: 'Ranges,0,0.500000,0,300.000000'
ptd-server 2022-02-21 19:41:31,206 [INFO] Initial range for Amps is 0.500000 for Volts is 300.000000
ptd-server 2022-02-21 19:41:31,206 [INFO] Sending to ptd: 'SR,V,Auto'
ptd-server 2022-02-21 19:41:31,709 [INFO] Reply from ptd: 'Range V changed'
ptd-server 2022-02-21 19:41:31,709 [INFO] Sending to ptd: 'SR,A,Auto'
ptd-server 2022-02-21 19:41:32,212 [INFO] Reply from ptd: 'Range A changed'
ptd-server 2022-02-21 19:41:42,222 [INFO] Starting ranging mode
ptd-server 2022-02-21 19:41:42,222 [INFO] Sending to ptd: 'Go,1000,0,2022-02-21_19-41-13_ranging'
ptd-server 2022-02-21 19:41:42,222 [INFO] Reply from ptd: 'Starting untimed measurement, maximum 500000 samples at 1000ms with 0 rampup samples'
ptd-server 2022-02-21 19:41:42,223 [INFO] Sending reply to client 'OK'
ptd-server 2022-02-21 19:52:03,434 [INFO] Got command from the client 'session,2022-02-21_19-41-13,stop,ranging'
ptd-server 2022-02-21 19:52:13,445 [INFO] Sending to ptd: 'Stop'
ptd-server 2022-02-21 19:52:13,445 [INFO] Reply from ptd: 'Stopping untimed measurement'
ptd-server 2022-02-21 19:52:14,091 [INFO] Sending reply to client 'OK'
ptd-server 2022-02-21 19:52:14,157 [INFO] Got command from the client 'time'
ptd-server 2022-02-21 19:52:14,157 [INFO] Sending reply to client '1645473134.1578324'
ptd-server 2022-02-21 19:52:14,159 [INFO] Got command from the client 'session,2022-02-21_19-41-13,start,testing'
ptd-server 2022-02-21 19:52:14,160 [INFO] Sending to ptd: 'SR,V,249.460000'
ptd-server 2022-02-21 19:52:15,723 [INFO] Reply from ptd: 'Range V changed'
ptd-server 2022-02-21 19:52:15,723 [INFO] Sending to ptd: 'SR,A,0.070810'
ptd-server 2022-02-21 19:52:17,225 [INFO] Reply from ptd: 'Range A changed'
ptd-server 2022-02-21 19:52:27,235 [INFO] Starting testing mode
ptd-server 2022-02-21 19:52:27,235 [INFO] Sending to ptd: 'Go,1000,0,2022-02-21_19-41-13_testing'
ptd-server 2022-02-21 19:52:27,235 [INFO] Reply from ptd: 'Starting untimed measurement, maximum 500000 samples at 1000ms with 0 rampup samples'
ptd-server 2022-02-21 19:52:27,236 [INFO] Sending reply to client 'OK'
ptd-server 2022-02-21 20:02:49,747 [INFO] Got command from the client 'session,2022-02-21_19-41-13,stop,testing'
ptd-server 2022-02-21 20:02:59,757 [INFO] Sending to ptd: 'Stop'
ptd-server 2022-02-21 20:02:59,757 [INFO] Reply from ptd: 'Stopping untimed measurement'
ptd-server 2022-02-21 20:03:00,093 [INFO] Sending reply to client 'OK'
ptd-server 2022-02-21 20:03:00,115 [INFO] Got command from the client 'session,2022-02-21_19-41-13,done'
ptd-server 2022-02-21 20:03:00,116 [INFO] Sending to ptd: 'Stop'
ptd-server 2022-02-21 20:03:00,235 [INFO] Reply from ptd: 'Error: no measurement to stop'
ptd-server 2022-02-21 20:03:00,235 [INFO] Sending to ptd: 'SR,V,300.000000'
ptd-server 2022-02-21 20:03:01,737 [INFO] Reply from ptd: 'Range V changed'
ptd-server 2022-02-21 20:03:01,737 [INFO] Sending to ptd: 'SR,A,0.500000'
ptd-server 2022-02-21 20:03:03,238 [INFO] Reply from ptd: 'Range A changed'
ptd-server 2022-02-21 20:03:03,238 [INFO] Set initial values for Amps 0.500000 and Volts 300.000000
ptd-server 2022-02-21 20:03:03,238 [INFO] Stopping ptd...
