ptd-server 2022-02-20 11:12:47,013 [INFO] Got command from the client 'time'
ptd-server 2022-02-20 11:12:47,013 [INFO] Sending reply to client '1645355567.0136213'
ptd-server 2022-02-20 11:12:47,014 [INFO] Got command from the client 'new,,ef66186d-f1a4-4f42-96ca-d65060b83485'
ptd-server 2022-02-20 11:12:47,015 [INFO] Sending reply to client 'OK 2022-02-20_11-12-47,7498a870-7981-4edb-ab22-5c5c020b664e'
ptd-server 2022-02-20 11:12:47,043 [INFO] Got command from the client 'time'
ptd-server 2022-02-20 11:12:47,043 [INFO] Sending reply to client '1645355567.043913'
ptd-server 2022-02-20 11:12:47,045 [INFO] Got command from the client 'session,2022-02-20_11-12-47,start,ranging'
ptd-server 2022-02-20 11:12:47,045 [INFO] Running PTDaemon: ['/home/anton/projects/mlperf/power/inference_v1.0/ptd-linux-x86', '-l', '/tmp/tmpgldyt7rr/ptd_logfile.txt', '-p', '8888', '49', '/dev/usbtmc0']
ptd-server 2022-02-20 11:13:04,219 [INFO] Sending to ptd: 'Hello'
ptd-server 2022-02-20 11:13:04,220 [INFO] Reply from ptd: 'Hello, PTDaemon here!'
ptd-server 2022-02-20 11:13:04,220 [INFO] Sending to ptd: 'Identify'
ptd-server 2022-02-20 11:13:04,221 [INFO] Reply from ptd: 'YokogawaWT310E,1000,1,1,1,1,0,1,1,version=1.9.2-e8c7a49a-20201208,OS=Linux 5.13.0-28-generic #31~20.04.1-Ubuntu SMP Wed Jan 19 14:08:10 UTC 2022 x86_64,mode=power,1,1,1,0,0,no_cal_date,YOKOGAWA;WT310E;C3XA04010E;F1.04'
ptd-server 2022-02-20 11:13:04,221 [INFO] Connected to PTDaemon
ptd-server 2022-02-20 11:13:04,221 [INFO] Sending to ptd: 'RR'
ptd-server 2022-02-20 11:13:04,221 [INFO] Reply from ptd: 'Ranges,0,0.500000,0,300.000000'
ptd-server 2022-02-20 11:13:04,221 [INFO] Initial range for Amps is 0.500000 for Volts is 300.000000
ptd-server 2022-02-20 11:13:04,221 [INFO] Sending to ptd: 'SR,V,Auto'
ptd-server 2022-02-20 11:13:04,724 [INFO] Reply from ptd: 'Range V changed'
ptd-server 2022-02-20 11:13:04,724 [INFO] Sending to ptd: 'SR,A,Auto'
ptd-server 2022-02-20 11:13:05,226 [INFO] Reply from ptd: 'Range A changed'
ptd-server 2022-02-20 11:13:15,236 [INFO] Starting ranging mode
ptd-server 2022-02-20 11:13:15,237 [INFO] Sending to ptd: 'Go,1000,0,2022-02-20_11-12-47_ranging'
ptd-server 2022-02-20 11:13:15,237 [INFO] Reply from ptd: 'Starting untimed measurement, maximum 500000 samples at 1000ms with 0 rampup samples'
ptd-server 2022-02-20 11:13:15,237 [INFO] Sending reply to client 'OK'
ptd-server 2022-02-20 11:23:32,227 [INFO] Got command from the client 'session,2022-02-20_11-12-47,stop,ranging'
ptd-server 2022-02-20 11:23:42,238 [INFO] Sending to ptd: 'Stop'
ptd-server 2022-02-20 11:23:42,238 [INFO] Reply from ptd: 'Stopping untimed measurement'
ptd-server 2022-02-20 11:23:42,762 [INFO] Sending reply to client 'OK'
ptd-server 2022-02-20 11:23:42,843 [INFO] Got command from the client 'time'
ptd-server 2022-02-20 11:23:42,843 [INFO] Sending reply to client '1645356222.8434117'
ptd-server 2022-02-20 11:23:42,844 [INFO] Got command from the client 'session,2022-02-20_11-12-47,start,testing'
ptd-server 2022-02-20 11:23:42,845 [INFO] Sending to ptd: 'SR,V,250.000000'
ptd-server 2022-02-20 11:23:44,738 [INFO] Reply from ptd: 'Range V changed'
ptd-server 2022-02-20 11:23:44,738 [INFO] Sending to ptd: 'SR,A,0.047160'
ptd-server 2022-02-20 11:23:46,239 [INFO] Reply from ptd: 'Range A changed'
ptd-server 2022-02-20 11:23:56,250 [INFO] Starting testing mode
ptd-server 2022-02-20 11:23:56,250 [INFO] Sending to ptd: 'Go,1000,0,2022-02-20_11-12-47_testing'
ptd-server 2022-02-20 11:23:56,250 [INFO] Reply from ptd: 'Starting untimed measurement, maximum 500000 samples at 1000ms with 0 rampup samples'
ptd-server 2022-02-20 11:23:56,250 [INFO] Sending reply to client 'OK'
ptd-server 2022-02-20 11:34:14,085 [INFO] Got command from the client 'session,2022-02-20_11-12-47,stop,testing'
ptd-server 2022-02-20 11:34:24,094 [INFO] Sending to ptd: 'Stop'
ptd-server 2022-02-20 11:34:24,094 [INFO] Reply from ptd: 'Stopping untimed measurement'
ptd-server 2022-02-20 11:34:24,348 [INFO] Sending reply to client 'OK'
ptd-server 2022-02-20 11:34:24,372 [INFO] Got command from the client 'session,2022-02-20_11-12-47,done'
ptd-server 2022-02-20 11:34:24,372 [INFO] Sending to ptd: 'Stop'
ptd-server 2022-02-20 11:34:24,372 [INFO] Reply from ptd: 'Error: no measurement to stop'
ptd-server 2022-02-20 11:34:24,372 [INFO] Sending to ptd: 'SR,V,300.000000'
ptd-server 2022-02-20 11:34:25,873 [INFO] Reply from ptd: 'Range V changed'
ptd-server 2022-02-20 11:34:25,874 [INFO] Sending to ptd: 'SR,A,0.500000'
ptd-server 2022-02-20 11:34:27,375 [INFO] Reply from ptd: 'Range A changed'
ptd-server 2022-02-20 11:34:27,376 [INFO] Set initial values for Amps 0.500000 and Volts 300.000000
ptd-server 2022-02-20 11:34:27,376 [INFO] Stopping ptd...
