client 2022-02-24 10:29:34,401 [INFO] Sending command to the server: 'mlcommons/power client v3'
client 2022-02-24 10:29:34,403 [INFO] Got response: 'mlcommons/power server v3'
client 2022-02-24 10:29:34,403 [INFO] Sending command to the server: 'stop'
client 2022-02-24 10:29:34,406 [INFO] Got response: 'OK'
client 2022-02-24 10:29:34,406 [INFO] Synchronizing with the server and with 100.64.0.18...
client 2022-02-24 10:29:34,410 [INFO] NTP:offset = -0.000 s, delay = 0.001 s 
client 2022-02-24 10:29:34,411 [INFO] Sending command to the server: 'time'
client 2022-02-24 10:29:34,412 [INFO] Got response: '1645698574.3035662'
client 2022-02-24 10:29:34,412 [INFO] The time difference between the client and the server is within range 107.597 ms..109.127 ms
client 2022-02-24 10:29:34,412 [INFO] Sending command to the server: 'new,,4c66f382-875c-402b-8ee2-f41ef67b26e4'
client 2022-02-24 10:29:34,415 [INFO] Got response: 'OK 2022-02-24_10-29-34,6ecef11f-b365-457d-89b4-4d5db38d1dc2'
client 2022-02-24 10:29:34,415 [INFO] Session id is '2022-02-24_10-29-34'
client 2022-02-24 10:29:34,415 [INFO] Sources: {"sources": {"__init__.py": "da39a3ee5e6b4b0d3255bfef95601890afd80709", "client.py": "33ca4f26368777ac06e01f9567b714a4b8063886", "lib/__init__.py": "da39a3ee5e6b4b0d3255bfef95601890afd80709", "lib/client.py": "4c2b78fb4849a7e5b584ef792d82aaed20b17f57", "lib/common.py": "624d0c0acc7c39aaff3674f0b99d6a09da53d1dc", "lib/external/__init__.py": "da39a3ee5e6b4b0d3255bfef95601890afd80709", "lib/external/ntplib.py": "4da8f970656505a40483206ef2b5d3dd5e81711d", "lib/server.py": "59c9fb92908260d3e9f81a895c7aa009742275e4", "lib/source_hashes.py": "60a2e02193209e8d392803326208d5466342da18", "lib/summary.py": "aa92f0a3f975eecd44d3c0cd0236342ccc9f941d", "lib/time_sync.py": "3210db56eb0ff0df57bf4293dc4d4b03fffd46f1", "server.py": "c3f90f2f7eeb4db30727556d0c815ebc89b3d28b", "tests/unit/__init__.py": "da39a3ee5e6b4b0d3255bfef95601890afd80709", "tests/unit/test_server.py": "99ae15aef722f2000ee6ed1ae1523637bf1ae42b", "tests/unit/test_source_hashes.py": "00468a2907583c593e6574a1f6b404e4651c221a"}, "modules": {"ptd_client_server.lib.client": "lib/client.py", "ptd_client_server.lib.common": "lib/common.py", "ptd_client_server.lib.external.ntplib": "lib/external/ntplib.py", "ptd_client_server.lib.source_hashes": "lib/source_hashes.py", "ptd_client_server.lib.summary": "lib/summary.py", "ptd_client_server.lib.time_sync": "lib/time_sync.py"}}
client 2022-02-24 10:29:34,416 [INFO] Running workload in ranging mode
client 2022-02-24 10:29:34,416 [INFO] Synchronizing with the server and with 100.64.0.18...
client 2022-02-24 10:29:34,418 [INFO] NTP:offset = -0.000 s, delay = 0.001 s 
client 2022-02-24 10:29:34,418 [INFO] Sending command to the server: 'time'
client 2022-02-24 10:29:34,420 [INFO] Got response: '1645698574.3115635'
client 2022-02-24 10:29:34,420 [INFO] The time difference between the client and the server is within range 107.229 ms..108.756 ms
client 2022-02-24 10:29:34,420 [INFO] Sending command to the server: 'session,2022-02-24_10-29-34,start,ranging'
client 2022-02-24 10:29:58,372 [INFO] Got response: 'OK'
client 2022-02-24 10:29:58,372 [INFO] Running the workload 'LOG_DIR=/work/build/power_logs_temp python3 code/main.py --benchmarks=resnet50 \t--scenarios=offline \t--config_ver=default_maxq \t--test_mode=PerformanceOnly  --action="run_harness" \\\n\t\t2>&1 | tee -a /work/build/power_logs/2022.02.24-10.29.23/stdout.txt \\\n\t\t&& if [ ! -d /work/build/power_logs/2022.02.24-10.29.23/ranging_tmp ]; \\\n\t\t\tthen mkdir /work/build/power_logs/2022.02.24-10.29.23/ranging_tmp \\\n\t\t\t\t&& mv /work/build/power_logs_temp/* /work/build/power_logs/2022.02.24-10.29.23/ranging_tmp/ \\\n\t\t\t\t&& cp -v /work/build/power_logs/2022.02.24-10.29.23/ranging_tmp/*/*/*/mlperf_log_detail.txt /work/build/power_logs_temp/ \\\n\t\t\t\t&& cp -v /work/build/power_logs/2022.02.24-10.29.23/ranging_tmp/*/*/*/mlperf_log_summary.txt /work/build/power_logs_temp/; \\\n\t\t\telse mkdir /work/build/power_logs/2022.02.24-10.29.23/testing_tmp \\\n\t\t\t\t&& mv /work/build/power_logs_temp/* /work/build/power_logs/2022.02.24-10.29.23/testing_tmp/ \\\n\t\t\t\t&& cp -v /work/build/power_logs/2022.02.24-10.29.23/testing_tmp/*/*/*/mlperf_log_detail.txt /work/build/power_logs_temp/ \\\n\t\t\t\t&& cp -v /work/build/power_logs/2022.02.24-10.29.23/testing_tmp/*/*/*/mlperf_log_summary.txt /work/build/power_logs_temp/; fi'
client 2022-02-24 10:42:17,456 [INFO] Sending command to the server: 'session,2022-02-24_10-29-34,stop,ranging'
client 2022-02-24 10:42:27,505 [INFO] Got response: 'OK'
client 2022-02-24 10:42:27,515 [INFO] Copying loadgen logs from '/work/build/power_logs_temp' to '/work/build/power_logs/2022.02.24-10.29.23/2022-02-24_10-29-34/ranging'
client 2022-02-24 10:42:27,516 [INFO] Running workload in testing mode
client 2022-02-24 10:42:27,516 [INFO] Synchronizing with the server and with 100.64.0.18...
client 2022-02-24 10:42:27,519 [INFO] NTP:offset = -0.000 s, delay = 0.001 s 
client 2022-02-24 10:42:27,519 [INFO] Sending command to the server: 'time'
client 2022-02-24 10:42:27,521 [INFO] Got response: '1645699347.3839288'
client 2022-02-24 10:42:27,521 [INFO] The time difference between the client and the server is within range 135.395 ms..137.578 ms
client 2022-02-24 10:42:27,521 [INFO] Sending command to the server: 'session,2022-02-24_10-29-34,start,testing'
client 2022-02-24 10:42:41,485 [INFO] Got response: 'OK'
client 2022-02-24 10:42:41,485 [INFO] Running the workload 'LOG_DIR=/work/build/power_logs_temp python3 code/main.py --benchmarks=resnet50 \t--scenarios=offline \t--config_ver=default_maxq \t--test_mode=PerformanceOnly  --action="run_harness" \\\n\t\t2>&1 | tee -a /work/build/power_logs/2022.02.24-10.29.23/stdout.txt \\\n\t\t&& if [ ! -d /work/build/power_logs/2022.02.24-10.29.23/ranging_tmp ]; \\\n\t\t\tthen mkdir /work/build/power_logs/2022.02.24-10.29.23/ranging_tmp \\\n\t\t\t\t&& mv /work/build/power_logs_temp/* /work/build/power_logs/2022.02.24-10.29.23/ranging_tmp/ \\\n\t\t\t\t&& cp -v /work/build/power_logs/2022.02.24-10.29.23/ranging_tmp/*/*/*/mlperf_log_detail.txt /work/build/power_logs_temp/ \\\n\t\t\t\t&& cp -v /work/build/power_logs/2022.02.24-10.29.23/ranging_tmp/*/*/*/mlperf_log_summary.txt /work/build/power_logs_temp/; \\\n\t\t\telse mkdir /work/build/power_logs/2022.02.24-10.29.23/testing_tmp \\\n\t\t\t\t&& mv /work/build/power_logs_temp/* /work/build/power_logs/2022.02.24-10.29.23/testing_tmp/ \\\n\t\t\t\t&& cp -v /work/build/power_logs/2022.02.24-10.29.23/testing_tmp/*/*/*/mlperf_log_detail.txt /work/build/power_logs_temp/ \\\n\t\t\t\t&& cp -v /work/build/power_logs/2022.02.24-10.29.23/testing_tmp/*/*/*/mlperf_log_summary.txt /work/build/power_logs_temp/; fi'
client 2022-02-24 10:55:07,464 [INFO] Sending command to the server: 'session,2022-02-24_10-29-34,stop,testing'
client 2022-02-24 10:55:17,491 [INFO] Got response: 'OK'
client 2022-02-24 10:55:17,493 [INFO] Copying loadgen logs from '/work/build/power_logs_temp' to '/work/build/power_logs/2022.02.24-10.29.23/2022-02-24_10-29-34/run_1'
client 2022-02-24 10:55:17,494 [INFO] Done runs
