ptd-server 2022-02-24 10:29:34,296 [INFO] Got command from the client 'stop'
ptd-server 2022-02-24 10:29:34,296 [INFO] The server will be stopped after processing this client
ptd-server 2022-02-24 10:29:34,297 [INFO] Sending reply to client 'OK'
ptd-server 2022-02-24 10:29:34,303 [INFO] Got command from the client 'time'
ptd-server 2022-02-24 10:29:34,303 [INFO] Sending reply to client '1645698574.3035662'
ptd-server 2022-02-24 10:29:34,304 [INFO] Got command from the client 'new,,4c66f382-875c-402b-8ee2-f41ef67b26e4'
ptd-server 2022-02-24 10:29:34,305 [INFO] Sending reply to client 'OK 2022-02-24_10-29-34,6ecef11f-b365-457d-89b4-4d5db38d1dc2'
ptd-server 2022-02-24 10:29:34,311 [INFO] Got command from the client 'time'
ptd-server 2022-02-24 10:29:34,311 [INFO] Sending reply to client '1645698574.3115635'
ptd-server 2022-02-24 10:29:34,312 [INFO] Got command from the client 'session,2022-02-24_10-29-34,start,ranging'
ptd-server 2022-02-24 10:29:34,415 [INFO] Running PTDaemon: ['.\\ptd-windows-x86.exe', '-l', 'C:\\Users\\root\\AppData\\Local\\Temp\\tmp2gnlij5d\\ptd_logfile.txt', '-p', '8888', '-c', '1', '-g', '8', '1']
ptd-server 2022-02-24 10:29:47,208 [INFO] Sending to ptd: 'Hello'
ptd-server 2022-02-24 10:29:47,209 [INFO] Reply from ptd: 'Hello, PTDaemon here!'
ptd-server 2022-02-24 10:29:47,210 [INFO] Sending to ptd: 'Identify'
ptd-server 2022-02-24 10:29:47,211 [INFO] Reply from ptd: 'YokogawaWT210,1000,1,1,1,1,0,0,1,version=1.9.2-3976349f-20201208,OS=Windows 8 / Server 2012,mode=power,1,1,1,0,0,no_cal_date,YOKOGAWA;760401;0;F1.12'
ptd-server 2022-02-24 10:29:47,212 [INFO] Connected to PTDaemon
ptd-server 2022-02-24 10:29:47,213 [INFO] Sending to ptd: 'RR'
ptd-server 2022-02-24 10:29:47,214 [INFO] Reply from ptd: 'Ranges,1,2.000000,1,150.000000'
ptd-server 2022-02-24 10:29:47,215 [INFO] Initial range for Amps is Auto for Volts is Auto
ptd-server 2022-02-24 10:29:47,215 [INFO] Sending to ptd: 'SR,V,Auto'
ptd-server 2022-02-24 10:29:47,736 [INFO] Reply from ptd: 'Range V changed'
ptd-server 2022-02-24 10:29:47,737 [INFO] Sending to ptd: 'SR,A,Auto'
ptd-server 2022-02-24 10:29:48,256 [INFO] Reply from ptd: 'Range A changed'
ptd-server 2022-02-24 10:29:58,259 [INFO] Starting ranging mode
ptd-server 2022-02-24 10:29:58,260 [INFO] Sending to ptd: 'Go,1000,0,2022-02-24_10-29-34_ranging'
ptd-server 2022-02-24 10:29:58,260 [INFO] Reply from ptd: 'Starting untimed measurement, maximum 500000 samples at 1000ms with 0 rampup samples'
ptd-server 2022-02-24 10:29:58,261 [INFO] Sending reply to client 'OK'
ptd-server 2022-02-24 10:42:17,321 [INFO] Got command from the client 'session,2022-02-24_10-29-34,stop,ranging'
ptd-server 2022-02-24 10:42:27,332 [INFO] Sending to ptd: 'Stop'
ptd-server 2022-02-24 10:42:27,333 [INFO] Reply from ptd: 'Stopping untimed measurement'
ptd-server 2022-02-24 10:42:27,367 [INFO] Sending reply to client 'OK'
ptd-server 2022-02-24 10:42:27,383 [INFO] Got command from the client 'time'
ptd-server 2022-02-24 10:42:27,383 [INFO] Sending reply to client '1645699347.3839288'
ptd-server 2022-02-24 10:42:27,385 [INFO] Got command from the client 'session,2022-02-24_10-29-34,start,testing'
ptd-server 2022-02-24 10:42:27,386 [INFO] Sending to ptd: 'SR,V,120.600000'
ptd-server 2022-02-24 10:42:29,798 [INFO] Reply from ptd: 'Range V changed'
ptd-server 2022-02-24 10:42:29,799 [INFO] Sending to ptd: 'SR,A,2.579900'
ptd-server 2022-02-24 10:42:31,333 [INFO] Reply from ptd: 'Range A changed'
ptd-server 2022-02-24 10:42:41,344 [INFO] Starting testing mode
ptd-server 2022-02-24 10:42:41,345 [INFO] Sending to ptd: 'Go,1000,0,2022-02-24_10-29-34_testing'
ptd-server 2022-02-24 10:42:41,345 [INFO] Reply from ptd: 'Starting untimed measurement, maximum 500000 samples at 1000ms with 0 rampup samples'
ptd-server 2022-02-24 10:42:41,346 [INFO] Sending reply to client 'OK'
ptd-server 2022-02-24 10:55:07,299 [INFO] Got command from the client 'session,2022-02-24_10-29-34,stop,testing'
ptd-server 2022-02-24 10:55:17,308 [INFO] Sending to ptd: 'Stop'
ptd-server 2022-02-24 10:55:17,309 [INFO] Reply from ptd: 'Stopping untimed measurement'
ptd-server 2022-02-24 10:55:17,324 [INFO] Sending reply to client 'OK'
ptd-server 2022-02-24 10:55:17,333 [INFO] Got command from the client 'session,2022-02-24_10-29-34,done'
ptd-server 2022-02-24 10:55:17,333 [INFO] Sending to ptd: 'Stop'
ptd-server 2022-02-24 10:55:17,356 [INFO] Reply from ptd: 'Error: no measurement to stop'
ptd-server 2022-02-24 10:55:17,357 [INFO] Sending to ptd: 'SR,V,Auto'
ptd-server 2022-02-24 10:55:17,882 [INFO] Reply from ptd: 'Range V changed'
ptd-server 2022-02-24 10:55:17,883 [INFO] Sending to ptd: 'SR,A,Auto'
ptd-server 2022-02-24 10:55:18,406 [INFO] Reply from ptd: 'Range A changed'
ptd-server 2022-02-24 10:55:18,407 [INFO] Set initial values for Amps Auto and Volts Auto
ptd-server 2022-02-24 10:55:18,408 [INFO] Stopping ptd...
