ptd-server 2022-02-18 23:29:09,423 [INFO] Got command from the client 'time'
ptd-server 2022-02-18 23:29:09,423 [INFO] Sending reply to client '1645248549.4237714'
ptd-server 2022-02-18 23:29:09,424 [INFO] Got command from the client 'new,,5b2c9d4f-8c8b-479b-b594-929d7ab213ac'
ptd-server 2022-02-18 23:29:09,424 [INFO] Sending reply to client 'OK 2022-02-18_23-29-09,75c5365f-39bf-40ce-b861-26f170048e82'
ptd-server 2022-02-18 23:29:09,532 [INFO] Got command from the client 'time'
ptd-server 2022-02-18 23:29:09,532 [INFO] Sending reply to client '1645248549.5324383'
ptd-server 2022-02-18 23:29:09,532 [INFO] Got command from the client 'session,2022-02-18_23-29-09,start,ranging'
ptd-server 2022-02-18 23:29:09,532 [INFO] Running PTDaemon: ['/local/mnt/workspace/mlcommons/power-main/inference_v1.0/ptd-linux-x86', '-l', '/tmp/tmp4zullp9k/ptd_logfile.txt', '-p', '8889', '49', '/dev/usbtmc0']
ptd-server 2022-02-18 23:29:26,567 [INFO] Sending to ptd: 'Hello'
ptd-server 2022-02-18 23:29:26,567 [INFO] Reply from ptd: 'Hello, PTDaemon here!'
ptd-server 2022-02-18 23:29:26,567 [INFO] Sending to ptd: 'Identify'
ptd-server 2022-02-18 23:29:26,567 [INFO] Reply from ptd: 'YokogawaWT310E,1000,1,1,1,1,0,1,1,version=1.9.2-e8c7a49a-20201208,OS=Linux 4.15.0-162-generic #170-Ubuntu SMP Mon Oct 18 11:38:05 UTC 2021 x86_64,mode=power,1,1,1,0,0,no_cal_date,YOKOGAWA;WT310E;C2XF16028V;F1.04'
ptd-server 2022-02-18 23:29:26,567 [INFO] Connected to PTDaemon
ptd-server 2022-02-18 23:29:26,567 [INFO] Sending to ptd: 'RR'
ptd-server 2022-02-18 23:29:26,567 [INFO] Reply from ptd: 'Ranges,1,5.000000,1,150.000000'
ptd-server 2022-02-18 23:29:26,568 [INFO] Initial range for Amps is Auto for Volts is Auto
ptd-server 2022-02-18 23:29:26,568 [INFO] Sending to ptd: 'SR,V,Auto'
ptd-server 2022-02-18 23:29:27,070 [INFO] Reply from ptd: 'Range V changed'
ptd-server 2022-02-18 23:29:27,070 [INFO] Sending to ptd: 'SR,A,Auto'
ptd-server 2022-02-18 23:29:27,572 [INFO] Reply from ptd: 'Range A changed'
ptd-server 2022-02-18 23:29:37,582 [INFO] Starting ranging mode
ptd-server 2022-02-18 23:29:37,582 [INFO] Sending to ptd: 'Go,1000,0,2022-02-18_23-29-09_ranging'
ptd-server 2022-02-18 23:29:37,582 [INFO] Reply from ptd: 'Starting untimed measurement, maximum 500000 samples at 1000ms with 0 rampup samples'
ptd-server 2022-02-18 23:29:37,582 [INFO] Sending reply to client 'OK'
ptd-server 2022-02-18 23:41:45,939 [INFO] Got command from the client 'session,2022-02-18_23-29-09,stop,ranging'
ptd-server 2022-02-18 23:41:55,944 [INFO] Sending to ptd: 'Stop'
ptd-server 2022-02-18 23:41:55,944 [INFO] Reply from ptd: 'Stopping untimed measurement'
ptd-server 2022-02-18 23:41:56,103 [INFO] Sending reply to client 'OK'
ptd-server 2022-02-18 23:41:56,226 [INFO] Got command from the client 'time'
ptd-server 2022-02-18 23:41:56,226 [INFO] Sending reply to client '1645249316.2261941'
ptd-server 2022-02-18 23:41:56,226 [INFO] Got command from the client 'session,2022-02-18_23-29-09,start,testing'
ptd-server 2022-02-18 23:41:56,226 [INFO] Sending to ptd: 'SR,V,122.580000'
ptd-server 2022-02-18 23:41:58,083 [INFO] Reply from ptd: 'Range V changed'
ptd-server 2022-02-18 23:41:58,083 [INFO] Sending to ptd: 'SR,A,2.148500'
ptd-server 2022-02-18 23:41:59,584 [INFO] Reply from ptd: 'Range A changed'
ptd-server 2022-02-18 23:42:09,594 [INFO] Starting testing mode
ptd-server 2022-02-18 23:42:09,594 [INFO] Sending to ptd: 'Go,1000,0,2022-02-18_23-29-09_testing'
ptd-server 2022-02-18 23:42:09,594 [INFO] Reply from ptd: 'Starting untimed measurement, maximum 500000 samples at 1000ms with 0 rampup samples'
ptd-server 2022-02-18 23:42:09,595 [INFO] Sending reply to client 'OK'
ptd-server 2022-02-18 23:54:17,588 [INFO] Got command from the client 'session,2022-02-18_23-29-09,stop,testing'
ptd-server 2022-02-18 23:54:27,594 [INFO] Sending to ptd: 'Stop'
ptd-server 2022-02-18 23:54:27,595 [INFO] Reply from ptd: 'Stopping untimed measurement'
ptd-server 2022-02-18 23:54:27,672 [INFO] Sending reply to client 'OK'
ptd-server 2022-02-18 23:54:27,677 [INFO] Got command from the client 'session,2022-02-18_23-29-09,done'
ptd-server 2022-02-18 23:54:27,678 [INFO] Sending to ptd: 'Stop'
ptd-server 2022-02-18 23:54:28,594 [INFO] Reply from ptd: 'Error: no measurement to stop'
ptd-server 2022-02-18 23:54:28,594 [INFO] Sending to ptd: 'SR,V,Auto'
ptd-server 2022-02-18 23:54:29,097 [INFO] Reply from ptd: 'Range V changed'
ptd-server 2022-02-18 23:54:29,097 [INFO] Sending to ptd: 'SR,A,Auto'
ptd-server 2022-02-18 23:54:29,599 [INFO] Reply from ptd: 'Range A changed'
ptd-server 2022-02-18 23:54:29,599 [INFO] Set initial values for Amps Auto and Volts Auto
ptd-server 2022-02-18 23:54:29,599 [INFO] Stopping ptd...
