ptd-server 2022-02-17 15:46:20,049 [INFO] Got command from the client 'time'
ptd-server 2022-02-17 15:46:20,049 [INFO] Sending reply to client '1645112780.0491664'
ptd-server 2022-02-17 15:46:20,051 [INFO] Got command from the client 'new,,ed193694-c15d-49ea-a88e-9824a8df4831'
ptd-server 2022-02-17 15:46:20,051 [INFO] Sending reply to client 'OK 2022-02-17_15-46-20,d5830b2d-a9ef-4c6a-a6d5-4d31a0dda36a'
ptd-server 2022-02-17 15:46:20,088 [INFO] Got command from the client 'time'
ptd-server 2022-02-17 15:46:20,089 [INFO] Sending reply to client '1645112780.089067'
ptd-server 2022-02-17 15:46:20,090 [INFO] Got command from the client 'session,2022-02-17_15-46-20,start,ranging'
ptd-server 2022-02-17 15:46:20,091 [INFO] Running PTDaemon: ['/home/anton/projects/mlperf/power/inference_v1.0/ptd-linux-x86', '-l', '/tmp/tmpgldyt7rr/ptd_logfile.txt', '-p', '8888', '49', '/dev/usbtmc0']
ptd-server 2022-02-17 15:46:37,265 [INFO] Sending to ptd: 'Hello'
ptd-server 2022-02-17 15:46:37,265 [INFO] Reply from ptd: 'Hello, PTDaemon here!'
ptd-server 2022-02-17 15:46:37,265 [INFO] Sending to ptd: 'Identify'
ptd-server 2022-02-17 15:46:37,266 [INFO] Reply from ptd: 'YokogawaWT310E,1000,1,1,1,1,0,1,1,version=1.9.2-e8c7a49a-20201208,OS=Linux 5.13.0-28-generic #31~20.04.1-Ubuntu SMP Wed Jan 19 14:08:10 UTC 2022 x86_64,mode=power,1,1,1,0,0,no_cal_date,YOKOGAWA;WT310E;C3XA04010E;F1.04'
ptd-server 2022-02-17 15:46:37,266 [INFO] Connected to PTDaemon
ptd-server 2022-02-17 15:46:37,266 [INFO] Sending to ptd: 'RR'
ptd-server 2022-02-17 15:46:37,266 [INFO] Reply from ptd: 'Ranges,0,0.500000,0,300.000000'
ptd-server 2022-02-17 15:46:37,267 [INFO] Initial range for Amps is 0.500000 for Volts is 300.000000
ptd-server 2022-02-17 15:46:37,267 [INFO] Sending to ptd: 'SR,V,Auto'
ptd-server 2022-02-17 15:46:37,769 [INFO] Reply from ptd: 'Range V changed'
ptd-server 2022-02-17 15:46:37,769 [INFO] Sending to ptd: 'SR,A,Auto'
ptd-server 2022-02-17 15:46:38,272 [INFO] Reply from ptd: 'Range A changed'
ptd-server 2022-02-17 15:46:48,282 [INFO] Starting ranging mode
ptd-server 2022-02-17 15:46:48,282 [INFO] Sending to ptd: 'Go,1000,0,2022-02-17_15-46-20_ranging'
ptd-server 2022-02-17 15:46:48,283 [INFO] Reply from ptd: 'Starting untimed measurement, maximum 500000 samples at 1000ms with 0 rampup samples'
ptd-server 2022-02-17 15:46:48,283 [INFO] Sending reply to client 'OK'
ptd-server 2022-02-17 15:57:09,818 [INFO] Got command from the client 'session,2022-02-17_15-46-20,stop,ranging'
ptd-server 2022-02-17 15:57:19,828 [INFO] Sending to ptd: 'Stop'
ptd-server 2022-02-17 15:57:19,829 [INFO] Reply from ptd: 'Stopping untimed measurement'
ptd-server 2022-02-17 15:57:20,021 [INFO] Sending reply to client 'OK'
ptd-server 2022-02-17 15:57:20,109 [INFO] Got command from the client 'time'
ptd-server 2022-02-17 15:57:20,109 [INFO] Sending reply to client '1645113440.1099343'
ptd-server 2022-02-17 15:57:20,114 [INFO] Got command from the client 'session,2022-02-17_15-46-20,start,testing'
ptd-server 2022-02-17 15:57:20,114 [INFO] Sending to ptd: 'SR,V,250.950000'
ptd-server 2022-02-17 15:57:21,784 [INFO] Reply from ptd: 'Range V changed'
ptd-server 2022-02-17 15:57:21,785 [INFO] Sending to ptd: 'SR,A,0.069050'
ptd-server 2022-02-17 15:57:23,286 [INFO] Reply from ptd: 'Range A changed'
ptd-server 2022-02-17 15:57:33,296 [INFO] Starting testing mode
ptd-server 2022-02-17 15:57:33,296 [INFO] Sending to ptd: 'Go,1000,0,2022-02-17_15-46-20_testing'
ptd-server 2022-02-17 15:57:33,297 [INFO] Reply from ptd: 'Starting untimed measurement, maximum 500000 samples at 1000ms with 0 rampup samples'
ptd-server 2022-02-17 15:57:33,297 [INFO] Sending reply to client 'OK'
ptd-server 2022-02-17 16:07:55,984 [INFO] Got command from the client 'session,2022-02-17_15-46-20,stop,testing'
ptd-server 2022-02-17 16:08:05,995 [INFO] Sending to ptd: 'Stop'
ptd-server 2022-02-17 16:08:05,995 [INFO] Reply from ptd: 'Stopping untimed measurement'
ptd-server 2022-02-17 16:08:06,103 [INFO] Sending reply to client 'OK'
ptd-server 2022-02-17 16:08:06,139 [INFO] Got command from the client 'session,2022-02-17_15-46-20,done'
ptd-server 2022-02-17 16:08:06,139 [INFO] Sending to ptd: 'Stop'
ptd-server 2022-02-17 16:08:06,297 [INFO] Reply from ptd: 'Error: no measurement to stop'
ptd-server 2022-02-17 16:08:06,297 [INFO] Sending to ptd: 'SR,V,300.000000'
ptd-server 2022-02-17 16:08:07,799 [INFO] Reply from ptd: 'Range V changed'
ptd-server 2022-02-17 16:08:07,799 [INFO] Sending to ptd: 'SR,A,0.500000'
ptd-server 2022-02-17 16:08:09,300 [INFO] Reply from ptd: 'Range A changed'
ptd-server 2022-02-17 16:08:09,301 [INFO] Set initial values for Amps 0.500000 and Volts 300.000000
ptd-server 2022-02-17 16:08:09,301 [INFO] Stopping ptd...
