ptd-server 2022-02-22 18:38:48,002 [INFO] Got command from the client 'time'
ptd-server 2022-02-22 18:38:48,003 [INFO] Sending reply to client '1645555128.003012'
ptd-server 2022-02-22 18:38:48,005 [INFO] Got command from the client 'new,,464504d3-6afe-429d-8e58-71cfe07accae'
ptd-server 2022-02-22 18:38:48,005 [INFO] Sending reply to client 'OK 2022-02-22_18-38-48,411d7339-d253-4289-ace6-25a28457f8c1'
ptd-server 2022-02-22 18:38:48,045 [INFO] Got command from the client 'time'
ptd-server 2022-02-22 18:38:48,045 [INFO] Sending reply to client '1645555128.0454845'
ptd-server 2022-02-22 18:38:48,047 [INFO] Got command from the client 'session,2022-02-22_18-38-48,start,ranging'
ptd-server 2022-02-22 18:38:48,047 [INFO] Running PTDaemon: ['/home/anton/projects/mlperf/power/inference_v1.0/ptd-linux-x86', '-l', '/tmp/tmpgldyt7rr/ptd_logfile.txt', '-p', '8888', '49', '/dev/usbtmc0']
ptd-server 2022-02-22 18:39:05,219 [INFO] Sending to ptd: 'Hello'
ptd-server 2022-02-22 18:39:05,220 [INFO] Reply from ptd: 'Hello, PTDaemon here!'
ptd-server 2022-02-22 18:39:05,220 [INFO] Sending to ptd: 'Identify'
ptd-server 2022-02-22 18:39:05,221 [INFO] Reply from ptd: 'YokogawaWT310E,1000,1,1,1,1,0,1,1,version=1.9.2-e8c7a49a-20201208,OS=Linux 5.13.0-28-generic #31~20.04.1-Ubuntu SMP Wed Jan 19 14:08:10 UTC 2022 x86_64,mode=power,1,1,1,0,0,no_cal_date,YOKOGAWA;WT310E;C3XA04010E;F1.04'
ptd-server 2022-02-22 18:39:05,221 [INFO] Connected to PTDaemon
ptd-server 2022-02-22 18:39:05,221 [INFO] Sending to ptd: 'RR'
ptd-server 2022-02-22 18:39:05,221 [INFO] Reply from ptd: 'Ranges,0,0.500000,0,300.000000'
ptd-server 2022-02-22 18:39:05,221 [INFO] Initial range for Amps is 0.500000 for Volts is 300.000000
ptd-server 2022-02-22 18:39:05,221 [INFO] Sending to ptd: 'SR,V,Auto'
ptd-server 2022-02-22 18:39:05,724 [INFO] Reply from ptd: 'Range V changed'
ptd-server 2022-02-22 18:39:05,724 [INFO] Sending to ptd: 'SR,A,Auto'
ptd-server 2022-02-22 18:39:06,226 [INFO] Reply from ptd: 'Range A changed'
ptd-server 2022-02-22 18:39:16,237 [INFO] Starting ranging mode
ptd-server 2022-02-22 18:39:16,237 [INFO] Sending to ptd: 'Go,1000,0,2022-02-22_18-38-48_ranging'
ptd-server 2022-02-22 18:39:16,237 [INFO] Reply from ptd: 'Starting untimed measurement, maximum 500000 samples at 1000ms with 0 rampup samples'
ptd-server 2022-02-22 18:39:16,238 [INFO] Sending reply to client 'OK'
ptd-server 2022-02-22 18:49:45,734 [INFO] Got command from the client 'session,2022-02-22_18-38-48,stop,ranging'
ptd-server 2022-02-22 18:49:55,745 [INFO] Sending to ptd: 'Stop'
ptd-server 2022-02-22 18:49:55,745 [INFO] Reply from ptd: 'Stopping untimed measurement'
ptd-server 2022-02-22 18:49:56,516 [INFO] Sending reply to client 'OK'
ptd-server 2022-02-22 18:49:56,572 [INFO] Got command from the client 'time'
ptd-server 2022-02-22 18:49:56,572 [INFO] Sending reply to client '1645555796.5725093'
ptd-server 2022-02-22 18:49:56,574 [INFO] Got command from the client 'session,2022-02-22_18-38-48,start,testing'
ptd-server 2022-02-22 18:49:56,574 [INFO] Sending to ptd: 'SR,V,251.620000'
ptd-server 2022-02-22 18:49:58,076 [INFO] Reply from ptd: 'Range V changed'
ptd-server 2022-02-22 18:49:58,076 [INFO] Sending to ptd: 'SR,A,0.052710'
ptd-server 2022-02-22 18:49:59,577 [INFO] Reply from ptd: 'Range A changed'
ptd-server 2022-02-22 18:50:09,588 [INFO] Starting testing mode
ptd-server 2022-02-22 18:50:09,588 [INFO] Sending to ptd: 'Go,1000,0,2022-02-22_18-38-48_testing'
ptd-server 2022-02-22 18:50:09,588 [INFO] Reply from ptd: 'Starting untimed measurement, maximum 500000 samples at 1000ms with 0 rampup samples'
ptd-server 2022-02-22 18:50:09,589 [INFO] Sending reply to client 'OK'
ptd-server 2022-02-22 19:00:38,523 [INFO] Got command from the client 'session,2022-02-22_18-38-48,stop,testing'
ptd-server 2022-02-22 19:00:48,533 [INFO] Sending to ptd: 'Stop'
ptd-server 2022-02-22 19:00:48,533 [INFO] Reply from ptd: 'Stopping untimed measurement'
ptd-server 2022-02-22 19:00:48,927 [INFO] Sending reply to client 'OK'
ptd-server 2022-02-22 19:00:48,939 [INFO] Got command from the client 'session,2022-02-22_18-38-48,done'
ptd-server 2022-02-22 19:00:48,939 [INFO] Sending to ptd: 'Stop'
ptd-server 2022-02-22 19:00:48,940 [INFO] Reply from ptd: 'Error: no measurement to stop'
ptd-server 2022-02-22 19:00:48,940 [INFO] Sending to ptd: 'SR,V,300.000000'
ptd-server 2022-02-22 19:00:50,441 [INFO] Reply from ptd: 'Range V changed'
ptd-server 2022-02-22 19:00:50,441 [INFO] Sending to ptd: 'SR,A,0.500000'
ptd-server 2022-02-22 19:00:51,942 [INFO] Reply from ptd: 'Range A changed'
ptd-server 2022-02-22 19:00:51,943 [INFO] Set initial values for Amps 0.500000 and Volts 300.000000
ptd-server 2022-02-22 19:00:51,943 [INFO] Stopping ptd...
