ptd-server 2022-02-14 16:09:18,811 [INFO] Got command from the client 'time'
ptd-server 2022-02-14 16:09:18,811 [INFO] Sending reply to client '1644854958.8115797'
ptd-server 2022-02-14 16:09:18,813 [INFO] Got command from the client 'new,,f017db91-1380-4ed5-8583-a5082e25c16f'
ptd-server 2022-02-14 16:09:18,814 [INFO] Sending reply to client 'OK 2022-02-14_16-09-18,7544077e-79f2-4783-9c53-a409a156c524'
ptd-server 2022-02-14 16:09:18,857 [INFO] Got command from the client 'time'
ptd-server 2022-02-14 16:09:18,857 [INFO] Sending reply to client '1644854958.857205'
ptd-server 2022-02-14 16:09:18,859 [INFO] Got command from the client 'session,2022-02-14_16-09-18,start,ranging'
ptd-server 2022-02-14 16:09:18,859 [INFO] Running PTDaemon: ['/home/anton/projects/mlperf/power/inference_v1.0/ptd-linux-x86', '-l', '/tmp/tmpxvec0g6h/ptd_logfile.txt', '-p', '8888', '49', '/dev/usbtmc0']
ptd-server 2022-02-14 16:09:36,032 [INFO] Sending to ptd: 'Hello'
ptd-server 2022-02-14 16:09:36,032 [INFO] Reply from ptd: 'Hello, PTDaemon here!'
ptd-server 2022-02-14 16:09:36,033 [INFO] Sending to ptd: 'Identify'
ptd-server 2022-02-14 16:09:36,033 [INFO] Reply from ptd: 'YokogawaWT310E,1000,1,1,1,1,0,1,1,version=1.9.2-e8c7a49a-20201208,OS=Linux 5.13.0-27-generic #29~20.04.1-Ubuntu SMP Fri Jan 14 00:32:30 UTC 2022 x86_64,mode=power,1,1,1,0,0,no_cal_date,YOKOGAWA;WT310E;C3XA04010E;F1.04'
ptd-server 2022-02-14 16:09:36,033 [INFO] Connected to PTDaemon
ptd-server 2022-02-14 16:09:36,033 [INFO] Sending to ptd: 'RR'
ptd-server 2022-02-14 16:09:36,034 [INFO] Reply from ptd: 'Ranges,0,0.500000,0,300.000000'
ptd-server 2022-02-14 16:09:36,034 [INFO] Initial range for Amps is 0.500000 for Volts is 300.000000
ptd-server 2022-02-14 16:09:36,034 [INFO] Sending to ptd: 'SR,V,Auto'
ptd-server 2022-02-14 16:09:36,536 [INFO] Reply from ptd: 'Range V changed'
ptd-server 2022-02-14 16:09:36,537 [INFO] Sending to ptd: 'SR,A,Auto'
ptd-server 2022-02-14 16:09:37,039 [INFO] Reply from ptd: 'Range A changed'
ptd-server 2022-02-14 16:09:47,049 [INFO] Starting ranging mode
ptd-server 2022-02-14 16:09:47,050 [INFO] Sending to ptd: 'Go,1000,0,2022-02-14_16-09-18_ranging'
ptd-server 2022-02-14 16:09:47,050 [INFO] Reply from ptd: 'Starting untimed measurement, maximum 500000 samples at 1000ms with 0 rampup samples'
ptd-server 2022-02-14 16:09:47,050 [INFO] Sending reply to client 'OK'
ptd-server 2022-02-14 16:20:06,267 [INFO] Got command from the client 'session,2022-02-14_16-09-18,stop,ranging'
ptd-server 2022-02-14 16:20:16,276 [INFO] Sending to ptd: 'Stop'
ptd-server 2022-02-14 16:20:16,276 [INFO] Reply from ptd: 'Stopping untimed measurement'
ptd-server 2022-02-14 16:20:17,009 [INFO] Sending reply to client 'OK'
ptd-server 2022-02-14 16:20:17,067 [INFO] Got command from the client 'time'
ptd-server 2022-02-14 16:20:17,067 [INFO] Sending reply to client '1644855617.067622'
ptd-server 2022-02-14 16:20:17,070 [INFO] Got command from the client 'session,2022-02-14_16-09-18,start,testing'
ptd-server 2022-02-14 16:20:17,070 [INFO] Sending to ptd: 'SR,V,249.890000'
ptd-server 2022-02-14 16:20:18,572 [INFO] Reply from ptd: 'Range V changed'
ptd-server 2022-02-14 16:20:18,572 [INFO] Sending to ptd: 'SR,A,0.210350'
ptd-server 2022-02-14 16:20:20,073 [INFO] Reply from ptd: 'Range A changed'
ptd-server 2022-02-14 16:20:30,083 [INFO] Starting testing mode
ptd-server 2022-02-14 16:20:30,084 [INFO] Sending to ptd: 'Go,1000,0,2022-02-14_16-09-18_testing'
ptd-server 2022-02-14 16:20:30,084 [INFO] Reply from ptd: 'Starting untimed measurement, maximum 500000 samples at 1000ms with 0 rampup samples'
ptd-server 2022-02-14 16:20:30,084 [INFO] Sending reply to client 'OK'
ptd-server 2022-02-14 16:30:49,385 [INFO] Got command from the client 'session,2022-02-14_16-09-18,stop,testing'
ptd-server 2022-02-14 16:30:59,395 [INFO] Sending to ptd: 'Stop'
ptd-server 2022-02-14 16:30:59,396 [INFO] Reply from ptd: 'Stopping untimed measurement'
ptd-server 2022-02-14 16:30:59,773 [INFO] Sending reply to client 'OK'
ptd-server 2022-02-14 16:30:59,792 [INFO] Got command from the client 'session,2022-02-14_16-09-18,done'
ptd-server 2022-02-14 16:30:59,792 [INFO] Sending to ptd: 'Stop'
ptd-server 2022-02-14 16:31:00,084 [INFO] Reply from ptd: 'Error: no measurement to stop'
ptd-server 2022-02-14 16:31:00,084 [INFO] Sending to ptd: 'SR,V,300.000000'
ptd-server 2022-02-14 16:31:01,586 [INFO] Reply from ptd: 'Range V changed'
ptd-server 2022-02-14 16:31:01,586 [INFO] Sending to ptd: 'SR,A,0.500000'
ptd-server 2022-02-14 16:31:03,087 [INFO] Reply from ptd: 'Range A changed'
ptd-server 2022-02-14 16:31:03,088 [INFO] Set initial values for Amps 0.500000 and Volts 300.000000
ptd-server 2022-02-14 16:31:03,088 [INFO] Stopping ptd...
