ptd-server 2022-02-23 12:46:13,523 [INFO] Got command from the client 'time'
ptd-server 2022-02-23 12:46:13,523 [INFO] Sending reply to client '1645620373.5233762'
ptd-server 2022-02-23 12:46:13,525 [INFO] Got command from the client 'new,,28d4f0e7-1d06-4cc9-9198-7f9bb47e2cc7'
ptd-server 2022-02-23 12:46:13,526 [INFO] Sending reply to client 'OK 2022-02-23_12-46-13,c69081ee-4f67-4649-9237-4f82480b44c6'
ptd-server 2022-02-23 12:46:13,563 [INFO] Got command from the client 'time'
ptd-server 2022-02-23 12:46:13,563 [INFO] Sending reply to client '1645620373.5632093'
ptd-server 2022-02-23 12:46:13,565 [INFO] Got command from the client 'session,2022-02-23_12-46-13,start,ranging'
ptd-server 2022-02-23 12:46:13,565 [INFO] Running PTDaemon: ['/home/anton/projects/mlperf/power/inference_v1.0/ptd-linux-x86', '-l', '/tmp/tmpgldyt7rr/ptd_logfile.txt', '-p', '8888', '49', '/dev/usbtmc0']
ptd-server 2022-02-23 12:46:30,738 [INFO] Sending to ptd: 'Hello'
ptd-server 2022-02-23 12:46:30,739 [INFO] Reply from ptd: 'Hello, PTDaemon here!'
ptd-server 2022-02-23 12:46:30,739 [INFO] Sending to ptd: 'Identify'
ptd-server 2022-02-23 12:46:30,739 [INFO] Reply from ptd: 'YokogawaWT310E,1000,1,1,1,1,0,1,1,version=1.9.2-e8c7a49a-20201208,OS=Linux 5.13.0-28-generic #31~20.04.1-Ubuntu SMP Wed Jan 19 14:08:10 UTC 2022 x86_64,mode=power,1,1,1,0,0,no_cal_date,YOKOGAWA;WT310E;C3XA04010E;F1.04'
ptd-server 2022-02-23 12:46:30,739 [INFO] Connected to PTDaemon
ptd-server 2022-02-23 12:46:30,739 [INFO] Sending to ptd: 'RR'
ptd-server 2022-02-23 12:46:30,740 [INFO] Reply from ptd: 'Ranges,0,0.500000,0,300.000000'
ptd-server 2022-02-23 12:46:30,740 [INFO] Initial range for Amps is 0.500000 for Volts is 300.000000
ptd-server 2022-02-23 12:46:30,740 [INFO] Sending to ptd: 'SR,V,Auto'
ptd-server 2022-02-23 12:46:31,243 [INFO] Reply from ptd: 'Range V changed'
ptd-server 2022-02-23 12:46:31,243 [INFO] Sending to ptd: 'SR,A,Auto'
ptd-server 2022-02-23 12:46:31,745 [INFO] Reply from ptd: 'Range A changed'
ptd-server 2022-02-23 12:46:41,755 [INFO] Starting ranging mode
ptd-server 2022-02-23 12:46:41,756 [INFO] Sending to ptd: 'Go,1000,0,2022-02-23_12-46-13_ranging'
ptd-server 2022-02-23 12:46:41,756 [INFO] Reply from ptd: 'Starting untimed measurement, maximum 500000 samples at 1000ms with 0 rampup samples'
ptd-server 2022-02-23 12:46:41,756 [INFO] Sending reply to client 'OK'
ptd-server 2022-02-23 12:57:21,903 [INFO] Got command from the client 'session,2022-02-23_12-46-13,stop,ranging'
ptd-server 2022-02-23 12:57:31,913 [INFO] Sending to ptd: 'Stop'
ptd-server 2022-02-23 12:57:31,914 [INFO] Reply from ptd: 'Stopping untimed measurement'
ptd-server 2022-02-23 12:57:32,771 [INFO] Sending reply to client 'OK'
ptd-server 2022-02-23 12:57:32,841 [INFO] Got command from the client 'time'
ptd-server 2022-02-23 12:57:32,841 [INFO] Sending reply to client '1645621052.841917'
ptd-server 2022-02-23 12:57:32,843 [INFO] Got command from the client 'session,2022-02-23_12-46-13,start,testing'
ptd-server 2022-02-23 12:57:32,844 [INFO] Sending to ptd: 'SR,V,249.350000'
ptd-server 2022-02-23 12:57:34,345 [INFO] Reply from ptd: 'Range V changed'
ptd-server 2022-02-23 12:57:34,345 [INFO] Sending to ptd: 'SR,A,0.052560'
ptd-server 2022-02-23 12:57:35,847 [INFO] Reply from ptd: 'Range A changed'
ptd-server 2022-02-23 12:57:45,857 [INFO] Starting testing mode
ptd-server 2022-02-23 12:57:45,857 [INFO] Sending to ptd: 'Go,1000,0,2022-02-23_12-46-13_testing'
ptd-server 2022-02-23 12:57:45,858 [INFO] Reply from ptd: 'Starting untimed measurement, maximum 500000 samples at 1000ms with 0 rampup samples'
ptd-server 2022-02-23 12:57:45,858 [INFO] Sending reply to client 'OK'
ptd-server 2022-02-23 13:08:15,656 [INFO] Got command from the client 'session,2022-02-23_12-46-13,stop,testing'
ptd-server 2022-02-23 13:08:25,666 [INFO] Sending to ptd: 'Stop'
ptd-server 2022-02-23 13:08:25,667 [INFO] Reply from ptd: 'Stopping untimed measurement'
ptd-server 2022-02-23 13:08:26,109 [INFO] Sending reply to client 'OK'
ptd-server 2022-02-23 13:08:26,126 [INFO] Got command from the client 'session,2022-02-23_12-46-13,done'
ptd-server 2022-02-23 13:08:26,127 [INFO] Sending to ptd: 'Stop'
ptd-server 2022-02-23 13:08:26,127 [INFO] Reply from ptd: 'Error: no measurement to stop'
ptd-server 2022-02-23 13:08:26,127 [INFO] Sending to ptd: 'SR,V,300.000000'
ptd-server 2022-02-23 13:08:27,628 [INFO] Reply from ptd: 'Range V changed'
ptd-server 2022-02-23 13:08:27,629 [INFO] Sending to ptd: 'SR,A,0.500000'
ptd-server 2022-02-23 13:08:29,130 [INFO] Reply from ptd: 'Range A changed'
ptd-server 2022-02-23 13:08:29,130 [INFO] Set initial values for Amps 0.500000 and Volts 300.000000
ptd-server 2022-02-23 13:08:29,131 [INFO] Stopping ptd...
