ptd-server 2022-02-13 05:16:31,692 [INFO] Got command from the client 'time'
ptd-server 2022-02-13 05:16:31,693 [INFO] Sending reply to client '1644729391.6930413'
ptd-server 2022-02-13 05:16:31,695 [INFO] Got command from the client 'new,,fa7e5ba3-7939-409d-a4b1-cfdb108420a9'
ptd-server 2022-02-13 05:16:31,695 [INFO] Sending reply to client 'OK 2022-02-13_05-16-31,f966dac3-0e1a-4408-9aee-29f09b9a137a'
ptd-server 2022-02-13 05:16:31,741 [INFO] Got command from the client 'time'
ptd-server 2022-02-13 05:16:31,741 [INFO] Sending reply to client '1644729391.7415679'
ptd-server 2022-02-13 05:16:31,743 [INFO] Got command from the client 'session,2022-02-13_05-16-31,start,ranging'
ptd-server 2022-02-13 05:16:31,743 [INFO] Running PTDaemon: ['/home/anton/projects/mlperf/power/inference_v1.0/ptd-linux-x86', '-l', '/tmp/tmpxvec0g6h/ptd_logfile.txt', '-p', '8888', '49', '/dev/usbtmc0']
ptd-server 2022-02-13 05:16:48,917 [INFO] Sending to ptd: 'Hello'
ptd-server 2022-02-13 05:16:48,918 [INFO] Reply from ptd: 'Hello, PTDaemon here!'
ptd-server 2022-02-13 05:16:48,918 [INFO] Sending to ptd: 'Identify'
ptd-server 2022-02-13 05:16:48,918 [INFO] Reply from ptd: 'YokogawaWT310E,1000,1,1,1,1,0,1,1,version=1.9.2-e8c7a49a-20201208,OS=Linux 5.13.0-27-generic #29~20.04.1-Ubuntu SMP Fri Jan 14 00:32:30 UTC 2022 x86_64,mode=power,1,1,1,0,0,no_cal_date,YOKOGAWA;WT310E;C3XA04010E;F1.04'
ptd-server 2022-02-13 05:16:48,918 [INFO] Connected to PTDaemon
ptd-server 2022-02-13 05:16:48,918 [INFO] Sending to ptd: 'RR'
ptd-server 2022-02-13 05:16:48,919 [INFO] Reply from ptd: 'Ranges,0,0.500000,0,300.000000'
ptd-server 2022-02-13 05:16:48,919 [INFO] Initial range for Amps is 0.500000 for Volts is 300.000000
ptd-server 2022-02-13 05:16:48,919 [INFO] Sending to ptd: 'SR,V,Auto'
ptd-server 2022-02-13 05:16:49,422 [INFO] Reply from ptd: 'Range V changed'
ptd-server 2022-02-13 05:16:49,422 [INFO] Sending to ptd: 'SR,A,Auto'
ptd-server 2022-02-13 05:16:49,924 [INFO] Reply from ptd: 'Range A changed'
ptd-server 2022-02-13 05:16:59,932 [INFO] Starting ranging mode
ptd-server 2022-02-13 05:16:59,932 [INFO] Sending to ptd: 'Go,1000,0,2022-02-13_05-16-31_ranging'
ptd-server 2022-02-13 05:16:59,932 [INFO] Reply from ptd: 'Starting untimed measurement, maximum 500000 samples at 1000ms with 0 rampup samples'
ptd-server 2022-02-13 05:16:59,933 [INFO] Sending reply to client 'OK'
ptd-server 2022-02-13 05:27:15,912 [INFO] Got command from the client 'session,2022-02-13_05-16-31,stop,ranging'
ptd-server 2022-02-13 05:27:25,922 [INFO] Sending to ptd: 'Stop'
ptd-server 2022-02-13 05:27:25,923 [INFO] Reply from ptd: 'Stopping untimed measurement'
ptd-server 2022-02-13 05:27:26,496 [INFO] Sending reply to client 'OK'
ptd-server 2022-02-13 05:27:26,559 [INFO] Got command from the client 'time'
ptd-server 2022-02-13 05:27:26,559 [INFO] Sending reply to client '1644730046.5598462'
ptd-server 2022-02-13 05:27:26,562 [INFO] Got command from the client 'session,2022-02-13_05-16-31,start,testing'
ptd-server 2022-02-13 05:27:26,562 [INFO] Sending to ptd: 'SR,V,250.700000'
ptd-server 2022-02-13 05:27:28,063 [INFO] Reply from ptd: 'Range V changed'
ptd-server 2022-02-13 05:27:28,063 [INFO] Sending to ptd: 'SR,A,0.146280'
ptd-server 2022-02-13 05:27:29,565 [INFO] Reply from ptd: 'Range A changed'
ptd-server 2022-02-13 05:27:39,575 [INFO] Starting testing mode
ptd-server 2022-02-13 05:27:39,575 [INFO] Sending to ptd: 'Go,1000,0,2022-02-13_05-16-31_testing'
ptd-server 2022-02-13 05:27:39,575 [INFO] Reply from ptd: 'Starting untimed measurement, maximum 500000 samples at 1000ms with 0 rampup samples'
ptd-server 2022-02-13 05:27:39,576 [INFO] Sending reply to client 'OK'
ptd-server 2022-02-13 05:37:55,536 [INFO] Got command from the client 'session,2022-02-13_05-16-31,stop,testing'
ptd-server 2022-02-13 05:38:05,547 [INFO] Sending to ptd: 'Stop'
ptd-server 2022-02-13 05:38:05,547 [INFO] Reply from ptd: 'Stopping untimed measurement'
ptd-server 2022-02-13 05:38:05,840 [INFO] Sending reply to client 'OK'
ptd-server 2022-02-13 05:38:05,858 [INFO] Got command from the client 'session,2022-02-13_05-16-31,done'
ptd-server 2022-02-13 05:38:05,859 [INFO] Sending to ptd: 'Stop'
ptd-server 2022-02-13 05:38:05,859 [INFO] Reply from ptd: 'Error: no measurement to stop'
ptd-server 2022-02-13 05:38:05,859 [INFO] Sending to ptd: 'SR,V,300.000000'
ptd-server 2022-02-13 05:38:07,361 [INFO] Reply from ptd: 'Range V changed'
ptd-server 2022-02-13 05:38:07,361 [INFO] Sending to ptd: 'SR,A,0.500000'
ptd-server 2022-02-13 05:38:08,862 [INFO] Reply from ptd: 'Range A changed'
ptd-server 2022-02-13 05:38:08,862 [INFO] Set initial values for Amps 0.500000 and Volts 300.000000
ptd-server 2022-02-13 05:38:08,862 [INFO] Stopping ptd...
