client 2022-02-23 03:30:21,097 [INFO] Sending command to the server: 'mlcommons/power client v3'
client 2022-02-23 03:30:21,098 [INFO] Got response: 'mlcommons/power server v3'
client 2022-02-23 03:30:21,098 [INFO] Sending command to the server: 'stop'
client 2022-02-23 03:30:21,100 [INFO] Got response: 'OK'
client 2022-02-23 03:30:21,100 [INFO] Synchronizing with the server and with ib-01.dc4-in.nvidia.com...
client 2022-02-23 03:30:21,310 [INFO] NTP:offset = -0.002 s, delay = 0.205 s 
client 2022-02-23 03:30:21,310 [INFO] Sending command to the server: 'time'
client 2022-02-23 03:30:21,312 [INFO] Got response: '1645615821.2922256'
client 2022-02-23 03:30:21,312 [INFO] The time difference between the client and the server is within range 18.409 ms..19.993 ms
client 2022-02-23 03:30:21,312 [INFO] Sending command to the server: 'new,,22fb3dfa-c636-498f-89a5-1f3d0ff2c6fc'
client 2022-02-23 03:30:21,314 [INFO] Got response: 'OK 2022-02-23_03-30-21,e4afa62d-d9c4-454f-8450-6b6b20ae2cd9'
client 2022-02-23 03:30:21,314 [INFO] Session id is '2022-02-23_03-30-21'
client 2022-02-23 03:30:21,314 [INFO] Sources: {"sources": {"__init__.py": "da39a3ee5e6b4b0d3255bfef95601890afd80709", "client.py": "33ca4f26368777ac06e01f9567b714a4b8063886", "lib/__init__.py": "da39a3ee5e6b4b0d3255bfef95601890afd80709", "lib/client.py": "4c2b78fb4849a7e5b584ef792d82aaed20b17f57", "lib/common.py": "624d0c0acc7c39aaff3674f0b99d6a09da53d1dc", "lib/external/__init__.py": "da39a3ee5e6b4b0d3255bfef95601890afd80709", "lib/external/ntplib.py": "4da8f970656505a40483206ef2b5d3dd5e81711d", "lib/server.py": "59c9fb92908260d3e9f81a895c7aa009742275e4", "lib/source_hashes.py": "60a2e02193209e8d392803326208d5466342da18", "lib/summary.py": "aa92f0a3f975eecd44d3c0cd0236342ccc9f941d", "lib/time_sync.py": "3210db56eb0ff0df57bf4293dc4d4b03fffd46f1", "server.py": "c3f90f2f7eeb4db30727556d0c815ebc89b3d28b", "tests/unit/__init__.py": "da39a3ee5e6b4b0d3255bfef95601890afd80709", "tests/unit/test_server.py": "99ae15aef722f2000ee6ed1ae1523637bf1ae42b", "tests/unit/test_source_hashes.py": "00468a2907583c593e6574a1f6b404e4651c221a"}, "modules": {"ptd_client_server.lib.client": "lib/client.py", "ptd_client_server.lib.common": "lib/common.py", "ptd_client_server.lib.external.ntplib": "lib/external/ntplib.py", "ptd_client_server.lib.source_hashes": "lib/source_hashes.py", "ptd_client_server.lib.summary": "lib/summary.py", "ptd_client_server.lib.time_sync": "lib/time_sync.py"}}
client 2022-02-23 03:30:21,317 [INFO] Running workload in ranging mode
client 2022-02-23 03:30:21,317 [INFO] Synchronizing with the server and with ib-01.dc4-in.nvidia.com...
client 2022-02-23 03:30:21,520 [INFO] NTP:offset = -0.000 s, delay = 0.202 s 
client 2022-02-23 03:30:21,520 [INFO] Sending command to the server: 'time'
client 2022-02-23 03:30:21,522 [INFO] Got response: '1645615821.4954648'
client 2022-02-23 03:30:21,522 [INFO] The time difference between the client and the server is within range 24.930 ms..26.639 ms
client 2022-02-23 03:30:21,522 [INFO] Sending command to the server: 'session,2022-02-23_03-30-21,start,ranging'
client 2022-02-23 03:31:00,872 [INFO] Got response: 'OK'
client 2022-02-23 03:31:00,873 [INFO] Running the workload 'LOG_DIR=/work/build/power_logs_temp python3 code/main.py --benchmarks=bert --scenarios=Server --test_mode=PerformanceOnly --config_ver=maxq_high_accuracy --action="run_harness" \\\n\t\t2>&1 | tee -a /work/build/power_logs/2022.02.23-03.29.54/stdout.txt \\\n\t\t&& if [ ! -d /work/build/power_logs/2022.02.23-03.29.54/ranging_tmp ]; \\\n\t\t\tthen mkdir /work/build/power_logs/2022.02.23-03.29.54/ranging_tmp \\\n\t\t\t\t&& mv /work/build/power_logs_temp/* /work/build/power_logs/2022.02.23-03.29.54/ranging_tmp/ \\\n\t\t\t\t&& cp -v /work/build/power_logs/2022.02.23-03.29.54/ranging_tmp/*/*/*/mlperf_log_detail.txt /work/build/power_logs_temp/ \\\n\t\t\t\t&& cp -v /work/build/power_logs/2022.02.23-03.29.54/ranging_tmp/*/*/*/mlperf_log_summary.txt /work/build/power_logs_temp/; \\\n\t\t\telse mkdir /work/build/power_logs/2022.02.23-03.29.54/testing_tmp \\\n\t\t\t\t&& mv /work/build/power_logs_temp/* /work/build/power_logs/2022.02.23-03.29.54/testing_tmp/ \\\n\t\t\t\t&& cp -v /work/build/power_logs/2022.02.23-03.29.54/testing_tmp/*/*/*/mlperf_log_detail.txt /work/build/power_logs_temp/ \\\n\t\t\t\t&& cp -v /work/build/power_logs/2022.02.23-03.29.54/testing_tmp/*/*/*/mlperf_log_summary.txt /work/build/power_logs_temp/; fi'
client 2022-02-23 03:41:29,863 [INFO] Sending command to the server: 'session,2022-02-23_03-30-21,stop,ranging'
client 2022-02-23 03:41:39,917 [INFO] Got response: 'OK'
client 2022-02-23 03:41:39,932 [INFO] Copying loadgen logs from '/work/build/power_logs_temp' to '/work/build/power_logs/2022.02.23-03.29.54/2022-02-23_03-30-21/ranging'
client 2022-02-23 03:41:39,952 [INFO] Running workload in testing mode
client 2022-02-23 03:41:39,952 [INFO] Synchronizing with the server and with ib-01.dc4-in.nvidia.com...
client 2022-02-23 03:41:40,155 [INFO] NTP:offset = 0.000 s, delay = 0.202 s 
client 2022-02-23 03:41:40,155 [INFO] Sending command to the server: 'time'
client 2022-02-23 03:41:40,157 [INFO] Got response: '1645616500.1309142'
client 2022-02-23 03:41:40,157 [INFO] The time difference between the client and the server is within range 24.743 ms..26.497 ms
client 2022-02-23 03:41:40,157 [INFO] Sending command to the server: 'session,2022-02-23_03-30-21,start,testing'
client 2022-02-23 03:42:02,562 [INFO] Got response: 'OK'
client 2022-02-23 03:42:02,563 [INFO] Running the workload 'LOG_DIR=/work/build/power_logs_temp python3 code/main.py --benchmarks=bert --scenarios=Server --test_mode=PerformanceOnly --config_ver=maxq_high_accuracy --action="run_harness" \\\n\t\t2>&1 | tee -a /work/build/power_logs/2022.02.23-03.29.54/stdout.txt \\\n\t\t&& if [ ! -d /work/build/power_logs/2022.02.23-03.29.54/ranging_tmp ]; \\\n\t\t\tthen mkdir /work/build/power_logs/2022.02.23-03.29.54/ranging_tmp \\\n\t\t\t\t&& mv /work/build/power_logs_temp/* /work/build/power_logs/2022.02.23-03.29.54/ranging_tmp/ \\\n\t\t\t\t&& cp -v /work/build/power_logs/2022.02.23-03.29.54/ranging_tmp/*/*/*/mlperf_log_detail.txt /work/build/power_logs_temp/ \\\n\t\t\t\t&& cp -v /work/build/power_logs/2022.02.23-03.29.54/ranging_tmp/*/*/*/mlperf_log_summary.txt /work/build/power_logs_temp/; \\\n\t\t\telse mkdir /work/build/power_logs/2022.02.23-03.29.54/testing_tmp \\\n\t\t\t\t&& mv /work/build/power_logs_temp/* /work/build/power_logs/2022.02.23-03.29.54/testing_tmp/ \\\n\t\t\t\t&& cp -v /work/build/power_logs/2022.02.23-03.29.54/testing_tmp/*/*/*/mlperf_log_detail.txt /work/build/power_logs_temp/ \\\n\t\t\t\t&& cp -v /work/build/power_logs/2022.02.23-03.29.54/testing_tmp/*/*/*/mlperf_log_summary.txt /work/build/power_logs_temp/; fi'
client 2022-02-23 03:52:31,742 [INFO] Sending command to the server: 'session,2022-02-23_03-30-21,stop,testing'
client 2022-02-23 03:52:41,769 [INFO] Got response: 'OK'
client 2022-02-23 03:52:41,801 [INFO] Copying loadgen logs from '/work/build/power_logs_temp' to '/work/build/power_logs/2022.02.23-03.29.54/2022-02-23_03-30-21/run_1'
client 2022-02-23 03:52:41,817 [INFO] Done runs
