ptd-server 2022-02-23 03:30:21,077 [INFO] Got command from the client 'stop'
ptd-server 2022-02-23 03:30:21,077 [INFO] The server will be stopped after processing this client
ptd-server 2022-02-23 03:30:21,077 [INFO] Sending reply to client 'OK'
ptd-server 2022-02-23 03:30:21,292 [INFO] Got command from the client 'time'
ptd-server 2022-02-23 03:30:21,292 [INFO] Sending reply to client '1645615821.2922256'
ptd-server 2022-02-23 03:30:21,292 [INFO] Got command from the client 'new,,22fb3dfa-c636-498f-89a5-1f3d0ff2c6fc'
ptd-server 2022-02-23 03:30:21,292 [INFO] Sending reply to client 'OK 2022-02-23_03-30-21,e4afa62d-d9c4-454f-8450-6b6b20ae2cd9'
ptd-server 2022-02-23 03:30:21,495 [INFO] Got command from the client 'time'
ptd-server 2022-02-23 03:30:21,495 [INFO] Sending reply to client '1645615821.4954648'
ptd-server 2022-02-23 03:30:21,495 [INFO] Got command from the client 'session,2022-02-23_03-30-21,start,ranging'
ptd-server 2022-02-23 03:30:21,604 [INFO] Running PTDaemon: ['C:\\PTD\\ptd-windows-x86.exe', '-l', 'C:\\Users\\lab\\AppData\\Local\\Temp\\tmp2_z594zs\\ptd_logfile.txt', '-p', '8888', '-c', '1,2', '-y', '77', '10.117.40.72']
ptd-server 2022-02-23 03:30:40,676 [INFO] Sending to ptd: 'Hello'
ptd-server 2022-02-23 03:30:40,676 [INFO] Reply from ptd: 'Hello, PTDaemon here!'
ptd-server 2022-02-23 03:30:40,676 [INFO] Sending to ptd: 'Identify'
ptd-server 2022-02-23 03:30:40,676 [INFO] Reply from ptd: 'YokogawaWT330_multichannel,1000,1,1,1,1,0,0,1,version=1.9.2-3976349f-20201208,OS=Windows 8 / Server 2012,mode=power,1,1,2,0,0,no_cal_date,YOKOGAWA;WT333E;C2WC23035V;F1.04'
ptd-server 2022-02-23 03:30:40,676 [INFO] Connected to PTDaemon
ptd-server 2022-02-23 03:30:40,676 [INFO] Sending to ptd: 'RR'
ptd-server 2022-02-23 03:30:40,676 [INFO] Reply from ptd: 'Ranges,-1,-1.000000,-1,-1.000000'
ptd-server 2022-02-23 03:30:40,676 [INFO] Initial range for Amps is Auto for Volts is Auto
ptd-server 2022-02-23 03:30:40,676 [INFO] Sending to ptd: 'SR,V,Auto'
ptd-server 2022-02-23 03:30:45,753 [INFO] Reply from ptd: 'Range V changed'
ptd-server 2022-02-23 03:30:45,753 [INFO] Sending to ptd: 'SR,A,Auto'
ptd-server 2022-02-23 03:30:50,831 [INFO] Reply from ptd: 'Range A changed'
ptd-server 2022-02-23 03:31:00,846 [INFO] Starting ranging mode
ptd-server 2022-02-23 03:31:00,846 [INFO] Sending to ptd: 'Go,1000,0,2022-02-23_03-30-21_ranging'
ptd-server 2022-02-23 03:31:00,846 [INFO] Reply from ptd: 'Starting untimed measurement, maximum 500000 samples at 1000ms with 0 rampup samples'
ptd-server 2022-02-23 03:31:00,846 [INFO] Sending reply to client 'OK'
ptd-server 2022-02-23 03:41:29,846 [INFO] Got command from the client 'session,2022-02-23_03-30-21,stop,ranging'
ptd-server 2022-02-23 03:41:39,861 [INFO] Sending to ptd: 'Stop'
ptd-server 2022-02-23 03:41:39,861 [INFO] Reply from ptd: 'Stopping untimed measurement'
ptd-server 2022-02-23 03:41:39,893 [INFO] Sending reply to client 'OK'
ptd-server 2022-02-23 03:41:40,130 [INFO] Got command from the client 'time'
ptd-server 2022-02-23 03:41:40,130 [INFO] Sending reply to client '1645616500.1309142'
ptd-server 2022-02-23 03:41:40,130 [INFO] Got command from the client 'session,2022-02-23_03-30-21,start,testing'
ptd-server 2022-02-23 03:41:40,130 [INFO] Sending to ptd: 'SR,V,206.020000'
ptd-server 2022-02-23 03:41:46,939 [INFO] Reply from ptd: 'Range V changed'
ptd-server 2022-02-23 03:41:46,939 [INFO] Sending to ptd: 'SR,A,3.316000'
ptd-server 2022-02-23 03:41:52,521 [INFO] Reply from ptd: 'Range A changed'
ptd-server 2022-02-23 03:42:02,537 [INFO] Starting testing mode
ptd-server 2022-02-23 03:42:02,537 [INFO] Sending to ptd: 'Go,1000,0,2022-02-23_03-30-21_testing'
ptd-server 2022-02-23 03:42:02,537 [INFO] Reply from ptd: 'Starting untimed measurement, maximum 500000 samples at 1000ms with 0 rampup samples'
ptd-server 2022-02-23 03:42:02,537 [INFO] Sending reply to client 'OK'
ptd-server 2022-02-23 03:52:31,720 [INFO] Got command from the client 'session,2022-02-23_03-30-21,stop,testing'
ptd-server 2022-02-23 03:52:41,733 [INFO] Sending to ptd: 'Stop'
ptd-server 2022-02-23 03:52:41,733 [INFO] Reply from ptd: 'Stopping untimed measurement'
ptd-server 2022-02-23 03:52:41,748 [INFO] Sending reply to client 'OK'
ptd-server 2022-02-23 03:52:41,842 [INFO] Got command from the client 'session,2022-02-23_03-30-21,done'
ptd-server 2022-02-23 03:52:41,842 [INFO] Sending to ptd: 'Stop'
ptd-server 2022-02-23 03:52:42,554 [INFO] Reply from ptd: 'Error: no measurement to stop'
ptd-server 2022-02-23 03:52:42,554 [INFO] Sending to ptd: 'SR,V,Auto'
ptd-server 2022-02-23 03:52:47,634 [INFO] Reply from ptd: 'Range V changed'
ptd-server 2022-02-23 03:52:47,634 [INFO] Sending to ptd: 'SR,A,Auto'
ptd-server 2022-02-23 03:52:52,708 [INFO] Reply from ptd: 'Range A changed'
ptd-server 2022-02-23 03:52:52,708 [INFO] Set initial values for Amps Auto and Volts Auto
ptd-server 2022-02-23 03:52:52,708 [INFO] Stopping ptd...
