client 2022-02-24 17:18:34,363 [INFO] Sending command to the server: 'mlcommons/power client v3'
client 2022-02-24 17:18:34,370 [INFO] Got response: 'mlcommons/power server v3'
client 2022-02-24 17:18:34,370 [INFO] Sending command to the server: 'stop'
client 2022-02-24 17:18:34,372 [INFO] Got response: 'OK'
client 2022-02-24 17:18:34,373 [INFO] Synchronizing with the server and with ib-01.dc4-in.nvidia.com...
client 2022-02-24 17:18:34,583 [INFO] NTP:offset = 0.000 s, delay = 0.202 s 
client 2022-02-24 17:18:34,583 [INFO] Sending command to the server: 'time'
client 2022-02-24 17:18:34,584 [INFO] Got response: '1645751914.7349641'
client 2022-02-24 17:18:34,584 [INFO] The time difference between the client and the server is within range -151.797 ms..-150.063 ms
client 2022-02-24 17:18:34,585 [INFO] Sending command to the server: 'new,,b814e7d6-055b-4d41-9892-effbbdb29308'
client 2022-02-24 17:18:34,587 [INFO] Got response: 'OK 2022-02-24_17-18-34,f09b1538-c030-4480-9ab4-ad119e4f1984'
client 2022-02-24 17:18:34,587 [INFO] Session id is '2022-02-24_17-18-34'
client 2022-02-24 17:18:34,587 [INFO] Sources: {"sources": {"__init__.py": "da39a3ee5e6b4b0d3255bfef95601890afd80709", "client.py": "33ca4f26368777ac06e01f9567b714a4b8063886", "lib/__init__.py": "da39a3ee5e6b4b0d3255bfef95601890afd80709", "lib/client.py": "4c2b78fb4849a7e5b584ef792d82aaed20b17f57", "lib/common.py": "624d0c0acc7c39aaff3674f0b99d6a09da53d1dc", "lib/external/__init__.py": "da39a3ee5e6b4b0d3255bfef95601890afd80709", "lib/external/ntplib.py": "4da8f970656505a40483206ef2b5d3dd5e81711d", "lib/server.py": "59c9fb92908260d3e9f81a895c7aa009742275e4", "lib/source_hashes.py": "60a2e02193209e8d392803326208d5466342da18", "lib/summary.py": "aa92f0a3f975eecd44d3c0cd0236342ccc9f941d", "lib/time_sync.py": "3210db56eb0ff0df57bf4293dc4d4b03fffd46f1", "server.py": "c3f90f2f7eeb4db30727556d0c815ebc89b3d28b", "tests/unit/__init__.py": "da39a3ee5e6b4b0d3255bfef95601890afd80709", "tests/unit/test_server.py": "99ae15aef722f2000ee6ed1ae1523637bf1ae42b", "tests/unit/test_source_hashes.py": "00468a2907583c593e6574a1f6b404e4651c221a"}, "modules": {"ptd_client_server.lib.client": "lib/client.py", "ptd_client_server.lib.common": "lib/common.py", "ptd_client_server.lib.external.ntplib": "lib/external/ntplib.py", "ptd_client_server.lib.source_hashes": "lib/source_hashes.py", "ptd_client_server.lib.summary": "lib/summary.py", "ptd_client_server.lib.time_sync": "lib/time_sync.py"}}
client 2022-02-24 17:18:34,594 [INFO] Running workload in ranging mode
client 2022-02-24 17:18:34,594 [INFO] Synchronizing with the server and with ib-01.dc4-in.nvidia.com...
client 2022-02-24 17:18:34,799 [INFO] NTP:offset = 0.000 s, delay = 0.202 s 
client 2022-02-24 17:18:34,799 [INFO] Sending command to the server: 'time'
client 2022-02-24 17:18:34,801 [INFO] Got response: '1645751914.9380426'
client 2022-02-24 17:18:34,801 [INFO] The time difference between the client and the server is within range -138.581 ms..-136.849 ms
client 2022-02-24 17:18:34,801 [INFO] Sending command to the server: 'session,2022-02-24_17-18-34,start,ranging'
client 2022-02-24 17:19:04,458 [INFO] Got response: 'OK'
client 2022-02-24 17:19:04,458 [INFO] Running the workload 'LOG_DIR=/home/scratch.duckhwank_sw/mlperf_2_orin_submission/closed/NVIDIA/build/power_logs_temp python3 code/main.py --benchmarks=ssd-resnet34 --scenarios=offline --test_mode=PerformanceOnly --tensor_path=/home/scratch.itramble_sw/orin-bringup/test-preprocess/coco/ssd-resnet34/coco/val2017/SSDResNet34/int8_chw4 --input_format=chw4 --dla_batch_size=4 --use_loadable --loadable_path /home/scratch.itramble_sw/mlperf-inference-cudla-plugin/closed/NVIDIA/rn34_loadable_bs4_nochaining.bin --gpu_batch_size=4 --config_ver=[maxq] --action="run_harness" \\\n\t\t2>&1 | tee -a /home/scratch.duckhwank_sw/mlperf_2_orin_submission/closed/NVIDIA/build/power_logs/2022.02.24-17.18.18/stdout.txt \\\n\t\t&& if [ ! -d /home/scratch.duckhwank_sw/mlperf_2_orin_submission/closed/NVIDIA/build/power_logs/2022.02.24-17.18.18/ranging_tmp ]; \\\n\t\t\tthen mkdir /home/scratch.duckhwank_sw/mlperf_2_orin_submission/closed/NVIDIA/build/power_logs/2022.02.24-17.18.18/ranging_tmp \\\n\t\t\t\t&& mv /home/scratch.duckhwank_sw/mlperf_2_orin_submission/closed/NVIDIA/build/power_logs_temp/* /home/scratch.duckhwank_sw/mlperf_2_orin_submission/closed/NVIDIA/build/power_logs/2022.02.24-17.18.18/ranging_tmp/ \\\n\t\t\t\t&& cp -v /home/scratch.duckhwank_sw/mlperf_2_orin_submission/closed/NVIDIA/build/power_logs/2022.02.24-17.18.18/ranging_tmp/*/*/*/mlperf_log_detail.txt /home/scratch.duckhwank_sw/mlperf_2_orin_submission/closed/NVIDIA/build/power_logs_temp/ \\\n\t\t\t\t&& cp -v /home/scratch.duckhwank_sw/mlperf_2_orin_submission/closed/NVIDIA/build/power_logs/2022.02.24-17.18.18/ranging_tmp/*/*/*/mlperf_log_summary.txt /home/scratch.duckhwank_sw/mlperf_2_orin_submission/closed/NVIDIA/build/power_logs_temp/; \\\n\t\t\telse mkdir /home/scratch.duckhwank_sw/mlperf_2_orin_submission/closed/NVIDIA/build/power_logs/2022.02.24-17.18.18/testing_tmp \\\n\t\t\t\t&& mv /home/scratch.duckhwank_sw/mlperf_2_orin_submission/closed/NVIDIA/build/power_logs_temp/* /home/scratch.duckhwank_sw/mlperf_2_orin_submission/closed/NVIDIA/build/power_logs/2022.02.24-17.18.18/testing_tmp/ \\\n\t\t\t\t&& cp -v /home/scratch.duckhwank_sw/mlperf_2_orin_submission/closed/NVIDIA/build/power_logs/2022.02.24-17.18.18/testing_tmp/*/*/*/mlperf_log_detail.txt /home/scratch.duckhwank_sw/mlperf_2_orin_submission/closed/NVIDIA/build/power_logs_temp/ \\\n\t\t\t\t&& cp -v /home/scratch.duckhwank_sw/mlperf_2_orin_submission/closed/NVIDIA/build/power_logs/2022.02.24-17.18.18/testing_tmp/*/*/*/mlperf_log_summary.txt /home/scratch.duckhwank_sw/mlperf_2_orin_submission/closed/NVIDIA/build/power_logs_temp/; fi'
client 2022-02-24 17:30:30,055 [INFO] Sending command to the server: 'session,2022-02-24_17-18-34,stop,ranging'
client 2022-02-24 17:30:40,083 [INFO] Got response: 'OK'
client 2022-02-24 17:30:40,105 [INFO] Copying loadgen logs from '/home/scratch.duckhwank_sw/mlperf_2_orin_submission/closed/NVIDIA/build/power_logs_temp' to '/home/scratch.duckhwank_sw/mlperf_2_orin_submission/closed/NVIDIA/build/power_logs/2022.02.24-17.18.18/2022-02-24_17-18-34/ranging'
client 2022-02-24 17:30:40,134 [INFO] Running workload in testing mode
client 2022-02-24 17:30:40,135 [INFO] Synchronizing with the server and with ib-01.dc4-in.nvidia.com...
client 2022-02-24 17:30:40,355 [INFO] NTP:offset = 0.004 s, delay = 0.202 s 
client 2022-02-24 17:30:40,355 [INFO] Sending command to the server: 'time'
client 2022-02-24 17:30:40,357 [INFO] Got response: '1645752640.5033536'
client 2022-02-24 17:30:40,357 [INFO] The time difference between the client and the server is within range -147.710 ms..-145.990 ms
client 2022-02-24 17:30:40,357 [INFO] Sending command to the server: 'session,2022-02-24_17-18-34,start,testing'
client 2022-02-24 17:30:53,516 [INFO] Got response: 'OK'
client 2022-02-24 17:30:53,516 [INFO] Running the workload 'LOG_DIR=/home/scratch.duckhwank_sw/mlperf_2_orin_submission/closed/NVIDIA/build/power_logs_temp python3 code/main.py --benchmarks=ssd-resnet34 --scenarios=offline --test_mode=PerformanceOnly --tensor_path=/home/scratch.itramble_sw/orin-bringup/test-preprocess/coco/ssd-resnet34/coco/val2017/SSDResNet34/int8_chw4 --input_format=chw4 --dla_batch_size=4 --use_loadable --loadable_path /home/scratch.itramble_sw/mlperf-inference-cudla-plugin/closed/NVIDIA/rn34_loadable_bs4_nochaining.bin --gpu_batch_size=4 --config_ver=[maxq] --action="run_harness" \\\n\t\t2>&1 | tee -a /home/scratch.duckhwank_sw/mlperf_2_orin_submission/closed/NVIDIA/build/power_logs/2022.02.24-17.18.18/stdout.txt \\\n\t\t&& if [ ! -d /home/scratch.duckhwank_sw/mlperf_2_orin_submission/closed/NVIDIA/build/power_logs/2022.02.24-17.18.18/ranging_tmp ]; \\\n\t\t\tthen mkdir /home/scratch.duckhwank_sw/mlperf_2_orin_submission/closed/NVIDIA/build/power_logs/2022.02.24-17.18.18/ranging_tmp \\\n\t\t\t\t&& mv /home/scratch.duckhwank_sw/mlperf_2_orin_submission/closed/NVIDIA/build/power_logs_temp/* /home/scratch.duckhwank_sw/mlperf_2_orin_submission/closed/NVIDIA/build/power_logs/2022.02.24-17.18.18/ranging_tmp/ \\\n\t\t\t\t&& cp -v /home/scratch.duckhwank_sw/mlperf_2_orin_submission/closed/NVIDIA/build/power_logs/2022.02.24-17.18.18/ranging_tmp/*/*/*/mlperf_log_detail.txt /home/scratch.duckhwank_sw/mlperf_2_orin_submission/closed/NVIDIA/build/power_logs_temp/ \\\n\t\t\t\t&& cp -v /home/scratch.duckhwank_sw/mlperf_2_orin_submission/closed/NVIDIA/build/power_logs/2022.02.24-17.18.18/ranging_tmp/*/*/*/mlperf_log_summary.txt /home/scratch.duckhwank_sw/mlperf_2_orin_submission/closed/NVIDIA/build/power_logs_temp/; \\\n\t\t\telse mkdir /home/scratch.duckhwank_sw/mlperf_2_orin_submission/closed/NVIDIA/build/power_logs/2022.02.24-17.18.18/testing_tmp \\\n\t\t\t\t&& mv /home/scratch.duckhwank_sw/mlperf_2_orin_submission/closed/NVIDIA/build/power_logs_temp/* /home/scratch.duckhwank_sw/mlperf_2_orin_submission/closed/NVIDIA/build/power_logs/2022.02.24-17.18.18/testing_tmp/ \\\n\t\t\t\t&& cp -v /home/scratch.duckhwank_sw/mlperf_2_orin_submission/closed/NVIDIA/build/power_logs/2022.02.24-17.18.18/testing_tmp/*/*/*/mlperf_log_detail.txt /home/scratch.duckhwank_sw/mlperf_2_orin_submission/closed/NVIDIA/build/power_logs_temp/ \\\n\t\t\t\t&& cp -v /home/scratch.duckhwank_sw/mlperf_2_orin_submission/closed/NVIDIA/build/power_logs/2022.02.24-17.18.18/testing_tmp/*/*/*/mlperf_log_summary.txt /home/scratch.duckhwank_sw/mlperf_2_orin_submission/closed/NVIDIA/build/power_logs_temp/; fi'
client 2022-02-24 17:42:14,027 [INFO] Sending command to the server: 'session,2022-02-24_17-18-34,stop,testing'
client 2022-02-24 17:42:24,048 [INFO] Got response: 'OK'
client 2022-02-24 17:42:24,070 [INFO] Copying loadgen logs from '/home/scratch.duckhwank_sw/mlperf_2_orin_submission/closed/NVIDIA/build/power_logs_temp' to '/home/scratch.duckhwank_sw/mlperf_2_orin_submission/closed/NVIDIA/build/power_logs/2022.02.24-17.18.18/2022-02-24_17-18-34/run_1'
client 2022-02-24 17:42:24,125 [INFO] Done runs
