ptd-server 2022-02-24 17:18:34,510 [INFO] Got command from the client 'stop'
ptd-server 2022-02-24 17:18:34,510 [INFO] The server will be stopped after processing this client
ptd-server 2022-02-24 17:18:34,510 [INFO] Sending reply to client 'OK'
ptd-server 2022-02-24 17:18:34,734 [INFO] Got command from the client 'time'
ptd-server 2022-02-24 17:18:34,734 [INFO] Sending reply to client '1645751914.7349641'
ptd-server 2022-02-24 17:18:34,734 [INFO] Got command from the client 'new,,b814e7d6-055b-4d41-9892-effbbdb29308'
ptd-server 2022-02-24 17:18:34,734 [INFO] Sending reply to client 'OK 2022-02-24_17-18-34,f09b1538-c030-4480-9ab4-ad119e4f1984'
ptd-server 2022-02-24 17:18:34,938 [INFO] Got command from the client 'time'
ptd-server 2022-02-24 17:18:34,938 [INFO] Sending reply to client '1645751914.9380426'
ptd-server 2022-02-24 17:18:34,938 [INFO] Got command from the client 'session,2022-02-24_17-18-34,start,ranging'
ptd-server 2022-02-24 17:18:35,063 [INFO] Running PTDaemon: ['C:\\PTD\\ptd-windows-x86.exe', '-l', 'C:\\Users\\lab\\AppData\\Local\\Temp\\tmp6psxptb2\\ptd_logfile.txt', '-p', '8888', '-c', '2', '-y', '52', '10.32.209.65']
ptd-server 2022-02-24 17:18:53,575 [INFO] Sending to ptd: 'Hello'
ptd-server 2022-02-24 17:18:53,575 [INFO] Reply from ptd: 'Hello, PTDaemon here!'
ptd-server 2022-02-24 17:18:53,575 [INFO] Sending to ptd: 'Identify'
ptd-server 2022-02-24 17:18:53,575 [INFO] Reply from ptd: 'YokogawaWT330E,1000,1,1,1,1,0,0,1,version=1.9.2-3976349f-20201208,OS=Windows 8 / Server 2012,mode=power,1,1,1,0,0,no_cal_date,YOKOGAWA;WT333E;C2XL24034V;F1.04'
ptd-server 2022-02-24 17:18:53,575 [INFO] Connected to PTDaemon
ptd-server 2022-02-24 17:18:53,575 [INFO] Sending to ptd: 'RR'
ptd-server 2022-02-24 17:18:53,575 [INFO] Reply from ptd: 'Ranges,1,1.000000,1,150.000000'
ptd-server 2022-02-24 17:18:53,575 [INFO] Initial range for Amps is Auto for Volts is Auto
ptd-server 2022-02-24 17:18:53,575 [INFO] Sending to ptd: 'SR,V,Auto'
ptd-server 2022-02-24 17:18:54,084 [INFO] Reply from ptd: 'Range V changed'
ptd-server 2022-02-24 17:18:54,084 [INFO] Sending to ptd: 'SR,A,Auto'
ptd-server 2022-02-24 17:18:54,599 [INFO] Reply from ptd: 'Range A changed'
ptd-server 2022-02-24 17:19:04,602 [INFO] Starting ranging mode
ptd-server 2022-02-24 17:19:04,602 [INFO] Sending to ptd: 'Go,1000,0,2022-02-24_17-18-34_ranging'
ptd-server 2022-02-24 17:19:04,602 [INFO] Reply from ptd: 'Starting untimed measurement, maximum 500000 samples at 1000ms with 0 rampup samples'
ptd-server 2022-02-24 17:19:04,602 [INFO] Sending reply to client 'OK'
ptd-server 2022-02-24 17:30:30,210 [INFO] Got command from the client 'session,2022-02-24_17-18-34,stop,ranging'
ptd-server 2022-02-24 17:30:40,218 [INFO] Sending to ptd: 'Stop'
ptd-server 2022-02-24 17:30:40,218 [INFO] Reply from ptd: 'Stopping untimed measurement'
ptd-server 2022-02-24 17:30:40,233 [INFO] Sending reply to client 'OK'
ptd-server 2022-02-24 17:30:40,503 [INFO] Got command from the client 'time'
ptd-server 2022-02-24 17:30:40,503 [INFO] Sending reply to client '1645752640.5033536'
ptd-server 2022-02-24 17:30:40,503 [INFO] Got command from the client 'session,2022-02-24_17-18-34,start,testing'
ptd-server 2022-02-24 17:30:40,503 [INFO] Sending to ptd: 'SR,V,121.140000'
ptd-server 2022-02-24 17:30:42,131 [INFO] Reply from ptd: 'Range V changed'
ptd-server 2022-02-24 17:30:42,131 [INFO] Sending to ptd: 'SR,A,0.808700'
ptd-server 2022-02-24 17:30:43,663 [INFO] Reply from ptd: 'Range A changed'
ptd-server 2022-02-24 17:30:53,667 [INFO] Starting testing mode
ptd-server 2022-02-24 17:30:53,672 [INFO] Sending to ptd: 'Go,1000,0,2022-02-24_17-18-34_testing'
ptd-server 2022-02-24 17:30:53,673 [INFO] Reply from ptd: 'Starting untimed measurement, maximum 500000 samples at 1000ms with 0 rampup samples'
ptd-server 2022-02-24 17:30:53,673 [INFO] Sending reply to client 'OK'
ptd-server 2022-02-24 17:42:14,184 [INFO] Got command from the client 'session,2022-02-24_17-18-34,stop,testing'
ptd-server 2022-02-24 17:42:24,184 [INFO] Sending to ptd: 'Stop'
ptd-server 2022-02-24 17:42:24,184 [INFO] Reply from ptd: 'Stopping untimed measurement'
ptd-server 2022-02-24 17:42:24,200 [INFO] Sending reply to client 'OK'
ptd-server 2022-02-24 17:42:24,371 [INFO] Got command from the client 'session,2022-02-24_17-18-34,done'
ptd-server 2022-02-24 17:42:24,371 [INFO] Sending to ptd: 'Stop'
ptd-server 2022-02-24 17:42:24,677 [INFO] Reply from ptd: 'Error: no measurement to stop'
ptd-server 2022-02-24 17:42:24,677 [INFO] Sending to ptd: 'SR,V,Auto'
ptd-server 2022-02-24 17:42:25,193 [INFO] Reply from ptd: 'Range V changed'
ptd-server 2022-02-24 17:42:25,193 [INFO] Sending to ptd: 'SR,A,Auto'
ptd-server 2022-02-24 17:42:25,704 [INFO] Reply from ptd: 'Range A changed'
ptd-server 2022-02-24 17:42:25,704 [INFO] Set initial values for Amps Auto and Volts Auto
ptd-server 2022-02-24 17:42:25,704 [INFO] Stopping ptd...
