ptd-server 2022-02-15 09:27:06,364 [INFO] Got command from the client 'time'
ptd-server 2022-02-15 09:27:06,364 [INFO] Sending reply to client '1644917226.3643904'
ptd-server 2022-02-15 09:27:06,367 [INFO] Got command from the client 'new,,2331fd5c-2581-4e22-8748-64bcfe6f6745'
ptd-server 2022-02-15 09:27:06,367 [INFO] Sending reply to client 'OK 2022-02-15_09-27-06,bc519453-13a9-49c9-bda0-6d97d92df762'
ptd-server 2022-02-15 09:27:06,413 [INFO] Got command from the client 'time'
ptd-server 2022-02-15 09:27:06,413 [INFO] Sending reply to client '1644917226.413435'
ptd-server 2022-02-15 09:27:06,415 [INFO] Got command from the client 'session,2022-02-15_09-27-06,start,ranging'
ptd-server 2022-02-15 09:27:06,416 [INFO] Running PTDaemon: ['/home/anton/projects/mlperf/power/inference_v1.0/ptd-linux-x86', '-l', '/tmp/tmpxvec0g6h/ptd_logfile.txt', '-p', '8888', '49', '/dev/usbtmc0']
ptd-server 2022-02-15 09:27:23,589 [INFO] Sending to ptd: 'Hello'
ptd-server 2022-02-15 09:27:23,590 [INFO] Reply from ptd: 'Hello, PTDaemon here!'
ptd-server 2022-02-15 09:27:23,590 [INFO] Sending to ptd: 'Identify'
ptd-server 2022-02-15 09:27:23,590 [INFO] Reply from ptd: 'YokogawaWT310E,1000,1,1,1,1,0,1,1,version=1.9.2-e8c7a49a-20201208,OS=Linux 5.13.0-27-generic #29~20.04.1-Ubuntu SMP Fri Jan 14 00:32:30 UTC 2022 x86_64,mode=power,1,1,1,0,0,no_cal_date,YOKOGAWA;WT310E;C3XA04010E;F1.04'
ptd-server 2022-02-15 09:27:23,591 [INFO] Connected to PTDaemon
ptd-server 2022-02-15 09:27:23,591 [INFO] Sending to ptd: 'RR'
ptd-server 2022-02-15 09:27:23,591 [INFO] Reply from ptd: 'Ranges,0,0.500000,0,300.000000'
ptd-server 2022-02-15 09:27:23,591 [INFO] Initial range for Amps is 0.500000 for Volts is 300.000000
ptd-server 2022-02-15 09:27:23,592 [INFO] Sending to ptd: 'SR,V,Auto'
ptd-server 2022-02-15 09:27:24,094 [INFO] Reply from ptd: 'Range V changed'
ptd-server 2022-02-15 09:27:24,094 [INFO] Sending to ptd: 'SR,A,Auto'
ptd-server 2022-02-15 09:27:24,597 [INFO] Reply from ptd: 'Range A changed'
ptd-server 2022-02-15 09:27:34,604 [INFO] Starting ranging mode
ptd-server 2022-02-15 09:27:34,604 [INFO] Sending to ptd: 'Go,1000,0,2022-02-15_09-27-06_ranging'
ptd-server 2022-02-15 09:27:34,604 [INFO] Reply from ptd: 'Starting untimed measurement, maximum 500000 samples at 1000ms with 0 rampup samples'
ptd-server 2022-02-15 09:27:34,605 [INFO] Sending reply to client 'OK'
ptd-server 2022-02-15 09:37:53,969 [INFO] Got command from the client 'session,2022-02-15_09-27-06,stop,ranging'
ptd-server 2022-02-15 09:38:03,980 [INFO] Sending to ptd: 'Stop'
ptd-server 2022-02-15 09:38:03,980 [INFO] Reply from ptd: 'Stopping untimed measurement'
ptd-server 2022-02-15 09:38:04,802 [INFO] Sending reply to client 'OK'
ptd-server 2022-02-15 09:38:04,866 [INFO] Got command from the client 'time'
ptd-server 2022-02-15 09:38:04,866 [INFO] Sending reply to client '1644917884.8668196'
ptd-server 2022-02-15 09:38:04,869 [INFO] Got command from the client 'session,2022-02-15_09-27-06,start,testing'
ptd-server 2022-02-15 09:38:04,869 [INFO] Sending to ptd: 'SR,V,247.750000'
ptd-server 2022-02-15 09:38:06,371 [INFO] Reply from ptd: 'Range V changed'
ptd-server 2022-02-15 09:38:06,371 [INFO] Sending to ptd: 'SR,A,0.217820'
ptd-server 2022-02-15 09:38:07,872 [INFO] Reply from ptd: 'Range A changed'
ptd-server 2022-02-15 09:38:17,882 [INFO] Starting testing mode
ptd-server 2022-02-15 09:38:17,883 [INFO] Sending to ptd: 'Go,1000,0,2022-02-15_09-27-06_testing'
ptd-server 2022-02-15 09:38:17,883 [INFO] Reply from ptd: 'Starting untimed measurement, maximum 500000 samples at 1000ms with 0 rampup samples'
ptd-server 2022-02-15 09:38:17,883 [INFO] Sending reply to client 'OK'
ptd-server 2022-02-15 09:48:37,337 [INFO] Got command from the client 'session,2022-02-15_09-27-06,stop,testing'
ptd-server 2022-02-15 09:48:47,348 [INFO] Sending to ptd: 'Stop'
ptd-server 2022-02-15 09:48:47,348 [INFO] Reply from ptd: 'Stopping untimed measurement'
ptd-server 2022-02-15 09:48:47,769 [INFO] Sending reply to client 'OK'
ptd-server 2022-02-15 09:48:47,789 [INFO] Got command from the client 'session,2022-02-15_09-27-06,done'
ptd-server 2022-02-15 09:48:47,789 [INFO] Sending to ptd: 'Stop'
ptd-server 2022-02-15 09:48:47,883 [INFO] Reply from ptd: 'Error: no measurement to stop'
ptd-server 2022-02-15 09:48:47,884 [INFO] Sending to ptd: 'SR,V,300.000000'
ptd-server 2022-02-15 09:48:49,385 [INFO] Reply from ptd: 'Range V changed'
ptd-server 2022-02-15 09:48:49,385 [INFO] Sending to ptd: 'SR,A,0.500000'
ptd-server 2022-02-15 09:48:50,886 [INFO] Reply from ptd: 'Range A changed'
ptd-server 2022-02-15 09:48:50,887 [INFO] Set initial values for Amps 0.500000 and Volts 300.000000
ptd-server 2022-02-15 09:48:50,887 [INFO] Stopping ptd...
