ptd-server 2022-02-12 05:35:55,868 [INFO] Got command from the client 'stop'
ptd-server 2022-02-12 05:35:55,868 [INFO] The server will be stopped after processing this client
ptd-server 2022-02-12 05:35:55,868 [INFO] Sending reply to client 'OK'
ptd-server 2022-02-12 05:35:56,086 [INFO] Got command from the client 'time'
ptd-server 2022-02-12 05:35:56,086 [INFO] Sending reply to client '1644672956.0868125'
ptd-server 2022-02-12 05:35:56,086 [INFO] Got command from the client 'new,,730a2563-afba-4d8f-bff5-c4540c419769'
ptd-server 2022-02-12 05:35:56,086 [INFO] Sending reply to client 'OK 2022-02-12_05-35-56,cfe5d2f0-e222-4e28-8154-f4f45bfc55e8'
ptd-server 2022-02-12 05:35:56,305 [INFO] Got command from the client 'time'
ptd-server 2022-02-12 05:35:56,305 [INFO] Sending reply to client '1644672956.3056645'
ptd-server 2022-02-12 05:35:56,305 [INFO] Got command from the client 'session,2022-02-12_05-35-56,start,ranging'
ptd-server 2022-02-12 05:35:56,415 [INFO] Running PTDaemon: ['C:\\PTD\\ptd-windows-x86.exe', '-l', 'C:\\Users\\lab\\AppData\\Local\\Temp\\tmpfc52abbc\\ptd_logfile.txt', '-p', '8888', '-c', '1,3', '-y', '77', '10.117.41.199']
ptd-server 2022-02-12 05:36:15,472 [INFO] Sending to ptd: 'Hello'
ptd-server 2022-02-12 05:36:15,472 [INFO] Reply from ptd: 'Hello, PTDaemon here!'
ptd-server 2022-02-12 05:36:15,472 [INFO] Sending to ptd: 'Identify'
ptd-server 2022-02-12 05:36:15,472 [INFO] Reply from ptd: 'YokogawaWT330_multichannel,1000,1,1,1,1,0,0,1,version=1.9.2-3976349f-20201208,OS=Windows 8 / Server 2012,mode=power,1,1,2,0,0,no_cal_date,YOKOGAWA;WT333E;C2WL21011V;F1.04'
ptd-server 2022-02-12 05:36:15,472 [INFO] Connected to PTDaemon
ptd-server 2022-02-12 05:36:15,472 [INFO] Sending to ptd: 'RR'
ptd-server 2022-02-12 05:36:15,472 [INFO] Reply from ptd: 'Ranges,0,5.000000,0,300.000000'
ptd-server 2022-02-12 05:36:15,472 [INFO] Initial range for Amps is 5.000000 for Volts is 300.000000
ptd-server 2022-02-12 05:36:15,472 [INFO] Sending to ptd: 'SR,V,Auto'
ptd-server 2022-02-12 05:36:20,539 [INFO] Reply from ptd: 'Range V changed'
ptd-server 2022-02-12 05:36:20,539 [INFO] Sending to ptd: 'SR,A,Auto'
ptd-server 2022-02-12 05:36:25,608 [INFO] Reply from ptd: 'Range A changed'
ptd-server 2022-02-12 05:36:35,622 [INFO] Starting ranging mode
ptd-server 2022-02-12 05:36:35,622 [INFO] Sending to ptd: 'Go,1000,0,2022-02-12_05-35-56_ranging'
ptd-server 2022-02-12 05:36:35,622 [INFO] Reply from ptd: 'Starting untimed measurement, maximum 500000 samples at 1000ms with 0 rampup samples'
ptd-server 2022-02-12 05:36:35,622 [INFO] Sending reply to client 'OK'
ptd-server 2022-02-12 05:48:50,576 [INFO] Got command from the client 'session,2022-02-12_05-35-56,stop,ranging'
ptd-server 2022-02-12 05:49:00,576 [INFO] Sending to ptd: 'Stop'
ptd-server 2022-02-12 05:49:00,576 [INFO] Reply from ptd: 'Stopping untimed measurement'
ptd-server 2022-02-12 05:49:00,623 [INFO] Sending reply to client 'OK'
ptd-server 2022-02-12 05:49:00,842 [INFO] Got command from the client 'time'
ptd-server 2022-02-12 05:49:00,842 [INFO] Sending reply to client '1644673740.8422017'
ptd-server 2022-02-12 05:49:00,842 [INFO] Got command from the client 'session,2022-02-12_05-35-56,start,testing'
ptd-server 2022-02-12 05:49:00,857 [INFO] Sending to ptd: 'SR,V,206.040000'
ptd-server 2022-02-12 05:49:06,939 [INFO] Reply from ptd: 'Range V changed'
ptd-server 2022-02-12 05:49:06,939 [INFO] Sending to ptd: 'SR,A,3.952700'
ptd-server 2022-02-12 05:49:12,522 [INFO] Reply from ptd: 'Range A changed'
ptd-server 2022-02-12 05:49:22,525 [INFO] Starting testing mode
ptd-server 2022-02-12 05:49:22,525 [INFO] Sending to ptd: 'Go,1000,0,2022-02-12_05-35-56_testing'
ptd-server 2022-02-12 05:49:22,525 [INFO] Reply from ptd: 'Starting untimed measurement, maximum 500000 samples at 1000ms with 0 rampup samples'
ptd-server 2022-02-12 05:49:22,525 [INFO] Sending reply to client 'OK'
ptd-server 2022-02-12 06:01:57,016 [INFO] Got command from the client 'session,2022-02-12_05-35-56,stop,testing'
ptd-server 2022-02-12 06:02:07,021 [INFO] Sending to ptd: 'Stop'
ptd-server 2022-02-12 06:02:07,021 [INFO] Reply from ptd: 'Stopping untimed measurement'
ptd-server 2022-02-12 06:02:07,037 [INFO] Sending reply to client 'OK'
ptd-server 2022-02-12 06:02:07,068 [INFO] Got command from the client 'session,2022-02-12_05-35-56,done'
ptd-server 2022-02-12 06:02:07,068 [INFO] Sending to ptd: 'Stop'
ptd-server 2022-02-12 06:02:07,528 [INFO] Reply from ptd: 'Error: no measurement to stop'
ptd-server 2022-02-12 06:02:07,528 [INFO] Sending to ptd: 'SR,V,300.000000'
ptd-server 2022-02-12 06:02:13,625 [INFO] Reply from ptd: 'Range V changed'
ptd-server 2022-02-12 06:02:13,625 [INFO] Sending to ptd: 'SR,A,5.000000'
ptd-server 2022-02-12 06:02:19,218 [INFO] Reply from ptd: 'Range A changed'
ptd-server 2022-02-12 06:02:19,218 [INFO] Set initial values for Amps 5.000000 and Volts 300.000000
ptd-server 2022-02-12 06:02:19,218 [INFO] Stopping ptd...
