ptd-server 2022-02-12 05:30:28,644 [INFO] Got command from the client 'stop'
ptd-server 2022-02-12 05:30:28,644 [INFO] The server will be stopped after processing this client
ptd-server 2022-02-12 05:30:28,644 [INFO] Sending reply to client 'OK'
ptd-server 2022-02-12 05:30:28,880 [INFO] Got command from the client 'time'
ptd-server 2022-02-12 05:30:28,880 [INFO] Sending reply to client '1644672628.880801'
ptd-server 2022-02-12 05:30:28,896 [INFO] Got command from the client 'new,,11ff1578-d17c-4422-8ec4-32c5ab6a3f05'
ptd-server 2022-02-12 05:30:28,896 [INFO] Sending reply to client 'OK 2022-02-12_05-30-28,7df0750e-66c2-412b-b5a1-14c37fe5cd75'
ptd-server 2022-02-12 05:30:29,116 [INFO] Got command from the client 'time'
ptd-server 2022-02-12 05:30:29,116 [INFO] Sending reply to client '1644672629.1166682'
ptd-server 2022-02-12 05:30:29,116 [INFO] Got command from the client 'session,2022-02-12_05-30-28,start,ranging'
ptd-server 2022-02-12 05:30:29,225 [INFO] Running PTDaemon: ['C:\\PTD\\ptd-windows-x86.exe', '-l', 'C:\\Users\\lab\\AppData\\Local\\Temp\\tmpnr79tgc8\\ptd_logfile.txt', '-p', '8888', '-c', '2', '-y', '52', '10.32.209.61']
ptd-server 2022-02-12 05:30:46,833 [INFO] Sending to ptd: 'Hello'
ptd-server 2022-02-12 05:30:46,833 [INFO] Reply from ptd: 'Hello, PTDaemon here!'
ptd-server 2022-02-12 05:30:46,833 [INFO] Sending to ptd: 'Identify'
ptd-server 2022-02-12 05:30:46,833 [INFO] Reply from ptd: 'YokogawaWT330E,1000,1,1,1,1,0,0,1,version=1.9.2-3976349f-20201208,OS=Windows 8 / Server 2012,mode=power,1,1,1,0,0,no_cal_date,YOKOGAWA;WT333E;C2VL22012V;F1.04'
ptd-server 2022-02-12 05:30:46,833 [INFO] Connected to PTDaemon
ptd-server 2022-02-12 05:30:46,833 [INFO] Sending to ptd: 'RR'
ptd-server 2022-02-12 05:30:46,833 [INFO] Reply from ptd: 'Ranges,0,1.000000,0,150.000000'
ptd-server 2022-02-12 05:30:46,833 [INFO] Initial range for Amps is 1.000000 for Volts is 150.000000
ptd-server 2022-02-12 05:30:46,833 [INFO] Sending to ptd: 'SR,V,Auto'
ptd-server 2022-02-12 05:30:47,349 [INFO] Reply from ptd: 'Range V changed'
ptd-server 2022-02-12 05:30:47,349 [INFO] Sending to ptd: 'SR,A,Auto'
ptd-server 2022-02-12 05:30:47,869 [INFO] Reply from ptd: 'Range A changed'
ptd-server 2022-02-12 05:30:57,869 [INFO] Starting ranging mode
ptd-server 2022-02-12 05:30:57,869 [INFO] Sending to ptd: 'Go,1000,0,2022-02-12_05-30-28_ranging'
ptd-server 2022-02-12 05:30:57,869 [INFO] Reply from ptd: 'Starting untimed measurement, maximum 500000 samples at 1000ms with 0 rampup samples'
ptd-server 2022-02-12 05:30:57,869 [INFO] Sending reply to client 'OK'
ptd-server 2022-02-12 05:43:14,754 [INFO] Got command from the client 'session,2022-02-12_05-30-28,stop,ranging'
ptd-server 2022-02-12 05:43:24,774 [INFO] Sending to ptd: 'Stop'
ptd-server 2022-02-12 05:43:24,774 [INFO] Reply from ptd: 'Stopping untimed measurement'
ptd-server 2022-02-12 05:43:24,789 [INFO] Sending reply to client 'OK'
ptd-server 2022-02-12 05:43:25,081 [INFO] Got command from the client 'time'
ptd-server 2022-02-12 05:43:25,081 [INFO] Sending reply to client '1644673405.0818644'
ptd-server 2022-02-12 05:43:25,081 [INFO] Got command from the client 'session,2022-02-12_05-30-28,start,testing'
ptd-server 2022-02-12 05:43:25,081 [INFO] Sending to ptd: 'SR,V,120.650000'
ptd-server 2022-02-12 05:43:26,612 [INFO] Reply from ptd: 'Range V changed'
ptd-server 2022-02-12 05:43:26,612 [INFO] Sending to ptd: 'SR,A,0.388100'
ptd-server 2022-02-12 05:43:28,144 [INFO] Reply from ptd: 'Range A changed'
ptd-server 2022-02-12 05:43:38,146 [INFO] Starting testing mode
ptd-server 2022-02-12 05:43:38,151 [INFO] Sending to ptd: 'Go,1000,0,2022-02-12_05-30-28_testing'
ptd-server 2022-02-12 05:43:38,151 [INFO] Reply from ptd: 'Starting untimed measurement, maximum 500000 samples at 1000ms with 0 rampup samples'
ptd-server 2022-02-12 05:43:38,151 [INFO] Sending reply to client 'OK'
ptd-server 2022-02-12 05:56:54,794 [INFO] Got command from the client 'session,2022-02-12_05-30-28,stop,testing'
ptd-server 2022-02-12 05:57:04,803 [INFO] Sending to ptd: 'Stop'
ptd-server 2022-02-12 05:57:04,808 [INFO] Reply from ptd: 'Stopping untimed measurement'
ptd-server 2022-02-12 05:57:04,808 [INFO] Sending reply to client 'OK'
ptd-server 2022-02-12 05:57:04,870 [INFO] Got command from the client 'session,2022-02-12_05-30-28,done'
ptd-server 2022-02-12 05:57:04,870 [INFO] Sending to ptd: 'Stop'
ptd-server 2022-02-12 05:57:05,157 [INFO] Reply from ptd: 'Error: no measurement to stop'
ptd-server 2022-02-12 05:57:05,157 [INFO] Sending to ptd: 'SR,V,150.000000'
ptd-server 2022-02-12 05:57:06,675 [INFO] Reply from ptd: 'Range V changed'
ptd-server 2022-02-12 05:57:06,675 [INFO] Sending to ptd: 'SR,A,1.000000'
ptd-server 2022-02-12 05:57:08,205 [INFO] Reply from ptd: 'Range A changed'
ptd-server 2022-02-12 05:57:08,205 [INFO] Set initial values for Amps 1.000000 and Volts 150.000000
ptd-server 2022-02-12 05:57:08,205 [INFO] Stopping ptd...
