ptd-server 2022-02-18 10:22:38,848 [INFO] Got command from the client 'time'
ptd-server 2022-02-18 10:22:38,848 [INFO] Sending reply to client '1645201358.8483932'
ptd-server 2022-02-18 10:22:38,849 [INFO] Got command from the client 'new,,2177e993-29de-4130-ba25-9b6e7453b7ab'
ptd-server 2022-02-18 10:22:38,849 [INFO] Sending reply to client 'OK 2022-02-18_10-22-38,a76b3327-9e70-475d-92f7-248028119289'
ptd-server 2022-02-18 10:22:38,960 [INFO] Got command from the client 'time'
ptd-server 2022-02-18 10:22:38,961 [INFO] Sending reply to client '1645201358.9609654'
ptd-server 2022-02-18 10:22:38,961 [INFO] Got command from the client 'session,2022-02-18_10-22-38,start,ranging'
ptd-server 2022-02-18 10:22:38,962 [INFO] Running PTDaemon: ['/local/mnt/workspace/mlcommons/power-main/inference_v1.0/ptd-linux-x86', '-l', '/tmp/tmpbzz3s1yx/ptd_logfile.txt', '-p', '8886', '49', '/dev/usbtmc1']
ptd-server 2022-02-18 10:22:56,076 [INFO] Sending to ptd: 'Hello'
ptd-server 2022-02-18 10:22:56,077 [INFO] Reply from ptd: 'Hello, PTDaemon here!'
ptd-server 2022-02-18 10:22:56,077 [INFO] Sending to ptd: 'Identify'
ptd-server 2022-02-18 10:22:56,077 [INFO] Reply from ptd: 'YokogawaWT310E,1000,1,1,1,1,0,1,1,version=1.9.2-e8c7a49a-20201208,OS=Linux 4.15.0-162-generic #170-Ubuntu SMP Mon Oct 18 11:38:05 UTC 2021 x86_64,mode=power,1,1,1,0,0,no_cal_date,YOKOGAWA;WT310E;C2XF16030V;F1.04'
ptd-server 2022-02-18 10:22:56,078 [INFO] Connected to PTDaemon
ptd-server 2022-02-18 10:22:56,078 [INFO] Sending to ptd: 'RR'
ptd-server 2022-02-18 10:22:56,078 [INFO] Reply from ptd: 'Ranges,1,2.000000,1,150.000000'
ptd-server 2022-02-18 10:22:56,079 [INFO] Initial range for Amps is Auto for Volts is Auto
ptd-server 2022-02-18 10:22:56,079 [INFO] Sending to ptd: 'SR,V,Auto'
ptd-server 2022-02-18 10:22:56,582 [INFO] Reply from ptd: 'Range V changed'
ptd-server 2022-02-18 10:22:56,582 [INFO] Sending to ptd: 'SR,A,Auto'
ptd-server 2022-02-18 10:22:57,085 [INFO] Reply from ptd: 'Range A changed'
ptd-server 2022-02-18 10:23:07,096 [INFO] Starting ranging mode
ptd-server 2022-02-18 10:23:07,096 [INFO] Sending to ptd: 'Go,1000,0,2022-02-18_10-22-38_ranging'
ptd-server 2022-02-18 10:23:07,096 [INFO] Reply from ptd: 'Starting untimed measurement, maximum 500000 samples at 1000ms with 0 rampup samples'
ptd-server 2022-02-18 10:23:07,097 [INFO] Sending reply to client 'OK'
ptd-server 2022-02-18 10:36:17,970 [INFO] Got command from the client 'session,2022-02-18_10-22-38,stop,ranging'
ptd-server 2022-02-18 10:36:27,980 [INFO] Sending to ptd: 'Stop'
ptd-server 2022-02-18 10:36:27,981 [INFO] Reply from ptd: 'Stopping untimed measurement'
ptd-server 2022-02-18 10:36:28,130 [INFO] Sending reply to client 'OK'
ptd-server 2022-02-18 10:36:28,248 [INFO] Got command from the client 'time'
ptd-server 2022-02-18 10:36:28,249 [INFO] Sending reply to client '1645202188.249209'
ptd-server 2022-02-18 10:36:28,250 [INFO] Got command from the client 'session,2022-02-18_10-22-38,start,testing'
ptd-server 2022-02-18 10:36:28,250 [INFO] Sending to ptd: 'SR,V,120.180000'
ptd-server 2022-02-18 10:36:29,752 [INFO] Reply from ptd: 'Range V changed'
ptd-server 2022-02-18 10:36:29,752 [INFO] Sending to ptd: 'SR,A,3.794800'
ptd-server 2022-02-18 10:36:31,254 [INFO] Reply from ptd: 'Range A changed'
ptd-server 2022-02-18 10:36:41,264 [INFO] Starting testing mode
ptd-server 2022-02-18 10:36:41,265 [INFO] Sending to ptd: 'Go,1000,0,2022-02-18_10-22-38_testing'
ptd-server 2022-02-18 10:36:41,265 [INFO] Reply from ptd: 'Starting untimed measurement, maximum 500000 samples at 1000ms with 0 rampup samples'
ptd-server 2022-02-18 10:36:41,265 [INFO] Sending reply to client 'OK'
ptd-server 2022-02-18 10:49:52,513 [INFO] Got command from the client 'session,2022-02-18_10-22-38,stop,testing'
ptd-server 2022-02-18 10:50:02,523 [INFO] Sending to ptd: 'Stop'
ptd-server 2022-02-18 10:50:02,524 [INFO] Reply from ptd: 'Stopping untimed measurement'
ptd-server 2022-02-18 10:50:02,609 [INFO] Sending reply to client 'OK'
ptd-server 2022-02-18 10:50:02,615 [INFO] Got command from the client 'session,2022-02-18_10-22-38,done'
ptd-server 2022-02-18 10:50:02,615 [INFO] Sending to ptd: 'Stop'
ptd-server 2022-02-18 10:50:03,266 [INFO] Reply from ptd: 'Error: no measurement to stop'
ptd-server 2022-02-18 10:50:03,266 [INFO] Sending to ptd: 'SR,V,Auto'
ptd-server 2022-02-18 10:50:03,769 [INFO] Reply from ptd: 'Range V changed'
ptd-server 2022-02-18 10:50:03,770 [INFO] Sending to ptd: 'SR,A,Auto'
ptd-server 2022-02-18 10:50:04,273 [INFO] Reply from ptd: 'Range A changed'
ptd-server 2022-02-18 10:50:04,273 [INFO] Set initial values for Amps Auto and Volts Auto
ptd-server 2022-02-18 10:50:04,273 [INFO] Stopping ptd...
