ptd-server 2022-02-21 22:15:13,382 [INFO] Got command from the client 'time'
ptd-server 2022-02-21 22:15:13,382 [INFO] Sending reply to client '1645481713.3825753'
ptd-server 2022-02-21 22:15:13,384 [INFO] Got command from the client 'new,,7a4652e2-ed54-4d28-83fe-e9a7f4ba6915'
ptd-server 2022-02-21 22:15:13,384 [INFO] Sending reply to client 'OK 2022-02-21_22-15-13,57bdaa6d-b313-4d15-bd48-267dc21921d7'
ptd-server 2022-02-21 22:15:13,422 [INFO] Got command from the client 'time'
ptd-server 2022-02-21 22:15:13,423 [INFO] Sending reply to client '1645481713.4231217'
ptd-server 2022-02-21 22:15:13,424 [INFO] Got command from the client 'session,2022-02-21_22-15-13,start,ranging'
ptd-server 2022-02-21 22:15:13,425 [INFO] Running PTDaemon: ['/home/anton/projects/mlperf/power/inference_v1.0/ptd-linux-x86', '-l', '/tmp/tmpgldyt7rr/ptd_logfile.txt', '-p', '8888', '49', '/dev/usbtmc0']
ptd-server 2022-02-21 22:15:30,598 [INFO] Sending to ptd: 'Hello'
ptd-server 2022-02-21 22:15:30,599 [INFO] Reply from ptd: 'Hello, PTDaemon here!'
ptd-server 2022-02-21 22:15:30,599 [INFO] Sending to ptd: 'Identify'
ptd-server 2022-02-21 22:15:30,599 [INFO] Reply from ptd: 'YokogawaWT310E,1000,1,1,1,1,0,1,1,version=1.9.2-e8c7a49a-20201208,OS=Linux 5.13.0-28-generic #31~20.04.1-Ubuntu SMP Wed Jan 19 14:08:10 UTC 2022 x86_64,mode=power,1,1,1,0,0,no_cal_date,YOKOGAWA;WT310E;C3XA04010E;F1.04'
ptd-server 2022-02-21 22:15:30,599 [INFO] Connected to PTDaemon
ptd-server 2022-02-21 22:15:30,599 [INFO] Sending to ptd: 'RR'
ptd-server 2022-02-21 22:15:30,600 [INFO] Reply from ptd: 'Ranges,0,0.500000,0,300.000000'
ptd-server 2022-02-21 22:15:30,600 [INFO] Initial range for Amps is 0.500000 for Volts is 300.000000
ptd-server 2022-02-21 22:15:30,600 [INFO] Sending to ptd: 'SR,V,Auto'
ptd-server 2022-02-21 22:15:31,103 [INFO] Reply from ptd: 'Range V changed'
ptd-server 2022-02-21 22:15:31,103 [INFO] Sending to ptd: 'SR,A,Auto'
ptd-server 2022-02-21 22:15:31,605 [INFO] Reply from ptd: 'Range A changed'
ptd-server 2022-02-21 22:15:41,615 [INFO] Starting ranging mode
ptd-server 2022-02-21 22:15:41,616 [INFO] Sending to ptd: 'Go,1000,0,2022-02-21_22-15-13_ranging'
ptd-server 2022-02-21 22:15:41,616 [INFO] Reply from ptd: 'Starting untimed measurement, maximum 500000 samples at 1000ms with 0 rampup samples'
ptd-server 2022-02-21 22:15:41,616 [INFO] Sending reply to client 'OK'
ptd-server 2022-02-21 22:26:05,097 [INFO] Got command from the client 'session,2022-02-21_22-15-13,stop,ranging'
ptd-server 2022-02-21 22:26:15,108 [INFO] Sending to ptd: 'Stop'
ptd-server 2022-02-21 22:26:15,108 [INFO] Reply from ptd: 'Stopping untimed measurement'
ptd-server 2022-02-21 22:26:15,766 [INFO] Sending reply to client 'OK'
ptd-server 2022-02-21 22:26:15,849 [INFO] Got command from the client 'time'
ptd-server 2022-02-21 22:26:15,849 [INFO] Sending reply to client '1645482375.8491554'
ptd-server 2022-02-21 22:26:15,853 [INFO] Got command from the client 'session,2022-02-21_22-15-13,start,testing'
ptd-server 2022-02-21 22:26:15,853 [INFO] Sending to ptd: 'SR,V,248.580000'
ptd-server 2022-02-21 22:26:17,354 [INFO] Reply from ptd: 'Range V changed'
ptd-server 2022-02-21 22:26:17,354 [INFO] Sending to ptd: 'SR,A,0.067010'
ptd-server 2022-02-21 22:26:18,856 [INFO] Reply from ptd: 'Range A changed'
ptd-server 2022-02-21 22:26:28,866 [INFO] Starting testing mode
ptd-server 2022-02-21 22:26:28,866 [INFO] Sending to ptd: 'Go,1000,0,2022-02-21_22-15-13_testing'
ptd-server 2022-02-21 22:26:28,867 [INFO] Reply from ptd: 'Starting untimed measurement, maximum 500000 samples at 1000ms with 0 rampup samples'
ptd-server 2022-02-21 22:26:28,867 [INFO] Sending reply to client 'OK'
ptd-server 2022-02-21 22:36:53,294 [INFO] Got command from the client 'session,2022-02-21_22-15-13,stop,testing'
ptd-server 2022-02-21 22:37:03,304 [INFO] Sending to ptd: 'Stop'
ptd-server 2022-02-21 22:37:03,305 [INFO] Reply from ptd: 'Stopping untimed measurement'
ptd-server 2022-02-21 22:37:03,645 [INFO] Sending reply to client 'OK'
ptd-server 2022-02-21 22:37:03,668 [INFO] Got command from the client 'session,2022-02-21_22-15-13,done'
ptd-server 2022-02-21 22:37:03,668 [INFO] Sending to ptd: 'Stop'
ptd-server 2022-02-21 22:37:03,868 [INFO] Reply from ptd: 'Error: no measurement to stop'
ptd-server 2022-02-21 22:37:03,868 [INFO] Sending to ptd: 'SR,V,300.000000'
ptd-server 2022-02-21 22:37:05,369 [INFO] Reply from ptd: 'Range V changed'
ptd-server 2022-02-21 22:37:05,370 [INFO] Sending to ptd: 'SR,A,0.500000'
ptd-server 2022-02-21 22:37:06,871 [INFO] Reply from ptd: 'Range A changed'
ptd-server 2022-02-21 22:37:06,871 [INFO] Set initial values for Amps 0.500000 and Volts 300.000000
ptd-server 2022-02-21 22:37:06,871 [INFO] Stopping ptd...
