ptd-server 2022-02-21 18:57:14,184 [INFO] Got command from the client 'time'
ptd-server 2022-02-21 18:57:14,184 [INFO] Sending reply to client '1645469834.1847548'
ptd-server 2022-02-21 18:57:14,186 [INFO] Got command from the client 'new,,31f299d2-642d-402d-b030-3c1d780737d7'
ptd-server 2022-02-21 18:57:14,186 [INFO] Sending reply to client 'OK 2022-02-21_18-57-14,c9cf5e33-299b-418a-8ca9-8bf711e7df41'
ptd-server 2022-02-21 18:57:14,214 [INFO] Got command from the client 'time'
ptd-server 2022-02-21 18:57:14,214 [INFO] Sending reply to client '1645469834.2149398'
ptd-server 2022-02-21 18:57:14,216 [INFO] Got command from the client 'session,2022-02-21_18-57-14,start,ranging'
ptd-server 2022-02-21 18:57:14,216 [INFO] Running PTDaemon: ['/home/anton/projects/mlperf/power/inference_v1.0/ptd-linux-x86', '-l', '/tmp/tmpgldyt7rr/ptd_logfile.txt', '-p', '8888', '49', '/dev/usbtmc0']
ptd-server 2022-02-21 18:57:31,389 [INFO] Sending to ptd: 'Hello'
ptd-server 2022-02-21 18:57:31,390 [INFO] Reply from ptd: 'Hello, PTDaemon here!'
ptd-server 2022-02-21 18:57:31,390 [INFO] Sending to ptd: 'Identify'
ptd-server 2022-02-21 18:57:31,391 [INFO] Reply from ptd: 'YokogawaWT310E,1000,1,1,1,1,0,1,1,version=1.9.2-e8c7a49a-20201208,OS=Linux 5.13.0-28-generic #31~20.04.1-Ubuntu SMP Wed Jan 19 14:08:10 UTC 2022 x86_64,mode=power,1,1,1,0,0,no_cal_date,YOKOGAWA;WT310E;C3XA04010E;F1.04'
ptd-server 2022-02-21 18:57:31,391 [INFO] Connected to PTDaemon
ptd-server 2022-02-21 18:57:31,391 [INFO] Sending to ptd: 'RR'
ptd-server 2022-02-21 18:57:31,391 [INFO] Reply from ptd: 'Ranges,0,0.500000,0,300.000000'
ptd-server 2022-02-21 18:57:31,391 [INFO] Initial range for Amps is 0.500000 for Volts is 300.000000
ptd-server 2022-02-21 18:57:31,391 [INFO] Sending to ptd: 'SR,V,Auto'
ptd-server 2022-02-21 18:57:31,894 [INFO] Reply from ptd: 'Range V changed'
ptd-server 2022-02-21 18:57:31,894 [INFO] Sending to ptd: 'SR,A,Auto'
ptd-server 2022-02-21 18:57:32,397 [INFO] Reply from ptd: 'Range A changed'
ptd-server 2022-02-21 18:57:42,407 [INFO] Starting ranging mode
ptd-server 2022-02-21 18:57:42,407 [INFO] Sending to ptd: 'Go,1000,0,2022-02-21_18-57-14_ranging'
ptd-server 2022-02-21 18:57:42,407 [INFO] Reply from ptd: 'Starting untimed measurement, maximum 500000 samples at 1000ms with 0 rampup samples'
ptd-server 2022-02-21 18:57:42,408 [INFO] Sending reply to client 'OK'
ptd-server 2022-02-21 19:08:04,025 [INFO] Got command from the client 'session,2022-02-21_18-57-14,stop,ranging'
ptd-server 2022-02-21 19:08:14,036 [INFO] Sending to ptd: 'Stop'
ptd-server 2022-02-21 19:08:14,036 [INFO] Reply from ptd: 'Stopping untimed measurement'
ptd-server 2022-02-21 19:08:14,686 [INFO] Sending reply to client 'OK'
ptd-server 2022-02-21 19:08:14,749 [INFO] Got command from the client 'time'
ptd-server 2022-02-21 19:08:14,749 [INFO] Sending reply to client '1645470494.7495074'
ptd-server 2022-02-21 19:08:14,750 [INFO] Got command from the client 'session,2022-02-21_18-57-14,start,testing'
ptd-server 2022-02-21 19:08:14,750 [INFO] Sending to ptd: 'SR,V,250.600000'
ptd-server 2022-02-21 19:08:16,252 [INFO] Reply from ptd: 'Range V changed'
ptd-server 2022-02-21 19:08:16,252 [INFO] Sending to ptd: 'SR,A,0.070250'
ptd-server 2022-02-21 19:08:17,753 [INFO] Reply from ptd: 'Range A changed'
ptd-server 2022-02-21 19:08:27,763 [INFO] Starting testing mode
ptd-server 2022-02-21 19:08:27,764 [INFO] Sending to ptd: 'Go,1000,0,2022-02-21_18-57-14_testing'
ptd-server 2022-02-21 19:08:27,764 [INFO] Reply from ptd: 'Starting untimed measurement, maximum 500000 samples at 1000ms with 0 rampup samples'
ptd-server 2022-02-21 19:08:27,764 [INFO] Sending reply to client 'OK'
ptd-server 2022-02-21 19:18:50,236 [INFO] Got command from the client 'session,2022-02-21_18-57-14,stop,testing'
ptd-server 2022-02-21 19:19:00,246 [INFO] Sending to ptd: 'Stop'
ptd-server 2022-02-21 19:19:00,246 [INFO] Reply from ptd: 'Stopping untimed measurement'
ptd-server 2022-02-21 19:19:00,579 [INFO] Sending reply to client 'OK'
ptd-server 2022-02-21 19:19:00,597 [INFO] Got command from the client 'session,2022-02-21_18-57-14,done'
ptd-server 2022-02-21 19:19:00,597 [INFO] Sending to ptd: 'Stop'
ptd-server 2022-02-21 19:19:00,764 [INFO] Reply from ptd: 'Error: no measurement to stop'
ptd-server 2022-02-21 19:19:00,765 [INFO] Sending to ptd: 'SR,V,300.000000'
ptd-server 2022-02-21 19:19:02,266 [INFO] Reply from ptd: 'Range V changed'
ptd-server 2022-02-21 19:19:02,266 [INFO] Sending to ptd: 'SR,A,0.500000'
ptd-server 2022-02-21 19:19:03,768 [INFO] Reply from ptd: 'Range A changed'
ptd-server 2022-02-21 19:19:03,768 [INFO] Set initial values for Amps 0.500000 and Volts 300.000000
ptd-server 2022-02-21 19:19:03,768 [INFO] Stopping ptd...
