ptd-server 2022-02-20 13:45:37,816 [INFO] Got command from the client 'time'
ptd-server 2022-02-20 13:45:37,816 [INFO] Sending reply to client '1645364737.8165371'
ptd-server 2022-02-20 13:45:37,818 [INFO] Got command from the client 'new,,a88bcc5e-ba0b-48b9-9e77-4c4feb99c514'
ptd-server 2022-02-20 13:45:37,818 [INFO] Sending reply to client 'OK 2022-02-20_13-45-37,5da916b8-577d-484f-9477-2082cda3997a'
ptd-server 2022-02-20 13:45:37,856 [INFO] Got command from the client 'time'
ptd-server 2022-02-20 13:45:37,856 [INFO] Sending reply to client '1645364737.8562987'
ptd-server 2022-02-20 13:45:37,858 [INFO] Got command from the client 'session,2022-02-20_13-45-37,start,ranging'
ptd-server 2022-02-20 13:45:37,859 [INFO] Running PTDaemon: ['/home/anton/projects/mlperf/power/inference_v1.0/ptd-linux-x86', '-l', '/tmp/tmpgldyt7rr/ptd_logfile.txt', '-p', '8888', '49', '/dev/usbtmc0']
ptd-server 2022-02-20 13:45:55,032 [INFO] Sending to ptd: 'Hello'
ptd-server 2022-02-20 13:45:55,033 [INFO] Reply from ptd: 'Hello, PTDaemon here!'
ptd-server 2022-02-20 13:45:55,033 [INFO] Sending to ptd: 'Identify'
ptd-server 2022-02-20 13:45:55,033 [INFO] Reply from ptd: 'YokogawaWT310E,1000,1,1,1,1,0,1,1,version=1.9.2-e8c7a49a-20201208,OS=Linux 5.13.0-28-generic #31~20.04.1-Ubuntu SMP Wed Jan 19 14:08:10 UTC 2022 x86_64,mode=power,1,1,1,0,0,no_cal_date,YOKOGAWA;WT310E;C3XA04010E;F1.04'
ptd-server 2022-02-20 13:45:55,033 [INFO] Connected to PTDaemon
ptd-server 2022-02-20 13:45:55,033 [INFO] Sending to ptd: 'RR'
ptd-server 2022-02-20 13:45:55,034 [INFO] Reply from ptd: 'Ranges,0,0.500000,0,300.000000'
ptd-server 2022-02-20 13:45:55,034 [INFO] Initial range for Amps is 0.500000 for Volts is 300.000000
ptd-server 2022-02-20 13:45:55,034 [INFO] Sending to ptd: 'SR,V,Auto'
ptd-server 2022-02-20 13:45:55,536 [INFO] Reply from ptd: 'Range V changed'
ptd-server 2022-02-20 13:45:55,536 [INFO] Sending to ptd: 'SR,A,Auto'
ptd-server 2022-02-20 13:45:56,039 [INFO] Reply from ptd: 'Range A changed'
ptd-server 2022-02-20 13:46:06,040 [INFO] Starting ranging mode
ptd-server 2022-02-20 13:46:06,040 [INFO] Sending to ptd: 'Go,1000,0,2022-02-20_13-45-37_ranging'
ptd-server 2022-02-20 13:46:06,041 [INFO] Reply from ptd: 'Starting untimed measurement, maximum 500000 samples at 1000ms with 0 rampup samples'
ptd-server 2022-02-20 13:46:06,041 [INFO] Sending reply to client 'OK'
ptd-server 2022-02-20 13:56:22,977 [INFO] Got command from the client 'session,2022-02-20_13-45-37,stop,ranging'
ptd-server 2022-02-20 13:56:32,987 [INFO] Sending to ptd: 'Stop'
ptd-server 2022-02-20 13:56:32,988 [INFO] Reply from ptd: 'Stopping untimed measurement'
ptd-server 2022-02-20 13:56:33,464 [INFO] Sending reply to client 'OK'
ptd-server 2022-02-20 13:56:33,584 [INFO] Got command from the client 'time'
ptd-server 2022-02-20 13:56:33,584 [INFO] Sending reply to client '1645365393.5841398'
ptd-server 2022-02-20 13:56:33,587 [INFO] Got command from the client 'session,2022-02-20_13-45-37,start,testing'
ptd-server 2022-02-20 13:56:33,587 [INFO] Sending to ptd: 'SR,V,249.110000'
ptd-server 2022-02-20 13:56:35,088 [INFO] Reply from ptd: 'Range V changed'
ptd-server 2022-02-20 13:56:35,089 [INFO] Sending to ptd: 'SR,A,0.046110'
ptd-server 2022-02-20 13:56:36,590 [INFO] Reply from ptd: 'Range A changed'
ptd-server 2022-02-20 13:56:46,600 [INFO] Starting testing mode
ptd-server 2022-02-20 13:56:46,600 [INFO] Sending to ptd: 'Go,1000,0,2022-02-20_13-45-37_testing'
ptd-server 2022-02-20 13:56:46,601 [INFO] Reply from ptd: 'Starting untimed measurement, maximum 500000 samples at 1000ms with 0 rampup samples'
ptd-server 2022-02-20 13:56:46,601 [INFO] Sending reply to client 'OK'
ptd-server 2022-02-20 14:07:04,316 [INFO] Got command from the client 'session,2022-02-20_13-45-37,stop,testing'
ptd-server 2022-02-20 14:07:14,326 [INFO] Sending to ptd: 'Stop'
ptd-server 2022-02-20 14:07:14,327 [INFO] Reply from ptd: 'Stopping untimed measurement'
ptd-server 2022-02-20 14:07:14,576 [INFO] Sending reply to client 'OK'
ptd-server 2022-02-20 14:07:14,609 [INFO] Got command from the client 'session,2022-02-20_13-45-37,done'
ptd-server 2022-02-20 14:07:14,609 [INFO] Sending to ptd: 'Stop'
ptd-server 2022-02-20 14:07:14,609 [INFO] Reply from ptd: 'Error: no measurement to stop'
ptd-server 2022-02-20 14:07:14,609 [INFO] Sending to ptd: 'SR,V,300.000000'
ptd-server 2022-02-20 14:07:16,111 [INFO] Reply from ptd: 'Range V changed'
ptd-server 2022-02-20 14:07:16,111 [INFO] Sending to ptd: 'SR,A,0.500000'
ptd-server 2022-02-20 14:07:17,612 [INFO] Reply from ptd: 'Range A changed'
ptd-server 2022-02-20 14:07:17,612 [INFO] Set initial values for Amps 0.500000 and Volts 300.000000
ptd-server 2022-02-20 14:07:17,613 [INFO] Stopping ptd...
