ptd-server 2022-02-18 21:02:27,906 [INFO] Got command from the client 'time'
ptd-server 2022-02-18 21:02:27,906 [INFO] Sending reply to client '1645218147.906567'
ptd-server 2022-02-18 21:02:27,907 [INFO] Got command from the client 'new,,c00a5b75-ff0b-4a33-801c-82530ee28ea1'
ptd-server 2022-02-18 21:02:27,908 [INFO] Sending reply to client 'OK 2022-02-18_21-02-27,ce55e3e0-d943-4a15-a00e-3cfaf2dfa5ce'
ptd-server 2022-02-18 21:02:27,945 [INFO] Got command from the client 'time'
ptd-server 2022-02-18 21:02:27,945 [INFO] Sending reply to client '1645218147.945705'
ptd-server 2022-02-18 21:02:27,946 [INFO] Got command from the client 'session,2022-02-18_21-02-27,start,ranging'
ptd-server 2022-02-18 21:02:27,947 [INFO] Running PTDaemon: ['/home/anton/projects/mlperf/power/inference_v1.0/ptd-linux-x86', '-l', '/tmp/tmpgldyt7rr/ptd_logfile.txt', '-p', '8888', '49', '/dev/usbtmc0']
ptd-server 2022-02-18 21:02:45,120 [INFO] Sending to ptd: 'Hello'
ptd-server 2022-02-18 21:02:45,121 [INFO] Reply from ptd: 'Hello, PTDaemon here!'
ptd-server 2022-02-18 21:02:45,121 [INFO] Sending to ptd: 'Identify'
ptd-server 2022-02-18 21:02:45,122 [INFO] Reply from ptd: 'YokogawaWT310E,1000,1,1,1,1,0,1,1,version=1.9.2-e8c7a49a-20201208,OS=Linux 5.13.0-28-generic #31~20.04.1-Ubuntu SMP Wed Jan 19 14:08:10 UTC 2022 x86_64,mode=power,1,1,1,0,0,no_cal_date,YOKOGAWA;WT310E;C3XA04010E;F1.04'
ptd-server 2022-02-18 21:02:45,122 [INFO] Connected to PTDaemon
ptd-server 2022-02-18 21:02:45,122 [INFO] Sending to ptd: 'RR'
ptd-server 2022-02-18 21:02:45,122 [INFO] Reply from ptd: 'Ranges,0,0.500000,0,300.000000'
ptd-server 2022-02-18 21:02:45,122 [INFO] Initial range for Amps is 0.500000 for Volts is 300.000000
ptd-server 2022-02-18 21:02:45,122 [INFO] Sending to ptd: 'SR,V,Auto'
ptd-server 2022-02-18 21:02:45,625 [INFO] Reply from ptd: 'Range V changed'
ptd-server 2022-02-18 21:02:45,625 [INFO] Sending to ptd: 'SR,A,Auto'
ptd-server 2022-02-18 21:02:46,128 [INFO] Reply from ptd: 'Range A changed'
ptd-server 2022-02-18 21:02:56,138 [INFO] Starting ranging mode
ptd-server 2022-02-18 21:02:56,138 [INFO] Sending to ptd: 'Go,1000,0,2022-02-18_21-02-27_ranging'
ptd-server 2022-02-18 21:02:56,139 [INFO] Reply from ptd: 'Starting untimed measurement, maximum 500000 samples at 1000ms with 0 rampup samples'
ptd-server 2022-02-18 21:02:56,139 [INFO] Sending reply to client 'OK'
ptd-server 2022-02-18 21:13:22,216 [INFO] Got command from the client 'session,2022-02-18_21-02-27,stop,ranging'
ptd-server 2022-02-18 21:13:32,226 [INFO] Sending to ptd: 'Stop'
ptd-server 2022-02-18 21:13:32,227 [INFO] Reply from ptd: 'Stopping untimed measurement'
ptd-server 2022-02-18 21:13:32,492 [INFO] Sending reply to client 'OK'
ptd-server 2022-02-18 21:13:32,559 [INFO] Got command from the client 'time'
ptd-server 2022-02-18 21:13:32,560 [INFO] Sending reply to client '1645218812.560035'
ptd-server 2022-02-18 21:13:32,561 [INFO] Got command from the client 'session,2022-02-18_21-02-27,start,testing'
ptd-server 2022-02-18 21:13:32,561 [INFO] Sending to ptd: 'SR,V,250.810000'
ptd-server 2022-02-18 21:13:34,640 [INFO] Reply from ptd: 'Range V changed'
ptd-server 2022-02-18 21:13:34,640 [INFO] Sending to ptd: 'SR,A,0.043250'
ptd-server 2022-02-18 21:13:36,142 [INFO] Reply from ptd: 'Range A changed'
ptd-server 2022-02-18 21:13:46,152 [INFO] Starting testing mode
ptd-server 2022-02-18 21:13:46,152 [INFO] Sending to ptd: 'Go,1000,0,2022-02-18_21-02-27_testing'
ptd-server 2022-02-18 21:13:46,153 [INFO] Reply from ptd: 'Starting untimed measurement, maximum 500000 samples at 1000ms with 0 rampup samples'
ptd-server 2022-02-18 21:13:46,153 [INFO] Sending reply to client 'OK'
ptd-server 2022-02-18 21:24:11,326 [INFO] Got command from the client 'session,2022-02-18_21-02-27,stop,testing'
ptd-server 2022-02-18 21:24:21,336 [INFO] Sending to ptd: 'Stop'
ptd-server 2022-02-18 21:24:21,337 [INFO] Reply from ptd: 'Stopping untimed measurement'
ptd-server 2022-02-18 21:24:21,485 [INFO] Sending reply to client 'OK'
ptd-server 2022-02-18 21:24:21,508 [INFO] Got command from the client 'session,2022-02-18_21-02-27,done'
ptd-server 2022-02-18 21:24:21,508 [INFO] Sending to ptd: 'Stop'
ptd-server 2022-02-18 21:24:22,154 [INFO] Reply from ptd: 'Error: no measurement to stop'
ptd-server 2022-02-18 21:24:22,154 [INFO] Sending to ptd: 'SR,V,300.000000'
ptd-server 2022-02-18 21:24:23,655 [INFO] Reply from ptd: 'Range V changed'
ptd-server 2022-02-18 21:24:23,655 [INFO] Sending to ptd: 'SR,A,0.500000'
ptd-server 2022-02-18 21:24:25,157 [INFO] Reply from ptd: 'Range A changed'
ptd-server 2022-02-18 21:24:25,157 [INFO] Set initial values for Amps 0.500000 and Volts 300.000000
ptd-server 2022-02-18 21:24:25,157 [INFO] Stopping ptd...
