client 2022-02-23 11:06:26,763 [INFO] Sending command to the server: 'mlcommons/power client v3'
client 2022-02-23 11:06:26,765 [INFO] Got response: 'mlcommons/power server v3'
client 2022-02-23 11:06:26,765 [INFO] Sending command to the server: 'stop'
client 2022-02-23 11:06:26,768 [INFO] Got response: 'OK'
client 2022-02-23 11:06:26,768 [INFO] Synchronizing with the server and with ib-01.dc4-in.nvidia.com...
client 2022-02-23 11:06:26,994 [INFO] NTP:offset = 0.001 s, delay = 0.203 s 
client 2022-02-23 11:06:26,994 [INFO] Sending command to the server: 'time'
client 2022-02-23 11:06:26,996 [INFO] Got response: '1645643186.9886255'
client 2022-02-23 11:06:26,996 [INFO] The time difference between the client and the server is within range 5.893 ms..8.236 ms
client 2022-02-23 11:06:26,997 [INFO] Sending command to the server: 'new,,9323dde3-9326-4f3c-9c1d-4d69eb402a21'
client 2022-02-23 11:06:26,999 [INFO] Got response: 'OK 2022-02-23_11-06-26,9af84115-4ee0-4363-a3d1-27ae839b07ed'
client 2022-02-23 11:06:26,999 [INFO] Session id is '2022-02-23_11-06-26'
client 2022-02-23 11:06:26,999 [INFO] Sources: {"sources": {"__init__.py": "da39a3ee5e6b4b0d3255bfef95601890afd80709", "client.py": "33ca4f26368777ac06e01f9567b714a4b8063886", "lib/__init__.py": "da39a3ee5e6b4b0d3255bfef95601890afd80709", "lib/client.py": "4c2b78fb4849a7e5b584ef792d82aaed20b17f57", "lib/common.py": "624d0c0acc7c39aaff3674f0b99d6a09da53d1dc", "lib/external/__init__.py": "da39a3ee5e6b4b0d3255bfef95601890afd80709", "lib/external/ntplib.py": "4da8f970656505a40483206ef2b5d3dd5e81711d", "lib/server.py": "59c9fb92908260d3e9f81a895c7aa009742275e4", "lib/source_hashes.py": "60a2e02193209e8d392803326208d5466342da18", "lib/summary.py": "aa92f0a3f975eecd44d3c0cd0236342ccc9f941d", "lib/time_sync.py": "3210db56eb0ff0df57bf4293dc4d4b03fffd46f1", "server.py": "c3f90f2f7eeb4db30727556d0c815ebc89b3d28b", "tests/unit/__init__.py": "da39a3ee5e6b4b0d3255bfef95601890afd80709", "tests/unit/test_server.py": "99ae15aef722f2000ee6ed1ae1523637bf1ae42b", "tests/unit/test_source_hashes.py": "00468a2907583c593e6574a1f6b404e4651c221a"}, "modules": {"ptd_client_server.lib.client": "lib/client.py", "ptd_client_server.lib.common": "lib/common.py", "ptd_client_server.lib.external.ntplib": "lib/external/ntplib.py", "ptd_client_server.lib.source_hashes": "lib/source_hashes.py", "ptd_client_server.lib.summary": "lib/summary.py", "ptd_client_server.lib.time_sync": "lib/time_sync.py"}}
client 2022-02-23 11:06:27,007 [INFO] Running workload in ranging mode
client 2022-02-23 11:06:27,007 [INFO] Synchronizing with the server and with ib-01.dc4-in.nvidia.com...
client 2022-02-23 11:06:27,211 [INFO] NTP:offset = 0.000 s, delay = 0.202 s 
client 2022-02-23 11:06:27,211 [INFO] Sending command to the server: 'time'
client 2022-02-23 11:06:27,217 [INFO] Got response: '1645643187.2073226'
client 2022-02-23 11:06:27,217 [INFO] The time difference between the client and the server is within range 4.284 ms..10.538 ms
client 2022-02-23 11:06:27,217 [INFO] Sending command to the server: 'session,2022-02-23_11-06-26,start,ranging'
client 2022-02-23 11:07:05,919 [INFO] Got response: 'OK'
client 2022-02-23 11:07:05,919 [INFO] Running the workload 'LOG_DIR=/work/build/power_logs_temp python3 code/main.py --benchmarks=bert --scenarios=Offline --test_mode=PerformanceOnly --config_ver=maxq_high_accuracy --action="run_harness" \\\n\t\t2>&1 | tee -a /work/build/power_logs/2022.02.23-11.05.45/stdout.txt \\\n\t\t&& if [ ! -d /work/build/power_logs/2022.02.23-11.05.45/ranging_tmp ]; \\\n\t\t\tthen mkdir /work/build/power_logs/2022.02.23-11.05.45/ranging_tmp \\\n\t\t\t\t&& mv /work/build/power_logs_temp/* /work/build/power_logs/2022.02.23-11.05.45/ranging_tmp/ \\\n\t\t\t\t&& cp -v /work/build/power_logs/2022.02.23-11.05.45/ranging_tmp/*/*/*/mlperf_log_detail.txt /work/build/power_logs_temp/ \\\n\t\t\t\t&& cp -v /work/build/power_logs/2022.02.23-11.05.45/ranging_tmp/*/*/*/mlperf_log_summary.txt /work/build/power_logs_temp/; \\\n\t\t\telse mkdir /work/build/power_logs/2022.02.23-11.05.45/testing_tmp \\\n\t\t\t\t&& mv /work/build/power_logs_temp/* /work/build/power_logs/2022.02.23-11.05.45/testing_tmp/ \\\n\t\t\t\t&& cp -v /work/build/power_logs/2022.02.23-11.05.45/testing_tmp/*/*/*/mlperf_log_detail.txt /work/build/power_logs_temp/ \\\n\t\t\t\t&& cp -v /work/build/power_logs/2022.02.23-11.05.45/testing_tmp/*/*/*/mlperf_log_summary.txt /work/build/power_logs_temp/; fi'
client 2022-02-23 11:20:56,904 [INFO] Sending command to the server: 'session,2022-02-23_11-06-26,stop,ranging'
client 2022-02-23 11:21:06,961 [INFO] Got response: 'OK'
client 2022-02-23 11:21:06,986 [INFO] Copying loadgen logs from '/work/build/power_logs_temp' to '/work/build/power_logs/2022.02.23-11.05.45/2022-02-23_11-06-26/ranging'
client 2022-02-23 11:21:07,009 [INFO] Running workload in testing mode
client 2022-02-23 11:21:07,009 [INFO] Synchronizing with the server and with ib-01.dc4-in.nvidia.com...
client 2022-02-23 11:21:07,215 [INFO] NTP:offset = -0.001 s, delay = 0.204 s 
client 2022-02-23 11:21:07,215 [INFO] Sending command to the server: 'time'
client 2022-02-23 11:21:07,218 [INFO] Got response: '1645644067.1975303'
client 2022-02-23 11:21:07,218 [INFO] The time difference between the client and the server is within range 18.255 ms..20.688 ms
client 2022-02-23 11:21:07,218 [INFO] Sending command to the server: 'session,2022-02-23_11-06-26,start,testing'
client 2022-02-23 11:21:28,912 [INFO] Got response: 'OK'
client 2022-02-23 11:21:28,912 [INFO] Running the workload 'LOG_DIR=/work/build/power_logs_temp python3 code/main.py --benchmarks=bert --scenarios=Offline --test_mode=PerformanceOnly --config_ver=maxq_high_accuracy --action="run_harness" \\\n\t\t2>&1 | tee -a /work/build/power_logs/2022.02.23-11.05.45/stdout.txt \\\n\t\t&& if [ ! -d /work/build/power_logs/2022.02.23-11.05.45/ranging_tmp ]; \\\n\t\t\tthen mkdir /work/build/power_logs/2022.02.23-11.05.45/ranging_tmp \\\n\t\t\t\t&& mv /work/build/power_logs_temp/* /work/build/power_logs/2022.02.23-11.05.45/ranging_tmp/ \\\n\t\t\t\t&& cp -v /work/build/power_logs/2022.02.23-11.05.45/ranging_tmp/*/*/*/mlperf_log_detail.txt /work/build/power_logs_temp/ \\\n\t\t\t\t&& cp -v /work/build/power_logs/2022.02.23-11.05.45/ranging_tmp/*/*/*/mlperf_log_summary.txt /work/build/power_logs_temp/; \\\n\t\t\telse mkdir /work/build/power_logs/2022.02.23-11.05.45/testing_tmp \\\n\t\t\t\t&& mv /work/build/power_logs_temp/* /work/build/power_logs/2022.02.23-11.05.45/testing_tmp/ \\\n\t\t\t\t&& cp -v /work/build/power_logs/2022.02.23-11.05.45/testing_tmp/*/*/*/mlperf_log_detail.txt /work/build/power_logs_temp/ \\\n\t\t\t\t&& cp -v /work/build/power_logs/2022.02.23-11.05.45/testing_tmp/*/*/*/mlperf_log_summary.txt /work/build/power_logs_temp/; fi'
client 2022-02-23 11:35:26,553 [INFO] Sending command to the server: 'session,2022-02-23_11-06-26,stop,testing'
client 2022-02-23 11:35:36,603 [INFO] Got response: 'OK'
client 2022-02-23 11:35:36,616 [INFO] Copying loadgen logs from '/work/build/power_logs_temp' to '/work/build/power_logs/2022.02.23-11.05.45/2022-02-23_11-06-26/run_1'
client 2022-02-23 11:35:36,639 [INFO] Done runs
