ptd-server 2022-02-23 11:06:26,754 [INFO] Got command from the client 'stop'
ptd-server 2022-02-23 11:06:26,754 [INFO] The server will be stopped after processing this client
ptd-server 2022-02-23 11:06:26,754 [INFO] Sending reply to client 'OK'
ptd-server 2022-02-23 11:06:26,988 [INFO] Got command from the client 'time'
ptd-server 2022-02-23 11:06:26,988 [INFO] Sending reply to client '1645643186.9886255'
ptd-server 2022-02-23 11:06:26,988 [INFO] Got command from the client 'new,,9323dde3-9326-4f3c-9c1d-4d69eb402a21'
ptd-server 2022-02-23 11:06:26,988 [INFO] Sending reply to client 'OK 2022-02-23_11-06-26,9af84115-4ee0-4363-a3d1-27ae839b07ed'
ptd-server 2022-02-23 11:06:27,207 [INFO] Got command from the client 'time'
ptd-server 2022-02-23 11:06:27,207 [INFO] Sending reply to client '1645643187.2073226'
ptd-server 2022-02-23 11:06:27,207 [INFO] Got command from the client 'session,2022-02-23_11-06-26,start,ranging'
ptd-server 2022-02-23 11:06:27,316 [INFO] Running PTDaemon: ['C:\\PTD\\ptd-windows-x86.exe', '-l', 'C:\\Users\\lab\\AppData\\Local\\Temp\\tmpd63gb_96\\ptd_logfile.txt', '-p', '8888', '-c', '1,2', '-y', '77', '10.34.224.245']
ptd-server 2022-02-23 11:06:45,734 [INFO] Sending to ptd: 'Hello'
ptd-server 2022-02-23 11:06:45,734 [INFO] Reply from ptd: 'Hello, PTDaemon here!'
ptd-server 2022-02-23 11:06:45,734 [INFO] Sending to ptd: 'Identify'
ptd-server 2022-02-23 11:06:45,734 [INFO] Reply from ptd: 'YokogawaWT330_multichannel,1000,1,1,1,1,0,0,1,version=1.9.2-3976349f-20201208,OS=Windows 8 / Server 2012,mode=power,1,1,2,0,0,no_cal_date,YOKOGAWA;WT333E;C2XL24038V;F1.04'
ptd-server 2022-02-23 11:06:45,734 [INFO] Connected to PTDaemon
ptd-server 2022-02-23 11:06:45,734 [INFO] Sending to ptd: 'RR'
ptd-server 2022-02-23 11:06:45,734 [INFO] Reply from ptd: 'Ranges,-1,-1.000000,-1,-1.000000'
ptd-server 2022-02-23 11:06:45,734 [INFO] Initial range for Amps is Auto for Volts is Auto
ptd-server 2022-02-23 11:06:45,734 [INFO] Sending to ptd: 'SR,V,Auto'
ptd-server 2022-02-23 11:06:50,810 [INFO] Reply from ptd: 'Range V changed'
ptd-server 2022-02-23 11:06:50,810 [INFO] Sending to ptd: 'SR,A,Auto'
ptd-server 2022-02-23 11:06:55,887 [INFO] Reply from ptd: 'Range A changed'
ptd-server 2022-02-23 11:07:05,901 [INFO] Starting ranging mode
ptd-server 2022-02-23 11:07:05,901 [INFO] Sending to ptd: 'Go,1000,0,2022-02-23_11-06-26_ranging'
ptd-server 2022-02-23 11:07:05,901 [INFO] Reply from ptd: 'Starting untimed measurement, maximum 500000 samples at 1000ms with 0 rampup samples'
ptd-server 2022-02-23 11:07:05,916 [INFO] Sending reply to client 'OK'
ptd-server 2022-02-23 11:20:56,887 [INFO] Got command from the client 'session,2022-02-23_11-06-26,stop,ranging'
ptd-server 2022-02-23 11:21:06,900 [INFO] Sending to ptd: 'Stop'
ptd-server 2022-02-23 11:21:06,900 [INFO] Reply from ptd: 'Stopping untimed measurement'
ptd-server 2022-02-23 11:21:06,931 [INFO] Sending reply to client 'OK'
ptd-server 2022-02-23 11:21:07,197 [INFO] Got command from the client 'time'
ptd-server 2022-02-23 11:21:07,197 [INFO] Sending reply to client '1645644067.1975303'
ptd-server 2022-02-23 11:21:07,197 [INFO] Got command from the client 'session,2022-02-23_11-06-26,start,testing'
ptd-server 2022-02-23 11:21:07,197 [INFO] Sending to ptd: 'SR,V,208.420000'
ptd-server 2022-02-23 11:21:13,289 [INFO] Reply from ptd: 'Range V changed'
ptd-server 2022-02-23 11:21:13,289 [INFO] Sending to ptd: 'SR,A,6.995000'
ptd-server 2022-02-23 11:21:18,882 [INFO] Reply from ptd: 'Range A changed'
ptd-server 2022-02-23 11:21:28,895 [INFO] Starting testing mode
ptd-server 2022-02-23 11:21:28,895 [INFO] Sending to ptd: 'Go,1000,0,2022-02-23_11-06-26_testing'
ptd-server 2022-02-23 11:21:28,895 [INFO] Reply from ptd: 'Starting untimed measurement, maximum 500000 samples at 1000ms with 0 rampup samples'
ptd-server 2022-02-23 11:21:28,895 [INFO] Sending reply to client 'OK'
ptd-server 2022-02-23 11:35:26,520 [INFO] Got command from the client 'session,2022-02-23_11-06-26,stop,testing'
ptd-server 2022-02-23 11:35:36,549 [INFO] Sending to ptd: 'Stop'
ptd-server 2022-02-23 11:35:36,549 [INFO] Reply from ptd: 'Stopping untimed measurement'
ptd-server 2022-02-23 11:35:36,565 [INFO] Sending reply to client 'OK'
ptd-server 2022-02-23 11:35:36,643 [INFO] Got command from the client 'session,2022-02-23_11-06-26,done'
ptd-server 2022-02-23 11:35:36,643 [INFO] Sending to ptd: 'Stop'
ptd-server 2022-02-23 11:35:36,908 [INFO] Reply from ptd: 'Error: no measurement to stop'
ptd-server 2022-02-23 11:35:36,908 [INFO] Sending to ptd: 'SR,V,Auto'
ptd-server 2022-02-23 11:35:41,985 [INFO] Reply from ptd: 'Range V changed'
ptd-server 2022-02-23 11:35:41,985 [INFO] Sending to ptd: 'SR,A,Auto'
ptd-server 2022-02-23 11:35:47,062 [INFO] Reply from ptd: 'Range A changed'
ptd-server 2022-02-23 11:35:47,062 [INFO] Set initial values for Amps Auto and Volts Auto
ptd-server 2022-02-23 11:35:47,062 [INFO] Stopping ptd...
