ptd-server 2022-02-13 21:37:31,428 [INFO] Got command from the client 'stop'
ptd-server 2022-02-13 21:37:31,428 [INFO] The server will be stopped after processing this client
ptd-server 2022-02-13 21:37:31,428 [INFO] Sending reply to client 'OK'
ptd-server 2022-02-13 21:37:31,645 [INFO] Got command from the client 'time'
ptd-server 2022-02-13 21:37:31,645 [INFO] Sending reply to client '1644817051.6459289'
ptd-server 2022-02-13 21:37:31,647 [INFO] Got command from the client 'new,,8cc4ac3d-7b6a-4018-911c-8d3faa9deb1f'
ptd-server 2022-02-13 21:37:31,647 [INFO] Sending reply to client 'OK 2022-02-13_21-37-31,30e7fbe3-dc7d-41ff-aedd-977dc2b2e789'
ptd-server 2022-02-13 21:37:31,860 [INFO] Got command from the client 'time'
ptd-server 2022-02-13 21:37:31,860 [INFO] Sending reply to client '1644817051.860291'
ptd-server 2022-02-13 21:37:31,860 [INFO] Got command from the client 'session,2022-02-13_21-37-31,start,ranging'
ptd-server 2022-02-13 21:37:31,965 [INFO] Running PTDaemon: ['C:\\PTD\\ptd-windows-x86.exe', '-l', 'C:\\Users\\lab\\AppData\\Local\\Temp\\tmp3wf42u3j\\ptd_logfile.txt', '-p', '8888', '-c', '1,2', '-y', '77', '10.117.40.72']
ptd-server 2022-02-13 21:37:49,980 [INFO] Sending to ptd: 'Hello'
ptd-server 2022-02-13 21:37:49,980 [INFO] Reply from ptd: 'Hello, PTDaemon here!'
ptd-server 2022-02-13 21:37:49,980 [INFO] Sending to ptd: 'Identify'
ptd-server 2022-02-13 21:37:49,980 [INFO] Reply from ptd: 'YokogawaWT330_multichannel,1000,1,1,1,1,0,0,1,version=1.9.2-3976349f-20201208,OS=Windows 8 / Server 2012,mode=power,1,1,2,0,0,no_cal_date,YOKOGAWA;WT333E;C2WC23035V;F1.04'
ptd-server 2022-02-13 21:37:49,980 [INFO] Connected to PTDaemon
ptd-server 2022-02-13 21:37:49,980 [INFO] Sending to ptd: 'RR'
ptd-server 2022-02-13 21:37:49,980 [INFO] Reply from ptd: 'Ranges,-1,-1.000000,-1,-1.000000'
ptd-server 2022-02-13 21:37:49,980 [INFO] Initial range for Amps is Auto for Volts is Auto
ptd-server 2022-02-13 21:37:49,980 [INFO] Sending to ptd: 'SR,V,Auto'
ptd-server 2022-02-13 21:37:55,047 [INFO] Reply from ptd: 'Range V changed'
ptd-server 2022-02-13 21:37:55,047 [INFO] Sending to ptd: 'SR,A,Auto'
ptd-server 2022-02-13 21:38:00,125 [INFO] Reply from ptd: 'Range A changed'
ptd-server 2022-02-13 21:38:10,127 [INFO] Starting ranging mode
ptd-server 2022-02-13 21:38:10,127 [INFO] Sending to ptd: 'Go,1000,0,2022-02-13_21-37-31_ranging'
ptd-server 2022-02-13 21:38:10,127 [INFO] Reply from ptd: 'Starting untimed measurement, maximum 500000 samples at 1000ms with 0 rampup samples'
ptd-server 2022-02-13 21:38:10,127 [INFO] Sending reply to client 'OK'
ptd-server 2022-02-13 21:49:48,099 [INFO] Got command from the client 'session,2022-02-13_21-37-31,stop,ranging'
ptd-server 2022-02-13 21:49:58,107 [INFO] Sending to ptd: 'Stop'
ptd-server 2022-02-13 21:49:58,113 [INFO] Reply from ptd: 'Stopping untimed measurement'
ptd-server 2022-02-13 21:49:58,144 [INFO] Sending reply to client 'OK'
ptd-server 2022-02-13 21:49:58,404 [INFO] Got command from the client 'time'
ptd-server 2022-02-13 21:49:58,404 [INFO] Sending reply to client '1644817798.4048414'
ptd-server 2022-02-13 21:49:58,404 [INFO] Got command from the client 'session,2022-02-13_21-37-31,start,testing'
ptd-server 2022-02-13 21:49:58,404 [INFO] Sending to ptd: 'SR,V,206.070000'
ptd-server 2022-02-13 21:50:04,498 [INFO] Reply from ptd: 'Range V changed'
ptd-server 2022-02-13 21:50:04,498 [INFO] Sending to ptd: 'SR,A,3.360000'
ptd-server 2022-02-13 21:50:10,100 [INFO] Reply from ptd: 'Range A changed'
ptd-server 2022-02-13 21:50:20,100 [INFO] Starting testing mode
ptd-server 2022-02-13 21:50:20,100 [INFO] Sending to ptd: 'Go,1000,0,2022-02-13_21-37-31_testing'
ptd-server 2022-02-13 21:50:20,100 [INFO] Reply from ptd: 'Starting untimed measurement, maximum 500000 samples at 1000ms with 0 rampup samples'
ptd-server 2022-02-13 21:50:20,100 [INFO] Sending reply to client 'OK'
ptd-server 2022-02-13 22:01:59,080 [INFO] Got command from the client 'session,2022-02-13_21-37-31,stop,testing'
ptd-server 2022-02-13 22:02:09,088 [INFO] Sending to ptd: 'Stop'
ptd-server 2022-02-13 22:02:09,088 [INFO] Reply from ptd: 'Stopping untimed measurement'
ptd-server 2022-02-13 22:02:09,103 [INFO] Sending reply to client 'OK'
ptd-server 2022-02-13 22:02:09,135 [INFO] Got command from the client 'session,2022-02-13_21-37-31,done'
ptd-server 2022-02-13 22:02:09,135 [INFO] Sending to ptd: 'Stop'
ptd-server 2022-02-13 22:02:09,135 [INFO] Reply from ptd: 'Error: no measurement to stop'
ptd-server 2022-02-13 22:02:09,135 [INFO] Sending to ptd: 'SR,V,Auto'
ptd-server 2022-02-13 22:02:14,205 [INFO] Reply from ptd: 'Range V changed'
ptd-server 2022-02-13 22:02:14,205 [INFO] Sending to ptd: 'SR,A,Auto'
ptd-server 2022-02-13 22:02:19,288 [INFO] Reply from ptd: 'Range A changed'
ptd-server 2022-02-13 22:02:19,288 [INFO] Set initial values for Amps Auto and Volts Auto
ptd-server 2022-02-13 22:02:19,288 [INFO] Stopping ptd...
