ptd-server 2022-02-19 00:29:27,642 [INFO] Got command from the client 'time'
ptd-server 2022-02-19 00:29:27,642 [INFO] Sending reply to client '1645252167.6423633'
ptd-server 2022-02-19 00:29:27,642 [INFO] Got command from the client 'new,,93dd1928-82f0-49a1-8144-3a836b06f2bc'
ptd-server 2022-02-19 00:29:27,642 [INFO] Sending reply to client 'OK 2022-02-19_00-29-27,04a5fb2d-273e-4eef-815f-82134a375db8'
ptd-server 2022-02-19 00:29:27,751 [INFO] Got command from the client 'time'
ptd-server 2022-02-19 00:29:27,751 [INFO] Sending reply to client '1645252167.751119'
ptd-server 2022-02-19 00:29:27,751 [INFO] Got command from the client 'session,2022-02-19_00-29-27,start,ranging'
ptd-server 2022-02-19 00:29:27,751 [INFO] Running PTDaemon: ['/local/mnt/workspace/mlcommons/power-main/inference_v1.0/ptd-linux-x86', '-l', '/tmp/tmp4zullp9k/ptd_logfile.txt', '-p', '8889', '49', '/dev/usbtmc0']
ptd-server 2022-02-19 00:29:44,785 [INFO] Sending to ptd: 'Hello'
ptd-server 2022-02-19 00:29:44,786 [INFO] Reply from ptd: 'Hello, PTDaemon here!'
ptd-server 2022-02-19 00:29:44,786 [INFO] Sending to ptd: 'Identify'
ptd-server 2022-02-19 00:29:44,786 [INFO] Reply from ptd: 'YokogawaWT310E,1000,1,1,1,1,0,1,1,version=1.9.2-e8c7a49a-20201208,OS=Linux 4.15.0-162-generic #170-Ubuntu SMP Mon Oct 18 11:38:05 UTC 2021 x86_64,mode=power,1,1,1,0,0,no_cal_date,YOKOGAWA;WT310E;C2XF16028V;F1.04'
ptd-server 2022-02-19 00:29:44,786 [INFO] Connected to PTDaemon
ptd-server 2022-02-19 00:29:44,786 [INFO] Sending to ptd: 'RR'
ptd-server 2022-02-19 00:29:44,786 [INFO] Reply from ptd: 'Ranges,1,5.000000,1,150.000000'
ptd-server 2022-02-19 00:29:44,786 [INFO] Initial range for Amps is Auto for Volts is Auto
ptd-server 2022-02-19 00:29:44,786 [INFO] Sending to ptd: 'SR,V,Auto'
ptd-server 2022-02-19 00:29:45,288 [INFO] Reply from ptd: 'Range V changed'
ptd-server 2022-02-19 00:29:45,288 [INFO] Sending to ptd: 'SR,A,Auto'
ptd-server 2022-02-19 00:29:45,790 [INFO] Reply from ptd: 'Range A changed'
ptd-server 2022-02-19 00:29:55,800 [INFO] Starting ranging mode
ptd-server 2022-02-19 00:29:55,801 [INFO] Sending to ptd: 'Go,1000,0,2022-02-19_00-29-27_ranging'
ptd-server 2022-02-19 00:29:55,801 [INFO] Reply from ptd: 'Starting untimed measurement, maximum 500000 samples at 1000ms with 0 rampup samples'
ptd-server 2022-02-19 00:29:55,801 [INFO] Sending reply to client 'OK'
ptd-server 2022-02-19 00:43:38,352 [INFO] Got command from the client 'session,2022-02-19_00-29-27,stop,ranging'
ptd-server 2022-02-19 00:43:48,362 [INFO] Sending to ptd: 'Stop'
ptd-server 2022-02-19 00:43:48,363 [INFO] Reply from ptd: 'Stopping untimed measurement'
ptd-server 2022-02-19 00:43:48,524 [INFO] Sending reply to client 'OK'
ptd-server 2022-02-19 00:43:48,625 [INFO] Got command from the client 'time'
ptd-server 2022-02-19 00:43:48,625 [INFO] Sending reply to client '1645253028.6252778'
ptd-server 2022-02-19 00:43:48,625 [INFO] Got command from the client 'session,2022-02-19_00-29-27,start,testing'
ptd-server 2022-02-19 00:43:48,625 [INFO] Sending to ptd: 'SR,V,122.980000'
ptd-server 2022-02-19 00:43:50,302 [INFO] Reply from ptd: 'Range V changed'
ptd-server 2022-02-19 00:43:50,302 [INFO] Sending to ptd: 'SR,A,5.604400'
ptd-server 2022-02-19 00:43:51,803 [INFO] Reply from ptd: 'Range A changed'
ptd-server 2022-02-19 00:44:01,813 [INFO] Starting testing mode
ptd-server 2022-02-19 00:44:01,813 [INFO] Sending to ptd: 'Go,1000,0,2022-02-19_00-29-27_testing'
ptd-server 2022-02-19 00:44:01,814 [INFO] Reply from ptd: 'Starting untimed measurement, maximum 500000 samples at 1000ms with 0 rampup samples'
ptd-server 2022-02-19 00:44:01,814 [INFO] Sending reply to client 'OK'
ptd-server 2022-02-19 00:57:43,894 [INFO] Got command from the client 'session,2022-02-19_00-29-27,stop,testing'
ptd-server 2022-02-19 00:57:53,904 [INFO] Sending to ptd: 'Stop'
ptd-server 2022-02-19 00:57:53,905 [INFO] Reply from ptd: 'Stopping untimed measurement'
ptd-server 2022-02-19 00:57:53,982 [INFO] Sending reply to client 'OK'
ptd-server 2022-02-19 00:57:53,988 [INFO] Got command from the client 'session,2022-02-19_00-29-27,done'
ptd-server 2022-02-19 00:57:53,988 [INFO] Sending to ptd: 'Stop'
ptd-server 2022-02-19 00:57:54,814 [INFO] Reply from ptd: 'Error: no measurement to stop'
ptd-server 2022-02-19 00:57:54,814 [INFO] Sending to ptd: 'SR,V,Auto'
ptd-server 2022-02-19 00:57:55,317 [INFO] Reply from ptd: 'Range V changed'
ptd-server 2022-02-19 00:57:55,317 [INFO] Sending to ptd: 'SR,A,Auto'
ptd-server 2022-02-19 00:57:55,819 [INFO] Reply from ptd: 'Range A changed'
ptd-server 2022-02-19 00:57:55,819 [INFO] Set initial values for Amps Auto and Volts Auto
ptd-server 2022-02-19 00:57:55,819 [INFO] Stopping ptd...
