ptd-server 2022-02-19 21:28:58,953 [INFO] Got command from the client 'time'
ptd-server 2022-02-19 21:28:58,953 [INFO] Sending reply to client '1645306138.9531748'
ptd-server 2022-02-19 21:28:58,954 [INFO] Got command from the client 'new,,f235d839-c9c4-4212-95dd-b5db731ba45c'
ptd-server 2022-02-19 21:28:58,955 [INFO] Sending reply to client 'OK 2022-02-19_21-28-58,45211614-3b5c-46f5-b956-49f3ee015570'
ptd-server 2022-02-19 21:28:58,992 [INFO] Got command from the client 'time'
ptd-server 2022-02-19 21:28:58,992 [INFO] Sending reply to client '1645306138.9923666'
ptd-server 2022-02-19 21:28:58,993 [INFO] Got command from the client 'session,2022-02-19_21-28-58,start,ranging'
ptd-server 2022-02-19 21:28:58,993 [INFO] Running PTDaemon: ['/home/anton/projects/mlperf/power/inference_v1.0/ptd-linux-x86', '-l', '/tmp/tmpgldyt7rr/ptd_logfile.txt', '-p', '8888', '49', '/dev/usbtmc0']
ptd-server 2022-02-19 21:29:16,167 [INFO] Sending to ptd: 'Hello'
ptd-server 2022-02-19 21:29:16,168 [INFO] Reply from ptd: 'Hello, PTDaemon here!'
ptd-server 2022-02-19 21:29:16,168 [INFO] Sending to ptd: 'Identify'
ptd-server 2022-02-19 21:29:16,168 [INFO] Reply from ptd: 'YokogawaWT310E,1000,1,1,1,1,0,1,1,version=1.9.2-e8c7a49a-20201208,OS=Linux 5.13.0-28-generic #31~20.04.1-Ubuntu SMP Wed Jan 19 14:08:10 UTC 2022 x86_64,mode=power,1,1,1,0,0,no_cal_date,YOKOGAWA;WT310E;C3XA04010E;F1.04'
ptd-server 2022-02-19 21:29:16,168 [INFO] Connected to PTDaemon
ptd-server 2022-02-19 21:29:16,169 [INFO] Sending to ptd: 'RR'
ptd-server 2022-02-19 21:29:16,169 [INFO] Reply from ptd: 'Ranges,0,0.500000,0,300.000000'
ptd-server 2022-02-19 21:29:16,169 [INFO] Initial range for Amps is 0.500000 for Volts is 300.000000
ptd-server 2022-02-19 21:29:16,169 [INFO] Sending to ptd: 'SR,V,Auto'
ptd-server 2022-02-19 21:29:16,672 [INFO] Reply from ptd: 'Range V changed'
ptd-server 2022-02-19 21:29:16,672 [INFO] Sending to ptd: 'SR,A,Auto'
ptd-server 2022-02-19 21:29:17,174 [INFO] Reply from ptd: 'Range A changed'
ptd-server 2022-02-19 21:29:27,185 [INFO] Starting ranging mode
ptd-server 2022-02-19 21:29:27,185 [INFO] Sending to ptd: 'Go,1000,0,2022-02-19_21-28-58_ranging'
ptd-server 2022-02-19 21:29:27,185 [INFO] Reply from ptd: 'Starting untimed measurement, maximum 500000 samples at 1000ms with 0 rampup samples'
ptd-server 2022-02-19 21:29:27,186 [INFO] Sending reply to client 'OK'
ptd-server 2022-02-19 21:39:48,610 [INFO] Got command from the client 'session,2022-02-19_21-28-58,stop,ranging'
ptd-server 2022-02-19 21:39:58,620 [INFO] Sending to ptd: 'Stop'
ptd-server 2022-02-19 21:39:58,621 [INFO] Reply from ptd: 'Stopping untimed measurement'
ptd-server 2022-02-19 21:39:59,022 [INFO] Sending reply to client 'OK'
ptd-server 2022-02-19 21:39:59,096 [INFO] Got command from the client 'time'
ptd-server 2022-02-19 21:39:59,096 [INFO] Sending reply to client '1645306799.0963142'
ptd-server 2022-02-19 21:39:59,097 [INFO] Got command from the client 'session,2022-02-19_21-28-58,start,testing'
ptd-server 2022-02-19 21:39:59,097 [INFO] Sending to ptd: 'SR,V,250.480000'
ptd-server 2022-02-19 21:40:00,687 [INFO] Reply from ptd: 'Range V changed'
ptd-server 2022-02-19 21:40:00,687 [INFO] Sending to ptd: 'SR,A,0.066470'
ptd-server 2022-02-19 21:40:02,188 [INFO] Reply from ptd: 'Range A changed'
ptd-server 2022-02-19 21:40:12,198 [INFO] Starting testing mode
ptd-server 2022-02-19 21:40:12,199 [INFO] Sending to ptd: 'Go,1000,0,2022-02-19_21-28-58_testing'
ptd-server 2022-02-19 21:40:12,199 [INFO] Reply from ptd: 'Starting untimed measurement, maximum 500000 samples at 1000ms with 0 rampup samples'
ptd-server 2022-02-19 21:40:12,199 [INFO] Sending reply to client 'OK'
ptd-server 2022-02-19 21:50:34,638 [INFO] Got command from the client 'session,2022-02-19_21-28-58,stop,testing'
ptd-server 2022-02-19 21:50:44,649 [INFO] Sending to ptd: 'Stop'
ptd-server 2022-02-19 21:50:44,649 [INFO] Reply from ptd: 'Stopping untimed measurement'
ptd-server 2022-02-19 21:50:44,880 [INFO] Sending reply to client 'OK'
ptd-server 2022-02-19 21:50:44,899 [INFO] Got command from the client 'session,2022-02-19_21-28-58,done'
ptd-server 2022-02-19 21:50:44,899 [INFO] Sending to ptd: 'Stop'
ptd-server 2022-02-19 21:50:45,200 [INFO] Reply from ptd: 'Error: no measurement to stop'
ptd-server 2022-02-19 21:50:45,200 [INFO] Sending to ptd: 'SR,V,300.000000'
ptd-server 2022-02-19 21:50:46,702 [INFO] Reply from ptd: 'Range V changed'
ptd-server 2022-02-19 21:50:46,702 [INFO] Sending to ptd: 'SR,A,0.500000'
ptd-server 2022-02-19 21:50:48,203 [INFO] Reply from ptd: 'Range A changed'
ptd-server 2022-02-19 21:50:48,203 [INFO] Set initial values for Amps 0.500000 and Volts 300.000000
ptd-server 2022-02-19 21:50:48,203 [INFO] Stopping ptd...
