ptd-server 2022-02-14 06:49:54,464 [INFO] Got command from the client 'time'
ptd-server 2022-02-14 06:49:54,464 [INFO] Sending reply to client '1644821394.464618'
ptd-server 2022-02-14 06:49:54,466 [INFO] Got command from the client 'new,,5244acc2-5d3f-4c13-9c86-fa33dfab1d1f'
ptd-server 2022-02-14 06:49:54,467 [INFO] Sending reply to client 'OK 2022-02-14_06-49-54,b41092f3-28a6-4ea0-bf9e-f8a41f22b90c'
ptd-server 2022-02-14 06:49:54,513 [INFO] Got command from the client 'time'
ptd-server 2022-02-14 06:49:54,513 [INFO] Sending reply to client '1644821394.51389'
ptd-server 2022-02-14 06:49:54,516 [INFO] Got command from the client 'session,2022-02-14_06-49-54,start,ranging'
ptd-server 2022-02-14 06:49:54,516 [INFO] Running PTDaemon: ['/home/anton/projects/mlperf/power/inference_v1.0/ptd-linux-x86', '-l', '/tmp/tmpxvec0g6h/ptd_logfile.txt', '-p', '8888', '49', '/dev/usbtmc0']
ptd-server 2022-02-14 06:50:11,689 [INFO] Sending to ptd: 'Hello'
ptd-server 2022-02-14 06:50:11,690 [INFO] Reply from ptd: 'Hello, PTDaemon here!'
ptd-server 2022-02-14 06:50:11,690 [INFO] Sending to ptd: 'Identify'
ptd-server 2022-02-14 06:50:11,690 [INFO] Reply from ptd: 'YokogawaWT310E,1000,1,1,1,1,0,1,1,version=1.9.2-e8c7a49a-20201208,OS=Linux 5.13.0-27-generic #29~20.04.1-Ubuntu SMP Fri Jan 14 00:32:30 UTC 2022 x86_64,mode=power,1,1,1,0,0,no_cal_date,YOKOGAWA;WT310E;C3XA04010E;F1.04'
ptd-server 2022-02-14 06:50:11,690 [INFO] Connected to PTDaemon
ptd-server 2022-02-14 06:50:11,691 [INFO] Sending to ptd: 'RR'
ptd-server 2022-02-14 06:50:11,691 [INFO] Reply from ptd: 'Ranges,0,0.500000,0,300.000000'
ptd-server 2022-02-14 06:50:11,691 [INFO] Initial range for Amps is 0.500000 for Volts is 300.000000
ptd-server 2022-02-14 06:50:11,691 [INFO] Sending to ptd: 'SR,V,Auto'
ptd-server 2022-02-14 06:50:12,194 [INFO] Reply from ptd: 'Range V changed'
ptd-server 2022-02-14 06:50:12,194 [INFO] Sending to ptd: 'SR,A,Auto'
ptd-server 2022-02-14 06:50:12,696 [INFO] Reply from ptd: 'Range A changed'
ptd-server 2022-02-14 06:50:22,705 [INFO] Starting ranging mode
ptd-server 2022-02-14 06:50:22,705 [INFO] Sending to ptd: 'Go,1000,0,2022-02-14_06-49-54_ranging'
ptd-server 2022-02-14 06:50:22,706 [INFO] Reply from ptd: 'Starting untimed measurement, maximum 500000 samples at 1000ms with 0 rampup samples'
ptd-server 2022-02-14 06:50:22,706 [INFO] Sending reply to client 'OK'
ptd-server 2022-02-14 07:00:38,543 [INFO] Got command from the client 'session,2022-02-14_06-49-54,stop,ranging'
ptd-server 2022-02-14 07:00:48,553 [INFO] Sending to ptd: 'Stop'
ptd-server 2022-02-14 07:00:48,554 [INFO] Reply from ptd: 'Stopping untimed measurement'
ptd-server 2022-02-14 07:00:49,257 [INFO] Sending reply to client 'OK'
ptd-server 2022-02-14 07:00:49,321 [INFO] Got command from the client 'time'
ptd-server 2022-02-14 07:00:49,321 [INFO] Sending reply to client '1644822049.3219426'
ptd-server 2022-02-14 07:00:49,324 [INFO] Got command from the client 'session,2022-02-14_06-49-54,start,testing'
ptd-server 2022-02-14 07:00:49,324 [INFO] Sending to ptd: 'SR,V,249.440000'
ptd-server 2022-02-14 07:00:50,825 [INFO] Reply from ptd: 'Range V changed'
ptd-server 2022-02-14 07:00:50,825 [INFO] Sending to ptd: 'SR,A,0.141230'
ptd-server 2022-02-14 07:00:52,327 [INFO] Reply from ptd: 'Range A changed'
ptd-server 2022-02-14 07:01:02,337 [INFO] Starting testing mode
ptd-server 2022-02-14 07:01:02,337 [INFO] Sending to ptd: 'Go,1000,0,2022-02-14_06-49-54_testing'
ptd-server 2022-02-14 07:01:02,338 [INFO] Reply from ptd: 'Starting untimed measurement, maximum 500000 samples at 1000ms with 0 rampup samples'
ptd-server 2022-02-14 07:01:02,338 [INFO] Sending reply to client 'OK'
ptd-server 2022-02-14 07:11:18,107 [INFO] Got command from the client 'session,2022-02-14_06-49-54,stop,testing'
ptd-server 2022-02-14 07:11:28,118 [INFO] Sending to ptd: 'Stop'
ptd-server 2022-02-14 07:11:28,118 [INFO] Reply from ptd: 'Stopping untimed measurement'
ptd-server 2022-02-14 07:11:28,483 [INFO] Sending reply to client 'OK'
ptd-server 2022-02-14 07:11:28,501 [INFO] Got command from the client 'session,2022-02-14_06-49-54,done'
ptd-server 2022-02-14 07:11:28,502 [INFO] Sending to ptd: 'Stop'
ptd-server 2022-02-14 07:11:28,502 [INFO] Reply from ptd: 'Error: no measurement to stop'
ptd-server 2022-02-14 07:11:28,502 [INFO] Sending to ptd: 'SR,V,300.000000'
ptd-server 2022-02-14 07:11:30,003 [INFO] Reply from ptd: 'Range V changed'
ptd-server 2022-02-14 07:11:30,004 [INFO] Sending to ptd: 'SR,A,0.500000'
ptd-server 2022-02-14 07:11:31,505 [INFO] Reply from ptd: 'Range A changed'
ptd-server 2022-02-14 07:11:31,505 [INFO] Set initial values for Amps 0.500000 and Volts 300.000000
ptd-server 2022-02-14 07:11:31,505 [INFO] Stopping ptd...
