ptd-server 2022-02-24 07:32:44,407 [INFO] Got command from the client 'time'
ptd-server 2022-02-24 07:32:44,407 [INFO] Sending reply to client '1645687964.4072716'
ptd-server 2022-02-24 07:32:44,409 [INFO] Got command from the client 'new,,44ccf945-fcde-4d5d-9984-d7f7c743829c'
ptd-server 2022-02-24 07:32:44,410 [INFO] Sending reply to client 'OK 2022-02-24_07-32-44,aeb5f2c7-ade3-4542-be02-c3cbe011f0bc'
ptd-server 2022-02-24 07:32:44,448 [INFO] Got command from the client 'time'
ptd-server 2022-02-24 07:32:44,448 [INFO] Sending reply to client '1645687964.448794'
ptd-server 2022-02-24 07:32:44,450 [INFO] Got command from the client 'session,2022-02-24_07-32-44,start,ranging'
ptd-server 2022-02-24 07:32:44,451 [INFO] Running PTDaemon: ['/home/anton/projects/mlperf/power/inference_v1.0/ptd-linux-x86', '-l', '/tmp/tmp0_fn53vp/ptd_logfile.txt', '-p', '8888', '49', '/dev/usbtmc0']
ptd-server 2022-02-24 07:33:01,625 [INFO] Sending to ptd: 'Hello'
ptd-server 2022-02-24 07:33:01,625 [INFO] Reply from ptd: 'Hello, PTDaemon here!'
ptd-server 2022-02-24 07:33:01,625 [INFO] Sending to ptd: 'Identify'
ptd-server 2022-02-24 07:33:01,626 [INFO] Reply from ptd: 'YokogawaWT310E,1000,1,1,1,1,0,1,1,version=1.9.2-e8c7a49a-20201208,OS=Linux 5.13.0-30-generic #33~20.04.1-Ubuntu SMP Mon Feb 7 14:25:10 UTC 2022 x86_64,mode=power,1,1,1,0,0,no_cal_date,YOKOGAWA;WT310E;C3XA04010E;F1.04'
ptd-server 2022-02-24 07:33:01,626 [INFO] Connected to PTDaemon
ptd-server 2022-02-24 07:33:01,626 [INFO] Sending to ptd: 'RR'
ptd-server 2022-02-24 07:33:01,626 [INFO] Reply from ptd: 'Ranges,0,0.500000,1,300.000000'
ptd-server 2022-02-24 07:33:01,626 [INFO] Initial range for Amps is 0.500000 for Volts is Auto
ptd-server 2022-02-24 07:33:01,627 [INFO] Sending to ptd: 'SR,V,Auto'
ptd-server 2022-02-24 07:33:02,129 [INFO] Reply from ptd: 'Range V changed'
ptd-server 2022-02-24 07:33:02,129 [INFO] Sending to ptd: 'SR,A,Auto'
ptd-server 2022-02-24 07:33:02,632 [INFO] Reply from ptd: 'Range A changed'
ptd-server 2022-02-24 07:33:12,642 [INFO] Starting ranging mode
ptd-server 2022-02-24 07:33:12,642 [INFO] Sending to ptd: 'Go,1000,0,2022-02-24_07-32-44_ranging'
ptd-server 2022-02-24 07:33:12,642 [INFO] Reply from ptd: 'Starting untimed measurement, maximum 500000 samples at 1000ms with 0 rampup samples'
ptd-server 2022-02-24 07:33:12,643 [INFO] Sending reply to client 'OK'
ptd-server 2022-02-24 07:43:35,310 [INFO] Got command from the client 'session,2022-02-24_07-32-44,stop,ranging'
ptd-server 2022-02-24 07:43:45,320 [INFO] Sending to ptd: 'Stop'
ptd-server 2022-02-24 07:43:45,321 [INFO] Reply from ptd: 'Stopping untimed measurement'
ptd-server 2022-02-24 07:43:45,403 [INFO] Sending reply to client 'OK'
ptd-server 2022-02-24 07:43:45,457 [INFO] Got command from the client 'time'
ptd-server 2022-02-24 07:43:45,457 [INFO] Sending reply to client '1645688625.4576552'
ptd-server 2022-02-24 07:43:45,459 [INFO] Got command from the client 'session,2022-02-24_07-32-44,start,testing'
ptd-server 2022-02-24 07:43:45,459 [INFO] Sending to ptd: 'SR,V,249.420000'
ptd-server 2022-02-24 07:43:47,144 [INFO] Reply from ptd: 'Range V changed'
ptd-server 2022-02-24 07:43:47,144 [INFO] Sending to ptd: 'SR,A,0.044320'
ptd-server 2022-02-24 07:43:48,645 [INFO] Reply from ptd: 'Range A changed'
ptd-server 2022-02-24 07:43:58,656 [INFO] Starting testing mode
ptd-server 2022-02-24 07:43:58,656 [INFO] Sending to ptd: 'Go,1000,0,2022-02-24_07-32-44_testing'
ptd-server 2022-02-24 07:43:58,656 [INFO] Reply from ptd: 'Starting untimed measurement, maximum 500000 samples at 1000ms with 0 rampup samples'
ptd-server 2022-02-24 07:43:58,656 [INFO] Sending reply to client 'OK'
ptd-server 2022-02-24 07:54:21,133 [INFO] Got command from the client 'session,2022-02-24_07-32-44,stop,testing'
ptd-server 2022-02-24 07:54:31,144 [INFO] Sending to ptd: 'Stop'
ptd-server 2022-02-24 07:54:31,144 [INFO] Reply from ptd: 'Stopping untimed measurement'
ptd-server 2022-02-24 07:54:31,185 [INFO] Sending reply to client 'OK'
ptd-server 2022-02-24 07:54:31,208 [INFO] Got command from the client 'session,2022-02-24_07-32-44,done'
ptd-server 2022-02-24 07:54:31,208 [INFO] Sending to ptd: 'Stop'
ptd-server 2022-02-24 07:54:31,657 [INFO] Reply from ptd: 'Error: no measurement to stop'
ptd-server 2022-02-24 07:54:31,657 [INFO] Sending to ptd: 'SR,V,Auto'
ptd-server 2022-02-24 07:54:32,159 [INFO] Reply from ptd: 'Range V changed'
ptd-server 2022-02-24 07:54:32,160 [INFO] Sending to ptd: 'SR,A,0.500000'
ptd-server 2022-02-24 07:54:33,661 [INFO] Reply from ptd: 'Range A changed'
ptd-server 2022-02-24 07:54:33,661 [INFO] Set initial values for Amps 0.500000 and Volts Auto
ptd-server 2022-02-24 07:54:33,661 [INFO] Stopping ptd...
