client 2022-02-15 03:55:06,943 [WARNING] Removing loadgen logs directory '/home/katya/CK/ck-mlperf/program/image-classification-tflite-loadgen/tmp/loadgen_logs'
client 2022-02-15 03:55:06,945 [INFO] Sending command to the server: 'mlcommons/power client v3'
client 2022-02-15 03:55:06,946 [INFO] Got response: 'mlcommons/power server v3'
client 2022-02-15 03:55:06,946 [INFO] Synchronizing with the server and with time.google.com...
client 2022-02-15 03:55:06,977 [INFO] NTP:offset = 0.001 s, delay = 0.023 s 
client 2022-02-15 03:55:06,977 [INFO] Sending command to the server: 'time'
client 2022-02-15 03:55:06,978 [INFO] Got response: '1644897306.9774272'
client 2022-02-15 03:55:06,978 [INFO] The time difference between the client and the server is within range 0.490 ms..1.534 ms
client 2022-02-15 03:55:06,979 [INFO] Sending command to the server: 'new,,b5a164cf-b79f-469e-ab69-fc727853efa6'
client 2022-02-15 03:55:06,980 [INFO] Got response: 'OK 2022-02-15_03-55-06,2080c883-2a18-4150-9e7a-b1b6dd1bb973'
client 2022-02-15 03:55:06,980 [INFO] Session id is '2022-02-15_03-55-06'
client 2022-02-15 03:55:06,980 [INFO] Sources: {"sources": {"__init__.py": "da39a3ee5e6b4b0d3255bfef95601890afd80709", "client.py": "33ca4f26368777ac06e01f9567b714a4b8063886", "lib/__init__.py": "da39a3ee5e6b4b0d3255bfef95601890afd80709", "lib/client.py": "4c2b78fb4849a7e5b584ef792d82aaed20b17f57", "lib/common.py": "624d0c0acc7c39aaff3674f0b99d6a09da53d1dc", "lib/external/__init__.py": "da39a3ee5e6b4b0d3255bfef95601890afd80709", "lib/external/ntplib.py": "4da8f970656505a40483206ef2b5d3dd5e81711d", "lib/server.py": "59c9fb92908260d3e9f81a895c7aa009742275e4", "lib/source_hashes.py": "60a2e02193209e8d392803326208d5466342da18", "lib/summary.py": "aa92f0a3f975eecd44d3c0cd0236342ccc9f941d", "lib/time_sync.py": "3210db56eb0ff0df57bf4293dc4d4b03fffd46f1", "server.py": "c3f90f2f7eeb4db30727556d0c815ebc89b3d28b", "tests/unit/__init__.py": "da39a3ee5e6b4b0d3255bfef95601890afd80709", "tests/unit/test_server.py": "99ae15aef722f2000ee6ed1ae1523637bf1ae42b", "tests/unit/test_source_hashes.py": "00468a2907583c593e6574a1f6b404e4651c221a"}, "modules": {"ptd_client_server.lib.client": "lib/client.py", "ptd_client_server.lib.common": "lib/common.py", "ptd_client_server.lib.external.ntplib": "lib/external/ntplib.py", "ptd_client_server.lib.source_hashes": "lib/source_hashes.py", "ptd_client_server.lib.summary": "lib/summary.py", "ptd_client_server.lib.time_sync": "lib/time_sync.py"}}
client 2022-02-15 03:55:06,981 [INFO] Running workload in ranging mode
client 2022-02-15 03:55:06,981 [INFO] Synchronizing with the server and with time.google.com...
client 2022-02-15 03:55:07,005 [INFO] NTP:offset = 0.002 s, delay = 0.021 s 
client 2022-02-15 03:55:07,006 [INFO] Sending command to the server: 'time'
client 2022-02-15 03:55:07,007 [INFO] Got response: '1644897307.0057747'
client 2022-02-15 03:55:07,007 [INFO] The time difference between the client and the server is within range 0.365 ms..1.793 ms
client 2022-02-15 03:55:07,007 [INFO] Sending command to the server: 'session,2022-02-15_03-55-06,start,ranging'
client 2022-02-15 03:55:35,199 [INFO] Got response: 'OK'
client 2022-02-15 03:55:35,201 [INFO] Running the workload 'ck benchmark program:image-classification-tflite-loadgen --env.CK_SILENT_MODE=YES --skip_print_timers --dep_add_tags.compiler=gcc,v7 --dep_add_tags.python=v3 --dep_add_tags.mlperf-inference-src=r2.0 --dep_add_tags.weights=mobilenet,v2-1.0-96,non-quantized --dep_add_tags.images=crop.875,preprocessed,using-opencv --dep_add_tags.library=tflite,v2.7.1,with.ruy --env.CK_LOADGEN_DATASET_SIZE=1024 --env.CK_LOADGEN_MODE=PerformanceOnly --env.CK_LOADGEN_SCENARIO=SingleStream --env.CK_LOADGEN_TARGET_LATENCY=$CK_LOADGEN_TARGET_LATENCY --skip_stat_analysis --process_multi_keys --repetitions=1 --record --record_repo=local --record_uoa=mlperf_v2.0-open-xavier-tflite-v2.7.1-ruy-mobilenet-v2-1.0-96-non-quantized-singlestream-performance-target_latency.$CK_LOADGEN_TARGET_LATENCY-power.workload --tags=mlperf,round.v2.0,division.open,task.image-classification,platform.xavier,scenario.singlestream,mode.performance,workload.mobilenet-v2-1.0-96-non-quantized,preprocessed_using.opencv,inference_engine.tflite,inference_engine_version.v2.7.1,inference_engine_backend.ruy,target_latency.$CK_LOADGEN_TARGET_LATENCY,power.workload "@@@{\'meta\': {\'ck_benchmark_program\': \'ck benchmark program:image-classification-tflite-loadgen --env.CK_SILENT_MODE=YES --skip_print_timers --dep_add_tags.compiler=gcc,v7 --dep_add_tags.python=v3 --dep_add_tags.mlperf-inference-src=r2.0 --dep_add_tags.weights=mobilenet,v2-1.0-96,non-quantized --dep_add_tags.images=crop.875,preprocessed,using-opencv --dep_add_tags.library=tflite,v2.7.1,with.ruy --env.CK_LOADGEN_DATASET_SIZE=1024 --env.CK_LOADGEN_MODE=PerformanceOnly --env.CK_LOADGEN_SCENARIO=SingleStream --env.CK_LOADGEN_TARGET_LATENCY=$CK_LOADGEN_TARGET_LATENCY --skip_stat_analysis --process_multi_keys --repetitions=1 --record --record_repo=local --record_uoa=mlperf_v2.0-open-xavier-tflite-v2.7.1-ruy-mobilenet-v2-1.0-96-non-quantized-singlestream-performance-target_latency.$CK_LOADGEN_TARGET_LATENCY-power.workload --tags=mlperf,round.v2.0,division.open,task.image-classification,platform.xavier,scenario.singlestream,mode.performance,workload.mobilenet-v2-1.0-96-non-quantized,preprocessed_using.opencv,inference_engine.tflite,inference_engine_version.v2.7.1,inference_engine_backend.ruy,target_latency.$CK_LOADGEN_TARGET_LATENCY,power.workload\'}}" && cat `ck find program:image-classification-tflite-loadgen`/tmp/mlperf_log_summary.txt && mkdir -p "$CK_MLPERF_POWER_CLIENT_LOADGEN_LOGS" && cp "$CK_MLPERF_POWER_CLIENT_LOADGEN_LOGS"/../mlperf_log_* "$CK_MLPERF_POWER_CLIENT_LOADGEN_LOGS"/'
client 2022-02-15 04:05:54,427 [INFO] Sending command to the server: 'session,2022-02-15_03-55-06,stop,ranging'
client 2022-02-15 04:06:05,242 [INFO] Got response: 'OK'
client 2022-02-15 04:06:05,261 [INFO] Copying loadgen logs from '/home/katya/CK/ck-mlperf/program/image-classification-tflite-loadgen/tmp/loadgen_logs' to '/home/katya/CK/ck-mlperf/program/mlperf-power-client/tmp/2022-02-15_03-55-06/ranging'
client 2022-02-15 04:06:05,263 [INFO] Running workload in testing mode
client 2022-02-15 04:06:05,263 [INFO] Synchronizing with the server and with time.google.com...
client 2022-02-15 04:06:05,289 [INFO] NTP:offset = 0.000 s, delay = 0.023 s 
client 2022-02-15 04:06:05,289 [INFO] Sending command to the server: 'time'
client 2022-02-15 04:06:05,291 [INFO] Got response: '1644897965.2912126'
client 2022-02-15 04:06:05,292 [INFO] The time difference between the client and the server is within range -1.523 ms..0.900 ms
client 2022-02-15 04:06:05,292 [INFO] Sending command to the server: 'session,2022-02-15_03-55-06,start,testing'
client 2022-02-15 04:06:18,308 [INFO] Got response: 'OK'
client 2022-02-15 04:06:18,309 [INFO] Running the workload 'ck benchmark program:image-classification-tflite-loadgen --env.CK_SILENT_MODE=YES --skip_print_timers --dep_add_tags.compiler=gcc,v7 --dep_add_tags.python=v3 --dep_add_tags.mlperf-inference-src=r2.0 --dep_add_tags.weights=mobilenet,v2-1.0-96,non-quantized --dep_add_tags.images=crop.875,preprocessed,using-opencv --dep_add_tags.library=tflite,v2.7.1,with.ruy --env.CK_LOADGEN_DATASET_SIZE=1024 --env.CK_LOADGEN_MODE=PerformanceOnly --env.CK_LOADGEN_SCENARIO=SingleStream --env.CK_LOADGEN_TARGET_LATENCY=$CK_LOADGEN_TARGET_LATENCY --skip_stat_analysis --process_multi_keys --repetitions=1 --record --record_repo=local --record_uoa=mlperf_v2.0-open-xavier-tflite-v2.7.1-ruy-mobilenet-v2-1.0-96-non-quantized-singlestream-performance-target_latency.$CK_LOADGEN_TARGET_LATENCY-power.workload --tags=mlperf,round.v2.0,division.open,task.image-classification,platform.xavier,scenario.singlestream,mode.performance,workload.mobilenet-v2-1.0-96-non-quantized,preprocessed_using.opencv,inference_engine.tflite,inference_engine_version.v2.7.1,inference_engine_backend.ruy,target_latency.$CK_LOADGEN_TARGET_LATENCY,power.workload "@@@{\'meta\': {\'ck_benchmark_program\': \'ck benchmark program:image-classification-tflite-loadgen --env.CK_SILENT_MODE=YES --skip_print_timers --dep_add_tags.compiler=gcc,v7 --dep_add_tags.python=v3 --dep_add_tags.mlperf-inference-src=r2.0 --dep_add_tags.weights=mobilenet,v2-1.0-96,non-quantized --dep_add_tags.images=crop.875,preprocessed,using-opencv --dep_add_tags.library=tflite,v2.7.1,with.ruy --env.CK_LOADGEN_DATASET_SIZE=1024 --env.CK_LOADGEN_MODE=PerformanceOnly --env.CK_LOADGEN_SCENARIO=SingleStream --env.CK_LOADGEN_TARGET_LATENCY=$CK_LOADGEN_TARGET_LATENCY --skip_stat_analysis --process_multi_keys --repetitions=1 --record --record_repo=local --record_uoa=mlperf_v2.0-open-xavier-tflite-v2.7.1-ruy-mobilenet-v2-1.0-96-non-quantized-singlestream-performance-target_latency.$CK_LOADGEN_TARGET_LATENCY-power.workload --tags=mlperf,round.v2.0,division.open,task.image-classification,platform.xavier,scenario.singlestream,mode.performance,workload.mobilenet-v2-1.0-96-non-quantized,preprocessed_using.opencv,inference_engine.tflite,inference_engine_version.v2.7.1,inference_engine_backend.ruy,target_latency.$CK_LOADGEN_TARGET_LATENCY,power.workload\'}}" && cat `ck find program:image-classification-tflite-loadgen`/tmp/mlperf_log_summary.txt && mkdir -p "$CK_MLPERF_POWER_CLIENT_LOADGEN_LOGS" && cp "$CK_MLPERF_POWER_CLIENT_LOADGEN_LOGS"/../mlperf_log_* "$CK_MLPERF_POWER_CLIENT_LOADGEN_LOGS"/'
client 2022-02-15 04:16:37,638 [INFO] Sending command to the server: 'session,2022-02-15_03-55-06,stop,testing'
client 2022-02-15 04:16:48,071 [INFO] Got response: 'OK'
client 2022-02-15 04:16:48,079 [INFO] Copying loadgen logs from '/home/katya/CK/ck-mlperf/program/image-classification-tflite-loadgen/tmp/loadgen_logs' to '/home/katya/CK/ck-mlperf/program/mlperf-power-client/tmp/2022-02-15_03-55-06/run_1'
client 2022-02-15 04:16:48,082 [INFO] Done runs
