ptd-server 2022-02-22 03:41:40,321 [INFO] Got command from the client 'time'
ptd-server 2022-02-22 03:41:40,321 [INFO] Sending reply to client '1645501300.3219492'
ptd-server 2022-02-22 03:41:40,324 [INFO] Got command from the client 'new,,1a33c866-52c8-4db3-bd64-e985630a088c'
ptd-server 2022-02-22 03:41:40,324 [INFO] Sending reply to client 'OK 2022-02-22_03-41-40,4b9bfad7-1a54-4bfa-b6af-5857db481088'
ptd-server 2022-02-22 03:41:40,361 [INFO] Got command from the client 'time'
ptd-server 2022-02-22 03:41:40,361 [INFO] Sending reply to client '1645501300.3613653'
ptd-server 2022-02-22 03:41:40,362 [INFO] Got command from the client 'session,2022-02-22_03-41-40,start,ranging'
ptd-server 2022-02-22 03:41:40,362 [INFO] Running PTDaemon: ['/home/anton/projects/mlperf/power/inference_v1.0/ptd-linux-x86', '-l', '/tmp/tmpgldyt7rr/ptd_logfile.txt', '-p', '8888', '49', '/dev/usbtmc0']
ptd-server 2022-02-22 03:41:57,536 [INFO] Sending to ptd: 'Hello'
ptd-server 2022-02-22 03:41:57,537 [INFO] Reply from ptd: 'Hello, PTDaemon here!'
ptd-server 2022-02-22 03:41:57,537 [INFO] Sending to ptd: 'Identify'
ptd-server 2022-02-22 03:41:57,537 [INFO] Reply from ptd: 'YokogawaWT310E,1000,1,1,1,1,0,1,1,version=1.9.2-e8c7a49a-20201208,OS=Linux 5.13.0-28-generic #31~20.04.1-Ubuntu SMP Wed Jan 19 14:08:10 UTC 2022 x86_64,mode=power,1,1,1,0,0,no_cal_date,YOKOGAWA;WT310E;C3XA04010E;F1.04'
ptd-server 2022-02-22 03:41:57,538 [INFO] Connected to PTDaemon
ptd-server 2022-02-22 03:41:57,538 [INFO] Sending to ptd: 'RR'
ptd-server 2022-02-22 03:41:57,538 [INFO] Reply from ptd: 'Ranges,0,0.500000,0,300.000000'
ptd-server 2022-02-22 03:41:57,538 [INFO] Initial range for Amps is 0.500000 for Volts is 300.000000
ptd-server 2022-02-22 03:41:57,538 [INFO] Sending to ptd: 'SR,V,Auto'
ptd-server 2022-02-22 03:41:58,041 [INFO] Reply from ptd: 'Range V changed'
ptd-server 2022-02-22 03:41:58,041 [INFO] Sending to ptd: 'SR,A,Auto'
ptd-server 2022-02-22 03:41:58,543 [INFO] Reply from ptd: 'Range A changed'
ptd-server 2022-02-22 03:42:08,554 [INFO] Starting ranging mode
ptd-server 2022-02-22 03:42:08,554 [INFO] Sending to ptd: 'Go,1000,0,2022-02-22_03-41-40_ranging'
ptd-server 2022-02-22 03:42:08,554 [INFO] Reply from ptd: 'Starting untimed measurement, maximum 500000 samples at 1000ms with 0 rampup samples'
ptd-server 2022-02-22 03:42:08,554 [INFO] Sending reply to client 'OK'
ptd-server 2022-02-22 03:52:38,089 [INFO] Got command from the client 'session,2022-02-22_03-41-40,stop,ranging'
ptd-server 2022-02-22 03:52:48,100 [INFO] Sending to ptd: 'Stop'
ptd-server 2022-02-22 03:52:48,100 [INFO] Reply from ptd: 'Stopping untimed measurement'
ptd-server 2022-02-22 03:52:48,775 [INFO] Sending reply to client 'OK'
ptd-server 2022-02-22 03:52:48,831 [INFO] Got command from the client 'time'
ptd-server 2022-02-22 03:52:48,831 [INFO] Sending reply to client '1645501968.8318615'
ptd-server 2022-02-22 03:52:48,833 [INFO] Got command from the client 'session,2022-02-22_03-41-40,start,testing'
ptd-server 2022-02-22 03:52:48,833 [INFO] Sending to ptd: 'SR,V,250.490000'
ptd-server 2022-02-22 03:52:50,335 [INFO] Reply from ptd: 'Range V changed'
ptd-server 2022-02-22 03:52:50,335 [INFO] Sending to ptd: 'SR,A,0.054730'
ptd-server 2022-02-22 03:52:51,836 [INFO] Reply from ptd: 'Range A changed'
ptd-server 2022-02-22 03:53:01,847 [INFO] Starting testing mode
ptd-server 2022-02-22 03:53:01,847 [INFO] Sending to ptd: 'Go,1000,0,2022-02-22_03-41-40_testing'
ptd-server 2022-02-22 03:53:01,847 [INFO] Reply from ptd: 'Starting untimed measurement, maximum 500000 samples at 1000ms with 0 rampup samples'
ptd-server 2022-02-22 03:53:01,847 [INFO] Sending reply to client 'OK'
ptd-server 2022-02-22 04:03:31,053 [INFO] Got command from the client 'session,2022-02-22_03-41-40,stop,testing'
ptd-server 2022-02-22 04:03:41,060 [INFO] Sending to ptd: 'Stop'
ptd-server 2022-02-22 04:03:41,061 [INFO] Reply from ptd: 'Stopping untimed measurement'
ptd-server 2022-02-22 04:03:41,413 [INFO] Sending reply to client 'OK'
ptd-server 2022-02-22 04:03:41,432 [INFO] Got command from the client 'session,2022-02-22_03-41-40,done'
ptd-server 2022-02-22 04:03:41,432 [INFO] Sending to ptd: 'Stop'
ptd-server 2022-02-22 04:03:41,848 [INFO] Reply from ptd: 'Error: no measurement to stop'
ptd-server 2022-02-22 04:03:41,848 [INFO] Sending to ptd: 'SR,V,300.000000'
ptd-server 2022-02-22 04:03:43,349 [INFO] Reply from ptd: 'Range V changed'
ptd-server 2022-02-22 04:03:43,349 [INFO] Sending to ptd: 'SR,A,0.500000'
ptd-server 2022-02-22 04:03:44,851 [INFO] Reply from ptd: 'Range A changed'
ptd-server 2022-02-22 04:03:44,851 [INFO] Set initial values for Amps 0.500000 and Volts 300.000000
ptd-server 2022-02-22 04:03:44,851 [INFO] Stopping ptd...
