ptd-server 2022-02-23 16:59:44,384 [INFO] Got command from the client 'time'
ptd-server 2022-02-23 16:59:44,384 [INFO] Sending reply to client '1645635584.3845887'
ptd-server 2022-02-23 16:59:44,386 [INFO] Got command from the client 'new,,f1259379-4bf9-4f51-9b7b-0704d4168459'
ptd-server 2022-02-23 16:59:44,386 [INFO] Sending reply to client 'OK 2022-02-23_16-59-44,1d739257-5298-43f7-b236-c7b32399a810'
ptd-server 2022-02-23 16:59:44,422 [INFO] Got command from the client 'time'
ptd-server 2022-02-23 16:59:44,422 [INFO] Sending reply to client '1645635584.4229002'
ptd-server 2022-02-23 16:59:44,424 [INFO] Got command from the client 'session,2022-02-23_16-59-44,start,ranging'
ptd-server 2022-02-23 16:59:44,424 [INFO] Running PTDaemon: ['/home/anton/projects/mlperf/power/inference_v1.0/ptd-linux-x86', '-l', '/tmp/tmpgldyt7rr/ptd_logfile.txt', '-p', '8888', '49', '/dev/usbtmc0']
ptd-server 2022-02-23 17:00:01,598 [INFO] Sending to ptd: 'Hello'
ptd-server 2022-02-23 17:00:01,598 [INFO] Reply from ptd: 'Hello, PTDaemon here!'
ptd-server 2022-02-23 17:00:01,598 [INFO] Sending to ptd: 'Identify'
ptd-server 2022-02-23 17:00:01,599 [INFO] Reply from ptd: 'YokogawaWT310E,1000,1,1,1,1,0,1,1,version=1.9.2-e8c7a49a-20201208,OS=Linux 5.13.0-28-generic #31~20.04.1-Ubuntu SMP Wed Jan 19 14:08:10 UTC 2022 x86_64,mode=power,1,1,1,0,0,no_cal_date,YOKOGAWA;WT310E;C3XA04010E;F1.04'
ptd-server 2022-02-23 17:00:01,599 [INFO] Connected to PTDaemon
ptd-server 2022-02-23 17:00:01,599 [INFO] Sending to ptd: 'RR'
ptd-server 2022-02-23 17:00:01,599 [INFO] Reply from ptd: 'Ranges,0,0.500000,0,300.000000'
ptd-server 2022-02-23 17:00:01,599 [INFO] Initial range for Amps is 0.500000 for Volts is 300.000000
ptd-server 2022-02-23 17:00:01,599 [INFO] Sending to ptd: 'SR,V,Auto'
ptd-server 2022-02-23 17:00:02,102 [INFO] Reply from ptd: 'Range V changed'
ptd-server 2022-02-23 17:00:02,102 [INFO] Sending to ptd: 'SR,A,Auto'
ptd-server 2022-02-23 17:00:02,605 [INFO] Reply from ptd: 'Range A changed'
ptd-server 2022-02-23 17:00:12,615 [INFO] Starting ranging mode
ptd-server 2022-02-23 17:00:12,615 [INFO] Sending to ptd: 'Go,1000,0,2022-02-23_16-59-44_ranging'
ptd-server 2022-02-23 17:00:12,615 [INFO] Reply from ptd: 'Starting untimed measurement, maximum 500000 samples at 1000ms with 0 rampup samples'
ptd-server 2022-02-23 17:00:12,616 [INFO] Sending reply to client 'OK'
ptd-server 2022-02-23 17:10:36,096 [INFO] Got command from the client 'session,2022-02-23_16-59-44,stop,ranging'
ptd-server 2022-02-23 17:10:46,106 [INFO] Sending to ptd: 'Stop'
ptd-server 2022-02-23 17:10:46,106 [INFO] Reply from ptd: 'Stopping untimed measurement'
ptd-server 2022-02-23 17:10:46,978 [INFO] Sending reply to client 'OK'
ptd-server 2022-02-23 17:10:47,042 [INFO] Got command from the client 'time'
ptd-server 2022-02-23 17:10:47,042 [INFO] Sending reply to client '1645636247.0428095'
ptd-server 2022-02-23 17:10:47,044 [INFO] Got command from the client 'session,2022-02-23_16-59-44,start,testing'
ptd-server 2022-02-23 17:10:47,044 [INFO] Sending to ptd: 'SR,V,250.050000'
ptd-server 2022-02-23 17:10:48,546 [INFO] Reply from ptd: 'Range V changed'
ptd-server 2022-02-23 17:10:48,546 [INFO] Sending to ptd: 'SR,A,0.051850'
ptd-server 2022-02-23 17:10:50,047 [INFO] Reply from ptd: 'Range A changed'
ptd-server 2022-02-23 17:11:00,057 [INFO] Starting testing mode
ptd-server 2022-02-23 17:11:00,058 [INFO] Sending to ptd: 'Go,1000,0,2022-02-23_16-59-44_testing'
ptd-server 2022-02-23 17:11:00,058 [INFO] Reply from ptd: 'Starting untimed measurement, maximum 500000 samples at 1000ms with 0 rampup samples'
ptd-server 2022-02-23 17:11:00,058 [INFO] Sending reply to client 'OK'
ptd-server 2022-02-23 17:21:23,234 [INFO] Got command from the client 'session,2022-02-23_16-59-44,stop,testing'
ptd-server 2022-02-23 17:21:33,245 [INFO] Sending to ptd: 'Stop'
ptd-server 2022-02-23 17:21:33,245 [INFO] Reply from ptd: 'Stopping untimed measurement'
ptd-server 2022-02-23 17:21:33,694 [INFO] Sending reply to client 'OK'
ptd-server 2022-02-23 17:21:33,713 [INFO] Got command from the client 'session,2022-02-23_16-59-44,done'
ptd-server 2022-02-23 17:21:33,713 [INFO] Sending to ptd: 'Stop'
ptd-server 2022-02-23 17:21:34,059 [INFO] Reply from ptd: 'Error: no measurement to stop'
ptd-server 2022-02-23 17:21:34,059 [INFO] Sending to ptd: 'SR,V,300.000000'
ptd-server 2022-02-23 17:21:35,560 [INFO] Reply from ptd: 'Range V changed'
ptd-server 2022-02-23 17:21:35,561 [INFO] Sending to ptd: 'SR,A,0.500000'
ptd-server 2022-02-23 17:21:37,062 [INFO] Reply from ptd: 'Range A changed'
ptd-server 2022-02-23 17:21:37,062 [INFO] Set initial values for Amps 0.500000 and Volts 300.000000
ptd-server 2022-02-23 17:21:37,062 [INFO] Stopping ptd...
