client 2022-02-16 08:48:21,388 [INFO] Sending command to the server: 'mlcommons/power client v3'
client 2022-02-16 08:48:21,389 [INFO] Got response: 'mlcommons/power server v3'
client 2022-02-16 08:48:21,390 [INFO] Synchronizing with the server and with time.google.com...
client 2022-02-16 08:48:21,452 [INFO] NTP:offset = 0.008 s, delay = 0.029 s 
client 2022-02-16 08:48:21,452 [INFO] Sending command to the server: 'time'
client 2022-02-16 08:48:21,453 [INFO] Got response: '1645001301.4609568'
client 2022-02-16 08:48:21,454 [INFO] The time difference between the client and the server is within range -8.258 ms..-6.764 ms
client 2022-02-16 08:48:21,454 [INFO] Sending command to the server: 'new,,ad660d41-d5b0-40de-bf6f-2f0da81801c2'
client 2022-02-16 08:48:21,456 [INFO] Got response: 'OK 2022-02-16_08-48-21,47923293-d750-4093-89ea-3f38445b7966'
client 2022-02-16 08:48:21,456 [INFO] Session id is '2022-02-16_08-48-21'
client 2022-02-16 08:48:21,457 [INFO] Sources: {"sources": {"__init__.py": "da39a3ee5e6b4b0d3255bfef95601890afd80709", "client.py": "33ca4f26368777ac06e01f9567b714a4b8063886", "lib/__init__.py": "da39a3ee5e6b4b0d3255bfef95601890afd80709", "lib/client.py": "4c2b78fb4849a7e5b584ef792d82aaed20b17f57", "lib/common.py": "624d0c0acc7c39aaff3674f0b99d6a09da53d1dc", "lib/external/__init__.py": "da39a3ee5e6b4b0d3255bfef95601890afd80709", "lib/external/ntplib.py": "4da8f970656505a40483206ef2b5d3dd5e81711d", "lib/server.py": "59c9fb92908260d3e9f81a895c7aa009742275e4", "lib/source_hashes.py": "60a2e02193209e8d392803326208d5466342da18", "lib/summary.py": "aa92f0a3f975eecd44d3c0cd0236342ccc9f941d", "lib/time_sync.py": "3210db56eb0ff0df57bf4293dc4d4b03fffd46f1", "server.py": "c3f90f2f7eeb4db30727556d0c815ebc89b3d28b", "tests/unit/__init__.py": "da39a3ee5e6b4b0d3255bfef95601890afd80709", "tests/unit/test_server.py": "99ae15aef722f2000ee6ed1ae1523637bf1ae42b", "tests/unit/test_source_hashes.py": "00468a2907583c593e6574a1f6b404e4651c221a"}, "modules": {"ptd_client_server.lib.client": "lib/client.py", "ptd_client_server.lib.common": "lib/common.py", "ptd_client_server.lib.external.ntplib": "lib/external/ntplib.py", "ptd_client_server.lib.source_hashes": "lib/source_hashes.py", "ptd_client_server.lib.summary": "lib/summary.py", "ptd_client_server.lib.time_sync": "lib/time_sync.py"}}
client 2022-02-16 08:48:21,458 [INFO] Running workload in ranging mode
client 2022-02-16 08:48:21,458 [INFO] Synchronizing with the server and with time.google.com...
client 2022-02-16 08:48:21,492 [INFO] NTP:offset = 0.007 s, delay = 0.031 s 
client 2022-02-16 08:48:21,492 [INFO] Sending command to the server: 'time'
client 2022-02-16 08:48:21,494 [INFO] Got response: '1645001301.5013351'
client 2022-02-16 08:48:21,494 [INFO] The time difference between the client and the server is within range -8.468 ms..-6.670 ms
client 2022-02-16 08:48:21,495 [INFO] Sending command to the server: 'session,2022-02-16_08-48-21,start,ranging'
client 2022-02-16 08:48:49,685 [INFO] Got response: 'OK'
client 2022-02-16 08:48:49,686 [INFO] Running the workload 'ck benchmark program:image-classification-armnn-tflite-loadgen --env.CK_SILENT_MODE=YES --skip_print_timers --dep_add_tags.compiler=gcc,v7 --dep_add_tags.python=v3 --dep_add_tags.mlperf-inference-src=r2.0 --dep_add_tags.weights=resnet50 --dep_add_tags.images=crop.875,preprocessed,using-opencv --dep_add_tags.library=armnn,rel.21.11,neon --env.CK_LOADGEN_DATASET_SIZE=1024 --env.CK_LOADGEN_SCENARIO=SingleStream --env.CK_LOADGEN_MODE=PerformanceOnly --env.USE_NEON=1 --env.USE_OPENCL=0 --env.CK_LOADGEN_TARGET_LATENCY=350 --skip_stat_analysis --process_multi_keys --repetitions=1 --record --record_repo=local --record_uoa=mlperf_v2.0-closed-odroid-armnn-v21.11-neon-resnet50-singlestream-performance-target_latency.350-power.workload --tags=mlperf,round.v2.0,division.closed,task.image-classification,platform.odroid,scenario.singlestream,mode.performance,workload.resnet50,preprocessed_using.opencv,inference_engine.armnn,inference_engine_version.v21.11,inference_engine_backend.neon,target_latency.350,power.workload "@@@{\'meta\': {\'ck_benchmark_program\': \'ck benchmark program:image-classification-armnn-tflite-loadgen --env.CK_SILENT_MODE=YES --skip_print_timers --dep_add_tags.compiler=gcc,v7 --dep_add_tags.python=v3 --dep_add_tags.mlperf-inference-src=r2.0 --dep_add_tags.weights=resnet50 --dep_add_tags.images=crop.875,preprocessed,using-opencv --dep_add_tags.library=armnn,rel.21.11,neon --env.CK_LOADGEN_DATASET_SIZE=1024 --env.CK_LOADGEN_SCENARIO=SingleStream --env.CK_LOADGEN_MODE=PerformanceOnly --env.USE_NEON=1 --env.USE_OPENCL=0 --env.CK_LOADGEN_TARGET_LATENCY=350 --skip_stat_analysis --process_multi_keys --repetitions=1 --record --record_repo=local --record_uoa=mlperf_v2.0-closed-odroid-armnn-v21.11-neon-resnet50-singlestream-performance-target_latency.350-power.workload --tags=mlperf,round.v2.0,division.closed,task.image-classification,platform.odroid,scenario.singlestream,mode.performance,workload.resnet50,preprocessed_using.opencv,inference_engine.armnn,inference_engine_version.v21.11,inference_engine_backend.neon,target_latency.350,power.workload\'}}" && cat `ck find program:image-classification-armnn-tflite-loadgen`/tmp/mlperf_log_summary.txt && mkdir -p "$CK_MLPERF_POWER_CLIENT_LOADGEN_LOGS" && cp "$CK_MLPERF_POWER_CLIENT_LOADGEN_LOGS"/../mlperf_log_* "$CK_MLPERF_POWER_CLIENT_LOADGEN_LOGS"/'
client 2022-02-16 08:59:13,284 [INFO] Sending command to the server: 'session,2022-02-16_08-48-21,stop,ranging'
client 2022-02-16 08:59:23,311 [INFO] Got response: 'OK'
client 2022-02-16 08:59:23,355 [INFO] Copying loadgen logs from '/home/katya/CK/ck-mlperf/program/image-classification-armnn-tflite-loadgen/tmp/loadgen_logs' to '/home/katya/CK/ck-mlperf/program/mlperf-power-client/tmp/2022-02-16_08-48-21/ranging'
client 2022-02-16 08:59:23,360 [INFO] Running workload in testing mode
client 2022-02-16 08:59:23,362 [INFO] Synchronizing with the server and with time.google.com...
client 2022-02-16 08:59:23,398 [INFO] NTP:offset = 0.014 s, delay = 0.028 s 
client 2022-02-16 08:59:23,398 [INFO] Sending command to the server: 'time'
client 2022-02-16 08:59:23,400 [INFO] Got response: '1645001963.410432'
client 2022-02-16 08:59:23,401 [INFO] The time difference between the client and the server is within range -11.629 ms..-8.881 ms
client 2022-02-16 08:59:23,402 [INFO] Sending command to the server: 'session,2022-02-16_08-48-21,start,testing'
client 2022-02-16 08:59:36,697 [INFO] Got response: 'OK'
client 2022-02-16 08:59:36,699 [INFO] Running the workload 'ck benchmark program:image-classification-armnn-tflite-loadgen --env.CK_SILENT_MODE=YES --skip_print_timers --dep_add_tags.compiler=gcc,v7 --dep_add_tags.python=v3 --dep_add_tags.mlperf-inference-src=r2.0 --dep_add_tags.weights=resnet50 --dep_add_tags.images=crop.875,preprocessed,using-opencv --dep_add_tags.library=armnn,rel.21.11,neon --env.CK_LOADGEN_DATASET_SIZE=1024 --env.CK_LOADGEN_SCENARIO=SingleStream --env.CK_LOADGEN_MODE=PerformanceOnly --env.USE_NEON=1 --env.USE_OPENCL=0 --env.CK_LOADGEN_TARGET_LATENCY=350 --skip_stat_analysis --process_multi_keys --repetitions=1 --record --record_repo=local --record_uoa=mlperf_v2.0-closed-odroid-armnn-v21.11-neon-resnet50-singlestream-performance-target_latency.350-power.workload --tags=mlperf,round.v2.0,division.closed,task.image-classification,platform.odroid,scenario.singlestream,mode.performance,workload.resnet50,preprocessed_using.opencv,inference_engine.armnn,inference_engine_version.v21.11,inference_engine_backend.neon,target_latency.350,power.workload "@@@{\'meta\': {\'ck_benchmark_program\': \'ck benchmark program:image-classification-armnn-tflite-loadgen --env.CK_SILENT_MODE=YES --skip_print_timers --dep_add_tags.compiler=gcc,v7 --dep_add_tags.python=v3 --dep_add_tags.mlperf-inference-src=r2.0 --dep_add_tags.weights=resnet50 --dep_add_tags.images=crop.875,preprocessed,using-opencv --dep_add_tags.library=armnn,rel.21.11,neon --env.CK_LOADGEN_DATASET_SIZE=1024 --env.CK_LOADGEN_SCENARIO=SingleStream --env.CK_LOADGEN_MODE=PerformanceOnly --env.USE_NEON=1 --env.USE_OPENCL=0 --env.CK_LOADGEN_TARGET_LATENCY=350 --skip_stat_analysis --process_multi_keys --repetitions=1 --record --record_repo=local --record_uoa=mlperf_v2.0-closed-odroid-armnn-v21.11-neon-resnet50-singlestream-performance-target_latency.350-power.workload --tags=mlperf,round.v2.0,division.closed,task.image-classification,platform.odroid,scenario.singlestream,mode.performance,workload.resnet50,preprocessed_using.opencv,inference_engine.armnn,inference_engine_version.v21.11,inference_engine_backend.neon,target_latency.350,power.workload\'}}" && cat `ck find program:image-classification-armnn-tflite-loadgen`/tmp/mlperf_log_summary.txt && mkdir -p "$CK_MLPERF_POWER_CLIENT_LOADGEN_LOGS" && cp "$CK_MLPERF_POWER_CLIENT_LOADGEN_LOGS"/../mlperf_log_* "$CK_MLPERF_POWER_CLIENT_LOADGEN_LOGS"/'
client 2022-02-16 09:09:56,861 [INFO] Sending command to the server: 'session,2022-02-16_08-48-21,stop,testing'
client 2022-02-16 09:10:06,881 [INFO] Got response: 'OK'
client 2022-02-16 09:10:06,892 [INFO] Copying loadgen logs from '/home/katya/CK/ck-mlperf/program/image-classification-armnn-tflite-loadgen/tmp/loadgen_logs' to '/home/katya/CK/ck-mlperf/program/mlperf-power-client/tmp/2022-02-16_08-48-21/run_1'
client 2022-02-16 09:10:06,898 [INFO] Done runs
