ptd-server 2022-02-17 01:06:32,927 [INFO] Got command from the client 'time'
ptd-server 2022-02-17 01:06:32,927 [INFO] Sending reply to client '1645059992.927765'
ptd-server 2022-02-17 01:06:32,929 [INFO] Got command from the client 'new,,f39fabd7-d661-40df-bf29-cc29bf559410'
ptd-server 2022-02-17 01:06:32,929 [INFO] Sending reply to client 'OK 2022-02-17_01-06-32,34f03caf-3d7c-4410-b467-67a5a5db5d77'
ptd-server 2022-02-17 01:06:32,977 [INFO] Got command from the client 'time'
ptd-server 2022-02-17 01:06:32,977 [INFO] Sending reply to client '1645059992.977395'
ptd-server 2022-02-17 01:06:32,979 [INFO] Got command from the client 'session,2022-02-17_01-06-32,start,ranging'
ptd-server 2022-02-17 01:06:32,979 [INFO] Running PTDaemon: ['/home/anton/projects/mlperf/power/inference_v1.0/ptd-linux-x86', '-l', '/tmp/tmpgldyt7rr/ptd_logfile.txt', '-p', '8888', '49', '/dev/usbtmc0']
ptd-server 2022-02-17 01:06:50,145 [INFO] Sending to ptd: 'Hello'
ptd-server 2022-02-17 01:06:50,146 [INFO] Reply from ptd: 'Hello, PTDaemon here!'
ptd-server 2022-02-17 01:06:50,146 [INFO] Sending to ptd: 'Identify'
ptd-server 2022-02-17 01:06:50,146 [INFO] Reply from ptd: 'YokogawaWT310E,1000,1,1,1,1,0,1,1,version=1.9.2-e8c7a49a-20201208,OS=Linux 5.13.0-28-generic #31~20.04.1-Ubuntu SMP Wed Jan 19 14:08:10 UTC 2022 x86_64,mode=power,1,1,1,0,0,no_cal_date,YOKOGAWA;WT310E;C3XA04010E;F1.04'
ptd-server 2022-02-17 01:06:50,146 [INFO] Connected to PTDaemon
ptd-server 2022-02-17 01:06:50,147 [INFO] Sending to ptd: 'RR'
ptd-server 2022-02-17 01:06:50,147 [INFO] Reply from ptd: 'Ranges,0,0.500000,0,300.000000'
ptd-server 2022-02-17 01:06:50,147 [INFO] Initial range for Amps is 0.500000 for Volts is 300.000000
ptd-server 2022-02-17 01:06:50,147 [INFO] Sending to ptd: 'SR,V,Auto'
ptd-server 2022-02-17 01:06:50,649 [INFO] Reply from ptd: 'Range V changed'
ptd-server 2022-02-17 01:06:50,650 [INFO] Sending to ptd: 'SR,A,Auto'
ptd-server 2022-02-17 01:06:51,152 [INFO] Reply from ptd: 'Range A changed'
ptd-server 2022-02-17 01:07:01,162 [INFO] Starting ranging mode
ptd-server 2022-02-17 01:07:01,162 [INFO] Sending to ptd: 'Go,1000,0,2022-02-17_01-06-32_ranging'
ptd-server 2022-02-17 01:07:01,163 [INFO] Reply from ptd: 'Starting untimed measurement, maximum 500000 samples at 1000ms with 0 rampup samples'
ptd-server 2022-02-17 01:07:01,163 [INFO] Sending reply to client 'OK'
ptd-server 2022-02-17 01:17:20,132 [INFO] Got command from the client 'session,2022-02-17_01-06-32,stop,ranging'
ptd-server 2022-02-17 01:17:30,142 [INFO] Sending to ptd: 'Stop'
ptd-server 2022-02-17 01:17:30,142 [INFO] Reply from ptd: 'Stopping untimed measurement'
ptd-server 2022-02-17 01:17:30,250 [INFO] Sending reply to client 'OK'
ptd-server 2022-02-17 01:17:30,327 [INFO] Got command from the client 'time'
ptd-server 2022-02-17 01:17:30,327 [INFO] Sending reply to client '1645060650.3274808'
ptd-server 2022-02-17 01:17:30,330 [INFO] Got command from the client 'session,2022-02-17_01-06-32,start,testing'
ptd-server 2022-02-17 01:17:30,330 [INFO] Sending to ptd: 'SR,V,251.180000'
ptd-server 2022-02-17 01:17:31,832 [INFO] Reply from ptd: 'Range V changed'
ptd-server 2022-02-17 01:17:31,832 [INFO] Sending to ptd: 'SR,A,0.046140'
ptd-server 2022-02-17 01:17:33,333 [INFO] Reply from ptd: 'Range A changed'
ptd-server 2022-02-17 01:17:43,344 [INFO] Starting testing mode
ptd-server 2022-02-17 01:17:43,344 [INFO] Sending to ptd: 'Go,1000,0,2022-02-17_01-06-32_testing'
ptd-server 2022-02-17 01:17:43,344 [INFO] Reply from ptd: 'Starting untimed measurement, maximum 500000 samples at 1000ms with 0 rampup samples'
ptd-server 2022-02-17 01:17:43,344 [INFO] Sending reply to client 'OK'
ptd-server 2022-02-17 01:28:01,395 [INFO] Got command from the client 'session,2022-02-17_01-06-32,stop,testing'
ptd-server 2022-02-17 01:28:11,404 [INFO] Sending to ptd: 'Stop'
ptd-server 2022-02-17 01:28:11,404 [INFO] Reply from ptd: 'Stopping untimed measurement'
ptd-server 2022-02-17 01:28:11,461 [INFO] Sending reply to client 'OK'
ptd-server 2022-02-17 01:28:11,494 [INFO] Got command from the client 'session,2022-02-17_01-06-32,done'
ptd-server 2022-02-17 01:28:11,494 [INFO] Sending to ptd: 'Stop'
ptd-server 2022-02-17 01:28:12,344 [INFO] Reply from ptd: 'Error: no measurement to stop'
ptd-server 2022-02-17 01:28:12,345 [INFO] Sending to ptd: 'SR,V,300.000000'
ptd-server 2022-02-17 01:28:13,846 [INFO] Reply from ptd: 'Range V changed'
ptd-server 2022-02-17 01:28:13,846 [INFO] Sending to ptd: 'SR,A,0.500000'
ptd-server 2022-02-17 01:28:15,347 [INFO] Reply from ptd: 'Range A changed'
ptd-server 2022-02-17 01:28:15,348 [INFO] Set initial values for Amps 0.500000 and Volts 300.000000
ptd-server 2022-02-17 01:28:15,348 [INFO] Stopping ptd...
