client 2022-02-23 08:55:01,480 [INFO] Sending command to the server: 'mlcommons/power client v3'
client 2022-02-23 08:55:01,481 [INFO] Got response: 'mlcommons/power server v3'
client 2022-02-23 08:55:01,481 [INFO] Sending command to the server: 'stop'
client 2022-02-23 08:55:01,482 [INFO] Got response: 'OK'
client 2022-02-23 08:55:01,483 [INFO] Synchronizing with the server and with 192.168.123.123...
client 2022-02-23 08:55:01,485 [INFO] NTP:offset = 0.000 s, delay = 0.000 s 
client 2022-02-23 08:55:01,485 [INFO] Sending command to the server: 'time'
client 2022-02-23 08:55:01,486 [INFO] Got response: '1645606501.4832292'
client 2022-02-23 08:55:01,486 [INFO] The time difference between the client and the server is within range 2.600 ms..3.563 ms
client 2022-02-23 08:55:01,486 [INFO] Sending command to the server: 'new,,80ac3765-bd85-482b-9b53-874962274c27'
client 2022-02-23 08:55:01,488 [INFO] Got response: 'OK 2022-02-23_08-55-01,8ef102d0-5349-40cc-bf5b-75767be60b88'
client 2022-02-23 08:55:01,488 [INFO] Session id is '2022-02-23_08-55-01'
client 2022-02-23 08:55:01,488 [INFO] Sources: {"sources": {"__init__.py": "da39a3ee5e6b4b0d3255bfef95601890afd80709", "client.py": "33ca4f26368777ac06e01f9567b714a4b8063886", "lib/__init__.py": "da39a3ee5e6b4b0d3255bfef95601890afd80709", "lib/client.py": "4c2b78fb4849a7e5b584ef792d82aaed20b17f57", "lib/common.py": "624d0c0acc7c39aaff3674f0b99d6a09da53d1dc", "lib/external/__init__.py": "da39a3ee5e6b4b0d3255bfef95601890afd80709", "lib/external/ntplib.py": "4da8f970656505a40483206ef2b5d3dd5e81711d", "lib/server.py": "59c9fb92908260d3e9f81a895c7aa009742275e4", "lib/source_hashes.py": "60a2e02193209e8d392803326208d5466342da18", "lib/summary.py": "aa92f0a3f975eecd44d3c0cd0236342ccc9f941d", "lib/time_sync.py": "3210db56eb0ff0df57bf4293dc4d4b03fffd46f1", "server.py": "c3f90f2f7eeb4db30727556d0c815ebc89b3d28b", "tests/unit/__init__.py": "da39a3ee5e6b4b0d3255bfef95601890afd80709", "tests/unit/test_server.py": "99ae15aef722f2000ee6ed1ae1523637bf1ae42b", "tests/unit/test_source_hashes.py": "00468a2907583c593e6574a1f6b404e4651c221a"}, "modules": {"ptd_client_server.lib.client": "lib/client.py", "ptd_client_server.lib.common": "lib/common.py", "ptd_client_server.lib.external.ntplib": "lib/external/ntplib.py", "ptd_client_server.lib.source_hashes": "lib/source_hashes.py", "ptd_client_server.lib.summary": "lib/summary.py", "ptd_client_server.lib.time_sync": "lib/time_sync.py"}}
client 2022-02-23 08:55:01,488 [INFO] Running workload in ranging mode
client 2022-02-23 08:55:01,488 [INFO] Synchronizing with the server and with 192.168.123.123...
client 2022-02-23 08:55:01,489 [INFO] NTP:offset = 0.000 s, delay = 0.000 s 
client 2022-02-23 08:55:01,489 [INFO] Sending command to the server: 'time'
client 2022-02-23 08:55:01,490 [INFO] Got response: '1645606501.4832292'
client 2022-02-23 08:55:01,490 [INFO] The time difference between the client and the server is within range 6.223 ms..7.105 ms
client 2022-02-23 08:55:01,490 [INFO] Sending command to the server: 'session,2022-02-23_08-55-01,start,ranging'
client 2022-02-23 08:55:40,088 [INFO] Got response: 'OK'
client 2022-02-23 08:55:40,089 [INFO] Running the workload 'LOG_DIR=/work/build/power_logs_temp python3 code/main.py --benchmarks=resnet50 --scenarios=offline --config_ver=maxq --action="run_harness" \\\n\t\t2>&1 | tee -a /work/build/power_logs/2022.02.23-08.54.41/stdout.txt \\\n\t\t&& if [ ! -d /work/build/power_logs/2022.02.23-08.54.41/ranging_tmp ]; \\\n\t\t\tthen mkdir /work/build/power_logs/2022.02.23-08.54.41/ranging_tmp \\\n\t\t\t\t&& mv /work/build/power_logs_temp/* /work/build/power_logs/2022.02.23-08.54.41/ranging_tmp/ \\\n\t\t\t\t&& cp -v /work/build/power_logs/2022.02.23-08.54.41/ranging_tmp/*/*/*/mlperf_log_detail.txt /work/build/power_logs_temp/ \\\n\t\t\t\t&& cp -v /work/build/power_logs/2022.02.23-08.54.41/ranging_tmp/*/*/*/mlperf_log_summary.txt /work/build/power_logs_temp/; \\\n\t\t\telse mkdir /work/build/power_logs/2022.02.23-08.54.41/testing_tmp \\\n\t\t\t\t&& mv /work/build/power_logs_temp/* /work/build/power_logs/2022.02.23-08.54.41/testing_tmp/ \\\n\t\t\t\t&& cp -v /work/build/power_logs/2022.02.23-08.54.41/testing_tmp/*/*/*/mlperf_log_detail.txt /work/build/power_logs_temp/ \\\n\t\t\t\t&& cp -v /work/build/power_logs/2022.02.23-08.54.41/testing_tmp/*/*/*/mlperf_log_summary.txt /work/build/power_logs_temp/; fi'
client 2022-02-23 09:07:04,625 [INFO] Sending command to the server: 'session,2022-02-23_08-55-01,stop,ranging'
client 2022-02-23 09:07:14,661 [INFO] Got response: 'OK'
client 2022-02-23 09:07:14,670 [INFO] Copying loadgen logs from '/work/build/power_logs_temp' to '/work/build/power_logs/2022.02.23-08.54.41/2022-02-23_08-55-01/ranging'
client 2022-02-23 09:07:14,671 [INFO] Running workload in testing mode
client 2022-02-23 09:07:14,671 [INFO] Synchronizing with the server and with 192.168.123.123...
client 2022-02-23 09:07:14,672 [INFO] NTP:offset = -0.000 s, delay = 0.000 s 
client 2022-02-23 09:07:14,672 [INFO] Sending command to the server: 'time'
client 2022-02-23 09:07:14,673 [INFO] Got response: '1645607234.6338837'
client 2022-02-23 09:07:14,673 [INFO] The time difference between the client and the server is within range 38.978 ms..39.954 ms
client 2022-02-23 09:07:14,673 [INFO] Sending command to the server: 'session,2022-02-23_08-55-01,start,testing'
client 2022-02-23 09:07:36,832 [INFO] Got response: 'OK'
client 2022-02-23 09:07:36,832 [INFO] Running the workload 'LOG_DIR=/work/build/power_logs_temp python3 code/main.py --benchmarks=resnet50 --scenarios=offline --config_ver=maxq --action="run_harness" \\\n\t\t2>&1 | tee -a /work/build/power_logs/2022.02.23-08.54.41/stdout.txt \\\n\t\t&& if [ ! -d /work/build/power_logs/2022.02.23-08.54.41/ranging_tmp ]; \\\n\t\t\tthen mkdir /work/build/power_logs/2022.02.23-08.54.41/ranging_tmp \\\n\t\t\t\t&& mv /work/build/power_logs_temp/* /work/build/power_logs/2022.02.23-08.54.41/ranging_tmp/ \\\n\t\t\t\t&& cp -v /work/build/power_logs/2022.02.23-08.54.41/ranging_tmp/*/*/*/mlperf_log_detail.txt /work/build/power_logs_temp/ \\\n\t\t\t\t&& cp -v /work/build/power_logs/2022.02.23-08.54.41/ranging_tmp/*/*/*/mlperf_log_summary.txt /work/build/power_logs_temp/; \\\n\t\t\telse mkdir /work/build/power_logs/2022.02.23-08.54.41/testing_tmp \\\n\t\t\t\t&& mv /work/build/power_logs_temp/* /work/build/power_logs/2022.02.23-08.54.41/testing_tmp/ \\\n\t\t\t\t&& cp -v /work/build/power_logs/2022.02.23-08.54.41/testing_tmp/*/*/*/mlperf_log_detail.txt /work/build/power_logs_temp/ \\\n\t\t\t\t&& cp -v /work/build/power_logs/2022.02.23-08.54.41/testing_tmp/*/*/*/mlperf_log_summary.txt /work/build/power_logs_temp/; fi'
client 2022-02-23 09:18:58,828 [INFO] Sending command to the server: 'session,2022-02-23_08-55-01,stop,testing'
client 2022-02-23 09:19:08,845 [INFO] Got response: 'OK'
client 2022-02-23 09:19:08,847 [INFO] Copying loadgen logs from '/work/build/power_logs_temp' to '/work/build/power_logs/2022.02.23-08.54.41/2022-02-23_08-55-01/run_1'
client 2022-02-23 09:19:08,848 [INFO] Done runs
