ptd-server 2022-02-23 08:55:01,467 [INFO] Got command from the client 'stop'
ptd-server 2022-02-23 08:55:01,467 [INFO] The server will be stopped after processing this client
ptd-server 2022-02-23 08:55:01,467 [INFO] Sending reply to client 'OK'
ptd-server 2022-02-23 08:55:01,483 [INFO] Got command from the client 'time'
ptd-server 2022-02-23 08:55:01,483 [INFO] Sending reply to client '1645606501.4832292'
ptd-server 2022-02-23 08:55:01,483 [INFO] Got command from the client 'new,,80ac3765-bd85-482b-9b53-874962274c27'
ptd-server 2022-02-23 08:55:01,483 [INFO] Sending reply to client 'OK 2022-02-23_08-55-01,8ef102d0-5349-40cc-bf5b-75767be60b88'
ptd-server 2022-02-23 08:55:01,483 [INFO] Got command from the client 'time'
ptd-server 2022-02-23 08:55:01,483 [INFO] Sending reply to client '1645606501.4832292'
ptd-server 2022-02-23 08:55:01,483 [INFO] Got command from the client 'session,2022-02-23_08-55-01,start,ranging'
ptd-server 2022-02-23 08:55:01,592 [INFO] Running PTDaemon: ['C:\\PTD\\ptd-windows-x86.exe', '-l', 'C:\\Users\\pa\\AppData\\Local\\Temp\\tmp6jyndxm6\\ptd_logfile.txt', '-p', '8888', '-c', '1,2', '-y', '77', 'C2WL21005V']
ptd-server 2022-02-23 08:55:19,917 [INFO] Sending to ptd: 'Hello'
ptd-server 2022-02-23 08:55:19,917 [INFO] Reply from ptd: 'Hello, PTDaemon here!'
ptd-server 2022-02-23 08:55:19,917 [INFO] Sending to ptd: 'Identify'
ptd-server 2022-02-23 08:55:19,917 [INFO] Reply from ptd: 'YokogawaWT330_multichannel,1000,1,1,1,1,0,0,1,version=1.9.2-3976349f-20201208,OS=Windows 8 / Server 2012,mode=power,1,1,2,0,0,no_cal_date,YOKOGAWA;WT333E;C2WL21005V;F1.04'
ptd-server 2022-02-23 08:55:19,917 [INFO] Connected to PTDaemon
ptd-server 2022-02-23 08:55:19,917 [INFO] Sending to ptd: 'RR'
ptd-server 2022-02-23 08:55:19,917 [INFO] Reply from ptd: 'Ranges,-1,-1.000000,-1,-1.000000'
ptd-server 2022-02-23 08:55:19,917 [INFO] Initial range for Amps is Auto for Volts is Auto
ptd-server 2022-02-23 08:55:19,917 [INFO] Sending to ptd: 'SR,V,Auto'
ptd-server 2022-02-23 08:55:24,994 [INFO] Reply from ptd: 'Range V changed'
ptd-server 2022-02-23 08:55:24,994 [INFO] Sending to ptd: 'SR,A,Auto'
ptd-server 2022-02-23 08:55:30,071 [INFO] Reply from ptd: 'Range A changed'
ptd-server 2022-02-23 08:55:40,084 [INFO] Starting ranging mode
ptd-server 2022-02-23 08:55:40,084 [INFO] Sending to ptd: 'Go,1000,0,2022-02-23_08-55-01_ranging'
ptd-server 2022-02-23 08:55:40,084 [INFO] Reply from ptd: 'Starting untimed measurement, maximum 500000 samples at 1000ms with 0 rampup samples'
ptd-server 2022-02-23 08:55:40,084 [INFO] Sending reply to client 'OK'
ptd-server 2022-02-23 09:07:04,589 [INFO] Got command from the client 'session,2022-02-23_08-55-01,stop,ranging'
ptd-server 2022-02-23 09:07:14,602 [INFO] Sending to ptd: 'Stop'
ptd-server 2022-02-23 09:07:14,602 [INFO] Reply from ptd: 'Stopping untimed measurement'
ptd-server 2022-02-23 09:07:14,618 [INFO] Sending reply to client 'OK'
ptd-server 2022-02-23 09:07:14,633 [INFO] Got command from the client 'time'
ptd-server 2022-02-23 09:07:14,633 [INFO] Sending reply to client '1645607234.6338837'
ptd-server 2022-02-23 09:07:14,633 [INFO] Got command from the client 'session,2022-02-23_08-55-01,start,testing'
ptd-server 2022-02-23 09:07:14,633 [INFO] Sending to ptd: 'SR,V,121.450000'
ptd-server 2022-02-23 09:07:21,195 [INFO] Reply from ptd: 'Range V changed'
ptd-server 2022-02-23 09:07:21,195 [INFO] Sending to ptd: 'SR,A,1.468800'
ptd-server 2022-02-23 09:07:26,787 [INFO] Reply from ptd: 'Range A changed'
ptd-server 2022-02-23 09:07:36,801 [INFO] Starting testing mode
ptd-server 2022-02-23 09:07:36,801 [INFO] Sending to ptd: 'Go,1000,0,2022-02-23_08-55-01_testing'
ptd-server 2022-02-23 09:07:36,801 [INFO] Reply from ptd: 'Starting untimed measurement, maximum 500000 samples at 1000ms with 0 rampup samples'
ptd-server 2022-02-23 09:07:36,801 [INFO] Sending reply to client 'OK'
ptd-server 2022-02-23 09:18:58,759 [INFO] Got command from the client 'session,2022-02-23_08-55-01,stop,testing'
ptd-server 2022-02-23 09:19:08,772 [INFO] Sending to ptd: 'Stop'
ptd-server 2022-02-23 09:19:08,772 [INFO] Reply from ptd: 'Stopping untimed measurement'
ptd-server 2022-02-23 09:19:08,788 [INFO] Sending reply to client 'OK'
ptd-server 2022-02-23 09:19:08,788 [INFO] Got command from the client 'session,2022-02-23_08-55-01,done'
ptd-server 2022-02-23 09:19:08,788 [INFO] Sending to ptd: 'Stop'
ptd-server 2022-02-23 09:19:08,803 [INFO] Reply from ptd: 'Error: no measurement to stop'
ptd-server 2022-02-23 09:19:08,803 [INFO] Sending to ptd: 'SR,V,Auto'
ptd-server 2022-02-23 09:19:13,881 [INFO] Reply from ptd: 'Range V changed'
ptd-server 2022-02-23 09:19:13,881 [INFO] Sending to ptd: 'SR,A,Auto'
ptd-server 2022-02-23 09:19:18,958 [INFO] Reply from ptd: 'Range A changed'
ptd-server 2022-02-23 09:19:18,958 [INFO] Set initial values for Amps Auto and Volts Auto
ptd-server 2022-02-23 09:19:18,958 [INFO] Stopping ptd...
