ptd-server 2022-02-24 04:36:52,196 [INFO] Got command from the client 'time'
ptd-server 2022-02-24 04:36:52,196 [INFO] Sending reply to client '1645677412.1964395'
ptd-server 2022-02-24 04:36:52,198 [INFO] Got command from the client 'new,,c2335d6b-50c8-46ec-bc72-26fd7cb9b96d'
ptd-server 2022-02-24 04:36:52,199 [INFO] Sending reply to client 'OK 2022-02-24_04-36-52,25eed4de-c63f-4bf2-a654-1d90bb584d75'
ptd-server 2022-02-24 04:36:52,236 [INFO] Got command from the client 'time'
ptd-server 2022-02-24 04:36:52,236 [INFO] Sending reply to client '1645677412.2363577'
ptd-server 2022-02-24 04:36:52,238 [INFO] Got command from the client 'session,2022-02-24_04-36-52,start,ranging'
ptd-server 2022-02-24 04:36:52,238 [INFO] Running PTDaemon: ['/home/anton/projects/mlperf/power/inference_v1.0/ptd-linux-x86', '-l', '/tmp/tmp0_fn53vp/ptd_logfile.txt', '-p', '8888', '49', '/dev/usbtmc0']
ptd-server 2022-02-24 04:37:09,411 [INFO] Sending to ptd: 'Hello'
ptd-server 2022-02-24 04:37:09,412 [INFO] Reply from ptd: 'Hello, PTDaemon here!'
ptd-server 2022-02-24 04:37:09,412 [INFO] Sending to ptd: 'Identify'
ptd-server 2022-02-24 04:37:09,413 [INFO] Reply from ptd: 'YokogawaWT310E,1000,1,1,1,1,0,1,1,version=1.9.2-e8c7a49a-20201208,OS=Linux 5.13.0-30-generic #33~20.04.1-Ubuntu SMP Mon Feb 7 14:25:10 UTC 2022 x86_64,mode=power,1,1,1,0,0,no_cal_date,YOKOGAWA;WT310E;C3XA04010E;F1.04'
ptd-server 2022-02-24 04:37:09,413 [INFO] Connected to PTDaemon
ptd-server 2022-02-24 04:37:09,413 [INFO] Sending to ptd: 'RR'
ptd-server 2022-02-24 04:37:09,413 [INFO] Reply from ptd: 'Ranges,0,0.500000,1,300.000000'
ptd-server 2022-02-24 04:37:09,413 [INFO] Initial range for Amps is 0.500000 for Volts is Auto
ptd-server 2022-02-24 04:37:09,413 [INFO] Sending to ptd: 'SR,V,Auto'
ptd-server 2022-02-24 04:37:09,916 [INFO] Reply from ptd: 'Range V changed'
ptd-server 2022-02-24 04:37:09,916 [INFO] Sending to ptd: 'SR,A,Auto'
ptd-server 2022-02-24 04:37:10,418 [INFO] Reply from ptd: 'Range A changed'
ptd-server 2022-02-24 04:37:20,429 [INFO] Starting ranging mode
ptd-server 2022-02-24 04:37:20,429 [INFO] Sending to ptd: 'Go,1000,0,2022-02-24_04-36-52_ranging'
ptd-server 2022-02-24 04:37:20,429 [INFO] Reply from ptd: 'Starting untimed measurement, maximum 500000 samples at 1000ms with 0 rampup samples'
ptd-server 2022-02-24 04:37:20,429 [INFO] Sending reply to client 'OK'
ptd-server 2022-02-24 04:47:43,171 [INFO] Got command from the client 'session,2022-02-24_04-36-52,stop,ranging'
ptd-server 2022-02-24 04:47:53,181 [INFO] Sending to ptd: 'Stop'
ptd-server 2022-02-24 04:47:53,181 [INFO] Reply from ptd: 'Stopping untimed measurement'
ptd-server 2022-02-24 04:47:53,245 [INFO] Sending reply to client 'OK'
ptd-server 2022-02-24 04:47:53,304 [INFO] Got command from the client 'time'
ptd-server 2022-02-24 04:47:53,304 [INFO] Sending reply to client '1645678073.30459'
ptd-server 2022-02-24 04:47:53,306 [INFO] Got command from the client 'session,2022-02-24_04-36-52,start,testing'
ptd-server 2022-02-24 04:47:53,306 [INFO] Sending to ptd: 'SR,V,251.170000'
ptd-server 2022-02-24 04:47:54,931 [INFO] Reply from ptd: 'Range V changed'
ptd-server 2022-02-24 04:47:54,931 [INFO] Sending to ptd: 'SR,A,0.043490'
ptd-server 2022-02-24 04:47:56,432 [INFO] Reply from ptd: 'Range A changed'
ptd-server 2022-02-24 04:48:06,443 [INFO] Starting testing mode
ptd-server 2022-02-24 04:48:06,443 [INFO] Sending to ptd: 'Go,1000,0,2022-02-24_04-36-52_testing'
ptd-server 2022-02-24 04:48:06,443 [INFO] Reply from ptd: 'Starting untimed measurement, maximum 500000 samples at 1000ms with 0 rampup samples'
ptd-server 2022-02-24 04:48:06,443 [INFO] Sending reply to client 'OK'
ptd-server 2022-02-24 04:58:28,872 [INFO] Got command from the client 'session,2022-02-24_04-36-52,stop,testing'
ptd-server 2022-02-24 04:58:38,883 [INFO] Sending to ptd: 'Stop'
ptd-server 2022-02-24 04:58:38,883 [INFO] Reply from ptd: 'Stopping untimed measurement'
ptd-server 2022-02-24 04:58:38,914 [INFO] Sending reply to client 'OK'
ptd-server 2022-02-24 04:58:38,926 [INFO] Got command from the client 'session,2022-02-24_04-36-52,done'
ptd-server 2022-02-24 04:58:38,927 [INFO] Sending to ptd: 'Stop'
ptd-server 2022-02-24 04:58:39,444 [INFO] Reply from ptd: 'Error: no measurement to stop'
ptd-server 2022-02-24 04:58:39,444 [INFO] Sending to ptd: 'SR,V,Auto'
ptd-server 2022-02-24 04:58:39,947 [INFO] Reply from ptd: 'Range V changed'
ptd-server 2022-02-24 04:58:39,947 [INFO] Sending to ptd: 'SR,A,0.500000'
ptd-server 2022-02-24 04:58:41,448 [INFO] Reply from ptd: 'Range A changed'
ptd-server 2022-02-24 04:58:41,448 [INFO] Set initial values for Amps 0.500000 and Volts Auto
ptd-server 2022-02-24 04:58:41,449 [INFO] Stopping ptd...
