ptd-server 2022-02-13 08:10:32,608 [INFO] Got command from the client 'time'
ptd-server 2022-02-13 08:10:32,608 [INFO] Sending reply to client '1644739832.6084526'
ptd-server 2022-02-13 08:10:32,610 [INFO] Got command from the client 'new,,1c28bfb1-1791-4e82-b91f-bf9661a228f5'
ptd-server 2022-02-13 08:10:32,611 [INFO] Sending reply to client 'OK 2022-02-13_08-10-32,6a60b9d8-b95f-4674-94ad-164aa8e1338b'
ptd-server 2022-02-13 08:10:32,658 [INFO] Got command from the client 'time'
ptd-server 2022-02-13 08:10:32,658 [INFO] Sending reply to client '1644739832.6583037'
ptd-server 2022-02-13 08:10:32,660 [INFO] Got command from the client 'session,2022-02-13_08-10-32,start,ranging'
ptd-server 2022-02-13 08:10:32,660 [INFO] Running PTDaemon: ['/home/anton/projects/mlperf/power/inference_v1.0/ptd-linux-x86', '-l', '/tmp/tmpxvec0g6h/ptd_logfile.txt', '-p', '8888', '49', '/dev/usbtmc0']
ptd-server 2022-02-13 08:10:49,833 [INFO] Sending to ptd: 'Hello'
ptd-server 2022-02-13 08:10:49,834 [INFO] Reply from ptd: 'Hello, PTDaemon here!'
ptd-server 2022-02-13 08:10:49,834 [INFO] Sending to ptd: 'Identify'
ptd-server 2022-02-13 08:10:49,835 [INFO] Reply from ptd: 'YokogawaWT310E,1000,1,1,1,1,0,1,1,version=1.9.2-e8c7a49a-20201208,OS=Linux 5.13.0-27-generic #29~20.04.1-Ubuntu SMP Fri Jan 14 00:32:30 UTC 2022 x86_64,mode=power,1,1,1,0,0,no_cal_date,YOKOGAWA;WT310E;C3XA04010E;F1.04'
ptd-server 2022-02-13 08:10:49,835 [INFO] Connected to PTDaemon
ptd-server 2022-02-13 08:10:49,835 [INFO] Sending to ptd: 'RR'
ptd-server 2022-02-13 08:10:49,835 [INFO] Reply from ptd: 'Ranges,0,0.500000,0,300.000000'
ptd-server 2022-02-13 08:10:49,835 [INFO] Initial range for Amps is 0.500000 for Volts is 300.000000
ptd-server 2022-02-13 08:10:49,835 [INFO] Sending to ptd: 'SR,V,Auto'
ptd-server 2022-02-13 08:10:50,338 [INFO] Reply from ptd: 'Range V changed'
ptd-server 2022-02-13 08:10:50,338 [INFO] Sending to ptd: 'SR,A,Auto'
ptd-server 2022-02-13 08:10:50,840 [INFO] Reply from ptd: 'Range A changed'
ptd-server 2022-02-13 08:11:00,851 [INFO] Starting ranging mode
ptd-server 2022-02-13 08:11:00,851 [INFO] Sending to ptd: 'Go,1000,0,2022-02-13_08-10-32_ranging'
ptd-server 2022-02-13 08:11:00,851 [INFO] Reply from ptd: 'Starting untimed measurement, maximum 500000 samples at 1000ms with 0 rampup samples'
ptd-server 2022-02-13 08:11:00,852 [INFO] Sending reply to client 'OK'
ptd-server 2022-02-13 08:21:16,707 [INFO] Got command from the client 'session,2022-02-13_08-10-32,stop,ranging'
ptd-server 2022-02-13 08:21:26,718 [INFO] Sending to ptd: 'Stop'
ptd-server 2022-02-13 08:21:26,718 [INFO] Reply from ptd: 'Stopping untimed measurement'
ptd-server 2022-02-13 08:21:27,297 [INFO] Sending reply to client 'OK'
ptd-server 2022-02-13 08:21:27,365 [INFO] Got command from the client 'time'
ptd-server 2022-02-13 08:21:27,365 [INFO] Sending reply to client '1644740487.3656564'
ptd-server 2022-02-13 08:21:27,368 [INFO] Got command from the client 'session,2022-02-13_08-10-32,start,testing'
ptd-server 2022-02-13 08:21:27,368 [INFO] Sending to ptd: 'SR,V,249.790000'
ptd-server 2022-02-13 08:21:28,869 [INFO] Reply from ptd: 'Range V changed'
ptd-server 2022-02-13 08:21:28,869 [INFO] Sending to ptd: 'SR,A,0.151960'
ptd-server 2022-02-13 08:21:30,371 [INFO] Reply from ptd: 'Range A changed'
ptd-server 2022-02-13 08:21:40,381 [INFO] Starting testing mode
ptd-server 2022-02-13 08:21:40,381 [INFO] Sending to ptd: 'Go,1000,0,2022-02-13_08-10-32_testing'
ptd-server 2022-02-13 08:21:40,382 [INFO] Reply from ptd: 'Starting untimed measurement, maximum 500000 samples at 1000ms with 0 rampup samples'
ptd-server 2022-02-13 08:21:40,382 [INFO] Sending reply to client 'OK'
ptd-server 2022-02-13 08:31:56,214 [INFO] Got command from the client 'session,2022-02-13_08-10-32,stop,testing'
ptd-server 2022-02-13 08:32:06,225 [INFO] Sending to ptd: 'Stop'
ptd-server 2022-02-13 08:32:06,225 [INFO] Reply from ptd: 'Stopping untimed measurement'
ptd-server 2022-02-13 08:32:06,533 [INFO] Sending reply to client 'OK'
ptd-server 2022-02-13 08:32:06,552 [INFO] Got command from the client 'session,2022-02-13_08-10-32,done'
ptd-server 2022-02-13 08:32:06,552 [INFO] Sending to ptd: 'Stop'
ptd-server 2022-02-13 08:32:06,552 [INFO] Reply from ptd: 'Error: no measurement to stop'
ptd-server 2022-02-13 08:32:06,552 [INFO] Sending to ptd: 'SR,V,300.000000'
ptd-server 2022-02-13 08:32:08,054 [INFO] Reply from ptd: 'Range V changed'
ptd-server 2022-02-13 08:32:08,054 [INFO] Sending to ptd: 'SR,A,0.500000'
ptd-server 2022-02-13 08:32:09,555 [INFO] Reply from ptd: 'Range A changed'
ptd-server 2022-02-13 08:32:09,555 [INFO] Set initial values for Amps 0.500000 and Volts 300.000000
ptd-server 2022-02-13 08:32:09,556 [INFO] Stopping ptd...
