ptd-server 2022-02-20 11:34:37,387 [INFO] Got command from the client 'time'
ptd-server 2022-02-20 11:34:37,387 [INFO] Sending reply to client '1645356877.3877559'
ptd-server 2022-02-20 11:34:37,389 [INFO] Got command from the client 'new,,33a0bb6e-76a4-4b4f-88cd-a30fbb99bee0'
ptd-server 2022-02-20 11:34:37,389 [INFO] Sending reply to client 'OK 2022-02-20_11-34-37,10fb5d7a-9710-4eba-a1e3-72e32770c234'
ptd-server 2022-02-20 11:34:37,417 [INFO] Got command from the client 'time'
ptd-server 2022-02-20 11:34:37,417 [INFO] Sending reply to client '1645356877.4177172'
ptd-server 2022-02-20 11:34:37,419 [INFO] Got command from the client 'session,2022-02-20_11-34-37,start,ranging'
ptd-server 2022-02-20 11:34:37,419 [INFO] Running PTDaemon: ['/home/anton/projects/mlperf/power/inference_v1.0/ptd-linux-x86', '-l', '/tmp/tmpgldyt7rr/ptd_logfile.txt', '-p', '8888', '49', '/dev/usbtmc0']
ptd-server 2022-02-20 11:34:54,585 [INFO] Sending to ptd: 'Hello'
ptd-server 2022-02-20 11:34:54,586 [INFO] Reply from ptd: 'Hello, PTDaemon here!'
ptd-server 2022-02-20 11:34:54,586 [INFO] Sending to ptd: 'Identify'
ptd-server 2022-02-20 11:34:54,586 [INFO] Reply from ptd: 'YokogawaWT310E,1000,1,1,1,1,0,1,1,version=1.9.2-e8c7a49a-20201208,OS=Linux 5.13.0-28-generic #31~20.04.1-Ubuntu SMP Wed Jan 19 14:08:10 UTC 2022 x86_64,mode=power,1,1,1,0,0,no_cal_date,YOKOGAWA;WT310E;C3XA04010E;F1.04'
ptd-server 2022-02-20 11:34:54,586 [INFO] Connected to PTDaemon
ptd-server 2022-02-20 11:34:54,586 [INFO] Sending to ptd: 'RR'
ptd-server 2022-02-20 11:34:54,587 [INFO] Reply from ptd: 'Ranges,0,0.500000,0,300.000000'
ptd-server 2022-02-20 11:34:54,587 [INFO] Initial range for Amps is 0.500000 for Volts is 300.000000
ptd-server 2022-02-20 11:34:54,587 [INFO] Sending to ptd: 'SR,V,Auto'
ptd-server 2022-02-20 11:34:55,089 [INFO] Reply from ptd: 'Range V changed'
ptd-server 2022-02-20 11:34:55,090 [INFO] Sending to ptd: 'SR,A,Auto'
ptd-server 2022-02-20 11:34:55,592 [INFO] Reply from ptd: 'Range A changed'
ptd-server 2022-02-20 11:35:05,597 [INFO] Starting ranging mode
ptd-server 2022-02-20 11:35:05,597 [INFO] Sending to ptd: 'Go,1000,0,2022-02-20_11-34-37_ranging'
ptd-server 2022-02-20 11:35:05,597 [INFO] Reply from ptd: 'Starting untimed measurement, maximum 500000 samples at 1000ms with 0 rampup samples'
ptd-server 2022-02-20 11:35:05,598 [INFO] Sending reply to client 'OK'
ptd-server 2022-02-20 11:45:22,544 [INFO] Got command from the client 'session,2022-02-20_11-34-37,stop,ranging'
ptd-server 2022-02-20 11:45:32,552 [INFO] Sending to ptd: 'Stop'
ptd-server 2022-02-20 11:45:32,552 [INFO] Reply from ptd: 'Stopping untimed measurement'
ptd-server 2022-02-20 11:45:33,022 [INFO] Sending reply to client 'OK'
ptd-server 2022-02-20 11:45:33,113 [INFO] Got command from the client 'time'
ptd-server 2022-02-20 11:45:33,113 [INFO] Sending reply to client '1645357533.1132076'
ptd-server 2022-02-20 11:45:33,116 [INFO] Got command from the client 'session,2022-02-20_11-34-37,start,testing'
ptd-server 2022-02-20 11:45:33,116 [INFO] Sending to ptd: 'SR,V,249.220000'
ptd-server 2022-02-20 11:45:34,617 [INFO] Reply from ptd: 'Range V changed'
ptd-server 2022-02-20 11:45:34,617 [INFO] Sending to ptd: 'SR,A,0.047670'
ptd-server 2022-02-20 11:45:36,118 [INFO] Reply from ptd: 'Range A changed'
ptd-server 2022-02-20 11:45:46,129 [INFO] Starting testing mode
ptd-server 2022-02-20 11:45:46,129 [INFO] Sending to ptd: 'Go,1000,0,2022-02-20_11-34-37_testing'
ptd-server 2022-02-20 11:45:46,129 [INFO] Reply from ptd: 'Starting untimed measurement, maximum 500000 samples at 1000ms with 0 rampup samples'
ptd-server 2022-02-20 11:45:46,129 [INFO] Sending reply to client 'OK'
ptd-server 2022-02-20 11:56:04,060 [INFO] Got command from the client 'session,2022-02-20_11-34-37,stop,testing'
ptd-server 2022-02-20 11:56:14,070 [INFO] Sending to ptd: 'Stop'
ptd-server 2022-02-20 11:56:14,071 [INFO] Reply from ptd: 'Stopping untimed measurement'
ptd-server 2022-02-20 11:56:14,315 [INFO] Sending reply to client 'OK'
ptd-server 2022-02-20 11:56:14,351 [INFO] Got command from the client 'session,2022-02-20_11-34-37,done'
ptd-server 2022-02-20 11:56:14,352 [INFO] Sending to ptd: 'Stop'
ptd-server 2022-02-20 11:56:14,352 [INFO] Reply from ptd: 'Error: no measurement to stop'
ptd-server 2022-02-20 11:56:14,352 [INFO] Sending to ptd: 'SR,V,300.000000'
ptd-server 2022-02-20 11:56:15,853 [INFO] Reply from ptd: 'Range V changed'
ptd-server 2022-02-20 11:56:15,853 [INFO] Sending to ptd: 'SR,A,0.500000'
ptd-server 2022-02-20 11:56:17,355 [INFO] Reply from ptd: 'Range A changed'
ptd-server 2022-02-20 11:56:17,355 [INFO] Set initial values for Amps 0.500000 and Volts 300.000000
ptd-server 2022-02-20 11:56:17,355 [INFO] Stopping ptd...
