ptd-server 2022-02-20 04:04:54,188 [INFO] Got command from the client 'time'
ptd-server 2022-02-20 04:04:54,189 [INFO] Sending reply to client '1645329894.188996'
ptd-server 2022-02-20 04:04:54,190 [INFO] Got command from the client 'new,,ba149044-00bc-4dfc-a66b-55049f06d396'
ptd-server 2022-02-20 04:04:54,191 [INFO] Sending reply to client 'OK 2022-02-20_04-04-54,adcc55cd-59cf-4a7c-b3ec-12cb6413333d'
ptd-server 2022-02-20 04:04:54,225 [INFO] Got command from the client 'time'
ptd-server 2022-02-20 04:04:54,225 [INFO] Sending reply to client '1645329894.2254846'
ptd-server 2022-02-20 04:04:54,227 [INFO] Got command from the client 'session,2022-02-20_04-04-54,start,ranging'
ptd-server 2022-02-20 04:04:54,227 [INFO] Running PTDaemon: ['/home/anton/projects/mlperf/power/inference_v1.0/ptd-linux-x86', '-l', '/tmp/tmpgldyt7rr/ptd_logfile.txt', '-p', '8888', '49', '/dev/usbtmc0']
ptd-server 2022-02-20 04:05:11,400 [INFO] Sending to ptd: 'Hello'
ptd-server 2022-02-20 04:05:11,401 [INFO] Reply from ptd: 'Hello, PTDaemon here!'
ptd-server 2022-02-20 04:05:11,401 [INFO] Sending to ptd: 'Identify'
ptd-server 2022-02-20 04:05:11,401 [INFO] Reply from ptd: 'YokogawaWT310E,1000,1,1,1,1,0,1,1,version=1.9.2-e8c7a49a-20201208,OS=Linux 5.13.0-28-generic #31~20.04.1-Ubuntu SMP Wed Jan 19 14:08:10 UTC 2022 x86_64,mode=power,1,1,1,0,0,no_cal_date,YOKOGAWA;WT310E;C3XA04010E;F1.04'
ptd-server 2022-02-20 04:05:11,402 [INFO] Connected to PTDaemon
ptd-server 2022-02-20 04:05:11,402 [INFO] Sending to ptd: 'RR'
ptd-server 2022-02-20 04:05:11,402 [INFO] Reply from ptd: 'Ranges,0,0.500000,0,300.000000'
ptd-server 2022-02-20 04:05:11,402 [INFO] Initial range for Amps is 0.500000 for Volts is 300.000000
ptd-server 2022-02-20 04:05:11,402 [INFO] Sending to ptd: 'SR,V,Auto'
ptd-server 2022-02-20 04:05:11,905 [INFO] Reply from ptd: 'Range V changed'
ptd-server 2022-02-20 04:05:11,905 [INFO] Sending to ptd: 'SR,A,Auto'
ptd-server 2022-02-20 04:05:12,407 [INFO] Reply from ptd: 'Range A changed'
ptd-server 2022-02-20 04:05:22,418 [INFO] Starting ranging mode
ptd-server 2022-02-20 04:05:22,418 [INFO] Sending to ptd: 'Go,1000,0,2022-02-20_04-04-54_ranging'
ptd-server 2022-02-20 04:05:22,418 [INFO] Reply from ptd: 'Starting untimed measurement, maximum 500000 samples at 1000ms with 0 rampup samples'
ptd-server 2022-02-20 04:05:22,418 [INFO] Sending reply to client 'OK'
ptd-server 2022-02-20 04:15:43,781 [INFO] Got command from the client 'session,2022-02-20_04-04-54,stop,ranging'
ptd-server 2022-02-20 04:15:53,791 [INFO] Sending to ptd: 'Stop'
ptd-server 2022-02-20 04:15:53,792 [INFO] Reply from ptd: 'Stopping untimed measurement'
ptd-server 2022-02-20 04:15:54,220 [INFO] Sending reply to client 'OK'
ptd-server 2022-02-20 04:15:54,283 [INFO] Got command from the client 'time'
ptd-server 2022-02-20 04:15:54,283 [INFO] Sending reply to client '1645330554.2832801'
ptd-server 2022-02-20 04:15:54,286 [INFO] Got command from the client 'session,2022-02-20_04-04-54,start,testing'
ptd-server 2022-02-20 04:15:54,286 [INFO] Sending to ptd: 'SR,V,249.470000'
ptd-server 2022-02-20 04:15:55,920 [INFO] Reply from ptd: 'Range V changed'
ptd-server 2022-02-20 04:15:55,920 [INFO] Sending to ptd: 'SR,A,0.068360'
ptd-server 2022-02-20 04:15:57,421 [INFO] Reply from ptd: 'Range A changed'
ptd-server 2022-02-20 04:16:07,432 [INFO] Starting testing mode
ptd-server 2022-02-20 04:16:07,432 [INFO] Sending to ptd: 'Go,1000,0,2022-02-20_04-04-54_testing'
ptd-server 2022-02-20 04:16:07,432 [INFO] Reply from ptd: 'Starting untimed measurement, maximum 500000 samples at 1000ms with 0 rampup samples'
ptd-server 2022-02-20 04:16:07,432 [INFO] Sending reply to client 'OK'
ptd-server 2022-02-20 04:26:29,525 [INFO] Got command from the client 'session,2022-02-20_04-04-54,stop,testing'
ptd-server 2022-02-20 04:26:39,532 [INFO] Sending to ptd: 'Stop'
ptd-server 2022-02-20 04:26:39,532 [INFO] Reply from ptd: 'Stopping untimed measurement'
ptd-server 2022-02-20 04:26:39,764 [INFO] Sending reply to client 'OK'
ptd-server 2022-02-20 04:26:39,800 [INFO] Got command from the client 'session,2022-02-20_04-04-54,done'
ptd-server 2022-02-20 04:26:39,800 [INFO] Sending to ptd: 'Stop'
ptd-server 2022-02-20 04:26:40,433 [INFO] Reply from ptd: 'Error: no measurement to stop'
ptd-server 2022-02-20 04:26:40,433 [INFO] Sending to ptd: 'SR,V,300.000000'
ptd-server 2022-02-20 04:26:41,934 [INFO] Reply from ptd: 'Range V changed'
ptd-server 2022-02-20 04:26:41,934 [INFO] Sending to ptd: 'SR,A,0.500000'
ptd-server 2022-02-20 04:26:43,436 [INFO] Reply from ptd: 'Range A changed'
ptd-server 2022-02-20 04:26:43,436 [INFO] Set initial values for Amps 0.500000 and Volts 300.000000
ptd-server 2022-02-20 04:26:43,436 [INFO] Stopping ptd...
