ptd-server 2022-02-24 05:20:49,376 [INFO] Got command from the client 'time'
ptd-server 2022-02-24 05:20:49,376 [INFO] Sending reply to client '1645680049.3767824'
ptd-server 2022-02-24 05:20:49,378 [INFO] Got command from the client 'new,,fb8d4396-4eef-4773-b824-1deb6a28304e'
ptd-server 2022-02-24 05:20:49,379 [INFO] Sending reply to client 'OK 2022-02-24_05-20-49,23e1a62c-d636-421a-a4de-902ae6489c97'
ptd-server 2022-02-24 05:20:49,416 [INFO] Got command from the client 'time'
ptd-server 2022-02-24 05:20:49,416 [INFO] Sending reply to client '1645680049.4166708'
ptd-server 2022-02-24 05:20:49,418 [INFO] Got command from the client 'session,2022-02-24_05-20-49,start,ranging'
ptd-server 2022-02-24 05:20:49,418 [INFO] Running PTDaemon: ['/home/anton/projects/mlperf/power/inference_v1.0/ptd-linux-x86', '-l', '/tmp/tmp0_fn53vp/ptd_logfile.txt', '-p', '8888', '49', '/dev/usbtmc0']
ptd-server 2022-02-24 05:21:06,592 [INFO] Sending to ptd: 'Hello'
ptd-server 2022-02-24 05:21:06,593 [INFO] Reply from ptd: 'Hello, PTDaemon here!'
ptd-server 2022-02-24 05:21:06,593 [INFO] Sending to ptd: 'Identify'
ptd-server 2022-02-24 05:21:06,593 [INFO] Reply from ptd: 'YokogawaWT310E,1000,1,1,1,1,0,1,1,version=1.9.2-e8c7a49a-20201208,OS=Linux 5.13.0-30-generic #33~20.04.1-Ubuntu SMP Mon Feb 7 14:25:10 UTC 2022 x86_64,mode=power,1,1,1,0,0,no_cal_date,YOKOGAWA;WT310E;C3XA04010E;F1.04'
ptd-server 2022-02-24 05:21:06,593 [INFO] Connected to PTDaemon
ptd-server 2022-02-24 05:21:06,593 [INFO] Sending to ptd: 'RR'
ptd-server 2022-02-24 05:21:06,594 [INFO] Reply from ptd: 'Ranges,0,0.500000,1,300.000000'
ptd-server 2022-02-24 05:21:06,594 [INFO] Initial range for Amps is 0.500000 for Volts is Auto
ptd-server 2022-02-24 05:21:06,594 [INFO] Sending to ptd: 'SR,V,Auto'
ptd-server 2022-02-24 05:21:07,096 [INFO] Reply from ptd: 'Range V changed'
ptd-server 2022-02-24 05:21:07,097 [INFO] Sending to ptd: 'SR,A,Auto'
ptd-server 2022-02-24 05:21:07,599 [INFO] Reply from ptd: 'Range A changed'
ptd-server 2022-02-24 05:21:17,609 [INFO] Starting ranging mode
ptd-server 2022-02-24 05:21:17,610 [INFO] Sending to ptd: 'Go,1000,0,2022-02-24_05-20-49_ranging'
ptd-server 2022-02-24 05:21:17,610 [INFO] Reply from ptd: 'Starting untimed measurement, maximum 500000 samples at 1000ms with 0 rampup samples'
ptd-server 2022-02-24 05:21:17,610 [INFO] Sending reply to client 'OK'
ptd-server 2022-02-24 05:31:43,143 [INFO] Got command from the client 'session,2022-02-24_05-20-49,stop,ranging'
ptd-server 2022-02-24 05:31:53,154 [INFO] Sending to ptd: 'Stop'
ptd-server 2022-02-24 05:31:53,154 [INFO] Reply from ptd: 'Stopping untimed measurement'
ptd-server 2022-02-24 05:31:53,221 [INFO] Sending reply to client 'OK'
ptd-server 2022-02-24 05:31:53,285 [INFO] Got command from the client 'time'
ptd-server 2022-02-24 05:31:53,285 [INFO] Sending reply to client '1645680713.2857428'
ptd-server 2022-02-24 05:31:53,287 [INFO] Got command from the client 'session,2022-02-24_05-20-49,start,testing'
ptd-server 2022-02-24 05:31:53,287 [INFO] Sending to ptd: 'SR,V,250.160000'
ptd-server 2022-02-24 05:31:55,111 [INFO] Reply from ptd: 'Range V changed'
ptd-server 2022-02-24 05:31:55,111 [INFO] Sending to ptd: 'SR,A,0.044520'
ptd-server 2022-02-24 05:31:56,613 [INFO] Reply from ptd: 'Range A changed'
ptd-server 2022-02-24 05:32:06,623 [INFO] Starting testing mode
ptd-server 2022-02-24 05:32:06,623 [INFO] Sending to ptd: 'Go,1000,0,2022-02-24_05-20-49_testing'
ptd-server 2022-02-24 05:32:06,624 [INFO] Reply from ptd: 'Starting untimed measurement, maximum 500000 samples at 1000ms with 0 rampup samples'
ptd-server 2022-02-24 05:32:06,624 [INFO] Sending reply to client 'OK'
ptd-server 2022-02-24 05:42:29,063 [INFO] Got command from the client 'session,2022-02-24_05-20-49,stop,testing'
ptd-server 2022-02-24 05:42:39,074 [INFO] Sending to ptd: 'Stop'
ptd-server 2022-02-24 05:42:39,074 [INFO] Reply from ptd: 'Stopping untimed measurement'
ptd-server 2022-02-24 05:42:39,108 [INFO] Sending reply to client 'OK'
ptd-server 2022-02-24 05:42:39,216 [INFO] Got command from the client 'session,2022-02-24_05-20-49,done'
ptd-server 2022-02-24 05:42:39,216 [INFO] Sending to ptd: 'Stop'
ptd-server 2022-02-24 05:42:39,625 [INFO] Reply from ptd: 'Error: no measurement to stop'
ptd-server 2022-02-24 05:42:39,625 [INFO] Sending to ptd: 'SR,V,Auto'
ptd-server 2022-02-24 05:42:40,127 [INFO] Reply from ptd: 'Range V changed'
ptd-server 2022-02-24 05:42:40,127 [INFO] Sending to ptd: 'SR,A,0.500000'
ptd-server 2022-02-24 05:42:41,629 [INFO] Reply from ptd: 'Range A changed'
ptd-server 2022-02-24 05:42:41,629 [INFO] Set initial values for Amps 0.500000 and Volts Auto
ptd-server 2022-02-24 05:42:41,629 [INFO] Stopping ptd...
