ptd-server 2022-02-23 01:43:02,305 [INFO] Got command from the client 'time'
ptd-server 2022-02-23 01:43:02,305 [INFO] Sending reply to client '1645580582.3056848'
ptd-server 2022-02-23 01:43:02,307 [INFO] Got command from the client 'new,,b043add4-3c11-4fd3-ba6d-06da696a24e0'
ptd-server 2022-02-23 01:43:02,308 [INFO] Sending reply to client 'OK 2022-02-23_01-43-02,22923d07-2f14-4454-be69-f16e85fe8f15'
ptd-server 2022-02-23 01:43:02,343 [INFO] Got command from the client 'time'
ptd-server 2022-02-23 01:43:02,343 [INFO] Sending reply to client '1645580582.3438716'
ptd-server 2022-02-23 01:43:02,345 [INFO] Got command from the client 'session,2022-02-23_01-43-02,start,ranging'
ptd-server 2022-02-23 01:43:02,345 [INFO] Running PTDaemon: ['/home/anton/projects/mlperf/power/inference_v1.0/ptd-linux-x86', '-l', '/tmp/tmpgldyt7rr/ptd_logfile.txt', '-p', '8888', '49', '/dev/usbtmc0']
ptd-server 2022-02-23 01:43:19,519 [INFO] Sending to ptd: 'Hello'
ptd-server 2022-02-23 01:43:19,520 [INFO] Reply from ptd: 'Hello, PTDaemon here!'
ptd-server 2022-02-23 01:43:19,520 [INFO] Sending to ptd: 'Identify'
ptd-server 2022-02-23 01:43:19,520 [INFO] Reply from ptd: 'YokogawaWT310E,1000,1,1,1,1,0,1,1,version=1.9.2-e8c7a49a-20201208,OS=Linux 5.13.0-28-generic #31~20.04.1-Ubuntu SMP Wed Jan 19 14:08:10 UTC 2022 x86_64,mode=power,1,1,1,0,0,no_cal_date,YOKOGAWA;WT310E;C3XA04010E;F1.04'
ptd-server 2022-02-23 01:43:19,520 [INFO] Connected to PTDaemon
ptd-server 2022-02-23 01:43:19,520 [INFO] Sending to ptd: 'RR'
ptd-server 2022-02-23 01:43:19,521 [INFO] Reply from ptd: 'Ranges,0,0.500000,0,300.000000'
ptd-server 2022-02-23 01:43:19,521 [INFO] Initial range for Amps is 0.500000 for Volts is 300.000000
ptd-server 2022-02-23 01:43:19,521 [INFO] Sending to ptd: 'SR,V,Auto'
ptd-server 2022-02-23 01:43:20,024 [INFO] Reply from ptd: 'Range V changed'
ptd-server 2022-02-23 01:43:20,024 [INFO] Sending to ptd: 'SR,A,Auto'
ptd-server 2022-02-23 01:43:20,526 [INFO] Reply from ptd: 'Range A changed'
ptd-server 2022-02-23 01:43:30,536 [INFO] Starting ranging mode
ptd-server 2022-02-23 01:43:30,537 [INFO] Sending to ptd: 'Go,1000,0,2022-02-23_01-43-02_ranging'
ptd-server 2022-02-23 01:43:30,537 [INFO] Reply from ptd: 'Starting untimed measurement, maximum 500000 samples at 1000ms with 0 rampup samples'
ptd-server 2022-02-23 01:43:30,537 [INFO] Sending reply to client 'OK'
ptd-server 2022-02-23 01:53:59,925 [INFO] Got command from the client 'session,2022-02-23_01-43-02,stop,ranging'
ptd-server 2022-02-23 01:54:09,935 [INFO] Sending to ptd: 'Stop'
ptd-server 2022-02-23 01:54:09,935 [INFO] Reply from ptd: 'Stopping untimed measurement'
ptd-server 2022-02-23 01:54:10,735 [INFO] Sending reply to client 'OK'
ptd-server 2022-02-23 01:54:10,789 [INFO] Got command from the client 'time'
ptd-server 2022-02-23 01:54:10,789 [INFO] Sending reply to client '1645581250.7894871'
ptd-server 2022-02-23 01:54:10,791 [INFO] Got command from the client 'session,2022-02-23_01-43-02,start,testing'
ptd-server 2022-02-23 01:54:10,791 [INFO] Sending to ptd: 'SR,V,249.420000'
ptd-server 2022-02-23 01:54:12,292 [INFO] Reply from ptd: 'Range V changed'
ptd-server 2022-02-23 01:54:12,292 [INFO] Sending to ptd: 'SR,A,0.053560'
ptd-server 2022-02-23 01:54:13,794 [INFO] Reply from ptd: 'Range A changed'
ptd-server 2022-02-23 01:54:23,804 [INFO] Starting testing mode
ptd-server 2022-02-23 01:54:23,804 [INFO] Sending to ptd: 'Go,1000,0,2022-02-23_01-43-02_testing'
ptd-server 2022-02-23 01:54:23,804 [INFO] Reply from ptd: 'Starting untimed measurement, maximum 500000 samples at 1000ms with 0 rampup samples'
ptd-server 2022-02-23 01:54:23,805 [INFO] Sending reply to client 'OK'
ptd-server 2022-02-23 02:04:52,796 [INFO] Got command from the client 'session,2022-02-23_01-43-02,stop,testing'
ptd-server 2022-02-23 02:05:02,807 [INFO] Sending to ptd: 'Stop'
ptd-server 2022-02-23 02:05:02,807 [INFO] Reply from ptd: 'Stopping untimed measurement'
ptd-server 2022-02-23 02:05:03,213 [INFO] Sending reply to client 'OK'
ptd-server 2022-02-23 02:05:03,232 [INFO] Got command from the client 'session,2022-02-23_01-43-02,done'
ptd-server 2022-02-23 02:05:03,232 [INFO] Sending to ptd: 'Stop'
ptd-server 2022-02-23 02:05:03,804 [INFO] Reply from ptd: 'Error: no measurement to stop'
ptd-server 2022-02-23 02:05:03,805 [INFO] Sending to ptd: 'SR,V,300.000000'
ptd-server 2022-02-23 02:05:05,306 [INFO] Reply from ptd: 'Range V changed'
ptd-server 2022-02-23 02:05:05,306 [INFO] Sending to ptd: 'SR,A,0.500000'
ptd-server 2022-02-23 02:05:06,807 [INFO] Reply from ptd: 'Range A changed'
ptd-server 2022-02-23 02:05:06,808 [INFO] Set initial values for Amps 0.500000 and Volts 300.000000
ptd-server 2022-02-23 02:05:06,808 [INFO] Stopping ptd...
