ptd-server 2022-02-24 00:13:07,301 [INFO] Got command from the client 'time'
ptd-server 2022-02-24 00:13:07,301 [INFO] Sending reply to client '1645661587.3014119'
ptd-server 2022-02-24 00:13:07,303 [INFO] Got command from the client 'new,,ae96c9e4-aea5-4342-8e69-35e7b650f168'
ptd-server 2022-02-24 00:13:07,304 [INFO] Sending reply to client 'OK 2022-02-24_00-13-07,e1d534f5-d677-4174-b62b-7876f1e120a3'
ptd-server 2022-02-24 00:13:07,341 [INFO] Got command from the client 'time'
ptd-server 2022-02-24 00:13:07,341 [INFO] Sending reply to client '1645661587.341204'
ptd-server 2022-02-24 00:13:07,343 [INFO] Got command from the client 'session,2022-02-24_00-13-07,start,ranging'
ptd-server 2022-02-24 00:13:07,343 [INFO] Running PTDaemon: ['/home/anton/projects/mlperf/power/inference_v1.0/ptd-linux-x86', '-l', '/tmp/tmp0_fn53vp/ptd_logfile.txt', '-p', '8888', '49', '/dev/usbtmc0']
ptd-server 2022-02-24 00:13:24,516 [INFO] Sending to ptd: 'Hello'
ptd-server 2022-02-24 00:13:24,516 [INFO] Reply from ptd: 'Hello, PTDaemon here!'
ptd-server 2022-02-24 00:13:24,517 [INFO] Sending to ptd: 'Identify'
ptd-server 2022-02-24 00:13:24,517 [INFO] Reply from ptd: 'YokogawaWT310E,1000,1,1,1,1,0,1,1,version=1.9.2-e8c7a49a-20201208,OS=Linux 5.13.0-30-generic #33~20.04.1-Ubuntu SMP Mon Feb 7 14:25:10 UTC 2022 x86_64,mode=power,1,1,1,0,0,no_cal_date,YOKOGAWA;WT310E;C3XA04010E;F1.04'
ptd-server 2022-02-24 00:13:24,517 [INFO] Connected to PTDaemon
ptd-server 2022-02-24 00:13:24,517 [INFO] Sending to ptd: 'RR'
ptd-server 2022-02-24 00:13:24,517 [INFO] Reply from ptd: 'Ranges,0,0.500000,1,300.000000'
ptd-server 2022-02-24 00:13:24,518 [INFO] Initial range for Amps is 0.500000 for Volts is Auto
ptd-server 2022-02-24 00:13:24,518 [INFO] Sending to ptd: 'SR,V,Auto'
ptd-server 2022-02-24 00:13:25,020 [INFO] Reply from ptd: 'Range V changed'
ptd-server 2022-02-24 00:13:25,020 [INFO] Sending to ptd: 'SR,A,Auto'
ptd-server 2022-02-24 00:13:25,523 [INFO] Reply from ptd: 'Range A changed'
ptd-server 2022-02-24 00:13:35,533 [INFO] Starting ranging mode
ptd-server 2022-02-24 00:13:35,533 [INFO] Sending to ptd: 'Go,1000,0,2022-02-24_00-13-07_ranging'
ptd-server 2022-02-24 00:13:35,534 [INFO] Reply from ptd: 'Starting untimed measurement, maximum 500000 samples at 1000ms with 0 rampup samples'
ptd-server 2022-02-24 00:13:35,534 [INFO] Sending reply to client 'OK'
ptd-server 2022-02-24 00:23:58,091 [INFO] Got command from the client 'session,2022-02-24_00-13-07,stop,ranging'
ptd-server 2022-02-24 00:24:08,101 [INFO] Sending to ptd: 'Stop'
ptd-server 2022-02-24 00:24:08,102 [INFO] Reply from ptd: 'Stopping untimed measurement'
ptd-server 2022-02-24 00:24:08,133 [INFO] Sending reply to client 'OK'
ptd-server 2022-02-24 00:24:08,194 [INFO] Got command from the client 'time'
ptd-server 2022-02-24 00:24:08,194 [INFO] Sending reply to client '1645662248.194621'
ptd-server 2022-02-24 00:24:08,196 [INFO] Got command from the client 'session,2022-02-24_00-13-07,start,testing'
ptd-server 2022-02-24 00:24:08,196 [INFO] Sending to ptd: 'SR,V,250.870000'
ptd-server 2022-02-24 00:24:10,036 [INFO] Reply from ptd: 'Range V changed'
ptd-server 2022-02-24 00:24:10,036 [INFO] Sending to ptd: 'SR,A,0.044020'
ptd-server 2022-02-24 00:24:11,538 [INFO] Reply from ptd: 'Range A changed'
ptd-server 2022-02-24 00:24:21,548 [INFO] Starting testing mode
ptd-server 2022-02-24 00:24:21,548 [INFO] Sending to ptd: 'Go,1000,0,2022-02-24_00-13-07_testing'
ptd-server 2022-02-24 00:24:21,548 [INFO] Reply from ptd: 'Starting untimed measurement, maximum 500000 samples at 1000ms with 0 rampup samples'
ptd-server 2022-02-24 00:24:21,549 [INFO] Sending reply to client 'OK'
ptd-server 2022-02-24 00:34:43,881 [INFO] Got command from the client 'session,2022-02-24_00-13-07,stop,testing'
ptd-server 2022-02-24 00:34:53,891 [INFO] Sending to ptd: 'Stop'
ptd-server 2022-02-24 00:34:53,891 [INFO] Reply from ptd: 'Stopping untimed measurement'
ptd-server 2022-02-24 00:34:53,907 [INFO] Sending reply to client 'OK'
ptd-server 2022-02-24 00:34:53,925 [INFO] Got command from the client 'session,2022-02-24_00-13-07,done'
ptd-server 2022-02-24 00:34:53,926 [INFO] Sending to ptd: 'Stop'
ptd-server 2022-02-24 00:34:54,549 [INFO] Reply from ptd: 'Error: no measurement to stop'
ptd-server 2022-02-24 00:34:54,549 [INFO] Sending to ptd: 'SR,V,Auto'
ptd-server 2022-02-24 00:34:55,051 [INFO] Reply from ptd: 'Range V changed'
ptd-server 2022-02-24 00:34:55,051 [INFO] Sending to ptd: 'SR,A,0.500000'
ptd-server 2022-02-24 00:34:56,553 [INFO] Reply from ptd: 'Range A changed'
ptd-server 2022-02-24 00:34:56,553 [INFO] Set initial values for Amps 0.500000 and Volts Auto
ptd-server 2022-02-24 00:34:56,553 [INFO] Stopping ptd...
