client 2022-02-20 16:49:56,080 [INFO] Sending command to the server: 'mlcommons/power client v3'
client 2022-02-20 16:49:56,082 [INFO] Got response: 'mlcommons/power server v3'
client 2022-02-20 16:49:56,082 [INFO] Synchronizing with the server and with ntp1.css.fujitsu.com...
client 2022-02-20 16:49:56,102 [INFO] NTP:offset = -0.000 s, delay = 0.015 s 
client 2022-02-20 16:49:56,102 [INFO] Sending command to the server: 'time'
client 2022-02-20 16:49:56,103 [INFO] Got response: '1645375796.1491537'
client 2022-02-20 16:49:56,103 [INFO] The time difference between the client and the server is within range -46.782 ms..-45.198 ms
client 2022-02-20 16:49:56,104 [INFO] Sending command to the server: 'new,,61c87551-682f-42bf-bfcd-789b9856fa62'
client 2022-02-20 16:49:56,107 [INFO] Got response: 'OK 2022-02-21_01-49-56,c754e6bd-a9a3-463e-ada1-b2abaede5ce6'
client 2022-02-20 16:49:56,108 [INFO] Session id is '2022-02-21_01-49-56'
client 2022-02-20 16:49:56,108 [INFO] Sources: {"sources": {"__init__.py": "da39a3ee5e6b4b0d3255bfef95601890afd80709", "client.py": "33ca4f26368777ac06e01f9567b714a4b8063886", "lib/__init__.py": "da39a3ee5e6b4b0d3255bfef95601890afd80709", "lib/client.py": "4c2b78fb4849a7e5b584ef792d82aaed20b17f57", "lib/common.py": "624d0c0acc7c39aaff3674f0b99d6a09da53d1dc", "lib/external/__init__.py": "da39a3ee5e6b4b0d3255bfef95601890afd80709", "lib/external/ntplib.py": "4da8f970656505a40483206ef2b5d3dd5e81711d", "lib/server.py": "59c9fb92908260d3e9f81a895c7aa009742275e4", "lib/source_hashes.py": "60a2e02193209e8d392803326208d5466342da18", "lib/summary.py": "aa92f0a3f975eecd44d3c0cd0236342ccc9f941d", "lib/time_sync.py": "3210db56eb0ff0df57bf4293dc4d4b03fffd46f1", "server.py": "c3f90f2f7eeb4db30727556d0c815ebc89b3d28b", "tests/unit/__init__.py": "da39a3ee5e6b4b0d3255bfef95601890afd80709", "tests/unit/test_server.py": "99ae15aef722f2000ee6ed1ae1523637bf1ae42b", "tests/unit/test_source_hashes.py": "00468a2907583c593e6574a1f6b404e4651c221a"}, "modules": {"ptd_client_server.lib.client": "lib/client.py", "ptd_client_server.lib.common": "lib/common.py", "ptd_client_server.lib.external.ntplib": "lib/external/ntplib.py", "ptd_client_server.lib.source_hashes": "lib/source_hashes.py", "ptd_client_server.lib.summary": "lib/summary.py", "ptd_client_server.lib.time_sync": "lib/time_sync.py"}}
client 2022-02-20 16:49:56,108 [INFO] Running workload in ranging mode
client 2022-02-20 16:49:56,108 [INFO] Synchronizing with the server and with ntp1.css.fujitsu.com...
client 2022-02-20 16:49:56,125 [INFO] NTP:offset = -0.000 s, delay = 0.015 s 
client 2022-02-20 16:49:56,126 [INFO] Sending command to the server: 'time'
client 2022-02-20 16:49:56,127 [INFO] Got response: '1645375796.1804016'
client 2022-02-20 16:49:56,127 [INFO] The time difference between the client and the server is within range -54.362 ms..-52.801 ms
client 2022-02-20 16:49:56,127 [INFO] Sending command to the server: 'session,2022-02-21_01-49-56,start,ranging'
client 2022-02-20 16:50:25,129 [INFO] Got response: 'OK'
client 2022-02-20 16:50:25,129 [INFO] Running the workload 'LOG_DIR=/work/build/power_logs_temp python3 code/main.py --benchmarks=rnnt --scenarios=Server --test_mode=PerformanceOnly --accuracy_target=0.99 --power_setting=MaxQ --action="run_harness" \\\n\t\t2>&1 | tee -a /work/build/power_logs/2022.02.20-16.49.27/stdout.txt \\\n\t\t&& if [ ! -d /work/build/power_logs/2022.02.20-16.49.27/ranging_tmp ]; \\\n\t\t\tthen mkdir /work/build/power_logs/2022.02.20-16.49.27/ranging_tmp \\\n\t\t\t\t&& mv /work/build/power_logs_temp/* /work/build/power_logs/2022.02.20-16.49.27/ranging_tmp/ \\\n\t\t\t\t&& cp -v /work/build/power_logs/2022.02.20-16.49.27/ranging_tmp/*/*/*/mlperf_log_detail.txt /work/build/power_logs_temp/ \\\n\t\t\t\t&& cp -v /work/build/power_logs/2022.02.20-16.49.27/ranging_tmp/*/*/*/mlperf_log_summary.txt /work/build/power_logs_temp/; \\\n\t\t\telse mkdir /work/build/power_logs/2022.02.20-16.49.27/testing_tmp \\\n\t\t\t\t&& mv /work/build/power_logs_temp/* /work/build/power_logs/2022.02.20-16.49.27/testing_tmp/ \\\n\t\t\t\t&& cp -v /work/build/power_logs/2022.02.20-16.49.27/testing_tmp/*/*/*/mlperf_log_detail.txt /work/build/power_logs_temp/ \\\n\t\t\t\t&& cp -v /work/build/power_logs/2022.02.20-16.49.27/testing_tmp/*/*/*/mlperf_log_summary.txt /work/build/power_logs_temp/; fi'
client 2022-02-20 17:02:51,895 [INFO] Sending command to the server: 'session,2022-02-21_01-49-56,stop,ranging'
client 2022-02-20 17:03:02,281 [INFO] Got response: 'OK'
client 2022-02-20 17:03:02,291 [INFO] Copying loadgen logs from '/work/build/power_logs_temp' to '/work/build/power_logs/2022.02.20-16.49.27/2022-02-21_01-49-56/ranging'
client 2022-02-20 17:03:02,292 [INFO] Running workload in testing mode
client 2022-02-20 17:03:02,292 [INFO] Synchronizing with the server and with ntp1.css.fujitsu.com...
client 2022-02-20 17:03:02,311 [INFO] NTP:offset = -0.000 s, delay = 0.015 s 
client 2022-02-20 17:03:02,312 [INFO] Sending command to the server: 'time'
client 2022-02-20 17:03:02,314 [INFO] Got response: '1645376582.3727038'
client 2022-02-20 17:03:02,314 [INFO] The time difference between the client and the server is within range -60.573 ms..-58.241 ms
client 2022-02-20 17:03:02,314 [INFO] Sending command to the server: 'session,2022-02-21_01-49-56,start,testing'
client 2022-02-20 17:03:15,392 [INFO] Got response: 'OK'
client 2022-02-20 17:03:15,392 [INFO] Running the workload 'LOG_DIR=/work/build/power_logs_temp python3 code/main.py --benchmarks=rnnt --scenarios=Server --test_mode=PerformanceOnly --accuracy_target=0.99 --power_setting=MaxQ --action="run_harness" \\\n\t\t2>&1 | tee -a /work/build/power_logs/2022.02.20-16.49.27/stdout.txt \\\n\t\t&& if [ ! -d /work/build/power_logs/2022.02.20-16.49.27/ranging_tmp ]; \\\n\t\t\tthen mkdir /work/build/power_logs/2022.02.20-16.49.27/ranging_tmp \\\n\t\t\t\t&& mv /work/build/power_logs_temp/* /work/build/power_logs/2022.02.20-16.49.27/ranging_tmp/ \\\n\t\t\t\t&& cp -v /work/build/power_logs/2022.02.20-16.49.27/ranging_tmp/*/*/*/mlperf_log_detail.txt /work/build/power_logs_temp/ \\\n\t\t\t\t&& cp -v /work/build/power_logs/2022.02.20-16.49.27/ranging_tmp/*/*/*/mlperf_log_summary.txt /work/build/power_logs_temp/; \\\n\t\t\telse mkdir /work/build/power_logs/2022.02.20-16.49.27/testing_tmp \\\n\t\t\t\t&& mv /work/build/power_logs_temp/* /work/build/power_logs/2022.02.20-16.49.27/testing_tmp/ \\\n\t\t\t\t&& cp -v /work/build/power_logs/2022.02.20-16.49.27/testing_tmp/*/*/*/mlperf_log_detail.txt /work/build/power_logs_temp/ \\\n\t\t\t\t&& cp -v /work/build/power_logs/2022.02.20-16.49.27/testing_tmp/*/*/*/mlperf_log_summary.txt /work/build/power_logs_temp/; fi'
client 2022-02-20 17:15:39,780 [INFO] Sending command to the server: 'session,2022-02-21_01-49-56,stop,testing'
client 2022-02-20 17:15:49,965 [INFO] Got response: 'OK'
client 2022-02-20 17:15:49,967 [INFO] Copying loadgen logs from '/work/build/power_logs_temp' to '/work/build/power_logs/2022.02.20-16.49.27/2022-02-21_01-49-56/run_1'
client 2022-02-20 17:15:49,968 [INFO] Done runs
