ptd-server 2022-02-21 01:49:56,149 [INFO] Got command from the client 'time'
ptd-server 2022-02-21 01:49:56,149 [INFO] Sending reply to client '1645375796.1491537'
ptd-server 2022-02-21 01:49:56,164 [INFO] Got command from the client 'new,,61c87551-682f-42bf-bfcd-789b9856fa62'
ptd-server 2022-02-21 01:49:56,164 [INFO] Sending reply to client 'OK 2022-02-21_01-49-56,c754e6bd-a9a3-463e-ada1-b2abaede5ce6'
ptd-server 2022-02-21 01:49:56,180 [INFO] Got command from the client 'time'
ptd-server 2022-02-21 01:49:56,180 [INFO] Sending reply to client '1645375796.1804016'
ptd-server 2022-02-21 01:49:56,180 [INFO] Got command from the client 'session,2022-02-21_01-49-56,start,ranging'
ptd-server 2022-02-21 01:49:56,289 [INFO] Running PTDaemon: ['C:\\mlperf\\power\\inference_v1.0\\ptd-windows-x86.exe', '-l', 'C:\\Users\\mlperf\\AppData\\Local\\Temp\\tmpn3fcmhzf\\ptd_logfile.txt', '-p', '8888', '-y', '49', 'C3YB05015E']
ptd-server 2022-02-21 01:50:14,140 [INFO] Sending to ptd: 'Hello'
ptd-server 2022-02-21 01:50:14,140 [INFO] Reply from ptd: 'Hello, PTDaemon here!'
ptd-server 2022-02-21 01:50:14,140 [INFO] Sending to ptd: 'Identify'
ptd-server 2022-02-21 01:50:14,140 [INFO] Reply from ptd: 'YokogawaWT310E,1000,1,1,1,1,0,1,1,version=1.9.2-3976349f-20201208,OS=Windows 8 / Server 2012,mode=power,1,1,1,0,0,no_cal_date,YOKOGAWA;WT310E;C3YB05015E;F1.04'
ptd-server 2022-02-21 01:50:14,140 [INFO] Connected to PTDaemon
ptd-server 2022-02-21 01:50:14,140 [INFO] Sending to ptd: 'RR'
ptd-server 2022-02-21 01:50:14,140 [INFO] Reply from ptd: 'Ranges,1,20.000000,1,300.000000'
ptd-server 2022-02-21 01:50:14,140 [INFO] Initial range for Amps is Auto for Volts is Auto
ptd-server 2022-02-21 01:50:14,140 [INFO] Sending to ptd: 'SR,V,Auto'
ptd-server 2022-02-21 01:50:14,655 [INFO] Reply from ptd: 'Range V changed'
ptd-server 2022-02-21 01:50:14,655 [INFO] Sending to ptd: 'SR,A,Auto'
ptd-server 2022-02-21 01:50:15,171 [INFO] Reply from ptd: 'Range A changed'
ptd-server 2022-02-21 01:50:25,186 [INFO] Starting ranging mode
ptd-server 2022-02-21 01:50:25,186 [INFO] Sending to ptd: 'Go,1000,0,2022-02-21_01-49-56_ranging'
ptd-server 2022-02-21 01:50:25,186 [INFO] Reply from ptd: 'Starting untimed measurement, maximum 500000 samples at 1000ms with 0 rampup samples'
ptd-server 2022-02-21 01:50:25,186 [INFO] Sending reply to client 'OK'
ptd-server 2022-02-21 02:02:51,951 [INFO] Got command from the client 'session,2022-02-21_01-49-56,stop,ranging'
ptd-server 2022-02-21 02:03:01,966 [INFO] Sending to ptd: 'Stop'
ptd-server 2022-02-21 02:03:01,966 [INFO] Reply from ptd: 'Stopping untimed measurement'
ptd-server 2022-02-21 02:03:02,341 [INFO] Sending reply to client 'OK'
ptd-server 2022-02-21 02:03:02,372 [INFO] Got command from the client 'time'
ptd-server 2022-02-21 02:03:02,372 [INFO] Sending reply to client '1645376582.3727038'
ptd-server 2022-02-21 02:03:02,372 [INFO] Got command from the client 'session,2022-02-21_01-49-56,start,testing'
ptd-server 2022-02-21 02:03:02,372 [INFO] Sending to ptd: 'SR,V,202.390000'
ptd-server 2022-02-21 02:03:03,903 [INFO] Reply from ptd: 'Range V changed'
ptd-server 2022-02-21 02:03:03,903 [INFO] Sending to ptd: 'SR,A,17.379000'
ptd-server 2022-02-21 02:03:05,435 [INFO] Reply from ptd: 'Range A changed'
ptd-server 2022-02-21 02:03:15,450 [INFO] Starting testing mode
ptd-server 2022-02-21 02:03:15,450 [INFO] Sending to ptd: 'Go,1000,0,2022-02-21_01-49-56_testing'
ptd-server 2022-02-21 02:03:15,450 [INFO] Reply from ptd: 'Starting untimed measurement, maximum 500000 samples at 1000ms with 0 rampup samples'
ptd-server 2022-02-21 02:03:15,450 [INFO] Sending reply to client 'OK'
ptd-server 2022-02-21 02:15:39,836 [INFO] Got command from the client 'session,2022-02-21_01-49-56,stop,testing'
ptd-server 2022-02-21 02:15:49,851 [INFO] Sending to ptd: 'Stop'
ptd-server 2022-02-21 02:15:49,851 [INFO] Reply from ptd: 'Stopping untimed measurement'
ptd-server 2022-02-21 02:15:50,023 [INFO] Sending reply to client 'OK'
ptd-server 2022-02-21 02:15:50,023 [INFO] Got command from the client 'session,2022-02-21_01-49-56,done'
ptd-server 2022-02-21 02:15:50,023 [INFO] Sending to ptd: 'Stop'
ptd-server 2022-02-21 02:15:50,460 [INFO] Reply from ptd: 'Error: no measurement to stop'
ptd-server 2022-02-21 02:15:50,460 [INFO] Sending to ptd: 'SR,V,Auto'
ptd-server 2022-02-21 02:15:50,976 [INFO] Reply from ptd: 'Range V changed'
ptd-server 2022-02-21 02:15:50,976 [INFO] Sending to ptd: 'SR,A,Auto'
ptd-server 2022-02-21 02:15:51,492 [INFO] Reply from ptd: 'Range A changed'
ptd-server 2022-02-21 02:15:51,492 [INFO] Set initial values for Amps Auto and Volts Auto
ptd-server 2022-02-21 02:15:51,492 [INFO] Stopping ptd...
