ptd-server 2022-02-14 03:55:52,753 [INFO] Got command from the client 'time'
ptd-server 2022-02-14 03:55:52,753 [INFO] Sending reply to client '1644810952.753172'
ptd-server 2022-02-14 03:55:52,754 [INFO] Got command from the client 'new,,55bd933f-7a84-4cbf-ae34-fc299297cf00'
ptd-server 2022-02-14 03:55:52,755 [INFO] Sending reply to client 'OK 2022-02-14_03-55-52,77681d6e-5354-4e64-86ed-7ab3d5e838dc'
ptd-server 2022-02-14 03:55:52,793 [INFO] Got command from the client 'time'
ptd-server 2022-02-14 03:55:52,793 [INFO] Sending reply to client '1644810952.7934875'
ptd-server 2022-02-14 03:55:52,795 [INFO] Got command from the client 'session,2022-02-14_03-55-52,start,ranging'
ptd-server 2022-02-14 03:55:52,795 [INFO] Running PTDaemon: ['/home/anton/projects/mlperf/power/inference_v1.0/ptd-linux-x86', '-l', '/tmp/tmpxvec0g6h/ptd_logfile.txt', '-p', '8888', '49', '/dev/usbtmc0']
ptd-server 2022-02-14 03:56:09,968 [INFO] Sending to ptd: 'Hello'
ptd-server 2022-02-14 03:56:09,969 [INFO] Reply from ptd: 'Hello, PTDaemon here!'
ptd-server 2022-02-14 03:56:09,969 [INFO] Sending to ptd: 'Identify'
ptd-server 2022-02-14 03:56:09,969 [INFO] Reply from ptd: 'YokogawaWT310E,1000,1,1,1,1,0,1,1,version=1.9.2-e8c7a49a-20201208,OS=Linux 5.13.0-27-generic #29~20.04.1-Ubuntu SMP Fri Jan 14 00:32:30 UTC 2022 x86_64,mode=power,1,1,1,0,0,no_cal_date,YOKOGAWA;WT310E;C3XA04010E;F1.04'
ptd-server 2022-02-14 03:56:09,969 [INFO] Connected to PTDaemon
ptd-server 2022-02-14 03:56:09,969 [INFO] Sending to ptd: 'RR'
ptd-server 2022-02-14 03:56:09,970 [INFO] Reply from ptd: 'Ranges,0,0.500000,0,300.000000'
ptd-server 2022-02-14 03:56:09,970 [INFO] Initial range for Amps is 0.500000 for Volts is 300.000000
ptd-server 2022-02-14 03:56:09,970 [INFO] Sending to ptd: 'SR,V,Auto'
ptd-server 2022-02-14 03:56:10,473 [INFO] Reply from ptd: 'Range V changed'
ptd-server 2022-02-14 03:56:10,473 [INFO] Sending to ptd: 'SR,A,Auto'
ptd-server 2022-02-14 03:56:10,975 [INFO] Reply from ptd: 'Range A changed'
ptd-server 2022-02-14 03:56:20,985 [INFO] Starting ranging mode
ptd-server 2022-02-14 03:56:20,986 [INFO] Sending to ptd: 'Go,1000,0,2022-02-14_03-55-52_ranging'
ptd-server 2022-02-14 03:56:20,986 [INFO] Reply from ptd: 'Starting untimed measurement, maximum 500000 samples at 1000ms with 0 rampup samples'
ptd-server 2022-02-14 03:56:20,986 [INFO] Sending reply to client 'OK'
ptd-server 2022-02-14 04:06:36,919 [INFO] Got command from the client 'session,2022-02-14_03-55-52,stop,ranging'
ptd-server 2022-02-14 04:06:46,929 [INFO] Sending to ptd: 'Stop'
ptd-server 2022-02-14 04:06:46,930 [INFO] Reply from ptd: 'Stopping untimed measurement'
ptd-server 2022-02-14 04:06:47,614 [INFO] Sending reply to client 'OK'
ptd-server 2022-02-14 04:06:47,673 [INFO] Got command from the client 'time'
ptd-server 2022-02-14 04:06:47,674 [INFO] Sending reply to client '1644811607.6740549'
ptd-server 2022-02-14 04:06:47,676 [INFO] Got command from the client 'session,2022-02-14_03-55-52,start,testing'
ptd-server 2022-02-14 04:06:47,676 [INFO] Sending to ptd: 'SR,V,251.200000'
ptd-server 2022-02-14 04:06:49,177 [INFO] Reply from ptd: 'Range V changed'
ptd-server 2022-02-14 04:06:49,177 [INFO] Sending to ptd: 'SR,A,0.145290'
ptd-server 2022-02-14 04:06:50,679 [INFO] Reply from ptd: 'Range A changed'
ptd-server 2022-02-14 04:07:00,689 [INFO] Starting testing mode
ptd-server 2022-02-14 04:07:00,689 [INFO] Sending to ptd: 'Go,1000,0,2022-02-14_03-55-52_testing'
ptd-server 2022-02-14 04:07:00,690 [INFO] Reply from ptd: 'Starting untimed measurement, maximum 500000 samples at 1000ms with 0 rampup samples'
ptd-server 2022-02-14 04:07:00,690 [INFO] Sending reply to client 'OK'
ptd-server 2022-02-14 04:17:16,342 [INFO] Got command from the client 'session,2022-02-14_03-55-52,stop,testing'
ptd-server 2022-02-14 04:17:26,352 [INFO] Sending to ptd: 'Stop'
ptd-server 2022-02-14 04:17:26,353 [INFO] Reply from ptd: 'Stopping untimed measurement'
ptd-server 2022-02-14 04:17:26,719 [INFO] Sending reply to client 'OK'
ptd-server 2022-02-14 04:17:26,737 [INFO] Got command from the client 'session,2022-02-14_03-55-52,done'
ptd-server 2022-02-14 04:17:26,737 [INFO] Sending to ptd: 'Stop'
ptd-server 2022-02-14 04:17:26,737 [INFO] Reply from ptd: 'Error: no measurement to stop'
ptd-server 2022-02-14 04:17:26,737 [INFO] Sending to ptd: 'SR,V,300.000000'
ptd-server 2022-02-14 04:17:28,239 [INFO] Reply from ptd: 'Range V changed'
ptd-server 2022-02-14 04:17:28,239 [INFO] Sending to ptd: 'SR,A,0.500000'
ptd-server 2022-02-14 04:17:29,740 [INFO] Reply from ptd: 'Range A changed'
ptd-server 2022-02-14 04:17:29,740 [INFO] Set initial values for Amps 0.500000 and Volts 300.000000
ptd-server 2022-02-14 04:17:29,741 [INFO] Stopping ptd...
