ptd-server 2022-02-16 03:05:40,685 [INFO] Got command from the client 'time'
ptd-server 2022-02-16 03:05:40,685 [INFO] Sending reply to client '1644980740.6858447'
ptd-server 2022-02-16 03:05:40,688 [INFO] Got command from the client 'new,,66acdb26-c1ca-428a-a7fc-abc92708f349'
ptd-server 2022-02-16 03:05:40,688 [INFO] Sending reply to client 'OK 2022-02-16_03-05-40,7cfce278-86bd-4f6b-873b-a21d9d8f4ce7'
ptd-server 2022-02-16 03:05:40,724 [INFO] Got command from the client 'time'
ptd-server 2022-02-16 03:05:40,724 [INFO] Sending reply to client '1644980740.724655'
ptd-server 2022-02-16 03:05:40,726 [INFO] Got command from the client 'session,2022-02-16_03-05-40,start,ranging'
ptd-server 2022-02-16 03:05:40,726 [INFO] Running PTDaemon: ['/home/anton/projects/mlperf/power/inference_v1.0/ptd-linux-x86', '-l', '/tmp/tmpxvec0g6h/ptd_logfile.txt', '-p', '8888', '49', '/dev/usbtmc0']
ptd-server 2022-02-16 03:05:57,900 [INFO] Sending to ptd: 'Hello'
ptd-server 2022-02-16 03:05:57,900 [INFO] Reply from ptd: 'Hello, PTDaemon here!'
ptd-server 2022-02-16 03:05:57,900 [INFO] Sending to ptd: 'Identify'
ptd-server 2022-02-16 03:05:57,901 [INFO] Reply from ptd: 'YokogawaWT310E,1000,1,1,1,1,0,1,1,version=1.9.2-e8c7a49a-20201208,OS=Linux 5.13.0-27-generic #29~20.04.1-Ubuntu SMP Fri Jan 14 00:32:30 UTC 2022 x86_64,mode=power,1,1,1,0,0,no_cal_date,YOKOGAWA;WT310E;C3XA04010E;F1.04'
ptd-server 2022-02-16 03:05:57,901 [INFO] Connected to PTDaemon
ptd-server 2022-02-16 03:05:57,901 [INFO] Sending to ptd: 'RR'
ptd-server 2022-02-16 03:05:57,901 [INFO] Reply from ptd: 'Ranges,0,0.500000,0,300.000000'
ptd-server 2022-02-16 03:05:57,902 [INFO] Initial range for Amps is 0.500000 for Volts is 300.000000
ptd-server 2022-02-16 03:05:57,902 [INFO] Sending to ptd: 'SR,V,Auto'
ptd-server 2022-02-16 03:05:58,404 [INFO] Reply from ptd: 'Range V changed'
ptd-server 2022-02-16 03:05:58,404 [INFO] Sending to ptd: 'SR,A,Auto'
ptd-server 2022-02-16 03:05:58,907 [INFO] Reply from ptd: 'Range A changed'
ptd-server 2022-02-16 03:06:08,917 [INFO] Starting ranging mode
ptd-server 2022-02-16 03:06:08,917 [INFO] Sending to ptd: 'Go,1000,0,2022-02-16_03-05-40_ranging'
ptd-server 2022-02-16 03:06:08,918 [INFO] Reply from ptd: 'Starting untimed measurement, maximum 500000 samples at 1000ms with 0 rampup samples'
ptd-server 2022-02-16 03:06:08,918 [INFO] Sending reply to client 'OK'
ptd-server 2022-02-16 03:16:28,159 [INFO] Got command from the client 'session,2022-02-16_03-05-40,stop,ranging'
ptd-server 2022-02-16 03:16:38,169 [INFO] Sending to ptd: 'Stop'
ptd-server 2022-02-16 03:16:38,170 [INFO] Reply from ptd: 'Stopping untimed measurement'
ptd-server 2022-02-16 03:16:39,086 [INFO] Sending reply to client 'OK'
ptd-server 2022-02-16 03:16:39,139 [INFO] Got command from the client 'time'
ptd-server 2022-02-16 03:16:39,139 [INFO] Sending reply to client '1644981399.1392388'
ptd-server 2022-02-16 03:16:39,141 [INFO] Got command from the client 'session,2022-02-16_03-05-40,start,testing'
ptd-server 2022-02-16 03:16:39,141 [INFO] Sending to ptd: 'SR,V,248.030000'
ptd-server 2022-02-16 03:16:40,642 [INFO] Reply from ptd: 'Range V changed'
ptd-server 2022-02-16 03:16:40,643 [INFO] Sending to ptd: 'SR,A,0.229710'
ptd-server 2022-02-16 03:16:42,144 [INFO] Reply from ptd: 'Range A changed'
ptd-server 2022-02-16 03:16:52,154 [INFO] Starting testing mode
ptd-server 2022-02-16 03:16:52,154 [INFO] Sending to ptd: 'Go,1000,0,2022-02-16_03-05-40_testing'
ptd-server 2022-02-16 03:16:52,155 [INFO] Reply from ptd: 'Starting untimed measurement, maximum 500000 samples at 1000ms with 0 rampup samples'
ptd-server 2022-02-16 03:16:52,155 [INFO] Sending reply to client 'OK'
ptd-server 2022-02-16 03:27:11,297 [INFO] Got command from the client 'session,2022-02-16_03-05-40,stop,testing'
ptd-server 2022-02-16 03:27:21,307 [INFO] Sending to ptd: 'Stop'
ptd-server 2022-02-16 03:27:21,308 [INFO] Reply from ptd: 'Stopping untimed measurement'
ptd-server 2022-02-16 03:27:21,775 [INFO] Sending reply to client 'OK'
ptd-server 2022-02-16 03:27:21,793 [INFO] Got command from the client 'session,2022-02-16_03-05-40,done'
ptd-server 2022-02-16 03:27:21,794 [INFO] Sending to ptd: 'Stop'
ptd-server 2022-02-16 03:27:22,155 [INFO] Reply from ptd: 'Error: no measurement to stop'
ptd-server 2022-02-16 03:27:22,155 [INFO] Sending to ptd: 'SR,V,300.000000'
ptd-server 2022-02-16 03:27:23,657 [INFO] Reply from ptd: 'Range V changed'
ptd-server 2022-02-16 03:27:23,657 [INFO] Sending to ptd: 'SR,A,0.500000'
ptd-server 2022-02-16 03:27:25,158 [INFO] Reply from ptd: 'Range A changed'
ptd-server 2022-02-16 03:27:25,159 [INFO] Set initial values for Amps 0.500000 and Volts 300.000000
ptd-server 2022-02-16 03:27:25,159 [INFO] Stopping ptd...
