ptd-server 2022-02-13 09:15:47,719 [INFO] Got command from the client 'time'
ptd-server 2022-02-13 09:15:47,719 [INFO] Sending reply to client '1644743747.719932'
ptd-server 2022-02-13 09:15:47,722 [INFO] Got command from the client 'new,,3ff5104b-c2f7-4604-bc94-4b4339a78714'
ptd-server 2022-02-13 09:15:47,723 [INFO] Sending reply to client 'OK 2022-02-13_09-15-47,48d75fa4-2abb-4feb-84c2-74149e238a06'
ptd-server 2022-02-13 09:15:47,759 [INFO] Got command from the client 'time'
ptd-server 2022-02-13 09:15:47,759 [INFO] Sending reply to client '1644743747.7594829'
ptd-server 2022-02-13 09:15:47,761 [INFO] Got command from the client 'session,2022-02-13_09-15-47,start,ranging'
ptd-server 2022-02-13 09:15:47,761 [INFO] Running PTDaemon: ['/home/anton/projects/mlperf/power/inference_v1.0/ptd-linux-x86', '-l', '/tmp/tmpxvec0g6h/ptd_logfile.txt', '-p', '8888', '49', '/dev/usbtmc0']
ptd-server 2022-02-13 09:16:04,934 [INFO] Sending to ptd: 'Hello'
ptd-server 2022-02-13 09:16:04,935 [INFO] Reply from ptd: 'Hello, PTDaemon here!'
ptd-server 2022-02-13 09:16:04,935 [INFO] Sending to ptd: 'Identify'
ptd-server 2022-02-13 09:16:04,935 [INFO] Reply from ptd: 'YokogawaWT310E,1000,1,1,1,1,0,1,1,version=1.9.2-e8c7a49a-20201208,OS=Linux 5.13.0-27-generic #29~20.04.1-Ubuntu SMP Fri Jan 14 00:32:30 UTC 2022 x86_64,mode=power,1,1,1,0,0,no_cal_date,YOKOGAWA;WT310E;C3XA04010E;F1.04'
ptd-server 2022-02-13 09:16:04,936 [INFO] Connected to PTDaemon
ptd-server 2022-02-13 09:16:04,936 [INFO] Sending to ptd: 'RR'
ptd-server 2022-02-13 09:16:04,936 [INFO] Reply from ptd: 'Ranges,0,0.500000,0,300.000000'
ptd-server 2022-02-13 09:16:04,936 [INFO] Initial range for Amps is 0.500000 for Volts is 300.000000
ptd-server 2022-02-13 09:16:04,936 [INFO] Sending to ptd: 'SR,V,Auto'
ptd-server 2022-02-13 09:16:05,439 [INFO] Reply from ptd: 'Range V changed'
ptd-server 2022-02-13 09:16:05,439 [INFO] Sending to ptd: 'SR,A,Auto'
ptd-server 2022-02-13 09:16:05,941 [INFO] Reply from ptd: 'Range A changed'
ptd-server 2022-02-13 09:16:15,948 [INFO] Starting ranging mode
ptd-server 2022-02-13 09:16:15,948 [INFO] Sending to ptd: 'Go,1000,0,2022-02-13_09-15-47_ranging'
ptd-server 2022-02-13 09:16:15,948 [INFO] Reply from ptd: 'Starting untimed measurement, maximum 500000 samples at 1000ms with 0 rampup samples'
ptd-server 2022-02-13 09:16:15,949 [INFO] Sending reply to client 'OK'
ptd-server 2022-02-13 09:26:32,026 [INFO] Got command from the client 'session,2022-02-13_09-15-47,stop,ranging'
ptd-server 2022-02-13 09:26:42,036 [INFO] Sending to ptd: 'Stop'
ptd-server 2022-02-13 09:26:42,037 [INFO] Reply from ptd: 'Stopping untimed measurement'
ptd-server 2022-02-13 09:26:42,669 [INFO] Sending reply to client 'OK'
ptd-server 2022-02-13 09:26:42,726 [INFO] Got command from the client 'time'
ptd-server 2022-02-13 09:26:42,727 [INFO] Sending reply to client '1644744402.7270555'
ptd-server 2022-02-13 09:26:42,729 [INFO] Got command from the client 'session,2022-02-13_09-15-47,start,testing'
ptd-server 2022-02-13 09:26:42,729 [INFO] Sending to ptd: 'SR,V,248.700000'
ptd-server 2022-02-13 09:26:44,450 [INFO] Reply from ptd: 'Range V changed'
ptd-server 2022-02-13 09:26:44,451 [INFO] Sending to ptd: 'SR,A,0.181830'
ptd-server 2022-02-13 09:26:45,952 [INFO] Reply from ptd: 'Range A changed'
ptd-server 2022-02-13 09:26:55,962 [INFO] Starting testing mode
ptd-server 2022-02-13 09:26:55,963 [INFO] Sending to ptd: 'Go,1000,0,2022-02-13_09-15-47_testing'
ptd-server 2022-02-13 09:26:55,963 [INFO] Reply from ptd: 'Starting untimed measurement, maximum 500000 samples at 1000ms with 0 rampup samples'
ptd-server 2022-02-13 09:26:55,963 [INFO] Sending reply to client 'OK'
ptd-server 2022-02-13 09:37:11,671 [INFO] Got command from the client 'session,2022-02-13_09-15-47,stop,testing'
ptd-server 2022-02-13 09:37:21,682 [INFO] Sending to ptd: 'Stop'
ptd-server 2022-02-13 09:37:21,682 [INFO] Reply from ptd: 'Stopping untimed measurement'
ptd-server 2022-02-13 09:37:21,992 [INFO] Sending reply to client 'OK'
ptd-server 2022-02-13 09:37:22,012 [INFO] Got command from the client 'session,2022-02-13_09-15-47,done'
ptd-server 2022-02-13 09:37:22,012 [INFO] Sending to ptd: 'Stop'
ptd-server 2022-02-13 09:37:22,012 [INFO] Reply from ptd: 'Error: no measurement to stop'
ptd-server 2022-02-13 09:37:22,012 [INFO] Sending to ptd: 'SR,V,300.000000'
ptd-server 2022-02-13 09:37:23,514 [INFO] Reply from ptd: 'Range V changed'
ptd-server 2022-02-13 09:37:23,514 [INFO] Sending to ptd: 'SR,A,0.500000'
ptd-server 2022-02-13 09:37:25,016 [INFO] Reply from ptd: 'Range A changed'
ptd-server 2022-02-13 09:37:25,016 [INFO] Set initial values for Amps 0.500000 and Volts 300.000000
ptd-server 2022-02-13 09:37:25,016 [INFO] Stopping ptd...
