ptd-server 2022-02-18 17:33:43,400 [INFO] Got command from the client 'time'
ptd-server 2022-02-18 17:33:43,400 [INFO] Sending reply to client '1645227223.4007173'
ptd-server 2022-02-18 17:33:43,401 [INFO] Got command from the client 'new,,e3c4c98b-41eb-4fd2-81b9-3c22f53a20a2'
ptd-server 2022-02-18 17:33:43,401 [INFO] Sending reply to client 'OK 2022-02-18_17-33-43,9be0c33d-0c4d-49df-9fc5-69510e1d118f'
ptd-server 2022-02-18 17:33:43,492 [INFO] Got command from the client 'time'
ptd-server 2022-02-18 17:33:43,492 [INFO] Sending reply to client '1645227223.4924257'
ptd-server 2022-02-18 17:33:43,492 [INFO] Got command from the client 'session,2022-02-18_17-33-43,start,ranging'
ptd-server 2022-02-18 17:33:43,493 [INFO] Running PTDaemon: ['/local/mnt/workspace/mlcommons/power-main/inference_v1.0/ptd-linux-x86', '-l', '/tmp/tmp4zullp9k/ptd_logfile.txt', '-p', '8889', '49', '/dev/usbtmc0']
ptd-server 2022-02-18 17:34:00,527 [INFO] Sending to ptd: 'Hello'
ptd-server 2022-02-18 17:34:00,527 [INFO] Reply from ptd: 'Hello, PTDaemon here!'
ptd-server 2022-02-18 17:34:00,527 [INFO] Sending to ptd: 'Identify'
ptd-server 2022-02-18 17:34:00,527 [INFO] Reply from ptd: 'YokogawaWT310E,1000,1,1,1,1,0,1,1,version=1.9.2-e8c7a49a-20201208,OS=Linux 4.15.0-162-generic #170-Ubuntu SMP Mon Oct 18 11:38:05 UTC 2021 x86_64,mode=power,1,1,1,0,0,no_cal_date,YOKOGAWA;WT310E;C2XF16028V;F1.04'
ptd-server 2022-02-18 17:34:00,527 [INFO] Connected to PTDaemon
ptd-server 2022-02-18 17:34:00,527 [INFO] Sending to ptd: 'RR'
ptd-server 2022-02-18 17:34:00,528 [INFO] Reply from ptd: 'Ranges,1,5.000000,1,150.000000'
ptd-server 2022-02-18 17:34:00,528 [INFO] Initial range for Amps is Auto for Volts is Auto
ptd-server 2022-02-18 17:34:00,528 [INFO] Sending to ptd: 'SR,V,Auto'
ptd-server 2022-02-18 17:34:01,030 [INFO] Reply from ptd: 'Range V changed'
ptd-server 2022-02-18 17:34:01,030 [INFO] Sending to ptd: 'SR,A,Auto'
ptd-server 2022-02-18 17:34:01,532 [INFO] Reply from ptd: 'Range A changed'
ptd-server 2022-02-18 17:34:11,542 [INFO] Starting ranging mode
ptd-server 2022-02-18 17:34:11,542 [INFO] Sending to ptd: 'Go,1000,0,2022-02-18_17-33-43_ranging'
ptd-server 2022-02-18 17:34:11,542 [INFO] Reply from ptd: 'Starting untimed measurement, maximum 500000 samples at 1000ms with 0 rampup samples'
ptd-server 2022-02-18 17:34:11,542 [INFO] Sending reply to client 'OK'
ptd-server 2022-02-18 17:46:41,944 [INFO] Got command from the client 'session,2022-02-18_17-33-43,stop,ranging'
ptd-server 2022-02-18 17:46:51,954 [INFO] Sending to ptd: 'Stop'
ptd-server 2022-02-18 17:46:51,954 [INFO] Reply from ptd: 'Stopping untimed measurement'
ptd-server 2022-02-18 17:46:52,092 [INFO] Sending reply to client 'OK'
ptd-server 2022-02-18 17:46:52,211 [INFO] Got command from the client 'time'
ptd-server 2022-02-18 17:46:52,211 [INFO] Sending reply to client '1645228012.2111387'
ptd-server 2022-02-18 17:46:52,211 [INFO] Got command from the client 'session,2022-02-18_17-33-43,start,testing'
ptd-server 2022-02-18 17:46:52,211 [INFO] Sending to ptd: 'SR,V,121.450000'
ptd-server 2022-02-18 17:46:54,043 [INFO] Reply from ptd: 'Range V changed'
ptd-server 2022-02-18 17:46:54,044 [INFO] Sending to ptd: 'SR,A,5.423600'
ptd-server 2022-02-18 17:46:55,544 [INFO] Reply from ptd: 'Range A changed'
ptd-server 2022-02-18 17:47:05,554 [INFO] Starting testing mode
ptd-server 2022-02-18 17:47:05,555 [INFO] Sending to ptd: 'Go,1000,0,2022-02-18_17-33-43_testing'
ptd-server 2022-02-18 17:47:05,555 [INFO] Reply from ptd: 'Starting untimed measurement, maximum 500000 samples at 1000ms with 0 rampup samples'
ptd-server 2022-02-18 17:47:05,555 [INFO] Sending reply to client 'OK'
ptd-server 2022-02-18 17:59:35,920 [INFO] Got command from the client 'session,2022-02-18_17-33-43,stop,testing'
ptd-server 2022-02-18 17:59:45,931 [INFO] Sending to ptd: 'Stop'
ptd-server 2022-02-18 17:59:45,931 [INFO] Reply from ptd: 'Stopping untimed measurement'
ptd-server 2022-02-18 17:59:45,998 [INFO] Sending reply to client 'OK'
ptd-server 2022-02-18 17:59:46,004 [INFO] Got command from the client 'session,2022-02-18_17-33-43,done'
ptd-server 2022-02-18 17:59:46,004 [INFO] Sending to ptd: 'Stop'
ptd-server 2022-02-18 17:59:46,555 [INFO] Reply from ptd: 'Error: no measurement to stop'
ptd-server 2022-02-18 17:59:46,555 [INFO] Sending to ptd: 'SR,V,Auto'
ptd-server 2022-02-18 17:59:47,057 [INFO] Reply from ptd: 'Range V changed'
ptd-server 2022-02-18 17:59:47,057 [INFO] Sending to ptd: 'SR,A,Auto'
ptd-server 2022-02-18 17:59:47,559 [INFO] Reply from ptd: 'Range A changed'
ptd-server 2022-02-18 17:59:47,559 [INFO] Set initial values for Amps Auto and Volts Auto
ptd-server 2022-02-18 17:59:47,559 [INFO] Stopping ptd...
