ptd-server 2022-02-21 11:00:34,862 [INFO] Got command from the client 'time'
ptd-server 2022-02-21 11:00:34,863 [INFO] Sending reply to client '1645441234.863027'
ptd-server 2022-02-21 11:00:34,864 [INFO] Got command from the client 'new,,eb701616-7de1-45b2-afa6-c29204082331'
ptd-server 2022-02-21 11:00:34,864 [INFO] Sending reply to client 'OK 2022-02-21_11-00-34,33441cda-6e44-4d99-bae3-05ab2375b6a8'
ptd-server 2022-02-21 11:00:34,895 [INFO] Got command from the client 'time'
ptd-server 2022-02-21 11:00:34,895 [INFO] Sending reply to client '1645441234.8955762'
ptd-server 2022-02-21 11:00:34,896 [INFO] Got command from the client 'session,2022-02-21_11-00-34,start,ranging'
ptd-server 2022-02-21 11:00:34,897 [INFO] Running PTDaemon: ['/home/anton/projects/mlperf/power/inference_v1.0/ptd-linux-x86', '-l', '/tmp/tmpgldyt7rr/ptd_logfile.txt', '-p', '8888', '49', '/dev/usbtmc0']
ptd-server 2022-02-21 11:00:52,070 [INFO] Sending to ptd: 'Hello'
ptd-server 2022-02-21 11:00:52,071 [INFO] Reply from ptd: 'Hello, PTDaemon here!'
ptd-server 2022-02-21 11:00:52,071 [INFO] Sending to ptd: 'Identify'
ptd-server 2022-02-21 11:00:52,071 [INFO] Reply from ptd: 'YokogawaWT310E,1000,1,1,1,1,0,1,1,version=1.9.2-e8c7a49a-20201208,OS=Linux 5.13.0-28-generic #31~20.04.1-Ubuntu SMP Wed Jan 19 14:08:10 UTC 2022 x86_64,mode=power,1,1,1,0,0,no_cal_date,YOKOGAWA;WT310E;C3XA04010E;F1.04'
ptd-server 2022-02-21 11:00:52,071 [INFO] Connected to PTDaemon
ptd-server 2022-02-21 11:00:52,071 [INFO] Sending to ptd: 'RR'
ptd-server 2022-02-21 11:00:52,072 [INFO] Reply from ptd: 'Ranges,0,0.500000,0,300.000000'
ptd-server 2022-02-21 11:00:52,072 [INFO] Initial range for Amps is 0.500000 for Volts is 300.000000
ptd-server 2022-02-21 11:00:52,072 [INFO] Sending to ptd: 'SR,V,Auto'
ptd-server 2022-02-21 11:00:52,575 [INFO] Reply from ptd: 'Range V changed'
ptd-server 2022-02-21 11:00:52,575 [INFO] Sending to ptd: 'SR,A,Auto'
ptd-server 2022-02-21 11:00:53,077 [INFO] Reply from ptd: 'Range A changed'
ptd-server 2022-02-21 11:01:03,087 [INFO] Starting ranging mode
ptd-server 2022-02-21 11:01:03,088 [INFO] Sending to ptd: 'Go,1000,0,2022-02-21_11-00-34_ranging'
ptd-server 2022-02-21 11:01:03,088 [INFO] Reply from ptd: 'Starting untimed measurement, maximum 500000 samples at 1000ms with 0 rampup samples'
ptd-server 2022-02-21 11:01:03,088 [INFO] Sending reply to client 'OK'
ptd-server 2022-02-21 11:11:24,862 [INFO] Got command from the client 'session,2022-02-21_11-00-34,stop,ranging'
ptd-server 2022-02-21 11:11:34,872 [INFO] Sending to ptd: 'Stop'
ptd-server 2022-02-21 11:11:34,873 [INFO] Reply from ptd: 'Stopping untimed measurement'
ptd-server 2022-02-21 11:11:35,456 [INFO] Sending reply to client 'OK'
ptd-server 2022-02-21 11:11:35,537 [INFO] Got command from the client 'time'
ptd-server 2022-02-21 11:11:35,537 [INFO] Sending reply to client '1645441895.5378544'
ptd-server 2022-02-21 11:11:35,539 [INFO] Got command from the client 'session,2022-02-21_11-00-34,start,testing'
ptd-server 2022-02-21 11:11:35,539 [INFO] Sending to ptd: 'SR,V,251.910000'
ptd-server 2022-02-21 11:11:37,040 [INFO] Reply from ptd: 'Range V changed'
ptd-server 2022-02-21 11:11:37,041 [INFO] Sending to ptd: 'SR,A,0.055330'
ptd-server 2022-02-21 11:11:38,542 [INFO] Reply from ptd: 'Range A changed'
ptd-server 2022-02-21 11:11:48,552 [INFO] Starting testing mode
ptd-server 2022-02-21 11:11:48,552 [INFO] Sending to ptd: 'Go,1000,0,2022-02-21_11-00-34_testing'
ptd-server 2022-02-21 11:11:48,553 [INFO] Reply from ptd: 'Starting untimed measurement, maximum 500000 samples at 1000ms with 0 rampup samples'
ptd-server 2022-02-21 11:11:48,553 [INFO] Sending reply to client 'OK'
ptd-server 2022-02-21 11:22:11,132 [INFO] Got command from the client 'session,2022-02-21_11-00-34,stop,testing'
ptd-server 2022-02-21 11:22:21,142 [INFO] Sending to ptd: 'Stop'
ptd-server 2022-02-21 11:22:21,143 [INFO] Reply from ptd: 'Stopping untimed measurement'
ptd-server 2022-02-21 11:22:21,456 [INFO] Sending reply to client 'OK'
ptd-server 2022-02-21 11:22:21,474 [INFO] Got command from the client 'session,2022-02-21_11-00-34,done'
ptd-server 2022-02-21 11:22:21,474 [INFO] Sending to ptd: 'Stop'
ptd-server 2022-02-21 11:22:21,554 [INFO] Reply from ptd: 'Error: no measurement to stop'
ptd-server 2022-02-21 11:22:21,554 [INFO] Sending to ptd: 'SR,V,300.000000'
ptd-server 2022-02-21 11:22:23,055 [INFO] Reply from ptd: 'Range V changed'
ptd-server 2022-02-21 11:22:23,055 [INFO] Sending to ptd: 'SR,A,0.500000'
ptd-server 2022-02-21 11:22:24,556 [INFO] Reply from ptd: 'Range A changed'
ptd-server 2022-02-21 11:22:24,557 [INFO] Set initial values for Amps 0.500000 and Volts 300.000000
ptd-server 2022-02-21 11:22:24,557 [INFO] Stopping ptd...
