ptd-server 2022-02-24 23:52:21,009 [INFO] Got command from the client 'time'
ptd-server 2022-02-24 23:52:21,009 [INFO] Sending reply to client '1645746741.0095248'
ptd-server 2022-02-24 23:52:21,011 [INFO] Got command from the client 'new,,702d7df6-498d-40ee-8687-f894cc9a4b61'
ptd-server 2022-02-24 23:52:21,012 [INFO] Sending reply to client 'OK 2022-02-24_23-52-21,028c56c9-bc75-4676-bb08-f99a93b57567'
ptd-server 2022-02-24 23:52:21,051 [INFO] Got command from the client 'time'
ptd-server 2022-02-24 23:52:21,051 [INFO] Sending reply to client '1645746741.051573'
ptd-server 2022-02-24 23:52:21,053 [INFO] Got command from the client 'session,2022-02-24_23-52-21,start,ranging'
ptd-server 2022-02-24 23:52:21,053 [INFO] Running PTDaemon: ['/home/anton/projects/mlperf/power/inference_v1.0/ptd-linux-x86', '-l', '/tmp/tmp0_fn53vp/ptd_logfile.txt', '-p', '8888', '49', '/dev/usbtmc0']
ptd-server 2022-02-24 23:52:38,218 [INFO] Sending to ptd: 'Hello'
ptd-server 2022-02-24 23:52:38,219 [INFO] Reply from ptd: 'Hello, PTDaemon here!'
ptd-server 2022-02-24 23:52:38,219 [INFO] Sending to ptd: 'Identify'
ptd-server 2022-02-24 23:52:38,219 [INFO] Reply from ptd: 'YokogawaWT310E,1000,1,1,1,1,0,1,1,version=1.9.2-e8c7a49a-20201208,OS=Linux 5.13.0-30-generic #33~20.04.1-Ubuntu SMP Mon Feb 7 14:25:10 UTC 2022 x86_64,mode=power,1,1,1,0,0,no_cal_date,YOKOGAWA;WT310E;C3XA04010E;F1.04'
ptd-server 2022-02-24 23:52:38,220 [INFO] Connected to PTDaemon
ptd-server 2022-02-24 23:52:38,220 [INFO] Sending to ptd: 'RR'
ptd-server 2022-02-24 23:52:38,220 [INFO] Reply from ptd: 'Ranges,0,0.500000,1,300.000000'
ptd-server 2022-02-24 23:52:38,220 [INFO] Initial range for Amps is 0.500000 for Volts is Auto
ptd-server 2022-02-24 23:52:38,220 [INFO] Sending to ptd: 'SR,V,Auto'
ptd-server 2022-02-24 23:52:38,723 [INFO] Reply from ptd: 'Range V changed'
ptd-server 2022-02-24 23:52:38,723 [INFO] Sending to ptd: 'SR,A,Auto'
ptd-server 2022-02-24 23:52:39,225 [INFO] Reply from ptd: 'Range A changed'
ptd-server 2022-02-24 23:52:49,235 [INFO] Starting ranging mode
ptd-server 2022-02-24 23:52:49,236 [INFO] Sending to ptd: 'Go,1000,0,2022-02-24_23-52-21_ranging'
ptd-server 2022-02-24 23:52:49,236 [INFO] Reply from ptd: 'Starting untimed measurement, maximum 500000 samples at 1000ms with 0 rampup samples'
ptd-server 2022-02-24 23:52:49,236 [INFO] Sending reply to client 'OK'
ptd-server 2022-02-25 00:03:12,008 [INFO] Got command from the client 'session,2022-02-24_23-52-21,stop,ranging'
ptd-server 2022-02-25 00:03:22,018 [INFO] Sending to ptd: 'Stop'
ptd-server 2022-02-25 00:03:22,018 [INFO] Reply from ptd: 'Stopping untimed measurement'
ptd-server 2022-02-25 00:03:22,193 [INFO] Sending reply to client 'OK'
ptd-server 2022-02-25 00:03:22,248 [INFO] Got command from the client 'time'
ptd-server 2022-02-25 00:03:22,248 [INFO] Sending reply to client '1645747402.2488365'
ptd-server 2022-02-25 00:03:22,250 [INFO] Got command from the client 'session,2022-02-24_23-52-21,start,testing'
ptd-server 2022-02-25 00:03:22,251 [INFO] Sending to ptd: 'SR,V,249.720000'
ptd-server 2022-02-25 00:03:23,752 [INFO] Reply from ptd: 'Range V changed'
ptd-server 2022-02-25 00:03:23,752 [INFO] Sending to ptd: 'SR,A,0.047750'
ptd-server 2022-02-25 00:03:25,253 [INFO] Reply from ptd: 'Range A changed'
ptd-server 2022-02-25 00:03:35,263 [INFO] Starting testing mode
ptd-server 2022-02-25 00:03:35,264 [INFO] Sending to ptd: 'Go,1000,0,2022-02-24_23-52-21_testing'
ptd-server 2022-02-25 00:03:35,264 [INFO] Reply from ptd: 'Starting untimed measurement, maximum 500000 samples at 1000ms with 0 rampup samples'
ptd-server 2022-02-25 00:03:35,264 [INFO] Sending reply to client 'OK'
ptd-server 2022-02-25 00:13:57,736 [INFO] Got command from the client 'session,2022-02-24_23-52-21,stop,testing'
ptd-server 2022-02-25 00:14:07,744 [INFO] Sending to ptd: 'Stop'
ptd-server 2022-02-25 00:14:07,744 [INFO] Reply from ptd: 'Stopping untimed measurement'
ptd-server 2022-02-25 00:14:07,832 [INFO] Sending reply to client 'OK'
ptd-server 2022-02-25 00:14:07,851 [INFO] Got command from the client 'session,2022-02-24_23-52-21,done'
ptd-server 2022-02-25 00:14:07,851 [INFO] Sending to ptd: 'Stop'
ptd-server 2022-02-25 00:14:08,264 [INFO] Reply from ptd: 'Error: no measurement to stop'
ptd-server 2022-02-25 00:14:08,264 [INFO] Sending to ptd: 'SR,V,Auto'
ptd-server 2022-02-25 00:14:08,767 [INFO] Reply from ptd: 'Range V changed'
ptd-server 2022-02-25 00:14:08,767 [INFO] Sending to ptd: 'SR,A,0.500000'
ptd-server 2022-02-25 00:14:10,268 [INFO] Reply from ptd: 'Range A changed'
ptd-server 2022-02-25 00:14:10,269 [INFO] Set initial values for Amps 0.500000 and Volts Auto
ptd-server 2022-02-25 00:14:10,269 [INFO] Stopping ptd...
