ptd-server 2022-02-23 12:08:43,506 [INFO] Got command from the client 'stop'
ptd-server 2022-02-23 12:08:43,506 [INFO] The server will be stopped after processing this client
ptd-server 2022-02-23 12:08:43,506 [INFO] Sending reply to client 'OK'
ptd-server 2022-02-23 12:08:43,724 [INFO] Got command from the client 'time'
ptd-server 2022-02-23 12:08:43,724 [INFO] Sending reply to client '1645646923.7247045'
ptd-server 2022-02-23 12:08:43,724 [INFO] Got command from the client 'new,,7e4f7340-a461-4e01-90e9-d9388fd97965'
ptd-server 2022-02-23 12:08:43,724 [INFO] Sending reply to client 'OK 2022-02-23_12-08-43,763b48f7-fe15-48b3-a6c9-636b43999c5c'
ptd-server 2022-02-23 12:08:43,943 [INFO] Got command from the client 'time'
ptd-server 2022-02-23 12:08:43,943 [INFO] Sending reply to client '1645646923.9434016'
ptd-server 2022-02-23 12:08:43,943 [INFO] Got command from the client 'session,2022-02-23_12-08-43,start,ranging'
ptd-server 2022-02-23 12:08:44,052 [INFO] Running PTDaemon: ['C:\\PTD\\ptd-windows-x86.exe', '-l', 'C:\\Users\\lab\\AppData\\Local\\Temp\\tmp278y10n9\\ptd_logfile.txt', '-p', '8888', '-c', '1,2', '-y', '77', '10.34.224.245']
ptd-server 2022-02-23 12:09:02,470 [INFO] Sending to ptd: 'Hello'
ptd-server 2022-02-23 12:09:02,470 [INFO] Reply from ptd: 'Hello, PTDaemon here!'
ptd-server 2022-02-23 12:09:02,470 [INFO] Sending to ptd: 'Identify'
ptd-server 2022-02-23 12:09:02,470 [INFO] Reply from ptd: 'YokogawaWT330_multichannel,1000,1,1,1,1,0,0,1,version=1.9.2-3976349f-20201208,OS=Windows 8 / Server 2012,mode=power,1,1,2,0,0,no_cal_date,YOKOGAWA;WT333E;C2XL24038V;F1.04'
ptd-server 2022-02-23 12:09:02,470 [INFO] Connected to PTDaemon
ptd-server 2022-02-23 12:09:02,470 [INFO] Sending to ptd: 'RR'
ptd-server 2022-02-23 12:09:02,470 [INFO] Reply from ptd: 'Ranges,-1,-1.000000,-1,-1.000000'
ptd-server 2022-02-23 12:09:02,470 [INFO] Initial range for Amps is Auto for Volts is Auto
ptd-server 2022-02-23 12:09:02,470 [INFO] Sending to ptd: 'SR,V,Auto'
ptd-server 2022-02-23 12:09:07,547 [INFO] Reply from ptd: 'Range V changed'
ptd-server 2022-02-23 12:09:07,547 [INFO] Sending to ptd: 'SR,A,Auto'
ptd-server 2022-02-23 12:09:12,623 [INFO] Reply from ptd: 'Range A changed'
ptd-server 2022-02-23 12:09:22,637 [INFO] Starting ranging mode
ptd-server 2022-02-23 12:09:22,637 [INFO] Sending to ptd: 'Go,1000,0,2022-02-23_12-08-43_ranging'
ptd-server 2022-02-23 12:09:22,637 [INFO] Reply from ptd: 'Starting untimed measurement, maximum 500000 samples at 1000ms with 0 rampup samples'
ptd-server 2022-02-23 12:09:22,637 [INFO] Sending reply to client 'OK'
ptd-server 2022-02-23 12:20:06,684 [INFO] Got command from the client 'session,2022-02-23_12-08-43,stop,ranging'
ptd-server 2022-02-23 12:20:16,697 [INFO] Sending to ptd: 'Stop'
ptd-server 2022-02-23 12:20:16,697 [INFO] Reply from ptd: 'Stopping untimed measurement'
ptd-server 2022-02-23 12:20:16,728 [INFO] Sending reply to client 'OK'
ptd-server 2022-02-23 12:20:16,978 [INFO] Got command from the client 'time'
ptd-server 2022-02-23 12:20:16,978 [INFO] Sending reply to client '1645647616.9786358'
ptd-server 2022-02-23 12:20:16,978 [INFO] Got command from the client 'session,2022-02-23_12-08-43,start,testing'
ptd-server 2022-02-23 12:20:16,978 [INFO] Sending to ptd: 'SR,V,208.380000'
ptd-server 2022-02-23 12:20:23,742 [INFO] Reply from ptd: 'Range V changed'
ptd-server 2022-02-23 12:20:23,742 [INFO] Sending to ptd: 'SR,A,8.069000'
ptd-server 2022-02-23 12:20:29,335 [INFO] Reply from ptd: 'Range A changed'
ptd-server 2022-02-23 12:20:39,348 [INFO] Starting testing mode
ptd-server 2022-02-23 12:20:39,348 [INFO] Sending to ptd: 'Go,1000,0,2022-02-23_12-08-43_testing'
ptd-server 2022-02-23 12:20:39,348 [INFO] Reply from ptd: 'Starting untimed measurement, maximum 500000 samples at 1000ms with 0 rampup samples'
ptd-server 2022-02-23 12:20:39,348 [INFO] Sending reply to client 'OK'
ptd-server 2022-02-23 12:31:23,036 [INFO] Got command from the client 'session,2022-02-23_12-08-43,stop,testing'
ptd-server 2022-02-23 12:31:33,049 [INFO] Sending to ptd: 'Stop'
ptd-server 2022-02-23 12:31:33,049 [INFO] Reply from ptd: 'Stopping untimed measurement'
ptd-server 2022-02-23 12:31:33,064 [INFO] Sending reply to client 'OK'
ptd-server 2022-02-23 12:31:33,158 [INFO] Got command from the client 'session,2022-02-23_12-08-43,done'
ptd-server 2022-02-23 12:31:33,158 [INFO] Sending to ptd: 'Stop'
ptd-server 2022-02-23 12:31:33,361 [INFO] Reply from ptd: 'Error: no measurement to stop'
ptd-server 2022-02-23 12:31:33,361 [INFO] Sending to ptd: 'SR,V,Auto'
ptd-server 2022-02-23 12:31:38,438 [INFO] Reply from ptd: 'Range V changed'
ptd-server 2022-02-23 12:31:38,438 [INFO] Sending to ptd: 'SR,A,Auto'
ptd-server 2022-02-23 12:31:43,515 [INFO] Reply from ptd: 'Range A changed'
ptd-server 2022-02-23 12:31:43,515 [INFO] Set initial values for Amps Auto and Volts Auto
ptd-server 2022-02-23 12:31:43,515 [INFO] Stopping ptd...
