ptd-server 2022-02-24 04:58:50,611 [INFO] Got command from the client 'time'
ptd-server 2022-02-24 04:58:50,611 [INFO] Sending reply to client '1645678730.6116745'
ptd-server 2022-02-24 04:58:50,613 [INFO] Got command from the client 'new,,8cf91ce9-9233-4683-8cbd-c91d28924c11'
ptd-server 2022-02-24 04:58:50,614 [INFO] Sending reply to client 'OK 2022-02-24_04-58-50,2dba5c88-8d70-4edf-ac84-d615541075ba'
ptd-server 2022-02-24 04:58:50,650 [INFO] Got command from the client 'time'
ptd-server 2022-02-24 04:58:50,650 [INFO] Sending reply to client '1645678730.6506312'
ptd-server 2022-02-24 04:58:50,652 [INFO] Got command from the client 'session,2022-02-24_04-58-50,start,ranging'
ptd-server 2022-02-24 04:58:50,652 [INFO] Running PTDaemon: ['/home/anton/projects/mlperf/power/inference_v1.0/ptd-linux-x86', '-l', '/tmp/tmp0_fn53vp/ptd_logfile.txt', '-p', '8888', '49', '/dev/usbtmc0']
ptd-server 2022-02-24 04:59:07,825 [INFO] Sending to ptd: 'Hello'
ptd-server 2022-02-24 04:59:07,826 [INFO] Reply from ptd: 'Hello, PTDaemon here!'
ptd-server 2022-02-24 04:59:07,826 [INFO] Sending to ptd: 'Identify'
ptd-server 2022-02-24 04:59:07,826 [INFO] Reply from ptd: 'YokogawaWT310E,1000,1,1,1,1,0,1,1,version=1.9.2-e8c7a49a-20201208,OS=Linux 5.13.0-30-generic #33~20.04.1-Ubuntu SMP Mon Feb 7 14:25:10 UTC 2022 x86_64,mode=power,1,1,1,0,0,no_cal_date,YOKOGAWA;WT310E;C3XA04010E;F1.04'
ptd-server 2022-02-24 04:59:07,827 [INFO] Connected to PTDaemon
ptd-server 2022-02-24 04:59:07,827 [INFO] Sending to ptd: 'RR'
ptd-server 2022-02-24 04:59:07,827 [INFO] Reply from ptd: 'Ranges,0,0.500000,1,300.000000'
ptd-server 2022-02-24 04:59:07,827 [INFO] Initial range for Amps is 0.500000 for Volts is Auto
ptd-server 2022-02-24 04:59:07,827 [INFO] Sending to ptd: 'SR,V,Auto'
ptd-server 2022-02-24 04:59:08,330 [INFO] Reply from ptd: 'Range V changed'
ptd-server 2022-02-24 04:59:08,330 [INFO] Sending to ptd: 'SR,A,Auto'
ptd-server 2022-02-24 04:59:08,832 [INFO] Reply from ptd: 'Range A changed'
ptd-server 2022-02-24 04:59:18,843 [INFO] Starting ranging mode
ptd-server 2022-02-24 04:59:18,843 [INFO] Sending to ptd: 'Go,1000,0,2022-02-24_04-58-50_ranging'
ptd-server 2022-02-24 04:59:18,843 [INFO] Reply from ptd: 'Starting untimed measurement, maximum 500000 samples at 1000ms with 0 rampup samples'
ptd-server 2022-02-24 04:59:18,843 [INFO] Sending reply to client 'OK'
ptd-server 2022-02-24 05:09:41,348 [INFO] Got command from the client 'session,2022-02-24_04-58-50,stop,ranging'
ptd-server 2022-02-24 05:09:51,358 [INFO] Sending to ptd: 'Stop'
ptd-server 2022-02-24 05:09:51,359 [INFO] Reply from ptd: 'Stopping untimed measurement'
ptd-server 2022-02-24 05:09:51,425 [INFO] Sending reply to client 'OK'
ptd-server 2022-02-24 05:09:51,488 [INFO] Got command from the client 'time'
ptd-server 2022-02-24 05:09:51,488 [INFO] Sending reply to client '1645679391.488863'
ptd-server 2022-02-24 05:09:51,490 [INFO] Got command from the client 'session,2022-02-24_04-58-50,start,testing'
ptd-server 2022-02-24 05:09:51,491 [INFO] Sending to ptd: 'SR,V,250.520000'
ptd-server 2022-02-24 05:09:53,345 [INFO] Reply from ptd: 'Range V changed'
ptd-server 2022-02-24 05:09:53,345 [INFO] Sending to ptd: 'SR,A,0.045120'
ptd-server 2022-02-24 05:09:54,846 [INFO] Reply from ptd: 'Range A changed'
ptd-server 2022-02-24 05:10:04,856 [INFO] Starting testing mode
ptd-server 2022-02-24 05:10:04,857 [INFO] Sending to ptd: 'Go,1000,0,2022-02-24_04-58-50_testing'
ptd-server 2022-02-24 05:10:04,857 [INFO] Reply from ptd: 'Starting untimed measurement, maximum 500000 samples at 1000ms with 0 rampup samples'
ptd-server 2022-02-24 05:10:04,857 [INFO] Sending reply to client 'OK'
ptd-server 2022-02-24 05:20:27,185 [INFO] Got command from the client 'session,2022-02-24_04-58-50,stop,testing'
ptd-server 2022-02-24 05:20:37,195 [INFO] Sending to ptd: 'Stop'
ptd-server 2022-02-24 05:20:37,195 [INFO] Reply from ptd: 'Stopping untimed measurement'
ptd-server 2022-02-24 05:20:37,226 [INFO] Sending reply to client 'OK'
ptd-server 2022-02-24 05:20:37,244 [INFO] Got command from the client 'session,2022-02-24_04-58-50,done'
ptd-server 2022-02-24 05:20:37,244 [INFO] Sending to ptd: 'Stop'
ptd-server 2022-02-24 05:20:37,857 [INFO] Reply from ptd: 'Error: no measurement to stop'
ptd-server 2022-02-24 05:20:37,858 [INFO] Sending to ptd: 'SR,V,Auto'
ptd-server 2022-02-24 05:20:38,360 [INFO] Reply from ptd: 'Range V changed'
ptd-server 2022-02-24 05:20:38,360 [INFO] Sending to ptd: 'SR,A,0.500000'
ptd-server 2022-02-24 05:20:39,862 [INFO] Reply from ptd: 'Range A changed'
ptd-server 2022-02-24 05:20:39,862 [INFO] Set initial values for Amps 0.500000 and Volts Auto
ptd-server 2022-02-24 05:20:39,862 [INFO] Stopping ptd...
