ptd-server 2022-02-17 15:02:20,749 [INFO] Got command from the client 'time'
ptd-server 2022-02-17 15:02:20,749 [INFO] Sending reply to client '1645110140.7499373'
ptd-server 2022-02-17 15:02:20,751 [INFO] Got command from the client 'new,,1ab0667b-e500-4fae-b4b7-a911a3ae99d6'
ptd-server 2022-02-17 15:02:20,751 [INFO] Sending reply to client 'OK 2022-02-17_15-02-20,3ff1e56d-3490-4365-8382-ced233b8b97f'
ptd-server 2022-02-17 15:02:20,804 [INFO] Got command from the client 'time'
ptd-server 2022-02-17 15:02:20,804 [INFO] Sending reply to client '1645110140.804727'
ptd-server 2022-02-17 15:02:20,805 [INFO] Got command from the client 'session,2022-02-17_15-02-20,start,ranging'
ptd-server 2022-02-17 15:02:20,806 [INFO] Running PTDaemon: ['/home/anton/projects/mlperf/power/inference_v1.0/ptd-linux-x86', '-l', '/tmp/tmpgldyt7rr/ptd_logfile.txt', '-p', '8888', '49', '/dev/usbtmc0']
ptd-server 2022-02-17 15:02:37,978 [INFO] Sending to ptd: 'Hello'
ptd-server 2022-02-17 15:02:37,979 [INFO] Reply from ptd: 'Hello, PTDaemon here!'
ptd-server 2022-02-17 15:02:37,979 [INFO] Sending to ptd: 'Identify'
ptd-server 2022-02-17 15:02:37,979 [INFO] Reply from ptd: 'YokogawaWT310E,1000,1,1,1,1,0,1,1,version=1.9.2-e8c7a49a-20201208,OS=Linux 5.13.0-28-generic #31~20.04.1-Ubuntu SMP Wed Jan 19 14:08:10 UTC 2022 x86_64,mode=power,1,1,1,0,0,no_cal_date,YOKOGAWA;WT310E;C3XA04010E;F1.04'
ptd-server 2022-02-17 15:02:37,980 [INFO] Connected to PTDaemon
ptd-server 2022-02-17 15:02:37,980 [INFO] Sending to ptd: 'RR'
ptd-server 2022-02-17 15:02:37,980 [INFO] Reply from ptd: 'Ranges,0,0.500000,0,300.000000'
ptd-server 2022-02-17 15:02:37,980 [INFO] Initial range for Amps is 0.500000 for Volts is 300.000000
ptd-server 2022-02-17 15:02:37,980 [INFO] Sending to ptd: 'SR,V,Auto'
ptd-server 2022-02-17 15:02:38,483 [INFO] Reply from ptd: 'Range V changed'
ptd-server 2022-02-17 15:02:38,483 [INFO] Sending to ptd: 'SR,A,Auto'
ptd-server 2022-02-17 15:02:38,985 [INFO] Reply from ptd: 'Range A changed'
ptd-server 2022-02-17 15:02:48,996 [INFO] Starting ranging mode
ptd-server 2022-02-17 15:02:48,996 [INFO] Sending to ptd: 'Go,1000,0,2022-02-17_15-02-20_ranging'
ptd-server 2022-02-17 15:02:48,996 [INFO] Reply from ptd: 'Starting untimed measurement, maximum 500000 samples at 1000ms with 0 rampup samples'
ptd-server 2022-02-17 15:02:48,997 [INFO] Sending reply to client 'OK'
ptd-server 2022-02-17 15:13:10,375 [INFO] Got command from the client 'session,2022-02-17_15-02-20,stop,ranging'
ptd-server 2022-02-17 15:13:20,385 [INFO] Sending to ptd: 'Stop'
ptd-server 2022-02-17 15:13:20,386 [INFO] Reply from ptd: 'Stopping untimed measurement'
ptd-server 2022-02-17 15:13:20,569 [INFO] Sending reply to client 'OK'
ptd-server 2022-02-17 15:13:20,647 [INFO] Got command from the client 'time'
ptd-server 2022-02-17 15:13:20,647 [INFO] Sending reply to client '1645110800.6474516'
ptd-server 2022-02-17 15:13:20,648 [INFO] Got command from the client 'session,2022-02-17_15-02-20,start,testing'
ptd-server 2022-02-17 15:13:20,648 [INFO] Sending to ptd: 'SR,V,251.010000'
ptd-server 2022-02-17 15:13:22,498 [INFO] Reply from ptd: 'Range V changed'
ptd-server 2022-02-17 15:13:22,498 [INFO] Sending to ptd: 'SR,A,0.068910'
ptd-server 2022-02-17 15:13:23,999 [INFO] Reply from ptd: 'Range A changed'
ptd-server 2022-02-17 15:13:34,010 [INFO] Starting testing mode
ptd-server 2022-02-17 15:13:34,010 [INFO] Sending to ptd: 'Go,1000,0,2022-02-17_15-02-20_testing'
ptd-server 2022-02-17 15:13:34,010 [INFO] Reply from ptd: 'Starting untimed measurement, maximum 500000 samples at 1000ms with 0 rampup samples'
ptd-server 2022-02-17 15:13:34,010 [INFO] Sending reply to client 'OK'
ptd-server 2022-02-17 15:23:56,656 [INFO] Got command from the client 'session,2022-02-17_15-02-20,stop,testing'
ptd-server 2022-02-17 15:24:06,667 [INFO] Sending to ptd: 'Stop'
ptd-server 2022-02-17 15:24:06,667 [INFO] Reply from ptd: 'Stopping untimed measurement'
ptd-server 2022-02-17 15:24:06,769 [INFO] Sending reply to client 'OK'
ptd-server 2022-02-17 15:24:06,792 [INFO] Got command from the client 'session,2022-02-17_15-02-20,done'
ptd-server 2022-02-17 15:24:06,792 [INFO] Sending to ptd: 'Stop'
ptd-server 2022-02-17 15:24:07,010 [INFO] Reply from ptd: 'Error: no measurement to stop'
ptd-server 2022-02-17 15:24:07,010 [INFO] Sending to ptd: 'SR,V,300.000000'
ptd-server 2022-02-17 15:24:08,512 [INFO] Reply from ptd: 'Range V changed'
ptd-server 2022-02-17 15:24:08,512 [INFO] Sending to ptd: 'SR,A,0.500000'
ptd-server 2022-02-17 15:24:10,013 [INFO] Reply from ptd: 'Range A changed'
ptd-server 2022-02-17 15:24:10,014 [INFO] Set initial values for Amps 0.500000 and Volts 300.000000
ptd-server 2022-02-17 15:24:10,014 [INFO] Stopping ptd...
