client 2022-02-23 14:34:20,573 [INFO] Sending command to the server: 'mlcommons/power client v3'
client 2022-02-23 14:34:20,579 [INFO] Got response: 'mlcommons/power server v3'
client 2022-02-23 14:34:20,579 [INFO] Sending command to the server: 'stop'
client 2022-02-23 14:34:20,580 [INFO] Got response: 'OK'
client 2022-02-23 14:34:20,580 [INFO] Synchronizing with the server and with ib-01.dc4-in.nvidia.com...
client 2022-02-23 14:34:20,788 [INFO] NTP:offset = 0.001 s, delay = 0.202 s 
client 2022-02-23 14:34:20,788 [INFO] Sending command to the server: 'time'
client 2022-02-23 14:34:20,790 [INFO] Got response: '1645626860.891495'
client 2022-02-23 14:34:20,790 [INFO] The time difference between the client and the server is within range -102.601 ms..-101.290 ms
client 2022-02-23 14:34:20,790 [INFO] Sending command to the server: 'new,,ec9c7c64-e4e8-4b81-876f-c03121c41b02'
client 2022-02-23 14:34:20,791 [INFO] Got response: 'OK 2022-02-23_06-34-20,af958e02-a501-4ebf-9b2c-476c6398e12d'
client 2022-02-23 14:34:20,791 [INFO] Session id is '2022-02-23_06-34-20'
client 2022-02-23 14:34:20,791 [INFO] Sources: {"sources": {"__init__.py": "da39a3ee5e6b4b0d3255bfef95601890afd80709", "client.py": "33ca4f26368777ac06e01f9567b714a4b8063886", "lib/__init__.py": "da39a3ee5e6b4b0d3255bfef95601890afd80709", "lib/client.py": "4c2b78fb4849a7e5b584ef792d82aaed20b17f57", "lib/common.py": "624d0c0acc7c39aaff3674f0b99d6a09da53d1dc", "lib/external/__init__.py": "da39a3ee5e6b4b0d3255bfef95601890afd80709", "lib/external/ntplib.py": "4da8f970656505a40483206ef2b5d3dd5e81711d", "lib/server.py": "59c9fb92908260d3e9f81a895c7aa009742275e4", "lib/source_hashes.py": "60a2e02193209e8d392803326208d5466342da18", "lib/summary.py": "aa92f0a3f975eecd44d3c0cd0236342ccc9f941d", "lib/time_sync.py": "3210db56eb0ff0df57bf4293dc4d4b03fffd46f1", "server.py": "c3f90f2f7eeb4db30727556d0c815ebc89b3d28b", "tests/unit/__init__.py": "da39a3ee5e6b4b0d3255bfef95601890afd80709", "tests/unit/test_server.py": "99ae15aef722f2000ee6ed1ae1523637bf1ae42b", "tests/unit/test_source_hashes.py": "00468a2907583c593e6574a1f6b404e4651c221a"}, "modules": {"ptd_client_server.lib.client": "lib/client.py", "ptd_client_server.lib.common": "lib/common.py", "ptd_client_server.lib.external.ntplib": "lib/external/ntplib.py", "ptd_client_server.lib.source_hashes": "lib/source_hashes.py", "ptd_client_server.lib.summary": "lib/summary.py", "ptd_client_server.lib.time_sync": "lib/time_sync.py"}}
client 2022-02-23 14:34:20,794 [INFO] Running workload in ranging mode
client 2022-02-23 14:34:20,794 [INFO] Synchronizing with the server and with ib-01.dc4-in.nvidia.com...
client 2022-02-23 14:34:20,997 [INFO] NTP:offset = 0.001 s, delay = 0.202 s 
client 2022-02-23 14:34:20,997 [INFO] Sending command to the server: 'time'
client 2022-02-23 14:34:20,998 [INFO] Got response: '1645626861.0881677'
client 2022-02-23 14:34:20,998 [INFO] The time difference between the client and the server is within range -90.529 ms..-89.409 ms
client 2022-02-23 14:34:20,998 [INFO] Sending command to the server: 'session,2022-02-23_06-34-20,start,ranging'
client 2022-02-23 14:34:49,709 [INFO] Got response: 'OK'
client 2022-02-23 14:34:49,709 [INFO] Running the workload 'LOG_DIR=/work/build/power_logs_temp python3 code/main.py --benchmarks=dlrm --scenarios=Server --test_mode=PerformanceOnly --config_ver=maxq_high_accuracy --action="run_harness" \\\n\t\t2>&1 | tee -a /work/build/power_logs/2022.02.23-14.34.04/stdout.txt \\\n\t\t&& if [ ! -d /work/build/power_logs/2022.02.23-14.34.04/ranging_tmp ]; \\\n\t\t\tthen mkdir /work/build/power_logs/2022.02.23-14.34.04/ranging_tmp \\\n\t\t\t\t&& mv /work/build/power_logs_temp/* /work/build/power_logs/2022.02.23-14.34.04/ranging_tmp/ \\\n\t\t\t\t&& cp -v /work/build/power_logs/2022.02.23-14.34.04/ranging_tmp/*/*/*/mlperf_log_detail.txt /work/build/power_logs_temp/ \\\n\t\t\t\t&& cp -v /work/build/power_logs/2022.02.23-14.34.04/ranging_tmp/*/*/*/mlperf_log_summary.txt /work/build/power_logs_temp/; \\\n\t\t\telse mkdir /work/build/power_logs/2022.02.23-14.34.04/testing_tmp \\\n\t\t\t\t&& mv /work/build/power_logs_temp/* /work/build/power_logs/2022.02.23-14.34.04/testing_tmp/ \\\n\t\t\t\t&& cp -v /work/build/power_logs/2022.02.23-14.34.04/testing_tmp/*/*/*/mlperf_log_detail.txt /work/build/power_logs_temp/ \\\n\t\t\t\t&& cp -v /work/build/power_logs/2022.02.23-14.34.04/testing_tmp/*/*/*/mlperf_log_summary.txt /work/build/power_logs_temp/; fi'
client 2022-02-23 14:53:45,789 [INFO] Sending command to the server: 'session,2022-02-23_06-34-20,stop,ranging'
client 2022-02-23 14:53:55,826 [INFO] Got response: 'OK'
client 2022-02-23 14:53:55,841 [INFO] Copying loadgen logs from '/work/build/power_logs_temp' to '/work/build/power_logs/2022.02.23-14.34.04/2022-02-23_06-34-20/ranging'
client 2022-02-23 14:53:55,861 [INFO] Running workload in testing mode
client 2022-02-23 14:53:55,861 [INFO] Synchronizing with the server and with ib-01.dc4-in.nvidia.com...
client 2022-02-23 14:53:56,067 [INFO] NTP:offset = 0.003 s, delay = 0.202 s 
client 2022-02-23 14:53:56,067 [INFO] Sending command to the server: 'time'
client 2022-02-23 14:53:56,068 [INFO] Got response: '1645628036.1683578'
client 2022-02-23 14:53:56,068 [INFO] The time difference between the client and the server is within range -100.889 ms..-99.760 ms
client 2022-02-23 14:53:56,068 [INFO] Sending command to the server: 'session,2022-02-23_06-34-20,start,testing'
client 2022-02-23 14:54:09,758 [INFO] Got response: 'OK'
client 2022-02-23 14:54:09,758 [INFO] Running the workload 'LOG_DIR=/work/build/power_logs_temp python3 code/main.py --benchmarks=dlrm --scenarios=Server --test_mode=PerformanceOnly --config_ver=maxq_high_accuracy --action="run_harness" \\\n\t\t2>&1 | tee -a /work/build/power_logs/2022.02.23-14.34.04/stdout.txt \\\n\t\t&& if [ ! -d /work/build/power_logs/2022.02.23-14.34.04/ranging_tmp ]; \\\n\t\t\tthen mkdir /work/build/power_logs/2022.02.23-14.34.04/ranging_tmp \\\n\t\t\t\t&& mv /work/build/power_logs_temp/* /work/build/power_logs/2022.02.23-14.34.04/ranging_tmp/ \\\n\t\t\t\t&& cp -v /work/build/power_logs/2022.02.23-14.34.04/ranging_tmp/*/*/*/mlperf_log_detail.txt /work/build/power_logs_temp/ \\\n\t\t\t\t&& cp -v /work/build/power_logs/2022.02.23-14.34.04/ranging_tmp/*/*/*/mlperf_log_summary.txt /work/build/power_logs_temp/; \\\n\t\t\telse mkdir /work/build/power_logs/2022.02.23-14.34.04/testing_tmp \\\n\t\t\t\t&& mv /work/build/power_logs_temp/* /work/build/power_logs/2022.02.23-14.34.04/testing_tmp/ \\\n\t\t\t\t&& cp -v /work/build/power_logs/2022.02.23-14.34.04/testing_tmp/*/*/*/mlperf_log_detail.txt /work/build/power_logs_temp/ \\\n\t\t\t\t&& cp -v /work/build/power_logs/2022.02.23-14.34.04/testing_tmp/*/*/*/mlperf_log_summary.txt /work/build/power_logs_temp/; fi'
client 2022-02-23 15:13:11,869 [INFO] Sending command to the server: 'session,2022-02-23_06-34-20,stop,testing'
client 2022-02-23 15:13:21,901 [INFO] Got response: 'OK'
client 2022-02-23 15:13:21,914 [INFO] Copying loadgen logs from '/work/build/power_logs_temp' to '/work/build/power_logs/2022.02.23-14.34.04/2022-02-23_06-34-20/run_1'
client 2022-02-23 15:13:21,927 [INFO] Done runs
