ptd-server 2022-02-23 06:34:20,675 [INFO] Got command from the client 'stop'
ptd-server 2022-02-23 06:34:20,675 [INFO] The server will be stopped after processing this client
ptd-server 2022-02-23 06:34:20,675 [INFO] Sending reply to client 'OK'
ptd-server 2022-02-23 06:34:20,891 [INFO] Got command from the client 'time'
ptd-server 2022-02-23 06:34:20,891 [INFO] Sending reply to client '1645626860.891495'
ptd-server 2022-02-23 06:34:20,891 [INFO] Got command from the client 'new,,ec9c7c64-e4e8-4b81-876f-c03121c41b02'
ptd-server 2022-02-23 06:34:20,891 [INFO] Sending reply to client 'OK 2022-02-23_06-34-20,af958e02-a501-4ebf-9b2c-476c6398e12d'
ptd-server 2022-02-23 06:34:21,088 [INFO] Got command from the client 'time'
ptd-server 2022-02-23 06:34:21,088 [INFO] Sending reply to client '1645626861.0881677'
ptd-server 2022-02-23 06:34:21,088 [INFO] Got command from the client 'session,2022-02-23_06-34-20,start,ranging'
ptd-server 2022-02-23 06:34:21,197 [INFO] Running PTDaemon: ['C:\\PTD\\ptd-windows-x86.exe', '-l', 'C:\\Users\\lab\\AppData\\Local\\Temp\\tmptnr2lbdr\\ptd_logfile.txt', '-p', '8888', '-c', '1', '-y', '52', '10.34.244.57']
ptd-server 2022-02-23 06:34:38,773 [INFO] Sending to ptd: 'Hello'
ptd-server 2022-02-23 06:34:38,773 [INFO] Reply from ptd: 'Hello, PTDaemon here!'
ptd-server 2022-02-23 06:34:38,773 [INFO] Sending to ptd: 'Identify'
ptd-server 2022-02-23 06:34:38,773 [INFO] Reply from ptd: 'YokogawaWT330E,1000,1,1,1,1,0,0,1,version=1.9.2-3976349f-20201208,OS=Windows 8 / Server 2012,mode=power,1,1,1,0,0,no_cal_date,YOKOGAWA;WT333E;C2XG12028V;F1.04'
ptd-server 2022-02-23 06:34:38,773 [INFO] Connected to PTDaemon
ptd-server 2022-02-23 06:34:38,773 [INFO] Sending to ptd: 'RR'
ptd-server 2022-02-23 06:34:38,773 [INFO] Reply from ptd: 'Ranges,0,20.000000,1,300.000000'
ptd-server 2022-02-23 06:34:38,773 [INFO] Initial range for Amps is 20.000000 for Volts is Auto
ptd-server 2022-02-23 06:34:38,773 [INFO] Sending to ptd: 'SR,V,Auto'
ptd-server 2022-02-23 06:34:39,292 [INFO] Reply from ptd: 'Range V changed'
ptd-server 2022-02-23 06:34:39,292 [INFO] Sending to ptd: 'SR,A,Auto'
ptd-server 2022-02-23 06:34:39,802 [INFO] Reply from ptd: 'Range A changed'
ptd-server 2022-02-23 06:34:49,804 [INFO] Starting ranging mode
ptd-server 2022-02-23 06:34:49,804 [INFO] Sending to ptd: 'Go,1000,0,2022-02-23_06-34-20_ranging'
ptd-server 2022-02-23 06:34:49,804 [INFO] Reply from ptd: 'Starting untimed measurement, maximum 500000 samples at 1000ms with 0 rampup samples'
ptd-server 2022-02-23 06:34:49,804 [INFO] Sending reply to client 'OK'
ptd-server 2022-02-23 06:53:45,885 [INFO] Got command from the client 'session,2022-02-23_06-34-20,stop,ranging'
ptd-server 2022-02-23 06:53:55,902 [INFO] Sending to ptd: 'Stop'
ptd-server 2022-02-23 06:53:55,902 [INFO] Reply from ptd: 'Stopping untimed measurement'
ptd-server 2022-02-23 06:53:55,918 [INFO] Sending reply to client 'OK'
ptd-server 2022-02-23 06:53:56,168 [INFO] Got command from the client 'time'
ptd-server 2022-02-23 06:53:56,168 [INFO] Sending reply to client '1645628036.1683578'
ptd-server 2022-02-23 06:53:56,168 [INFO] Got command from the client 'session,2022-02-23_06-34-20,start,testing'
ptd-server 2022-02-23 06:53:56,168 [INFO] Sending to ptd: 'SR,V,206.670000'
ptd-server 2022-02-23 06:53:58,325 [INFO] Reply from ptd: 'Range V changed'
ptd-server 2022-02-23 06:53:58,325 [INFO] Sending to ptd: 'SR,A,6.708000'
ptd-server 2022-02-23 06:53:59,857 [INFO] Reply from ptd: 'Range A changed'
ptd-server 2022-02-23 06:54:09,858 [INFO] Starting testing mode
ptd-server 2022-02-23 06:54:09,858 [INFO] Sending to ptd: 'Go,1000,0,2022-02-23_06-34-20_testing'
ptd-server 2022-02-23 06:54:09,858 [INFO] Reply from ptd: 'Starting untimed measurement, maximum 500000 samples at 1000ms with 0 rampup samples'
ptd-server 2022-02-23 06:54:09,858 [INFO] Sending reply to client 'OK'
ptd-server 2022-02-23 07:13:11,977 [INFO] Got command from the client 'session,2022-02-23_06-34-20,stop,testing'
ptd-server 2022-02-23 07:13:21,991 [INFO] Sending to ptd: 'Stop'
ptd-server 2022-02-23 07:13:21,991 [INFO] Reply from ptd: 'Stopping untimed measurement'
ptd-server 2022-02-23 07:13:22,006 [INFO] Sending reply to client 'OK'
ptd-server 2022-02-23 07:13:22,163 [INFO] Got command from the client 'session,2022-02-23_06-34-20,done'
ptd-server 2022-02-23 07:13:22,163 [INFO] Sending to ptd: 'Stop'
ptd-server 2022-02-23 07:13:22,864 [INFO] Reply from ptd: 'Error: no measurement to stop'
ptd-server 2022-02-23 07:13:22,864 [INFO] Sending to ptd: 'SR,V,Auto'
ptd-server 2022-02-23 07:13:23,379 [INFO] Reply from ptd: 'Range V changed'
ptd-server 2022-02-23 07:13:23,379 [INFO] Sending to ptd: 'SR,A,20.000000'
ptd-server 2022-02-23 07:13:24,910 [INFO] Reply from ptd: 'Range A changed'
ptd-server 2022-02-23 07:13:24,910 [INFO] Set initial values for Amps 20.000000 and Volts Auto
ptd-server 2022-02-23 07:13:24,910 [INFO] Stopping ptd...
