ptd-server 2022-02-16 00:54:25,482 [INFO] Got command from the client 'time'
ptd-server 2022-02-16 00:54:25,482 [INFO] Sending reply to client '1644972865.4825504'
ptd-server 2022-02-16 00:54:25,485 [INFO] Got command from the client 'new,,9953ff1f-dd0f-4028-baec-a073d55aeb93'
ptd-server 2022-02-16 00:54:25,485 [INFO] Sending reply to client 'OK 2022-02-16_00-54-25,dd830ab7-9cfa-48b2-a240-6d1eab90ba8e'
ptd-server 2022-02-16 00:54:25,527 [INFO] Got command from the client 'time'
ptd-server 2022-02-16 00:54:25,527 [INFO] Sending reply to client '1644972865.527422'
ptd-server 2022-02-16 00:54:25,529 [INFO] Got command from the client 'session,2022-02-16_00-54-25,start,ranging'
ptd-server 2022-02-16 00:54:25,530 [INFO] Running PTDaemon: ['/home/anton/projects/mlperf/power/inference_v1.0/ptd-linux-x86', '-l', '/tmp/tmpxvec0g6h/ptd_logfile.txt', '-p', '8888', '49', '/dev/usbtmc0']
ptd-server 2022-02-16 00:54:42,703 [INFO] Sending to ptd: 'Hello'
ptd-server 2022-02-16 00:54:42,703 [INFO] Reply from ptd: 'Hello, PTDaemon here!'
ptd-server 2022-02-16 00:54:42,703 [INFO] Sending to ptd: 'Identify'
ptd-server 2022-02-16 00:54:42,704 [INFO] Reply from ptd: 'YokogawaWT310E,1000,1,1,1,1,0,1,1,version=1.9.2-e8c7a49a-20201208,OS=Linux 5.13.0-27-generic #29~20.04.1-Ubuntu SMP Fri Jan 14 00:32:30 UTC 2022 x86_64,mode=power,1,1,1,0,0,no_cal_date,YOKOGAWA;WT310E;C3XA04010E;F1.04'
ptd-server 2022-02-16 00:54:42,704 [INFO] Connected to PTDaemon
ptd-server 2022-02-16 00:54:42,704 [INFO] Sending to ptd: 'RR'
ptd-server 2022-02-16 00:54:42,704 [INFO] Reply from ptd: 'Ranges,0,0.500000,0,300.000000'
ptd-server 2022-02-16 00:54:42,705 [INFO] Initial range for Amps is 0.500000 for Volts is 300.000000
ptd-server 2022-02-16 00:54:42,705 [INFO] Sending to ptd: 'SR,V,Auto'
ptd-server 2022-02-16 00:54:43,207 [INFO] Reply from ptd: 'Range V changed'
ptd-server 2022-02-16 00:54:43,207 [INFO] Sending to ptd: 'SR,A,Auto'
ptd-server 2022-02-16 00:54:43,710 [INFO] Reply from ptd: 'Range A changed'
ptd-server 2022-02-16 00:54:53,720 [INFO] Starting ranging mode
ptd-server 2022-02-16 00:54:53,720 [INFO] Sending to ptd: 'Go,1000,0,2022-02-16_00-54-25_ranging'
ptd-server 2022-02-16 00:54:53,721 [INFO] Reply from ptd: 'Starting untimed measurement, maximum 500000 samples at 1000ms with 0 rampup samples'
ptd-server 2022-02-16 00:54:53,721 [INFO] Sending reply to client 'OK'
ptd-server 2022-02-16 01:05:13,163 [INFO] Got command from the client 'session,2022-02-16_00-54-25,stop,ranging'
ptd-server 2022-02-16 01:05:23,173 [INFO] Sending to ptd: 'Stop'
ptd-server 2022-02-16 01:05:23,174 [INFO] Reply from ptd: 'Stopping untimed measurement'
ptd-server 2022-02-16 01:05:24,077 [INFO] Sending reply to client 'OK'
ptd-server 2022-02-16 01:05:24,124 [INFO] Got command from the client 'time'
ptd-server 2022-02-16 01:05:24,124 [INFO] Sending reply to client '1644973524.1246302'
ptd-server 2022-02-16 01:05:24,126 [INFO] Got command from the client 'session,2022-02-16_00-54-25,start,testing'
ptd-server 2022-02-16 01:05:24,126 [INFO] Sending to ptd: 'SR,V,250.100000'
ptd-server 2022-02-16 01:05:25,628 [INFO] Reply from ptd: 'Range V changed'
ptd-server 2022-02-16 01:05:25,628 [INFO] Sending to ptd: 'SR,A,0.224610'
ptd-server 2022-02-16 01:05:27,129 [INFO] Reply from ptd: 'Range A changed'
ptd-server 2022-02-16 01:05:37,140 [INFO] Starting testing mode
ptd-server 2022-02-16 01:05:37,140 [INFO] Sending to ptd: 'Go,1000,0,2022-02-16_00-54-25_testing'
ptd-server 2022-02-16 01:05:37,140 [INFO] Reply from ptd: 'Starting untimed measurement, maximum 500000 samples at 1000ms with 0 rampup samples'
ptd-server 2022-02-16 01:05:37,140 [INFO] Sending reply to client 'OK'
ptd-server 2022-02-16 01:15:56,629 [INFO] Got command from the client 'session,2022-02-16_00-54-25,stop,testing'
ptd-server 2022-02-16 01:16:06,640 [INFO] Sending to ptd: 'Stop'
ptd-server 2022-02-16 01:16:06,640 [INFO] Reply from ptd: 'Stopping untimed measurement'
ptd-server 2022-02-16 01:16:07,115 [INFO] Sending reply to client 'OK'
ptd-server 2022-02-16 01:16:07,133 [INFO] Got command from the client 'session,2022-02-16_00-54-25,done'
ptd-server 2022-02-16 01:16:07,133 [INFO] Sending to ptd: 'Stop'
ptd-server 2022-02-16 01:16:07,140 [INFO] Reply from ptd: 'Error: no measurement to stop'
ptd-server 2022-02-16 01:16:07,141 [INFO] Sending to ptd: 'SR,V,300.000000'
ptd-server 2022-02-16 01:16:08,642 [INFO] Reply from ptd: 'Range V changed'
ptd-server 2022-02-16 01:16:08,642 [INFO] Sending to ptd: 'SR,A,0.500000'
ptd-server 2022-02-16 01:16:10,144 [INFO] Reply from ptd: 'Range A changed'
ptd-server 2022-02-16 01:16:10,144 [INFO] Set initial values for Amps 0.500000 and Volts 300.000000
ptd-server 2022-02-16 01:16:10,144 [INFO] Stopping ptd...
