ptd-server 2022-02-13 08:32:17,612 [INFO] Got command from the client 'time'
ptd-server 2022-02-13 08:32:17,612 [INFO] Sending reply to client '1644741137.612762'
ptd-server 2022-02-13 08:32:17,615 [INFO] Got command from the client 'new,,9919eb9c-ef46-4b5b-adf8-6397166a34de'
ptd-server 2022-02-13 08:32:17,615 [INFO] Sending reply to client 'OK 2022-02-13_08-32-17,f6518862-7d13-43ca-ba71-28cc4e8091e1'
ptd-server 2022-02-13 08:32:17,662 [INFO] Got command from the client 'time'
ptd-server 2022-02-13 08:32:17,662 [INFO] Sending reply to client '1644741137.6622221'
ptd-server 2022-02-13 08:32:17,664 [INFO] Got command from the client 'session,2022-02-13_08-32-17,start,ranging'
ptd-server 2022-02-13 08:32:17,664 [INFO] Running PTDaemon: ['/home/anton/projects/mlperf/power/inference_v1.0/ptd-linux-x86', '-l', '/tmp/tmpxvec0g6h/ptd_logfile.txt', '-p', '8888', '49', '/dev/usbtmc0']
ptd-server 2022-02-13 08:32:34,837 [INFO] Sending to ptd: 'Hello'
ptd-server 2022-02-13 08:32:34,838 [INFO] Reply from ptd: 'Hello, PTDaemon here!'
ptd-server 2022-02-13 08:32:34,838 [INFO] Sending to ptd: 'Identify'
ptd-server 2022-02-13 08:32:34,838 [INFO] Reply from ptd: 'YokogawaWT310E,1000,1,1,1,1,0,1,1,version=1.9.2-e8c7a49a-20201208,OS=Linux 5.13.0-27-generic #29~20.04.1-Ubuntu SMP Fri Jan 14 00:32:30 UTC 2022 x86_64,mode=power,1,1,1,0,0,no_cal_date,YOKOGAWA;WT310E;C3XA04010E;F1.04'
ptd-server 2022-02-13 08:32:34,838 [INFO] Connected to PTDaemon
ptd-server 2022-02-13 08:32:34,839 [INFO] Sending to ptd: 'RR'
ptd-server 2022-02-13 08:32:34,839 [INFO] Reply from ptd: 'Ranges,0,0.500000,0,300.000000'
ptd-server 2022-02-13 08:32:34,839 [INFO] Initial range for Amps is 0.500000 for Volts is 300.000000
ptd-server 2022-02-13 08:32:34,839 [INFO] Sending to ptd: 'SR,V,Auto'
ptd-server 2022-02-13 08:32:35,342 [INFO] Reply from ptd: 'Range V changed'
ptd-server 2022-02-13 08:32:35,342 [INFO] Sending to ptd: 'SR,A,Auto'
ptd-server 2022-02-13 08:32:35,844 [INFO] Reply from ptd: 'Range A changed'
ptd-server 2022-02-13 08:32:45,855 [INFO] Starting ranging mode
ptd-server 2022-02-13 08:32:45,855 [INFO] Sending to ptd: 'Go,1000,0,2022-02-13_08-32-17_ranging'
ptd-server 2022-02-13 08:32:45,855 [INFO] Reply from ptd: 'Starting untimed measurement, maximum 500000 samples at 1000ms with 0 rampup samples'
ptd-server 2022-02-13 08:32:45,856 [INFO] Sending reply to client 'OK'
ptd-server 2022-02-13 08:43:01,853 [INFO] Got command from the client 'session,2022-02-13_08-32-17,stop,ranging'
ptd-server 2022-02-13 08:43:11,864 [INFO] Sending to ptd: 'Stop'
ptd-server 2022-02-13 08:43:11,864 [INFO] Reply from ptd: 'Stopping untimed measurement'
ptd-server 2022-02-13 08:43:12,439 [INFO] Sending reply to client 'OK'
ptd-server 2022-02-13 08:43:12,501 [INFO] Got command from the client 'time'
ptd-server 2022-02-13 08:43:12,502 [INFO] Sending reply to client '1644741792.502061'
ptd-server 2022-02-13 08:43:12,504 [INFO] Got command from the client 'session,2022-02-13_08-32-17,start,testing'
ptd-server 2022-02-13 08:43:12,504 [INFO] Sending to ptd: 'SR,V,248.500000'
ptd-server 2022-02-13 08:43:14,358 [INFO] Reply from ptd: 'Range V changed'
ptd-server 2022-02-13 08:43:14,358 [INFO] Sending to ptd: 'SR,A,0.163580'
ptd-server 2022-02-13 08:43:15,860 [INFO] Reply from ptd: 'Range A changed'
ptd-server 2022-02-13 08:43:25,870 [INFO] Starting testing mode
ptd-server 2022-02-13 08:43:25,870 [INFO] Sending to ptd: 'Go,1000,0,2022-02-13_08-32-17_testing'
ptd-server 2022-02-13 08:43:25,871 [INFO] Reply from ptd: 'Starting untimed measurement, maximum 500000 samples at 1000ms with 0 rampup samples'
ptd-server 2022-02-13 08:43:25,871 [INFO] Sending reply to client 'OK'
ptd-server 2022-02-13 08:53:41,553 [INFO] Got command from the client 'session,2022-02-13_08-32-17,stop,testing'
ptd-server 2022-02-13 08:53:51,564 [INFO] Sending to ptd: 'Stop'
ptd-server 2022-02-13 08:53:51,564 [INFO] Reply from ptd: 'Stopping untimed measurement'
ptd-server 2022-02-13 08:53:51,870 [INFO] Sending reply to client 'OK'
ptd-server 2022-02-13 08:53:51,889 [INFO] Got command from the client 'session,2022-02-13_08-32-17,done'
ptd-server 2022-02-13 08:53:51,889 [INFO] Sending to ptd: 'Stop'
ptd-server 2022-02-13 08:53:51,890 [INFO] Reply from ptd: 'Error: no measurement to stop'
ptd-server 2022-02-13 08:53:51,890 [INFO] Sending to ptd: 'SR,V,300.000000'
ptd-server 2022-02-13 08:53:53,391 [INFO] Reply from ptd: 'Range V changed'
ptd-server 2022-02-13 08:53:53,391 [INFO] Sending to ptd: 'SR,A,0.500000'
ptd-server 2022-02-13 08:53:54,893 [INFO] Reply from ptd: 'Range A changed'
ptd-server 2022-02-13 08:53:54,893 [INFO] Set initial values for Amps 0.500000 and Volts 300.000000
ptd-server 2022-02-13 08:53:54,893 [INFO] Stopping ptd...
