ptd-server 2022-02-17 06:12:20,283 [INFO] Got command from the client 'time'
ptd-server 2022-02-17 06:12:20,284 [INFO] Sending reply to client '1645078340.284064'
ptd-server 2022-02-17 06:12:20,285 [INFO] Got command from the client 'new,,3ad8d661-e7e4-4fd4-8f19-f7bc2bf90963'
ptd-server 2022-02-17 06:12:20,285 [INFO] Sending reply to client 'OK 2022-02-17_06-12-20,3bc43d44-a6ac-48d3-8880-1360666fe589'
ptd-server 2022-02-17 06:12:20,312 [INFO] Got command from the client 'time'
ptd-server 2022-02-17 06:12:20,313 [INFO] Sending reply to client '1645078340.3130014'
ptd-server 2022-02-17 06:12:20,314 [INFO] Got command from the client 'session,2022-02-17_06-12-20,start,ranging'
ptd-server 2022-02-17 06:12:20,314 [INFO] Running PTDaemon: ['/home/anton/projects/mlperf/power/inference_v1.0/ptd-linux-x86', '-l', '/tmp/tmpgldyt7rr/ptd_logfile.txt', '-p', '8888', '49', '/dev/usbtmc0']
ptd-server 2022-02-17 06:12:37,486 [INFO] Sending to ptd: 'Hello'
ptd-server 2022-02-17 06:12:37,487 [INFO] Reply from ptd: 'Hello, PTDaemon here!'
ptd-server 2022-02-17 06:12:37,487 [INFO] Sending to ptd: 'Identify'
ptd-server 2022-02-17 06:12:37,487 [INFO] Reply from ptd: 'YokogawaWT310E,1000,1,1,1,1,0,1,1,version=1.9.2-e8c7a49a-20201208,OS=Linux 5.13.0-28-generic #31~20.04.1-Ubuntu SMP Wed Jan 19 14:08:10 UTC 2022 x86_64,mode=power,1,1,1,0,0,no_cal_date,YOKOGAWA;WT310E;C3XA04010E;F1.04'
ptd-server 2022-02-17 06:12:37,488 [INFO] Connected to PTDaemon
ptd-server 2022-02-17 06:12:37,488 [INFO] Sending to ptd: 'RR'
ptd-server 2022-02-17 06:12:37,488 [INFO] Reply from ptd: 'Ranges,0,0.500000,0,300.000000'
ptd-server 2022-02-17 06:12:37,488 [INFO] Initial range for Amps is 0.500000 for Volts is 300.000000
ptd-server 2022-02-17 06:12:37,488 [INFO] Sending to ptd: 'SR,V,Auto'
ptd-server 2022-02-17 06:12:37,991 [INFO] Reply from ptd: 'Range V changed'
ptd-server 2022-02-17 06:12:37,991 [INFO] Sending to ptd: 'SR,A,Auto'
ptd-server 2022-02-17 06:12:38,493 [INFO] Reply from ptd: 'Range A changed'
ptd-server 2022-02-17 06:12:48,504 [INFO] Starting ranging mode
ptd-server 2022-02-17 06:12:48,504 [INFO] Sending to ptd: 'Go,1000,0,2022-02-17_06-12-20_ranging'
ptd-server 2022-02-17 06:12:48,504 [INFO] Reply from ptd: 'Starting untimed measurement, maximum 500000 samples at 1000ms with 0 rampup samples'
ptd-server 2022-02-17 06:12:48,504 [INFO] Sending reply to client 'OK'
ptd-server 2022-02-17 06:23:05,427 [INFO] Got command from the client 'session,2022-02-17_06-12-20,stop,ranging'
ptd-server 2022-02-17 06:23:15,438 [INFO] Sending to ptd: 'Stop'
ptd-server 2022-02-17 06:23:15,438 [INFO] Reply from ptd: 'Stopping untimed measurement'
ptd-server 2022-02-17 06:23:15,579 [INFO] Sending reply to client 'OK'
ptd-server 2022-02-17 06:23:15,643 [INFO] Got command from the client 'time'
ptd-server 2022-02-17 06:23:15,644 [INFO] Sending reply to client '1645078995.6440122'
ptd-server 2022-02-17 06:23:15,645 [INFO] Got command from the client 'session,2022-02-17_06-12-20,start,testing'
ptd-server 2022-02-17 06:23:15,645 [INFO] Sending to ptd: 'SR,V,249.710000'
ptd-server 2022-02-17 06:23:17,147 [INFO] Reply from ptd: 'Range V changed'
ptd-server 2022-02-17 06:23:17,147 [INFO] Sending to ptd: 'SR,A,0.050820'
ptd-server 2022-02-17 06:23:18,648 [INFO] Reply from ptd: 'Range A changed'
ptd-server 2022-02-17 06:23:28,656 [INFO] Starting testing mode
ptd-server 2022-02-17 06:23:28,656 [INFO] Sending to ptd: 'Go,1000,0,2022-02-17_06-12-20_testing'
ptd-server 2022-02-17 06:23:28,657 [INFO] Reply from ptd: 'Starting untimed measurement, maximum 500000 samples at 1000ms with 0 rampup samples'
ptd-server 2022-02-17 06:23:28,657 [INFO] Sending reply to client 'OK'
ptd-server 2022-02-17 06:33:46,548 [INFO] Got command from the client 'session,2022-02-17_06-12-20,stop,testing'
ptd-server 2022-02-17 06:33:56,559 [INFO] Sending to ptd: 'Stop'
ptd-server 2022-02-17 06:33:56,559 [INFO] Reply from ptd: 'Stopping untimed measurement'
ptd-server 2022-02-17 06:33:56,633 [INFO] Sending reply to client 'OK'
ptd-server 2022-02-17 06:33:56,656 [INFO] Got command from the client 'session,2022-02-17_06-12-20,done'
ptd-server 2022-02-17 06:33:56,656 [INFO] Sending to ptd: 'Stop'
ptd-server 2022-02-17 06:33:56,657 [INFO] Reply from ptd: 'Error: no measurement to stop'
ptd-server 2022-02-17 06:33:56,657 [INFO] Sending to ptd: 'SR,V,300.000000'
ptd-server 2022-02-17 06:33:58,159 [INFO] Reply from ptd: 'Range V changed'
ptd-server 2022-02-17 06:33:58,159 [INFO] Sending to ptd: 'SR,A,0.500000'
ptd-server 2022-02-17 06:33:59,660 [INFO] Reply from ptd: 'Range A changed'
ptd-server 2022-02-17 06:33:59,660 [INFO] Set initial values for Amps 0.500000 and Volts 300.000000
ptd-server 2022-02-17 06:33:59,660 [INFO] Stopping ptd...
