ptd-server 2022-02-21 23:21:17,843 [INFO] Got command from the client 'time'
ptd-server 2022-02-21 23:21:17,843 [INFO] Sending reply to client '1645485677.8438592'
ptd-server 2022-02-21 23:21:17,845 [INFO] Got command from the client 'new,,e0c44afd-f493-4b29-8560-80179f30f19f'
ptd-server 2022-02-21 23:21:17,845 [INFO] Sending reply to client 'OK 2022-02-21_23-21-17,8457952d-e776-4027-a435-8cdc1f7fe387'
ptd-server 2022-02-21 23:21:17,873 [INFO] Got command from the client 'time'
ptd-server 2022-02-21 23:21:17,873 [INFO] Sending reply to client '1645485677.8735182'
ptd-server 2022-02-21 23:21:17,874 [INFO] Got command from the client 'session,2022-02-21_23-21-17,start,ranging'
ptd-server 2022-02-21 23:21:17,874 [INFO] Running PTDaemon: ['/home/anton/projects/mlperf/power/inference_v1.0/ptd-linux-x86', '-l', '/tmp/tmpgldyt7rr/ptd_logfile.txt', '-p', '8888', '49', '/dev/usbtmc0']
ptd-server 2022-02-21 23:21:35,048 [INFO] Sending to ptd: 'Hello'
ptd-server 2022-02-21 23:21:35,049 [INFO] Reply from ptd: 'Hello, PTDaemon here!'
ptd-server 2022-02-21 23:21:35,049 [INFO] Sending to ptd: 'Identify'
ptd-server 2022-02-21 23:21:35,049 [INFO] Reply from ptd: 'YokogawaWT310E,1000,1,1,1,1,0,1,1,version=1.9.2-e8c7a49a-20201208,OS=Linux 5.13.0-28-generic #31~20.04.1-Ubuntu SMP Wed Jan 19 14:08:10 UTC 2022 x86_64,mode=power,1,1,1,0,0,no_cal_date,YOKOGAWA;WT310E;C3XA04010E;F1.04'
ptd-server 2022-02-21 23:21:35,049 [INFO] Connected to PTDaemon
ptd-server 2022-02-21 23:21:35,049 [INFO] Sending to ptd: 'RR'
ptd-server 2022-02-21 23:21:35,050 [INFO] Reply from ptd: 'Ranges,0,0.500000,0,300.000000'
ptd-server 2022-02-21 23:21:35,050 [INFO] Initial range for Amps is 0.500000 for Volts is 300.000000
ptd-server 2022-02-21 23:21:35,050 [INFO] Sending to ptd: 'SR,V,Auto'
ptd-server 2022-02-21 23:21:35,553 [INFO] Reply from ptd: 'Range V changed'
ptd-server 2022-02-21 23:21:35,553 [INFO] Sending to ptd: 'SR,A,Auto'
ptd-server 2022-02-21 23:21:36,055 [INFO] Reply from ptd: 'Range A changed'
ptd-server 2022-02-21 23:21:46,066 [INFO] Starting ranging mode
ptd-server 2022-02-21 23:21:46,066 [INFO] Sending to ptd: 'Go,1000,0,2022-02-21_23-21-17_ranging'
ptd-server 2022-02-21 23:21:46,066 [INFO] Reply from ptd: 'Starting untimed measurement, maximum 500000 samples at 1000ms with 0 rampup samples'
ptd-server 2022-02-21 23:21:46,066 [INFO] Sending reply to client 'OK'
ptd-server 2022-02-21 23:32:07,804 [INFO] Got command from the client 'session,2022-02-21_23-21-17,stop,ranging'
ptd-server 2022-02-21 23:32:17,814 [INFO] Sending to ptd: 'Stop'
ptd-server 2022-02-21 23:32:17,815 [INFO] Reply from ptd: 'Stopping untimed measurement'
ptd-server 2022-02-21 23:32:18,483 [INFO] Sending reply to client 'OK'
ptd-server 2022-02-21 23:32:18,553 [INFO] Got command from the client 'time'
ptd-server 2022-02-21 23:32:18,553 [INFO] Sending reply to client '1645486338.553368'
ptd-server 2022-02-21 23:32:18,554 [INFO] Got command from the client 'session,2022-02-21_23-21-17,start,testing'
ptd-server 2022-02-21 23:32:18,554 [INFO] Sending to ptd: 'SR,V,251.640000'
ptd-server 2022-02-21 23:32:20,056 [INFO] Reply from ptd: 'Range V changed'
ptd-server 2022-02-21 23:32:20,056 [INFO] Sending to ptd: 'SR,A,0.052800'
ptd-server 2022-02-21 23:32:21,557 [INFO] Reply from ptd: 'Range A changed'
ptd-server 2022-02-21 23:32:31,568 [INFO] Starting testing mode
ptd-server 2022-02-21 23:32:31,568 [INFO] Sending to ptd: 'Go,1000,0,2022-02-21_23-21-17_testing'
ptd-server 2022-02-21 23:32:31,568 [INFO] Reply from ptd: 'Starting untimed measurement, maximum 500000 samples at 1000ms with 0 rampup samples'
ptd-server 2022-02-21 23:32:31,568 [INFO] Sending reply to client 'OK'
ptd-server 2022-02-21 23:42:54,079 [INFO] Got command from the client 'session,2022-02-21_23-21-17,stop,testing'
ptd-server 2022-02-21 23:43:04,089 [INFO] Sending to ptd: 'Stop'
ptd-server 2022-02-21 23:43:04,089 [INFO] Reply from ptd: 'Stopping untimed measurement'
ptd-server 2022-02-21 23:43:04,435 [INFO] Sending reply to client 'OK'
ptd-server 2022-02-21 23:43:04,457 [INFO] Got command from the client 'session,2022-02-21_23-21-17,done'
ptd-server 2022-02-21 23:43:04,457 [INFO] Sending to ptd: 'Stop'
ptd-server 2022-02-21 23:43:04,569 [INFO] Reply from ptd: 'Error: no measurement to stop'
ptd-server 2022-02-21 23:43:04,569 [INFO] Sending to ptd: 'SR,V,300.000000'
ptd-server 2022-02-21 23:43:06,070 [INFO] Reply from ptd: 'Range V changed'
ptd-server 2022-02-21 23:43:06,071 [INFO] Sending to ptd: 'SR,A,0.500000'
ptd-server 2022-02-21 23:43:07,572 [INFO] Reply from ptd: 'Range A changed'
ptd-server 2022-02-21 23:43:07,572 [INFO] Set initial values for Amps 0.500000 and Volts 300.000000
ptd-server 2022-02-21 23:43:07,573 [INFO] Stopping ptd...
