ptd-server 2022-02-22 14:26:13,218 [INFO] Got command from the client 'time'
ptd-server 2022-02-22 14:26:13,218 [INFO] Sending reply to client '1645539973.2184832'
ptd-server 2022-02-22 14:26:13,220 [INFO] Got command from the client 'new,,469851ba-ae1d-42bb-a890-2d2c020def74'
ptd-server 2022-02-22 14:26:13,221 [INFO] Sending reply to client 'OK 2022-02-22_14-26-13,a943df3f-3da2-4c3e-8eaf-63d76c041752'
ptd-server 2022-02-22 14:26:13,259 [INFO] Got command from the client 'time'
ptd-server 2022-02-22 14:26:13,259 [INFO] Sending reply to client '1645539973.2597563'
ptd-server 2022-02-22 14:26:13,261 [INFO] Got command from the client 'session,2022-02-22_14-26-13,start,ranging'
ptd-server 2022-02-22 14:26:13,261 [INFO] Running PTDaemon: ['/home/anton/projects/mlperf/power/inference_v1.0/ptd-linux-x86', '-l', '/tmp/tmpgldyt7rr/ptd_logfile.txt', '-p', '8888', '49', '/dev/usbtmc0']
ptd-server 2022-02-22 14:26:30,434 [INFO] Sending to ptd: 'Hello'
ptd-server 2022-02-22 14:26:30,435 [INFO] Reply from ptd: 'Hello, PTDaemon here!'
ptd-server 2022-02-22 14:26:30,435 [INFO] Sending to ptd: 'Identify'
ptd-server 2022-02-22 14:26:30,436 [INFO] Reply from ptd: 'YokogawaWT310E,1000,1,1,1,1,0,1,1,version=1.9.2-e8c7a49a-20201208,OS=Linux 5.13.0-28-generic #31~20.04.1-Ubuntu SMP Wed Jan 19 14:08:10 UTC 2022 x86_64,mode=power,1,1,1,0,0,no_cal_date,YOKOGAWA;WT310E;C3XA04010E;F1.04'
ptd-server 2022-02-22 14:26:30,436 [INFO] Connected to PTDaemon
ptd-server 2022-02-22 14:26:30,436 [INFO] Sending to ptd: 'RR'
ptd-server 2022-02-22 14:26:30,436 [INFO] Reply from ptd: 'Ranges,0,0.500000,0,300.000000'
ptd-server 2022-02-22 14:26:30,436 [INFO] Initial range for Amps is 0.500000 for Volts is 300.000000
ptd-server 2022-02-22 14:26:30,436 [INFO] Sending to ptd: 'SR,V,Auto'
ptd-server 2022-02-22 14:26:30,939 [INFO] Reply from ptd: 'Range V changed'
ptd-server 2022-02-22 14:26:30,939 [INFO] Sending to ptd: 'SR,A,Auto'
ptd-server 2022-02-22 14:26:31,441 [INFO] Reply from ptd: 'Range A changed'
ptd-server 2022-02-22 14:26:41,452 [INFO] Starting ranging mode
ptd-server 2022-02-22 14:26:41,452 [INFO] Sending to ptd: 'Go,1000,0,2022-02-22_14-26-13_ranging'
ptd-server 2022-02-22 14:26:41,452 [INFO] Reply from ptd: 'Starting untimed measurement, maximum 500000 samples at 1000ms with 0 rampup samples'
ptd-server 2022-02-22 14:26:41,453 [INFO] Sending reply to client 'OK'
ptd-server 2022-02-22 14:37:10,831 [INFO] Got command from the client 'session,2022-02-22_14-26-13,stop,ranging'
ptd-server 2022-02-22 14:37:20,841 [INFO] Sending to ptd: 'Stop'
ptd-server 2022-02-22 14:37:20,842 [INFO] Reply from ptd: 'Stopping untimed measurement'
ptd-server 2022-02-22 14:37:21,578 [INFO] Sending reply to client 'OK'
ptd-server 2022-02-22 14:37:21,636 [INFO] Got command from the client 'time'
ptd-server 2022-02-22 14:37:21,636 [INFO] Sending reply to client '1645540641.63664'
ptd-server 2022-02-22 14:37:21,638 [INFO] Got command from the client 'session,2022-02-22_14-26-13,start,testing'
ptd-server 2022-02-22 14:37:21,639 [INFO] Sending to ptd: 'SR,V,249.600000'
ptd-server 2022-02-22 14:37:23,140 [INFO] Reply from ptd: 'Range V changed'
ptd-server 2022-02-22 14:37:23,140 [INFO] Sending to ptd: 'SR,A,0.053600'
ptd-server 2022-02-22 14:37:24,642 [INFO] Reply from ptd: 'Range A changed'
ptd-server 2022-02-22 14:37:34,652 [INFO] Starting testing mode
ptd-server 2022-02-22 14:37:34,652 [INFO] Sending to ptd: 'Go,1000,0,2022-02-22_14-26-13_testing'
ptd-server 2022-02-22 14:37:34,653 [INFO] Reply from ptd: 'Starting untimed measurement, maximum 500000 samples at 1000ms with 0 rampup samples'
ptd-server 2022-02-22 14:37:34,653 [INFO] Sending reply to client 'OK'
ptd-server 2022-02-22 14:48:03,978 [INFO] Got command from the client 'session,2022-02-22_14-26-13,stop,testing'
ptd-server 2022-02-22 14:48:13,988 [INFO] Sending to ptd: 'Stop'
ptd-server 2022-02-22 14:48:13,989 [INFO] Reply from ptd: 'Stopping untimed measurement'
ptd-server 2022-02-22 14:48:14,370 [INFO] Sending reply to client 'OK'
ptd-server 2022-02-22 14:48:14,389 [INFO] Got command from the client 'session,2022-02-22_14-26-13,done'
ptd-server 2022-02-22 14:48:14,389 [INFO] Sending to ptd: 'Stop'
ptd-server 2022-02-22 14:48:14,653 [INFO] Reply from ptd: 'Error: no measurement to stop'
ptd-server 2022-02-22 14:48:14,653 [INFO] Sending to ptd: 'SR,V,300.000000'
ptd-server 2022-02-22 14:48:16,155 [INFO] Reply from ptd: 'Range V changed'
ptd-server 2022-02-22 14:48:16,155 [INFO] Sending to ptd: 'SR,A,0.500000'
ptd-server 2022-02-22 14:48:17,656 [INFO] Reply from ptd: 'Range A changed'
ptd-server 2022-02-22 14:48:17,656 [INFO] Set initial values for Amps 0.500000 and Volts 300.000000
ptd-server 2022-02-22 14:48:17,656 [INFO] Stopping ptd...
