ptd-server 2022-02-17 07:11:32,465 [INFO] Got command from the client 'stop'
ptd-server 2022-02-17 07:11:32,465 [INFO] The server will be stopped after processing this client
ptd-server 2022-02-17 07:11:32,465 [INFO] Sending reply to client 'OK'
ptd-server 2022-02-17 07:11:32,715 [INFO] Got command from the client 'time'
ptd-server 2022-02-17 07:11:32,715 [INFO] Sending reply to client '1645110692.715846'
ptd-server 2022-02-17 07:11:32,731 [INFO] Got command from the client 'new,,d9471480-410f-45c6-bdd4-ac186d9fa5b3'
ptd-server 2022-02-17 07:11:32,731 [INFO] Sending reply to client 'OK 2022-02-17_07-11-32,9799a692-1db7-45c7-9f21-ad62564f6864'
ptd-server 2022-02-17 07:11:32,981 [INFO] Got command from the client 'time'
ptd-server 2022-02-17 07:11:32,981 [INFO] Sending reply to client '1645110692.9814024'
ptd-server 2022-02-17 07:11:32,981 [INFO] Got command from the client 'session,2022-02-17_07-11-32,start,ranging'
ptd-server 2022-02-17 07:11:33,090 [INFO] Running PTDaemon: ['C:\\PTD\\ptd-windows-x86.exe', '-l', 'C:\\Users\\lab\\AppData\\Local\\Temp\\tmpa1sag_2n\\ptd_logfile.txt', '-p', '8888', '-c', '2', '-y', '52', '10.32.209.65']
ptd-server 2022-02-17 07:11:50,961 [INFO] Sending to ptd: 'Hello'
ptd-server 2022-02-17 07:11:50,961 [INFO] Reply from ptd: 'Hello, PTDaemon here!'
ptd-server 2022-02-17 07:11:50,961 [INFO] Sending to ptd: 'Identify'
ptd-server 2022-02-17 07:11:50,961 [INFO] Reply from ptd: 'YokogawaWT330E,1000,1,1,1,1,0,0,1,version=1.9.2-3976349f-20201208,OS=Windows 8 / Server 2012,mode=power,1,1,1,0,0,no_cal_date,YOKOGAWA;WT333E;C2XL24034V;F1.04'
ptd-server 2022-02-17 07:11:50,961 [INFO] Connected to PTDaemon
ptd-server 2022-02-17 07:11:50,961 [INFO] Sending to ptd: 'RR'
ptd-server 2022-02-17 07:11:50,961 [INFO] Reply from ptd: 'Ranges,1,1.000000,1,150.000000'
ptd-server 2022-02-17 07:11:50,961 [INFO] Initial range for Amps is Auto for Volts is Auto
ptd-server 2022-02-17 07:11:50,961 [INFO] Sending to ptd: 'SR,V,Auto'
ptd-server 2022-02-17 07:11:51,476 [INFO] Reply from ptd: 'Range V changed'
ptd-server 2022-02-17 07:11:51,476 [INFO] Sending to ptd: 'SR,A,Auto'
ptd-server 2022-02-17 07:11:51,992 [INFO] Reply from ptd: 'Range A changed'
ptd-server 2022-02-17 07:12:02,005 [INFO] Starting ranging mode
ptd-server 2022-02-17 07:12:02,005 [INFO] Sending to ptd: 'Go,1000,0,2022-02-17_07-11-32_ranging'
ptd-server 2022-02-17 07:12:02,005 [INFO] Reply from ptd: 'Starting untimed measurement, maximum 500000 samples at 1000ms with 0 rampup samples'
ptd-server 2022-02-17 07:12:02,005 [INFO] Sending reply to client 'OK'
ptd-server 2022-02-17 07:22:39,326 [INFO] Got command from the client 'session,2022-02-17_07-11-32,stop,ranging'
ptd-server 2022-02-17 07:22:49,339 [INFO] Sending to ptd: 'Stop'
ptd-server 2022-02-17 07:22:49,339 [INFO] Reply from ptd: 'Stopping untimed measurement'
ptd-server 2022-02-17 07:22:49,354 [INFO] Sending reply to client 'OK'
ptd-server 2022-02-17 07:22:49,604 [INFO] Got command from the client 'time'
ptd-server 2022-02-17 07:22:49,604 [INFO] Sending reply to client '1645111369.604663'
ptd-server 2022-02-17 07:22:49,604 [INFO] Got command from the client 'session,2022-02-17_07-11-32,start,testing'
ptd-server 2022-02-17 07:22:49,604 [INFO] Sending to ptd: 'SR,V,121.420000'
ptd-server 2022-02-17 07:22:51,541 [INFO] Reply from ptd: 'Range V changed'
ptd-server 2022-02-17 07:22:51,541 [INFO] Sending to ptd: 'SR,A,0.518100'
ptd-server 2022-02-17 07:22:53,072 [INFO] Reply from ptd: 'Range A changed'
ptd-server 2022-02-17 07:23:03,085 [INFO] Starting testing mode
ptd-server 2022-02-17 07:23:03,085 [INFO] Sending to ptd: 'Go,1000,0,2022-02-17_07-11-32_testing'
ptd-server 2022-02-17 07:23:03,085 [INFO] Reply from ptd: 'Starting untimed measurement, maximum 500000 samples at 1000ms with 0 rampup samples'
ptd-server 2022-02-17 07:23:03,085 [INFO] Sending reply to client 'OK'
ptd-server 2022-02-17 07:34:30,988 [INFO] Got command from the client 'session,2022-02-17_07-11-32,stop,testing'
ptd-server 2022-02-17 07:34:40,998 [INFO] Sending to ptd: 'Stop'
ptd-server 2022-02-17 07:34:40,998 [INFO] Reply from ptd: 'Stopping untimed measurement'
ptd-server 2022-02-17 07:34:40,998 [INFO] Sending reply to client 'OK'
ptd-server 2022-02-17 07:34:41,061 [INFO] Got command from the client 'session,2022-02-17_07-11-32,done'
ptd-server 2022-02-17 07:34:41,061 [INFO] Sending to ptd: 'Stop'
ptd-server 2022-02-17 07:34:41,092 [INFO] Reply from ptd: 'Error: no measurement to stop'
ptd-server 2022-02-17 07:34:41,092 [INFO] Sending to ptd: 'SR,V,Auto'
ptd-server 2022-02-17 07:34:41,600 [INFO] Reply from ptd: 'Range V changed'
ptd-server 2022-02-17 07:34:41,600 [INFO] Sending to ptd: 'SR,A,Auto'
ptd-server 2022-02-17 07:34:42,118 [INFO] Reply from ptd: 'Range A changed'
ptd-server 2022-02-17 07:34:42,118 [INFO] Set initial values for Amps Auto and Volts Auto
ptd-server 2022-02-17 07:34:42,118 [INFO] Stopping ptd...
