ptd-server 2022-02-20 18:51:29,741 [INFO] Got command from the client 'time'
ptd-server 2022-02-20 18:51:29,741 [INFO] Sending reply to client '1645383089.7415574'
ptd-server 2022-02-20 18:51:29,742 [INFO] Got command from the client 'new,,d851d22a-1700-4296-9917-605fa0d910b2'
ptd-server 2022-02-20 18:51:29,743 [INFO] Sending reply to client 'OK 2022-02-20_18-51-29,3481b758-abff-431e-8241-7db79b641ade'
ptd-server 2022-02-20 18:51:29,780 [INFO] Got command from the client 'time'
ptd-server 2022-02-20 18:51:29,780 [INFO] Sending reply to client '1645383089.7807348'
ptd-server 2022-02-20 18:51:29,781 [INFO] Got command from the client 'session,2022-02-20_18-51-29,start,ranging'
ptd-server 2022-02-20 18:51:29,782 [INFO] Running PTDaemon: ['/home/anton/projects/mlperf/power/inference_v1.0/ptd-linux-x86', '-l', '/tmp/tmpgldyt7rr/ptd_logfile.txt', '-p', '8888', '49', '/dev/usbtmc0']
ptd-server 2022-02-20 18:51:46,955 [INFO] Sending to ptd: 'Hello'
ptd-server 2022-02-20 18:51:46,955 [INFO] Reply from ptd: 'Hello, PTDaemon here!'
ptd-server 2022-02-20 18:51:46,956 [INFO] Sending to ptd: 'Identify'
ptd-server 2022-02-20 18:51:46,956 [INFO] Reply from ptd: 'YokogawaWT310E,1000,1,1,1,1,0,1,1,version=1.9.2-e8c7a49a-20201208,OS=Linux 5.13.0-28-generic #31~20.04.1-Ubuntu SMP Wed Jan 19 14:08:10 UTC 2022 x86_64,mode=power,1,1,1,0,0,no_cal_date,YOKOGAWA;WT310E;C3XA04010E;F1.04'
ptd-server 2022-02-20 18:51:46,956 [INFO] Connected to PTDaemon
ptd-server 2022-02-20 18:51:46,956 [INFO] Sending to ptd: 'RR'
ptd-server 2022-02-20 18:51:46,957 [INFO] Reply from ptd: 'Ranges,0,0.500000,0,300.000000'
ptd-server 2022-02-20 18:51:46,957 [INFO] Initial range for Amps is 0.500000 for Volts is 300.000000
ptd-server 2022-02-20 18:51:46,957 [INFO] Sending to ptd: 'SR,V,Auto'
ptd-server 2022-02-20 18:51:47,459 [INFO] Reply from ptd: 'Range V changed'
ptd-server 2022-02-20 18:51:47,460 [INFO] Sending to ptd: 'SR,A,Auto'
ptd-server 2022-02-20 18:51:47,962 [INFO] Reply from ptd: 'Range A changed'
ptd-server 2022-02-20 18:51:57,972 [INFO] Starting ranging mode
ptd-server 2022-02-20 18:51:57,973 [INFO] Sending to ptd: 'Go,1000,0,2022-02-20_18-51-29_ranging'
ptd-server 2022-02-20 18:51:57,973 [INFO] Reply from ptd: 'Starting untimed measurement, maximum 500000 samples at 1000ms with 0 rampup samples'
ptd-server 2022-02-20 18:51:57,973 [INFO] Sending reply to client 'OK'
ptd-server 2022-02-20 19:02:14,983 [INFO] Got command from the client 'session,2022-02-20_18-51-29,stop,ranging'
ptd-server 2022-02-20 19:02:24,993 [INFO] Sending to ptd: 'Stop'
ptd-server 2022-02-20 19:02:24,994 [INFO] Reply from ptd: 'Stopping untimed measurement'
ptd-server 2022-02-20 19:02:25,513 [INFO] Sending reply to client 'OK'
ptd-server 2022-02-20 19:02:25,578 [INFO] Got command from the client 'time'
ptd-server 2022-02-20 19:02:25,578 [INFO] Sending reply to client '1645383745.5787354'
ptd-server 2022-02-20 19:02:25,580 [INFO] Got command from the client 'session,2022-02-20_18-51-29,start,testing'
ptd-server 2022-02-20 19:02:25,580 [INFO] Sending to ptd: 'SR,V,249.280000'
ptd-server 2022-02-20 19:02:27,474 [INFO] Reply from ptd: 'Range V changed'
ptd-server 2022-02-20 19:02:27,475 [INFO] Sending to ptd: 'SR,A,0.049750'
ptd-server 2022-02-20 19:02:28,976 [INFO] Reply from ptd: 'Range A changed'
ptd-server 2022-02-20 19:02:38,986 [INFO] Starting testing mode
ptd-server 2022-02-20 19:02:38,986 [INFO] Sending to ptd: 'Go,1000,0,2022-02-20_18-51-29_testing'
ptd-server 2022-02-20 19:02:38,987 [INFO] Reply from ptd: 'Starting untimed measurement, maximum 500000 samples at 1000ms with 0 rampup samples'
ptd-server 2022-02-20 19:02:38,987 [INFO] Sending reply to client 'OK'
ptd-server 2022-02-20 19:12:57,075 [INFO] Got command from the client 'session,2022-02-20_18-51-29,stop,testing'
ptd-server 2022-02-20 19:13:07,086 [INFO] Sending to ptd: 'Stop'
ptd-server 2022-02-20 19:13:07,086 [INFO] Reply from ptd: 'Stopping untimed measurement'
ptd-server 2022-02-20 19:13:07,353 [INFO] Sending reply to client 'OK'
ptd-server 2022-02-20 19:13:07,373 [INFO] Got command from the client 'session,2022-02-20_18-51-29,done'
ptd-server 2022-02-20 19:13:07,373 [INFO] Sending to ptd: 'Stop'
ptd-server 2022-02-20 19:13:07,987 [INFO] Reply from ptd: 'Error: no measurement to stop'
ptd-server 2022-02-20 19:13:07,987 [INFO] Sending to ptd: 'SR,V,300.000000'
ptd-server 2022-02-20 19:13:09,489 [INFO] Reply from ptd: 'Range V changed'
ptd-server 2022-02-20 19:13:09,489 [INFO] Sending to ptd: 'SR,A,0.500000'
ptd-server 2022-02-20 19:13:10,990 [INFO] Reply from ptd: 'Range A changed'
ptd-server 2022-02-20 19:13:10,990 [INFO] Set initial values for Amps 0.500000 and Volts 300.000000
ptd-server 2022-02-20 19:13:10,991 [INFO] Stopping ptd...
