ptd-server 2022-02-23 14:25:35,991 [INFO] Got command from the client 'time'
ptd-server 2022-02-23 14:25:35,991 [INFO] Sending reply to client '1645626335.9912653'
ptd-server 2022-02-23 14:25:35,993 [INFO] Got command from the client 'new,,622ce8f5-5ea5-4d57-af07-6fe5767b9bf2'
ptd-server 2022-02-23 14:25:35,994 [INFO] Sending reply to client 'OK 2022-02-23_14-25-35,dd9dcadc-3128-49e6-b103-9045e4353834'
ptd-server 2022-02-23 14:25:36,028 [INFO] Got command from the client 'time'
ptd-server 2022-02-23 14:25:36,028 [INFO] Sending reply to client '1645626336.028354'
ptd-server 2022-02-23 14:25:36,030 [INFO] Got command from the client 'session,2022-02-23_14-25-35,start,ranging'
ptd-server 2022-02-23 14:25:36,030 [INFO] Running PTDaemon: ['/home/anton/projects/mlperf/power/inference_v1.0/ptd-linux-x86', '-l', '/tmp/tmpgldyt7rr/ptd_logfile.txt', '-p', '8888', '49', '/dev/usbtmc0']
ptd-server 2022-02-23 14:25:53,203 [INFO] Sending to ptd: 'Hello'
ptd-server 2022-02-23 14:25:53,204 [INFO] Reply from ptd: 'Hello, PTDaemon here!'
ptd-server 2022-02-23 14:25:53,204 [INFO] Sending to ptd: 'Identify'
ptd-server 2022-02-23 14:25:53,204 [INFO] Reply from ptd: 'YokogawaWT310E,1000,1,1,1,1,0,1,1,version=1.9.2-e8c7a49a-20201208,OS=Linux 5.13.0-28-generic #31~20.04.1-Ubuntu SMP Wed Jan 19 14:08:10 UTC 2022 x86_64,mode=power,1,1,1,0,0,no_cal_date,YOKOGAWA;WT310E;C3XA04010E;F1.04'
ptd-server 2022-02-23 14:25:53,204 [INFO] Connected to PTDaemon
ptd-server 2022-02-23 14:25:53,204 [INFO] Sending to ptd: 'RR'
ptd-server 2022-02-23 14:25:53,205 [INFO] Reply from ptd: 'Ranges,0,0.500000,0,300.000000'
ptd-server 2022-02-23 14:25:53,205 [INFO] Initial range for Amps is 0.500000 for Volts is 300.000000
ptd-server 2022-02-23 14:25:53,205 [INFO] Sending to ptd: 'SR,V,Auto'
ptd-server 2022-02-23 14:25:53,708 [INFO] Reply from ptd: 'Range V changed'
ptd-server 2022-02-23 14:25:53,708 [INFO] Sending to ptd: 'SR,A,Auto'
ptd-server 2022-02-23 14:25:54,210 [INFO] Reply from ptd: 'Range A changed'
ptd-server 2022-02-23 14:26:04,221 [INFO] Starting ranging mode
ptd-server 2022-02-23 14:26:04,221 [INFO] Sending to ptd: 'Go,1000,0,2022-02-23_14-25-35_ranging'
ptd-server 2022-02-23 14:26:04,221 [INFO] Reply from ptd: 'Starting untimed measurement, maximum 500000 samples at 1000ms with 0 rampup samples'
ptd-server 2022-02-23 14:26:04,221 [INFO] Sending reply to client 'OK'
ptd-server 2022-02-23 14:36:27,789 [INFO] Got command from the client 'session,2022-02-23_14-25-35,stop,ranging'
ptd-server 2022-02-23 14:36:37,799 [INFO] Sending to ptd: 'Stop'
ptd-server 2022-02-23 14:36:37,799 [INFO] Reply from ptd: 'Stopping untimed measurement'
ptd-server 2022-02-23 14:36:38,666 [INFO] Sending reply to client 'OK'
ptd-server 2022-02-23 14:36:38,727 [INFO] Got command from the client 'time'
ptd-server 2022-02-23 14:36:38,727 [INFO] Sending reply to client '1645626998.7273939'
ptd-server 2022-02-23 14:36:38,729 [INFO] Got command from the client 'session,2022-02-23_14-25-35,start,testing'
ptd-server 2022-02-23 14:36:38,729 [INFO] Sending to ptd: 'SR,V,249.080000'
ptd-server 2022-02-23 14:36:40,230 [INFO] Reply from ptd: 'Range V changed'
ptd-server 2022-02-23 14:36:40,231 [INFO] Sending to ptd: 'SR,A,0.048200'
ptd-server 2022-02-23 14:36:41,732 [INFO] Reply from ptd: 'Range A changed'
ptd-server 2022-02-23 14:36:51,742 [INFO] Starting testing mode
ptd-server 2022-02-23 14:36:51,742 [INFO] Sending to ptd: 'Go,1000,0,2022-02-23_14-25-35_testing'
ptd-server 2022-02-23 14:36:51,743 [INFO] Reply from ptd: 'Starting untimed measurement, maximum 500000 samples at 1000ms with 0 rampup samples'
ptd-server 2022-02-23 14:36:51,743 [INFO] Sending reply to client 'OK'
ptd-server 2022-02-23 14:47:15,174 [INFO] Got command from the client 'session,2022-02-23_14-25-35,stop,testing'
ptd-server 2022-02-23 14:47:25,185 [INFO] Sending to ptd: 'Stop'
ptd-server 2022-02-23 14:47:25,185 [INFO] Reply from ptd: 'Stopping untimed measurement'
ptd-server 2022-02-23 14:47:25,631 [INFO] Sending reply to client 'OK'
ptd-server 2022-02-23 14:47:25,650 [INFO] Got command from the client 'session,2022-02-23_14-25-35,done'
ptd-server 2022-02-23 14:47:25,650 [INFO] Sending to ptd: 'Stop'
ptd-server 2022-02-23 14:47:25,744 [INFO] Reply from ptd: 'Error: no measurement to stop'
ptd-server 2022-02-23 14:47:25,744 [INFO] Sending to ptd: 'SR,V,300.000000'
ptd-server 2022-02-23 14:47:27,245 [INFO] Reply from ptd: 'Range V changed'
ptd-server 2022-02-23 14:47:27,245 [INFO] Sending to ptd: 'SR,A,0.500000'
ptd-server 2022-02-23 14:47:28,747 [INFO] Reply from ptd: 'Range A changed'
ptd-server 2022-02-23 14:47:28,747 [INFO] Set initial values for Amps 0.500000 and Volts 300.000000
ptd-server 2022-02-23 14:47:28,747 [INFO] Stopping ptd...
