ptd-server 2022-02-19 20:44:58,648 [INFO] Got command from the client 'time'
ptd-server 2022-02-19 20:44:58,648 [INFO] Sending reply to client '1645303498.648812'
ptd-server 2022-02-19 20:44:58,650 [INFO] Got command from the client 'new,,ea9ff277-907a-4303-8e5e-f6da870ed91c'
ptd-server 2022-02-19 20:44:58,651 [INFO] Sending reply to client 'OK 2022-02-19_20-44-58,81bb8213-bcfa-41ab-ba49-ab82e40bd798'
ptd-server 2022-02-19 20:44:58,678 [INFO] Got command from the client 'time'
ptd-server 2022-02-19 20:44:58,678 [INFO] Sending reply to client '1645303498.678322'
ptd-server 2022-02-19 20:44:58,679 [INFO] Got command from the client 'session,2022-02-19_20-44-58,start,ranging'
ptd-server 2022-02-19 20:44:58,679 [INFO] Running PTDaemon: ['/home/anton/projects/mlperf/power/inference_v1.0/ptd-linux-x86', '-l', '/tmp/tmpgldyt7rr/ptd_logfile.txt', '-p', '8888', '49', '/dev/usbtmc0']
ptd-server 2022-02-19 20:45:15,853 [INFO] Sending to ptd: 'Hello'
ptd-server 2022-02-19 20:45:15,854 [INFO] Reply from ptd: 'Hello, PTDaemon here!'
ptd-server 2022-02-19 20:45:15,854 [INFO] Sending to ptd: 'Identify'
ptd-server 2022-02-19 20:45:15,854 [INFO] Reply from ptd: 'YokogawaWT310E,1000,1,1,1,1,0,1,1,version=1.9.2-e8c7a49a-20201208,OS=Linux 5.13.0-28-generic #31~20.04.1-Ubuntu SMP Wed Jan 19 14:08:10 UTC 2022 x86_64,mode=power,1,1,1,0,0,no_cal_date,YOKOGAWA;WT310E;C3XA04010E;F1.04'
ptd-server 2022-02-19 20:45:15,854 [INFO] Connected to PTDaemon
ptd-server 2022-02-19 20:45:15,854 [INFO] Sending to ptd: 'RR'
ptd-server 2022-02-19 20:45:15,855 [INFO] Reply from ptd: 'Ranges,0,0.500000,0,300.000000'
ptd-server 2022-02-19 20:45:15,855 [INFO] Initial range for Amps is 0.500000 for Volts is 300.000000
ptd-server 2022-02-19 20:45:15,855 [INFO] Sending to ptd: 'SR,V,Auto'
ptd-server 2022-02-19 20:45:16,358 [INFO] Reply from ptd: 'Range V changed'
ptd-server 2022-02-19 20:45:16,358 [INFO] Sending to ptd: 'SR,A,Auto'
ptd-server 2022-02-19 20:45:16,860 [INFO] Reply from ptd: 'Range A changed'
ptd-server 2022-02-19 20:45:26,871 [INFO] Starting ranging mode
ptd-server 2022-02-19 20:45:26,871 [INFO] Sending to ptd: 'Go,1000,0,2022-02-19_20-44-58_ranging'
ptd-server 2022-02-19 20:45:26,871 [INFO] Reply from ptd: 'Starting untimed measurement, maximum 500000 samples at 1000ms with 0 rampup samples'
ptd-server 2022-02-19 20:45:26,871 [INFO] Sending reply to client 'OK'
ptd-server 2022-02-19 20:55:48,420 [INFO] Got command from the client 'session,2022-02-19_20-44-58,stop,ranging'
ptd-server 2022-02-19 20:55:58,431 [INFO] Sending to ptd: 'Stop'
ptd-server 2022-02-19 20:55:58,431 [INFO] Reply from ptd: 'Stopping untimed measurement'
ptd-server 2022-02-19 20:55:58,826 [INFO] Sending reply to client 'OK'
ptd-server 2022-02-19 20:55:58,899 [INFO] Got command from the client 'time'
ptd-server 2022-02-19 20:55:58,899 [INFO] Sending reply to client '1645304158.8996909'
ptd-server 2022-02-19 20:55:58,901 [INFO] Got command from the client 'session,2022-02-19_20-44-58,start,testing'
ptd-server 2022-02-19 20:55:58,901 [INFO] Sending to ptd: 'SR,V,251.940000'
ptd-server 2022-02-19 20:56:00,402 [INFO] Reply from ptd: 'Range V changed'
ptd-server 2022-02-19 20:56:00,402 [INFO] Sending to ptd: 'SR,A,0.059320'
ptd-server 2022-02-19 20:56:01,904 [INFO] Reply from ptd: 'Range A changed'
ptd-server 2022-02-19 20:56:11,914 [INFO] Starting testing mode
ptd-server 2022-02-19 20:56:11,914 [INFO] Sending to ptd: 'Go,1000,0,2022-02-19_20-44-58_testing'
ptd-server 2022-02-19 20:56:11,915 [INFO] Reply from ptd: 'Starting untimed measurement, maximum 500000 samples at 1000ms with 0 rampup samples'
ptd-server 2022-02-19 20:56:11,915 [INFO] Sending reply to client 'OK'
ptd-server 2022-02-19 21:06:34,351 [INFO] Got command from the client 'session,2022-02-19_20-44-58,stop,testing'
ptd-server 2022-02-19 21:06:44,362 [INFO] Sending to ptd: 'Stop'
ptd-server 2022-02-19 21:06:44,362 [INFO] Reply from ptd: 'Stopping untimed measurement'
ptd-server 2022-02-19 21:06:44,574 [INFO] Sending reply to client 'OK'
ptd-server 2022-02-19 21:06:44,592 [INFO] Got command from the client 'session,2022-02-19_20-44-58,done'
ptd-server 2022-02-19 21:06:44,592 [INFO] Sending to ptd: 'Stop'
ptd-server 2022-02-19 21:06:44,916 [INFO] Reply from ptd: 'Error: no measurement to stop'
ptd-server 2022-02-19 21:06:44,916 [INFO] Sending to ptd: 'SR,V,300.000000'
ptd-server 2022-02-19 21:06:46,417 [INFO] Reply from ptd: 'Range V changed'
ptd-server 2022-02-19 21:06:46,417 [INFO] Sending to ptd: 'SR,A,0.500000'
ptd-server 2022-02-19 21:06:47,919 [INFO] Reply from ptd: 'Range A changed'
ptd-server 2022-02-19 21:06:47,919 [INFO] Set initial values for Amps 0.500000 and Volts 300.000000
ptd-server 2022-02-19 21:06:47,919 [INFO] Stopping ptd...
