ptd-server 2022-02-18 09:53:54,335 [INFO] Got command from the client 'time'
ptd-server 2022-02-18 09:53:54,335 [INFO] Sending reply to client '1645199634.3354888'
ptd-server 2022-02-18 09:53:54,336 [INFO] Got command from the client 'new,,6fbadb66-f3da-41f4-9d4e-e2beb3078d70'
ptd-server 2022-02-18 09:53:54,336 [INFO] Sending reply to client 'OK 2022-02-18_09-53-54,5009c1ac-92ec-423b-aaf2-e9219eac2c37'
ptd-server 2022-02-18 09:53:54,445 [INFO] Got command from the client 'time'
ptd-server 2022-02-18 09:53:54,445 [INFO] Sending reply to client '1645199634.445794'
ptd-server 2022-02-18 09:53:54,446 [INFO] Got command from the client 'session,2022-02-18_09-53-54,start,ranging'
ptd-server 2022-02-18 09:53:54,447 [INFO] Running PTDaemon: ['/local/mnt/workspace/mlcommons/power-main/inference_v1.0/ptd-linux-x86', '-l', '/tmp/tmpbzz3s1yx/ptd_logfile.txt', '-p', '8886', '49', '/dev/usbtmc1']
ptd-server 2022-02-18 09:54:11,564 [INFO] Sending to ptd: 'Hello'
ptd-server 2022-02-18 09:54:11,565 [INFO] Reply from ptd: 'Hello, PTDaemon here!'
ptd-server 2022-02-18 09:54:11,565 [INFO] Sending to ptd: 'Identify'
ptd-server 2022-02-18 09:54:11,565 [INFO] Reply from ptd: 'YokogawaWT310E,1000,1,1,1,1,0,1,1,version=1.9.2-e8c7a49a-20201208,OS=Linux 4.15.0-162-generic #170-Ubuntu SMP Mon Oct 18 11:38:05 UTC 2021 x86_64,mode=power,1,1,1,0,0,no_cal_date,YOKOGAWA;WT310E;C2XF16030V;F1.04'
ptd-server 2022-02-18 09:54:11,565 [INFO] Connected to PTDaemon
ptd-server 2022-02-18 09:54:11,565 [INFO] Sending to ptd: 'RR'
ptd-server 2022-02-18 09:54:11,565 [INFO] Reply from ptd: 'Ranges,1,2.000000,1,150.000000'
ptd-server 2022-02-18 09:54:11,566 [INFO] Initial range for Amps is Auto for Volts is Auto
ptd-server 2022-02-18 09:54:11,566 [INFO] Sending to ptd: 'SR,V,Auto'
ptd-server 2022-02-18 09:54:12,072 [INFO] Reply from ptd: 'Range V changed'
ptd-server 2022-02-18 09:54:12,072 [INFO] Sending to ptd: 'SR,A,Auto'
ptd-server 2022-02-18 09:54:12,575 [INFO] Reply from ptd: 'Range A changed'
ptd-server 2022-02-18 09:54:22,585 [INFO] Starting ranging mode
ptd-server 2022-02-18 09:54:22,586 [INFO] Sending to ptd: 'Go,1000,0,2022-02-18_09-53-54_ranging'
ptd-server 2022-02-18 09:54:22,586 [INFO] Reply from ptd: 'Starting untimed measurement, maximum 500000 samples at 1000ms with 0 rampup samples'
ptd-server 2022-02-18 09:54:22,587 [INFO] Sending reply to client 'OK'
ptd-server 2022-02-18 10:06:28,374 [INFO] Got command from the client 'session,2022-02-18_09-53-54,stop,ranging'
ptd-server 2022-02-18 10:06:38,384 [INFO] Sending to ptd: 'Stop'
ptd-server 2022-02-18 10:06:38,385 [INFO] Reply from ptd: 'Stopping untimed measurement'
ptd-server 2022-02-18 10:06:38,538 [INFO] Sending reply to client 'OK'
ptd-server 2022-02-18 10:06:38,661 [INFO] Got command from the client 'time'
ptd-server 2022-02-18 10:06:38,661 [INFO] Sending reply to client '1645200398.6615515'
ptd-server 2022-02-18 10:06:38,662 [INFO] Got command from the client 'session,2022-02-18_09-53-54,start,testing'
ptd-server 2022-02-18 10:06:38,662 [INFO] Sending to ptd: 'SR,V,120.370000'
ptd-server 2022-02-18 10:06:40,164 [INFO] Reply from ptd: 'Range V changed'
ptd-server 2022-02-18 10:06:40,164 [INFO] Sending to ptd: 'SR,A,2.122400'
ptd-server 2022-02-18 10:06:41,666 [INFO] Reply from ptd: 'Range A changed'
ptd-server 2022-02-18 10:06:51,677 [INFO] Starting testing mode
ptd-server 2022-02-18 10:06:51,677 [INFO] Sending to ptd: 'Go,1000,0,2022-02-18_09-53-54_testing'
ptd-server 2022-02-18 10:06:51,678 [INFO] Reply from ptd: 'Starting untimed measurement, maximum 500000 samples at 1000ms with 0 rampup samples'
ptd-server 2022-02-18 10:06:51,678 [INFO] Sending reply to client 'OK'
ptd-server 2022-02-18 10:18:57,676 [INFO] Got command from the client 'session,2022-02-18_09-53-54,stop,testing'
ptd-server 2022-02-18 10:19:07,686 [INFO] Sending to ptd: 'Stop'
ptd-server 2022-02-18 10:19:07,687 [INFO] Reply from ptd: 'Stopping untimed measurement'
ptd-server 2022-02-18 10:19:07,769 [INFO] Sending reply to client 'OK'
ptd-server 2022-02-18 10:19:07,775 [INFO] Got command from the client 'session,2022-02-18_09-53-54,done'
ptd-server 2022-02-18 10:19:07,775 [INFO] Sending to ptd: 'Stop'
ptd-server 2022-02-18 10:19:08,678 [INFO] Reply from ptd: 'Error: no measurement to stop'
ptd-server 2022-02-18 10:19:08,678 [INFO] Sending to ptd: 'SR,V,Auto'
ptd-server 2022-02-18 10:19:09,181 [INFO] Reply from ptd: 'Range V changed'
ptd-server 2022-02-18 10:19:09,182 [INFO] Sending to ptd: 'SR,A,Auto'
ptd-server 2022-02-18 10:19:09,685 [INFO] Reply from ptd: 'Range A changed'
ptd-server 2022-02-18 10:19:09,685 [INFO] Set initial values for Amps Auto and Volts Auto
ptd-server 2022-02-18 10:19:09,685 [INFO] Stopping ptd...
