ptd-server 2022-02-19 15:07:42,199 [INFO] Got command from the client 'time'
ptd-server 2022-02-19 15:07:42,199 [INFO] Sending reply to client '1645283262.199399'
ptd-server 2022-02-19 15:07:42,201 [INFO] Got command from the client 'new,,10742b53-41ed-4b1e-a3b9-4236044a1717'
ptd-server 2022-02-19 15:07:42,201 [INFO] Sending reply to client 'OK 2022-02-19_15-07-42,dc4bef15-d9e4-415d-8751-054a8796bba9'
ptd-server 2022-02-19 15:07:42,237 [INFO] Got command from the client 'time'
ptd-server 2022-02-19 15:07:42,237 [INFO] Sending reply to client '1645283262.2375252'
ptd-server 2022-02-19 15:07:42,239 [INFO] Got command from the client 'session,2022-02-19_15-07-42,start,ranging'
ptd-server 2022-02-19 15:07:42,239 [INFO] Running PTDaemon: ['/home/anton/projects/mlperf/power/inference_v1.0/ptd-linux-x86', '-l', '/tmp/tmpgldyt7rr/ptd_logfile.txt', '-p', '8888', '49', '/dev/usbtmc0']
ptd-server 2022-02-19 15:07:59,412 [INFO] Sending to ptd: 'Hello'
ptd-server 2022-02-19 15:07:59,412 [INFO] Reply from ptd: 'Hello, PTDaemon here!'
ptd-server 2022-02-19 15:07:59,412 [INFO] Sending to ptd: 'Identify'
ptd-server 2022-02-19 15:07:59,413 [INFO] Reply from ptd: 'YokogawaWT310E,1000,1,1,1,1,0,1,1,version=1.9.2-e8c7a49a-20201208,OS=Linux 5.13.0-28-generic #31~20.04.1-Ubuntu SMP Wed Jan 19 14:08:10 UTC 2022 x86_64,mode=power,1,1,1,0,0,no_cal_date,YOKOGAWA;WT310E;C3XA04010E;F1.04'
ptd-server 2022-02-19 15:07:59,413 [INFO] Connected to PTDaemon
ptd-server 2022-02-19 15:07:59,413 [INFO] Sending to ptd: 'RR'
ptd-server 2022-02-19 15:07:59,413 [INFO] Reply from ptd: 'Ranges,0,0.500000,0,300.000000'
ptd-server 2022-02-19 15:07:59,413 [INFO] Initial range for Amps is 0.500000 for Volts is 300.000000
ptd-server 2022-02-19 15:07:59,414 [INFO] Sending to ptd: 'SR,V,Auto'
ptd-server 2022-02-19 15:07:59,916 [INFO] Reply from ptd: 'Range V changed'
ptd-server 2022-02-19 15:07:59,916 [INFO] Sending to ptd: 'SR,A,Auto'
ptd-server 2022-02-19 15:08:00,419 [INFO] Reply from ptd: 'Range A changed'
ptd-server 2022-02-19 15:08:10,428 [INFO] Starting ranging mode
ptd-server 2022-02-19 15:08:10,428 [INFO] Sending to ptd: 'Go,1000,0,2022-02-19_15-07-42_ranging'
ptd-server 2022-02-19 15:08:10,428 [INFO] Reply from ptd: 'Starting untimed measurement, maximum 500000 samples at 1000ms with 0 rampup samples'
ptd-server 2022-02-19 15:08:10,429 [INFO] Sending reply to client 'OK'
ptd-server 2022-02-19 15:18:40,012 [INFO] Got command from the client 'session,2022-02-19_15-07-42,stop,ranging'
ptd-server 2022-02-19 15:18:50,022 [INFO] Sending to ptd: 'Stop'
ptd-server 2022-02-19 15:18:50,023 [INFO] Reply from ptd: 'Stopping untimed measurement'
ptd-server 2022-02-19 15:18:50,389 [INFO] Sending reply to client 'OK'
ptd-server 2022-02-19 15:18:50,475 [INFO] Got command from the client 'time'
ptd-server 2022-02-19 15:18:50,475 [INFO] Sending reply to client '1645283930.4751184'
ptd-server 2022-02-19 15:18:50,478 [INFO] Got command from the client 'session,2022-02-19_15-07-42,start,testing'
ptd-server 2022-02-19 15:18:50,478 [INFO] Sending to ptd: 'SR,V,248.300000'
ptd-server 2022-02-19 15:18:51,980 [INFO] Reply from ptd: 'Range V changed'
ptd-server 2022-02-19 15:18:51,980 [INFO] Sending to ptd: 'SR,A,0.043600'
ptd-server 2022-02-19 15:18:53,481 [INFO] Reply from ptd: 'Range A changed'
ptd-server 2022-02-19 15:19:03,488 [INFO] Starting testing mode
ptd-server 2022-02-19 15:19:03,488 [INFO] Sending to ptd: 'Go,1000,0,2022-02-19_15-07-42_testing'
ptd-server 2022-02-19 15:19:03,488 [INFO] Reply from ptd: 'Starting untimed measurement, maximum 500000 samples at 1000ms with 0 rampup samples'
ptd-server 2022-02-19 15:19:03,488 [INFO] Sending reply to client 'OK'
ptd-server 2022-02-19 15:29:33,903 [INFO] Got command from the client 'session,2022-02-19_15-07-42,stop,testing'
ptd-server 2022-02-19 15:29:43,914 [INFO] Sending to ptd: 'Stop'
ptd-server 2022-02-19 15:29:43,914 [INFO] Reply from ptd: 'Stopping untimed measurement'
ptd-server 2022-02-19 15:29:44,112 [INFO] Sending reply to client 'OK'
ptd-server 2022-02-19 15:29:44,151 [INFO] Got command from the client 'session,2022-02-19_15-07-42,done'
ptd-server 2022-02-19 15:29:44,151 [INFO] Sending to ptd: 'Stop'
ptd-server 2022-02-19 15:29:44,488 [INFO] Reply from ptd: 'Error: no measurement to stop'
ptd-server 2022-02-19 15:29:44,488 [INFO] Sending to ptd: 'SR,V,300.000000'
ptd-server 2022-02-19 15:29:45,990 [INFO] Reply from ptd: 'Range V changed'
ptd-server 2022-02-19 15:29:45,990 [INFO] Sending to ptd: 'SR,A,0.500000'
ptd-server 2022-02-19 15:29:47,492 [INFO] Reply from ptd: 'Range A changed'
ptd-server 2022-02-19 15:29:47,492 [INFO] Set initial values for Amps 0.500000 and Volts 300.000000
ptd-server 2022-02-19 15:29:47,492 [INFO] Stopping ptd...
