client 2022-02-22 15:10:40,272 [INFO] Sending command to the server: 'mlcommons/power client v3'
client 2022-02-22 15:10:40,594 [INFO] Got response: 'mlcommons/power server v3'
client 2022-02-22 15:10:40,594 [INFO] Sending command to the server: 'stop'
client 2022-02-22 15:10:40,595 [INFO] Got response: 'OK'
client 2022-02-22 15:10:40,595 [INFO] Synchronizing with the server and with ib-01.dc4-in.nvidia.com...
client 2022-02-22 15:10:40,804 [INFO] NTP:offset = 0.000 s, delay = 0.202 s 
client 2022-02-22 15:10:40,804 [INFO] Sending command to the server: 'time'
client 2022-02-22 15:10:40,805 [INFO] Got response: '1645542640.801396'
client 2022-02-22 15:10:40,805 [INFO] The time difference between the client and the server is within range 2.884 ms..4.551 ms
client 2022-02-22 15:10:40,806 [INFO] Sending command to the server: 'new,,98466937-c64a-48f6-ba7d-fac117f3d92a'
client 2022-02-22 15:10:40,808 [INFO] Got response: 'OK 2022-02-22_07-10-40,164dec42-692f-42c0-87cd-4c68b794c425'
client 2022-02-22 15:10:40,808 [INFO] Session id is '2022-02-22_07-10-40'
client 2022-02-22 15:10:40,808 [INFO] Sources: {"sources": {"__init__.py": "da39a3ee5e6b4b0d3255bfef95601890afd80709", "client.py": "33ca4f26368777ac06e01f9567b714a4b8063886", "lib/__init__.py": "da39a3ee5e6b4b0d3255bfef95601890afd80709", "lib/client.py": "4c2b78fb4849a7e5b584ef792d82aaed20b17f57", "lib/common.py": "624d0c0acc7c39aaff3674f0b99d6a09da53d1dc", "lib/external/__init__.py": "da39a3ee5e6b4b0d3255bfef95601890afd80709", "lib/external/ntplib.py": "4da8f970656505a40483206ef2b5d3dd5e81711d", "lib/server.py": "59c9fb92908260d3e9f81a895c7aa009742275e4", "lib/source_hashes.py": "60a2e02193209e8d392803326208d5466342da18", "lib/summary.py": "aa92f0a3f975eecd44d3c0cd0236342ccc9f941d", "lib/time_sync.py": "3210db56eb0ff0df57bf4293dc4d4b03fffd46f1", "server.py": "c3f90f2f7eeb4db30727556d0c815ebc89b3d28b", "tests/unit/__init__.py": "da39a3ee5e6b4b0d3255bfef95601890afd80709", "tests/unit/test_server.py": "99ae15aef722f2000ee6ed1ae1523637bf1ae42b", "tests/unit/test_source_hashes.py": "00468a2907583c593e6574a1f6b404e4651c221a"}, "modules": {"ptd_client_server.lib.client": "lib/client.py", "ptd_client_server.lib.common": "lib/common.py", "ptd_client_server.lib.external.ntplib": "lib/external/ntplib.py", "ptd_client_server.lib.source_hashes": "lib/source_hashes.py", "ptd_client_server.lib.summary": "lib/summary.py", "ptd_client_server.lib.time_sync": "lib/time_sync.py"}}
client 2022-02-22 15:10:40,810 [INFO] Running workload in ranging mode
client 2022-02-22 15:10:40,810 [INFO] Synchronizing with the server and with ib-01.dc4-in.nvidia.com...
client 2022-02-22 15:10:41,014 [INFO] NTP:offset = 0.000 s, delay = 0.202 s 
client 2022-02-22 15:10:41,014 [INFO] Sending command to the server: 'time'
client 2022-02-22 15:10:41,015 [INFO] Got response: '1645542641.006896'
client 2022-02-22 15:10:41,015 [INFO] The time difference between the client and the server is within range 7.584 ms..8.947 ms
client 2022-02-22 15:10:41,015 [INFO] Sending command to the server: 'session,2022-02-22_07-10-40,start,ranging'
client 2022-02-22 15:11:20,387 [INFO] Got response: 'OK'
client 2022-02-22 15:11:20,387 [INFO] Running the workload 'LOG_DIR=/work/build/power_logs_temp python3 code/main.py --benchmarks=bert --scenarios=Server --test_mode=PerformanceOnly --config_ver=maxq_high_accuracy --action="run_harness" \\\n\t\t2>&1 | tee -a /work/build/power_logs/2022.02.22-15.10.23/stdout.txt \\\n\t\t&& if [ ! -d /work/build/power_logs/2022.02.22-15.10.23/ranging_tmp ]; \\\n\t\t\tthen mkdir /work/build/power_logs/2022.02.22-15.10.23/ranging_tmp \\\n\t\t\t\t&& mv /work/build/power_logs_temp/* /work/build/power_logs/2022.02.22-15.10.23/ranging_tmp/ \\\n\t\t\t\t&& cp -v /work/build/power_logs/2022.02.22-15.10.23/ranging_tmp/*/*/*/mlperf_log_detail.txt /work/build/power_logs_temp/ \\\n\t\t\t\t&& cp -v /work/build/power_logs/2022.02.22-15.10.23/ranging_tmp/*/*/*/mlperf_log_summary.txt /work/build/power_logs_temp/; \\\n\t\t\telse mkdir /work/build/power_logs/2022.02.22-15.10.23/testing_tmp \\\n\t\t\t\t&& mv /work/build/power_logs_temp/* /work/build/power_logs/2022.02.22-15.10.23/testing_tmp/ \\\n\t\t\t\t&& cp -v /work/build/power_logs/2022.02.22-15.10.23/testing_tmp/*/*/*/mlperf_log_detail.txt /work/build/power_logs_temp/ \\\n\t\t\t\t&& cp -v /work/build/power_logs/2022.02.22-15.10.23/testing_tmp/*/*/*/mlperf_log_summary.txt /work/build/power_logs_temp/; fi'
client 2022-02-22 15:22:08,527 [INFO] Sending command to the server: 'session,2022-02-22_07-10-40,stop,ranging'
client 2022-02-22 15:22:18,592 [INFO] Got response: 'OK'
client 2022-02-22 15:22:18,604 [INFO] Copying loadgen logs from '/work/build/power_logs_temp' to '/work/build/power_logs/2022.02.22-15.10.23/2022-02-22_07-10-40/ranging'
client 2022-02-22 15:22:18,615 [INFO] Running workload in testing mode
client 2022-02-22 15:22:18,615 [INFO] Synchronizing with the server and with ib-01.dc4-in.nvidia.com...
client 2022-02-22 15:22:18,819 [INFO] NTP:offset = 0.000 s, delay = 0.202 s 
client 2022-02-22 15:22:18,819 [INFO] Sending command to the server: 'time'
client 2022-02-22 15:22:18,821 [INFO] Got response: '1645543338.8025692'
client 2022-02-22 15:22:18,821 [INFO] The time difference between the client and the server is within range 17.197 ms..18.801 ms
client 2022-02-22 15:22:18,821 [INFO] Sending command to the server: 'session,2022-02-22_07-10-40,start,testing'
client 2022-02-22 15:22:41,081 [INFO] Got response: 'OK'
client 2022-02-22 15:22:41,081 [INFO] Running the workload 'LOG_DIR=/work/build/power_logs_temp python3 code/main.py --benchmarks=bert --scenarios=Server --test_mode=PerformanceOnly --config_ver=maxq_high_accuracy --action="run_harness" \\\n\t\t2>&1 | tee -a /work/build/power_logs/2022.02.22-15.10.23/stdout.txt \\\n\t\t&& if [ ! -d /work/build/power_logs/2022.02.22-15.10.23/ranging_tmp ]; \\\n\t\t\tthen mkdir /work/build/power_logs/2022.02.22-15.10.23/ranging_tmp \\\n\t\t\t\t&& mv /work/build/power_logs_temp/* /work/build/power_logs/2022.02.22-15.10.23/ranging_tmp/ \\\n\t\t\t\t&& cp -v /work/build/power_logs/2022.02.22-15.10.23/ranging_tmp/*/*/*/mlperf_log_detail.txt /work/build/power_logs_temp/ \\\n\t\t\t\t&& cp -v /work/build/power_logs/2022.02.22-15.10.23/ranging_tmp/*/*/*/mlperf_log_summary.txt /work/build/power_logs_temp/; \\\n\t\t\telse mkdir /work/build/power_logs/2022.02.22-15.10.23/testing_tmp \\\n\t\t\t\t&& mv /work/build/power_logs_temp/* /work/build/power_logs/2022.02.22-15.10.23/testing_tmp/ \\\n\t\t\t\t&& cp -v /work/build/power_logs/2022.02.22-15.10.23/testing_tmp/*/*/*/mlperf_log_detail.txt /work/build/power_logs_temp/ \\\n\t\t\t\t&& cp -v /work/build/power_logs/2022.02.22-15.10.23/testing_tmp/*/*/*/mlperf_log_summary.txt /work/build/power_logs_temp/; fi'
client 2022-02-22 15:33:27,850 [INFO] Sending command to the server: 'session,2022-02-22_07-10-40,stop,testing'
client 2022-02-22 15:33:37,871 [INFO] Got response: 'OK'
client 2022-02-22 15:33:37,876 [INFO] Copying loadgen logs from '/work/build/power_logs_temp' to '/work/build/power_logs/2022.02.22-15.10.23/2022-02-22_07-10-40/run_1'
client 2022-02-22 15:33:37,888 [INFO] Done runs
