ptd-server 2022-02-22 07:10:40,590 [INFO] Got command from the client 'stop'
ptd-server 2022-02-22 07:10:40,590 [INFO] The server will be stopped after processing this client
ptd-server 2022-02-22 07:10:40,590 [INFO] Sending reply to client 'OK'
ptd-server 2022-02-22 07:10:40,801 [INFO] Got command from the client 'time'
ptd-server 2022-02-22 07:10:40,801 [INFO] Sending reply to client '1645542640.801396'
ptd-server 2022-02-22 07:10:40,801 [INFO] Got command from the client 'new,,98466937-c64a-48f6-ba7d-fac117f3d92a'
ptd-server 2022-02-22 07:10:40,803 [INFO] Sending reply to client 'OK 2022-02-22_07-10-40,164dec42-692f-42c0-87cd-4c68b794c425'
ptd-server 2022-02-22 07:10:41,006 [INFO] Got command from the client 'time'
ptd-server 2022-02-22 07:10:41,006 [INFO] Sending reply to client '1645542641.006896'
ptd-server 2022-02-22 07:10:41,006 [INFO] Got command from the client 'session,2022-02-22_07-10-40,start,ranging'
ptd-server 2022-02-22 07:10:41,116 [INFO] Running PTDaemon: ['C:\\PTD\\ptd-windows-x86.exe', '-l', 'C:\\Users\\lab\\AppData\\Local\\Temp\\tmpola8mdg_\\ptd_logfile.txt', '-p', '8888', '-c', '1,3', '-y', '77', '10.117.41.199']
ptd-server 2022-02-22 07:11:00,218 [INFO] Sending to ptd: 'Hello'
ptd-server 2022-02-22 07:11:00,218 [INFO] Reply from ptd: 'Hello, PTDaemon here!'
ptd-server 2022-02-22 07:11:00,218 [INFO] Sending to ptd: 'Identify'
ptd-server 2022-02-22 07:11:00,218 [INFO] Reply from ptd: 'YokogawaWT330_multichannel,1000,1,1,1,1,0,0,1,version=1.9.2-3976349f-20201208,OS=Windows 8 / Server 2012,mode=power,1,1,2,0,0,no_cal_date,YOKOGAWA;WT333E;C2WL21011V;F1.04'
ptd-server 2022-02-22 07:11:00,218 [INFO] Connected to PTDaemon
ptd-server 2022-02-22 07:11:00,218 [INFO] Sending to ptd: 'RR'
ptd-server 2022-02-22 07:11:00,218 [INFO] Reply from ptd: 'Ranges,0,5.000000,0,300.000000'
ptd-server 2022-02-22 07:11:00,218 [INFO] Initial range for Amps is 5.000000 for Volts is 300.000000
ptd-server 2022-02-22 07:11:00,218 [INFO] Sending to ptd: 'SR,V,Auto'
ptd-server 2022-02-22 07:11:05,293 [INFO] Reply from ptd: 'Range V changed'
ptd-server 2022-02-22 07:11:05,293 [INFO] Sending to ptd: 'SR,A,Auto'
ptd-server 2022-02-22 07:11:10,371 [INFO] Reply from ptd: 'Range A changed'
ptd-server 2022-02-22 07:11:20,376 [INFO] Starting ranging mode
ptd-server 2022-02-22 07:11:20,376 [INFO] Sending to ptd: 'Go,1000,0,2022-02-22_07-10-40_ranging'
ptd-server 2022-02-22 07:11:20,376 [INFO] Reply from ptd: 'Starting untimed measurement, maximum 500000 samples at 1000ms with 0 rampup samples'
ptd-server 2022-02-22 07:11:20,376 [INFO] Sending reply to client 'OK'
ptd-server 2022-02-22 07:22:08,509 [INFO] Got command from the client 'session,2022-02-22_07-10-40,stop,ranging'
ptd-server 2022-02-22 07:22:18,536 [INFO] Sending to ptd: 'Stop'
ptd-server 2022-02-22 07:22:18,536 [INFO] Reply from ptd: 'Stopping untimed measurement'
ptd-server 2022-02-22 07:22:18,583 [INFO] Sending reply to client 'OK'
ptd-server 2022-02-22 07:22:18,802 [INFO] Got command from the client 'time'
ptd-server 2022-02-22 07:22:18,802 [INFO] Sending reply to client '1645543338.8025692'
ptd-server 2022-02-22 07:22:18,818 [INFO] Got command from the client 'session,2022-02-22_07-10-40,start,testing'
ptd-server 2022-02-22 07:22:18,818 [INFO] Sending to ptd: 'SR,V,205.940000'
ptd-server 2022-02-22 07:22:25,472 [INFO] Reply from ptd: 'Range V changed'
ptd-server 2022-02-22 07:22:25,472 [INFO] Sending to ptd: 'SR,A,3.877100'
ptd-server 2022-02-22 07:22:31,068 [INFO] Reply from ptd: 'Range A changed'
ptd-server 2022-02-22 07:22:41,070 [INFO] Starting testing mode
ptd-server 2022-02-22 07:22:41,070 [INFO] Sending to ptd: 'Go,1000,0,2022-02-22_07-10-40_testing'
ptd-server 2022-02-22 07:22:41,070 [INFO] Reply from ptd: 'Starting untimed measurement, maximum 500000 samples at 1000ms with 0 rampup samples'
ptd-server 2022-02-22 07:22:41,070 [INFO] Sending reply to client 'OK'
ptd-server 2022-02-22 07:33:27,843 [INFO] Got command from the client 'session,2022-02-22_07-10-40,stop,testing'
ptd-server 2022-02-22 07:33:37,843 [INFO] Sending to ptd: 'Stop'
ptd-server 2022-02-22 07:33:37,843 [INFO] Reply from ptd: 'Stopping untimed measurement'
ptd-server 2022-02-22 07:33:37,859 [INFO] Sending reply to client 'OK'
ptd-server 2022-02-22 07:33:37,890 [INFO] Got command from the client 'session,2022-02-22_07-10-40,done'
ptd-server 2022-02-22 07:33:37,890 [INFO] Sending to ptd: 'Stop'
ptd-server 2022-02-22 07:33:38,078 [INFO] Reply from ptd: 'Error: no measurement to stop'
ptd-server 2022-02-22 07:33:38,078 [INFO] Sending to ptd: 'SR,V,300.000000'
ptd-server 2022-02-22 07:33:44,161 [INFO] Reply from ptd: 'Range V changed'
ptd-server 2022-02-22 07:33:44,161 [INFO] Sending to ptd: 'SR,A,5.000000'
ptd-server 2022-02-22 07:33:49,749 [INFO] Reply from ptd: 'Range A changed'
ptd-server 2022-02-22 07:33:49,749 [INFO] Set initial values for Amps 5.000000 and Volts 300.000000
ptd-server 2022-02-22 07:33:49,749 [INFO] Stopping ptd...
