ptd-server 2022-02-25 09:38:39,622 [INFO] Got command from the client 'time'
ptd-server 2022-02-25 09:38:39,623 [INFO] Sending reply to client '1645803519.6231015'
ptd-server 2022-02-25 09:38:39,623 [INFO] Got command from the client 'new,,3451fbbe-e026-4127-b72e-36a30cad6359'
ptd-server 2022-02-25 09:38:39,624 [INFO] Sending reply to client 'OK 2022-02-25_09-38-39,da430c5d-6032-468c-b321-eaf60d967e9b'
ptd-server 2022-02-25 09:38:39,732 [INFO] Got command from the client 'time'
ptd-server 2022-02-25 09:38:39,732 [INFO] Sending reply to client '1645803519.7327204'
ptd-server 2022-02-25 09:38:39,733 [INFO] Got command from the client 'session,2022-02-25_09-38-39,start,ranging'
ptd-server 2022-02-25 09:38:39,734 [INFO] Running PTDaemon: ['/local/mnt/workspace/mlcommons/power-main/inference_v1.0/ptd-linux-x86', '-l', '/tmp/tmp4zullp9k/ptd_logfile.txt', '-p', '8889', '49', '/dev/usbtmc0']
ptd-server 2022-02-25 09:38:56,846 [INFO] Sending to ptd: 'Hello'
ptd-server 2022-02-25 09:38:56,847 [INFO] Reply from ptd: 'Hello, PTDaemon here!'
ptd-server 2022-02-25 09:38:56,847 [INFO] Sending to ptd: 'Identify'
ptd-server 2022-02-25 09:38:56,848 [INFO] Reply from ptd: 'YokogawaWT310E,1000,1,1,1,1,0,1,1,version=1.9.2-e8c7a49a-20201208,OS=Linux 4.15.0-162-generic #170-Ubuntu SMP Mon Oct 18 11:38:05 UTC 2021 x86_64,mode=power,1,1,1,0,0,no_cal_date,YOKOGAWA;WT310E;C2XF16028V;F1.04'
ptd-server 2022-02-25 09:38:56,848 [INFO] Connected to PTDaemon
ptd-server 2022-02-25 09:38:56,848 [INFO] Sending to ptd: 'RR'
ptd-server 2022-02-25 09:38:56,848 [INFO] Reply from ptd: 'Ranges,1,5.000000,1,150.000000'
ptd-server 2022-02-25 09:38:56,849 [INFO] Initial range for Amps is Auto for Volts is Auto
ptd-server 2022-02-25 09:38:56,849 [INFO] Sending to ptd: 'SR,V,Auto'
ptd-server 2022-02-25 09:38:57,352 [INFO] Reply from ptd: 'Range V changed'
ptd-server 2022-02-25 09:38:57,352 [INFO] Sending to ptd: 'SR,A,Auto'
ptd-server 2022-02-25 09:38:57,855 [INFO] Reply from ptd: 'Range A changed'
ptd-server 2022-02-25 09:39:07,865 [INFO] Starting ranging mode
ptd-server 2022-02-25 09:39:07,866 [INFO] Sending to ptd: 'Go,1000,0,2022-02-25_09-38-39_ranging'
ptd-server 2022-02-25 09:39:07,866 [INFO] Reply from ptd: 'Starting untimed measurement, maximum 500000 samples at 1000ms with 0 rampup samples'
ptd-server 2022-02-25 09:39:07,867 [INFO] Sending reply to client 'OK'
ptd-server 2022-02-25 09:52:17,946 [INFO] Got command from the client 'session,2022-02-25_09-38-39,stop,ranging'
ptd-server 2022-02-25 09:52:27,957 [INFO] Sending to ptd: 'Stop'
ptd-server 2022-02-25 09:52:27,958 [INFO] Reply from ptd: 'Stopping untimed measurement'
ptd-server 2022-02-25 09:52:28,191 [INFO] Sending reply to client 'OK'
ptd-server 2022-02-25 09:52:28,291 [INFO] Got command from the client 'time'
ptd-server 2022-02-25 09:52:28,291 [INFO] Sending reply to client '1645804348.2914665'
ptd-server 2022-02-25 09:52:28,292 [INFO] Got command from the client 'session,2022-02-25_09-38-39,start,testing'
ptd-server 2022-02-25 09:52:28,292 [INFO] Sending to ptd: 'SR,V,120.200000'
ptd-server 2022-02-25 09:52:30,368 [INFO] Reply from ptd: 'Range V changed'
ptd-server 2022-02-25 09:52:30,368 [INFO] Sending to ptd: 'SR,A,7.182000'
ptd-server 2022-02-25 09:52:31,870 [INFO] Reply from ptd: 'Range A changed'
ptd-server 2022-02-25 09:52:41,881 [INFO] Starting testing mode
ptd-server 2022-02-25 09:52:41,881 [INFO] Sending to ptd: 'Go,1000,0,2022-02-25_09-38-39_testing'
ptd-server 2022-02-25 09:52:41,882 [INFO] Reply from ptd: 'Starting untimed measurement, maximum 500000 samples at 1000ms with 0 rampup samples'
ptd-server 2022-02-25 09:52:41,882 [INFO] Sending reply to client 'OK'
ptd-server 2022-02-25 10:05:52,283 [INFO] Got command from the client 'session,2022-02-25_09-38-39,stop,testing'
ptd-server 2022-02-25 10:06:02,294 [INFO] Sending to ptd: 'Stop'
ptd-server 2022-02-25 10:06:02,295 [INFO] Reply from ptd: 'Stopping untimed measurement'
ptd-server 2022-02-25 10:06:02,416 [INFO] Sending reply to client 'OK'
ptd-server 2022-02-25 10:06:02,421 [INFO] Got command from the client 'session,2022-02-25_09-38-39,done'
ptd-server 2022-02-25 10:06:02,422 [INFO] Sending to ptd: 'Stop'
ptd-server 2022-02-25 10:06:02,883 [INFO] Reply from ptd: 'Error: no measurement to stop'
ptd-server 2022-02-25 10:06:02,883 [INFO] Sending to ptd: 'SR,V,Auto'
ptd-server 2022-02-25 10:06:03,386 [INFO] Reply from ptd: 'Range V changed'
ptd-server 2022-02-25 10:06:03,386 [INFO] Sending to ptd: 'SR,A,Auto'
ptd-server 2022-02-25 10:06:03,889 [INFO] Reply from ptd: 'Range A changed'
ptd-server 2022-02-25 10:06:03,889 [INFO] Set initial values for Amps Auto and Volts Auto
ptd-server 2022-02-25 10:06:03,889 [INFO] Stopping ptd...
