ptd-server 2022-02-21 02:35:57,098 [INFO] Got command from the client 'time'
ptd-server 2022-02-21 02:35:57,098 [INFO] Sending reply to client '1645410957.0987406'
ptd-server 2022-02-21 02:35:57,099 [INFO] Got command from the client 'new,,53de3c3f-c5b6-41fb-af86-1594e071af48'
ptd-server 2022-02-21 02:35:57,100 [INFO] Sending reply to client 'OK 2022-02-21_02-35-57,d99d3fc7-b7a3-4236-a354-a2839157b035'
ptd-server 2022-02-21 02:35:57,138 [INFO] Got command from the client 'time'
ptd-server 2022-02-21 02:35:57,138 [INFO] Sending reply to client '1645410957.138401'
ptd-server 2022-02-21 02:35:57,139 [INFO] Got command from the client 'session,2022-02-21_02-35-57,start,ranging'
ptd-server 2022-02-21 02:35:57,140 [INFO] Running PTDaemon: ['/home/anton/projects/mlperf/power/inference_v1.0/ptd-linux-x86', '-l', '/tmp/tmpgldyt7rr/ptd_logfile.txt', '-p', '8888', '49', '/dev/usbtmc0']
ptd-server 2022-02-21 02:36:14,313 [INFO] Sending to ptd: 'Hello'
ptd-server 2022-02-21 02:36:14,314 [INFO] Reply from ptd: 'Hello, PTDaemon here!'
ptd-server 2022-02-21 02:36:14,314 [INFO] Sending to ptd: 'Identify'
ptd-server 2022-02-21 02:36:14,314 [INFO] Reply from ptd: 'YokogawaWT310E,1000,1,1,1,1,0,1,1,version=1.9.2-e8c7a49a-20201208,OS=Linux 5.13.0-28-generic #31~20.04.1-Ubuntu SMP Wed Jan 19 14:08:10 UTC 2022 x86_64,mode=power,1,1,1,0,0,no_cal_date,YOKOGAWA;WT310E;C3XA04010E;F1.04'
ptd-server 2022-02-21 02:36:14,314 [INFO] Connected to PTDaemon
ptd-server 2022-02-21 02:36:14,315 [INFO] Sending to ptd: 'RR'
ptd-server 2022-02-21 02:36:14,315 [INFO] Reply from ptd: 'Ranges,0,0.500000,0,300.000000'
ptd-server 2022-02-21 02:36:14,315 [INFO] Initial range for Amps is 0.500000 for Volts is 300.000000
ptd-server 2022-02-21 02:36:14,315 [INFO] Sending to ptd: 'SR,V,Auto'
ptd-server 2022-02-21 02:36:14,818 [INFO] Reply from ptd: 'Range V changed'
ptd-server 2022-02-21 02:36:14,818 [INFO] Sending to ptd: 'SR,A,Auto'
ptd-server 2022-02-21 02:36:15,320 [INFO] Reply from ptd: 'Range A changed'
ptd-server 2022-02-21 02:36:25,325 [INFO] Starting ranging mode
ptd-server 2022-02-21 02:36:25,326 [INFO] Sending to ptd: 'Go,1000,0,2022-02-21_02-35-57_ranging'
ptd-server 2022-02-21 02:36:25,326 [INFO] Reply from ptd: 'Starting untimed measurement, maximum 500000 samples at 1000ms with 0 rampup samples'
ptd-server 2022-02-21 02:36:25,326 [INFO] Sending reply to client 'OK'
ptd-server 2022-02-21 02:46:53,167 [INFO] Got command from the client 'session,2022-02-21_02-35-57,stop,ranging'
ptd-server 2022-02-21 02:47:03,177 [INFO] Sending to ptd: 'Stop'
ptd-server 2022-02-21 02:47:03,178 [INFO] Reply from ptd: 'Stopping untimed measurement'
ptd-server 2022-02-21 02:47:03,732 [INFO] Sending reply to client 'OK'
ptd-server 2022-02-21 02:47:03,798 [INFO] Got command from the client 'time'
ptd-server 2022-02-21 02:47:03,798 [INFO] Sending reply to client '1645411623.7985938'
ptd-server 2022-02-21 02:47:03,800 [INFO] Got command from the client 'session,2022-02-21_02-35-57,start,testing'
ptd-server 2022-02-21 02:47:03,800 [INFO] Sending to ptd: 'SR,V,250.070000'
ptd-server 2022-02-21 02:47:05,301 [INFO] Reply from ptd: 'Range V changed'
ptd-server 2022-02-21 02:47:05,301 [INFO] Sending to ptd: 'SR,A,0.041890'
ptd-server 2022-02-21 02:47:06,803 [INFO] Reply from ptd: 'Range A changed'
ptd-server 2022-02-21 02:47:16,808 [INFO] Starting testing mode
ptd-server 2022-02-21 02:47:16,808 [INFO] Sending to ptd: 'Go,1000,0,2022-02-21_02-35-57_testing'
ptd-server 2022-02-21 02:47:16,808 [INFO] Reply from ptd: 'Starting untimed measurement, maximum 500000 samples at 1000ms with 0 rampup samples'
ptd-server 2022-02-21 02:47:16,809 [INFO] Sending reply to client 'OK'
ptd-server 2022-02-21 02:57:45,709 [INFO] Got command from the client 'session,2022-02-21_02-35-57,stop,testing'
ptd-server 2022-02-21 02:57:55,716 [INFO] Sending to ptd: 'Stop'
ptd-server 2022-02-21 02:57:55,716 [INFO] Reply from ptd: 'Stopping untimed measurement'
ptd-server 2022-02-21 02:57:56,011 [INFO] Sending reply to client 'OK'
ptd-server 2022-02-21 02:57:56,030 [INFO] Got command from the client 'session,2022-02-21_02-35-57,done'
ptd-server 2022-02-21 02:57:56,030 [INFO] Sending to ptd: 'Stop'
ptd-server 2022-02-21 02:57:56,031 [INFO] Reply from ptd: 'Error: no measurement to stop'
ptd-server 2022-02-21 02:57:56,031 [INFO] Sending to ptd: 'SR,V,300.000000'
ptd-server 2022-02-21 02:57:57,532 [INFO] Reply from ptd: 'Range V changed'
ptd-server 2022-02-21 02:57:57,532 [INFO] Sending to ptd: 'SR,A,0.500000'
ptd-server 2022-02-21 02:57:59,033 [INFO] Reply from ptd: 'Range A changed'
ptd-server 2022-02-21 02:57:59,033 [INFO] Set initial values for Amps 0.500000 and Volts 300.000000
ptd-server 2022-02-21 02:57:59,034 [INFO] Stopping ptd...
