ptd-server 2022-02-17 07:17:49,764 [INFO] Got command from the client 'time'
ptd-server 2022-02-17 07:17:49,764 [INFO] Sending reply to client '1645082269.7643425'
ptd-server 2022-02-17 07:17:49,766 [INFO] Got command from the client 'new,,4967f33d-f6a8-4d78-8f70-ea0dd326e008'
ptd-server 2022-02-17 07:17:49,766 [INFO] Sending reply to client 'OK 2022-02-17_07-17-49,ca9d32af-cdad-484b-a046-b69ff474c262'
ptd-server 2022-02-17 07:17:49,823 [INFO] Got command from the client 'time'
ptd-server 2022-02-17 07:17:49,824 [INFO] Sending reply to client '1645082269.8241472'
ptd-server 2022-02-17 07:17:49,826 [INFO] Got command from the client 'session,2022-02-17_07-17-49,start,ranging'
ptd-server 2022-02-17 07:17:49,826 [INFO] Running PTDaemon: ['/home/anton/projects/mlperf/power/inference_v1.0/ptd-linux-x86', '-l', '/tmp/tmpgldyt7rr/ptd_logfile.txt', '-p', '8888', '49', '/dev/usbtmc0']
ptd-server 2022-02-17 07:18:06,998 [INFO] Sending to ptd: 'Hello'
ptd-server 2022-02-17 07:18:06,999 [INFO] Reply from ptd: 'Hello, PTDaemon here!'
ptd-server 2022-02-17 07:18:06,999 [INFO] Sending to ptd: 'Identify'
ptd-server 2022-02-17 07:18:06,999 [INFO] Reply from ptd: 'YokogawaWT310E,1000,1,1,1,1,0,1,1,version=1.9.2-e8c7a49a-20201208,OS=Linux 5.13.0-28-generic #31~20.04.1-Ubuntu SMP Wed Jan 19 14:08:10 UTC 2022 x86_64,mode=power,1,1,1,0,0,no_cal_date,YOKOGAWA;WT310E;C3XA04010E;F1.04'
ptd-server 2022-02-17 07:18:06,999 [INFO] Connected to PTDaemon
ptd-server 2022-02-17 07:18:07,000 [INFO] Sending to ptd: 'RR'
ptd-server 2022-02-17 07:18:07,000 [INFO] Reply from ptd: 'Ranges,0,0.500000,0,300.000000'
ptd-server 2022-02-17 07:18:07,000 [INFO] Initial range for Amps is 0.500000 for Volts is 300.000000
ptd-server 2022-02-17 07:18:07,000 [INFO] Sending to ptd: 'SR,V,Auto'
ptd-server 2022-02-17 07:18:07,503 [INFO] Reply from ptd: 'Range V changed'
ptd-server 2022-02-17 07:18:07,503 [INFO] Sending to ptd: 'SR,A,Auto'
ptd-server 2022-02-17 07:18:08,005 [INFO] Reply from ptd: 'Range A changed'
ptd-server 2022-02-17 07:18:18,015 [INFO] Starting ranging mode
ptd-server 2022-02-17 07:18:18,016 [INFO] Sending to ptd: 'Go,1000,0,2022-02-17_07-17-49_ranging'
ptd-server 2022-02-17 07:18:18,016 [INFO] Reply from ptd: 'Starting untimed measurement, maximum 500000 samples at 1000ms with 0 rampup samples'
ptd-server 2022-02-17 07:18:18,016 [INFO] Sending reply to client 'OK'
ptd-server 2022-02-17 07:28:34,964 [INFO] Got command from the client 'session,2022-02-17_07-17-49,stop,ranging'
ptd-server 2022-02-17 07:28:44,968 [INFO] Sending to ptd: 'Stop'
ptd-server 2022-02-17 07:28:44,968 [INFO] Reply from ptd: 'Stopping untimed measurement'
ptd-server 2022-02-17 07:28:45,115 [INFO] Sending reply to client 'OK'
ptd-server 2022-02-17 07:28:45,209 [INFO] Got command from the client 'time'
ptd-server 2022-02-17 07:28:45,210 [INFO] Sending reply to client '1645082925.2100396'
ptd-server 2022-02-17 07:28:45,213 [INFO] Got command from the client 'session,2022-02-17_07-17-49,start,testing'
ptd-server 2022-02-17 07:28:45,213 [INFO] Sending to ptd: 'SR,V,249.870000'
ptd-server 2022-02-17 07:28:46,715 [INFO] Reply from ptd: 'Range V changed'
ptd-server 2022-02-17 07:28:46,715 [INFO] Sending to ptd: 'SR,A,0.049050'
ptd-server 2022-02-17 07:28:48,216 [INFO] Reply from ptd: 'Range A changed'
ptd-server 2022-02-17 07:28:58,226 [INFO] Starting testing mode
ptd-server 2022-02-17 07:28:58,227 [INFO] Sending to ptd: 'Go,1000,0,2022-02-17_07-17-49_testing'
ptd-server 2022-02-17 07:28:58,227 [INFO] Reply from ptd: 'Starting untimed measurement, maximum 500000 samples at 1000ms with 0 rampup samples'
ptd-server 2022-02-17 07:28:58,227 [INFO] Sending reply to client 'OK'
ptd-server 2022-02-17 07:39:16,061 [INFO] Got command from the client 'session,2022-02-17_07-17-49,stop,testing'
ptd-server 2022-02-17 07:39:26,071 [INFO] Sending to ptd: 'Stop'
ptd-server 2022-02-17 07:39:26,072 [INFO] Reply from ptd: 'Stopping untimed measurement'
ptd-server 2022-02-17 07:39:26,148 [INFO] Sending reply to client 'OK'
ptd-server 2022-02-17 07:39:26,184 [INFO] Got command from the client 'session,2022-02-17_07-17-49,done'
ptd-server 2022-02-17 07:39:26,184 [INFO] Sending to ptd: 'Stop'
ptd-server 2022-02-17 07:39:26,227 [INFO] Reply from ptd: 'Error: no measurement to stop'
ptd-server 2022-02-17 07:39:26,227 [INFO] Sending to ptd: 'SR,V,300.000000'
ptd-server 2022-02-17 07:39:27,729 [INFO] Reply from ptd: 'Range V changed'
ptd-server 2022-02-17 07:39:27,729 [INFO] Sending to ptd: 'SR,A,0.500000'
ptd-server 2022-02-17 07:39:29,230 [INFO] Reply from ptd: 'Range A changed'
ptd-server 2022-02-17 07:39:29,231 [INFO] Set initial values for Amps 0.500000 and Volts 300.000000
ptd-server 2022-02-17 07:39:29,231 [INFO] Stopping ptd...
