ptd-server 2022-02-14 05:44:38,277 [INFO] Got command from the client 'time'
ptd-server 2022-02-14 05:44:38,277 [INFO] Sending reply to client '1644817478.277513'
ptd-server 2022-02-14 05:44:38,280 [INFO] Got command from the client 'new,,800bddec-dacb-408f-891c-dbd2c3d54024'
ptd-server 2022-02-14 05:44:38,280 [INFO] Sending reply to client 'OK 2022-02-14_05-44-38,e4253701-92e4-4c5f-a71a-90eb1570afd3'
ptd-server 2022-02-14 05:44:38,321 [INFO] Got command from the client 'time'
ptd-server 2022-02-14 05:44:38,321 [INFO] Sending reply to client '1644817478.3215113'
ptd-server 2022-02-14 05:44:38,323 [INFO] Got command from the client 'session,2022-02-14_05-44-38,start,ranging'
ptd-server 2022-02-14 05:44:38,323 [INFO] Running PTDaemon: ['/home/anton/projects/mlperf/power/inference_v1.0/ptd-linux-x86', '-l', '/tmp/tmpxvec0g6h/ptd_logfile.txt', '-p', '8888', '49', '/dev/usbtmc0']
ptd-server 2022-02-14 05:44:55,495 [INFO] Sending to ptd: 'Hello'
ptd-server 2022-02-14 05:44:55,496 [INFO] Reply from ptd: 'Hello, PTDaemon here!'
ptd-server 2022-02-14 05:44:55,496 [INFO] Sending to ptd: 'Identify'
ptd-server 2022-02-14 05:44:55,497 [INFO] Reply from ptd: 'YokogawaWT310E,1000,1,1,1,1,0,1,1,version=1.9.2-e8c7a49a-20201208,OS=Linux 5.13.0-27-generic #29~20.04.1-Ubuntu SMP Fri Jan 14 00:32:30 UTC 2022 x86_64,mode=power,1,1,1,0,0,no_cal_date,YOKOGAWA;WT310E;C3XA04010E;F1.04'
ptd-server 2022-02-14 05:44:55,497 [INFO] Connected to PTDaemon
ptd-server 2022-02-14 05:44:55,497 [INFO] Sending to ptd: 'RR'
ptd-server 2022-02-14 05:44:55,497 [INFO] Reply from ptd: 'Ranges,0,0.500000,0,300.000000'
ptd-server 2022-02-14 05:44:55,497 [INFO] Initial range for Amps is 0.500000 for Volts is 300.000000
ptd-server 2022-02-14 05:44:55,497 [INFO] Sending to ptd: 'SR,V,Auto'
ptd-server 2022-02-14 05:44:56,000 [INFO] Reply from ptd: 'Range V changed'
ptd-server 2022-02-14 05:44:56,000 [INFO] Sending to ptd: 'SR,A,Auto'
ptd-server 2022-02-14 05:44:56,503 [INFO] Reply from ptd: 'Range A changed'
ptd-server 2022-02-14 05:45:06,513 [INFO] Starting ranging mode
ptd-server 2022-02-14 05:45:06,513 [INFO] Sending to ptd: 'Go,1000,0,2022-02-14_05-44-38_ranging'
ptd-server 2022-02-14 05:45:06,513 [INFO] Reply from ptd: 'Starting untimed measurement, maximum 500000 samples at 1000ms with 0 rampup samples'
ptd-server 2022-02-14 05:45:06,514 [INFO] Sending reply to client 'OK'
ptd-server 2022-02-14 05:55:22,542 [INFO] Got command from the client 'session,2022-02-14_05-44-38,stop,ranging'
ptd-server 2022-02-14 05:55:32,553 [INFO] Sending to ptd: 'Stop'
ptd-server 2022-02-14 05:55:32,553 [INFO] Reply from ptd: 'Stopping untimed measurement'
ptd-server 2022-02-14 05:55:33,249 [INFO] Sending reply to client 'OK'
ptd-server 2022-02-14 05:55:33,306 [INFO] Got command from the client 'time'
ptd-server 2022-02-14 05:55:33,306 [INFO] Sending reply to client '1644818133.3063493'
ptd-server 2022-02-14 05:55:33,308 [INFO] Got command from the client 'session,2022-02-14_05-44-38,start,testing'
ptd-server 2022-02-14 05:55:33,308 [INFO] Sending to ptd: 'SR,V,248.600000'
ptd-server 2022-02-14 05:55:35,015 [INFO] Reply from ptd: 'Range V changed'
ptd-server 2022-02-14 05:55:35,015 [INFO] Sending to ptd: 'SR,A,0.151650'
ptd-server 2022-02-14 05:55:36,517 [INFO] Reply from ptd: 'Range A changed'
ptd-server 2022-02-14 05:55:46,527 [INFO] Starting testing mode
ptd-server 2022-02-14 05:55:46,527 [INFO] Sending to ptd: 'Go,1000,0,2022-02-14_05-44-38_testing'
ptd-server 2022-02-14 05:55:46,527 [INFO] Reply from ptd: 'Starting untimed measurement, maximum 500000 samples at 1000ms with 0 rampup samples'
ptd-server 2022-02-14 05:55:46,528 [INFO] Sending reply to client 'OK'
ptd-server 2022-02-14 06:06:02,424 [INFO] Got command from the client 'session,2022-02-14_05-44-38,stop,testing'
ptd-server 2022-02-14 06:06:12,435 [INFO] Sending to ptd: 'Stop'
ptd-server 2022-02-14 06:06:12,435 [INFO] Reply from ptd: 'Stopping untimed measurement'
ptd-server 2022-02-14 06:06:12,795 [INFO] Sending reply to client 'OK'
ptd-server 2022-02-14 06:06:12,813 [INFO] Got command from the client 'session,2022-02-14_05-44-38,done'
ptd-server 2022-02-14 06:06:12,814 [INFO] Sending to ptd: 'Stop'
ptd-server 2022-02-14 06:06:12,814 [INFO] Reply from ptd: 'Error: no measurement to stop'
ptd-server 2022-02-14 06:06:12,814 [INFO] Sending to ptd: 'SR,V,300.000000'
ptd-server 2022-02-14 06:06:14,315 [INFO] Reply from ptd: 'Range V changed'
ptd-server 2022-02-14 06:06:14,316 [INFO] Sending to ptd: 'SR,A,0.500000'
ptd-server 2022-02-14 06:06:15,817 [INFO] Reply from ptd: 'Range A changed'
ptd-server 2022-02-14 06:06:15,817 [INFO] Set initial values for Amps 0.500000 and Volts 300.000000
ptd-server 2022-02-14 06:06:15,817 [INFO] Stopping ptd...
