ptd-server 2022-02-19 01:08:01,094 [INFO] Got command from the client 'time'
ptd-server 2022-02-19 01:08:01,094 [INFO] Sending reply to client '1645232881.0941427'
ptd-server 2022-02-19 01:08:01,095 [INFO] Got command from the client 'new,,d2a39a1c-2b6d-4f37-ae7a-57b3b7af8648'
ptd-server 2022-02-19 01:08:01,095 [INFO] Sending reply to client 'OK 2022-02-19_01-08-01,f4db2d08-1e05-4dba-894e-7bc7e9b86e69'
ptd-server 2022-02-19 01:08:01,126 [INFO] Got command from the client 'time'
ptd-server 2022-02-19 01:08:01,127 [INFO] Sending reply to client '1645232881.1270075'
ptd-server 2022-02-19 01:08:01,128 [INFO] Got command from the client 'session,2022-02-19_01-08-01,start,ranging'
ptd-server 2022-02-19 01:08:01,128 [INFO] Running PTDaemon: ['/home/anton/projects/mlperf/power/inference_v1.0/ptd-linux-x86', '-l', '/tmp/tmpgldyt7rr/ptd_logfile.txt', '-p', '8888', '49', '/dev/usbtmc0']
ptd-server 2022-02-19 01:08:18,301 [INFO] Sending to ptd: 'Hello'
ptd-server 2022-02-19 01:08:18,302 [INFO] Reply from ptd: 'Hello, PTDaemon here!'
ptd-server 2022-02-19 01:08:18,302 [INFO] Sending to ptd: 'Identify'
ptd-server 2022-02-19 01:08:18,302 [INFO] Reply from ptd: 'YokogawaWT310E,1000,1,1,1,1,0,1,1,version=1.9.2-e8c7a49a-20201208,OS=Linux 5.13.0-28-generic #31~20.04.1-Ubuntu SMP Wed Jan 19 14:08:10 UTC 2022 x86_64,mode=power,1,1,1,0,0,no_cal_date,YOKOGAWA;WT310E;C3XA04010E;F1.04'
ptd-server 2022-02-19 01:08:18,303 [INFO] Connected to PTDaemon
ptd-server 2022-02-19 01:08:18,303 [INFO] Sending to ptd: 'RR'
ptd-server 2022-02-19 01:08:18,303 [INFO] Reply from ptd: 'Ranges,0,0.500000,0,300.000000'
ptd-server 2022-02-19 01:08:18,303 [INFO] Initial range for Amps is 0.500000 for Volts is 300.000000
ptd-server 2022-02-19 01:08:18,303 [INFO] Sending to ptd: 'SR,V,Auto'
ptd-server 2022-02-19 01:08:18,806 [INFO] Reply from ptd: 'Range V changed'
ptd-server 2022-02-19 01:08:18,806 [INFO] Sending to ptd: 'SR,A,Auto'
ptd-server 2022-02-19 01:08:19,308 [INFO] Reply from ptd: 'Range A changed'
ptd-server 2022-02-19 01:08:29,318 [INFO] Starting ranging mode
ptd-server 2022-02-19 01:08:29,318 [INFO] Sending to ptd: 'Go,1000,0,2022-02-19_01-08-01_ranging'
ptd-server 2022-02-19 01:08:29,319 [INFO] Reply from ptd: 'Starting untimed measurement, maximum 500000 samples at 1000ms with 0 rampup samples'
ptd-server 2022-02-19 01:08:29,319 [INFO] Sending reply to client 'OK'
ptd-server 2022-02-19 01:19:08,248 [INFO] Got command from the client 'session,2022-02-19_01-08-01,stop,ranging'
ptd-server 2022-02-19 01:19:18,258 [INFO] Sending to ptd: 'Stop'
ptd-server 2022-02-19 01:19:18,258 [INFO] Reply from ptd: 'Stopping untimed measurement'
ptd-server 2022-02-19 01:19:18,552 [INFO] Sending reply to client 'OK'
ptd-server 2022-02-19 01:19:18,613 [INFO] Got command from the client 'time'
ptd-server 2022-02-19 01:19:18,613 [INFO] Sending reply to client '1645233558.6135676'
ptd-server 2022-02-19 01:19:18,614 [INFO] Got command from the client 'session,2022-02-19_01-08-01,start,testing'
ptd-server 2022-02-19 01:19:18,615 [INFO] Sending to ptd: 'SR,V,251.030000'
ptd-server 2022-02-19 01:19:20,116 [INFO] Reply from ptd: 'Range V changed'
ptd-server 2022-02-19 01:19:20,116 [INFO] Sending to ptd: 'SR,A,0.040980'
ptd-server 2022-02-19 01:19:21,618 [INFO] Reply from ptd: 'Range A changed'
ptd-server 2022-02-19 01:19:31,628 [INFO] Starting testing mode
ptd-server 2022-02-19 01:19:31,628 [INFO] Sending to ptd: 'Go,1000,0,2022-02-19_01-08-01_testing'
ptd-server 2022-02-19 01:19:31,628 [INFO] Reply from ptd: 'Starting untimed measurement, maximum 500000 samples at 1000ms with 0 rampup samples'
ptd-server 2022-02-19 01:19:31,629 [INFO] Sending reply to client 'OK'
ptd-server 2022-02-19 01:30:11,268 [INFO] Got command from the client 'session,2022-02-19_01-08-01,stop,testing'
ptd-server 2022-02-19 01:30:21,278 [INFO] Sending to ptd: 'Stop'
ptd-server 2022-02-19 01:30:21,279 [INFO] Reply from ptd: 'Stopping untimed measurement'
ptd-server 2022-02-19 01:30:21,434 [INFO] Sending reply to client 'OK'
ptd-server 2022-02-19 01:30:21,454 [INFO] Got command from the client 'session,2022-02-19_01-08-01,done'
ptd-server 2022-02-19 01:30:21,455 [INFO] Sending to ptd: 'Stop'
ptd-server 2022-02-19 01:30:21,628 [INFO] Reply from ptd: 'Error: no measurement to stop'
ptd-server 2022-02-19 01:30:21,628 [INFO] Sending to ptd: 'SR,V,300.000000'
ptd-server 2022-02-19 01:30:23,130 [INFO] Reply from ptd: 'Range V changed'
ptd-server 2022-02-19 01:30:23,130 [INFO] Sending to ptd: 'SR,A,0.500000'
ptd-server 2022-02-19 01:30:24,631 [INFO] Reply from ptd: 'Range A changed'
ptd-server 2022-02-19 01:30:24,632 [INFO] Set initial values for Amps 0.500000 and Volts 300.000000
ptd-server 2022-02-19 01:30:24,632 [INFO] Stopping ptd...
