ptd-server 2022-02-19 17:26:59,467 [INFO] Got command from the client 'time'
ptd-server 2022-02-19 17:26:59,467 [INFO] Sending reply to client '1645291619.4672005'
ptd-server 2022-02-19 17:26:59,468 [INFO] Got command from the client 'new,,aac5d6c6-5989-4323-92af-ce09596bb8b4'
ptd-server 2022-02-19 17:26:59,468 [INFO] Sending reply to client 'OK 2022-02-19_17-26-59,d0bf84eb-2205-4978-afa8-a4199919b1c5'
ptd-server 2022-02-19 17:26:59,496 [INFO] Got command from the client 'time'
ptd-server 2022-02-19 17:26:59,497 [INFO] Sending reply to client '1645291619.497091'
ptd-server 2022-02-19 17:26:59,498 [INFO] Got command from the client 'session,2022-02-19_17-26-59,start,ranging'
ptd-server 2022-02-19 17:26:59,499 [INFO] Running PTDaemon: ['/home/anton/projects/mlperf/power/inference_v1.0/ptd-linux-x86', '-l', '/tmp/tmpgldyt7rr/ptd_logfile.txt', '-p', '8888', '49', '/dev/usbtmc0']
ptd-server 2022-02-19 17:27:16,671 [INFO] Sending to ptd: 'Hello'
ptd-server 2022-02-19 17:27:16,672 [INFO] Reply from ptd: 'Hello, PTDaemon here!'
ptd-server 2022-02-19 17:27:16,672 [INFO] Sending to ptd: 'Identify'
ptd-server 2022-02-19 17:27:16,672 [INFO] Reply from ptd: 'YokogawaWT310E,1000,1,1,1,1,0,1,1,version=1.9.2-e8c7a49a-20201208,OS=Linux 5.13.0-28-generic #31~20.04.1-Ubuntu SMP Wed Jan 19 14:08:10 UTC 2022 x86_64,mode=power,1,1,1,0,0,no_cal_date,YOKOGAWA;WT310E;C3XA04010E;F1.04'
ptd-server 2022-02-19 17:27:16,672 [INFO] Connected to PTDaemon
ptd-server 2022-02-19 17:27:16,672 [INFO] Sending to ptd: 'RR'
ptd-server 2022-02-19 17:27:16,673 [INFO] Reply from ptd: 'Ranges,0,0.500000,0,300.000000'
ptd-server 2022-02-19 17:27:16,673 [INFO] Initial range for Amps is 0.500000 for Volts is 300.000000
ptd-server 2022-02-19 17:27:16,673 [INFO] Sending to ptd: 'SR,V,Auto'
ptd-server 2022-02-19 17:27:17,175 [INFO] Reply from ptd: 'Range V changed'
ptd-server 2022-02-19 17:27:17,176 [INFO] Sending to ptd: 'SR,A,Auto'
ptd-server 2022-02-19 17:27:17,678 [INFO] Reply from ptd: 'Range A changed'
ptd-server 2022-02-19 17:27:27,688 [INFO] Starting ranging mode
ptd-server 2022-02-19 17:27:27,689 [INFO] Sending to ptd: 'Go,1000,0,2022-02-19_17-26-59_ranging'
ptd-server 2022-02-19 17:27:27,689 [INFO] Reply from ptd: 'Starting untimed measurement, maximum 500000 samples at 1000ms with 0 rampup samples'
ptd-server 2022-02-19 17:27:27,689 [INFO] Sending reply to client 'OK'
ptd-server 2022-02-19 17:37:49,236 [INFO] Got command from the client 'session,2022-02-19_17-26-59,stop,ranging'
ptd-server 2022-02-19 17:37:59,247 [INFO] Sending to ptd: 'Stop'
ptd-server 2022-02-19 17:37:59,247 [INFO] Reply from ptd: 'Stopping untimed measurement'
ptd-server 2022-02-19 17:37:59,619 [INFO] Sending reply to client 'OK'
ptd-server 2022-02-19 17:37:59,703 [INFO] Got command from the client 'time'
ptd-server 2022-02-19 17:37:59,703 [INFO] Sending reply to client '1645292279.7031288'
ptd-server 2022-02-19 17:37:59,704 [INFO] Got command from the client 'session,2022-02-19_17-26-59,start,testing'
ptd-server 2022-02-19 17:37:59,704 [INFO] Sending to ptd: 'SR,V,248.800000'
ptd-server 2022-02-19 17:38:01,206 [INFO] Reply from ptd: 'Range V changed'
ptd-server 2022-02-19 17:38:01,206 [INFO] Sending to ptd: 'SR,A,0.070110'
ptd-server 2022-02-19 17:38:02,707 [INFO] Reply from ptd: 'Range A changed'
ptd-server 2022-02-19 17:38:12,717 [INFO] Starting testing mode
ptd-server 2022-02-19 17:38:12,717 [INFO] Sending to ptd: 'Go,1000,0,2022-02-19_17-26-59_testing'
ptd-server 2022-02-19 17:38:12,718 [INFO] Reply from ptd: 'Starting untimed measurement, maximum 500000 samples at 1000ms with 0 rampup samples'
ptd-server 2022-02-19 17:38:12,718 [INFO] Sending reply to client 'OK'
ptd-server 2022-02-19 17:48:35,320 [INFO] Got command from the client 'session,2022-02-19_17-26-59,stop,testing'
ptd-server 2022-02-19 17:48:45,330 [INFO] Sending to ptd: 'Stop'
ptd-server 2022-02-19 17:48:45,331 [INFO] Reply from ptd: 'Stopping untimed measurement'
ptd-server 2022-02-19 17:48:45,533 [INFO] Sending reply to client 'OK'
ptd-server 2022-02-19 17:48:45,553 [INFO] Got command from the client 'session,2022-02-19_17-26-59,done'
ptd-server 2022-02-19 17:48:45,553 [INFO] Sending to ptd: 'Stop'
ptd-server 2022-02-19 17:48:45,719 [INFO] Reply from ptd: 'Error: no measurement to stop'
ptd-server 2022-02-19 17:48:45,719 [INFO] Sending to ptd: 'SR,V,300.000000'
ptd-server 2022-02-19 17:48:47,220 [INFO] Reply from ptd: 'Range V changed'
ptd-server 2022-02-19 17:48:47,220 [INFO] Sending to ptd: 'SR,A,0.500000'
ptd-server 2022-02-19 17:48:48,722 [INFO] Reply from ptd: 'Range A changed'
ptd-server 2022-02-19 17:48:48,722 [INFO] Set initial values for Amps 0.500000 and Volts 300.000000
ptd-server 2022-02-19 17:48:48,722 [INFO] Stopping ptd...
