ptd-server 2022-02-14 01:01:52,328 [INFO] Got command from the client 'time'
ptd-server 2022-02-14 01:01:52,328 [INFO] Sending reply to client '1644800512.32844'
ptd-server 2022-02-14 01:01:52,330 [INFO] Got command from the client 'new,,e87d02b3-9974-42f0-aaed-07a5ba930e4d'
ptd-server 2022-02-14 01:01:52,331 [INFO] Sending reply to client 'OK 2022-02-14_01-01-52,4da0f831-095c-45b4-a591-dba44c4779a5'
ptd-server 2022-02-14 01:01:52,367 [INFO] Got command from the client 'time'
ptd-server 2022-02-14 01:01:52,367 [INFO] Sending reply to client '1644800512.3676424'
ptd-server 2022-02-14 01:01:52,369 [INFO] Got command from the client 'session,2022-02-14_01-01-52,start,ranging'
ptd-server 2022-02-14 01:01:52,369 [INFO] Running PTDaemon: ['/home/anton/projects/mlperf/power/inference_v1.0/ptd-linux-x86', '-l', '/tmp/tmpxvec0g6h/ptd_logfile.txt', '-p', '8888', '49', '/dev/usbtmc0']
ptd-server 2022-02-14 01:02:09,542 [INFO] Sending to ptd: 'Hello'
ptd-server 2022-02-14 01:02:09,543 [INFO] Reply from ptd: 'Hello, PTDaemon here!'
ptd-server 2022-02-14 01:02:09,543 [INFO] Sending to ptd: 'Identify'
ptd-server 2022-02-14 01:02:09,543 [INFO] Reply from ptd: 'YokogawaWT310E,1000,1,1,1,1,0,1,1,version=1.9.2-e8c7a49a-20201208,OS=Linux 5.13.0-27-generic #29~20.04.1-Ubuntu SMP Fri Jan 14 00:32:30 UTC 2022 x86_64,mode=power,1,1,1,0,0,no_cal_date,YOKOGAWA;WT310E;C3XA04010E;F1.04'
ptd-server 2022-02-14 01:02:09,544 [INFO] Connected to PTDaemon
ptd-server 2022-02-14 01:02:09,544 [INFO] Sending to ptd: 'RR'
ptd-server 2022-02-14 01:02:09,544 [INFO] Reply from ptd: 'Ranges,0,0.500000,0,300.000000'
ptd-server 2022-02-14 01:02:09,544 [INFO] Initial range for Amps is 0.500000 for Volts is 300.000000
ptd-server 2022-02-14 01:02:09,544 [INFO] Sending to ptd: 'SR,V,Auto'
ptd-server 2022-02-14 01:02:10,047 [INFO] Reply from ptd: 'Range V changed'
ptd-server 2022-02-14 01:02:10,047 [INFO] Sending to ptd: 'SR,A,Auto'
ptd-server 2022-02-14 01:02:10,549 [INFO] Reply from ptd: 'Range A changed'
ptd-server 2022-02-14 01:02:20,560 [INFO] Starting ranging mode
ptd-server 2022-02-14 01:02:20,560 [INFO] Sending to ptd: 'Go,1000,0,2022-02-14_01-01-52_ranging'
ptd-server 2022-02-14 01:02:20,560 [INFO] Reply from ptd: 'Starting untimed measurement, maximum 500000 samples at 1000ms with 0 rampup samples'
ptd-server 2022-02-14 01:02:20,560 [INFO] Sending reply to client 'OK'
ptd-server 2022-02-14 01:12:36,621 [INFO] Got command from the client 'session,2022-02-14_01-01-52,stop,ranging'
ptd-server 2022-02-14 01:12:46,632 [INFO] Sending to ptd: 'Stop'
ptd-server 2022-02-14 01:12:46,632 [INFO] Reply from ptd: 'Stopping untimed measurement'
ptd-server 2022-02-14 01:12:47,300 [INFO] Sending reply to client 'OK'
ptd-server 2022-02-14 01:12:47,354 [INFO] Got command from the client 'time'
ptd-server 2022-02-14 01:12:47,355 [INFO] Sending reply to client '1644801167.355028'
ptd-server 2022-02-14 01:12:47,357 [INFO] Got command from the client 'session,2022-02-14_01-01-52,start,testing'
ptd-server 2022-02-14 01:12:47,357 [INFO] Sending to ptd: 'SR,V,249.610000'
ptd-server 2022-02-14 01:12:49,062 [INFO] Reply from ptd: 'Range V changed'
ptd-server 2022-02-14 01:12:49,062 [INFO] Sending to ptd: 'SR,A,0.166420'
ptd-server 2022-02-14 01:12:50,563 [INFO] Reply from ptd: 'Range A changed'
ptd-server 2022-02-14 01:13:00,574 [INFO] Starting testing mode
ptd-server 2022-02-14 01:13:00,574 [INFO] Sending to ptd: 'Go,1000,0,2022-02-14_01-01-52_testing'
ptd-server 2022-02-14 01:13:00,574 [INFO] Reply from ptd: 'Starting untimed measurement, maximum 500000 samples at 1000ms with 0 rampup samples'
ptd-server 2022-02-14 01:13:00,574 [INFO] Sending reply to client 'OK'
ptd-server 2022-02-14 01:23:16,205 [INFO] Got command from the client 'session,2022-02-14_01-01-52,stop,testing'
ptd-server 2022-02-14 01:23:26,216 [INFO] Sending to ptd: 'Stop'
ptd-server 2022-02-14 01:23:26,216 [INFO] Reply from ptd: 'Stopping untimed measurement'
ptd-server 2022-02-14 01:23:26,565 [INFO] Sending reply to client 'OK'
ptd-server 2022-02-14 01:23:26,585 [INFO] Got command from the client 'session,2022-02-14_01-01-52,done'
ptd-server 2022-02-14 01:23:26,585 [INFO] Sending to ptd: 'Stop'
ptd-server 2022-02-14 01:23:26,585 [INFO] Reply from ptd: 'Error: no measurement to stop'
ptd-server 2022-02-14 01:23:26,585 [INFO] Sending to ptd: 'SR,V,300.000000'
ptd-server 2022-02-14 01:23:28,086 [INFO] Reply from ptd: 'Range V changed'
ptd-server 2022-02-14 01:23:28,086 [INFO] Sending to ptd: 'SR,A,0.500000'
ptd-server 2022-02-14 01:23:29,588 [INFO] Reply from ptd: 'Range A changed'
ptd-server 2022-02-14 01:23:29,588 [INFO] Set initial values for Amps 0.500000 and Volts 300.000000
ptd-server 2022-02-14 01:23:29,588 [INFO] Stopping ptd...
