ptd-server 2022-02-25 06:51:58,492 [INFO] Got command from the client 'time'
ptd-server 2022-02-25 06:51:58,492 [INFO] Sending reply to client '1645793518.4927552'
ptd-server 2022-02-25 06:51:58,493 [INFO] Got command from the client 'new,,a337b018-f2b3-49bd-b839-cd17483430d6'
ptd-server 2022-02-25 06:51:58,494 [INFO] Sending reply to client 'OK 2022-02-25_06-51-58,de2ce2d2-e5eb-4a29-8233-38ae52bcf0a9'
ptd-server 2022-02-25 06:51:58,604 [INFO] Got command from the client 'time'
ptd-server 2022-02-25 06:51:58,604 [INFO] Sending reply to client '1645793518.604886'
ptd-server 2022-02-25 06:51:58,605 [INFO] Got command from the client 'session,2022-02-25_06-51-58,start,ranging'
ptd-server 2022-02-25 06:51:58,606 [INFO] Running PTDaemon: ['/local/mnt/workspace/mlcommons/power-main/inference_v1.0/ptd-linux-x86', '-l', '/tmp/tmprkpz3dbq/ptd_logfile.txt', '-p', '8888', '-c', '1,2', '77', '/dev/usbtmc0']
ptd-server 2022-02-25 06:52:16,199 [INFO] Sending to ptd: 'Hello'
ptd-server 2022-02-25 06:52:16,200 [INFO] Reply from ptd: 'Hello, PTDaemon here!'
ptd-server 2022-02-25 06:52:16,200 [INFO] Sending to ptd: 'Identify'
ptd-server 2022-02-25 06:52:16,200 [INFO] Reply from ptd: 'YokogawaWT330_multichannel,1000,1,1,1,1,0,0,1,version=1.9.2-e8c7a49a-20201208,OS=Linux 4.15.0-142-generic #146~16.04.1-Ubuntu SMP Tue Apr 13 09:27:15 UTC 2021 x86_64,mode=power,1,1,2,0,0,no_cal_date,YOKOGAWA;WT333E;C2XC17004V;F1.04'
ptd-server 2022-02-25 06:52:16,200 [INFO] Connected to PTDaemon
ptd-server 2022-02-25 06:52:16,201 [INFO] Sending to ptd: 'RR'
ptd-server 2022-02-25 06:52:16,201 [INFO] Reply from ptd: 'Ranges,-1,-1.000000,-1,-1.000000'
ptd-server 2022-02-25 06:52:16,201 [INFO] Initial range for Amps is Auto for Volts is Auto
ptd-server 2022-02-25 06:52:16,201 [INFO] Sending to ptd: 'SR,V,Auto'
ptd-server 2022-02-25 06:52:21,254 [INFO] Reply from ptd: 'Range V changed'
ptd-server 2022-02-25 06:52:21,254 [INFO] Sending to ptd: 'SR,A,Auto'
ptd-server 2022-02-25 06:52:26,307 [INFO] Reply from ptd: 'Range A changed'
ptd-server 2022-02-25 06:52:36,318 [INFO] Starting ranging mode
ptd-server 2022-02-25 06:52:36,319 [INFO] Sending to ptd: 'Go,1000,0,2022-02-25_06-51-58_ranging'
ptd-server 2022-02-25 06:52:36,319 [INFO] Reply from ptd: 'Starting untimed measurement, maximum 500000 samples at 1000ms with 0 rampup samples'
ptd-server 2022-02-25 06:52:36,319 [INFO] Sending reply to client 'OK'
ptd-server 2022-02-25 07:11:02,011 [INFO] Got command from the client 'session,2022-02-25_06-51-58,stop,ranging'
ptd-server 2022-02-25 07:11:12,022 [INFO] Sending to ptd: 'Stop'
ptd-server 2022-02-25 07:11:12,022 [INFO] Reply from ptd: 'Stopping untimed measurement'
ptd-server 2022-02-25 07:11:12,260 [INFO] Sending reply to client 'OK'
ptd-server 2022-02-25 07:11:12,355 [INFO] Got command from the client 'time'
ptd-server 2022-02-25 07:11:12,355 [INFO] Sending reply to client '1645794672.355948'
ptd-server 2022-02-25 07:11:12,356 [INFO] Got command from the client 'session,2022-02-25_06-51-58,start,testing'
ptd-server 2022-02-25 07:11:12,356 [INFO] Sending to ptd: 'SR,V,206.890000'
ptd-server 2022-02-25 07:11:18,408 [INFO] Reply from ptd: 'Range V changed'
ptd-server 2022-02-25 07:11:18,409 [INFO] Sending to ptd: 'SR,A,3.714900'
ptd-server 2022-02-25 07:11:23,960 [INFO] Reply from ptd: 'Range A changed'
ptd-server 2022-02-25 07:11:33,971 [INFO] Starting testing mode
ptd-server 2022-02-25 07:11:33,971 [INFO] Sending to ptd: 'Go,1000,0,2022-02-25_06-51-58_testing'
ptd-server 2022-02-25 07:11:33,971 [INFO] Reply from ptd: 'Starting untimed measurement, maximum 500000 samples at 1000ms with 0 rampup samples'
ptd-server 2022-02-25 07:11:33,971 [INFO] Sending reply to client 'OK'
ptd-server 2022-02-25 07:30:36,260 [INFO] Got command from the client 'session,2022-02-25_06-51-58,stop,testing'
ptd-server 2022-02-25 07:30:46,290 [INFO] Sending to ptd: 'Stop'
ptd-server 2022-02-25 07:30:46,291 [INFO] Reply from ptd: 'Stopping untimed measurement'
ptd-server 2022-02-25 07:30:46,405 [INFO] Sending reply to client 'OK'
ptd-server 2022-02-25 07:30:46,410 [INFO] Got command from the client 'session,2022-02-25_06-51-58,done'
ptd-server 2022-02-25 07:30:46,410 [INFO] Sending to ptd: 'Stop'
ptd-server 2022-02-25 07:30:46,971 [INFO] Reply from ptd: 'Error: no measurement to stop'
ptd-server 2022-02-25 07:30:46,971 [INFO] Sending to ptd: 'SR,V,Auto'
ptd-server 2022-02-25 07:30:52,024 [INFO] Reply from ptd: 'Range V changed'
ptd-server 2022-02-25 07:30:52,024 [INFO] Sending to ptd: 'SR,A,Auto'
ptd-server 2022-02-25 07:30:57,077 [INFO] Reply from ptd: 'Range A changed'
ptd-server 2022-02-25 07:30:57,077 [INFO] Set initial values for Amps Auto and Volts Auto
ptd-server 2022-02-25 07:30:57,077 [INFO] Stopping ptd...
