client 2022-02-16 15:33:09,284 [INFO] Sending command to the server: 'mlcommons/power client v3'
client 2022-02-16 15:33:09,285 [INFO] Got response: 'mlcommons/power server v3'
client 2022-02-16 15:33:09,285 [INFO] Sending command to the server: 'stop'
client 2022-02-16 15:33:09,285 [INFO] Got response: 'OK'
client 2022-02-16 15:33:09,286 [INFO] Synchronizing with the server and with ib-01.dc4-in.nvidia.com...
client 2022-02-16 15:33:09,497 [INFO] NTP:offset = 0.142 s, delay = 0.208 s 
client 2022-02-16 15:33:09,497 [INFO] Sending command to the server: 'time'
client 2022-02-16 15:33:09,498 [INFO] Got response: '1645025589.6180267'
client 2022-02-16 15:33:09,498 [INFO] The time difference between the client and the server is within range -120.924 ms..-119.641 ms
client 2022-02-16 15:33:09,498 [INFO] Sending command to the server: 'new,,41b177af-087f-4510-ad4a-6e068581cd4a'
client 2022-02-16 15:33:09,499 [INFO] Got response: 'OK 2022-02-16_07-33-09,c2be4462-ae88-4f9b-b32c-1578d5a78595'
client 2022-02-16 15:33:09,499 [INFO] Session id is '2022-02-16_07-33-09'
client 2022-02-16 15:33:09,499 [INFO] Sources: {"sources": {"__init__.py": "da39a3ee5e6b4b0d3255bfef95601890afd80709", "client.py": "33ca4f26368777ac06e01f9567b714a4b8063886", "lib/__init__.py": "da39a3ee5e6b4b0d3255bfef95601890afd80709", "lib/client.py": "4c2b78fb4849a7e5b584ef792d82aaed20b17f57", "lib/common.py": "624d0c0acc7c39aaff3674f0b99d6a09da53d1dc", "lib/external/__init__.py": "da39a3ee5e6b4b0d3255bfef95601890afd80709", "lib/external/ntplib.py": "4da8f970656505a40483206ef2b5d3dd5e81711d", "lib/server.py": "59c9fb92908260d3e9f81a895c7aa009742275e4", "lib/source_hashes.py": "60a2e02193209e8d392803326208d5466342da18", "lib/summary.py": "aa92f0a3f975eecd44d3c0cd0236342ccc9f941d", "lib/time_sync.py": "3210db56eb0ff0df57bf4293dc4d4b03fffd46f1", "server.py": "c3f90f2f7eeb4db30727556d0c815ebc89b3d28b", "tests/unit/__init__.py": "da39a3ee5e6b4b0d3255bfef95601890afd80709", "tests/unit/test_server.py": "99ae15aef722f2000ee6ed1ae1523637bf1ae42b", "tests/unit/test_source_hashes.py": "00468a2907583c593e6574a1f6b404e4651c221a"}, "modules": {"ptd_client_server.lib.client": "lib/client.py", "ptd_client_server.lib.common": "lib/common.py", "ptd_client_server.lib.external.ntplib": "lib/external/ntplib.py", "ptd_client_server.lib.source_hashes": "lib/source_hashes.py", "ptd_client_server.lib.summary": "lib/summary.py", "ptd_client_server.lib.time_sync": "lib/time_sync.py"}}
client 2022-02-16 15:33:09,501 [INFO] Running workload in ranging mode
client 2022-02-16 15:33:09,501 [INFO] Synchronizing with the server and with ib-01.dc4-in.nvidia.com...
client 2022-02-16 15:33:09,711 [INFO] NTP:offset = 0.142 s, delay = 0.208 s 
client 2022-02-16 15:33:09,711 [INFO] Sending command to the server: 'time'
client 2022-02-16 15:33:09,712 [INFO] Got response: '1645025589.8322363'
client 2022-02-16 15:33:09,712 [INFO] The time difference between the client and the server is within range -120.918 ms..-119.776 ms
client 2022-02-16 15:33:09,712 [INFO] Sending command to the server: 'session,2022-02-16_07-33-09,start,ranging'
client 2022-02-16 15:33:49,104 [INFO] Got response: 'OK'
client 2022-02-16 15:33:49,105 [INFO] Running the workload 'LOG_DIR=/work/build/power_logs_temp python3 code/main.py --benchmarks=rnnt --scenarios=Server --test_mode=PerformanceOnly --config_ver=maxq --action="run_harness" \\\n\t\t2>&1 | tee -a /work/build/power_logs/2022.02.16-15.32.51/stdout.txt \\\n\t\t&& if [ ! -d /work/build/power_logs/2022.02.16-15.32.51/ranging_tmp ]; \\\n\t\t\tthen mkdir /work/build/power_logs/2022.02.16-15.32.51/ranging_tmp \\\n\t\t\t\t&& mv /work/build/power_logs_temp/* /work/build/power_logs/2022.02.16-15.32.51/ranging_tmp/ \\\n\t\t\t\t&& cp -v /work/build/power_logs/2022.02.16-15.32.51/ranging_tmp/*/*/*/mlperf_log_detail.txt /work/build/power_logs_temp/ \\\n\t\t\t\t&& cp -v /work/build/power_logs/2022.02.16-15.32.51/ranging_tmp/*/*/*/mlperf_log_summary.txt /work/build/power_logs_temp/; \\\n\t\t\telse mkdir /work/build/power_logs/2022.02.16-15.32.51/testing_tmp \\\n\t\t\t\t&& mv /work/build/power_logs_temp/* /work/build/power_logs/2022.02.16-15.32.51/testing_tmp/ \\\n\t\t\t\t&& cp -v /work/build/power_logs/2022.02.16-15.32.51/testing_tmp/*/*/*/mlperf_log_detail.txt /work/build/power_logs_temp/ \\\n\t\t\t\t&& cp -v /work/build/power_logs/2022.02.16-15.32.51/testing_tmp/*/*/*/mlperf_log_summary.txt /work/build/power_logs_temp/; fi'
client 2022-02-16 15:45:50,994 [INFO] Sending command to the server: 'session,2022-02-16_07-33-09,stop,ranging'
client 2022-02-16 15:46:01,055 [INFO] Got response: 'OK'
client 2022-02-16 15:46:01,063 [INFO] Copying loadgen logs from '/work/build/power_logs_temp' to '/work/build/power_logs/2022.02.16-15.32.51/2022-02-16_07-33-09/ranging'
client 2022-02-16 15:46:01,081 [INFO] Running workload in testing mode
client 2022-02-16 15:46:01,081 [INFO] Synchronizing with the server and with ib-01.dc4-in.nvidia.com...
client 2022-02-16 15:46:01,290 [INFO] NTP:offset = 0.153 s, delay = 0.208 s 
client 2022-02-16 15:46:01,290 [INFO] Sending command to the server: 'time'
client 2022-02-16 15:46:01,291 [INFO] Got response: '1645026361.4173326'
client 2022-02-16 15:46:01,291 [INFO] The time difference between the client and the server is within range -127.210 ms..-126.168 ms
client 2022-02-16 15:46:01,291 [INFO] Sending command to the server: 'session,2022-02-16_07-33-09,start,testing'
client 2022-02-16 15:46:22,971 [INFO] Got response: 'OK'
client 2022-02-16 15:46:22,972 [INFO] Running the workload 'LOG_DIR=/work/build/power_logs_temp python3 code/main.py --benchmarks=rnnt --scenarios=Server --test_mode=PerformanceOnly --config_ver=maxq --action="run_harness" \\\n\t\t2>&1 | tee -a /work/build/power_logs/2022.02.16-15.32.51/stdout.txt \\\n\t\t&& if [ ! -d /work/build/power_logs/2022.02.16-15.32.51/ranging_tmp ]; \\\n\t\t\tthen mkdir /work/build/power_logs/2022.02.16-15.32.51/ranging_tmp \\\n\t\t\t\t&& mv /work/build/power_logs_temp/* /work/build/power_logs/2022.02.16-15.32.51/ranging_tmp/ \\\n\t\t\t\t&& cp -v /work/build/power_logs/2022.02.16-15.32.51/ranging_tmp/*/*/*/mlperf_log_detail.txt /work/build/power_logs_temp/ \\\n\t\t\t\t&& cp -v /work/build/power_logs/2022.02.16-15.32.51/ranging_tmp/*/*/*/mlperf_log_summary.txt /work/build/power_logs_temp/; \\\n\t\t\telse mkdir /work/build/power_logs/2022.02.16-15.32.51/testing_tmp \\\n\t\t\t\t&& mv /work/build/power_logs_temp/* /work/build/power_logs/2022.02.16-15.32.51/testing_tmp/ \\\n\t\t\t\t&& cp -v /work/build/power_logs/2022.02.16-15.32.51/testing_tmp/*/*/*/mlperf_log_detail.txt /work/build/power_logs_temp/ \\\n\t\t\t\t&& cp -v /work/build/power_logs/2022.02.16-15.32.51/testing_tmp/*/*/*/mlperf_log_summary.txt /work/build/power_logs_temp/; fi'
client 2022-02-16 15:58:24,417 [INFO] Sending command to the server: 'session,2022-02-16_07-33-09,stop,testing'
client 2022-02-16 15:58:34,438 [INFO] Got response: 'OK'
client 2022-02-16 15:58:34,443 [INFO] Copying loadgen logs from '/work/build/power_logs_temp' to '/work/build/power_logs/2022.02.16-15.32.51/2022-02-16_07-33-09/run_1'
client 2022-02-16 15:58:34,455 [INFO] Done runs
