ptd-server 2022-02-16 07:33:09,397 [INFO] Got command from the client 'stop'
ptd-server 2022-02-16 07:33:09,397 [INFO] The server will be stopped after processing this client
ptd-server 2022-02-16 07:33:09,397 [INFO] Sending reply to client 'OK'
ptd-server 2022-02-16 07:33:09,618 [INFO] Got command from the client 'time'
ptd-server 2022-02-16 07:33:09,618 [INFO] Sending reply to client '1645025589.6180267'
ptd-server 2022-02-16 07:33:09,618 [INFO] Got command from the client 'new,,41b177af-087f-4510-ad4a-6e068581cd4a'
ptd-server 2022-02-16 07:33:09,618 [INFO] Sending reply to client 'OK 2022-02-16_07-33-09,c2be4462-ae88-4f9b-b32c-1578d5a78595'
ptd-server 2022-02-16 07:33:09,832 [INFO] Got command from the client 'time'
ptd-server 2022-02-16 07:33:09,832 [INFO] Sending reply to client '1645025589.8322363'
ptd-server 2022-02-16 07:33:09,832 [INFO] Got command from the client 'session,2022-02-16_07-33-09,start,ranging'
ptd-server 2022-02-16 07:33:09,941 [INFO] Running PTDaemon: ['C:\\PTD\\ptd-windows-x86.exe', '-l', 'C:\\Users\\lab\\AppData\\Local\\Temp\\tmp38kh73pk\\ptd_logfile.txt', '-p', '8888', '-c', '1,3', '-y', '77', '10.34.232.250']
ptd-server 2022-02-16 07:33:29,049 [INFO] Sending to ptd: 'Hello'
ptd-server 2022-02-16 07:33:29,049 [INFO] Reply from ptd: 'Hello, PTDaemon here!'
ptd-server 2022-02-16 07:33:29,049 [INFO] Sending to ptd: 'Identify'
ptd-server 2022-02-16 07:33:29,049 [INFO] Reply from ptd: 'YokogawaWT330_multichannel,1000,1,1,1,1,0,0,1,version=1.9.2-3976349f-20201208,OS=Windows 8 / Server 2012,mode=power,1,1,2,0,0,no_cal_date,YOKOGAWA;WT333E;C2WA21018V;F1.04'
ptd-server 2022-02-16 07:33:29,049 [INFO] Connected to PTDaemon
ptd-server 2022-02-16 07:33:29,049 [INFO] Sending to ptd: 'RR'
ptd-server 2022-02-16 07:33:29,049 [INFO] Reply from ptd: 'Ranges,0,20.000000,1,300.000000'
ptd-server 2022-02-16 07:33:29,049 [INFO] Initial range for Amps is 20.000000 for Volts is Auto
ptd-server 2022-02-16 07:33:29,049 [INFO] Sending to ptd: 'SR,V,Auto'
ptd-server 2022-02-16 07:33:34,129 [INFO] Reply from ptd: 'Range V changed'
ptd-server 2022-02-16 07:33:34,129 [INFO] Sending to ptd: 'SR,A,Auto'
ptd-server 2022-02-16 07:33:39,211 [INFO] Reply from ptd: 'Range A changed'
ptd-server 2022-02-16 07:33:49,219 [INFO] Starting ranging mode
ptd-server 2022-02-16 07:33:49,219 [INFO] Sending to ptd: 'Go,1000,0,2022-02-16_07-33-09_ranging'
ptd-server 2022-02-16 07:33:49,219 [INFO] Reply from ptd: 'Starting untimed measurement, maximum 500000 samples at 1000ms with 0 rampup samples'
ptd-server 2022-02-16 07:33:49,219 [INFO] Sending reply to client 'OK'
ptd-server 2022-02-16 07:45:51,110 [INFO] Got command from the client 'session,2022-02-16_07-33-09,stop,ranging'
ptd-server 2022-02-16 07:46:01,136 [INFO] Sending to ptd: 'Stop'
ptd-server 2022-02-16 07:46:01,136 [INFO] Reply from ptd: 'Stopping untimed measurement'
ptd-server 2022-02-16 07:46:01,182 [INFO] Sending reply to client 'OK'
ptd-server 2022-02-16 07:46:01,417 [INFO] Got command from the client 'time'
ptd-server 2022-02-16 07:46:01,417 [INFO] Sending reply to client '1645026361.4173326'
ptd-server 2022-02-16 07:46:01,417 [INFO] Got command from the client 'session,2022-02-16_07-33-09,start,testing'
ptd-server 2022-02-16 07:46:01,417 [INFO] Sending to ptd: 'SR,V,209.090000'
ptd-server 2022-02-16 07:46:07,497 [INFO] Reply from ptd: 'Range V changed'
ptd-server 2022-02-16 07:46:07,497 [INFO] Sending to ptd: 'SR,A,5.500000'
ptd-server 2022-02-16 07:46:13,095 [INFO] Reply from ptd: 'Range A changed'
ptd-server 2022-02-16 07:46:23,095 [INFO] Starting testing mode
ptd-server 2022-02-16 07:46:23,095 [INFO] Sending to ptd: 'Go,1000,0,2022-02-16_07-33-09_testing'
ptd-server 2022-02-16 07:46:23,095 [INFO] Reply from ptd: 'Starting untimed measurement, maximum 500000 samples at 1000ms with 0 rampup samples'
ptd-server 2022-02-16 07:46:23,095 [INFO] Sending reply to client 'OK'
ptd-server 2022-02-16 07:58:24,546 [INFO] Got command from the client 'session,2022-02-16_07-33-09,stop,testing'
ptd-server 2022-02-16 07:58:34,550 [INFO] Sending to ptd: 'Stop'
ptd-server 2022-02-16 07:58:34,550 [INFO] Reply from ptd: 'Stopping untimed measurement'
ptd-server 2022-02-16 07:58:34,566 [INFO] Sending reply to client 'OK'
ptd-server 2022-02-16 07:58:34,613 [INFO] Got command from the client 'session,2022-02-16_07-33-09,done'
ptd-server 2022-02-16 07:58:34,613 [INFO] Sending to ptd: 'Stop'
ptd-server 2022-02-16 07:58:35,113 [INFO] Reply from ptd: 'Error: no measurement to stop'
ptd-server 2022-02-16 07:58:35,113 [INFO] Sending to ptd: 'SR,V,Auto'
ptd-server 2022-02-16 07:58:40,191 [INFO] Reply from ptd: 'Range V changed'
ptd-server 2022-02-16 07:58:40,191 [INFO] Sending to ptd: 'SR,A,20.000000'
ptd-server 2022-02-16 07:58:45,780 [INFO] Reply from ptd: 'Range A changed'
ptd-server 2022-02-16 07:58:45,780 [INFO] Set initial values for Amps 20.000000 and Volts Auto
ptd-server 2022-02-16 07:58:45,780 [INFO] Stopping ptd...
