ptd-server 2022-02-19 05:13:52,685 [INFO] Got command from the client 'time'
ptd-server 2022-02-19 05:13:52,685 [INFO] Sending reply to client '1645247632.68559'
ptd-server 2022-02-19 05:13:52,686 [INFO] Got command from the client 'new,,ea7ef649-81b0-404f-8ef8-2a395fc2c809'
ptd-server 2022-02-19 05:13:52,687 [INFO] Sending reply to client 'OK 2022-02-19_05-13-52,c76345de-1725-4bb1-91be-b27880f67116'
ptd-server 2022-02-19 05:13:52,718 [INFO] Got command from the client 'time'
ptd-server 2022-02-19 05:13:52,718 [INFO] Sending reply to client '1645247632.718294'
ptd-server 2022-02-19 05:13:52,719 [INFO] Got command from the client 'session,2022-02-19_05-13-52,start,ranging'
ptd-server 2022-02-19 05:13:52,719 [INFO] Running PTDaemon: ['/home/anton/projects/mlperf/power/inference_v1.0/ptd-linux-x86', '-l', '/tmp/tmpgldyt7rr/ptd_logfile.txt', '-p', '8888', '49', '/dev/usbtmc0']
ptd-server 2022-02-19 05:14:09,893 [INFO] Sending to ptd: 'Hello'
ptd-server 2022-02-19 05:14:09,894 [INFO] Reply from ptd: 'Hello, PTDaemon here!'
ptd-server 2022-02-19 05:14:09,894 [INFO] Sending to ptd: 'Identify'
ptd-server 2022-02-19 05:14:09,895 [INFO] Reply from ptd: 'YokogawaWT310E,1000,1,1,1,1,0,1,1,version=1.9.2-e8c7a49a-20201208,OS=Linux 5.13.0-28-generic #31~20.04.1-Ubuntu SMP Wed Jan 19 14:08:10 UTC 2022 x86_64,mode=power,1,1,1,0,0,no_cal_date,YOKOGAWA;WT310E;C3XA04010E;F1.04'
ptd-server 2022-02-19 05:14:09,895 [INFO] Connected to PTDaemon
ptd-server 2022-02-19 05:14:09,895 [INFO] Sending to ptd: 'RR'
ptd-server 2022-02-19 05:14:09,895 [INFO] Reply from ptd: 'Ranges,0,0.500000,0,300.000000'
ptd-server 2022-02-19 05:14:09,895 [INFO] Initial range for Amps is 0.500000 for Volts is 300.000000
ptd-server 2022-02-19 05:14:09,895 [INFO] Sending to ptd: 'SR,V,Auto'
ptd-server 2022-02-19 05:14:10,398 [INFO] Reply from ptd: 'Range V changed'
ptd-server 2022-02-19 05:14:10,398 [INFO] Sending to ptd: 'SR,A,Auto'
ptd-server 2022-02-19 05:14:10,900 [INFO] Reply from ptd: 'Range A changed'
ptd-server 2022-02-19 05:14:20,911 [INFO] Starting ranging mode
ptd-server 2022-02-19 05:14:20,911 [INFO] Sending to ptd: 'Go,1000,0,2022-02-19_05-13-52_ranging'
ptd-server 2022-02-19 05:14:20,911 [INFO] Reply from ptd: 'Starting untimed measurement, maximum 500000 samples at 1000ms with 0 rampup samples'
ptd-server 2022-02-19 05:14:20,912 [INFO] Sending reply to client 'OK'
ptd-server 2022-02-19 05:24:46,217 [INFO] Got command from the client 'session,2022-02-19_05-13-52,stop,ranging'
ptd-server 2022-02-19 05:24:56,227 [INFO] Sending to ptd: 'Stop'
ptd-server 2022-02-19 05:24:56,228 [INFO] Reply from ptd: 'Stopping untimed measurement'
ptd-server 2022-02-19 05:24:56,534 [INFO] Sending reply to client 'OK'
ptd-server 2022-02-19 05:24:56,604 [INFO] Got command from the client 'time'
ptd-server 2022-02-19 05:24:56,604 [INFO] Sending reply to client '1645248296.6043806'
ptd-server 2022-02-19 05:24:56,605 [INFO] Got command from the client 'session,2022-02-19_05-13-52,start,testing'
ptd-server 2022-02-19 05:24:56,605 [INFO] Sending to ptd: 'SR,V,250.380000'
ptd-server 2022-02-19 05:24:58,412 [INFO] Reply from ptd: 'Range V changed'
ptd-server 2022-02-19 05:24:58,412 [INFO] Sending to ptd: 'SR,A,0.044000'
ptd-server 2022-02-19 05:24:59,914 [INFO] Reply from ptd: 'Range A changed'
ptd-server 2022-02-19 05:25:09,924 [INFO] Starting testing mode
ptd-server 2022-02-19 05:25:09,924 [INFO] Sending to ptd: 'Go,1000,0,2022-02-19_05-13-52_testing'
ptd-server 2022-02-19 05:25:09,924 [INFO] Reply from ptd: 'Starting untimed measurement, maximum 500000 samples at 1000ms with 0 rampup samples'
ptd-server 2022-02-19 05:25:09,925 [INFO] Sending reply to client 'OK'
ptd-server 2022-02-19 05:35:36,094 [INFO] Got command from the client 'session,2022-02-19_05-13-52,stop,testing'
ptd-server 2022-02-19 05:35:46,104 [INFO] Sending to ptd: 'Stop'
ptd-server 2022-02-19 05:35:46,104 [INFO] Reply from ptd: 'Stopping untimed measurement'
ptd-server 2022-02-19 05:35:46,284 [INFO] Sending reply to client 'OK'
ptd-server 2022-02-19 05:35:46,292 [INFO] Got command from the client 'session,2022-02-19_05-13-52,done'
ptd-server 2022-02-19 05:35:46,292 [INFO] Sending to ptd: 'Stop'
ptd-server 2022-02-19 05:35:46,924 [INFO] Reply from ptd: 'Error: no measurement to stop'
ptd-server 2022-02-19 05:35:46,925 [INFO] Sending to ptd: 'SR,V,300.000000'
ptd-server 2022-02-19 05:35:48,426 [INFO] Reply from ptd: 'Range V changed'
ptd-server 2022-02-19 05:35:48,426 [INFO] Sending to ptd: 'SR,A,0.500000'
ptd-server 2022-02-19 05:35:49,928 [INFO] Reply from ptd: 'Range A changed'
ptd-server 2022-02-19 05:35:49,928 [INFO] Set initial values for Amps 0.500000 and Volts 300.000000
ptd-server 2022-02-19 05:35:49,928 [INFO] Stopping ptd...
