ptd-server 2022-02-14 12:54:49,993 [INFO] Got command from the client 'time'
ptd-server 2022-02-14 12:54:49,993 [INFO] Sending reply to client '1644843289.9934087'
ptd-server 2022-02-14 12:54:49,996 [INFO] Got command from the client 'new,,b55f433a-9bad-47a8-ad09-dd5a9cb155f5'
ptd-server 2022-02-14 12:54:49,996 [INFO] Sending reply to client 'OK 2022-02-14_12-54-49,9ec4f92a-21a1-41e0-bcf1-5a5532f1d4b2'
ptd-server 2022-02-14 12:54:50,038 [INFO] Got command from the client 'time'
ptd-server 2022-02-14 12:54:50,038 [INFO] Sending reply to client '1644843290.0387337'
ptd-server 2022-02-14 12:54:50,040 [INFO] Got command from the client 'session,2022-02-14_12-54-49,start,ranging'
ptd-server 2022-02-14 12:54:50,041 [INFO] Running PTDaemon: ['/home/anton/projects/mlperf/power/inference_v1.0/ptd-linux-x86', '-l', '/tmp/tmpxvec0g6h/ptd_logfile.txt', '-p', '8888', '49', '/dev/usbtmc0']
ptd-server 2022-02-14 12:55:07,214 [INFO] Sending to ptd: 'Hello'
ptd-server 2022-02-14 12:55:07,215 [INFO] Reply from ptd: 'Hello, PTDaemon here!'
ptd-server 2022-02-14 12:55:07,215 [INFO] Sending to ptd: 'Identify'
ptd-server 2022-02-14 12:55:07,215 [INFO] Reply from ptd: 'YokogawaWT310E,1000,1,1,1,1,0,1,1,version=1.9.2-e8c7a49a-20201208,OS=Linux 5.13.0-27-generic #29~20.04.1-Ubuntu SMP Fri Jan 14 00:32:30 UTC 2022 x86_64,mode=power,1,1,1,0,0,no_cal_date,YOKOGAWA;WT310E;C3XA04010E;F1.04'
ptd-server 2022-02-14 12:55:07,215 [INFO] Connected to PTDaemon
ptd-server 2022-02-14 12:55:07,215 [INFO] Sending to ptd: 'RR'
ptd-server 2022-02-14 12:55:07,216 [INFO] Reply from ptd: 'Ranges,0,0.500000,0,300.000000'
ptd-server 2022-02-14 12:55:07,216 [INFO] Initial range for Amps is 0.500000 for Volts is 300.000000
ptd-server 2022-02-14 12:55:07,216 [INFO] Sending to ptd: 'SR,V,Auto'
ptd-server 2022-02-14 12:55:07,718 [INFO] Reply from ptd: 'Range V changed'
ptd-server 2022-02-14 12:55:07,719 [INFO] Sending to ptd: 'SR,A,Auto'
ptd-server 2022-02-14 12:55:08,221 [INFO] Reply from ptd: 'Range A changed'
ptd-server 2022-02-14 12:55:18,231 [INFO] Starting ranging mode
ptd-server 2022-02-14 12:55:18,232 [INFO] Sending to ptd: 'Go,1000,0,2022-02-14_12-54-49_ranging'
ptd-server 2022-02-14 12:55:18,232 [INFO] Reply from ptd: 'Starting untimed measurement, maximum 500000 samples at 1000ms with 0 rampup samples'
ptd-server 2022-02-14 12:55:18,232 [INFO] Sending reply to client 'OK'
ptd-server 2022-02-14 13:05:37,673 [INFO] Got command from the client 'session,2022-02-14_12-54-49,stop,ranging'
ptd-server 2022-02-14 13:05:47,683 [INFO] Sending to ptd: 'Stop'
ptd-server 2022-02-14 13:05:47,683 [INFO] Reply from ptd: 'Stopping untimed measurement'
ptd-server 2022-02-14 13:05:48,422 [INFO] Sending reply to client 'OK'
ptd-server 2022-02-14 13:05:48,469 [INFO] Got command from the client 'time'
ptd-server 2022-02-14 13:05:48,470 [INFO] Sending reply to client '1644843948.470106'
ptd-server 2022-02-14 13:05:48,471 [INFO] Got command from the client 'session,2022-02-14_12-54-49,start,testing'
ptd-server 2022-02-14 13:05:48,471 [INFO] Sending to ptd: 'SR,V,249.790000'
ptd-server 2022-02-14 13:05:49,973 [INFO] Reply from ptd: 'Range V changed'
ptd-server 2022-02-14 13:05:49,973 [INFO] Sending to ptd: 'SR,A,0.185550'
ptd-server 2022-02-14 13:05:51,474 [INFO] Reply from ptd: 'Range A changed'
ptd-server 2022-02-14 13:06:01,484 [INFO] Starting testing mode
ptd-server 2022-02-14 13:06:01,485 [INFO] Sending to ptd: 'Go,1000,0,2022-02-14_12-54-49_testing'
ptd-server 2022-02-14 13:06:01,485 [INFO] Reply from ptd: 'Starting untimed measurement, maximum 500000 samples at 1000ms with 0 rampup samples'
ptd-server 2022-02-14 13:06:01,485 [INFO] Sending reply to client 'OK'
ptd-server 2022-02-14 13:16:20,915 [INFO] Got command from the client 'session,2022-02-14_12-54-49,stop,testing'
ptd-server 2022-02-14 13:16:30,923 [INFO] Sending to ptd: 'Stop'
ptd-server 2022-02-14 13:16:30,924 [INFO] Reply from ptd: 'Stopping untimed measurement'
ptd-server 2022-02-14 13:16:31,300 [INFO] Sending reply to client 'OK'
ptd-server 2022-02-14 13:16:31,318 [INFO] Got command from the client 'session,2022-02-14_12-54-49,done'
ptd-server 2022-02-14 13:16:31,319 [INFO] Sending to ptd: 'Stop'
ptd-server 2022-02-14 13:16:31,485 [INFO] Reply from ptd: 'Error: no measurement to stop'
ptd-server 2022-02-14 13:16:31,486 [INFO] Sending to ptd: 'SR,V,300.000000'
ptd-server 2022-02-14 13:16:32,987 [INFO] Reply from ptd: 'Range V changed'
ptd-server 2022-02-14 13:16:32,987 [INFO] Sending to ptd: 'SR,A,0.500000'
ptd-server 2022-02-14 13:16:34,489 [INFO] Reply from ptd: 'Range A changed'
ptd-server 2022-02-14 13:16:34,489 [INFO] Set initial values for Amps 0.500000 and Volts 300.000000
ptd-server 2022-02-14 13:16:34,489 [INFO] Stopping ptd...
