ptd-server 2022-02-14 00:24:03,714 [INFO] Got command from the client 'stop'
ptd-server 2022-02-14 00:24:03,714 [INFO] The server will be stopped after processing this client
ptd-server 2022-02-14 00:24:03,714 [INFO] Sending reply to client 'OK'
ptd-server 2022-02-14 00:24:03,933 [INFO] Got command from the client 'time'
ptd-server 2022-02-14 00:24:03,933 [INFO] Sending reply to client '1644827043.9335265'
ptd-server 2022-02-14 00:24:03,933 [INFO] Got command from the client 'new,,e75d289f-085d-4afc-ad90-4aca09e35b6b'
ptd-server 2022-02-14 00:24:03,933 [INFO] Sending reply to client 'OK 2022-02-14_00-24-03,6c3347b5-f8ff-4d6f-bc19-0009cd14a569'
ptd-server 2022-02-14 00:24:04,152 [INFO] Got command from the client 'time'
ptd-server 2022-02-14 00:24:04,152 [INFO] Sending reply to client '1644827044.1522238'
ptd-server 2022-02-14 00:24:04,152 [INFO] Got command from the client 'session,2022-02-14_00-24-03,start,ranging'
ptd-server 2022-02-14 00:24:04,261 [INFO] Running PTDaemon: ['C:\\PTD\\ptd-windows-x86.exe', '-l', 'C:\\Users\\lab\\AppData\\Local\\Temp\\tmpfdkmloc3\\ptd_logfile.txt', '-p', '8888', '-c', '1,2', '-y', '77', '10.117.40.72']
ptd-server 2022-02-14 00:24:23,340 [INFO] Sending to ptd: 'Hello'
ptd-server 2022-02-14 00:24:23,340 [INFO] Reply from ptd: 'Hello, PTDaemon here!'
ptd-server 2022-02-14 00:24:23,340 [INFO] Sending to ptd: 'Identify'
ptd-server 2022-02-14 00:24:23,340 [INFO] Reply from ptd: 'YokogawaWT330_multichannel,1000,1,1,1,1,0,0,1,version=1.9.2-3976349f-20201208,OS=Windows 8 / Server 2012,mode=power,1,1,2,0,0,no_cal_date,YOKOGAWA;WT333E;C2WC23035V;F1.04'
ptd-server 2022-02-14 00:24:23,340 [INFO] Connected to PTDaemon
ptd-server 2022-02-14 00:24:23,340 [INFO] Sending to ptd: 'RR'
ptd-server 2022-02-14 00:24:23,340 [INFO] Reply from ptd: 'Ranges,-1,-1.000000,-1,-1.000000'
ptd-server 2022-02-14 00:24:23,340 [INFO] Initial range for Amps is Auto for Volts is Auto
ptd-server 2022-02-14 00:24:23,340 [INFO] Sending to ptd: 'SR,V,Auto'
ptd-server 2022-02-14 00:24:28,419 [INFO] Reply from ptd: 'Range V changed'
ptd-server 2022-02-14 00:24:28,419 [INFO] Sending to ptd: 'SR,A,Auto'
ptd-server 2022-02-14 00:24:33,496 [INFO] Reply from ptd: 'Range A changed'
ptd-server 2022-02-14 00:24:43,502 [INFO] Starting ranging mode
ptd-server 2022-02-14 00:24:43,502 [INFO] Sending to ptd: 'Go,1000,0,2022-02-14_00-24-03_ranging'
ptd-server 2022-02-14 00:24:43,502 [INFO] Reply from ptd: 'Starting untimed measurement, maximum 500000 samples at 1000ms with 0 rampup samples'
ptd-server 2022-02-14 00:24:43,502 [INFO] Sending reply to client 'OK'
ptd-server 2022-02-14 00:42:48,014 [INFO] Got command from the client 'session,2022-02-14_00-24-03,stop,ranging'
ptd-server 2022-02-14 00:42:58,015 [INFO] Sending to ptd: 'Stop'
ptd-server 2022-02-14 00:42:58,015 [INFO] Reply from ptd: 'Stopping untimed measurement'
ptd-server 2022-02-14 00:42:58,046 [INFO] Sending reply to client 'OK'
ptd-server 2022-02-14 00:42:58,310 [INFO] Got command from the client 'time'
ptd-server 2022-02-14 00:42:58,310 [INFO] Sending reply to client '1644828178.3109777'
ptd-server 2022-02-14 00:42:58,312 [INFO] Got command from the client 'session,2022-02-14_00-24-03,start,testing'
ptd-server 2022-02-14 00:42:58,312 [INFO] Sending to ptd: 'SR,V,205.870000'
ptd-server 2022-02-14 00:43:04,606 [INFO] Reply from ptd: 'Range V changed'
ptd-server 2022-02-14 00:43:04,606 [INFO] Sending to ptd: 'SR,A,3.387400'
ptd-server 2022-02-14 00:43:10,206 [INFO] Reply from ptd: 'Range A changed'
ptd-server 2022-02-14 00:43:20,211 [INFO] Starting testing mode
ptd-server 2022-02-14 00:43:20,211 [INFO] Sending to ptd: 'Go,1000,0,2022-02-14_00-24-03_testing'
ptd-server 2022-02-14 00:43:20,211 [INFO] Reply from ptd: 'Starting untimed measurement, maximum 500000 samples at 1000ms with 0 rampup samples'
ptd-server 2022-02-14 00:43:20,211 [INFO] Sending reply to client 'OK'
ptd-server 2022-02-14 01:01:29,063 [INFO] Got command from the client 'session,2022-02-14_00-24-03,stop,testing'
ptd-server 2022-02-14 01:01:39,066 [INFO] Sending to ptd: 'Stop'
ptd-server 2022-02-14 01:01:39,066 [INFO] Reply from ptd: 'Stopping untimed measurement'
ptd-server 2022-02-14 01:01:39,081 [INFO] Sending reply to client 'OK'
ptd-server 2022-02-14 01:01:39,128 [INFO] Got command from the client 'session,2022-02-14_00-24-03,done'
ptd-server 2022-02-14 01:01:39,128 [INFO] Sending to ptd: 'Stop'
ptd-server 2022-02-14 01:01:39,222 [INFO] Reply from ptd: 'Error: no measurement to stop'
ptd-server 2022-02-14 01:01:39,222 [INFO] Sending to ptd: 'SR,V,Auto'
ptd-server 2022-02-14 01:01:44,299 [INFO] Reply from ptd: 'Range V changed'
ptd-server 2022-02-14 01:01:44,299 [INFO] Sending to ptd: 'SR,A,Auto'
ptd-server 2022-02-14 01:01:49,381 [INFO] Reply from ptd: 'Range A changed'
ptd-server 2022-02-14 01:01:49,381 [INFO] Set initial values for Amps Auto and Volts Auto
ptd-server 2022-02-14 01:01:49,381 [INFO] Stopping ptd...
