ptd-server 2022-02-13 01:17:02,648 [INFO] Got command from the client 'time'
ptd-server 2022-02-13 01:17:02,648 [INFO] Sending reply to client '1644715022.648407'
ptd-server 2022-02-13 01:17:02,651 [INFO] Got command from the client 'new,,69608870-f98c-4933-88cc-e87581a413e3'
ptd-server 2022-02-13 01:17:02,652 [INFO] Sending reply to client 'OK 2022-02-13_01-17-02,53c2ed9b-96d4-4a29-9e3a-31f192feb6f9'
ptd-server 2022-02-13 01:17:02,687 [INFO] Got command from the client 'time'
ptd-server 2022-02-13 01:17:02,688 [INFO] Sending reply to client '1644715022.6879911'
ptd-server 2022-02-13 01:17:02,689 [INFO] Got command from the client 'session,2022-02-13_01-17-02,start,ranging'
ptd-server 2022-02-13 01:17:02,690 [INFO] Running PTDaemon: ['/home/anton/projects/mlperf/power/inference_v1.0/ptd-linux-x86', '-l', '/tmp/tmpxvec0g6h/ptd_logfile.txt', '-p', '8888', '49', '/dev/usbtmc0']
ptd-server 2022-02-13 01:17:19,862 [INFO] Sending to ptd: 'Hello'
ptd-server 2022-02-13 01:17:19,863 [INFO] Reply from ptd: 'Hello, PTDaemon here!'
ptd-server 2022-02-13 01:17:19,863 [INFO] Sending to ptd: 'Identify'
ptd-server 2022-02-13 01:17:19,863 [INFO] Reply from ptd: 'YokogawaWT310E,1000,1,1,1,1,0,1,1,version=1.9.2-e8c7a49a-20201208,OS=Linux 5.13.0-27-generic #29~20.04.1-Ubuntu SMP Fri Jan 14 00:32:30 UTC 2022 x86_64,mode=power,1,1,1,0,0,no_cal_date,YOKOGAWA;WT310E;C3XA04010E;F1.04'
ptd-server 2022-02-13 01:17:19,863 [INFO] Connected to PTDaemon
ptd-server 2022-02-13 01:17:19,864 [INFO] Sending to ptd: 'RR'
ptd-server 2022-02-13 01:17:19,864 [INFO] Reply from ptd: 'Ranges,0,0.500000,0,300.000000'
ptd-server 2022-02-13 01:17:19,864 [INFO] Initial range for Amps is 0.500000 for Volts is 300.000000
ptd-server 2022-02-13 01:17:19,864 [INFO] Sending to ptd: 'SR,V,Auto'
ptd-server 2022-02-13 01:17:20,367 [INFO] Reply from ptd: 'Range V changed'
ptd-server 2022-02-13 01:17:20,367 [INFO] Sending to ptd: 'SR,A,Auto'
ptd-server 2022-02-13 01:17:20,869 [INFO] Reply from ptd: 'Range A changed'
ptd-server 2022-02-13 01:17:30,880 [INFO] Starting ranging mode
ptd-server 2022-02-13 01:17:30,880 [INFO] Sending to ptd: 'Go,1000,0,2022-02-13_01-17-02_ranging'
ptd-server 2022-02-13 01:17:30,880 [INFO] Reply from ptd: 'Starting untimed measurement, maximum 500000 samples at 1000ms with 0 rampup samples'
ptd-server 2022-02-13 01:17:30,881 [INFO] Sending reply to client 'OK'
ptd-server 2022-02-13 01:27:49,118 [INFO] Got command from the client 'session,2022-02-13_01-17-02,stop,ranging'
ptd-server 2022-02-13 01:27:59,128 [INFO] Sending to ptd: 'Stop'
ptd-server 2022-02-13 01:27:59,129 [INFO] Reply from ptd: 'Stopping untimed measurement'
ptd-server 2022-02-13 01:27:59,680 [INFO] Sending reply to client 'OK'
ptd-server 2022-02-13 01:27:59,737 [INFO] Got command from the client 'time'
ptd-server 2022-02-13 01:27:59,738 [INFO] Sending reply to client '1644715679.7381163'
ptd-server 2022-02-13 01:27:59,740 [INFO] Got command from the client 'session,2022-02-13_01-17-02,start,testing'
ptd-server 2022-02-13 01:27:59,741 [INFO] Sending to ptd: 'SR,V,250.440000'
ptd-server 2022-02-13 01:28:01,381 [INFO] Reply from ptd: 'Range V changed'
ptd-server 2022-02-13 01:28:01,382 [INFO] Sending to ptd: 'SR,A,0.150670'
ptd-server 2022-02-13 01:28:02,883 [INFO] Reply from ptd: 'Range A changed'
ptd-server 2022-02-13 01:28:12,893 [INFO] Starting testing mode
ptd-server 2022-02-13 01:28:12,893 [INFO] Sending to ptd: 'Go,1000,0,2022-02-13_01-17-02_testing'
ptd-server 2022-02-13 01:28:12,894 [INFO] Reply from ptd: 'Starting untimed measurement, maximum 500000 samples at 1000ms with 0 rampup samples'
ptd-server 2022-02-13 01:28:12,894 [INFO] Sending reply to client 'OK'
ptd-server 2022-02-13 01:38:29,003 [INFO] Got command from the client 'session,2022-02-13_01-17-02,stop,testing'
ptd-server 2022-02-13 01:38:39,013 [INFO] Sending to ptd: 'Stop'
ptd-server 2022-02-13 01:38:39,014 [INFO] Reply from ptd: 'Stopping untimed measurement'
ptd-server 2022-02-13 01:38:39,304 [INFO] Sending reply to client 'OK'
ptd-server 2022-02-13 01:38:39,322 [INFO] Got command from the client 'session,2022-02-13_01-17-02,done'
ptd-server 2022-02-13 01:38:39,322 [INFO] Sending to ptd: 'Stop'
ptd-server 2022-02-13 01:38:39,895 [INFO] Reply from ptd: 'Error: no measurement to stop'
ptd-server 2022-02-13 01:38:39,895 [INFO] Sending to ptd: 'SR,V,300.000000'
ptd-server 2022-02-13 01:38:41,396 [INFO] Reply from ptd: 'Range V changed'
ptd-server 2022-02-13 01:38:41,397 [INFO] Sending to ptd: 'SR,A,0.500000'
ptd-server 2022-02-13 01:38:42,898 [INFO] Reply from ptd: 'Range A changed'
ptd-server 2022-02-13 01:38:42,898 [INFO] Set initial values for Amps 0.500000 and Volts 300.000000
ptd-server 2022-02-13 01:38:42,898 [INFO] Stopping ptd...
