ptd-server 2022-02-21 06:17:03,999 [INFO] Got command from the client 'time'
ptd-server 2022-02-21 06:17:03,999 [INFO] Sending reply to client '1645424223.999734'
ptd-server 2022-02-21 06:17:04,001 [INFO] Got command from the client 'new,,035fa988-8cac-4245-b976-9bbcd756d39a'
ptd-server 2022-02-21 06:17:04,001 [INFO] Sending reply to client 'OK 2022-02-21_06-17-04,aa670ee8-a646-41c7-b298-ac91dab6af78'
ptd-server 2022-02-21 06:17:04,039 [INFO] Got command from the client 'time'
ptd-server 2022-02-21 06:17:04,039 [INFO] Sending reply to client '1645424224.0395703'
ptd-server 2022-02-21 06:17:04,041 [INFO] Got command from the client 'session,2022-02-21_06-17-04,start,ranging'
ptd-server 2022-02-21 06:17:04,041 [INFO] Running PTDaemon: ['/home/anton/projects/mlperf/power/inference_v1.0/ptd-linux-x86', '-l', '/tmp/tmpgldyt7rr/ptd_logfile.txt', '-p', '8888', '49', '/dev/usbtmc0']
ptd-server 2022-02-21 06:17:21,215 [INFO] Sending to ptd: 'Hello'
ptd-server 2022-02-21 06:17:21,215 [INFO] Reply from ptd: 'Hello, PTDaemon here!'
ptd-server 2022-02-21 06:17:21,215 [INFO] Sending to ptd: 'Identify'
ptd-server 2022-02-21 06:17:21,216 [INFO] Reply from ptd: 'YokogawaWT310E,1000,1,1,1,1,0,1,1,version=1.9.2-e8c7a49a-20201208,OS=Linux 5.13.0-28-generic #31~20.04.1-Ubuntu SMP Wed Jan 19 14:08:10 UTC 2022 x86_64,mode=power,1,1,1,0,0,no_cal_date,YOKOGAWA;WT310E;C3XA04010E;F1.04'
ptd-server 2022-02-21 06:17:21,216 [INFO] Connected to PTDaemon
ptd-server 2022-02-21 06:17:21,216 [INFO] Sending to ptd: 'RR'
ptd-server 2022-02-21 06:17:21,216 [INFO] Reply from ptd: 'Ranges,0,0.500000,0,300.000000'
ptd-server 2022-02-21 06:17:21,217 [INFO] Initial range for Amps is 0.500000 for Volts is 300.000000
ptd-server 2022-02-21 06:17:21,217 [INFO] Sending to ptd: 'SR,V,Auto'
ptd-server 2022-02-21 06:17:21,719 [INFO] Reply from ptd: 'Range V changed'
ptd-server 2022-02-21 06:17:21,719 [INFO] Sending to ptd: 'SR,A,Auto'
ptd-server 2022-02-21 06:17:22,222 [INFO] Reply from ptd: 'Range A changed'
ptd-server 2022-02-21 06:17:32,232 [INFO] Starting ranging mode
ptd-server 2022-02-21 06:17:32,232 [INFO] Sending to ptd: 'Go,1000,0,2022-02-21_06-17-04_ranging'
ptd-server 2022-02-21 06:17:32,233 [INFO] Reply from ptd: 'Starting untimed measurement, maximum 500000 samples at 1000ms with 0 rampup samples'
ptd-server 2022-02-21 06:17:32,233 [INFO] Sending reply to client 'OK'
ptd-server 2022-02-21 06:27:59,703 [INFO] Got command from the client 'session,2022-02-21_06-17-04,stop,ranging'
ptd-server 2022-02-21 06:28:09,713 [INFO] Sending to ptd: 'Stop'
ptd-server 2022-02-21 06:28:09,714 [INFO] Reply from ptd: 'Stopping untimed measurement'
ptd-server 2022-02-21 06:28:10,288 [INFO] Sending reply to client 'OK'
ptd-server 2022-02-21 06:28:10,387 [INFO] Got command from the client 'time'
ptd-server 2022-02-21 06:28:10,387 [INFO] Sending reply to client '1645424890.3875656'
ptd-server 2022-02-21 06:28:10,393 [INFO] Got command from the client 'session,2022-02-21_06-17-04,start,testing'
ptd-server 2022-02-21 06:28:10,393 [INFO] Sending to ptd: 'SR,V,249.620000'
ptd-server 2022-02-21 06:28:11,894 [INFO] Reply from ptd: 'Range V changed'
ptd-server 2022-02-21 06:28:11,894 [INFO] Sending to ptd: 'SR,A,0.046210'
ptd-server 2022-02-21 06:28:13,396 [INFO] Reply from ptd: 'Range A changed'
ptd-server 2022-02-21 06:28:23,406 [INFO] Starting testing mode
ptd-server 2022-02-21 06:28:23,406 [INFO] Sending to ptd: 'Go,1000,0,2022-02-21_06-17-04_testing'
ptd-server 2022-02-21 06:28:23,406 [INFO] Reply from ptd: 'Starting untimed measurement, maximum 500000 samples at 1000ms with 0 rampup samples'
ptd-server 2022-02-21 06:28:23,407 [INFO] Sending reply to client 'OK'
ptd-server 2022-02-21 06:38:51,786 [INFO] Got command from the client 'session,2022-02-21_06-17-04,stop,testing'
ptd-server 2022-02-21 06:39:01,788 [INFO] Sending to ptd: 'Stop'
ptd-server 2022-02-21 06:39:01,788 [INFO] Reply from ptd: 'Stopping untimed measurement'
ptd-server 2022-02-21 06:39:02,090 [INFO] Sending reply to client 'OK'
ptd-server 2022-02-21 06:39:02,127 [INFO] Got command from the client 'session,2022-02-21_06-17-04,done'
ptd-server 2022-02-21 06:39:02,127 [INFO] Sending to ptd: 'Stop'
ptd-server 2022-02-21 06:39:02,407 [INFO] Reply from ptd: 'Error: no measurement to stop'
ptd-server 2022-02-21 06:39:02,407 [INFO] Sending to ptd: 'SR,V,300.000000'
ptd-server 2022-02-21 06:39:03,909 [INFO] Reply from ptd: 'Range V changed'
ptd-server 2022-02-21 06:39:03,909 [INFO] Sending to ptd: 'SR,A,0.500000'
ptd-server 2022-02-21 06:39:05,411 [INFO] Reply from ptd: 'Range A changed'
ptd-server 2022-02-21 06:39:05,411 [INFO] Set initial values for Amps 0.500000 and Volts 300.000000
ptd-server 2022-02-21 06:39:05,411 [INFO] Stopping ptd...
