ptd-server 2022-02-24 18:00:39,895 [INFO] Got command from the client 'time'
ptd-server 2022-02-24 18:00:39,895 [INFO] Sending reply to client '1645725639.8952518'
ptd-server 2022-02-24 18:00:39,897 [INFO] Got command from the client 'new,,a76dd980-d9d1-40b4-a5fe-bed7e5727db8'
ptd-server 2022-02-24 18:00:39,897 [INFO] Sending reply to client 'OK 2022-02-24_18-00-39,32338665-bf8d-47f5-809a-73085ddadde2'
ptd-server 2022-02-24 18:00:39,935 [INFO] Got command from the client 'time'
ptd-server 2022-02-24 18:00:39,935 [INFO] Sending reply to client '1645725639.9351625'
ptd-server 2022-02-24 18:00:39,937 [INFO] Got command from the client 'session,2022-02-24_18-00-39,start,ranging'
ptd-server 2022-02-24 18:00:39,937 [INFO] Running PTDaemon: ['/home/anton/projects/mlperf/power/inference_v1.0/ptd-linux-x86', '-l', '/tmp/tmp0_fn53vp/ptd_logfile.txt', '-p', '8888', '49', '/dev/usbtmc0']
ptd-server 2022-02-24 18:00:57,110 [INFO] Sending to ptd: 'Hello'
ptd-server 2022-02-24 18:00:57,110 [INFO] Reply from ptd: 'Hello, PTDaemon here!'
ptd-server 2022-02-24 18:00:57,110 [INFO] Sending to ptd: 'Identify'
ptd-server 2022-02-24 18:00:57,111 [INFO] Reply from ptd: 'YokogawaWT310E,1000,1,1,1,1,0,1,1,version=1.9.2-e8c7a49a-20201208,OS=Linux 5.13.0-30-generic #33~20.04.1-Ubuntu SMP Mon Feb 7 14:25:10 UTC 2022 x86_64,mode=power,1,1,1,0,0,no_cal_date,YOKOGAWA;WT310E;C3XA04010E;F1.04'
ptd-server 2022-02-24 18:00:57,111 [INFO] Connected to PTDaemon
ptd-server 2022-02-24 18:00:57,111 [INFO] Sending to ptd: 'RR'
ptd-server 2022-02-24 18:00:57,111 [INFO] Reply from ptd: 'Ranges,0,0.500000,1,300.000000'
ptd-server 2022-02-24 18:00:57,112 [INFO] Initial range for Amps is 0.500000 for Volts is Auto
ptd-server 2022-02-24 18:00:57,112 [INFO] Sending to ptd: 'SR,V,Auto'
ptd-server 2022-02-24 18:00:57,614 [INFO] Reply from ptd: 'Range V changed'
ptd-server 2022-02-24 18:00:57,614 [INFO] Sending to ptd: 'SR,A,Auto'
ptd-server 2022-02-24 18:00:58,117 [INFO] Reply from ptd: 'Range A changed'
ptd-server 2022-02-24 18:01:08,124 [INFO] Starting ranging mode
ptd-server 2022-02-24 18:01:08,124 [INFO] Sending to ptd: 'Go,1000,0,2022-02-24_18-00-39_ranging'
ptd-server 2022-02-24 18:01:08,125 [INFO] Reply from ptd: 'Starting untimed measurement, maximum 500000 samples at 1000ms with 0 rampup samples'
ptd-server 2022-02-24 18:01:08,125 [INFO] Sending reply to client 'OK'
ptd-server 2022-02-24 18:11:31,096 [INFO] Got command from the client 'session,2022-02-24_18-00-39,stop,ranging'
ptd-server 2022-02-24 18:11:41,107 [INFO] Sending to ptd: 'Stop'
ptd-server 2022-02-24 18:11:41,107 [INFO] Reply from ptd: 'Stopping untimed measurement'
ptd-server 2022-02-24 18:11:41,248 [INFO] Sending reply to client 'OK'
ptd-server 2022-02-24 18:11:41,302 [INFO] Got command from the client 'time'
ptd-server 2022-02-24 18:11:41,302 [INFO] Sending reply to client '1645726301.3028946'
ptd-server 2022-02-24 18:11:41,304 [INFO] Got command from the client 'session,2022-02-24_18-00-39,start,testing'
ptd-server 2022-02-24 18:11:41,305 [INFO] Sending to ptd: 'SR,V,250.160000'
ptd-server 2022-02-24 18:11:42,806 [INFO] Reply from ptd: 'Range V changed'
ptd-server 2022-02-24 18:11:42,806 [INFO] Sending to ptd: 'SR,A,0.042510'
ptd-server 2022-02-24 18:11:44,308 [INFO] Reply from ptd: 'Range A changed'
ptd-server 2022-02-24 18:11:54,318 [INFO] Starting testing mode
ptd-server 2022-02-24 18:11:54,318 [INFO] Sending to ptd: 'Go,1000,0,2022-02-24_18-00-39_testing'
ptd-server 2022-02-24 18:11:54,318 [INFO] Reply from ptd: 'Starting untimed measurement, maximum 500000 samples at 1000ms with 0 rampup samples'
ptd-server 2022-02-24 18:11:54,319 [INFO] Sending reply to client 'OK'
ptd-server 2022-02-24 18:22:17,283 [INFO] Got command from the client 'session,2022-02-24_18-00-39,stop,testing'
ptd-server 2022-02-24 18:22:27,293 [INFO] Sending to ptd: 'Stop'
ptd-server 2022-02-24 18:22:27,293 [INFO] Reply from ptd: 'Stopping untimed measurement'
ptd-server 2022-02-24 18:22:27,373 [INFO] Sending reply to client 'OK'
ptd-server 2022-02-24 18:22:27,394 [INFO] Got command from the client 'session,2022-02-24_18-00-39,done'
ptd-server 2022-02-24 18:22:27,395 [INFO] Sending to ptd: 'Stop'
ptd-server 2022-02-24 18:22:27,395 [INFO] Reply from ptd: 'Error: no measurement to stop'
ptd-server 2022-02-24 18:22:27,395 [INFO] Sending to ptd: 'SR,V,Auto'
ptd-server 2022-02-24 18:22:27,898 [INFO] Reply from ptd: 'Range V changed'
ptd-server 2022-02-24 18:22:27,898 [INFO] Sending to ptd: 'SR,A,0.500000'
ptd-server 2022-02-24 18:22:29,399 [INFO] Reply from ptd: 'Range A changed'
ptd-server 2022-02-24 18:22:29,399 [INFO] Set initial values for Amps 0.500000 and Volts Auto
ptd-server 2022-02-24 18:22:29,399 [INFO] Stopping ptd...
