ptd-server 2022-02-14 06:28:08,898 [INFO] Got command from the client 'time'
ptd-server 2022-02-14 06:28:08,898 [INFO] Sending reply to client '1644820088.8989074'
ptd-server 2022-02-14 06:28:08,900 [INFO] Got command from the client 'new,,955ae256-a0f0-4b57-8550-08d3a730f2fe'
ptd-server 2022-02-14 06:28:08,901 [INFO] Sending reply to client 'OK 2022-02-14_06-28-08,eadaf9ba-8c8d-4303-b6a3-d9252193c0bf'
ptd-server 2022-02-14 06:28:08,938 [INFO] Got command from the client 'time'
ptd-server 2022-02-14 06:28:08,938 [INFO] Sending reply to client '1644820088.9387786'
ptd-server 2022-02-14 06:28:08,940 [INFO] Got command from the client 'session,2022-02-14_06-28-08,start,ranging'
ptd-server 2022-02-14 06:28:08,940 [INFO] Running PTDaemon: ['/home/anton/projects/mlperf/power/inference_v1.0/ptd-linux-x86', '-l', '/tmp/tmpxvec0g6h/ptd_logfile.txt', '-p', '8888', '49', '/dev/usbtmc0']
ptd-server 2022-02-14 06:28:26,112 [INFO] Sending to ptd: 'Hello'
ptd-server 2022-02-14 06:28:26,113 [INFO] Reply from ptd: 'Hello, PTDaemon here!'
ptd-server 2022-02-14 06:28:26,113 [INFO] Sending to ptd: 'Identify'
ptd-server 2022-02-14 06:28:26,114 [INFO] Reply from ptd: 'YokogawaWT310E,1000,1,1,1,1,0,1,1,version=1.9.2-e8c7a49a-20201208,OS=Linux 5.13.0-27-generic #29~20.04.1-Ubuntu SMP Fri Jan 14 00:32:30 UTC 2022 x86_64,mode=power,1,1,1,0,0,no_cal_date,YOKOGAWA;WT310E;C3XA04010E;F1.04'
ptd-server 2022-02-14 06:28:26,114 [INFO] Connected to PTDaemon
ptd-server 2022-02-14 06:28:26,114 [INFO] Sending to ptd: 'RR'
ptd-server 2022-02-14 06:28:26,114 [INFO] Reply from ptd: 'Ranges,0,0.500000,0,300.000000'
ptd-server 2022-02-14 06:28:26,114 [INFO] Initial range for Amps is 0.500000 for Volts is 300.000000
ptd-server 2022-02-14 06:28:26,115 [INFO] Sending to ptd: 'SR,V,Auto'
ptd-server 2022-02-14 06:28:26,617 [INFO] Reply from ptd: 'Range V changed'
ptd-server 2022-02-14 06:28:26,617 [INFO] Sending to ptd: 'SR,A,Auto'
ptd-server 2022-02-14 06:28:27,120 [INFO] Reply from ptd: 'Range A changed'
ptd-server 2022-02-14 06:28:37,130 [INFO] Starting ranging mode
ptd-server 2022-02-14 06:28:37,130 [INFO] Sending to ptd: 'Go,1000,0,2022-02-14_06-28-08_ranging'
ptd-server 2022-02-14 06:28:37,131 [INFO] Reply from ptd: 'Starting untimed measurement, maximum 500000 samples at 1000ms with 0 rampup samples'
ptd-server 2022-02-14 06:28:37,131 [INFO] Sending reply to client 'OK'
ptd-server 2022-02-14 06:38:53,169 [INFO] Got command from the client 'session,2022-02-14_06-28-08,stop,ranging'
ptd-server 2022-02-14 06:39:03,179 [INFO] Sending to ptd: 'Stop'
ptd-server 2022-02-14 06:39:03,179 [INFO] Reply from ptd: 'Stopping untimed measurement'
ptd-server 2022-02-14 06:39:03,898 [INFO] Sending reply to client 'OK'
ptd-server 2022-02-14 06:39:03,975 [INFO] Got command from the client 'time'
ptd-server 2022-02-14 06:39:03,975 [INFO] Sending reply to client '1644820743.9759204'
ptd-server 2022-02-14 06:39:03,978 [INFO] Got command from the client 'session,2022-02-14_06-28-08,start,testing'
ptd-server 2022-02-14 06:39:03,978 [INFO] Sending to ptd: 'SR,V,250.860000'
ptd-server 2022-02-14 06:39:05,633 [INFO] Reply from ptd: 'Range V changed'
ptd-server 2022-02-14 06:39:05,633 [INFO] Sending to ptd: 'SR,A,0.155710'
ptd-server 2022-02-14 06:39:07,134 [INFO] Reply from ptd: 'Range A changed'
ptd-server 2022-02-14 06:39:17,145 [INFO] Starting testing mode
ptd-server 2022-02-14 06:39:17,145 [INFO] Sending to ptd: 'Go,1000,0,2022-02-14_06-28-08_testing'
ptd-server 2022-02-14 06:39:17,145 [INFO] Reply from ptd: 'Starting untimed measurement, maximum 500000 samples at 1000ms with 0 rampup samples'
ptd-server 2022-02-14 06:39:17,145 [INFO] Sending reply to client 'OK'
ptd-server 2022-02-14 06:49:32,932 [INFO] Got command from the client 'session,2022-02-14_06-28-08,stop,testing'
ptd-server 2022-02-14 06:49:42,943 [INFO] Sending to ptd: 'Stop'
ptd-server 2022-02-14 06:49:42,943 [INFO] Reply from ptd: 'Stopping untimed measurement'
ptd-server 2022-02-14 06:49:43,305 [INFO] Sending reply to client 'OK'
ptd-server 2022-02-14 06:49:43,326 [INFO] Got command from the client 'session,2022-02-14_06-28-08,done'
ptd-server 2022-02-14 06:49:43,326 [INFO] Sending to ptd: 'Stop'
ptd-server 2022-02-14 06:49:43,327 [INFO] Reply from ptd: 'Error: no measurement to stop'
ptd-server 2022-02-14 06:49:43,327 [INFO] Sending to ptd: 'SR,V,300.000000'
ptd-server 2022-02-14 06:49:44,828 [INFO] Reply from ptd: 'Range V changed'
ptd-server 2022-02-14 06:49:44,828 [INFO] Sending to ptd: 'SR,A,0.500000'
ptd-server 2022-02-14 06:49:46,329 [INFO] Reply from ptd: 'Range A changed'
ptd-server 2022-02-14 06:49:46,330 [INFO] Set initial values for Amps 0.500000 and Volts 300.000000
ptd-server 2022-02-14 06:49:46,330 [INFO] Stopping ptd...
