ptd-server 2022-02-14 00:40:07,420 [INFO] Got command from the client 'time'
ptd-server 2022-02-14 00:40:07,420 [INFO] Sending reply to client '1644799207.4202418'
ptd-server 2022-02-14 00:40:07,422 [INFO] Got command from the client 'new,,694e0ec4-5e1c-467d-8640-4f8a33517844'
ptd-server 2022-02-14 00:40:07,423 [INFO] Sending reply to client 'OK 2022-02-14_00-40-07,16324a22-35c8-494c-926c-bc45860bf42a'
ptd-server 2022-02-14 00:40:07,459 [INFO] Got command from the client 'time'
ptd-server 2022-02-14 00:40:07,459 [INFO] Sending reply to client '1644799207.4598205'
ptd-server 2022-02-14 00:40:07,461 [INFO] Got command from the client 'session,2022-02-14_00-40-07,start,ranging'
ptd-server 2022-02-14 00:40:07,461 [INFO] Running PTDaemon: ['/home/anton/projects/mlperf/power/inference_v1.0/ptd-linux-x86', '-l', '/tmp/tmpxvec0g6h/ptd_logfile.txt', '-p', '8888', '49', '/dev/usbtmc0']
ptd-server 2022-02-14 00:40:24,634 [INFO] Sending to ptd: 'Hello'
ptd-server 2022-02-14 00:40:24,634 [INFO] Reply from ptd: 'Hello, PTDaemon here!'
ptd-server 2022-02-14 00:40:24,635 [INFO] Sending to ptd: 'Identify'
ptd-server 2022-02-14 00:40:24,635 [INFO] Reply from ptd: 'YokogawaWT310E,1000,1,1,1,1,0,1,1,version=1.9.2-e8c7a49a-20201208,OS=Linux 5.13.0-27-generic #29~20.04.1-Ubuntu SMP Fri Jan 14 00:32:30 UTC 2022 x86_64,mode=power,1,1,1,0,0,no_cal_date,YOKOGAWA;WT310E;C3XA04010E;F1.04'
ptd-server 2022-02-14 00:40:24,635 [INFO] Connected to PTDaemon
ptd-server 2022-02-14 00:40:24,635 [INFO] Sending to ptd: 'RR'
ptd-server 2022-02-14 00:40:24,636 [INFO] Reply from ptd: 'Ranges,0,0.500000,0,300.000000'
ptd-server 2022-02-14 00:40:24,636 [INFO] Initial range for Amps is 0.500000 for Volts is 300.000000
ptd-server 2022-02-14 00:40:24,636 [INFO] Sending to ptd: 'SR,V,Auto'
ptd-server 2022-02-14 00:40:25,138 [INFO] Reply from ptd: 'Range V changed'
ptd-server 2022-02-14 00:40:25,139 [INFO] Sending to ptd: 'SR,A,Auto'
ptd-server 2022-02-14 00:40:25,641 [INFO] Reply from ptd: 'Range A changed'
ptd-server 2022-02-14 00:40:35,648 [INFO] Starting ranging mode
ptd-server 2022-02-14 00:40:35,648 [INFO] Sending to ptd: 'Go,1000,0,2022-02-14_00-40-07_ranging'
ptd-server 2022-02-14 00:40:35,649 [INFO] Reply from ptd: 'Starting untimed measurement, maximum 500000 samples at 1000ms with 0 rampup samples'
ptd-server 2022-02-14 00:40:35,649 [INFO] Sending reply to client 'OK'
ptd-server 2022-02-14 00:50:51,520 [INFO] Got command from the client 'session,2022-02-14_00-40-07,stop,ranging'
ptd-server 2022-02-14 00:51:01,531 [INFO] Sending to ptd: 'Stop'
ptd-server 2022-02-14 00:51:01,531 [INFO] Reply from ptd: 'Stopping untimed measurement'
ptd-server 2022-02-14 00:51:02,204 [INFO] Sending reply to client 'OK'
ptd-server 2022-02-14 00:51:02,287 [INFO] Got command from the client 'time'
ptd-server 2022-02-14 00:51:02,287 [INFO] Sending reply to client '1644799862.2877219'
ptd-server 2022-02-14 00:51:02,290 [INFO] Got command from the client 'session,2022-02-14_00-40-07,start,testing'
ptd-server 2022-02-14 00:51:02,290 [INFO] Sending to ptd: 'SR,V,248.710000'
ptd-server 2022-02-14 00:51:03,791 [INFO] Reply from ptd: 'Range V changed'
ptd-server 2022-02-14 00:51:03,791 [INFO] Sending to ptd: 'SR,A,0.159210'
ptd-server 2022-02-14 00:51:05,293 [INFO] Reply from ptd: 'Range A changed'
ptd-server 2022-02-14 00:51:15,303 [INFO] Starting testing mode
ptd-server 2022-02-14 00:51:15,303 [INFO] Sending to ptd: 'Go,1000,0,2022-02-14_00-40-07_testing'
ptd-server 2022-02-14 00:51:15,304 [INFO] Reply from ptd: 'Starting untimed measurement, maximum 500000 samples at 1000ms with 0 rampup samples'
ptd-server 2022-02-14 00:51:15,304 [INFO] Sending reply to client 'OK'
ptd-server 2022-02-14 01:01:30,883 [INFO] Got command from the client 'session,2022-02-14_00-40-07,stop,testing'
ptd-server 2022-02-14 01:01:40,893 [INFO] Sending to ptd: 'Stop'
ptd-server 2022-02-14 01:01:40,894 [INFO] Reply from ptd: 'Stopping untimed measurement'
ptd-server 2022-02-14 01:01:41,278 [INFO] Sending reply to client 'OK'
ptd-server 2022-02-14 01:01:41,297 [INFO] Got command from the client 'session,2022-02-14_00-40-07,done'
ptd-server 2022-02-14 01:01:41,297 [INFO] Sending to ptd: 'Stop'
ptd-server 2022-02-14 01:01:41,304 [INFO] Reply from ptd: 'Error: no measurement to stop'
ptd-server 2022-02-14 01:01:41,304 [INFO] Sending to ptd: 'SR,V,300.000000'
ptd-server 2022-02-14 01:01:42,806 [INFO] Reply from ptd: 'Range V changed'
ptd-server 2022-02-14 01:01:42,806 [INFO] Sending to ptd: 'SR,A,0.500000'
ptd-server 2022-02-14 01:01:44,307 [INFO] Reply from ptd: 'Range A changed'
ptd-server 2022-02-14 01:01:44,307 [INFO] Set initial values for Amps 0.500000 and Volts 300.000000
ptd-server 2022-02-14 01:01:44,308 [INFO] Stopping ptd...
