ptd-server 2022-02-17 04:44:58,321 [INFO] Got command from the client 'time'
ptd-server 2022-02-17 04:44:58,322 [INFO] Sending reply to client '1645073098.32204'
ptd-server 2022-02-17 04:44:58,323 [INFO] Got command from the client 'new,,e2446bd7-60c9-4ef7-923b-edbec3172910'
ptd-server 2022-02-17 04:44:58,323 [INFO] Sending reply to client 'OK 2022-02-17_04-44-58,a3a439c5-3772-4152-aa2f-1c60f10aaa5f'
ptd-server 2022-02-17 04:44:58,351 [INFO] Got command from the client 'time'
ptd-server 2022-02-17 04:44:58,351 [INFO] Sending reply to client '1645073098.3519614'
ptd-server 2022-02-17 04:44:58,353 [INFO] Got command from the client 'session,2022-02-17_04-44-58,start,ranging'
ptd-server 2022-02-17 04:44:58,353 [INFO] Running PTDaemon: ['/home/anton/projects/mlperf/power/inference_v1.0/ptd-linux-x86', '-l', '/tmp/tmpgldyt7rr/ptd_logfile.txt', '-p', '8888', '49', '/dev/usbtmc0']
ptd-server 2022-02-17 04:45:15,527 [INFO] Sending to ptd: 'Hello'
ptd-server 2022-02-17 04:45:15,527 [INFO] Reply from ptd: 'Hello, PTDaemon here!'
ptd-server 2022-02-17 04:45:15,527 [INFO] Sending to ptd: 'Identify'
ptd-server 2022-02-17 04:45:15,528 [INFO] Reply from ptd: 'YokogawaWT310E,1000,1,1,1,1,0,1,1,version=1.9.2-e8c7a49a-20201208,OS=Linux 5.13.0-28-generic #31~20.04.1-Ubuntu SMP Wed Jan 19 14:08:10 UTC 2022 x86_64,mode=power,1,1,1,0,0,no_cal_date,YOKOGAWA;WT310E;C3XA04010E;F1.04'
ptd-server 2022-02-17 04:45:15,528 [INFO] Connected to PTDaemon
ptd-server 2022-02-17 04:45:15,528 [INFO] Sending to ptd: 'RR'
ptd-server 2022-02-17 04:45:15,528 [INFO] Reply from ptd: 'Ranges,0,0.500000,0,300.000000'
ptd-server 2022-02-17 04:45:15,529 [INFO] Initial range for Amps is 0.500000 for Volts is 300.000000
ptd-server 2022-02-17 04:45:15,529 [INFO] Sending to ptd: 'SR,V,Auto'
ptd-server 2022-02-17 04:45:16,031 [INFO] Reply from ptd: 'Range V changed'
ptd-server 2022-02-17 04:45:16,031 [INFO] Sending to ptd: 'SR,A,Auto'
ptd-server 2022-02-17 04:45:16,534 [INFO] Reply from ptd: 'Range A changed'
ptd-server 2022-02-17 04:45:26,540 [INFO] Starting ranging mode
ptd-server 2022-02-17 04:45:26,540 [INFO] Sending to ptd: 'Go,1000,0,2022-02-17_04-44-58_ranging'
ptd-server 2022-02-17 04:45:26,540 [INFO] Reply from ptd: 'Starting untimed measurement, maximum 500000 samples at 1000ms with 0 rampup samples'
ptd-server 2022-02-17 04:45:26,541 [INFO] Sending reply to client 'OK'
ptd-server 2022-02-17 04:55:43,439 [INFO] Got command from the client 'session,2022-02-17_04-44-58,stop,ranging'
ptd-server 2022-02-17 04:55:53,449 [INFO] Sending to ptd: 'Stop'
ptd-server 2022-02-17 04:55:53,450 [INFO] Reply from ptd: 'Stopping untimed measurement'
ptd-server 2022-02-17 04:55:53,581 [INFO] Sending reply to client 'OK'
ptd-server 2022-02-17 04:55:53,648 [INFO] Got command from the client 'time'
ptd-server 2022-02-17 04:55:53,648 [INFO] Sending reply to client '1645073753.6485214'
ptd-server 2022-02-17 04:55:53,651 [INFO] Got command from the client 'session,2022-02-17_04-44-58,start,testing'
ptd-server 2022-02-17 04:55:53,651 [INFO] Sending to ptd: 'SR,V,250.920000'
ptd-server 2022-02-17 04:55:55,152 [INFO] Reply from ptd: 'Range V changed'
ptd-server 2022-02-17 04:55:55,152 [INFO] Sending to ptd: 'SR,A,0.048310'
ptd-server 2022-02-17 04:55:56,654 [INFO] Reply from ptd: 'Range A changed'
ptd-server 2022-02-17 04:56:06,664 [INFO] Starting testing mode
ptd-server 2022-02-17 04:56:06,664 [INFO] Sending to ptd: 'Go,1000,0,2022-02-17_04-44-58_testing'
ptd-server 2022-02-17 04:56:06,665 [INFO] Reply from ptd: 'Starting untimed measurement, maximum 500000 samples at 1000ms with 0 rampup samples'
ptd-server 2022-02-17 04:56:06,665 [INFO] Sending reply to client 'OK'
ptd-server 2022-02-17 05:06:24,330 [INFO] Got command from the client 'session,2022-02-17_04-44-58,stop,testing'
ptd-server 2022-02-17 05:06:34,340 [INFO] Sending to ptd: 'Stop'
ptd-server 2022-02-17 05:06:34,341 [INFO] Reply from ptd: 'Stopping untimed measurement'
ptd-server 2022-02-17 05:06:34,410 [INFO] Sending reply to client 'OK'
ptd-server 2022-02-17 05:06:34,434 [INFO] Got command from the client 'session,2022-02-17_04-44-58,done'
ptd-server 2022-02-17 05:06:34,434 [INFO] Sending to ptd: 'Stop'
ptd-server 2022-02-17 05:06:34,665 [INFO] Reply from ptd: 'Error: no measurement to stop'
ptd-server 2022-02-17 05:06:34,666 [INFO] Sending to ptd: 'SR,V,300.000000'
ptd-server 2022-02-17 05:06:36,167 [INFO] Reply from ptd: 'Range V changed'
ptd-server 2022-02-17 05:06:36,167 [INFO] Sending to ptd: 'SR,A,0.500000'
ptd-server 2022-02-17 05:06:37,668 [INFO] Reply from ptd: 'Range A changed'
ptd-server 2022-02-17 05:06:37,669 [INFO] Set initial values for Amps 0.500000 and Volts 300.000000
ptd-server 2022-02-17 05:06:37,669 [INFO] Stopping ptd...
