client 2022-02-22 18:28:20,310 [WARNING] Removing loadgen logs directory '/home/krai/CK/ck-qaic/program/packed-bert-qaic-loadgen/tmp/loadgen_logs'
client 2022-02-22 18:28:20,314 [INFO] Sending command to the server: 'mlcommons/power client v3'
client 2022-02-22 18:28:20,316 [INFO] Got response: 'mlcommons/power server v3'
client 2022-02-22 18:28:20,316 [INFO] Synchronizing with the server and with time.google.com...
client 2022-02-22 18:28:20,397 [INFO] NTP:offset = 0.001 s, delay = 0.074 s 
client 2022-02-22 18:28:20,397 [INFO] Sending command to the server: 'time'
client 2022-02-22 18:28:20,400 [INFO] Got response: '1645576100.4022684'
client 2022-02-22 18:28:20,400 [INFO] The time difference between the client and the server is within range -4.413 ms..-1.598 ms
client 2022-02-22 18:28:20,400 [INFO] Sending command to the server: 'new,,267a7e8d-f81d-441c-ac5f-d1d2d6f48692'
client 2022-02-22 18:28:20,403 [INFO] Got response: 'OK 2022-02-22_18-28-20,5b155daf-9eea-4f1e-933d-664ec6e2d0cd'
client 2022-02-22 18:28:20,403 [INFO] Session id is '2022-02-22_18-28-20'
client 2022-02-22 18:28:20,403 [INFO] Sources: {"sources": {"__init__.py": "da39a3ee5e6b4b0d3255bfef95601890afd80709", "client.py": "33ca4f26368777ac06e01f9567b714a4b8063886", "lib/__init__.py": "da39a3ee5e6b4b0d3255bfef95601890afd80709", "lib/client.py": "4c2b78fb4849a7e5b584ef792d82aaed20b17f57", "lib/common.py": "624d0c0acc7c39aaff3674f0b99d6a09da53d1dc", "lib/external/__init__.py": "da39a3ee5e6b4b0d3255bfef95601890afd80709", "lib/external/ntplib.py": "4da8f970656505a40483206ef2b5d3dd5e81711d", "lib/server.py": "59c9fb92908260d3e9f81a895c7aa009742275e4", "lib/source_hashes.py": "60a2e02193209e8d392803326208d5466342da18", "lib/summary.py": "aa92f0a3f975eecd44d3c0cd0236342ccc9f941d", "lib/time_sync.py": "3210db56eb0ff0df57bf4293dc4d4b03fffd46f1", "server.py": "c3f90f2f7eeb4db30727556d0c815ebc89b3d28b", "tests/unit/__init__.py": "da39a3ee5e6b4b0d3255bfef95601890afd80709", "tests/unit/test_server.py": "99ae15aef722f2000ee6ed1ae1523637bf1ae42b", "tests/unit/test_source_hashes.py": "00468a2907583c593e6574a1f6b404e4651c221a"}, "modules": {"ptd_client_server.lib.client": "lib/client.py", "ptd_client_server.lib.common": "lib/common.py", "ptd_client_server.lib.external.ntplib": "lib/external/ntplib.py", "ptd_client_server.lib.source_hashes": "lib/source_hashes.py", "ptd_client_server.lib.summary": "lib/summary.py", "ptd_client_server.lib.time_sync": "lib/time_sync.py"}}
client 2022-02-22 18:28:20,404 [INFO] Running workload in ranging mode
client 2022-02-22 18:28:20,404 [INFO] Synchronizing with the server and with time.google.com...
client 2022-02-22 18:28:20,483 [INFO] NTP:offset = 0.001 s, delay = 0.075 s 
client 2022-02-22 18:28:20,483 [INFO] Sending command to the server: 'time'
client 2022-02-22 18:28:20,486 [INFO] Got response: '1645576100.4879155'
client 2022-02-22 18:28:20,486 [INFO] The time difference between the client and the server is within range -4.426 ms..-1.561 ms
client 2022-02-22 18:28:20,486 [INFO] Sending command to the server: 'session,2022-02-22_18-28-20,start,ranging'
client 2022-02-22 18:28:48,593 [INFO] Got response: 'OK'
client 2022-02-22 18:28:48,594 [INFO] Running the workload 'sleep 90;  ck benchmark program:packed-bert-qaic-loadgen --env.CK_SILENT_MODE=YES --skip_print_timers --dep_add_tags.compiler=gcc --dep_add_tags.python=v3 --dep_add_tags.weights=bert-99.aedk_15w.offline,bert-99,quantization.calibration  --dep_add_tags.dataset-tokenized=dataset,squad,tokenized,raw --env.ML_MODEL_MODEL_NAME=bert-99 --env.CK_LOADGEN_DATASET_SIZE=10833 --env.CK_LOADGEN_BUFFER_SIZE=10833 --env.CK_ENV_NUM_SETUP_THREADS=2 --env.CK_ENV_QAIC_INPUT_SELECT=0 --env.CK_ENV_QAIC_DEVICE_IDS=0 --env.CK_ENV_QAIC_QUEUE_LENGTH=4 --env.CK_ENV_QAIC_THREADS_PER_QUEUE=4 --env.CK_ENV_QAIC_ACTIVATION_COUNT=4 --env.CK_ENV_QAIC_MODEL_BATCH_SIZE=4096 --env.QAIC_BYPASS_PPP=enable --env.CK_VERBOSE=0  --env.ML_MODEL_MODEL_NAME=bert --env.CK_ENV_QAIC_SKIP_STAGE=convert --env.CK_LOADGEN_SCENARIO=Offline --env.CK_LOADGEN_TARGET_QPS=221 --env.CK_LOADGEN_MODE=PerformanceOnly --speed --skip_stat_analysis --process_multi_keys --repetitions=1 --record --record_repo=local --record_uoa=mlperf_v2.0-closed-aedkg-qaic-v1.6.80-aic100-bert-99-offline-performance-target_qps.221-power.workload --tags=mlperf,division.closed,platform.aedkg,inference_engine.qaic,inference_engine_version.v1.6.80,inference_engine_backend.aic100,scenario.offline,mode.performance,buffer_size.10833,workload.bert-99,preprocessed_using.tensorflow,input_select.0,queue_length.4,task.bert-question-answering,threads_per_queue.4,power.workload "@@@{\'meta\': {\'ck_benchmark_program\': \'sleep 90;  ck benchmark program:packed-bert-qaic-loadgen --env.CK_SILENT_MODE=YES --skip_print_timers --dep_add_tags.compiler=gcc --dep_add_tags.python=v3 --dep_add_tags.weights=bert-99.aedk_15w.offline,bert-99,quantization.calibration  --dep_add_tags.dataset-tokenized=dataset,squad,tokenized,raw --env.ML_MODEL_MODEL_NAME=bert-99 --env.CK_LOADGEN_DATASET_SIZE=10833 --env.CK_LOADGEN_BUFFER_SIZE=10833 --env.CK_ENV_NUM_SETUP_THREADS=2 --env.CK_ENV_QAIC_INPUT_SELECT=0 --env.CK_ENV_QAIC_DEVICE_IDS=0 --env.CK_ENV_QAIC_QUEUE_LENGTH=4 --env.CK_ENV_QAIC_THREADS_PER_QUEUE=4 --env.CK_ENV_QAIC_ACTIVATION_COUNT=4 --env.CK_ENV_QAIC_MODEL_BATCH_SIZE=4096 --env.QAIC_BYPASS_PPP=enable --env.CK_VERBOSE=0  --env.ML_MODEL_MODEL_NAME=bert --env.CK_ENV_QAIC_SKIP_STAGE=convert --env.CK_LOADGEN_SCENARIO=Offline --env.CK_LOADGEN_TARGET_QPS=221 --env.CK_LOADGEN_MODE=PerformanceOnly --speed --skip_stat_analysis --process_multi_keys --repetitions=1 --record --record_repo=local --record_uoa=mlperf_v2.0-closed-aedkg-qaic-v1.6.80-aic100-bert-99-offline-performance-target_qps.221-power.workload --tags=mlperf,division.closed,platform.aedkg,inference_engine.qaic,inference_engine_version.v1.6.80,inference_engine_backend.aic100,scenario.offline,mode.performance,buffer_size.10833,workload.bert-99,preprocessed_using.tensorflow,input_select.0,queue_length.4,task.bert-question-answering,threads_per_queue.4,power.workload\'}}" && cat `ck find program:packed-bert-qaic-loadgen`/tmp/mlperf_log_summary.txt && mkdir -p "$CK_MLPERF_POWER_CLIENT_LOADGEN_LOGS" && cp "$CK_MLPERF_POWER_CLIENT_LOADGEN_LOGS"/../mlperf_log_* "$CK_MLPERF_POWER_CLIENT_LOADGEN_LOGS"/'
client 2022-02-22 18:41:43,218 [INFO] Sending command to the server: 'session,2022-02-22_18-28-20,stop,ranging'
client 2022-02-22 18:41:53,372 [INFO] Got response: 'OK'
client 2022-02-22 18:41:53,399 [INFO] Copying loadgen logs from '/home/krai/CK/ck-qaic/program/packed-bert-qaic-loadgen/tmp/loadgen_logs' to '/home/krai/CK/ck-mlperf/program/mlperf-power-client/tmp/2022-02-22_18-28-20/ranging'
client 2022-02-22 18:41:53,404 [INFO] Running workload in testing mode
client 2022-02-22 18:41:53,405 [INFO] Synchronizing with the server and with time.google.com...
client 2022-02-22 18:41:53,514 [INFO] NTP:offset = 0.003 s, delay = 0.099 s 
client 2022-02-22 18:41:53,514 [INFO] Sending command to the server: 'time'
client 2022-02-22 18:41:53,518 [INFO] Got response: '1645576913.5201333'
client 2022-02-22 18:41:53,519 [INFO] The time difference between the client and the server is within range -5.304 ms..-1.002 ms
client 2022-02-22 18:41:53,519 [INFO] Sending command to the server: 'session,2022-02-22_18-28-20,start,testing'
client 2022-02-22 18:42:06,609 [INFO] Got response: 'OK'
client 2022-02-22 18:42:06,612 [INFO] Running the workload 'sleep 90;  ck benchmark program:packed-bert-qaic-loadgen --env.CK_SILENT_MODE=YES --skip_print_timers --dep_add_tags.compiler=gcc --dep_add_tags.python=v3 --dep_add_tags.weights=bert-99.aedk_15w.offline,bert-99,quantization.calibration  --dep_add_tags.dataset-tokenized=dataset,squad,tokenized,raw --env.ML_MODEL_MODEL_NAME=bert-99 --env.CK_LOADGEN_DATASET_SIZE=10833 --env.CK_LOADGEN_BUFFER_SIZE=10833 --env.CK_ENV_NUM_SETUP_THREADS=2 --env.CK_ENV_QAIC_INPUT_SELECT=0 --env.CK_ENV_QAIC_DEVICE_IDS=0 --env.CK_ENV_QAIC_QUEUE_LENGTH=4 --env.CK_ENV_QAIC_THREADS_PER_QUEUE=4 --env.CK_ENV_QAIC_ACTIVATION_COUNT=4 --env.CK_ENV_QAIC_MODEL_BATCH_SIZE=4096 --env.QAIC_BYPASS_PPP=enable --env.CK_VERBOSE=0  --env.ML_MODEL_MODEL_NAME=bert --env.CK_ENV_QAIC_SKIP_STAGE=convert --env.CK_LOADGEN_SCENARIO=Offline --env.CK_LOADGEN_TARGET_QPS=221 --env.CK_LOADGEN_MODE=PerformanceOnly --speed --skip_stat_analysis --process_multi_keys --repetitions=1 --record --record_repo=local --record_uoa=mlperf_v2.0-closed-aedkg-qaic-v1.6.80-aic100-bert-99-offline-performance-target_qps.221-power.workload --tags=mlperf,division.closed,platform.aedkg,inference_engine.qaic,inference_engine_version.v1.6.80,inference_engine_backend.aic100,scenario.offline,mode.performance,buffer_size.10833,workload.bert-99,preprocessed_using.tensorflow,input_select.0,queue_length.4,task.bert-question-answering,threads_per_queue.4,power.workload "@@@{\'meta\': {\'ck_benchmark_program\': \'sleep 90;  ck benchmark program:packed-bert-qaic-loadgen --env.CK_SILENT_MODE=YES --skip_print_timers --dep_add_tags.compiler=gcc --dep_add_tags.python=v3 --dep_add_tags.weights=bert-99.aedk_15w.offline,bert-99,quantization.calibration  --dep_add_tags.dataset-tokenized=dataset,squad,tokenized,raw --env.ML_MODEL_MODEL_NAME=bert-99 --env.CK_LOADGEN_DATASET_SIZE=10833 --env.CK_LOADGEN_BUFFER_SIZE=10833 --env.CK_ENV_NUM_SETUP_THREADS=2 --env.CK_ENV_QAIC_INPUT_SELECT=0 --env.CK_ENV_QAIC_DEVICE_IDS=0 --env.CK_ENV_QAIC_QUEUE_LENGTH=4 --env.CK_ENV_QAIC_THREADS_PER_QUEUE=4 --env.CK_ENV_QAIC_ACTIVATION_COUNT=4 --env.CK_ENV_QAIC_MODEL_BATCH_SIZE=4096 --env.QAIC_BYPASS_PPP=enable --env.CK_VERBOSE=0  --env.ML_MODEL_MODEL_NAME=bert --env.CK_ENV_QAIC_SKIP_STAGE=convert --env.CK_LOADGEN_SCENARIO=Offline --env.CK_LOADGEN_TARGET_QPS=221 --env.CK_LOADGEN_MODE=PerformanceOnly --speed --skip_stat_analysis --process_multi_keys --repetitions=1 --record --record_repo=local --record_uoa=mlperf_v2.0-closed-aedkg-qaic-v1.6.80-aic100-bert-99-offline-performance-target_qps.221-power.workload --tags=mlperf,division.closed,platform.aedkg,inference_engine.qaic,inference_engine_version.v1.6.80,inference_engine_backend.aic100,scenario.offline,mode.performance,buffer_size.10833,workload.bert-99,preprocessed_using.tensorflow,input_select.0,queue_length.4,task.bert-question-answering,threads_per_queue.4,power.workload\'}}" && cat `ck find program:packed-bert-qaic-loadgen`/tmp/mlperf_log_summary.txt && mkdir -p "$CK_MLPERF_POWER_CLIENT_LOADGEN_LOGS" && cp "$CK_MLPERF_POWER_CLIENT_LOADGEN_LOGS"/../mlperf_log_* "$CK_MLPERF_POWER_CLIENT_LOADGEN_LOGS"/'
client 2022-02-22 18:55:02,136 [INFO] Sending command to the server: 'session,2022-02-22_18-28-20,stop,testing'
client 2022-02-22 18:55:12,178 [INFO] Got response: 'OK'
client 2022-02-22 18:55:12,206 [INFO] Copying loadgen logs from '/home/krai/CK/ck-qaic/program/packed-bert-qaic-loadgen/tmp/loadgen_logs' to '/home/krai/CK/ck-mlperf/program/mlperf-power-client/tmp/2022-02-22_18-28-20/run_1'
client 2022-02-22 18:55:12,211 [INFO] Done runs
