ptd-server 2022-02-22 18:28:20,402 [INFO] Got command from the client 'time'
ptd-server 2022-02-22 18:28:20,402 [INFO] Sending reply to client '1645576100.4022684'
ptd-server 2022-02-22 18:28:20,405 [INFO] Got command from the client 'new,,267a7e8d-f81d-441c-ac5f-d1d2d6f48692'
ptd-server 2022-02-22 18:28:20,405 [INFO] Sending reply to client 'OK 2022-02-22_18-28-20,5b155daf-9eea-4f1e-933d-664ec6e2d0cd'
ptd-server 2022-02-22 18:28:20,487 [INFO] Got command from the client 'time'
ptd-server 2022-02-22 18:28:20,487 [INFO] Sending reply to client '1645576100.4879155'
ptd-server 2022-02-22 18:28:20,490 [INFO] Got command from the client 'session,2022-02-22_18-28-20,start,ranging'
ptd-server 2022-02-22 18:28:20,491 [INFO] Running PTDaemon: ['/local/mnt/workspace/mlcommons/power-main/inference_v1.0/ptd-linux-x86', '-l', '/tmp/tmp_4uvehih/ptd_logfile.txt', '-p', '8880', '-c', '3', '52', '/dev/usbtmc0']
ptd-server 2022-02-22 18:28:37,587 [INFO] Sending to ptd: 'Hello'
ptd-server 2022-02-22 18:28:37,587 [INFO] Reply from ptd: 'Hello, PTDaemon here!'
ptd-server 2022-02-22 18:28:37,587 [INFO] Sending to ptd: 'Identify'
ptd-server 2022-02-22 18:28:37,588 [INFO] Reply from ptd: 'YokogawaWT330E,1000,1,1,1,1,0,0,1,version=1.9.2-e8c7a49a-20201208,OS=Linux 4.4.0-210-generic #242-Ubuntu SMP Fri Apr 16 09:57:56 UTC 2021 x86_64,mode=power,1,1,1,0,0,no_cal_date,YOKOGAWA;WT333E;C2XC17005V;F1.04'
ptd-server 2022-02-22 18:28:37,588 [INFO] Connected to PTDaemon
ptd-server 2022-02-22 18:28:37,588 [INFO] Sending to ptd: 'RR'
ptd-server 2022-02-22 18:28:37,588 [INFO] Reply from ptd: 'Ranges,1,1.000000,1,150.000000'
ptd-server 2022-02-22 18:28:37,588 [INFO] Initial range for Amps is Auto for Volts is Auto
ptd-server 2022-02-22 18:28:37,588 [INFO] Sending to ptd: 'SR,V,Auto'
ptd-server 2022-02-22 18:28:38,090 [INFO] Reply from ptd: 'Range V changed'
ptd-server 2022-02-22 18:28:38,090 [INFO] Sending to ptd: 'SR,A,Auto'
ptd-server 2022-02-22 18:28:38,593 [INFO] Reply from ptd: 'Range A changed'
ptd-server 2022-02-22 18:28:48,594 [INFO] Starting ranging mode
ptd-server 2022-02-22 18:28:48,594 [INFO] Sending to ptd: 'Go,1000,0,2022-02-22_18-28-20_ranging'
ptd-server 2022-02-22 18:28:48,594 [INFO] Reply from ptd: 'Starting untimed measurement, maximum 500000 samples at 1000ms with 0 rampup samples'
ptd-server 2022-02-22 18:28:48,594 [INFO] Sending reply to client 'OK'
ptd-server 2022-02-22 18:41:43,224 [INFO] Got command from the client 'session,2022-02-22_18-28-20,stop,ranging'
ptd-server 2022-02-22 18:41:53,235 [INFO] Sending to ptd: 'Stop'
ptd-server 2022-02-22 18:41:53,235 [INFO] Reply from ptd: 'Stopping untimed measurement'
ptd-server 2022-02-22 18:41:53,369 [INFO] Sending reply to client 'OK'
ptd-server 2022-02-22 18:41:53,520 [INFO] Got command from the client 'time'
ptd-server 2022-02-22 18:41:53,520 [INFO] Sending reply to client '1645576913.5201333'
ptd-server 2022-02-22 18:41:53,524 [INFO] Got command from the client 'session,2022-02-22_18-28-20,start,testing'
ptd-server 2022-02-22 18:41:53,524 [INFO] Sending to ptd: 'SR,V,122.320000'
ptd-server 2022-02-22 18:41:55,096 [INFO] Reply from ptd: 'Range V changed'
ptd-server 2022-02-22 18:41:55,096 [INFO] Sending to ptd: 'SR,A,0.218200'
ptd-server 2022-02-22 18:41:56,598 [INFO] Reply from ptd: 'Range A changed'
ptd-server 2022-02-22 18:42:06,607 [INFO] Starting testing mode
ptd-server 2022-02-22 18:42:06,607 [INFO] Sending to ptd: 'Go,1000,0,2022-02-22_18-28-20_testing'
ptd-server 2022-02-22 18:42:06,608 [INFO] Reply from ptd: 'Starting untimed measurement, maximum 500000 samples at 1000ms with 0 rampup samples'
ptd-server 2022-02-22 18:42:06,608 [INFO] Sending reply to client 'OK'
ptd-server 2022-02-22 18:55:02,142 [INFO] Got command from the client 'session,2022-02-22_18-28-20,stop,testing'
ptd-server 2022-02-22 18:55:12,144 [INFO] Sending to ptd: 'Stop'
ptd-server 2022-02-22 18:55:12,144 [INFO] Reply from ptd: 'Stopping untimed measurement'
ptd-server 2022-02-22 18:55:12,177 [INFO] Sending reply to client 'OK'
ptd-server 2022-02-22 18:55:12,224 [INFO] Got command from the client 'session,2022-02-22_18-28-20,done'
ptd-server 2022-02-22 18:55:12,225 [INFO] Sending to ptd: 'Stop'
ptd-server 2022-02-22 18:55:12,609 [INFO] Reply from ptd: 'Error: no measurement to stop'
ptd-server 2022-02-22 18:55:12,609 [INFO] Sending to ptd: 'SR,V,Auto'
ptd-server 2022-02-22 18:55:13,112 [INFO] Reply from ptd: 'Range V changed'
ptd-server 2022-02-22 18:55:13,112 [INFO] Sending to ptd: 'SR,A,Auto'
ptd-server 2022-02-22 18:55:13,615 [INFO] Reply from ptd: 'Range A changed'
ptd-server 2022-02-22 18:55:13,615 [INFO] Set initial values for Amps Auto and Volts Auto
ptd-server 2022-02-22 18:55:13,616 [INFO] Stopping ptd...
