ptd-server 2022-02-13 20:40:50,885 [INFO] Got command from the client 'time'
ptd-server 2022-02-13 20:40:50,885 [INFO] Sending reply to client '1644784850.8856328'
ptd-server 2022-02-13 20:40:50,887 [INFO] Got command from the client 'new,,98bc362b-999d-4147-b65c-1405c63b6311'
ptd-server 2022-02-13 20:40:50,887 [INFO] Sending reply to client 'OK 2022-02-13_20-40-50,f840f98c-5a3e-46a1-bed9-f2889bfd984a'
ptd-server 2022-02-13 20:40:50,936 [INFO] Got command from the client 'time'
ptd-server 2022-02-13 20:40:50,937 [INFO] Sending reply to client '1644784850.937111'
ptd-server 2022-02-13 20:40:50,939 [INFO] Got command from the client 'session,2022-02-13_20-40-50,start,ranging'
ptd-server 2022-02-13 20:40:50,940 [INFO] Running PTDaemon: ['/home/anton/projects/mlperf/power/inference_v1.0/ptd-linux-x86', '-l', '/tmp/tmpxvec0g6h/ptd_logfile.txt', '-p', '8888', '49', '/dev/usbtmc0']
ptd-server 2022-02-13 20:41:08,113 [INFO] Sending to ptd: 'Hello'
ptd-server 2022-02-13 20:41:08,114 [INFO] Reply from ptd: 'Hello, PTDaemon here!'
ptd-server 2022-02-13 20:41:08,114 [INFO] Sending to ptd: 'Identify'
ptd-server 2022-02-13 20:41:08,115 [INFO] Reply from ptd: 'YokogawaWT310E,1000,1,1,1,1,0,1,1,version=1.9.2-e8c7a49a-20201208,OS=Linux 5.13.0-27-generic #29~20.04.1-Ubuntu SMP Fri Jan 14 00:32:30 UTC 2022 x86_64,mode=power,1,1,1,0,0,no_cal_date,YOKOGAWA;WT310E;C3XA04010E;F1.04'
ptd-server 2022-02-13 20:41:08,115 [INFO] Connected to PTDaemon
ptd-server 2022-02-13 20:41:08,115 [INFO] Sending to ptd: 'RR'
ptd-server 2022-02-13 20:41:08,115 [INFO] Reply from ptd: 'Ranges,0,0.500000,0,300.000000'
ptd-server 2022-02-13 20:41:08,115 [INFO] Initial range for Amps is 0.500000 for Volts is 300.000000
ptd-server 2022-02-13 20:41:08,115 [INFO] Sending to ptd: 'SR,V,Auto'
ptd-server 2022-02-13 20:41:08,618 [INFO] Reply from ptd: 'Range V changed'
ptd-server 2022-02-13 20:41:08,618 [INFO] Sending to ptd: 'SR,A,Auto'
ptd-server 2022-02-13 20:41:09,121 [INFO] Reply from ptd: 'Range A changed'
ptd-server 2022-02-13 20:41:19,131 [INFO] Starting ranging mode
ptd-server 2022-02-13 20:41:19,131 [INFO] Sending to ptd: 'Go,1000,0,2022-02-13_20-40-50_ranging'
ptd-server 2022-02-13 20:41:19,131 [INFO] Reply from ptd: 'Starting untimed measurement, maximum 500000 samples at 1000ms with 0 rampup samples'
ptd-server 2022-02-13 20:41:19,132 [INFO] Sending reply to client 'OK'
ptd-server 2022-02-13 20:51:35,037 [INFO] Got command from the client 'session,2022-02-13_20-40-50,stop,ranging'
ptd-server 2022-02-13 20:51:45,047 [INFO] Sending to ptd: 'Stop'
ptd-server 2022-02-13 20:51:45,048 [INFO] Reply from ptd: 'Stopping untimed measurement'
ptd-server 2022-02-13 20:51:45,693 [INFO] Sending reply to client 'OK'
ptd-server 2022-02-13 20:51:45,777 [INFO] Got command from the client 'time'
ptd-server 2022-02-13 20:51:45,778 [INFO] Sending reply to client '1644785505.7779856'
ptd-server 2022-02-13 20:51:45,780 [INFO] Got command from the client 'session,2022-02-13_20-40-50,start,testing'
ptd-server 2022-02-13 20:51:45,780 [INFO] Sending to ptd: 'SR,V,247.670000'
ptd-server 2022-02-13 20:51:47,281 [INFO] Reply from ptd: 'Range V changed'
ptd-server 2022-02-13 20:51:47,282 [INFO] Sending to ptd: 'SR,A,0.134590'
ptd-server 2022-02-13 20:51:48,783 [INFO] Reply from ptd: 'Range A changed'
ptd-server 2022-02-13 20:51:58,793 [INFO] Starting testing mode
ptd-server 2022-02-13 20:51:58,793 [INFO] Sending to ptd: 'Go,1000,0,2022-02-13_20-40-50_testing'
ptd-server 2022-02-13 20:51:58,794 [INFO] Reply from ptd: 'Starting untimed measurement, maximum 500000 samples at 1000ms with 0 rampup samples'
ptd-server 2022-02-13 20:51:58,794 [INFO] Sending reply to client 'OK'
ptd-server 2022-02-13 21:02:14,412 [INFO] Got command from the client 'session,2022-02-13_20-40-50,stop,testing'
ptd-server 2022-02-13 21:02:24,423 [INFO] Sending to ptd: 'Stop'
ptd-server 2022-02-13 21:02:24,423 [INFO] Reply from ptd: 'Stopping untimed measurement'
ptd-server 2022-02-13 21:02:24,777 [INFO] Sending reply to client 'OK'
ptd-server 2022-02-13 21:02:24,796 [INFO] Got command from the client 'session,2022-02-13_20-40-50,done'
ptd-server 2022-02-13 21:02:24,796 [INFO] Sending to ptd: 'Stop'
ptd-server 2022-02-13 21:02:24,797 [INFO] Reply from ptd: 'Error: no measurement to stop'
ptd-server 2022-02-13 21:02:24,797 [INFO] Sending to ptd: 'SR,V,300.000000'
ptd-server 2022-02-13 21:02:26,298 [INFO] Reply from ptd: 'Range V changed'
ptd-server 2022-02-13 21:02:26,298 [INFO] Sending to ptd: 'SR,A,0.500000'
ptd-server 2022-02-13 21:02:27,800 [INFO] Reply from ptd: 'Range A changed'
ptd-server 2022-02-13 21:02:27,800 [INFO] Set initial values for Amps 0.500000 and Volts 300.000000
ptd-server 2022-02-13 21:02:27,800 [INFO] Stopping ptd...
