ptd-server 2022-02-23 23:07:06,996 [INFO] Got command from the client 'time'
ptd-server 2022-02-23 23:07:06,996 [INFO] Sending reply to client '1645657626.9967084'
ptd-server 2022-02-23 23:07:06,998 [INFO] Got command from the client 'new,,bdc8a729-9698-466c-b9dc-cf37a9860345'
ptd-server 2022-02-23 23:07:06,999 [INFO] Sending reply to client 'OK 2022-02-23_23-07-06,55b0bb6b-b0e4-4756-9f9f-fc7d64f85518'
ptd-server 2022-02-23 23:07:07,036 [INFO] Got command from the client 'time'
ptd-server 2022-02-23 23:07:07,036 [INFO] Sending reply to client '1645657627.0364995'
ptd-server 2022-02-23 23:07:07,038 [INFO] Got command from the client 'session,2022-02-23_23-07-06,start,ranging'
ptd-server 2022-02-23 23:07:07,038 [INFO] Running PTDaemon: ['/home/anton/projects/mlperf/power/inference_v1.0/ptd-linux-x86', '-l', '/tmp/tmp0_fn53vp/ptd_logfile.txt', '-p', '8888', '49', '/dev/usbtmc0']
ptd-server 2022-02-23 23:07:24,210 [INFO] Sending to ptd: 'Hello'
ptd-server 2022-02-23 23:07:24,211 [INFO] Reply from ptd: 'Hello, PTDaemon here!'
ptd-server 2022-02-23 23:07:24,211 [INFO] Sending to ptd: 'Identify'
ptd-server 2022-02-23 23:07:24,212 [INFO] Reply from ptd: 'YokogawaWT310E,1000,1,1,1,1,0,1,1,version=1.9.2-e8c7a49a-20201208,OS=Linux 5.13.0-30-generic #33~20.04.1-Ubuntu SMP Mon Feb 7 14:25:10 UTC 2022 x86_64,mode=power,1,1,1,0,0,no_cal_date,YOKOGAWA;WT310E;C3XA04010E;F1.04'
ptd-server 2022-02-23 23:07:24,212 [INFO] Connected to PTDaemon
ptd-server 2022-02-23 23:07:24,212 [INFO] Sending to ptd: 'RR'
ptd-server 2022-02-23 23:07:24,212 [INFO] Reply from ptd: 'Ranges,0,0.500000,1,300.000000'
ptd-server 2022-02-23 23:07:24,212 [INFO] Initial range for Amps is 0.500000 for Volts is Auto
ptd-server 2022-02-23 23:07:24,212 [INFO] Sending to ptd: 'SR,V,Auto'
ptd-server 2022-02-23 23:07:24,715 [INFO] Reply from ptd: 'Range V changed'
ptd-server 2022-02-23 23:07:24,715 [INFO] Sending to ptd: 'SR,A,Auto'
ptd-server 2022-02-23 23:07:25,217 [INFO] Reply from ptd: 'Range A changed'
ptd-server 2022-02-23 23:07:35,228 [INFO] Starting ranging mode
ptd-server 2022-02-23 23:07:35,228 [INFO] Sending to ptd: 'Go,1000,0,2022-02-23_23-07-06_ranging'
ptd-server 2022-02-23 23:07:35,228 [INFO] Reply from ptd: 'Starting untimed measurement, maximum 500000 samples at 1000ms with 0 rampup samples'
ptd-server 2022-02-23 23:07:35,229 [INFO] Sending reply to client 'OK'
ptd-server 2022-02-23 23:17:57,724 [INFO] Got command from the client 'session,2022-02-23_23-07-06,stop,ranging'
ptd-server 2022-02-23 23:18:07,735 [INFO] Sending to ptd: 'Stop'
ptd-server 2022-02-23 23:18:07,735 [INFO] Reply from ptd: 'Stopping untimed measurement'
ptd-server 2022-02-23 23:18:07,757 [INFO] Sending reply to client 'OK'
ptd-server 2022-02-23 23:18:07,813 [INFO] Got command from the client 'time'
ptd-server 2022-02-23 23:18:07,813 [INFO] Sending reply to client '1645658287.8138895'
ptd-server 2022-02-23 23:18:07,815 [INFO] Got command from the client 'session,2022-02-23_23-07-06,start,testing'
ptd-server 2022-02-23 23:18:07,815 [INFO] Sending to ptd: 'SR,V,249.590000'
ptd-server 2022-02-23 23:18:09,729 [INFO] Reply from ptd: 'Range V changed'
ptd-server 2022-02-23 23:18:09,730 [INFO] Sending to ptd: 'SR,A,0.044550'
ptd-server 2022-02-23 23:18:11,231 [INFO] Reply from ptd: 'Range A changed'
ptd-server 2022-02-23 23:18:21,241 [INFO] Starting testing mode
ptd-server 2022-02-23 23:18:21,241 [INFO] Sending to ptd: 'Go,1000,0,2022-02-23_23-07-06_testing'
ptd-server 2022-02-23 23:18:21,242 [INFO] Reply from ptd: 'Starting untimed measurement, maximum 500000 samples at 1000ms with 0 rampup samples'
ptd-server 2022-02-23 23:18:21,242 [INFO] Sending reply to client 'OK'
ptd-server 2022-02-23 23:28:43,663 [INFO] Got command from the client 'session,2022-02-23_23-07-06,stop,testing'
ptd-server 2022-02-23 23:28:53,673 [INFO] Sending to ptd: 'Stop'
ptd-server 2022-02-23 23:28:53,674 [INFO] Reply from ptd: 'Stopping untimed measurement'
ptd-server 2022-02-23 23:28:53,686 [INFO] Sending reply to client 'OK'
ptd-server 2022-02-23 23:28:53,705 [INFO] Got command from the client 'session,2022-02-23_23-07-06,done'
ptd-server 2022-02-23 23:28:53,705 [INFO] Sending to ptd: 'Stop'
ptd-server 2022-02-23 23:28:54,242 [INFO] Reply from ptd: 'Error: no measurement to stop'
ptd-server 2022-02-23 23:28:54,243 [INFO] Sending to ptd: 'SR,V,Auto'
ptd-server 2022-02-23 23:28:54,745 [INFO] Reply from ptd: 'Range V changed'
ptd-server 2022-02-23 23:28:54,745 [INFO] Sending to ptd: 'SR,A,0.500000'
ptd-server 2022-02-23 23:28:56,247 [INFO] Reply from ptd: 'Range A changed'
ptd-server 2022-02-23 23:28:56,247 [INFO] Set initial values for Amps 0.500000 and Volts Auto
ptd-server 2022-02-23 23:28:56,247 [INFO] Stopping ptd...
