ptd-server 2022-02-18 21:47:09,271 [INFO] Got command from the client 'time'
ptd-server 2022-02-18 21:47:09,271 [INFO] Sending reply to client '1645220829.2717874'
ptd-server 2022-02-18 21:47:09,273 [INFO] Got command from the client 'new,,fdfa3dc8-5527-4d99-8dc7-5a1b31708370'
ptd-server 2022-02-18 21:47:09,273 [INFO] Sending reply to client 'OK 2022-02-18_21-47-09,84bbf952-b214-4c21-8c61-7526ab1a4e72'
ptd-server 2022-02-18 21:47:09,328 [INFO] Got command from the client 'time'
ptd-server 2022-02-18 21:47:09,328 [INFO] Sending reply to client '1645220829.3283443'
ptd-server 2022-02-18 21:47:09,329 [INFO] Got command from the client 'session,2022-02-18_21-47-09,start,ranging'
ptd-server 2022-02-18 21:47:09,329 [INFO] Running PTDaemon: ['/home/anton/projects/mlperf/power/inference_v1.0/ptd-linux-x86', '-l', '/tmp/tmpgldyt7rr/ptd_logfile.txt', '-p', '8888', '49', '/dev/usbtmc0']
ptd-server 2022-02-18 21:47:26,502 [INFO] Sending to ptd: 'Hello'
ptd-server 2022-02-18 21:47:26,502 [INFO] Reply from ptd: 'Hello, PTDaemon here!'
ptd-server 2022-02-18 21:47:26,502 [INFO] Sending to ptd: 'Identify'
ptd-server 2022-02-18 21:47:26,503 [INFO] Reply from ptd: 'YokogawaWT310E,1000,1,1,1,1,0,1,1,version=1.9.2-e8c7a49a-20201208,OS=Linux 5.13.0-28-generic #31~20.04.1-Ubuntu SMP Wed Jan 19 14:08:10 UTC 2022 x86_64,mode=power,1,1,1,0,0,no_cal_date,YOKOGAWA;WT310E;C3XA04010E;F1.04'
ptd-server 2022-02-18 21:47:26,503 [INFO] Connected to PTDaemon
ptd-server 2022-02-18 21:47:26,503 [INFO] Sending to ptd: 'RR'
ptd-server 2022-02-18 21:47:26,503 [INFO] Reply from ptd: 'Ranges,0,0.500000,0,300.000000'
ptd-server 2022-02-18 21:47:26,503 [INFO] Initial range for Amps is 0.500000 for Volts is 300.000000
ptd-server 2022-02-18 21:47:26,504 [INFO] Sending to ptd: 'SR,V,Auto'
ptd-server 2022-02-18 21:47:27,006 [INFO] Reply from ptd: 'Range V changed'
ptd-server 2022-02-18 21:47:27,006 [INFO] Sending to ptd: 'SR,A,Auto'
ptd-server 2022-02-18 21:47:27,509 [INFO] Reply from ptd: 'Range A changed'
ptd-server 2022-02-18 21:47:37,519 [INFO] Starting ranging mode
ptd-server 2022-02-18 21:47:37,519 [INFO] Sending to ptd: 'Go,1000,0,2022-02-18_21-47-09_ranging'
ptd-server 2022-02-18 21:47:37,519 [INFO] Reply from ptd: 'Starting untimed measurement, maximum 500000 samples at 1000ms with 0 rampup samples'
ptd-server 2022-02-18 21:47:37,520 [INFO] Sending reply to client 'OK'
ptd-server 2022-02-18 21:58:01,521 [INFO] Got command from the client 'session,2022-02-18_21-47-09,stop,ranging'
ptd-server 2022-02-18 21:58:11,531 [INFO] Sending to ptd: 'Stop'
ptd-server 2022-02-18 21:58:11,532 [INFO] Reply from ptd: 'Stopping untimed measurement'
ptd-server 2022-02-18 21:58:11,817 [INFO] Sending reply to client 'OK'
ptd-server 2022-02-18 21:58:11,884 [INFO] Got command from the client 'time'
ptd-server 2022-02-18 21:58:11,884 [INFO] Sending reply to client '1645221491.8846428'
ptd-server 2022-02-18 21:58:11,886 [INFO] Got command from the client 'session,2022-02-18_21-47-09,start,testing'
ptd-server 2022-02-18 21:58:11,886 [INFO] Sending to ptd: 'SR,V,249.080000'
ptd-server 2022-02-18 21:58:14,022 [INFO] Reply from ptd: 'Range V changed'
ptd-server 2022-02-18 21:58:14,022 [INFO] Sending to ptd: 'SR,A,0.044310'
ptd-server 2022-02-18 21:58:15,524 [INFO] Reply from ptd: 'Range A changed'
ptd-server 2022-02-18 21:58:25,534 [INFO] Starting testing mode
ptd-server 2022-02-18 21:58:25,534 [INFO] Sending to ptd: 'Go,1000,0,2022-02-18_21-47-09_testing'
ptd-server 2022-02-18 21:58:25,534 [INFO] Reply from ptd: 'Starting untimed measurement, maximum 500000 samples at 1000ms with 0 rampup samples'
ptd-server 2022-02-18 21:58:25,535 [INFO] Sending reply to client 'OK'
ptd-server 2022-02-18 22:08:50,547 [INFO] Got command from the client 'session,2022-02-18_21-47-09,stop,testing'
ptd-server 2022-02-18 22:09:00,557 [INFO] Sending to ptd: 'Stop'
ptd-server 2022-02-18 22:09:00,558 [INFO] Reply from ptd: 'Stopping untimed measurement'
ptd-server 2022-02-18 22:09:00,708 [INFO] Sending reply to client 'OK'
ptd-server 2022-02-18 22:09:00,731 [INFO] Got command from the client 'session,2022-02-18_21-47-09,done'
ptd-server 2022-02-18 22:09:00,731 [INFO] Sending to ptd: 'Stop'
ptd-server 2022-02-18 22:09:01,534 [INFO] Reply from ptd: 'Error: no measurement to stop'
ptd-server 2022-02-18 22:09:01,534 [INFO] Sending to ptd: 'SR,V,300.000000'
ptd-server 2022-02-18 22:09:03,036 [INFO] Reply from ptd: 'Range V changed'
ptd-server 2022-02-18 22:09:03,036 [INFO] Sending to ptd: 'SR,A,0.500000'
ptd-server 2022-02-18 22:09:04,537 [INFO] Reply from ptd: 'Range A changed'
ptd-server 2022-02-18 22:09:04,537 [INFO] Set initial values for Amps 0.500000 and Volts 300.000000
ptd-server 2022-02-18 22:09:04,538 [INFO] Stopping ptd...
