ptd-server 2022-02-25 06:08:13,854 [INFO] Got command from the client 'time'
ptd-server 2022-02-25 06:08:13,854 [INFO] Sending reply to client '1645769293.854534'
ptd-server 2022-02-25 06:08:13,857 [INFO] Got command from the client 'new,,9c36452d-9ae6-4011-94ad-d7bd9cddee16'
ptd-server 2022-02-25 06:08:13,858 [INFO] Sending reply to client 'OK 2022-02-25_06-08-13,c4a67f86-d1f2-4bcb-9893-630241540cc2'
ptd-server 2022-02-25 06:08:13,912 [INFO] Got command from the client 'time'
ptd-server 2022-02-25 06:08:13,912 [INFO] Sending reply to client '1645769293.912914'
ptd-server 2022-02-25 06:08:13,915 [INFO] Got command from the client 'session,2022-02-25_06-08-13,start,ranging'
ptd-server 2022-02-25 06:08:13,915 [INFO] Running PTDaemon: ['/home/anton/projects/mlperf/power/inference_v1.0/ptd-linux-x86', '-l', '/tmp/tmp0_fn53vp/ptd_logfile.txt', '-p', '8888', '49', '/dev/usbtmc0']
ptd-server 2022-02-25 06:08:31,089 [INFO] Sending to ptd: 'Hello'
ptd-server 2022-02-25 06:08:31,090 [INFO] Reply from ptd: 'Hello, PTDaemon here!'
ptd-server 2022-02-25 06:08:31,090 [INFO] Sending to ptd: 'Identify'
ptd-server 2022-02-25 06:08:31,090 [INFO] Reply from ptd: 'YokogawaWT310E,1000,1,1,1,1,0,1,1,version=1.9.2-e8c7a49a-20201208,OS=Linux 5.13.0-30-generic #33~20.04.1-Ubuntu SMP Mon Feb 7 14:25:10 UTC 2022 x86_64,mode=power,1,1,1,0,0,no_cal_date,YOKOGAWA;WT310E;C3XA04010E;F1.04'
ptd-server 2022-02-25 06:08:31,090 [INFO] Connected to PTDaemon
ptd-server 2022-02-25 06:08:31,090 [INFO] Sending to ptd: 'RR'
ptd-server 2022-02-25 06:08:31,091 [INFO] Reply from ptd: 'Ranges,0,0.500000,1,300.000000'
ptd-server 2022-02-25 06:08:31,091 [INFO] Initial range for Amps is 0.500000 for Volts is Auto
ptd-server 2022-02-25 06:08:31,091 [INFO] Sending to ptd: 'SR,V,Auto'
ptd-server 2022-02-25 06:08:31,593 [INFO] Reply from ptd: 'Range V changed'
ptd-server 2022-02-25 06:08:31,594 [INFO] Sending to ptd: 'SR,A,Auto'
ptd-server 2022-02-25 06:08:32,096 [INFO] Reply from ptd: 'Range A changed'
ptd-server 2022-02-25 06:08:42,106 [INFO] Starting ranging mode
ptd-server 2022-02-25 06:08:42,107 [INFO] Sending to ptd: 'Go,1000,0,2022-02-25_06-08-13_ranging'
ptd-server 2022-02-25 06:08:42,107 [INFO] Reply from ptd: 'Starting untimed measurement, maximum 500000 samples at 1000ms with 0 rampup samples'
ptd-server 2022-02-25 06:08:42,107 [INFO] Sending reply to client 'OK'
ptd-server 2022-02-25 06:20:56,110 [INFO] Got command from the client 'session,2022-02-25_06-08-13,stop,ranging'
ptd-server 2022-02-25 06:21:06,120 [INFO] Sending to ptd: 'Stop'
ptd-server 2022-02-25 06:21:06,121 [INFO] Reply from ptd: 'Stopping untimed measurement'
ptd-server 2022-02-25 06:21:06,323 [INFO] Sending reply to client 'OK'
ptd-server 2022-02-25 06:21:06,456 [INFO] Got command from the client 'time'
ptd-server 2022-02-25 06:21:06,456 [INFO] Sending reply to client '1645770066.456407'
ptd-server 2022-02-25 06:21:06,460 [INFO] Got command from the client 'session,2022-02-25_06-08-13,start,testing'
ptd-server 2022-02-25 06:21:06,460 [INFO] Sending to ptd: 'SR,V,250.530000'
ptd-server 2022-02-25 06:21:08,608 [INFO] Reply from ptd: 'Range V changed'
ptd-server 2022-02-25 06:21:08,608 [INFO] Sending to ptd: 'SR,A,0.211060'
ptd-server 2022-02-25 06:21:10,110 [INFO] Reply from ptd: 'Range A changed'
ptd-server 2022-02-25 06:21:20,120 [INFO] Starting testing mode
ptd-server 2022-02-25 06:21:20,120 [INFO] Sending to ptd: 'Go,1000,0,2022-02-25_06-08-13_testing'
ptd-server 2022-02-25 06:21:20,120 [INFO] Reply from ptd: 'Starting untimed measurement, maximum 500000 samples at 1000ms with 0 rampup samples'
ptd-server 2022-02-25 06:21:20,121 [INFO] Sending reply to client 'OK'
ptd-server 2022-02-25 06:33:34,843 [INFO] Got command from the client 'session,2022-02-25_06-08-13,stop,testing'
ptd-server 2022-02-25 06:33:44,853 [INFO] Sending to ptd: 'Stop'
ptd-server 2022-02-25 06:33:44,853 [INFO] Reply from ptd: 'Stopping untimed measurement'
ptd-server 2022-02-25 06:33:44,967 [INFO] Sending reply to client 'OK'
ptd-server 2022-02-25 06:33:44,994 [INFO] Got command from the client 'session,2022-02-25_06-08-13,done'
ptd-server 2022-02-25 06:33:44,994 [INFO] Sending to ptd: 'Stop'
ptd-server 2022-02-25 06:33:45,121 [INFO] Reply from ptd: 'Error: no measurement to stop'
ptd-server 2022-02-25 06:33:45,121 [INFO] Sending to ptd: 'SR,V,Auto'
ptd-server 2022-02-25 06:33:45,624 [INFO] Reply from ptd: 'Range V changed'
ptd-server 2022-02-25 06:33:45,624 [INFO] Sending to ptd: 'SR,A,0.500000'
ptd-server 2022-02-25 06:33:47,126 [INFO] Reply from ptd: 'Range A changed'
ptd-server 2022-02-25 06:33:47,126 [INFO] Set initial values for Amps 0.500000 and Volts Auto
ptd-server 2022-02-25 06:33:47,126 [INFO] Stopping ptd...
