ptd-server 2022-02-22 20:15:04,403 [INFO] Got command from the client 'time'
ptd-server 2022-02-22 20:15:04,403 [INFO] Sending reply to client '1645582504.40396'
ptd-server 2022-02-22 20:15:04,405 [INFO] Got command from the client 'new,,60a9efe2-0f48-4cfd-8a42-2a538fc7065c'
ptd-server 2022-02-22 20:15:04,405 [INFO] Sending reply to client 'OK 2022-02-22_20-15-04,4633b496-bada-411a-a384-7ec8d37d9e56'
ptd-server 2022-02-22 20:15:04,512 [INFO] Got command from the client 'time'
ptd-server 2022-02-22 20:15:04,512 [INFO] Sending reply to client '1645582504.5121708'
ptd-server 2022-02-22 20:15:04,514 [INFO] Got command from the client 'session,2022-02-22_20-15-04,start,ranging'
ptd-server 2022-02-22 20:15:04,514 [INFO] Running PTDaemon: ['/local/mnt/workspace/mlcommons/power-main/inference_v1.0/ptd-linux-x86', '-l', '/tmp/tmp_4uvehih/ptd_logfile.txt', '-p', '8880', '-c', '3', '52', '/dev/usbtmc0']
ptd-server 2022-02-22 20:15:21,582 [INFO] Sending to ptd: 'Hello'
ptd-server 2022-02-22 20:15:21,583 [INFO] Reply from ptd: 'Hello, PTDaemon here!'
ptd-server 2022-02-22 20:15:21,583 [INFO] Sending to ptd: 'Identify'
ptd-server 2022-02-22 20:15:21,584 [INFO] Reply from ptd: 'YokogawaWT330E,1000,1,1,1,1,0,0,1,version=1.9.2-e8c7a49a-20201208,OS=Linux 4.4.0-210-generic #242-Ubuntu SMP Fri Apr 16 09:57:56 UTC 2021 x86_64,mode=power,1,1,1,0,0,no_cal_date,YOKOGAWA;WT333E;C2XC17005V;F1.04'
ptd-server 2022-02-22 20:15:21,584 [INFO] Connected to PTDaemon
ptd-server 2022-02-22 20:15:21,584 [INFO] Sending to ptd: 'RR'
ptd-server 2022-02-22 20:15:21,584 [INFO] Reply from ptd: 'Ranges,1,2.000000,1,150.000000'
ptd-server 2022-02-22 20:15:21,585 [INFO] Initial range for Amps is Auto for Volts is Auto
ptd-server 2022-02-22 20:15:21,585 [INFO] Sending to ptd: 'SR,V,Auto'
ptd-server 2022-02-22 20:15:22,087 [INFO] Reply from ptd: 'Range V changed'
ptd-server 2022-02-22 20:15:22,088 [INFO] Sending to ptd: 'SR,A,Auto'
ptd-server 2022-02-22 20:15:22,590 [INFO] Reply from ptd: 'Range A changed'
ptd-server 2022-02-22 20:15:32,594 [INFO] Starting ranging mode
ptd-server 2022-02-22 20:15:32,594 [INFO] Sending to ptd: 'Go,1000,0,2022-02-22_20-15-04_ranging'
ptd-server 2022-02-22 20:15:32,594 [INFO] Reply from ptd: 'Starting untimed measurement, maximum 500000 samples at 1000ms with 0 rampup samples'
ptd-server 2022-02-22 20:15:32,594 [INFO] Sending reply to client 'OK'
ptd-server 2022-02-22 20:27:31,038 [INFO] Got command from the client 'session,2022-02-22_20-15-04,stop,ranging'
ptd-server 2022-02-22 20:27:41,048 [INFO] Sending to ptd: 'Stop'
ptd-server 2022-02-22 20:27:41,049 [INFO] Reply from ptd: 'Stopping untimed measurement'
ptd-server 2022-02-22 20:27:41,218 [INFO] Sending reply to client 'OK'
ptd-server 2022-02-22 20:27:41,354 [INFO] Got command from the client 'time'
ptd-server 2022-02-22 20:27:41,354 [INFO] Sending reply to client '1645583261.354579'
ptd-server 2022-02-22 20:27:41,359 [INFO] Got command from the client 'session,2022-02-22_20-15-04,start,testing'
ptd-server 2022-02-22 20:27:41,360 [INFO] Sending to ptd: 'SR,V,123.910000'
ptd-server 2022-02-22 20:27:43,095 [INFO] Reply from ptd: 'Range V changed'
ptd-server 2022-02-22 20:27:43,096 [INFO] Sending to ptd: 'SR,A,0.132100'
ptd-server 2022-02-22 20:27:44,597 [INFO] Reply from ptd: 'Range A changed'
ptd-server 2022-02-22 20:27:54,600 [INFO] Starting testing mode
ptd-server 2022-02-22 20:27:54,600 [INFO] Sending to ptd: 'Go,1000,0,2022-02-22_20-15-04_testing'
ptd-server 2022-02-22 20:27:54,601 [INFO] Reply from ptd: 'Starting untimed measurement, maximum 500000 samples at 1000ms with 0 rampup samples'
ptd-server 2022-02-22 20:27:54,601 [INFO] Sending reply to client 'OK'
ptd-server 2022-02-22 20:39:54,852 [INFO] Got command from the client 'session,2022-02-22_20-15-04,stop,testing'
ptd-server 2022-02-22 20:40:04,862 [INFO] Sending to ptd: 'Stop'
ptd-server 2022-02-22 20:40:04,863 [INFO] Reply from ptd: 'Stopping untimed measurement'
ptd-server 2022-02-22 20:40:04,937 [INFO] Sending reply to client 'OK'
ptd-server 2022-02-22 20:40:04,979 [INFO] Got command from the client 'session,2022-02-22_20-15-04,done'
ptd-server 2022-02-22 20:40:04,979 [INFO] Sending to ptd: 'Stop'
ptd-server 2022-02-22 20:40:05,602 [INFO] Reply from ptd: 'Error: no measurement to stop'
ptd-server 2022-02-22 20:40:05,603 [INFO] Sending to ptd: 'SR,V,Auto'
ptd-server 2022-02-22 20:40:06,106 [INFO] Reply from ptd: 'Range V changed'
ptd-server 2022-02-22 20:40:06,106 [INFO] Sending to ptd: 'SR,A,Auto'
ptd-server 2022-02-22 20:40:06,609 [INFO] Reply from ptd: 'Range A changed'
ptd-server 2022-02-22 20:40:06,609 [INFO] Set initial values for Amps Auto and Volts Auto
ptd-server 2022-02-22 20:40:06,609 [INFO] Stopping ptd...
