ptd-server 2022-02-17 18:32:19,570 [INFO] Got command from the client 'time'
ptd-server 2022-02-17 18:32:19,570 [INFO] Sending reply to client '1645122739.5708575'
ptd-server 2022-02-17 18:32:19,573 [INFO] Got command from the client 'new,,cf7ea313-54d6-486f-8f20-7dc1900e874b'
ptd-server 2022-02-17 18:32:19,573 [INFO] Sending reply to client 'OK 2022-02-17_18-32-19,c75af697-6038-4a72-a106-3774f4e5d681'
ptd-server 2022-02-17 18:32:19,607 [INFO] Got command from the client 'time'
ptd-server 2022-02-17 18:32:19,607 [INFO] Sending reply to client '1645122739.6077979'
ptd-server 2022-02-17 18:32:19,609 [INFO] Got command from the client 'session,2022-02-17_18-32-19,start,ranging'
ptd-server 2022-02-17 18:32:19,609 [INFO] Running PTDaemon: ['/home/anton/projects/mlperf/power/inference_v1.0/ptd-linux-x86', '-l', '/tmp/tmpgldyt7rr/ptd_logfile.txt', '-p', '8888', '49', '/dev/usbtmc0']
ptd-server 2022-02-17 18:32:36,782 [INFO] Sending to ptd: 'Hello'
ptd-server 2022-02-17 18:32:36,783 [INFO] Reply from ptd: 'Hello, PTDaemon here!'
ptd-server 2022-02-17 18:32:36,783 [INFO] Sending to ptd: 'Identify'
ptd-server 2022-02-17 18:32:36,783 [INFO] Reply from ptd: 'YokogawaWT310E,1000,1,1,1,1,0,1,1,version=1.9.2-e8c7a49a-20201208,OS=Linux 5.13.0-28-generic #31~20.04.1-Ubuntu SMP Wed Jan 19 14:08:10 UTC 2022 x86_64,mode=power,1,1,1,0,0,no_cal_date,YOKOGAWA;WT310E;C3XA04010E;F1.04'
ptd-server 2022-02-17 18:32:36,783 [INFO] Connected to PTDaemon
ptd-server 2022-02-17 18:32:36,783 [INFO] Sending to ptd: 'RR'
ptd-server 2022-02-17 18:32:36,784 [INFO] Reply from ptd: 'Ranges,0,0.500000,0,300.000000'
ptd-server 2022-02-17 18:32:36,784 [INFO] Initial range for Amps is 0.500000 for Volts is 300.000000
ptd-server 2022-02-17 18:32:36,784 [INFO] Sending to ptd: 'SR,V,Auto'
ptd-server 2022-02-17 18:32:37,286 [INFO] Reply from ptd: 'Range V changed'
ptd-server 2022-02-17 18:32:37,287 [INFO] Sending to ptd: 'SR,A,Auto'
ptd-server 2022-02-17 18:32:37,789 [INFO] Reply from ptd: 'Range A changed'
ptd-server 2022-02-17 18:32:47,799 [INFO] Starting ranging mode
ptd-server 2022-02-17 18:32:47,800 [INFO] Sending to ptd: 'Go,1000,0,2022-02-17_18-32-19_ranging'
ptd-server 2022-02-17 18:32:47,800 [INFO] Reply from ptd: 'Starting untimed measurement, maximum 500000 samples at 1000ms with 0 rampup samples'
ptd-server 2022-02-17 18:32:47,800 [INFO] Sending reply to client 'OK'
ptd-server 2022-02-17 18:43:05,021 [INFO] Got command from the client 'session,2022-02-17_18-32-19,stop,ranging'
ptd-server 2022-02-17 18:43:15,032 [INFO] Sending to ptd: 'Stop'
ptd-server 2022-02-17 18:43:15,032 [INFO] Reply from ptd: 'Stopping untimed measurement'
ptd-server 2022-02-17 18:43:15,229 [INFO] Sending reply to client 'OK'
ptd-server 2022-02-17 18:43:15,308 [INFO] Got command from the client 'time'
ptd-server 2022-02-17 18:43:15,308 [INFO] Sending reply to client '1645123395.3087256'
ptd-server 2022-02-17 18:43:15,312 [INFO] Got command from the client 'session,2022-02-17_18-32-19,start,testing'
ptd-server 2022-02-17 18:43:15,312 [INFO] Sending to ptd: 'SR,V,251.810000'
ptd-server 2022-02-17 18:43:17,301 [INFO] Reply from ptd: 'Range V changed'
ptd-server 2022-02-17 18:43:17,302 [INFO] Sending to ptd: 'SR,A,0.044910'
ptd-server 2022-02-17 18:43:18,803 [INFO] Reply from ptd: 'Range A changed'
ptd-server 2022-02-17 18:43:28,813 [INFO] Starting testing mode
ptd-server 2022-02-17 18:43:28,813 [INFO] Sending to ptd: 'Go,1000,0,2022-02-17_18-32-19_testing'
ptd-server 2022-02-17 18:43:28,814 [INFO] Reply from ptd: 'Starting untimed measurement, maximum 500000 samples at 1000ms with 0 rampup samples'
ptd-server 2022-02-17 18:43:28,814 [INFO] Sending reply to client 'OK'
ptd-server 2022-02-17 18:53:46,659 [INFO] Got command from the client 'session,2022-02-17_18-32-19,stop,testing'
ptd-server 2022-02-17 18:53:56,670 [INFO] Sending to ptd: 'Stop'
ptd-server 2022-02-17 18:53:56,670 [INFO] Reply from ptd: 'Stopping untimed measurement'
ptd-server 2022-02-17 18:53:56,782 [INFO] Sending reply to client 'OK'
ptd-server 2022-02-17 18:53:56,824 [INFO] Got command from the client 'session,2022-02-17_18-32-19,done'
ptd-server 2022-02-17 18:53:56,824 [INFO] Sending to ptd: 'Stop'
ptd-server 2022-02-17 18:53:56,825 [INFO] Reply from ptd: 'Error: no measurement to stop'
ptd-server 2022-02-17 18:53:56,825 [INFO] Sending to ptd: 'SR,V,300.000000'
ptd-server 2022-02-17 18:53:58,326 [INFO] Reply from ptd: 'Range V changed'
ptd-server 2022-02-17 18:53:58,326 [INFO] Sending to ptd: 'SR,A,0.500000'
ptd-server 2022-02-17 18:53:59,828 [INFO] Reply from ptd: 'Range A changed'
ptd-server 2022-02-17 18:53:59,828 [INFO] Set initial values for Amps 0.500000 and Volts 300.000000
ptd-server 2022-02-17 18:53:59,828 [INFO] Stopping ptd...
