ptd-server 2022-02-14 22:09:44,334 [INFO] Got command from the client 'time'
ptd-server 2022-02-14 22:09:44,335 [INFO] Sending reply to client '1644876584.3349826'
ptd-server 2022-02-14 22:09:44,337 [INFO] Got command from the client 'new,,97678b97-ee67-4830-b3aa-ef13ebe64e22'
ptd-server 2022-02-14 22:09:44,338 [INFO] Sending reply to client 'OK 2022-02-14_22-09-44,0767e130-e2e0-4a3d-a08b-f75a50cc2b68'
ptd-server 2022-02-14 22:09:44,385 [INFO] Got command from the client 'time'
ptd-server 2022-02-14 22:09:44,385 [INFO] Sending reply to client '1644876584.3857095'
ptd-server 2022-02-14 22:09:44,387 [INFO] Got command from the client 'session,2022-02-14_22-09-44,start,ranging'
ptd-server 2022-02-14 22:09:44,388 [INFO] Running PTDaemon: ['/home/anton/projects/mlperf/power/inference_v1.0/ptd-linux-x86', '-l', '/tmp/tmpxvec0g6h/ptd_logfile.txt', '-p', '8888', '49', '/dev/usbtmc0']
ptd-server 2022-02-14 22:10:01,561 [INFO] Sending to ptd: 'Hello'
ptd-server 2022-02-14 22:10:01,561 [INFO] Reply from ptd: 'Hello, PTDaemon here!'
ptd-server 2022-02-14 22:10:01,561 [INFO] Sending to ptd: 'Identify'
ptd-server 2022-02-14 22:10:01,562 [INFO] Reply from ptd: 'YokogawaWT310E,1000,1,1,1,1,0,1,1,version=1.9.2-e8c7a49a-20201208,OS=Linux 5.13.0-27-generic #29~20.04.1-Ubuntu SMP Fri Jan 14 00:32:30 UTC 2022 x86_64,mode=power,1,1,1,0,0,no_cal_date,YOKOGAWA;WT310E;C3XA04010E;F1.04'
ptd-server 2022-02-14 22:10:01,562 [INFO] Connected to PTDaemon
ptd-server 2022-02-14 22:10:01,562 [INFO] Sending to ptd: 'RR'
ptd-server 2022-02-14 22:10:01,562 [INFO] Reply from ptd: 'Ranges,0,0.500000,0,300.000000'
ptd-server 2022-02-14 22:10:01,562 [INFO] Initial range for Amps is 0.500000 for Volts is 300.000000
ptd-server 2022-02-14 22:10:01,563 [INFO] Sending to ptd: 'SR,V,Auto'
ptd-server 2022-02-14 22:10:02,065 [INFO] Reply from ptd: 'Range V changed'
ptd-server 2022-02-14 22:10:02,065 [INFO] Sending to ptd: 'SR,A,Auto'
ptd-server 2022-02-14 22:10:02,568 [INFO] Reply from ptd: 'Range A changed'
ptd-server 2022-02-14 22:10:12,578 [INFO] Starting ranging mode
ptd-server 2022-02-14 22:10:12,578 [INFO] Sending to ptd: 'Go,1000,0,2022-02-14_22-09-44_ranging'
ptd-server 2022-02-14 22:10:12,579 [INFO] Reply from ptd: 'Starting untimed measurement, maximum 500000 samples at 1000ms with 0 rampup samples'
ptd-server 2022-02-14 22:10:12,579 [INFO] Sending reply to client 'OK'
ptd-server 2022-02-14 22:20:31,895 [INFO] Got command from the client 'session,2022-02-14_22-09-44,stop,ranging'
ptd-server 2022-02-14 22:20:41,905 [INFO] Sending to ptd: 'Stop'
ptd-server 2022-02-14 22:20:41,906 [INFO] Reply from ptd: 'Stopping untimed measurement'
ptd-server 2022-02-14 22:20:42,687 [INFO] Sending reply to client 'OK'
ptd-server 2022-02-14 22:20:42,742 [INFO] Got command from the client 'time'
ptd-server 2022-02-14 22:20:42,743 [INFO] Sending reply to client '1644877242.743084'
ptd-server 2022-02-14 22:20:42,745 [INFO] Got command from the client 'session,2022-02-14_22-09-44,start,testing'
ptd-server 2022-02-14 22:20:42,745 [INFO] Sending to ptd: 'SR,V,249.640000'
ptd-server 2022-02-14 22:20:44,247 [INFO] Reply from ptd: 'Range V changed'
ptd-server 2022-02-14 22:20:44,247 [INFO] Sending to ptd: 'SR,A,0.209730'
ptd-server 2022-02-14 22:20:45,748 [INFO] Reply from ptd: 'Range A changed'
ptd-server 2022-02-14 22:20:55,758 [INFO] Starting testing mode
ptd-server 2022-02-14 22:20:55,759 [INFO] Sending to ptd: 'Go,1000,0,2022-02-14_22-09-44_testing'
ptd-server 2022-02-14 22:20:55,759 [INFO] Reply from ptd: 'Starting untimed measurement, maximum 500000 samples at 1000ms with 0 rampup samples'
ptd-server 2022-02-14 22:20:55,759 [INFO] Sending reply to client 'OK'
ptd-server 2022-02-14 22:31:15,413 [INFO] Got command from the client 'session,2022-02-14_22-09-44,stop,testing'
ptd-server 2022-02-14 22:31:25,424 [INFO] Sending to ptd: 'Stop'
ptd-server 2022-02-14 22:31:25,424 [INFO] Reply from ptd: 'Stopping untimed measurement'
ptd-server 2022-02-14 22:31:25,833 [INFO] Sending reply to client 'OK'
ptd-server 2022-02-14 22:31:25,852 [INFO] Got command from the client 'session,2022-02-14_22-09-44,done'
ptd-server 2022-02-14 22:31:25,853 [INFO] Sending to ptd: 'Stop'
ptd-server 2022-02-14 22:31:25,853 [INFO] Reply from ptd: 'Error: no measurement to stop'
ptd-server 2022-02-14 22:31:25,853 [INFO] Sending to ptd: 'SR,V,300.000000'
ptd-server 2022-02-14 22:31:27,354 [INFO] Reply from ptd: 'Range V changed'
ptd-server 2022-02-14 22:31:27,355 [INFO] Sending to ptd: 'SR,A,0.500000'
ptd-server 2022-02-14 22:31:28,856 [INFO] Reply from ptd: 'Range A changed'
ptd-server 2022-02-14 22:31:28,856 [INFO] Set initial values for Amps 0.500000 and Volts 300.000000
ptd-server 2022-02-14 22:31:28,856 [INFO] Stopping ptd...
