ptd-server 2022-02-18 23:34:12,601 [INFO] Got command from the client 'time'
ptd-server 2022-02-18 23:34:12,601 [INFO] Sending reply to client '1645248852.601261'
ptd-server 2022-02-18 23:34:12,602 [INFO] Got command from the client 'new,,cb4584f3-a945-4b80-a3d9-058b6b064285'
ptd-server 2022-02-18 23:34:12,602 [INFO] Sending reply to client 'OK 2022-02-18_23-34-12,0b916d71-89df-4da5-8c21-17bad3ce1af7'
ptd-server 2022-02-18 23:34:12,689 [INFO] Got command from the client 'time'
ptd-server 2022-02-18 23:34:12,689 [INFO] Sending reply to client '1645248852.689926'
ptd-server 2022-02-18 23:34:12,690 [INFO] Got command from the client 'session,2022-02-18_23-34-12,start,ranging'
ptd-server 2022-02-18 23:34:12,691 [INFO] Running PTDaemon: ['/local/mnt/workspace/mlcommons/power-main/inference_v1.0/ptd-linux-x86', '-l', '/tmp/tmprkpz3dbq/ptd_logfile.txt', '-p', '8888', '-c', '1,2', '77', '/dev/usbtmc0']
ptd-server 2022-02-18 23:34:30,286 [INFO] Sending to ptd: 'Hello'
ptd-server 2022-02-18 23:34:30,287 [INFO] Reply from ptd: 'Hello, PTDaemon here!'
ptd-server 2022-02-18 23:34:30,287 [INFO] Sending to ptd: 'Identify'
ptd-server 2022-02-18 23:34:30,287 [INFO] Reply from ptd: 'YokogawaWT330_multichannel,1000,1,1,1,1,0,0,1,version=1.9.2-e8c7a49a-20201208,OS=Linux 4.15.0-142-generic #146~16.04.1-Ubuntu SMP Tue Apr 13 09:27:15 UTC 2021 x86_64,mode=power,1,1,2,0,0,no_cal_date,YOKOGAWA;WT333E;C2XC17004V;F1.04'
ptd-server 2022-02-18 23:34:30,287 [INFO] Connected to PTDaemon
ptd-server 2022-02-18 23:34:30,288 [INFO] Sending to ptd: 'RR'
ptd-server 2022-02-18 23:34:30,288 [INFO] Reply from ptd: 'Ranges,-1,-1.000000,-1,-1.000000'
ptd-server 2022-02-18 23:34:30,288 [INFO] Initial range for Amps is Auto for Volts is Auto
ptd-server 2022-02-18 23:34:30,288 [INFO] Sending to ptd: 'SR,V,Auto'
ptd-server 2022-02-18 23:34:35,346 [INFO] Reply from ptd: 'Range V changed'
ptd-server 2022-02-18 23:34:35,346 [INFO] Sending to ptd: 'SR,A,Auto'
ptd-server 2022-02-18 23:34:40,399 [INFO] Reply from ptd: 'Range A changed'
ptd-server 2022-02-18 23:34:50,410 [INFO] Starting ranging mode
ptd-server 2022-02-18 23:34:50,411 [INFO] Sending to ptd: 'Go,1000,0,2022-02-18_23-34-12_ranging'
ptd-server 2022-02-18 23:34:50,411 [INFO] Reply from ptd: 'Starting untimed measurement, maximum 500000 samples at 1000ms with 0 rampup samples'
ptd-server 2022-02-18 23:34:50,412 [INFO] Sending reply to client 'OK'
ptd-server 2022-02-18 23:48:35,171 [INFO] Got command from the client 'session,2022-02-18_23-34-12,stop,ranging'
ptd-server 2022-02-18 23:48:45,182 [INFO] Sending to ptd: 'Stop'
ptd-server 2022-02-18 23:48:45,182 [INFO] Reply from ptd: 'Stopping untimed measurement'
ptd-server 2022-02-18 23:48:45,223 [INFO] Sending reply to client 'OK'
ptd-server 2022-02-18 23:48:45,338 [INFO] Got command from the client 'time'
ptd-server 2022-02-18 23:48:45,339 [INFO] Sending reply to client '1645249725.3390555'
ptd-server 2022-02-18 23:48:45,339 [INFO] Got command from the client 'session,2022-02-18_23-34-12,start,testing'
ptd-server 2022-02-18 23:48:45,340 [INFO] Sending to ptd: 'SR,V,212.640000'
ptd-server 2022-02-18 23:48:51,463 [INFO] Reply from ptd: 'Range V changed'
ptd-server 2022-02-18 23:48:51,463 [INFO] Sending to ptd: 'SR,A,3.102500'
ptd-server 2022-02-18 23:48:57,015 [INFO] Reply from ptd: 'Range A changed'
ptd-server 2022-02-18 23:49:07,026 [INFO] Starting testing mode
ptd-server 2022-02-18 23:49:07,026 [INFO] Sending to ptd: 'Go,1000,0,2022-02-18_23-34-12_testing'
ptd-server 2022-02-18 23:49:07,026 [INFO] Reply from ptd: 'Starting untimed measurement, maximum 500000 samples at 1000ms with 0 rampup samples'
ptd-server 2022-02-18 23:49:07,026 [INFO] Sending reply to client 'OK'
ptd-server 2022-02-19 00:02:51,939 [INFO] Got command from the client 'session,2022-02-18_23-34-12,stop,testing'
ptd-server 2022-02-19 00:03:01,950 [INFO] Sending to ptd: 'Stop'
ptd-server 2022-02-19 00:03:01,950 [INFO] Reply from ptd: 'Stopping untimed measurement'
ptd-server 2022-02-19 00:03:01,961 [INFO] Sending reply to client 'OK'
ptd-server 2022-02-19 00:03:01,966 [INFO] Got command from the client 'session,2022-02-18_23-34-12,done'
ptd-server 2022-02-19 00:03:01,966 [INFO] Sending to ptd: 'Stop'
ptd-server 2022-02-19 00:03:02,026 [INFO] Reply from ptd: 'Error: no measurement to stop'
ptd-server 2022-02-19 00:03:02,026 [INFO] Sending to ptd: 'SR,V,Auto'
ptd-server 2022-02-19 00:03:07,079 [INFO] Reply from ptd: 'Range V changed'
ptd-server 2022-02-19 00:03:07,079 [INFO] Sending to ptd: 'SR,A,Auto'
ptd-server 2022-02-19 00:03:12,132 [INFO] Reply from ptd: 'Range A changed'
ptd-server 2022-02-19 00:03:12,133 [INFO] Set initial values for Amps Auto and Volts Auto
ptd-server 2022-02-19 00:03:12,133 [INFO] Stopping ptd...
