ptd-server 2022-02-14 07:11:39,579 [INFO] Got command from the client 'time'
ptd-server 2022-02-14 07:11:39,580 [INFO] Sending reply to client '1644822699.5800073'
ptd-server 2022-02-14 07:11:39,582 [INFO] Got command from the client 'new,,da09975a-b3a9-463f-a107-393d02f96cc5'
ptd-server 2022-02-14 07:11:39,582 [INFO] Sending reply to client 'OK 2022-02-14_07-11-39,9f33be13-4afa-4c66-960e-20db9fc221e9'
ptd-server 2022-02-14 07:11:39,619 [INFO] Got command from the client 'time'
ptd-server 2022-02-14 07:11:39,619 [INFO] Sending reply to client '1644822699.619967'
ptd-server 2022-02-14 07:11:39,622 [INFO] Got command from the client 'session,2022-02-14_07-11-39,start,ranging'
ptd-server 2022-02-14 07:11:39,622 [INFO] Running PTDaemon: ['/home/anton/projects/mlperf/power/inference_v1.0/ptd-linux-x86', '-l', '/tmp/tmpxvec0g6h/ptd_logfile.txt', '-p', '8888', '49', '/dev/usbtmc0']
ptd-server 2022-02-14 07:11:56,795 [INFO] Sending to ptd: 'Hello'
ptd-server 2022-02-14 07:11:56,796 [INFO] Reply from ptd: 'Hello, PTDaemon here!'
ptd-server 2022-02-14 07:11:56,796 [INFO] Sending to ptd: 'Identify'
ptd-server 2022-02-14 07:11:56,796 [INFO] Reply from ptd: 'YokogawaWT310E,1000,1,1,1,1,0,1,1,version=1.9.2-e8c7a49a-20201208,OS=Linux 5.13.0-27-generic #29~20.04.1-Ubuntu SMP Fri Jan 14 00:32:30 UTC 2022 x86_64,mode=power,1,1,1,0,0,no_cal_date,YOKOGAWA;WT310E;C3XA04010E;F1.04'
ptd-server 2022-02-14 07:11:56,796 [INFO] Connected to PTDaemon
ptd-server 2022-02-14 07:11:56,796 [INFO] Sending to ptd: 'RR'
ptd-server 2022-02-14 07:11:56,797 [INFO] Reply from ptd: 'Ranges,0,0.500000,0,300.000000'
ptd-server 2022-02-14 07:11:56,797 [INFO] Initial range for Amps is 0.500000 for Volts is 300.000000
ptd-server 2022-02-14 07:11:56,797 [INFO] Sending to ptd: 'SR,V,Auto'
ptd-server 2022-02-14 07:11:57,300 [INFO] Reply from ptd: 'Range V changed'
ptd-server 2022-02-14 07:11:57,300 [INFO] Sending to ptd: 'SR,A,Auto'
ptd-server 2022-02-14 07:11:57,802 [INFO] Reply from ptd: 'Range A changed'
ptd-server 2022-02-14 07:12:07,812 [INFO] Starting ranging mode
ptd-server 2022-02-14 07:12:07,813 [INFO] Sending to ptd: 'Go,1000,0,2022-02-14_07-11-39_ranging'
ptd-server 2022-02-14 07:12:07,813 [INFO] Reply from ptd: 'Starting untimed measurement, maximum 500000 samples at 1000ms with 0 rampup samples'
ptd-server 2022-02-14 07:12:07,813 [INFO] Sending reply to client 'OK'
ptd-server 2022-02-14 07:22:23,742 [INFO] Got command from the client 'session,2022-02-14_07-11-39,stop,ranging'
ptd-server 2022-02-14 07:22:33,752 [INFO] Sending to ptd: 'Stop'
ptd-server 2022-02-14 07:22:33,753 [INFO] Reply from ptd: 'Stopping untimed measurement'
ptd-server 2022-02-14 07:22:34,453 [INFO] Sending reply to client 'OK'
ptd-server 2022-02-14 07:22:34,514 [INFO] Got command from the client 'time'
ptd-server 2022-02-14 07:22:34,514 [INFO] Sending reply to client '1644823354.514804'
ptd-server 2022-02-14 07:22:34,517 [INFO] Got command from the client 'session,2022-02-14_07-11-39,start,testing'
ptd-server 2022-02-14 07:22:34,517 [INFO] Sending to ptd: 'SR,V,249.210000'
ptd-server 2022-02-14 07:22:36,018 [INFO] Reply from ptd: 'Range V changed'
ptd-server 2022-02-14 07:22:36,018 [INFO] Sending to ptd: 'SR,A,0.143910'
ptd-server 2022-02-14 07:22:37,520 [INFO] Reply from ptd: 'Range A changed'
ptd-server 2022-02-14 07:22:47,530 [INFO] Starting testing mode
ptd-server 2022-02-14 07:22:47,530 [INFO] Sending to ptd: 'Go,1000,0,2022-02-14_07-11-39_testing'
ptd-server 2022-02-14 07:22:47,531 [INFO] Reply from ptd: 'Starting untimed measurement, maximum 500000 samples at 1000ms with 0 rampup samples'
ptd-server 2022-02-14 07:22:47,531 [INFO] Sending reply to client 'OK'
ptd-server 2022-02-14 07:33:03,392 [INFO] Got command from the client 'session,2022-02-14_07-11-39,stop,testing'
ptd-server 2022-02-14 07:33:13,403 [INFO] Sending to ptd: 'Stop'
ptd-server 2022-02-14 07:33:13,403 [INFO] Reply from ptd: 'Stopping untimed measurement'
ptd-server 2022-02-14 07:33:13,761 [INFO] Sending reply to client 'OK'
ptd-server 2022-02-14 07:33:13,780 [INFO] Got command from the client 'session,2022-02-14_07-11-39,done'
ptd-server 2022-02-14 07:33:13,780 [INFO] Sending to ptd: 'Stop'
ptd-server 2022-02-14 07:33:13,780 [INFO] Reply from ptd: 'Error: no measurement to stop'
ptd-server 2022-02-14 07:33:13,780 [INFO] Sending to ptd: 'SR,V,300.000000'
ptd-server 2022-02-14 07:33:15,282 [INFO] Reply from ptd: 'Range V changed'
ptd-server 2022-02-14 07:33:15,282 [INFO] Sending to ptd: 'SR,A,0.500000'
ptd-server 2022-02-14 07:33:16,783 [INFO] Reply from ptd: 'Range A changed'
ptd-server 2022-02-14 07:33:16,783 [INFO] Set initial values for Amps 0.500000 and Volts 300.000000
ptd-server 2022-02-14 07:33:16,784 [INFO] Stopping ptd...
