ptd-server 2022-02-14 15:06:04,402 [INFO] Got command from the client 'time'
ptd-server 2022-02-14 15:06:04,402 [INFO] Sending reply to client '1644851164.4025872'
ptd-server 2022-02-14 15:06:04,405 [INFO] Got command from the client 'new,,abc9e4aa-a9d0-4f66-9ce4-5bf28fd8a433'
ptd-server 2022-02-14 15:06:04,405 [INFO] Sending reply to client 'OK 2022-02-14_15-06-04,2bc04993-8cab-45c9-ae3b-ac069f94e46c'
ptd-server 2022-02-14 15:06:04,451 [INFO] Got command from the client 'time'
ptd-server 2022-02-14 15:06:04,451 [INFO] Sending reply to client '1644851164.4512048'
ptd-server 2022-02-14 15:06:04,453 [INFO] Got command from the client 'session,2022-02-14_15-06-04,start,ranging'
ptd-server 2022-02-14 15:06:04,453 [INFO] Running PTDaemon: ['/home/anton/projects/mlperf/power/inference_v1.0/ptd-linux-x86', '-l', '/tmp/tmpxvec0g6h/ptd_logfile.txt', '-p', '8888', '49', '/dev/usbtmc0']
ptd-server 2022-02-14 15:06:21,626 [INFO] Sending to ptd: 'Hello'
ptd-server 2022-02-14 15:06:21,626 [INFO] Reply from ptd: 'Hello, PTDaemon here!'
ptd-server 2022-02-14 15:06:21,626 [INFO] Sending to ptd: 'Identify'
ptd-server 2022-02-14 15:06:21,627 [INFO] Reply from ptd: 'YokogawaWT310E,1000,1,1,1,1,0,1,1,version=1.9.2-e8c7a49a-20201208,OS=Linux 5.13.0-27-generic #29~20.04.1-Ubuntu SMP Fri Jan 14 00:32:30 UTC 2022 x86_64,mode=power,1,1,1,0,0,no_cal_date,YOKOGAWA;WT310E;C3XA04010E;F1.04'
ptd-server 2022-02-14 15:06:21,627 [INFO] Connected to PTDaemon
ptd-server 2022-02-14 15:06:21,627 [INFO] Sending to ptd: 'RR'
ptd-server 2022-02-14 15:06:21,627 [INFO] Reply from ptd: 'Ranges,0,0.500000,0,300.000000'
ptd-server 2022-02-14 15:06:21,628 [INFO] Initial range for Amps is 0.500000 for Volts is 300.000000
ptd-server 2022-02-14 15:06:21,628 [INFO] Sending to ptd: 'SR,V,Auto'
ptd-server 2022-02-14 15:06:22,130 [INFO] Reply from ptd: 'Range V changed'
ptd-server 2022-02-14 15:06:22,130 [INFO] Sending to ptd: 'SR,A,Auto'
ptd-server 2022-02-14 15:06:22,633 [INFO] Reply from ptd: 'Range A changed'
ptd-server 2022-02-14 15:06:32,643 [INFO] Starting ranging mode
ptd-server 2022-02-14 15:06:32,643 [INFO] Sending to ptd: 'Go,1000,0,2022-02-14_15-06-04_ranging'
ptd-server 2022-02-14 15:06:32,644 [INFO] Reply from ptd: 'Starting untimed measurement, maximum 500000 samples at 1000ms with 0 rampup samples'
ptd-server 2022-02-14 15:06:32,644 [INFO] Sending reply to client 'OK'
ptd-server 2022-02-14 15:16:52,027 [INFO] Got command from the client 'session,2022-02-14_15-06-04,stop,ranging'
ptd-server 2022-02-14 15:17:02,038 [INFO] Sending to ptd: 'Stop'
ptd-server 2022-02-14 15:17:02,038 [INFO] Reply from ptd: 'Stopping untimed measurement'
ptd-server 2022-02-14 15:17:02,777 [INFO] Sending reply to client 'OK'
ptd-server 2022-02-14 15:17:02,840 [INFO] Got command from the client 'time'
ptd-server 2022-02-14 15:17:02,840 [INFO] Sending reply to client '1644851822.8403013'
ptd-server 2022-02-14 15:17:02,843 [INFO] Got command from the client 'session,2022-02-14_15-06-04,start,testing'
ptd-server 2022-02-14 15:17:02,843 [INFO] Sending to ptd: 'SR,V,251.050000'
ptd-server 2022-02-14 15:17:04,345 [INFO] Reply from ptd: 'Range V changed'
ptd-server 2022-02-14 15:17:04,345 [INFO] Sending to ptd: 'SR,A,0.183140'
ptd-server 2022-02-14 15:17:05,846 [INFO] Reply from ptd: 'Range A changed'
ptd-server 2022-02-14 15:17:15,857 [INFO] Starting testing mode
ptd-server 2022-02-14 15:17:15,857 [INFO] Sending to ptd: 'Go,1000,0,2022-02-14_15-06-04_testing'
ptd-server 2022-02-14 15:17:15,857 [INFO] Reply from ptd: 'Starting untimed measurement, maximum 500000 samples at 1000ms with 0 rampup samples'
ptd-server 2022-02-14 15:17:15,857 [INFO] Sending reply to client 'OK'
ptd-server 2022-02-14 15:27:35,080 [INFO] Got command from the client 'session,2022-02-14_15-06-04,stop,testing'
ptd-server 2022-02-14 15:27:45,087 [INFO] Sending to ptd: 'Stop'
ptd-server 2022-02-14 15:27:45,087 [INFO] Reply from ptd: 'Stopping untimed measurement'
ptd-server 2022-02-14 15:27:45,468 [INFO] Sending reply to client 'OK'
ptd-server 2022-02-14 15:27:45,487 [INFO] Got command from the client 'session,2022-02-14_15-06-04,done'
ptd-server 2022-02-14 15:27:45,488 [INFO] Sending to ptd: 'Stop'
ptd-server 2022-02-14 15:27:45,858 [INFO] Reply from ptd: 'Error: no measurement to stop'
ptd-server 2022-02-14 15:27:45,858 [INFO] Sending to ptd: 'SR,V,300.000000'
ptd-server 2022-02-14 15:27:47,359 [INFO] Reply from ptd: 'Range V changed'
ptd-server 2022-02-14 15:27:47,359 [INFO] Sending to ptd: 'SR,A,0.500000'
ptd-server 2022-02-14 15:27:48,861 [INFO] Reply from ptd: 'Range A changed'
ptd-server 2022-02-14 15:27:48,861 [INFO] Set initial values for Amps 0.500000 and Volts 300.000000
ptd-server 2022-02-14 15:27:48,861 [INFO] Stopping ptd...
