ptd-server 2022-02-19 18:32:58,205 [INFO] Got command from the client 'time'
ptd-server 2022-02-19 18:32:58,205 [INFO] Sending reply to client '1645295578.20522'
ptd-server 2022-02-19 18:32:58,206 [INFO] Got command from the client 'new,,661df090-07de-4cf8-970c-90106160e16f'
ptd-server 2022-02-19 18:32:58,206 [INFO] Sending reply to client 'OK 2022-02-19_18-32-58,05922c3a-e4d2-43c3-89d7-33dba673b9fe'
ptd-server 2022-02-19 18:32:58,235 [INFO] Got command from the client 'time'
ptd-server 2022-02-19 18:32:58,235 [INFO] Sending reply to client '1645295578.2356935'
ptd-server 2022-02-19 18:32:58,236 [INFO] Got command from the client 'session,2022-02-19_18-32-58,start,ranging'
ptd-server 2022-02-19 18:32:58,237 [INFO] Running PTDaemon: ['/home/anton/projects/mlperf/power/inference_v1.0/ptd-linux-x86', '-l', '/tmp/tmpgldyt7rr/ptd_logfile.txt', '-p', '8888', '49', '/dev/usbtmc0']
ptd-server 2022-02-19 18:33:15,410 [INFO] Sending to ptd: 'Hello'
ptd-server 2022-02-19 18:33:15,411 [INFO] Reply from ptd: 'Hello, PTDaemon here!'
ptd-server 2022-02-19 18:33:15,411 [INFO] Sending to ptd: 'Identify'
ptd-server 2022-02-19 18:33:15,411 [INFO] Reply from ptd: 'YokogawaWT310E,1000,1,1,1,1,0,1,1,version=1.9.2-e8c7a49a-20201208,OS=Linux 5.13.0-28-generic #31~20.04.1-Ubuntu SMP Wed Jan 19 14:08:10 UTC 2022 x86_64,mode=power,1,1,1,0,0,no_cal_date,YOKOGAWA;WT310E;C3XA04010E;F1.04'
ptd-server 2022-02-19 18:33:15,411 [INFO] Connected to PTDaemon
ptd-server 2022-02-19 18:33:15,411 [INFO] Sending to ptd: 'RR'
ptd-server 2022-02-19 18:33:15,412 [INFO] Reply from ptd: 'Ranges,0,0.500000,0,300.000000'
ptd-server 2022-02-19 18:33:15,412 [INFO] Initial range for Amps is 0.500000 for Volts is 300.000000
ptd-server 2022-02-19 18:33:15,412 [INFO] Sending to ptd: 'SR,V,Auto'
ptd-server 2022-02-19 18:33:15,914 [INFO] Reply from ptd: 'Range V changed'
ptd-server 2022-02-19 18:33:15,915 [INFO] Sending to ptd: 'SR,A,Auto'
ptd-server 2022-02-19 18:33:16,417 [INFO] Reply from ptd: 'Range A changed'
ptd-server 2022-02-19 18:33:26,427 [INFO] Starting ranging mode
ptd-server 2022-02-19 18:33:26,428 [INFO] Sending to ptd: 'Go,1000,0,2022-02-19_18-32-58_ranging'
ptd-server 2022-02-19 18:33:26,428 [INFO] Reply from ptd: 'Starting untimed measurement, maximum 500000 samples at 1000ms with 0 rampup samples'
ptd-server 2022-02-19 18:33:26,428 [INFO] Sending reply to client 'OK'
ptd-server 2022-02-19 18:43:47,971 [INFO] Got command from the client 'session,2022-02-19_18-32-58,stop,ranging'
ptd-server 2022-02-19 18:43:57,981 [INFO] Sending to ptd: 'Stop'
ptd-server 2022-02-19 18:43:57,982 [INFO] Reply from ptd: 'Stopping untimed measurement'
ptd-server 2022-02-19 18:43:58,370 [INFO] Sending reply to client 'OK'
ptd-server 2022-02-19 18:43:58,437 [INFO] Got command from the client 'time'
ptd-server 2022-02-19 18:43:58,437 [INFO] Sending reply to client '1645296238.4379225'
ptd-server 2022-02-19 18:43:58,439 [INFO] Got command from the client 'session,2022-02-19_18-32-58,start,testing'
ptd-server 2022-02-19 18:43:58,439 [INFO] Sending to ptd: 'SR,V,250.740000'
ptd-server 2022-02-19 18:43:59,940 [INFO] Reply from ptd: 'Range V changed'
ptd-server 2022-02-19 18:43:59,941 [INFO] Sending to ptd: 'SR,A,0.068140'
ptd-server 2022-02-19 18:44:01,442 [INFO] Reply from ptd: 'Range A changed'
ptd-server 2022-02-19 18:44:11,452 [INFO] Starting testing mode
ptd-server 2022-02-19 18:44:11,452 [INFO] Sending to ptd: 'Go,1000,0,2022-02-19_18-32-58_testing'
ptd-server 2022-02-19 18:44:11,453 [INFO] Reply from ptd: 'Starting untimed measurement, maximum 500000 samples at 1000ms with 0 rampup samples'
ptd-server 2022-02-19 18:44:11,453 [INFO] Sending reply to client 'OK'
ptd-server 2022-02-19 18:54:34,029 [INFO] Got command from the client 'session,2022-02-19_18-32-58,stop,testing'
ptd-server 2022-02-19 18:54:44,040 [INFO] Sending to ptd: 'Stop'
ptd-server 2022-02-19 18:54:44,040 [INFO] Reply from ptd: 'Stopping untimed measurement'
ptd-server 2022-02-19 18:54:44,251 [INFO] Sending reply to client 'OK'
ptd-server 2022-02-19 18:54:44,277 [INFO] Got command from the client 'session,2022-02-19_18-32-58,done'
ptd-server 2022-02-19 18:54:44,277 [INFO] Sending to ptd: 'Stop'
ptd-server 2022-02-19 18:54:44,453 [INFO] Reply from ptd: 'Error: no measurement to stop'
ptd-server 2022-02-19 18:54:44,453 [INFO] Sending to ptd: 'SR,V,300.000000'
ptd-server 2022-02-19 18:54:45,955 [INFO] Reply from ptd: 'Range V changed'
ptd-server 2022-02-19 18:54:45,955 [INFO] Sending to ptd: 'SR,A,0.500000'
ptd-server 2022-02-19 18:54:47,456 [INFO] Reply from ptd: 'Range A changed'
ptd-server 2022-02-19 18:54:47,456 [INFO] Set initial values for Amps 0.500000 and Volts 300.000000
ptd-server 2022-02-19 18:54:47,457 [INFO] Stopping ptd...
