ptd-server 2022-02-21 05:55:02,594 [INFO] Got command from the client 'time'
ptd-server 2022-02-21 05:55:02,594 [INFO] Sending reply to client '1645422902.5941625'
ptd-server 2022-02-21 05:55:02,595 [INFO] Got command from the client 'new,,d8d0e5f7-5a37-4bee-8c63-4deeeedb25e8'
ptd-server 2022-02-21 05:55:02,596 [INFO] Sending reply to client 'OK 2022-02-21_05-55-02,e6df4a0d-d5de-4d8c-aa3a-e47a8584d792'
ptd-server 2022-02-21 05:55:02,633 [INFO] Got command from the client 'time'
ptd-server 2022-02-21 05:55:02,633 [INFO] Sending reply to client '1645422902.633917'
ptd-server 2022-02-21 05:55:02,636 [INFO] Got command from the client 'session,2022-02-21_05-55-02,start,ranging'
ptd-server 2022-02-21 05:55:02,636 [INFO] Running PTDaemon: ['/home/anton/projects/mlperf/power/inference_v1.0/ptd-linux-x86', '-l', '/tmp/tmpgldyt7rr/ptd_logfile.txt', '-p', '8888', '49', '/dev/usbtmc0']
ptd-server 2022-02-21 05:55:19,809 [INFO] Sending to ptd: 'Hello'
ptd-server 2022-02-21 05:55:19,809 [INFO] Reply from ptd: 'Hello, PTDaemon here!'
ptd-server 2022-02-21 05:55:19,809 [INFO] Sending to ptd: 'Identify'
ptd-server 2022-02-21 05:55:19,810 [INFO] Reply from ptd: 'YokogawaWT310E,1000,1,1,1,1,0,1,1,version=1.9.2-e8c7a49a-20201208,OS=Linux 5.13.0-28-generic #31~20.04.1-Ubuntu SMP Wed Jan 19 14:08:10 UTC 2022 x86_64,mode=power,1,1,1,0,0,no_cal_date,YOKOGAWA;WT310E;C3XA04010E;F1.04'
ptd-server 2022-02-21 05:55:19,810 [INFO] Connected to PTDaemon
ptd-server 2022-02-21 05:55:19,810 [INFO] Sending to ptd: 'RR'
ptd-server 2022-02-21 05:55:19,810 [INFO] Reply from ptd: 'Ranges,0,0.500000,0,300.000000'
ptd-server 2022-02-21 05:55:19,810 [INFO] Initial range for Amps is 0.500000 for Volts is 300.000000
ptd-server 2022-02-21 05:55:19,811 [INFO] Sending to ptd: 'SR,V,Auto'
ptd-server 2022-02-21 05:55:20,313 [INFO] Reply from ptd: 'Range V changed'
ptd-server 2022-02-21 05:55:20,313 [INFO] Sending to ptd: 'SR,A,Auto'
ptd-server 2022-02-21 05:55:20,816 [INFO] Reply from ptd: 'Range A changed'
ptd-server 2022-02-21 05:55:30,826 [INFO] Starting ranging mode
ptd-server 2022-02-21 05:55:30,826 [INFO] Sending to ptd: 'Go,1000,0,2022-02-21_05-55-02_ranging'
ptd-server 2022-02-21 05:55:30,826 [INFO] Reply from ptd: 'Starting untimed measurement, maximum 500000 samples at 1000ms with 0 rampup samples'
ptd-server 2022-02-21 05:55:30,827 [INFO] Sending reply to client 'OK'
ptd-server 2022-02-21 06:05:53,053 [INFO] Got command from the client 'session,2022-02-21_05-55-02,stop,ranging'
ptd-server 2022-02-21 06:06:03,060 [INFO] Sending to ptd: 'Stop'
ptd-server 2022-02-21 06:06:03,060 [INFO] Reply from ptd: 'Stopping untimed measurement'
ptd-server 2022-02-21 06:06:03,642 [INFO] Sending reply to client 'OK'
ptd-server 2022-02-21 06:06:03,732 [INFO] Got command from the client 'time'
ptd-server 2022-02-21 06:06:03,732 [INFO] Sending reply to client '1645423563.732846'
ptd-server 2022-02-21 06:06:03,736 [INFO] Got command from the client 'session,2022-02-21_05-55-02,start,testing'
ptd-server 2022-02-21 06:06:03,736 [INFO] Sending to ptd: 'SR,V,249.240000'
ptd-server 2022-02-21 06:06:05,329 [INFO] Reply from ptd: 'Range V changed'
ptd-server 2022-02-21 06:06:05,329 [INFO] Sending to ptd: 'SR,A,0.046270'
ptd-server 2022-02-21 06:06:06,830 [INFO] Reply from ptd: 'Range A changed'
ptd-server 2022-02-21 06:06:16,834 [INFO] Starting testing mode
ptd-server 2022-02-21 06:06:16,834 [INFO] Sending to ptd: 'Go,1000,0,2022-02-21_05-55-02_testing'
ptd-server 2022-02-21 06:06:16,834 [INFO] Reply from ptd: 'Starting untimed measurement, maximum 500000 samples at 1000ms with 0 rampup samples'
ptd-server 2022-02-21 06:06:16,835 [INFO] Sending reply to client 'OK'
ptd-server 2022-02-21 06:16:40,055 [INFO] Got command from the client 'session,2022-02-21_05-55-02,stop,testing'
ptd-server 2022-02-21 06:16:50,065 [INFO] Sending to ptd: 'Stop'
ptd-server 2022-02-21 06:16:50,066 [INFO] Reply from ptd: 'Stopping untimed measurement'
ptd-server 2022-02-21 06:16:50,361 [INFO] Sending reply to client 'OK'
ptd-server 2022-02-21 06:16:50,387 [INFO] Got command from the client 'session,2022-02-21_05-55-02,done'
ptd-server 2022-02-21 06:16:50,387 [INFO] Sending to ptd: 'Stop'
ptd-server 2022-02-21 06:16:50,834 [INFO] Reply from ptd: 'Error: no measurement to stop'
ptd-server 2022-02-21 06:16:50,835 [INFO] Sending to ptd: 'SR,V,300.000000'
ptd-server 2022-02-21 06:16:52,336 [INFO] Reply from ptd: 'Range V changed'
ptd-server 2022-02-21 06:16:52,336 [INFO] Sending to ptd: 'SR,A,0.500000'
ptd-server 2022-02-21 06:16:53,837 [INFO] Reply from ptd: 'Range A changed'
ptd-server 2022-02-21 06:16:53,838 [INFO] Set initial values for Amps 0.500000 and Volts 300.000000
ptd-server 2022-02-21 06:16:53,838 [INFO] Stopping ptd...
