ptd-server 2022-02-13 11:04:33,549 [INFO] Got command from the client 'time'
ptd-server 2022-02-13 11:04:33,550 [INFO] Sending reply to client '1644750273.5501306'
ptd-server 2022-02-13 11:04:33,551 [INFO] Got command from the client 'new,,9bf8027c-306d-4f40-9810-7bea7cbb5c7a'
ptd-server 2022-02-13 11:04:33,552 [INFO] Sending reply to client 'OK 2022-02-13_11-04-33,61bdf1d0-d247-4b21-8f42-d51879fcee33'
ptd-server 2022-02-13 11:04:33,595 [INFO] Got command from the client 'time'
ptd-server 2022-02-13 11:04:33,596 [INFO] Sending reply to client '1644750273.5960796'
ptd-server 2022-02-13 11:04:33,598 [INFO] Got command from the client 'session,2022-02-13_11-04-33,start,ranging'
ptd-server 2022-02-13 11:04:33,598 [INFO] Running PTDaemon: ['/home/anton/projects/mlperf/power/inference_v1.0/ptd-linux-x86', '-l', '/tmp/tmpxvec0g6h/ptd_logfile.txt', '-p', '8888', '49', '/dev/usbtmc0']
ptd-server 2022-02-13 11:04:50,771 [INFO] Sending to ptd: 'Hello'
ptd-server 2022-02-13 11:04:50,772 [INFO] Reply from ptd: 'Hello, PTDaemon here!'
ptd-server 2022-02-13 11:04:50,772 [INFO] Sending to ptd: 'Identify'
ptd-server 2022-02-13 11:04:50,772 [INFO] Reply from ptd: 'YokogawaWT310E,1000,1,1,1,1,0,1,1,version=1.9.2-e8c7a49a-20201208,OS=Linux 5.13.0-27-generic #29~20.04.1-Ubuntu SMP Fri Jan 14 00:32:30 UTC 2022 x86_64,mode=power,1,1,1,0,0,no_cal_date,YOKOGAWA;WT310E;C3XA04010E;F1.04'
ptd-server 2022-02-13 11:04:50,772 [INFO] Connected to PTDaemon
ptd-server 2022-02-13 11:04:50,772 [INFO] Sending to ptd: 'RR'
ptd-server 2022-02-13 11:04:50,773 [INFO] Reply from ptd: 'Ranges,0,0.500000,0,300.000000'
ptd-server 2022-02-13 11:04:50,773 [INFO] Initial range for Amps is 0.500000 for Volts is 300.000000
ptd-server 2022-02-13 11:04:50,773 [INFO] Sending to ptd: 'SR,V,Auto'
ptd-server 2022-02-13 11:04:51,275 [INFO] Reply from ptd: 'Range V changed'
ptd-server 2022-02-13 11:04:51,276 [INFO] Sending to ptd: 'SR,A,Auto'
ptd-server 2022-02-13 11:04:51,778 [INFO] Reply from ptd: 'Range A changed'
ptd-server 2022-02-13 11:05:01,788 [INFO] Starting ranging mode
ptd-server 2022-02-13 11:05:01,789 [INFO] Sending to ptd: 'Go,1000,0,2022-02-13_11-04-33_ranging'
ptd-server 2022-02-13 11:05:01,789 [INFO] Reply from ptd: 'Starting untimed measurement, maximum 500000 samples at 1000ms with 0 rampup samples'
ptd-server 2022-02-13 11:05:01,789 [INFO] Sending reply to client 'OK'
ptd-server 2022-02-13 11:15:17,732 [INFO] Got command from the client 'session,2022-02-13_11-04-33,stop,ranging'
ptd-server 2022-02-13 11:15:27,742 [INFO] Sending to ptd: 'Stop'
ptd-server 2022-02-13 11:15:27,743 [INFO] Reply from ptd: 'Stopping untimed measurement'
ptd-server 2022-02-13 11:15:28,337 [INFO] Sending reply to client 'OK'
ptd-server 2022-02-13 11:15:28,396 [INFO] Got command from the client 'time'
ptd-server 2022-02-13 11:15:28,396 [INFO] Sending reply to client '1644750928.396479'
ptd-server 2022-02-13 11:15:28,399 [INFO] Got command from the client 'session,2022-02-13_11-04-33,start,testing'
ptd-server 2022-02-13 11:15:28,399 [INFO] Sending to ptd: 'SR,V,248.550000'
ptd-server 2022-02-13 11:15:29,900 [INFO] Reply from ptd: 'Range V changed'
ptd-server 2022-02-13 11:15:29,900 [INFO] Sending to ptd: 'SR,A,0.151070'
ptd-server 2022-02-13 11:15:31,402 [INFO] Reply from ptd: 'Range A changed'
ptd-server 2022-02-13 11:15:41,412 [INFO] Starting testing mode
ptd-server 2022-02-13 11:15:41,412 [INFO] Sending to ptd: 'Go,1000,0,2022-02-13_11-04-33_testing'
ptd-server 2022-02-13 11:15:41,412 [INFO] Reply from ptd: 'Starting untimed measurement, maximum 500000 samples at 1000ms with 0 rampup samples'
ptd-server 2022-02-13 11:15:41,413 [INFO] Sending reply to client 'OK'
ptd-server 2022-02-13 11:25:57,155 [INFO] Got command from the client 'session,2022-02-13_11-04-33,stop,testing'
ptd-server 2022-02-13 11:26:07,165 [INFO] Sending to ptd: 'Stop'
ptd-server 2022-02-13 11:26:07,165 [INFO] Reply from ptd: 'Stopping untimed measurement'
ptd-server 2022-02-13 11:26:07,482 [INFO] Sending reply to client 'OK'
ptd-server 2022-02-13 11:26:07,503 [INFO] Got command from the client 'session,2022-02-13_11-04-33,done'
ptd-server 2022-02-13 11:26:07,503 [INFO] Sending to ptd: 'Stop'
ptd-server 2022-02-13 11:26:07,503 [INFO] Reply from ptd: 'Error: no measurement to stop'
ptd-server 2022-02-13 11:26:07,503 [INFO] Sending to ptd: 'SR,V,300.000000'
ptd-server 2022-02-13 11:26:09,005 [INFO] Reply from ptd: 'Range V changed'
ptd-server 2022-02-13 11:26:09,005 [INFO] Sending to ptd: 'SR,A,0.500000'
ptd-server 2022-02-13 11:26:10,506 [INFO] Reply from ptd: 'Range A changed'
ptd-server 2022-02-13 11:26:10,506 [INFO] Set initial values for Amps 0.500000 and Volts 300.000000
ptd-server 2022-02-13 11:26:10,507 [INFO] Stopping ptd...
