ptd-server 2022-02-14 05:01:08,058 [INFO] Got command from the client 'time'
ptd-server 2022-02-14 05:01:08,058 [INFO] Sending reply to client '1644814868.0587656'
ptd-server 2022-02-14 05:01:08,060 [INFO] Got command from the client 'new,,53a53080-5574-4852-9496-03185e793f96'
ptd-server 2022-02-14 05:01:08,061 [INFO] Sending reply to client 'OK 2022-02-14_05-01-08,d9c1e175-641d-407f-b0dd-2e2957c15583'
ptd-server 2022-02-14 05:01:08,097 [INFO] Got command from the client 'time'
ptd-server 2022-02-14 05:01:08,098 [INFO] Sending reply to client '1644814868.0981276'
ptd-server 2022-02-14 05:01:08,100 [INFO] Got command from the client 'session,2022-02-14_05-01-08,start,ranging'
ptd-server 2022-02-14 05:01:08,100 [INFO] Running PTDaemon: ['/home/anton/projects/mlperf/power/inference_v1.0/ptd-linux-x86', '-l', '/tmp/tmpxvec0g6h/ptd_logfile.txt', '-p', '8888', '49', '/dev/usbtmc0']
ptd-server 2022-02-14 05:01:25,273 [INFO] Sending to ptd: 'Hello'
ptd-server 2022-02-14 05:01:25,273 [INFO] Reply from ptd: 'Hello, PTDaemon here!'
ptd-server 2022-02-14 05:01:25,273 [INFO] Sending to ptd: 'Identify'
ptd-server 2022-02-14 05:01:25,274 [INFO] Reply from ptd: 'YokogawaWT310E,1000,1,1,1,1,0,1,1,version=1.9.2-e8c7a49a-20201208,OS=Linux 5.13.0-27-generic #29~20.04.1-Ubuntu SMP Fri Jan 14 00:32:30 UTC 2022 x86_64,mode=power,1,1,1,0,0,no_cal_date,YOKOGAWA;WT310E;C3XA04010E;F1.04'
ptd-server 2022-02-14 05:01:25,274 [INFO] Connected to PTDaemon
ptd-server 2022-02-14 05:01:25,274 [INFO] Sending to ptd: 'RR'
ptd-server 2022-02-14 05:01:25,275 [INFO] Reply from ptd: 'Ranges,0,0.500000,0,300.000000'
ptd-server 2022-02-14 05:01:25,275 [INFO] Initial range for Amps is 0.500000 for Volts is 300.000000
ptd-server 2022-02-14 05:01:25,275 [INFO] Sending to ptd: 'SR,V,Auto'
ptd-server 2022-02-14 05:01:25,778 [INFO] Reply from ptd: 'Range V changed'
ptd-server 2022-02-14 05:01:25,778 [INFO] Sending to ptd: 'SR,A,Auto'
ptd-server 2022-02-14 05:01:26,280 [INFO] Reply from ptd: 'Range A changed'
ptd-server 2022-02-14 05:01:36,291 [INFO] Starting ranging mode
ptd-server 2022-02-14 05:01:36,291 [INFO] Sending to ptd: 'Go,1000,0,2022-02-14_05-01-08_ranging'
ptd-server 2022-02-14 05:01:36,291 [INFO] Reply from ptd: 'Starting untimed measurement, maximum 500000 samples at 1000ms with 0 rampup samples'
ptd-server 2022-02-14 05:01:36,291 [INFO] Sending reply to client 'OK'
ptd-server 2022-02-14 05:11:52,239 [INFO] Got command from the client 'session,2022-02-14_05-01-08,stop,ranging'
ptd-server 2022-02-14 05:12:02,250 [INFO] Sending to ptd: 'Stop'
ptd-server 2022-02-14 05:12:02,250 [INFO] Reply from ptd: 'Stopping untimed measurement'
ptd-server 2022-02-14 05:12:02,950 [INFO] Sending reply to client 'OK'
ptd-server 2022-02-14 05:12:03,008 [INFO] Got command from the client 'time'
ptd-server 2022-02-14 05:12:03,008 [INFO] Sending reply to client '1644815523.0089006'
ptd-server 2022-02-14 05:12:03,011 [INFO] Got command from the client 'session,2022-02-14_05-01-08,start,testing'
ptd-server 2022-02-14 05:12:03,011 [INFO] Sending to ptd: 'SR,V,249.930000'
ptd-server 2022-02-14 05:12:04,512 [INFO] Reply from ptd: 'Range V changed'
ptd-server 2022-02-14 05:12:04,512 [INFO] Sending to ptd: 'SR,A,0.154390'
ptd-server 2022-02-14 05:12:06,013 [INFO] Reply from ptd: 'Range A changed'
ptd-server 2022-02-14 05:12:16,024 [INFO] Starting testing mode
ptd-server 2022-02-14 05:12:16,024 [INFO] Sending to ptd: 'Go,1000,0,2022-02-14_05-01-08_testing'
ptd-server 2022-02-14 05:12:16,024 [INFO] Reply from ptd: 'Starting untimed measurement, maximum 500000 samples at 1000ms with 0 rampup samples'
ptd-server 2022-02-14 05:12:16,024 [INFO] Sending reply to client 'OK'
ptd-server 2022-02-14 05:22:31,740 [INFO] Got command from the client 'session,2022-02-14_05-01-08,stop,testing'
ptd-server 2022-02-14 05:22:41,750 [INFO] Sending to ptd: 'Stop'
ptd-server 2022-02-14 05:22:41,751 [INFO] Reply from ptd: 'Stopping untimed measurement'
ptd-server 2022-02-14 05:22:42,107 [INFO] Sending reply to client 'OK'
ptd-server 2022-02-14 05:22:42,126 [INFO] Got command from the client 'session,2022-02-14_05-01-08,done'
ptd-server 2022-02-14 05:22:42,126 [INFO] Sending to ptd: 'Stop'
ptd-server 2022-02-14 05:22:42,126 [INFO] Reply from ptd: 'Error: no measurement to stop'
ptd-server 2022-02-14 05:22:42,126 [INFO] Sending to ptd: 'SR,V,300.000000'
ptd-server 2022-02-14 05:22:43,627 [INFO] Reply from ptd: 'Range V changed'
ptd-server 2022-02-14 05:22:43,627 [INFO] Sending to ptd: 'SR,A,0.500000'
ptd-server 2022-02-14 05:22:45,129 [INFO] Reply from ptd: 'Range A changed'
ptd-server 2022-02-14 05:22:45,129 [INFO] Set initial values for Amps 0.500000 and Volts 300.000000
ptd-server 2022-02-14 05:22:45,129 [INFO] Stopping ptd...
