ptd-server 2022-02-15 03:55:06,977 [INFO] Got command from the client 'time'
ptd-server 2022-02-15 03:55:06,977 [INFO] Sending reply to client '1644897306.9774272'
ptd-server 2022-02-15 03:55:06,978 [INFO] Got command from the client 'new,,b5a164cf-b79f-469e-ab69-fc727853efa6'
ptd-server 2022-02-15 03:55:06,978 [INFO] Sending reply to client 'OK 2022-02-15_03-55-06,2080c883-2a18-4150-9e7a-b1b6dd1bb973'
ptd-server 2022-02-15 03:55:07,005 [INFO] Got command from the client 'time'
ptd-server 2022-02-15 03:55:07,005 [INFO] Sending reply to client '1644897307.0057747'
ptd-server 2022-02-15 03:55:07,007 [INFO] Got command from the client 'session,2022-02-15_03-55-06,start,ranging'
ptd-server 2022-02-15 03:55:07,007 [INFO] Running PTDaemon: ['/home/anton/projects/mlperf/power/inference_v1.0/ptd-linux-x86', '-l', '/tmp/tmpxvec0g6h/ptd_logfile.txt', '-p', '8888', '49', '/dev/usbtmc0']
ptd-server 2022-02-15 03:55:24,179 [INFO] Sending to ptd: 'Hello'
ptd-server 2022-02-15 03:55:24,180 [INFO] Reply from ptd: 'Hello, PTDaemon here!'
ptd-server 2022-02-15 03:55:24,180 [INFO] Sending to ptd: 'Identify'
ptd-server 2022-02-15 03:55:24,180 [INFO] Reply from ptd: 'YokogawaWT310E,1000,1,1,1,1,0,1,1,version=1.9.2-e8c7a49a-20201208,OS=Linux 5.13.0-27-generic #29~20.04.1-Ubuntu SMP Fri Jan 14 00:32:30 UTC 2022 x86_64,mode=power,1,1,1,0,0,no_cal_date,YOKOGAWA;WT310E;C3XA04010E;F1.04'
ptd-server 2022-02-15 03:55:24,181 [INFO] Connected to PTDaemon
ptd-server 2022-02-15 03:55:24,181 [INFO] Sending to ptd: 'RR'
ptd-server 2022-02-15 03:55:24,181 [INFO] Reply from ptd: 'Ranges,0,0.500000,0,300.000000'
ptd-server 2022-02-15 03:55:24,181 [INFO] Initial range for Amps is 0.500000 for Volts is 300.000000
ptd-server 2022-02-15 03:55:24,181 [INFO] Sending to ptd: 'SR,V,Auto'
ptd-server 2022-02-15 03:55:24,684 [INFO] Reply from ptd: 'Range V changed'
ptd-server 2022-02-15 03:55:24,684 [INFO] Sending to ptd: 'SR,A,Auto'
ptd-server 2022-02-15 03:55:25,186 [INFO] Reply from ptd: 'Range A changed'
ptd-server 2022-02-15 03:55:35,197 [INFO] Starting ranging mode
ptd-server 2022-02-15 03:55:35,197 [INFO] Sending to ptd: 'Go,1000,0,2022-02-15_03-55-06_ranging'
ptd-server 2022-02-15 03:55:35,197 [INFO] Reply from ptd: 'Starting untimed measurement, maximum 500000 samples at 1000ms with 0 rampup samples'
ptd-server 2022-02-15 03:55:35,197 [INFO] Sending reply to client 'OK'
ptd-server 2022-02-15 04:05:54,429 [INFO] Got command from the client 'session,2022-02-15_03-55-06,stop,ranging'
ptd-server 2022-02-15 04:06:04,439 [INFO] Sending to ptd: 'Stop'
ptd-server 2022-02-15 04:06:04,440 [INFO] Reply from ptd: 'Stopping untimed measurement'
ptd-server 2022-02-15 04:06:05,241 [INFO] Sending reply to client 'OK'
ptd-server 2022-02-15 04:06:05,291 [INFO] Got command from the client 'time'
ptd-server 2022-02-15 04:06:05,291 [INFO] Sending reply to client '1644897965.2912126'
ptd-server 2022-02-15 04:06:05,293 [INFO] Got command from the client 'session,2022-02-15_03-55-06,start,testing'
ptd-server 2022-02-15 04:06:05,293 [INFO] Sending to ptd: 'SR,V,250.850000'
ptd-server 2022-02-15 04:06:06,794 [INFO] Reply from ptd: 'Range V changed'
ptd-server 2022-02-15 04:06:06,795 [INFO] Sending to ptd: 'SR,A,0.216170'
ptd-server 2022-02-15 04:06:08,296 [INFO] Reply from ptd: 'Range A changed'
ptd-server 2022-02-15 04:06:18,306 [INFO] Starting testing mode
ptd-server 2022-02-15 04:06:18,307 [INFO] Sending to ptd: 'Go,1000,0,2022-02-15_03-55-06_testing'
ptd-server 2022-02-15 04:06:18,307 [INFO] Reply from ptd: 'Starting untimed measurement, maximum 500000 samples at 1000ms with 0 rampup samples'
ptd-server 2022-02-15 04:06:18,307 [INFO] Sending reply to client 'OK'
ptd-server 2022-02-15 04:16:37,638 [INFO] Got command from the client 'session,2022-02-15_03-55-06,stop,testing'
ptd-server 2022-02-15 04:16:47,648 [INFO] Sending to ptd: 'Stop'
ptd-server 2022-02-15 04:16:47,649 [INFO] Reply from ptd: 'Stopping untimed measurement'
ptd-server 2022-02-15 04:16:48,069 [INFO] Sending reply to client 'OK'
ptd-server 2022-02-15 04:16:48,088 [INFO] Got command from the client 'session,2022-02-15_03-55-06,done'
ptd-server 2022-02-15 04:16:48,088 [INFO] Sending to ptd: 'Stop'
ptd-server 2022-02-15 04:16:48,307 [INFO] Reply from ptd: 'Error: no measurement to stop'
ptd-server 2022-02-15 04:16:48,308 [INFO] Sending to ptd: 'SR,V,300.000000'
ptd-server 2022-02-15 04:16:49,809 [INFO] Reply from ptd: 'Range V changed'
ptd-server 2022-02-15 04:16:49,809 [INFO] Sending to ptd: 'SR,A,0.500000'
ptd-server 2022-02-15 04:16:51,311 [INFO] Reply from ptd: 'Range A changed'
ptd-server 2022-02-15 04:16:51,311 [INFO] Set initial values for Amps 0.500000 and Volts 300.000000
ptd-server 2022-02-15 04:16:51,311 [INFO] Stopping ptd...
