ptd-server 2022-02-19 10:03:52,579 [INFO] Got command from the client 'time'
ptd-server 2022-02-19 10:03:52,579 [INFO] Sending reply to client '1645265032.5796971'
ptd-server 2022-02-19 10:03:52,580 [INFO] Got command from the client 'new,,46dc26f7-68a7-4aee-942c-a30b84559cc6'
ptd-server 2022-02-19 10:03:52,581 [INFO] Sending reply to client 'OK 2022-02-19_10-03-52,3826f05e-d48f-46af-9c78-c1fdd5d026f4'
ptd-server 2022-02-19 10:03:52,614 [INFO] Got command from the client 'time'
ptd-server 2022-02-19 10:03:52,614 [INFO] Sending reply to client '1645265032.6142855'
ptd-server 2022-02-19 10:03:52,615 [INFO] Got command from the client 'session,2022-02-19_10-03-52,start,ranging'
ptd-server 2022-02-19 10:03:52,616 [INFO] Running PTDaemon: ['/home/anton/projects/mlperf/power/inference_v1.0/ptd-linux-x86', '-l', '/tmp/tmpgldyt7rr/ptd_logfile.txt', '-p', '8888', '49', '/dev/usbtmc0']
ptd-server 2022-02-19 10:04:09,789 [INFO] Sending to ptd: 'Hello'
ptd-server 2022-02-19 10:04:09,790 [INFO] Reply from ptd: 'Hello, PTDaemon here!'
ptd-server 2022-02-19 10:04:09,790 [INFO] Sending to ptd: 'Identify'
ptd-server 2022-02-19 10:04:09,791 [INFO] Reply from ptd: 'YokogawaWT310E,1000,1,1,1,1,0,1,1,version=1.9.2-e8c7a49a-20201208,OS=Linux 5.13.0-28-generic #31~20.04.1-Ubuntu SMP Wed Jan 19 14:08:10 UTC 2022 x86_64,mode=power,1,1,1,0,0,no_cal_date,YOKOGAWA;WT310E;C3XA04010E;F1.04'
ptd-server 2022-02-19 10:04:09,791 [INFO] Connected to PTDaemon
ptd-server 2022-02-19 10:04:09,791 [INFO] Sending to ptd: 'RR'
ptd-server 2022-02-19 10:04:09,791 [INFO] Reply from ptd: 'Ranges,0,0.500000,0,300.000000'
ptd-server 2022-02-19 10:04:09,791 [INFO] Initial range for Amps is 0.500000 for Volts is 300.000000
ptd-server 2022-02-19 10:04:09,791 [INFO] Sending to ptd: 'SR,V,Auto'
ptd-server 2022-02-19 10:04:10,294 [INFO] Reply from ptd: 'Range V changed'
ptd-server 2022-02-19 10:04:10,294 [INFO] Sending to ptd: 'SR,A,Auto'
ptd-server 2022-02-19 10:04:10,797 [INFO] Reply from ptd: 'Range A changed'
ptd-server 2022-02-19 10:04:20,807 [INFO] Starting ranging mode
ptd-server 2022-02-19 10:04:20,807 [INFO] Sending to ptd: 'Go,1000,0,2022-02-19_10-03-52_ranging'
ptd-server 2022-02-19 10:04:20,808 [INFO] Reply from ptd: 'Starting untimed measurement, maximum 500000 samples at 1000ms with 0 rampup samples'
ptd-server 2022-02-19 10:04:20,808 [INFO] Sending reply to client 'OK'
ptd-server 2022-02-19 10:14:44,964 [INFO] Got command from the client 'session,2022-02-19_10-03-52,stop,ranging'
ptd-server 2022-02-19 10:14:54,974 [INFO] Sending to ptd: 'Stop'
ptd-server 2022-02-19 10:14:54,975 [INFO] Reply from ptd: 'Stopping untimed measurement'
ptd-server 2022-02-19 10:14:55,313 [INFO] Sending reply to client 'OK'
ptd-server 2022-02-19 10:14:55,380 [INFO] Got command from the client 'time'
ptd-server 2022-02-19 10:14:55,380 [INFO] Sending reply to client '1645265695.3802931'
ptd-server 2022-02-19 10:14:55,381 [INFO] Got command from the client 'session,2022-02-19_10-03-52,start,testing'
ptd-server 2022-02-19 10:14:55,382 [INFO] Sending to ptd: 'SR,V,249.940000'
ptd-server 2022-02-19 10:14:57,310 [INFO] Reply from ptd: 'Range V changed'
ptd-server 2022-02-19 10:14:57,310 [INFO] Sending to ptd: 'SR,A,0.043160'
ptd-server 2022-02-19 10:14:58,811 [INFO] Reply from ptd: 'Range A changed'
ptd-server 2022-02-19 10:15:08,821 [INFO] Starting testing mode
ptd-server 2022-02-19 10:15:08,822 [INFO] Sending to ptd: 'Go,1000,0,2022-02-19_10-03-52_testing'
ptd-server 2022-02-19 10:15:08,822 [INFO] Reply from ptd: 'Starting untimed measurement, maximum 500000 samples at 1000ms with 0 rampup samples'
ptd-server 2022-02-19 10:15:08,822 [INFO] Sending reply to client 'OK'
ptd-server 2022-02-19 10:25:33,871 [INFO] Got command from the client 'session,2022-02-19_10-03-52,stop,testing'
ptd-server 2022-02-19 10:25:43,882 [INFO] Sending to ptd: 'Stop'
ptd-server 2022-02-19 10:25:43,882 [INFO] Reply from ptd: 'Stopping untimed measurement'
ptd-server 2022-02-19 10:25:44,061 [INFO] Sending reply to client 'OK'
ptd-server 2022-02-19 10:25:44,080 [INFO] Got command from the client 'session,2022-02-19_10-03-52,done'
ptd-server 2022-02-19 10:25:44,080 [INFO] Sending to ptd: 'Stop'
ptd-server 2022-02-19 10:25:44,822 [INFO] Reply from ptd: 'Error: no measurement to stop'
ptd-server 2022-02-19 10:25:44,822 [INFO] Sending to ptd: 'SR,V,300.000000'
ptd-server 2022-02-19 10:25:46,324 [INFO] Reply from ptd: 'Range V changed'
ptd-server 2022-02-19 10:25:46,324 [INFO] Sending to ptd: 'SR,A,0.500000'
ptd-server 2022-02-19 10:25:47,826 [INFO] Reply from ptd: 'Range A changed'
ptd-server 2022-02-19 10:25:47,826 [INFO] Set initial values for Amps 0.500000 and Volts 300.000000
ptd-server 2022-02-19 10:25:47,827 [INFO] Stopping ptd...
