ptd-server 2022-02-22 14:03:59,712 [INFO] Got command from the client 'time'
ptd-server 2022-02-22 14:03:59,712 [INFO] Sending reply to client '1645538639.7125478'
ptd-server 2022-02-22 14:03:59,714 [INFO] Got command from the client 'new,,5fc4a99f-4aeb-4abd-935d-91cc3ce5f8c4'
ptd-server 2022-02-22 14:03:59,715 [INFO] Sending reply to client 'OK 2022-02-22_14-03-59,63bc790e-6b6f-447b-ba93-8f08a777294f'
ptd-server 2022-02-22 14:03:59,752 [INFO] Got command from the client 'time'
ptd-server 2022-02-22 14:03:59,752 [INFO] Sending reply to client '1645538639.7522192'
ptd-server 2022-02-22 14:03:59,754 [INFO] Got command from the client 'session,2022-02-22_14-03-59,start,ranging'
ptd-server 2022-02-22 14:03:59,754 [INFO] Running PTDaemon: ['/home/anton/projects/mlperf/power/inference_v1.0/ptd-linux-x86', '-l', '/tmp/tmpgldyt7rr/ptd_logfile.txt', '-p', '8888', '49', '/dev/usbtmc0']
ptd-server 2022-02-22 14:04:16,927 [INFO] Sending to ptd: 'Hello'
ptd-server 2022-02-22 14:04:16,928 [INFO] Reply from ptd: 'Hello, PTDaemon here!'
ptd-server 2022-02-22 14:04:16,928 [INFO] Sending to ptd: 'Identify'
ptd-server 2022-02-22 14:04:16,928 [INFO] Reply from ptd: 'YokogawaWT310E,1000,1,1,1,1,0,1,1,version=1.9.2-e8c7a49a-20201208,OS=Linux 5.13.0-28-generic #31~20.04.1-Ubuntu SMP Wed Jan 19 14:08:10 UTC 2022 x86_64,mode=power,1,1,1,0,0,no_cal_date,YOKOGAWA;WT310E;C3XA04010E;F1.04'
ptd-server 2022-02-22 14:04:16,929 [INFO] Connected to PTDaemon
ptd-server 2022-02-22 14:04:16,929 [INFO] Sending to ptd: 'RR'
ptd-server 2022-02-22 14:04:16,929 [INFO] Reply from ptd: 'Ranges,0,0.500000,0,300.000000'
ptd-server 2022-02-22 14:04:16,929 [INFO] Initial range for Amps is 0.500000 for Volts is 300.000000
ptd-server 2022-02-22 14:04:16,929 [INFO] Sending to ptd: 'SR,V,Auto'
ptd-server 2022-02-22 14:04:17,432 [INFO] Reply from ptd: 'Range V changed'
ptd-server 2022-02-22 14:04:17,432 [INFO] Sending to ptd: 'SR,A,Auto'
ptd-server 2022-02-22 14:04:17,934 [INFO] Reply from ptd: 'Range A changed'
ptd-server 2022-02-22 14:04:27,945 [INFO] Starting ranging mode
ptd-server 2022-02-22 14:04:27,945 [INFO] Sending to ptd: 'Go,1000,0,2022-02-22_14-03-59_ranging'
ptd-server 2022-02-22 14:04:27,945 [INFO] Reply from ptd: 'Starting untimed measurement, maximum 500000 samples at 1000ms with 0 rampup samples'
ptd-server 2022-02-22 14:04:27,945 [INFO] Sending reply to client 'OK'
ptd-server 2022-02-22 14:14:57,158 [INFO] Got command from the client 'session,2022-02-22_14-03-59,stop,ranging'
ptd-server 2022-02-22 14:15:07,169 [INFO] Sending to ptd: 'Stop'
ptd-server 2022-02-22 14:15:07,169 [INFO] Reply from ptd: 'Stopping untimed measurement'
ptd-server 2022-02-22 14:15:07,902 [INFO] Sending reply to client 'OK'
ptd-server 2022-02-22 14:15:07,960 [INFO] Got command from the client 'time'
ptd-server 2022-02-22 14:15:07,960 [INFO] Sending reply to client '1645539307.960675'
ptd-server 2022-02-22 14:15:07,962 [INFO] Got command from the client 'session,2022-02-22_14-03-59,start,testing'
ptd-server 2022-02-22 14:15:07,962 [INFO] Sending to ptd: 'SR,V,251.210000'
ptd-server 2022-02-22 14:15:09,464 [INFO] Reply from ptd: 'Range V changed'
ptd-server 2022-02-22 14:15:09,464 [INFO] Sending to ptd: 'SR,A,0.049270'
ptd-server 2022-02-22 14:15:10,965 [INFO] Reply from ptd: 'Range A changed'
ptd-server 2022-02-22 14:15:20,975 [INFO] Starting testing mode
ptd-server 2022-02-22 14:15:20,976 [INFO] Sending to ptd: 'Go,1000,0,2022-02-22_14-03-59_testing'
ptd-server 2022-02-22 14:15:20,976 [INFO] Reply from ptd: 'Starting untimed measurement, maximum 500000 samples at 1000ms with 0 rampup samples'
ptd-server 2022-02-22 14:15:20,976 [INFO] Sending reply to client 'OK'
ptd-server 2022-02-22 14:25:49,993 [INFO] Got command from the client 'session,2022-02-22_14-03-59,stop,testing'
ptd-server 2022-02-22 14:26:00,003 [INFO] Sending to ptd: 'Stop'
ptd-server 2022-02-22 14:26:00,004 [INFO] Reply from ptd: 'Stopping untimed measurement'
ptd-server 2022-02-22 14:26:00,380 [INFO] Sending reply to client 'OK'
ptd-server 2022-02-22 14:26:00,497 [INFO] Got command from the client 'session,2022-02-22_14-03-59,done'
ptd-server 2022-02-22 14:26:00,497 [INFO] Sending to ptd: 'Stop'
ptd-server 2022-02-22 14:26:00,977 [INFO] Reply from ptd: 'Error: no measurement to stop'
ptd-server 2022-02-22 14:26:00,977 [INFO] Sending to ptd: 'SR,V,300.000000'
ptd-server 2022-02-22 14:26:02,478 [INFO] Reply from ptd: 'Range V changed'
ptd-server 2022-02-22 14:26:02,479 [INFO] Sending to ptd: 'SR,A,0.500000'
ptd-server 2022-02-22 14:26:03,980 [INFO] Reply from ptd: 'Range A changed'
ptd-server 2022-02-22 14:26:03,980 [INFO] Set initial values for Amps 0.500000 and Volts 300.000000
ptd-server 2022-02-22 14:26:03,980 [INFO] Stopping ptd...
