ptd-server 2022-02-20 22:54:55,437 [INFO] Got command from the client 'time'
ptd-server 2022-02-20 22:54:55,438 [INFO] Sending reply to client '1645397695.4379718'
ptd-server 2022-02-20 22:54:55,439 [INFO] Got command from the client 'new,,e4c1c23b-862e-4a22-8689-1fc48f8eec19'
ptd-server 2022-02-20 22:54:55,440 [INFO] Sending reply to client 'OK 2022-02-20_22-54-55,9cf67595-36e8-4f0e-b5fe-33fff1ff7e6f'
ptd-server 2022-02-20 22:54:55,467 [INFO] Got command from the client 'time'
ptd-server 2022-02-20 22:54:55,467 [INFO] Sending reply to client '1645397695.4674118'
ptd-server 2022-02-20 22:54:55,468 [INFO] Got command from the client 'session,2022-02-20_22-54-55,start,ranging'
ptd-server 2022-02-20 22:54:55,469 [INFO] Running PTDaemon: ['/home/anton/projects/mlperf/power/inference_v1.0/ptd-linux-x86', '-l', '/tmp/tmpgldyt7rr/ptd_logfile.txt', '-p', '8888', '49', '/dev/usbtmc0']
ptd-server 2022-02-20 22:55:12,642 [INFO] Sending to ptd: 'Hello'
ptd-server 2022-02-20 22:55:12,642 [INFO] Reply from ptd: 'Hello, PTDaemon here!'
ptd-server 2022-02-20 22:55:12,642 [INFO] Sending to ptd: 'Identify'
ptd-server 2022-02-20 22:55:12,643 [INFO] Reply from ptd: 'YokogawaWT310E,1000,1,1,1,1,0,1,1,version=1.9.2-e8c7a49a-20201208,OS=Linux 5.13.0-28-generic #31~20.04.1-Ubuntu SMP Wed Jan 19 14:08:10 UTC 2022 x86_64,mode=power,1,1,1,0,0,no_cal_date,YOKOGAWA;WT310E;C3XA04010E;F1.04'
ptd-server 2022-02-20 22:55:12,643 [INFO] Connected to PTDaemon
ptd-server 2022-02-20 22:55:12,643 [INFO] Sending to ptd: 'RR'
ptd-server 2022-02-20 22:55:12,644 [INFO] Reply from ptd: 'Ranges,0,0.500000,0,300.000000'
ptd-server 2022-02-20 22:55:12,644 [INFO] Initial range for Amps is 0.500000 for Volts is 300.000000
ptd-server 2022-02-20 22:55:12,644 [INFO] Sending to ptd: 'SR,V,Auto'
ptd-server 2022-02-20 22:55:13,147 [INFO] Reply from ptd: 'Range V changed'
ptd-server 2022-02-20 22:55:13,147 [INFO] Sending to ptd: 'SR,A,Auto'
ptd-server 2022-02-20 22:55:13,649 [INFO] Reply from ptd: 'Range A changed'
ptd-server 2022-02-20 22:55:23,660 [INFO] Starting ranging mode
ptd-server 2022-02-20 22:55:23,660 [INFO] Sending to ptd: 'Go,1000,0,2022-02-20_22-54-55_ranging'
ptd-server 2022-02-20 22:55:23,660 [INFO] Reply from ptd: 'Starting untimed measurement, maximum 500000 samples at 1000ms with 0 rampup samples'
ptd-server 2022-02-20 22:55:23,661 [INFO] Sending reply to client 'OK'
ptd-server 2022-02-20 23:05:51,354 [INFO] Got command from the client 'session,2022-02-20_22-54-55,stop,ranging'
ptd-server 2022-02-20 23:06:01,364 [INFO] Sending to ptd: 'Stop'
ptd-server 2022-02-20 23:06:01,365 [INFO] Reply from ptd: 'Stopping untimed measurement'
ptd-server 2022-02-20 23:06:01,990 [INFO] Sending reply to client 'OK'
ptd-server 2022-02-20 23:06:02,074 [INFO] Got command from the client 'time'
ptd-server 2022-02-20 23:06:02,075 [INFO] Sending reply to client '1645398362.0751483'
ptd-server 2022-02-20 23:06:02,079 [INFO] Got command from the client 'session,2022-02-20_22-54-55,start,testing'
ptd-server 2022-02-20 23:06:02,079 [INFO] Sending to ptd: 'SR,V,250.040000'
ptd-server 2022-02-20 23:06:03,580 [INFO] Reply from ptd: 'Range V changed'
ptd-server 2022-02-20 23:06:03,581 [INFO] Sending to ptd: 'SR,A,0.040240'
ptd-server 2022-02-20 23:06:05,082 [INFO] Reply from ptd: 'Range A changed'
ptd-server 2022-02-20 23:06:15,092 [INFO] Starting testing mode
ptd-server 2022-02-20 23:06:15,092 [INFO] Sending to ptd: 'Go,1000,0,2022-02-20_22-54-55_testing'
ptd-server 2022-02-20 23:06:15,092 [INFO] Reply from ptd: 'Starting untimed measurement, maximum 500000 samples at 1000ms with 0 rampup samples'
ptd-server 2022-02-20 23:06:15,092 [INFO] Sending reply to client 'OK'
ptd-server 2022-02-20 23:16:43,670 [INFO] Got command from the client 'session,2022-02-20_22-54-55,stop,testing'
ptd-server 2022-02-20 23:16:53,680 [INFO] Sending to ptd: 'Stop'
ptd-server 2022-02-20 23:16:53,680 [INFO] Reply from ptd: 'Stopping untimed measurement'
ptd-server 2022-02-20 23:16:54,134 [INFO] Sending reply to client 'OK'
ptd-server 2022-02-20 23:16:54,177 [INFO] Got command from the client 'session,2022-02-20_22-54-55,done'
ptd-server 2022-02-20 23:16:54,177 [INFO] Sending to ptd: 'Stop'
ptd-server 2022-02-20 23:16:54,177 [INFO] Reply from ptd: 'Error: no measurement to stop'
ptd-server 2022-02-20 23:16:54,177 [INFO] Sending to ptd: 'SR,V,300.000000'
ptd-server 2022-02-20 23:16:55,679 [INFO] Reply from ptd: 'Range V changed'
ptd-server 2022-02-20 23:16:55,679 [INFO] Sending to ptd: 'SR,A,0.500000'
ptd-server 2022-02-20 23:16:57,180 [INFO] Reply from ptd: 'Range A changed'
ptd-server 2022-02-20 23:16:57,180 [INFO] Set initial values for Amps 0.500000 and Volts 300.000000
ptd-server 2022-02-20 23:16:57,180 [INFO] Stopping ptd...
