client 2022-02-15 06:28:35,787 [INFO] Sending command to the server: 'mlcommons/power client v3'
client 2022-02-15 06:28:35,792 [INFO] Got response: 'mlcommons/power server v3'
client 2022-02-15 06:28:35,793 [INFO] Sending command to the server: 'stop'
client 2022-02-15 06:28:35,793 [INFO] Got response: 'OK'
client 2022-02-15 06:28:35,793 [INFO] Synchronizing with the server and with ib-01.dc4-in.nvidia.com...
client 2022-02-15 06:28:36,009 [INFO] NTP:offset = 0.001 s, delay = 0.209 s 
client 2022-02-15 06:28:36,009 [INFO] Sending command to the server: 'time'
client 2022-02-15 06:28:36,010 [INFO] Got response: '1644906516.1192179'
client 2022-02-15 06:28:36,010 [INFO] The time difference between the client and the server is within range -109.802 ms..-108.625 ms
client 2022-02-15 06:28:36,010 [INFO] Sending command to the server: 'new,,5c625785-3f57-401c-8213-f14a6c4112ac'
client 2022-02-15 06:28:36,011 [INFO] Got response: 'OK 2022-02-14_22-28-36,21451df0-f0c1-4751-b621-9fd57311d2c2'
client 2022-02-15 06:28:36,012 [INFO] Session id is '2022-02-14_22-28-36'
client 2022-02-15 06:28:36,012 [INFO] Sources: {"sources": {"__init__.py": "da39a3ee5e6b4b0d3255bfef95601890afd80709", "client.py": "33ca4f26368777ac06e01f9567b714a4b8063886", "lib/__init__.py": "da39a3ee5e6b4b0d3255bfef95601890afd80709", "lib/client.py": "4c2b78fb4849a7e5b584ef792d82aaed20b17f57", "lib/common.py": "624d0c0acc7c39aaff3674f0b99d6a09da53d1dc", "lib/external/__init__.py": "da39a3ee5e6b4b0d3255bfef95601890afd80709", "lib/external/ntplib.py": "4da8f970656505a40483206ef2b5d3dd5e81711d", "lib/server.py": "59c9fb92908260d3e9f81a895c7aa009742275e4", "lib/source_hashes.py": "60a2e02193209e8d392803326208d5466342da18", "lib/summary.py": "aa92f0a3f975eecd44d3c0cd0236342ccc9f941d", "lib/time_sync.py": "3210db56eb0ff0df57bf4293dc4d4b03fffd46f1", "server.py": "c3f90f2f7eeb4db30727556d0c815ebc89b3d28b", "tests/unit/__init__.py": "da39a3ee5e6b4b0d3255bfef95601890afd80709", "tests/unit/test_server.py": "99ae15aef722f2000ee6ed1ae1523637bf1ae42b", "tests/unit/test_source_hashes.py": "00468a2907583c593e6574a1f6b404e4651c221a"}, "modules": {"ptd_client_server.lib.client": "lib/client.py", "ptd_client_server.lib.common": "lib/common.py", "ptd_client_server.lib.external.ntplib": "lib/external/ntplib.py", "ptd_client_server.lib.source_hashes": "lib/source_hashes.py", "ptd_client_server.lib.summary": "lib/summary.py", "ptd_client_server.lib.time_sync": "lib/time_sync.py"}}
client 2022-02-15 06:28:36,014 [INFO] Running workload in ranging mode
client 2022-02-15 06:28:36,014 [INFO] Synchronizing with the server and with ib-01.dc4-in.nvidia.com...
client 2022-02-15 06:28:36,225 [INFO] NTP:offset = 0.001 s, delay = 0.209 s 
client 2022-02-15 06:28:36,225 [INFO] Sending command to the server: 'time'
client 2022-02-15 06:28:36,226 [INFO] Got response: '1644906516.3473983'
client 2022-02-15 06:28:36,226 [INFO] The time difference between the client and the server is within range -122.275 ms..-120.728 ms
client 2022-02-15 06:28:36,226 [INFO] Sending command to the server: 'session,2022-02-14_22-28-36,start,ranging'
client 2022-02-15 06:29:04,974 [INFO] Got response: 'OK'
client 2022-02-15 06:29:04,974 [INFO] Running the workload 'LOG_DIR=/work/build/power_logs_temp python3 code/main.py --benchmarks=rnnt --scenarios=Server --test_mode=PerformanceOnly --config_ver=maxq --action="run_harness" \\\n\t\t2>&1 | tee -a /work/build/power_logs/2022.02.15-06.28.20/stdout.txt \\\n\t\t&& if [ ! -d /work/build/power_logs/2022.02.15-06.28.20/ranging_tmp ]; \\\n\t\t\tthen mkdir /work/build/power_logs/2022.02.15-06.28.20/ranging_tmp \\\n\t\t\t\t&& mv /work/build/power_logs_temp/* /work/build/power_logs/2022.02.15-06.28.20/ranging_tmp/ \\\n\t\t\t\t&& cp -v /work/build/power_logs/2022.02.15-06.28.20/ranging_tmp/*/*/*/mlperf_log_detail.txt /work/build/power_logs_temp/ \\\n\t\t\t\t&& cp -v /work/build/power_logs/2022.02.15-06.28.20/ranging_tmp/*/*/*/mlperf_log_summary.txt /work/build/power_logs_temp/; \\\n\t\t\telse mkdir /work/build/power_logs/2022.02.15-06.28.20/testing_tmp \\\n\t\t\t\t&& mv /work/build/power_logs_temp/* /work/build/power_logs/2022.02.15-06.28.20/testing_tmp/ \\\n\t\t\t\t&& cp -v /work/build/power_logs/2022.02.15-06.28.20/testing_tmp/*/*/*/mlperf_log_detail.txt /work/build/power_logs_temp/ \\\n\t\t\t\t&& cp -v /work/build/power_logs/2022.02.15-06.28.20/testing_tmp/*/*/*/mlperf_log_summary.txt /work/build/power_logs_temp/; fi'
client 2022-02-15 06:40:15,070 [INFO] Sending command to the server: 'session,2022-02-14_22-28-36,stop,ranging'
client 2022-02-15 06:40:25,099 [INFO] Got response: 'OK'
client 2022-02-15 06:40:25,108 [INFO] Copying loadgen logs from '/work/build/power_logs_temp' to '/work/build/power_logs/2022.02.15-06.28.20/2022-02-14_22-28-36/ranging'
client 2022-02-15 06:40:25,122 [INFO] Running workload in testing mode
client 2022-02-15 06:40:25,122 [INFO] Synchronizing with the server and with ib-01.dc4-in.nvidia.com...
client 2022-02-15 06:40:25,337 [INFO] NTP:offset = 0.002 s, delay = 0.211 s 
client 2022-02-15 06:40:25,337 [INFO] Sending command to the server: 'time'
client 2022-02-15 06:40:25,338 [INFO] Got response: '1644907225.4523804'
client 2022-02-15 06:40:25,339 [INFO] The time difference between the client and the server is within range -114.639 ms..-113.317 ms
client 2022-02-15 06:40:25,339 [INFO] Sending command to the server: 'session,2022-02-14_22-28-36,start,testing'
client 2022-02-15 06:40:39,043 [INFO] Got response: 'OK'
client 2022-02-15 06:40:39,043 [INFO] Running the workload 'LOG_DIR=/work/build/power_logs_temp python3 code/main.py --benchmarks=rnnt --scenarios=Server --test_mode=PerformanceOnly --config_ver=maxq --action="run_harness" \\\n\t\t2>&1 | tee -a /work/build/power_logs/2022.02.15-06.28.20/stdout.txt \\\n\t\t&& if [ ! -d /work/build/power_logs/2022.02.15-06.28.20/ranging_tmp ]; \\\n\t\t\tthen mkdir /work/build/power_logs/2022.02.15-06.28.20/ranging_tmp \\\n\t\t\t\t&& mv /work/build/power_logs_temp/* /work/build/power_logs/2022.02.15-06.28.20/ranging_tmp/ \\\n\t\t\t\t&& cp -v /work/build/power_logs/2022.02.15-06.28.20/ranging_tmp/*/*/*/mlperf_log_detail.txt /work/build/power_logs_temp/ \\\n\t\t\t\t&& cp -v /work/build/power_logs/2022.02.15-06.28.20/ranging_tmp/*/*/*/mlperf_log_summary.txt /work/build/power_logs_temp/; \\\n\t\t\telse mkdir /work/build/power_logs/2022.02.15-06.28.20/testing_tmp \\\n\t\t\t\t&& mv /work/build/power_logs_temp/* /work/build/power_logs/2022.02.15-06.28.20/testing_tmp/ \\\n\t\t\t\t&& cp -v /work/build/power_logs/2022.02.15-06.28.20/testing_tmp/*/*/*/mlperf_log_detail.txt /work/build/power_logs_temp/ \\\n\t\t\t\t&& cp -v /work/build/power_logs/2022.02.15-06.28.20/testing_tmp/*/*/*/mlperf_log_summary.txt /work/build/power_logs_temp/; fi'
client 2022-02-15 06:51:45,620 [INFO] Sending command to the server: 'session,2022-02-14_22-28-36,stop,testing'
client 2022-02-15 06:51:55,644 [INFO] Got response: 'OK'
client 2022-02-15 06:51:55,649 [INFO] Copying loadgen logs from '/work/build/power_logs_temp' to '/work/build/power_logs/2022.02.15-06.28.20/2022-02-14_22-28-36/run_1'
client 2022-02-15 06:51:55,663 [INFO] Done runs
