ptd-server 2022-02-24 18:22:38,617 [INFO] Got command from the client 'time'
ptd-server 2022-02-24 18:22:38,618 [INFO] Sending reply to client '1645726958.618118'
ptd-server 2022-02-24 18:22:38,620 [INFO] Got command from the client 'new,,fc7798e6-8901-41b4-b03a-97fff9d193b3'
ptd-server 2022-02-24 18:22:38,620 [INFO] Sending reply to client 'OK 2022-02-24_18-22-38,c8a9cad8-7161-4b54-9d9d-6213b0bf9a48'
ptd-server 2022-02-24 18:22:38,670 [INFO] Got command from the client 'time'
ptd-server 2022-02-24 18:22:38,670 [INFO] Sending reply to client '1645726958.670421'
ptd-server 2022-02-24 18:22:38,671 [INFO] Got command from the client 'session,2022-02-24_18-22-38,start,ranging'
ptd-server 2022-02-24 18:22:38,672 [INFO] Running PTDaemon: ['/home/anton/projects/mlperf/power/inference_v1.0/ptd-linux-x86', '-l', '/tmp/tmp0_fn53vp/ptd_logfile.txt', '-p', '8888', '49', '/dev/usbtmc0']
ptd-server 2022-02-24 18:22:55,846 [INFO] Sending to ptd: 'Hello'
ptd-server 2022-02-24 18:22:55,846 [INFO] Reply from ptd: 'Hello, PTDaemon here!'
ptd-server 2022-02-24 18:22:55,846 [INFO] Sending to ptd: 'Identify'
ptd-server 2022-02-24 18:22:55,847 [INFO] Reply from ptd: 'YokogawaWT310E,1000,1,1,1,1,0,1,1,version=1.9.2-e8c7a49a-20201208,OS=Linux 5.13.0-30-generic #33~20.04.1-Ubuntu SMP Mon Feb 7 14:25:10 UTC 2022 x86_64,mode=power,1,1,1,0,0,no_cal_date,YOKOGAWA;WT310E;C3XA04010E;F1.04'
ptd-server 2022-02-24 18:22:55,847 [INFO] Connected to PTDaemon
ptd-server 2022-02-24 18:22:55,847 [INFO] Sending to ptd: 'RR'
ptd-server 2022-02-24 18:22:55,847 [INFO] Reply from ptd: 'Ranges,0,0.500000,1,300.000000'
ptd-server 2022-02-24 18:22:55,848 [INFO] Initial range for Amps is 0.500000 for Volts is Auto
ptd-server 2022-02-24 18:22:55,848 [INFO] Sending to ptd: 'SR,V,Auto'
ptd-server 2022-02-24 18:22:56,350 [INFO] Reply from ptd: 'Range V changed'
ptd-server 2022-02-24 18:22:56,350 [INFO] Sending to ptd: 'SR,A,Auto'
ptd-server 2022-02-24 18:22:56,853 [INFO] Reply from ptd: 'Range A changed'
ptd-server 2022-02-24 18:23:06,863 [INFO] Starting ranging mode
ptd-server 2022-02-24 18:23:06,863 [INFO] Sending to ptd: 'Go,1000,0,2022-02-24_18-22-38_ranging'
ptd-server 2022-02-24 18:23:06,864 [INFO] Reply from ptd: 'Starting untimed measurement, maximum 500000 samples at 1000ms with 0 rampup samples'
ptd-server 2022-02-24 18:23:06,864 [INFO] Sending reply to client 'OK'
ptd-server 2022-02-24 18:33:30,567 [INFO] Got command from the client 'session,2022-02-24_18-22-38,stop,ranging'
ptd-server 2022-02-24 18:33:40,577 [INFO] Sending to ptd: 'Stop'
ptd-server 2022-02-24 18:33:40,578 [INFO] Reply from ptd: 'Stopping untimed measurement'
ptd-server 2022-02-24 18:33:40,723 [INFO] Sending reply to client 'OK'
ptd-server 2022-02-24 18:33:40,778 [INFO] Got command from the client 'time'
ptd-server 2022-02-24 18:33:40,778 [INFO] Sending reply to client '1645727620.7786653'
ptd-server 2022-02-24 18:33:40,780 [INFO] Got command from the client 'session,2022-02-24_18-22-38,start,testing'
ptd-server 2022-02-24 18:33:40,780 [INFO] Sending to ptd: 'SR,V,251.390000'
ptd-server 2022-02-24 18:33:42,366 [INFO] Reply from ptd: 'Range V changed'
ptd-server 2022-02-24 18:33:42,366 [INFO] Sending to ptd: 'SR,A,0.042870'
ptd-server 2022-02-24 18:33:43,867 [INFO] Reply from ptd: 'Range A changed'
ptd-server 2022-02-24 18:33:53,877 [INFO] Starting testing mode
ptd-server 2022-02-24 18:33:53,877 [INFO] Sending to ptd: 'Go,1000,0,2022-02-24_18-22-38_testing'
ptd-server 2022-02-24 18:33:53,878 [INFO] Reply from ptd: 'Starting untimed measurement, maximum 500000 samples at 1000ms with 0 rampup samples'
ptd-server 2022-02-24 18:33:53,878 [INFO] Sending reply to client 'OK'
ptd-server 2022-02-24 18:44:17,608 [INFO] Got command from the client 'session,2022-02-24_18-22-38,stop,testing'
ptd-server 2022-02-24 18:44:27,618 [INFO] Sending to ptd: 'Stop'
ptd-server 2022-02-24 18:44:27,619 [INFO] Reply from ptd: 'Stopping untimed measurement'
ptd-server 2022-02-24 18:44:27,698 [INFO] Sending reply to client 'OK'
ptd-server 2022-02-24 18:44:27,717 [INFO] Got command from the client 'session,2022-02-24_18-22-38,done'
ptd-server 2022-02-24 18:44:27,717 [INFO] Sending to ptd: 'Stop'
ptd-server 2022-02-24 18:44:27,879 [INFO] Reply from ptd: 'Error: no measurement to stop'
ptd-server 2022-02-24 18:44:27,879 [INFO] Sending to ptd: 'SR,V,Auto'
ptd-server 2022-02-24 18:44:28,381 [INFO] Reply from ptd: 'Range V changed'
ptd-server 2022-02-24 18:44:28,381 [INFO] Sending to ptd: 'SR,A,0.500000'
ptd-server 2022-02-24 18:44:29,883 [INFO] Reply from ptd: 'Range A changed'
ptd-server 2022-02-24 18:44:29,883 [INFO] Set initial values for Amps 0.500000 and Volts Auto
ptd-server 2022-02-24 18:44:29,883 [INFO] Stopping ptd...
