ptd-server 2022-02-12 01:55:03,030 [INFO] Got command from the client 'stop'
ptd-server 2022-02-12 01:55:03,030 [INFO] The server will be stopped after processing this client
ptd-server 2022-02-12 01:55:03,030 [INFO] Sending reply to client 'OK'
ptd-server 2022-02-12 01:55:03,468 [INFO] Got command from the client 'time'
ptd-server 2022-02-12 01:55:03,468 [INFO] Sending reply to client '1644659703.468935'
ptd-server 2022-02-12 01:55:03,468 [INFO] Got command from the client 'new,,3a79c782-4c65-46f3-879e-bb4d88a23f8d'
ptd-server 2022-02-12 01:55:03,468 [INFO] Sending reply to client 'OK 2022-02-12_01-55-03,567b9102-7d68-4bb8-a63f-4f0ca4102544'
ptd-server 2022-02-12 01:55:03,698 [INFO] Got command from the client 'time'
ptd-server 2022-02-12 01:55:03,698 [INFO] Sending reply to client '1644659703.698867'
ptd-server 2022-02-12 01:55:03,698 [INFO] Got command from the client 'session,2022-02-12_01-55-03,start,ranging'
ptd-server 2022-02-12 01:55:03,798 [INFO] Running PTDaemon: ['C:\\PTD\\ptd-windows-x86.exe', '-l', 'C:\\Users\\lab\\AppData\\Local\\Temp\\tmp2ywxj5ql\\ptd_logfile.txt', '-p', '8888', '-c', '2', '-y', '52', '10.32.209.61']
ptd-server 2022-02-12 01:55:22,288 [INFO] Sending to ptd: 'Hello'
ptd-server 2022-02-12 01:55:22,288 [INFO] Reply from ptd: 'Hello, PTDaemon here!'
ptd-server 2022-02-12 01:55:22,288 [INFO] Sending to ptd: 'Identify'
ptd-server 2022-02-12 01:55:22,288 [INFO] Reply from ptd: 'YokogawaWT330E,1000,1,1,1,1,0,0,1,version=1.9.2-3976349f-20201208,OS=Windows 8 / Server 2012,mode=power,1,1,1,0,0,no_cal_date,YOKOGAWA;WT333E;C2VL22012V;F1.04'
ptd-server 2022-02-12 01:55:22,288 [INFO] Connected to PTDaemon
ptd-server 2022-02-12 01:55:22,288 [INFO] Sending to ptd: 'RR'
ptd-server 2022-02-12 01:55:22,288 [INFO] Reply from ptd: 'Ranges,0,1.000000,0,150.000000'
ptd-server 2022-02-12 01:55:22,288 [INFO] Initial range for Amps is 1.000000 for Volts is 150.000000
ptd-server 2022-02-12 01:55:22,288 [INFO] Sending to ptd: 'SR,V,Auto'
ptd-server 2022-02-12 01:55:22,801 [INFO] Reply from ptd: 'Range V changed'
ptd-server 2022-02-12 01:55:22,801 [INFO] Sending to ptd: 'SR,A,Auto'
ptd-server 2022-02-12 01:55:23,317 [INFO] Reply from ptd: 'Range A changed'
ptd-server 2022-02-12 01:55:33,317 [INFO] Starting ranging mode
ptd-server 2022-02-12 01:55:33,317 [INFO] Sending to ptd: 'Go,1000,0,2022-02-12_01-55-03_ranging'
ptd-server 2022-02-12 01:55:33,317 [INFO] Reply from ptd: 'Starting untimed measurement, maximum 500000 samples at 1000ms with 0 rampup samples'
ptd-server 2022-02-12 01:55:33,317 [INFO] Sending reply to client 'OK'
ptd-server 2022-02-12 02:07:26,948 [INFO] Got command from the client 'session,2022-02-12_01-55-03,stop,ranging'
ptd-server 2022-02-12 02:07:36,960 [INFO] Sending to ptd: 'Stop'
ptd-server 2022-02-12 02:07:36,960 [INFO] Reply from ptd: 'Stopping untimed measurement'
ptd-server 2022-02-12 02:07:36,976 [INFO] Sending reply to client 'OK'
ptd-server 2022-02-12 02:07:37,244 [INFO] Got command from the client 'time'
ptd-server 2022-02-12 02:07:37,244 [INFO] Sending reply to client '1644660457.2441735'
ptd-server 2022-02-12 02:07:37,244 [INFO] Got command from the client 'session,2022-02-12_01-55-03,start,testing'
ptd-server 2022-02-12 02:07:37,244 [INFO] Sending to ptd: 'SR,V,121.440000'
ptd-server 2022-02-12 02:07:38,836 [INFO] Reply from ptd: 'Range V changed'
ptd-server 2022-02-12 02:07:38,836 [INFO] Sending to ptd: 'SR,A,0.299100'
ptd-server 2022-02-12 02:07:40,360 [INFO] Reply from ptd: 'Range A changed'
ptd-server 2022-02-12 02:07:50,360 [INFO] Starting testing mode
ptd-server 2022-02-12 02:07:50,360 [INFO] Sending to ptd: 'Go,1000,0,2022-02-12_01-55-03_testing'
ptd-server 2022-02-12 02:07:50,360 [INFO] Reply from ptd: 'Starting untimed measurement, maximum 500000 samples at 1000ms with 0 rampup samples'
ptd-server 2022-02-12 02:07:50,360 [INFO] Sending reply to client 'OK'
ptd-server 2022-02-12 02:19:31,853 [INFO] Got command from the client 'session,2022-02-12_01-55-03,stop,testing'
ptd-server 2022-02-12 02:19:41,869 [INFO] Sending to ptd: 'Stop'
ptd-server 2022-02-12 02:19:41,869 [INFO] Reply from ptd: 'Stopping untimed measurement'
ptd-server 2022-02-12 02:19:41,885 [INFO] Sending reply to client 'OK'
ptd-server 2022-02-12 02:19:41,944 [INFO] Got command from the client 'session,2022-02-12_01-55-03,done'
ptd-server 2022-02-12 02:19:41,944 [INFO] Sending to ptd: 'Stop'
ptd-server 2022-02-12 02:19:42,369 [INFO] Reply from ptd: 'Error: no measurement to stop'
ptd-server 2022-02-12 02:19:42,369 [INFO] Sending to ptd: 'SR,V,150.000000'
ptd-server 2022-02-12 02:19:43,901 [INFO] Reply from ptd: 'Range V changed'
ptd-server 2022-02-12 02:19:43,901 [INFO] Sending to ptd: 'SR,A,1.000000'
ptd-server 2022-02-12 02:19:45,418 [INFO] Reply from ptd: 'Range A changed'
ptd-server 2022-02-12 02:19:45,418 [INFO] Set initial values for Amps 1.000000 and Volts 150.000000
ptd-server 2022-02-12 02:19:45,418 [INFO] Stopping ptd...
