ptd-server 2022-02-23 03:34:07,964 [INFO] Got command from the client 'time'
ptd-server 2022-02-23 03:34:07,964 [INFO] Sending reply to client '1645587247.9644372'
ptd-server 2022-02-23 03:34:07,966 [INFO] Got command from the client 'new,,d0e587f8-4ccd-4c4c-98c3-ec678373ed0f'
ptd-server 2022-02-23 03:34:07,966 [INFO] Sending reply to client 'OK 2022-02-23_03-34-07,1425dd8b-b5ab-4e1b-954d-b5d0013232c4'
ptd-server 2022-02-23 03:34:07,998 [INFO] Got command from the client 'time'
ptd-server 2022-02-23 03:34:07,999 [INFO] Sending reply to client '1645587247.9989972'
ptd-server 2022-02-23 03:34:08,000 [INFO] Got command from the client 'session,2022-02-23_03-34-07,start,ranging'
ptd-server 2022-02-23 03:34:08,001 [INFO] Running PTDaemon: ['/home/anton/projects/mlperf/power/inference_v1.0/ptd-linux-x86', '-l', '/tmp/tmpgldyt7rr/ptd_logfile.txt', '-p', '8888', '49', '/dev/usbtmc0']
ptd-server 2022-02-23 03:34:25,174 [INFO] Sending to ptd: 'Hello'
ptd-server 2022-02-23 03:34:25,175 [INFO] Reply from ptd: 'Hello, PTDaemon here!'
ptd-server 2022-02-23 03:34:25,175 [INFO] Sending to ptd: 'Identify'
ptd-server 2022-02-23 03:34:25,175 [INFO] Reply from ptd: 'YokogawaWT310E,1000,1,1,1,1,0,1,1,version=1.9.2-e8c7a49a-20201208,OS=Linux 5.13.0-28-generic #31~20.04.1-Ubuntu SMP Wed Jan 19 14:08:10 UTC 2022 x86_64,mode=power,1,1,1,0,0,no_cal_date,YOKOGAWA;WT310E;C3XA04010E;F1.04'
ptd-server 2022-02-23 03:34:25,175 [INFO] Connected to PTDaemon
ptd-server 2022-02-23 03:34:25,175 [INFO] Sending to ptd: 'RR'
ptd-server 2022-02-23 03:34:25,176 [INFO] Reply from ptd: 'Ranges,0,0.500000,0,300.000000'
ptd-server 2022-02-23 03:34:25,176 [INFO] Initial range for Amps is 0.500000 for Volts is 300.000000
ptd-server 2022-02-23 03:34:25,176 [INFO] Sending to ptd: 'SR,V,Auto'
ptd-server 2022-02-23 03:34:25,678 [INFO] Reply from ptd: 'Range V changed'
ptd-server 2022-02-23 03:34:25,679 [INFO] Sending to ptd: 'SR,A,Auto'
ptd-server 2022-02-23 03:34:26,181 [INFO] Reply from ptd: 'Range A changed'
ptd-server 2022-02-23 03:34:36,186 [INFO] Starting ranging mode
ptd-server 2022-02-23 03:34:36,186 [INFO] Sending to ptd: 'Go,1000,0,2022-02-23_03-34-07_ranging'
ptd-server 2022-02-23 03:34:36,187 [INFO] Reply from ptd: 'Starting untimed measurement, maximum 500000 samples at 1000ms with 0 rampup samples'
ptd-server 2022-02-23 03:34:36,187 [INFO] Sending reply to client 'OK'
ptd-server 2022-02-23 03:45:06,268 [INFO] Got command from the client 'session,2022-02-23_03-34-07,stop,ranging'
ptd-server 2022-02-23 03:45:16,279 [INFO] Sending to ptd: 'Stop'
ptd-server 2022-02-23 03:45:16,279 [INFO] Reply from ptd: 'Stopping untimed measurement'
ptd-server 2022-02-23 03:45:17,092 [INFO] Sending reply to client 'OK'
ptd-server 2022-02-23 03:45:17,150 [INFO] Got command from the client 'time'
ptd-server 2022-02-23 03:45:17,150 [INFO] Sending reply to client '1645587917.1506948'
ptd-server 2022-02-23 03:45:17,152 [INFO] Got command from the client 'session,2022-02-23_03-34-07,start,testing'
ptd-server 2022-02-23 03:45:17,152 [INFO] Sending to ptd: 'SR,V,249.520000'
ptd-server 2022-02-23 03:45:18,689 [INFO] Reply from ptd: 'Range V changed'
ptd-server 2022-02-23 03:45:18,689 [INFO] Sending to ptd: 'SR,A,0.055680'
ptd-server 2022-02-23 03:45:20,190 [INFO] Reply from ptd: 'Range A changed'
ptd-server 2022-02-23 03:45:30,200 [INFO] Starting testing mode
ptd-server 2022-02-23 03:45:30,201 [INFO] Sending to ptd: 'Go,1000,0,2022-02-23_03-34-07_testing'
ptd-server 2022-02-23 03:45:30,201 [INFO] Reply from ptd: 'Starting untimed measurement, maximum 500000 samples at 1000ms with 0 rampup samples'
ptd-server 2022-02-23 03:45:30,201 [INFO] Sending reply to client 'OK'
ptd-server 2022-02-23 03:56:00,048 [INFO] Got command from the client 'session,2022-02-23_03-34-07,stop,testing'
ptd-server 2022-02-23 03:56:10,058 [INFO] Sending to ptd: 'Stop'
ptd-server 2022-02-23 03:56:10,059 [INFO] Reply from ptd: 'Stopping untimed measurement'
ptd-server 2022-02-23 03:56:10,476 [INFO] Sending reply to client 'OK'
ptd-server 2022-02-23 03:56:10,495 [INFO] Got command from the client 'session,2022-02-23_03-34-07,done'
ptd-server 2022-02-23 03:56:10,495 [INFO] Sending to ptd: 'Stop'
ptd-server 2022-02-23 03:56:10,495 [INFO] Reply from ptd: 'Error: no measurement to stop'
ptd-server 2022-02-23 03:56:10,496 [INFO] Sending to ptd: 'SR,V,300.000000'
ptd-server 2022-02-23 03:56:11,997 [INFO] Reply from ptd: 'Range V changed'
ptd-server 2022-02-23 03:56:11,997 [INFO] Sending to ptd: 'SR,A,0.500000'
ptd-server 2022-02-23 03:56:13,498 [INFO] Reply from ptd: 'Range A changed'
ptd-server 2022-02-23 03:56:13,499 [INFO] Set initial values for Amps 0.500000 and Volts 300.000000
ptd-server 2022-02-23 03:56:13,499 [INFO] Stopping ptd...
