ptd-server 2022-02-18 12:07:58,565 [INFO] Got command from the client 'stop'
ptd-server 2022-02-18 12:07:58,565 [INFO] The server will be stopped after processing this client
ptd-server 2022-02-18 12:07:58,565 [INFO] Sending reply to client 'OK'
ptd-server 2022-02-18 12:07:58,784 [INFO] Got command from the client 'time'
ptd-server 2022-02-18 12:07:58,784 [INFO] Sending reply to client '1645214878.7844675'
ptd-server 2022-02-18 12:07:58,800 [INFO] Got command from the client 'new,,58e99242-adf5-427f-afec-5c88915b69ba'
ptd-server 2022-02-18 12:07:58,800 [INFO] Sending reply to client 'OK 2022-02-18_12-07-58,fbd5fecc-4b5f-42bd-add7-1cce37e2cee9'
ptd-server 2022-02-18 12:07:59,003 [INFO] Got command from the client 'time'
ptd-server 2022-02-18 12:07:59,003 [INFO] Sending reply to client '1645214879.0033271'
ptd-server 2022-02-18 12:07:59,003 [INFO] Got command from the client 'session,2022-02-18_12-07-58,start,ranging'
ptd-server 2022-02-18 12:07:59,112 [INFO] Running PTDaemon: ['C:\\PTD\\ptd-windows-x86.exe', '-l', 'C:\\Users\\lab\\AppData\\Local\\Temp\\tmp8rp_c49y\\ptd_logfile.txt', '-p', '8888', '-c', '2', '-y', '52', '10.32.209.65']
ptd-server 2022-02-18 12:08:16,706 [INFO] Sending to ptd: 'Hello'
ptd-server 2022-02-18 12:08:16,706 [INFO] Reply from ptd: 'Hello, PTDaemon here!'
ptd-server 2022-02-18 12:08:16,706 [INFO] Sending to ptd: 'Identify'
ptd-server 2022-02-18 12:08:16,706 [INFO] Reply from ptd: 'YokogawaWT330E,1000,1,1,1,1,0,0,1,version=1.9.2-3976349f-20201208,OS=Windows 8 / Server 2012,mode=power,1,1,1,0,0,no_cal_date,YOKOGAWA;WT333E;C2XL24034V;F1.04'
ptd-server 2022-02-18 12:08:16,706 [INFO] Connected to PTDaemon
ptd-server 2022-02-18 12:08:16,706 [INFO] Sending to ptd: 'RR'
ptd-server 2022-02-18 12:08:16,706 [INFO] Reply from ptd: 'Ranges,1,1.000000,1,150.000000'
ptd-server 2022-02-18 12:08:16,706 [INFO] Initial range for Amps is Auto for Volts is Auto
ptd-server 2022-02-18 12:08:16,706 [INFO] Sending to ptd: 'SR,V,Auto'
ptd-server 2022-02-18 12:08:17,221 [INFO] Reply from ptd: 'Range V changed'
ptd-server 2022-02-18 12:08:17,221 [INFO] Sending to ptd: 'SR,A,Auto'
ptd-server 2022-02-18 12:08:17,737 [INFO] Reply from ptd: 'Range A changed'
ptd-server 2022-02-18 12:08:27,748 [INFO] Starting ranging mode
ptd-server 2022-02-18 12:08:27,748 [INFO] Sending to ptd: 'Go,1000,0,2022-02-18_12-07-58_ranging'
ptd-server 2022-02-18 12:08:27,748 [INFO] Reply from ptd: 'Starting untimed measurement, maximum 500000 samples at 1000ms with 0 rampup samples'
ptd-server 2022-02-18 12:08:27,748 [INFO] Sending reply to client 'OK'
ptd-server 2022-02-18 12:20:59,063 [INFO] Got command from the client 'session,2022-02-18_12-07-58,stop,ranging'
ptd-server 2022-02-18 12:21:09,072 [INFO] Sending to ptd: 'Stop'
ptd-server 2022-02-18 12:21:09,072 [INFO] Reply from ptd: 'Stopping untimed measurement'
ptd-server 2022-02-18 12:21:09,087 [INFO] Sending reply to client 'OK'
ptd-server 2022-02-18 12:21:09,337 [INFO] Got command from the client 'time'
ptd-server 2022-02-18 12:21:09,337 [INFO] Sending reply to client '1645215669.3375657'
ptd-server 2022-02-18 12:21:09,337 [INFO] Got command from the client 'session,2022-02-18_12-07-58,start,testing'
ptd-server 2022-02-18 12:21:09,337 [INFO] Sending to ptd: 'SR,V,120.900000'
ptd-server 2022-02-18 12:21:11,286 [INFO] Reply from ptd: 'Range V changed'
ptd-server 2022-02-18 12:21:11,286 [INFO] Sending to ptd: 'SR,A,0.644900'
ptd-server 2022-02-18 12:21:12,822 [INFO] Reply from ptd: 'Range A changed'
ptd-server 2022-02-18 12:21:22,822 [INFO] Starting testing mode
ptd-server 2022-02-18 12:21:22,822 [INFO] Sending to ptd: 'Go,1000,0,2022-02-18_12-07-58_testing'
ptd-server 2022-02-18 12:21:22,822 [INFO] Reply from ptd: 'Starting untimed measurement, maximum 500000 samples at 1000ms with 0 rampup samples'
ptd-server 2022-02-18 12:21:22,822 [INFO] Sending reply to client 'OK'
ptd-server 2022-02-18 12:33:52,529 [INFO] Got command from the client 'session,2022-02-18_12-07-58,stop,testing'
ptd-server 2022-02-18 12:34:02,534 [INFO] Sending to ptd: 'Stop'
ptd-server 2022-02-18 12:34:02,534 [INFO] Reply from ptd: 'Stopping untimed measurement'
ptd-server 2022-02-18 12:34:02,550 [INFO] Sending reply to client 'OK'
ptd-server 2022-02-18 12:34:02,597 [INFO] Got command from the client 'session,2022-02-18_12-07-58,done'
ptd-server 2022-02-18 12:34:02,597 [INFO] Sending to ptd: 'Stop'
ptd-server 2022-02-18 12:34:02,831 [INFO] Reply from ptd: 'Error: no measurement to stop'
ptd-server 2022-02-18 12:34:02,831 [INFO] Sending to ptd: 'SR,V,Auto'
ptd-server 2022-02-18 12:34:03,345 [INFO] Reply from ptd: 'Range V changed'
ptd-server 2022-02-18 12:34:03,345 [INFO] Sending to ptd: 'SR,A,Auto'
ptd-server 2022-02-18 12:34:03,856 [INFO] Reply from ptd: 'Range A changed'
ptd-server 2022-02-18 12:34:03,856 [INFO] Set initial values for Amps Auto and Volts Auto
ptd-server 2022-02-18 12:34:03,856 [INFO] Stopping ptd...
