ptd-server 2022-02-18 12:37:12,367 [INFO] Got command from the client 'stop'
ptd-server 2022-02-18 12:37:12,367 [INFO] The server will be stopped after processing this client
ptd-server 2022-02-18 12:37:12,367 [INFO] Sending reply to client 'OK'
ptd-server 2022-02-18 12:37:12,570 [INFO] Got command from the client 'time'
ptd-server 2022-02-18 12:37:12,570 [INFO] Sending reply to client '1645216632.5709414'
ptd-server 2022-02-18 12:37:12,570 [INFO] Got command from the client 'new,,c5f710c6-37d2-428e-9671-075d5b00526d'
ptd-server 2022-02-18 12:37:12,570 [INFO] Sending reply to client 'OK 2022-02-18_12-37-12,3312486d-7e87-4604-95d0-1daca625c055'
ptd-server 2022-02-18 12:37:12,789 [INFO] Got command from the client 'time'
ptd-server 2022-02-18 12:37:12,789 [INFO] Sending reply to client '1645216632.7896166'
ptd-server 2022-02-18 12:37:12,789 [INFO] Got command from the client 'session,2022-02-18_12-37-12,start,ranging'
ptd-server 2022-02-18 12:37:12,898 [INFO] Running PTDaemon: ['C:\\PTD\\ptd-windows-x86.exe', '-l', 'C:\\Users\\lab\\AppData\\Local\\Temp\\tmp5yxgpaan\\ptd_logfile.txt', '-p', '8888', '-c', '2', '-y', '52', '10.32.209.65']
ptd-server 2022-02-18 12:37:30,516 [INFO] Sending to ptd: 'Hello'
ptd-server 2022-02-18 12:37:30,516 [INFO] Reply from ptd: 'Hello, PTDaemon here!'
ptd-server 2022-02-18 12:37:30,516 [INFO] Sending to ptd: 'Identify'
ptd-server 2022-02-18 12:37:30,516 [INFO] Reply from ptd: 'YokogawaWT330E,1000,1,1,1,1,0,0,1,version=1.9.2-3976349f-20201208,OS=Windows 8 / Server 2012,mode=power,1,1,1,0,0,no_cal_date,YOKOGAWA;WT333E;C2XL24034V;F1.04'
ptd-server 2022-02-18 12:37:30,516 [INFO] Connected to PTDaemon
ptd-server 2022-02-18 12:37:30,516 [INFO] Sending to ptd: 'RR'
ptd-server 2022-02-18 12:37:30,516 [INFO] Reply from ptd: 'Ranges,1,1.000000,1,150.000000'
ptd-server 2022-02-18 12:37:30,516 [INFO] Initial range for Amps is Auto for Volts is Auto
ptd-server 2022-02-18 12:37:30,516 [INFO] Sending to ptd: 'SR,V,Auto'
ptd-server 2022-02-18 12:37:31,031 [INFO] Reply from ptd: 'Range V changed'
ptd-server 2022-02-18 12:37:31,031 [INFO] Sending to ptd: 'SR,A,Auto'
ptd-server 2022-02-18 12:37:31,547 [INFO] Reply from ptd: 'Range A changed'
ptd-server 2022-02-18 12:37:41,547 [INFO] Starting ranging mode
ptd-server 2022-02-18 12:37:41,547 [INFO] Sending to ptd: 'Go,1000,0,2022-02-18_12-37-12_ranging'
ptd-server 2022-02-18 12:37:41,547 [INFO] Reply from ptd: 'Starting untimed measurement, maximum 500000 samples at 1000ms with 0 rampup samples'
ptd-server 2022-02-18 12:37:41,547 [INFO] Sending reply to client 'OK'
ptd-server 2022-02-18 12:49:14,100 [INFO] Got command from the client 'session,2022-02-18_12-37-12,stop,ranging'
ptd-server 2022-02-18 12:49:24,102 [INFO] Sending to ptd: 'Stop'
ptd-server 2022-02-18 12:49:24,103 [INFO] Reply from ptd: 'Stopping untimed measurement'
ptd-server 2022-02-18 12:49:24,118 [INFO] Sending reply to client 'OK'
ptd-server 2022-02-18 12:49:24,368 [INFO] Got command from the client 'time'
ptd-server 2022-02-18 12:49:24,368 [INFO] Sending reply to client '1645217364.368958'
ptd-server 2022-02-18 12:49:24,368 [INFO] Got command from the client 'session,2022-02-18_12-37-12,start,testing'
ptd-server 2022-02-18 12:49:24,368 [INFO] Sending to ptd: 'SR,V,120.890000'
ptd-server 2022-02-18 12:49:26,073 [INFO] Reply from ptd: 'Range V changed'
ptd-server 2022-02-18 12:49:26,073 [INFO] Sending to ptd: 'SR,A,0.741800'
ptd-server 2022-02-18 12:49:27,601 [INFO] Reply from ptd: 'Range A changed'
ptd-server 2022-02-18 12:49:37,604 [INFO] Starting testing mode
ptd-server 2022-02-18 12:49:37,604 [INFO] Sending to ptd: 'Go,1000,0,2022-02-18_12-37-12_testing'
ptd-server 2022-02-18 12:49:37,604 [INFO] Reply from ptd: 'Starting untimed measurement, maximum 500000 samples at 1000ms with 0 rampup samples'
ptd-server 2022-02-18 12:49:37,604 [INFO] Sending reply to client 'OK'
ptd-server 2022-02-18 13:01:36,288 [INFO] Got command from the client 'session,2022-02-18_12-37-12,stop,testing'
ptd-server 2022-02-18 13:01:46,312 [INFO] Sending to ptd: 'Stop'
ptd-server 2022-02-18 13:01:46,312 [INFO] Reply from ptd: 'Stopping untimed measurement'
ptd-server 2022-02-18 13:01:46,327 [INFO] Sending reply to client 'OK'
ptd-server 2022-02-18 13:01:46,374 [INFO] Got command from the client 'session,2022-02-18_12-37-12,done'
ptd-server 2022-02-18 13:01:46,374 [INFO] Sending to ptd: 'Stop'
ptd-server 2022-02-18 13:01:46,613 [INFO] Reply from ptd: 'Error: no measurement to stop'
ptd-server 2022-02-18 13:01:46,613 [INFO] Sending to ptd: 'SR,V,Auto'
ptd-server 2022-02-18 13:01:47,124 [INFO] Reply from ptd: 'Range V changed'
ptd-server 2022-02-18 13:01:47,124 [INFO] Sending to ptd: 'SR,A,Auto'
ptd-server 2022-02-18 13:01:47,635 [INFO] Reply from ptd: 'Range A changed'
ptd-server 2022-02-18 13:01:47,635 [INFO] Set initial values for Amps Auto and Volts Auto
ptd-server 2022-02-18 13:01:47,635 [INFO] Stopping ptd...
