client 2022-02-16 04:11:18,162 [WARNING] Removing loadgen logs directory '/home/katya/CK/ck-mlperf/program/image-classification-tflite-loadgen/tmp/loadgen_logs'
client 2022-02-16 04:11:18,164 [INFO] Sending command to the server: 'mlcommons/power client v3'
client 2022-02-16 04:11:18,166 [INFO] Got response: 'mlcommons/power server v3'
client 2022-02-16 04:11:18,166 [INFO] Synchronizing with the server and with time.google.com...
client 2022-02-16 04:11:18,205 [INFO] NTP:offset = -0.001 s, delay = 0.026 s 
client 2022-02-16 04:11:18,206 [INFO] Sending command to the server: 'time'
client 2022-02-16 04:11:18,207 [INFO] Got response: '1644984678.2047668'
client 2022-02-16 04:11:18,208 [INFO] The time difference between the client and the server is within range 1.382 ms..3.274 ms
client 2022-02-16 04:11:18,208 [INFO] Sending command to the server: 'new,,9efa8ba7-33f8-41d8-ada3-87d6141213b2'
client 2022-02-16 04:11:18,210 [INFO] Got response: 'OK 2022-02-16_04-11-18,c01c165d-ebf2-4842-a4eb-c5ce4fe80761'
client 2022-02-16 04:11:18,210 [INFO] Session id is '2022-02-16_04-11-18'
client 2022-02-16 04:11:18,211 [INFO] Sources: {"sources": {"__init__.py": "da39a3ee5e6b4b0d3255bfef95601890afd80709", "client.py": "33ca4f26368777ac06e01f9567b714a4b8063886", "lib/__init__.py": "da39a3ee5e6b4b0d3255bfef95601890afd80709", "lib/client.py": "4c2b78fb4849a7e5b584ef792d82aaed20b17f57", "lib/common.py": "624d0c0acc7c39aaff3674f0b99d6a09da53d1dc", "lib/external/__init__.py": "da39a3ee5e6b4b0d3255bfef95601890afd80709", "lib/external/ntplib.py": "4da8f970656505a40483206ef2b5d3dd5e81711d", "lib/server.py": "59c9fb92908260d3e9f81a895c7aa009742275e4", "lib/source_hashes.py": "60a2e02193209e8d392803326208d5466342da18", "lib/summary.py": "aa92f0a3f975eecd44d3c0cd0236342ccc9f941d", "lib/time_sync.py": "3210db56eb0ff0df57bf4293dc4d4b03fffd46f1", "server.py": "c3f90f2f7eeb4db30727556d0c815ebc89b3d28b", "tests/unit/__init__.py": "da39a3ee5e6b4b0d3255bfef95601890afd80709", "tests/unit/test_server.py": "99ae15aef722f2000ee6ed1ae1523637bf1ae42b", "tests/unit/test_source_hashes.py": "00468a2907583c593e6574a1f6b404e4651c221a"}, "modules": {"ptd_client_server.lib.client": "lib/client.py", "ptd_client_server.lib.common": "lib/common.py", "ptd_client_server.lib.external.ntplib": "lib/external/ntplib.py", "ptd_client_server.lib.source_hashes": "lib/source_hashes.py", "ptd_client_server.lib.summary": "lib/summary.py", "ptd_client_server.lib.time_sync": "lib/time_sync.py"}}
client 2022-02-16 04:11:18,212 [INFO] Running workload in ranging mode
client 2022-02-16 04:11:18,212 [INFO] Synchronizing with the server and with time.google.com...
client 2022-02-16 04:11:18,245 [INFO] NTP:offset = -0.002 s, delay = 0.027 s 
client 2022-02-16 04:11:18,245 [INFO] Sending command to the server: 'time'
client 2022-02-16 04:11:18,247 [INFO] Got response: '1644984678.244329'
client 2022-02-16 04:11:18,247 [INFO] The time difference between the client and the server is within range 1.191 ms..3.230 ms
client 2022-02-16 04:11:18,247 [INFO] Sending command to the server: 'session,2022-02-16_04-11-18,start,ranging'
client 2022-02-16 04:11:46,441 [INFO] Got response: 'OK'
client 2022-02-16 04:11:46,443 [INFO] Running the workload 'ck benchmark program:image-classification-tflite-loadgen --env.CK_SILENT_MODE=YES --skip_print_timers --dep_add_tags.compiler=gcc,v7 --dep_add_tags.python=v3 --dep_add_tags.mlperf-inference-src=r2.0 --dep_add_tags.weights=mobilenet,v1-0.75-128,quantized --dep_add_tags.images=crop.875,preprocessed,using-opencv --dep_add_tags.library=tflite,v2.7.1,with.ruy --env.CK_LOADGEN_DATASET_SIZE=1024 --env.CK_LOADGEN_MODE=PerformanceOnly --env.CK_LOADGEN_SCENARIO=SingleStream --env.CK_LOADGEN_TARGET_LATENCY=$CK_LOADGEN_TARGET_LATENCY --skip_stat_analysis --process_multi_keys --repetitions=1 --record --record_repo=local --record_uoa=mlperf_v2.0-open-xavier-tflite-v2.7.1-ruy-mobilenet-v1-0.75-128-quantized-singlestream-performance-target_latency.$CK_LOADGEN_TARGET_LATENCY-power.workload --tags=mlperf,round.v2.0,division.open,task.image-classification,platform.xavier,scenario.singlestream,mode.performance,workload.mobilenet-v1-0.75-128-quantized,preprocessed_using.opencv,inference_engine.tflite,inference_engine_version.v2.7.1,inference_engine_backend.ruy,target_latency.$CK_LOADGEN_TARGET_LATENCY,power.workload "@@@{\'meta\': {\'ck_benchmark_program\': \'ck benchmark program:image-classification-tflite-loadgen --env.CK_SILENT_MODE=YES --skip_print_timers --dep_add_tags.compiler=gcc,v7 --dep_add_tags.python=v3 --dep_add_tags.mlperf-inference-src=r2.0 --dep_add_tags.weights=mobilenet,v1-0.75-128,quantized --dep_add_tags.images=crop.875,preprocessed,using-opencv --dep_add_tags.library=tflite,v2.7.1,with.ruy --env.CK_LOADGEN_DATASET_SIZE=1024 --env.CK_LOADGEN_MODE=PerformanceOnly --env.CK_LOADGEN_SCENARIO=SingleStream --env.CK_LOADGEN_TARGET_LATENCY=$CK_LOADGEN_TARGET_LATENCY --skip_stat_analysis --process_multi_keys --repetitions=1 --record --record_repo=local --record_uoa=mlperf_v2.0-open-xavier-tflite-v2.7.1-ruy-mobilenet-v1-0.75-128-quantized-singlestream-performance-target_latency.$CK_LOADGEN_TARGET_LATENCY-power.workload --tags=mlperf,round.v2.0,division.open,task.image-classification,platform.xavier,scenario.singlestream,mode.performance,workload.mobilenet-v1-0.75-128-quantized,preprocessed_using.opencv,inference_engine.tflite,inference_engine_version.v2.7.1,inference_engine_backend.ruy,target_latency.$CK_LOADGEN_TARGET_LATENCY,power.workload\'}}" && cat `ck find program:image-classification-tflite-loadgen`/tmp/mlperf_log_summary.txt && mkdir -p "$CK_MLPERF_POWER_CLIENT_LOADGEN_LOGS" && cp "$CK_MLPERF_POWER_CLIENT_LOADGEN_LOGS"/../mlperf_log_* "$CK_MLPERF_POWER_CLIENT_LOADGEN_LOGS"/'
client 2022-02-16 04:22:05,783 [INFO] Sending command to the server: 'session,2022-02-16_04-11-18,stop,ranging'
client 2022-02-16 04:22:16,725 [INFO] Got response: 'OK'
client 2022-02-16 04:22:16,744 [INFO] Copying loadgen logs from '/home/katya/CK/ck-mlperf/program/image-classification-tflite-loadgen/tmp/loadgen_logs' to '/home/katya/CK/ck-mlperf/program/mlperf-power-client/tmp/2022-02-16_04-11-18/ranging'
client 2022-02-16 04:22:16,745 [INFO] Running workload in testing mode
client 2022-02-16 04:22:16,745 [INFO] Synchronizing with the server and with time.google.com...
client 2022-02-16 04:22:16,773 [INFO] NTP:offset = -0.001 s, delay = 0.023 s 
client 2022-02-16 04:22:16,774 [INFO] Sending command to the server: 'time'
client 2022-02-16 04:22:16,775 [INFO] Got response: '1644985336.771781'
client 2022-02-16 04:22:16,776 [INFO] The time difference between the client and the server is within range 2.235 ms..4.141 ms
client 2022-02-16 04:22:16,776 [INFO] Sending command to the server: 'session,2022-02-16_04-11-18,start,testing'
client 2022-02-16 04:22:29,785 [INFO] Got response: 'OK'
client 2022-02-16 04:22:29,787 [INFO] Running the workload 'ck benchmark program:image-classification-tflite-loadgen --env.CK_SILENT_MODE=YES --skip_print_timers --dep_add_tags.compiler=gcc,v7 --dep_add_tags.python=v3 --dep_add_tags.mlperf-inference-src=r2.0 --dep_add_tags.weights=mobilenet,v1-0.75-128,quantized --dep_add_tags.images=crop.875,preprocessed,using-opencv --dep_add_tags.library=tflite,v2.7.1,with.ruy --env.CK_LOADGEN_DATASET_SIZE=1024 --env.CK_LOADGEN_MODE=PerformanceOnly --env.CK_LOADGEN_SCENARIO=SingleStream --env.CK_LOADGEN_TARGET_LATENCY=$CK_LOADGEN_TARGET_LATENCY --skip_stat_analysis --process_multi_keys --repetitions=1 --record --record_repo=local --record_uoa=mlperf_v2.0-open-xavier-tflite-v2.7.1-ruy-mobilenet-v1-0.75-128-quantized-singlestream-performance-target_latency.$CK_LOADGEN_TARGET_LATENCY-power.workload --tags=mlperf,round.v2.0,division.open,task.image-classification,platform.xavier,scenario.singlestream,mode.performance,workload.mobilenet-v1-0.75-128-quantized,preprocessed_using.opencv,inference_engine.tflite,inference_engine_version.v2.7.1,inference_engine_backend.ruy,target_latency.$CK_LOADGEN_TARGET_LATENCY,power.workload "@@@{\'meta\': {\'ck_benchmark_program\': \'ck benchmark program:image-classification-tflite-loadgen --env.CK_SILENT_MODE=YES --skip_print_timers --dep_add_tags.compiler=gcc,v7 --dep_add_tags.python=v3 --dep_add_tags.mlperf-inference-src=r2.0 --dep_add_tags.weights=mobilenet,v1-0.75-128,quantized --dep_add_tags.images=crop.875,preprocessed,using-opencv --dep_add_tags.library=tflite,v2.7.1,with.ruy --env.CK_LOADGEN_DATASET_SIZE=1024 --env.CK_LOADGEN_MODE=PerformanceOnly --env.CK_LOADGEN_SCENARIO=SingleStream --env.CK_LOADGEN_TARGET_LATENCY=$CK_LOADGEN_TARGET_LATENCY --skip_stat_analysis --process_multi_keys --repetitions=1 --record --record_repo=local --record_uoa=mlperf_v2.0-open-xavier-tflite-v2.7.1-ruy-mobilenet-v1-0.75-128-quantized-singlestream-performance-target_latency.$CK_LOADGEN_TARGET_LATENCY-power.workload --tags=mlperf,round.v2.0,division.open,task.image-classification,platform.xavier,scenario.singlestream,mode.performance,workload.mobilenet-v1-0.75-128-quantized,preprocessed_using.opencv,inference_engine.tflite,inference_engine_version.v2.7.1,inference_engine_backend.ruy,target_latency.$CK_LOADGEN_TARGET_LATENCY,power.workload\'}}" && cat `ck find program:image-classification-tflite-loadgen`/tmp/mlperf_log_summary.txt && mkdir -p "$CK_MLPERF_POWER_CLIENT_LOADGEN_LOGS" && cp "$CK_MLPERF_POWER_CLIENT_LOADGEN_LOGS"/../mlperf_log_* "$CK_MLPERF_POWER_CLIENT_LOADGEN_LOGS"/'
client 2022-02-16 04:32:49,075 [INFO] Sending command to the server: 'session,2022-02-16_04-11-18,stop,testing'
client 2022-02-16 04:32:59,558 [INFO] Got response: 'OK'
client 2022-02-16 04:32:59,565 [INFO] Copying loadgen logs from '/home/katya/CK/ck-mlperf/program/image-classification-tflite-loadgen/tmp/loadgen_logs' to '/home/katya/CK/ck-mlperf/program/mlperf-power-client/tmp/2022-02-16_04-11-18/run_1'
client 2022-02-16 04:32:59,568 [INFO] Done runs
