ptd-server 2022-02-15 22:21:14,338 [INFO] Got command from the client 'time'
ptd-server 2022-02-15 22:21:14,338 [INFO] Sending reply to client '1644963674.3387632'
ptd-server 2022-02-15 22:21:14,341 [INFO] Got command from the client 'new,,44fc5bc1-9606-4c5c-b6a5-28dd5c3d0a0d'
ptd-server 2022-02-15 22:21:14,341 [INFO] Sending reply to client 'OK 2022-02-15_22-21-14,236dd52c-921a-49ae-9fcc-0de1338964c5'
ptd-server 2022-02-15 22:21:14,378 [INFO] Got command from the client 'time'
ptd-server 2022-02-15 22:21:14,378 [INFO] Sending reply to client '1644963674.3782034'
ptd-server 2022-02-15 22:21:14,379 [INFO] Got command from the client 'session,2022-02-15_22-21-14,start,ranging'
ptd-server 2022-02-15 22:21:14,380 [INFO] Running PTDaemon: ['/home/anton/projects/mlperf/power/inference_v1.0/ptd-linux-x86', '-l', '/tmp/tmpxvec0g6h/ptd_logfile.txt', '-p', '8888', '49', '/dev/usbtmc0']
ptd-server 2022-02-15 22:21:31,555 [INFO] Sending to ptd: 'Hello'
ptd-server 2022-02-15 22:21:31,556 [INFO] Reply from ptd: 'Hello, PTDaemon here!'
ptd-server 2022-02-15 22:21:31,556 [INFO] Sending to ptd: 'Identify'
ptd-server 2022-02-15 22:21:31,556 [INFO] Reply from ptd: 'YokogawaWT310E,1000,1,1,1,1,0,1,1,version=1.9.2-e8c7a49a-20201208,OS=Linux 5.13.0-27-generic #29~20.04.1-Ubuntu SMP Fri Jan 14 00:32:30 UTC 2022 x86_64,mode=power,1,1,1,0,0,no_cal_date,YOKOGAWA;WT310E;C3XA04010E;F1.04'
ptd-server 2022-02-15 22:21:31,556 [INFO] Connected to PTDaemon
ptd-server 2022-02-15 22:21:31,556 [INFO] Sending to ptd: 'RR'
ptd-server 2022-02-15 22:21:31,557 [INFO] Reply from ptd: 'Ranges,0,0.500000,0,300.000000'
ptd-server 2022-02-15 22:21:31,557 [INFO] Initial range for Amps is 0.500000 for Volts is 300.000000
ptd-server 2022-02-15 22:21:31,557 [INFO] Sending to ptd: 'SR,V,Auto'
ptd-server 2022-02-15 22:21:32,060 [INFO] Reply from ptd: 'Range V changed'
ptd-server 2022-02-15 22:21:32,060 [INFO] Sending to ptd: 'SR,A,Auto'
ptd-server 2022-02-15 22:21:32,562 [INFO] Reply from ptd: 'Range A changed'
ptd-server 2022-02-15 22:21:42,573 [INFO] Starting ranging mode
ptd-server 2022-02-15 22:21:42,573 [INFO] Sending to ptd: 'Go,1000,0,2022-02-15_22-21-14_ranging'
ptd-server 2022-02-15 22:21:42,573 [INFO] Reply from ptd: 'Starting untimed measurement, maximum 500000 samples at 1000ms with 0 rampup samples'
ptd-server 2022-02-15 22:21:42,574 [INFO] Sending reply to client 'OK'
ptd-server 2022-02-15 22:32:02,224 [INFO] Got command from the client 'session,2022-02-15_22-21-14,stop,ranging'
ptd-server 2022-02-15 22:32:12,235 [INFO] Sending to ptd: 'Stop'
ptd-server 2022-02-15 22:32:12,235 [INFO] Reply from ptd: 'Stopping untimed measurement'
ptd-server 2022-02-15 22:32:13,128 [INFO] Sending reply to client 'OK'
ptd-server 2022-02-15 22:32:13,187 [INFO] Got command from the client 'time'
ptd-server 2022-02-15 22:32:13,187 [INFO] Sending reply to client '1644964333.1872475'
ptd-server 2022-02-15 22:32:13,189 [INFO] Got command from the client 'session,2022-02-15_22-21-14,start,testing'
ptd-server 2022-02-15 22:32:13,189 [INFO] Sending to ptd: 'SR,V,251.390000'
ptd-server 2022-02-15 22:32:14,691 [INFO] Reply from ptd: 'Range V changed'
ptd-server 2022-02-15 22:32:14,691 [INFO] Sending to ptd: 'SR,A,0.174030'
ptd-server 2022-02-15 22:32:16,192 [INFO] Reply from ptd: 'Range A changed'
ptd-server 2022-02-15 22:32:26,203 [INFO] Starting testing mode
ptd-server 2022-02-15 22:32:26,203 [INFO] Sending to ptd: 'Go,1000,0,2022-02-15_22-21-14_testing'
ptd-server 2022-02-15 22:32:26,203 [INFO] Reply from ptd: 'Starting untimed measurement, maximum 500000 samples at 1000ms with 0 rampup samples'
ptd-server 2022-02-15 22:32:26,203 [INFO] Sending reply to client 'OK'
ptd-server 2022-02-15 22:42:46,018 [INFO] Got command from the client 'session,2022-02-15_22-21-14,stop,testing'
ptd-server 2022-02-15 22:42:56,028 [INFO] Sending to ptd: 'Stop'
ptd-server 2022-02-15 22:42:56,029 [INFO] Reply from ptd: 'Stopping untimed measurement'
ptd-server 2022-02-15 22:42:56,495 [INFO] Sending reply to client 'OK'
ptd-server 2022-02-15 22:42:56,513 [INFO] Got command from the client 'session,2022-02-15_22-21-14,done'
ptd-server 2022-02-15 22:42:56,513 [INFO] Sending to ptd: 'Stop'
ptd-server 2022-02-15 22:42:56,513 [INFO] Reply from ptd: 'Error: no measurement to stop'
ptd-server 2022-02-15 22:42:56,514 [INFO] Sending to ptd: 'SR,V,300.000000'
ptd-server 2022-02-15 22:42:58,015 [INFO] Reply from ptd: 'Range V changed'
ptd-server 2022-02-15 22:42:58,015 [INFO] Sending to ptd: 'SR,A,0.500000'
ptd-server 2022-02-15 22:42:59,516 [INFO] Reply from ptd: 'Range A changed'
ptd-server 2022-02-15 22:42:59,517 [INFO] Set initial values for Amps 0.500000 and Volts 300.000000
ptd-server 2022-02-15 22:42:59,517 [INFO] Stopping ptd...
