ptd-server 2022-02-24 10:36:16,111 [INFO] Got command from the client 'time'
ptd-server 2022-02-24 10:36:16,111 [INFO] Sending reply to client '1645698976.1114874'
ptd-server 2022-02-24 10:36:16,113 [INFO] Got command from the client 'new,,cbb3e2e6-1879-4b2c-aea3-bb879ca50f55'
ptd-server 2022-02-24 10:36:16,114 [INFO] Sending reply to client 'OK 2022-02-24_10-36-16,1c5c1b8e-ad9e-43bf-865e-d6e74e3934e6'
ptd-server 2022-02-24 10:36:16,151 [INFO] Got command from the client 'time'
ptd-server 2022-02-24 10:36:16,151 [INFO] Sending reply to client '1645698976.1514103'
ptd-server 2022-02-24 10:36:16,153 [INFO] Got command from the client 'session,2022-02-24_10-36-16,start,ranging'
ptd-server 2022-02-24 10:36:16,153 [INFO] Running PTDaemon: ['/home/anton/projects/mlperf/power/inference_v1.0/ptd-linux-x86', '-l', '/tmp/tmp0_fn53vp/ptd_logfile.txt', '-p', '8888', '49', '/dev/usbtmc0']
ptd-server 2022-02-24 10:36:33,327 [INFO] Sending to ptd: 'Hello'
ptd-server 2022-02-24 10:36:33,328 [INFO] Reply from ptd: 'Hello, PTDaemon here!'
ptd-server 2022-02-24 10:36:33,328 [INFO] Sending to ptd: 'Identify'
ptd-server 2022-02-24 10:36:33,329 [INFO] Reply from ptd: 'YokogawaWT310E,1000,1,1,1,1,0,1,1,version=1.9.2-e8c7a49a-20201208,OS=Linux 5.13.0-30-generic #33~20.04.1-Ubuntu SMP Mon Feb 7 14:25:10 UTC 2022 x86_64,mode=power,1,1,1,0,0,no_cal_date,YOKOGAWA;WT310E;C3XA04010E;F1.04'
ptd-server 2022-02-24 10:36:33,329 [INFO] Connected to PTDaemon
ptd-server 2022-02-24 10:36:33,329 [INFO] Sending to ptd: 'RR'
ptd-server 2022-02-24 10:36:33,329 [INFO] Reply from ptd: 'Ranges,0,0.500000,1,300.000000'
ptd-server 2022-02-24 10:36:33,329 [INFO] Initial range for Amps is 0.500000 for Volts is Auto
ptd-server 2022-02-24 10:36:33,329 [INFO] Sending to ptd: 'SR,V,Auto'
ptd-server 2022-02-24 10:36:33,832 [INFO] Reply from ptd: 'Range V changed'
ptd-server 2022-02-24 10:36:33,832 [INFO] Sending to ptd: 'SR,A,Auto'
ptd-server 2022-02-24 10:36:34,335 [INFO] Reply from ptd: 'Range A changed'
ptd-server 2022-02-24 10:36:44,345 [INFO] Starting ranging mode
ptd-server 2022-02-24 10:36:44,345 [INFO] Sending to ptd: 'Go,1000,0,2022-02-24_10-36-16_ranging'
ptd-server 2022-02-24 10:36:44,346 [INFO] Reply from ptd: 'Starting untimed measurement, maximum 500000 samples at 1000ms with 0 rampup samples'
ptd-server 2022-02-24 10:36:44,346 [INFO] Sending reply to client 'OK'
ptd-server 2022-02-24 10:47:07,015 [INFO] Got command from the client 'session,2022-02-24_10-36-16,stop,ranging'
ptd-server 2022-02-24 10:47:17,025 [INFO] Sending to ptd: 'Stop'
ptd-server 2022-02-24 10:47:17,026 [INFO] Reply from ptd: 'Stopping untimed measurement'
ptd-server 2022-02-24 10:47:17,131 [INFO] Sending reply to client 'OK'
ptd-server 2022-02-24 10:47:17,198 [INFO] Got command from the client 'time'
ptd-server 2022-02-24 10:47:17,198 [INFO] Sending reply to client '1645699637.1982133'
ptd-server 2022-02-24 10:47:17,200 [INFO] Got command from the client 'session,2022-02-24_10-36-16,start,testing'
ptd-server 2022-02-24 10:47:17,200 [INFO] Sending to ptd: 'SR,V,249.940000'
ptd-server 2022-02-24 10:47:18,847 [INFO] Reply from ptd: 'Range V changed'
ptd-server 2022-02-24 10:47:18,848 [INFO] Sending to ptd: 'SR,A,0.045750'
ptd-server 2022-02-24 10:47:20,349 [INFO] Reply from ptd: 'Range A changed'
ptd-server 2022-02-24 10:47:30,359 [INFO] Starting testing mode
ptd-server 2022-02-24 10:47:30,359 [INFO] Sending to ptd: 'Go,1000,0,2022-02-24_10-36-16_testing'
ptd-server 2022-02-24 10:47:30,360 [INFO] Reply from ptd: 'Starting untimed measurement, maximum 500000 samples at 1000ms with 0 rampup samples'
ptd-server 2022-02-24 10:47:30,360 [INFO] Sending reply to client 'OK'
ptd-server 2022-02-24 10:57:52,772 [INFO] Got command from the client 'session,2022-02-24_10-36-16,stop,testing'
ptd-server 2022-02-24 10:58:02,780 [INFO] Sending to ptd: 'Stop'
ptd-server 2022-02-24 10:58:02,780 [INFO] Reply from ptd: 'Stopping untimed measurement'
ptd-server 2022-02-24 10:58:02,834 [INFO] Sending reply to client 'OK'
ptd-server 2022-02-24 10:58:02,853 [INFO] Got command from the client 'session,2022-02-24_10-36-16,done'
ptd-server 2022-02-24 10:58:02,854 [INFO] Sending to ptd: 'Stop'
ptd-server 2022-02-24 10:58:03,360 [INFO] Reply from ptd: 'Error: no measurement to stop'
ptd-server 2022-02-24 10:58:03,360 [INFO] Sending to ptd: 'SR,V,Auto'
ptd-server 2022-02-24 10:58:03,863 [INFO] Reply from ptd: 'Range V changed'
ptd-server 2022-02-24 10:58:03,863 [INFO] Sending to ptd: 'SR,A,0.500000'
ptd-server 2022-02-24 10:58:05,364 [INFO] Reply from ptd: 'Range A changed'
ptd-server 2022-02-24 10:58:05,364 [INFO] Set initial values for Amps 0.500000 and Volts Auto
ptd-server 2022-02-24 10:58:05,365 [INFO] Stopping ptd...
