ptd-server 2022-02-22 23:51:51,265 [INFO] Got command from the client 'time'
ptd-server 2022-02-22 23:51:51,265 [INFO] Sending reply to client '1645573911.2656171'
ptd-server 2022-02-22 23:51:51,267 [INFO] Got command from the client 'new,,005a726c-1ea8-4d52-bd38-18a3c92e48eb'
ptd-server 2022-02-22 23:51:51,268 [INFO] Sending reply to client 'OK 2022-02-22_23-51-51,961213ad-51a4-4528-8f85-03923e7dc450'
ptd-server 2022-02-22 23:51:51,307 [INFO] Got command from the client 'time'
ptd-server 2022-02-22 23:51:51,307 [INFO] Sending reply to client '1645573911.3079102'
ptd-server 2022-02-22 23:51:51,309 [INFO] Got command from the client 'session,2022-02-22_23-51-51,start,ranging'
ptd-server 2022-02-22 23:51:51,310 [INFO] Running PTDaemon: ['/home/anton/projects/mlperf/power/inference_v1.0/ptd-linux-x86', '-l', '/tmp/tmpgldyt7rr/ptd_logfile.txt', '-p', '8888', '49', '/dev/usbtmc0']
ptd-server 2022-02-22 23:52:08,483 [INFO] Sending to ptd: 'Hello'
ptd-server 2022-02-22 23:52:08,483 [INFO] Reply from ptd: 'Hello, PTDaemon here!'
ptd-server 2022-02-22 23:52:08,484 [INFO] Sending to ptd: 'Identify'
ptd-server 2022-02-22 23:52:08,484 [INFO] Reply from ptd: 'YokogawaWT310E,1000,1,1,1,1,0,1,1,version=1.9.2-e8c7a49a-20201208,OS=Linux 5.13.0-28-generic #31~20.04.1-Ubuntu SMP Wed Jan 19 14:08:10 UTC 2022 x86_64,mode=power,1,1,1,0,0,no_cal_date,YOKOGAWA;WT310E;C3XA04010E;F1.04'
ptd-server 2022-02-22 23:52:08,484 [INFO] Connected to PTDaemon
ptd-server 2022-02-22 23:52:08,484 [INFO] Sending to ptd: 'RR'
ptd-server 2022-02-22 23:52:08,484 [INFO] Reply from ptd: 'Ranges,0,0.500000,0,300.000000'
ptd-server 2022-02-22 23:52:08,485 [INFO] Initial range for Amps is 0.500000 for Volts is 300.000000
ptd-server 2022-02-22 23:52:08,485 [INFO] Sending to ptd: 'SR,V,Auto'
ptd-server 2022-02-22 23:52:08,987 [INFO] Reply from ptd: 'Range V changed'
ptd-server 2022-02-22 23:52:08,987 [INFO] Sending to ptd: 'SR,A,Auto'
ptd-server 2022-02-22 23:52:09,490 [INFO] Reply from ptd: 'Range A changed'
ptd-server 2022-02-22 23:52:19,500 [INFO] Starting ranging mode
ptd-server 2022-02-22 23:52:19,500 [INFO] Sending to ptd: 'Go,1000,0,2022-02-22_23-51-51_ranging'
ptd-server 2022-02-22 23:52:19,501 [INFO] Reply from ptd: 'Starting untimed measurement, maximum 500000 samples at 1000ms with 0 rampup samples'
ptd-server 2022-02-22 23:52:19,501 [INFO] Sending reply to client 'OK'
ptd-server 2022-02-23 00:02:51,754 [INFO] Got command from the client 'session,2022-02-22_23-51-51,stop,ranging'
ptd-server 2022-02-23 00:03:01,764 [INFO] Sending to ptd: 'Stop'
ptd-server 2022-02-23 00:03:01,765 [INFO] Reply from ptd: 'Stopping untimed measurement'
ptd-server 2022-02-23 00:03:02,561 [INFO] Sending reply to client 'OK'
ptd-server 2022-02-23 00:03:02,618 [INFO] Got command from the client 'time'
ptd-server 2022-02-23 00:03:02,619 [INFO] Sending reply to client '1645574582.6190827'
ptd-server 2022-02-23 00:03:02,621 [INFO] Got command from the client 'session,2022-02-22_23-51-51,start,testing'
ptd-server 2022-02-23 00:03:02,621 [INFO] Sending to ptd: 'SR,V,252.160000'
ptd-server 2022-02-23 00:03:04,122 [INFO] Reply from ptd: 'Range V changed'
ptd-server 2022-02-23 00:03:04,122 [INFO] Sending to ptd: 'SR,A,0.052260'
ptd-server 2022-02-23 00:03:05,624 [INFO] Reply from ptd: 'Range A changed'
ptd-server 2022-02-23 00:03:15,634 [INFO] Starting testing mode
ptd-server 2022-02-23 00:03:15,634 [INFO] Sending to ptd: 'Go,1000,0,2022-02-22_23-51-51_testing'
ptd-server 2022-02-23 00:03:15,635 [INFO] Reply from ptd: 'Starting untimed measurement, maximum 500000 samples at 1000ms with 0 rampup samples'
ptd-server 2022-02-23 00:03:15,635 [INFO] Sending reply to client 'OK'
ptd-server 2022-02-23 00:13:47,757 [INFO] Got command from the client 'session,2022-02-22_23-51-51,stop,testing'
ptd-server 2022-02-23 00:13:57,767 [INFO] Sending to ptd: 'Stop'
ptd-server 2022-02-23 00:13:57,768 [INFO] Reply from ptd: 'Stopping untimed measurement'
ptd-server 2022-02-23 00:13:58,173 [INFO] Sending reply to client 'OK'
ptd-server 2022-02-23 00:13:58,190 [INFO] Got command from the client 'session,2022-02-22_23-51-51,done'
ptd-server 2022-02-23 00:13:58,190 [INFO] Sending to ptd: 'Stop'
ptd-server 2022-02-23 00:13:58,635 [INFO] Reply from ptd: 'Error: no measurement to stop'
ptd-server 2022-02-23 00:13:58,635 [INFO] Sending to ptd: 'SR,V,300.000000'
ptd-server 2022-02-23 00:14:00,136 [INFO] Reply from ptd: 'Range V changed'
ptd-server 2022-02-23 00:14:00,137 [INFO] Sending to ptd: 'SR,A,0.500000'
ptd-server 2022-02-23 00:14:01,638 [INFO] Reply from ptd: 'Range A changed'
ptd-server 2022-02-23 00:14:01,638 [INFO] Set initial values for Amps 0.500000 and Volts 300.000000
ptd-server 2022-02-23 00:14:01,638 [INFO] Stopping ptd...
