ptd-server 2022-02-13 07:27:02,068 [INFO] Got command from the client 'time'
ptd-server 2022-02-13 07:27:02,069 [INFO] Sending reply to client '1644737222.0690775'
ptd-server 2022-02-13 07:27:02,070 [INFO] Got command from the client 'new,,2b544c16-029c-416a-b332-cd317949d993'
ptd-server 2022-02-13 07:27:02,070 [INFO] Sending reply to client 'OK 2022-02-13_07-27-02,fcc742c2-717e-41a4-9fee-5b821c072a10'
ptd-server 2022-02-13 07:27:02,109 [INFO] Got command from the client 'time'
ptd-server 2022-02-13 07:27:02,109 [INFO] Sending reply to client '1644737222.1097612'
ptd-server 2022-02-13 07:27:02,111 [INFO] Got command from the client 'session,2022-02-13_07-27-02,start,ranging'
ptd-server 2022-02-13 07:27:02,111 [INFO] Running PTDaemon: ['/home/anton/projects/mlperf/power/inference_v1.0/ptd-linux-x86', '-l', '/tmp/tmpxvec0g6h/ptd_logfile.txt', '-p', '8888', '49', '/dev/usbtmc0']
ptd-server 2022-02-13 07:27:19,285 [INFO] Sending to ptd: 'Hello'
ptd-server 2022-02-13 07:27:19,286 [INFO] Reply from ptd: 'Hello, PTDaemon here!'
ptd-server 2022-02-13 07:27:19,286 [INFO] Sending to ptd: 'Identify'
ptd-server 2022-02-13 07:27:19,286 [INFO] Reply from ptd: 'YokogawaWT310E,1000,1,1,1,1,0,1,1,version=1.9.2-e8c7a49a-20201208,OS=Linux 5.13.0-27-generic #29~20.04.1-Ubuntu SMP Fri Jan 14 00:32:30 UTC 2022 x86_64,mode=power,1,1,1,0,0,no_cal_date,YOKOGAWA;WT310E;C3XA04010E;F1.04'
ptd-server 2022-02-13 07:27:19,286 [INFO] Connected to PTDaemon
ptd-server 2022-02-13 07:27:19,286 [INFO] Sending to ptd: 'RR'
ptd-server 2022-02-13 07:27:19,287 [INFO] Reply from ptd: 'Ranges,0,0.500000,0,300.000000'
ptd-server 2022-02-13 07:27:19,287 [INFO] Initial range for Amps is 0.500000 for Volts is 300.000000
ptd-server 2022-02-13 07:27:19,287 [INFO] Sending to ptd: 'SR,V,Auto'
ptd-server 2022-02-13 07:27:19,789 [INFO] Reply from ptd: 'Range V changed'
ptd-server 2022-02-13 07:27:19,790 [INFO] Sending to ptd: 'SR,A,Auto'
ptd-server 2022-02-13 07:27:20,292 [INFO] Reply from ptd: 'Range A changed'
ptd-server 2022-02-13 07:27:30,302 [INFO] Starting ranging mode
ptd-server 2022-02-13 07:27:30,303 [INFO] Sending to ptd: 'Go,1000,0,2022-02-13_07-27-02_ranging'
ptd-server 2022-02-13 07:27:30,303 [INFO] Reply from ptd: 'Starting untimed measurement, maximum 500000 samples at 1000ms with 0 rampup samples'
ptd-server 2022-02-13 07:27:30,303 [INFO] Sending reply to client 'OK'
ptd-server 2022-02-13 07:37:46,217 [INFO] Got command from the client 'session,2022-02-13_07-27-02,stop,ranging'
ptd-server 2022-02-13 07:37:56,228 [INFO] Sending to ptd: 'Stop'
ptd-server 2022-02-13 07:37:56,228 [INFO] Reply from ptd: 'Stopping untimed measurement'
ptd-server 2022-02-13 07:37:56,804 [INFO] Sending reply to client 'OK'
ptd-server 2022-02-13 07:37:56,876 [INFO] Got command from the client 'time'
ptd-server 2022-02-13 07:37:56,877 [INFO] Sending reply to client '1644737876.8770535'
ptd-server 2022-02-13 07:37:56,879 [INFO] Got command from the client 'session,2022-02-13_07-27-02,start,testing'
ptd-server 2022-02-13 07:37:56,879 [INFO] Sending to ptd: 'SR,V,249.480000'
ptd-server 2022-02-13 07:37:58,380 [INFO] Reply from ptd: 'Range V changed'
ptd-server 2022-02-13 07:37:58,381 [INFO] Sending to ptd: 'SR,A,0.160920'
ptd-server 2022-02-13 07:37:59,882 [INFO] Reply from ptd: 'Range A changed'
ptd-server 2022-02-13 07:38:09,892 [INFO] Starting testing mode
ptd-server 2022-02-13 07:38:09,892 [INFO] Sending to ptd: 'Go,1000,0,2022-02-13_07-27-02_testing'
ptd-server 2022-02-13 07:38:09,893 [INFO] Reply from ptd: 'Starting untimed measurement, maximum 500000 samples at 1000ms with 0 rampup samples'
ptd-server 2022-02-13 07:38:09,893 [INFO] Sending reply to client 'OK'
ptd-server 2022-02-13 07:48:25,707 [INFO] Got command from the client 'session,2022-02-13_07-27-02,stop,testing'
ptd-server 2022-02-13 07:48:35,717 [INFO] Sending to ptd: 'Stop'
ptd-server 2022-02-13 07:48:35,718 [INFO] Reply from ptd: 'Stopping untimed measurement'
ptd-server 2022-02-13 07:48:36,027 [INFO] Sending reply to client 'OK'
ptd-server 2022-02-13 07:48:36,045 [INFO] Got command from the client 'session,2022-02-13_07-27-02,done'
ptd-server 2022-02-13 07:48:36,046 [INFO] Sending to ptd: 'Stop'
ptd-server 2022-02-13 07:48:36,046 [INFO] Reply from ptd: 'Error: no measurement to stop'
ptd-server 2022-02-13 07:48:36,046 [INFO] Sending to ptd: 'SR,V,300.000000'
ptd-server 2022-02-13 07:48:37,547 [INFO] Reply from ptd: 'Range V changed'
ptd-server 2022-02-13 07:48:37,547 [INFO] Sending to ptd: 'SR,A,0.500000'
ptd-server 2022-02-13 07:48:39,049 [INFO] Reply from ptd: 'Range A changed'
ptd-server 2022-02-13 07:48:39,049 [INFO] Set initial values for Amps 0.500000 and Volts 300.000000
ptd-server 2022-02-13 07:48:39,049 [INFO] Stopping ptd...
