ptd-server 2022-02-17 03:17:34,624 [INFO] Got command from the client 'time'
ptd-server 2022-02-17 03:17:34,624 [INFO] Sending reply to client '1645067854.6242406'
ptd-server 2022-02-17 03:17:34,625 [INFO] Got command from the client 'new,,0e8a211e-f0e0-42af-83b2-ccf20fc76091'
ptd-server 2022-02-17 03:17:34,626 [INFO] Sending reply to client 'OK 2022-02-17_03-17-34,6f791a35-e34b-461b-b1d1-0f52d5e5c354'
ptd-server 2022-02-17 03:17:34,659 [INFO] Got command from the client 'time'
ptd-server 2022-02-17 03:17:34,659 [INFO] Sending reply to client '1645067854.6597536'
ptd-server 2022-02-17 03:17:34,661 [INFO] Got command from the client 'session,2022-02-17_03-17-34,start,ranging'
ptd-server 2022-02-17 03:17:34,662 [INFO] Running PTDaemon: ['/home/anton/projects/mlperf/power/inference_v1.0/ptd-linux-x86', '-l', '/tmp/tmpgldyt7rr/ptd_logfile.txt', '-p', '8888', '49', '/dev/usbtmc0']
ptd-server 2022-02-17 03:17:51,834 [INFO] Sending to ptd: 'Hello'
ptd-server 2022-02-17 03:17:51,834 [INFO] Reply from ptd: 'Hello, PTDaemon here!'
ptd-server 2022-02-17 03:17:51,835 [INFO] Sending to ptd: 'Identify'
ptd-server 2022-02-17 03:17:51,835 [INFO] Reply from ptd: 'YokogawaWT310E,1000,1,1,1,1,0,1,1,version=1.9.2-e8c7a49a-20201208,OS=Linux 5.13.0-28-generic #31~20.04.1-Ubuntu SMP Wed Jan 19 14:08:10 UTC 2022 x86_64,mode=power,1,1,1,0,0,no_cal_date,YOKOGAWA;WT310E;C3XA04010E;F1.04'
ptd-server 2022-02-17 03:17:51,835 [INFO] Connected to PTDaemon
ptd-server 2022-02-17 03:17:51,835 [INFO] Sending to ptd: 'RR'
ptd-server 2022-02-17 03:17:51,836 [INFO] Reply from ptd: 'Ranges,0,0.500000,0,300.000000'
ptd-server 2022-02-17 03:17:51,836 [INFO] Initial range for Amps is 0.500000 for Volts is 300.000000
ptd-server 2022-02-17 03:17:51,836 [INFO] Sending to ptd: 'SR,V,Auto'
ptd-server 2022-02-17 03:17:52,338 [INFO] Reply from ptd: 'Range V changed'
ptd-server 2022-02-17 03:17:52,338 [INFO] Sending to ptd: 'SR,A,Auto'
ptd-server 2022-02-17 03:17:52,841 [INFO] Reply from ptd: 'Range A changed'
ptd-server 2022-02-17 03:18:02,851 [INFO] Starting ranging mode
ptd-server 2022-02-17 03:18:02,851 [INFO] Sending to ptd: 'Go,1000,0,2022-02-17_03-17-34_ranging'
ptd-server 2022-02-17 03:18:02,852 [INFO] Reply from ptd: 'Starting untimed measurement, maximum 500000 samples at 1000ms with 0 rampup samples'
ptd-server 2022-02-17 03:18:02,852 [INFO] Sending reply to client 'OK'
ptd-server 2022-02-17 03:28:20,950 [INFO] Got command from the client 'session,2022-02-17_03-17-34,stop,ranging'
ptd-server 2022-02-17 03:28:30,961 [INFO] Sending to ptd: 'Stop'
ptd-server 2022-02-17 03:28:30,961 [INFO] Reply from ptd: 'Stopping untimed measurement'
ptd-server 2022-02-17 03:28:31,085 [INFO] Sending reply to client 'OK'
ptd-server 2022-02-17 03:28:31,182 [INFO] Got command from the client 'time'
ptd-server 2022-02-17 03:28:31,182 [INFO] Sending reply to client '1645068511.1823885'
ptd-server 2022-02-17 03:28:31,185 [INFO] Got command from the client 'session,2022-02-17_03-17-34,start,testing'
ptd-server 2022-02-17 03:28:31,186 [INFO] Sending to ptd: 'SR,V,248.600000'
ptd-server 2022-02-17 03:28:33,353 [INFO] Reply from ptd: 'Range V changed'
ptd-server 2022-02-17 03:28:33,353 [INFO] Sending to ptd: 'SR,A,0.049050'
ptd-server 2022-02-17 03:28:34,855 [INFO] Reply from ptd: 'Range A changed'
ptd-server 2022-02-17 03:28:44,865 [INFO] Starting testing mode
ptd-server 2022-02-17 03:28:44,865 [INFO] Sending to ptd: 'Go,1000,0,2022-02-17_03-17-34_testing'
ptd-server 2022-02-17 03:28:44,865 [INFO] Reply from ptd: 'Starting untimed measurement, maximum 500000 samples at 1000ms with 0 rampup samples'
ptd-server 2022-02-17 03:28:44,866 [INFO] Sending reply to client 'OK'
ptd-server 2022-02-17 03:39:02,663 [INFO] Got command from the client 'session,2022-02-17_03-17-34,stop,testing'
ptd-server 2022-02-17 03:39:12,674 [INFO] Sending to ptd: 'Stop'
ptd-server 2022-02-17 03:39:12,674 [INFO] Reply from ptd: 'Stopping untimed measurement'
ptd-server 2022-02-17 03:39:12,738 [INFO] Sending reply to client 'OK'
ptd-server 2022-02-17 03:39:12,783 [INFO] Got command from the client 'session,2022-02-17_03-17-34,done'
ptd-server 2022-02-17 03:39:12,783 [INFO] Sending to ptd: 'Stop'
ptd-server 2022-02-17 03:39:12,865 [INFO] Reply from ptd: 'Error: no measurement to stop'
ptd-server 2022-02-17 03:39:12,865 [INFO] Sending to ptd: 'SR,V,300.000000'
ptd-server 2022-02-17 03:39:14,367 [INFO] Reply from ptd: 'Range V changed'
ptd-server 2022-02-17 03:39:14,367 [INFO] Sending to ptd: 'SR,A,0.500000'
ptd-server 2022-02-17 03:39:15,868 [INFO] Reply from ptd: 'Range A changed'
ptd-server 2022-02-17 03:39:15,868 [INFO] Set initial values for Amps 0.500000 and Volts 300.000000
ptd-server 2022-02-17 03:39:15,869 [INFO] Stopping ptd...
