ptd-server 2022-02-24 10:58:14,615 [INFO] Got command from the client 'time'
ptd-server 2022-02-24 10:58:14,615 [INFO] Sending reply to client '1645700294.6155272'
ptd-server 2022-02-24 10:58:14,617 [INFO] Got command from the client 'new,,07a787c9-b575-49d9-84ad-d7cbd08f8729'
ptd-server 2022-02-24 10:58:14,618 [INFO] Sending reply to client 'OK 2022-02-24_10-58-14,c347c3f0-0a42-4819-8e90-04393be6c9c8'
ptd-server 2022-02-24 10:58:14,655 [INFO] Got command from the client 'time'
ptd-server 2022-02-24 10:58:14,655 [INFO] Sending reply to client '1645700294.6552553'
ptd-server 2022-02-24 10:58:14,657 [INFO] Got command from the client 'session,2022-02-24_10-58-14,start,ranging'
ptd-server 2022-02-24 10:58:14,657 [INFO] Running PTDaemon: ['/home/anton/projects/mlperf/power/inference_v1.0/ptd-linux-x86', '-l', '/tmp/tmp0_fn53vp/ptd_logfile.txt', '-p', '8888', '49', '/dev/usbtmc0']
ptd-server 2022-02-24 10:58:31,830 [INFO] Sending to ptd: 'Hello'
ptd-server 2022-02-24 10:58:31,831 [INFO] Reply from ptd: 'Hello, PTDaemon here!'
ptd-server 2022-02-24 10:58:31,831 [INFO] Sending to ptd: 'Identify'
ptd-server 2022-02-24 10:58:31,831 [INFO] Reply from ptd: 'YokogawaWT310E,1000,1,1,1,1,0,1,1,version=1.9.2-e8c7a49a-20201208,OS=Linux 5.13.0-30-generic #33~20.04.1-Ubuntu SMP Mon Feb 7 14:25:10 UTC 2022 x86_64,mode=power,1,1,1,0,0,no_cal_date,YOKOGAWA;WT310E;C3XA04010E;F1.04'
ptd-server 2022-02-24 10:58:31,831 [INFO] Connected to PTDaemon
ptd-server 2022-02-24 10:58:31,831 [INFO] Sending to ptd: 'RR'
ptd-server 2022-02-24 10:58:31,832 [INFO] Reply from ptd: 'Ranges,0,0.500000,1,300.000000'
ptd-server 2022-02-24 10:58:31,832 [INFO] Initial range for Amps is 0.500000 for Volts is Auto
ptd-server 2022-02-24 10:58:31,832 [INFO] Sending to ptd: 'SR,V,Auto'
ptd-server 2022-02-24 10:58:32,334 [INFO] Reply from ptd: 'Range V changed'
ptd-server 2022-02-24 10:58:32,335 [INFO] Sending to ptd: 'SR,A,Auto'
ptd-server 2022-02-24 10:58:32,837 [INFO] Reply from ptd: 'Range A changed'
ptd-server 2022-02-24 10:58:42,847 [INFO] Starting ranging mode
ptd-server 2022-02-24 10:58:42,847 [INFO] Sending to ptd: 'Go,1000,0,2022-02-24_10-58-14_ranging'
ptd-server 2022-02-24 10:58:42,848 [INFO] Reply from ptd: 'Starting untimed measurement, maximum 500000 samples at 1000ms with 0 rampup samples'
ptd-server 2022-02-24 10:58:42,848 [INFO] Sending reply to client 'OK'
ptd-server 2022-02-24 11:09:06,123 [INFO] Got command from the client 'session,2022-02-24_10-58-14,stop,ranging'
ptd-server 2022-02-24 11:09:16,134 [INFO] Sending to ptd: 'Stop'
ptd-server 2022-02-24 11:09:16,134 [INFO] Reply from ptd: 'Stopping untimed measurement'
ptd-server 2022-02-24 11:09:16,239 [INFO] Sending reply to client 'OK'
ptd-server 2022-02-24 11:09:16,293 [INFO] Got command from the client 'time'
ptd-server 2022-02-24 11:09:16,293 [INFO] Sending reply to client '1645700956.2932715'
ptd-server 2022-02-24 11:09:16,295 [INFO] Got command from the client 'session,2022-02-24_10-58-14,start,testing'
ptd-server 2022-02-24 11:09:16,295 [INFO] Sending to ptd: 'SR,V,252.020000'
ptd-server 2022-02-24 11:09:18,349 [INFO] Reply from ptd: 'Range V changed'
ptd-server 2022-02-24 11:09:18,349 [INFO] Sending to ptd: 'SR,A,0.043890'
ptd-server 2022-02-24 11:09:19,851 [INFO] Reply from ptd: 'Range A changed'
ptd-server 2022-02-24 11:09:29,861 [INFO] Starting testing mode
ptd-server 2022-02-24 11:09:29,861 [INFO] Sending to ptd: 'Go,1000,0,2022-02-24_10-58-14_testing'
ptd-server 2022-02-24 11:09:29,862 [INFO] Reply from ptd: 'Starting untimed measurement, maximum 500000 samples at 1000ms with 0 rampup samples'
ptd-server 2022-02-24 11:09:29,862 [INFO] Sending reply to client 'OK'
ptd-server 2022-02-24 11:19:52,578 [INFO] Got command from the client 'session,2022-02-24_10-58-14,stop,testing'
ptd-server 2022-02-24 11:20:02,588 [INFO] Sending to ptd: 'Stop'
ptd-server 2022-02-24 11:20:02,589 [INFO] Reply from ptd: 'Stopping untimed measurement'
ptd-server 2022-02-24 11:20:02,643 [INFO] Sending reply to client 'OK'
ptd-server 2022-02-24 11:20:02,662 [INFO] Got command from the client 'session,2022-02-24_10-58-14,done'
ptd-server 2022-02-24 11:20:02,662 [INFO] Sending to ptd: 'Stop'
ptd-server 2022-02-24 11:20:02,862 [INFO] Reply from ptd: 'Error: no measurement to stop'
ptd-server 2022-02-24 11:20:02,863 [INFO] Sending to ptd: 'SR,V,Auto'
ptd-server 2022-02-24 11:20:03,365 [INFO] Reply from ptd: 'Range V changed'
ptd-server 2022-02-24 11:20:03,365 [INFO] Sending to ptd: 'SR,A,0.500000'
ptd-server 2022-02-24 11:20:04,867 [INFO] Reply from ptd: 'Range A changed'
ptd-server 2022-02-24 11:20:04,867 [INFO] Set initial values for Amps 0.500000 and Volts Auto
ptd-server 2022-02-24 11:20:04,867 [INFO] Stopping ptd...
