ptd-server 2022-02-16 21:28:04,755 [INFO] Got command from the client 'time'
ptd-server 2022-02-16 21:28:04,755 [INFO] Sending reply to client '1645046884.7553787'
ptd-server 2022-02-16 21:28:04,757 [INFO] Got command from the client 'new,,b46de848-c889-47ef-84e3-0a504661d88d'
ptd-server 2022-02-16 21:28:04,757 [INFO] Sending reply to client 'OK 2022-02-16_21-28-04,6559d0a8-123a-4ab3-8694-c625ff88234f'
ptd-server 2022-02-16 21:28:04,787 [INFO] Got command from the client 'time'
ptd-server 2022-02-16 21:28:04,787 [INFO] Sending reply to client '1645046884.7874196'
ptd-server 2022-02-16 21:28:04,789 [INFO] Got command from the client 'session,2022-02-16_21-28-04,start,ranging'
ptd-server 2022-02-16 21:28:04,789 [INFO] Running PTDaemon: ['/home/anton/projects/mlperf/power/inference_v1.0/ptd-linux-x86', '-l', '/tmp/tmpgldyt7rr/ptd_logfile.txt', '-p', '8888', '49', '/dev/usbtmc0']
ptd-server 2022-02-16 21:28:21,962 [INFO] Sending to ptd: 'Hello'
ptd-server 2022-02-16 21:28:21,963 [INFO] Reply from ptd: 'Hello, PTDaemon here!'
ptd-server 2022-02-16 21:28:21,963 [INFO] Sending to ptd: 'Identify'
ptd-server 2022-02-16 21:28:21,963 [INFO] Reply from ptd: 'YokogawaWT310E,1000,1,1,1,1,0,1,1,version=1.9.2-e8c7a49a-20201208,OS=Linux 5.13.0-28-generic #31~20.04.1-Ubuntu SMP Wed Jan 19 14:08:10 UTC 2022 x86_64,mode=power,1,1,1,0,0,no_cal_date,YOKOGAWA;WT310E;C3XA04010E;F1.04'
ptd-server 2022-02-16 21:28:21,963 [INFO] Connected to PTDaemon
ptd-server 2022-02-16 21:28:21,963 [INFO] Sending to ptd: 'RR'
ptd-server 2022-02-16 21:28:21,964 [INFO] Reply from ptd: 'Ranges,0,0.500000,0,300.000000'
ptd-server 2022-02-16 21:28:21,964 [INFO] Initial range for Amps is 0.500000 for Volts is 300.000000
ptd-server 2022-02-16 21:28:21,964 [INFO] Sending to ptd: 'SR,V,Auto'
ptd-server 2022-02-16 21:28:22,466 [INFO] Reply from ptd: 'Range V changed'
ptd-server 2022-02-16 21:28:22,467 [INFO] Sending to ptd: 'SR,A,Auto'
ptd-server 2022-02-16 21:28:22,969 [INFO] Reply from ptd: 'Range A changed'
ptd-server 2022-02-16 21:28:32,979 [INFO] Starting ranging mode
ptd-server 2022-02-16 21:28:32,980 [INFO] Sending to ptd: 'Go,1000,0,2022-02-16_21-28-04_ranging'
ptd-server 2022-02-16 21:28:32,980 [INFO] Reply from ptd: 'Starting untimed measurement, maximum 500000 samples at 1000ms with 0 rampup samples'
ptd-server 2022-02-16 21:28:32,980 [INFO] Sending reply to client 'OK'
ptd-server 2022-02-16 21:38:51,378 [INFO] Got command from the client 'session,2022-02-16_21-28-04,stop,ranging'
ptd-server 2022-02-16 21:39:01,389 [INFO] Sending to ptd: 'Stop'
ptd-server 2022-02-16 21:39:01,389 [INFO] Reply from ptd: 'Stopping untimed measurement'
ptd-server 2022-02-16 21:39:01,475 [INFO] Sending reply to client 'OK'
ptd-server 2022-02-16 21:39:01,556 [INFO] Got command from the client 'time'
ptd-server 2022-02-16 21:39:01,556 [INFO] Sending reply to client '1645047541.5563295'
ptd-server 2022-02-16 21:39:01,560 [INFO] Got command from the client 'session,2022-02-16_21-28-04,start,testing'
ptd-server 2022-02-16 21:39:01,561 [INFO] Sending to ptd: 'SR,V,249.590000'
ptd-server 2022-02-16 21:39:03,482 [INFO] Reply from ptd: 'Range V changed'
ptd-server 2022-02-16 21:39:03,482 [INFO] Sending to ptd: 'SR,A,0.045850'
ptd-server 2022-02-16 21:39:04,983 [INFO] Reply from ptd: 'Range A changed'
ptd-server 2022-02-16 21:39:14,994 [INFO] Starting testing mode
ptd-server 2022-02-16 21:39:14,994 [INFO] Sending to ptd: 'Go,1000,0,2022-02-16_21-28-04_testing'
ptd-server 2022-02-16 21:39:14,994 [INFO] Reply from ptd: 'Starting untimed measurement, maximum 500000 samples at 1000ms with 0 rampup samples'
ptd-server 2022-02-16 21:39:14,994 [INFO] Sending reply to client 'OK'
ptd-server 2022-02-16 21:49:33,288 [INFO] Got command from the client 'session,2022-02-16_21-28-04,stop,testing'
ptd-server 2022-02-16 21:49:43,298 [INFO] Sending to ptd: 'Stop'
ptd-server 2022-02-16 21:49:43,298 [INFO] Reply from ptd: 'Stopping untimed measurement'
ptd-server 2022-02-16 21:49:43,341 [INFO] Sending reply to client 'OK'
ptd-server 2022-02-16 21:49:43,384 [INFO] Got command from the client 'session,2022-02-16_21-28-04,done'
ptd-server 2022-02-16 21:49:43,384 [INFO] Sending to ptd: 'Stop'
ptd-server 2022-02-16 21:49:43,994 [INFO] Reply from ptd: 'Error: no measurement to stop'
ptd-server 2022-02-16 21:49:43,994 [INFO] Sending to ptd: 'SR,V,300.000000'
ptd-server 2022-02-16 21:49:45,496 [INFO] Reply from ptd: 'Range V changed'
ptd-server 2022-02-16 21:49:45,496 [INFO] Sending to ptd: 'SR,A,0.500000'
ptd-server 2022-02-16 21:49:46,997 [INFO] Reply from ptd: 'Range A changed'
ptd-server 2022-02-16 21:49:46,997 [INFO] Set initial values for Amps 0.500000 and Volts 300.000000
ptd-server 2022-02-16 21:49:46,998 [INFO] Stopping ptd...
