ptd-server 2022-02-16 20:17:59,507 [INFO] Got command from the client 'time'
ptd-server 2022-02-16 20:17:59,507 [INFO] Sending reply to client '1645042679.507162'
ptd-server 2022-02-16 20:17:59,508 [INFO] Got command from the client 'new,,33795af3-24a4-45ef-bdbe-1a6f60ee8ae4'
ptd-server 2022-02-16 20:17:59,509 [INFO] Sending reply to client 'OK 2022-02-16_20-17-59,a89a751c-cf65-4b05-8ca8-2a13f0c206b4'
ptd-server 2022-02-16 20:17:59,565 [INFO] Got command from the client 'time'
ptd-server 2022-02-16 20:17:59,565 [INFO] Sending reply to client '1645042679.5655956'
ptd-server 2022-02-16 20:17:59,566 [INFO] Got command from the client 'session,2022-02-16_20-17-59,start,ranging'
ptd-server 2022-02-16 20:17:59,567 [INFO] Running PTDaemon: ['/home/anton/projects/mlperf/power/inference_v1.0/ptd-linux-x86', '-l', '/tmp/tmpgldyt7rr/ptd_logfile.txt', '-p', '8888', '49', '/dev/usbtmc0']
ptd-server 2022-02-16 20:18:16,739 [INFO] Sending to ptd: 'Hello'
ptd-server 2022-02-16 20:18:16,740 [INFO] Reply from ptd: 'Hello, PTDaemon here!'
ptd-server 2022-02-16 20:18:16,740 [INFO] Sending to ptd: 'Identify'
ptd-server 2022-02-16 20:18:16,740 [INFO] Reply from ptd: 'YokogawaWT310E,1000,1,1,1,1,0,1,1,version=1.9.2-e8c7a49a-20201208,OS=Linux 5.13.0-28-generic #31~20.04.1-Ubuntu SMP Wed Jan 19 14:08:10 UTC 2022 x86_64,mode=power,1,1,1,0,0,no_cal_date,YOKOGAWA;WT310E;C3XA04010E;F1.04'
ptd-server 2022-02-16 20:18:16,741 [INFO] Connected to PTDaemon
ptd-server 2022-02-16 20:18:16,741 [INFO] Sending to ptd: 'RR'
ptd-server 2022-02-16 20:18:16,741 [INFO] Reply from ptd: 'Ranges,0,0.500000,0,300.000000'
ptd-server 2022-02-16 20:18:16,741 [INFO] Initial range for Amps is 0.500000 for Volts is 300.000000
ptd-server 2022-02-16 20:18:16,741 [INFO] Sending to ptd: 'SR,V,Auto'
ptd-server 2022-02-16 20:18:17,244 [INFO] Reply from ptd: 'Range V changed'
ptd-server 2022-02-16 20:18:17,244 [INFO] Sending to ptd: 'SR,A,Auto'
ptd-server 2022-02-16 20:18:17,746 [INFO] Reply from ptd: 'Range A changed'
ptd-server 2022-02-16 20:18:27,757 [INFO] Starting ranging mode
ptd-server 2022-02-16 20:18:27,757 [INFO] Sending to ptd: 'Go,1000,0,2022-02-16_20-17-59_ranging'
ptd-server 2022-02-16 20:18:27,757 [INFO] Reply from ptd: 'Starting untimed measurement, maximum 500000 samples at 1000ms with 0 rampup samples'
ptd-server 2022-02-16 20:18:27,758 [INFO] Sending reply to client 'OK'
ptd-server 2022-02-16 20:28:54,200 [INFO] Got command from the client 'session,2022-02-16_20-17-59,stop,ranging'
ptd-server 2022-02-16 20:29:04,204 [INFO] Sending to ptd: 'Stop'
ptd-server 2022-02-16 20:29:04,204 [INFO] Reply from ptd: 'Stopping untimed measurement'
ptd-server 2022-02-16 20:29:04,282 [INFO] Sending reply to client 'OK'
ptd-server 2022-02-16 20:29:04,351 [INFO] Got command from the client 'time'
ptd-server 2022-02-16 20:29:04,351 [INFO] Sending reply to client '1645043344.3517008'
ptd-server 2022-02-16 20:29:04,353 [INFO] Got command from the client 'session,2022-02-16_20-17-59,start,testing'
ptd-server 2022-02-16 20:29:04,353 [INFO] Sending to ptd: 'SR,V,250.450000'
ptd-server 2022-02-16 20:29:06,258 [INFO] Reply from ptd: 'Range V changed'
ptd-server 2022-02-16 20:29:06,258 [INFO] Sending to ptd: 'SR,A,0.044060'
ptd-server 2022-02-16 20:29:07,760 [INFO] Reply from ptd: 'Range A changed'
ptd-server 2022-02-16 20:29:17,770 [INFO] Starting testing mode
ptd-server 2022-02-16 20:29:17,770 [INFO] Sending to ptd: 'Go,1000,0,2022-02-16_20-17-59_testing'
ptd-server 2022-02-16 20:29:17,771 [INFO] Reply from ptd: 'Starting untimed measurement, maximum 500000 samples at 1000ms with 0 rampup samples'
ptd-server 2022-02-16 20:29:17,771 [INFO] Sending reply to client 'OK'
ptd-server 2022-02-16 20:39:45,134 [INFO] Got command from the client 'session,2022-02-16_20-17-59,stop,testing'
ptd-server 2022-02-16 20:39:55,144 [INFO] Sending to ptd: 'Stop'
ptd-server 2022-02-16 20:39:55,145 [INFO] Reply from ptd: 'Stopping untimed measurement'
ptd-server 2022-02-16 20:39:55,184 [INFO] Sending reply to client 'OK'
ptd-server 2022-02-16 20:39:55,206 [INFO] Got command from the client 'session,2022-02-16_20-17-59,done'
ptd-server 2022-02-16 20:39:55,206 [INFO] Sending to ptd: 'Stop'
ptd-server 2022-02-16 20:39:55,771 [INFO] Reply from ptd: 'Error: no measurement to stop'
ptd-server 2022-02-16 20:39:55,771 [INFO] Sending to ptd: 'SR,V,300.000000'
ptd-server 2022-02-16 20:39:57,273 [INFO] Reply from ptd: 'Range V changed'
ptd-server 2022-02-16 20:39:57,273 [INFO] Sending to ptd: 'SR,A,0.500000'
ptd-server 2022-02-16 20:39:58,774 [INFO] Reply from ptd: 'Range A changed'
ptd-server 2022-02-16 20:39:58,774 [INFO] Set initial values for Amps 0.500000 and Volts 300.000000
ptd-server 2022-02-16 20:39:58,775 [INFO] Stopping ptd...
