client 2022-02-23 02:48:14,306 [INFO] Sending command to the server: 'mlcommons/power client v3'
client 2022-02-23 02:48:14,307 [INFO] Got response: 'mlcommons/power server v3'
client 2022-02-23 02:48:14,307 [INFO] Sending command to the server: 'stop'
client 2022-02-23 02:48:14,308 [INFO] Got response: 'OK'
client 2022-02-23 02:48:14,308 [INFO] Synchronizing with the server and with 192.168.123.123...
client 2022-02-23 02:48:14,311 [INFO] NTP:offset = -0.001 s, delay = 0.000 s 
client 2022-02-23 02:48:14,311 [INFO] Sending command to the server: 'time'
client 2022-02-23 02:48:14,312 [INFO] Got response: '1645584494.2422142'
client 2022-02-23 02:48:14,312 [INFO] The time difference between the client and the server is within range 69.671 ms..70.609 ms
client 2022-02-23 02:48:14,312 [INFO] Sending command to the server: 'new,,c176b4b3-307a-4896-97a6-21675a917e6c'
client 2022-02-23 02:48:14,314 [INFO] Got response: 'OK 2022-02-23_02-48-14,25b4cf6b-13db-47da-95ae-cf1f5d146a20'
client 2022-02-23 02:48:14,314 [INFO] Session id is '2022-02-23_02-48-14'
client 2022-02-23 02:48:14,314 [INFO] Sources: {"sources": {"__init__.py": "da39a3ee5e6b4b0d3255bfef95601890afd80709", "client.py": "33ca4f26368777ac06e01f9567b714a4b8063886", "lib/__init__.py": "da39a3ee5e6b4b0d3255bfef95601890afd80709", "lib/client.py": "4c2b78fb4849a7e5b584ef792d82aaed20b17f57", "lib/common.py": "624d0c0acc7c39aaff3674f0b99d6a09da53d1dc", "lib/external/__init__.py": "da39a3ee5e6b4b0d3255bfef95601890afd80709", "lib/external/ntplib.py": "4da8f970656505a40483206ef2b5d3dd5e81711d", "lib/server.py": "59c9fb92908260d3e9f81a895c7aa009742275e4", "lib/source_hashes.py": "60a2e02193209e8d392803326208d5466342da18", "lib/summary.py": "aa92f0a3f975eecd44d3c0cd0236342ccc9f941d", "lib/time_sync.py": "3210db56eb0ff0df57bf4293dc4d4b03fffd46f1", "server.py": "c3f90f2f7eeb4db30727556d0c815ebc89b3d28b", "tests/unit/__init__.py": "da39a3ee5e6b4b0d3255bfef95601890afd80709", "tests/unit/test_server.py": "99ae15aef722f2000ee6ed1ae1523637bf1ae42b", "tests/unit/test_source_hashes.py": "00468a2907583c593e6574a1f6b404e4651c221a"}, "modules": {"ptd_client_server.lib.client": "lib/client.py", "ptd_client_server.lib.common": "lib/common.py", "ptd_client_server.lib.external.ntplib": "lib/external/ntplib.py", "ptd_client_server.lib.source_hashes": "lib/source_hashes.py", "ptd_client_server.lib.summary": "lib/summary.py", "ptd_client_server.lib.time_sync": "lib/time_sync.py"}}
client 2022-02-23 02:48:14,314 [INFO] Running workload in ranging mode
client 2022-02-23 02:48:14,314 [INFO] Synchronizing with the server and with 192.168.123.123...
client 2022-02-23 02:48:14,315 [INFO] NTP:offset = -0.001 s, delay = 0.000 s 
client 2022-02-23 02:48:14,315 [INFO] Sending command to the server: 'time'
client 2022-02-23 02:48:14,316 [INFO] Got response: '1645584494.2422142'
client 2022-02-23 02:48:14,316 [INFO] The time difference between the client and the server is within range 73.189 ms..74.076 ms
client 2022-02-23 02:48:14,316 [INFO] Sending command to the server: 'session,2022-02-23_02-48-14,start,ranging'
client 2022-02-23 02:48:52,899 [INFO] Got response: 'OK'
client 2022-02-23 02:48:52,899 [INFO] Running the workload 'LOG_DIR=/work/build/power_logs_temp python3 code/main.py --benchmarks=bert --scenarios=offline --config_ver=high_accuracy_maxq --action="run_harness" \\\n\t\t2>&1 | tee -a /work/build/power_logs/2022.02.23-02.47.53/stdout.txt \\\n\t\t&& if [ ! -d /work/build/power_logs/2022.02.23-02.47.53/ranging_tmp ]; \\\n\t\t\tthen mkdir /work/build/power_logs/2022.02.23-02.47.53/ranging_tmp \\\n\t\t\t\t&& mv /work/build/power_logs_temp/* /work/build/power_logs/2022.02.23-02.47.53/ranging_tmp/ \\\n\t\t\t\t&& cp -v /work/build/power_logs/2022.02.23-02.47.53/ranging_tmp/*/*/*/mlperf_log_detail.txt /work/build/power_logs_temp/ \\\n\t\t\t\t&& cp -v /work/build/power_logs/2022.02.23-02.47.53/ranging_tmp/*/*/*/mlperf_log_summary.txt /work/build/power_logs_temp/; \\\n\t\t\telse mkdir /work/build/power_logs/2022.02.23-02.47.53/testing_tmp \\\n\t\t\t\t&& mv /work/build/power_logs_temp/* /work/build/power_logs/2022.02.23-02.47.53/testing_tmp/ \\\n\t\t\t\t&& cp -v /work/build/power_logs/2022.02.23-02.47.53/testing_tmp/*/*/*/mlperf_log_detail.txt /work/build/power_logs_temp/ \\\n\t\t\t\t&& cp -v /work/build/power_logs/2022.02.23-02.47.53/testing_tmp/*/*/*/mlperf_log_summary.txt /work/build/power_logs_temp/; fi'
client 2022-02-23 03:00:06,996 [INFO] Sending command to the server: 'session,2022-02-23_02-48-14,stop,ranging'
client 2022-02-23 03:00:17,038 [INFO] Got response: 'OK'
client 2022-02-23 03:00:17,047 [INFO] Copying loadgen logs from '/work/build/power_logs_temp' to '/work/build/power_logs/2022.02.23-02.47.53/2022-02-23_02-48-14/ranging'
client 2022-02-23 03:00:17,048 [INFO] Running workload in testing mode
client 2022-02-23 03:00:17,048 [INFO] Synchronizing with the server and with 192.168.123.123...
client 2022-02-23 03:00:17,050 [INFO] NTP:offset = -0.000 s, delay = 0.001 s 
client 2022-02-23 03:00:17,050 [INFO] Sending command to the server: 'time'
client 2022-02-23 03:00:17,050 [INFO] Got response: '1645585216.9418285'
client 2022-02-23 03:00:17,051 [INFO] The time difference between the client and the server is within range 108.351 ms..109.186 ms
client 2022-02-23 03:00:17,051 [INFO] Sending command to the server: 'session,2022-02-23_02-48-14,start,testing'
client 2022-02-23 03:00:39,628 [INFO] Got response: 'OK'
client 2022-02-23 03:00:39,628 [INFO] Running the workload 'LOG_DIR=/work/build/power_logs_temp python3 code/main.py --benchmarks=bert --scenarios=offline --config_ver=high_accuracy_maxq --action="run_harness" \\\n\t\t2>&1 | tee -a /work/build/power_logs/2022.02.23-02.47.53/stdout.txt \\\n\t\t&& if [ ! -d /work/build/power_logs/2022.02.23-02.47.53/ranging_tmp ]; \\\n\t\t\tthen mkdir /work/build/power_logs/2022.02.23-02.47.53/ranging_tmp \\\n\t\t\t\t&& mv /work/build/power_logs_temp/* /work/build/power_logs/2022.02.23-02.47.53/ranging_tmp/ \\\n\t\t\t\t&& cp -v /work/build/power_logs/2022.02.23-02.47.53/ranging_tmp/*/*/*/mlperf_log_detail.txt /work/build/power_logs_temp/ \\\n\t\t\t\t&& cp -v /work/build/power_logs/2022.02.23-02.47.53/ranging_tmp/*/*/*/mlperf_log_summary.txt /work/build/power_logs_temp/; \\\n\t\t\telse mkdir /work/build/power_logs/2022.02.23-02.47.53/testing_tmp \\\n\t\t\t\t&& mv /work/build/power_logs_temp/* /work/build/power_logs/2022.02.23-02.47.53/testing_tmp/ \\\n\t\t\t\t&& cp -v /work/build/power_logs/2022.02.23-02.47.53/testing_tmp/*/*/*/mlperf_log_detail.txt /work/build/power_logs_temp/ \\\n\t\t\t\t&& cp -v /work/build/power_logs/2022.02.23-02.47.53/testing_tmp/*/*/*/mlperf_log_summary.txt /work/build/power_logs_temp/; fi'
client 2022-02-23 03:11:53,300 [INFO] Sending command to the server: 'session,2022-02-23_02-48-14,stop,testing'
client 2022-02-23 03:12:03,333 [INFO] Got response: 'OK'
client 2022-02-23 03:12:03,335 [INFO] Copying loadgen logs from '/work/build/power_logs_temp' to '/work/build/power_logs/2022.02.23-02.47.53/2022-02-23_02-48-14/run_1'
client 2022-02-23 03:12:03,336 [INFO] Done runs
