ptd-server 2022-02-23 02:48:14,226 [INFO] Got command from the client 'stop'
ptd-server 2022-02-23 02:48:14,226 [INFO] The server will be stopped after processing this client
ptd-server 2022-02-23 02:48:14,226 [INFO] Sending reply to client 'OK'
ptd-server 2022-02-23 02:48:14,242 [INFO] Got command from the client 'time'
ptd-server 2022-02-23 02:48:14,242 [INFO] Sending reply to client '1645584494.2422142'
ptd-server 2022-02-23 02:48:14,242 [INFO] Got command from the client 'new,,c176b4b3-307a-4896-97a6-21675a917e6c'
ptd-server 2022-02-23 02:48:14,242 [INFO] Sending reply to client 'OK 2022-02-23_02-48-14,25b4cf6b-13db-47da-95ae-cf1f5d146a20'
ptd-server 2022-02-23 02:48:14,242 [INFO] Got command from the client 'time'
ptd-server 2022-02-23 02:48:14,242 [INFO] Sending reply to client '1645584494.2422142'
ptd-server 2022-02-23 02:48:14,242 [INFO] Got command from the client 'session,2022-02-23_02-48-14,start,ranging'
ptd-server 2022-02-23 02:48:14,351 [INFO] Running PTDaemon: ['C:\\PTD\\ptd-windows-x86.exe', '-l', 'C:\\Users\\pa\\AppData\\Local\\Temp\\tmp4rf_fbam\\ptd_logfile.txt', '-p', '8888', '-c', '1,2', '-y', '77', 'C2WL21005V']
ptd-server 2022-02-23 02:48:32,660 [INFO] Sending to ptd: 'Hello'
ptd-server 2022-02-23 02:48:32,660 [INFO] Reply from ptd: 'Hello, PTDaemon here!'
ptd-server 2022-02-23 02:48:32,660 [INFO] Sending to ptd: 'Identify'
ptd-server 2022-02-23 02:48:32,660 [INFO] Reply from ptd: 'YokogawaWT330_multichannel,1000,1,1,1,1,0,0,1,version=1.9.2-3976349f-20201208,OS=Windows 8 / Server 2012,mode=power,1,1,2,0,0,no_cal_date,YOKOGAWA;WT333E;C2WL21005V;F1.04'
ptd-server 2022-02-23 02:48:32,660 [INFO] Connected to PTDaemon
ptd-server 2022-02-23 02:48:32,660 [INFO] Sending to ptd: 'RR'
ptd-server 2022-02-23 02:48:32,660 [INFO] Reply from ptd: 'Ranges,-1,-1.000000,-1,-1.000000'
ptd-server 2022-02-23 02:48:32,660 [INFO] Initial range for Amps is Auto for Volts is Auto
ptd-server 2022-02-23 02:48:32,660 [INFO] Sending to ptd: 'SR,V,Auto'
ptd-server 2022-02-23 02:48:37,737 [INFO] Reply from ptd: 'Range V changed'
ptd-server 2022-02-23 02:48:37,737 [INFO] Sending to ptd: 'SR,A,Auto'
ptd-server 2022-02-23 02:48:42,814 [INFO] Reply from ptd: 'Range A changed'
ptd-server 2022-02-23 02:48:52,828 [INFO] Starting ranging mode
ptd-server 2022-02-23 02:48:52,828 [INFO] Sending to ptd: 'Go,1000,0,2022-02-23_02-48-14_ranging'
ptd-server 2022-02-23 02:48:52,828 [INFO] Reply from ptd: 'Starting untimed measurement, maximum 500000 samples at 1000ms with 0 rampup samples'
ptd-server 2022-02-23 02:48:52,828 [INFO] Sending reply to client 'OK'
ptd-server 2022-02-23 03:00:06,896 [INFO] Got command from the client 'session,2022-02-23_02-48-14,stop,ranging'
ptd-server 2022-02-23 03:00:16,910 [INFO] Sending to ptd: 'Stop'
ptd-server 2022-02-23 03:00:16,910 [INFO] Reply from ptd: 'Stopping untimed measurement'
ptd-server 2022-02-23 03:00:16,941 [INFO] Sending reply to client 'OK'
ptd-server 2022-02-23 03:00:16,941 [INFO] Got command from the client 'time'
ptd-server 2022-02-23 03:00:16,941 [INFO] Sending reply to client '1645585216.9418285'
ptd-server 2022-02-23 03:00:16,941 [INFO] Got command from the client 'session,2022-02-23_02-48-14,start,testing'
ptd-server 2022-02-23 03:00:16,941 [INFO] Sending to ptd: 'SR,V,120.980000'
ptd-server 2022-02-23 03:00:23,924 [INFO] Reply from ptd: 'Range V changed'
ptd-server 2022-02-23 03:00:23,924 [INFO] Sending to ptd: 'SR,A,1.534300'
ptd-server 2022-02-23 03:00:29,517 [INFO] Reply from ptd: 'Range A changed'
ptd-server 2022-02-23 03:00:39,531 [INFO] Starting testing mode
ptd-server 2022-02-23 03:00:39,531 [INFO] Sending to ptd: 'Go,1000,0,2022-02-23_02-48-14_testing'
ptd-server 2022-02-23 03:00:39,531 [INFO] Reply from ptd: 'Starting untimed measurement, maximum 500000 samples at 1000ms with 0 rampup samples'
ptd-server 2022-02-23 03:00:39,531 [INFO] Sending reply to client 'OK'
ptd-server 2022-02-23 03:11:53,177 [INFO] Got command from the client 'session,2022-02-23_02-48-14,stop,testing'
ptd-server 2022-02-23 03:12:03,191 [INFO] Sending to ptd: 'Stop'
ptd-server 2022-02-23 03:12:03,191 [INFO] Reply from ptd: 'Stopping untimed measurement'
ptd-server 2022-02-23 03:12:03,207 [INFO] Sending reply to client 'OK'
ptd-server 2022-02-23 03:12:03,207 [INFO] Got command from the client 'session,2022-02-23_02-48-14,done'
ptd-server 2022-02-23 03:12:03,207 [INFO] Sending to ptd: 'Stop'
ptd-server 2022-02-23 03:12:03,535 [INFO] Reply from ptd: 'Error: no measurement to stop'
ptd-server 2022-02-23 03:12:03,535 [INFO] Sending to ptd: 'SR,V,Auto'
ptd-server 2022-02-23 03:12:08,612 [INFO] Reply from ptd: 'Range V changed'
ptd-server 2022-02-23 03:12:08,612 [INFO] Sending to ptd: 'SR,A,Auto'
ptd-server 2022-02-23 03:12:13,689 [INFO] Reply from ptd: 'Range A changed'
ptd-server 2022-02-23 03:12:13,689 [INFO] Set initial values for Amps Auto and Volts Auto
ptd-server 2022-02-23 03:12:13,689 [INFO] Stopping ptd...
