client 2022-02-15 02:10:00,384 [INFO] Sending command to the server: 'mlcommons/power client v3'
client 2022-02-15 02:10:00,389 [INFO] Got response: 'mlcommons/power server v3'
client 2022-02-15 02:10:00,390 [INFO] Sending command to the server: 'stop'
client 2022-02-15 02:10:00,391 [INFO] Got response: 'OK'
client 2022-02-15 02:10:00,391 [INFO] Synchronizing with the server and with ib-01.dc4-in.nvidia.com...
client 2022-02-15 02:10:00,605 [INFO] NTP:offset = 0.003 s, delay = 0.208 s 
client 2022-02-15 02:10:00,605 [INFO] Sending command to the server: 'time'
client 2022-02-15 02:10:00,606 [INFO] Got response: '1644891000.6357656'
client 2022-02-15 02:10:00,607 [INFO] The time difference between the client and the server is within range -29.904 ms..-28.683 ms
client 2022-02-15 02:10:00,607 [INFO] Sending command to the server: 'new,,a0ac238e-df87-40b3-af06-4e537fc32057'
client 2022-02-15 02:10:00,608 [INFO] Got response: 'OK 2022-02-14_18-10-00,0856a714-b33b-4105-8639-fb40a6747c70'
client 2022-02-15 02:10:00,608 [INFO] Session id is '2022-02-14_18-10-00'
client 2022-02-15 02:10:00,608 [INFO] Sources: {"sources": {"__init__.py": "da39a3ee5e6b4b0d3255bfef95601890afd80709", "client.py": "33ca4f26368777ac06e01f9567b714a4b8063886", "lib/__init__.py": "da39a3ee5e6b4b0d3255bfef95601890afd80709", "lib/client.py": "4c2b78fb4849a7e5b584ef792d82aaed20b17f57", "lib/common.py": "624d0c0acc7c39aaff3674f0b99d6a09da53d1dc", "lib/external/__init__.py": "da39a3ee5e6b4b0d3255bfef95601890afd80709", "lib/external/ntplib.py": "4da8f970656505a40483206ef2b5d3dd5e81711d", "lib/server.py": "59c9fb92908260d3e9f81a895c7aa009742275e4", "lib/source_hashes.py": "60a2e02193209e8d392803326208d5466342da18", "lib/summary.py": "aa92f0a3f975eecd44d3c0cd0236342ccc9f941d", "lib/time_sync.py": "3210db56eb0ff0df57bf4293dc4d4b03fffd46f1", "server.py": "c3f90f2f7eeb4db30727556d0c815ebc89b3d28b", "tests/unit/__init__.py": "da39a3ee5e6b4b0d3255bfef95601890afd80709", "tests/unit/test_server.py": "99ae15aef722f2000ee6ed1ae1523637bf1ae42b", "tests/unit/test_source_hashes.py": "00468a2907583c593e6574a1f6b404e4651c221a"}, "modules": {"ptd_client_server.lib.client": "lib/client.py", "ptd_client_server.lib.common": "lib/common.py", "ptd_client_server.lib.external.ntplib": "lib/external/ntplib.py", "ptd_client_server.lib.source_hashes": "lib/source_hashes.py", "ptd_client_server.lib.summary": "lib/summary.py", "ptd_client_server.lib.time_sync": "lib/time_sync.py"}}
client 2022-02-15 02:10:00,611 [INFO] Running workload in ranging mode
client 2022-02-15 02:10:00,611 [INFO] Synchronizing with the server and with ib-01.dc4-in.nvidia.com...
client 2022-02-15 02:10:00,830 [INFO] NTP:offset = 0.008 s, delay = 0.218 s 
client 2022-02-15 02:10:00,830 [INFO] Sending command to the server: 'time'
client 2022-02-15 02:10:00,831 [INFO] Got response: '1644891000.860236'
client 2022-02-15 02:10:00,831 [INFO] The time difference between the client and the server is within range -29.871 ms..-28.563 ms
client 2022-02-15 02:10:00,831 [INFO] Sending command to the server: 'session,2022-02-14_18-10-00,start,ranging'
client 2022-02-15 02:10:29,553 [INFO] Got response: 'OK'
client 2022-02-15 02:10:29,553 [INFO] Running the workload 'LOG_DIR=/work/build/power_logs_temp python3 code/main.py --benchmarks=bert --scenarios=Offline --test_mode=PerformanceOnly --config_ver=maxq_high_accuracy --action="run_harness" \\\n\t\t2>&1 | tee -a /work/build/power_logs/2022.02.15-02.09.44/stdout.txt \\\n\t\t&& if [ ! -d /work/build/power_logs/2022.02.15-02.09.44/ranging_tmp ]; \\\n\t\t\tthen mkdir /work/build/power_logs/2022.02.15-02.09.44/ranging_tmp \\\n\t\t\t\t&& mv /work/build/power_logs_temp/* /work/build/power_logs/2022.02.15-02.09.44/ranging_tmp/ \\\n\t\t\t\t&& cp -v /work/build/power_logs/2022.02.15-02.09.44/ranging_tmp/*/*/*/mlperf_log_detail.txt /work/build/power_logs_temp/ \\\n\t\t\t\t&& cp -v /work/build/power_logs/2022.02.15-02.09.44/ranging_tmp/*/*/*/mlperf_log_summary.txt /work/build/power_logs_temp/; \\\n\t\t\telse mkdir /work/build/power_logs/2022.02.15-02.09.44/testing_tmp \\\n\t\t\t\t&& mv /work/build/power_logs_temp/* /work/build/power_logs/2022.02.15-02.09.44/testing_tmp/ \\\n\t\t\t\t&& cp -v /work/build/power_logs/2022.02.15-02.09.44/testing_tmp/*/*/*/mlperf_log_detail.txt /work/build/power_logs_temp/ \\\n\t\t\t\t&& cp -v /work/build/power_logs/2022.02.15-02.09.44/testing_tmp/*/*/*/mlperf_log_summary.txt /work/build/power_logs_temp/; fi'
client 2022-02-15 02:21:20,174 [INFO] Sending command to the server: 'session,2022-02-14_18-10-00,stop,ranging'
client 2022-02-15 02:21:30,199 [INFO] Got response: 'OK'
client 2022-02-15 02:21:30,208 [INFO] Copying loadgen logs from '/work/build/power_logs_temp' to '/work/build/power_logs/2022.02.15-02.09.44/2022-02-14_18-10-00/ranging'
client 2022-02-15 02:21:30,222 [INFO] Running workload in testing mode
client 2022-02-15 02:21:30,222 [INFO] Synchronizing with the server and with ib-01.dc4-in.nvidia.com...
client 2022-02-15 02:21:30,432 [INFO] NTP:offset = 0.004 s, delay = 0.208 s 
client 2022-02-15 02:21:30,433 [INFO] Sending command to the server: 'time'
client 2022-02-15 02:21:30,434 [INFO] Got response: '1644891690.467302'
client 2022-02-15 02:21:30,434 [INFO] The time difference between the client and the server is within range -34.268 ms..-33.206 ms
client 2022-02-15 02:21:30,434 [INFO] Sending command to the server: 'session,2022-02-14_18-10-00,start,testing'
client 2022-02-15 02:21:43,608 [INFO] Got response: 'OK'
client 2022-02-15 02:21:43,608 [INFO] Running the workload 'LOG_DIR=/work/build/power_logs_temp python3 code/main.py --benchmarks=bert --scenarios=Offline --test_mode=PerformanceOnly --config_ver=maxq_high_accuracy --action="run_harness" \\\n\t\t2>&1 | tee -a /work/build/power_logs/2022.02.15-02.09.44/stdout.txt \\\n\t\t&& if [ ! -d /work/build/power_logs/2022.02.15-02.09.44/ranging_tmp ]; \\\n\t\t\tthen mkdir /work/build/power_logs/2022.02.15-02.09.44/ranging_tmp \\\n\t\t\t\t&& mv /work/build/power_logs_temp/* /work/build/power_logs/2022.02.15-02.09.44/ranging_tmp/ \\\n\t\t\t\t&& cp -v /work/build/power_logs/2022.02.15-02.09.44/ranging_tmp/*/*/*/mlperf_log_detail.txt /work/build/power_logs_temp/ \\\n\t\t\t\t&& cp -v /work/build/power_logs/2022.02.15-02.09.44/ranging_tmp/*/*/*/mlperf_log_summary.txt /work/build/power_logs_temp/; \\\n\t\t\telse mkdir /work/build/power_logs/2022.02.15-02.09.44/testing_tmp \\\n\t\t\t\t&& mv /work/build/power_logs_temp/* /work/build/power_logs/2022.02.15-02.09.44/testing_tmp/ \\\n\t\t\t\t&& cp -v /work/build/power_logs/2022.02.15-02.09.44/testing_tmp/*/*/*/mlperf_log_detail.txt /work/build/power_logs_temp/ \\\n\t\t\t\t&& cp -v /work/build/power_logs/2022.02.15-02.09.44/testing_tmp/*/*/*/mlperf_log_summary.txt /work/build/power_logs_temp/; fi'
client 2022-02-15 02:32:40,394 [INFO] Sending command to the server: 'session,2022-02-14_18-10-00,stop,testing'
client 2022-02-15 02:32:50,418 [INFO] Got response: 'OK'
client 2022-02-15 02:32:50,423 [INFO] Copying loadgen logs from '/work/build/power_logs_temp' to '/work/build/power_logs/2022.02.15-02.09.44/2022-02-14_18-10-00/run_1'
client 2022-02-15 02:32:50,437 [INFO] Done runs
