ptd-server 2022-02-14 18:10:00,419 [INFO] Got command from the client 'stop'
ptd-server 2022-02-14 18:10:00,419 [INFO] The server will be stopped after processing this client
ptd-server 2022-02-14 18:10:00,419 [INFO] Sending reply to client 'OK'
ptd-server 2022-02-14 18:10:00,635 [INFO] Got command from the client 'time'
ptd-server 2022-02-14 18:10:00,635 [INFO] Sending reply to client '1644891000.6357656'
ptd-server 2022-02-14 18:10:00,635 [INFO] Got command from the client 'new,,a0ac238e-df87-40b3-af06-4e537fc32057'
ptd-server 2022-02-14 18:10:00,635 [INFO] Sending reply to client 'OK 2022-02-14_18-10-00,0856a714-b33b-4105-8639-fb40a6747c70'
ptd-server 2022-02-14 18:10:00,860 [INFO] Got command from the client 'time'
ptd-server 2022-02-14 18:10:00,860 [INFO] Sending reply to client '1644891000.860236'
ptd-server 2022-02-14 18:10:00,860 [INFO] Got command from the client 'session,2022-02-14_18-10-00,start,ranging'
ptd-server 2022-02-14 18:10:00,969 [INFO] Running PTDaemon: ['C:\\PTD\\ptd-windows-x86.exe', '-l', 'C:\\Users\\lab\\AppData\\Local\\Temp\\tmph5md8p3g\\ptd_logfile.txt', '-p', '8888', '-c', '1', '-y', '52', '10.34.244.57']
ptd-server 2022-02-14 18:10:18,541 [INFO] Sending to ptd: 'Hello'
ptd-server 2022-02-14 18:10:18,541 [INFO] Reply from ptd: 'Hello, PTDaemon here!'
ptd-server 2022-02-14 18:10:18,541 [INFO] Sending to ptd: 'Identify'
ptd-server 2022-02-14 18:10:18,541 [INFO] Reply from ptd: 'YokogawaWT330E,1000,1,1,1,1,0,0,1,version=1.9.2-3976349f-20201208,OS=Windows 8 / Server 2012,mode=power,1,1,1,0,0,no_cal_date,YOKOGAWA;WT333E;C2XG12028V;F1.04'
ptd-server 2022-02-14 18:10:18,541 [INFO] Connected to PTDaemon
ptd-server 2022-02-14 18:10:18,541 [INFO] Sending to ptd: 'RR'
ptd-server 2022-02-14 18:10:18,541 [INFO] Reply from ptd: 'Ranges,0,20.000000,1,300.000000'
ptd-server 2022-02-14 18:10:18,541 [INFO] Initial range for Amps is 20.000000 for Volts is Auto
ptd-server 2022-02-14 18:10:18,541 [INFO] Sending to ptd: 'SR,V,Auto'
ptd-server 2022-02-14 18:10:19,060 [INFO] Reply from ptd: 'Range V changed'
ptd-server 2022-02-14 18:10:19,060 [INFO] Sending to ptd: 'SR,A,Auto'
ptd-server 2022-02-14 18:10:19,573 [INFO] Reply from ptd: 'Range A changed'
ptd-server 2022-02-14 18:10:29,575 [INFO] Starting ranging mode
ptd-server 2022-02-14 18:10:29,581 [INFO] Sending to ptd: 'Go,1000,0,2022-02-14_18-10-00_ranging'
ptd-server 2022-02-14 18:10:29,581 [INFO] Reply from ptd: 'Starting untimed measurement, maximum 500000 samples at 1000ms with 0 rampup samples'
ptd-server 2022-02-14 18:10:29,581 [INFO] Sending reply to client 'OK'
ptd-server 2022-02-14 18:21:20,193 [INFO] Got command from the client 'session,2022-02-14_18-10-00,stop,ranging'
ptd-server 2022-02-14 18:21:30,213 [INFO] Sending to ptd: 'Stop'
ptd-server 2022-02-14 18:21:30,213 [INFO] Reply from ptd: 'Stopping untimed measurement'
ptd-server 2022-02-14 18:21:30,228 [INFO] Sending reply to client 'OK'
ptd-server 2022-02-14 18:21:30,467 [INFO] Got command from the client 'time'
ptd-server 2022-02-14 18:21:30,467 [INFO] Sending reply to client '1644891690.467302'
ptd-server 2022-02-14 18:21:30,467 [INFO] Got command from the client 'session,2022-02-14_18-10-00,start,testing'
ptd-server 2022-02-14 18:21:30,467 [INFO] Sending to ptd: 'SR,V,206.640000'
ptd-server 2022-02-14 18:21:32,119 [INFO] Reply from ptd: 'Range V changed'
ptd-server 2022-02-14 18:21:32,119 [INFO] Sending to ptd: 'SR,A,6.148600'
ptd-server 2022-02-14 18:21:33,635 [INFO] Reply from ptd: 'Range A changed'
ptd-server 2022-02-14 18:21:43,635 [INFO] Starting testing mode
ptd-server 2022-02-14 18:21:43,635 [INFO] Sending to ptd: 'Go,1000,0,2022-02-14_18-10-00_testing'
ptd-server 2022-02-14 18:21:43,635 [INFO] Reply from ptd: 'Starting untimed measurement, maximum 500000 samples at 1000ms with 0 rampup samples'
ptd-server 2022-02-14 18:21:43,635 [INFO] Sending reply to client 'OK'
ptd-server 2022-02-14 18:32:40,419 [INFO] Got command from the client 'session,2022-02-14_18-10-00,stop,testing'
ptd-server 2022-02-14 18:32:50,436 [INFO] Sending to ptd: 'Stop'
ptd-server 2022-02-14 18:32:50,440 [INFO] Reply from ptd: 'Stopping untimed measurement'
ptd-server 2022-02-14 18:32:50,440 [INFO] Sending reply to client 'OK'
ptd-server 2022-02-14 18:32:50,487 [INFO] Got command from the client 'session,2022-02-14_18-10-00,done'
ptd-server 2022-02-14 18:32:50,487 [INFO] Sending to ptd: 'Stop'
ptd-server 2022-02-14 18:32:50,644 [INFO] Reply from ptd: 'Error: no measurement to stop'
ptd-server 2022-02-14 18:32:50,644 [INFO] Sending to ptd: 'SR,V,Auto'
ptd-server 2022-02-14 18:32:51,156 [INFO] Reply from ptd: 'Range V changed'
ptd-server 2022-02-14 18:32:51,156 [INFO] Sending to ptd: 'SR,A,20.000000'
ptd-server 2022-02-14 18:32:52,688 [INFO] Reply from ptd: 'Range A changed'
ptd-server 2022-02-14 18:32:52,688 [INFO] Set initial values for Amps 20.000000 and Volts Auto
ptd-server 2022-02-14 18:32:52,688 [INFO] Stopping ptd...
