ptd-server 2022-02-14 08:16:55,451 [INFO] Got command from the client 'time'
ptd-server 2022-02-14 08:16:55,451 [INFO] Sending reply to client '1644826615.4518979'
ptd-server 2022-02-14 08:16:55,453 [INFO] Got command from the client 'new,,9e825319-768d-4c0e-b990-e14876ff285b'
ptd-server 2022-02-14 08:16:55,454 [INFO] Sending reply to client 'OK 2022-02-14_08-16-55,f4cdc515-0e88-4c30-b2db-eabc9b77d034'
ptd-server 2022-02-14 08:16:55,493 [INFO] Got command from the client 'time'
ptd-server 2022-02-14 08:16:55,493 [INFO] Sending reply to client '1644826615.4938378'
ptd-server 2022-02-14 08:16:55,495 [INFO] Got command from the client 'session,2022-02-14_08-16-55,start,ranging'
ptd-server 2022-02-14 08:16:55,496 [INFO] Running PTDaemon: ['/home/anton/projects/mlperf/power/inference_v1.0/ptd-linux-x86', '-l', '/tmp/tmpxvec0g6h/ptd_logfile.txt', '-p', '8888', '49', '/dev/usbtmc0']
ptd-server 2022-02-14 08:17:12,669 [INFO] Sending to ptd: 'Hello'
ptd-server 2022-02-14 08:17:12,670 [INFO] Reply from ptd: 'Hello, PTDaemon here!'
ptd-server 2022-02-14 08:17:12,670 [INFO] Sending to ptd: 'Identify'
ptd-server 2022-02-14 08:17:12,670 [INFO] Reply from ptd: 'YokogawaWT310E,1000,1,1,1,1,0,1,1,version=1.9.2-e8c7a49a-20201208,OS=Linux 5.13.0-27-generic #29~20.04.1-Ubuntu SMP Fri Jan 14 00:32:30 UTC 2022 x86_64,mode=power,1,1,1,0,0,no_cal_date,YOKOGAWA;WT310E;C3XA04010E;F1.04'
ptd-server 2022-02-14 08:17:12,670 [INFO] Connected to PTDaemon
ptd-server 2022-02-14 08:17:12,671 [INFO] Sending to ptd: 'RR'
ptd-server 2022-02-14 08:17:12,671 [INFO] Reply from ptd: 'Ranges,0,0.500000,0,300.000000'
ptd-server 2022-02-14 08:17:12,671 [INFO] Initial range for Amps is 0.500000 for Volts is 300.000000
ptd-server 2022-02-14 08:17:12,671 [INFO] Sending to ptd: 'SR,V,Auto'
ptd-server 2022-02-14 08:17:13,174 [INFO] Reply from ptd: 'Range V changed'
ptd-server 2022-02-14 08:17:13,174 [INFO] Sending to ptd: 'SR,A,Auto'
ptd-server 2022-02-14 08:17:13,676 [INFO] Reply from ptd: 'Range A changed'
ptd-server 2022-02-14 08:17:23,687 [INFO] Starting ranging mode
ptd-server 2022-02-14 08:17:23,687 [INFO] Sending to ptd: 'Go,1000,0,2022-02-14_08-16-55_ranging'
ptd-server 2022-02-14 08:17:23,687 [INFO] Reply from ptd: 'Starting untimed measurement, maximum 500000 samples at 1000ms with 0 rampup samples'
ptd-server 2022-02-14 08:17:23,687 [INFO] Sending reply to client 'OK'
ptd-server 2022-02-14 08:27:39,496 [INFO] Got command from the client 'session,2022-02-14_08-16-55,stop,ranging'
ptd-server 2022-02-14 08:27:49,506 [INFO] Sending to ptd: 'Stop'
ptd-server 2022-02-14 08:27:49,507 [INFO] Reply from ptd: 'Stopping untimed measurement'
ptd-server 2022-02-14 08:27:50,223 [INFO] Sending reply to client 'OK'
ptd-server 2022-02-14 08:27:50,279 [INFO] Got command from the client 'time'
ptd-server 2022-02-14 08:27:50,280 [INFO] Sending reply to client '1644827270.2800133'
ptd-server 2022-02-14 08:27:50,282 [INFO] Got command from the client 'session,2022-02-14_08-16-55,start,testing'
ptd-server 2022-02-14 08:27:50,282 [INFO] Sending to ptd: 'SR,V,249.070000'
ptd-server 2022-02-14 08:27:51,784 [INFO] Reply from ptd: 'Range V changed'
ptd-server 2022-02-14 08:27:51,784 [INFO] Sending to ptd: 'SR,A,0.150000'
ptd-server 2022-02-14 08:27:53,285 [INFO] Reply from ptd: 'Range A changed'
ptd-server 2022-02-14 08:28:03,295 [INFO] Starting testing mode
ptd-server 2022-02-14 08:28:03,296 [INFO] Sending to ptd: 'Go,1000,0,2022-02-14_08-16-55_testing'
ptd-server 2022-02-14 08:28:03,296 [INFO] Reply from ptd: 'Starting untimed measurement, maximum 500000 samples at 1000ms with 0 rampup samples'
ptd-server 2022-02-14 08:28:03,296 [INFO] Sending reply to client 'OK'
ptd-server 2022-02-14 08:38:19,180 [INFO] Got command from the client 'session,2022-02-14_08-16-55,stop,testing'
ptd-server 2022-02-14 08:38:29,191 [INFO] Sending to ptd: 'Stop'
ptd-server 2022-02-14 08:38:29,191 [INFO] Reply from ptd: 'Stopping untimed measurement'
ptd-server 2022-02-14 08:38:29,553 [INFO] Sending reply to client 'OK'
ptd-server 2022-02-14 08:38:29,571 [INFO] Got command from the client 'session,2022-02-14_08-16-55,done'
ptd-server 2022-02-14 08:38:29,571 [INFO] Sending to ptd: 'Stop'
ptd-server 2022-02-14 08:38:29,571 [INFO] Reply from ptd: 'Error: no measurement to stop'
ptd-server 2022-02-14 08:38:29,571 [INFO] Sending to ptd: 'SR,V,300.000000'
ptd-server 2022-02-14 08:38:31,073 [INFO] Reply from ptd: 'Range V changed'
ptd-server 2022-02-14 08:38:31,073 [INFO] Sending to ptd: 'SR,A,0.500000'
ptd-server 2022-02-14 08:38:32,574 [INFO] Reply from ptd: 'Range A changed'
ptd-server 2022-02-14 08:38:32,574 [INFO] Set initial values for Amps 0.500000 and Volts 300.000000
ptd-server 2022-02-14 08:38:32,574 [INFO] Stopping ptd...
