ptd-server 2022-02-18 14:10:03,822 [INFO] Got command from the client 'time'
ptd-server 2022-02-18 14:10:03,823 [INFO] Sending reply to client '1645215003.8231936'
ptd-server 2022-02-18 14:10:03,823 [INFO] Got command from the client 'new,,9452b95b-d64f-41e4-969c-2412c0ddd80a'
ptd-server 2022-02-18 14:10:03,824 [INFO] Sending reply to client 'OK 2022-02-18_14-10-03,7ff57363-c446-4ca7-a455-90b66dbb5bbb'
ptd-server 2022-02-18 14:10:03,929 [INFO] Got command from the client 'time'
ptd-server 2022-02-18 14:10:03,929 [INFO] Sending reply to client '1645215003.9299133'
ptd-server 2022-02-18 14:10:03,930 [INFO] Got command from the client 'session,2022-02-18_14-10-03,start,ranging'
ptd-server 2022-02-18 14:10:03,931 [INFO] Running PTDaemon: ['/local/mnt/workspace/mlcommons/power-main/inference_v1.0/ptd-linux-x86', '-l', '/tmp/tmpbzz3s1yx/ptd_logfile.txt', '-p', '8886', '49', '/dev/usbtmc1']
ptd-server 2022-02-18 14:10:21,047 [INFO] Sending to ptd: 'Hello'
ptd-server 2022-02-18 14:10:21,048 [INFO] Reply from ptd: 'Hello, PTDaemon here!'
ptd-server 2022-02-18 14:10:21,048 [INFO] Sending to ptd: 'Identify'
ptd-server 2022-02-18 14:10:21,049 [INFO] Reply from ptd: 'YokogawaWT310E,1000,1,1,1,1,0,1,1,version=1.9.2-e8c7a49a-20201208,OS=Linux 4.15.0-162-generic #170-Ubuntu SMP Mon Oct 18 11:38:05 UTC 2021 x86_64,mode=power,1,1,1,0,0,no_cal_date,YOKOGAWA;WT310E;C2XF16030V;F1.04'
ptd-server 2022-02-18 14:10:21,049 [INFO] Connected to PTDaemon
ptd-server 2022-02-18 14:10:21,049 [INFO] Sending to ptd: 'RR'
ptd-server 2022-02-18 14:10:21,050 [INFO] Reply from ptd: 'Ranges,1,2.000000,1,150.000000'
ptd-server 2022-02-18 14:10:21,050 [INFO] Initial range for Amps is Auto for Volts is Auto
ptd-server 2022-02-18 14:10:21,050 [INFO] Sending to ptd: 'SR,V,Auto'
ptd-server 2022-02-18 14:10:21,553 [INFO] Reply from ptd: 'Range V changed'
ptd-server 2022-02-18 14:10:21,553 [INFO] Sending to ptd: 'SR,A,Auto'
ptd-server 2022-02-18 14:10:22,056 [INFO] Reply from ptd: 'Range A changed'
ptd-server 2022-02-18 14:10:32,067 [INFO] Starting ranging mode
ptd-server 2022-02-18 14:10:32,067 [INFO] Sending to ptd: 'Go,1000,0,2022-02-18_14-10-03_ranging'
ptd-server 2022-02-18 14:10:32,068 [INFO] Reply from ptd: 'Starting untimed measurement, maximum 500000 samples at 1000ms with 0 rampup samples'
ptd-server 2022-02-18 14:10:32,068 [INFO] Sending reply to client 'OK'
ptd-server 2022-02-18 14:22:33,876 [INFO] Got command from the client 'session,2022-02-18_14-10-03,stop,ranging'
ptd-server 2022-02-18 14:22:43,886 [INFO] Sending to ptd: 'Stop'
ptd-server 2022-02-18 14:22:43,886 [INFO] Reply from ptd: 'Stopping untimed measurement'
ptd-server 2022-02-18 14:22:44,041 [INFO] Sending reply to client 'OK'
ptd-server 2022-02-18 14:22:44,139 [INFO] Got command from the client 'time'
ptd-server 2022-02-18 14:22:44,139 [INFO] Sending reply to client '1645215764.1391394'
ptd-server 2022-02-18 14:22:44,139 [INFO] Got command from the client 'session,2022-02-18_14-10-03,start,testing'
ptd-server 2022-02-18 14:22:44,139 [INFO] Sending to ptd: 'SR,V,120.810000'
ptd-server 2022-02-18 14:22:45,640 [INFO] Reply from ptd: 'Range V changed'
ptd-server 2022-02-18 14:22:45,640 [INFO] Sending to ptd: 'SR,A,2.053000'
ptd-server 2022-02-18 14:22:47,141 [INFO] Reply from ptd: 'Range A changed'
ptd-server 2022-02-18 14:22:57,151 [INFO] Starting testing mode
ptd-server 2022-02-18 14:22:57,151 [INFO] Sending to ptd: 'Go,1000,0,2022-02-18_14-10-03_testing'
ptd-server 2022-02-18 14:22:57,151 [INFO] Reply from ptd: 'Starting untimed measurement, maximum 500000 samples at 1000ms with 0 rampup samples'
ptd-server 2022-02-18 14:22:57,152 [INFO] Sending reply to client 'OK'
ptd-server 2022-02-18 14:34:58,700 [INFO] Got command from the client 'session,2022-02-18_14-10-03,stop,testing'
ptd-server 2022-02-18 14:35:08,711 [INFO] Sending to ptd: 'Stop'
ptd-server 2022-02-18 14:35:08,712 [INFO] Reply from ptd: 'Stopping untimed measurement'
ptd-server 2022-02-18 14:35:08,802 [INFO] Sending reply to client 'OK'
ptd-server 2022-02-18 14:35:08,808 [INFO] Got command from the client 'session,2022-02-18_14-10-03,done'
ptd-server 2022-02-18 14:35:08,808 [INFO] Sending to ptd: 'Stop'
ptd-server 2022-02-18 14:35:09,151 [INFO] Reply from ptd: 'Error: no measurement to stop'
ptd-server 2022-02-18 14:35:09,152 [INFO] Sending to ptd: 'SR,V,Auto'
ptd-server 2022-02-18 14:35:09,654 [INFO] Reply from ptd: 'Range V changed'
ptd-server 2022-02-18 14:35:09,655 [INFO] Sending to ptd: 'SR,A,Auto'
ptd-server 2022-02-18 14:35:10,158 [INFO] Reply from ptd: 'Range A changed'
ptd-server 2022-02-18 14:35:10,158 [INFO] Set initial values for Amps Auto and Volts Auto
ptd-server 2022-02-18 14:35:10,158 [INFO] Stopping ptd...
