client 2022-02-23 12:33:36,209 [INFO] Sending command to the server: 'mlcommons/power client v3'
client 2022-02-23 12:33:36,211 [INFO] Got response: 'mlcommons/power server v3'
client 2022-02-23 12:33:36,211 [INFO] Sending command to the server: 'stop'
client 2022-02-23 12:33:36,214 [INFO] Got response: 'OK'
client 2022-02-23 12:33:36,214 [INFO] Synchronizing with the server and with ib-01.dc4-in.nvidia.com...
client 2022-02-23 12:33:36,422 [INFO] NTP:offset = 0.001 s, delay = 0.202 s 
client 2022-02-23 12:33:36,422 [INFO] Sending command to the server: 'time'
client 2022-02-23 12:33:36,424 [INFO] Got response: '1645648416.347485'
client 2022-02-23 12:33:36,424 [INFO] The time difference between the client and the server is within range 75.109 ms..77.404 ms
client 2022-02-23 12:33:36,425 [INFO] Sending command to the server: 'new,,c0375356-42c3-4fe2-b66d-2d2daac3d4f5'
client 2022-02-23 12:33:36,427 [INFO] Got response: 'OK 2022-02-23_12-33-36,ce3ef734-a126-4805-8c74-8172b939e965'
client 2022-02-23 12:33:36,427 [INFO] Session id is '2022-02-23_12-33-36'
client 2022-02-23 12:33:36,427 [INFO] Sources: {"sources": {"__init__.py": "da39a3ee5e6b4b0d3255bfef95601890afd80709", "client.py": "33ca4f26368777ac06e01f9567b714a4b8063886", "lib/__init__.py": "da39a3ee5e6b4b0d3255bfef95601890afd80709", "lib/client.py": "4c2b78fb4849a7e5b584ef792d82aaed20b17f57", "lib/common.py": "624d0c0acc7c39aaff3674f0b99d6a09da53d1dc", "lib/external/__init__.py": "da39a3ee5e6b4b0d3255bfef95601890afd80709", "lib/external/ntplib.py": "4da8f970656505a40483206ef2b5d3dd5e81711d", "lib/server.py": "59c9fb92908260d3e9f81a895c7aa009742275e4", "lib/source_hashes.py": "60a2e02193209e8d392803326208d5466342da18", "lib/summary.py": "aa92f0a3f975eecd44d3c0cd0236342ccc9f941d", "lib/time_sync.py": "3210db56eb0ff0df57bf4293dc4d4b03fffd46f1", "server.py": "c3f90f2f7eeb4db30727556d0c815ebc89b3d28b", "tests/unit/__init__.py": "da39a3ee5e6b4b0d3255bfef95601890afd80709", "tests/unit/test_server.py": "99ae15aef722f2000ee6ed1ae1523637bf1ae42b", "tests/unit/test_source_hashes.py": "00468a2907583c593e6574a1f6b404e4651c221a"}, "modules": {"ptd_client_server.lib.client": "lib/client.py", "ptd_client_server.lib.common": "lib/common.py", "ptd_client_server.lib.external.ntplib": "lib/external/ntplib.py", "ptd_client_server.lib.source_hashes": "lib/source_hashes.py", "ptd_client_server.lib.summary": "lib/summary.py", "ptd_client_server.lib.time_sync": "lib/time_sync.py"}}
client 2022-02-23 12:33:36,431 [INFO] Running workload in ranging mode
client 2022-02-23 12:33:36,431 [INFO] Synchronizing with the server and with ib-01.dc4-in.nvidia.com...
client 2022-02-23 12:33:36,634 [INFO] NTP:offset = 0.001 s, delay = 0.202 s 
client 2022-02-23 12:33:36,634 [INFO] Sending command to the server: 'time'
client 2022-02-23 12:33:36,636 [INFO] Got response: '1645648416.5661824'
client 2022-02-23 12:33:36,636 [INFO] The time difference between the client and the server is within range 68.472 ms..70.714 ms
client 2022-02-23 12:33:36,636 [INFO] Sending command to the server: 'session,2022-02-23_12-33-36,start,ranging'
client 2022-02-23 12:34:15,316 [INFO] Got response: 'OK'
client 2022-02-23 12:34:15,316 [INFO] Running the workload 'LOG_DIR=/work/build/power_logs_temp python3 code/main.py --benchmarks=bert --scenarios=Server --test_mode=PerformanceOnly --config_ver=maxq --action="run_harness" \\\n\t\t2>&1 | tee -a /work/build/power_logs/2022.02.23-12.32.54/stdout.txt \\\n\t\t&& if [ ! -d /work/build/power_logs/2022.02.23-12.32.54/ranging_tmp ]; \\\n\t\t\tthen mkdir /work/build/power_logs/2022.02.23-12.32.54/ranging_tmp \\\n\t\t\t\t&& mv /work/build/power_logs_temp/* /work/build/power_logs/2022.02.23-12.32.54/ranging_tmp/ \\\n\t\t\t\t&& cp -v /work/build/power_logs/2022.02.23-12.32.54/ranging_tmp/*/*/*/mlperf_log_detail.txt /work/build/power_logs_temp/ \\\n\t\t\t\t&& cp -v /work/build/power_logs/2022.02.23-12.32.54/ranging_tmp/*/*/*/mlperf_log_summary.txt /work/build/power_logs_temp/; \\\n\t\t\telse mkdir /work/build/power_logs/2022.02.23-12.32.54/testing_tmp \\\n\t\t\t\t&& mv /work/build/power_logs_temp/* /work/build/power_logs/2022.02.23-12.32.54/testing_tmp/ \\\n\t\t\t\t&& cp -v /work/build/power_logs/2022.02.23-12.32.54/testing_tmp/*/*/*/mlperf_log_detail.txt /work/build/power_logs_temp/ \\\n\t\t\t\t&& cp -v /work/build/power_logs/2022.02.23-12.32.54/testing_tmp/*/*/*/mlperf_log_summary.txt /work/build/power_logs_temp/; fi'
client 2022-02-23 12:45:22,937 [INFO] Sending command to the server: 'session,2022-02-23_12-33-36,stop,ranging'
client 2022-02-23 12:45:32,986 [INFO] Got response: 'OK'
client 2022-02-23 12:45:33,006 [INFO] Copying loadgen logs from '/work/build/power_logs_temp' to '/work/build/power_logs/2022.02.23-12.32.54/2022-02-23_12-33-36/ranging'
client 2022-02-23 12:45:33,029 [INFO] Running workload in testing mode
client 2022-02-23 12:45:33,029 [INFO] Synchronizing with the server and with ib-01.dc4-in.nvidia.com...
client 2022-02-23 12:45:33,236 [INFO] NTP:offset = -0.001 s, delay = 0.204 s 
client 2022-02-23 12:45:33,236 [INFO] Sending command to the server: 'time'
client 2022-02-23 12:45:33,238 [INFO] Got response: '1645649133.1581666'
client 2022-02-23 12:45:33,238 [INFO] The time difference between the client and the server is within range 78.424 ms..80.694 ms
client 2022-02-23 12:45:33,238 [INFO] Sending command to the server: 'session,2022-02-23_12-33-36,start,testing'
client 2022-02-23 12:45:55,039 [INFO] Got response: 'OK'
client 2022-02-23 12:45:55,039 [INFO] Running the workload 'LOG_DIR=/work/build/power_logs_temp python3 code/main.py --benchmarks=bert --scenarios=Server --test_mode=PerformanceOnly --config_ver=maxq --action="run_harness" \\\n\t\t2>&1 | tee -a /work/build/power_logs/2022.02.23-12.32.54/stdout.txt \\\n\t\t&& if [ ! -d /work/build/power_logs/2022.02.23-12.32.54/ranging_tmp ]; \\\n\t\t\tthen mkdir /work/build/power_logs/2022.02.23-12.32.54/ranging_tmp \\\n\t\t\t\t&& mv /work/build/power_logs_temp/* /work/build/power_logs/2022.02.23-12.32.54/ranging_tmp/ \\\n\t\t\t\t&& cp -v /work/build/power_logs/2022.02.23-12.32.54/ranging_tmp/*/*/*/mlperf_log_detail.txt /work/build/power_logs_temp/ \\\n\t\t\t\t&& cp -v /work/build/power_logs/2022.02.23-12.32.54/ranging_tmp/*/*/*/mlperf_log_summary.txt /work/build/power_logs_temp/; \\\n\t\t\telse mkdir /work/build/power_logs/2022.02.23-12.32.54/testing_tmp \\\n\t\t\t\t&& mv /work/build/power_logs_temp/* /work/build/power_logs/2022.02.23-12.32.54/testing_tmp/ \\\n\t\t\t\t&& cp -v /work/build/power_logs/2022.02.23-12.32.54/testing_tmp/*/*/*/mlperf_log_detail.txt /work/build/power_logs_temp/ \\\n\t\t\t\t&& cp -v /work/build/power_logs/2022.02.23-12.32.54/testing_tmp/*/*/*/mlperf_log_summary.txt /work/build/power_logs_temp/; fi'
client 2022-02-23 12:57:01,965 [INFO] Sending command to the server: 'session,2022-02-23_12-33-36,stop,testing'
client 2022-02-23 12:57:12,002 [INFO] Got response: 'OK'
client 2022-02-23 12:57:12,014 [INFO] Copying loadgen logs from '/work/build/power_logs_temp' to '/work/build/power_logs/2022.02.23-12.32.54/2022-02-23_12-33-36/run_1'
client 2022-02-23 12:57:12,036 [INFO] Done runs
