ptd-server 2022-02-23 12:33:36,144 [INFO] Got command from the client 'stop'
ptd-server 2022-02-23 12:33:36,144 [INFO] The server will be stopped after processing this client
ptd-server 2022-02-23 12:33:36,144 [INFO] Sending reply to client 'OK'
ptd-server 2022-02-23 12:33:36,347 [INFO] Got command from the client 'time'
ptd-server 2022-02-23 12:33:36,347 [INFO] Sending reply to client '1645648416.347485'
ptd-server 2022-02-23 12:33:36,347 [INFO] Got command from the client 'new,,c0375356-42c3-4fe2-b66d-2d2daac3d4f5'
ptd-server 2022-02-23 12:33:36,363 [INFO] Sending reply to client 'OK 2022-02-23_12-33-36,ce3ef734-a126-4805-8c74-8172b939e965'
ptd-server 2022-02-23 12:33:36,566 [INFO] Got command from the client 'time'
ptd-server 2022-02-23 12:33:36,566 [INFO] Sending reply to client '1645648416.5661824'
ptd-server 2022-02-23 12:33:36,566 [INFO] Got command from the client 'session,2022-02-23_12-33-36,start,ranging'
ptd-server 2022-02-23 12:33:36,675 [INFO] Running PTDaemon: ['C:\\PTD\\ptd-windows-x86.exe', '-l', 'C:\\Users\\lab\\AppData\\Local\\Temp\\tmpq8zve_42\\ptd_logfile.txt', '-p', '8888', '-c', '1,2', '-y', '77', '10.34.224.245']
ptd-server 2022-02-23 12:33:55,077 [INFO] Sending to ptd: 'Hello'
ptd-server 2022-02-23 12:33:55,077 [INFO] Reply from ptd: 'Hello, PTDaemon here!'
ptd-server 2022-02-23 12:33:55,077 [INFO] Sending to ptd: 'Identify'
ptd-server 2022-02-23 12:33:55,077 [INFO] Reply from ptd: 'YokogawaWT330_multichannel,1000,1,1,1,1,0,0,1,version=1.9.2-3976349f-20201208,OS=Windows 8 / Server 2012,mode=power,1,1,2,0,0,no_cal_date,YOKOGAWA;WT333E;C2XL24038V;F1.04'
ptd-server 2022-02-23 12:33:55,077 [INFO] Connected to PTDaemon
ptd-server 2022-02-23 12:33:55,077 [INFO] Sending to ptd: 'RR'
ptd-server 2022-02-23 12:33:55,077 [INFO] Reply from ptd: 'Ranges,-1,-1.000000,-1,-1.000000'
ptd-server 2022-02-23 12:33:55,077 [INFO] Initial range for Amps is Auto for Volts is Auto
ptd-server 2022-02-23 12:33:55,077 [INFO] Sending to ptd: 'SR,V,Auto'
ptd-server 2022-02-23 12:34:00,154 [INFO] Reply from ptd: 'Range V changed'
ptd-server 2022-02-23 12:34:00,154 [INFO] Sending to ptd: 'SR,A,Auto'
ptd-server 2022-02-23 12:34:05,231 [INFO] Reply from ptd: 'Range A changed'
ptd-server 2022-02-23 12:34:15,244 [INFO] Starting ranging mode
ptd-server 2022-02-23 12:34:15,244 [INFO] Sending to ptd: 'Go,1000,0,2022-02-23_12-33-36_ranging'
ptd-server 2022-02-23 12:34:15,244 [INFO] Reply from ptd: 'Starting untimed measurement, maximum 500000 samples at 1000ms with 0 rampup samples'
ptd-server 2022-02-23 12:34:15,244 [INFO] Sending reply to client 'OK'
ptd-server 2022-02-23 12:45:22,863 [INFO] Got command from the client 'session,2022-02-23_12-33-36,stop,ranging'
ptd-server 2022-02-23 12:45:32,876 [INFO] Sending to ptd: 'Stop'
ptd-server 2022-02-23 12:45:32,876 [INFO] Reply from ptd: 'Stopping untimed measurement'
ptd-server 2022-02-23 12:45:32,908 [INFO] Sending reply to client 'OK'
ptd-server 2022-02-23 12:45:33,158 [INFO] Got command from the client 'time'
ptd-server 2022-02-23 12:45:33,158 [INFO] Sending reply to client '1645649133.1581666'
ptd-server 2022-02-23 12:45:33,158 [INFO] Got command from the client 'session,2022-02-23_12-33-36,start,testing'
ptd-server 2022-02-23 12:45:33,158 [INFO] Sending to ptd: 'SR,V,208.360000'
ptd-server 2022-02-23 12:45:39,344 [INFO] Reply from ptd: 'Range V changed'
ptd-server 2022-02-23 12:45:39,344 [INFO] Sending to ptd: 'SR,A,8.023000'
ptd-server 2022-02-23 12:45:44,936 [INFO] Reply from ptd: 'Range A changed'
ptd-server 2022-02-23 12:45:54,949 [INFO] Starting testing mode
ptd-server 2022-02-23 12:45:54,949 [INFO] Sending to ptd: 'Go,1000,0,2022-02-23_12-33-36_testing'
ptd-server 2022-02-23 12:45:54,949 [INFO] Reply from ptd: 'Starting untimed measurement, maximum 500000 samples at 1000ms with 0 rampup samples'
ptd-server 2022-02-23 12:45:54,949 [INFO] Sending reply to client 'OK'
ptd-server 2022-02-23 12:57:01,881 [INFO] Got command from the client 'session,2022-02-23_12-33-36,stop,testing'
ptd-server 2022-02-23 12:57:11,895 [INFO] Sending to ptd: 'Stop'
ptd-server 2022-02-23 12:57:11,895 [INFO] Reply from ptd: 'Stopping untimed measurement'
ptd-server 2022-02-23 12:57:11,910 [INFO] Sending reply to client 'OK'
ptd-server 2022-02-23 12:57:11,988 [INFO] Got command from the client 'session,2022-02-23_12-33-36,done'
ptd-server 2022-02-23 12:57:12,004 [INFO] Sending to ptd: 'Stop'
ptd-server 2022-02-23 12:57:12,004 [INFO] Reply from ptd: 'Error: no measurement to stop'
ptd-server 2022-02-23 12:57:12,004 [INFO] Sending to ptd: 'SR,V,Auto'
ptd-server 2022-02-23 12:57:17,081 [INFO] Reply from ptd: 'Range V changed'
ptd-server 2022-02-23 12:57:17,081 [INFO] Sending to ptd: 'SR,A,Auto'
ptd-server 2022-02-23 12:57:22,158 [INFO] Reply from ptd: 'Range A changed'
ptd-server 2022-02-23 12:57:22,158 [INFO] Set initial values for Amps Auto and Volts Auto
ptd-server 2022-02-23 12:57:22,158 [INFO] Stopping ptd...
