ptd-server 2022-02-17 11:39:54,930 [INFO] Got command from the client 'time'
ptd-server 2022-02-17 11:39:54,930 [INFO] Sending reply to client '1645097994.9305372'
ptd-server 2022-02-17 11:39:54,932 [INFO] Got command from the client 'new,,ace52b6f-b331-43e4-b019-da0d431fb8be'
ptd-server 2022-02-17 11:39:54,932 [INFO] Sending reply to client 'OK 2022-02-17_11-39-54,9bf83a90-b154-4486-9766-ea0692385af2'
ptd-server 2022-02-17 11:39:54,961 [INFO] Got command from the client 'time'
ptd-server 2022-02-17 11:39:54,961 [INFO] Sending reply to client '1645097994.9614398'
ptd-server 2022-02-17 11:39:54,963 [INFO] Got command from the client 'session,2022-02-17_11-39-54,start,ranging'
ptd-server 2022-02-17 11:39:54,963 [INFO] Running PTDaemon: ['/home/anton/projects/mlperf/power/inference_v1.0/ptd-linux-x86', '-l', '/tmp/tmpgldyt7rr/ptd_logfile.txt', '-p', '8888', '49', '/dev/usbtmc0']
ptd-server 2022-02-17 11:40:12,136 [INFO] Sending to ptd: 'Hello'
ptd-server 2022-02-17 11:40:12,137 [INFO] Reply from ptd: 'Hello, PTDaemon here!'
ptd-server 2022-02-17 11:40:12,137 [INFO] Sending to ptd: 'Identify'
ptd-server 2022-02-17 11:40:12,137 [INFO] Reply from ptd: 'YokogawaWT310E,1000,1,1,1,1,0,1,1,version=1.9.2-e8c7a49a-20201208,OS=Linux 5.13.0-28-generic #31~20.04.1-Ubuntu SMP Wed Jan 19 14:08:10 UTC 2022 x86_64,mode=power,1,1,1,0,0,no_cal_date,YOKOGAWA;WT310E;C3XA04010E;F1.04'
ptd-server 2022-02-17 11:40:12,137 [INFO] Connected to PTDaemon
ptd-server 2022-02-17 11:40:12,138 [INFO] Sending to ptd: 'RR'
ptd-server 2022-02-17 11:40:12,138 [INFO] Reply from ptd: 'Ranges,0,0.500000,0,300.000000'
ptd-server 2022-02-17 11:40:12,138 [INFO] Initial range for Amps is 0.500000 for Volts is 300.000000
ptd-server 2022-02-17 11:40:12,138 [INFO] Sending to ptd: 'SR,V,Auto'
ptd-server 2022-02-17 11:40:12,641 [INFO] Reply from ptd: 'Range V changed'
ptd-server 2022-02-17 11:40:12,641 [INFO] Sending to ptd: 'SR,A,Auto'
ptd-server 2022-02-17 11:40:13,143 [INFO] Reply from ptd: 'Range A changed'
ptd-server 2022-02-17 11:40:23,154 [INFO] Starting ranging mode
ptd-server 2022-02-17 11:40:23,154 [INFO] Sending to ptd: 'Go,1000,0,2022-02-17_11-39-54_ranging'
ptd-server 2022-02-17 11:40:23,154 [INFO] Reply from ptd: 'Starting untimed measurement, maximum 500000 samples at 1000ms with 0 rampup samples'
ptd-server 2022-02-17 11:40:23,154 [INFO] Sending reply to client 'OK'
ptd-server 2022-02-17 11:50:40,718 [INFO] Got command from the client 'session,2022-02-17_11-39-54,stop,ranging'
ptd-server 2022-02-17 11:50:50,728 [INFO] Sending to ptd: 'Stop'
ptd-server 2022-02-17 11:50:50,729 [INFO] Reply from ptd: 'Stopping untimed measurement'
ptd-server 2022-02-17 11:50:50,897 [INFO] Sending reply to client 'OK'
ptd-server 2022-02-17 11:50:50,992 [INFO] Got command from the client 'time'
ptd-server 2022-02-17 11:50:50,992 [INFO] Sending reply to client '1645098650.9922059'
ptd-server 2022-02-17 11:50:50,997 [INFO] Got command from the client 'session,2022-02-17_11-39-54,start,testing'
ptd-server 2022-02-17 11:50:50,998 [INFO] Sending to ptd: 'SR,V,250.100000'
ptd-server 2022-02-17 11:50:52,655 [INFO] Reply from ptd: 'Range V changed'
ptd-server 2022-02-17 11:50:52,655 [INFO] Sending to ptd: 'SR,A,0.045080'
ptd-server 2022-02-17 11:50:54,157 [INFO] Reply from ptd: 'Range A changed'
ptd-server 2022-02-17 11:51:04,167 [INFO] Starting testing mode
ptd-server 2022-02-17 11:51:04,167 [INFO] Sending to ptd: 'Go,1000,0,2022-02-17_11-39-54_testing'
ptd-server 2022-02-17 11:51:04,167 [INFO] Reply from ptd: 'Starting untimed measurement, maximum 500000 samples at 1000ms with 0 rampup samples'
ptd-server 2022-02-17 11:51:04,168 [INFO] Sending reply to client 'OK'
ptd-server 2022-02-17 12:01:22,541 [INFO] Got command from the client 'session,2022-02-17_11-39-54,stop,testing'
ptd-server 2022-02-17 12:01:32,547 [INFO] Sending to ptd: 'Stop'
ptd-server 2022-02-17 12:01:32,547 [INFO] Reply from ptd: 'Stopping untimed measurement'
ptd-server 2022-02-17 12:01:32,639 [INFO] Sending reply to client 'OK'
ptd-server 2022-02-17 12:01:32,682 [INFO] Got command from the client 'session,2022-02-17_11-39-54,done'
ptd-server 2022-02-17 12:01:32,683 [INFO] Sending to ptd: 'Stop'
ptd-server 2022-02-17 12:01:33,168 [INFO] Reply from ptd: 'Error: no measurement to stop'
ptd-server 2022-02-17 12:01:33,168 [INFO] Sending to ptd: 'SR,V,300.000000'
ptd-server 2022-02-17 12:01:34,669 [INFO] Reply from ptd: 'Range V changed'
ptd-server 2022-02-17 12:01:34,669 [INFO] Sending to ptd: 'SR,A,0.500000'
ptd-server 2022-02-17 12:01:36,171 [INFO] Reply from ptd: 'Range A changed'
ptd-server 2022-02-17 12:01:36,171 [INFO] Set initial values for Amps 0.500000 and Volts 300.000000
ptd-server 2022-02-17 12:01:36,171 [INFO] Stopping ptd...
