ptd-server 2022-02-17 00:01:01,553 [INFO] Got command from the client 'time'
ptd-server 2022-02-17 00:01:01,553 [INFO] Sending reply to client '1645056061.553624'
ptd-server 2022-02-17 00:01:01,554 [INFO] Got command from the client 'new,,949db48e-60cf-4372-b35b-530eabdf8b0f'
ptd-server 2022-02-17 00:01:01,555 [INFO] Sending reply to client 'OK 2022-02-17_00-01-01,b9809384-fc1c-4f54-91bd-8ee76f93ba0e'
ptd-server 2022-02-17 00:01:01,584 [INFO] Got command from the client 'time'
ptd-server 2022-02-17 00:01:01,584 [INFO] Sending reply to client '1645056061.5844543'
ptd-server 2022-02-17 00:01:01,585 [INFO] Got command from the client 'session,2022-02-17_00-01-01,start,ranging'
ptd-server 2022-02-17 00:01:01,586 [INFO] Running PTDaemon: ['/home/anton/projects/mlperf/power/inference_v1.0/ptd-linux-x86', '-l', '/tmp/tmpgldyt7rr/ptd_logfile.txt', '-p', '8888', '49', '/dev/usbtmc0']
ptd-server 2022-02-17 00:01:18,758 [INFO] Sending to ptd: 'Hello'
ptd-server 2022-02-17 00:01:18,759 [INFO] Reply from ptd: 'Hello, PTDaemon here!'
ptd-server 2022-02-17 00:01:18,759 [INFO] Sending to ptd: 'Identify'
ptd-server 2022-02-17 00:01:18,759 [INFO] Reply from ptd: 'YokogawaWT310E,1000,1,1,1,1,0,1,1,version=1.9.2-e8c7a49a-20201208,OS=Linux 5.13.0-28-generic #31~20.04.1-Ubuntu SMP Wed Jan 19 14:08:10 UTC 2022 x86_64,mode=power,1,1,1,0,0,no_cal_date,YOKOGAWA;WT310E;C3XA04010E;F1.04'
ptd-server 2022-02-17 00:01:18,759 [INFO] Connected to PTDaemon
ptd-server 2022-02-17 00:01:18,759 [INFO] Sending to ptd: 'RR'
ptd-server 2022-02-17 00:01:18,760 [INFO] Reply from ptd: 'Ranges,0,0.500000,0,300.000000'
ptd-server 2022-02-17 00:01:18,760 [INFO] Initial range for Amps is 0.500000 for Volts is 300.000000
ptd-server 2022-02-17 00:01:18,760 [INFO] Sending to ptd: 'SR,V,Auto'
ptd-server 2022-02-17 00:01:19,263 [INFO] Reply from ptd: 'Range V changed'
ptd-server 2022-02-17 00:01:19,263 [INFO] Sending to ptd: 'SR,A,Auto'
ptd-server 2022-02-17 00:01:19,765 [INFO] Reply from ptd: 'Range A changed'
ptd-server 2022-02-17 00:01:29,776 [INFO] Starting ranging mode
ptd-server 2022-02-17 00:01:29,776 [INFO] Sending to ptd: 'Go,1000,0,2022-02-17_00-01-01_ranging'
ptd-server 2022-02-17 00:01:29,776 [INFO] Reply from ptd: 'Starting untimed measurement, maximum 500000 samples at 1000ms with 0 rampup samples'
ptd-server 2022-02-17 00:01:29,776 [INFO] Sending reply to client 'OK'
ptd-server 2022-02-17 00:11:46,728 [INFO] Got command from the client 'session,2022-02-17_00-01-01,stop,ranging'
ptd-server 2022-02-17 00:11:56,738 [INFO] Sending to ptd: 'Stop'
ptd-server 2022-02-17 00:11:56,739 [INFO] Reply from ptd: 'Stopping untimed measurement'
ptd-server 2022-02-17 00:11:56,842 [INFO] Sending reply to client 'OK'
ptd-server 2022-02-17 00:11:56,912 [INFO] Got command from the client 'time'
ptd-server 2022-02-17 00:11:56,912 [INFO] Sending reply to client '1645056716.9122355'
ptd-server 2022-02-17 00:11:56,913 [INFO] Got command from the client 'session,2022-02-17_00-01-01,start,testing'
ptd-server 2022-02-17 00:11:56,913 [INFO] Sending to ptd: 'SR,V,250.670000'
ptd-server 2022-02-17 00:11:58,415 [INFO] Reply from ptd: 'Range V changed'
ptd-server 2022-02-17 00:11:58,415 [INFO] Sending to ptd: 'SR,A,0.049630'
ptd-server 2022-02-17 00:11:59,916 [INFO] Reply from ptd: 'Range A changed'
ptd-server 2022-02-17 00:12:09,927 [INFO] Starting testing mode
ptd-server 2022-02-17 00:12:09,927 [INFO] Sending to ptd: 'Go,1000,0,2022-02-17_00-01-01_testing'
ptd-server 2022-02-17 00:12:09,927 [INFO] Reply from ptd: 'Starting untimed measurement, maximum 500000 samples at 1000ms with 0 rampup samples'
ptd-server 2022-02-17 00:12:09,927 [INFO] Sending reply to client 'OK'
ptd-server 2022-02-17 00:22:27,854 [INFO] Got command from the client 'session,2022-02-17_00-01-01,stop,testing'
ptd-server 2022-02-17 00:22:37,865 [INFO] Sending to ptd: 'Stop'
ptd-server 2022-02-17 00:22:37,865 [INFO] Reply from ptd: 'Stopping untimed measurement'
ptd-server 2022-02-17 00:22:37,918 [INFO] Sending reply to client 'OK'
ptd-server 2022-02-17 00:22:37,942 [INFO] Got command from the client 'session,2022-02-17_00-01-01,done'
ptd-server 2022-02-17 00:22:37,942 [INFO] Sending to ptd: 'Stop'
ptd-server 2022-02-17 00:22:37,942 [INFO] Reply from ptd: 'Error: no measurement to stop'
ptd-server 2022-02-17 00:22:37,942 [INFO] Sending to ptd: 'SR,V,300.000000'
ptd-server 2022-02-17 00:22:39,443 [INFO] Reply from ptd: 'Range V changed'
ptd-server 2022-02-17 00:22:39,444 [INFO] Sending to ptd: 'SR,A,0.500000'
ptd-server 2022-02-17 00:22:40,945 [INFO] Reply from ptd: 'Range A changed'
ptd-server 2022-02-17 00:22:40,945 [INFO] Set initial values for Amps 0.500000 and Volts 300.000000
ptd-server 2022-02-17 00:22:40,945 [INFO] Stopping ptd...
