client 2022-02-16 16:06:20,226 [INFO] Sending command to the server: 'mlcommons/power client v3'
client 2022-02-16 16:06:20,232 [INFO] Got response: 'mlcommons/power server v3'
client 2022-02-16 16:06:20,232 [INFO] Sending command to the server: 'stop'
client 2022-02-16 16:06:20,232 [INFO] Got response: 'OK'
client 2022-02-16 16:06:20,232 [INFO] Synchronizing with the server and with ib-01.dc4-in.nvidia.com...
client 2022-02-16 16:06:20,443 [INFO] NTP:offset = 0.171 s, delay = 0.208 s 
client 2022-02-16 16:06:20,443 [INFO] Sending command to the server: 'time'
client 2022-02-16 16:06:20,444 [INFO] Got response: '1645027580.5784655'
client 2022-02-16 16:06:20,444 [INFO] The time difference between the client and the server is within range -134.975 ms..-133.829 ms
client 2022-02-16 16:06:20,444 [INFO] Sending command to the server: 'new,,fb33646c-5b9d-4974-951b-c4eaf572e257'
client 2022-02-16 16:06:20,446 [INFO] Got response: 'OK 2022-02-16_08-06-20,d706c257-e9ce-4243-9991-c638d31637aa'
client 2022-02-16 16:06:20,446 [INFO] Session id is '2022-02-16_08-06-20'
client 2022-02-16 16:06:20,446 [INFO] Sources: {"sources": {"__init__.py": "da39a3ee5e6b4b0d3255bfef95601890afd80709", "client.py": "33ca4f26368777ac06e01f9567b714a4b8063886", "lib/__init__.py": "da39a3ee5e6b4b0d3255bfef95601890afd80709", "lib/client.py": "4c2b78fb4849a7e5b584ef792d82aaed20b17f57", "lib/common.py": "624d0c0acc7c39aaff3674f0b99d6a09da53d1dc", "lib/external/__init__.py": "da39a3ee5e6b4b0d3255bfef95601890afd80709", "lib/external/ntplib.py": "4da8f970656505a40483206ef2b5d3dd5e81711d", "lib/server.py": "59c9fb92908260d3e9f81a895c7aa009742275e4", "lib/source_hashes.py": "60a2e02193209e8d392803326208d5466342da18", "lib/summary.py": "aa92f0a3f975eecd44d3c0cd0236342ccc9f941d", "lib/time_sync.py": "3210db56eb0ff0df57bf4293dc4d4b03fffd46f1", "server.py": "c3f90f2f7eeb4db30727556d0c815ebc89b3d28b", "tests/unit/__init__.py": "da39a3ee5e6b4b0d3255bfef95601890afd80709", "tests/unit/test_server.py": "99ae15aef722f2000ee6ed1ae1523637bf1ae42b", "tests/unit/test_source_hashes.py": "00468a2907583c593e6574a1f6b404e4651c221a"}, "modules": {"ptd_client_server.lib.client": "lib/client.py", "ptd_client_server.lib.common": "lib/common.py", "ptd_client_server.lib.external.ntplib": "lib/external/ntplib.py", "ptd_client_server.lib.source_hashes": "lib/source_hashes.py", "ptd_client_server.lib.summary": "lib/summary.py", "ptd_client_server.lib.time_sync": "lib/time_sync.py"}}
client 2022-02-16 16:06:20,448 [INFO] Running workload in ranging mode
client 2022-02-16 16:06:20,448 [INFO] Synchronizing with the server and with ib-01.dc4-in.nvidia.com...
client 2022-02-16 16:06:20,657 [INFO] NTP:offset = 0.171 s, delay = 0.208 s 
client 2022-02-16 16:06:20,657 [INFO] Sending command to the server: 'time'
client 2022-02-16 16:06:20,658 [INFO] Got response: '1645027580.79714'
client 2022-02-16 16:06:20,659 [INFO] The time difference between the client and the server is within range -139.290 ms..-137.905 ms
client 2022-02-16 16:06:20,659 [INFO] Sending command to the server: 'session,2022-02-16_08-06-20,start,ranging'
client 2022-02-16 16:07:00,057 [INFO] Got response: 'OK'
client 2022-02-16 16:07:00,057 [INFO] Running the workload 'LOG_DIR=/work/build/power_logs_temp python3 code/main.py --benchmarks=ssd-resnet34 --scenarios=Offline --test_mode=PerformanceOnly --config_ver=maxq --action="run_harness" \\\n\t\t2>&1 | tee -a /work/build/power_logs/2022.02.16-16.06.02/stdout.txt \\\n\t\t&& if [ ! -d /work/build/power_logs/2022.02.16-16.06.02/ranging_tmp ]; \\\n\t\t\tthen mkdir /work/build/power_logs/2022.02.16-16.06.02/ranging_tmp \\\n\t\t\t\t&& mv /work/build/power_logs_temp/* /work/build/power_logs/2022.02.16-16.06.02/ranging_tmp/ \\\n\t\t\t\t&& cp -v /work/build/power_logs/2022.02.16-16.06.02/ranging_tmp/*/*/*/mlperf_log_detail.txt /work/build/power_logs_temp/ \\\n\t\t\t\t&& cp -v /work/build/power_logs/2022.02.16-16.06.02/ranging_tmp/*/*/*/mlperf_log_summary.txt /work/build/power_logs_temp/; \\\n\t\t\telse mkdir /work/build/power_logs/2022.02.16-16.06.02/testing_tmp \\\n\t\t\t\t&& mv /work/build/power_logs_temp/* /work/build/power_logs/2022.02.16-16.06.02/testing_tmp/ \\\n\t\t\t\t&& cp -v /work/build/power_logs/2022.02.16-16.06.02/testing_tmp/*/*/*/mlperf_log_detail.txt /work/build/power_logs_temp/ \\\n\t\t\t\t&& cp -v /work/build/power_logs/2022.02.16-16.06.02/testing_tmp/*/*/*/mlperf_log_summary.txt /work/build/power_logs_temp/; fi'
client 2022-02-16 16:20:37,278 [INFO] Sending command to the server: 'session,2022-02-16_08-06-20,stop,ranging'
client 2022-02-16 16:20:47,320 [INFO] Got response: 'OK'
client 2022-02-16 16:20:47,329 [INFO] Copying loadgen logs from '/work/build/power_logs_temp' to '/work/build/power_logs/2022.02.16-16.06.02/2022-02-16_08-06-20/ranging'
client 2022-02-16 16:20:47,341 [INFO] Running workload in testing mode
client 2022-02-16 16:20:47,341 [INFO] Synchronizing with the server and with ib-01.dc4-in.nvidia.com...
client 2022-02-16 16:20:47,550 [INFO] NTP:offset = 0.184 s, delay = 0.208 s 
client 2022-02-16 16:20:47,550 [INFO] Sending command to the server: 'time'
client 2022-02-16 16:20:47,551 [INFO] Got response: '1645028447.6998687'
client 2022-02-16 16:20:47,551 [INFO] The time difference between the client and the server is within range -148.999 ms..-147.989 ms
client 2022-02-16 16:20:47,551 [INFO] Sending command to the server: 'session,2022-02-16_08-06-20,start,testing'
client 2022-02-16 16:21:09,741 [INFO] Got response: 'OK'
client 2022-02-16 16:21:09,741 [INFO] Running the workload 'LOG_DIR=/work/build/power_logs_temp python3 code/main.py --benchmarks=ssd-resnet34 --scenarios=Offline --test_mode=PerformanceOnly --config_ver=maxq --action="run_harness" \\\n\t\t2>&1 | tee -a /work/build/power_logs/2022.02.16-16.06.02/stdout.txt \\\n\t\t&& if [ ! -d /work/build/power_logs/2022.02.16-16.06.02/ranging_tmp ]; \\\n\t\t\tthen mkdir /work/build/power_logs/2022.02.16-16.06.02/ranging_tmp \\\n\t\t\t\t&& mv /work/build/power_logs_temp/* /work/build/power_logs/2022.02.16-16.06.02/ranging_tmp/ \\\n\t\t\t\t&& cp -v /work/build/power_logs/2022.02.16-16.06.02/ranging_tmp/*/*/*/mlperf_log_detail.txt /work/build/power_logs_temp/ \\\n\t\t\t\t&& cp -v /work/build/power_logs/2022.02.16-16.06.02/ranging_tmp/*/*/*/mlperf_log_summary.txt /work/build/power_logs_temp/; \\\n\t\t\telse mkdir /work/build/power_logs/2022.02.16-16.06.02/testing_tmp \\\n\t\t\t\t&& mv /work/build/power_logs_temp/* /work/build/power_logs/2022.02.16-16.06.02/testing_tmp/ \\\n\t\t\t\t&& cp -v /work/build/power_logs/2022.02.16-16.06.02/testing_tmp/*/*/*/mlperf_log_detail.txt /work/build/power_logs_temp/ \\\n\t\t\t\t&& cp -v /work/build/power_logs/2022.02.16-16.06.02/testing_tmp/*/*/*/mlperf_log_summary.txt /work/build/power_logs_temp/; fi'
client 2022-02-16 16:34:48,610 [INFO] Sending command to the server: 'session,2022-02-16_08-06-20,stop,testing'
client 2022-02-16 16:34:58,638 [INFO] Got response: 'OK'
client 2022-02-16 16:34:58,643 [INFO] Copying loadgen logs from '/work/build/power_logs_temp' to '/work/build/power_logs/2022.02.16-16.06.02/2022-02-16_08-06-20/run_1'
client 2022-02-16 16:34:58,654 [INFO] Done runs
