ptd-server 2022-02-16 08:06:20,375 [INFO] Got command from the client 'stop'
ptd-server 2022-02-16 08:06:20,375 [INFO] The server will be stopped after processing this client
ptd-server 2022-02-16 08:06:20,375 [INFO] Sending reply to client 'OK'
ptd-server 2022-02-16 08:06:20,578 [INFO] Got command from the client 'time'
ptd-server 2022-02-16 08:06:20,578 [INFO] Sending reply to client '1645027580.5784655'
ptd-server 2022-02-16 08:06:20,578 [INFO] Got command from the client 'new,,fb33646c-5b9d-4974-951b-c4eaf572e257'
ptd-server 2022-02-16 08:06:20,578 [INFO] Sending reply to client 'OK 2022-02-16_08-06-20,d706c257-e9ce-4243-9991-c638d31637aa'
ptd-server 2022-02-16 08:06:20,797 [INFO] Got command from the client 'time'
ptd-server 2022-02-16 08:06:20,797 [INFO] Sending reply to client '1645027580.79714'
ptd-server 2022-02-16 08:06:20,797 [INFO] Got command from the client 'session,2022-02-16_08-06-20,start,ranging'
ptd-server 2022-02-16 08:06:20,906 [INFO] Running PTDaemon: ['C:\\PTD\\ptd-windows-x86.exe', '-l', 'C:\\Users\\lab\\AppData\\Local\\Temp\\tmplgh4m6bs\\ptd_logfile.txt', '-p', '8888', '-c', '1,3', '-y', '77', '10.34.232.250']
ptd-server 2022-02-16 08:06:40,055 [INFO] Sending to ptd: 'Hello'
ptd-server 2022-02-16 08:06:40,055 [INFO] Reply from ptd: 'Hello, PTDaemon here!'
ptd-server 2022-02-16 08:06:40,055 [INFO] Sending to ptd: 'Identify'
ptd-server 2022-02-16 08:06:40,055 [INFO] Reply from ptd: 'YokogawaWT330_multichannel,1000,1,1,1,1,0,0,1,version=1.9.2-3976349f-20201208,OS=Windows 8 / Server 2012,mode=power,1,1,2,0,0,no_cal_date,YOKOGAWA;WT333E;C2WA21018V;F1.04'
ptd-server 2022-02-16 08:06:40,055 [INFO] Connected to PTDaemon
ptd-server 2022-02-16 08:06:40,055 [INFO] Sending to ptd: 'RR'
ptd-server 2022-02-16 08:06:40,055 [INFO] Reply from ptd: 'Ranges,0,20.000000,1,300.000000'
ptd-server 2022-02-16 08:06:40,055 [INFO] Initial range for Amps is 20.000000 for Volts is Auto
ptd-server 2022-02-16 08:06:40,055 [INFO] Sending to ptd: 'SR,V,Auto'
ptd-server 2022-02-16 08:06:45,129 [INFO] Reply from ptd: 'Range V changed'
ptd-server 2022-02-16 08:06:45,129 [INFO] Sending to ptd: 'SR,A,Auto'
ptd-server 2022-02-16 08:06:50,201 [INFO] Reply from ptd: 'Range A changed'
ptd-server 2022-02-16 08:07:00,201 [INFO] Starting ranging mode
ptd-server 2022-02-16 08:07:00,201 [INFO] Sending to ptd: 'Go,1000,0,2022-02-16_08-06-20_ranging'
ptd-server 2022-02-16 08:07:00,201 [INFO] Reply from ptd: 'Starting untimed measurement, maximum 500000 samples at 1000ms with 0 rampup samples'
ptd-server 2022-02-16 08:07:00,201 [INFO] Sending reply to client 'OK'
ptd-server 2022-02-16 08:20:37,423 [INFO] Got command from the client 'session,2022-02-16_08-06-20,stop,ranging'
ptd-server 2022-02-16 08:20:47,434 [INFO] Sending to ptd: 'Stop'
ptd-server 2022-02-16 08:20:47,434 [INFO] Reply from ptd: 'Stopping untimed measurement'
ptd-server 2022-02-16 08:20:47,465 [INFO] Sending reply to client 'OK'
ptd-server 2022-02-16 08:20:47,699 [INFO] Got command from the client 'time'
ptd-server 2022-02-16 08:20:47,699 [INFO] Sending reply to client '1645028447.6998687'
ptd-server 2022-02-16 08:20:47,699 [INFO] Got command from the client 'session,2022-02-16_08-06-20,start,testing'
ptd-server 2022-02-16 08:20:47,699 [INFO] Sending to ptd: 'SR,V,209.100000'
ptd-server 2022-02-16 08:20:54,299 [INFO] Reply from ptd: 'Range V changed'
ptd-server 2022-02-16 08:20:54,299 [INFO] Sending to ptd: 'SR,A,5.219200'
ptd-server 2022-02-16 08:20:59,891 [INFO] Reply from ptd: 'Range A changed'
ptd-server 2022-02-16 08:21:09,891 [INFO] Starting testing mode
ptd-server 2022-02-16 08:21:09,891 [INFO] Sending to ptd: 'Go,1000,0,2022-02-16_08-06-20_testing'
ptd-server 2022-02-16 08:21:09,891 [INFO] Reply from ptd: 'Starting untimed measurement, maximum 500000 samples at 1000ms with 0 rampup samples'
ptd-server 2022-02-16 08:21:09,891 [INFO] Sending reply to client 'OK'
ptd-server 2022-02-16 08:34:48,765 [INFO] Got command from the client 'session,2022-02-16_08-06-20,stop,testing'
ptd-server 2022-02-16 08:34:58,787 [INFO] Sending to ptd: 'Stop'
ptd-server 2022-02-16 08:34:58,787 [INFO] Reply from ptd: 'Stopping untimed measurement'
ptd-server 2022-02-16 08:34:58,802 [INFO] Sending reply to client 'OK'
ptd-server 2022-02-16 08:34:58,834 [INFO] Got command from the client 'session,2022-02-16_08-06-20,done'
ptd-server 2022-02-16 08:34:58,834 [INFO] Sending to ptd: 'Stop'
ptd-server 2022-02-16 08:34:58,896 [INFO] Reply from ptd: 'Error: no measurement to stop'
ptd-server 2022-02-16 08:34:58,896 [INFO] Sending to ptd: 'SR,V,Auto'
ptd-server 2022-02-16 08:35:03,962 [INFO] Reply from ptd: 'Range V changed'
ptd-server 2022-02-16 08:35:03,962 [INFO] Sending to ptd: 'SR,A,20.000000'
ptd-server 2022-02-16 08:35:09,557 [INFO] Reply from ptd: 'Range A changed'
ptd-server 2022-02-16 08:35:09,557 [INFO] Set initial values for Amps 20.000000 and Volts Auto
ptd-server 2022-02-16 08:35:09,557 [INFO] Stopping ptd...
