ptd-server 2022-02-15 09:48:58,858 [INFO] Got command from the client 'time'
ptd-server 2022-02-15 09:48:58,858 [INFO] Sending reply to client '1644918538.8582346'
ptd-server 2022-02-15 09:48:58,860 [INFO] Got command from the client 'new,,7ae348cd-c445-4073-889e-f0d137b19052'
ptd-server 2022-02-15 09:48:58,861 [INFO] Sending reply to client 'OK 2022-02-15_09-48-58,a431908c-b52e-4bc8-b50f-c21351c5296e'
ptd-server 2022-02-15 09:48:58,896 [INFO] Got command from the client 'time'
ptd-server 2022-02-15 09:48:58,897 [INFO] Sending reply to client '1644918538.8970096'
ptd-server 2022-02-15 09:48:58,899 [INFO] Got command from the client 'session,2022-02-15_09-48-58,start,ranging'
ptd-server 2022-02-15 09:48:58,899 [INFO] Running PTDaemon: ['/home/anton/projects/mlperf/power/inference_v1.0/ptd-linux-x86', '-l', '/tmp/tmpxvec0g6h/ptd_logfile.txt', '-p', '8888', '49', '/dev/usbtmc0']
ptd-server 2022-02-15 09:49:16,072 [INFO] Sending to ptd: 'Hello'
ptd-server 2022-02-15 09:49:16,073 [INFO] Reply from ptd: 'Hello, PTDaemon here!'
ptd-server 2022-02-15 09:49:16,073 [INFO] Sending to ptd: 'Identify'
ptd-server 2022-02-15 09:49:16,073 [INFO] Reply from ptd: 'YokogawaWT310E,1000,1,1,1,1,0,1,1,version=1.9.2-e8c7a49a-20201208,OS=Linux 5.13.0-27-generic #29~20.04.1-Ubuntu SMP Fri Jan 14 00:32:30 UTC 2022 x86_64,mode=power,1,1,1,0,0,no_cal_date,YOKOGAWA;WT310E;C3XA04010E;F1.04'
ptd-server 2022-02-15 09:49:16,073 [INFO] Connected to PTDaemon
ptd-server 2022-02-15 09:49:16,074 [INFO] Sending to ptd: 'RR'
ptd-server 2022-02-15 09:49:16,074 [INFO] Reply from ptd: 'Ranges,0,0.500000,0,300.000000'
ptd-server 2022-02-15 09:49:16,074 [INFO] Initial range for Amps is 0.500000 for Volts is 300.000000
ptd-server 2022-02-15 09:49:16,074 [INFO] Sending to ptd: 'SR,V,Auto'
ptd-server 2022-02-15 09:49:16,577 [INFO] Reply from ptd: 'Range V changed'
ptd-server 2022-02-15 09:49:16,577 [INFO] Sending to ptd: 'SR,A,Auto'
ptd-server 2022-02-15 09:49:17,079 [INFO] Reply from ptd: 'Range A changed'
ptd-server 2022-02-15 09:49:27,090 [INFO] Starting ranging mode
ptd-server 2022-02-15 09:49:27,090 [INFO] Sending to ptd: 'Go,1000,0,2022-02-15_09-48-58_ranging'
ptd-server 2022-02-15 09:49:27,090 [INFO] Reply from ptd: 'Starting untimed measurement, maximum 500000 samples at 1000ms with 0 rampup samples'
ptd-server 2022-02-15 09:49:27,090 [INFO] Sending reply to client 'OK'
ptd-server 2022-02-15 09:59:46,566 [INFO] Got command from the client 'session,2022-02-15_09-48-58,stop,ranging'
ptd-server 2022-02-15 09:59:56,577 [INFO] Sending to ptd: 'Stop'
ptd-server 2022-02-15 09:59:56,577 [INFO] Reply from ptd: 'Stopping untimed measurement'
ptd-server 2022-02-15 09:59:57,415 [INFO] Sending reply to client 'OK'
ptd-server 2022-02-15 09:59:57,470 [INFO] Got command from the client 'time'
ptd-server 2022-02-15 09:59:57,470 [INFO] Sending reply to client '1644919197.4708884'
ptd-server 2022-02-15 09:59:57,473 [INFO] Got command from the client 'session,2022-02-15_09-48-58,start,testing'
ptd-server 2022-02-15 09:59:57,473 [INFO] Sending to ptd: 'SR,V,248.160000'
ptd-server 2022-02-15 09:59:58,975 [INFO] Reply from ptd: 'Range V changed'
ptd-server 2022-02-15 09:59:58,975 [INFO] Sending to ptd: 'SR,A,0.183590'
ptd-server 2022-02-15 10:00:00,476 [INFO] Reply from ptd: 'Range A changed'
ptd-server 2022-02-15 10:00:10,486 [INFO] Starting testing mode
ptd-server 2022-02-15 10:00:10,487 [INFO] Sending to ptd: 'Go,1000,0,2022-02-15_09-48-58_testing'
ptd-server 2022-02-15 10:00:10,487 [INFO] Reply from ptd: 'Starting untimed measurement, maximum 500000 samples at 1000ms with 0 rampup samples'
ptd-server 2022-02-15 10:00:10,487 [INFO] Sending reply to client 'OK'
ptd-server 2022-02-15 10:10:30,099 [INFO] Got command from the client 'session,2022-02-15_09-48-58,stop,testing'
ptd-server 2022-02-15 10:10:40,110 [INFO] Sending to ptd: 'Stop'
ptd-server 2022-02-15 10:10:40,110 [INFO] Reply from ptd: 'Stopping untimed measurement'
ptd-server 2022-02-15 10:10:40,567 [INFO] Sending reply to client 'OK'
ptd-server 2022-02-15 10:10:40,587 [INFO] Got command from the client 'session,2022-02-15_09-48-58,done'
ptd-server 2022-02-15 10:10:40,587 [INFO] Sending to ptd: 'Stop'
ptd-server 2022-02-15 10:10:40,587 [INFO] Reply from ptd: 'Error: no measurement to stop'
ptd-server 2022-02-15 10:10:40,587 [INFO] Sending to ptd: 'SR,V,300.000000'
ptd-server 2022-02-15 10:10:42,089 [INFO] Reply from ptd: 'Range V changed'
ptd-server 2022-02-15 10:10:42,089 [INFO] Sending to ptd: 'SR,A,0.500000'
ptd-server 2022-02-15 10:10:43,590 [INFO] Reply from ptd: 'Range A changed'
ptd-server 2022-02-15 10:10:43,590 [INFO] Set initial values for Amps 0.500000 and Volts 300.000000
ptd-server 2022-02-15 10:10:43,591 [INFO] Stopping ptd...
