ptd-server 2022-02-13 19:13:50,721 [INFO] Got command from the client 'time'
ptd-server 2022-02-13 19:13:50,721 [INFO] Sending reply to client '1644779630.7217212'
ptd-server 2022-02-13 19:13:50,724 [INFO] Got command from the client 'new,,7ebf3dc1-e9b1-4528-b6cd-ee5c46f677fd'
ptd-server 2022-02-13 19:13:50,724 [INFO] Sending reply to client 'OK 2022-02-13_19-13-50,d70f15c6-5f3e-480d-9d7e-94d907aa12fb'
ptd-server 2022-02-13 19:13:50,767 [INFO] Got command from the client 'time'
ptd-server 2022-02-13 19:13:50,767 [INFO] Sending reply to client '1644779630.767364'
ptd-server 2022-02-13 19:13:50,769 [INFO] Got command from the client 'session,2022-02-13_19-13-50,start,ranging'
ptd-server 2022-02-13 19:13:50,769 [INFO] Running PTDaemon: ['/home/anton/projects/mlperf/power/inference_v1.0/ptd-linux-x86', '-l', '/tmp/tmpxvec0g6h/ptd_logfile.txt', '-p', '8888', '49', '/dev/usbtmc0']
ptd-server 2022-02-13 19:14:07,943 [INFO] Sending to ptd: 'Hello'
ptd-server 2022-02-13 19:14:07,943 [INFO] Reply from ptd: 'Hello, PTDaemon here!'
ptd-server 2022-02-13 19:14:07,943 [INFO] Sending to ptd: 'Identify'
ptd-server 2022-02-13 19:14:07,944 [INFO] Reply from ptd: 'YokogawaWT310E,1000,1,1,1,1,0,1,1,version=1.9.2-e8c7a49a-20201208,OS=Linux 5.13.0-27-generic #29~20.04.1-Ubuntu SMP Fri Jan 14 00:32:30 UTC 2022 x86_64,mode=power,1,1,1,0,0,no_cal_date,YOKOGAWA;WT310E;C3XA04010E;F1.04'
ptd-server 2022-02-13 19:14:07,944 [INFO] Connected to PTDaemon
ptd-server 2022-02-13 19:14:07,944 [INFO] Sending to ptd: 'RR'
ptd-server 2022-02-13 19:14:07,944 [INFO] Reply from ptd: 'Ranges,0,0.500000,0,300.000000'
ptd-server 2022-02-13 19:14:07,945 [INFO] Initial range for Amps is 0.500000 for Volts is 300.000000
ptd-server 2022-02-13 19:14:07,945 [INFO] Sending to ptd: 'SR,V,Auto'
ptd-server 2022-02-13 19:14:08,447 [INFO] Reply from ptd: 'Range V changed'
ptd-server 2022-02-13 19:14:08,447 [INFO] Sending to ptd: 'SR,A,Auto'
ptd-server 2022-02-13 19:14:08,950 [INFO] Reply from ptd: 'Range A changed'
ptd-server 2022-02-13 19:14:18,960 [INFO] Starting ranging mode
ptd-server 2022-02-13 19:14:18,960 [INFO] Sending to ptd: 'Go,1000,0,2022-02-13_19-13-50_ranging'
ptd-server 2022-02-13 19:14:18,961 [INFO] Reply from ptd: 'Starting untimed measurement, maximum 500000 samples at 1000ms with 0 rampup samples'
ptd-server 2022-02-13 19:14:18,961 [INFO] Sending reply to client 'OK'
ptd-server 2022-02-13 19:24:34,771 [INFO] Got command from the client 'session,2022-02-13_19-13-50,stop,ranging'
ptd-server 2022-02-13 19:24:44,781 [INFO] Sending to ptd: 'Stop'
ptd-server 2022-02-13 19:24:44,782 [INFO] Reply from ptd: 'Stopping untimed measurement'
ptd-server 2022-02-13 19:24:45,441 [INFO] Sending reply to client 'OK'
ptd-server 2022-02-13 19:24:45,499 [INFO] Got command from the client 'time'
ptd-server 2022-02-13 19:24:45,499 [INFO] Sending reply to client '1644780285.499282'
ptd-server 2022-02-13 19:24:45,501 [INFO] Got command from the client 'session,2022-02-13_19-13-50,start,testing'
ptd-server 2022-02-13 19:24:45,501 [INFO] Sending to ptd: 'SR,V,249.440000'
ptd-server 2022-02-13 19:24:47,003 [INFO] Reply from ptd: 'Range V changed'
ptd-server 2022-02-13 19:24:47,003 [INFO] Sending to ptd: 'SR,A,0.162030'
ptd-server 2022-02-13 19:24:48,504 [INFO] Reply from ptd: 'Range A changed'
ptd-server 2022-02-13 19:24:58,514 [INFO] Starting testing mode
ptd-server 2022-02-13 19:24:58,515 [INFO] Sending to ptd: 'Go,1000,0,2022-02-13_19-13-50_testing'
ptd-server 2022-02-13 19:24:58,515 [INFO] Reply from ptd: 'Starting untimed measurement, maximum 500000 samples at 1000ms with 0 rampup samples'
ptd-server 2022-02-13 19:24:58,515 [INFO] Sending reply to client 'OK'
ptd-server 2022-02-13 19:35:14,008 [INFO] Got command from the client 'session,2022-02-13_19-13-50,stop,testing'
ptd-server 2022-02-13 19:35:24,018 [INFO] Sending to ptd: 'Stop'
ptd-server 2022-02-13 19:35:24,019 [INFO] Reply from ptd: 'Stopping untimed measurement'
ptd-server 2022-02-13 19:35:24,352 [INFO] Sending reply to client 'OK'
ptd-server 2022-02-13 19:35:24,371 [INFO] Got command from the client 'session,2022-02-13_19-13-50,done'
ptd-server 2022-02-13 19:35:24,371 [INFO] Sending to ptd: 'Stop'
ptd-server 2022-02-13 19:35:24,515 [INFO] Reply from ptd: 'Error: no measurement to stop'
ptd-server 2022-02-13 19:35:24,515 [INFO] Sending to ptd: 'SR,V,300.000000'
ptd-server 2022-02-13 19:35:26,017 [INFO] Reply from ptd: 'Range V changed'
ptd-server 2022-02-13 19:35:26,017 [INFO] Sending to ptd: 'SR,A,0.500000'
ptd-server 2022-02-13 19:35:27,518 [INFO] Reply from ptd: 'Range A changed'
ptd-server 2022-02-13 19:35:27,518 [INFO] Set initial values for Amps 0.500000 and Volts 300.000000
ptd-server 2022-02-13 19:35:27,518 [INFO] Stopping ptd...
