ptd-server 2022-02-20 17:02:16,777 [INFO] Got command from the client 'time'
ptd-server 2022-02-20 17:02:16,777 [INFO] Sending reply to client '1645376536.7779365'
ptd-server 2022-02-20 17:02:16,779 [INFO] Got command from the client 'new,,2c394d0d-2e47-4f94-a0fd-32324ba0148b'
ptd-server 2022-02-20 17:02:16,779 [INFO] Sending reply to client 'OK 2022-02-20_17-02-16,65b4af01-0b41-4b5c-9d2d-689ac1c1e5eb'
ptd-server 2022-02-20 17:02:16,806 [INFO] Got command from the client 'time'
ptd-server 2022-02-20 17:02:16,806 [INFO] Sending reply to client '1645376536.8065023'
ptd-server 2022-02-20 17:02:16,807 [INFO] Got command from the client 'session,2022-02-20_17-02-16,start,ranging'
ptd-server 2022-02-20 17:02:16,808 [INFO] Running PTDaemon: ['/home/anton/projects/mlperf/power/inference_v1.0/ptd-linux-x86', '-l', '/tmp/tmpgldyt7rr/ptd_logfile.txt', '-p', '8888', '49', '/dev/usbtmc0']
ptd-server 2022-02-20 17:02:33,979 [INFO] Sending to ptd: 'Hello'
ptd-server 2022-02-20 17:02:33,980 [INFO] Reply from ptd: 'Hello, PTDaemon here!'
ptd-server 2022-02-20 17:02:33,980 [INFO] Sending to ptd: 'Identify'
ptd-server 2022-02-20 17:02:33,981 [INFO] Reply from ptd: 'YokogawaWT310E,1000,1,1,1,1,0,1,1,version=1.9.2-e8c7a49a-20201208,OS=Linux 5.13.0-28-generic #31~20.04.1-Ubuntu SMP Wed Jan 19 14:08:10 UTC 2022 x86_64,mode=power,1,1,1,0,0,no_cal_date,YOKOGAWA;WT310E;C3XA04010E;F1.04'
ptd-server 2022-02-20 17:02:33,981 [INFO] Connected to PTDaemon
ptd-server 2022-02-20 17:02:33,981 [INFO] Sending to ptd: 'RR'
ptd-server 2022-02-20 17:02:33,981 [INFO] Reply from ptd: 'Ranges,0,0.500000,0,300.000000'
ptd-server 2022-02-20 17:02:33,981 [INFO] Initial range for Amps is 0.500000 for Volts is 300.000000
ptd-server 2022-02-20 17:02:33,981 [INFO] Sending to ptd: 'SR,V,Auto'
ptd-server 2022-02-20 17:02:34,484 [INFO] Reply from ptd: 'Range V changed'
ptd-server 2022-02-20 17:02:34,484 [INFO] Sending to ptd: 'SR,A,Auto'
ptd-server 2022-02-20 17:02:34,986 [INFO] Reply from ptd: 'Range A changed'
ptd-server 2022-02-20 17:02:44,997 [INFO] Starting ranging mode
ptd-server 2022-02-20 17:02:44,997 [INFO] Sending to ptd: 'Go,1000,0,2022-02-20_17-02-16_ranging'
ptd-server 2022-02-20 17:02:44,997 [INFO] Reply from ptd: 'Starting untimed measurement, maximum 500000 samples at 1000ms with 0 rampup samples'
ptd-server 2022-02-20 17:02:44,998 [INFO] Sending reply to client 'OK'
ptd-server 2022-02-20 17:13:02,132 [INFO] Got command from the client 'session,2022-02-20_17-02-16,stop,ranging'
ptd-server 2022-02-20 17:13:12,143 [INFO] Sending to ptd: 'Stop'
ptd-server 2022-02-20 17:13:12,143 [INFO] Reply from ptd: 'Stopping untimed measurement'
ptd-server 2022-02-20 17:13:12,642 [INFO] Sending reply to client 'OK'
ptd-server 2022-02-20 17:13:12,702 [INFO] Got command from the client 'time'
ptd-server 2022-02-20 17:13:12,702 [INFO] Sending reply to client '1645377192.702546'
ptd-server 2022-02-20 17:13:12,703 [INFO] Got command from the client 'session,2022-02-20_17-02-16,start,testing'
ptd-server 2022-02-20 17:13:12,704 [INFO] Sending to ptd: 'SR,V,246.570000'
ptd-server 2022-02-20 17:13:14,499 [INFO] Reply from ptd: 'Range V changed'
ptd-server 2022-02-20 17:13:14,499 [INFO] Sending to ptd: 'SR,A,0.046670'
ptd-server 2022-02-20 17:13:16,000 [INFO] Reply from ptd: 'Range A changed'
ptd-server 2022-02-20 17:13:26,010 [INFO] Starting testing mode
ptd-server 2022-02-20 17:13:26,010 [INFO] Sending to ptd: 'Go,1000,0,2022-02-20_17-02-16_testing'
ptd-server 2022-02-20 17:13:26,011 [INFO] Reply from ptd: 'Starting untimed measurement, maximum 500000 samples at 1000ms with 0 rampup samples'
ptd-server 2022-02-20 17:13:26,011 [INFO] Sending reply to client 'OK'
ptd-server 2022-02-20 17:23:44,123 [INFO] Got command from the client 'session,2022-02-20_17-02-16,stop,testing'
ptd-server 2022-02-20 17:23:54,133 [INFO] Sending to ptd: 'Stop'
ptd-server 2022-02-20 17:23:54,134 [INFO] Reply from ptd: 'Stopping untimed measurement'
ptd-server 2022-02-20 17:23:54,399 [INFO] Sending reply to client 'OK'
ptd-server 2022-02-20 17:23:54,418 [INFO] Got command from the client 'session,2022-02-20_17-02-16,done'
ptd-server 2022-02-20 17:23:54,418 [INFO] Sending to ptd: 'Stop'
ptd-server 2022-02-20 17:23:55,011 [INFO] Reply from ptd: 'Error: no measurement to stop'
ptd-server 2022-02-20 17:23:55,011 [INFO] Sending to ptd: 'SR,V,300.000000'
ptd-server 2022-02-20 17:23:56,512 [INFO] Reply from ptd: 'Range V changed'
ptd-server 2022-02-20 17:23:56,513 [INFO] Sending to ptd: 'SR,A,0.500000'
ptd-server 2022-02-20 17:23:58,014 [INFO] Reply from ptd: 'Range A changed'
ptd-server 2022-02-20 17:23:58,014 [INFO] Set initial values for Amps 0.500000 and Volts 300.000000
ptd-server 2022-02-20 17:23:58,014 [INFO] Stopping ptd...
