ptd-server 2022-02-25 09:02:39,008 [INFO] Got command from the client 'time'
ptd-server 2022-02-25 09:02:39,009 [INFO] Sending reply to client '1645801359.0092275'
ptd-server 2022-02-25 09:02:39,010 [INFO] Got command from the client 'new,,889c3714-dffd-444f-8dc2-a02d9330b836'
ptd-server 2022-02-25 09:02:39,010 [INFO] Sending reply to client 'OK 2022-02-25_09-02-39,2f484eb7-b391-41e5-a685-190429340217'
ptd-server 2022-02-25 09:02:39,124 [INFO] Got command from the client 'time'
ptd-server 2022-02-25 09:02:39,125 [INFO] Sending reply to client '1645801359.1251118'
ptd-server 2022-02-25 09:02:39,125 [INFO] Got command from the client 'session,2022-02-25_09-02-39,start,ranging'
ptd-server 2022-02-25 09:02:39,126 [INFO] Running PTDaemon: ['/local/mnt/workspace/mlcommons/power-main/inference_v1.0/ptd-linux-x86', '-l', '/tmp/tmp4zullp9k/ptd_logfile.txt', '-p', '8889', '49', '/dev/usbtmc0']
ptd-server 2022-02-25 09:02:56,238 [INFO] Sending to ptd: 'Hello'
ptd-server 2022-02-25 09:02:56,239 [INFO] Reply from ptd: 'Hello, PTDaemon here!'
ptd-server 2022-02-25 09:02:56,239 [INFO] Sending to ptd: 'Identify'
ptd-server 2022-02-25 09:02:56,239 [INFO] Reply from ptd: 'YokogawaWT310E,1000,1,1,1,1,0,1,1,version=1.9.2-e8c7a49a-20201208,OS=Linux 4.15.0-162-generic #170-Ubuntu SMP Mon Oct 18 11:38:05 UTC 2021 x86_64,mode=power,1,1,1,0,0,no_cal_date,YOKOGAWA;WT310E;C2XF16028V;F1.04'
ptd-server 2022-02-25 09:02:56,240 [INFO] Connected to PTDaemon
ptd-server 2022-02-25 09:02:56,240 [INFO] Sending to ptd: 'RR'
ptd-server 2022-02-25 09:02:56,240 [INFO] Reply from ptd: 'Ranges,1,5.000000,1,150.000000'
ptd-server 2022-02-25 09:02:56,241 [INFO] Initial range for Amps is Auto for Volts is Auto
ptd-server 2022-02-25 09:02:56,241 [INFO] Sending to ptd: 'SR,V,Auto'
ptd-server 2022-02-25 09:02:56,744 [INFO] Reply from ptd: 'Range V changed'
ptd-server 2022-02-25 09:02:56,744 [INFO] Sending to ptd: 'SR,A,Auto'
ptd-server 2022-02-25 09:02:57,247 [INFO] Reply from ptd: 'Range A changed'
ptd-server 2022-02-25 09:03:07,258 [INFO] Starting ranging mode
ptd-server 2022-02-25 09:03:07,258 [INFO] Sending to ptd: 'Go,1000,0,2022-02-25_09-02-39_ranging'
ptd-server 2022-02-25 09:03:07,259 [INFO] Reply from ptd: 'Starting untimed measurement, maximum 500000 samples at 1000ms with 0 rampup samples'
ptd-server 2022-02-25 09:03:07,259 [INFO] Sending reply to client 'OK'
ptd-server 2022-02-25 09:17:01,904 [INFO] Got command from the client 'session,2022-02-25_09-02-39,stop,ranging'
ptd-server 2022-02-25 09:17:11,915 [INFO] Sending to ptd: 'Stop'
ptd-server 2022-02-25 09:17:11,915 [INFO] Reply from ptd: 'Stopping untimed measurement'
ptd-server 2022-02-25 09:17:12,166 [INFO] Sending reply to client 'OK'
ptd-server 2022-02-25 09:17:12,281 [INFO] Got command from the client 'time'
ptd-server 2022-02-25 09:17:12,282 [INFO] Sending reply to client '1645802232.2820735'
ptd-server 2022-02-25 09:17:12,282 [INFO] Got command from the client 'session,2022-02-25_09-02-39,start,testing'
ptd-server 2022-02-25 09:17:12,283 [INFO] Sending to ptd: 'SR,V,120.280000'
ptd-server 2022-02-25 09:17:13,785 [INFO] Reply from ptd: 'Range V changed'
ptd-server 2022-02-25 09:17:13,785 [INFO] Sending to ptd: 'SR,A,6.284600'
ptd-server 2022-02-25 09:17:15,287 [INFO] Reply from ptd: 'Range A changed'
ptd-server 2022-02-25 09:17:25,297 [INFO] Starting testing mode
ptd-server 2022-02-25 09:17:25,298 [INFO] Sending to ptd: 'Go,1000,0,2022-02-25_09-02-39_testing'
ptd-server 2022-02-25 09:17:25,298 [INFO] Reply from ptd: 'Starting untimed measurement, maximum 500000 samples at 1000ms with 0 rampup samples'
ptd-server 2022-02-25 09:17:25,298 [INFO] Sending reply to client 'OK'
ptd-server 2022-02-25 09:31:14,124 [INFO] Got command from the client 'session,2022-02-25_09-02-39,stop,testing'
ptd-server 2022-02-25 09:31:24,135 [INFO] Sending to ptd: 'Stop'
ptd-server 2022-02-25 09:31:24,135 [INFO] Reply from ptd: 'Stopping untimed measurement'
ptd-server 2022-02-25 09:31:24,257 [INFO] Sending reply to client 'OK'
ptd-server 2022-02-25 09:31:24,262 [INFO] Got command from the client 'session,2022-02-25_09-02-39,done'
ptd-server 2022-02-25 09:31:24,262 [INFO] Sending to ptd: 'Stop'
ptd-server 2022-02-25 09:31:24,299 [INFO] Reply from ptd: 'Error: no measurement to stop'
ptd-server 2022-02-25 09:31:24,299 [INFO] Sending to ptd: 'SR,V,Auto'
ptd-server 2022-02-25 09:31:24,802 [INFO] Reply from ptd: 'Range V changed'
ptd-server 2022-02-25 09:31:24,802 [INFO] Sending to ptd: 'SR,A,Auto'
ptd-server 2022-02-25 09:31:25,305 [INFO] Reply from ptd: 'Range A changed'
ptd-server 2022-02-25 09:31:25,306 [INFO] Set initial values for Amps Auto and Volts Auto
ptd-server 2022-02-25 09:31:25,306 [INFO] Stopping ptd...
