ptd-server 2022-02-14 22:53:29,373 [INFO] Got command from the client 'time'
ptd-server 2022-02-14 22:53:29,373 [INFO] Sending reply to client '1644879209.3739598'
ptd-server 2022-02-14 22:53:29,375 [INFO] Got command from the client 'new,,f9d85b5f-11a6-4249-a45d-08641f530eac'
ptd-server 2022-02-14 22:53:29,376 [INFO] Sending reply to client 'OK 2022-02-14_22-53-29,75aaf005-e86e-41da-b35a-e5c73c9f97fb'
ptd-server 2022-02-14 22:53:29,423 [INFO] Got command from the client 'time'
ptd-server 2022-02-14 22:53:29,424 [INFO] Sending reply to client '1644879209.4241302'
ptd-server 2022-02-14 22:53:29,426 [INFO] Got command from the client 'session,2022-02-14_22-53-29,start,ranging'
ptd-server 2022-02-14 22:53:29,426 [INFO] Running PTDaemon: ['/home/anton/projects/mlperf/power/inference_v1.0/ptd-linux-x86', '-l', '/tmp/tmpxvec0g6h/ptd_logfile.txt', '-p', '8888', '49', '/dev/usbtmc0']
ptd-server 2022-02-14 22:53:46,598 [INFO] Sending to ptd: 'Hello'
ptd-server 2022-02-14 22:53:46,599 [INFO] Reply from ptd: 'Hello, PTDaemon here!'
ptd-server 2022-02-14 22:53:46,599 [INFO] Sending to ptd: 'Identify'
ptd-server 2022-02-14 22:53:46,599 [INFO] Reply from ptd: 'YokogawaWT310E,1000,1,1,1,1,0,1,1,version=1.9.2-e8c7a49a-20201208,OS=Linux 5.13.0-27-generic #29~20.04.1-Ubuntu SMP Fri Jan 14 00:32:30 UTC 2022 x86_64,mode=power,1,1,1,0,0,no_cal_date,YOKOGAWA;WT310E;C3XA04010E;F1.04'
ptd-server 2022-02-14 22:53:46,600 [INFO] Connected to PTDaemon
ptd-server 2022-02-14 22:53:46,600 [INFO] Sending to ptd: 'RR'
ptd-server 2022-02-14 22:53:46,600 [INFO] Reply from ptd: 'Ranges,0,0.500000,0,300.000000'
ptd-server 2022-02-14 22:53:46,600 [INFO] Initial range for Amps is 0.500000 for Volts is 300.000000
ptd-server 2022-02-14 22:53:46,600 [INFO] Sending to ptd: 'SR,V,Auto'
ptd-server 2022-02-14 22:53:47,103 [INFO] Reply from ptd: 'Range V changed'
ptd-server 2022-02-14 22:53:47,103 [INFO] Sending to ptd: 'SR,A,Auto'
ptd-server 2022-02-14 22:53:47,605 [INFO] Reply from ptd: 'Range A changed'
ptd-server 2022-02-14 22:53:57,616 [INFO] Starting ranging mode
ptd-server 2022-02-14 22:53:57,616 [INFO] Sending to ptd: 'Go,1000,0,2022-02-14_22-53-29_ranging'
ptd-server 2022-02-14 22:53:57,616 [INFO] Reply from ptd: 'Starting untimed measurement, maximum 500000 samples at 1000ms with 0 rampup samples'
ptd-server 2022-02-14 22:53:57,617 [INFO] Sending reply to client 'OK'
ptd-server 2022-02-14 23:04:17,090 [INFO] Got command from the client 'session,2022-02-14_22-53-29,stop,ranging'
ptd-server 2022-02-14 23:04:27,100 [INFO] Sending to ptd: 'Stop'
ptd-server 2022-02-14 23:04:27,101 [INFO] Reply from ptd: 'Stopping untimed measurement'
ptd-server 2022-02-14 23:04:27,887 [INFO] Sending reply to client 'OK'
ptd-server 2022-02-14 23:04:27,941 [INFO] Got command from the client 'time'
ptd-server 2022-02-14 23:04:27,941 [INFO] Sending reply to client '1644879867.94126'
ptd-server 2022-02-14 23:04:27,943 [INFO] Got command from the client 'session,2022-02-14_22-53-29,start,testing'
ptd-server 2022-02-14 23:04:27,943 [INFO] Sending to ptd: 'SR,V,251.620000'
ptd-server 2022-02-14 23:04:29,445 [INFO] Reply from ptd: 'Range V changed'
ptd-server 2022-02-14 23:04:29,445 [INFO] Sending to ptd: 'SR,A,0.225520'
ptd-server 2022-02-14 23:04:30,946 [INFO] Reply from ptd: 'Range A changed'
ptd-server 2022-02-14 23:04:40,955 [INFO] Starting testing mode
ptd-server 2022-02-14 23:04:40,955 [INFO] Sending to ptd: 'Go,1000,0,2022-02-14_22-53-29_testing'
ptd-server 2022-02-14 23:04:40,955 [INFO] Reply from ptd: 'Starting untimed measurement, maximum 500000 samples at 1000ms with 0 rampup samples'
ptd-server 2022-02-14 23:04:40,955 [INFO] Sending reply to client 'OK'
ptd-server 2022-02-14 23:15:00,326 [INFO] Got command from the client 'session,2022-02-14_22-53-29,stop,testing'
ptd-server 2022-02-14 23:15:10,336 [INFO] Sending to ptd: 'Stop'
ptd-server 2022-02-14 23:15:10,336 [INFO] Reply from ptd: 'Stopping untimed measurement'
ptd-server 2022-02-14 23:15:10,733 [INFO] Sending reply to client 'OK'
ptd-server 2022-02-14 23:15:10,751 [INFO] Got command from the client 'session,2022-02-14_22-53-29,done'
ptd-server 2022-02-14 23:15:10,751 [INFO] Sending to ptd: 'Stop'
ptd-server 2022-02-14 23:15:10,955 [INFO] Reply from ptd: 'Error: no measurement to stop'
ptd-server 2022-02-14 23:15:10,955 [INFO] Sending to ptd: 'SR,V,300.000000'
ptd-server 2022-02-14 23:15:12,457 [INFO] Reply from ptd: 'Range V changed'
ptd-server 2022-02-14 23:15:12,457 [INFO] Sending to ptd: 'SR,A,0.500000'
ptd-server 2022-02-14 23:15:13,958 [INFO] Reply from ptd: 'Range A changed'
ptd-server 2022-02-14 23:15:13,958 [INFO] Set initial values for Amps 0.500000 and Volts 300.000000
ptd-server 2022-02-14 23:15:13,959 [INFO] Stopping ptd...
