ptd-server 2022-02-18 23:57:33,484 [INFO] Got command from the client 'time'
ptd-server 2022-02-18 23:57:33,484 [INFO] Sending reply to client '1645250253.4845045'
ptd-server 2022-02-18 23:57:33,484 [INFO] Got command from the client 'new,,fd5373ca-2807-44bb-aa0c-7bda76b0b186'
ptd-server 2022-02-18 23:57:33,485 [INFO] Sending reply to client 'OK 2022-02-18_23-57-33,0d792171-62be-4d04-8bdc-3a4b66d9142a'
ptd-server 2022-02-18 23:57:33,590 [INFO] Got command from the client 'time'
ptd-server 2022-02-18 23:57:33,590 [INFO] Sending reply to client '1645250253.5900576'
ptd-server 2022-02-18 23:57:33,590 [INFO] Got command from the client 'session,2022-02-18_23-57-33,start,ranging'
ptd-server 2022-02-18 23:57:33,590 [INFO] Running PTDaemon: ['/local/mnt/workspace/mlcommons/power-main/inference_v1.0/ptd-linux-x86', '-l', '/tmp/tmp4zullp9k/ptd_logfile.txt', '-p', '8889', '49', '/dev/usbtmc0']
ptd-server 2022-02-18 23:57:50,621 [INFO] Sending to ptd: 'Hello'
ptd-server 2022-02-18 23:57:50,621 [INFO] Reply from ptd: 'Hello, PTDaemon here!'
ptd-server 2022-02-18 23:57:50,621 [INFO] Sending to ptd: 'Identify'
ptd-server 2022-02-18 23:57:50,621 [INFO] Reply from ptd: 'YokogawaWT310E,1000,1,1,1,1,0,1,1,version=1.9.2-e8c7a49a-20201208,OS=Linux 4.15.0-162-generic #170-Ubuntu SMP Mon Oct 18 11:38:05 UTC 2021 x86_64,mode=power,1,1,1,0,0,no_cal_date,YOKOGAWA;WT310E;C2XF16028V;F1.04'
ptd-server 2022-02-18 23:57:50,622 [INFO] Connected to PTDaemon
ptd-server 2022-02-18 23:57:50,622 [INFO] Sending to ptd: 'RR'
ptd-server 2022-02-18 23:57:50,622 [INFO] Reply from ptd: 'Ranges,1,5.000000,1,150.000000'
ptd-server 2022-02-18 23:57:50,622 [INFO] Initial range for Amps is Auto for Volts is Auto
ptd-server 2022-02-18 23:57:50,622 [INFO] Sending to ptd: 'SR,V,Auto'
ptd-server 2022-02-18 23:57:51,124 [INFO] Reply from ptd: 'Range V changed'
ptd-server 2022-02-18 23:57:51,124 [INFO] Sending to ptd: 'SR,A,Auto'
ptd-server 2022-02-18 23:57:51,626 [INFO] Reply from ptd: 'Range A changed'
ptd-server 2022-02-18 23:58:01,627 [INFO] Starting ranging mode
ptd-server 2022-02-18 23:58:01,627 [INFO] Sending to ptd: 'Go,1000,0,2022-02-18_23-57-33_ranging'
ptd-server 2022-02-18 23:58:01,627 [INFO] Reply from ptd: 'Starting untimed measurement, maximum 500000 samples at 1000ms with 0 rampup samples'
ptd-server 2022-02-18 23:58:01,627 [INFO] Sending reply to client 'OK'
ptd-server 2022-02-19 00:11:56,749 [INFO] Got command from the client 'session,2022-02-18_23-57-33,stop,ranging'
ptd-server 2022-02-19 00:12:06,753 [INFO] Sending to ptd: 'Stop'
ptd-server 2022-02-19 00:12:06,754 [INFO] Reply from ptd: 'Stopping untimed measurement'
ptd-server 2022-02-19 00:12:06,914 [INFO] Sending reply to client 'OK'
ptd-server 2022-02-19 00:12:07,036 [INFO] Got command from the client 'time'
ptd-server 2022-02-19 00:12:07,036 [INFO] Sending reply to client '1645251127.0363114'
ptd-server 2022-02-19 00:12:07,036 [INFO] Got command from the client 'session,2022-02-18_23-57-33,start,testing'
ptd-server 2022-02-19 00:12:07,036 [INFO] Sending to ptd: 'SR,V,122.560000'
ptd-server 2022-02-19 00:12:09,128 [INFO] Reply from ptd: 'Range V changed'
ptd-server 2022-02-19 00:12:09,129 [INFO] Sending to ptd: 'SR,A,2.978400'
ptd-server 2022-02-19 00:12:10,629 [INFO] Reply from ptd: 'Range A changed'
ptd-server 2022-02-19 00:12:20,640 [INFO] Starting testing mode
ptd-server 2022-02-19 00:12:20,640 [INFO] Sending to ptd: 'Go,1000,0,2022-02-18_23-57-33_testing'
ptd-server 2022-02-19 00:12:20,640 [INFO] Reply from ptd: 'Starting untimed measurement, maximum 500000 samples at 1000ms with 0 rampup samples'
ptd-server 2022-02-19 00:12:20,640 [INFO] Sending reply to client 'OK'
ptd-server 2022-02-19 00:26:13,205 [INFO] Got command from the client 'session,2022-02-18_23-57-33,stop,testing'
ptd-server 2022-02-19 00:26:23,215 [INFO] Sending to ptd: 'Stop'
ptd-server 2022-02-19 00:26:23,215 [INFO] Reply from ptd: 'Stopping untimed measurement'
ptd-server 2022-02-19 00:26:23,292 [INFO] Sending reply to client 'OK'
ptd-server 2022-02-19 00:26:23,298 [INFO] Got command from the client 'session,2022-02-18_23-57-33,done'
ptd-server 2022-02-19 00:26:23,298 [INFO] Sending to ptd: 'Stop'
ptd-server 2022-02-19 00:26:23,641 [INFO] Reply from ptd: 'Error: no measurement to stop'
ptd-server 2022-02-19 00:26:23,641 [INFO] Sending to ptd: 'SR,V,Auto'
ptd-server 2022-02-19 00:26:24,143 [INFO] Reply from ptd: 'Range V changed'
ptd-server 2022-02-19 00:26:24,143 [INFO] Sending to ptd: 'SR,A,Auto'
ptd-server 2022-02-19 00:26:24,645 [INFO] Reply from ptd: 'Range A changed'
ptd-server 2022-02-19 00:26:24,645 [INFO] Set initial values for Amps Auto and Volts Auto
ptd-server 2022-02-19 00:26:24,645 [INFO] Stopping ptd...
