ptd-server 2022-02-18 12:46:10,597 [INFO] Got command from the client 'time'
ptd-server 2022-02-18 12:46:10,597 [INFO] Sending reply to client '1645188370.5975592'
ptd-server 2022-02-18 12:46:10,598 [INFO] Got command from the client 'new,,4ac49b8b-d262-40c9-af00-cc23321ff57e'
ptd-server 2022-02-18 12:46:10,599 [INFO] Sending reply to client 'OK 2022-02-18_12-46-10,05790d73-ab7a-47b2-b00d-879163e08030'
ptd-server 2022-02-18 12:46:10,647 [INFO] Got command from the client 'time'
ptd-server 2022-02-18 12:46:10,648 [INFO] Sending reply to client '1645188370.6479697'
ptd-server 2022-02-18 12:46:10,650 [INFO] Got command from the client 'session,2022-02-18_12-46-10,start,ranging'
ptd-server 2022-02-18 12:46:10,650 [INFO] Running PTDaemon: ['/home/anton/projects/mlperf/power/inference_v1.0/ptd-linux-x86', '-l', '/tmp/tmpgldyt7rr/ptd_logfile.txt', '-p', '8888', '49', '/dev/usbtmc0']
ptd-server 2022-02-18 12:46:27,823 [INFO] Sending to ptd: 'Hello'
ptd-server 2022-02-18 12:46:27,824 [INFO] Reply from ptd: 'Hello, PTDaemon here!'
ptd-server 2022-02-18 12:46:27,824 [INFO] Sending to ptd: 'Identify'
ptd-server 2022-02-18 12:46:27,824 [INFO] Reply from ptd: 'YokogawaWT310E,1000,1,1,1,1,0,1,1,version=1.9.2-e8c7a49a-20201208,OS=Linux 5.13.0-28-generic #31~20.04.1-Ubuntu SMP Wed Jan 19 14:08:10 UTC 2022 x86_64,mode=power,1,1,1,0,0,no_cal_date,YOKOGAWA;WT310E;C3XA04010E;F1.04'
ptd-server 2022-02-18 12:46:27,824 [INFO] Connected to PTDaemon
ptd-server 2022-02-18 12:46:27,824 [INFO] Sending to ptd: 'RR'
ptd-server 2022-02-18 12:46:27,825 [INFO] Reply from ptd: 'Ranges,0,0.500000,0,300.000000'
ptd-server 2022-02-18 12:46:27,825 [INFO] Initial range for Amps is 0.500000 for Volts is 300.000000
ptd-server 2022-02-18 12:46:27,825 [INFO] Sending to ptd: 'SR,V,Auto'
ptd-server 2022-02-18 12:46:28,327 [INFO] Reply from ptd: 'Range V changed'
ptd-server 2022-02-18 12:46:28,327 [INFO] Sending to ptd: 'SR,A,Auto'
ptd-server 2022-02-18 12:46:28,830 [INFO] Reply from ptd: 'Range A changed'
ptd-server 2022-02-18 12:46:38,840 [INFO] Starting ranging mode
ptd-server 2022-02-18 12:46:38,840 [INFO] Sending to ptd: 'Go,1000,0,2022-02-18_12-46-10_ranging'
ptd-server 2022-02-18 12:46:38,841 [INFO] Reply from ptd: 'Starting untimed measurement, maximum 500000 samples at 1000ms with 0 rampup samples'
ptd-server 2022-02-18 12:46:38,841 [INFO] Sending reply to client 'OK'
ptd-server 2022-02-18 13:01:10,196 [INFO] Got command from the client 'session,2022-02-18_12-46-10,stop,ranging'
ptd-server 2022-02-18 13:01:20,206 [INFO] Sending to ptd: 'Stop'
ptd-server 2022-02-18 13:01:20,207 [INFO] Reply from ptd: 'Stopping untimed measurement'
ptd-server 2022-02-18 13:01:20,462 [INFO] Sending reply to client 'OK'
ptd-server 2022-02-18 13:01:20,613 [INFO] Got command from the client 'time'
ptd-server 2022-02-18 13:01:20,613 [INFO] Sending reply to client '1645189280.613605'
ptd-server 2022-02-18 13:01:20,618 [INFO] Got command from the client 'session,2022-02-18_12-46-10,start,testing'
ptd-server 2022-02-18 13:01:20,618 [INFO] Sending to ptd: 'SR,V,251.250000'
ptd-server 2022-02-18 13:01:22,342 [INFO] Reply from ptd: 'Range V changed'
ptd-server 2022-02-18 13:01:22,342 [INFO] Sending to ptd: 'SR,A,0.228260'
ptd-server 2022-02-18 13:01:23,844 [INFO] Reply from ptd: 'Range A changed'
ptd-server 2022-02-18 13:01:33,854 [INFO] Starting testing mode
ptd-server 2022-02-18 13:01:33,854 [INFO] Sending to ptd: 'Go,1000,0,2022-02-18_12-46-10_testing'
ptd-server 2022-02-18 13:01:33,855 [INFO] Reply from ptd: 'Starting untimed measurement, maximum 500000 samples at 1000ms with 0 rampup samples'
ptd-server 2022-02-18 13:01:33,855 [INFO] Sending reply to client 'OK'
ptd-server 2022-02-18 13:16:06,848 [INFO] Got command from the client 'session,2022-02-18_12-46-10,stop,testing'
ptd-server 2022-02-18 13:16:16,859 [INFO] Sending to ptd: 'Stop'
ptd-server 2022-02-18 13:16:16,859 [INFO] Reply from ptd: 'Stopping untimed measurement'
ptd-server 2022-02-18 13:16:16,996 [INFO] Sending reply to client 'OK'
ptd-server 2022-02-18 13:16:17,038 [INFO] Got command from the client 'session,2022-02-18_12-46-10,done'
ptd-server 2022-02-18 13:16:17,038 [INFO] Sending to ptd: 'Stop'
ptd-server 2022-02-18 13:16:17,856 [INFO] Reply from ptd: 'Error: no measurement to stop'
ptd-server 2022-02-18 13:16:17,856 [INFO] Sending to ptd: 'SR,V,300.000000'
ptd-server 2022-02-18 13:16:19,357 [INFO] Reply from ptd: 'Range V changed'
ptd-server 2022-02-18 13:16:19,358 [INFO] Sending to ptd: 'SR,A,0.500000'
ptd-server 2022-02-18 13:16:20,859 [INFO] Reply from ptd: 'Range A changed'
ptd-server 2022-02-18 13:16:20,859 [INFO] Set initial values for Amps 0.500000 and Volts 300.000000
ptd-server 2022-02-18 13:16:20,860 [INFO] Stopping ptd...
