ptd-server 2022-02-19 04:06:40,651 [INFO] Got command from the client 'time'
ptd-server 2022-02-19 04:06:40,651 [INFO] Sending reply to client '1645243600.6516733'
ptd-server 2022-02-19 04:06:40,652 [INFO] Got command from the client 'new,,cc5c89cf-7977-442d-9514-ad85207e6505'
ptd-server 2022-02-19 04:06:40,653 [INFO] Sending reply to client 'OK 2022-02-19_04-06-40,830fee70-14a9-45ec-bfd6-e467d96f7676'
ptd-server 2022-02-19 04:06:40,692 [INFO] Got command from the client 'time'
ptd-server 2022-02-19 04:06:40,692 [INFO] Sending reply to client '1645243600.6925986'
ptd-server 2022-02-19 04:06:40,693 [INFO] Got command from the client 'session,2022-02-19_04-06-40,start,ranging'
ptd-server 2022-02-19 04:06:40,694 [INFO] Running PTDaemon: ['/home/anton/projects/mlperf/power/inference_v1.0/ptd-linux-x86', '-l', '/tmp/tmpgldyt7rr/ptd_logfile.txt', '-p', '8888', '49', '/dev/usbtmc0']
ptd-server 2022-02-19 04:06:57,866 [INFO] Sending to ptd: 'Hello'
ptd-server 2022-02-19 04:06:57,866 [INFO] Reply from ptd: 'Hello, PTDaemon here!'
ptd-server 2022-02-19 04:06:57,866 [INFO] Sending to ptd: 'Identify'
ptd-server 2022-02-19 04:06:57,867 [INFO] Reply from ptd: 'YokogawaWT310E,1000,1,1,1,1,0,1,1,version=1.9.2-e8c7a49a-20201208,OS=Linux 5.13.0-28-generic #31~20.04.1-Ubuntu SMP Wed Jan 19 14:08:10 UTC 2022 x86_64,mode=power,1,1,1,0,0,no_cal_date,YOKOGAWA;WT310E;C3XA04010E;F1.04'
ptd-server 2022-02-19 04:06:57,867 [INFO] Connected to PTDaemon
ptd-server 2022-02-19 04:06:57,867 [INFO] Sending to ptd: 'RR'
ptd-server 2022-02-19 04:06:57,867 [INFO] Reply from ptd: 'Ranges,0,0.500000,0,300.000000'
ptd-server 2022-02-19 04:06:57,868 [INFO] Initial range for Amps is 0.500000 for Volts is 300.000000
ptd-server 2022-02-19 04:06:57,868 [INFO] Sending to ptd: 'SR,V,Auto'
ptd-server 2022-02-19 04:06:58,370 [INFO] Reply from ptd: 'Range V changed'
ptd-server 2022-02-19 04:06:58,370 [INFO] Sending to ptd: 'SR,A,Auto'
ptd-server 2022-02-19 04:06:58,873 [INFO] Reply from ptd: 'Range A changed'
ptd-server 2022-02-19 04:07:08,883 [INFO] Starting ranging mode
ptd-server 2022-02-19 04:07:08,883 [INFO] Sending to ptd: 'Go,1000,0,2022-02-19_04-06-40_ranging'
ptd-server 2022-02-19 04:07:08,883 [INFO] Reply from ptd: 'Starting untimed measurement, maximum 500000 samples at 1000ms with 0 rampup samples'
ptd-server 2022-02-19 04:07:08,884 [INFO] Sending reply to client 'OK'
ptd-server 2022-02-19 04:17:47,205 [INFO] Got command from the client 'session,2022-02-19_04-06-40,stop,ranging'
ptd-server 2022-02-19 04:17:57,215 [INFO] Sending to ptd: 'Stop'
ptd-server 2022-02-19 04:17:57,215 [INFO] Reply from ptd: 'Stopping untimed measurement'
ptd-server 2022-02-19 04:17:57,518 [INFO] Sending reply to client 'OK'
ptd-server 2022-02-19 04:17:57,599 [INFO] Got command from the client 'time'
ptd-server 2022-02-19 04:17:57,599 [INFO] Sending reply to client '1645244277.5992022'
ptd-server 2022-02-19 04:17:57,600 [INFO] Got command from the client 'session,2022-02-19_04-06-40,start,testing'
ptd-server 2022-02-19 04:17:57,600 [INFO] Sending to ptd: 'SR,V,251.750000'
ptd-server 2022-02-19 04:17:59,386 [INFO] Reply from ptd: 'Range V changed'
ptd-server 2022-02-19 04:17:59,386 [INFO] Sending to ptd: 'SR,A,0.041700'
ptd-server 2022-02-19 04:18:00,887 [INFO] Reply from ptd: 'Range A changed'
ptd-server 2022-02-19 04:18:10,897 [INFO] Starting testing mode
ptd-server 2022-02-19 04:18:10,897 [INFO] Sending to ptd: 'Go,1000,0,2022-02-19_04-06-40_testing'
ptd-server 2022-02-19 04:18:10,898 [INFO] Reply from ptd: 'Starting untimed measurement, maximum 500000 samples at 1000ms with 0 rampup samples'
ptd-server 2022-02-19 04:18:10,898 [INFO] Sending reply to client 'OK'
ptd-server 2022-02-19 04:28:50,573 [INFO] Got command from the client 'session,2022-02-19_04-06-40,stop,testing'
ptd-server 2022-02-19 04:29:00,584 [INFO] Sending to ptd: 'Stop'
ptd-server 2022-02-19 04:29:00,584 [INFO] Reply from ptd: 'Stopping untimed measurement'
ptd-server 2022-02-19 04:29:00,744 [INFO] Sending reply to client 'OK'
ptd-server 2022-02-19 04:29:00,766 [INFO] Got command from the client 'session,2022-02-19_04-06-40,done'
ptd-server 2022-02-19 04:29:00,766 [INFO] Sending to ptd: 'Stop'
ptd-server 2022-02-19 04:29:00,898 [INFO] Reply from ptd: 'Error: no measurement to stop'
ptd-server 2022-02-19 04:29:00,898 [INFO] Sending to ptd: 'SR,V,300.000000'
ptd-server 2022-02-19 04:29:02,400 [INFO] Reply from ptd: 'Range V changed'
ptd-server 2022-02-19 04:29:02,400 [INFO] Sending to ptd: 'SR,A,0.500000'
ptd-server 2022-02-19 04:29:03,901 [INFO] Reply from ptd: 'Range A changed'
ptd-server 2022-02-19 04:29:03,902 [INFO] Set initial values for Amps 0.500000 and Volts 300.000000
ptd-server 2022-02-19 04:29:03,902 [INFO] Stopping ptd...
