ptd-server 2022-02-16 23:39:12,039 [INFO] Got command from the client 'time'
ptd-server 2022-02-16 23:39:12,039 [INFO] Sending reply to client '1645054752.0394351'
ptd-server 2022-02-16 23:39:12,041 [INFO] Got command from the client 'new,,dbed8e9f-27a7-4d46-9a43-9bea9692675b'
ptd-server 2022-02-16 23:39:12,041 [INFO] Sending reply to client 'OK 2022-02-16_23-39-12,1dec270f-3dee-4779-904c-cfc8f1453556'
ptd-server 2022-02-16 23:39:12,076 [INFO] Got command from the client 'time'
ptd-server 2022-02-16 23:39:12,076 [INFO] Sending reply to client '1645054752.0762074'
ptd-server 2022-02-16 23:39:12,077 [INFO] Got command from the client 'session,2022-02-16_23-39-12,start,ranging'
ptd-server 2022-02-16 23:39:12,078 [INFO] Running PTDaemon: ['/home/anton/projects/mlperf/power/inference_v1.0/ptd-linux-x86', '-l', '/tmp/tmpgldyt7rr/ptd_logfile.txt', '-p', '8888', '49', '/dev/usbtmc0']
ptd-server 2022-02-16 23:39:29,250 [INFO] Sending to ptd: 'Hello'
ptd-server 2022-02-16 23:39:29,250 [INFO] Reply from ptd: 'Hello, PTDaemon here!'
ptd-server 2022-02-16 23:39:29,251 [INFO] Sending to ptd: 'Identify'
ptd-server 2022-02-16 23:39:29,251 [INFO] Reply from ptd: 'YokogawaWT310E,1000,1,1,1,1,0,1,1,version=1.9.2-e8c7a49a-20201208,OS=Linux 5.13.0-28-generic #31~20.04.1-Ubuntu SMP Wed Jan 19 14:08:10 UTC 2022 x86_64,mode=power,1,1,1,0,0,no_cal_date,YOKOGAWA;WT310E;C3XA04010E;F1.04'
ptd-server 2022-02-16 23:39:29,251 [INFO] Connected to PTDaemon
ptd-server 2022-02-16 23:39:29,251 [INFO] Sending to ptd: 'RR'
ptd-server 2022-02-16 23:39:29,251 [INFO] Reply from ptd: 'Ranges,0,0.500000,0,300.000000'
ptd-server 2022-02-16 23:39:29,252 [INFO] Initial range for Amps is 0.500000 for Volts is 300.000000
ptd-server 2022-02-16 23:39:29,252 [INFO] Sending to ptd: 'SR,V,Auto'
ptd-server 2022-02-16 23:39:29,754 [INFO] Reply from ptd: 'Range V changed'
ptd-server 2022-02-16 23:39:29,754 [INFO] Sending to ptd: 'SR,A,Auto'
ptd-server 2022-02-16 23:39:30,257 [INFO] Reply from ptd: 'Range A changed'
ptd-server 2022-02-16 23:39:40,267 [INFO] Starting ranging mode
ptd-server 2022-02-16 23:39:40,267 [INFO] Sending to ptd: 'Go,1000,0,2022-02-16_23-39-12_ranging'
ptd-server 2022-02-16 23:39:40,268 [INFO] Reply from ptd: 'Starting untimed measurement, maximum 500000 samples at 1000ms with 0 rampup samples'
ptd-server 2022-02-16 23:39:40,268 [INFO] Sending reply to client 'OK'
ptd-server 2022-02-16 23:49:57,226 [INFO] Got command from the client 'session,2022-02-16_23-39-12,stop,ranging'
ptd-server 2022-02-16 23:50:07,237 [INFO] Sending to ptd: 'Stop'
ptd-server 2022-02-16 23:50:07,237 [INFO] Reply from ptd: 'Stopping untimed measurement'
ptd-server 2022-02-16 23:50:07,339 [INFO] Sending reply to client 'OK'
ptd-server 2022-02-16 23:50:07,442 [INFO] Got command from the client 'time'
ptd-server 2022-02-16 23:50:07,443 [INFO] Sending reply to client '1645055407.4430656'
ptd-server 2022-02-16 23:50:07,447 [INFO] Got command from the client 'session,2022-02-16_23-39-12,start,testing'
ptd-server 2022-02-16 23:50:07,447 [INFO] Sending to ptd: 'SR,V,249.970000'
ptd-server 2022-02-16 23:50:08,948 [INFO] Reply from ptd: 'Range V changed'
ptd-server 2022-02-16 23:50:08,948 [INFO] Sending to ptd: 'SR,A,0.047740'
ptd-server 2022-02-16 23:50:10,450 [INFO] Reply from ptd: 'Range A changed'
ptd-server 2022-02-16 23:50:20,460 [INFO] Starting testing mode
ptd-server 2022-02-16 23:50:20,460 [INFO] Sending to ptd: 'Go,1000,0,2022-02-16_23-39-12_testing'
ptd-server 2022-02-16 23:50:20,461 [INFO] Reply from ptd: 'Starting untimed measurement, maximum 500000 samples at 1000ms with 0 rampup samples'
ptd-server 2022-02-16 23:50:20,461 [INFO] Sending reply to client 'OK'
ptd-server 2022-02-17 00:00:38,311 [INFO] Got command from the client 'session,2022-02-16_23-39-12,stop,testing'
ptd-server 2022-02-17 00:00:48,321 [INFO] Sending to ptd: 'Stop'
ptd-server 2022-02-17 00:00:48,322 [INFO] Reply from ptd: 'Stopping untimed measurement'
ptd-server 2022-02-17 00:00:48,373 [INFO] Sending reply to client 'OK'
ptd-server 2022-02-17 00:00:48,399 [INFO] Got command from the client 'session,2022-02-16_23-39-12,done'
ptd-server 2022-02-17 00:00:48,399 [INFO] Sending to ptd: 'Stop'
ptd-server 2022-02-17 00:00:48,461 [INFO] Reply from ptd: 'Error: no measurement to stop'
ptd-server 2022-02-17 00:00:48,461 [INFO] Sending to ptd: 'SR,V,300.000000'
ptd-server 2022-02-17 00:00:49,962 [INFO] Reply from ptd: 'Range V changed'
ptd-server 2022-02-17 00:00:49,963 [INFO] Sending to ptd: 'SR,A,0.500000'
ptd-server 2022-02-17 00:00:51,464 [INFO] Reply from ptd: 'Range A changed'
ptd-server 2022-02-17 00:00:51,464 [INFO] Set initial values for Amps 0.500000 and Volts 300.000000
ptd-server 2022-02-17 00:00:51,465 [INFO] Stopping ptd...
