client 2022-02-14 14:00:27,252 [WARNING] Removing loadgen logs directory '/home/katya/CK/ck-mlperf/program/image-classification-tflite-loadgen/tmp/loadgen_logs'
client 2022-02-14 14:00:27,253 [INFO] Sending command to the server: 'mlcommons/power client v3'
client 2022-02-14 14:00:27,254 [INFO] Got response: 'mlcommons/power server v3'
client 2022-02-14 14:00:27,254 [INFO] Synchronizing with the server and with time.google.com...
client 2022-02-14 14:00:27,316 [INFO] NTP:offset = -0.005 s, delay = 0.029 s 
client 2022-02-14 14:00:27,316 [INFO] Sending command to the server: 'time'
client 2022-02-14 14:00:27,318 [INFO] Got response: '1644847227.3116298'
client 2022-02-14 14:00:27,318 [INFO] The time difference between the client and the server is within range 5.107 ms..6.741 ms
client 2022-02-14 14:00:27,318 [INFO] Sending command to the server: 'new,,bbd7e3fe-6869-457c-acd2-1ce68aabd3e5'
client 2022-02-14 14:00:27,320 [INFO] Got response: 'OK 2022-02-14_14-00-27,492fcbf1-a1b2-4c2a-b422-a33a744f9bf9'
client 2022-02-14 14:00:27,320 [INFO] Session id is '2022-02-14_14-00-27'
client 2022-02-14 14:00:27,321 [INFO] Sources: {"sources": {"__init__.py": "da39a3ee5e6b4b0d3255bfef95601890afd80709", "client.py": "33ca4f26368777ac06e01f9567b714a4b8063886", "lib/__init__.py": "da39a3ee5e6b4b0d3255bfef95601890afd80709", "lib/client.py": "4c2b78fb4849a7e5b584ef792d82aaed20b17f57", "lib/common.py": "624d0c0acc7c39aaff3674f0b99d6a09da53d1dc", "lib/external/__init__.py": "da39a3ee5e6b4b0d3255bfef95601890afd80709", "lib/external/ntplib.py": "4da8f970656505a40483206ef2b5d3dd5e81711d", "lib/server.py": "59c9fb92908260d3e9f81a895c7aa009742275e4", "lib/source_hashes.py": "60a2e02193209e8d392803326208d5466342da18", "lib/summary.py": "aa92f0a3f975eecd44d3c0cd0236342ccc9f941d", "lib/time_sync.py": "3210db56eb0ff0df57bf4293dc4d4b03fffd46f1", "server.py": "c3f90f2f7eeb4db30727556d0c815ebc89b3d28b", "tests/unit/__init__.py": "da39a3ee5e6b4b0d3255bfef95601890afd80709", "tests/unit/test_server.py": "99ae15aef722f2000ee6ed1ae1523637bf1ae42b", "tests/unit/test_source_hashes.py": "00468a2907583c593e6574a1f6b404e4651c221a"}, "modules": {"ptd_client_server.lib.client": "lib/client.py", "ptd_client_server.lib.common": "lib/common.py", "ptd_client_server.lib.external.ntplib": "lib/external/ntplib.py", "ptd_client_server.lib.source_hashes": "lib/source_hashes.py", "ptd_client_server.lib.summary": "lib/summary.py", "ptd_client_server.lib.time_sync": "lib/time_sync.py"}}
client 2022-02-14 14:00:27,322 [INFO] Running workload in ranging mode
client 2022-02-14 14:00:27,322 [INFO] Synchronizing with the server and with time.google.com...
client 2022-02-14 14:00:27,365 [INFO] NTP:offset = -0.003 s, delay = 0.039 s 
client 2022-02-14 14:00:27,366 [INFO] Sending command to the server: 'time'
client 2022-02-14 14:00:27,368 [INFO] Got response: '1644847227.3613892'
client 2022-02-14 14:00:27,368 [INFO] The time difference between the client and the server is within range 5.011 ms..6.903 ms
client 2022-02-14 14:00:27,368 [INFO] Sending command to the server: 'session,2022-02-14_14-00-27,start,ranging'
client 2022-02-14 14:00:55,561 [INFO] Got response: 'OK'
client 2022-02-14 14:00:55,563 [INFO] Running the workload 'ck benchmark program:image-classification-tflite-loadgen --env.CK_SILENT_MODE=YES --skip_print_timers --dep_add_tags.compiler=gcc,v7 --dep_add_tags.python=v3 --dep_add_tags.mlperf-inference-src=r2.0 --dep_add_tags.weights=efficientnet,lite1,non-quantized --dep_add_tags.images=crop.875,preprocessed,using-opencv --dep_add_tags.library=tflite,v2.7.1,with.ruy --env.CK_LOADGEN_DATASET_SIZE=1024 --env.CK_LOADGEN_MODE=PerformanceOnly --env.CK_LOADGEN_SCENARIO=SingleStream --env.CK_LOADGEN_TARGET_LATENCY=$CK_LOADGEN_TARGET_LATENCY --skip_stat_analysis --process_multi_keys --repetitions=1 --record --record_repo=local --record_uoa=mlperf_v2.0-open-xavier-tflite-v2.7.1-ruy-efficientnet-lite1-non-quantized-singlestream-performance-target_latency.$CK_LOADGEN_TARGET_LATENCY-power.workload --tags=mlperf,round.v2.0,division.open,task.image-classification,platform.xavier,scenario.singlestream,mode.performance,workload.efficientnet-lite1-non-quantized,preprocessed_using.opencv,inference_engine.tflite,inference_engine_version.v2.7.1,inference_engine_backend.ruy,target_latency.$CK_LOADGEN_TARGET_LATENCY,power.workload "@@@{\'meta\': {\'ck_benchmark_program\': \'ck benchmark program:image-classification-tflite-loadgen --env.CK_SILENT_MODE=YES --skip_print_timers --dep_add_tags.compiler=gcc,v7 --dep_add_tags.python=v3 --dep_add_tags.mlperf-inference-src=r2.0 --dep_add_tags.weights=efficientnet,lite1,non-quantized --dep_add_tags.images=crop.875,preprocessed,using-opencv --dep_add_tags.library=tflite,v2.7.1,with.ruy --env.CK_LOADGEN_DATASET_SIZE=1024 --env.CK_LOADGEN_MODE=PerformanceOnly --env.CK_LOADGEN_SCENARIO=SingleStream --env.CK_LOADGEN_TARGET_LATENCY=$CK_LOADGEN_TARGET_LATENCY --skip_stat_analysis --process_multi_keys --repetitions=1 --record --record_repo=local --record_uoa=mlperf_v2.0-open-xavier-tflite-v2.7.1-ruy-efficientnet-lite1-non-quantized-singlestream-performance-target_latency.$CK_LOADGEN_TARGET_LATENCY-power.workload --tags=mlperf,round.v2.0,division.open,task.image-classification,platform.xavier,scenario.singlestream,mode.performance,workload.efficientnet-lite1-non-quantized,preprocessed_using.opencv,inference_engine.tflite,inference_engine_version.v2.7.1,inference_engine_backend.ruy,target_latency.$CK_LOADGEN_TARGET_LATENCY,power.workload\'}}" && cat `ck find program:image-classification-tflite-loadgen`/tmp/mlperf_log_summary.txt && mkdir -p "$CK_MLPERF_POWER_CLIENT_LOADGEN_LOGS" && cp "$CK_MLPERF_POWER_CLIENT_LOADGEN_LOGS"/../mlperf_log_* "$CK_MLPERF_POWER_CLIENT_LOADGEN_LOGS"/'
client 2022-02-14 14:11:14,748 [INFO] Sending command to the server: 'session,2022-02-14_14-00-27,stop,ranging'
client 2022-02-14 14:11:25,496 [INFO] Got response: 'OK'
client 2022-02-14 14:11:25,516 [INFO] Copying loadgen logs from '/home/katya/CK/ck-mlperf/program/image-classification-tflite-loadgen/tmp/loadgen_logs' to '/home/katya/CK/ck-mlperf/program/mlperf-power-client/tmp/2022-02-14_14-00-27/ranging'
client 2022-02-14 14:11:25,517 [INFO] Running workload in testing mode
client 2022-02-14 14:11:25,517 [INFO] Synchronizing with the server and with time.google.com...
client 2022-02-14 14:11:25,556 [INFO] NTP:offset = -0.008 s, delay = 0.036 s 
client 2022-02-14 14:11:25,557 [INFO] Sending command to the server: 'time'
client 2022-02-14 14:11:25,558 [INFO] Got response: '1644847885.549235'
client 2022-02-14 14:11:25,559 [INFO] The time difference between the client and the server is within range 7.984 ms..10.292 ms
client 2022-02-14 14:11:25,560 [INFO] Sending command to the server: 'session,2022-02-14_14-00-27,start,testing'
client 2022-02-14 14:11:38,578 [INFO] Got response: 'OK'
client 2022-02-14 14:11:38,579 [INFO] Running the workload 'ck benchmark program:image-classification-tflite-loadgen --env.CK_SILENT_MODE=YES --skip_print_timers --dep_add_tags.compiler=gcc,v7 --dep_add_tags.python=v3 --dep_add_tags.mlperf-inference-src=r2.0 --dep_add_tags.weights=efficientnet,lite1,non-quantized --dep_add_tags.images=crop.875,preprocessed,using-opencv --dep_add_tags.library=tflite,v2.7.1,with.ruy --env.CK_LOADGEN_DATASET_SIZE=1024 --env.CK_LOADGEN_MODE=PerformanceOnly --env.CK_LOADGEN_SCENARIO=SingleStream --env.CK_LOADGEN_TARGET_LATENCY=$CK_LOADGEN_TARGET_LATENCY --skip_stat_analysis --process_multi_keys --repetitions=1 --record --record_repo=local --record_uoa=mlperf_v2.0-open-xavier-tflite-v2.7.1-ruy-efficientnet-lite1-non-quantized-singlestream-performance-target_latency.$CK_LOADGEN_TARGET_LATENCY-power.workload --tags=mlperf,round.v2.0,division.open,task.image-classification,platform.xavier,scenario.singlestream,mode.performance,workload.efficientnet-lite1-non-quantized,preprocessed_using.opencv,inference_engine.tflite,inference_engine_version.v2.7.1,inference_engine_backend.ruy,target_latency.$CK_LOADGEN_TARGET_LATENCY,power.workload "@@@{\'meta\': {\'ck_benchmark_program\': \'ck benchmark program:image-classification-tflite-loadgen --env.CK_SILENT_MODE=YES --skip_print_timers --dep_add_tags.compiler=gcc,v7 --dep_add_tags.python=v3 --dep_add_tags.mlperf-inference-src=r2.0 --dep_add_tags.weights=efficientnet,lite1,non-quantized --dep_add_tags.images=crop.875,preprocessed,using-opencv --dep_add_tags.library=tflite,v2.7.1,with.ruy --env.CK_LOADGEN_DATASET_SIZE=1024 --env.CK_LOADGEN_MODE=PerformanceOnly --env.CK_LOADGEN_SCENARIO=SingleStream --env.CK_LOADGEN_TARGET_LATENCY=$CK_LOADGEN_TARGET_LATENCY --skip_stat_analysis --process_multi_keys --repetitions=1 --record --record_repo=local --record_uoa=mlperf_v2.0-open-xavier-tflite-v2.7.1-ruy-efficientnet-lite1-non-quantized-singlestream-performance-target_latency.$CK_LOADGEN_TARGET_LATENCY-power.workload --tags=mlperf,round.v2.0,division.open,task.image-classification,platform.xavier,scenario.singlestream,mode.performance,workload.efficientnet-lite1-non-quantized,preprocessed_using.opencv,inference_engine.tflite,inference_engine_version.v2.7.1,inference_engine_backend.ruy,target_latency.$CK_LOADGEN_TARGET_LATENCY,power.workload\'}}" && cat `ck find program:image-classification-tflite-loadgen`/tmp/mlperf_log_summary.txt && mkdir -p "$CK_MLPERF_POWER_CLIENT_LOADGEN_LOGS" && cp "$CK_MLPERF_POWER_CLIENT_LOADGEN_LOGS"/../mlperf_log_* "$CK_MLPERF_POWER_CLIENT_LOADGEN_LOGS"/'
client 2022-02-14 14:21:57,774 [INFO] Sending command to the server: 'session,2022-02-14_14-00-27,stop,testing'
client 2022-02-14 14:22:08,166 [INFO] Got response: 'OK'
client 2022-02-14 14:22:08,173 [INFO] Copying loadgen logs from '/home/katya/CK/ck-mlperf/program/image-classification-tflite-loadgen/tmp/loadgen_logs' to '/home/katya/CK/ck-mlperf/program/mlperf-power-client/tmp/2022-02-14_14-00-27/run_1'
client 2022-02-14 14:22:08,176 [INFO] Done runs
