ptd-server 2022-02-17 14:18:21,358 [INFO] Got command from the client 'time'
ptd-server 2022-02-17 14:18:21,358 [INFO] Sending reply to client '1645107501.3586917'
ptd-server 2022-02-17 14:18:21,359 [INFO] Got command from the client 'new,,9da88af1-cc44-4fac-9708-b6caa220d11c'
ptd-server 2022-02-17 14:18:21,360 [INFO] Sending reply to client 'OK 2022-02-17_14-18-21,87002efc-76b6-4772-91df-ad19f4f74b3b'
ptd-server 2022-02-17 14:18:21,398 [INFO] Got command from the client 'time'
ptd-server 2022-02-17 14:18:21,398 [INFO] Sending reply to client '1645107501.3984811'
ptd-server 2022-02-17 14:18:21,399 [INFO] Got command from the client 'session,2022-02-17_14-18-21,start,ranging'
ptd-server 2022-02-17 14:18:21,399 [INFO] Running PTDaemon: ['/home/anton/projects/mlperf/power/inference_v1.0/ptd-linux-x86', '-l', '/tmp/tmpgldyt7rr/ptd_logfile.txt', '-p', '8888', '49', '/dev/usbtmc0']
ptd-server 2022-02-17 14:18:38,573 [INFO] Sending to ptd: 'Hello'
ptd-server 2022-02-17 14:18:38,574 [INFO] Reply from ptd: 'Hello, PTDaemon here!'
ptd-server 2022-02-17 14:18:38,574 [INFO] Sending to ptd: 'Identify'
ptd-server 2022-02-17 14:18:38,574 [INFO] Reply from ptd: 'YokogawaWT310E,1000,1,1,1,1,0,1,1,version=1.9.2-e8c7a49a-20201208,OS=Linux 5.13.0-28-generic #31~20.04.1-Ubuntu SMP Wed Jan 19 14:08:10 UTC 2022 x86_64,mode=power,1,1,1,0,0,no_cal_date,YOKOGAWA;WT310E;C3XA04010E;F1.04'
ptd-server 2022-02-17 14:18:38,575 [INFO] Connected to PTDaemon
ptd-server 2022-02-17 14:18:38,575 [INFO] Sending to ptd: 'RR'
ptd-server 2022-02-17 14:18:38,575 [INFO] Reply from ptd: 'Ranges,0,0.500000,0,300.000000'
ptd-server 2022-02-17 14:18:38,575 [INFO] Initial range for Amps is 0.500000 for Volts is 300.000000
ptd-server 2022-02-17 14:18:38,575 [INFO] Sending to ptd: 'SR,V,Auto'
ptd-server 2022-02-17 14:18:39,078 [INFO] Reply from ptd: 'Range V changed'
ptd-server 2022-02-17 14:18:39,078 [INFO] Sending to ptd: 'SR,A,Auto'
ptd-server 2022-02-17 14:18:39,580 [INFO] Reply from ptd: 'Range A changed'
ptd-server 2022-02-17 14:18:49,591 [INFO] Starting ranging mode
ptd-server 2022-02-17 14:18:49,591 [INFO] Sending to ptd: 'Go,1000,0,2022-02-17_14-18-21_ranging'
ptd-server 2022-02-17 14:18:49,591 [INFO] Reply from ptd: 'Starting untimed measurement, maximum 500000 samples at 1000ms with 0 rampup samples'
ptd-server 2022-02-17 14:18:49,591 [INFO] Sending reply to client 'OK'
ptd-server 2022-02-17 14:29:11,083 [INFO] Got command from the client 'session,2022-02-17_14-18-21,stop,ranging'
ptd-server 2022-02-17 14:29:21,092 [INFO] Sending to ptd: 'Stop'
ptd-server 2022-02-17 14:29:21,092 [INFO] Reply from ptd: 'Stopping untimed measurement'
ptd-server 2022-02-17 14:29:21,276 [INFO] Sending reply to client 'OK'
ptd-server 2022-02-17 14:29:21,348 [INFO] Got command from the client 'time'
ptd-server 2022-02-17 14:29:21,349 [INFO] Sending reply to client '1645108161.3491251'
ptd-server 2022-02-17 14:29:21,351 [INFO] Got command from the client 'session,2022-02-17_14-18-21,start,testing'
ptd-server 2022-02-17 14:29:21,351 [INFO] Sending to ptd: 'SR,V,251.280000'
ptd-server 2022-02-17 14:29:23,093 [INFO] Reply from ptd: 'Range V changed'
ptd-server 2022-02-17 14:29:23,093 [INFO] Sending to ptd: 'SR,A,0.067560'
ptd-server 2022-02-17 14:29:24,594 [INFO] Reply from ptd: 'Range A changed'
ptd-server 2022-02-17 14:29:34,604 [INFO] Starting testing mode
ptd-server 2022-02-17 14:29:34,605 [INFO] Sending to ptd: 'Go,1000,0,2022-02-17_14-18-21_testing'
ptd-server 2022-02-17 14:29:34,605 [INFO] Reply from ptd: 'Starting untimed measurement, maximum 500000 samples at 1000ms with 0 rampup samples'
ptd-server 2022-02-17 14:29:34,605 [INFO] Sending reply to client 'OK'
ptd-server 2022-02-17 14:39:56,882 [INFO] Got command from the client 'session,2022-02-17_14-18-21,stop,testing'
ptd-server 2022-02-17 14:40:06,892 [INFO] Sending to ptd: 'Stop'
ptd-server 2022-02-17 14:40:06,893 [INFO] Reply from ptd: 'Stopping untimed measurement'
ptd-server 2022-02-17 14:40:06,995 [INFO] Sending reply to client 'OK'
ptd-server 2022-02-17 14:40:07,014 [INFO] Got command from the client 'session,2022-02-17_14-18-21,done'
ptd-server 2022-02-17 14:40:07,014 [INFO] Sending to ptd: 'Stop'
ptd-server 2022-02-17 14:40:07,605 [INFO] Reply from ptd: 'Error: no measurement to stop'
ptd-server 2022-02-17 14:40:07,606 [INFO] Sending to ptd: 'SR,V,300.000000'
ptd-server 2022-02-17 14:40:09,107 [INFO] Reply from ptd: 'Range V changed'
ptd-server 2022-02-17 14:40:09,107 [INFO] Sending to ptd: 'SR,A,0.500000'
ptd-server 2022-02-17 14:40:10,608 [INFO] Reply from ptd: 'Range A changed'
ptd-server 2022-02-17 14:40:10,609 [INFO] Set initial values for Amps 0.500000 and Volts 300.000000
ptd-server 2022-02-17 14:40:10,609 [INFO] Stopping ptd...
