ptd-server 2022-02-21 02:58:09,168 [INFO] Got command from the client 'time'
ptd-server 2022-02-21 02:58:09,168 [INFO] Sending reply to client '1645412289.1685798'
ptd-server 2022-02-21 02:58:09,170 [INFO] Got command from the client 'new,,b30663d6-6746-4155-a581-049d3935a4b8'
ptd-server 2022-02-21 02:58:09,170 [INFO] Sending reply to client 'OK 2022-02-21_02-58-09,986e7b00-4f5f-4751-98d8-817dd4273513'
ptd-server 2022-02-21 02:58:09,208 [INFO] Got command from the client 'time'
ptd-server 2022-02-21 02:58:09,208 [INFO] Sending reply to client '1645412289.2082539'
ptd-server 2022-02-21 02:58:09,209 [INFO] Got command from the client 'session,2022-02-21_02-58-09,start,ranging'
ptd-server 2022-02-21 02:58:09,209 [INFO] Running PTDaemon: ['/home/anton/projects/mlperf/power/inference_v1.0/ptd-linux-x86', '-l', '/tmp/tmpgldyt7rr/ptd_logfile.txt', '-p', '8888', '49', '/dev/usbtmc0']
ptd-server 2022-02-21 02:58:26,382 [INFO] Sending to ptd: 'Hello'
ptd-server 2022-02-21 02:58:26,383 [INFO] Reply from ptd: 'Hello, PTDaemon here!'
ptd-server 2022-02-21 02:58:26,383 [INFO] Sending to ptd: 'Identify'
ptd-server 2022-02-21 02:58:26,383 [INFO] Reply from ptd: 'YokogawaWT310E,1000,1,1,1,1,0,1,1,version=1.9.2-e8c7a49a-20201208,OS=Linux 5.13.0-28-generic #31~20.04.1-Ubuntu SMP Wed Jan 19 14:08:10 UTC 2022 x86_64,mode=power,1,1,1,0,0,no_cal_date,YOKOGAWA;WT310E;C3XA04010E;F1.04'
ptd-server 2022-02-21 02:58:26,384 [INFO] Connected to PTDaemon
ptd-server 2022-02-21 02:58:26,384 [INFO] Sending to ptd: 'RR'
ptd-server 2022-02-21 02:58:26,384 [INFO] Reply from ptd: 'Ranges,0,0.500000,0,300.000000'
ptd-server 2022-02-21 02:58:26,384 [INFO] Initial range for Amps is 0.500000 for Volts is 300.000000
ptd-server 2022-02-21 02:58:26,384 [INFO] Sending to ptd: 'SR,V,Auto'
ptd-server 2022-02-21 02:58:26,887 [INFO] Reply from ptd: 'Range V changed'
ptd-server 2022-02-21 02:58:26,887 [INFO] Sending to ptd: 'SR,A,Auto'
ptd-server 2022-02-21 02:58:27,390 [INFO] Reply from ptd: 'Range A changed'
ptd-server 2022-02-21 02:58:37,400 [INFO] Starting ranging mode
ptd-server 2022-02-21 02:58:37,400 [INFO] Sending to ptd: 'Go,1000,0,2022-02-21_02-58-09_ranging'
ptd-server 2022-02-21 02:58:37,400 [INFO] Reply from ptd: 'Starting untimed measurement, maximum 500000 samples at 1000ms with 0 rampup samples'
ptd-server 2022-02-21 02:58:37,401 [INFO] Sending reply to client 'OK'
ptd-server 2022-02-21 03:08:59,491 [INFO] Got command from the client 'session,2022-02-21_02-58-09,stop,ranging'
ptd-server 2022-02-21 03:09:09,501 [INFO] Sending to ptd: 'Stop'
ptd-server 2022-02-21 03:09:09,502 [INFO] Reply from ptd: 'Stopping untimed measurement'
ptd-server 2022-02-21 03:09:10,054 [INFO] Sending reply to client 'OK'
ptd-server 2022-02-21 03:09:10,127 [INFO] Got command from the client 'time'
ptd-server 2022-02-21 03:09:10,127 [INFO] Sending reply to client '1645412950.127689'
ptd-server 2022-02-21 03:09:10,128 [INFO] Got command from the client 'session,2022-02-21_02-58-09,start,testing'
ptd-server 2022-02-21 03:09:10,129 [INFO] Sending to ptd: 'SR,V,249.960000'
ptd-server 2022-02-21 03:09:11,902 [INFO] Reply from ptd: 'Range V changed'
ptd-server 2022-02-21 03:09:11,902 [INFO] Sending to ptd: 'SR,A,0.041880'
ptd-server 2022-02-21 03:09:13,404 [INFO] Reply from ptd: 'Range A changed'
ptd-server 2022-02-21 03:09:23,414 [INFO] Starting testing mode
ptd-server 2022-02-21 03:09:23,414 [INFO] Sending to ptd: 'Go,1000,0,2022-02-21_02-58-09_testing'
ptd-server 2022-02-21 03:09:23,414 [INFO] Reply from ptd: 'Starting untimed measurement, maximum 500000 samples at 1000ms with 0 rampup samples'
ptd-server 2022-02-21 03:09:23,415 [INFO] Sending reply to client 'OK'
ptd-server 2022-02-21 03:19:46,481 [INFO] Got command from the client 'session,2022-02-21_02-58-09,stop,testing'
ptd-server 2022-02-21 03:19:56,491 [INFO] Sending to ptd: 'Stop'
ptd-server 2022-02-21 03:19:56,491 [INFO] Reply from ptd: 'Stopping untimed measurement'
ptd-server 2022-02-21 03:19:56,776 [INFO] Sending reply to client 'OK'
ptd-server 2022-02-21 03:19:56,799 [INFO] Got command from the client 'session,2022-02-21_02-58-09,done'
ptd-server 2022-02-21 03:19:56,799 [INFO] Sending to ptd: 'Stop'
ptd-server 2022-02-21 03:19:57,415 [INFO] Reply from ptd: 'Error: no measurement to stop'
ptd-server 2022-02-21 03:19:57,415 [INFO] Sending to ptd: 'SR,V,300.000000'
ptd-server 2022-02-21 03:19:58,916 [INFO] Reply from ptd: 'Range V changed'
ptd-server 2022-02-21 03:19:58,917 [INFO] Sending to ptd: 'SR,A,0.500000'
ptd-server 2022-02-21 03:20:00,418 [INFO] Reply from ptd: 'Range A changed'
ptd-server 2022-02-21 03:20:00,418 [INFO] Set initial values for Amps 0.500000 and Volts 300.000000
ptd-server 2022-02-21 03:20:00,418 [INFO] Stopping ptd...
