ptd-server 2022-02-16 15:06:46,789 [INFO] Got command from the client 'time'
ptd-server 2022-02-16 15:06:46,789 [INFO] Sending reply to client '1645024006.7895606'
ptd-server 2022-02-16 15:06:46,790 [INFO] Got command from the client 'new,,2490e3c1-6d42-44d9-807e-45f95389381c'
ptd-server 2022-02-16 15:06:46,791 [INFO] Sending reply to client 'OK 2022-02-16_15-06-46,679b6e52-e93a-4573-b2ef-5af5276dbf62'
ptd-server 2022-02-16 15:06:46,828 [INFO] Got command from the client 'time'
ptd-server 2022-02-16 15:06:46,828 [INFO] Sending reply to client '1645024006.828549'
ptd-server 2022-02-16 15:06:46,829 [INFO] Got command from the client 'session,2022-02-16_15-06-46,start,ranging'
ptd-server 2022-02-16 15:06:46,830 [INFO] Running PTDaemon: ['/home/anton/projects/mlperf/power/inference_v1.0/ptd-linux-x86', '-l', '/tmp/tmpgldyt7rr/ptd_logfile.txt', '-p', '8888', '49', '/dev/usbtmc0']
ptd-server 2022-02-16 15:07:04,002 [INFO] Sending to ptd: 'Hello'
ptd-server 2022-02-16 15:07:04,003 [INFO] Reply from ptd: 'Hello, PTDaemon here!'
ptd-server 2022-02-16 15:07:04,003 [INFO] Sending to ptd: 'Identify'
ptd-server 2022-02-16 15:07:04,003 [INFO] Reply from ptd: 'YokogawaWT310E,1000,1,1,1,1,0,1,1,version=1.9.2-e8c7a49a-20201208,OS=Linux 5.13.0-28-generic #31~20.04.1-Ubuntu SMP Wed Jan 19 14:08:10 UTC 2022 x86_64,mode=power,1,1,1,0,0,no_cal_date,YOKOGAWA;WT310E;C3XA04010E;F1.04'
ptd-server 2022-02-16 15:07:04,003 [INFO] Connected to PTDaemon
ptd-server 2022-02-16 15:07:04,004 [INFO] Sending to ptd: 'RR'
ptd-server 2022-02-16 15:07:04,004 [INFO] Reply from ptd: 'Ranges,0,0.500000,0,300.000000'
ptd-server 2022-02-16 15:07:04,004 [INFO] Initial range for Amps is 0.500000 for Volts is 300.000000
ptd-server 2022-02-16 15:07:04,004 [INFO] Sending to ptd: 'SR,V,Auto'
ptd-server 2022-02-16 15:07:04,507 [INFO] Reply from ptd: 'Range V changed'
ptd-server 2022-02-16 15:07:04,507 [INFO] Sending to ptd: 'SR,A,Auto'
ptd-server 2022-02-16 15:07:05,009 [INFO] Reply from ptd: 'Range A changed'
ptd-server 2022-02-16 15:07:15,020 [INFO] Starting ranging mode
ptd-server 2022-02-16 15:07:15,020 [INFO] Sending to ptd: 'Go,1000,0,2022-02-16_15-06-46_ranging'
ptd-server 2022-02-16 15:07:15,020 [INFO] Reply from ptd: 'Starting untimed measurement, maximum 500000 samples at 1000ms with 0 rampup samples'
ptd-server 2022-02-16 15:07:15,020 [INFO] Sending reply to client 'OK'
ptd-server 2022-02-16 15:17:37,136 [INFO] Got command from the client 'session,2022-02-16_15-06-46,stop,ranging'
ptd-server 2022-02-16 15:17:47,147 [INFO] Sending to ptd: 'Stop'
ptd-server 2022-02-16 15:17:47,147 [INFO] Reply from ptd: 'Stopping untimed measurement'
ptd-server 2022-02-16 15:17:47,188 [INFO] Sending reply to client 'OK'
ptd-server 2022-02-16 15:17:47,260 [INFO] Got command from the client 'time'
ptd-server 2022-02-16 15:17:47,261 [INFO] Sending reply to client '1645024667.2610116'
ptd-server 2022-02-16 15:17:47,262 [INFO] Got command from the client 'session,2022-02-16_15-06-46,start,testing'
ptd-server 2022-02-16 15:17:47,262 [INFO] Sending to ptd: 'SR,V,249.900000'
ptd-server 2022-02-16 15:17:49,522 [INFO] Reply from ptd: 'Range V changed'
ptd-server 2022-02-16 15:17:49,522 [INFO] Sending to ptd: 'SR,A,0.051360'
ptd-server 2022-02-16 15:17:51,023 [INFO] Reply from ptd: 'Range A changed'
ptd-server 2022-02-16 15:18:01,034 [INFO] Starting testing mode
ptd-server 2022-02-16 15:18:01,034 [INFO] Sending to ptd: 'Go,1000,0,2022-02-16_15-06-46_testing'
ptd-server 2022-02-16 15:18:01,034 [INFO] Reply from ptd: 'Starting untimed measurement, maximum 500000 samples at 1000ms with 0 rampup samples'
ptd-server 2022-02-16 15:18:01,034 [INFO] Sending reply to client 'OK'
ptd-server 2022-02-16 15:28:20,039 [INFO] Got command from the client 'session,2022-02-16_15-06-46,stop,testing'
ptd-server 2022-02-16 15:28:30,043 [INFO] Sending to ptd: 'Stop'
ptd-server 2022-02-16 15:28:30,044 [INFO] Reply from ptd: 'Stopping untimed measurement'
ptd-server 2022-02-16 15:28:30,068 [INFO] Sending reply to client 'OK'
ptd-server 2022-02-16 15:28:30,091 [INFO] Got command from the client 'session,2022-02-16_15-06-46,done'
ptd-server 2022-02-16 15:28:30,091 [INFO] Sending to ptd: 'Stop'
ptd-server 2022-02-16 15:28:31,035 [INFO] Reply from ptd: 'Error: no measurement to stop'
ptd-server 2022-02-16 15:28:31,035 [INFO] Sending to ptd: 'SR,V,300.000000'
ptd-server 2022-02-16 15:28:32,536 [INFO] Reply from ptd: 'Range V changed'
ptd-server 2022-02-16 15:28:32,537 [INFO] Sending to ptd: 'SR,A,0.500000'
ptd-server 2022-02-16 15:28:34,038 [INFO] Reply from ptd: 'Range A changed'
ptd-server 2022-02-16 15:28:34,038 [INFO] Set initial values for Amps 0.500000 and Volts 300.000000
ptd-server 2022-02-16 15:28:34,038 [INFO] Stopping ptd...
