ptd-server 2022-02-15 17:14:58,009 [INFO] Got command from the client 'time'
ptd-server 2022-02-15 17:14:58,009 [INFO] Sending reply to client '1644945298.0099654'
ptd-server 2022-02-15 17:14:58,011 [INFO] Got command from the client 'new,,2d0c39c9-99aa-4a74-8d08-0e58909e91c5'
ptd-server 2022-02-15 17:14:58,012 [INFO] Sending reply to client 'OK 2022-02-15_17-14-58,327a0007-c0d4-4f55-a4f6-f31278f12cc8'
ptd-server 2022-02-15 17:14:58,060 [INFO] Got command from the client 'time'
ptd-server 2022-02-15 17:14:58,060 [INFO] Sending reply to client '1644945298.0608919'
ptd-server 2022-02-15 17:14:58,062 [INFO] Got command from the client 'session,2022-02-15_17-14-58,start,ranging'
ptd-server 2022-02-15 17:14:58,063 [INFO] Running PTDaemon: ['/home/anton/projects/mlperf/power/inference_v1.0/ptd-linux-x86', '-l', '/tmp/tmpxvec0g6h/ptd_logfile.txt', '-p', '8888', '49', '/dev/usbtmc0']
ptd-server 2022-02-15 17:15:15,236 [INFO] Sending to ptd: 'Hello'
ptd-server 2022-02-15 17:15:15,237 [INFO] Reply from ptd: 'Hello, PTDaemon here!'
ptd-server 2022-02-15 17:15:15,237 [INFO] Sending to ptd: 'Identify'
ptd-server 2022-02-15 17:15:15,238 [INFO] Reply from ptd: 'YokogawaWT310E,1000,1,1,1,1,0,1,1,version=1.9.2-e8c7a49a-20201208,OS=Linux 5.13.0-27-generic #29~20.04.1-Ubuntu SMP Fri Jan 14 00:32:30 UTC 2022 x86_64,mode=power,1,1,1,0,0,no_cal_date,YOKOGAWA;WT310E;C3XA04010E;F1.04'
ptd-server 2022-02-15 17:15:15,238 [INFO] Connected to PTDaemon
ptd-server 2022-02-15 17:15:15,238 [INFO] Sending to ptd: 'RR'
ptd-server 2022-02-15 17:15:15,238 [INFO] Reply from ptd: 'Ranges,0,0.500000,0,300.000000'
ptd-server 2022-02-15 17:15:15,238 [INFO] Initial range for Amps is 0.500000 for Volts is 300.000000
ptd-server 2022-02-15 17:15:15,239 [INFO] Sending to ptd: 'SR,V,Auto'
ptd-server 2022-02-15 17:15:15,741 [INFO] Reply from ptd: 'Range V changed'
ptd-server 2022-02-15 17:15:15,741 [INFO] Sending to ptd: 'SR,A,Auto'
ptd-server 2022-02-15 17:15:16,244 [INFO] Reply from ptd: 'Range A changed'
ptd-server 2022-02-15 17:15:26,254 [INFO] Starting ranging mode
ptd-server 2022-02-15 17:15:26,254 [INFO] Sending to ptd: 'Go,1000,0,2022-02-15_17-14-58_ranging'
ptd-server 2022-02-15 17:15:26,255 [INFO] Reply from ptd: 'Starting untimed measurement, maximum 500000 samples at 1000ms with 0 rampup samples'
ptd-server 2022-02-15 17:15:26,255 [INFO] Sending reply to client 'OK'
ptd-server 2022-02-15 17:25:45,678 [INFO] Got command from the client 'session,2022-02-15_17-14-58,stop,ranging'
ptd-server 2022-02-15 17:25:55,688 [INFO] Sending to ptd: 'Stop'
ptd-server 2022-02-15 17:25:55,689 [INFO] Reply from ptd: 'Stopping untimed measurement'
ptd-server 2022-02-15 17:25:56,553 [INFO] Sending reply to client 'OK'
ptd-server 2022-02-15 17:25:56,607 [INFO] Got command from the client 'time'
ptd-server 2022-02-15 17:25:56,607 [INFO] Sending reply to client '1644945956.6074648'
ptd-server 2022-02-15 17:25:56,609 [INFO] Got command from the client 'session,2022-02-15_17-14-58,start,testing'
ptd-server 2022-02-15 17:25:56,610 [INFO] Sending to ptd: 'SR,V,247.690000'
ptd-server 2022-02-15 17:25:58,111 [INFO] Reply from ptd: 'Range V changed'
ptd-server 2022-02-15 17:25:58,111 [INFO] Sending to ptd: 'SR,A,0.187260'
ptd-server 2022-02-15 17:25:59,612 [INFO] Reply from ptd: 'Range A changed'
ptd-server 2022-02-15 17:26:09,623 [INFO] Starting testing mode
ptd-server 2022-02-15 17:26:09,623 [INFO] Sending to ptd: 'Go,1000,0,2022-02-15_17-14-58_testing'
ptd-server 2022-02-15 17:26:09,623 [INFO] Reply from ptd: 'Starting untimed measurement, maximum 500000 samples at 1000ms with 0 rampup samples'
ptd-server 2022-02-15 17:26:09,624 [INFO] Sending reply to client 'OK'
ptd-server 2022-02-15 17:36:28,846 [INFO] Got command from the client 'session,2022-02-15_17-14-58,stop,testing'
ptd-server 2022-02-15 17:36:38,856 [INFO] Sending to ptd: 'Stop'
ptd-server 2022-02-15 17:36:38,857 [INFO] Reply from ptd: 'Stopping untimed measurement'
ptd-server 2022-02-15 17:36:39,316 [INFO] Sending reply to client 'OK'
ptd-server 2022-02-15 17:36:39,335 [INFO] Got command from the client 'session,2022-02-15_17-14-58,done'
ptd-server 2022-02-15 17:36:39,335 [INFO] Sending to ptd: 'Stop'
ptd-server 2022-02-15 17:36:39,623 [INFO] Reply from ptd: 'Error: no measurement to stop'
ptd-server 2022-02-15 17:36:39,623 [INFO] Sending to ptd: 'SR,V,300.000000'
ptd-server 2022-02-15 17:36:41,125 [INFO] Reply from ptd: 'Range V changed'
ptd-server 2022-02-15 17:36:41,125 [INFO] Sending to ptd: 'SR,A,0.500000'
ptd-server 2022-02-15 17:36:42,627 [INFO] Reply from ptd: 'Range A changed'
ptd-server 2022-02-15 17:36:42,627 [INFO] Set initial values for Amps 0.500000 and Volts 300.000000
ptd-server 2022-02-15 17:36:42,627 [INFO] Stopping ptd...
