ptd-server 2022-02-14 02:50:37,260 [INFO] Got command from the client 'time'
ptd-server 2022-02-14 02:50:37,260 [INFO] Sending reply to client '1644807037.2609465'
ptd-server 2022-02-14 02:50:37,263 [INFO] Got command from the client 'new,,aa47dde4-4048-4a71-b314-03bb18b986f4'
ptd-server 2022-02-14 02:50:37,264 [INFO] Sending reply to client 'OK 2022-02-14_02-50-37,15e43471-5435-4641-80d4-70074204387f'
ptd-server 2022-02-14 02:50:37,306 [INFO] Got command from the client 'time'
ptd-server 2022-02-14 02:50:37,306 [INFO] Sending reply to client '1644807037.3063211'
ptd-server 2022-02-14 02:50:37,308 [INFO] Got command from the client 'session,2022-02-14_02-50-37,start,ranging'
ptd-server 2022-02-14 02:50:37,308 [INFO] Running PTDaemon: ['/home/anton/projects/mlperf/power/inference_v1.0/ptd-linux-x86', '-l', '/tmp/tmpxvec0g6h/ptd_logfile.txt', '-p', '8888', '49', '/dev/usbtmc0']
ptd-server 2022-02-14 02:50:54,480 [INFO] Sending to ptd: 'Hello'
ptd-server 2022-02-14 02:50:54,481 [INFO] Reply from ptd: 'Hello, PTDaemon here!'
ptd-server 2022-02-14 02:50:54,481 [INFO] Sending to ptd: 'Identify'
ptd-server 2022-02-14 02:50:54,481 [INFO] Reply from ptd: 'YokogawaWT310E,1000,1,1,1,1,0,1,1,version=1.9.2-e8c7a49a-20201208,OS=Linux 5.13.0-27-generic #29~20.04.1-Ubuntu SMP Fri Jan 14 00:32:30 UTC 2022 x86_64,mode=power,1,1,1,0,0,no_cal_date,YOKOGAWA;WT310E;C3XA04010E;F1.04'
ptd-server 2022-02-14 02:50:54,482 [INFO] Connected to PTDaemon
ptd-server 2022-02-14 02:50:54,482 [INFO] Sending to ptd: 'RR'
ptd-server 2022-02-14 02:50:54,482 [INFO] Reply from ptd: 'Ranges,0,0.500000,0,300.000000'
ptd-server 2022-02-14 02:50:54,482 [INFO] Initial range for Amps is 0.500000 for Volts is 300.000000
ptd-server 2022-02-14 02:50:54,482 [INFO] Sending to ptd: 'SR,V,Auto'
ptd-server 2022-02-14 02:50:54,985 [INFO] Reply from ptd: 'Range V changed'
ptd-server 2022-02-14 02:50:54,985 [INFO] Sending to ptd: 'SR,A,Auto'
ptd-server 2022-02-14 02:50:55,487 [INFO] Reply from ptd: 'Range A changed'
ptd-server 2022-02-14 02:51:05,498 [INFO] Starting ranging mode
ptd-server 2022-02-14 02:51:05,498 [INFO] Sending to ptd: 'Go,1000,0,2022-02-14_02-50-37_ranging'
ptd-server 2022-02-14 02:51:05,498 [INFO] Reply from ptd: 'Starting untimed measurement, maximum 500000 samples at 1000ms with 0 rampup samples'
ptd-server 2022-02-14 02:51:05,499 [INFO] Sending reply to client 'OK'
ptd-server 2022-02-14 03:01:21,330 [INFO] Got command from the client 'session,2022-02-14_02-50-37,stop,ranging'
ptd-server 2022-02-14 03:01:31,341 [INFO] Sending to ptd: 'Stop'
ptd-server 2022-02-14 03:01:31,341 [INFO] Reply from ptd: 'Stopping untimed measurement'
ptd-server 2022-02-14 03:01:32,025 [INFO] Sending reply to client 'OK'
ptd-server 2022-02-14 03:01:32,086 [INFO] Got command from the client 'time'
ptd-server 2022-02-14 03:01:32,086 [INFO] Sending reply to client '1644807692.0863981'
ptd-server 2022-02-14 03:01:32,088 [INFO] Got command from the client 'session,2022-02-14_02-50-37,start,testing'
ptd-server 2022-02-14 03:01:32,088 [INFO] Sending to ptd: 'SR,V,251.570000'
ptd-server 2022-02-14 03:01:33,590 [INFO] Reply from ptd: 'Range V changed'
ptd-server 2022-02-14 03:01:33,590 [INFO] Sending to ptd: 'SR,A,0.151230'
ptd-server 2022-02-14 03:01:35,091 [INFO] Reply from ptd: 'Range A changed'
ptd-server 2022-02-14 03:01:45,101 [INFO] Starting testing mode
ptd-server 2022-02-14 03:01:45,102 [INFO] Sending to ptd: 'Go,1000,0,2022-02-14_02-50-37_testing'
ptd-server 2022-02-14 03:01:45,102 [INFO] Reply from ptd: 'Starting untimed measurement, maximum 500000 samples at 1000ms with 0 rampup samples'
ptd-server 2022-02-14 03:01:45,102 [INFO] Sending reply to client 'OK'
ptd-server 2022-02-14 03:12:00,673 [INFO] Got command from the client 'session,2022-02-14_02-50-37,stop,testing'
ptd-server 2022-02-14 03:12:10,683 [INFO] Sending to ptd: 'Stop'
ptd-server 2022-02-14 03:12:10,684 [INFO] Reply from ptd: 'Stopping untimed measurement'
ptd-server 2022-02-14 03:12:11,032 [INFO] Sending reply to client 'OK'
ptd-server 2022-02-14 03:12:11,052 [INFO] Got command from the client 'session,2022-02-14_02-50-37,done'
ptd-server 2022-02-14 03:12:11,052 [INFO] Sending to ptd: 'Stop'
ptd-server 2022-02-14 03:12:11,103 [INFO] Reply from ptd: 'Error: no measurement to stop'
ptd-server 2022-02-14 03:12:11,103 [INFO] Sending to ptd: 'SR,V,300.000000'
ptd-server 2022-02-14 03:12:12,604 [INFO] Reply from ptd: 'Range V changed'
ptd-server 2022-02-14 03:12:12,604 [INFO] Sending to ptd: 'SR,A,0.500000'
ptd-server 2022-02-14 03:12:14,106 [INFO] Reply from ptd: 'Range A changed'
ptd-server 2022-02-14 03:12:14,106 [INFO] Set initial values for Amps 0.500000 and Volts 300.000000
ptd-server 2022-02-14 03:12:14,106 [INFO] Stopping ptd...
