ptd-server 2022-02-24 15:04:35,480 [INFO] Got command from the client 'time'
ptd-server 2022-02-24 15:04:35,480 [INFO] Sending reply to client '1645715075.4807718'
ptd-server 2022-02-24 15:04:35,482 [INFO] Got command from the client 'new,,04fe778b-cc9d-49c4-9310-29bf6e413948'
ptd-server 2022-02-24 15:04:35,483 [INFO] Sending reply to client 'OK 2022-02-24_15-04-35,1fcb06dc-248c-4455-850a-ad05d63e06f9'
ptd-server 2022-02-24 15:04:35,530 [INFO] Got command from the client 'time'
ptd-server 2022-02-24 15:04:35,530 [INFO] Sending reply to client '1645715075.5308123'
ptd-server 2022-02-24 15:04:35,533 [INFO] Got command from the client 'session,2022-02-24_15-04-35,start,ranging'
ptd-server 2022-02-24 15:04:35,533 [INFO] Running PTDaemon: ['/home/anton/projects/mlperf/power/inference_v1.0/ptd-linux-x86', '-l', '/tmp/tmp0_fn53vp/ptd_logfile.txt', '-p', '8888', '49', '/dev/usbtmc0']
ptd-server 2022-02-24 15:04:52,707 [INFO] Sending to ptd: 'Hello'
ptd-server 2022-02-24 15:04:52,708 [INFO] Reply from ptd: 'Hello, PTDaemon here!'
ptd-server 2022-02-24 15:04:52,708 [INFO] Sending to ptd: 'Identify'
ptd-server 2022-02-24 15:04:52,708 [INFO] Reply from ptd: 'YokogawaWT310E,1000,1,1,1,1,0,1,1,version=1.9.2-e8c7a49a-20201208,OS=Linux 5.13.0-30-generic #33~20.04.1-Ubuntu SMP Mon Feb 7 14:25:10 UTC 2022 x86_64,mode=power,1,1,1,0,0,no_cal_date,YOKOGAWA;WT310E;C3XA04010E;F1.04'
ptd-server 2022-02-24 15:04:52,708 [INFO] Connected to PTDaemon
ptd-server 2022-02-24 15:04:52,708 [INFO] Sending to ptd: 'RR'
ptd-server 2022-02-24 15:04:52,709 [INFO] Reply from ptd: 'Ranges,0,0.500000,1,300.000000'
ptd-server 2022-02-24 15:04:52,709 [INFO] Initial range for Amps is 0.500000 for Volts is Auto
ptd-server 2022-02-24 15:04:52,709 [INFO] Sending to ptd: 'SR,V,Auto'
ptd-server 2022-02-24 15:04:53,212 [INFO] Reply from ptd: 'Range V changed'
ptd-server 2022-02-24 15:04:53,212 [INFO] Sending to ptd: 'SR,A,Auto'
ptd-server 2022-02-24 15:04:53,714 [INFO] Reply from ptd: 'Range A changed'
ptd-server 2022-02-24 15:05:03,725 [INFO] Starting ranging mode
ptd-server 2022-02-24 15:05:03,725 [INFO] Sending to ptd: 'Go,1000,0,2022-02-24_15-04-35_ranging'
ptd-server 2022-02-24 15:05:03,725 [INFO] Reply from ptd: 'Starting untimed measurement, maximum 500000 samples at 1000ms with 0 rampup samples'
ptd-server 2022-02-24 15:05:03,725 [INFO] Sending reply to client 'OK'
ptd-server 2022-02-24 15:15:26,814 [INFO] Got command from the client 'session,2022-02-24_15-04-35,stop,ranging'
ptd-server 2022-02-24 15:15:36,824 [INFO] Sending to ptd: 'Stop'
ptd-server 2022-02-24 15:15:36,824 [INFO] Reply from ptd: 'Stopping untimed measurement'
ptd-server 2022-02-24 15:15:36,957 [INFO] Sending reply to client 'OK'
ptd-server 2022-02-24 15:15:37,019 [INFO] Got command from the client 'time'
ptd-server 2022-02-24 15:15:37,019 [INFO] Sending reply to client '1645715737.019802'
ptd-server 2022-02-24 15:15:37,021 [INFO] Got command from the client 'session,2022-02-24_15-04-35,start,testing'
ptd-server 2022-02-24 15:15:37,022 [INFO] Sending to ptd: 'SR,V,248.790000'
ptd-server 2022-02-24 15:15:39,227 [INFO] Reply from ptd: 'Range V changed'
ptd-server 2022-02-24 15:15:39,227 [INFO] Sending to ptd: 'SR,A,0.044090'
ptd-server 2022-02-24 15:15:40,728 [INFO] Reply from ptd: 'Range A changed'
ptd-server 2022-02-24 15:15:50,739 [INFO] Starting testing mode
ptd-server 2022-02-24 15:15:50,739 [INFO] Sending to ptd: 'Go,1000,0,2022-02-24_15-04-35_testing'
ptd-server 2022-02-24 15:15:50,739 [INFO] Reply from ptd: 'Starting untimed measurement, maximum 500000 samples at 1000ms with 0 rampup samples'
ptd-server 2022-02-24 15:15:50,739 [INFO] Sending reply to client 'OK'
ptd-server 2022-02-24 15:26:13,716 [INFO] Got command from the client 'session,2022-02-24_15-04-35,stop,testing'
ptd-server 2022-02-24 15:26:23,726 [INFO] Sending to ptd: 'Stop'
ptd-server 2022-02-24 15:26:23,727 [INFO] Reply from ptd: 'Stopping untimed measurement'
ptd-server 2022-02-24 15:26:23,794 [INFO] Sending reply to client 'OK'
ptd-server 2022-02-24 15:26:23,812 [INFO] Got command from the client 'session,2022-02-24_15-04-35,done'
ptd-server 2022-02-24 15:26:23,813 [INFO] Sending to ptd: 'Stop'
ptd-server 2022-02-24 15:26:23,813 [INFO] Reply from ptd: 'Error: no measurement to stop'
ptd-server 2022-02-24 15:26:23,813 [INFO] Sending to ptd: 'SR,V,Auto'
ptd-server 2022-02-24 15:26:24,316 [INFO] Reply from ptd: 'Range V changed'
ptd-server 2022-02-24 15:26:24,316 [INFO] Sending to ptd: 'SR,A,0.500000'
ptd-server 2022-02-24 15:26:25,817 [INFO] Reply from ptd: 'Range A changed'
ptd-server 2022-02-24 15:26:25,817 [INFO] Set initial values for Amps 0.500000 and Volts Auto
ptd-server 2022-02-24 15:26:25,818 [INFO] Stopping ptd...
