ptd-server 2022-02-19 19:16:58,234 [INFO] Got command from the client 'time'
ptd-server 2022-02-19 19:16:58,234 [INFO] Sending reply to client '1645298218.2342384'
ptd-server 2022-02-19 19:16:58,235 [INFO] Got command from the client 'new,,e4d22236-ef7d-4076-afe6-7d60faa206c6'
ptd-server 2022-02-19 19:16:58,235 [INFO] Sending reply to client 'OK 2022-02-19_19-16-58,0064b9b6-d091-4ab6-b30b-ff389b6e180b'
ptd-server 2022-02-19 19:16:58,264 [INFO] Got command from the client 'time'
ptd-server 2022-02-19 19:16:58,264 [INFO] Sending reply to client '1645298218.2642686'
ptd-server 2022-02-19 19:16:58,265 [INFO] Got command from the client 'session,2022-02-19_19-16-58,start,ranging'
ptd-server 2022-02-19 19:16:58,265 [INFO] Running PTDaemon: ['/home/anton/projects/mlperf/power/inference_v1.0/ptd-linux-x86', '-l', '/tmp/tmpgldyt7rr/ptd_logfile.txt', '-p', '8888', '49', '/dev/usbtmc0']
ptd-server 2022-02-19 19:17:15,430 [INFO] Sending to ptd: 'Hello'
ptd-server 2022-02-19 19:17:15,431 [INFO] Reply from ptd: 'Hello, PTDaemon here!'
ptd-server 2022-02-19 19:17:15,431 [INFO] Sending to ptd: 'Identify'
ptd-server 2022-02-19 19:17:15,431 [INFO] Reply from ptd: 'YokogawaWT310E,1000,1,1,1,1,0,1,1,version=1.9.2-e8c7a49a-20201208,OS=Linux 5.13.0-28-generic #31~20.04.1-Ubuntu SMP Wed Jan 19 14:08:10 UTC 2022 x86_64,mode=power,1,1,1,0,0,no_cal_date,YOKOGAWA;WT310E;C3XA04010E;F1.04'
ptd-server 2022-02-19 19:17:15,431 [INFO] Connected to PTDaemon
ptd-server 2022-02-19 19:17:15,431 [INFO] Sending to ptd: 'RR'
ptd-server 2022-02-19 19:17:15,432 [INFO] Reply from ptd: 'Ranges,0,0.500000,0,300.000000'
ptd-server 2022-02-19 19:17:15,432 [INFO] Initial range for Amps is 0.500000 for Volts is 300.000000
ptd-server 2022-02-19 19:17:15,432 [INFO] Sending to ptd: 'SR,V,Auto'
ptd-server 2022-02-19 19:17:15,934 [INFO] Reply from ptd: 'Range V changed'
ptd-server 2022-02-19 19:17:15,935 [INFO] Sending to ptd: 'SR,A,Auto'
ptd-server 2022-02-19 19:17:16,437 [INFO] Reply from ptd: 'Range A changed'
ptd-server 2022-02-19 19:17:26,447 [INFO] Starting ranging mode
ptd-server 2022-02-19 19:17:26,448 [INFO] Sending to ptd: 'Go,1000,0,2022-02-19_19-16-58_ranging'
ptd-server 2022-02-19 19:17:26,448 [INFO] Reply from ptd: 'Starting untimed measurement, maximum 500000 samples at 1000ms with 0 rampup samples'
ptd-server 2022-02-19 19:17:26,448 [INFO] Sending reply to client 'OK'
ptd-server 2022-02-19 19:27:48,142 [INFO] Got command from the client 'session,2022-02-19_19-16-58,stop,ranging'
ptd-server 2022-02-19 19:27:58,152 [INFO] Sending to ptd: 'Stop'
ptd-server 2022-02-19 19:27:58,152 [INFO] Reply from ptd: 'Stopping untimed measurement'
ptd-server 2022-02-19 19:27:58,553 [INFO] Sending reply to client 'OK'
ptd-server 2022-02-19 19:27:58,624 [INFO] Got command from the client 'time'
ptd-server 2022-02-19 19:27:58,624 [INFO] Sending reply to client '1645298878.6244915'
ptd-server 2022-02-19 19:27:58,626 [INFO] Got command from the client 'session,2022-02-19_19-16-58,start,testing'
ptd-server 2022-02-19 19:27:58,626 [INFO] Sending to ptd: 'SR,V,249.930000'
ptd-server 2022-02-19 19:28:00,127 [INFO] Reply from ptd: 'Range V changed'
ptd-server 2022-02-19 19:28:00,127 [INFO] Sending to ptd: 'SR,A,0.066280'
ptd-server 2022-02-19 19:28:01,629 [INFO] Reply from ptd: 'Range A changed'
ptd-server 2022-02-19 19:28:11,634 [INFO] Starting testing mode
ptd-server 2022-02-19 19:28:11,634 [INFO] Sending to ptd: 'Go,1000,0,2022-02-19_19-16-58_testing'
ptd-server 2022-02-19 19:28:11,635 [INFO] Reply from ptd: 'Starting untimed measurement, maximum 500000 samples at 1000ms with 0 rampup samples'
ptd-server 2022-02-19 19:28:11,635 [INFO] Sending reply to client 'OK'
ptd-server 2022-02-19 19:38:34,297 [INFO] Got command from the client 'session,2022-02-19_19-16-58,stop,testing'
ptd-server 2022-02-19 19:38:44,307 [INFO] Sending to ptd: 'Stop'
ptd-server 2022-02-19 19:38:44,307 [INFO] Reply from ptd: 'Stopping untimed measurement'
ptd-server 2022-02-19 19:38:44,509 [INFO] Sending reply to client 'OK'
ptd-server 2022-02-19 19:38:44,528 [INFO] Got command from the client 'session,2022-02-19_19-16-58,done'
ptd-server 2022-02-19 19:38:44,528 [INFO] Sending to ptd: 'Stop'
ptd-server 2022-02-19 19:38:44,635 [INFO] Reply from ptd: 'Error: no measurement to stop'
ptd-server 2022-02-19 19:38:44,635 [INFO] Sending to ptd: 'SR,V,300.000000'
ptd-server 2022-02-19 19:38:46,137 [INFO] Reply from ptd: 'Range V changed'
ptd-server 2022-02-19 19:38:46,137 [INFO] Sending to ptd: 'SR,A,0.500000'
ptd-server 2022-02-19 19:38:47,638 [INFO] Reply from ptd: 'Range A changed'
ptd-server 2022-02-19 19:38:47,638 [INFO] Set initial values for Amps 0.500000 and Volts 300.000000
ptd-server 2022-02-19 19:38:47,638 [INFO] Stopping ptd...
