ptd-server 2022-02-19 06:20:42,686 [INFO] Got command from the client 'time'
ptd-server 2022-02-19 06:20:42,686 [INFO] Sending reply to client '1645251642.6866717'
ptd-server 2022-02-19 06:20:42,688 [INFO] Got command from the client 'new,,9b9aa714-93db-4e98-bc16-c49f380d8b27'
ptd-server 2022-02-19 06:20:42,689 [INFO] Sending reply to client 'OK 2022-02-19_06-20-42,ffcd9595-b79f-4dd4-8777-6411ddbe28a6'
ptd-server 2022-02-19 06:20:42,727 [INFO] Got command from the client 'time'
ptd-server 2022-02-19 06:20:42,728 [INFO] Sending reply to client '1645251642.7281446'
ptd-server 2022-02-19 06:20:42,731 [INFO] Got command from the client 'session,2022-02-19_06-20-42,start,ranging'
ptd-server 2022-02-19 06:20:42,732 [INFO] Running PTDaemon: ['/home/anton/projects/mlperf/power/inference_v1.0/ptd-linux-x86', '-l', '/tmp/tmpgldyt7rr/ptd_logfile.txt', '-p', '8888', '49', '/dev/usbtmc0']
ptd-server 2022-02-19 06:20:59,904 [INFO] Sending to ptd: 'Hello'
ptd-server 2022-02-19 06:20:59,904 [INFO] Reply from ptd: 'Hello, PTDaemon here!'
ptd-server 2022-02-19 06:20:59,905 [INFO] Sending to ptd: 'Identify'
ptd-server 2022-02-19 06:20:59,905 [INFO] Reply from ptd: 'YokogawaWT310E,1000,1,1,1,1,0,1,1,version=1.9.2-e8c7a49a-20201208,OS=Linux 5.13.0-28-generic #31~20.04.1-Ubuntu SMP Wed Jan 19 14:08:10 UTC 2022 x86_64,mode=power,1,1,1,0,0,no_cal_date,YOKOGAWA;WT310E;C3XA04010E;F1.04'
ptd-server 2022-02-19 06:20:59,905 [INFO] Connected to PTDaemon
ptd-server 2022-02-19 06:20:59,905 [INFO] Sending to ptd: 'RR'
ptd-server 2022-02-19 06:20:59,906 [INFO] Reply from ptd: 'Ranges,0,0.500000,0,300.000000'
ptd-server 2022-02-19 06:20:59,906 [INFO] Initial range for Amps is 0.500000 for Volts is 300.000000
ptd-server 2022-02-19 06:20:59,906 [INFO] Sending to ptd: 'SR,V,Auto'
ptd-server 2022-02-19 06:21:00,408 [INFO] Reply from ptd: 'Range V changed'
ptd-server 2022-02-19 06:21:00,409 [INFO] Sending to ptd: 'SR,A,Auto'
ptd-server 2022-02-19 06:21:00,911 [INFO] Reply from ptd: 'Range A changed'
ptd-server 2022-02-19 06:21:10,921 [INFO] Starting ranging mode
ptd-server 2022-02-19 06:21:10,921 [INFO] Sending to ptd: 'Go,1000,0,2022-02-19_06-20-42_ranging'
ptd-server 2022-02-19 06:21:10,922 [INFO] Reply from ptd: 'Starting untimed measurement, maximum 500000 samples at 1000ms with 0 rampup samples'
ptd-server 2022-02-19 06:21:10,922 [INFO] Sending reply to client 'OK'
ptd-server 2022-02-19 06:31:34,729 [INFO] Got command from the client 'session,2022-02-19_06-20-42,stop,ranging'
ptd-server 2022-02-19 06:31:44,739 [INFO] Sending to ptd: 'Stop'
ptd-server 2022-02-19 06:31:44,740 [INFO] Reply from ptd: 'Stopping untimed measurement'
ptd-server 2022-02-19 06:31:45,055 [INFO] Sending reply to client 'OK'
ptd-server 2022-02-19 06:31:45,129 [INFO] Got command from the client 'time'
ptd-server 2022-02-19 06:31:45,129 [INFO] Sending reply to client '1645252305.129619'
ptd-server 2022-02-19 06:31:45,134 [INFO] Got command from the client 'session,2022-02-19_06-20-42,start,testing'
ptd-server 2022-02-19 06:31:45,134 [INFO] Sending to ptd: 'SR,V,248.250000'
ptd-server 2022-02-19 06:31:46,635 [INFO] Reply from ptd: 'Range V changed'
ptd-server 2022-02-19 06:31:46,635 [INFO] Sending to ptd: 'SR,A,0.044410'
ptd-server 2022-02-19 06:31:48,137 [INFO] Reply from ptd: 'Range A changed'
ptd-server 2022-02-19 06:31:58,145 [INFO] Starting testing mode
ptd-server 2022-02-19 06:31:58,145 [INFO] Sending to ptd: 'Go,1000,0,2022-02-19_06-20-42_testing'
ptd-server 2022-02-19 06:31:58,146 [INFO] Reply from ptd: 'Starting untimed measurement, maximum 500000 samples at 1000ms with 0 rampup samples'
ptd-server 2022-02-19 06:31:58,146 [INFO] Sending reply to client 'OK'
ptd-server 2022-02-19 06:42:23,021 [INFO] Got command from the client 'session,2022-02-19_06-20-42,stop,testing'
ptd-server 2022-02-19 06:42:33,028 [INFO] Sending to ptd: 'Stop'
ptd-server 2022-02-19 06:42:33,028 [INFO] Reply from ptd: 'Stopping untimed measurement'
ptd-server 2022-02-19 06:42:33,206 [INFO] Sending reply to client 'OK'
ptd-server 2022-02-19 06:42:33,241 [INFO] Got command from the client 'session,2022-02-19_06-20-42,done'
ptd-server 2022-02-19 06:42:33,241 [INFO] Sending to ptd: 'Stop'
ptd-server 2022-02-19 06:42:33,241 [INFO] Reply from ptd: 'Error: no measurement to stop'
ptd-server 2022-02-19 06:42:33,242 [INFO] Sending to ptd: 'SR,V,300.000000'
ptd-server 2022-02-19 06:42:34,743 [INFO] Reply from ptd: 'Range V changed'
ptd-server 2022-02-19 06:42:34,743 [INFO] Sending to ptd: 'SR,A,0.500000'
ptd-server 2022-02-19 06:42:36,244 [INFO] Reply from ptd: 'Range A changed'
ptd-server 2022-02-19 06:42:36,245 [INFO] Set initial values for Amps 0.500000 and Volts 300.000000
ptd-server 2022-02-19 06:42:36,245 [INFO] Stopping ptd...
