ptd-server 2022-02-16 16:39:05,394 [INFO] Got command from the client 'time'
ptd-server 2022-02-16 16:39:05,394 [INFO] Sending reply to client '1645029545.3943954'
ptd-server 2022-02-16 16:39:05,396 [INFO] Got command from the client 'new,,e27c976a-403d-4414-a454-b92d5e2ba800'
ptd-server 2022-02-16 16:39:05,396 [INFO] Sending reply to client 'OK 2022-02-16_16-39-05,a48883e3-ed81-4766-b1ce-6449eb5ef9d9'
ptd-server 2022-02-16 16:39:05,427 [INFO] Got command from the client 'time'
ptd-server 2022-02-16 16:39:05,427 [INFO] Sending reply to client '1645029545.427644'
ptd-server 2022-02-16 16:39:05,429 [INFO] Got command from the client 'session,2022-02-16_16-39-05,start,ranging'
ptd-server 2022-02-16 16:39:05,429 [INFO] Running PTDaemon: ['/home/anton/projects/mlperf/power/inference_v1.0/ptd-linux-x86', '-l', '/tmp/tmpgldyt7rr/ptd_logfile.txt', '-p', '8888', '49', '/dev/usbtmc0']
ptd-server 2022-02-16 16:39:22,601 [INFO] Sending to ptd: 'Hello'
ptd-server 2022-02-16 16:39:22,602 [INFO] Reply from ptd: 'Hello, PTDaemon here!'
ptd-server 2022-02-16 16:39:22,602 [INFO] Sending to ptd: 'Identify'
ptd-server 2022-02-16 16:39:22,602 [INFO] Reply from ptd: 'YokogawaWT310E,1000,1,1,1,1,0,1,1,version=1.9.2-e8c7a49a-20201208,OS=Linux 5.13.0-28-generic #31~20.04.1-Ubuntu SMP Wed Jan 19 14:08:10 UTC 2022 x86_64,mode=power,1,1,1,0,0,no_cal_date,YOKOGAWA;WT310E;C3XA04010E;F1.04'
ptd-server 2022-02-16 16:39:22,603 [INFO] Connected to PTDaemon
ptd-server 2022-02-16 16:39:22,603 [INFO] Sending to ptd: 'RR'
ptd-server 2022-02-16 16:39:22,603 [INFO] Reply from ptd: 'Ranges,0,0.500000,0,300.000000'
ptd-server 2022-02-16 16:39:22,603 [INFO] Initial range for Amps is 0.500000 for Volts is 300.000000
ptd-server 2022-02-16 16:39:22,603 [INFO] Sending to ptd: 'SR,V,Auto'
ptd-server 2022-02-16 16:39:23,106 [INFO] Reply from ptd: 'Range V changed'
ptd-server 2022-02-16 16:39:23,106 [INFO] Sending to ptd: 'SR,A,Auto'
ptd-server 2022-02-16 16:39:23,608 [INFO] Reply from ptd: 'Range A changed'
ptd-server 2022-02-16 16:39:33,619 [INFO] Starting ranging mode
ptd-server 2022-02-16 16:39:33,619 [INFO] Sending to ptd: 'Go,1000,0,2022-02-16_16-39-05_ranging'
ptd-server 2022-02-16 16:39:33,619 [INFO] Reply from ptd: 'Starting untimed measurement, maximum 500000 samples at 1000ms with 0 rampup samples'
ptd-server 2022-02-16 16:39:33,620 [INFO] Sending reply to client 'OK'
ptd-server 2022-02-16 16:50:17,704 [INFO] Got command from the client 'session,2022-02-16_16-39-05,stop,ranging'
ptd-server 2022-02-16 16:50:27,715 [INFO] Sending to ptd: 'Stop'
ptd-server 2022-02-16 16:50:27,715 [INFO] Reply from ptd: 'Stopping untimed measurement'
ptd-server 2022-02-16 16:50:27,768 [INFO] Sending reply to client 'OK'
ptd-server 2022-02-16 16:50:27,861 [INFO] Got command from the client 'time'
ptd-server 2022-02-16 16:50:27,861 [INFO] Sending reply to client '1645030227.8616042'
ptd-server 2022-02-16 16:50:27,866 [INFO] Got command from the client 'session,2022-02-16_16-39-05,start,testing'
ptd-server 2022-02-16 16:50:27,866 [INFO] Sending to ptd: 'SR,V,248.870000'
ptd-server 2022-02-16 16:50:30,122 [INFO] Reply from ptd: 'Range V changed'
ptd-server 2022-02-16 16:50:30,122 [INFO] Sending to ptd: 'SR,A,0.043310'
ptd-server 2022-02-16 16:50:31,623 [INFO] Reply from ptd: 'Range A changed'
ptd-server 2022-02-16 16:50:41,634 [INFO] Starting testing mode
ptd-server 2022-02-16 16:50:41,634 [INFO] Sending to ptd: 'Go,1000,0,2022-02-16_16-39-05_testing'
ptd-server 2022-02-16 16:50:41,634 [INFO] Reply from ptd: 'Starting untimed measurement, maximum 500000 samples at 1000ms with 0 rampup samples'
ptd-server 2022-02-16 16:50:41,634 [INFO] Sending reply to client 'OK'
ptd-server 2022-02-16 17:01:26,782 [INFO] Got command from the client 'session,2022-02-16_16-39-05,stop,testing'
ptd-server 2022-02-16 17:01:36,793 [INFO] Sending to ptd: 'Stop'
ptd-server 2022-02-16 17:01:36,793 [INFO] Reply from ptd: 'Stopping untimed measurement'
ptd-server 2022-02-16 17:01:36,820 [INFO] Sending reply to client 'OK'
ptd-server 2022-02-16 17:01:36,856 [INFO] Got command from the client 'session,2022-02-16_16-39-05,done'
ptd-server 2022-02-16 17:01:36,856 [INFO] Sending to ptd: 'Stop'
ptd-server 2022-02-16 17:01:37,634 [INFO] Reply from ptd: 'Error: no measurement to stop'
ptd-server 2022-02-16 17:01:37,635 [INFO] Sending to ptd: 'SR,V,300.000000'
ptd-server 2022-02-16 17:01:39,136 [INFO] Reply from ptd: 'Range V changed'
ptd-server 2022-02-16 17:01:39,136 [INFO] Sending to ptd: 'SR,A,0.500000'
ptd-server 2022-02-16 17:01:40,638 [INFO] Reply from ptd: 'Range A changed'
ptd-server 2022-02-16 17:01:40,638 [INFO] Set initial values for Amps 0.500000 and Volts 300.000000
ptd-server 2022-02-16 17:01:40,638 [INFO] Stopping ptd...
