ptd-server 2022-02-24 08:02:30,392 [INFO] Got command from the client 'stop'
ptd-server 2022-02-24 08:02:30,393 [INFO] The server will be stopped after processing this client
ptd-server 2022-02-24 08:02:30,394 [INFO] Sending reply to client 'OK'
ptd-server 2022-02-24 08:02:30,399 [INFO] Got command from the client 'time'
ptd-server 2022-02-24 08:02:30,399 [INFO] Sending reply to client '1645689750.399867'
ptd-server 2022-02-24 08:02:30,402 [INFO] Got command from the client 'new,,048aa531-ea01-4530-932d-e7a66882e690'
ptd-server 2022-02-24 08:02:30,403 [INFO] Sending reply to client 'OK 2022-02-24_08-02-30,f89e4547-190e-4dd5-bac8-004fa635d8e2'
ptd-server 2022-02-24 08:02:30,407 [INFO] Got command from the client 'time'
ptd-server 2022-02-24 08:02:30,408 [INFO] Sending reply to client '1645689750.4083967'
ptd-server 2022-02-24 08:02:30,410 [INFO] Got command from the client 'session,2022-02-24_08-02-30,start,ranging'
ptd-server 2022-02-24 08:02:30,523 [INFO] Running PTDaemon: ['.\\ptd-windows-x86.exe', '-l', 'C:\\Users\\root\\AppData\\Local\\Temp\\tmp8z5dcp__\\ptd_logfile.txt', '-p', '8888', '-c', '2', '-y', '48', '100.83.149.90']
ptd-server 2022-02-24 08:02:49,166 [INFO] Sending to ptd: 'Hello'
ptd-server 2022-02-24 08:02:49,168 [INFO] Reply from ptd: 'Hello, PTDaemon here!'
ptd-server 2022-02-24 08:02:49,170 [INFO] Sending to ptd: 'Identify'
ptd-server 2022-02-24 08:02:49,173 [INFO] Reply from ptd: 'YokogawaWT500_multichannel,1000,1,1,1,1,0,0,1,version=1.9.2-3976349f-20201208,OS=Windows 8 / Server 2012,mode=power,1,1,3,0,0,no_cal_date,YOKOGAWA;760203;U1J802935;F1.21'
ptd-server 2022-02-24 08:02:49,175 [INFO] Connected to PTDaemon
ptd-server 2022-02-24 08:02:49,178 [INFO] Sending to ptd: 'RR'
ptd-server 2022-02-24 08:02:49,179 [INFO] Reply from ptd: 'Ranges,-1,-1.000000,-1,-1.000000'
ptd-server 2022-02-24 08:02:49,181 [INFO] Initial range for Amps is Auto for Volts is Auto
ptd-server 2022-02-24 08:02:49,184 [INFO] Sending to ptd: 'SR,V,Auto'
ptd-server 2022-02-24 08:02:49,399 [INFO] Reply from ptd: 'Range V changed'
ptd-server 2022-02-24 08:02:49,402 [INFO] Sending to ptd: 'SR,A,Auto'
ptd-server 2022-02-24 08:02:49,554 [INFO] Reply from ptd: 'Range A changed'
ptd-server 2022-02-24 08:02:59,566 [INFO] Starting ranging mode
ptd-server 2022-02-24 08:02:59,567 [INFO] Sending to ptd: 'Go,1000,0,2022-02-24_08-02-30_ranging'
ptd-server 2022-02-24 08:02:59,569 [INFO] Reply from ptd: 'Starting untimed measurement, maximum 500000 samples at 1000ms with 0 rampup samples'
ptd-server 2022-02-24 08:02:59,570 [INFO] Sending reply to client 'OK'
ptd-server 2022-02-24 08:18:45,670 [INFO] Got command from the client 'session,2022-02-24_08-02-30,stop,ranging'
ptd-server 2022-02-24 08:18:55,671 [INFO] Sending to ptd: 'Stop'
ptd-server 2022-02-24 08:18:55,673 [INFO] Reply from ptd: 'Stopping untimed measurement'
ptd-server 2022-02-24 08:18:55,752 [INFO] Sending reply to client 'OK'
ptd-server 2022-02-24 08:18:55,765 [INFO] Got command from the client 'time'
ptd-server 2022-02-24 08:18:55,765 [INFO] Sending reply to client '1645690735.765659'
ptd-server 2022-02-24 08:18:55,767 [INFO] Got command from the client 'session,2022-02-24_08-02-30,start,testing'
ptd-server 2022-02-24 08:18:55,768 [INFO] Sending to ptd: 'SR,V,128.490000'
ptd-server 2022-02-24 08:18:57,794 [INFO] Reply from ptd: 'Range V changed'
ptd-server 2022-02-24 08:18:57,796 [INFO] Sending to ptd: 'SR,A,6.783000'
ptd-server 2022-02-24 08:18:58,519 [INFO] Reply from ptd: 'Range A changed'
ptd-server 2022-02-24 08:19:08,522 [INFO] Starting testing mode
ptd-server 2022-02-24 08:19:08,523 [INFO] Sending to ptd: 'Go,1000,0,2022-02-24_08-02-30_testing'
ptd-server 2022-02-24 08:19:08,525 [INFO] Reply from ptd: 'Starting untimed measurement, maximum 500000 samples at 1000ms with 0 rampup samples'
ptd-server 2022-02-24 08:19:08,526 [INFO] Sending reply to client 'OK'
ptd-server 2022-02-24 08:34:51,064 [INFO] Got command from the client 'session,2022-02-24_08-02-30,stop,testing'
ptd-server 2022-02-24 08:35:01,076 [INFO] Sending to ptd: 'Stop'
ptd-server 2022-02-24 08:35:01,078 [INFO] Reply from ptd: 'Stopping untimed measurement'
ptd-server 2022-02-24 08:35:01,096 [INFO] Sending reply to client 'OK'
ptd-server 2022-02-24 08:35:01,102 [INFO] Got command from the client 'session,2022-02-24_08-02-30,done'
ptd-server 2022-02-24 08:35:01,103 [INFO] Sending to ptd: 'Stop'
ptd-server 2022-02-24 08:35:01,530 [INFO] Reply from ptd: 'Error: no measurement to stop'
ptd-server 2022-02-24 08:35:01,532 [INFO] Sending to ptd: 'SR,V,Auto'
ptd-server 2022-02-24 08:35:01,747 [INFO] Reply from ptd: 'Range V changed'
ptd-server 2022-02-24 08:35:01,750 [INFO] Sending to ptd: 'SR,A,Auto'
ptd-server 2022-02-24 08:35:01,902 [INFO] Reply from ptd: 'Range A changed'
ptd-server 2022-02-24 08:35:01,905 [INFO] Set initial values for Amps Auto and Volts Auto
ptd-server 2022-02-24 08:35:01,907 [INFO] Stopping ptd...
