ptd-server 2022-02-16 00:10:39,591 [INFO] Got command from the client 'time'
ptd-server 2022-02-16 00:10:39,591 [INFO] Sending reply to client '1644970239.5913172'
ptd-server 2022-02-16 00:10:39,593 [INFO] Got command from the client 'new,,52f0dbb3-ec9b-4173-969f-5785996ac07d'
ptd-server 2022-02-16 00:10:39,594 [INFO] Sending reply to client 'OK 2022-02-16_00-10-39,387c0854-09a9-4a34-bf85-f5273fc627f3'
ptd-server 2022-02-16 00:10:39,630 [INFO] Got command from the client 'time'
ptd-server 2022-02-16 00:10:39,630 [INFO] Sending reply to client '1644970239.6309643'
ptd-server 2022-02-16 00:10:39,633 [INFO] Got command from the client 'session,2022-02-16_00-10-39,start,ranging'
ptd-server 2022-02-16 00:10:39,633 [INFO] Running PTDaemon: ['/home/anton/projects/mlperf/power/inference_v1.0/ptd-linux-x86', '-l', '/tmp/tmpxvec0g6h/ptd_logfile.txt', '-p', '8888', '49', '/dev/usbtmc0']
ptd-server 2022-02-16 00:10:56,805 [INFO] Sending to ptd: 'Hello'
ptd-server 2022-02-16 00:10:56,806 [INFO] Reply from ptd: 'Hello, PTDaemon here!'
ptd-server 2022-02-16 00:10:56,806 [INFO] Sending to ptd: 'Identify'
ptd-server 2022-02-16 00:10:56,806 [INFO] Reply from ptd: 'YokogawaWT310E,1000,1,1,1,1,0,1,1,version=1.9.2-e8c7a49a-20201208,OS=Linux 5.13.0-27-generic #29~20.04.1-Ubuntu SMP Fri Jan 14 00:32:30 UTC 2022 x86_64,mode=power,1,1,1,0,0,no_cal_date,YOKOGAWA;WT310E;C3XA04010E;F1.04'
ptd-server 2022-02-16 00:10:56,807 [INFO] Connected to PTDaemon
ptd-server 2022-02-16 00:10:56,807 [INFO] Sending to ptd: 'RR'
ptd-server 2022-02-16 00:10:56,807 [INFO] Reply from ptd: 'Ranges,0,0.500000,0,300.000000'
ptd-server 2022-02-16 00:10:56,807 [INFO] Initial range for Amps is 0.500000 for Volts is 300.000000
ptd-server 2022-02-16 00:10:56,807 [INFO] Sending to ptd: 'SR,V,Auto'
ptd-server 2022-02-16 00:10:57,310 [INFO] Reply from ptd: 'Range V changed'
ptd-server 2022-02-16 00:10:57,310 [INFO] Sending to ptd: 'SR,A,Auto'
ptd-server 2022-02-16 00:10:57,812 [INFO] Reply from ptd: 'Range A changed'
ptd-server 2022-02-16 00:11:07,823 [INFO] Starting ranging mode
ptd-server 2022-02-16 00:11:07,823 [INFO] Sending to ptd: 'Go,1000,0,2022-02-16_00-10-39_ranging'
ptd-server 2022-02-16 00:11:07,823 [INFO] Reply from ptd: 'Starting untimed measurement, maximum 500000 samples at 1000ms with 0 rampup samples'
ptd-server 2022-02-16 00:11:07,824 [INFO] Sending reply to client 'OK'
ptd-server 2022-02-16 00:21:27,520 [INFO] Got command from the client 'session,2022-02-16_00-10-39,stop,ranging'
ptd-server 2022-02-16 00:21:37,530 [INFO] Sending to ptd: 'Stop'
ptd-server 2022-02-16 00:21:37,531 [INFO] Reply from ptd: 'Stopping untimed measurement'
ptd-server 2022-02-16 00:21:38,428 [INFO] Sending reply to client 'OK'
ptd-server 2022-02-16 00:21:38,479 [INFO] Got command from the client 'time'
ptd-server 2022-02-16 00:21:38,479 [INFO] Sending reply to client '1644970898.4792514'
ptd-server 2022-02-16 00:21:38,481 [INFO] Got command from the client 'session,2022-02-16_00-10-39,start,testing'
ptd-server 2022-02-16 00:21:38,481 [INFO] Sending to ptd: 'SR,V,250.900000'
ptd-server 2022-02-16 00:21:39,983 [INFO] Reply from ptd: 'Range V changed'
ptd-server 2022-02-16 00:21:39,983 [INFO] Sending to ptd: 'SR,A,0.227990'
ptd-server 2022-02-16 00:21:41,484 [INFO] Reply from ptd: 'Range A changed'
ptd-server 2022-02-16 00:21:51,495 [INFO] Starting testing mode
ptd-server 2022-02-16 00:21:51,495 [INFO] Sending to ptd: 'Go,1000,0,2022-02-16_00-10-39_testing'
ptd-server 2022-02-16 00:21:51,495 [INFO] Reply from ptd: 'Starting untimed measurement, maximum 500000 samples at 1000ms with 0 rampup samples'
ptd-server 2022-02-16 00:21:51,495 [INFO] Sending reply to client 'OK'
ptd-server 2022-02-16 00:32:11,141 [INFO] Got command from the client 'session,2022-02-16_00-10-39,stop,testing'
ptd-server 2022-02-16 00:32:21,152 [INFO] Sending to ptd: 'Stop'
ptd-server 2022-02-16 00:32:21,152 [INFO] Reply from ptd: 'Stopping untimed measurement'
ptd-server 2022-02-16 00:32:21,613 [INFO] Sending reply to client 'OK'
ptd-server 2022-02-16 00:32:21,633 [INFO] Got command from the client 'session,2022-02-16_00-10-39,done'
ptd-server 2022-02-16 00:32:21,633 [INFO] Sending to ptd: 'Stop'
ptd-server 2022-02-16 00:32:21,634 [INFO] Reply from ptd: 'Error: no measurement to stop'
ptd-server 2022-02-16 00:32:21,634 [INFO] Sending to ptd: 'SR,V,300.000000'
ptd-server 2022-02-16 00:32:23,135 [INFO] Reply from ptd: 'Range V changed'
ptd-server 2022-02-16 00:32:23,136 [INFO] Sending to ptd: 'SR,A,0.500000'
ptd-server 2022-02-16 00:32:24,637 [INFO] Reply from ptd: 'Range A changed'
ptd-server 2022-02-16 00:32:24,637 [INFO] Set initial values for Amps 0.500000 and Volts 300.000000
ptd-server 2022-02-16 00:32:24,637 [INFO] Stopping ptd...
