ptd-server 2022-02-12 04:35:43,087 [INFO] Got command from the client 'stop'
ptd-server 2022-02-12 04:35:43,087 [INFO] The server will be stopped after processing this client
ptd-server 2022-02-12 04:35:43,087 [INFO] Sending reply to client 'OK'
ptd-server 2022-02-12 04:35:43,290 [INFO] Got command from the client 'time'
ptd-server 2022-02-12 04:35:43,290 [INFO] Sending reply to client '1644669343.290425'
ptd-server 2022-02-12 04:35:43,305 [INFO] Got command from the client 'new,,ae4a75b6-5f5b-488c-b52b-d486bc315972'
ptd-server 2022-02-12 04:35:43,305 [INFO] Sending reply to client 'OK 2022-02-12_04-35-43,6d6732ab-a336-48e4-b4f6-9844e4ee0466'
ptd-server 2022-02-12 04:35:43,513 [INFO] Got command from the client 'time'
ptd-server 2022-02-12 04:35:43,513 [INFO] Sending reply to client '1644669343.5135427'
ptd-server 2022-02-12 04:35:43,513 [INFO] Got command from the client 'session,2022-02-12_04-35-43,start,ranging'
ptd-server 2022-02-12 04:35:43,622 [INFO] Running PTDaemon: ['C:\\PTD\\ptd-windows-x86.exe', '-l', 'C:\\Users\\lab\\AppData\\Local\\Temp\\tmp_g8j7fzx\\ptd_logfile.txt', '-p', '8888', '-c', '1,3', '-y', '77', '10.117.41.199']
ptd-server 2022-02-12 04:36:02,743 [INFO] Sending to ptd: 'Hello'
ptd-server 2022-02-12 04:36:02,743 [INFO] Reply from ptd: 'Hello, PTDaemon here!'
ptd-server 2022-02-12 04:36:02,743 [INFO] Sending to ptd: 'Identify'
ptd-server 2022-02-12 04:36:02,743 [INFO] Reply from ptd: 'YokogawaWT330_multichannel,1000,1,1,1,1,0,0,1,version=1.9.2-3976349f-20201208,OS=Windows 8 / Server 2012,mode=power,1,1,2,0,0,no_cal_date,YOKOGAWA;WT333E;C2WL21011V;F1.04'
ptd-server 2022-02-12 04:36:02,743 [INFO] Connected to PTDaemon
ptd-server 2022-02-12 04:36:02,743 [INFO] Sending to ptd: 'RR'
ptd-server 2022-02-12 04:36:02,743 [INFO] Reply from ptd: 'Ranges,0,5.000000,0,300.000000'
ptd-server 2022-02-12 04:36:02,743 [INFO] Initial range for Amps is 5.000000 for Volts is 300.000000
ptd-server 2022-02-12 04:36:02,743 [INFO] Sending to ptd: 'SR,V,Auto'
ptd-server 2022-02-12 04:36:07,824 [INFO] Reply from ptd: 'Range V changed'
ptd-server 2022-02-12 04:36:07,824 [INFO] Sending to ptd: 'SR,A,Auto'
ptd-server 2022-02-12 04:36:12,906 [INFO] Reply from ptd: 'Range A changed'
ptd-server 2022-02-12 04:36:22,906 [INFO] Starting ranging mode
ptd-server 2022-02-12 04:36:22,906 [INFO] Sending to ptd: 'Go,1000,0,2022-02-12_04-35-43_ranging'
ptd-server 2022-02-12 04:36:22,906 [INFO] Reply from ptd: 'Starting untimed measurement, maximum 500000 samples at 1000ms with 0 rampup samples'
ptd-server 2022-02-12 04:36:22,906 [INFO] Sending reply to client 'OK'
ptd-server 2022-02-12 04:49:11,100 [INFO] Got command from the client 'session,2022-02-12_04-35-43,stop,ranging'
ptd-server 2022-02-12 04:49:21,113 [INFO] Sending to ptd: 'Stop'
ptd-server 2022-02-12 04:49:21,113 [INFO] Reply from ptd: 'Stopping untimed measurement'
ptd-server 2022-02-12 04:49:21,144 [INFO] Sending reply to client 'OK'
ptd-server 2022-02-12 04:49:21,382 [INFO] Got command from the client 'time'
ptd-server 2022-02-12 04:49:21,382 [INFO] Sending reply to client '1644670161.382497'
ptd-server 2022-02-12 04:49:21,382 [INFO] Got command from the client 'session,2022-02-12_04-35-43,start,testing'
ptd-server 2022-02-12 04:49:21,382 [INFO] Sending to ptd: 'SR,V,206.010000'
ptd-server 2022-02-12 04:49:27,990 [INFO] Reply from ptd: 'Range V changed'
ptd-server 2022-02-12 04:49:27,990 [INFO] Sending to ptd: 'SR,A,3.784400'
ptd-server 2022-02-12 04:49:33,583 [INFO] Reply from ptd: 'Range A changed'
ptd-server 2022-02-12 04:49:43,597 [INFO] Starting testing mode
ptd-server 2022-02-12 04:49:43,597 [INFO] Sending to ptd: 'Go,1000,0,2022-02-12_04-35-43_testing'
ptd-server 2022-02-12 04:49:43,597 [INFO] Reply from ptd: 'Starting untimed measurement, maximum 500000 samples at 1000ms with 0 rampup samples'
ptd-server 2022-02-12 04:49:43,597 [INFO] Sending reply to client 'OK'
ptd-server 2022-02-12 05:02:29,716 [INFO] Got command from the client 'session,2022-02-12_04-35-43,stop,testing'
ptd-server 2022-02-12 05:02:39,726 [INFO] Sending to ptd: 'Stop'
ptd-server 2022-02-12 05:02:39,726 [INFO] Reply from ptd: 'Stopping untimed measurement'
ptd-server 2022-02-12 05:02:39,742 [INFO] Sending reply to client 'OK'
ptd-server 2022-02-12 05:02:39,773 [INFO] Got command from the client 'session,2022-02-12_04-35-43,done'
ptd-server 2022-02-12 05:02:39,773 [INFO] Sending to ptd: 'Stop'
ptd-server 2022-02-12 05:02:40,600 [INFO] Reply from ptd: 'Error: no measurement to stop'
ptd-server 2022-02-12 05:02:40,600 [INFO] Sending to ptd: 'SR,V,300.000000'
ptd-server 2022-02-12 05:02:46,672 [INFO] Reply from ptd: 'Range V changed'
ptd-server 2022-02-12 05:02:46,672 [INFO] Sending to ptd: 'SR,A,5.000000'
ptd-server 2022-02-12 05:02:52,253 [INFO] Reply from ptd: 'Range A changed'
ptd-server 2022-02-12 05:02:52,253 [INFO] Set initial values for Amps 5.000000 and Volts 300.000000
ptd-server 2022-02-12 05:02:52,253 [INFO] Stopping ptd...
