ptd-server 2022-02-21 14:11:08,401 [INFO] Got command from the client 'time'
ptd-server 2022-02-21 14:11:08,401 [INFO] Sending reply to client '1645452668.401409'
ptd-server 2022-02-21 14:11:08,403 [INFO] Got command from the client 'new,,f0c3459a-69a6-4363-8234-f645a01027d4'
ptd-server 2022-02-21 14:11:08,404 [INFO] Sending reply to client 'OK 2022-02-21_14-11-08,a71f38ba-f072-477e-92c2-6b0e3d13310c'
ptd-server 2022-02-21 14:11:08,441 [INFO] Got command from the client 'time'
ptd-server 2022-02-21 14:11:08,441 [INFO] Sending reply to client '1645452668.4412665'
ptd-server 2022-02-21 14:11:08,443 [INFO] Got command from the client 'session,2022-02-21_14-11-08,start,ranging'
ptd-server 2022-02-21 14:11:08,443 [INFO] Running PTDaemon: ['/home/anton/projects/mlperf/power/inference_v1.0/ptd-linux-x86', '-l', '/tmp/tmpgldyt7rr/ptd_logfile.txt', '-p', '8888', '49', '/dev/usbtmc0']
ptd-server 2022-02-21 14:11:25,616 [INFO] Sending to ptd: 'Hello'
ptd-server 2022-02-21 14:11:25,616 [INFO] Reply from ptd: 'Hello, PTDaemon here!'
ptd-server 2022-02-21 14:11:25,617 [INFO] Sending to ptd: 'Identify'
ptd-server 2022-02-21 14:11:25,617 [INFO] Reply from ptd: 'YokogawaWT310E,1000,1,1,1,1,0,1,1,version=1.9.2-e8c7a49a-20201208,OS=Linux 5.13.0-28-generic #31~20.04.1-Ubuntu SMP Wed Jan 19 14:08:10 UTC 2022 x86_64,mode=power,1,1,1,0,0,no_cal_date,YOKOGAWA;WT310E;C3XA04010E;F1.04'
ptd-server 2022-02-21 14:11:25,617 [INFO] Connected to PTDaemon
ptd-server 2022-02-21 14:11:25,617 [INFO] Sending to ptd: 'RR'
ptd-server 2022-02-21 14:11:25,618 [INFO] Reply from ptd: 'Ranges,0,0.500000,0,300.000000'
ptd-server 2022-02-21 14:11:25,618 [INFO] Initial range for Amps is 0.500000 for Volts is 300.000000
ptd-server 2022-02-21 14:11:25,618 [INFO] Sending to ptd: 'SR,V,Auto'
ptd-server 2022-02-21 14:11:26,120 [INFO] Reply from ptd: 'Range V changed'
ptd-server 2022-02-21 14:11:26,120 [INFO] Sending to ptd: 'SR,A,Auto'
ptd-server 2022-02-21 14:11:26,623 [INFO] Reply from ptd: 'Range A changed'
ptd-server 2022-02-21 14:11:36,633 [INFO] Starting ranging mode
ptd-server 2022-02-21 14:11:36,633 [INFO] Sending to ptd: 'Go,1000,0,2022-02-21_14-11-08_ranging'
ptd-server 2022-02-21 14:11:36,634 [INFO] Reply from ptd: 'Starting untimed measurement, maximum 500000 samples at 1000ms with 0 rampup samples'
ptd-server 2022-02-21 14:11:36,634 [INFO] Sending reply to client 'OK'
ptd-server 2022-02-21 14:21:58,937 [INFO] Got command from the client 'session,2022-02-21_14-11-08,stop,ranging'
ptd-server 2022-02-21 14:22:08,948 [INFO] Sending to ptd: 'Stop'
ptd-server 2022-02-21 14:22:08,948 [INFO] Reply from ptd: 'Stopping untimed measurement'
ptd-server 2022-02-21 14:22:09,569 [INFO] Sending reply to client 'OK'
ptd-server 2022-02-21 14:22:09,651 [INFO] Got command from the client 'time'
ptd-server 2022-02-21 14:22:09,651 [INFO] Sending reply to client '1645453329.6515207'
ptd-server 2022-02-21 14:22:09,657 [INFO] Got command from the client 'session,2022-02-21_14-11-08,start,testing'
ptd-server 2022-02-21 14:22:09,657 [INFO] Sending to ptd: 'SR,V,250.010000'
ptd-server 2022-02-21 14:22:11,158 [INFO] Reply from ptd: 'Range V changed'
ptd-server 2022-02-21 14:22:11,158 [INFO] Sending to ptd: 'SR,A,0.067670'
ptd-server 2022-02-21 14:22:12,660 [INFO] Reply from ptd: 'Range A changed'
ptd-server 2022-02-21 14:22:22,670 [INFO] Starting testing mode
ptd-server 2022-02-21 14:22:22,670 [INFO] Sending to ptd: 'Go,1000,0,2022-02-21_14-11-08_testing'
ptd-server 2022-02-21 14:22:22,670 [INFO] Reply from ptd: 'Starting untimed measurement, maximum 500000 samples at 1000ms with 0 rampup samples'
ptd-server 2022-02-21 14:22:22,671 [INFO] Sending reply to client 'OK'
ptd-server 2022-02-21 14:32:45,994 [INFO] Got command from the client 'session,2022-02-21_14-11-08,stop,testing'
ptd-server 2022-02-21 14:32:56,004 [INFO] Sending to ptd: 'Stop'
ptd-server 2022-02-21 14:32:56,004 [INFO] Reply from ptd: 'Stopping untimed measurement'
ptd-server 2022-02-21 14:32:56,326 [INFO] Sending reply to client 'OK'
ptd-server 2022-02-21 14:32:56,361 [INFO] Got command from the client 'session,2022-02-21_14-11-08,done'
ptd-server 2022-02-21 14:32:56,361 [INFO] Sending to ptd: 'Stop'
ptd-server 2022-02-21 14:32:56,670 [INFO] Reply from ptd: 'Error: no measurement to stop'
ptd-server 2022-02-21 14:32:56,670 [INFO] Sending to ptd: 'SR,V,300.000000'
ptd-server 2022-02-21 14:32:58,172 [INFO] Reply from ptd: 'Range V changed'
ptd-server 2022-02-21 14:32:58,172 [INFO] Sending to ptd: 'SR,A,0.500000'
ptd-server 2022-02-21 14:32:59,673 [INFO] Reply from ptd: 'Range A changed'
ptd-server 2022-02-21 14:32:59,673 [INFO] Set initial values for Amps 0.500000 and Volts 300.000000
ptd-server 2022-02-21 14:32:59,674 [INFO] Stopping ptd...
