ptd-server 2022-02-19 05:36:00,207 [INFO] Got command from the client 'time'
ptd-server 2022-02-19 05:36:00,207 [INFO] Sending reply to client '1645248960.2074916'
ptd-server 2022-02-19 05:36:00,209 [INFO] Got command from the client 'new,,ae505936-c3fc-41f3-84c0-a4348f3c90aa'
ptd-server 2022-02-19 05:36:00,210 [INFO] Sending reply to client 'OK 2022-02-19_05-36-00,77f12155-4c5b-4ac1-a66b-c16d70b22280'
ptd-server 2022-02-19 05:36:00,236 [INFO] Got command from the client 'time'
ptd-server 2022-02-19 05:36:00,236 [INFO] Sending reply to client '1645248960.236638'
ptd-server 2022-02-19 05:36:00,238 [INFO] Got command from the client 'session,2022-02-19_05-36-00,start,ranging'
ptd-server 2022-02-19 05:36:00,238 [INFO] Running PTDaemon: ['/home/anton/projects/mlperf/power/inference_v1.0/ptd-linux-x86', '-l', '/tmp/tmpgldyt7rr/ptd_logfile.txt', '-p', '8888', '49', '/dev/usbtmc0']
ptd-server 2022-02-19 05:36:17,410 [INFO] Sending to ptd: 'Hello'
ptd-server 2022-02-19 05:36:17,411 [INFO] Reply from ptd: 'Hello, PTDaemon here!'
ptd-server 2022-02-19 05:36:17,411 [INFO] Sending to ptd: 'Identify'
ptd-server 2022-02-19 05:36:17,411 [INFO] Reply from ptd: 'YokogawaWT310E,1000,1,1,1,1,0,1,1,version=1.9.2-e8c7a49a-20201208,OS=Linux 5.13.0-28-generic #31~20.04.1-Ubuntu SMP Wed Jan 19 14:08:10 UTC 2022 x86_64,mode=power,1,1,1,0,0,no_cal_date,YOKOGAWA;WT310E;C3XA04010E;F1.04'
ptd-server 2022-02-19 05:36:17,412 [INFO] Connected to PTDaemon
ptd-server 2022-02-19 05:36:17,412 [INFO] Sending to ptd: 'RR'
ptd-server 2022-02-19 05:36:17,412 [INFO] Reply from ptd: 'Ranges,0,0.500000,0,300.000000'
ptd-server 2022-02-19 05:36:17,412 [INFO] Initial range for Amps is 0.500000 for Volts is 300.000000
ptd-server 2022-02-19 05:36:17,412 [INFO] Sending to ptd: 'SR,V,Auto'
ptd-server 2022-02-19 05:36:17,915 [INFO] Reply from ptd: 'Range V changed'
ptd-server 2022-02-19 05:36:17,915 [INFO] Sending to ptd: 'SR,A,Auto'
ptd-server 2022-02-19 05:36:18,417 [INFO] Reply from ptd: 'Range A changed'
ptd-server 2022-02-19 05:36:28,428 [INFO] Starting ranging mode
ptd-server 2022-02-19 05:36:28,428 [INFO] Sending to ptd: 'Go,1000,0,2022-02-19_05-36-00_ranging'
ptd-server 2022-02-19 05:36:28,428 [INFO] Reply from ptd: 'Starting untimed measurement, maximum 500000 samples at 1000ms with 0 rampup samples'
ptd-server 2022-02-19 05:36:28,429 [INFO] Sending reply to client 'OK'
ptd-server 2022-02-19 05:47:07,449 [INFO] Got command from the client 'session,2022-02-19_05-36-00,stop,ranging'
ptd-server 2022-02-19 05:47:17,460 [INFO] Sending to ptd: 'Stop'
ptd-server 2022-02-19 05:47:17,460 [INFO] Reply from ptd: 'Stopping untimed measurement'
ptd-server 2022-02-19 05:47:17,768 [INFO] Sending reply to client 'OK'
ptd-server 2022-02-19 05:47:17,856 [INFO] Got command from the client 'time'
ptd-server 2022-02-19 05:47:17,857 [INFO] Sending reply to client '1645249637.8570645'
ptd-server 2022-02-19 05:47:17,862 [INFO] Got command from the client 'session,2022-02-19_05-36-00,start,testing'
ptd-server 2022-02-19 05:47:17,863 [INFO] Sending to ptd: 'SR,V,249.990000'
ptd-server 2022-02-19 05:47:19,929 [INFO] Reply from ptd: 'Range V changed'
ptd-server 2022-02-19 05:47:19,929 [INFO] Sending to ptd: 'SR,A,0.041400'
ptd-server 2022-02-19 05:47:21,431 [INFO] Reply from ptd: 'Range A changed'
ptd-server 2022-02-19 05:47:31,436 [INFO] Starting testing mode
ptd-server 2022-02-19 05:47:31,436 [INFO] Sending to ptd: 'Go,1000,0,2022-02-19_05-36-00_testing'
ptd-server 2022-02-19 05:47:31,437 [INFO] Reply from ptd: 'Starting untimed measurement, maximum 500000 samples at 1000ms with 0 rampup samples'
ptd-server 2022-02-19 05:47:31,437 [INFO] Sending reply to client 'OK'
ptd-server 2022-02-19 05:58:11,098 [INFO] Got command from the client 'session,2022-02-19_05-36-00,stop,testing'
ptd-server 2022-02-19 05:58:21,108 [INFO] Sending to ptd: 'Stop'
ptd-server 2022-02-19 05:58:21,109 [INFO] Reply from ptd: 'Stopping untimed measurement'
ptd-server 2022-02-19 05:58:21,284 [INFO] Sending reply to client 'OK'
ptd-server 2022-02-19 05:58:21,332 [INFO] Got command from the client 'session,2022-02-19_05-36-00,done'
ptd-server 2022-02-19 05:58:21,332 [INFO] Sending to ptd: 'Stop'
ptd-server 2022-02-19 05:58:21,437 [INFO] Reply from ptd: 'Error: no measurement to stop'
ptd-server 2022-02-19 05:58:21,437 [INFO] Sending to ptd: 'SR,V,300.000000'
ptd-server 2022-02-19 05:58:22,939 [INFO] Reply from ptd: 'Range V changed'
ptd-server 2022-02-19 05:58:22,939 [INFO] Sending to ptd: 'SR,A,0.500000'
ptd-server 2022-02-19 05:58:24,440 [INFO] Reply from ptd: 'Range A changed'
ptd-server 2022-02-19 05:58:24,440 [INFO] Set initial values for Amps 0.500000 and Volts 300.000000
ptd-server 2022-02-19 05:58:24,441 [INFO] Stopping ptd...
