client 2022-02-23 03:54:26,282 [INFO] Sending command to the server: 'mlcommons/power client v3'
client 2022-02-23 03:54:26,288 [INFO] Got response: 'mlcommons/power server v3'
client 2022-02-23 03:54:26,288 [INFO] Sending command to the server: 'stop'
client 2022-02-23 03:54:26,290 [INFO] Got response: 'OK'
client 2022-02-23 03:54:26,290 [INFO] Synchronizing with the server and with ib-01.dc4-in.nvidia.com...
client 2022-02-23 03:54:26,497 [INFO] NTP:offset = 0.001 s, delay = 0.202 s 
client 2022-02-23 03:54:26,497 [INFO] Sending command to the server: 'time'
client 2022-02-23 03:54:26,498 [INFO] Got response: '1645617266.476481'
client 2022-02-23 03:54:26,499 [INFO] The time difference between the client and the server is within range 21.010 ms..22.561 ms
client 2022-02-23 03:54:26,499 [INFO] Sending command to the server: 'new,,3fc5af3a-5ff6-4bf2-ab35-0aae41da4eaa'
client 2022-02-23 03:54:26,500 [INFO] Got response: 'OK 2022-02-23_03-54-26,48adc01e-1eb9-43d7-b22c-4f59f6dd534b'
client 2022-02-23 03:54:26,500 [INFO] Session id is '2022-02-23_03-54-26'
client 2022-02-23 03:54:26,501 [INFO] Sources: {"sources": {"__init__.py": "da39a3ee5e6b4b0d3255bfef95601890afd80709", "client.py": "33ca4f26368777ac06e01f9567b714a4b8063886", "lib/__init__.py": "da39a3ee5e6b4b0d3255bfef95601890afd80709", "lib/client.py": "4c2b78fb4849a7e5b584ef792d82aaed20b17f57", "lib/common.py": "624d0c0acc7c39aaff3674f0b99d6a09da53d1dc", "lib/external/__init__.py": "da39a3ee5e6b4b0d3255bfef95601890afd80709", "lib/external/ntplib.py": "4da8f970656505a40483206ef2b5d3dd5e81711d", "lib/server.py": "59c9fb92908260d3e9f81a895c7aa009742275e4", "lib/source_hashes.py": "60a2e02193209e8d392803326208d5466342da18", "lib/summary.py": "aa92f0a3f975eecd44d3c0cd0236342ccc9f941d", "lib/time_sync.py": "3210db56eb0ff0df57bf4293dc4d4b03fffd46f1", "server.py": "c3f90f2f7eeb4db30727556d0c815ebc89b3d28b", "tests/unit/__init__.py": "da39a3ee5e6b4b0d3255bfef95601890afd80709", "tests/unit/test_server.py": "99ae15aef722f2000ee6ed1ae1523637bf1ae42b", "tests/unit/test_source_hashes.py": "00468a2907583c593e6574a1f6b404e4651c221a"}, "modules": {"ptd_client_server.lib.client": "lib/client.py", "ptd_client_server.lib.common": "lib/common.py", "ptd_client_server.lib.external.ntplib": "lib/external/ntplib.py", "ptd_client_server.lib.source_hashes": "lib/source_hashes.py", "ptd_client_server.lib.summary": "lib/summary.py", "ptd_client_server.lib.time_sync": "lib/time_sync.py"}}
client 2022-02-23 03:54:26,504 [INFO] Running workload in ranging mode
client 2022-02-23 03:54:26,504 [INFO] Synchronizing with the server and with ib-01.dc4-in.nvidia.com...
client 2022-02-23 03:54:26,707 [INFO] NTP:offset = 0.001 s, delay = 0.202 s 
client 2022-02-23 03:54:26,707 [INFO] Sending command to the server: 'time'
client 2022-02-23 03:54:26,708 [INFO] Got response: '1645617266.6901672'
client 2022-02-23 03:54:26,708 [INFO] The time difference between the client and the server is within range 17.143 ms..18.696 ms
client 2022-02-23 03:54:26,708 [INFO] Sending command to the server: 'session,2022-02-23_03-54-26,start,ranging'
client 2022-02-23 03:55:05,081 [INFO] Got response: 'OK'
client 2022-02-23 03:55:05,081 [INFO] Running the workload 'LOG_DIR=/work/build/power_logs_temp python3 code/main.py --benchmarks=bert --scenarios=Server --test_mode=PerformanceOnly --config_ver=maxq --action="run_harness" \\\n\t\t2>&1 | tee -a /work/build/power_logs/2022.02.23-03.54.00/stdout.txt \\\n\t\t&& if [ ! -d /work/build/power_logs/2022.02.23-03.54.00/ranging_tmp ]; \\\n\t\t\tthen mkdir /work/build/power_logs/2022.02.23-03.54.00/ranging_tmp \\\n\t\t\t\t&& mv /work/build/power_logs_temp/* /work/build/power_logs/2022.02.23-03.54.00/ranging_tmp/ \\\n\t\t\t\t&& cp -v /work/build/power_logs/2022.02.23-03.54.00/ranging_tmp/*/*/*/mlperf_log_detail.txt /work/build/power_logs_temp/ \\\n\t\t\t\t&& cp -v /work/build/power_logs/2022.02.23-03.54.00/ranging_tmp/*/*/*/mlperf_log_summary.txt /work/build/power_logs_temp/; \\\n\t\t\telse mkdir /work/build/power_logs/2022.02.23-03.54.00/testing_tmp \\\n\t\t\t\t&& mv /work/build/power_logs_temp/* /work/build/power_logs/2022.02.23-03.54.00/testing_tmp/ \\\n\t\t\t\t&& cp -v /work/build/power_logs/2022.02.23-03.54.00/testing_tmp/*/*/*/mlperf_log_detail.txt /work/build/power_logs_temp/ \\\n\t\t\t\t&& cp -v /work/build/power_logs/2022.02.23-03.54.00/testing_tmp/*/*/*/mlperf_log_summary.txt /work/build/power_logs_temp/; fi'
client 2022-02-23 04:05:36,596 [INFO] Sending command to the server: 'session,2022-02-23_03-54-26,stop,ranging'
client 2022-02-23 04:05:46,624 [INFO] Got response: 'OK'
client 2022-02-23 04:05:46,640 [INFO] Copying loadgen logs from '/work/build/power_logs_temp' to '/work/build/power_logs/2022.02.23-03.54.00/2022-02-23_03-54-26/ranging'
client 2022-02-23 04:05:46,656 [INFO] Running workload in testing mode
client 2022-02-23 04:05:46,656 [INFO] Synchronizing with the server and with ib-01.dc4-in.nvidia.com...
client 2022-02-23 04:05:46,859 [INFO] NTP:offset = 0.000 s, delay = 0.202 s 
client 2022-02-23 04:05:46,859 [INFO] Sending command to the server: 'time'
client 2022-02-23 04:05:46,861 [INFO] Got response: '1645617946.8303263'
client 2022-02-23 04:05:46,861 [INFO] The time difference between the client and the server is within range 29.464 ms..31.138 ms
client 2022-02-23 04:05:46,861 [INFO] Sending command to the server: 'session,2022-02-23_03-54-26,start,testing'
client 2022-02-23 04:06:08,761 [INFO] Got response: 'OK'
client 2022-02-23 04:06:08,761 [INFO] Running the workload 'LOG_DIR=/work/build/power_logs_temp python3 code/main.py --benchmarks=bert --scenarios=Server --test_mode=PerformanceOnly --config_ver=maxq --action="run_harness" \\\n\t\t2>&1 | tee -a /work/build/power_logs/2022.02.23-03.54.00/stdout.txt \\\n\t\t&& if [ ! -d /work/build/power_logs/2022.02.23-03.54.00/ranging_tmp ]; \\\n\t\t\tthen mkdir /work/build/power_logs/2022.02.23-03.54.00/ranging_tmp \\\n\t\t\t\t&& mv /work/build/power_logs_temp/* /work/build/power_logs/2022.02.23-03.54.00/ranging_tmp/ \\\n\t\t\t\t&& cp -v /work/build/power_logs/2022.02.23-03.54.00/ranging_tmp/*/*/*/mlperf_log_detail.txt /work/build/power_logs_temp/ \\\n\t\t\t\t&& cp -v /work/build/power_logs/2022.02.23-03.54.00/ranging_tmp/*/*/*/mlperf_log_summary.txt /work/build/power_logs_temp/; \\\n\t\t\telse mkdir /work/build/power_logs/2022.02.23-03.54.00/testing_tmp \\\n\t\t\t\t&& mv /work/build/power_logs_temp/* /work/build/power_logs/2022.02.23-03.54.00/testing_tmp/ \\\n\t\t\t\t&& cp -v /work/build/power_logs/2022.02.23-03.54.00/testing_tmp/*/*/*/mlperf_log_detail.txt /work/build/power_logs_temp/ \\\n\t\t\t\t&& cp -v /work/build/power_logs/2022.02.23-03.54.00/testing_tmp/*/*/*/mlperf_log_summary.txt /work/build/power_logs_temp/; fi'
client 2022-02-23 04:16:40,422 [INFO] Sending command to the server: 'session,2022-02-23_03-54-26,stop,testing'
client 2022-02-23 04:16:50,448 [INFO] Got response: 'OK'
client 2022-02-23 04:16:50,458 [INFO] Copying loadgen logs from '/work/build/power_logs_temp' to '/work/build/power_logs/2022.02.23-03.54.00/2022-02-23_03-54-26/run_1'
client 2022-02-23 04:16:50,475 [INFO] Done runs
