ptd-server 2022-02-14 01:23:37,561 [INFO] Got command from the client 'time'
ptd-server 2022-02-14 01:23:37,561 [INFO] Sending reply to client '1644801817.5616145'
ptd-server 2022-02-14 01:23:37,563 [INFO] Got command from the client 'new,,36e338e4-75a1-454b-a126-a64352dbb9d6'
ptd-server 2022-02-14 01:23:37,564 [INFO] Sending reply to client 'OK 2022-02-14_01-23-37,408387aa-1686-43ef-822a-70ebb2b892b3'
ptd-server 2022-02-14 01:23:37,601 [INFO] Got command from the client 'time'
ptd-server 2022-02-14 01:23:37,601 [INFO] Sending reply to client '1644801817.6012251'
ptd-server 2022-02-14 01:23:37,603 [INFO] Got command from the client 'session,2022-02-14_01-23-37,start,ranging'
ptd-server 2022-02-14 01:23:37,603 [INFO] Running PTDaemon: ['/home/anton/projects/mlperf/power/inference_v1.0/ptd-linux-x86', '-l', '/tmp/tmpxvec0g6h/ptd_logfile.txt', '-p', '8888', '49', '/dev/usbtmc0']
ptd-server 2022-02-14 01:23:54,772 [INFO] Sending to ptd: 'Hello'
ptd-server 2022-02-14 01:23:54,772 [INFO] Reply from ptd: 'Hello, PTDaemon here!'
ptd-server 2022-02-14 01:23:54,773 [INFO] Sending to ptd: 'Identify'
ptd-server 2022-02-14 01:23:54,773 [INFO] Reply from ptd: 'YokogawaWT310E,1000,1,1,1,1,0,1,1,version=1.9.2-e8c7a49a-20201208,OS=Linux 5.13.0-27-generic #29~20.04.1-Ubuntu SMP Fri Jan 14 00:32:30 UTC 2022 x86_64,mode=power,1,1,1,0,0,no_cal_date,YOKOGAWA;WT310E;C3XA04010E;F1.04'
ptd-server 2022-02-14 01:23:54,773 [INFO] Connected to PTDaemon
ptd-server 2022-02-14 01:23:54,773 [INFO] Sending to ptd: 'RR'
ptd-server 2022-02-14 01:23:54,774 [INFO] Reply from ptd: 'Ranges,0,0.500000,0,300.000000'
ptd-server 2022-02-14 01:23:54,774 [INFO] Initial range for Amps is 0.500000 for Volts is 300.000000
ptd-server 2022-02-14 01:23:54,774 [INFO] Sending to ptd: 'SR,V,Auto'
ptd-server 2022-02-14 01:23:55,277 [INFO] Reply from ptd: 'Range V changed'
ptd-server 2022-02-14 01:23:55,277 [INFO] Sending to ptd: 'SR,A,Auto'
ptd-server 2022-02-14 01:23:55,780 [INFO] Reply from ptd: 'Range A changed'
ptd-server 2022-02-14 01:24:05,784 [INFO] Starting ranging mode
ptd-server 2022-02-14 01:24:05,784 [INFO] Sending to ptd: 'Go,1000,0,2022-02-14_01-23-37_ranging'
ptd-server 2022-02-14 01:24:05,785 [INFO] Reply from ptd: 'Starting untimed measurement, maximum 500000 samples at 1000ms with 0 rampup samples'
ptd-server 2022-02-14 01:24:05,785 [INFO] Sending reply to client 'OK'
ptd-server 2022-02-14 01:34:21,476 [INFO] Got command from the client 'session,2022-02-14_01-23-37,stop,ranging'
ptd-server 2022-02-14 01:34:31,486 [INFO] Sending to ptd: 'Stop'
ptd-server 2022-02-14 01:34:31,487 [INFO] Reply from ptd: 'Stopping untimed measurement'
ptd-server 2022-02-14 01:34:32,175 [INFO] Sending reply to client 'OK'
ptd-server 2022-02-14 01:34:32,229 [INFO] Got command from the client 'time'
ptd-server 2022-02-14 01:34:32,229 [INFO] Sending reply to client '1644802472.2293794'
ptd-server 2022-02-14 01:34:32,231 [INFO] Got command from the client 'session,2022-02-14_01-23-37,start,testing'
ptd-server 2022-02-14 01:34:32,231 [INFO] Sending to ptd: 'SR,V,249.450000'
ptd-server 2022-02-14 01:34:33,733 [INFO] Reply from ptd: 'Range V changed'
ptd-server 2022-02-14 01:34:33,733 [INFO] Sending to ptd: 'SR,A,0.154230'
ptd-server 2022-02-14 01:34:35,234 [INFO] Reply from ptd: 'Range A changed'
ptd-server 2022-02-14 01:34:45,244 [INFO] Starting testing mode
ptd-server 2022-02-14 01:34:45,245 [INFO] Sending to ptd: 'Go,1000,0,2022-02-14_01-23-37_testing'
ptd-server 2022-02-14 01:34:45,245 [INFO] Reply from ptd: 'Starting untimed measurement, maximum 500000 samples at 1000ms with 0 rampup samples'
ptd-server 2022-02-14 01:34:45,245 [INFO] Sending reply to client 'OK'
ptd-server 2022-02-14 01:45:00,796 [INFO] Got command from the client 'session,2022-02-14_01-23-37,stop,testing'
ptd-server 2022-02-14 01:45:10,800 [INFO] Sending to ptd: 'Stop'
ptd-server 2022-02-14 01:45:10,800 [INFO] Reply from ptd: 'Stopping untimed measurement'
ptd-server 2022-02-14 01:45:11,155 [INFO] Sending reply to client 'OK'
ptd-server 2022-02-14 01:45:11,174 [INFO] Got command from the client 'session,2022-02-14_01-23-37,done'
ptd-server 2022-02-14 01:45:11,175 [INFO] Sending to ptd: 'Stop'
ptd-server 2022-02-14 01:45:11,245 [INFO] Reply from ptd: 'Error: no measurement to stop'
ptd-server 2022-02-14 01:45:11,245 [INFO] Sending to ptd: 'SR,V,300.000000'
ptd-server 2022-02-14 01:45:12,747 [INFO] Reply from ptd: 'Range V changed'
ptd-server 2022-02-14 01:45:12,747 [INFO] Sending to ptd: 'SR,A,0.500000'
ptd-server 2022-02-14 01:45:14,248 [INFO] Reply from ptd: 'Range A changed'
ptd-server 2022-02-14 01:45:14,249 [INFO] Set initial values for Amps 0.500000 and Volts 300.000000
ptd-server 2022-02-14 01:45:14,249 [INFO] Stopping ptd...
