client 2022-02-21 07:36:31,118 [INFO] Sending command to the server: 'mlcommons/power client v3'
client 2022-02-21 07:36:31,119 [INFO] Got response: 'mlcommons/power server v3'
client 2022-02-21 07:36:31,119 [INFO] Sending command to the server: 'stop'
client 2022-02-21 07:36:31,121 [INFO] Got response: 'OK'
client 2022-02-21 07:36:31,121 [INFO] Synchronizing with the server and with ib-01.dc4-in.nvidia.com...
client 2022-02-21 07:36:31,369 [INFO] NTP:offset = -0.003 s, delay = 0.243 s 
client 2022-02-21 07:36:31,370 [INFO] Sending command to the server: 'time'
client 2022-02-21 07:36:31,393 [INFO] Got response: '1645457791.2147818'
client 2022-02-21 07:36:31,393 [INFO] The time difference between the client and the server is within range 155.239 ms..178.609 ms
client 2022-02-21 07:36:31,393 [INFO] Sending command to the server: 'new,,95b25de5-4d5f-4f1e-812e-9dd061d3592a'
client 2022-02-21 07:36:31,403 [INFO] Got response: 'OK 2022-02-21_07-36-31,2af4991a-fa52-4d86-9af9-59aa3ce9c9b8'
client 2022-02-21 07:36:31,403 [INFO] Session id is '2022-02-21_07-36-31'
client 2022-02-21 07:36:31,403 [INFO] Sources: {"sources": {"__init__.py": "da39a3ee5e6b4b0d3255bfef95601890afd80709", "client.py": "33ca4f26368777ac06e01f9567b714a4b8063886", "lib/__init__.py": "da39a3ee5e6b4b0d3255bfef95601890afd80709", "lib/client.py": "4c2b78fb4849a7e5b584ef792d82aaed20b17f57", "lib/common.py": "624d0c0acc7c39aaff3674f0b99d6a09da53d1dc", "lib/external/__init__.py": "da39a3ee5e6b4b0d3255bfef95601890afd80709", "lib/external/ntplib.py": "4da8f970656505a40483206ef2b5d3dd5e81711d", "lib/server.py": "59c9fb92908260d3e9f81a895c7aa009742275e4", "lib/source_hashes.py": "60a2e02193209e8d392803326208d5466342da18", "lib/summary.py": "aa92f0a3f975eecd44d3c0cd0236342ccc9f941d", "lib/time_sync.py": "3210db56eb0ff0df57bf4293dc4d4b03fffd46f1", "server.py": "c3f90f2f7eeb4db30727556d0c815ebc89b3d28b", "tests/unit/__init__.py": "da39a3ee5e6b4b0d3255bfef95601890afd80709", "tests/unit/test_server.py": "99ae15aef722f2000ee6ed1ae1523637bf1ae42b", "tests/unit/test_source_hashes.py": "00468a2907583c593e6574a1f6b404e4651c221a"}, "modules": {"ptd_client_server.lib.client": "lib/client.py", "ptd_client_server.lib.common": "lib/common.py", "ptd_client_server.lib.external.ntplib": "lib/external/ntplib.py", "ptd_client_server.lib.source_hashes": "lib/source_hashes.py", "ptd_client_server.lib.summary": "lib/summary.py", "ptd_client_server.lib.time_sync": "lib/time_sync.py"}}
client 2022-02-21 07:36:31,412 [INFO] Running workload in ranging mode
client 2022-02-21 07:36:31,412 [INFO] Synchronizing with the server and with ib-01.dc4-in.nvidia.com...
client 2022-02-21 07:36:31,655 [INFO] NTP:offset = -0.003 s, delay = 0.241 s 
client 2022-02-21 07:36:31,655 [INFO] Sending command to the server: 'time'
client 2022-02-21 07:36:31,662 [INFO] Got response: '1645457791.4959674'
client 2022-02-21 07:36:31,662 [INFO] The time difference between the client and the server is within range 159.787 ms..166.713 ms
client 2022-02-21 07:36:31,662 [INFO] Sending command to the server: 'session,2022-02-21_07-36-31,start,ranging'
client 2022-02-21 07:37:10,344 [INFO] Got response: 'OK'
client 2022-02-21 07:37:10,344 [INFO] Running the workload 'LOG_DIR=/work/build/power_logs_temp python3 code/main.py --benchmarks=resnet50 --scenarios=Offline --test_mode=PerformanceOnly --config_ver=maxq --action="run_harness" \\\n\t\t2>&1 | tee -a /work/build/power_logs/2022.02.21-07.35.49/stdout.txt \\\n\t\t&& if [ ! -d /work/build/power_logs/2022.02.21-07.35.49/ranging_tmp ]; \\\n\t\t\tthen mkdir /work/build/power_logs/2022.02.21-07.35.49/ranging_tmp \\\n\t\t\t\t&& mv /work/build/power_logs_temp/* /work/build/power_logs/2022.02.21-07.35.49/ranging_tmp/ \\\n\t\t\t\t&& cp -v /work/build/power_logs/2022.02.21-07.35.49/ranging_tmp/*/*/*/mlperf_log_detail.txt /work/build/power_logs_temp/ \\\n\t\t\t\t&& cp -v /work/build/power_logs/2022.02.21-07.35.49/ranging_tmp/*/*/*/mlperf_log_summary.txt /work/build/power_logs_temp/; \\\n\t\t\telse mkdir /work/build/power_logs/2022.02.21-07.35.49/testing_tmp \\\n\t\t\t\t&& mv /work/build/power_logs_temp/* /work/build/power_logs/2022.02.21-07.35.49/testing_tmp/ \\\n\t\t\t\t&& cp -v /work/build/power_logs/2022.02.21-07.35.49/testing_tmp/*/*/*/mlperf_log_detail.txt /work/build/power_logs_temp/ \\\n\t\t\t\t&& cp -v /work/build/power_logs/2022.02.21-07.35.49/testing_tmp/*/*/*/mlperf_log_summary.txt /work/build/power_logs_temp/; fi'
client 2022-02-21 07:48:34,294 [INFO] Sending command to the server: 'session,2022-02-21_07-36-31,stop,ranging'
client 2022-02-21 07:48:44,391 [INFO] Got response: 'OK'
client 2022-02-21 07:48:44,406 [INFO] Copying loadgen logs from '/work/build/power_logs_temp' to '/work/build/power_logs/2022.02.21-07.35.49/2022-02-21_07-36-31/ranging'
client 2022-02-21 07:48:44,420 [INFO] Running workload in testing mode
client 2022-02-21 07:48:44,420 [INFO] Synchronizing with the server and with ib-01.dc4-in.nvidia.com...
client 2022-02-21 07:48:44,664 [INFO] NTP:offset = -0.003 s, delay = 0.242 s 
client 2022-02-21 07:48:44,664 [INFO] Sending command to the server: 'time'
client 2022-02-21 07:48:44,665 [INFO] Got response: '1645458524.5161154'
client 2022-02-21 07:48:44,665 [INFO] The time difference between the client and the server is within range 148.115 ms..149.691 ms
client 2022-02-21 07:48:44,665 [INFO] Sending command to the server: 'session,2022-02-21_07-36-31,start,testing'
client 2022-02-21 07:49:06,370 [INFO] Got response: 'OK'
client 2022-02-21 07:49:06,370 [INFO] Running the workload 'LOG_DIR=/work/build/power_logs_temp python3 code/main.py --benchmarks=resnet50 --scenarios=Offline --test_mode=PerformanceOnly --config_ver=maxq --action="run_harness" \\\n\t\t2>&1 | tee -a /work/build/power_logs/2022.02.21-07.35.49/stdout.txt \\\n\t\t&& if [ ! -d /work/build/power_logs/2022.02.21-07.35.49/ranging_tmp ]; \\\n\t\t\tthen mkdir /work/build/power_logs/2022.02.21-07.35.49/ranging_tmp \\\n\t\t\t\t&& mv /work/build/power_logs_temp/* /work/build/power_logs/2022.02.21-07.35.49/ranging_tmp/ \\\n\t\t\t\t&& cp -v /work/build/power_logs/2022.02.21-07.35.49/ranging_tmp/*/*/*/mlperf_log_detail.txt /work/build/power_logs_temp/ \\\n\t\t\t\t&& cp -v /work/build/power_logs/2022.02.21-07.35.49/ranging_tmp/*/*/*/mlperf_log_summary.txt /work/build/power_logs_temp/; \\\n\t\t\telse mkdir /work/build/power_logs/2022.02.21-07.35.49/testing_tmp \\\n\t\t\t\t&& mv /work/build/power_logs_temp/* /work/build/power_logs/2022.02.21-07.35.49/testing_tmp/ \\\n\t\t\t\t&& cp -v /work/build/power_logs/2022.02.21-07.35.49/testing_tmp/*/*/*/mlperf_log_detail.txt /work/build/power_logs_temp/ \\\n\t\t\t\t&& cp -v /work/build/power_logs/2022.02.21-07.35.49/testing_tmp/*/*/*/mlperf_log_summary.txt /work/build/power_logs_temp/; fi'
client 2022-02-21 08:00:31,964 [INFO] Sending command to the server: 'session,2022-02-21_07-36-31,stop,testing'
client 2022-02-21 08:00:42,036 [INFO] Got response: 'OK'
client 2022-02-21 08:00:42,048 [INFO] Copying loadgen logs from '/work/build/power_logs_temp' to '/work/build/power_logs/2022.02.21-07.35.49/2022-02-21_07-36-31/run_1'
client 2022-02-21 08:00:42,061 [INFO] Done runs
