ptd-server 2022-02-21 07:36:30,964 [INFO] Got command from the client 'stop'
ptd-server 2022-02-21 07:36:30,964 [INFO] The server will be stopped after processing this client
ptd-server 2022-02-21 07:36:30,964 [INFO] Sending reply to client 'OK'
ptd-server 2022-02-21 07:36:31,214 [INFO] Got command from the client 'time'
ptd-server 2022-02-21 07:36:31,214 [INFO] Sending reply to client '1645457791.2147818'
ptd-server 2022-02-21 07:36:31,230 [INFO] Got command from the client 'new,,95b25de5-4d5f-4f1e-812e-9dd061d3592a'
ptd-server 2022-02-21 07:36:31,246 [INFO] Sending reply to client 'OK 2022-02-21_07-36-31,2af4991a-fa52-4d86-9af9-59aa3ce9c9b8'
ptd-server 2022-02-21 07:36:31,495 [INFO] Got command from the client 'time'
ptd-server 2022-02-21 07:36:31,495 [INFO] Sending reply to client '1645457791.4959674'
ptd-server 2022-02-21 07:36:31,511 [INFO] Got command from the client 'session,2022-02-21_07-36-31,start,ranging'
ptd-server 2022-02-21 07:36:31,620 [INFO] Running PTDaemon: ['C:\\PTD\\ptd-windows-x86.exe', '-l', 'C:\\Users\\lab\\AppData\\Local\\Temp\\tmpi7y9i3rh\\ptd_logfile.txt', '-p', '8888', '-c', '1,2', '-y', '77', '10.34.224.245']
ptd-server 2022-02-21 07:36:50,007 [INFO] Sending to ptd: 'Hello'
ptd-server 2022-02-21 07:36:50,007 [INFO] Reply from ptd: 'Hello, PTDaemon here!'
ptd-server 2022-02-21 07:36:50,007 [INFO] Sending to ptd: 'Identify'
ptd-server 2022-02-21 07:36:50,007 [INFO] Reply from ptd: 'YokogawaWT330_multichannel,1000,1,1,1,1,0,0,1,version=1.9.2-3976349f-20201208,OS=Windows 8 / Server 2012,mode=power,1,1,2,0,0,no_cal_date,YOKOGAWA;WT333E;C2XL24038V;F1.04'
ptd-server 2022-02-21 07:36:50,007 [INFO] Connected to PTDaemon
ptd-server 2022-02-21 07:36:50,007 [INFO] Sending to ptd: 'RR'
ptd-server 2022-02-21 07:36:50,007 [INFO] Reply from ptd: 'Ranges,-1,-1.000000,-1,-1.000000'
ptd-server 2022-02-21 07:36:50,007 [INFO] Initial range for Amps is Auto for Volts is Auto
ptd-server 2022-02-21 07:36:50,007 [INFO] Sending to ptd: 'SR,V,Auto'
ptd-server 2022-02-21 07:36:55,099 [INFO] Reply from ptd: 'Range V changed'
ptd-server 2022-02-21 07:36:55,099 [INFO] Sending to ptd: 'SR,A,Auto'
ptd-server 2022-02-21 07:37:00,176 [INFO] Reply from ptd: 'Range A changed'
ptd-server 2022-02-21 07:37:10,190 [INFO] Starting ranging mode
ptd-server 2022-02-21 07:37:10,190 [INFO] Sending to ptd: 'Go,1000,0,2022-02-21_07-36-31_ranging'
ptd-server 2022-02-21 07:37:10,190 [INFO] Reply from ptd: 'Starting untimed measurement, maximum 500000 samples at 1000ms with 0 rampup samples'
ptd-server 2022-02-21 07:37:10,190 [INFO] Sending reply to client 'OK'
ptd-server 2022-02-21 07:48:34,143 [INFO] Got command from the client 'session,2022-02-21_07-36-31,stop,ranging'
ptd-server 2022-02-21 07:48:44,156 [INFO] Sending to ptd: 'Stop'
ptd-server 2022-02-21 07:48:44,156 [INFO] Reply from ptd: 'Stopping untimed measurement'
ptd-server 2022-02-21 07:48:44,234 [INFO] Sending reply to client 'OK'
ptd-server 2022-02-21 07:48:44,500 [INFO] Got command from the client 'time'
ptd-server 2022-02-21 07:48:44,516 [INFO] Sending reply to client '1645458524.5161154'
ptd-server 2022-02-21 07:48:44,516 [INFO] Got command from the client 'session,2022-02-21_07-36-31,start,testing'
ptd-server 2022-02-21 07:48:44,516 [INFO] Sending to ptd: 'SR,V,208.380000'
ptd-server 2022-02-21 07:48:50,608 [INFO] Reply from ptd: 'Range V changed'
ptd-server 2022-02-21 07:48:50,608 [INFO] Sending to ptd: 'SR,A,6.984000'
ptd-server 2022-02-21 07:48:56,200 [INFO] Reply from ptd: 'Range A changed'
ptd-server 2022-02-21 07:49:06,214 [INFO] Starting testing mode
ptd-server 2022-02-21 07:49:06,214 [INFO] Sending to ptd: 'Go,1000,0,2022-02-21_07-36-31_testing'
ptd-server 2022-02-21 07:49:06,214 [INFO] Reply from ptd: 'Starting untimed measurement, maximum 500000 samples at 1000ms with 0 rampup samples'
ptd-server 2022-02-21 07:49:06,214 [INFO] Sending reply to client 'OK'
ptd-server 2022-02-21 08:00:31,806 [INFO] Got command from the client 'session,2022-02-21_07-36-31,stop,testing'
ptd-server 2022-02-21 08:00:41,835 [INFO] Sending to ptd: 'Stop'
ptd-server 2022-02-21 08:00:41,835 [INFO] Reply from ptd: 'Stopping untimed measurement'
ptd-server 2022-02-21 08:00:41,867 [INFO] Sending reply to client 'OK'
ptd-server 2022-02-21 08:00:41,929 [INFO] Got command from the client 'session,2022-02-21_07-36-31,done'
ptd-server 2022-02-21 08:00:41,929 [INFO] Sending to ptd: 'Stop'
ptd-server 2022-02-21 08:00:42,226 [INFO] Reply from ptd: 'Error: no measurement to stop'
ptd-server 2022-02-21 08:00:42,226 [INFO] Sending to ptd: 'SR,V,Auto'
ptd-server 2022-02-21 08:00:47,303 [INFO] Reply from ptd: 'Range V changed'
ptd-server 2022-02-21 08:00:47,303 [INFO] Sending to ptd: 'SR,A,Auto'
ptd-server 2022-02-21 08:00:52,380 [INFO] Reply from ptd: 'Range A changed'
ptd-server 2022-02-21 08:00:52,380 [INFO] Set initial values for Amps Auto and Volts Auto
ptd-server 2022-02-21 08:00:52,380 [INFO] Stopping ptd...
