ptd-server 2022-02-23 16:15:40,391 [INFO] Got command from the client 'time'
ptd-server 2022-02-23 16:15:40,391 [INFO] Sending reply to client '1645632940.3914409'
ptd-server 2022-02-23 16:15:40,393 [INFO] Got command from the client 'new,,ceb691ed-be0a-4160-98f6-8c03188d76c2'
ptd-server 2022-02-23 16:15:40,393 [INFO] Sending reply to client 'OK 2022-02-23_16-15-40,d448eb78-82e4-4afa-a1e9-393fb71afd18'
ptd-server 2022-02-23 16:15:40,435 [INFO] Got command from the client 'time'
ptd-server 2022-02-23 16:15:40,435 [INFO] Sending reply to client '1645632940.4351585'
ptd-server 2022-02-23 16:15:40,437 [INFO] Got command from the client 'session,2022-02-23_16-15-40,start,ranging'
ptd-server 2022-02-23 16:15:40,437 [INFO] Running PTDaemon: ['/home/anton/projects/mlperf/power/inference_v1.0/ptd-linux-x86', '-l', '/tmp/tmpgldyt7rr/ptd_logfile.txt', '-p', '8888', '49', '/dev/usbtmc0']
ptd-server 2022-02-23 16:15:57,612 [INFO] Sending to ptd: 'Hello'
ptd-server 2022-02-23 16:15:57,612 [INFO] Reply from ptd: 'Hello, PTDaemon here!'
ptd-server 2022-02-23 16:15:57,613 [INFO] Sending to ptd: 'Identify'
ptd-server 2022-02-23 16:15:57,613 [INFO] Reply from ptd: 'YokogawaWT310E,1000,1,1,1,1,0,1,1,version=1.9.2-e8c7a49a-20201208,OS=Linux 5.13.0-28-generic #31~20.04.1-Ubuntu SMP Wed Jan 19 14:08:10 UTC 2022 x86_64,mode=power,1,1,1,0,0,no_cal_date,YOKOGAWA;WT310E;C3XA04010E;F1.04'
ptd-server 2022-02-23 16:15:57,613 [INFO] Connected to PTDaemon
ptd-server 2022-02-23 16:15:57,613 [INFO] Sending to ptd: 'RR'
ptd-server 2022-02-23 16:15:57,613 [INFO] Reply from ptd: 'Ranges,0,0.500000,0,300.000000'
ptd-server 2022-02-23 16:15:57,614 [INFO] Initial range for Amps is 0.500000 for Volts is 300.000000
ptd-server 2022-02-23 16:15:57,614 [INFO] Sending to ptd: 'SR,V,Auto'
ptd-server 2022-02-23 16:15:58,116 [INFO] Reply from ptd: 'Range V changed'
ptd-server 2022-02-23 16:15:58,117 [INFO] Sending to ptd: 'SR,A,Auto'
ptd-server 2022-02-23 16:15:58,619 [INFO] Reply from ptd: 'Range A changed'
ptd-server 2022-02-23 16:16:08,628 [INFO] Starting ranging mode
ptd-server 2022-02-23 16:16:08,628 [INFO] Sending to ptd: 'Go,1000,0,2022-02-23_16-15-40_ranging'
ptd-server 2022-02-23 16:16:08,628 [INFO] Reply from ptd: 'Starting untimed measurement, maximum 500000 samples at 1000ms with 0 rampup samples'
ptd-server 2022-02-23 16:16:08,629 [INFO] Sending reply to client 'OK'
ptd-server 2022-02-23 16:26:31,229 [INFO] Got command from the client 'session,2022-02-23_16-15-40,stop,ranging'
ptd-server 2022-02-23 16:26:41,239 [INFO] Sending to ptd: 'Stop'
ptd-server 2022-02-23 16:26:41,239 [INFO] Reply from ptd: 'Stopping untimed measurement'
ptd-server 2022-02-23 16:26:42,124 [INFO] Sending reply to client 'OK'
ptd-server 2022-02-23 16:26:42,189 [INFO] Got command from the client 'time'
ptd-server 2022-02-23 16:26:42,190 [INFO] Sending reply to client '1645633602.1899889'
ptd-server 2022-02-23 16:26:42,191 [INFO] Got command from the client 'session,2022-02-23_16-15-40,start,testing'
ptd-server 2022-02-23 16:26:42,192 [INFO] Sending to ptd: 'SR,V,250.930000'
ptd-server 2022-02-23 16:26:43,693 [INFO] Reply from ptd: 'Range V changed'
ptd-server 2022-02-23 16:26:43,693 [INFO] Sending to ptd: 'SR,A,0.050380'
ptd-server 2022-02-23 16:26:45,194 [INFO] Reply from ptd: 'Range A changed'
ptd-server 2022-02-23 16:26:55,205 [INFO] Starting testing mode
ptd-server 2022-02-23 16:26:55,205 [INFO] Sending to ptd: 'Go,1000,0,2022-02-23_16-15-40_testing'
ptd-server 2022-02-23 16:26:55,205 [INFO] Reply from ptd: 'Starting untimed measurement, maximum 500000 samples at 1000ms with 0 rampup samples'
ptd-server 2022-02-23 16:26:55,206 [INFO] Sending reply to client 'OK'
ptd-server 2022-02-23 16:37:17,775 [INFO] Got command from the client 'session,2022-02-23_16-15-40,stop,testing'
ptd-server 2022-02-23 16:37:27,784 [INFO] Sending to ptd: 'Stop'
ptd-server 2022-02-23 16:37:27,784 [INFO] Reply from ptd: 'Stopping untimed measurement'
ptd-server 2022-02-23 16:37:28,367 [INFO] Sending reply to client 'OK'
ptd-server 2022-02-23 16:37:28,387 [INFO] Got command from the client 'session,2022-02-23_16-15-40,done'
ptd-server 2022-02-23 16:37:28,387 [INFO] Sending to ptd: 'Stop'
ptd-server 2022-02-23 16:37:28,388 [INFO] Reply from ptd: 'Error: no measurement to stop'
ptd-server 2022-02-23 16:37:28,388 [INFO] Sending to ptd: 'SR,V,300.000000'
ptd-server 2022-02-23 16:37:29,889 [INFO] Reply from ptd: 'Range V changed'
ptd-server 2022-02-23 16:37:29,889 [INFO] Sending to ptd: 'SR,A,0.500000'
ptd-server 2022-02-23 16:37:31,391 [INFO] Reply from ptd: 'Range A changed'
ptd-server 2022-02-23 16:37:31,391 [INFO] Set initial values for Amps 0.500000 and Volts 300.000000
ptd-server 2022-02-23 16:37:31,391 [INFO] Stopping ptd...
