ptd-server 2022-02-22 11:28:27,194 [INFO] Got command from the client 'time'
ptd-server 2022-02-22 11:28:27,194 [INFO] Sending reply to client '1645529307.1946151'
ptd-server 2022-02-22 11:28:27,197 [INFO] Got command from the client 'new,,703cb5cb-f6a1-44ba-b0e3-29483a29bc64'
ptd-server 2022-02-22 11:28:27,197 [INFO] Sending reply to client 'OK 2022-02-22_11-28-27,6541dcb3-e54d-4f3c-885d-bc14741acf32'
ptd-server 2022-02-22 11:28:27,242 [INFO] Got command from the client 'time'
ptd-server 2022-02-22 11:28:27,242 [INFO] Sending reply to client '1645529307.2424011'
ptd-server 2022-02-22 11:28:27,244 [INFO] Got command from the client 'session,2022-02-22_11-28-27,start,ranging'
ptd-server 2022-02-22 11:28:27,244 [INFO] Running PTDaemon: ['/home/anton/projects/mlperf/power/inference_v1.0/ptd-linux-x86', '-l', '/tmp/tmpgldyt7rr/ptd_logfile.txt', '-p', '8888', '49', '/dev/usbtmc0']
ptd-server 2022-02-22 11:28:44,417 [INFO] Sending to ptd: 'Hello'
ptd-server 2022-02-22 11:28:44,418 [INFO] Reply from ptd: 'Hello, PTDaemon here!'
ptd-server 2022-02-22 11:28:44,418 [INFO] Sending to ptd: 'Identify'
ptd-server 2022-02-22 11:28:44,418 [INFO] Reply from ptd: 'YokogawaWT310E,1000,1,1,1,1,0,1,1,version=1.9.2-e8c7a49a-20201208,OS=Linux 5.13.0-28-generic #31~20.04.1-Ubuntu SMP Wed Jan 19 14:08:10 UTC 2022 x86_64,mode=power,1,1,1,0,0,no_cal_date,YOKOGAWA;WT310E;C3XA04010E;F1.04'
ptd-server 2022-02-22 11:28:44,418 [INFO] Connected to PTDaemon
ptd-server 2022-02-22 11:28:44,418 [INFO] Sending to ptd: 'RR'
ptd-server 2022-02-22 11:28:44,419 [INFO] Reply from ptd: 'Ranges,0,0.500000,0,300.000000'
ptd-server 2022-02-22 11:28:44,419 [INFO] Initial range for Amps is 0.500000 for Volts is 300.000000
ptd-server 2022-02-22 11:28:44,419 [INFO] Sending to ptd: 'SR,V,Auto'
ptd-server 2022-02-22 11:28:44,922 [INFO] Reply from ptd: 'Range V changed'
ptd-server 2022-02-22 11:28:44,922 [INFO] Sending to ptd: 'SR,A,Auto'
ptd-server 2022-02-22 11:28:45,424 [INFO] Reply from ptd: 'Range A changed'
ptd-server 2022-02-22 11:28:55,434 [INFO] Starting ranging mode
ptd-server 2022-02-22 11:28:55,435 [INFO] Sending to ptd: 'Go,1000,0,2022-02-22_11-28-27_ranging'
ptd-server 2022-02-22 11:28:55,435 [INFO] Reply from ptd: 'Starting untimed measurement, maximum 500000 samples at 1000ms with 0 rampup samples'
ptd-server 2022-02-22 11:28:55,435 [INFO] Sending reply to client 'OK'
ptd-server 2022-02-22 11:39:24,615 [INFO] Got command from the client 'session,2022-02-22_11-28-27,stop,ranging'
ptd-server 2022-02-22 11:39:34,626 [INFO] Sending to ptd: 'Stop'
ptd-server 2022-02-22 11:39:34,626 [INFO] Reply from ptd: 'Stopping untimed measurement'
ptd-server 2022-02-22 11:39:35,352 [INFO] Sending reply to client 'OK'
ptd-server 2022-02-22 11:39:35,411 [INFO] Got command from the client 'time'
ptd-server 2022-02-22 11:39:35,411 [INFO] Sending reply to client '1645529975.4118247'
ptd-server 2022-02-22 11:39:35,413 [INFO] Got command from the client 'session,2022-02-22_11-28-27,start,testing'
ptd-server 2022-02-22 11:39:35,413 [INFO] Sending to ptd: 'SR,V,249.090000'
ptd-server 2022-02-22 11:39:36,936 [INFO] Reply from ptd: 'Range V changed'
ptd-server 2022-02-22 11:39:36,937 [INFO] Sending to ptd: 'SR,A,0.052270'
ptd-server 2022-02-22 11:39:38,438 [INFO] Reply from ptd: 'Range A changed'
ptd-server 2022-02-22 11:39:48,448 [INFO] Starting testing mode
ptd-server 2022-02-22 11:39:48,449 [INFO] Sending to ptd: 'Go,1000,0,2022-02-22_11-28-27_testing'
ptd-server 2022-02-22 11:39:48,449 [INFO] Reply from ptd: 'Starting untimed measurement, maximum 500000 samples at 1000ms with 0 rampup samples'
ptd-server 2022-02-22 11:39:48,449 [INFO] Sending reply to client 'OK'
ptd-server 2022-02-22 11:50:17,214 [INFO] Got command from the client 'session,2022-02-22_11-28-27,stop,testing'
ptd-server 2022-02-22 11:50:27,225 [INFO] Sending to ptd: 'Stop'
ptd-server 2022-02-22 11:50:27,225 [INFO] Reply from ptd: 'Stopping untimed measurement'
ptd-server 2022-02-22 11:50:27,608 [INFO] Sending reply to client 'OK'
ptd-server 2022-02-22 11:50:27,627 [INFO] Got command from the client 'session,2022-02-22_11-28-27,done'
ptd-server 2022-02-22 11:50:27,627 [INFO] Sending to ptd: 'Stop'
ptd-server 2022-02-22 11:50:27,627 [INFO] Reply from ptd: 'Error: no measurement to stop'
ptd-server 2022-02-22 11:50:27,627 [INFO] Sending to ptd: 'SR,V,300.000000'
ptd-server 2022-02-22 11:50:29,129 [INFO] Reply from ptd: 'Range V changed'
ptd-server 2022-02-22 11:50:29,129 [INFO] Sending to ptd: 'SR,A,0.500000'
ptd-server 2022-02-22 11:50:30,630 [INFO] Reply from ptd: 'Range A changed'
ptd-server 2022-02-22 11:50:30,630 [INFO] Set initial values for Amps 0.500000 and Volts 300.000000
ptd-server 2022-02-22 11:50:30,630 [INFO] Stopping ptd...
