ptd-server 2022-02-16 14:23:01,804 [INFO] Got command from the client 'time'
ptd-server 2022-02-16 14:23:01,804 [INFO] Sending reply to client '1645021381.8044612'
ptd-server 2022-02-16 14:23:01,805 [INFO] Got command from the client 'new,,89c3817d-18cf-4214-b60b-cd4ac51526fe'
ptd-server 2022-02-16 14:23:01,806 [INFO] Sending reply to client 'OK 2022-02-16_14-23-01,c2a09956-6662-4683-8338-00786910c1ed'
ptd-server 2022-02-16 14:23:01,839 [INFO] Got command from the client 'time'
ptd-server 2022-02-16 14:23:01,839 [INFO] Sending reply to client '1645021381.8391593'
ptd-server 2022-02-16 14:23:01,840 [INFO] Got command from the client 'session,2022-02-16_14-23-01,start,ranging'
ptd-server 2022-02-16 14:23:01,840 [INFO] Running PTDaemon: ['/home/anton/projects/mlperf/power/inference_v1.0/ptd-linux-x86', '-l', '/tmp/tmpgldyt7rr/ptd_logfile.txt', '-p', '8888', '49', '/dev/usbtmc0']
ptd-server 2022-02-16 14:23:19,011 [INFO] Sending to ptd: 'Hello'
ptd-server 2022-02-16 14:23:19,012 [INFO] Reply from ptd: 'Hello, PTDaemon here!'
ptd-server 2022-02-16 14:23:19,012 [INFO] Sending to ptd: 'Identify'
ptd-server 2022-02-16 14:23:19,013 [INFO] Reply from ptd: 'YokogawaWT310E,1000,1,1,1,1,0,1,1,version=1.9.2-e8c7a49a-20201208,OS=Linux 5.13.0-28-generic #31~20.04.1-Ubuntu SMP Wed Jan 19 14:08:10 UTC 2022 x86_64,mode=power,1,1,1,0,0,no_cal_date,YOKOGAWA;WT310E;C3XA04010E;F1.04'
ptd-server 2022-02-16 14:23:19,013 [INFO] Connected to PTDaemon
ptd-server 2022-02-16 14:23:19,013 [INFO] Sending to ptd: 'RR'
ptd-server 2022-02-16 14:23:19,013 [INFO] Reply from ptd: 'Ranges,0,0.500000,0,300.000000'
ptd-server 2022-02-16 14:23:19,013 [INFO] Initial range for Amps is 0.500000 for Volts is 300.000000
ptd-server 2022-02-16 14:23:19,014 [INFO] Sending to ptd: 'SR,V,Auto'
ptd-server 2022-02-16 14:23:19,516 [INFO] Reply from ptd: 'Range V changed'
ptd-server 2022-02-16 14:23:19,516 [INFO] Sending to ptd: 'SR,A,Auto'
ptd-server 2022-02-16 14:23:20,019 [INFO] Reply from ptd: 'Range A changed'
ptd-server 2022-02-16 14:23:30,029 [INFO] Starting ranging mode
ptd-server 2022-02-16 14:23:30,029 [INFO] Sending to ptd: 'Go,1000,0,2022-02-16_14-23-01_ranging'
ptd-server 2022-02-16 14:23:30,030 [INFO] Reply from ptd: 'Starting untimed measurement, maximum 500000 samples at 1000ms with 0 rampup samples'
ptd-server 2022-02-16 14:23:30,030 [INFO] Sending reply to client 'OK'
ptd-server 2022-02-16 14:33:50,422 [INFO] Got command from the client 'session,2022-02-16_14-23-01,stop,ranging'
ptd-server 2022-02-16 14:34:00,432 [INFO] Sending to ptd: 'Stop'
ptd-server 2022-02-16 14:34:00,433 [INFO] Reply from ptd: 'Stopping untimed measurement'
ptd-server 2022-02-16 14:34:00,470 [INFO] Sending reply to client 'OK'
ptd-server 2022-02-16 14:34:00,556 [INFO] Got command from the client 'time'
ptd-server 2022-02-16 14:34:00,557 [INFO] Sending reply to client '1645022040.556994'
ptd-server 2022-02-16 14:34:00,558 [INFO] Got command from the client 'session,2022-02-16_14-23-01,start,testing'
ptd-server 2022-02-16 14:34:00,558 [INFO] Sending to ptd: 'SR,V,250.030000'
ptd-server 2022-02-16 14:34:02,531 [INFO] Reply from ptd: 'Range V changed'
ptd-server 2022-02-16 14:34:02,531 [INFO] Sending to ptd: 'SR,A,0.051380'
ptd-server 2022-02-16 14:34:04,032 [INFO] Reply from ptd: 'Range A changed'
ptd-server 2022-02-16 14:34:14,043 [INFO] Starting testing mode
ptd-server 2022-02-16 14:34:14,043 [INFO] Sending to ptd: 'Go,1000,0,2022-02-16_14-23-01_testing'
ptd-server 2022-02-16 14:34:14,043 [INFO] Reply from ptd: 'Starting untimed measurement, maximum 500000 samples at 1000ms with 0 rampup samples'
ptd-server 2022-02-16 14:34:14,044 [INFO] Sending reply to client 'OK'
ptd-server 2022-02-16 14:44:32,268 [INFO] Got command from the client 'session,2022-02-16_14-23-01,stop,testing'
ptd-server 2022-02-16 14:44:42,278 [INFO] Sending to ptd: 'Stop'
ptd-server 2022-02-16 14:44:42,279 [INFO] Reply from ptd: 'Stopping untimed measurement'
ptd-server 2022-02-16 14:44:42,297 [INFO] Sending reply to client 'OK'
ptd-server 2022-02-16 14:44:42,316 [INFO] Got command from the client 'session,2022-02-16_14-23-01,done'
ptd-server 2022-02-16 14:44:42,316 [INFO] Sending to ptd: 'Stop'
ptd-server 2022-02-16 14:44:43,044 [INFO] Reply from ptd: 'Error: no measurement to stop'
ptd-server 2022-02-16 14:44:43,044 [INFO] Sending to ptd: 'SR,V,300.000000'
ptd-server 2022-02-16 14:44:44,545 [INFO] Reply from ptd: 'Range V changed'
ptd-server 2022-02-16 14:44:44,545 [INFO] Sending to ptd: 'SR,A,0.500000'
ptd-server 2022-02-16 14:44:46,047 [INFO] Reply from ptd: 'Range A changed'
ptd-server 2022-02-16 14:44:46,047 [INFO] Set initial values for Amps 0.500000 and Volts 300.000000
ptd-server 2022-02-16 14:44:46,047 [INFO] Stopping ptd...
