ptd-server 2022-02-16 16:12:30,379 [INFO] Got command from the client 'time'
ptd-server 2022-02-16 16:12:30,379 [INFO] Sending reply to client '1645027950.3794253'
ptd-server 2022-02-16 16:12:30,381 [INFO] Got command from the client 'new,,e443e7cc-2ece-4256-a977-49201f5dd94e'
ptd-server 2022-02-16 16:12:30,381 [INFO] Sending reply to client 'OK 2022-02-16_16-12-30,c46bd0db-58a9-4d18-88c2-853aa9c9f4cd'
ptd-server 2022-02-16 16:12:30,418 [INFO] Got command from the client 'time'
ptd-server 2022-02-16 16:12:30,418 [INFO] Sending reply to client '1645027950.4185975'
ptd-server 2022-02-16 16:12:30,420 [INFO] Got command from the client 'session,2022-02-16_16-12-30,start,ranging'
ptd-server 2022-02-16 16:12:30,420 [INFO] Running PTDaemon: ['/home/anton/projects/mlperf/power/inference_v1.0/ptd-linux-x86', '-l', '/tmp/tmpgldyt7rr/ptd_logfile.txt', '-p', '8888', '49', '/dev/usbtmc0']
ptd-server 2022-02-16 16:12:47,593 [INFO] Sending to ptd: 'Hello'
ptd-server 2022-02-16 16:12:47,593 [INFO] Reply from ptd: 'Hello, PTDaemon here!'
ptd-server 2022-02-16 16:12:47,594 [INFO] Sending to ptd: 'Identify'
ptd-server 2022-02-16 16:12:47,594 [INFO] Reply from ptd: 'YokogawaWT310E,1000,1,1,1,1,0,1,1,version=1.9.2-e8c7a49a-20201208,OS=Linux 5.13.0-28-generic #31~20.04.1-Ubuntu SMP Wed Jan 19 14:08:10 UTC 2022 x86_64,mode=power,1,1,1,0,0,no_cal_date,YOKOGAWA;WT310E;C3XA04010E;F1.04'
ptd-server 2022-02-16 16:12:47,594 [INFO] Connected to PTDaemon
ptd-server 2022-02-16 16:12:47,594 [INFO] Sending to ptd: 'RR'
ptd-server 2022-02-16 16:12:47,595 [INFO] Reply from ptd: 'Ranges,0,0.500000,0,300.000000'
ptd-server 2022-02-16 16:12:47,595 [INFO] Initial range for Amps is 0.500000 for Volts is 300.000000
ptd-server 2022-02-16 16:12:47,595 [INFO] Sending to ptd: 'SR,V,Auto'
ptd-server 2022-02-16 16:12:48,097 [INFO] Reply from ptd: 'Range V changed'
ptd-server 2022-02-16 16:12:48,097 [INFO] Sending to ptd: 'SR,A,Auto'
ptd-server 2022-02-16 16:12:48,600 [INFO] Reply from ptd: 'Range A changed'
ptd-server 2022-02-16 16:12:58,610 [INFO] Starting ranging mode
ptd-server 2022-02-16 16:12:58,610 [INFO] Sending to ptd: 'Go,1000,0,2022-02-16_16-12-30_ranging'
ptd-server 2022-02-16 16:12:58,611 [INFO] Reply from ptd: 'Starting untimed measurement, maximum 500000 samples at 1000ms with 0 rampup samples'
ptd-server 2022-02-16 16:12:58,611 [INFO] Sending reply to client 'OK'
ptd-server 2022-02-16 16:23:15,727 [INFO] Got command from the client 'session,2022-02-16_16-12-30,stop,ranging'
ptd-server 2022-02-16 16:23:25,737 [INFO] Sending to ptd: 'Stop'
ptd-server 2022-02-16 16:23:25,738 [INFO] Reply from ptd: 'Stopping untimed measurement'
ptd-server 2022-02-16 16:23:25,787 [INFO] Sending reply to client 'OK'
ptd-server 2022-02-16 16:23:25,908 [INFO] Got command from the client 'time'
ptd-server 2022-02-16 16:23:25,909 [INFO] Sending reply to client '1645028605.909077'
ptd-server 2022-02-16 16:23:25,915 [INFO] Got command from the client 'session,2022-02-16_16-12-30,start,testing'
ptd-server 2022-02-16 16:23:25,915 [INFO] Sending to ptd: 'SR,V,250.040000'
ptd-server 2022-02-16 16:23:28,112 [INFO] Reply from ptd: 'Range V changed'
ptd-server 2022-02-16 16:23:28,113 [INFO] Sending to ptd: 'SR,A,0.049150'
ptd-server 2022-02-16 16:23:29,614 [INFO] Reply from ptd: 'Range A changed'
ptd-server 2022-02-16 16:23:39,624 [INFO] Starting testing mode
ptd-server 2022-02-16 16:23:39,624 [INFO] Sending to ptd: 'Go,1000,0,2022-02-16_16-12-30_testing'
ptd-server 2022-02-16 16:23:39,625 [INFO] Reply from ptd: 'Starting untimed measurement, maximum 500000 samples at 1000ms with 0 rampup samples'
ptd-server 2022-02-16 16:23:39,625 [INFO] Sending reply to client 'OK'
ptd-server 2022-02-16 16:33:57,692 [INFO] Got command from the client 'session,2022-02-16_16-12-30,stop,testing'
ptd-server 2022-02-16 16:34:07,700 [INFO] Sending to ptd: 'Stop'
ptd-server 2022-02-16 16:34:07,700 [INFO] Reply from ptd: 'Stopping untimed measurement'
ptd-server 2022-02-16 16:34:07,727 [INFO] Sending reply to client 'OK'
ptd-server 2022-02-16 16:34:07,772 [INFO] Got command from the client 'session,2022-02-16_16-12-30,done'
ptd-server 2022-02-16 16:34:07,772 [INFO] Sending to ptd: 'Stop'
ptd-server 2022-02-16 16:34:08,626 [INFO] Reply from ptd: 'Error: no measurement to stop'
ptd-server 2022-02-16 16:34:08,626 [INFO] Sending to ptd: 'SR,V,300.000000'
ptd-server 2022-02-16 16:34:10,127 [INFO] Reply from ptd: 'Range V changed'
ptd-server 2022-02-16 16:34:10,127 [INFO] Sending to ptd: 'SR,A,0.500000'
ptd-server 2022-02-16 16:34:11,629 [INFO] Reply from ptd: 'Range A changed'
ptd-server 2022-02-16 16:34:11,629 [INFO] Set initial values for Amps 0.500000 and Volts 300.000000
ptd-server 2022-02-16 16:34:11,629 [INFO] Stopping ptd...
