ptd-server 2022-02-21 20:54:49,992 [INFO] Got command from the client 'time'
ptd-server 2022-02-21 20:54:49,992 [INFO] Sending reply to client '1645444489.9927204'
ptd-server 2022-02-21 20:54:49,992 [INFO] Got command from the client 'new,,663ffeb5-38d6-4adc-84de-898c25eb648b'
ptd-server 2022-02-21 20:54:49,992 [INFO] Sending reply to client 'OK 2022-02-21_20-54-49,b7d74105-e4d9-48a6-a127-49aa15e8e4e4'
ptd-server 2022-02-21 20:54:50,008 [INFO] Got command from the client 'time'
ptd-server 2022-02-21 20:54:50,023 [INFO] Sending reply to client '1645444490.0239072'
ptd-server 2022-02-21 20:54:50,023 [INFO] Got command from the client 'session,2022-02-21_20-54-49,start,ranging'
ptd-server 2022-02-21 20:54:50,133 [INFO] Running PTDaemon: ['C:\\mlperf\\power\\inference_v1.0\\ptd-windows-x86.exe', '-l', 'C:\\Users\\mlperf\\AppData\\Local\\Temp\\tmpn3fcmhzf\\ptd_logfile.txt', '-p', '8888', '-y', '49', 'C3YB05015E']
ptd-server 2022-02-21 20:55:07,961 [INFO] Sending to ptd: 'Hello'
ptd-server 2022-02-21 20:55:07,976 [INFO] Reply from ptd: 'Hello, PTDaemon here!'
ptd-server 2022-02-21 20:55:07,976 [INFO] Sending to ptd: 'Identify'
ptd-server 2022-02-21 20:55:07,976 [INFO] Reply from ptd: 'YokogawaWT310E,1000,1,1,1,1,0,1,1,version=1.9.2-3976349f-20201208,OS=Windows 8 / Server 2012,mode=power,1,1,1,0,0,no_cal_date,YOKOGAWA;WT310E;C3YB05015E;F1.04'
ptd-server 2022-02-21 20:55:07,976 [INFO] Connected to PTDaemon
ptd-server 2022-02-21 20:55:07,976 [INFO] Sending to ptd: 'RR'
ptd-server 2022-02-21 20:55:07,976 [INFO] Reply from ptd: 'Ranges,1,10.000000,1,300.000000'
ptd-server 2022-02-21 20:55:07,976 [INFO] Initial range for Amps is Auto for Volts is Auto
ptd-server 2022-02-21 20:55:07,976 [INFO] Sending to ptd: 'SR,V,Auto'
ptd-server 2022-02-21 20:55:08,492 [INFO] Reply from ptd: 'Range V changed'
ptd-server 2022-02-21 20:55:08,492 [INFO] Sending to ptd: 'SR,A,Auto'
ptd-server 2022-02-21 20:55:09,009 [INFO] Reply from ptd: 'Range A changed'
ptd-server 2022-02-21 20:55:19,023 [INFO] Starting ranging mode
ptd-server 2022-02-21 20:55:19,023 [INFO] Sending to ptd: 'Go,1000,0,2022-02-21_20-54-49_ranging'
ptd-server 2022-02-21 20:55:19,023 [INFO] Reply from ptd: 'Starting untimed measurement, maximum 500000 samples at 1000ms with 0 rampup samples'
ptd-server 2022-02-21 20:55:19,023 [INFO] Sending reply to client 'OK'
ptd-server 2022-02-21 21:07:25,629 [INFO] Got command from the client 'session,2022-02-21_20-54-49,stop,ranging'
ptd-server 2022-02-21 21:07:35,644 [INFO] Sending to ptd: 'Stop'
ptd-server 2022-02-21 21:07:35,644 [INFO] Reply from ptd: 'Stopping untimed measurement'
ptd-server 2022-02-21 21:07:36,113 [INFO] Sending reply to client 'OK'
ptd-server 2022-02-21 21:07:36,144 [INFO] Got command from the client 'time'
ptd-server 2022-02-21 21:07:36,144 [INFO] Sending reply to client '1645445256.1448221'
ptd-server 2022-02-21 21:07:36,144 [INFO] Got command from the client 'session,2022-02-21_20-54-49,start,testing'
ptd-server 2022-02-21 21:07:36,144 [INFO] Sending to ptd: 'SR,V,206.360000'
ptd-server 2022-02-21 21:07:37,676 [INFO] Reply from ptd: 'Range V changed'
ptd-server 2022-02-21 21:07:37,676 [INFO] Sending to ptd: 'SR,A,17.011000'
ptd-server 2022-02-21 21:07:39,207 [INFO] Reply from ptd: 'Range A changed'
ptd-server 2022-02-21 21:07:49,222 [INFO] Starting testing mode
ptd-server 2022-02-21 21:07:49,222 [INFO] Sending to ptd: 'Go,1000,0,2022-02-21_20-54-49_testing'
ptd-server 2022-02-21 21:07:49,222 [INFO] Reply from ptd: 'Starting untimed measurement, maximum 500000 samples at 1000ms with 0 rampup samples'
ptd-server 2022-02-21 21:07:49,222 [INFO] Sending reply to client 'OK'
ptd-server 2022-02-21 21:19:52,938 [INFO] Got command from the client 'session,2022-02-21_20-54-49,stop,testing'
ptd-server 2022-02-21 21:20:02,953 [INFO] Sending to ptd: 'Stop'
ptd-server 2022-02-21 21:20:02,953 [INFO] Reply from ptd: 'Stopping untimed measurement'
ptd-server 2022-02-21 21:20:03,172 [INFO] Sending reply to client 'OK'
ptd-server 2022-02-21 21:20:03,172 [INFO] Got command from the client 'session,2022-02-21_20-54-49,done'
ptd-server 2022-02-21 21:20:03,172 [INFO] Sending to ptd: 'Stop'
ptd-server 2022-02-21 21:20:03,234 [INFO] Reply from ptd: 'Error: no measurement to stop'
ptd-server 2022-02-21 21:20:03,234 [INFO] Sending to ptd: 'SR,V,Auto'
ptd-server 2022-02-21 21:20:03,752 [INFO] Reply from ptd: 'Range V changed'
ptd-server 2022-02-21 21:20:03,752 [INFO] Sending to ptd: 'SR,A,Auto'
ptd-server 2022-02-21 21:20:04,266 [INFO] Reply from ptd: 'Range A changed'
ptd-server 2022-02-21 21:20:04,266 [INFO] Set initial values for Amps Auto and Volts Auto
ptd-server 2022-02-21 21:20:04,266 [INFO] Stopping ptd...
