ptd-server 2022-02-17 09:50:44,062 [INFO] Got command from the client 'time'
ptd-server 2022-02-17 09:50:44,063 [INFO] Sending reply to client '1645091444.062989'
ptd-server 2022-02-17 09:50:44,064 [INFO] Got command from the client 'new,,8fa35198-bf8c-4927-84ac-df66ba37e33d'
ptd-server 2022-02-17 09:50:44,064 [INFO] Sending reply to client 'OK 2022-02-17_09-50-44,e9c4fb1d-2022-4a53-b7b0-9b6f7e6269f0'
ptd-server 2022-02-17 09:50:44,096 [INFO] Got command from the client 'time'
ptd-server 2022-02-17 09:50:44,096 [INFO] Sending reply to client '1645091444.0962057'
ptd-server 2022-02-17 09:50:44,097 [INFO] Got command from the client 'session,2022-02-17_09-50-44,start,ranging'
ptd-server 2022-02-17 09:50:44,098 [INFO] Running PTDaemon: ['/home/anton/projects/mlperf/power/inference_v1.0/ptd-linux-x86', '-l', '/tmp/tmpgldyt7rr/ptd_logfile.txt', '-p', '8888', '49', '/dev/usbtmc0']
ptd-server 2022-02-17 09:51:01,270 [INFO] Sending to ptd: 'Hello'
ptd-server 2022-02-17 09:51:01,271 [INFO] Reply from ptd: 'Hello, PTDaemon here!'
ptd-server 2022-02-17 09:51:01,271 [INFO] Sending to ptd: 'Identify'
ptd-server 2022-02-17 09:51:01,271 [INFO] Reply from ptd: 'YokogawaWT310E,1000,1,1,1,1,0,1,1,version=1.9.2-e8c7a49a-20201208,OS=Linux 5.13.0-28-generic #31~20.04.1-Ubuntu SMP Wed Jan 19 14:08:10 UTC 2022 x86_64,mode=power,1,1,1,0,0,no_cal_date,YOKOGAWA;WT310E;C3XA04010E;F1.04'
ptd-server 2022-02-17 09:51:01,272 [INFO] Connected to PTDaemon
ptd-server 2022-02-17 09:51:01,272 [INFO] Sending to ptd: 'RR'
ptd-server 2022-02-17 09:51:01,272 [INFO] Reply from ptd: 'Ranges,0,0.500000,0,300.000000'
ptd-server 2022-02-17 09:51:01,272 [INFO] Initial range for Amps is 0.500000 for Volts is 300.000000
ptd-server 2022-02-17 09:51:01,272 [INFO] Sending to ptd: 'SR,V,Auto'
ptd-server 2022-02-17 09:51:01,775 [INFO] Reply from ptd: 'Range V changed'
ptd-server 2022-02-17 09:51:01,775 [INFO] Sending to ptd: 'SR,A,Auto'
ptd-server 2022-02-17 09:51:02,277 [INFO] Reply from ptd: 'Range A changed'
ptd-server 2022-02-17 09:51:12,288 [INFO] Starting ranging mode
ptd-server 2022-02-17 09:51:12,288 [INFO] Sending to ptd: 'Go,1000,0,2022-02-17_09-50-44_ranging'
ptd-server 2022-02-17 09:51:12,288 [INFO] Reply from ptd: 'Starting untimed measurement, maximum 500000 samples at 1000ms with 0 rampup samples'
ptd-server 2022-02-17 09:51:12,289 [INFO] Sending reply to client 'OK'
ptd-server 2022-02-17 10:01:29,253 [INFO] Got command from the client 'session,2022-02-17_09-50-44,stop,ranging'
ptd-server 2022-02-17 10:01:39,264 [INFO] Sending to ptd: 'Stop'
ptd-server 2022-02-17 10:01:39,264 [INFO] Reply from ptd: 'Stopping untimed measurement'
ptd-server 2022-02-17 10:01:39,424 [INFO] Sending reply to client 'OK'
ptd-server 2022-02-17 10:01:39,490 [INFO] Got command from the client 'time'
ptd-server 2022-02-17 10:01:39,490 [INFO] Sending reply to client '1645092099.4906242'
ptd-server 2022-02-17 10:01:39,494 [INFO] Got command from the client 'session,2022-02-17_09-50-44,start,testing'
ptd-server 2022-02-17 10:01:39,494 [INFO] Sending to ptd: 'SR,V,249.130000'
ptd-server 2022-02-17 10:01:40,995 [INFO] Reply from ptd: 'Range V changed'
ptd-server 2022-02-17 10:01:40,995 [INFO] Sending to ptd: 'SR,A,0.048600'
ptd-server 2022-02-17 10:01:42,497 [INFO] Reply from ptd: 'Range A changed'
ptd-server 2022-02-17 10:01:52,507 [INFO] Starting testing mode
ptd-server 2022-02-17 10:01:52,507 [INFO] Sending to ptd: 'Go,1000,0,2022-02-17_09-50-44_testing'
ptd-server 2022-02-17 10:01:52,507 [INFO] Reply from ptd: 'Starting untimed measurement, maximum 500000 samples at 1000ms with 0 rampup samples'
ptd-server 2022-02-17 10:01:52,508 [INFO] Sending reply to client 'OK'
ptd-server 2022-02-17 10:12:10,320 [INFO] Got command from the client 'session,2022-02-17_09-50-44,stop,testing'
ptd-server 2022-02-17 10:12:20,330 [INFO] Sending to ptd: 'Stop'
ptd-server 2022-02-17 10:12:20,331 [INFO] Reply from ptd: 'Stopping untimed measurement'
ptd-server 2022-02-17 10:12:20,416 [INFO] Sending reply to client 'OK'
ptd-server 2022-02-17 10:12:20,435 [INFO] Got command from the client 'session,2022-02-17_09-50-44,done'
ptd-server 2022-02-17 10:12:20,436 [INFO] Sending to ptd: 'Stop'
ptd-server 2022-02-17 10:12:20,507 [INFO] Reply from ptd: 'Error: no measurement to stop'
ptd-server 2022-02-17 10:12:20,508 [INFO] Sending to ptd: 'SR,V,300.000000'
ptd-server 2022-02-17 10:12:22,009 [INFO] Reply from ptd: 'Range V changed'
ptd-server 2022-02-17 10:12:22,009 [INFO] Sending to ptd: 'SR,A,0.500000'
ptd-server 2022-02-17 10:12:23,510 [INFO] Reply from ptd: 'Range A changed'
ptd-server 2022-02-17 10:12:23,511 [INFO] Set initial values for Amps 0.500000 and Volts 300.000000
ptd-server 2022-02-17 10:12:23,511 [INFO] Stopping ptd...
