client 2022-02-16 12:50:24,463 [INFO] Sending command to the server: 'mlcommons/power client v3'
client 2022-02-16 12:50:24,468 [INFO] Got response: 'mlcommons/power server v3'
client 2022-02-16 12:50:24,468 [INFO] Sending command to the server: 'stop'
client 2022-02-16 12:50:24,469 [INFO] Got response: 'OK'
client 2022-02-16 12:50:24,469 [INFO] Synchronizing with the server and with ib-01.dc4-in.nvidia.com...
client 2022-02-16 12:50:24,680 [INFO] NTP:offset = 0.200 s, delay = 0.208 s 
client 2022-02-16 12:50:24,680 [WARNING] The time offset between the system time and ib-01.dc4-in.nvidia.com is more then 200 ms (200.098 ms)
client 2022-02-16 12:50:24,680 [INFO] Sending command to the server: 'set_ntp'
client 2022-02-16 12:50:25,904 [INFO] Got response: 'OK'
client 2022-02-16 12:50:25,905 [INFO] Synchronizing with ib-01.dc4-in.nvidia.com time using NTP...
client 2022-02-16 12:50:34,221 [INFO] Set system time at 2022-02-16 12:50:34.221189
client 2022-02-16 12:50:34,430 [INFO] NTP:offset = 0.000 s, delay = 0.208 s 
client 2022-02-16 12:50:34,430 [INFO] Sending command to the server: 'time'
client 2022-02-16 12:50:34,436 [INFO] Got response: '1645015834.4280849'
client 2022-02-16 12:50:34,436 [INFO] The time difference between the client and the server is within range 2.612 ms..8.764 ms
client 2022-02-16 12:50:34,436 [INFO] Sending command to the server: 'new,,b0185547-e77c-485f-8eda-9aedb87199be'
client 2022-02-16 12:50:34,438 [INFO] Got response: 'OK 2022-02-16_04-50-34,baaeb81f-a367-4894-b906-7d247872dbc4'
client 2022-02-16 12:50:34,438 [INFO] Session id is '2022-02-16_04-50-34'
client 2022-02-16 12:50:34,438 [INFO] Sources: {"sources": {"__init__.py": "da39a3ee5e6b4b0d3255bfef95601890afd80709", "client.py": "33ca4f26368777ac06e01f9567b714a4b8063886", "lib/__init__.py": "da39a3ee5e6b4b0d3255bfef95601890afd80709", "lib/client.py": "4c2b78fb4849a7e5b584ef792d82aaed20b17f57", "lib/common.py": "624d0c0acc7c39aaff3674f0b99d6a09da53d1dc", "lib/external/__init__.py": "da39a3ee5e6b4b0d3255bfef95601890afd80709", "lib/external/ntplib.py": "4da8f970656505a40483206ef2b5d3dd5e81711d", "lib/server.py": "59c9fb92908260d3e9f81a895c7aa009742275e4", "lib/source_hashes.py": "60a2e02193209e8d392803326208d5466342da18", "lib/summary.py": "aa92f0a3f975eecd44d3c0cd0236342ccc9f941d", "lib/time_sync.py": "3210db56eb0ff0df57bf4293dc4d4b03fffd46f1", "server.py": "c3f90f2f7eeb4db30727556d0c815ebc89b3d28b", "tests/unit/__init__.py": "da39a3ee5e6b4b0d3255bfef95601890afd80709", "tests/unit/test_server.py": "99ae15aef722f2000ee6ed1ae1523637bf1ae42b", "tests/unit/test_source_hashes.py": "00468a2907583c593e6574a1f6b404e4651c221a"}, "modules": {"ptd_client_server.lib.client": "lib/client.py", "ptd_client_server.lib.common": "lib/common.py", "ptd_client_server.lib.external.ntplib": "lib/external/ntplib.py", "ptd_client_server.lib.source_hashes": "lib/source_hashes.py", "ptd_client_server.lib.summary": "lib/summary.py", "ptd_client_server.lib.time_sync": "lib/time_sync.py"}}
client 2022-02-16 12:50:34,441 [INFO] Running workload in ranging mode
client 2022-02-16 12:50:34,441 [INFO] Synchronizing with the server and with ib-01.dc4-in.nvidia.com...
client 2022-02-16 12:50:34,650 [INFO] NTP:offset = 0.000 s, delay = 0.208 s 
client 2022-02-16 12:50:34,650 [INFO] Sending command to the server: 'time'
client 2022-02-16 12:50:34,651 [INFO] Got response: '1645015834.6378627'
client 2022-02-16 12:50:34,651 [INFO] The time difference between the client and the server is within range 12.426 ms..13.391 ms
client 2022-02-16 12:50:34,651 [INFO] Sending command to the server: 'session,2022-02-16_04-50-34,start,ranging'
client 2022-02-16 12:51:14,027 [INFO] Got response: 'OK'
client 2022-02-16 12:51:14,027 [INFO] Running the workload 'LOG_DIR=/work/build/power_logs_temp python3 code/main.py --benchmarks=dlrm --scenarios=Server --test_mode=PerformanceOnly --config_ver=maxq_high_accuracy --action="run_harness" \\\n\t\t2>&1 | tee -a /work/build/power_logs/2022.02.16-12.50.06/stdout.txt \\\n\t\t&& if [ ! -d /work/build/power_logs/2022.02.16-12.50.06/ranging_tmp ]; \\\n\t\t\tthen mkdir /work/build/power_logs/2022.02.16-12.50.06/ranging_tmp \\\n\t\t\t\t&& mv /work/build/power_logs_temp/* /work/build/power_logs/2022.02.16-12.50.06/ranging_tmp/ \\\n\t\t\t\t&& cp -v /work/build/power_logs/2022.02.16-12.50.06/ranging_tmp/*/*/*/mlperf_log_detail.txt /work/build/power_logs_temp/ \\\n\t\t\t\t&& cp -v /work/build/power_logs/2022.02.16-12.50.06/ranging_tmp/*/*/*/mlperf_log_summary.txt /work/build/power_logs_temp/; \\\n\t\t\telse mkdir /work/build/power_logs/2022.02.16-12.50.06/testing_tmp \\\n\t\t\t\t&& mv /work/build/power_logs_temp/* /work/build/power_logs/2022.02.16-12.50.06/testing_tmp/ \\\n\t\t\t\t&& cp -v /work/build/power_logs/2022.02.16-12.50.06/testing_tmp/*/*/*/mlperf_log_detail.txt /work/build/power_logs_temp/ \\\n\t\t\t\t&& cp -v /work/build/power_logs/2022.02.16-12.50.06/testing_tmp/*/*/*/mlperf_log_summary.txt /work/build/power_logs_temp/; fi'
client 2022-02-16 13:20:21,435 [INFO] Sending command to the server: 'session,2022-02-16_04-50-34,stop,ranging'
client 2022-02-16 13:20:31,515 [INFO] Got response: 'OK'
client 2022-02-16 13:20:31,541 [INFO] Copying loadgen logs from '/work/build/power_logs_temp' to '/work/build/power_logs/2022.02.16-12.50.06/2022-02-16_04-50-34/ranging'
client 2022-02-16 13:20:31,567 [INFO] Running workload in testing mode
client 2022-02-16 13:20:31,567 [INFO] Synchronizing with the server and with ib-01.dc4-in.nvidia.com...
client 2022-02-16 13:20:31,776 [INFO] NTP:offset = 0.026 s, delay = 0.208 s 
client 2022-02-16 13:20:31,776 [INFO] Sending command to the server: 'time'
client 2022-02-16 13:20:31,777 [INFO] Got response: '1645017631.7824478'
client 2022-02-16 13:20:31,777 [INFO] The time difference between the client and the server is within range -5.774 ms..-4.651 ms
client 2022-02-16 13:20:31,777 [INFO] Sending command to the server: 'session,2022-02-16_04-50-34,start,testing'
client 2022-02-16 13:20:53,688 [INFO] Got response: 'OK'
client 2022-02-16 13:20:53,688 [INFO] Running the workload 'LOG_DIR=/work/build/power_logs_temp python3 code/main.py --benchmarks=dlrm --scenarios=Server --test_mode=PerformanceOnly --config_ver=maxq_high_accuracy --action="run_harness" \\\n\t\t2>&1 | tee -a /work/build/power_logs/2022.02.16-12.50.06/stdout.txt \\\n\t\t&& if [ ! -d /work/build/power_logs/2022.02.16-12.50.06/ranging_tmp ]; \\\n\t\t\tthen mkdir /work/build/power_logs/2022.02.16-12.50.06/ranging_tmp \\\n\t\t\t\t&& mv /work/build/power_logs_temp/* /work/build/power_logs/2022.02.16-12.50.06/ranging_tmp/ \\\n\t\t\t\t&& cp -v /work/build/power_logs/2022.02.16-12.50.06/ranging_tmp/*/*/*/mlperf_log_detail.txt /work/build/power_logs_temp/ \\\n\t\t\t\t&& cp -v /work/build/power_logs/2022.02.16-12.50.06/ranging_tmp/*/*/*/mlperf_log_summary.txt /work/build/power_logs_temp/; \\\n\t\t\telse mkdir /work/build/power_logs/2022.02.16-12.50.06/testing_tmp \\\n\t\t\t\t&& mv /work/build/power_logs_temp/* /work/build/power_logs/2022.02.16-12.50.06/testing_tmp/ \\\n\t\t\t\t&& cp -v /work/build/power_logs/2022.02.16-12.50.06/testing_tmp/*/*/*/mlperf_log_detail.txt /work/build/power_logs_temp/ \\\n\t\t\t\t&& cp -v /work/build/power_logs/2022.02.16-12.50.06/testing_tmp/*/*/*/mlperf_log_summary.txt /work/build/power_logs_temp/; fi'
client 2022-02-16 13:49:57,713 [INFO] Sending command to the server: 'session,2022-02-16_04-50-34,stop,testing'
client 2022-02-16 13:50:07,750 [INFO] Got response: 'OK'
client 2022-02-16 13:50:07,772 [INFO] Copying loadgen logs from '/work/build/power_logs_temp' to '/work/build/power_logs/2022.02.16-12.50.06/2022-02-16_04-50-34/run_1'
client 2022-02-16 13:50:07,806 [INFO] Done runs
