ptd-server 2022-02-25 02:26:36,217 [INFO] Got command from the client 'stop'
ptd-server 2022-02-25 02:26:36,218 [INFO] The server will be stopped after processing this client
ptd-server 2022-02-25 02:26:36,219 [INFO] Sending reply to client 'OK'
ptd-server 2022-02-25 02:26:36,224 [INFO] Got command from the client 'time'
ptd-server 2022-02-25 02:26:36,225 [INFO] Sending reply to client '1645755996.2253006'
ptd-server 2022-02-25 02:26:36,227 [INFO] Got command from the client 'new,,29d3f2da-bcb0-4e7f-af33-26b38fa0d879'
ptd-server 2022-02-25 02:26:36,229 [INFO] Sending reply to client 'OK 2022-02-25_02-26-36,502dca46-40b0-424f-a282-5633dd5d49fd'
ptd-server 2022-02-25 02:26:36,233 [INFO] Got command from the client 'time'
ptd-server 2022-02-25 02:26:36,234 [INFO] Sending reply to client '1645755996.2342627'
ptd-server 2022-02-25 02:26:36,236 [INFO] Got command from the client 'session,2022-02-25_02-26-36,start,ranging'
ptd-server 2022-02-25 02:26:36,348 [INFO] Running PTDaemon: ['.\\ptd-windows-x86.exe', '-l', 'C:\\Users\\root\\AppData\\Local\\Temp\\tmpbbevcuky\\ptd_logfile.txt', '-p', '8888', '-c', '2', '-y', '48', '100.83.149.90']
ptd-server 2022-02-25 02:26:55,836 [INFO] Sending to ptd: 'Hello'
ptd-server 2022-02-25 02:26:55,838 [INFO] Reply from ptd: 'Hello, PTDaemon here!'
ptd-server 2022-02-25 02:26:55,840 [INFO] Sending to ptd: 'Identify'
ptd-server 2022-02-25 02:26:55,843 [INFO] Reply from ptd: 'YokogawaWT500_multichannel,1000,1,1,1,1,0,0,1,version=1.9.2-3976349f-20201208,OS=Windows 8 / Server 2012,mode=power,1,1,3,0,0,no_cal_date,YOKOGAWA;760203;U1J802935;F1.21'
ptd-server 2022-02-25 02:26:55,844 [INFO] Connected to PTDaemon
ptd-server 2022-02-25 02:26:55,846 [INFO] Sending to ptd: 'RR'
ptd-server 2022-02-25 02:26:55,847 [INFO] Reply from ptd: 'Ranges,-1,-1.000000,-1,-1.000000'
ptd-server 2022-02-25 02:26:55,849 [INFO] Initial range for Amps is Auto for Volts is Auto
ptd-server 2022-02-25 02:26:55,851 [INFO] Sending to ptd: 'SR,V,Auto'
ptd-server 2022-02-25 02:26:56,055 [INFO] Reply from ptd: 'Range V changed'
ptd-server 2022-02-25 02:26:56,057 [INFO] Sending to ptd: 'SR,A,Auto'
ptd-server 2022-02-25 02:26:56,210 [INFO] Reply from ptd: 'Range A changed'
ptd-server 2022-02-25 02:27:06,223 [INFO] Starting ranging mode
ptd-server 2022-02-25 02:27:06,224 [INFO] Sending to ptd: 'Go,1000,0,2022-02-25_02-26-36_ranging'
ptd-server 2022-02-25 02:27:06,227 [INFO] Reply from ptd: 'Starting untimed measurement, maximum 500000 samples at 1000ms with 0 rampup samples'
ptd-server 2022-02-25 02:27:06,228 [INFO] Sending reply to client 'OK'
ptd-server 2022-02-25 02:38:59,818 [INFO] Got command from the client 'session,2022-02-25_02-26-36,stop,ranging'
ptd-server 2022-02-25 02:39:09,830 [INFO] Sending to ptd: 'Stop'
ptd-server 2022-02-25 02:39:09,832 [INFO] Reply from ptd: 'Stopping untimed measurement'
ptd-server 2022-02-25 02:39:09,866 [INFO] Sending reply to client 'OK'
ptd-server 2022-02-25 02:39:09,875 [INFO] Got command from the client 'time'
ptd-server 2022-02-25 02:39:09,876 [INFO] Sending reply to client '1645756749.8764765'
ptd-server 2022-02-25 02:39:09,878 [INFO] Got command from the client 'session,2022-02-25_02-26-36,start,testing'
ptd-server 2022-02-25 02:39:09,879 [INFO] Sending to ptd: 'SR,V,129.370000'
ptd-server 2022-02-25 02:39:11,462 [INFO] Reply from ptd: 'Range V changed'
ptd-server 2022-02-25 02:39:11,464 [INFO] Sending to ptd: 'SR,A,6.867000'
ptd-server 2022-02-25 02:39:12,193 [INFO] Reply from ptd: 'Range A changed'
ptd-server 2022-02-25 02:39:22,206 [INFO] Starting testing mode
ptd-server 2022-02-25 02:39:22,208 [INFO] Sending to ptd: 'Go,1000,0,2022-02-25_02-26-36_testing'
ptd-server 2022-02-25 02:39:22,210 [INFO] Reply from ptd: 'Starting untimed measurement, maximum 500000 samples at 1000ms with 0 rampup samples'
ptd-server 2022-02-25 02:39:22,211 [INFO] Sending reply to client 'OK'
ptd-server 2022-02-25 02:51:15,159 [INFO] Got command from the client 'session,2022-02-25_02-26-36,stop,testing'
ptd-server 2022-02-25 02:51:25,163 [INFO] Sending to ptd: 'Stop'
ptd-server 2022-02-25 02:51:25,164 [INFO] Reply from ptd: 'Stopping untimed measurement'
ptd-server 2022-02-25 02:51:25,186 [INFO] Sending reply to client 'OK'
ptd-server 2022-02-25 02:51:25,191 [INFO] Got command from the client 'session,2022-02-25_02-26-36,done'
ptd-server 2022-02-25 02:51:25,191 [INFO] Sending to ptd: 'Stop'
ptd-server 2022-02-25 02:51:25,226 [INFO] Reply from ptd: 'Error: no measurement to stop'
ptd-server 2022-02-25 02:51:25,227 [INFO] Sending to ptd: 'SR,V,Auto'
ptd-server 2022-02-25 02:51:25,442 [INFO] Reply from ptd: 'Range V changed'
ptd-server 2022-02-25 02:51:25,445 [INFO] Sending to ptd: 'SR,A,Auto'
ptd-server 2022-02-25 02:51:25,599 [INFO] Reply from ptd: 'Range A changed'
ptd-server 2022-02-25 02:51:25,601 [INFO] Set initial values for Amps Auto and Volts Auto
ptd-server 2022-02-25 02:51:25,604 [INFO] Stopping ptd...
