ptd-server 2022-02-23 18:31:06,817 [INFO] Got command from the client 'time'
ptd-server 2022-02-23 18:31:06,817 [INFO] Sending reply to client '1645641066.8171685'
ptd-server 2022-02-23 18:31:06,819 [INFO] Got command from the client 'new,,4549dab7-3d94-4f99-a914-ef2e69d31a30'
ptd-server 2022-02-23 18:31:06,820 [INFO] Sending reply to client 'OK 2022-02-23_18-31-06,d71c8b8c-b255-40ef-960d-34a6359c9903'
ptd-server 2022-02-23 18:31:06,867 [INFO] Got command from the client 'time'
ptd-server 2022-02-23 18:31:06,867 [INFO] Sending reply to client '1645641066.8678637'
ptd-server 2022-02-23 18:31:06,870 [INFO] Got command from the client 'session,2022-02-23_18-31-06,start,ranging'
ptd-server 2022-02-23 18:31:06,870 [INFO] Running PTDaemon: ['/home/anton/projects/mlperf/power/inference_v1.0/ptd-linux-x86', '-l', '/tmp/tmpgldyt7rr/ptd_logfile.txt', '-p', '8888', '49', '/dev/usbtmc0']
ptd-server 2022-02-23 18:31:24,044 [INFO] Sending to ptd: 'Hello'
ptd-server 2022-02-23 18:31:24,044 [INFO] Reply from ptd: 'Hello, PTDaemon here!'
ptd-server 2022-02-23 18:31:24,044 [INFO] Sending to ptd: 'Identify'
ptd-server 2022-02-23 18:31:24,045 [INFO] Reply from ptd: 'YokogawaWT310E,1000,1,1,1,1,0,1,1,version=1.9.2-e8c7a49a-20201208,OS=Linux 5.13.0-28-generic #31~20.04.1-Ubuntu SMP Wed Jan 19 14:08:10 UTC 2022 x86_64,mode=power,1,1,1,0,0,no_cal_date,YOKOGAWA;WT310E;C3XA04010E;F1.04'
ptd-server 2022-02-23 18:31:24,045 [INFO] Connected to PTDaemon
ptd-server 2022-02-23 18:31:24,045 [INFO] Sending to ptd: 'RR'
ptd-server 2022-02-23 18:31:24,045 [INFO] Reply from ptd: 'Ranges,0,0.500000,0,300.000000'
ptd-server 2022-02-23 18:31:24,045 [INFO] Initial range for Amps is 0.500000 for Volts is 300.000000
ptd-server 2022-02-23 18:31:24,046 [INFO] Sending to ptd: 'SR,V,Auto'
ptd-server 2022-02-23 18:31:24,548 [INFO] Reply from ptd: 'Range V changed'
ptd-server 2022-02-23 18:31:24,548 [INFO] Sending to ptd: 'SR,A,Auto'
ptd-server 2022-02-23 18:31:25,051 [INFO] Reply from ptd: 'Range A changed'
ptd-server 2022-02-23 18:31:35,061 [INFO] Starting ranging mode
ptd-server 2022-02-23 18:31:35,061 [INFO] Sending to ptd: 'Go,1000,0,2022-02-23_18-31-06_ranging'
ptd-server 2022-02-23 18:31:35,062 [INFO] Reply from ptd: 'Starting untimed measurement, maximum 500000 samples at 1000ms with 0 rampup samples'
ptd-server 2022-02-23 18:31:35,062 [INFO] Sending reply to client 'OK'
ptd-server 2022-02-23 18:41:57,589 [INFO] Got command from the client 'session,2022-02-23_18-31-06,stop,ranging'
ptd-server 2022-02-23 18:42:07,600 [INFO] Sending to ptd: 'Stop'
ptd-server 2022-02-23 18:42:07,600 [INFO] Reply from ptd: 'Stopping untimed measurement'
ptd-server 2022-02-23 18:42:08,497 [INFO] Sending reply to client 'OK'
ptd-server 2022-02-23 18:42:08,555 [INFO] Got command from the client 'time'
ptd-server 2022-02-23 18:42:08,555 [INFO] Sending reply to client '1645641728.55552'
ptd-server 2022-02-23 18:42:08,557 [INFO] Got command from the client 'session,2022-02-23_18-31-06,start,testing'
ptd-server 2022-02-23 18:42:08,557 [INFO] Sending to ptd: 'SR,V,251.000000'
ptd-server 2022-02-23 18:42:10,058 [INFO] Reply from ptd: 'Range V changed'
ptd-server 2022-02-23 18:42:10,058 [INFO] Sending to ptd: 'SR,A,0.047810'
ptd-server 2022-02-23 18:42:11,560 [INFO] Reply from ptd: 'Range A changed'
ptd-server 2022-02-23 18:42:21,570 [INFO] Starting testing mode
ptd-server 2022-02-23 18:42:21,570 [INFO] Sending to ptd: 'Go,1000,0,2022-02-23_18-31-06_testing'
ptd-server 2022-02-23 18:42:21,571 [INFO] Reply from ptd: 'Starting untimed measurement, maximum 500000 samples at 1000ms with 0 rampup samples'
ptd-server 2022-02-23 18:42:21,571 [INFO] Sending reply to client 'OK'
ptd-server 2022-02-23 18:52:43,832 [INFO] Got command from the client 'session,2022-02-23_18-31-06,stop,testing'
ptd-server 2022-02-23 18:52:53,843 [INFO] Sending to ptd: 'Stop'
ptd-server 2022-02-23 18:52:53,843 [INFO] Reply from ptd: 'Stopping untimed measurement'
ptd-server 2022-02-23 18:52:54,300 [INFO] Sending reply to client 'OK'
ptd-server 2022-02-23 18:52:54,318 [INFO] Got command from the client 'session,2022-02-23_18-31-06,done'
ptd-server 2022-02-23 18:52:54,318 [INFO] Sending to ptd: 'Stop'
ptd-server 2022-02-23 18:52:54,572 [INFO] Reply from ptd: 'Error: no measurement to stop'
ptd-server 2022-02-23 18:52:54,572 [INFO] Sending to ptd: 'SR,V,300.000000'
ptd-server 2022-02-23 18:52:56,073 [INFO] Reply from ptd: 'Range V changed'
ptd-server 2022-02-23 18:52:56,074 [INFO] Sending to ptd: 'SR,A,0.500000'
ptd-server 2022-02-23 18:52:57,575 [INFO] Reply from ptd: 'Range A changed'
ptd-server 2022-02-23 18:52:57,576 [INFO] Set initial values for Amps 0.500000 and Volts 300.000000
ptd-server 2022-02-23 18:52:57,576 [INFO] Stopping ptd...
