ptd-server 2022-02-18 13:16:49,240 [INFO] Got command from the client 'time'
ptd-server 2022-02-18 13:16:49,240 [INFO] Sending reply to client '1645190209.2405245'
ptd-server 2022-02-18 13:16:49,243 [INFO] Got command from the client 'new,,523cd4b1-0e44-4596-8675-00f8bb84a6f9'
ptd-server 2022-02-18 13:16:49,243 [INFO] Sending reply to client 'OK 2022-02-18_13-16-49,f8a4417d-71be-4483-916a-f5e898469103'
ptd-server 2022-02-18 13:16:49,291 [INFO] Got command from the client 'time'
ptd-server 2022-02-18 13:16:49,291 [INFO] Sending reply to client '1645190209.2919664'
ptd-server 2022-02-18 13:16:49,294 [INFO] Got command from the client 'session,2022-02-18_13-16-49,start,ranging'
ptd-server 2022-02-18 13:16:49,294 [INFO] Running PTDaemon: ['/home/anton/projects/mlperf/power/inference_v1.0/ptd-linux-x86', '-l', '/tmp/tmpgldyt7rr/ptd_logfile.txt', '-p', '8888', '49', '/dev/usbtmc0']
ptd-server 2022-02-18 13:17:06,467 [INFO] Sending to ptd: 'Hello'
ptd-server 2022-02-18 13:17:06,467 [INFO] Reply from ptd: 'Hello, PTDaemon here!'
ptd-server 2022-02-18 13:17:06,467 [INFO] Sending to ptd: 'Identify'
ptd-server 2022-02-18 13:17:06,468 [INFO] Reply from ptd: 'YokogawaWT310E,1000,1,1,1,1,0,1,1,version=1.9.2-e8c7a49a-20201208,OS=Linux 5.13.0-28-generic #31~20.04.1-Ubuntu SMP Wed Jan 19 14:08:10 UTC 2022 x86_64,mode=power,1,1,1,0,0,no_cal_date,YOKOGAWA;WT310E;C3XA04010E;F1.04'
ptd-server 2022-02-18 13:17:06,468 [INFO] Connected to PTDaemon
ptd-server 2022-02-18 13:17:06,468 [INFO] Sending to ptd: 'RR'
ptd-server 2022-02-18 13:17:06,468 [INFO] Reply from ptd: 'Ranges,0,0.500000,0,300.000000'
ptd-server 2022-02-18 13:17:06,468 [INFO] Initial range for Amps is 0.500000 for Volts is 300.000000
ptd-server 2022-02-18 13:17:06,469 [INFO] Sending to ptd: 'SR,V,Auto'
ptd-server 2022-02-18 13:17:06,971 [INFO] Reply from ptd: 'Range V changed'
ptd-server 2022-02-18 13:17:06,971 [INFO] Sending to ptd: 'SR,A,Auto'
ptd-server 2022-02-18 13:17:07,474 [INFO] Reply from ptd: 'Range A changed'
ptd-server 2022-02-18 13:17:17,484 [INFO] Starting ranging mode
ptd-server 2022-02-18 13:17:17,484 [INFO] Sending to ptd: 'Go,1000,0,2022-02-18_13-16-49_ranging'
ptd-server 2022-02-18 13:17:17,485 [INFO] Reply from ptd: 'Starting untimed measurement, maximum 500000 samples at 1000ms with 0 rampup samples'
ptd-server 2022-02-18 13:17:17,485 [INFO] Sending reply to client 'OK'
ptd-server 2022-02-18 13:30:26,528 [INFO] Got command from the client 'session,2022-02-18_13-16-49,stop,ranging'
ptd-server 2022-02-18 13:30:36,538 [INFO] Sending to ptd: 'Stop'
ptd-server 2022-02-18 13:30:36,539 [INFO] Reply from ptd: 'Stopping untimed measurement'
ptd-server 2022-02-18 13:30:36,795 [INFO] Sending reply to client 'OK'
ptd-server 2022-02-18 13:30:36,930 [INFO] Got command from the client 'time'
ptd-server 2022-02-18 13:30:36,930 [INFO] Sending reply to client '1645191036.930307'
ptd-server 2022-02-18 13:30:36,934 [INFO] Got command from the client 'session,2022-02-18_13-16-49,start,testing'
ptd-server 2022-02-18 13:30:36,935 [INFO] Sending to ptd: 'SR,V,251.900000'
ptd-server 2022-02-18 13:30:38,986 [INFO] Reply from ptd: 'Range V changed'
ptd-server 2022-02-18 13:30:38,986 [INFO] Sending to ptd: 'SR,A,0.289480'
ptd-server 2022-02-18 13:30:40,487 [INFO] Reply from ptd: 'Range A changed'
ptd-server 2022-02-18 13:30:50,498 [INFO] Starting testing mode
ptd-server 2022-02-18 13:30:50,498 [INFO] Sending to ptd: 'Go,1000,0,2022-02-18_13-16-49_testing'
ptd-server 2022-02-18 13:30:50,498 [INFO] Reply from ptd: 'Starting untimed measurement, maximum 500000 samples at 1000ms with 0 rampup samples'
ptd-server 2022-02-18 13:30:50,498 [INFO] Sending reply to client 'OK'
ptd-server 2022-02-18 13:44:01,729 [INFO] Got command from the client 'session,2022-02-18_13-16-49,stop,testing'
ptd-server 2022-02-18 13:44:11,740 [INFO] Sending to ptd: 'Stop'
ptd-server 2022-02-18 13:44:11,740 [INFO] Reply from ptd: 'Stopping untimed measurement'
ptd-server 2022-02-18 13:44:11,885 [INFO] Sending reply to client 'OK'
ptd-server 2022-02-18 13:44:11,920 [INFO] Got command from the client 'session,2022-02-18_13-16-49,done'
ptd-server 2022-02-18 13:44:11,920 [INFO] Sending to ptd: 'Stop'
ptd-server 2022-02-18 13:44:12,499 [INFO] Reply from ptd: 'Error: no measurement to stop'
ptd-server 2022-02-18 13:44:12,499 [INFO] Sending to ptd: 'SR,V,300.000000'
ptd-server 2022-02-18 13:44:14,001 [INFO] Reply from ptd: 'Range V changed'
ptd-server 2022-02-18 13:44:14,001 [INFO] Sending to ptd: 'SR,A,0.500000'
ptd-server 2022-02-18 13:44:15,502 [INFO] Reply from ptd: 'Range A changed'
ptd-server 2022-02-18 13:44:15,502 [INFO] Set initial values for Amps 0.500000 and Volts 300.000000
ptd-server 2022-02-18 13:44:15,503 [INFO] Stopping ptd...
