ptd-server 2022-02-15 10:10:51,636 [INFO] Got command from the client 'time'
ptd-server 2022-02-15 10:10:51,636 [INFO] Sending reply to client '1644919851.6365685'
ptd-server 2022-02-15 10:10:51,639 [INFO] Got command from the client 'new,,2d2e5b3d-633f-4588-924c-b2c5ff3d4983'
ptd-server 2022-02-15 10:10:51,639 [INFO] Sending reply to client 'OK 2022-02-15_10-10-51,73a297f1-192b-44fe-b012-f90be247182d'
ptd-server 2022-02-15 10:10:51,682 [INFO] Got command from the client 'time'
ptd-server 2022-02-15 10:10:51,682 [INFO] Sending reply to client '1644919851.6823885'
ptd-server 2022-02-15 10:10:51,684 [INFO] Got command from the client 'session,2022-02-15_10-10-51,start,ranging'
ptd-server 2022-02-15 10:10:51,685 [INFO] Running PTDaemon: ['/home/anton/projects/mlperf/power/inference_v1.0/ptd-linux-x86', '-l', '/tmp/tmpxvec0g6h/ptd_logfile.txt', '-p', '8888', '49', '/dev/usbtmc0']
ptd-server 2022-02-15 10:11:08,860 [INFO] Sending to ptd: 'Hello'
ptd-server 2022-02-15 10:11:08,861 [INFO] Reply from ptd: 'Hello, PTDaemon here!'
ptd-server 2022-02-15 10:11:08,861 [INFO] Sending to ptd: 'Identify'
ptd-server 2022-02-15 10:11:08,861 [INFO] Reply from ptd: 'YokogawaWT310E,1000,1,1,1,1,0,1,1,version=1.9.2-e8c7a49a-20201208,OS=Linux 5.13.0-27-generic #29~20.04.1-Ubuntu SMP Fri Jan 14 00:32:30 UTC 2022 x86_64,mode=power,1,1,1,0,0,no_cal_date,YOKOGAWA;WT310E;C3XA04010E;F1.04'
ptd-server 2022-02-15 10:11:08,861 [INFO] Connected to PTDaemon
ptd-server 2022-02-15 10:11:08,862 [INFO] Sending to ptd: 'RR'
ptd-server 2022-02-15 10:11:08,862 [INFO] Reply from ptd: 'Ranges,0,0.500000,0,300.000000'
ptd-server 2022-02-15 10:11:08,862 [INFO] Initial range for Amps is 0.500000 for Volts is 300.000000
ptd-server 2022-02-15 10:11:08,862 [INFO] Sending to ptd: 'SR,V,Auto'
ptd-server 2022-02-15 10:11:09,365 [INFO] Reply from ptd: 'Range V changed'
ptd-server 2022-02-15 10:11:09,365 [INFO] Sending to ptd: 'SR,A,Auto'
ptd-server 2022-02-15 10:11:09,867 [INFO] Reply from ptd: 'Range A changed'
ptd-server 2022-02-15 10:11:19,878 [INFO] Starting ranging mode
ptd-server 2022-02-15 10:11:19,878 [INFO] Sending to ptd: 'Go,1000,0,2022-02-15_10-10-51_ranging'
ptd-server 2022-02-15 10:11:19,878 [INFO] Reply from ptd: 'Starting untimed measurement, maximum 500000 samples at 1000ms with 0 rampup samples'
ptd-server 2022-02-15 10:11:19,878 [INFO] Sending reply to client 'OK'
ptd-server 2022-02-15 10:21:39,498 [INFO] Got command from the client 'session,2022-02-15_10-10-51,stop,ranging'
ptd-server 2022-02-15 10:21:49,508 [INFO] Sending to ptd: 'Stop'
ptd-server 2022-02-15 10:21:49,509 [INFO] Reply from ptd: 'Stopping untimed measurement'
ptd-server 2022-02-15 10:21:50,352 [INFO] Sending reply to client 'OK'
ptd-server 2022-02-15 10:21:50,430 [INFO] Got command from the client 'time'
ptd-server 2022-02-15 10:21:50,430 [INFO] Sending reply to client '1644920510.4302263'
ptd-server 2022-02-15 10:21:50,433 [INFO] Got command from the client 'session,2022-02-15_10-10-51,start,testing'
ptd-server 2022-02-15 10:21:50,433 [INFO] Sending to ptd: 'SR,V,248.210000'
ptd-server 2022-02-15 10:21:51,934 [INFO] Reply from ptd: 'Range V changed'
ptd-server 2022-02-15 10:21:51,934 [INFO] Sending to ptd: 'SR,A,0.210090'
ptd-server 2022-02-15 10:21:53,436 [INFO] Reply from ptd: 'Range A changed'
ptd-server 2022-02-15 10:22:03,446 [INFO] Starting testing mode
ptd-server 2022-02-15 10:22:03,446 [INFO] Sending to ptd: 'Go,1000,0,2022-02-15_10-10-51_testing'
ptd-server 2022-02-15 10:22:03,447 [INFO] Reply from ptd: 'Starting untimed measurement, maximum 500000 samples at 1000ms with 0 rampup samples'
ptd-server 2022-02-15 10:22:03,447 [INFO] Sending reply to client 'OK'
ptd-server 2022-02-15 10:32:23,052 [INFO] Got command from the client 'session,2022-02-15_10-10-51,stop,testing'
ptd-server 2022-02-15 10:32:33,063 [INFO] Sending to ptd: 'Stop'
ptd-server 2022-02-15 10:32:33,063 [INFO] Reply from ptd: 'Stopping untimed measurement'
ptd-server 2022-02-15 10:32:33,495 [INFO] Sending reply to client 'OK'
ptd-server 2022-02-15 10:32:33,515 [INFO] Got command from the client 'session,2022-02-15_10-10-51,done'
ptd-server 2022-02-15 10:32:33,515 [INFO] Sending to ptd: 'Stop'
ptd-server 2022-02-15 10:32:33,515 [INFO] Reply from ptd: 'Error: no measurement to stop'
ptd-server 2022-02-15 10:32:33,515 [INFO] Sending to ptd: 'SR,V,300.000000'
ptd-server 2022-02-15 10:32:35,017 [INFO] Reply from ptd: 'Range V changed'
ptd-server 2022-02-15 10:32:35,017 [INFO] Sending to ptd: 'SR,A,0.500000'
ptd-server 2022-02-15 10:32:36,519 [INFO] Reply from ptd: 'Range A changed'
ptd-server 2022-02-15 10:32:36,519 [INFO] Set initial values for Amps 0.500000 and Volts 300.000000
ptd-server 2022-02-15 10:32:36,519 [INFO] Stopping ptd...
