ptd-server 2022-02-13 16:18:25,839 [INFO] Got command from the client 'time'
ptd-server 2022-02-13 16:18:25,839 [INFO] Sending reply to client '1644769105.8397276'
ptd-server 2022-02-13 16:18:25,842 [INFO] Got command from the client 'new,,4cb46346-582f-447f-ada7-c3ce1b24aa7f'
ptd-server 2022-02-13 16:18:25,842 [INFO] Sending reply to client 'OK 2022-02-13_16-18-25,0f4d3aad-1b2a-47bf-87bc-3d8258dc858d'
ptd-server 2022-02-13 16:18:25,879 [INFO] Got command from the client 'time'
ptd-server 2022-02-13 16:18:25,879 [INFO] Sending reply to client '1644769105.8795025'
ptd-server 2022-02-13 16:18:25,881 [INFO] Got command from the client 'session,2022-02-13_16-18-25,start,ranging'
ptd-server 2022-02-13 16:18:25,881 [INFO] Running PTDaemon: ['/home/anton/projects/mlperf/power/inference_v1.0/ptd-linux-x86', '-l', '/tmp/tmpxvec0g6h/ptd_logfile.txt', '-p', '8888', '49', '/dev/usbtmc0']
ptd-server 2022-02-13 16:18:43,057 [INFO] Sending to ptd: 'Hello'
ptd-server 2022-02-13 16:18:43,058 [INFO] Reply from ptd: 'Hello, PTDaemon here!'
ptd-server 2022-02-13 16:18:43,058 [INFO] Sending to ptd: 'Identify'
ptd-server 2022-02-13 16:18:43,058 [INFO] Reply from ptd: 'YokogawaWT310E,1000,1,1,1,1,0,1,1,version=1.9.2-e8c7a49a-20201208,OS=Linux 5.13.0-27-generic #29~20.04.1-Ubuntu SMP Fri Jan 14 00:32:30 UTC 2022 x86_64,mode=power,1,1,1,0,0,no_cal_date,YOKOGAWA;WT310E;C3XA04010E;F1.04'
ptd-server 2022-02-13 16:18:43,059 [INFO] Connected to PTDaemon
ptd-server 2022-02-13 16:18:43,059 [INFO] Sending to ptd: 'RR'
ptd-server 2022-02-13 16:18:43,059 [INFO] Reply from ptd: 'Ranges,0,0.500000,0,300.000000'
ptd-server 2022-02-13 16:18:43,059 [INFO] Initial range for Amps is 0.500000 for Volts is 300.000000
ptd-server 2022-02-13 16:18:43,059 [INFO] Sending to ptd: 'SR,V,Auto'
ptd-server 2022-02-13 16:18:43,562 [INFO] Reply from ptd: 'Range V changed'
ptd-server 2022-02-13 16:18:43,562 [INFO] Sending to ptd: 'SR,A,Auto'
ptd-server 2022-02-13 16:18:44,065 [INFO] Reply from ptd: 'Range A changed'
ptd-server 2022-02-13 16:18:54,068 [INFO] Starting ranging mode
ptd-server 2022-02-13 16:18:54,068 [INFO] Sending to ptd: 'Go,1000,0,2022-02-13_16-18-25_ranging'
ptd-server 2022-02-13 16:18:54,068 [INFO] Reply from ptd: 'Starting untimed measurement, maximum 500000 samples at 1000ms with 0 rampup samples'
ptd-server 2022-02-13 16:18:54,069 [INFO] Sending reply to client 'OK'
ptd-server 2022-02-13 16:29:09,734 [INFO] Got command from the client 'session,2022-02-13_16-18-25,stop,ranging'
ptd-server 2022-02-13 16:29:19,745 [INFO] Sending to ptd: 'Stop'
ptd-server 2022-02-13 16:29:19,745 [INFO] Reply from ptd: 'Stopping untimed measurement'
ptd-server 2022-02-13 16:29:20,379 [INFO] Sending reply to client 'OK'
ptd-server 2022-02-13 16:29:20,447 [INFO] Got command from the client 'time'
ptd-server 2022-02-13 16:29:20,447 [INFO] Sending reply to client '1644769760.447937'
ptd-server 2022-02-13 16:29:20,450 [INFO] Got command from the client 'session,2022-02-13_16-18-25,start,testing'
ptd-server 2022-02-13 16:29:20,450 [INFO] Sending to ptd: 'SR,V,248.280000'
ptd-server 2022-02-13 16:29:21,951 [INFO] Reply from ptd: 'Range V changed'
ptd-server 2022-02-13 16:29:21,952 [INFO] Sending to ptd: 'SR,A,0.142550'
ptd-server 2022-02-13 16:29:23,453 [INFO] Reply from ptd: 'Range A changed'
ptd-server 2022-02-13 16:29:33,463 [INFO] Starting testing mode
ptd-server 2022-02-13 16:29:33,463 [INFO] Sending to ptd: 'Go,1000,0,2022-02-13_16-18-25_testing'
ptd-server 2022-02-13 16:29:33,464 [INFO] Reply from ptd: 'Starting untimed measurement, maximum 500000 samples at 1000ms with 0 rampup samples'
ptd-server 2022-02-13 16:29:33,464 [INFO] Sending reply to client 'OK'
ptd-server 2022-02-13 16:39:49,114 [INFO] Got command from the client 'session,2022-02-13_16-18-25,stop,testing'
ptd-server 2022-02-13 16:39:59,125 [INFO] Sending to ptd: 'Stop'
ptd-server 2022-02-13 16:39:59,125 [INFO] Reply from ptd: 'Stopping untimed measurement'
ptd-server 2022-02-13 16:39:59,455 [INFO] Sending reply to client 'OK'
ptd-server 2022-02-13 16:39:59,474 [INFO] Got command from the client 'session,2022-02-13_16-18-25,done'
ptd-server 2022-02-13 16:39:59,474 [INFO] Sending to ptd: 'Stop'
ptd-server 2022-02-13 16:39:59,474 [INFO] Reply from ptd: 'Error: no measurement to stop'
ptd-server 2022-02-13 16:39:59,475 [INFO] Sending to ptd: 'SR,V,300.000000'
ptd-server 2022-02-13 16:40:00,976 [INFO] Reply from ptd: 'Range V changed'
ptd-server 2022-02-13 16:40:00,976 [INFO] Sending to ptd: 'SR,A,0.500000'
ptd-server 2022-02-13 16:40:02,477 [INFO] Reply from ptd: 'Range A changed'
ptd-server 2022-02-13 16:40:02,478 [INFO] Set initial values for Amps 0.500000 and Volts 300.000000
ptd-server 2022-02-13 16:40:02,478 [INFO] Stopping ptd...
