ptd-server 2022-02-20 15:34:52,267 [INFO] Got command from the client 'time'
ptd-server 2022-02-20 15:34:52,267 [INFO] Sending reply to client '1645371292.2671595'
ptd-server 2022-02-20 15:34:52,268 [INFO] Got command from the client 'new,,3d6852d8-6ca3-4fa7-a369-2422836a334f'
ptd-server 2022-02-20 15:34:52,269 [INFO] Sending reply to client 'OK 2022-02-20_15-34-52,bca30ba8-dd1a-40f9-a2f7-01d45174599a'
ptd-server 2022-02-20 15:34:52,301 [INFO] Got command from the client 'time'
ptd-server 2022-02-20 15:34:52,301 [INFO] Sending reply to client '1645371292.3015525'
ptd-server 2022-02-20 15:34:52,303 [INFO] Got command from the client 'session,2022-02-20_15-34-52,start,ranging'
ptd-server 2022-02-20 15:34:52,303 [INFO] Running PTDaemon: ['/home/anton/projects/mlperf/power/inference_v1.0/ptd-linux-x86', '-l', '/tmp/tmpgldyt7rr/ptd_logfile.txt', '-p', '8888', '49', '/dev/usbtmc0']
ptd-server 2022-02-20 15:35:09,475 [INFO] Sending to ptd: 'Hello'
ptd-server 2022-02-20 15:35:09,476 [INFO] Reply from ptd: 'Hello, PTDaemon here!'
ptd-server 2022-02-20 15:35:09,476 [INFO] Sending to ptd: 'Identify'
ptd-server 2022-02-20 15:35:09,476 [INFO] Reply from ptd: 'YokogawaWT310E,1000,1,1,1,1,0,1,1,version=1.9.2-e8c7a49a-20201208,OS=Linux 5.13.0-28-generic #31~20.04.1-Ubuntu SMP Wed Jan 19 14:08:10 UTC 2022 x86_64,mode=power,1,1,1,0,0,no_cal_date,YOKOGAWA;WT310E;C3XA04010E;F1.04'
ptd-server 2022-02-20 15:35:09,477 [INFO] Connected to PTDaemon
ptd-server 2022-02-20 15:35:09,477 [INFO] Sending to ptd: 'RR'
ptd-server 2022-02-20 15:35:09,477 [INFO] Reply from ptd: 'Ranges,0,0.500000,0,300.000000'
ptd-server 2022-02-20 15:35:09,477 [INFO] Initial range for Amps is 0.500000 for Volts is 300.000000
ptd-server 2022-02-20 15:35:09,477 [INFO] Sending to ptd: 'SR,V,Auto'
ptd-server 2022-02-20 15:35:09,980 [INFO] Reply from ptd: 'Range V changed'
ptd-server 2022-02-20 15:35:09,980 [INFO] Sending to ptd: 'SR,A,Auto'
ptd-server 2022-02-20 15:35:10,482 [INFO] Reply from ptd: 'Range A changed'
ptd-server 2022-02-20 15:35:20,493 [INFO] Starting ranging mode
ptd-server 2022-02-20 15:35:20,493 [INFO] Sending to ptd: 'Go,1000,0,2022-02-20_15-34-52_ranging'
ptd-server 2022-02-20 15:35:20,493 [INFO] Reply from ptd: 'Starting untimed measurement, maximum 500000 samples at 1000ms with 0 rampup samples'
ptd-server 2022-02-20 15:35:20,493 [INFO] Sending reply to client 'OK'
ptd-server 2022-02-20 15:45:38,085 [INFO] Got command from the client 'session,2022-02-20_15-34-52,stop,ranging'
ptd-server 2022-02-20 15:45:48,096 [INFO] Sending to ptd: 'Stop'
ptd-server 2022-02-20 15:45:48,096 [INFO] Reply from ptd: 'Stopping untimed measurement'
ptd-server 2022-02-20 15:45:48,580 [INFO] Sending reply to client 'OK'
ptd-server 2022-02-20 15:45:48,675 [INFO] Got command from the client 'time'
ptd-server 2022-02-20 15:45:48,675 [INFO] Sending reply to client '1645371948.6757045'
ptd-server 2022-02-20 15:45:48,680 [INFO] Got command from the client 'session,2022-02-20_15-34-52,start,testing'
ptd-server 2022-02-20 15:45:48,680 [INFO] Sending to ptd: 'SR,V,248.630000'
ptd-server 2022-02-20 15:45:50,181 [INFO] Reply from ptd: 'Range V changed'
ptd-server 2022-02-20 15:45:50,181 [INFO] Sending to ptd: 'SR,A,0.045430'
ptd-server 2022-02-20 15:45:51,683 [INFO] Reply from ptd: 'Range A changed'
ptd-server 2022-02-20 15:46:01,693 [INFO] Starting testing mode
ptd-server 2022-02-20 15:46:01,693 [INFO] Sending to ptd: 'Go,1000,0,2022-02-20_15-34-52_testing'
ptd-server 2022-02-20 15:46:01,694 [INFO] Reply from ptd: 'Starting untimed measurement, maximum 500000 samples at 1000ms with 0 rampup samples'
ptd-server 2022-02-20 15:46:01,694 [INFO] Sending reply to client 'OK'
ptd-server 2022-02-20 15:56:20,326 [INFO] Got command from the client 'session,2022-02-20_15-34-52,stop,testing'
ptd-server 2022-02-20 15:56:30,337 [INFO] Sending to ptd: 'Stop'
ptd-server 2022-02-20 15:56:30,337 [INFO] Reply from ptd: 'Stopping untimed measurement'
ptd-server 2022-02-20 15:56:30,600 [INFO] Sending reply to client 'OK'
ptd-server 2022-02-20 15:56:30,631 [INFO] Got command from the client 'session,2022-02-20_15-34-52,done'
ptd-server 2022-02-20 15:56:30,631 [INFO] Sending to ptd: 'Stop'
ptd-server 2022-02-20 15:56:30,694 [INFO] Reply from ptd: 'Error: no measurement to stop'
ptd-server 2022-02-20 15:56:30,694 [INFO] Sending to ptd: 'SR,V,300.000000'
ptd-server 2022-02-20 15:56:32,196 [INFO] Reply from ptd: 'Range V changed'
ptd-server 2022-02-20 15:56:32,196 [INFO] Sending to ptd: 'SR,A,0.500000'
ptd-server 2022-02-20 15:56:33,697 [INFO] Reply from ptd: 'Range A changed'
ptd-server 2022-02-20 15:56:33,698 [INFO] Set initial values for Amps 0.500000 and Volts 300.000000
ptd-server 2022-02-20 15:56:33,698 [INFO] Stopping ptd...
