ptd-server 2022-02-16 02:17:37,082 [INFO] Got command from the client 'stop'
ptd-server 2022-02-16 02:17:37,082 [INFO] The server will be stopped after processing this client
ptd-server 2022-02-16 02:17:37,082 [INFO] Sending reply to client 'OK'
ptd-server 2022-02-16 02:17:37,297 [INFO] Got command from the client 'time'
ptd-server 2022-02-16 02:17:37,297 [INFO] Sending reply to client '1645006657.2978723'
ptd-server 2022-02-16 02:17:37,297 [INFO] Got command from the client 'new,,d67f465b-8e6a-421d-a228-c302700a444d'
ptd-server 2022-02-16 02:17:37,297 [INFO] Sending reply to client 'OK 2022-02-16_02-17-37,afa31cd1-b756-4f6c-a3f0-3d20f6965547'
ptd-server 2022-02-16 02:17:37,509 [INFO] Got command from the client 'time'
ptd-server 2022-02-16 02:17:37,509 [INFO] Sending reply to client '1645006657.5090663'
ptd-server 2022-02-16 02:17:37,509 [INFO] Got command from the client 'session,2022-02-16_02-17-37,start,ranging'
ptd-server 2022-02-16 02:17:37,618 [INFO] Running PTDaemon: ['C:\\PTD\\ptd-windows-x86.exe', '-l', 'C:\\Users\\lab\\AppData\\Local\\Temp\\tmpfrrh9dxn\\ptd_logfile.txt', '-p', '8888', '-c', '1,3', '-y', '77', '10.34.232.250']
ptd-server 2022-02-16 02:17:56,724 [INFO] Sending to ptd: 'Hello'
ptd-server 2022-02-16 02:17:56,724 [INFO] Reply from ptd: 'Hello, PTDaemon here!'
ptd-server 2022-02-16 02:17:56,724 [INFO] Sending to ptd: 'Identify'
ptd-server 2022-02-16 02:17:56,724 [INFO] Reply from ptd: 'YokogawaWT330_multichannel,1000,1,1,1,1,0,0,1,version=1.9.2-3976349f-20201208,OS=Windows 8 / Server 2012,mode=power,1,1,2,0,0,no_cal_date,YOKOGAWA;WT333E;C2WA21018V;F1.04'
ptd-server 2022-02-16 02:17:56,724 [INFO] Connected to PTDaemon
ptd-server 2022-02-16 02:17:56,724 [INFO] Sending to ptd: 'RR'
ptd-server 2022-02-16 02:17:56,724 [INFO] Reply from ptd: 'Ranges,0,20.000000,1,300.000000'
ptd-server 2022-02-16 02:17:56,724 [INFO] Initial range for Amps is 20.000000 for Volts is Auto
ptd-server 2022-02-16 02:17:56,724 [INFO] Sending to ptd: 'SR,V,Auto'
ptd-server 2022-02-16 02:18:01,797 [INFO] Reply from ptd: 'Range V changed'
ptd-server 2022-02-16 02:18:01,797 [INFO] Sending to ptd: 'SR,A,Auto'
ptd-server 2022-02-16 02:18:06,875 [INFO] Reply from ptd: 'Range A changed'
ptd-server 2022-02-16 02:18:16,880 [INFO] Starting ranging mode
ptd-server 2022-02-16 02:18:16,885 [INFO] Sending to ptd: 'Go,1000,0,2022-02-16_02-17-37_ranging'
ptd-server 2022-02-16 02:18:16,886 [INFO] Reply from ptd: 'Starting untimed measurement, maximum 500000 samples at 1000ms with 0 rampup samples'
ptd-server 2022-02-16 02:18:16,886 [INFO] Sending reply to client 'OK'
ptd-server 2022-02-16 02:32:09,940 [INFO] Got command from the client 'session,2022-02-16_02-17-37,stop,ranging'
ptd-server 2022-02-16 02:32:19,941 [INFO] Sending to ptd: 'Stop'
ptd-server 2022-02-16 02:32:19,946 [INFO] Reply from ptd: 'Stopping untimed measurement'
ptd-server 2022-02-16 02:32:19,993 [INFO] Sending reply to client 'OK'
ptd-server 2022-02-16 02:32:20,243 [INFO] Got command from the client 'time'
ptd-server 2022-02-16 02:32:20,243 [INFO] Sending reply to client '1645007540.2438161'
ptd-server 2022-02-16 02:32:20,243 [INFO] Got command from the client 'session,2022-02-16_02-17-37,start,testing'
ptd-server 2022-02-16 02:32:20,243 [INFO] Sending to ptd: 'SR,V,209.060000'
ptd-server 2022-02-16 02:32:26,973 [INFO] Reply from ptd: 'Range V changed'
ptd-server 2022-02-16 02:32:26,973 [INFO] Sending to ptd: 'SR,A,5.473100'
ptd-server 2022-02-16 02:32:32,563 [INFO] Reply from ptd: 'Range A changed'
ptd-server 2022-02-16 02:32:42,563 [INFO] Starting testing mode
ptd-server 2022-02-16 02:32:42,563 [INFO] Sending to ptd: 'Go,1000,0,2022-02-16_02-17-37_testing'
ptd-server 2022-02-16 02:32:42,563 [INFO] Reply from ptd: 'Starting untimed measurement, maximum 500000 samples at 1000ms with 0 rampup samples'
ptd-server 2022-02-16 02:32:42,563 [INFO] Sending reply to client 'OK'
ptd-server 2022-02-16 02:46:37,010 [INFO] Got command from the client 'session,2022-02-16_02-17-37,stop,testing'
ptd-server 2022-02-16 02:46:47,019 [INFO] Sending to ptd: 'Stop'
ptd-server 2022-02-16 02:46:47,019 [INFO] Reply from ptd: 'Stopping untimed measurement'
ptd-server 2022-02-16 02:46:47,034 [INFO] Sending reply to client 'OK'
ptd-server 2022-02-16 02:46:47,097 [INFO] Got command from the client 'session,2022-02-16_02-17-37,done'
ptd-server 2022-02-16 02:46:47,097 [INFO] Sending to ptd: 'Stop'
ptd-server 2022-02-16 02:46:47,578 [INFO] Reply from ptd: 'Error: no measurement to stop'
ptd-server 2022-02-16 02:46:47,578 [INFO] Sending to ptd: 'SR,V,Auto'
ptd-server 2022-02-16 02:46:52,647 [INFO] Reply from ptd: 'Range V changed'
ptd-server 2022-02-16 02:46:52,647 [INFO] Sending to ptd: 'SR,A,20.000000'
ptd-server 2022-02-16 02:46:58,219 [INFO] Reply from ptd: 'Range A changed'
ptd-server 2022-02-16 02:46:58,219 [INFO] Set initial values for Amps 20.000000 and Volts Auto
ptd-server 2022-02-16 02:46:58,219 [INFO] Stopping ptd...
