ptd-server 2022-02-22 11:50:39,870 [INFO] Got command from the client 'time'
ptd-server 2022-02-22 11:50:39,870 [INFO] Sending reply to client '1645530639.8706493'
ptd-server 2022-02-22 11:50:39,872 [INFO] Got command from the client 'new,,a2347572-92d0-4ddb-b141-a642f44bc240'
ptd-server 2022-02-22 11:50:39,873 [INFO] Sending reply to client 'OK 2022-02-22_11-50-39,5ad3af58-edf3-4428-a467-21bc3a1a92fa'
ptd-server 2022-02-22 11:50:39,910 [INFO] Got command from the client 'time'
ptd-server 2022-02-22 11:50:39,910 [INFO] Sending reply to client '1645530639.9103882'
ptd-server 2022-02-22 11:50:39,912 [INFO] Got command from the client 'session,2022-02-22_11-50-39,start,ranging'
ptd-server 2022-02-22 11:50:39,912 [INFO] Running PTDaemon: ['/home/anton/projects/mlperf/power/inference_v1.0/ptd-linux-x86', '-l', '/tmp/tmpgldyt7rr/ptd_logfile.txt', '-p', '8888', '49', '/dev/usbtmc0']
ptd-server 2022-02-22 11:50:57,085 [INFO] Sending to ptd: 'Hello'
ptd-server 2022-02-22 11:50:57,086 [INFO] Reply from ptd: 'Hello, PTDaemon here!'
ptd-server 2022-02-22 11:50:57,086 [INFO] Sending to ptd: 'Identify'
ptd-server 2022-02-22 11:50:57,086 [INFO] Reply from ptd: 'YokogawaWT310E,1000,1,1,1,1,0,1,1,version=1.9.2-e8c7a49a-20201208,OS=Linux 5.13.0-28-generic #31~20.04.1-Ubuntu SMP Wed Jan 19 14:08:10 UTC 2022 x86_64,mode=power,1,1,1,0,0,no_cal_date,YOKOGAWA;WT310E;C3XA04010E;F1.04'
ptd-server 2022-02-22 11:50:57,087 [INFO] Connected to PTDaemon
ptd-server 2022-02-22 11:50:57,087 [INFO] Sending to ptd: 'RR'
ptd-server 2022-02-22 11:50:57,087 [INFO] Reply from ptd: 'Ranges,0,0.500000,0,300.000000'
ptd-server 2022-02-22 11:50:57,087 [INFO] Initial range for Amps is 0.500000 for Volts is 300.000000
ptd-server 2022-02-22 11:50:57,087 [INFO] Sending to ptd: 'SR,V,Auto'
ptd-server 2022-02-22 11:50:57,590 [INFO] Reply from ptd: 'Range V changed'
ptd-server 2022-02-22 11:50:57,590 [INFO] Sending to ptd: 'SR,A,Auto'
ptd-server 2022-02-22 11:50:58,092 [INFO] Reply from ptd: 'Range A changed'
ptd-server 2022-02-22 11:51:08,103 [INFO] Starting ranging mode
ptd-server 2022-02-22 11:51:08,103 [INFO] Sending to ptd: 'Go,1000,0,2022-02-22_11-50-39_ranging'
ptd-server 2022-02-22 11:51:08,103 [INFO] Reply from ptd: 'Starting untimed measurement, maximum 500000 samples at 1000ms with 0 rampup samples'
ptd-server 2022-02-22 11:51:08,104 [INFO] Sending reply to client 'OK'
ptd-server 2022-02-22 12:01:37,300 [INFO] Got command from the client 'session,2022-02-22_11-50-39,stop,ranging'
ptd-server 2022-02-22 12:01:47,310 [INFO] Sending to ptd: 'Stop'
ptd-server 2022-02-22 12:01:47,311 [INFO] Reply from ptd: 'Stopping untimed measurement'
ptd-server 2022-02-22 12:01:48,036 [INFO] Sending reply to client 'OK'
ptd-server 2022-02-22 12:01:48,098 [INFO] Got command from the client 'time'
ptd-server 2022-02-22 12:01:48,098 [INFO] Sending reply to client '1645531308.0986998'
ptd-server 2022-02-22 12:01:48,099 [INFO] Got command from the client 'session,2022-02-22_11-50-39,start,testing'
ptd-server 2022-02-22 12:01:48,100 [INFO] Sending to ptd: 'SR,V,250.020000'
ptd-server 2022-02-22 12:01:49,604 [INFO] Reply from ptd: 'Range V changed'
ptd-server 2022-02-22 12:01:49,605 [INFO] Sending to ptd: 'SR,A,0.055380'
ptd-server 2022-02-22 12:01:51,106 [INFO] Reply from ptd: 'Range A changed'
ptd-server 2022-02-22 12:02:01,116 [INFO] Starting testing mode
ptd-server 2022-02-22 12:02:01,116 [INFO] Sending to ptd: 'Go,1000,0,2022-02-22_11-50-39_testing'
ptd-server 2022-02-22 12:02:01,117 [INFO] Reply from ptd: 'Starting untimed measurement, maximum 500000 samples at 1000ms with 0 rampup samples'
ptd-server 2022-02-22 12:02:01,117 [INFO] Sending reply to client 'OK'
ptd-server 2022-02-22 12:12:30,101 [INFO] Got command from the client 'session,2022-02-22_11-50-39,stop,testing'
ptd-server 2022-02-22 12:12:40,112 [INFO] Sending to ptd: 'Stop'
ptd-server 2022-02-22 12:12:40,112 [INFO] Reply from ptd: 'Stopping untimed measurement'
ptd-server 2022-02-22 12:12:40,490 [INFO] Sending reply to client 'OK'
ptd-server 2022-02-22 12:12:40,509 [INFO] Got command from the client 'session,2022-02-22_11-50-39,done'
ptd-server 2022-02-22 12:12:40,510 [INFO] Sending to ptd: 'Stop'
ptd-server 2022-02-22 12:12:40,510 [INFO] Reply from ptd: 'Error: no measurement to stop'
ptd-server 2022-02-22 12:12:40,510 [INFO] Sending to ptd: 'SR,V,300.000000'
ptd-server 2022-02-22 12:12:42,011 [INFO] Reply from ptd: 'Range V changed'
ptd-server 2022-02-22 12:12:42,011 [INFO] Sending to ptd: 'SR,A,0.500000'
ptd-server 2022-02-22 12:12:43,513 [INFO] Reply from ptd: 'Range A changed'
ptd-server 2022-02-22 12:12:43,513 [INFO] Set initial values for Amps 0.500000 and Volts 300.000000
ptd-server 2022-02-22 12:12:43,513 [INFO] Stopping ptd...
