ptd-server 2022-02-23 09:48:00,266 [INFO] Got command from the client 'time'
ptd-server 2022-02-23 09:48:00,266 [INFO] Sending reply to client '1645609680.2665882'
ptd-server 2022-02-23 09:48:00,268 [INFO] Got command from the client 'new,,1d870723-1e1c-47d7-bb8d-93082999ca50'
ptd-server 2022-02-23 09:48:00,269 [INFO] Sending reply to client 'OK 2022-02-23_09-48-00,199e4fbe-3a89-4864-b22e-570c51f216d1'
ptd-server 2022-02-23 09:48:00,306 [INFO] Got command from the client 'time'
ptd-server 2022-02-23 09:48:00,306 [INFO] Sending reply to client '1645609680.3067899'
ptd-server 2022-02-23 09:48:00,308 [INFO] Got command from the client 'session,2022-02-23_09-48-00,start,ranging'
ptd-server 2022-02-23 09:48:00,309 [INFO] Running PTDaemon: ['/home/anton/projects/mlperf/power/inference_v1.0/ptd-linux-x86', '-l', '/tmp/tmpgldyt7rr/ptd_logfile.txt', '-p', '8888', '49', '/dev/usbtmc0']
ptd-server 2022-02-23 09:48:17,482 [INFO] Sending to ptd: 'Hello'
ptd-server 2022-02-23 09:48:17,482 [INFO] Reply from ptd: 'Hello, PTDaemon here!'
ptd-server 2022-02-23 09:48:17,483 [INFO] Sending to ptd: 'Identify'
ptd-server 2022-02-23 09:48:17,483 [INFO] Reply from ptd: 'YokogawaWT310E,1000,1,1,1,1,0,1,1,version=1.9.2-e8c7a49a-20201208,OS=Linux 5.13.0-28-generic #31~20.04.1-Ubuntu SMP Wed Jan 19 14:08:10 UTC 2022 x86_64,mode=power,1,1,1,0,0,no_cal_date,YOKOGAWA;WT310E;C3XA04010E;F1.04'
ptd-server 2022-02-23 09:48:17,483 [INFO] Connected to PTDaemon
ptd-server 2022-02-23 09:48:17,483 [INFO] Sending to ptd: 'RR'
ptd-server 2022-02-23 09:48:17,483 [INFO] Reply from ptd: 'Ranges,0,0.500000,0,300.000000'
ptd-server 2022-02-23 09:48:17,484 [INFO] Initial range for Amps is 0.500000 for Volts is 300.000000
ptd-server 2022-02-23 09:48:17,484 [INFO] Sending to ptd: 'SR,V,Auto'
ptd-server 2022-02-23 09:48:17,986 [INFO] Reply from ptd: 'Range V changed'
ptd-server 2022-02-23 09:48:17,986 [INFO] Sending to ptd: 'SR,A,Auto'
ptd-server 2022-02-23 09:48:18,489 [INFO] Reply from ptd: 'Range A changed'
ptd-server 2022-02-23 09:48:28,499 [INFO] Starting ranging mode
ptd-server 2022-02-23 09:48:28,499 [INFO] Sending to ptd: 'Go,1000,0,2022-02-23_09-48-00_ranging'
ptd-server 2022-02-23 09:48:28,500 [INFO] Reply from ptd: 'Starting untimed measurement, maximum 500000 samples at 1000ms with 0 rampup samples'
ptd-server 2022-02-23 09:48:28,500 [INFO] Sending reply to client 'OK'
ptd-server 2022-02-23 09:59:07,496 [INFO] Got command from the client 'session,2022-02-23_09-48-00,stop,ranging'
ptd-server 2022-02-23 09:59:17,504 [INFO] Sending to ptd: 'Stop'
ptd-server 2022-02-23 09:59:17,504 [INFO] Reply from ptd: 'Stopping untimed measurement'
ptd-server 2022-02-23 09:59:18,339 [INFO] Sending reply to client 'OK'
ptd-server 2022-02-23 09:59:18,398 [INFO] Got command from the client 'time'
ptd-server 2022-02-23 09:59:18,398 [INFO] Sending reply to client '1645610358.398339'
ptd-server 2022-02-23 09:59:18,400 [INFO] Got command from the client 'session,2022-02-23_09-48-00,start,testing'
ptd-server 2022-02-23 09:59:18,400 [INFO] Sending to ptd: 'SR,V,251.730000'
ptd-server 2022-02-23 09:59:20,002 [INFO] Reply from ptd: 'Range V changed'
ptd-server 2022-02-23 09:59:20,002 [INFO] Sending to ptd: 'SR,A,0.050830'
ptd-server 2022-02-23 09:59:21,503 [INFO] Reply from ptd: 'Range A changed'
ptd-server 2022-02-23 09:59:31,514 [INFO] Starting testing mode
ptd-server 2022-02-23 09:59:31,514 [INFO] Sending to ptd: 'Go,1000,0,2022-02-23_09-48-00_testing'
ptd-server 2022-02-23 09:59:31,514 [INFO] Reply from ptd: 'Starting untimed measurement, maximum 500000 samples at 1000ms with 0 rampup samples'
ptd-server 2022-02-23 09:59:31,514 [INFO] Sending reply to client 'OK'
ptd-server 2022-02-23 10:10:01,162 [INFO] Got command from the client 'session,2022-02-23_09-48-00,stop,testing'
ptd-server 2022-02-23 10:10:11,172 [INFO] Sending to ptd: 'Stop'
ptd-server 2022-02-23 10:10:11,172 [INFO] Reply from ptd: 'Stopping untimed measurement'
ptd-server 2022-02-23 10:10:11,612 [INFO] Sending reply to client 'OK'
ptd-server 2022-02-23 10:10:11,632 [INFO] Got command from the client 'session,2022-02-23_09-48-00,done'
ptd-server 2022-02-23 10:10:11,632 [INFO] Sending to ptd: 'Stop'
ptd-server 2022-02-23 10:10:11,632 [INFO] Reply from ptd: 'Error: no measurement to stop'
ptd-server 2022-02-23 10:10:11,632 [INFO] Sending to ptd: 'SR,V,300.000000'
ptd-server 2022-02-23 10:10:13,134 [INFO] Reply from ptd: 'Range V changed'
ptd-server 2022-02-23 10:10:13,134 [INFO] Sending to ptd: 'SR,A,0.500000'
ptd-server 2022-02-23 10:10:14,635 [INFO] Reply from ptd: 'Range A changed'
ptd-server 2022-02-23 10:10:14,635 [INFO] Set initial values for Amps 0.500000 and Volts 300.000000
ptd-server 2022-02-23 10:10:14,635 [INFO] Stopping ptd...
