ptd-server 2022-02-17 13:34:21,896 [INFO] Got command from the client 'time'
ptd-server 2022-02-17 13:34:21,896 [INFO] Sending reply to client '1645104861.8966804'
ptd-server 2022-02-17 13:34:21,898 [INFO] Got command from the client 'new,,de7401d9-a872-4a18-9e4c-7700be1e44af'
ptd-server 2022-02-17 13:34:21,898 [INFO] Sending reply to client 'OK 2022-02-17_13-34-21,6d1ebee8-2aed-4351-ba3c-138f2e8b529d'
ptd-server 2022-02-17 13:34:21,937 [INFO] Got command from the client 'time'
ptd-server 2022-02-17 13:34:21,937 [INFO] Sending reply to client '1645104861.9373105'
ptd-server 2022-02-17 13:34:21,939 [INFO] Got command from the client 'session,2022-02-17_13-34-21,start,ranging'
ptd-server 2022-02-17 13:34:21,939 [INFO] Running PTDaemon: ['/home/anton/projects/mlperf/power/inference_v1.0/ptd-linux-x86', '-l', '/tmp/tmpgldyt7rr/ptd_logfile.txt', '-p', '8888', '49', '/dev/usbtmc0']
ptd-server 2022-02-17 13:34:39,112 [INFO] Sending to ptd: 'Hello'
ptd-server 2022-02-17 13:34:39,113 [INFO] Reply from ptd: 'Hello, PTDaemon here!'
ptd-server 2022-02-17 13:34:39,113 [INFO] Sending to ptd: 'Identify'
ptd-server 2022-02-17 13:34:39,113 [INFO] Reply from ptd: 'YokogawaWT310E,1000,1,1,1,1,0,1,1,version=1.9.2-e8c7a49a-20201208,OS=Linux 5.13.0-28-generic #31~20.04.1-Ubuntu SMP Wed Jan 19 14:08:10 UTC 2022 x86_64,mode=power,1,1,1,0,0,no_cal_date,YOKOGAWA;WT310E;C3XA04010E;F1.04'
ptd-server 2022-02-17 13:34:39,113 [INFO] Connected to PTDaemon
ptd-server 2022-02-17 13:34:39,114 [INFO] Sending to ptd: 'RR'
ptd-server 2022-02-17 13:34:39,114 [INFO] Reply from ptd: 'Ranges,0,0.500000,0,300.000000'
ptd-server 2022-02-17 13:34:39,114 [INFO] Initial range for Amps is 0.500000 for Volts is 300.000000
ptd-server 2022-02-17 13:34:39,114 [INFO] Sending to ptd: 'SR,V,Auto'
ptd-server 2022-02-17 13:34:39,617 [INFO] Reply from ptd: 'Range V changed'
ptd-server 2022-02-17 13:34:39,617 [INFO] Sending to ptd: 'SR,A,Auto'
ptd-server 2022-02-17 13:34:40,119 [INFO] Reply from ptd: 'Range A changed'
ptd-server 2022-02-17 13:34:50,128 [INFO] Starting ranging mode
ptd-server 2022-02-17 13:34:50,128 [INFO] Sending to ptd: 'Go,1000,0,2022-02-17_13-34-21_ranging'
ptd-server 2022-02-17 13:34:50,128 [INFO] Reply from ptd: 'Starting untimed measurement, maximum 500000 samples at 1000ms with 0 rampup samples'
ptd-server 2022-02-17 13:34:50,129 [INFO] Sending reply to client 'OK'
ptd-server 2022-02-17 13:45:11,559 [INFO] Got command from the client 'session,2022-02-17_13-34-21,stop,ranging'
ptd-server 2022-02-17 13:45:21,570 [INFO] Sending to ptd: 'Stop'
ptd-server 2022-02-17 13:45:21,570 [INFO] Reply from ptd: 'Stopping untimed measurement'
ptd-server 2022-02-17 13:45:21,745 [INFO] Sending reply to client 'OK'
ptd-server 2022-02-17 13:45:21,835 [INFO] Got command from the client 'time'
ptd-server 2022-02-17 13:45:21,835 [INFO] Sending reply to client '1645105521.8359196'
ptd-server 2022-02-17 13:45:21,840 [INFO] Got command from the client 'session,2022-02-17_13-34-21,start,testing'
ptd-server 2022-02-17 13:45:21,840 [INFO] Sending to ptd: 'SR,V,250.240000'
ptd-server 2022-02-17 13:45:23,629 [INFO] Reply from ptd: 'Range V changed'
ptd-server 2022-02-17 13:45:23,630 [INFO] Sending to ptd: 'SR,A,0.068330'
ptd-server 2022-02-17 13:45:25,131 [INFO] Reply from ptd: 'Range A changed'
ptd-server 2022-02-17 13:45:35,141 [INFO] Starting testing mode
ptd-server 2022-02-17 13:45:35,141 [INFO] Sending to ptd: 'Go,1000,0,2022-02-17_13-34-21_testing'
ptd-server 2022-02-17 13:45:35,142 [INFO] Reply from ptd: 'Starting untimed measurement, maximum 500000 samples at 1000ms with 0 rampup samples'
ptd-server 2022-02-17 13:45:35,142 [INFO] Sending reply to client 'OK'
ptd-server 2022-02-17 13:55:57,438 [INFO] Got command from the client 'session,2022-02-17_13-34-21,stop,testing'
ptd-server 2022-02-17 13:56:07,444 [INFO] Sending to ptd: 'Stop'
ptd-server 2022-02-17 13:56:07,444 [INFO] Reply from ptd: 'Stopping untimed measurement'
ptd-server 2022-02-17 13:56:07,540 [INFO] Sending reply to client 'OK'
ptd-server 2022-02-17 13:56:07,575 [INFO] Got command from the client 'session,2022-02-17_13-34-21,done'
ptd-server 2022-02-17 13:56:07,576 [INFO] Sending to ptd: 'Stop'
ptd-server 2022-02-17 13:56:08,143 [INFO] Reply from ptd: 'Error: no measurement to stop'
ptd-server 2022-02-17 13:56:08,143 [INFO] Sending to ptd: 'SR,V,300.000000'
ptd-server 2022-02-17 13:56:09,644 [INFO] Reply from ptd: 'Range V changed'
ptd-server 2022-02-17 13:56:09,644 [INFO] Sending to ptd: 'SR,A,0.500000'
ptd-server 2022-02-17 13:56:11,146 [INFO] Reply from ptd: 'Range A changed'
ptd-server 2022-02-17 13:56:11,146 [INFO] Set initial values for Amps 0.500000 and Volts 300.000000
ptd-server 2022-02-17 13:56:11,146 [INFO] Stopping ptd...
