ptd-server 2022-02-20 03:20:55,286 [INFO] Got command from the client 'time'
ptd-server 2022-02-20 03:20:55,286 [INFO] Sending reply to client '1645327255.286243'
ptd-server 2022-02-20 03:20:55,287 [INFO] Got command from the client 'new,,465f4667-8988-4979-8705-8691bd8228ab'
ptd-server 2022-02-20 03:20:55,287 [INFO] Sending reply to client 'OK 2022-02-20_03-20-55,9c20b7b5-15fc-43d1-991f-fcadd569280c'
ptd-server 2022-02-20 03:20:55,320 [INFO] Got command from the client 'time'
ptd-server 2022-02-20 03:20:55,320 [INFO] Sending reply to client '1645327255.3204615'
ptd-server 2022-02-20 03:20:55,321 [INFO] Got command from the client 'session,2022-02-20_03-20-55,start,ranging'
ptd-server 2022-02-20 03:20:55,321 [INFO] Running PTDaemon: ['/home/anton/projects/mlperf/power/inference_v1.0/ptd-linux-x86', '-l', '/tmp/tmpgldyt7rr/ptd_logfile.txt', '-p', '8888', '49', '/dev/usbtmc0']
ptd-server 2022-02-20 03:21:12,494 [INFO] Sending to ptd: 'Hello'
ptd-server 2022-02-20 03:21:12,495 [INFO] Reply from ptd: 'Hello, PTDaemon here!'
ptd-server 2022-02-20 03:21:12,495 [INFO] Sending to ptd: 'Identify'
ptd-server 2022-02-20 03:21:12,496 [INFO] Reply from ptd: 'YokogawaWT310E,1000,1,1,1,1,0,1,1,version=1.9.2-e8c7a49a-20201208,OS=Linux 5.13.0-28-generic #31~20.04.1-Ubuntu SMP Wed Jan 19 14:08:10 UTC 2022 x86_64,mode=power,1,1,1,0,0,no_cal_date,YOKOGAWA;WT310E;C3XA04010E;F1.04'
ptd-server 2022-02-20 03:21:12,496 [INFO] Connected to PTDaemon
ptd-server 2022-02-20 03:21:12,496 [INFO] Sending to ptd: 'RR'
ptd-server 2022-02-20 03:21:12,496 [INFO] Reply from ptd: 'Ranges,0,0.500000,0,300.000000'
ptd-server 2022-02-20 03:21:12,496 [INFO] Initial range for Amps is 0.500000 for Volts is 300.000000
ptd-server 2022-02-20 03:21:12,496 [INFO] Sending to ptd: 'SR,V,Auto'
ptd-server 2022-02-20 03:21:12,999 [INFO] Reply from ptd: 'Range V changed'
ptd-server 2022-02-20 03:21:12,999 [INFO] Sending to ptd: 'SR,A,Auto'
ptd-server 2022-02-20 03:21:13,502 [INFO] Reply from ptd: 'Range A changed'
ptd-server 2022-02-20 03:21:23,512 [INFO] Starting ranging mode
ptd-server 2022-02-20 03:21:23,512 [INFO] Sending to ptd: 'Go,1000,0,2022-02-20_03-20-55_ranging'
ptd-server 2022-02-20 03:21:23,512 [INFO] Reply from ptd: 'Starting untimed measurement, maximum 500000 samples at 1000ms with 0 rampup samples'
ptd-server 2022-02-20 03:21:23,513 [INFO] Sending reply to client 'OK'
ptd-server 2022-02-20 03:31:44,816 [INFO] Got command from the client 'session,2022-02-20_03-20-55,stop,ranging'
ptd-server 2022-02-20 03:31:54,827 [INFO] Sending to ptd: 'Stop'
ptd-server 2022-02-20 03:31:54,827 [INFO] Reply from ptd: 'Stopping untimed measurement'
ptd-server 2022-02-20 03:31:55,263 [INFO] Sending reply to client 'OK'
ptd-server 2022-02-20 03:31:55,333 [INFO] Got command from the client 'time'
ptd-server 2022-02-20 03:31:55,333 [INFO] Sending reply to client '1645327915.333796'
ptd-server 2022-02-20 03:31:55,335 [INFO] Got command from the client 'session,2022-02-20_03-20-55,start,testing'
ptd-server 2022-02-20 03:31:55,335 [INFO] Sending to ptd: 'SR,V,250.520000'
ptd-server 2022-02-20 03:31:57,014 [INFO] Reply from ptd: 'Range V changed'
ptd-server 2022-02-20 03:31:57,014 [INFO] Sending to ptd: 'SR,A,0.067500'
ptd-server 2022-02-20 03:31:58,515 [INFO] Reply from ptd: 'Range A changed'
ptd-server 2022-02-20 03:32:08,526 [INFO] Starting testing mode
ptd-server 2022-02-20 03:32:08,526 [INFO] Sending to ptd: 'Go,1000,0,2022-02-20_03-20-55_testing'
ptd-server 2022-02-20 03:32:08,526 [INFO] Reply from ptd: 'Starting untimed measurement, maximum 500000 samples at 1000ms with 0 rampup samples'
ptd-server 2022-02-20 03:32:08,527 [INFO] Sending reply to client 'OK'
ptd-server 2022-02-20 03:42:30,668 [INFO] Got command from the client 'session,2022-02-20_03-20-55,stop,testing'
ptd-server 2022-02-20 03:42:40,678 [INFO] Sending to ptd: 'Stop'
ptd-server 2022-02-20 03:42:40,679 [INFO] Reply from ptd: 'Stopping untimed measurement'
ptd-server 2022-02-20 03:42:40,907 [INFO] Sending reply to client 'OK'
ptd-server 2022-02-20 03:42:40,927 [INFO] Got command from the client 'session,2022-02-20_03-20-55,done'
ptd-server 2022-02-20 03:42:40,927 [INFO] Sending to ptd: 'Stop'
ptd-server 2022-02-20 03:42:41,526 [INFO] Reply from ptd: 'Error: no measurement to stop'
ptd-server 2022-02-20 03:42:41,526 [INFO] Sending to ptd: 'SR,V,300.000000'
ptd-server 2022-02-20 03:42:43,028 [INFO] Reply from ptd: 'Range V changed'
ptd-server 2022-02-20 03:42:43,028 [INFO] Sending to ptd: 'SR,A,0.500000'
ptd-server 2022-02-20 03:42:44,529 [INFO] Reply from ptd: 'Range A changed'
ptd-server 2022-02-20 03:42:44,529 [INFO] Set initial values for Amps 0.500000 and Volts 300.000000
ptd-server 2022-02-20 03:42:44,530 [INFO] Stopping ptd...
