ptd-server 2022-02-24 11:20:14,123 [INFO] Got command from the client 'time'
ptd-server 2022-02-24 11:20:14,123 [INFO] Sending reply to client '1645701614.1234603'
ptd-server 2022-02-24 11:20:14,125 [INFO] Got command from the client 'new,,18289b2c-8a9b-481e-a752-eea34e9cd88f'
ptd-server 2022-02-24 11:20:14,126 [INFO] Sending reply to client 'OK 2022-02-24_11-20-14,79e687eb-ed4e-420d-82f0-704896dc5268'
ptd-server 2022-02-24 11:20:14,172 [INFO] Got command from the client 'time'
ptd-server 2022-02-24 11:20:14,172 [INFO] Sending reply to client '1645701614.172645'
ptd-server 2022-02-24 11:20:14,174 [INFO] Got command from the client 'session,2022-02-24_11-20-14,start,ranging'
ptd-server 2022-02-24 11:20:14,174 [INFO] Running PTDaemon: ['/home/anton/projects/mlperf/power/inference_v1.0/ptd-linux-x86', '-l', '/tmp/tmp0_fn53vp/ptd_logfile.txt', '-p', '8888', '49', '/dev/usbtmc0']
ptd-server 2022-02-24 11:20:31,349 [INFO] Sending to ptd: 'Hello'
ptd-server 2022-02-24 11:20:31,350 [INFO] Reply from ptd: 'Hello, PTDaemon here!'
ptd-server 2022-02-24 11:20:31,350 [INFO] Sending to ptd: 'Identify'
ptd-server 2022-02-24 11:20:31,350 [INFO] Reply from ptd: 'YokogawaWT310E,1000,1,1,1,1,0,1,1,version=1.9.2-e8c7a49a-20201208,OS=Linux 5.13.0-30-generic #33~20.04.1-Ubuntu SMP Mon Feb 7 14:25:10 UTC 2022 x86_64,mode=power,1,1,1,0,0,no_cal_date,YOKOGAWA;WT310E;C3XA04010E;F1.04'
ptd-server 2022-02-24 11:20:31,350 [INFO] Connected to PTDaemon
ptd-server 2022-02-24 11:20:31,351 [INFO] Sending to ptd: 'RR'
ptd-server 2022-02-24 11:20:31,351 [INFO] Reply from ptd: 'Ranges,0,0.500000,1,300.000000'
ptd-server 2022-02-24 11:20:31,351 [INFO] Initial range for Amps is 0.500000 for Volts is Auto
ptd-server 2022-02-24 11:20:31,351 [INFO] Sending to ptd: 'SR,V,Auto'
ptd-server 2022-02-24 11:20:31,854 [INFO] Reply from ptd: 'Range V changed'
ptd-server 2022-02-24 11:20:31,854 [INFO] Sending to ptd: 'SR,A,Auto'
ptd-server 2022-02-24 11:20:32,356 [INFO] Reply from ptd: 'Range A changed'
ptd-server 2022-02-24 11:20:42,367 [INFO] Starting ranging mode
ptd-server 2022-02-24 11:20:42,367 [INFO] Sending to ptd: 'Go,1000,0,2022-02-24_11-20-14_ranging'
ptd-server 2022-02-24 11:20:42,367 [INFO] Reply from ptd: 'Starting untimed measurement, maximum 500000 samples at 1000ms with 0 rampup samples'
ptd-server 2022-02-24 11:20:42,367 [INFO] Sending reply to client 'OK'
ptd-server 2022-02-24 11:31:05,183 [INFO] Got command from the client 'session,2022-02-24_11-20-14,stop,ranging'
ptd-server 2022-02-24 11:31:15,186 [INFO] Sending to ptd: 'Stop'
ptd-server 2022-02-24 11:31:15,186 [INFO] Reply from ptd: 'Stopping untimed measurement'
ptd-server 2022-02-24 11:31:15,301 [INFO] Sending reply to client 'OK'
ptd-server 2022-02-24 11:31:15,362 [INFO] Got command from the client 'time'
ptd-server 2022-02-24 11:31:15,362 [INFO] Sending reply to client '1645702275.362619'
ptd-server 2022-02-24 11:31:15,364 [INFO] Got command from the client 'session,2022-02-24_11-20-14,start,testing'
ptd-server 2022-02-24 11:31:15,364 [INFO] Sending to ptd: 'SR,V,250.800000'
ptd-server 2022-02-24 11:31:16,868 [INFO] Reply from ptd: 'Range V changed'
ptd-server 2022-02-24 11:31:16,868 [INFO] Sending to ptd: 'SR,A,0.043300'
ptd-server 2022-02-24 11:31:18,370 [INFO] Reply from ptd: 'Range A changed'
ptd-server 2022-02-24 11:31:28,380 [INFO] Starting testing mode
ptd-server 2022-02-24 11:31:28,380 [INFO] Sending to ptd: 'Go,1000,0,2022-02-24_11-20-14_testing'
ptd-server 2022-02-24 11:31:28,381 [INFO] Reply from ptd: 'Starting untimed measurement, maximum 500000 samples at 1000ms with 0 rampup samples'
ptd-server 2022-02-24 11:31:28,381 [INFO] Sending reply to client 'OK'
ptd-server 2022-02-24 11:41:50,991 [INFO] Got command from the client 'session,2022-02-24_11-20-14,stop,testing'
ptd-server 2022-02-24 11:42:01,001 [INFO] Sending to ptd: 'Stop'
ptd-server 2022-02-24 11:42:01,002 [INFO] Reply from ptd: 'Stopping untimed measurement'
ptd-server 2022-02-24 11:42:01,057 [INFO] Sending reply to client 'OK'
ptd-server 2022-02-24 11:42:01,079 [INFO] Got command from the client 'session,2022-02-24_11-20-14,done'
ptd-server 2022-02-24 11:42:01,079 [INFO] Sending to ptd: 'Stop'
ptd-server 2022-02-24 11:42:01,381 [INFO] Reply from ptd: 'Error: no measurement to stop'
ptd-server 2022-02-24 11:42:01,381 [INFO] Sending to ptd: 'SR,V,Auto'
ptd-server 2022-02-24 11:42:01,884 [INFO] Reply from ptd: 'Range V changed'
ptd-server 2022-02-24 11:42:01,884 [INFO] Sending to ptd: 'SR,A,0.500000'
ptd-server 2022-02-24 11:42:03,385 [INFO] Reply from ptd: 'Range A changed'
ptd-server 2022-02-24 11:42:03,386 [INFO] Set initial values for Amps 0.500000 and Volts Auto
ptd-server 2022-02-24 11:42:03,386 [INFO] Stopping ptd...
