ptd-server 2022-02-22 06:48:08,259 [INFO] Got command from the client 'stop'
ptd-server 2022-02-22 06:48:08,260 [INFO] The server will be stopped after processing this client
ptd-server 2022-02-22 06:48:08,260 [INFO] Sending reply to client 'OK'
ptd-server 2022-02-22 06:48:08,413 [INFO] Got command from the client 'time'
ptd-server 2022-02-22 06:48:08,414 [INFO] Sending reply to client '1645512488.414802'
ptd-server 2022-02-22 06:48:08,415 [INFO] Got command from the client 'new,,4854c703-d6d6-41a7-881b-0f08c848bd6e'
ptd-server 2022-02-22 06:48:08,415 [INFO] Sending reply to client 'OK 2022-02-22_06-48-08,6d4ce691-1290-43b5-bf8b-6155dea03659'
ptd-server 2022-02-22 06:48:08,554 [INFO] Got command from the client 'time'
ptd-server 2022-02-22 06:48:08,554 [INFO] Sending reply to client '1645512488.5540955'
ptd-server 2022-02-22 06:48:08,556 [INFO] Got command from the client 'session,2022-02-22_06-48-08,start,ranging'
ptd-server 2022-02-22 06:48:08,662 [INFO] Running PTDaemon: ['C:\\PTD\\ptd-windows-x86.exe', '-l', 'C:\\Users\\mlperf\\AppData\\Local\\Temp\\tmppn0jwuvm\\ptd_logfile.txt', '-p', '8888', '49', 'COM4']
ptd-server 2022-02-22 06:48:27,945 [INFO] Sending to ptd: 'Hello'
ptd-server 2022-02-22 06:48:27,951 [INFO] Reply from ptd: 'Hello, PTDaemon here!'
ptd-server 2022-02-22 06:48:27,952 [INFO] Sending to ptd: 'Identify'
ptd-server 2022-02-22 06:48:27,952 [INFO] Reply from ptd: 'YokogawaWT310E,1000,1,1,1,1,0,1,1,version=1.9.2-3976349f-20201208,OS=Windows 8 / Server 2012,mode=power,1,1,1,0,0,no_cal_date,YOKOGAWA;WT310E;C3TA11005E;F1.02'
ptd-server 2022-02-22 06:48:27,953 [INFO] Connected to PTDaemon
ptd-server 2022-02-22 06:48:27,953 [INFO] Sending to ptd: 'RR'
ptd-server 2022-02-22 06:48:27,954 [INFO] Reply from ptd: 'Ranges,0,10.000000,0,300.000000'
ptd-server 2022-02-22 06:48:27,955 [INFO] Initial range for Amps is 10.000000 for Volts is 300.000000
ptd-server 2022-02-22 06:48:27,955 [INFO] Sending to ptd: 'SR,V,Auto'
ptd-server 2022-02-22 06:48:28,521 [INFO] Reply from ptd: 'Range V changed'
ptd-server 2022-02-22 06:48:28,521 [INFO] Sending to ptd: 'SR,A,Auto'
ptd-server 2022-02-22 06:48:29,097 [INFO] Reply from ptd: 'Range A changed'
ptd-server 2022-02-22 06:48:39,116 [INFO] Starting ranging mode
ptd-server 2022-02-22 06:48:39,121 [INFO] Sending to ptd: 'Go,1000,0,2022-02-22_06-48-08_ranging'
ptd-server 2022-02-22 06:48:39,122 [INFO] Reply from ptd: 'Starting untimed measurement, maximum 500000 samples at 1000ms with 0 rampup samples'
ptd-server 2022-02-22 06:48:39,122 [INFO] Sending reply to client 'OK'
ptd-server 2022-02-22 06:58:49,996 [INFO] Got command from the client 'session,2022-02-22_06-48-08,stop,ranging'
ptd-server 2022-02-22 06:59:00,010 [INFO] Sending to ptd: 'Stop'
ptd-server 2022-02-22 06:59:00,015 [INFO] Reply from ptd: 'Stopping untimed measurement'
ptd-server 2022-02-22 06:59:00,041 [INFO] Sending reply to client 'OK'
ptd-server 2022-02-22 06:59:00,160 [INFO] Got command from the client 'time'
ptd-server 2022-02-22 06:59:00,160 [INFO] Sending reply to client '1645513140.160097'
ptd-server 2022-02-22 06:59:00,161 [INFO] Got command from the client 'session,2022-02-22_06-48-08,start,testing'
ptd-server 2022-02-22 06:59:00,162 [INFO] Sending to ptd: 'SR,V,218.340000'
ptd-server 2022-02-22 06:59:01,745 [INFO] Reply from ptd: 'Range V changed'
ptd-server 2022-02-22 06:59:01,745 [INFO] Sending to ptd: 'SR,A,2.501100'
ptd-server 2022-02-22 06:59:03,333 [INFO] Reply from ptd: 'Range A changed'
ptd-server 2022-02-22 06:59:13,342 [INFO] Starting testing mode
ptd-server 2022-02-22 06:59:13,347 [INFO] Sending to ptd: 'Go,1000,0,2022-02-22_06-48-08_testing'
ptd-server 2022-02-22 06:59:13,348 [INFO] Reply from ptd: 'Starting untimed measurement, maximum 500000 samples at 1000ms with 0 rampup samples'
ptd-server 2022-02-22 06:59:13,348 [INFO] Sending reply to client 'OK'
ptd-server 2022-02-22 07:09:23,992 [INFO] Got command from the client 'session,2022-02-22_06-48-08,stop,testing'
ptd-server 2022-02-22 07:09:34,006 [INFO] Sending to ptd: 'Stop'
ptd-server 2022-02-22 07:09:34,011 [INFO] Reply from ptd: 'Stopping untimed measurement'
ptd-server 2022-02-22 07:09:34,022 [INFO] Sending reply to client 'OK'
ptd-server 2022-02-22 07:09:34,031 [INFO] Got command from the client 'session,2022-02-22_06-48-08,done'
ptd-server 2022-02-22 07:09:34,031 [INFO] Sending to ptd: 'Stop'
ptd-server 2022-02-22 07:09:34,357 [INFO] Reply from ptd: 'Error: no measurement to stop'
ptd-server 2022-02-22 07:09:34,357 [INFO] Sending to ptd: 'SR,V,300.000000'
ptd-server 2022-02-22 07:09:35,943 [INFO] Reply from ptd: 'Range V changed'
ptd-server 2022-02-22 07:09:35,944 [INFO] Sending to ptd: 'SR,A,10.000000'
ptd-server 2022-02-22 07:09:37,523 [INFO] Reply from ptd: 'Range A changed'
ptd-server 2022-02-22 07:09:37,527 [INFO] Set initial values for Amps 10.000000 and Volts 300.000000
ptd-server 2022-02-22 07:09:37,528 [INFO] Stopping ptd...
