client 2022-02-16 13:54:49,997 [INFO] Sending command to the server: 'mlcommons/power client v3'
client 2022-02-16 13:54:49,998 [INFO] Got response: 'mlcommons/power server v3'
client 2022-02-16 13:54:49,998 [INFO] Sending command to the server: 'stop'
client 2022-02-16 13:54:49,999 [INFO] Got response: 'OK'
client 2022-02-16 13:54:49,999 [INFO] Synchronizing with the server and with ib-01.dc4-in.nvidia.com...
client 2022-02-16 13:54:50,210 [INFO] NTP:offset = 0.056 s, delay = 0.208 s 
client 2022-02-16 13:54:50,210 [INFO] Sending command to the server: 'time'
client 2022-02-16 13:54:50,211 [INFO] Got response: '1645019690.2524512'
client 2022-02-16 13:54:50,211 [INFO] The time difference between the client and the server is within range -41.801 ms..-40.772 ms
client 2022-02-16 13:54:50,211 [INFO] Sending command to the server: 'new,,0c60dd24-6bd8-4b96-9678-087f3e0d5c1e'
client 2022-02-16 13:54:50,212 [INFO] Got response: 'OK 2022-02-16_05-54-50,321fb8bf-eb74-4631-bef3-ed3abf377b7e'
client 2022-02-16 13:54:50,213 [INFO] Session id is '2022-02-16_05-54-50'
client 2022-02-16 13:54:50,213 [INFO] Sources: {"sources": {"__init__.py": "da39a3ee5e6b4b0d3255bfef95601890afd80709", "client.py": "33ca4f26368777ac06e01f9567b714a4b8063886", "lib/__init__.py": "da39a3ee5e6b4b0d3255bfef95601890afd80709", "lib/client.py": "4c2b78fb4849a7e5b584ef792d82aaed20b17f57", "lib/common.py": "624d0c0acc7c39aaff3674f0b99d6a09da53d1dc", "lib/external/__init__.py": "da39a3ee5e6b4b0d3255bfef95601890afd80709", "lib/external/ntplib.py": "4da8f970656505a40483206ef2b5d3dd5e81711d", "lib/server.py": "59c9fb92908260d3e9f81a895c7aa009742275e4", "lib/source_hashes.py": "60a2e02193209e8d392803326208d5466342da18", "lib/summary.py": "aa92f0a3f975eecd44d3c0cd0236342ccc9f941d", "lib/time_sync.py": "3210db56eb0ff0df57bf4293dc4d4b03fffd46f1", "server.py": "c3f90f2f7eeb4db30727556d0c815ebc89b3d28b", "tests/unit/__init__.py": "da39a3ee5e6b4b0d3255bfef95601890afd80709", "tests/unit/test_server.py": "99ae15aef722f2000ee6ed1ae1523637bf1ae42b", "tests/unit/test_source_hashes.py": "00468a2907583c593e6574a1f6b404e4651c221a"}, "modules": {"ptd_client_server.lib.client": "lib/client.py", "ptd_client_server.lib.common": "lib/common.py", "ptd_client_server.lib.external.ntplib": "lib/external/ntplib.py", "ptd_client_server.lib.source_hashes": "lib/source_hashes.py", "ptd_client_server.lib.summary": "lib/summary.py", "ptd_client_server.lib.time_sync": "lib/time_sync.py"}}
client 2022-02-16 13:54:50,215 [INFO] Running workload in ranging mode
client 2022-02-16 13:54:50,215 [INFO] Synchronizing with the server and with ib-01.dc4-in.nvidia.com...
client 2022-02-16 13:54:50,424 [INFO] NTP:offset = 0.056 s, delay = 0.208 s 
client 2022-02-16 13:54:50,424 [INFO] Sending command to the server: 'time'
client 2022-02-16 13:54:50,425 [INFO] Got response: '1645019690.4657838'
client 2022-02-16 13:54:50,425 [INFO] The time difference between the client and the server is within range -41.707 ms..-40.468 ms
client 2022-02-16 13:54:50,425 [INFO] Sending command to the server: 'session,2022-02-16_05-54-50,start,ranging'
client 2022-02-16 13:55:29,870 [INFO] Got response: 'OK'
client 2022-02-16 13:55:29,870 [INFO] Running the workload 'LOG_DIR=/work/build/power_logs_temp python3 code/main.py --benchmarks=resnet50 --scenarios=Offline --test_mode=PerformanceOnly --config_ver=maxq --action="run_harness" \\\n\t\t2>&1 | tee -a /work/build/power_logs/2022.02.16-13.54.32/stdout.txt \\\n\t\t&& if [ ! -d /work/build/power_logs/2022.02.16-13.54.32/ranging_tmp ]; \\\n\t\t\tthen mkdir /work/build/power_logs/2022.02.16-13.54.32/ranging_tmp \\\n\t\t\t\t&& mv /work/build/power_logs_temp/* /work/build/power_logs/2022.02.16-13.54.32/ranging_tmp/ \\\n\t\t\t\t&& cp -v /work/build/power_logs/2022.02.16-13.54.32/ranging_tmp/*/*/*/mlperf_log_detail.txt /work/build/power_logs_temp/ \\\n\t\t\t\t&& cp -v /work/build/power_logs/2022.02.16-13.54.32/ranging_tmp/*/*/*/mlperf_log_summary.txt /work/build/power_logs_temp/; \\\n\t\t\telse mkdir /work/build/power_logs/2022.02.16-13.54.32/testing_tmp \\\n\t\t\t\t&& mv /work/build/power_logs_temp/* /work/build/power_logs/2022.02.16-13.54.32/testing_tmp/ \\\n\t\t\t\t&& cp -v /work/build/power_logs/2022.02.16-13.54.32/testing_tmp/*/*/*/mlperf_log_detail.txt /work/build/power_logs_temp/ \\\n\t\t\t\t&& cp -v /work/build/power_logs/2022.02.16-13.54.32/testing_tmp/*/*/*/mlperf_log_summary.txt /work/build/power_logs_temp/; fi'
client 2022-02-16 14:09:26,738 [INFO] Sending command to the server: 'session,2022-02-16_05-54-50,stop,ranging'
client 2022-02-16 14:09:36,807 [INFO] Got response: 'OK'
client 2022-02-16 14:09:36,816 [INFO] Copying loadgen logs from '/work/build/power_logs_temp' to '/work/build/power_logs/2022.02.16-13.54.32/2022-02-16_05-54-50/ranging'
client 2022-02-16 14:09:36,828 [INFO] Running workload in testing mode
client 2022-02-16 14:09:36,828 [INFO] Synchronizing with the server and with ib-01.dc4-in.nvidia.com...
client 2022-02-16 14:09:37,037 [INFO] NTP:offset = 0.068 s, delay = 0.208 s 
client 2022-02-16 14:09:37,037 [INFO] Sending command to the server: 'time'
client 2022-02-16 14:09:37,038 [INFO] Got response: '1645020577.0944414'
client 2022-02-16 14:09:37,038 [INFO] The time difference between the client and the server is within range -56.748 ms..-55.576 ms
client 2022-02-16 14:09:37,038 [INFO] Sending command to the server: 'session,2022-02-16_05-54-50,start,testing'
client 2022-02-16 14:09:58,746 [INFO] Got response: 'OK'
client 2022-02-16 14:09:58,746 [INFO] Running the workload 'LOG_DIR=/work/build/power_logs_temp python3 code/main.py --benchmarks=resnet50 --scenarios=Offline --test_mode=PerformanceOnly --config_ver=maxq --action="run_harness" \\\n\t\t2>&1 | tee -a /work/build/power_logs/2022.02.16-13.54.32/stdout.txt \\\n\t\t&& if [ ! -d /work/build/power_logs/2022.02.16-13.54.32/ranging_tmp ]; \\\n\t\t\tthen mkdir /work/build/power_logs/2022.02.16-13.54.32/ranging_tmp \\\n\t\t\t\t&& mv /work/build/power_logs_temp/* /work/build/power_logs/2022.02.16-13.54.32/ranging_tmp/ \\\n\t\t\t\t&& cp -v /work/build/power_logs/2022.02.16-13.54.32/ranging_tmp/*/*/*/mlperf_log_detail.txt /work/build/power_logs_temp/ \\\n\t\t\t\t&& cp -v /work/build/power_logs/2022.02.16-13.54.32/ranging_tmp/*/*/*/mlperf_log_summary.txt /work/build/power_logs_temp/; \\\n\t\t\telse mkdir /work/build/power_logs/2022.02.16-13.54.32/testing_tmp \\\n\t\t\t\t&& mv /work/build/power_logs_temp/* /work/build/power_logs/2022.02.16-13.54.32/testing_tmp/ \\\n\t\t\t\t&& cp -v /work/build/power_logs/2022.02.16-13.54.32/testing_tmp/*/*/*/mlperf_log_detail.txt /work/build/power_logs_temp/ \\\n\t\t\t\t&& cp -v /work/build/power_logs/2022.02.16-13.54.32/testing_tmp/*/*/*/mlperf_log_summary.txt /work/build/power_logs_temp/; fi'
client 2022-02-16 14:23:52,551 [INFO] Sending command to the server: 'session,2022-02-16_05-54-50,stop,testing'
client 2022-02-16 14:24:02,582 [INFO] Got response: 'OK'
client 2022-02-16 14:24:02,587 [INFO] Copying loadgen logs from '/work/build/power_logs_temp' to '/work/build/power_logs/2022.02.16-13.54.32/2022-02-16_05-54-50/run_1'
client 2022-02-16 14:24:02,601 [INFO] Done runs
