ptd-server 2022-02-16 05:54:50,033 [INFO] Got command from the client 'stop'
ptd-server 2022-02-16 05:54:50,033 [INFO] The server will be stopped after processing this client
ptd-server 2022-02-16 05:54:50,033 [INFO] Sending reply to client 'OK'
ptd-server 2022-02-16 05:54:50,252 [INFO] Got command from the client 'time'
ptd-server 2022-02-16 05:54:50,252 [INFO] Sending reply to client '1645019690.2524512'
ptd-server 2022-02-16 05:54:50,252 [INFO] Got command from the client 'new,,0c60dd24-6bd8-4b96-9678-087f3e0d5c1e'
ptd-server 2022-02-16 05:54:50,252 [INFO] Sending reply to client 'OK 2022-02-16_05-54-50,321fb8bf-eb74-4631-bef3-ed3abf377b7e'
ptd-server 2022-02-16 05:54:50,465 [INFO] Got command from the client 'time'
ptd-server 2022-02-16 05:54:50,465 [INFO] Sending reply to client '1645019690.4657838'
ptd-server 2022-02-16 05:54:50,465 [INFO] Got command from the client 'session,2022-02-16_05-54-50,start,ranging'
ptd-server 2022-02-16 05:54:50,575 [INFO] Running PTDaemon: ['C:\\PTD\\ptd-windows-x86.exe', '-l', 'C:\\Users\\lab\\AppData\\Local\\Temp\\tmp6bm7d1kl\\ptd_logfile.txt', '-p', '8888', '-c', '1,3', '-y', '77', '10.34.232.250']
ptd-server 2022-02-16 05:55:09,736 [INFO] Sending to ptd: 'Hello'
ptd-server 2022-02-16 05:55:09,736 [INFO] Reply from ptd: 'Hello, PTDaemon here!'
ptd-server 2022-02-16 05:55:09,736 [INFO] Sending to ptd: 'Identify'
ptd-server 2022-02-16 05:55:09,736 [INFO] Reply from ptd: 'YokogawaWT330_multichannel,1000,1,1,1,1,0,0,1,version=1.9.2-3976349f-20201208,OS=Windows 8 / Server 2012,mode=power,1,1,2,0,0,no_cal_date,YOKOGAWA;WT333E;C2WA21018V;F1.04'
ptd-server 2022-02-16 05:55:09,736 [INFO] Connected to PTDaemon
ptd-server 2022-02-16 05:55:09,736 [INFO] Sending to ptd: 'RR'
ptd-server 2022-02-16 05:55:09,736 [INFO] Reply from ptd: 'Ranges,0,20.000000,1,300.000000'
ptd-server 2022-02-16 05:55:09,736 [INFO] Initial range for Amps is 20.000000 for Volts is Auto
ptd-server 2022-02-16 05:55:09,736 [INFO] Sending to ptd: 'SR,V,Auto'
ptd-server 2022-02-16 05:55:14,814 [INFO] Reply from ptd: 'Range V changed'
ptd-server 2022-02-16 05:55:14,814 [INFO] Sending to ptd: 'SR,A,Auto'
ptd-server 2022-02-16 05:55:19,893 [INFO] Reply from ptd: 'Range A changed'
ptd-server 2022-02-16 05:55:29,908 [INFO] Starting ranging mode
ptd-server 2022-02-16 05:55:29,908 [INFO] Sending to ptd: 'Go,1000,0,2022-02-16_05-54-50_ranging'
ptd-server 2022-02-16 05:55:29,908 [INFO] Reply from ptd: 'Starting untimed measurement, maximum 500000 samples at 1000ms with 0 rampup samples'
ptd-server 2022-02-16 05:55:29,908 [INFO] Sending reply to client 'OK'
ptd-server 2022-02-16 06:09:26,782 [INFO] Got command from the client 'session,2022-02-16_05-54-50,stop,ranging'
ptd-server 2022-02-16 06:09:36,812 [INFO] Sending to ptd: 'Stop'
ptd-server 2022-02-16 06:09:36,812 [INFO] Reply from ptd: 'Stopping untimed measurement'
ptd-server 2022-02-16 06:09:36,859 [INFO] Sending reply to client 'OK'
ptd-server 2022-02-16 06:09:37,094 [INFO] Got command from the client 'time'
ptd-server 2022-02-16 06:09:37,094 [INFO] Sending reply to client '1645020577.0944414'
ptd-server 2022-02-16 06:09:37,094 [INFO] Got command from the client 'session,2022-02-16_05-54-50,start,testing'
ptd-server 2022-02-16 06:09:37,094 [INFO] Sending to ptd: 'SR,V,209.070000'
ptd-server 2022-02-16 06:09:43,187 [INFO] Reply from ptd: 'Range V changed'
ptd-server 2022-02-16 06:09:43,187 [INFO] Sending to ptd: 'SR,A,5.492600'
ptd-server 2022-02-16 06:09:48,782 [INFO] Reply from ptd: 'Range A changed'
ptd-server 2022-02-16 06:09:58,796 [INFO] Starting testing mode
ptd-server 2022-02-16 06:09:58,796 [INFO] Sending to ptd: 'Go,1000,0,2022-02-16_05-54-50_testing'
ptd-server 2022-02-16 06:09:58,796 [INFO] Reply from ptd: 'Starting untimed measurement, maximum 500000 samples at 1000ms with 0 rampup samples'
ptd-server 2022-02-16 06:09:58,796 [INFO] Sending reply to client 'OK'
ptd-server 2022-02-16 06:23:52,619 [INFO] Got command from the client 'session,2022-02-16_05-54-50,stop,testing'
ptd-server 2022-02-16 06:24:02,623 [INFO] Sending to ptd: 'Stop'
ptd-server 2022-02-16 06:24:02,623 [INFO] Reply from ptd: 'Stopping untimed measurement'
ptd-server 2022-02-16 06:24:02,639 [INFO] Sending reply to client 'OK'
ptd-server 2022-02-16 06:24:02,701 [INFO] Got command from the client 'session,2022-02-16_05-54-50,done'
ptd-server 2022-02-16 06:24:02,701 [INFO] Sending to ptd: 'Stop'
ptd-server 2022-02-16 06:24:02,811 [INFO] Reply from ptd: 'Error: no measurement to stop'
ptd-server 2022-02-16 06:24:02,811 [INFO] Sending to ptd: 'SR,V,Auto'
ptd-server 2022-02-16 06:24:07,888 [INFO] Reply from ptd: 'Range V changed'
ptd-server 2022-02-16 06:24:07,888 [INFO] Sending to ptd: 'SR,A,20.000000'
ptd-server 2022-02-16 06:24:13,469 [INFO] Reply from ptd: 'Range A changed'
ptd-server 2022-02-16 06:24:13,469 [INFO] Set initial values for Amps 20.000000 and Volts Auto
ptd-server 2022-02-16 06:24:13,469 [INFO] Stopping ptd...
