ptd-server 2022-02-15 17:36:50,644 [INFO] Got command from the client 'time'
ptd-server 2022-02-15 17:36:50,644 [INFO] Sending reply to client '1644946610.644362'
ptd-server 2022-02-15 17:36:50,646 [INFO] Got command from the client 'new,,2b4be3a3-e39f-4bbb-8ca5-89b837678f5a'
ptd-server 2022-02-15 17:36:50,647 [INFO] Sending reply to client 'OK 2022-02-15_17-36-50,34c780fc-eaa9-43ce-a17d-62ac84677a7a'
ptd-server 2022-02-15 17:36:50,689 [INFO] Got command from the client 'time'
ptd-server 2022-02-15 17:36:50,689 [INFO] Sending reply to client '1644946610.6892395'
ptd-server 2022-02-15 17:36:50,691 [INFO] Got command from the client 'session,2022-02-15_17-36-50,start,ranging'
ptd-server 2022-02-15 17:36:50,691 [INFO] Running PTDaemon: ['/home/anton/projects/mlperf/power/inference_v1.0/ptd-linux-x86', '-l', '/tmp/tmpxvec0g6h/ptd_logfile.txt', '-p', '8888', '49', '/dev/usbtmc0']
ptd-server 2022-02-15 17:37:07,864 [INFO] Sending to ptd: 'Hello'
ptd-server 2022-02-15 17:37:07,865 [INFO] Reply from ptd: 'Hello, PTDaemon here!'
ptd-server 2022-02-15 17:37:07,865 [INFO] Sending to ptd: 'Identify'
ptd-server 2022-02-15 17:37:07,865 [INFO] Reply from ptd: 'YokogawaWT310E,1000,1,1,1,1,0,1,1,version=1.9.2-e8c7a49a-20201208,OS=Linux 5.13.0-27-generic #29~20.04.1-Ubuntu SMP Fri Jan 14 00:32:30 UTC 2022 x86_64,mode=power,1,1,1,0,0,no_cal_date,YOKOGAWA;WT310E;C3XA04010E;F1.04'
ptd-server 2022-02-15 17:37:07,865 [INFO] Connected to PTDaemon
ptd-server 2022-02-15 17:37:07,865 [INFO] Sending to ptd: 'RR'
ptd-server 2022-02-15 17:37:07,866 [INFO] Reply from ptd: 'Ranges,0,0.500000,0,300.000000'
ptd-server 2022-02-15 17:37:07,866 [INFO] Initial range for Amps is 0.500000 for Volts is 300.000000
ptd-server 2022-02-15 17:37:07,866 [INFO] Sending to ptd: 'SR,V,Auto'
ptd-server 2022-02-15 17:37:08,369 [INFO] Reply from ptd: 'Range V changed'
ptd-server 2022-02-15 17:37:08,369 [INFO] Sending to ptd: 'SR,A,Auto'
ptd-server 2022-02-15 17:37:08,871 [INFO] Reply from ptd: 'Range A changed'
ptd-server 2022-02-15 17:37:18,882 [INFO] Starting ranging mode
ptd-server 2022-02-15 17:37:18,882 [INFO] Sending to ptd: 'Go,1000,0,2022-02-15_17-36-50_ranging'
ptd-server 2022-02-15 17:37:18,882 [INFO] Reply from ptd: 'Starting untimed measurement, maximum 500000 samples at 1000ms with 0 rampup samples'
ptd-server 2022-02-15 17:37:18,882 [INFO] Sending reply to client 'OK'
ptd-server 2022-02-15 17:47:38,547 [INFO] Got command from the client 'session,2022-02-15_17-36-50,stop,ranging'
ptd-server 2022-02-15 17:47:48,556 [INFO] Sending to ptd: 'Stop'
ptd-server 2022-02-15 17:47:48,556 [INFO] Reply from ptd: 'Stopping untimed measurement'
ptd-server 2022-02-15 17:47:49,438 [INFO] Sending reply to client 'OK'
ptd-server 2022-02-15 17:47:49,496 [INFO] Got command from the client 'time'
ptd-server 2022-02-15 17:47:49,496 [INFO] Sending reply to client '1644947269.496532'
ptd-server 2022-02-15 17:47:49,499 [INFO] Got command from the client 'session,2022-02-15_17-36-50,start,testing'
ptd-server 2022-02-15 17:47:49,499 [INFO] Sending to ptd: 'SR,V,250.430000'
ptd-server 2022-02-15 17:47:51,000 [INFO] Reply from ptd: 'Range V changed'
ptd-server 2022-02-15 17:47:51,000 [INFO] Sending to ptd: 'SR,A,0.196240'
ptd-server 2022-02-15 17:47:52,502 [INFO] Reply from ptd: 'Range A changed'
ptd-server 2022-02-15 17:48:02,512 [INFO] Starting testing mode
ptd-server 2022-02-15 17:48:02,512 [INFO] Sending to ptd: 'Go,1000,0,2022-02-15_17-36-50_testing'
ptd-server 2022-02-15 17:48:02,513 [INFO] Reply from ptd: 'Starting untimed measurement, maximum 500000 samples at 1000ms with 0 rampup samples'
ptd-server 2022-02-15 17:48:02,513 [INFO] Sending reply to client 'OK'
ptd-server 2022-02-15 17:58:22,141 [INFO] Got command from the client 'session,2022-02-15_17-36-50,stop,testing'
ptd-server 2022-02-15 17:58:32,151 [INFO] Sending to ptd: 'Stop'
ptd-server 2022-02-15 17:58:32,152 [INFO] Reply from ptd: 'Stopping untimed measurement'
ptd-server 2022-02-15 17:58:32,598 [INFO] Sending reply to client 'OK'
ptd-server 2022-02-15 17:58:32,617 [INFO] Got command from the client 'session,2022-02-15_17-36-50,done'
ptd-server 2022-02-15 17:58:32,617 [INFO] Sending to ptd: 'Stop'
ptd-server 2022-02-15 17:58:32,617 [INFO] Reply from ptd: 'Error: no measurement to stop'
ptd-server 2022-02-15 17:58:32,617 [INFO] Sending to ptd: 'SR,V,300.000000'
ptd-server 2022-02-15 17:58:34,119 [INFO] Reply from ptd: 'Range V changed'
ptd-server 2022-02-15 17:58:34,119 [INFO] Sending to ptd: 'SR,A,0.500000'
ptd-server 2022-02-15 17:58:35,620 [INFO] Reply from ptd: 'Range A changed'
ptd-server 2022-02-15 17:58:35,621 [INFO] Set initial values for Amps 0.500000 and Volts 300.000000
ptd-server 2022-02-15 17:58:35,621 [INFO] Stopping ptd...
