ptd-server 2022-02-22 08:52:55,714 [INFO] Got command from the client 'time'
ptd-server 2022-02-22 08:52:55,714 [INFO] Sending reply to client '1645519975.7144918'
ptd-server 2022-02-22 08:52:55,716 [INFO] Got command from the client 'new,,fd8ff417-e918-4789-9aef-a3cd1ae3edda'
ptd-server 2022-02-22 08:52:55,716 [INFO] Sending reply to client 'OK 2022-02-22_08-52-55,ffa1424f-d7a5-48dd-86b5-3bc8b7acb12e'
ptd-server 2022-02-22 08:52:55,754 [INFO] Got command from the client 'time'
ptd-server 2022-02-22 08:52:55,754 [INFO] Sending reply to client '1645519975.7549517'
ptd-server 2022-02-22 08:52:55,756 [INFO] Got command from the client 'session,2022-02-22_08-52-55,start,ranging'
ptd-server 2022-02-22 08:52:55,757 [INFO] Running PTDaemon: ['/home/anton/projects/mlperf/power/inference_v1.0/ptd-linux-x86', '-l', '/tmp/tmpgldyt7rr/ptd_logfile.txt', '-p', '8888', '49', '/dev/usbtmc0']
ptd-server 2022-02-22 08:53:12,930 [INFO] Sending to ptd: 'Hello'
ptd-server 2022-02-22 08:53:12,930 [INFO] Reply from ptd: 'Hello, PTDaemon here!'
ptd-server 2022-02-22 08:53:12,931 [INFO] Sending to ptd: 'Identify'
ptd-server 2022-02-22 08:53:12,931 [INFO] Reply from ptd: 'YokogawaWT310E,1000,1,1,1,1,0,1,1,version=1.9.2-e8c7a49a-20201208,OS=Linux 5.13.0-28-generic #31~20.04.1-Ubuntu SMP Wed Jan 19 14:08:10 UTC 2022 x86_64,mode=power,1,1,1,0,0,no_cal_date,YOKOGAWA;WT310E;C3XA04010E;F1.04'
ptd-server 2022-02-22 08:53:12,931 [INFO] Connected to PTDaemon
ptd-server 2022-02-22 08:53:12,931 [INFO] Sending to ptd: 'RR'
ptd-server 2022-02-22 08:53:12,931 [INFO] Reply from ptd: 'Ranges,0,0.500000,0,300.000000'
ptd-server 2022-02-22 08:53:12,932 [INFO] Initial range for Amps is 0.500000 for Volts is 300.000000
ptd-server 2022-02-22 08:53:12,932 [INFO] Sending to ptd: 'SR,V,Auto'
ptd-server 2022-02-22 08:53:13,434 [INFO] Reply from ptd: 'Range V changed'
ptd-server 2022-02-22 08:53:13,434 [INFO] Sending to ptd: 'SR,A,Auto'
ptd-server 2022-02-22 08:53:13,937 [INFO] Reply from ptd: 'Range A changed'
ptd-server 2022-02-22 08:53:23,944 [INFO] Starting ranging mode
ptd-server 2022-02-22 08:53:23,944 [INFO] Sending to ptd: 'Go,1000,0,2022-02-22_08-52-55_ranging'
ptd-server 2022-02-22 08:53:23,944 [INFO] Reply from ptd: 'Starting untimed measurement, maximum 500000 samples at 1000ms with 0 rampup samples'
ptd-server 2022-02-22 08:53:23,944 [INFO] Sending reply to client 'OK'
ptd-server 2022-02-22 09:03:53,345 [INFO] Got command from the client 'session,2022-02-22_08-52-55,stop,ranging'
ptd-server 2022-02-22 09:04:03,355 [INFO] Sending to ptd: 'Stop'
ptd-server 2022-02-22 09:04:03,356 [INFO] Reply from ptd: 'Stopping untimed measurement'
ptd-server 2022-02-22 09:04:04,073 [INFO] Sending reply to client 'OK'
ptd-server 2022-02-22 09:04:04,133 [INFO] Got command from the client 'time'
ptd-server 2022-02-22 09:04:04,134 [INFO] Sending reply to client '1645520644.1340232'
ptd-server 2022-02-22 09:04:04,135 [INFO] Got command from the client 'session,2022-02-22_08-52-55,start,testing'
ptd-server 2022-02-22 09:04:04,135 [INFO] Sending to ptd: 'SR,V,253.530000'
ptd-server 2022-02-22 09:04:05,637 [INFO] Reply from ptd: 'Range V changed'
ptd-server 2022-02-22 09:04:05,637 [INFO] Sending to ptd: 'SR,A,0.055350'
ptd-server 2022-02-22 09:04:07,138 [INFO] Reply from ptd: 'Range A changed'
ptd-server 2022-02-22 09:04:17,149 [INFO] Starting testing mode
ptd-server 2022-02-22 09:04:17,149 [INFO] Sending to ptd: 'Go,1000,0,2022-02-22_08-52-55_testing'
ptd-server 2022-02-22 09:04:17,149 [INFO] Reply from ptd: 'Starting untimed measurement, maximum 500000 samples at 1000ms with 0 rampup samples'
ptd-server 2022-02-22 09:04:17,149 [INFO] Sending reply to client 'OK'
ptd-server 2022-02-22 09:14:46,513 [INFO] Got command from the client 'session,2022-02-22_08-52-55,stop,testing'
ptd-server 2022-02-22 09:14:56,523 [INFO] Sending to ptd: 'Stop'
ptd-server 2022-02-22 09:14:56,524 [INFO] Reply from ptd: 'Stopping untimed measurement'
ptd-server 2022-02-22 09:14:56,901 [INFO] Sending reply to client 'OK'
ptd-server 2022-02-22 09:14:56,920 [INFO] Got command from the client 'session,2022-02-22_08-52-55,done'
ptd-server 2022-02-22 09:14:56,921 [INFO] Sending to ptd: 'Stop'
ptd-server 2022-02-22 09:14:57,150 [INFO] Reply from ptd: 'Error: no measurement to stop'
ptd-server 2022-02-22 09:14:57,150 [INFO] Sending to ptd: 'SR,V,300.000000'
ptd-server 2022-02-22 09:14:58,651 [INFO] Reply from ptd: 'Range V changed'
ptd-server 2022-02-22 09:14:58,651 [INFO] Sending to ptd: 'SR,A,0.500000'
ptd-server 2022-02-22 09:15:00,153 [INFO] Reply from ptd: 'Range A changed'
ptd-server 2022-02-22 09:15:00,153 [INFO] Set initial values for Amps 0.500000 and Volts 300.000000
ptd-server 2022-02-22 09:15:00,153 [INFO] Stopping ptd...
