ptd-server 2022-02-16 19:25:29,626 [INFO] Got command from the client 'time'
ptd-server 2022-02-16 19:25:29,626 [INFO] Sending reply to client '1645039529.6262019'
ptd-server 2022-02-16 19:25:29,627 [INFO] Got command from the client 'new,,a82dfea4-4ffd-460c-bcbe-46fee8eb8cd3'
ptd-server 2022-02-16 19:25:29,627 [INFO] Sending reply to client 'OK 2022-02-16_19-25-29,ac4f2f8d-f208-443b-9ea4-d1e6434eed3e'
ptd-server 2022-02-16 19:25:29,668 [INFO] Got command from the client 'time'
ptd-server 2022-02-16 19:25:29,668 [INFO] Sending reply to client '1645039529.668843'
ptd-server 2022-02-16 19:25:29,670 [INFO] Got command from the client 'session,2022-02-16_19-25-29,start,ranging'
ptd-server 2022-02-16 19:25:29,670 [INFO] Running PTDaemon: ['/home/anton/projects/mlperf/power/inference_v1.0/ptd-linux-x86', '-l', '/tmp/tmpgldyt7rr/ptd_logfile.txt', '-p', '8888', '49', '/dev/usbtmc0']
ptd-server 2022-02-16 19:25:46,842 [INFO] Sending to ptd: 'Hello'
ptd-server 2022-02-16 19:25:46,843 [INFO] Reply from ptd: 'Hello, PTDaemon here!'
ptd-server 2022-02-16 19:25:46,843 [INFO] Sending to ptd: 'Identify'
ptd-server 2022-02-16 19:25:46,843 [INFO] Reply from ptd: 'YokogawaWT310E,1000,1,1,1,1,0,1,1,version=1.9.2-e8c7a49a-20201208,OS=Linux 5.13.0-28-generic #31~20.04.1-Ubuntu SMP Wed Jan 19 14:08:10 UTC 2022 x86_64,mode=power,1,1,1,0,0,no_cal_date,YOKOGAWA;WT310E;C3XA04010E;F1.04'
ptd-server 2022-02-16 19:25:46,843 [INFO] Connected to PTDaemon
ptd-server 2022-02-16 19:25:46,844 [INFO] Sending to ptd: 'RR'
ptd-server 2022-02-16 19:25:46,844 [INFO] Reply from ptd: 'Ranges,0,0.500000,0,300.000000'
ptd-server 2022-02-16 19:25:46,844 [INFO] Initial range for Amps is 0.500000 for Volts is 300.000000
ptd-server 2022-02-16 19:25:46,844 [INFO] Sending to ptd: 'SR,V,Auto'
ptd-server 2022-02-16 19:25:47,347 [INFO] Reply from ptd: 'Range V changed'
ptd-server 2022-02-16 19:25:47,347 [INFO] Sending to ptd: 'SR,A,Auto'
ptd-server 2022-02-16 19:25:47,849 [INFO] Reply from ptd: 'Range A changed'
ptd-server 2022-02-16 19:25:57,860 [INFO] Starting ranging mode
ptd-server 2022-02-16 19:25:57,860 [INFO] Sending to ptd: 'Go,1000,0,2022-02-16_19-25-29_ranging'
ptd-server 2022-02-16 19:25:57,860 [INFO] Reply from ptd: 'Starting untimed measurement, maximum 500000 samples at 1000ms with 0 rampup samples'
ptd-server 2022-02-16 19:25:57,860 [INFO] Sending reply to client 'OK'
ptd-server 2022-02-16 19:36:24,765 [INFO] Got command from the client 'session,2022-02-16_19-25-29,stop,ranging'
ptd-server 2022-02-16 19:36:34,775 [INFO] Sending to ptd: 'Stop'
ptd-server 2022-02-16 19:36:34,776 [INFO] Reply from ptd: 'Stopping untimed measurement'
ptd-server 2022-02-16 19:36:34,847 [INFO] Sending reply to client 'OK'
ptd-server 2022-02-16 19:36:34,915 [INFO] Got command from the client 'time'
ptd-server 2022-02-16 19:36:34,915 [INFO] Sending reply to client '1645040194.9154024'
ptd-server 2022-02-16 19:36:34,916 [INFO] Got command from the client 'session,2022-02-16_19-25-29,start,testing'
ptd-server 2022-02-16 19:36:34,916 [INFO] Sending to ptd: 'SR,V,249.970000'
ptd-server 2022-02-16 19:36:36,418 [INFO] Reply from ptd: 'Range V changed'
ptd-server 2022-02-16 19:36:36,418 [INFO] Sending to ptd: 'SR,A,0.045270'
ptd-server 2022-02-16 19:36:37,919 [INFO] Reply from ptd: 'Range A changed'
ptd-server 2022-02-16 19:36:47,928 [INFO] Starting testing mode
ptd-server 2022-02-16 19:36:47,928 [INFO] Sending to ptd: 'Go,1000,0,2022-02-16_19-25-29_testing'
ptd-server 2022-02-16 19:36:47,928 [INFO] Reply from ptd: 'Starting untimed measurement, maximum 500000 samples at 1000ms with 0 rampup samples'
ptd-server 2022-02-16 19:36:47,928 [INFO] Sending reply to client 'OK'
ptd-server 2022-02-16 19:47:15,624 [INFO] Got command from the client 'session,2022-02-16_19-25-29,stop,testing'
ptd-server 2022-02-16 19:47:25,635 [INFO] Sending to ptd: 'Stop'
ptd-server 2022-02-16 19:47:25,635 [INFO] Reply from ptd: 'Stopping untimed measurement'
ptd-server 2022-02-16 19:47:25,671 [INFO] Sending reply to client 'OK'
ptd-server 2022-02-16 19:47:25,694 [INFO] Got command from the client 'session,2022-02-16_19-25-29,done'
ptd-server 2022-02-16 19:47:25,694 [INFO] Sending to ptd: 'Stop'
ptd-server 2022-02-16 19:47:25,929 [INFO] Reply from ptd: 'Error: no measurement to stop'
ptd-server 2022-02-16 19:47:25,929 [INFO] Sending to ptd: 'SR,V,300.000000'
ptd-server 2022-02-16 19:47:27,430 [INFO] Reply from ptd: 'Range V changed'
ptd-server 2022-02-16 19:47:27,431 [INFO] Sending to ptd: 'SR,A,0.500000'
ptd-server 2022-02-16 19:47:28,932 [INFO] Reply from ptd: 'Range A changed'
ptd-server 2022-02-16 19:47:28,932 [INFO] Set initial values for Amps 0.500000 and Volts 300.000000
ptd-server 2022-02-16 19:47:28,932 [INFO] Stopping ptd...
