client 2022-02-25 00:53:02,683 [INFO] Sending command to the server: 'mlcommons/power client v3'
client 2022-02-25 00:53:02,684 [INFO] Got response: 'mlcommons/power server v3'
client 2022-02-25 00:53:02,684 [INFO] Sending command to the server: 'stop'
client 2022-02-25 00:53:02,687 [INFO] Got response: 'OK'
client 2022-02-25 00:53:02,687 [INFO] Synchronizing with the server and with 100.64.0.18...
client 2022-02-25 00:53:02,691 [INFO] NTP:offset = -0.000 s, delay = 0.001 s 
client 2022-02-25 00:53:02,691 [INFO] Sending command to the server: 'time'
client 2022-02-25 00:53:02,693 [INFO] Got response: '1645750382.6907265'
client 2022-02-25 00:53:02,693 [INFO] The time difference between the client and the server is within range 0.659 ms..2.765 ms
client 2022-02-25 00:53:02,693 [INFO] Sending command to the server: 'new,,b4adf043-900a-401b-bbef-2135a98233ad'
client 2022-02-25 00:53:02,696 [INFO] Got response: 'OK 2022-02-25_00-53-02,c8b910c1-00ad-4e90-ab04-5010271676d5'
client 2022-02-25 00:53:02,696 [INFO] Session id is '2022-02-25_00-53-02'
client 2022-02-25 00:53:02,697 [INFO] Sources: {"sources": {"__init__.py": "da39a3ee5e6b4b0d3255bfef95601890afd80709", "client.py": "33ca4f26368777ac06e01f9567b714a4b8063886", "lib/__init__.py": "da39a3ee5e6b4b0d3255bfef95601890afd80709", "lib/client.py": "4c2b78fb4849a7e5b584ef792d82aaed20b17f57", "lib/common.py": "624d0c0acc7c39aaff3674f0b99d6a09da53d1dc", "lib/external/__init__.py": "da39a3ee5e6b4b0d3255bfef95601890afd80709", "lib/external/ntplib.py": "4da8f970656505a40483206ef2b5d3dd5e81711d", "lib/server.py": "59c9fb92908260d3e9f81a895c7aa009742275e4", "lib/source_hashes.py": "60a2e02193209e8d392803326208d5466342da18", "lib/summary.py": "aa92f0a3f975eecd44d3c0cd0236342ccc9f941d", "lib/time_sync.py": "3210db56eb0ff0df57bf4293dc4d4b03fffd46f1", "server.py": "c3f90f2f7eeb4db30727556d0c815ebc89b3d28b", "tests/unit/__init__.py": "da39a3ee5e6b4b0d3255bfef95601890afd80709", "tests/unit/test_server.py": "99ae15aef722f2000ee6ed1ae1523637bf1ae42b", "tests/unit/test_source_hashes.py": "00468a2907583c593e6574a1f6b404e4651c221a"}, "modules": {"ptd_client_server.lib.client": "lib/client.py", "ptd_client_server.lib.common": "lib/common.py", "ptd_client_server.lib.external.ntplib": "lib/external/ntplib.py", "ptd_client_server.lib.source_hashes": "lib/source_hashes.py", "ptd_client_server.lib.summary": "lib/summary.py", "ptd_client_server.lib.time_sync": "lib/time_sync.py"}}
client 2022-02-25 00:53:02,697 [INFO] Running workload in ranging mode
client 2022-02-25 00:53:02,697 [INFO] Synchronizing with the server and with 100.64.0.18...
client 2022-02-25 00:53:02,699 [INFO] NTP:offset = -0.000 s, delay = 0.001 s 
client 2022-02-25 00:53:02,699 [INFO] Sending command to the server: 'time'
client 2022-02-25 00:53:02,701 [INFO] Got response: '1645750382.6989202'
client 2022-02-25 00:53:02,701 [INFO] The time difference between the client and the server is within range 0.858 ms..2.494 ms
client 2022-02-25 00:53:02,701 [INFO] Sending command to the server: 'session,2022-02-25_00-53-02,start,ranging'
client 2022-02-25 00:53:26,669 [INFO] Got response: 'OK'
client 2022-02-25 00:53:26,669 [INFO] Running the workload 'LOG_DIR=/work/build/power_logs_temp python3 code/main.py --benchmarks=bert \t--scenarios=Offline \t--config_ver=default_maxq \t--test_mode=PerformanceOnly  --action="run_harness" \\\n\t\t2>&1 | tee -a /work/build/power_logs/2022.02.25-00.52.51/stdout.txt \\\n\t\t&& if [ ! -d /work/build/power_logs/2022.02.25-00.52.51/ranging_tmp ]; \\\n\t\t\tthen mkdir /work/build/power_logs/2022.02.25-00.52.51/ranging_tmp \\\n\t\t\t\t&& mv /work/build/power_logs_temp/* /work/build/power_logs/2022.02.25-00.52.51/ranging_tmp/ \\\n\t\t\t\t&& cp -v /work/build/power_logs/2022.02.25-00.52.51/ranging_tmp/*/*/*/mlperf_log_detail.txt /work/build/power_logs_temp/ \\\n\t\t\t\t&& cp -v /work/build/power_logs/2022.02.25-00.52.51/ranging_tmp/*/*/*/mlperf_log_summary.txt /work/build/power_logs_temp/; \\\n\t\t\telse mkdir /work/build/power_logs/2022.02.25-00.52.51/testing_tmp \\\n\t\t\t\t&& mv /work/build/power_logs_temp/* /work/build/power_logs/2022.02.25-00.52.51/testing_tmp/ \\\n\t\t\t\t&& cp -v /work/build/power_logs/2022.02.25-00.52.51/testing_tmp/*/*/*/mlperf_log_detail.txt /work/build/power_logs_temp/ \\\n\t\t\t\t&& cp -v /work/build/power_logs/2022.02.25-00.52.51/testing_tmp/*/*/*/mlperf_log_summary.txt /work/build/power_logs_temp/; fi'
client 2022-02-25 01:06:37,132 [INFO] Sending command to the server: 'session,2022-02-25_00-53-02,stop,ranging'
client 2022-02-25 01:06:47,172 [INFO] Got response: 'OK'
client 2022-02-25 01:06:47,184 [INFO] Copying loadgen logs from '/work/build/power_logs_temp' to '/work/build/power_logs/2022.02.25-00.52.51/2022-02-25_00-53-02/ranging'
client 2022-02-25 01:06:47,185 [INFO] Running workload in testing mode
client 2022-02-25 01:06:47,185 [INFO] Synchronizing with the server and with 100.64.0.18...
client 2022-02-25 01:06:47,187 [INFO] NTP:offset = -0.000 s, delay = 0.001 s 
client 2022-02-25 01:06:47,188 [INFO] Sending command to the server: 'time'
client 2022-02-25 01:06:47,189 [INFO] Got response: '1645751207.157195'
client 2022-02-25 01:06:47,190 [INFO] The time difference between the client and the server is within range 30.914 ms..32.976 ms
client 2022-02-25 01:06:47,190 [INFO] Sending command to the server: 'session,2022-02-25_00-53-02,start,testing'
client 2022-02-25 01:07:00,783 [INFO] Got response: 'OK'
client 2022-02-25 01:07:00,783 [INFO] Running the workload 'LOG_DIR=/work/build/power_logs_temp python3 code/main.py --benchmarks=bert \t--scenarios=Offline \t--config_ver=default_maxq \t--test_mode=PerformanceOnly  --action="run_harness" \\\n\t\t2>&1 | tee -a /work/build/power_logs/2022.02.25-00.52.51/stdout.txt \\\n\t\t&& if [ ! -d /work/build/power_logs/2022.02.25-00.52.51/ranging_tmp ]; \\\n\t\t\tthen mkdir /work/build/power_logs/2022.02.25-00.52.51/ranging_tmp \\\n\t\t\t\t&& mv /work/build/power_logs_temp/* /work/build/power_logs/2022.02.25-00.52.51/ranging_tmp/ \\\n\t\t\t\t&& cp -v /work/build/power_logs/2022.02.25-00.52.51/ranging_tmp/*/*/*/mlperf_log_detail.txt /work/build/power_logs_temp/ \\\n\t\t\t\t&& cp -v /work/build/power_logs/2022.02.25-00.52.51/ranging_tmp/*/*/*/mlperf_log_summary.txt /work/build/power_logs_temp/; \\\n\t\t\telse mkdir /work/build/power_logs/2022.02.25-00.52.51/testing_tmp \\\n\t\t\t\t&& mv /work/build/power_logs_temp/* /work/build/power_logs/2022.02.25-00.52.51/testing_tmp/ \\\n\t\t\t\t&& cp -v /work/build/power_logs/2022.02.25-00.52.51/testing_tmp/*/*/*/mlperf_log_detail.txt /work/build/power_logs_temp/ \\\n\t\t\t\t&& cp -v /work/build/power_logs/2022.02.25-00.52.51/testing_tmp/*/*/*/mlperf_log_summary.txt /work/build/power_logs_temp/; fi'
client 2022-02-25 01:20:14,612 [INFO] Sending command to the server: 'session,2022-02-25_00-53-02,stop,testing'
client 2022-02-25 01:20:24,647 [INFO] Got response: 'OK'
client 2022-02-25 01:20:24,650 [INFO] Copying loadgen logs from '/work/build/power_logs_temp' to '/work/build/power_logs/2022.02.25-00.52.51/2022-02-25_00-53-02/run_1'
client 2022-02-25 01:20:24,651 [INFO] Done runs
