ptd-server 2022-02-25 00:53:02,683 [INFO] Got command from the client 'stop'
ptd-server 2022-02-25 00:53:02,684 [INFO] The server will be stopped after processing this client
ptd-server 2022-02-25 00:53:02,684 [INFO] Sending reply to client 'OK'
ptd-server 2022-02-25 00:53:02,690 [INFO] Got command from the client 'time'
ptd-server 2022-02-25 00:53:02,690 [INFO] Sending reply to client '1645750382.6907265'
ptd-server 2022-02-25 00:53:02,692 [INFO] Got command from the client 'new,,b4adf043-900a-401b-bbef-2135a98233ad'
ptd-server 2022-02-25 00:53:02,694 [INFO] Sending reply to client 'OK 2022-02-25_00-53-02,c8b910c1-00ad-4e90-ab04-5010271676d5'
ptd-server 2022-02-25 00:53:02,698 [INFO] Got command from the client 'time'
ptd-server 2022-02-25 00:53:02,698 [INFO] Sending reply to client '1645750382.6989202'
ptd-server 2022-02-25 00:53:02,700 [INFO] Got command from the client 'session,2022-02-25_00-53-02,start,ranging'
ptd-server 2022-02-25 00:53:02,812 [INFO] Running PTDaemon: ['.\\ptd-windows-x86.exe', '-l', 'C:\\Users\\root\\AppData\\Local\\Temp\\tmprxpvb4iy\\ptd_logfile.txt', '-p', '8888', '-c', '1', '-g', '8', '1']
ptd-server 2022-02-25 00:53:15,604 [INFO] Sending to ptd: 'Hello'
ptd-server 2022-02-25 00:53:15,605 [INFO] Reply from ptd: 'Hello, PTDaemon here!'
ptd-server 2022-02-25 00:53:15,606 [INFO] Sending to ptd: 'Identify'
ptd-server 2022-02-25 00:53:15,607 [INFO] Reply from ptd: 'YokogawaWT210,1000,1,1,1,1,0,0,1,version=1.9.2-3976349f-20201208,OS=Windows 8 / Server 2012,mode=power,1,1,1,0,0,no_cal_date,YOKOGAWA;760401;0;F1.12'
ptd-server 2022-02-25 00:53:15,608 [INFO] Connected to PTDaemon
ptd-server 2022-02-25 00:53:15,609 [INFO] Sending to ptd: 'RR'
ptd-server 2022-02-25 00:53:15,610 [INFO] Reply from ptd: 'Ranges,1,2.000000,1,150.000000'
ptd-server 2022-02-25 00:53:15,610 [INFO] Initial range for Amps is Auto for Volts is Auto
ptd-server 2022-02-25 00:53:15,611 [INFO] Sending to ptd: 'SR,V,Auto'
ptd-server 2022-02-25 00:53:16,130 [INFO] Reply from ptd: 'Range V changed'
ptd-server 2022-02-25 00:53:16,131 [INFO] Sending to ptd: 'SR,A,Auto'
ptd-server 2022-02-25 00:53:16,657 [INFO] Reply from ptd: 'Range A changed'
ptd-server 2022-02-25 00:53:26,664 [INFO] Starting ranging mode
ptd-server 2022-02-25 00:53:26,664 [INFO] Sending to ptd: 'Go,1000,0,2022-02-25_00-53-02_ranging'
ptd-server 2022-02-25 00:53:26,664 [INFO] Reply from ptd: 'Starting untimed measurement, maximum 500000 samples at 1000ms with 0 rampup samples'
ptd-server 2022-02-25 00:53:26,665 [INFO] Sending reply to client 'OK'
ptd-server 2022-02-25 01:06:37,101 [INFO] Got command from the client 'session,2022-02-25_00-53-02,stop,ranging'
ptd-server 2022-02-25 01:06:47,116 [INFO] Sending to ptd: 'Stop'
ptd-server 2022-02-25 01:06:47,116 [INFO] Reply from ptd: 'Stopping untimed measurement'
ptd-server 2022-02-25 01:06:47,138 [INFO] Sending reply to client 'OK'
ptd-server 2022-02-25 01:06:47,156 [INFO] Got command from the client 'time'
ptd-server 2022-02-25 01:06:47,157 [INFO] Sending reply to client '1645751207.157195'
ptd-server 2022-02-25 01:06:47,158 [INFO] Got command from the client 'session,2022-02-25_00-53-02,start,testing'
ptd-server 2022-02-25 01:06:47,158 [INFO] Sending to ptd: 'SR,V,121.610000'
ptd-server 2022-02-25 01:06:49,215 [INFO] Reply from ptd: 'Range V changed'
ptd-server 2022-02-25 01:06:49,216 [INFO] Sending to ptd: 'SR,A,2.531300'
ptd-server 2022-02-25 01:06:50,742 [INFO] Reply from ptd: 'Range A changed'
ptd-server 2022-02-25 01:07:00,746 [INFO] Starting testing mode
ptd-server 2022-02-25 01:07:00,747 [INFO] Sending to ptd: 'Go,1000,0,2022-02-25_00-53-02_testing'
ptd-server 2022-02-25 01:07:00,748 [INFO] Reply from ptd: 'Starting untimed measurement, maximum 500000 samples at 1000ms with 0 rampup samples'
ptd-server 2022-02-25 01:07:00,749 [INFO] Sending reply to client 'OK'
ptd-server 2022-02-25 01:20:14,550 [INFO] Got command from the client 'session,2022-02-25_00-53-02,stop,testing'
ptd-server 2022-02-25 01:20:24,562 [INFO] Sending to ptd: 'Stop'
ptd-server 2022-02-25 01:20:24,563 [INFO] Reply from ptd: 'Stopping untimed measurement'
ptd-server 2022-02-25 01:20:24,583 [INFO] Sending reply to client 'OK'
ptd-server 2022-02-25 01:20:24,593 [INFO] Got command from the client 'session,2022-02-25_00-53-02,done'
ptd-server 2022-02-25 01:20:24,593 [INFO] Sending to ptd: 'Stop'
ptd-server 2022-02-25 01:20:24,757 [INFO] Reply from ptd: 'Error: no measurement to stop'
ptd-server 2022-02-25 01:20:24,758 [INFO] Sending to ptd: 'SR,V,Auto'
ptd-server 2022-02-25 01:20:25,278 [INFO] Reply from ptd: 'Range V changed'
ptd-server 2022-02-25 01:20:25,279 [INFO] Sending to ptd: 'SR,A,Auto'
ptd-server 2022-02-25 01:20:25,808 [INFO] Reply from ptd: 'Range A changed'
ptd-server 2022-02-25 01:20:25,809 [INFO] Set initial values for Amps Auto and Volts Auto
ptd-server 2022-02-25 01:20:25,810 [INFO] Stopping ptd...
