ptd-server 2022-02-14 13:16:42,542 [INFO] Got command from the client 'time'
ptd-server 2022-02-14 13:16:42,542 [INFO] Sending reply to client '1644844602.5421522'
ptd-server 2022-02-14 13:16:42,544 [INFO] Got command from the client 'new,,e6c18762-c837-4370-9bf6-8b367748591b'
ptd-server 2022-02-14 13:16:42,545 [INFO] Sending reply to client 'OK 2022-02-14_13-16-42,c35fae40-ced0-490a-bf93-5e02a5786a83'
ptd-server 2022-02-14 13:16:42,582 [INFO] Got command from the client 'time'
ptd-server 2022-02-14 13:16:42,582 [INFO] Sending reply to client '1644844602.582528'
ptd-server 2022-02-14 13:16:42,584 [INFO] Got command from the client 'session,2022-02-14_13-16-42,start,ranging'
ptd-server 2022-02-14 13:16:42,584 [INFO] Running PTDaemon: ['/home/anton/projects/mlperf/power/inference_v1.0/ptd-linux-x86', '-l', '/tmp/tmpxvec0g6h/ptd_logfile.txt', '-p', '8888', '49', '/dev/usbtmc0']
ptd-server 2022-02-14 13:16:59,758 [INFO] Sending to ptd: 'Hello'
ptd-server 2022-02-14 13:16:59,759 [INFO] Reply from ptd: 'Hello, PTDaemon here!'
ptd-server 2022-02-14 13:16:59,759 [INFO] Sending to ptd: 'Identify'
ptd-server 2022-02-14 13:16:59,759 [INFO] Reply from ptd: 'YokogawaWT310E,1000,1,1,1,1,0,1,1,version=1.9.2-e8c7a49a-20201208,OS=Linux 5.13.0-27-generic #29~20.04.1-Ubuntu SMP Fri Jan 14 00:32:30 UTC 2022 x86_64,mode=power,1,1,1,0,0,no_cal_date,YOKOGAWA;WT310E;C3XA04010E;F1.04'
ptd-server 2022-02-14 13:16:59,759 [INFO] Connected to PTDaemon
ptd-server 2022-02-14 13:16:59,760 [INFO] Sending to ptd: 'RR'
ptd-server 2022-02-14 13:16:59,760 [INFO] Reply from ptd: 'Ranges,0,0.500000,0,300.000000'
ptd-server 2022-02-14 13:16:59,760 [INFO] Initial range for Amps is 0.500000 for Volts is 300.000000
ptd-server 2022-02-14 13:16:59,760 [INFO] Sending to ptd: 'SR,V,Auto'
ptd-server 2022-02-14 13:17:00,263 [INFO] Reply from ptd: 'Range V changed'
ptd-server 2022-02-14 13:17:00,263 [INFO] Sending to ptd: 'SR,A,Auto'
ptd-server 2022-02-14 13:17:00,765 [INFO] Reply from ptd: 'Range A changed'
ptd-server 2022-02-14 13:17:10,772 [INFO] Starting ranging mode
ptd-server 2022-02-14 13:17:10,772 [INFO] Sending to ptd: 'Go,1000,0,2022-02-14_13-16-42_ranging'
ptd-server 2022-02-14 13:17:10,772 [INFO] Reply from ptd: 'Starting untimed measurement, maximum 500000 samples at 1000ms with 0 rampup samples'
ptd-server 2022-02-14 13:17:10,773 [INFO] Sending reply to client 'OK'
ptd-server 2022-02-14 13:27:30,061 [INFO] Got command from the client 'session,2022-02-14_13-16-42,stop,ranging'
ptd-server 2022-02-14 13:27:40,071 [INFO] Sending to ptd: 'Stop'
ptd-server 2022-02-14 13:27:40,071 [INFO] Reply from ptd: 'Stopping untimed measurement'
ptd-server 2022-02-14 13:27:40,800 [INFO] Sending reply to client 'OK'
ptd-server 2022-02-14 13:27:40,862 [INFO] Got command from the client 'time'
ptd-server 2022-02-14 13:27:40,862 [INFO] Sending reply to client '1644845260.8625057'
ptd-server 2022-02-14 13:27:40,865 [INFO] Got command from the client 'session,2022-02-14_13-16-42,start,testing'
ptd-server 2022-02-14 13:27:40,865 [INFO] Sending to ptd: 'SR,V,250.940000'
ptd-server 2022-02-14 13:27:42,366 [INFO] Reply from ptd: 'Range V changed'
ptd-server 2022-02-14 13:27:42,366 [INFO] Sending to ptd: 'SR,A,0.227190'
ptd-server 2022-02-14 13:27:43,868 [INFO] Reply from ptd: 'Range A changed'
ptd-server 2022-02-14 13:27:53,878 [INFO] Starting testing mode
ptd-server 2022-02-14 13:27:53,878 [INFO] Sending to ptd: 'Go,1000,0,2022-02-14_13-16-42_testing'
ptd-server 2022-02-14 13:27:53,879 [INFO] Reply from ptd: 'Starting untimed measurement, maximum 500000 samples at 1000ms with 0 rampup samples'
ptd-server 2022-02-14 13:27:53,879 [INFO] Sending reply to client 'OK'
ptd-server 2022-02-14 13:38:13,067 [INFO] Got command from the client 'session,2022-02-14_13-16-42,stop,testing'
ptd-server 2022-02-14 13:38:23,078 [INFO] Sending to ptd: 'Stop'
ptd-server 2022-02-14 13:38:23,078 [INFO] Reply from ptd: 'Stopping untimed measurement'
ptd-server 2022-02-14 13:38:23,460 [INFO] Sending reply to client 'OK'
ptd-server 2022-02-14 13:38:23,479 [INFO] Got command from the client 'session,2022-02-14_13-16-42,done'
ptd-server 2022-02-14 13:38:23,479 [INFO] Sending to ptd: 'Stop'
ptd-server 2022-02-14 13:38:23,879 [INFO] Reply from ptd: 'Error: no measurement to stop'
ptd-server 2022-02-14 13:38:23,880 [INFO] Sending to ptd: 'SR,V,300.000000'
ptd-server 2022-02-14 13:38:25,381 [INFO] Reply from ptd: 'Range V changed'
ptd-server 2022-02-14 13:38:25,381 [INFO] Sending to ptd: 'SR,A,0.500000'
ptd-server 2022-02-14 13:38:26,883 [INFO] Reply from ptd: 'Range A changed'
ptd-server 2022-02-14 13:38:26,883 [INFO] Set initial values for Amps 0.500000 and Volts 300.000000
ptd-server 2022-02-14 13:38:26,883 [INFO] Stopping ptd...
