ptd-server 2022-02-12 06:08:19,862 [INFO] Got command from the client 'stop'
ptd-server 2022-02-12 06:08:19,862 [INFO] The server will be stopped after processing this client
ptd-server 2022-02-12 06:08:19,862 [INFO] Sending reply to client 'OK'
ptd-server 2022-02-12 06:08:20,081 [INFO] Got command from the client 'time'
ptd-server 2022-02-12 06:08:20,081 [INFO] Sending reply to client '1644674900.0816262'
ptd-server 2022-02-12 06:08:20,081 [INFO] Got command from the client 'new,,e6aea560-853b-4c4b-9273-8ac78379136a'
ptd-server 2022-02-12 06:08:20,081 [INFO] Sending reply to client 'OK 2022-02-12_06-08-20,c8eb4777-0d70-4eba-bde4-774cfc482ab5'
ptd-server 2022-02-12 06:08:20,301 [INFO] Got command from the client 'time'
ptd-server 2022-02-12 06:08:20,301 [INFO] Sending reply to client '1644674900.3010013'
ptd-server 2022-02-12 06:08:20,301 [INFO] Got command from the client 'session,2022-02-12_06-08-20,start,ranging'
ptd-server 2022-02-12 06:08:20,410 [INFO] Running PTDaemon: ['C:\\PTD\\ptd-windows-x86.exe', '-l', 'C:\\Users\\lab\\AppData\\Local\\Temp\\tmpxh0pb7ov\\ptd_logfile.txt', '-p', '8888', '-c', '1,3', '-y', '77', '10.117.41.199']
ptd-server 2022-02-12 06:08:39,474 [INFO] Sending to ptd: 'Hello'
ptd-server 2022-02-12 06:08:39,474 [INFO] Reply from ptd: 'Hello, PTDaemon here!'
ptd-server 2022-02-12 06:08:39,474 [INFO] Sending to ptd: 'Identify'
ptd-server 2022-02-12 06:08:39,474 [INFO] Reply from ptd: 'YokogawaWT330_multichannel,1000,1,1,1,1,0,0,1,version=1.9.2-3976349f-20201208,OS=Windows 8 / Server 2012,mode=power,1,1,2,0,0,no_cal_date,YOKOGAWA;WT333E;C2WL21011V;F1.04'
ptd-server 2022-02-12 06:08:39,474 [INFO] Connected to PTDaemon
ptd-server 2022-02-12 06:08:39,474 [INFO] Sending to ptd: 'RR'
ptd-server 2022-02-12 06:08:39,474 [INFO] Reply from ptd: 'Ranges,0,5.000000,0,300.000000'
ptd-server 2022-02-12 06:08:39,474 [INFO] Initial range for Amps is 5.000000 for Volts is 300.000000
ptd-server 2022-02-12 06:08:39,474 [INFO] Sending to ptd: 'SR,V,Auto'
ptd-server 2022-02-12 06:08:44,544 [INFO] Reply from ptd: 'Range V changed'
ptd-server 2022-02-12 06:08:44,544 [INFO] Sending to ptd: 'SR,A,Auto'
ptd-server 2022-02-12 06:08:49,626 [INFO] Reply from ptd: 'Range A changed'
ptd-server 2022-02-12 06:08:59,629 [INFO] Starting ranging mode
ptd-server 2022-02-12 06:08:59,629 [INFO] Sending to ptd: 'Go,1000,0,2022-02-12_06-08-20_ranging'
ptd-server 2022-02-12 06:08:59,629 [INFO] Reply from ptd: 'Starting untimed measurement, maximum 500000 samples at 1000ms with 0 rampup samples'
ptd-server 2022-02-12 06:08:59,629 [INFO] Sending reply to client 'OK'
ptd-server 2022-02-12 06:20:56,931 [INFO] Got command from the client 'session,2022-02-12_06-08-20,stop,ranging'
ptd-server 2022-02-12 06:21:06,939 [INFO] Sending to ptd: 'Stop'
ptd-server 2022-02-12 06:21:06,939 [INFO] Reply from ptd: 'Stopping untimed measurement'
ptd-server 2022-02-12 06:21:06,970 [INFO] Sending reply to client 'OK'
ptd-server 2022-02-12 06:21:07,202 [INFO] Got command from the client 'time'
ptd-server 2022-02-12 06:21:07,202 [INFO] Sending reply to client '1644675667.2025893'
ptd-server 2022-02-12 06:21:07,202 [INFO] Got command from the client 'session,2022-02-12_06-08-20,start,testing'
ptd-server 2022-02-12 06:21:07,202 [INFO] Sending to ptd: 'SR,V,206.070000'
ptd-server 2022-02-12 06:21:13,719 [INFO] Reply from ptd: 'Range V changed'
ptd-server 2022-02-12 06:21:13,719 [INFO] Sending to ptd: 'SR,A,3.771500'
ptd-server 2022-02-12 06:21:19,313 [INFO] Reply from ptd: 'Range A changed'
ptd-server 2022-02-12 06:21:29,327 [INFO] Starting testing mode
ptd-server 2022-02-12 06:21:29,327 [INFO] Sending to ptd: 'Go,1000,0,2022-02-12_06-08-20_testing'
ptd-server 2022-02-12 06:21:29,327 [INFO] Reply from ptd: 'Starting untimed measurement, maximum 500000 samples at 1000ms with 0 rampup samples'
ptd-server 2022-02-12 06:21:29,327 [INFO] Sending reply to client 'OK'
ptd-server 2022-02-12 06:33:27,663 [INFO] Got command from the client 'session,2022-02-12_06-08-20,stop,testing'
ptd-server 2022-02-12 06:33:37,683 [INFO] Sending to ptd: 'Stop'
ptd-server 2022-02-12 06:33:37,683 [INFO] Reply from ptd: 'Stopping untimed measurement'
ptd-server 2022-02-12 06:33:37,699 [INFO] Sending reply to client 'OK'
ptd-server 2022-02-12 06:33:37,730 [INFO] Got command from the client 'session,2022-02-12_06-08-20,done'
ptd-server 2022-02-12 06:33:37,730 [INFO] Sending to ptd: 'Stop'
ptd-server 2022-02-12 06:33:38,341 [INFO] Reply from ptd: 'Error: no measurement to stop'
ptd-server 2022-02-12 06:33:38,341 [INFO] Sending to ptd: 'SR,V,300.000000'
ptd-server 2022-02-12 06:33:44,424 [INFO] Reply from ptd: 'Range V changed'
ptd-server 2022-02-12 06:33:44,424 [INFO] Sending to ptd: 'SR,A,5.000000'
ptd-server 2022-02-12 06:33:50,012 [INFO] Reply from ptd: 'Range A changed'
ptd-server 2022-02-12 06:33:50,012 [INFO] Set initial values for Amps 5.000000 and Volts 300.000000
ptd-server 2022-02-12 06:33:50,012 [INFO] Stopping ptd...
