ptd-server 2022-02-17 08:23:19,313 [INFO] Got command from the client 'time'
ptd-server 2022-02-17 08:23:19,313 [INFO] Sending reply to client '1645086199.3134918'
ptd-server 2022-02-17 08:23:19,314 [INFO] Got command from the client 'new,,18c17f3b-75db-44ce-97bd-9f2602d6a3bc'
ptd-server 2022-02-17 08:23:19,315 [INFO] Sending reply to client 'OK 2022-02-17_08-23-19,92207f5b-9fa3-4b98-a53d-70e31654c29e'
ptd-server 2022-02-17 08:23:19,356 [INFO] Got command from the client 'time'
ptd-server 2022-02-17 08:23:19,356 [INFO] Sending reply to client '1645086199.3563504'
ptd-server 2022-02-17 08:23:19,358 [INFO] Got command from the client 'session,2022-02-17_08-23-19,start,ranging'
ptd-server 2022-02-17 08:23:19,358 [INFO] Running PTDaemon: ['/home/anton/projects/mlperf/power/inference_v1.0/ptd-linux-x86', '-l', '/tmp/tmpgldyt7rr/ptd_logfile.txt', '-p', '8888', '49', '/dev/usbtmc0']
ptd-server 2022-02-17 08:23:36,531 [INFO] Sending to ptd: 'Hello'
ptd-server 2022-02-17 08:23:36,532 [INFO] Reply from ptd: 'Hello, PTDaemon here!'
ptd-server 2022-02-17 08:23:36,532 [INFO] Sending to ptd: 'Identify'
ptd-server 2022-02-17 08:23:36,533 [INFO] Reply from ptd: 'YokogawaWT310E,1000,1,1,1,1,0,1,1,version=1.9.2-e8c7a49a-20201208,OS=Linux 5.13.0-28-generic #31~20.04.1-Ubuntu SMP Wed Jan 19 14:08:10 UTC 2022 x86_64,mode=power,1,1,1,0,0,no_cal_date,YOKOGAWA;WT310E;C3XA04010E;F1.04'
ptd-server 2022-02-17 08:23:36,533 [INFO] Connected to PTDaemon
ptd-server 2022-02-17 08:23:36,533 [INFO] Sending to ptd: 'RR'
ptd-server 2022-02-17 08:23:36,533 [INFO] Reply from ptd: 'Ranges,0,0.500000,0,300.000000'
ptd-server 2022-02-17 08:23:36,533 [INFO] Initial range for Amps is 0.500000 for Volts is 300.000000
ptd-server 2022-02-17 08:23:36,533 [INFO] Sending to ptd: 'SR,V,Auto'
ptd-server 2022-02-17 08:23:37,036 [INFO] Reply from ptd: 'Range V changed'
ptd-server 2022-02-17 08:23:37,036 [INFO] Sending to ptd: 'SR,A,Auto'
ptd-server 2022-02-17 08:23:37,539 [INFO] Reply from ptd: 'Range A changed'
ptd-server 2022-02-17 08:23:47,549 [INFO] Starting ranging mode
ptd-server 2022-02-17 08:23:47,549 [INFO] Sending to ptd: 'Go,1000,0,2022-02-17_08-23-19_ranging'
ptd-server 2022-02-17 08:23:47,549 [INFO] Reply from ptd: 'Starting untimed measurement, maximum 500000 samples at 1000ms with 0 rampup samples'
ptd-server 2022-02-17 08:23:47,550 [INFO] Sending reply to client 'OK'
ptd-server 2022-02-17 08:34:04,590 [INFO] Got command from the client 'session,2022-02-17_08-23-19,stop,ranging'
ptd-server 2022-02-17 08:34:14,600 [INFO] Sending to ptd: 'Stop'
ptd-server 2022-02-17 08:34:14,600 [INFO] Reply from ptd: 'Stopping untimed measurement'
ptd-server 2022-02-17 08:34:14,744 [INFO] Sending reply to client 'OK'
ptd-server 2022-02-17 08:34:14,814 [INFO] Got command from the client 'time'
ptd-server 2022-02-17 08:34:14,814 [INFO] Sending reply to client '1645086854.814583'
ptd-server 2022-02-17 08:34:14,815 [INFO] Got command from the client 'session,2022-02-17_08-23-19,start,testing'
ptd-server 2022-02-17 08:34:14,815 [INFO] Sending to ptd: 'SR,V,249.080000'
ptd-server 2022-02-17 08:34:17,050 [INFO] Reply from ptd: 'Range V changed'
ptd-server 2022-02-17 08:34:17,050 [INFO] Sending to ptd: 'SR,A,0.050000'
ptd-server 2022-02-17 08:34:18,552 [INFO] Reply from ptd: 'Range A changed'
ptd-server 2022-02-17 08:34:28,562 [INFO] Starting testing mode
ptd-server 2022-02-17 08:34:28,562 [INFO] Sending to ptd: 'Go,1000,0,2022-02-17_08-23-19_testing'
ptd-server 2022-02-17 08:34:28,563 [INFO] Reply from ptd: 'Starting untimed measurement, maximum 500000 samples at 1000ms with 0 rampup samples'
ptd-server 2022-02-17 08:34:28,563 [INFO] Sending reply to client 'OK'
ptd-server 2022-02-17 08:44:46,603 [INFO] Got command from the client 'session,2022-02-17_08-23-19,stop,testing'
ptd-server 2022-02-17 08:44:56,614 [INFO] Sending to ptd: 'Stop'
ptd-server 2022-02-17 08:44:56,614 [INFO] Reply from ptd: 'Stopping untimed measurement'
ptd-server 2022-02-17 08:44:56,695 [INFO] Sending reply to client 'OK'
ptd-server 2022-02-17 08:44:56,718 [INFO] Got command from the client 'session,2022-02-17_08-23-19,done'
ptd-server 2022-02-17 08:44:56,718 [INFO] Sending to ptd: 'Stop'
ptd-server 2022-02-17 08:44:57,564 [INFO] Reply from ptd: 'Error: no measurement to stop'
ptd-server 2022-02-17 08:44:57,564 [INFO] Sending to ptd: 'SR,V,300.000000'
ptd-server 2022-02-17 08:44:59,065 [INFO] Reply from ptd: 'Range V changed'
ptd-server 2022-02-17 08:44:59,066 [INFO] Sending to ptd: 'SR,A,0.500000'
ptd-server 2022-02-17 08:45:00,567 [INFO] Reply from ptd: 'Range A changed'
ptd-server 2022-02-17 08:45:00,567 [INFO] Set initial values for Amps 0.500000 and Volts 300.000000
ptd-server 2022-02-17 08:45:00,567 [INFO] Stopping ptd...
