ptd-server 2022-02-13 13:42:26,074 [INFO] Got command from the client 'time'
ptd-server 2022-02-13 13:42:26,074 [INFO] Sending reply to client '1644759746.0744998'
ptd-server 2022-02-13 13:42:26,077 [INFO] Got command from the client 'new,,4c5443af-1100-4031-b5b2-c5e882922116'
ptd-server 2022-02-13 13:42:26,077 [INFO] Sending reply to client 'OK 2022-02-13_13-42-26,5ae3664c-5dc8-4d06-9235-7347265712c8'
ptd-server 2022-02-13 13:42:26,124 [INFO] Got command from the client 'time'
ptd-server 2022-02-13 13:42:26,124 [INFO] Sending reply to client '1644759746.1247442'
ptd-server 2022-02-13 13:42:26,126 [INFO] Got command from the client 'session,2022-02-13_13-42-26,start,ranging'
ptd-server 2022-02-13 13:42:26,127 [INFO] Running PTDaemon: ['/home/anton/projects/mlperf/power/inference_v1.0/ptd-linux-x86', '-l', '/tmp/tmpxvec0g6h/ptd_logfile.txt', '-p', '8888', '49', '/dev/usbtmc0']
ptd-server 2022-02-13 13:42:43,299 [INFO] Sending to ptd: 'Hello'
ptd-server 2022-02-13 13:42:43,300 [INFO] Reply from ptd: 'Hello, PTDaemon here!'
ptd-server 2022-02-13 13:42:43,300 [INFO] Sending to ptd: 'Identify'
ptd-server 2022-02-13 13:42:43,300 [INFO] Reply from ptd: 'YokogawaWT310E,1000,1,1,1,1,0,1,1,version=1.9.2-e8c7a49a-20201208,OS=Linux 5.13.0-27-generic #29~20.04.1-Ubuntu SMP Fri Jan 14 00:32:30 UTC 2022 x86_64,mode=power,1,1,1,0,0,no_cal_date,YOKOGAWA;WT310E;C3XA04010E;F1.04'
ptd-server 2022-02-13 13:42:43,300 [INFO] Connected to PTDaemon
ptd-server 2022-02-13 13:42:43,301 [INFO] Sending to ptd: 'RR'
ptd-server 2022-02-13 13:42:43,301 [INFO] Reply from ptd: 'Ranges,0,0.500000,0,300.000000'
ptd-server 2022-02-13 13:42:43,301 [INFO] Initial range for Amps is 0.500000 for Volts is 300.000000
ptd-server 2022-02-13 13:42:43,301 [INFO] Sending to ptd: 'SR,V,Auto'
ptd-server 2022-02-13 13:42:43,804 [INFO] Reply from ptd: 'Range V changed'
ptd-server 2022-02-13 13:42:43,804 [INFO] Sending to ptd: 'SR,A,Auto'
ptd-server 2022-02-13 13:42:44,306 [INFO] Reply from ptd: 'Range A changed'
ptd-server 2022-02-13 13:42:54,317 [INFO] Starting ranging mode
ptd-server 2022-02-13 13:42:54,317 [INFO] Sending to ptd: 'Go,1000,0,2022-02-13_13-42-26_ranging'
ptd-server 2022-02-13 13:42:54,317 [INFO] Reply from ptd: 'Starting untimed measurement, maximum 500000 samples at 1000ms with 0 rampup samples'
ptd-server 2022-02-13 13:42:54,317 [INFO] Sending reply to client 'OK'
ptd-server 2022-02-13 13:53:15,141 [INFO] Got command from the client 'session,2022-02-13_13-42-26,stop,ranging'
ptd-server 2022-02-13 13:53:25,152 [INFO] Sending to ptd: 'Stop'
ptd-server 2022-02-13 13:53:25,152 [INFO] Reply from ptd: 'Stopping untimed measurement'
ptd-server 2022-02-13 13:53:25,767 [INFO] Sending reply to client 'OK'
ptd-server 2022-02-13 13:53:25,831 [INFO] Got command from the client 'time'
ptd-server 2022-02-13 13:53:25,831 [INFO] Sending reply to client '1644760405.8315313'
ptd-server 2022-02-13 13:53:25,833 [INFO] Got command from the client 'session,2022-02-13_13-42-26,start,testing'
ptd-server 2022-02-13 13:53:25,834 [INFO] Sending to ptd: 'SR,V,248.290000'
ptd-server 2022-02-13 13:53:27,335 [INFO] Reply from ptd: 'Range V changed'
ptd-server 2022-02-13 13:53:27,335 [INFO] Sending to ptd: 'SR,A,0.198870'
ptd-server 2022-02-13 13:53:28,837 [INFO] Reply from ptd: 'Range A changed'
ptd-server 2022-02-13 13:53:38,847 [INFO] Starting testing mode
ptd-server 2022-02-13 13:53:38,847 [INFO] Sending to ptd: 'Go,1000,0,2022-02-13_13-42-26_testing'
ptd-server 2022-02-13 13:53:38,847 [INFO] Reply from ptd: 'Starting untimed measurement, maximum 500000 samples at 1000ms with 0 rampup samples'
ptd-server 2022-02-13 13:53:38,848 [INFO] Sending reply to client 'OK'
ptd-server 2022-02-13 14:03:54,611 [INFO] Got command from the client 'session,2022-02-13_13-42-26,stop,testing'
ptd-server 2022-02-13 14:04:04,621 [INFO] Sending to ptd: 'Stop'
ptd-server 2022-02-13 14:04:04,622 [INFO] Reply from ptd: 'Stopping untimed measurement'
ptd-server 2022-02-13 14:04:04,940 [INFO] Sending reply to client 'OK'
ptd-server 2022-02-13 14:04:04,952 [INFO] Got command from the client 'session,2022-02-13_13-42-26,done'
ptd-server 2022-02-13 14:04:04,952 [INFO] Sending to ptd: 'Stop'
ptd-server 2022-02-13 14:04:04,952 [INFO] Reply from ptd: 'Error: no measurement to stop'
ptd-server 2022-02-13 14:04:04,952 [INFO] Sending to ptd: 'SR,V,300.000000'
ptd-server 2022-02-13 14:04:06,454 [INFO] Reply from ptd: 'Range V changed'
ptd-server 2022-02-13 14:04:06,454 [INFO] Sending to ptd: 'SR,A,0.500000'
ptd-server 2022-02-13 14:04:07,955 [INFO] Reply from ptd: 'Range A changed'
ptd-server 2022-02-13 14:04:07,955 [INFO] Set initial values for Amps 0.500000 and Volts 300.000000
ptd-server 2022-02-13 14:04:07,955 [INFO] Stopping ptd...
