ptd-server 2022-02-20 10:07:14,645 [INFO] Got command from the client 'time'
ptd-server 2022-02-20 10:07:14,645 [INFO] Sending reply to client '1645351634.6454053'
ptd-server 2022-02-20 10:07:14,647 [INFO] Got command from the client 'new,,597f3d2a-e030-401d-94cb-24d384dff9eb'
ptd-server 2022-02-20 10:07:14,647 [INFO] Sending reply to client 'OK 2022-02-20_10-07-14,89ea154a-4b3e-43bb-be4d-885660e3c5b1'
ptd-server 2022-02-20 10:07:14,683 [INFO] Got command from the client 'time'
ptd-server 2022-02-20 10:07:14,683 [INFO] Sending reply to client '1645351634.6833231'
ptd-server 2022-02-20 10:07:14,684 [INFO] Got command from the client 'session,2022-02-20_10-07-14,start,ranging'
ptd-server 2022-02-20 10:07:14,685 [INFO] Running PTDaemon: ['/home/anton/projects/mlperf/power/inference_v1.0/ptd-linux-x86', '-l', '/tmp/tmpgldyt7rr/ptd_logfile.txt', '-p', '8888', '49', '/dev/usbtmc0']
ptd-server 2022-02-20 10:07:31,857 [INFO] Sending to ptd: 'Hello'
ptd-server 2022-02-20 10:07:31,857 [INFO] Reply from ptd: 'Hello, PTDaemon here!'
ptd-server 2022-02-20 10:07:31,857 [INFO] Sending to ptd: 'Identify'
ptd-server 2022-02-20 10:07:31,858 [INFO] Reply from ptd: 'YokogawaWT310E,1000,1,1,1,1,0,1,1,version=1.9.2-e8c7a49a-20201208,OS=Linux 5.13.0-28-generic #31~20.04.1-Ubuntu SMP Wed Jan 19 14:08:10 UTC 2022 x86_64,mode=power,1,1,1,0,0,no_cal_date,YOKOGAWA;WT310E;C3XA04010E;F1.04'
ptd-server 2022-02-20 10:07:31,858 [INFO] Connected to PTDaemon
ptd-server 2022-02-20 10:07:31,858 [INFO] Sending to ptd: 'RR'
ptd-server 2022-02-20 10:07:31,858 [INFO] Reply from ptd: 'Ranges,0,0.500000,0,300.000000'
ptd-server 2022-02-20 10:07:31,858 [INFO] Initial range for Amps is 0.500000 for Volts is 300.000000
ptd-server 2022-02-20 10:07:31,859 [INFO] Sending to ptd: 'SR,V,Auto'
ptd-server 2022-02-20 10:07:32,361 [INFO] Reply from ptd: 'Range V changed'
ptd-server 2022-02-20 10:07:32,361 [INFO] Sending to ptd: 'SR,A,Auto'
ptd-server 2022-02-20 10:07:32,864 [INFO] Reply from ptd: 'Range A changed'
ptd-server 2022-02-20 10:07:42,874 [INFO] Starting ranging mode
ptd-server 2022-02-20 10:07:42,874 [INFO] Sending to ptd: 'Go,1000,0,2022-02-20_10-07-14_ranging'
ptd-server 2022-02-20 10:07:42,875 [INFO] Reply from ptd: 'Starting untimed measurement, maximum 500000 samples at 1000ms with 0 rampup samples'
ptd-server 2022-02-20 10:07:42,875 [INFO] Sending reply to client 'OK'
ptd-server 2022-02-20 10:17:59,888 [INFO] Got command from the client 'session,2022-02-20_10-07-14,stop,ranging'
ptd-server 2022-02-20 10:18:09,899 [INFO] Sending to ptd: 'Stop'
ptd-server 2022-02-20 10:18:09,899 [INFO] Reply from ptd: 'Stopping untimed measurement'
ptd-server 2022-02-20 10:18:10,361 [INFO] Sending reply to client 'OK'
ptd-server 2022-02-20 10:18:10,465 [INFO] Got command from the client 'time'
ptd-server 2022-02-20 10:18:10,465 [INFO] Sending reply to client '1645352290.4653819'
ptd-server 2022-02-20 10:18:10,468 [INFO] Got command from the client 'session,2022-02-20_10-07-14,start,testing'
ptd-server 2022-02-20 10:18:10,468 [INFO] Sending to ptd: 'SR,V,249.110000'
ptd-server 2022-02-20 10:18:12,377 [INFO] Reply from ptd: 'Range V changed'
ptd-server 2022-02-20 10:18:12,377 [INFO] Sending to ptd: 'SR,A,0.049970'
ptd-server 2022-02-20 10:18:13,878 [INFO] Reply from ptd: 'Range A changed'
ptd-server 2022-02-20 10:18:23,888 [INFO] Starting testing mode
ptd-server 2022-02-20 10:18:23,889 [INFO] Sending to ptd: 'Go,1000,0,2022-02-20_10-07-14_testing'
ptd-server 2022-02-20 10:18:23,889 [INFO] Reply from ptd: 'Starting untimed measurement, maximum 500000 samples at 1000ms with 0 rampup samples'
ptd-server 2022-02-20 10:18:23,889 [INFO] Sending reply to client 'OK'
ptd-server 2022-02-20 10:28:41,967 [INFO] Got command from the client 'session,2022-02-20_10-07-14,stop,testing'
ptd-server 2022-02-20 10:28:51,978 [INFO] Sending to ptd: 'Stop'
ptd-server 2022-02-20 10:28:51,978 [INFO] Reply from ptd: 'Stopping untimed measurement'
ptd-server 2022-02-20 10:28:52,218 [INFO] Sending reply to client 'OK'
ptd-server 2022-02-20 10:28:52,257 [INFO] Got command from the client 'session,2022-02-20_10-07-14,done'
ptd-server 2022-02-20 10:28:52,257 [INFO] Sending to ptd: 'Stop'
ptd-server 2022-02-20 10:28:52,889 [INFO] Reply from ptd: 'Error: no measurement to stop'
ptd-server 2022-02-20 10:28:52,889 [INFO] Sending to ptd: 'SR,V,300.000000'
ptd-server 2022-02-20 10:28:54,391 [INFO] Reply from ptd: 'Range V changed'
ptd-server 2022-02-20 10:28:54,391 [INFO] Sending to ptd: 'SR,A,0.500000'
ptd-server 2022-02-20 10:28:55,892 [INFO] Reply from ptd: 'Range A changed'
ptd-server 2022-02-20 10:28:55,893 [INFO] Set initial values for Amps 0.500000 and Volts 300.000000
ptd-server 2022-02-20 10:28:55,893 [INFO] Stopping ptd...
