ptd-server 2022-02-16 03:59:29,596 [INFO] Got command from the client 'stop'
ptd-server 2022-02-16 03:59:29,596 [INFO] The server will be stopped after processing this client
ptd-server 2022-02-16 03:59:29,596 [INFO] Sending reply to client 'OK'
ptd-server 2022-02-16 03:59:29,815 [INFO] Got command from the client 'time'
ptd-server 2022-02-16 03:59:29,815 [INFO] Sending reply to client '1645012769.8151429'
ptd-server 2022-02-16 03:59:29,815 [INFO] Got command from the client 'new,,a19fccd2-9b0f-46c0-926f-bff4aad1d22a'
ptd-server 2022-02-16 03:59:29,815 [INFO] Sending reply to client 'OK 2022-02-16_03-59-29,5835faa0-8612-4afc-a7bd-f051bc931b19'
ptd-server 2022-02-16 03:59:30,034 [INFO] Got command from the client 'time'
ptd-server 2022-02-16 03:59:30,034 [INFO] Sending reply to client '1645012770.0343466'
ptd-server 2022-02-16 03:59:30,034 [INFO] Got command from the client 'session,2022-02-16_03-59-29,start,ranging'
ptd-server 2022-02-16 03:59:30,143 [INFO] Running PTDaemon: ['C:\\PTD\\ptd-windows-x86.exe', '-l', 'C:\\Users\\lab\\AppData\\Local\\Temp\\tmpfhp7udjh\\ptd_logfile.txt', '-p', '8888', '-c', '1,3', '-y', '77', '10.34.232.250']
ptd-server 2022-02-16 03:59:49,299 [INFO] Sending to ptd: 'Hello'
ptd-server 2022-02-16 03:59:49,299 [INFO] Reply from ptd: 'Hello, PTDaemon here!'
ptd-server 2022-02-16 03:59:49,299 [INFO] Sending to ptd: 'Identify'
ptd-server 2022-02-16 03:59:49,299 [INFO] Reply from ptd: 'YokogawaWT330_multichannel,1000,1,1,1,1,0,0,1,version=1.9.2-3976349f-20201208,OS=Windows 8 / Server 2012,mode=power,1,1,2,0,0,no_cal_date,YOKOGAWA;WT333E;C2WA21018V;F1.04'
ptd-server 2022-02-16 03:59:49,299 [INFO] Connected to PTDaemon
ptd-server 2022-02-16 03:59:49,299 [INFO] Sending to ptd: 'RR'
ptd-server 2022-02-16 03:59:49,299 [INFO] Reply from ptd: 'Ranges,0,20.000000,1,300.000000'
ptd-server 2022-02-16 03:59:49,299 [INFO] Initial range for Amps is 20.000000 for Volts is Auto
ptd-server 2022-02-16 03:59:49,299 [INFO] Sending to ptd: 'SR,V,Auto'
ptd-server 2022-02-16 03:59:54,381 [INFO] Reply from ptd: 'Range V changed'
ptd-server 2022-02-16 03:59:54,381 [INFO] Sending to ptd: 'SR,A,Auto'
ptd-server 2022-02-16 03:59:59,454 [INFO] Reply from ptd: 'Range A changed'
ptd-server 2022-02-16 04:00:09,455 [INFO] Starting ranging mode
ptd-server 2022-02-16 04:00:09,455 [INFO] Sending to ptd: 'Go,1000,0,2022-02-16_03-59-29_ranging'
ptd-server 2022-02-16 04:00:09,455 [INFO] Reply from ptd: 'Starting untimed measurement, maximum 500000 samples at 1000ms with 0 rampup samples'
ptd-server 2022-02-16 04:00:09,455 [INFO] Sending reply to client 'OK'
ptd-server 2022-02-16 04:18:07,565 [INFO] Got command from the client 'session,2022-02-16_03-59-29,stop,ranging'
ptd-server 2022-02-16 04:18:17,578 [INFO] Sending to ptd: 'Stop'
ptd-server 2022-02-16 04:18:17,578 [INFO] Reply from ptd: 'Stopping untimed measurement'
ptd-server 2022-02-16 04:18:17,625 [INFO] Sending reply to client 'OK'
ptd-server 2022-02-16 04:18:17,875 [INFO] Got command from the client 'time'
ptd-server 2022-02-16 04:18:17,875 [INFO] Sending reply to client '1645013897.8751693'
ptd-server 2022-02-16 04:18:17,875 [INFO] Got command from the client 'session,2022-02-16_03-59-29,start,testing'
ptd-server 2022-02-16 04:18:17,875 [INFO] Sending to ptd: 'SR,V,209.090000'
ptd-server 2022-02-16 04:18:24,547 [INFO] Reply from ptd: 'Range V changed'
ptd-server 2022-02-16 04:18:24,547 [INFO] Sending to ptd: 'SR,A,5.447300'
ptd-server 2022-02-16 04:18:30,140 [INFO] Reply from ptd: 'Range A changed'
ptd-server 2022-02-16 04:18:40,141 [INFO] Starting testing mode
ptd-server 2022-02-16 04:18:40,141 [INFO] Sending to ptd: 'Go,1000,0,2022-02-16_03-59-29_testing'
ptd-server 2022-02-16 04:18:40,141 [INFO] Reply from ptd: 'Starting untimed measurement, maximum 500000 samples at 1000ms with 0 rampup samples'
ptd-server 2022-02-16 04:18:40,141 [INFO] Sending reply to client 'OK'
ptd-server 2022-02-16 04:36:30,464 [INFO] Got command from the client 'session,2022-02-16_03-59-29,stop,testing'
ptd-server 2022-02-16 04:36:40,493 [INFO] Sending to ptd: 'Stop'
ptd-server 2022-02-16 04:36:40,493 [INFO] Reply from ptd: 'Stopping untimed measurement'
ptd-server 2022-02-16 04:36:40,509 [INFO] Sending reply to client 'OK'
ptd-server 2022-02-16 04:36:40,777 [INFO] Got command from the client 'session,2022-02-16_03-59-29,done'
ptd-server 2022-02-16 04:36:40,777 [INFO] Sending to ptd: 'Stop'
ptd-server 2022-02-16 04:36:41,152 [INFO] Reply from ptd: 'Error: no measurement to stop'
ptd-server 2022-02-16 04:36:41,152 [INFO] Sending to ptd: 'SR,V,Auto'
ptd-server 2022-02-16 04:36:46,230 [INFO] Reply from ptd: 'Range V changed'
ptd-server 2022-02-16 04:36:46,230 [INFO] Sending to ptd: 'SR,A,20.000000'
ptd-server 2022-02-16 04:36:51,819 [INFO] Reply from ptd: 'Range A changed'
ptd-server 2022-02-16 04:36:51,819 [INFO] Set initial values for Amps 20.000000 and Volts Auto
ptd-server 2022-02-16 04:36:51,819 [INFO] Stopping ptd...
