ptd-server 2022-02-14 22:31:36,858 [INFO] Got command from the client 'time'
ptd-server 2022-02-14 22:31:36,858 [INFO] Sending reply to client '1644877896.8583312'
ptd-server 2022-02-14 22:31:36,860 [INFO] Got command from the client 'new,,ad6a26f9-3fc8-4663-900a-a07818847fd7'
ptd-server 2022-02-14 22:31:36,860 [INFO] Sending reply to client 'OK 2022-02-14_22-31-36,cc61d5f7-c66e-440a-897a-c3cdb089ba3e'
ptd-server 2022-02-14 22:31:36,901 [INFO] Got command from the client 'time'
ptd-server 2022-02-14 22:31:36,901 [INFO] Sending reply to client '1644877896.901682'
ptd-server 2022-02-14 22:31:36,904 [INFO] Got command from the client 'session,2022-02-14_22-31-36,start,ranging'
ptd-server 2022-02-14 22:31:36,904 [INFO] Running PTDaemon: ['/home/anton/projects/mlperf/power/inference_v1.0/ptd-linux-x86', '-l', '/tmp/tmpxvec0g6h/ptd_logfile.txt', '-p', '8888', '49', '/dev/usbtmc0']
ptd-server 2022-02-14 22:31:54,077 [INFO] Sending to ptd: 'Hello'
ptd-server 2022-02-14 22:31:54,078 [INFO] Reply from ptd: 'Hello, PTDaemon here!'
ptd-server 2022-02-14 22:31:54,078 [INFO] Sending to ptd: 'Identify'
ptd-server 2022-02-14 22:31:54,079 [INFO] Reply from ptd: 'YokogawaWT310E,1000,1,1,1,1,0,1,1,version=1.9.2-e8c7a49a-20201208,OS=Linux 5.13.0-27-generic #29~20.04.1-Ubuntu SMP Fri Jan 14 00:32:30 UTC 2022 x86_64,mode=power,1,1,1,0,0,no_cal_date,YOKOGAWA;WT310E;C3XA04010E;F1.04'
ptd-server 2022-02-14 22:31:54,079 [INFO] Connected to PTDaemon
ptd-server 2022-02-14 22:31:54,079 [INFO] Sending to ptd: 'RR'
ptd-server 2022-02-14 22:31:54,079 [INFO] Reply from ptd: 'Ranges,0,0.500000,0,300.000000'
ptd-server 2022-02-14 22:31:54,080 [INFO] Initial range for Amps is 0.500000 for Volts is 300.000000
ptd-server 2022-02-14 22:31:54,080 [INFO] Sending to ptd: 'SR,V,Auto'
ptd-server 2022-02-14 22:31:54,582 [INFO] Reply from ptd: 'Range V changed'
ptd-server 2022-02-14 22:31:54,583 [INFO] Sending to ptd: 'SR,A,Auto'
ptd-server 2022-02-14 22:31:55,085 [INFO] Reply from ptd: 'Range A changed'
ptd-server 2022-02-14 22:32:05,095 [INFO] Starting ranging mode
ptd-server 2022-02-14 22:32:05,096 [INFO] Sending to ptd: 'Go,1000,0,2022-02-14_22-31-36_ranging'
ptd-server 2022-02-14 22:32:05,096 [INFO] Reply from ptd: 'Starting untimed measurement, maximum 500000 samples at 1000ms with 0 rampup samples'
ptd-server 2022-02-14 22:32:05,096 [INFO] Sending reply to client 'OK'
ptd-server 2022-02-14 22:42:24,454 [INFO] Got command from the client 'session,2022-02-14_22-31-36,stop,ranging'
ptd-server 2022-02-14 22:42:34,465 [INFO] Sending to ptd: 'Stop'
ptd-server 2022-02-14 22:42:34,465 [INFO] Reply from ptd: 'Stopping untimed measurement'
ptd-server 2022-02-14 22:42:35,255 [INFO] Sending reply to client 'OK'
ptd-server 2022-02-14 22:42:35,328 [INFO] Got command from the client 'time'
ptd-server 2022-02-14 22:42:35,328 [INFO] Sending reply to client '1644878555.3283377'
ptd-server 2022-02-14 22:42:35,331 [INFO] Got command from the client 'session,2022-02-14_22-31-36,start,testing'
ptd-server 2022-02-14 22:42:35,331 [INFO] Sending to ptd: 'SR,V,251.140000'
ptd-server 2022-02-14 22:42:36,832 [INFO] Reply from ptd: 'Range V changed'
ptd-server 2022-02-14 22:42:36,832 [INFO] Sending to ptd: 'SR,A,0.176090'
ptd-server 2022-02-14 22:42:38,334 [INFO] Reply from ptd: 'Range A changed'
ptd-server 2022-02-14 22:42:48,344 [INFO] Starting testing mode
ptd-server 2022-02-14 22:42:48,344 [INFO] Sending to ptd: 'Go,1000,0,2022-02-14_22-31-36_testing'
ptd-server 2022-02-14 22:42:48,344 [INFO] Reply from ptd: 'Starting untimed measurement, maximum 500000 samples at 1000ms with 0 rampup samples'
ptd-server 2022-02-14 22:42:48,345 [INFO] Sending reply to client 'OK'
ptd-server 2022-02-14 22:53:07,615 [INFO] Got command from the client 'session,2022-02-14_22-31-36,stop,testing'
ptd-server 2022-02-14 22:53:17,625 [INFO] Sending to ptd: 'Stop'
ptd-server 2022-02-14 22:53:17,626 [INFO] Reply from ptd: 'Stopping untimed measurement'
ptd-server 2022-02-14 22:53:18,026 [INFO] Sending reply to client 'OK'
ptd-server 2022-02-14 22:53:18,046 [INFO] Got command from the client 'session,2022-02-14_22-31-36,done'
ptd-server 2022-02-14 22:53:18,046 [INFO] Sending to ptd: 'Stop'
ptd-server 2022-02-14 22:53:18,344 [INFO] Reply from ptd: 'Error: no measurement to stop'
ptd-server 2022-02-14 22:53:18,345 [INFO] Sending to ptd: 'SR,V,300.000000'
ptd-server 2022-02-14 22:53:19,846 [INFO] Reply from ptd: 'Range V changed'
ptd-server 2022-02-14 22:53:19,846 [INFO] Sending to ptd: 'SR,A,0.500000'
ptd-server 2022-02-14 22:53:21,348 [INFO] Reply from ptd: 'Range A changed'
ptd-server 2022-02-14 22:53:21,348 [INFO] Set initial values for Amps 0.500000 and Volts 300.000000
ptd-server 2022-02-14 22:53:21,348 [INFO] Stopping ptd...
