ptd-server 2022-02-24 01:19:02,957 [INFO] Got command from the client 'time'
ptd-server 2022-02-24 01:19:02,958 [INFO] Sending reply to client '1645665542.9581375'
ptd-server 2022-02-24 01:19:02,960 [INFO] Got command from the client 'new,,2c4b570e-ee29-4b29-baa8-32a89e0ba11e'
ptd-server 2022-02-24 01:19:02,960 [INFO] Sending reply to client 'OK 2022-02-24_01-19-02,79636628-d68a-4010-9bd8-9de83fca9cd5'
ptd-server 2022-02-24 01:19:02,993 [INFO] Got command from the client 'time'
ptd-server 2022-02-24 01:19:02,993 [INFO] Sending reply to client '1645665542.9938626'
ptd-server 2022-02-24 01:19:02,995 [INFO] Got command from the client 'session,2022-02-24_01-19-02,start,ranging'
ptd-server 2022-02-24 01:19:02,996 [INFO] Running PTDaemon: ['/home/anton/projects/mlperf/power/inference_v1.0/ptd-linux-x86', '-l', '/tmp/tmp0_fn53vp/ptd_logfile.txt', '-p', '8888', '49', '/dev/usbtmc0']
ptd-server 2022-02-24 01:19:20,170 [INFO] Sending to ptd: 'Hello'
ptd-server 2022-02-24 01:19:20,171 [INFO] Reply from ptd: 'Hello, PTDaemon here!'
ptd-server 2022-02-24 01:19:20,171 [INFO] Sending to ptd: 'Identify'
ptd-server 2022-02-24 01:19:20,171 [INFO] Reply from ptd: 'YokogawaWT310E,1000,1,1,1,1,0,1,1,version=1.9.2-e8c7a49a-20201208,OS=Linux 5.13.0-30-generic #33~20.04.1-Ubuntu SMP Mon Feb 7 14:25:10 UTC 2022 x86_64,mode=power,1,1,1,0,0,no_cal_date,YOKOGAWA;WT310E;C3XA04010E;F1.04'
ptd-server 2022-02-24 01:19:20,171 [INFO] Connected to PTDaemon
ptd-server 2022-02-24 01:19:20,171 [INFO] Sending to ptd: 'RR'
ptd-server 2022-02-24 01:19:20,172 [INFO] Reply from ptd: 'Ranges,0,0.500000,1,300.000000'
ptd-server 2022-02-24 01:19:20,172 [INFO] Initial range for Amps is 0.500000 for Volts is Auto
ptd-server 2022-02-24 01:19:20,172 [INFO] Sending to ptd: 'SR,V,Auto'
ptd-server 2022-02-24 01:19:20,674 [INFO] Reply from ptd: 'Range V changed'
ptd-server 2022-02-24 01:19:20,675 [INFO] Sending to ptd: 'SR,A,Auto'
ptd-server 2022-02-24 01:19:21,177 [INFO] Reply from ptd: 'Range A changed'
ptd-server 2022-02-24 01:19:31,187 [INFO] Starting ranging mode
ptd-server 2022-02-24 01:19:31,187 [INFO] Sending to ptd: 'Go,1000,0,2022-02-24_01-19-02_ranging'
ptd-server 2022-02-24 01:19:31,188 [INFO] Reply from ptd: 'Starting untimed measurement, maximum 500000 samples at 1000ms with 0 rampup samples'
ptd-server 2022-02-24 01:19:31,188 [INFO] Sending reply to client 'OK'
ptd-server 2022-02-24 01:29:53,784 [INFO] Got command from the client 'session,2022-02-24_01-19-02,stop,ranging'
ptd-server 2022-02-24 01:30:03,794 [INFO] Sending to ptd: 'Stop'
ptd-server 2022-02-24 01:30:03,795 [INFO] Reply from ptd: 'Stopping untimed measurement'
ptd-server 2022-02-24 01:30:03,833 [INFO] Sending reply to client 'OK'
ptd-server 2022-02-24 01:30:03,895 [INFO] Got command from the client 'time'
ptd-server 2022-02-24 01:30:03,895 [INFO] Sending reply to client '1645666203.8952312'
ptd-server 2022-02-24 01:30:03,897 [INFO] Got command from the client 'session,2022-02-24_01-19-02,start,testing'
ptd-server 2022-02-24 01:30:03,897 [INFO] Sending to ptd: 'SR,V,250.450000'
ptd-server 2022-02-24 01:30:05,689 [INFO] Reply from ptd: 'Range V changed'
ptd-server 2022-02-24 01:30:05,689 [INFO] Sending to ptd: 'SR,A,0.044330'
ptd-server 2022-02-24 01:30:07,190 [INFO] Reply from ptd: 'Range A changed'
ptd-server 2022-02-24 01:30:17,201 [INFO] Starting testing mode
ptd-server 2022-02-24 01:30:17,201 [INFO] Sending to ptd: 'Go,1000,0,2022-02-24_01-19-02_testing'
ptd-server 2022-02-24 01:30:17,201 [INFO] Reply from ptd: 'Starting untimed measurement, maximum 500000 samples at 1000ms with 0 rampup samples'
ptd-server 2022-02-24 01:30:17,201 [INFO] Sending reply to client 'OK'
ptd-server 2022-02-24 01:40:39,752 [INFO] Got command from the client 'session,2022-02-24_01-19-02,stop,testing'
ptd-server 2022-02-24 01:40:49,763 [INFO] Sending to ptd: 'Stop'
ptd-server 2022-02-24 01:40:49,763 [INFO] Reply from ptd: 'Stopping untimed measurement'
ptd-server 2022-02-24 01:40:49,783 [INFO] Sending reply to client 'OK'
ptd-server 2022-02-24 01:40:49,802 [INFO] Got command from the client 'session,2022-02-24_01-19-02,done'
ptd-server 2022-02-24 01:40:49,802 [INFO] Sending to ptd: 'Stop'
ptd-server 2022-02-24 01:40:50,202 [INFO] Reply from ptd: 'Error: no measurement to stop'
ptd-server 2022-02-24 01:40:50,202 [INFO] Sending to ptd: 'SR,V,Auto'
ptd-server 2022-02-24 01:40:50,704 [INFO] Reply from ptd: 'Range V changed'
ptd-server 2022-02-24 01:40:50,704 [INFO] Sending to ptd: 'SR,A,0.500000'
ptd-server 2022-02-24 01:40:52,206 [INFO] Reply from ptd: 'Range A changed'
ptd-server 2022-02-24 01:40:52,206 [INFO] Set initial values for Amps 0.500000 and Volts Auto
ptd-server 2022-02-24 01:40:52,206 [INFO] Stopping ptd...
