ptd-server 2022-02-18 15:09:21,118 [INFO] Got command from the client 'time'
ptd-server 2022-02-18 15:09:21,118 [INFO] Sending reply to client '1645218561.118833'
ptd-server 2022-02-18 15:09:21,119 [INFO] Got command from the client 'new,,1ec47384-08ae-4fe4-8d5c-bc8043917993'
ptd-server 2022-02-18 15:09:21,120 [INFO] Sending reply to client 'OK 2022-02-18_15-09-21,c2e54c0f-b8b1-452c-ba8e-d767e28fdfdf'
ptd-server 2022-02-18 15:09:21,227 [INFO] Got command from the client 'time'
ptd-server 2022-02-18 15:09:21,227 [INFO] Sending reply to client '1645218561.2276816'
ptd-server 2022-02-18 15:09:21,229 [INFO] Got command from the client 'session,2022-02-18_15-09-21,start,ranging'
ptd-server 2022-02-18 15:09:21,229 [INFO] Running PTDaemon: ['/local/mnt/workspace/mlcommons/power-main/inference_v1.0/ptd-linux-x86', '-l', '/tmp/tmpbzz3s1yx/ptd_logfile.txt', '-p', '8886', '49', '/dev/usbtmc1']
ptd-server 2022-02-18 15:09:38,348 [INFO] Sending to ptd: 'Hello'
ptd-server 2022-02-18 15:09:38,349 [INFO] Reply from ptd: 'Hello, PTDaemon here!'
ptd-server 2022-02-18 15:09:38,350 [INFO] Sending to ptd: 'Identify'
ptd-server 2022-02-18 15:09:38,350 [INFO] Reply from ptd: 'YokogawaWT310E,1000,1,1,1,1,0,1,1,version=1.9.2-e8c7a49a-20201208,OS=Linux 4.15.0-162-generic #170-Ubuntu SMP Mon Oct 18 11:38:05 UTC 2021 x86_64,mode=power,1,1,1,0,0,no_cal_date,YOKOGAWA;WT310E;C2XF16030V;F1.04'
ptd-server 2022-02-18 15:09:38,350 [INFO] Connected to PTDaemon
ptd-server 2022-02-18 15:09:38,351 [INFO] Sending to ptd: 'RR'
ptd-server 2022-02-18 15:09:38,351 [INFO] Reply from ptd: 'Ranges,1,2.000000,1,150.000000'
ptd-server 2022-02-18 15:09:38,351 [INFO] Initial range for Amps is Auto for Volts is Auto
ptd-server 2022-02-18 15:09:38,352 [INFO] Sending to ptd: 'SR,V,Auto'
ptd-server 2022-02-18 15:09:38,854 [INFO] Reply from ptd: 'Range V changed'
ptd-server 2022-02-18 15:09:38,854 [INFO] Sending to ptd: 'SR,A,Auto'
ptd-server 2022-02-18 15:09:39,357 [INFO] Reply from ptd: 'Range A changed'
ptd-server 2022-02-18 15:09:49,368 [INFO] Starting ranging mode
ptd-server 2022-02-18 15:09:49,368 [INFO] Sending to ptd: 'Go,1000,0,2022-02-18_15-09-21_ranging'
ptd-server 2022-02-18 15:09:49,369 [INFO] Reply from ptd: 'Starting untimed measurement, maximum 500000 samples at 1000ms with 0 rampup samples'
ptd-server 2022-02-18 15:09:49,369 [INFO] Sending reply to client 'OK'
ptd-server 2022-02-18 15:22:41,596 [INFO] Got command from the client 'session,2022-02-18_15-09-21,stop,ranging'
ptd-server 2022-02-18 15:22:51,607 [INFO] Sending to ptd: 'Stop'
ptd-server 2022-02-18 15:22:51,607 [INFO] Reply from ptd: 'Stopping untimed measurement'
ptd-server 2022-02-18 15:22:51,795 [INFO] Sending reply to client 'OK'
ptd-server 2022-02-18 15:22:51,916 [INFO] Got command from the client 'time'
ptd-server 2022-02-18 15:22:51,916 [INFO] Sending reply to client '1645219371.9166596'
ptd-server 2022-02-18 15:22:51,917 [INFO] Got command from the client 'session,2022-02-18_15-09-21,start,testing'
ptd-server 2022-02-18 15:22:51,917 [INFO] Sending to ptd: 'SR,V,121.070000'
ptd-server 2022-02-18 15:22:53,871 [INFO] Reply from ptd: 'Range V changed'
ptd-server 2022-02-18 15:22:53,872 [INFO] Sending to ptd: 'SR,A,4.218900'
ptd-server 2022-02-18 15:22:55,374 [INFO] Reply from ptd: 'Range A changed'
ptd-server 2022-02-18 15:23:05,381 [INFO] Starting testing mode
ptd-server 2022-02-18 15:23:05,381 [INFO] Sending to ptd: 'Go,1000,0,2022-02-18_15-09-21_testing'
ptd-server 2022-02-18 15:23:05,382 [INFO] Reply from ptd: 'Starting untimed measurement, maximum 500000 samples at 1000ms with 0 rampup samples'
ptd-server 2022-02-18 15:23:05,382 [INFO] Sending reply to client 'OK'
ptd-server 2022-02-18 15:35:57,581 [INFO] Got command from the client 'session,2022-02-18_15-09-21,stop,testing'
ptd-server 2022-02-18 15:36:07,588 [INFO] Sending to ptd: 'Stop'
ptd-server 2022-02-18 15:36:07,589 [INFO] Reply from ptd: 'Stopping untimed measurement'
ptd-server 2022-02-18 15:36:07,675 [INFO] Sending reply to client 'OK'
ptd-server 2022-02-18 15:36:07,681 [INFO] Got command from the client 'session,2022-02-18_15-09-21,done'
ptd-server 2022-02-18 15:36:07,681 [INFO] Sending to ptd: 'Stop'
ptd-server 2022-02-18 15:36:08,383 [INFO] Reply from ptd: 'Error: no measurement to stop'
ptd-server 2022-02-18 15:36:08,383 [INFO] Sending to ptd: 'SR,V,Auto'
ptd-server 2022-02-18 15:36:08,886 [INFO] Reply from ptd: 'Range V changed'
ptd-server 2022-02-18 15:36:08,886 [INFO] Sending to ptd: 'SR,A,Auto'
ptd-server 2022-02-18 15:36:09,389 [INFO] Reply from ptd: 'Range A changed'
ptd-server 2022-02-18 15:36:09,389 [INFO] Set initial values for Amps Auto and Volts Auto
ptd-server 2022-02-18 15:36:09,390 [INFO] Stopping ptd...
