ptd-server 2022-02-15 08:21:36,622 [INFO] Got command from the client 'time'
ptd-server 2022-02-15 08:21:36,622 [INFO] Sending reply to client '1644913296.6225235'
ptd-server 2022-02-15 08:21:36,625 [INFO] Got command from the client 'new,,5daa6c9f-14df-4c5d-9140-99e05a2d31da'
ptd-server 2022-02-15 08:21:36,625 [INFO] Sending reply to client 'OK 2022-02-15_08-21-36,5bb96ff7-478d-42d2-b626-d743996cff7a'
ptd-server 2022-02-15 08:21:36,672 [INFO] Got command from the client 'time'
ptd-server 2022-02-15 08:21:36,672 [INFO] Sending reply to client '1644913296.6725233'
ptd-server 2022-02-15 08:21:36,674 [INFO] Got command from the client 'session,2022-02-15_08-21-36,start,ranging'
ptd-server 2022-02-15 08:21:36,675 [INFO] Running PTDaemon: ['/home/anton/projects/mlperf/power/inference_v1.0/ptd-linux-x86', '-l', '/tmp/tmpxvec0g6h/ptd_logfile.txt', '-p', '8888', '49', '/dev/usbtmc0']
ptd-server 2022-02-15 08:21:53,848 [INFO] Sending to ptd: 'Hello'
ptd-server 2022-02-15 08:21:53,849 [INFO] Reply from ptd: 'Hello, PTDaemon here!'
ptd-server 2022-02-15 08:21:53,849 [INFO] Sending to ptd: 'Identify'
ptd-server 2022-02-15 08:21:53,850 [INFO] Reply from ptd: 'YokogawaWT310E,1000,1,1,1,1,0,1,1,version=1.9.2-e8c7a49a-20201208,OS=Linux 5.13.0-27-generic #29~20.04.1-Ubuntu SMP Fri Jan 14 00:32:30 UTC 2022 x86_64,mode=power,1,1,1,0,0,no_cal_date,YOKOGAWA;WT310E;C3XA04010E;F1.04'
ptd-server 2022-02-15 08:21:53,850 [INFO] Connected to PTDaemon
ptd-server 2022-02-15 08:21:53,850 [INFO] Sending to ptd: 'RR'
ptd-server 2022-02-15 08:21:53,850 [INFO] Reply from ptd: 'Ranges,0,0.500000,0,300.000000'
ptd-server 2022-02-15 08:21:53,850 [INFO] Initial range for Amps is 0.500000 for Volts is 300.000000
ptd-server 2022-02-15 08:21:53,851 [INFO] Sending to ptd: 'SR,V,Auto'
ptd-server 2022-02-15 08:21:54,353 [INFO] Reply from ptd: 'Range V changed'
ptd-server 2022-02-15 08:21:54,353 [INFO] Sending to ptd: 'SR,A,Auto'
ptd-server 2022-02-15 08:21:54,856 [INFO] Reply from ptd: 'Range A changed'
ptd-server 2022-02-15 08:22:04,866 [INFO] Starting ranging mode
ptd-server 2022-02-15 08:22:04,866 [INFO] Sending to ptd: 'Go,1000,0,2022-02-15_08-21-36_ranging'
ptd-server 2022-02-15 08:22:04,867 [INFO] Reply from ptd: 'Starting untimed measurement, maximum 500000 samples at 1000ms with 0 rampup samples'
ptd-server 2022-02-15 08:22:04,867 [INFO] Sending reply to client 'OK'
ptd-server 2022-02-15 08:32:24,295 [INFO] Got command from the client 'session,2022-02-15_08-21-36,stop,ranging'
ptd-server 2022-02-15 08:32:34,306 [INFO] Sending to ptd: 'Stop'
ptd-server 2022-02-15 08:32:34,306 [INFO] Reply from ptd: 'Stopping untimed measurement'
ptd-server 2022-02-15 08:32:35,142 [INFO] Sending reply to client 'OK'
ptd-server 2022-02-15 08:32:35,201 [INFO] Got command from the client 'time'
ptd-server 2022-02-15 08:32:35,201 [INFO] Sending reply to client '1644913955.201777'
ptd-server 2022-02-15 08:32:35,204 [INFO] Got command from the client 'session,2022-02-15_08-21-36,start,testing'
ptd-server 2022-02-15 08:32:35,204 [INFO] Sending to ptd: 'SR,V,248.770000'
ptd-server 2022-02-15 08:32:36,705 [INFO] Reply from ptd: 'Range V changed'
ptd-server 2022-02-15 08:32:36,706 [INFO] Sending to ptd: 'SR,A,0.223410'
ptd-server 2022-02-15 08:32:38,207 [INFO] Reply from ptd: 'Range A changed'
ptd-server 2022-02-15 08:32:48,217 [INFO] Starting testing mode
ptd-server 2022-02-15 08:32:48,218 [INFO] Sending to ptd: 'Go,1000,0,2022-02-15_08-21-36_testing'
ptd-server 2022-02-15 08:32:48,218 [INFO] Reply from ptd: 'Starting untimed measurement, maximum 500000 samples at 1000ms with 0 rampup samples'
ptd-server 2022-02-15 08:32:48,218 [INFO] Sending reply to client 'OK'
ptd-server 2022-02-15 08:43:07,568 [INFO] Got command from the client 'session,2022-02-15_08-21-36,stop,testing'
ptd-server 2022-02-15 08:43:17,578 [INFO] Sending to ptd: 'Stop'
ptd-server 2022-02-15 08:43:17,579 [INFO] Reply from ptd: 'Stopping untimed measurement'
ptd-server 2022-02-15 08:43:18,005 [INFO] Sending reply to client 'OK'
ptd-server 2022-02-15 08:43:18,025 [INFO] Got command from the client 'session,2022-02-15_08-21-36,done'
ptd-server 2022-02-15 08:43:18,025 [INFO] Sending to ptd: 'Stop'
ptd-server 2022-02-15 08:43:18,219 [INFO] Reply from ptd: 'Error: no measurement to stop'
ptd-server 2022-02-15 08:43:18,219 [INFO] Sending to ptd: 'SR,V,300.000000'
ptd-server 2022-02-15 08:43:19,720 [INFO] Reply from ptd: 'Range V changed'
ptd-server 2022-02-15 08:43:19,720 [INFO] Sending to ptd: 'SR,A,0.500000'
ptd-server 2022-02-15 08:43:21,222 [INFO] Reply from ptd: 'Range A changed'
ptd-server 2022-02-15 08:43:21,222 [INFO] Set initial values for Amps 0.500000 and Volts 300.000000
ptd-server 2022-02-15 08:43:21,222 [INFO] Stopping ptd...
