ptd-server 2022-02-15 07:37:50,991 [INFO] Got command from the client 'time'
ptd-server 2022-02-15 07:37:50,991 [INFO] Sending reply to client '1644910670.9914138'
ptd-server 2022-02-15 07:37:50,994 [INFO] Got command from the client 'new,,84f3fb3f-91fb-489b-9d53-8b6bc6e72329'
ptd-server 2022-02-15 07:37:50,994 [INFO] Sending reply to client 'OK 2022-02-15_07-37-50,bdd868a4-f1bc-484e-bd0f-33afac0c2862'
ptd-server 2022-02-15 07:37:51,030 [INFO] Got command from the client 'time'
ptd-server 2022-02-15 07:37:51,031 [INFO] Sending reply to client '1644910671.031014'
ptd-server 2022-02-15 07:37:51,033 [INFO] Got command from the client 'session,2022-02-15_07-37-50,start,ranging'
ptd-server 2022-02-15 07:37:51,033 [INFO] Running PTDaemon: ['/home/anton/projects/mlperf/power/inference_v1.0/ptd-linux-x86', '-l', '/tmp/tmpxvec0g6h/ptd_logfile.txt', '-p', '8888', '49', '/dev/usbtmc0']
ptd-server 2022-02-15 07:38:08,206 [INFO] Sending to ptd: 'Hello'
ptd-server 2022-02-15 07:38:08,207 [INFO] Reply from ptd: 'Hello, PTDaemon here!'
ptd-server 2022-02-15 07:38:08,207 [INFO] Sending to ptd: 'Identify'
ptd-server 2022-02-15 07:38:08,207 [INFO] Reply from ptd: 'YokogawaWT310E,1000,1,1,1,1,0,1,1,version=1.9.2-e8c7a49a-20201208,OS=Linux 5.13.0-27-generic #29~20.04.1-Ubuntu SMP Fri Jan 14 00:32:30 UTC 2022 x86_64,mode=power,1,1,1,0,0,no_cal_date,YOKOGAWA;WT310E;C3XA04010E;F1.04'
ptd-server 2022-02-15 07:38:08,207 [INFO] Connected to PTDaemon
ptd-server 2022-02-15 07:38:08,208 [INFO] Sending to ptd: 'RR'
ptd-server 2022-02-15 07:38:08,208 [INFO] Reply from ptd: 'Ranges,0,0.500000,0,300.000000'
ptd-server 2022-02-15 07:38:08,208 [INFO] Initial range for Amps is 0.500000 for Volts is 300.000000
ptd-server 2022-02-15 07:38:08,208 [INFO] Sending to ptd: 'SR,V,Auto'
ptd-server 2022-02-15 07:38:08,711 [INFO] Reply from ptd: 'Range V changed'
ptd-server 2022-02-15 07:38:08,711 [INFO] Sending to ptd: 'SR,A,Auto'
ptd-server 2022-02-15 07:38:09,213 [INFO] Reply from ptd: 'Range A changed'
ptd-server 2022-02-15 07:38:19,220 [INFO] Starting ranging mode
ptd-server 2022-02-15 07:38:19,220 [INFO] Sending to ptd: 'Go,1000,0,2022-02-15_07-37-50_ranging'
ptd-server 2022-02-15 07:38:19,221 [INFO] Reply from ptd: 'Starting untimed measurement, maximum 500000 samples at 1000ms with 0 rampup samples'
ptd-server 2022-02-15 07:38:19,221 [INFO] Sending reply to client 'OK'
ptd-server 2022-02-15 07:48:38,846 [INFO] Got command from the client 'session,2022-02-15_07-37-50,stop,ranging'
ptd-server 2022-02-15 07:48:48,857 [INFO] Sending to ptd: 'Stop'
ptd-server 2022-02-15 07:48:48,857 [INFO] Reply from ptd: 'Stopping untimed measurement'
ptd-server 2022-02-15 07:48:49,686 [INFO] Sending reply to client 'OK'
ptd-server 2022-02-15 07:48:49,740 [INFO] Got command from the client 'time'
ptd-server 2022-02-15 07:48:49,740 [INFO] Sending reply to client '1644911329.7402089'
ptd-server 2022-02-15 07:48:49,742 [INFO] Got command from the client 'session,2022-02-15_07-37-50,start,testing'
ptd-server 2022-02-15 07:48:49,743 [INFO] Sending to ptd: 'SR,V,248.770000'
ptd-server 2022-02-15 07:48:51,244 [INFO] Reply from ptd: 'Range V changed'
ptd-server 2022-02-15 07:48:51,244 [INFO] Sending to ptd: 'SR,A,0.212280'
ptd-server 2022-02-15 07:48:52,746 [INFO] Reply from ptd: 'Range A changed'
ptd-server 2022-02-15 07:49:02,756 [INFO] Starting testing mode
ptd-server 2022-02-15 07:49:02,756 [INFO] Sending to ptd: 'Go,1000,0,2022-02-15_07-37-50_testing'
ptd-server 2022-02-15 07:49:02,756 [INFO] Reply from ptd: 'Starting untimed measurement, maximum 500000 samples at 1000ms with 0 rampup samples'
ptd-server 2022-02-15 07:49:02,757 [INFO] Sending reply to client 'OK'
ptd-server 2022-02-15 07:59:22,377 [INFO] Got command from the client 'session,2022-02-15_07-37-50,stop,testing'
ptd-server 2022-02-15 07:59:32,387 [INFO] Sending to ptd: 'Stop'
ptd-server 2022-02-15 07:59:32,388 [INFO] Reply from ptd: 'Stopping untimed measurement'
ptd-server 2022-02-15 07:59:32,828 [INFO] Sending reply to client 'OK'
ptd-server 2022-02-15 07:59:32,846 [INFO] Got command from the client 'session,2022-02-15_07-37-50,done'
ptd-server 2022-02-15 07:59:32,847 [INFO] Sending to ptd: 'Stop'
ptd-server 2022-02-15 07:59:32,847 [INFO] Reply from ptd: 'Error: no measurement to stop'
ptd-server 2022-02-15 07:59:32,847 [INFO] Sending to ptd: 'SR,V,300.000000'
ptd-server 2022-02-15 07:59:34,348 [INFO] Reply from ptd: 'Range V changed'
ptd-server 2022-02-15 07:59:34,349 [INFO] Sending to ptd: 'SR,A,0.500000'
ptd-server 2022-02-15 07:59:35,850 [INFO] Reply from ptd: 'Range A changed'
ptd-server 2022-02-15 07:59:35,850 [INFO] Set initial values for Amps 0.500000 and Volts 300.000000
ptd-server 2022-02-15 07:59:35,850 [INFO] Stopping ptd...
