ptd-server 2022-02-15 15:41:37,065 [INFO] Got command from the client 'time'
ptd-server 2022-02-15 15:41:37,065 [INFO] Sending reply to client '1644939697.0656192'
ptd-server 2022-02-15 15:41:37,068 [INFO] Got command from the client 'new,,91a4e1b8-4669-4e93-b69a-14768c6eff65'
ptd-server 2022-02-15 15:41:37,069 [INFO] Sending reply to client 'OK 2022-02-15_15-41-37,9c615e3b-47e4-4fbe-ad5d-6343fdb8e249'
ptd-server 2022-02-15 15:41:37,114 [INFO] Got command from the client 'time'
ptd-server 2022-02-15 15:41:37,115 [INFO] Sending reply to client '1644939697.1150472'
ptd-server 2022-02-15 15:41:37,117 [INFO] Got command from the client 'session,2022-02-15_15-41-37,start,ranging'
ptd-server 2022-02-15 15:41:37,117 [INFO] Running PTDaemon: ['/home/anton/projects/mlperf/power/inference_v1.0/ptd-linux-x86', '-l', '/tmp/tmpxvec0g6h/ptd_logfile.txt', '-p', '8888', '49', '/dev/usbtmc0']
ptd-server 2022-02-15 15:41:54,290 [INFO] Sending to ptd: 'Hello'
ptd-server 2022-02-15 15:41:54,291 [INFO] Reply from ptd: 'Hello, PTDaemon here!'
ptd-server 2022-02-15 15:41:54,291 [INFO] Sending to ptd: 'Identify'
ptd-server 2022-02-15 15:41:54,292 [INFO] Reply from ptd: 'YokogawaWT310E,1000,1,1,1,1,0,1,1,version=1.9.2-e8c7a49a-20201208,OS=Linux 5.13.0-27-generic #29~20.04.1-Ubuntu SMP Fri Jan 14 00:32:30 UTC 2022 x86_64,mode=power,1,1,1,0,0,no_cal_date,YOKOGAWA;WT310E;C3XA04010E;F1.04'
ptd-server 2022-02-15 15:41:54,292 [INFO] Connected to PTDaemon
ptd-server 2022-02-15 15:41:54,292 [INFO] Sending to ptd: 'RR'
ptd-server 2022-02-15 15:41:54,292 [INFO] Reply from ptd: 'Ranges,0,0.500000,0,300.000000'
ptd-server 2022-02-15 15:41:54,292 [INFO] Initial range for Amps is 0.500000 for Volts is 300.000000
ptd-server 2022-02-15 15:41:54,292 [INFO] Sending to ptd: 'SR,V,Auto'
ptd-server 2022-02-15 15:41:54,795 [INFO] Reply from ptd: 'Range V changed'
ptd-server 2022-02-15 15:41:54,795 [INFO] Sending to ptd: 'SR,A,Auto'
ptd-server 2022-02-15 15:41:55,298 [INFO] Reply from ptd: 'Range A changed'
ptd-server 2022-02-15 15:42:05,308 [INFO] Starting ranging mode
ptd-server 2022-02-15 15:42:05,308 [INFO] Sending to ptd: 'Go,1000,0,2022-02-15_15-41-37_ranging'
ptd-server 2022-02-15 15:42:05,309 [INFO] Reply from ptd: 'Starting untimed measurement, maximum 500000 samples at 1000ms with 0 rampup samples'
ptd-server 2022-02-15 15:42:05,309 [INFO] Sending reply to client 'OK'
ptd-server 2022-02-15 15:52:25,191 [INFO] Got command from the client 'session,2022-02-15_15-41-37,stop,ranging'
ptd-server 2022-02-15 15:52:35,202 [INFO] Sending to ptd: 'Stop'
ptd-server 2022-02-15 15:52:35,202 [INFO] Reply from ptd: 'Stopping untimed measurement'
ptd-server 2022-02-15 15:52:36,047 [INFO] Sending reply to client 'OK'
ptd-server 2022-02-15 15:52:36,122 [INFO] Got command from the client 'time'
ptd-server 2022-02-15 15:52:36,122 [INFO] Sending reply to client '1644940356.1226883'
ptd-server 2022-02-15 15:52:36,125 [INFO] Got command from the client 'session,2022-02-15_15-41-37,start,testing'
ptd-server 2022-02-15 15:52:36,125 [INFO] Sending to ptd: 'SR,V,250.420000'
ptd-server 2022-02-15 15:52:37,626 [INFO] Reply from ptd: 'Range V changed'
ptd-server 2022-02-15 15:52:37,627 [INFO] Sending to ptd: 'SR,A,0.173980'
ptd-server 2022-02-15 15:52:39,128 [INFO] Reply from ptd: 'Range A changed'
ptd-server 2022-02-15 15:52:49,138 [INFO] Starting testing mode
ptd-server 2022-02-15 15:52:49,139 [INFO] Sending to ptd: 'Go,1000,0,2022-02-15_15-41-37_testing'
ptd-server 2022-02-15 15:52:49,139 [INFO] Reply from ptd: 'Starting untimed measurement, maximum 500000 samples at 1000ms with 0 rampup samples'
ptd-server 2022-02-15 15:52:49,139 [INFO] Sending reply to client 'OK'
ptd-server 2022-02-15 16:03:08,793 [INFO] Got command from the client 'session,2022-02-15_15-41-37,stop,testing'
ptd-server 2022-02-15 16:03:18,804 [INFO] Sending to ptd: 'Stop'
ptd-server 2022-02-15 16:03:18,804 [INFO] Reply from ptd: 'Stopping untimed measurement'
ptd-server 2022-02-15 16:03:19,268 [INFO] Sending reply to client 'OK'
ptd-server 2022-02-15 16:03:19,287 [INFO] Got command from the client 'session,2022-02-15_15-41-37,done'
ptd-server 2022-02-15 16:03:19,287 [INFO] Sending to ptd: 'Stop'
ptd-server 2022-02-15 16:03:19,287 [INFO] Reply from ptd: 'Error: no measurement to stop'
ptd-server 2022-02-15 16:03:19,287 [INFO] Sending to ptd: 'SR,V,300.000000'
ptd-server 2022-02-15 16:03:20,789 [INFO] Reply from ptd: 'Range V changed'
ptd-server 2022-02-15 16:03:20,789 [INFO] Sending to ptd: 'SR,A,0.500000'
ptd-server 2022-02-15 16:03:22,290 [INFO] Reply from ptd: 'Range A changed'
ptd-server 2022-02-15 16:03:22,290 [INFO] Set initial values for Amps 0.500000 and Volts 300.000000
ptd-server 2022-02-15 16:03:22,291 [INFO] Stopping ptd...
