client 2022-02-23 15:56:20,300 [INFO] Sending command to the server: 'mlcommons/power client v3'
client 2022-02-23 15:56:20,302 [INFO] Got response: 'mlcommons/power server v3'
client 2022-02-23 15:56:20,302 [INFO] Sending command to the server: 'stop'
client 2022-02-23 15:56:20,304 [INFO] Got response: 'OK'
client 2022-02-23 15:56:20,304 [INFO] Synchronizing with the server and with ib-01.dc4-in.nvidia.com...
client 2022-02-23 15:56:20,513 [INFO] NTP:offset = 0.001 s, delay = 0.202 s 
client 2022-02-23 15:56:20,513 [INFO] Sending command to the server: 'time'
client 2022-02-23 15:56:20,515 [INFO] Got response: '1645660580.3575988'
client 2022-02-23 15:56:20,515 [INFO] The time difference between the client and the server is within range 155.682 ms..157.656 ms
client 2022-02-23 15:56:20,515 [INFO] Sending command to the server: 'new,,0b7082c1-1836-462a-83df-d649e82623a7'
client 2022-02-23 15:56:20,517 [INFO] Got response: 'OK 2022-02-23_15-56-20,270f4452-0f30-4afb-be86-019e39de3ca7'
client 2022-02-23 15:56:20,517 [INFO] Session id is '2022-02-23_15-56-20'
client 2022-02-23 15:56:20,517 [INFO] Sources: {"sources": {"__init__.py": "da39a3ee5e6b4b0d3255bfef95601890afd80709", "client.py": "33ca4f26368777ac06e01f9567b714a4b8063886", "lib/__init__.py": "da39a3ee5e6b4b0d3255bfef95601890afd80709", "lib/client.py": "4c2b78fb4849a7e5b584ef792d82aaed20b17f57", "lib/common.py": "624d0c0acc7c39aaff3674f0b99d6a09da53d1dc", "lib/external/__init__.py": "da39a3ee5e6b4b0d3255bfef95601890afd80709", "lib/external/ntplib.py": "4da8f970656505a40483206ef2b5d3dd5e81711d", "lib/server.py": "59c9fb92908260d3e9f81a895c7aa009742275e4", "lib/source_hashes.py": "60a2e02193209e8d392803326208d5466342da18", "lib/summary.py": "aa92f0a3f975eecd44d3c0cd0236342ccc9f941d", "lib/time_sync.py": "3210db56eb0ff0df57bf4293dc4d4b03fffd46f1", "server.py": "c3f90f2f7eeb4db30727556d0c815ebc89b3d28b", "tests/unit/__init__.py": "da39a3ee5e6b4b0d3255bfef95601890afd80709", "tests/unit/test_server.py": "99ae15aef722f2000ee6ed1ae1523637bf1ae42b", "tests/unit/test_source_hashes.py": "00468a2907583c593e6574a1f6b404e4651c221a"}, "modules": {"ptd_client_server.lib.client": "lib/client.py", "ptd_client_server.lib.common": "lib/common.py", "ptd_client_server.lib.external.ntplib": "lib/external/ntplib.py", "ptd_client_server.lib.source_hashes": "lib/source_hashes.py", "ptd_client_server.lib.summary": "lib/summary.py", "ptd_client_server.lib.time_sync": "lib/time_sync.py"}}
client 2022-02-23 15:56:20,522 [INFO] Running workload in ranging mode
client 2022-02-23 15:56:20,522 [INFO] Synchronizing with the server and with ib-01.dc4-in.nvidia.com...
client 2022-02-23 15:56:20,725 [INFO] NTP:offset = 0.001 s, delay = 0.202 s 
client 2022-02-23 15:56:20,725 [INFO] Sending command to the server: 'time'
client 2022-02-23 15:56:20,727 [INFO] Got response: '1645660580.5762968'
client 2022-02-23 15:56:20,727 [INFO] The time difference between the client and the server is within range 149.614 ms..151.500 ms
client 2022-02-23 15:56:20,727 [INFO] Sending command to the server: 'session,2022-02-23_15-56-20,start,ranging'
client 2022-02-23 15:56:59,448 [INFO] Got response: 'OK'
client 2022-02-23 15:56:59,448 [INFO] Running the workload 'LOG_DIR=/work/build/power_logs_temp python3 code/main.py --benchmarks=rnnt --scenarios=Offline --test_mode=PerformanceOnly --config_ver=maxq --action="run_harness" \\\n\t\t2>&1 | tee -a /work/build/power_logs/2022.02.23-15.55.38/stdout.txt \\\n\t\t&& if [ ! -d /work/build/power_logs/2022.02.23-15.55.38/ranging_tmp ]; \\\n\t\t\tthen mkdir /work/build/power_logs/2022.02.23-15.55.38/ranging_tmp \\\n\t\t\t\t&& mv /work/build/power_logs_temp/* /work/build/power_logs/2022.02.23-15.55.38/ranging_tmp/ \\\n\t\t\t\t&& cp -v /work/build/power_logs/2022.02.23-15.55.38/ranging_tmp/*/*/*/mlperf_log_detail.txt /work/build/power_logs_temp/ \\\n\t\t\t\t&& cp -v /work/build/power_logs/2022.02.23-15.55.38/ranging_tmp/*/*/*/mlperf_log_summary.txt /work/build/power_logs_temp/; \\\n\t\t\telse mkdir /work/build/power_logs/2022.02.23-15.55.38/testing_tmp \\\n\t\t\t\t&& mv /work/build/power_logs_temp/* /work/build/power_logs/2022.02.23-15.55.38/testing_tmp/ \\\n\t\t\t\t&& cp -v /work/build/power_logs/2022.02.23-15.55.38/testing_tmp/*/*/*/mlperf_log_detail.txt /work/build/power_logs_temp/ \\\n\t\t\t\t&& cp -v /work/build/power_logs/2022.02.23-15.55.38/testing_tmp/*/*/*/mlperf_log_summary.txt /work/build/power_logs_temp/; fi'
client 2022-02-23 16:10:39,331 [INFO] Sending command to the server: 'session,2022-02-23_15-56-20,stop,ranging'
client 2022-02-23 16:10:49,379 [INFO] Got response: 'OK'
client 2022-02-23 16:10:49,394 [INFO] Copying loadgen logs from '/work/build/power_logs_temp' to '/work/build/power_logs/2022.02.23-15.55.38/2022-02-23_15-56-20/ranging'
client 2022-02-23 16:10:49,416 [INFO] Running workload in testing mode
client 2022-02-23 16:10:49,416 [INFO] Synchronizing with the server and with ib-01.dc4-in.nvidia.com...
client 2022-02-23 16:10:49,621 [INFO] NTP:offset = 0.000 s, delay = 0.203 s 
client 2022-02-23 16:10:49,622 [INFO] Sending command to the server: 'time'
client 2022-02-23 16:10:49,623 [INFO] Got response: '1645661449.4634793'
client 2022-02-23 16:10:49,624 [INFO] The time difference between the client and the server is within range 158.555 ms..160.551 ms
client 2022-02-23 16:10:49,624 [INFO] Sending command to the server: 'session,2022-02-23_15-56-20,start,testing'
client 2022-02-23 16:11:11,351 [INFO] Got response: 'OK'
client 2022-02-23 16:11:11,351 [INFO] Running the workload 'LOG_DIR=/work/build/power_logs_temp python3 code/main.py --benchmarks=rnnt --scenarios=Offline --test_mode=PerformanceOnly --config_ver=maxq --action="run_harness" \\\n\t\t2>&1 | tee -a /work/build/power_logs/2022.02.23-15.55.38/stdout.txt \\\n\t\t&& if [ ! -d /work/build/power_logs/2022.02.23-15.55.38/ranging_tmp ]; \\\n\t\t\tthen mkdir /work/build/power_logs/2022.02.23-15.55.38/ranging_tmp \\\n\t\t\t\t&& mv /work/build/power_logs_temp/* /work/build/power_logs/2022.02.23-15.55.38/ranging_tmp/ \\\n\t\t\t\t&& cp -v /work/build/power_logs/2022.02.23-15.55.38/ranging_tmp/*/*/*/mlperf_log_detail.txt /work/build/power_logs_temp/ \\\n\t\t\t\t&& cp -v /work/build/power_logs/2022.02.23-15.55.38/ranging_tmp/*/*/*/mlperf_log_summary.txt /work/build/power_logs_temp/; \\\n\t\t\telse mkdir /work/build/power_logs/2022.02.23-15.55.38/testing_tmp \\\n\t\t\t\t&& mv /work/build/power_logs_temp/* /work/build/power_logs/2022.02.23-15.55.38/testing_tmp/ \\\n\t\t\t\t&& cp -v /work/build/power_logs/2022.02.23-15.55.38/testing_tmp/*/*/*/mlperf_log_detail.txt /work/build/power_logs_temp/ \\\n\t\t\t\t&& cp -v /work/build/power_logs/2022.02.23-15.55.38/testing_tmp/*/*/*/mlperf_log_summary.txt /work/build/power_logs_temp/; fi'
client 2022-02-23 16:24:59,326 [INFO] Sending command to the server: 'session,2022-02-23_15-56-20,stop,testing'
client 2022-02-23 16:25:09,371 [INFO] Got response: 'OK'
client 2022-02-23 16:25:09,382 [INFO] Copying loadgen logs from '/work/build/power_logs_temp' to '/work/build/power_logs/2022.02.23-15.55.38/2022-02-23_15-56-20/run_1'
client 2022-02-23 16:25:09,402 [INFO] Done runs
