ptd-server 2022-02-23 15:56:20,154 [INFO] Got command from the client 'stop'
ptd-server 2022-02-23 15:56:20,154 [INFO] The server will be stopped after processing this client
ptd-server 2022-02-23 15:56:20,154 [INFO] Sending reply to client 'OK'
ptd-server 2022-02-23 15:56:20,357 [INFO] Got command from the client 'time'
ptd-server 2022-02-23 15:56:20,357 [INFO] Sending reply to client '1645660580.3575988'
ptd-server 2022-02-23 15:56:20,357 [INFO] Got command from the client 'new,,0b7082c1-1836-462a-83df-d649e82623a7'
ptd-server 2022-02-23 15:56:20,357 [INFO] Sending reply to client 'OK 2022-02-23_15-56-20,270f4452-0f30-4afb-be86-019e39de3ca7'
ptd-server 2022-02-23 15:56:20,576 [INFO] Got command from the client 'time'
ptd-server 2022-02-23 15:56:20,576 [INFO] Sending reply to client '1645660580.5762968'
ptd-server 2022-02-23 15:56:20,576 [INFO] Got command from the client 'session,2022-02-23_15-56-20,start,ranging'
ptd-server 2022-02-23 15:56:20,685 [INFO] Running PTDaemon: ['C:\\PTD\\ptd-windows-x86.exe', '-l', 'C:\\Users\\lab\\AppData\\Local\\Temp\\tmp8_zmo8xz\\ptd_logfile.txt', '-p', '8888', '-c', '1,2', '-y', '77', '10.34.224.245']
ptd-server 2022-02-23 15:56:39,118 [INFO] Sending to ptd: 'Hello'
ptd-server 2022-02-23 15:56:39,118 [INFO] Reply from ptd: 'Hello, PTDaemon here!'
ptd-server 2022-02-23 15:56:39,118 [INFO] Sending to ptd: 'Identify'
ptd-server 2022-02-23 15:56:39,118 [INFO] Reply from ptd: 'YokogawaWT330_multichannel,1000,1,1,1,1,0,0,1,version=1.9.2-3976349f-20201208,OS=Windows 8 / Server 2012,mode=power,1,1,2,0,0,no_cal_date,YOKOGAWA;WT333E;C2XL24038V;F1.04'
ptd-server 2022-02-23 15:56:39,118 [INFO] Connected to PTDaemon
ptd-server 2022-02-23 15:56:39,118 [INFO] Sending to ptd: 'RR'
ptd-server 2022-02-23 15:56:39,118 [INFO] Reply from ptd: 'Ranges,-1,-1.000000,-1,-1.000000'
ptd-server 2022-02-23 15:56:39,118 [INFO] Initial range for Amps is Auto for Volts is Auto
ptd-server 2022-02-23 15:56:39,118 [INFO] Sending to ptd: 'SR,V,Auto'
ptd-server 2022-02-23 15:56:44,195 [INFO] Reply from ptd: 'Range V changed'
ptd-server 2022-02-23 15:56:44,195 [INFO] Sending to ptd: 'SR,A,Auto'
ptd-server 2022-02-23 15:56:49,272 [INFO] Reply from ptd: 'Range A changed'
ptd-server 2022-02-23 15:56:59,285 [INFO] Starting ranging mode
ptd-server 2022-02-23 15:56:59,285 [INFO] Sending to ptd: 'Go,1000,0,2022-02-23_15-56-20_ranging'
ptd-server 2022-02-23 15:56:59,285 [INFO] Reply from ptd: 'Starting untimed measurement, maximum 500000 samples at 1000ms with 0 rampup samples'
ptd-server 2022-02-23 15:56:59,301 [INFO] Sending reply to client 'OK'
ptd-server 2022-02-23 16:10:39,169 [INFO] Got command from the client 'session,2022-02-23_15-56-20,stop,ranging'
ptd-server 2022-02-23 16:10:49,182 [INFO] Sending to ptd: 'Stop'
ptd-server 2022-02-23 16:10:49,182 [INFO] Reply from ptd: 'Stopping untimed measurement'
ptd-server 2022-02-23 16:10:49,213 [INFO] Sending reply to client 'OK'
ptd-server 2022-02-23 16:10:49,463 [INFO] Got command from the client 'time'
ptd-server 2022-02-23 16:10:49,463 [INFO] Sending reply to client '1645661449.4634793'
ptd-server 2022-02-23 16:10:49,463 [INFO] Got command from the client 'session,2022-02-23_15-56-20,start,testing'
ptd-server 2022-02-23 16:10:49,463 [INFO] Sending to ptd: 'SR,V,208.380000'
ptd-server 2022-02-23 16:10:55,555 [INFO] Reply from ptd: 'Range V changed'
ptd-server 2022-02-23 16:10:55,555 [INFO] Sending to ptd: 'SR,A,7.063000'
ptd-server 2022-02-23 16:11:01,148 [INFO] Reply from ptd: 'Range A changed'
ptd-server 2022-02-23 16:11:11,161 [INFO] Starting testing mode
ptd-server 2022-02-23 16:11:11,161 [INFO] Sending to ptd: 'Go,1000,0,2022-02-23_15-56-20_testing'
ptd-server 2022-02-23 16:11:11,177 [INFO] Reply from ptd: 'Starting untimed measurement, maximum 500000 samples at 1000ms with 0 rampup samples'
ptd-server 2022-02-23 16:11:11,177 [INFO] Sending reply to client 'OK'
ptd-server 2022-02-23 16:24:59,167 [INFO] Got command from the client 'session,2022-02-23_15-56-20,stop,testing'
ptd-server 2022-02-23 16:25:09,180 [INFO] Sending to ptd: 'Stop'
ptd-server 2022-02-23 16:25:09,180 [INFO] Reply from ptd: 'Stopping untimed measurement'
ptd-server 2022-02-23 16:25:09,211 [INFO] Sending reply to client 'OK'
ptd-server 2022-02-23 16:25:09,274 [INFO] Got command from the client 'session,2022-02-23_15-56-20,done'
ptd-server 2022-02-23 16:25:09,274 [INFO] Sending to ptd: 'Stop'
ptd-server 2022-02-23 16:25:10,195 [INFO] Reply from ptd: 'Error: no measurement to stop'
ptd-server 2022-02-23 16:25:10,195 [INFO] Sending to ptd: 'SR,V,Auto'
ptd-server 2022-02-23 16:25:15,272 [INFO] Reply from ptd: 'Range V changed'
ptd-server 2022-02-23 16:25:15,272 [INFO] Sending to ptd: 'SR,A,Auto'
ptd-server 2022-02-23 16:25:20,349 [INFO] Reply from ptd: 'Range A changed'
ptd-server 2022-02-23 16:25:20,349 [INFO] Set initial values for Amps Auto and Volts Auto
ptd-server 2022-02-23 16:25:20,349 [INFO] Stopping ptd...
