ptd-server 2022-02-14 10:05:41,905 [INFO] Got command from the client 'time'
ptd-server 2022-02-14 10:05:41,905 [INFO] Sending reply to client '1644833141.9052255'
ptd-server 2022-02-14 10:05:41,907 [INFO] Got command from the client 'new,,c9f6acee-733f-4d07-bf78-6f7972afbb76'
ptd-server 2022-02-14 10:05:41,908 [INFO] Sending reply to client 'OK 2022-02-14_10-05-41,97dcd755-ec53-40e0-bb19-5ada6e78c922'
ptd-server 2022-02-14 10:05:41,944 [INFO] Got command from the client 'time'
ptd-server 2022-02-14 10:05:41,944 [INFO] Sending reply to client '1644833141.9446077'
ptd-server 2022-02-14 10:05:41,946 [INFO] Got command from the client 'session,2022-02-14_10-05-41,start,ranging'
ptd-server 2022-02-14 10:05:41,946 [INFO] Running PTDaemon: ['/home/anton/projects/mlperf/power/inference_v1.0/ptd-linux-x86', '-l', '/tmp/tmpxvec0g6h/ptd_logfile.txt', '-p', '8888', '49', '/dev/usbtmc0']
ptd-server 2022-02-14 10:05:59,120 [INFO] Sending to ptd: 'Hello'
ptd-server 2022-02-14 10:05:59,121 [INFO] Reply from ptd: 'Hello, PTDaemon here!'
ptd-server 2022-02-14 10:05:59,121 [INFO] Sending to ptd: 'Identify'
ptd-server 2022-02-14 10:05:59,121 [INFO] Reply from ptd: 'YokogawaWT310E,1000,1,1,1,1,0,1,1,version=1.9.2-e8c7a49a-20201208,OS=Linux 5.13.0-27-generic #29~20.04.1-Ubuntu SMP Fri Jan 14 00:32:30 UTC 2022 x86_64,mode=power,1,1,1,0,0,no_cal_date,YOKOGAWA;WT310E;C3XA04010E;F1.04'
ptd-server 2022-02-14 10:05:59,122 [INFO] Connected to PTDaemon
ptd-server 2022-02-14 10:05:59,122 [INFO] Sending to ptd: 'RR'
ptd-server 2022-02-14 10:05:59,122 [INFO] Reply from ptd: 'Ranges,0,0.500000,0,300.000000'
ptd-server 2022-02-14 10:05:59,122 [INFO] Initial range for Amps is 0.500000 for Volts is 300.000000
ptd-server 2022-02-14 10:05:59,122 [INFO] Sending to ptd: 'SR,V,Auto'
ptd-server 2022-02-14 10:05:59,625 [INFO] Reply from ptd: 'Range V changed'
ptd-server 2022-02-14 10:05:59,625 [INFO] Sending to ptd: 'SR,A,Auto'
ptd-server 2022-02-14 10:06:00,127 [INFO] Reply from ptd: 'Range A changed'
ptd-server 2022-02-14 10:06:10,138 [INFO] Starting ranging mode
ptd-server 2022-02-14 10:06:10,138 [INFO] Sending to ptd: 'Go,1000,0,2022-02-14_10-05-41_ranging'
ptd-server 2022-02-14 10:06:10,138 [INFO] Reply from ptd: 'Starting untimed measurement, maximum 500000 samples at 1000ms with 0 rampup samples'
ptd-server 2022-02-14 10:06:10,138 [INFO] Sending reply to client 'OK'
ptd-server 2022-02-14 10:16:26,113 [INFO] Got command from the client 'session,2022-02-14_10-05-41,stop,ranging'
ptd-server 2022-02-14 10:16:36,120 [INFO] Sending to ptd: 'Stop'
ptd-server 2022-02-14 10:16:36,120 [INFO] Reply from ptd: 'Stopping untimed measurement'
ptd-server 2022-02-14 10:16:36,847 [INFO] Sending reply to client 'OK'
ptd-server 2022-02-14 10:16:36,902 [INFO] Got command from the client 'time'
ptd-server 2022-02-14 10:16:36,902 [INFO] Sending reply to client '1644833796.9029522'
ptd-server 2022-02-14 10:16:36,905 [INFO] Got command from the client 'session,2022-02-14_10-05-41,start,testing'
ptd-server 2022-02-14 10:16:36,905 [INFO] Sending to ptd: 'SR,V,250.610000'
ptd-server 2022-02-14 10:16:38,407 [INFO] Reply from ptd: 'Range V changed'
ptd-server 2022-02-14 10:16:38,407 [INFO] Sending to ptd: 'SR,A,0.141880'
ptd-server 2022-02-14 10:16:39,908 [INFO] Reply from ptd: 'Range A changed'
ptd-server 2022-02-14 10:16:49,918 [INFO] Starting testing mode
ptd-server 2022-02-14 10:16:49,919 [INFO] Sending to ptd: 'Go,1000,0,2022-02-14_10-05-41_testing'
ptd-server 2022-02-14 10:16:49,919 [INFO] Reply from ptd: 'Starting untimed measurement, maximum 500000 samples at 1000ms with 0 rampup samples'
ptd-server 2022-02-14 10:16:49,919 [INFO] Sending reply to client 'OK'
ptd-server 2022-02-14 10:27:05,696 [INFO] Got command from the client 'session,2022-02-14_10-05-41,stop,testing'
ptd-server 2022-02-14 10:27:15,707 [INFO] Sending to ptd: 'Stop'
ptd-server 2022-02-14 10:27:15,707 [INFO] Reply from ptd: 'Stopping untimed measurement'
ptd-server 2022-02-14 10:27:16,083 [INFO] Sending reply to client 'OK'
ptd-server 2022-02-14 10:27:16,098 [INFO] Got command from the client 'session,2022-02-14_10-05-41,done'
ptd-server 2022-02-14 10:27:16,098 [INFO] Sending to ptd: 'Stop'
ptd-server 2022-02-14 10:27:16,098 [INFO] Reply from ptd: 'Error: no measurement to stop'
ptd-server 2022-02-14 10:27:16,098 [INFO] Sending to ptd: 'SR,V,300.000000'
ptd-server 2022-02-14 10:27:17,600 [INFO] Reply from ptd: 'Range V changed'
ptd-server 2022-02-14 10:27:17,600 [INFO] Sending to ptd: 'SR,A,0.500000'
ptd-server 2022-02-14 10:27:19,101 [INFO] Reply from ptd: 'Range A changed'
ptd-server 2022-02-14 10:27:19,101 [INFO] Set initial values for Amps 0.500000 and Volts 300.000000
ptd-server 2022-02-14 10:27:19,101 [INFO] Stopping ptd...
