ptd-server 2022-02-18 22:31:48,406 [INFO] Got command from the client 'time'
ptd-server 2022-02-18 22:31:48,407 [INFO] Sending reply to client '1645223508.4070096'
ptd-server 2022-02-18 22:31:48,408 [INFO] Got command from the client 'new,,99055d18-c72c-4fc2-a95b-a16025b80d09'
ptd-server 2022-02-18 22:31:48,409 [INFO] Sending reply to client 'OK 2022-02-18_22-31-48,277ab007-f67f-439d-bf74-c935daf401d6'
ptd-server 2022-02-18 22:31:48,453 [INFO] Got command from the client 'time'
ptd-server 2022-02-18 22:31:48,453 [INFO] Sending reply to client '1645223508.4535372'
ptd-server 2022-02-18 22:31:48,455 [INFO] Got command from the client 'session,2022-02-18_22-31-48,start,ranging'
ptd-server 2022-02-18 22:31:48,455 [INFO] Running PTDaemon: ['/home/anton/projects/mlperf/power/inference_v1.0/ptd-linux-x86', '-l', '/tmp/tmpgldyt7rr/ptd_logfile.txt', '-p', '8888', '49', '/dev/usbtmc0']
ptd-server 2022-02-18 22:32:05,628 [INFO] Sending to ptd: 'Hello'
ptd-server 2022-02-18 22:32:05,629 [INFO] Reply from ptd: 'Hello, PTDaemon here!'
ptd-server 2022-02-18 22:32:05,629 [INFO] Sending to ptd: 'Identify'
ptd-server 2022-02-18 22:32:05,629 [INFO] Reply from ptd: 'YokogawaWT310E,1000,1,1,1,1,0,1,1,version=1.9.2-e8c7a49a-20201208,OS=Linux 5.13.0-28-generic #31~20.04.1-Ubuntu SMP Wed Jan 19 14:08:10 UTC 2022 x86_64,mode=power,1,1,1,0,0,no_cal_date,YOKOGAWA;WT310E;C3XA04010E;F1.04'
ptd-server 2022-02-18 22:32:05,629 [INFO] Connected to PTDaemon
ptd-server 2022-02-18 22:32:05,630 [INFO] Sending to ptd: 'RR'
ptd-server 2022-02-18 22:32:05,630 [INFO] Reply from ptd: 'Ranges,0,0.500000,0,300.000000'
ptd-server 2022-02-18 22:32:05,630 [INFO] Initial range for Amps is 0.500000 for Volts is 300.000000
ptd-server 2022-02-18 22:32:05,630 [INFO] Sending to ptd: 'SR,V,Auto'
ptd-server 2022-02-18 22:32:06,133 [INFO] Reply from ptd: 'Range V changed'
ptd-server 2022-02-18 22:32:06,133 [INFO] Sending to ptd: 'SR,A,Auto'
ptd-server 2022-02-18 22:32:06,635 [INFO] Reply from ptd: 'Range A changed'
ptd-server 2022-02-18 22:32:16,646 [INFO] Starting ranging mode
ptd-server 2022-02-18 22:32:16,646 [INFO] Sending to ptd: 'Go,1000,0,2022-02-18_22-31-48_ranging'
ptd-server 2022-02-18 22:32:16,646 [INFO] Reply from ptd: 'Starting untimed measurement, maximum 500000 samples at 1000ms with 0 rampup samples'
ptd-server 2022-02-18 22:32:16,646 [INFO] Sending reply to client 'OK'
ptd-server 2022-02-18 22:42:41,774 [INFO] Got command from the client 'session,2022-02-18_22-31-48,stop,ranging'
ptd-server 2022-02-18 22:42:51,784 [INFO] Sending to ptd: 'Stop'
ptd-server 2022-02-18 22:42:51,785 [INFO] Reply from ptd: 'Stopping untimed measurement'
ptd-server 2022-02-18 22:42:52,062 [INFO] Sending reply to client 'OK'
ptd-server 2022-02-18 22:42:52,168 [INFO] Got command from the client 'time'
ptd-server 2022-02-18 22:42:52,169 [INFO] Sending reply to client '1645224172.1690676'
ptd-server 2022-02-18 22:42:52,171 [INFO] Got command from the client 'session,2022-02-18_22-31-48,start,testing'
ptd-server 2022-02-18 22:42:52,172 [INFO] Sending to ptd: 'SR,V,251.340000'
ptd-server 2022-02-18 22:42:54,147 [INFO] Reply from ptd: 'Range V changed'
ptd-server 2022-02-18 22:42:54,147 [INFO] Sending to ptd: 'SR,A,0.043430'
ptd-server 2022-02-18 22:42:55,649 [INFO] Reply from ptd: 'Range A changed'
ptd-server 2022-02-18 22:43:05,659 [INFO] Starting testing mode
ptd-server 2022-02-18 22:43:05,659 [INFO] Sending to ptd: 'Go,1000,0,2022-02-18_22-31-48_testing'
ptd-server 2022-02-18 22:43:05,659 [INFO] Reply from ptd: 'Starting untimed measurement, maximum 500000 samples at 1000ms with 0 rampup samples'
ptd-server 2022-02-18 22:43:05,660 [INFO] Sending reply to client 'OK'
ptd-server 2022-02-18 22:53:31,708 [INFO] Got command from the client 'session,2022-02-18_22-31-48,stop,testing'
ptd-server 2022-02-18 22:53:41,718 [INFO] Sending to ptd: 'Stop'
ptd-server 2022-02-18 22:53:41,718 [INFO] Reply from ptd: 'Stopping untimed measurement'
ptd-server 2022-02-18 22:53:41,867 [INFO] Sending reply to client 'OK'
ptd-server 2022-02-18 22:53:41,909 [INFO] Got command from the client 'session,2022-02-18_22-31-48,done'
ptd-server 2022-02-18 22:53:41,909 [INFO] Sending to ptd: 'Stop'
ptd-server 2022-02-18 22:53:42,660 [INFO] Reply from ptd: 'Error: no measurement to stop'
ptd-server 2022-02-18 22:53:42,660 [INFO] Sending to ptd: 'SR,V,300.000000'
ptd-server 2022-02-18 22:53:44,161 [INFO] Reply from ptd: 'Range V changed'
ptd-server 2022-02-18 22:53:44,161 [INFO] Sending to ptd: 'SR,A,0.500000'
ptd-server 2022-02-18 22:53:45,663 [INFO] Reply from ptd: 'Range A changed'
ptd-server 2022-02-18 22:53:45,663 [INFO] Set initial values for Amps 0.500000 and Volts 300.000000
ptd-server 2022-02-18 22:53:45,663 [INFO] Stopping ptd...
