ptd-server 2022-02-20 22:10:42,894 [INFO] Got command from the client 'time'
ptd-server 2022-02-20 22:10:42,894 [INFO] Sending reply to client '1645395042.8949249'
ptd-server 2022-02-20 22:10:42,896 [INFO] Got command from the client 'new,,7148ac0b-5ecf-4d1b-a850-2811ac06203a'
ptd-server 2022-02-20 22:10:42,897 [INFO] Sending reply to client 'OK 2022-02-20_22-10-42,3a15b6c1-7510-4897-bf5f-119a82d436d7'
ptd-server 2022-02-20 22:10:42,935 [INFO] Got command from the client 'time'
ptd-server 2022-02-20 22:10:42,935 [INFO] Sending reply to client '1645395042.935318'
ptd-server 2022-02-20 22:10:42,937 [INFO] Got command from the client 'session,2022-02-20_22-10-42,start,ranging'
ptd-server 2022-02-20 22:10:42,937 [INFO] Running PTDaemon: ['/home/anton/projects/mlperf/power/inference_v1.0/ptd-linux-x86', '-l', '/tmp/tmpgldyt7rr/ptd_logfile.txt', '-p', '8888', '49', '/dev/usbtmc0']
ptd-server 2022-02-20 22:11:00,110 [INFO] Sending to ptd: 'Hello'
ptd-server 2022-02-20 22:11:00,111 [INFO] Reply from ptd: 'Hello, PTDaemon here!'
ptd-server 2022-02-20 22:11:00,111 [INFO] Sending to ptd: 'Identify'
ptd-server 2022-02-20 22:11:00,111 [INFO] Reply from ptd: 'YokogawaWT310E,1000,1,1,1,1,0,1,1,version=1.9.2-e8c7a49a-20201208,OS=Linux 5.13.0-28-generic #31~20.04.1-Ubuntu SMP Wed Jan 19 14:08:10 UTC 2022 x86_64,mode=power,1,1,1,0,0,no_cal_date,YOKOGAWA;WT310E;C3XA04010E;F1.04'
ptd-server 2022-02-20 22:11:00,111 [INFO] Connected to PTDaemon
ptd-server 2022-02-20 22:11:00,111 [INFO] Sending to ptd: 'RR'
ptd-server 2022-02-20 22:11:00,112 [INFO] Reply from ptd: 'Ranges,0,0.500000,0,300.000000'
ptd-server 2022-02-20 22:11:00,112 [INFO] Initial range for Amps is 0.500000 for Volts is 300.000000
ptd-server 2022-02-20 22:11:00,112 [INFO] Sending to ptd: 'SR,V,Auto'
ptd-server 2022-02-20 22:11:00,614 [INFO] Reply from ptd: 'Range V changed'
ptd-server 2022-02-20 22:11:00,615 [INFO] Sending to ptd: 'SR,A,Auto'
ptd-server 2022-02-20 22:11:01,117 [INFO] Reply from ptd: 'Range A changed'
ptd-server 2022-02-20 22:11:11,127 [INFO] Starting ranging mode
ptd-server 2022-02-20 22:11:11,128 [INFO] Sending to ptd: 'Go,1000,0,2022-02-20_22-10-42_ranging'
ptd-server 2022-02-20 22:11:11,128 [INFO] Reply from ptd: 'Starting untimed measurement, maximum 500000 samples at 1000ms with 0 rampup samples'
ptd-server 2022-02-20 22:11:11,128 [INFO] Sending reply to client 'OK'
ptd-server 2022-02-20 22:21:38,844 [INFO] Got command from the client 'session,2022-02-20_22-10-42,stop,ranging'
ptd-server 2022-02-20 22:21:48,854 [INFO] Sending to ptd: 'Stop'
ptd-server 2022-02-20 22:21:48,854 [INFO] Reply from ptd: 'Stopping untimed measurement'
ptd-server 2022-02-20 22:21:49,386 [INFO] Sending reply to client 'OK'
ptd-server 2022-02-20 22:21:49,469 [INFO] Got command from the client 'time'
ptd-server 2022-02-20 22:21:49,469 [INFO] Sending reply to client '1645395709.4695394'
ptd-server 2022-02-20 22:21:49,476 [INFO] Got command from the client 'session,2022-02-20_22-10-42,start,testing'
ptd-server 2022-02-20 22:21:49,476 [INFO] Sending to ptd: 'SR,V,251.540000'
ptd-server 2022-02-20 22:21:50,977 [INFO] Reply from ptd: 'Range V changed'
ptd-server 2022-02-20 22:21:50,978 [INFO] Sending to ptd: 'SR,A,0.041070'
ptd-server 2022-02-20 22:21:52,479 [INFO] Reply from ptd: 'Range A changed'
ptd-server 2022-02-20 22:22:02,489 [INFO] Starting testing mode
ptd-server 2022-02-20 22:22:02,489 [INFO] Sending to ptd: 'Go,1000,0,2022-02-20_22-10-42_testing'
ptd-server 2022-02-20 22:22:02,490 [INFO] Reply from ptd: 'Starting untimed measurement, maximum 500000 samples at 1000ms with 0 rampup samples'
ptd-server 2022-02-20 22:22:02,490 [INFO] Sending reply to client 'OK'
ptd-server 2022-02-20 22:32:31,245 [INFO] Got command from the client 'session,2022-02-20_22-10-42,stop,testing'
ptd-server 2022-02-20 22:32:41,252 [INFO] Sending to ptd: 'Stop'
ptd-server 2022-02-20 22:32:41,252 [INFO] Reply from ptd: 'Stopping untimed measurement'
ptd-server 2022-02-20 22:32:41,534 [INFO] Sending reply to client 'OK'
ptd-server 2022-02-20 22:32:41,572 [INFO] Got command from the client 'session,2022-02-20_22-10-42,done'
ptd-server 2022-02-20 22:32:41,572 [INFO] Sending to ptd: 'Stop'
ptd-server 2022-02-20 22:32:41,573 [INFO] Reply from ptd: 'Error: no measurement to stop'
ptd-server 2022-02-20 22:32:41,573 [INFO] Sending to ptd: 'SR,V,300.000000'
ptd-server 2022-02-20 22:32:43,074 [INFO] Reply from ptd: 'Range V changed'
ptd-server 2022-02-20 22:32:43,074 [INFO] Sending to ptd: 'SR,A,0.500000'
ptd-server 2022-02-20 22:32:44,576 [INFO] Reply from ptd: 'Range A changed'
ptd-server 2022-02-20 22:32:44,576 [INFO] Set initial values for Amps 0.500000 and Volts 300.000000
ptd-server 2022-02-20 22:32:44,576 [INFO] Stopping ptd...
