ptd-server 2022-02-13 12:15:17,090 [INFO] Got command from the client 'time'
ptd-server 2022-02-13 12:15:17,090 [INFO] Sending reply to client '1644754517.0905006'
ptd-server 2022-02-13 12:15:17,091 [INFO] Got command from the client 'new,,4d63a97b-7c24-4bd5-bda0-c7fb30657319'
ptd-server 2022-02-13 12:15:17,092 [INFO] Sending reply to client 'OK 2022-02-13_12-15-17,2743d949-f4c5-4222-9f7d-03ce42c26d58'
ptd-server 2022-02-13 12:15:17,130 [INFO] Got command from the client 'time'
ptd-server 2022-02-13 12:15:17,130 [INFO] Sending reply to client '1644754517.130835'
ptd-server 2022-02-13 12:15:17,133 [INFO] Got command from the client 'session,2022-02-13_12-15-17,start,ranging'
ptd-server 2022-02-13 12:15:17,133 [INFO] Running PTDaemon: ['/home/anton/projects/mlperf/power/inference_v1.0/ptd-linux-x86', '-l', '/tmp/tmpxvec0g6h/ptd_logfile.txt', '-p', '8888', '49', '/dev/usbtmc0']
ptd-server 2022-02-13 12:15:34,305 [INFO] Sending to ptd: 'Hello'
ptd-server 2022-02-13 12:15:34,306 [INFO] Reply from ptd: 'Hello, PTDaemon here!'
ptd-server 2022-02-13 12:15:34,306 [INFO] Sending to ptd: 'Identify'
ptd-server 2022-02-13 12:15:34,307 [INFO] Reply from ptd: 'YokogawaWT310E,1000,1,1,1,1,0,1,1,version=1.9.2-e8c7a49a-20201208,OS=Linux 5.13.0-27-generic #29~20.04.1-Ubuntu SMP Fri Jan 14 00:32:30 UTC 2022 x86_64,mode=power,1,1,1,0,0,no_cal_date,YOKOGAWA;WT310E;C3XA04010E;F1.04'
ptd-server 2022-02-13 12:15:34,307 [INFO] Connected to PTDaemon
ptd-server 2022-02-13 12:15:34,307 [INFO] Sending to ptd: 'RR'
ptd-server 2022-02-13 12:15:34,307 [INFO] Reply from ptd: 'Ranges,0,0.500000,0,300.000000'
ptd-server 2022-02-13 12:15:34,307 [INFO] Initial range for Amps is 0.500000 for Volts is 300.000000
ptd-server 2022-02-13 12:15:34,307 [INFO] Sending to ptd: 'SR,V,Auto'
ptd-server 2022-02-13 12:15:34,810 [INFO] Reply from ptd: 'Range V changed'
ptd-server 2022-02-13 12:15:34,810 [INFO] Sending to ptd: 'SR,A,Auto'
ptd-server 2022-02-13 12:15:35,313 [INFO] Reply from ptd: 'Range A changed'
ptd-server 2022-02-13 12:15:45,315 [INFO] Starting ranging mode
ptd-server 2022-02-13 12:15:45,315 [INFO] Sending to ptd: 'Go,1000,0,2022-02-13_12-15-17_ranging'
ptd-server 2022-02-13 12:15:45,315 [INFO] Reply from ptd: 'Starting untimed measurement, maximum 500000 samples at 1000ms with 0 rampup samples'
ptd-server 2022-02-13 12:15:45,315 [INFO] Sending reply to client 'OK'
ptd-server 2022-02-13 12:26:05,249 [INFO] Got command from the client 'session,2022-02-13_12-15-17,stop,ranging'
ptd-server 2022-02-13 12:26:15,260 [INFO] Sending to ptd: 'Stop'
ptd-server 2022-02-13 12:26:15,260 [INFO] Reply from ptd: 'Stopping untimed measurement'
ptd-server 2022-02-13 12:26:15,867 [INFO] Sending reply to client 'OK'
ptd-server 2022-02-13 12:26:15,929 [INFO] Got command from the client 'time'
ptd-server 2022-02-13 12:26:15,930 [INFO] Sending reply to client '1644755175.9299712'
ptd-server 2022-02-13 12:26:15,932 [INFO] Got command from the client 'session,2022-02-13_12-15-17,start,testing'
ptd-server 2022-02-13 12:26:15,932 [INFO] Sending to ptd: 'SR,V,247.830000'
ptd-server 2022-02-13 12:26:17,434 [INFO] Reply from ptd: 'Range V changed'
ptd-server 2022-02-13 12:26:17,434 [INFO] Sending to ptd: 'SR,A,0.186070'
ptd-server 2022-02-13 12:26:18,935 [INFO] Reply from ptd: 'Range A changed'
ptd-server 2022-02-13 12:26:28,945 [INFO] Starting testing mode
ptd-server 2022-02-13 12:26:28,946 [INFO] Sending to ptd: 'Go,1000,0,2022-02-13_12-15-17_testing'
ptd-server 2022-02-13 12:26:28,946 [INFO] Reply from ptd: 'Starting untimed measurement, maximum 500000 samples at 1000ms with 0 rampup samples'
ptd-server 2022-02-13 12:26:28,946 [INFO] Sending reply to client 'OK'
ptd-server 2022-02-13 12:36:44,849 [INFO] Got command from the client 'session,2022-02-13_12-15-17,stop,testing'
ptd-server 2022-02-13 12:36:54,860 [INFO] Sending to ptd: 'Stop'
ptd-server 2022-02-13 12:36:54,860 [INFO] Reply from ptd: 'Stopping untimed measurement'
ptd-server 2022-02-13 12:36:55,175 [INFO] Sending reply to client 'OK'
ptd-server 2022-02-13 12:36:55,193 [INFO] Got command from the client 'session,2022-02-13_12-15-17,done'
ptd-server 2022-02-13 12:36:55,193 [INFO] Sending to ptd: 'Stop'
ptd-server 2022-02-13 12:36:55,193 [INFO] Reply from ptd: 'Error: no measurement to stop'
ptd-server 2022-02-13 12:36:55,194 [INFO] Sending to ptd: 'SR,V,300.000000'
ptd-server 2022-02-13 12:36:56,695 [INFO] Reply from ptd: 'Range V changed'
ptd-server 2022-02-13 12:36:56,695 [INFO] Sending to ptd: 'SR,A,0.500000'
ptd-server 2022-02-13 12:36:58,196 [INFO] Reply from ptd: 'Range A changed'
ptd-server 2022-02-13 12:36:58,197 [INFO] Set initial values for Amps 0.500000 and Volts 300.000000
ptd-server 2022-02-13 12:36:58,197 [INFO] Stopping ptd...
