ptd-server 2022-02-21 02:48:29,981 [INFO] Got command from the client 'stop'
ptd-server 2022-02-21 02:48:29,981 [INFO] The server will be stopped after processing this client
ptd-server 2022-02-21 02:48:29,981 [INFO] Sending reply to client 'OK'
ptd-server 2022-02-21 02:48:30,371 [INFO] Got command from the client 'time'
ptd-server 2022-02-21 02:48:30,371 [INFO] Sending reply to client '1645440510.3716836'
ptd-server 2022-02-21 02:48:30,371 [INFO] Got command from the client 'new,,9681b4d6-dd55-4585-8c10-3831069a3202'
ptd-server 2022-02-21 02:48:30,371 [INFO] Sending reply to client 'OK 2022-02-21_02-48-30,876dd87c-72da-48d3-83f4-7d02176a96f6'
ptd-server 2022-02-21 02:48:30,590 [INFO] Got command from the client 'time'
ptd-server 2022-02-21 02:48:30,590 [INFO] Sending reply to client '1645440510.5909731'
ptd-server 2022-02-21 02:48:30,590 [INFO] Got command from the client 'session,2022-02-21_02-48-30,start,ranging'
ptd-server 2022-02-21 02:48:30,700 [INFO] Running PTDaemon: ['C:\\PTD\\ptd-windows-x86.exe', '-l', 'C:\\Users\\lab\\AppData\\Local\\Temp\\tmpwb0rpxui\\ptd_logfile.txt', '-p', '8888', '-c', '2', '-y', '52', '10.32.209.65']
ptd-server 2022-02-21 02:48:48,310 [INFO] Sending to ptd: 'Hello'
ptd-server 2022-02-21 02:48:48,310 [INFO] Reply from ptd: 'Hello, PTDaemon here!'
ptd-server 2022-02-21 02:48:48,310 [INFO] Sending to ptd: 'Identify'
ptd-server 2022-02-21 02:48:48,310 [INFO] Reply from ptd: 'YokogawaWT330E,1000,1,1,1,1,0,0,1,version=1.9.2-3976349f-20201208,OS=Windows 8 / Server 2012,mode=power,1,1,1,0,0,no_cal_date,YOKOGAWA;WT333E;C2XL24034V;F1.04'
ptd-server 2022-02-21 02:48:48,310 [INFO] Connected to PTDaemon
ptd-server 2022-02-21 02:48:48,310 [INFO] Sending to ptd: 'RR'
ptd-server 2022-02-21 02:48:48,310 [INFO] Reply from ptd: 'Ranges,1,1.000000,1,150.000000'
ptd-server 2022-02-21 02:48:48,310 [INFO] Initial range for Amps is Auto for Volts is Auto
ptd-server 2022-02-21 02:48:48,310 [INFO] Sending to ptd: 'SR,V,Auto'
ptd-server 2022-02-21 02:48:48,826 [INFO] Reply from ptd: 'Range V changed'
ptd-server 2022-02-21 02:48:48,826 [INFO] Sending to ptd: 'SR,A,Auto'
ptd-server 2022-02-21 02:48:49,344 [INFO] Reply from ptd: 'Range A changed'
ptd-server 2022-02-21 02:48:59,357 [INFO] Starting ranging mode
ptd-server 2022-02-21 02:48:59,357 [INFO] Sending to ptd: 'Go,1000,0,2022-02-21_02-48-30_ranging'
ptd-server 2022-02-21 02:48:59,357 [INFO] Reply from ptd: 'Starting untimed measurement, maximum 500000 samples at 1000ms with 0 rampup samples'
ptd-server 2022-02-21 02:48:59,357 [INFO] Sending reply to client 'OK'
ptd-server 2022-02-21 02:59:17,025 [INFO] Got command from the client 'session,2022-02-21_02-48-30,stop,ranging'
ptd-server 2022-02-21 02:59:27,052 [INFO] Sending to ptd: 'Stop'
ptd-server 2022-02-21 02:59:27,052 [INFO] Reply from ptd: 'Stopping untimed measurement'
ptd-server 2022-02-21 02:59:27,083 [INFO] Sending reply to client 'OK'
ptd-server 2022-02-21 02:59:27,349 [INFO] Got command from the client 'time'
ptd-server 2022-02-21 02:59:27,349 [INFO] Sending reply to client '1645441167.349246'
ptd-server 2022-02-21 02:59:27,349 [INFO] Got command from the client 'session,2022-02-21_02-48-30,start,testing'
ptd-server 2022-02-21 02:59:27,349 [INFO] Sending to ptd: 'SR,V,121.370000'
ptd-server 2022-02-21 02:59:28,879 [INFO] Reply from ptd: 'Range V changed'
ptd-server 2022-02-21 02:59:28,879 [INFO] Sending to ptd: 'SR,A,0.597000'
ptd-server 2022-02-21 02:59:30,403 [INFO] Reply from ptd: 'Range A changed'
ptd-server 2022-02-21 02:59:40,415 [INFO] Starting testing mode
ptd-server 2022-02-21 02:59:40,415 [INFO] Sending to ptd: 'Go,1000,0,2022-02-21_02-48-30_testing'
ptd-server 2022-02-21 02:59:40,415 [INFO] Reply from ptd: 'Starting untimed measurement, maximum 500000 samples at 1000ms with 0 rampup samples'
ptd-server 2022-02-21 02:59:40,415 [INFO] Sending reply to client 'OK'
ptd-server 2022-02-21 03:09:57,510 [INFO] Got command from the client 'session,2022-02-21_02-48-30,stop,testing'
ptd-server 2022-02-21 03:10:07,513 [INFO] Sending to ptd: 'Stop'
ptd-server 2022-02-21 03:10:07,513 [INFO] Reply from ptd: 'Stopping untimed measurement'
ptd-server 2022-02-21 03:10:07,529 [INFO] Sending reply to client 'OK'
ptd-server 2022-02-21 03:10:07,607 [INFO] Got command from the client 'session,2022-02-21_02-48-30,done'
ptd-server 2022-02-21 03:10:07,607 [INFO] Sending to ptd: 'Stop'
ptd-server 2022-02-21 03:10:08,418 [INFO] Reply from ptd: 'Error: no measurement to stop'
ptd-server 2022-02-21 03:10:08,418 [INFO] Sending to ptd: 'SR,V,Auto'
ptd-server 2022-02-21 03:10:08,943 [INFO] Reply from ptd: 'Range V changed'
ptd-server 2022-02-21 03:10:08,943 [INFO] Sending to ptd: 'SR,A,Auto'
ptd-server 2022-02-21 03:10:09,458 [INFO] Reply from ptd: 'Range A changed'
ptd-server 2022-02-21 03:10:09,458 [INFO] Set initial values for Amps Auto and Volts Auto
ptd-server 2022-02-21 03:10:09,458 [INFO] Stopping ptd...
