ptd-server 2022-02-20 18:07:49,136 [INFO] Got command from the client 'time'
ptd-server 2022-02-20 18:07:49,136 [INFO] Sending reply to client '1645380469.1363757'
ptd-server 2022-02-20 18:07:49,137 [INFO] Got command from the client 'new,,38176e0f-03cb-42b8-a151-32546961150d'
ptd-server 2022-02-20 18:07:49,138 [INFO] Sending reply to client 'OK 2022-02-20_18-07-49,a333d4e1-66f5-4279-a88c-49aa3c32d210'
ptd-server 2022-02-20 18:07:49,176 [INFO] Got command from the client 'time'
ptd-server 2022-02-20 18:07:49,177 [INFO] Sending reply to client '1645380469.1771107'
ptd-server 2022-02-20 18:07:49,178 [INFO] Got command from the client 'session,2022-02-20_18-07-49,start,ranging'
ptd-server 2022-02-20 18:07:49,178 [INFO] Running PTDaemon: ['/home/anton/projects/mlperf/power/inference_v1.0/ptd-linux-x86', '-l', '/tmp/tmpgldyt7rr/ptd_logfile.txt', '-p', '8888', '49', '/dev/usbtmc0']
ptd-server 2022-02-20 18:08:06,351 [INFO] Sending to ptd: 'Hello'
ptd-server 2022-02-20 18:08:06,352 [INFO] Reply from ptd: 'Hello, PTDaemon here!'
ptd-server 2022-02-20 18:08:06,352 [INFO] Sending to ptd: 'Identify'
ptd-server 2022-02-20 18:08:06,352 [INFO] Reply from ptd: 'YokogawaWT310E,1000,1,1,1,1,0,1,1,version=1.9.2-e8c7a49a-20201208,OS=Linux 5.13.0-28-generic #31~20.04.1-Ubuntu SMP Wed Jan 19 14:08:10 UTC 2022 x86_64,mode=power,1,1,1,0,0,no_cal_date,YOKOGAWA;WT310E;C3XA04010E;F1.04'
ptd-server 2022-02-20 18:08:06,352 [INFO] Connected to PTDaemon
ptd-server 2022-02-20 18:08:06,352 [INFO] Sending to ptd: 'RR'
ptd-server 2022-02-20 18:08:06,353 [INFO] Reply from ptd: 'Ranges,0,0.500000,0,300.000000'
ptd-server 2022-02-20 18:08:06,353 [INFO] Initial range for Amps is 0.500000 for Volts is 300.000000
ptd-server 2022-02-20 18:08:06,353 [INFO] Sending to ptd: 'SR,V,Auto'
ptd-server 2022-02-20 18:08:06,855 [INFO] Reply from ptd: 'Range V changed'
ptd-server 2022-02-20 18:08:06,856 [INFO] Sending to ptd: 'SR,A,Auto'
ptd-server 2022-02-20 18:08:07,358 [INFO] Reply from ptd: 'Range A changed'
ptd-server 2022-02-20 18:08:17,368 [INFO] Starting ranging mode
ptd-server 2022-02-20 18:08:17,369 [INFO] Sending to ptd: 'Go,1000,0,2022-02-20_18-07-49_ranging'
ptd-server 2022-02-20 18:08:17,369 [INFO] Reply from ptd: 'Starting untimed measurement, maximum 500000 samples at 1000ms with 0 rampup samples'
ptd-server 2022-02-20 18:08:17,369 [INFO] Sending reply to client 'OK'
ptd-server 2022-02-20 18:18:34,496 [INFO] Got command from the client 'session,2022-02-20_18-07-49,stop,ranging'
ptd-server 2022-02-20 18:18:44,507 [INFO] Sending to ptd: 'Stop'
ptd-server 2022-02-20 18:18:44,507 [INFO] Reply from ptd: 'Stopping untimed measurement'
ptd-server 2022-02-20 18:18:45,009 [INFO] Sending reply to client 'OK'
ptd-server 2022-02-20 18:18:45,085 [INFO] Got command from the client 'time'
ptd-server 2022-02-20 18:18:45,085 [INFO] Sending reply to client '1645381125.0859146'
ptd-server 2022-02-20 18:18:45,087 [INFO] Got command from the client 'session,2022-02-20_18-07-49,start,testing'
ptd-server 2022-02-20 18:18:45,087 [INFO] Sending to ptd: 'SR,V,247.970000'
ptd-server 2022-02-20 18:18:46,871 [INFO] Reply from ptd: 'Range V changed'
ptd-server 2022-02-20 18:18:46,871 [INFO] Sending to ptd: 'SR,A,0.050080'
ptd-server 2022-02-20 18:18:48,372 [INFO] Reply from ptd: 'Range A changed'
ptd-server 2022-02-20 18:18:58,380 [INFO] Starting testing mode
ptd-server 2022-02-20 18:18:58,380 [INFO] Sending to ptd: 'Go,1000,0,2022-02-20_18-07-49_testing'
ptd-server 2022-02-20 18:18:58,380 [INFO] Reply from ptd: 'Starting untimed measurement, maximum 500000 samples at 1000ms with 0 rampup samples'
ptd-server 2022-02-20 18:18:58,381 [INFO] Sending reply to client 'OK'
ptd-server 2022-02-20 18:29:16,279 [INFO] Got command from the client 'session,2022-02-20_18-07-49,stop,testing'
ptd-server 2022-02-20 18:29:26,290 [INFO] Sending to ptd: 'Stop'
ptd-server 2022-02-20 18:29:26,290 [INFO] Reply from ptd: 'Stopping untimed measurement'
ptd-server 2022-02-20 18:29:26,558 [INFO] Sending reply to client 'OK'
ptd-server 2022-02-20 18:29:26,578 [INFO] Got command from the client 'session,2022-02-20_18-07-49,done'
ptd-server 2022-02-20 18:29:26,578 [INFO] Sending to ptd: 'Stop'
ptd-server 2022-02-20 18:29:26,578 [INFO] Reply from ptd: 'Error: no measurement to stop'
ptd-server 2022-02-20 18:29:26,579 [INFO] Sending to ptd: 'SR,V,300.000000'
ptd-server 2022-02-20 18:29:28,080 [INFO] Reply from ptd: 'Range V changed'
ptd-server 2022-02-20 18:29:28,080 [INFO] Sending to ptd: 'SR,A,0.500000'
ptd-server 2022-02-20 18:29:29,581 [INFO] Reply from ptd: 'Range A changed'
ptd-server 2022-02-20 18:29:29,581 [INFO] Set initial values for Amps 0.500000 and Volts 300.000000
ptd-server 2022-02-20 18:29:29,582 [INFO] Stopping ptd...
