ptd-server 2022-02-20 13:20:04,641 [INFO] Got command from the client 'stop'
ptd-server 2022-02-20 13:20:04,641 [INFO] The server will be stopped after processing this client
ptd-server 2022-02-20 13:20:04,641 [INFO] Sending reply to client 'OK'
ptd-server 2022-02-20 13:20:10,032 [INFO] Got command from the client 'time'
ptd-server 2022-02-20 13:20:10,032 [INFO] Sending reply to client '1645392010.0325248'
ptd-server 2022-02-20 13:20:10,032 [INFO] Got command from the client 'new,,45705fb2-5243-4536-8b64-182327f14e1f'
ptd-server 2022-02-20 13:20:10,032 [INFO] Sending reply to client 'OK 2022-02-20_13-20-10,6a134c89-f78f-4eee-9c21-15f07249b229'
ptd-server 2022-02-20 13:20:10,250 [INFO] Got command from the client 'time'
ptd-server 2022-02-20 13:20:10,250 [INFO] Sending reply to client '1645392010.250201'
ptd-server 2022-02-20 13:20:10,250 [INFO] Got command from the client 'session,2022-02-20_13-20-10,start,ranging'
ptd-server 2022-02-20 13:20:10,359 [INFO] Running PTDaemon: ['C:\\PTD\\ptd-windows-x86.exe', '-l', 'C:\\Users\\lab\\AppData\\Local\\Temp\\tmpe4d4l3k2\\ptd_logfile.txt', '-p', '8888', '-c', '2', '-y', '52', '10.32.209.61']
ptd-server 2022-02-20 13:20:28,924 [INFO] Sending to ptd: 'Hello'
ptd-server 2022-02-20 13:20:28,924 [INFO] Reply from ptd: 'Hello, PTDaemon here!'
ptd-server 2022-02-20 13:20:28,924 [INFO] Sending to ptd: 'Identify'
ptd-server 2022-02-20 13:20:28,924 [INFO] Reply from ptd: 'YokogawaWT330E,1000,1,1,1,1,0,0,1,version=1.9.2-3976349f-20201208,OS=Windows 8 / Server 2012,mode=power,1,1,1,0,0,no_cal_date,YOKOGAWA;WT333E;C2VL22012V;F1.04'
ptd-server 2022-02-20 13:20:28,924 [INFO] Connected to PTDaemon
ptd-server 2022-02-20 13:20:28,924 [INFO] Sending to ptd: 'RR'
ptd-server 2022-02-20 13:20:28,924 [INFO] Reply from ptd: 'Ranges,1,1.000000,1,150.000000'
ptd-server 2022-02-20 13:20:28,924 [INFO] Initial range for Amps is Auto for Volts is Auto
ptd-server 2022-02-20 13:20:28,924 [INFO] Sending to ptd: 'SR,V,Auto'
ptd-server 2022-02-20 13:20:29,433 [INFO] Reply from ptd: 'Range V changed'
ptd-server 2022-02-20 13:20:29,433 [INFO] Sending to ptd: 'SR,A,Auto'
ptd-server 2022-02-20 13:20:29,955 [INFO] Reply from ptd: 'Range A changed'
ptd-server 2022-02-20 13:20:39,955 [INFO] Starting ranging mode
ptd-server 2022-02-20 13:20:39,955 [INFO] Sending to ptd: 'Go,1000,0,2022-02-20_13-20-10_ranging'
ptd-server 2022-02-20 13:20:39,955 [INFO] Reply from ptd: 'Starting untimed measurement, maximum 500000 samples at 1000ms with 0 rampup samples'
ptd-server 2022-02-20 13:20:39,955 [INFO] Sending reply to client 'OK'
ptd-server 2022-02-20 17:30:21,520 [INFO] Got command from the client 'session,2022-02-20_13-20-10,stop,ranging'
ptd-server 2022-02-20 17:30:31,528 [INFO] Sending to ptd: 'Stop'
ptd-server 2022-02-20 17:30:31,528 [INFO] Reply from ptd: 'Stopping untimed measurement'
ptd-server 2022-02-20 17:30:31,731 [INFO] Sending reply to client 'OK'
ptd-server 2022-02-20 17:30:32,178 [INFO] Got command from the client 'time'
ptd-server 2022-02-20 17:30:32,178 [INFO] Sending reply to client '1645407032.17879'
ptd-server 2022-02-20 17:30:32,194 [INFO] Got command from the client 'session,2022-02-20_13-20-10,start,testing'
ptd-server 2022-02-20 17:30:32,194 [INFO] Sending to ptd: 'SR,V,121.100000'
ptd-server 2022-02-20 17:30:33,725 [INFO] Reply from ptd: 'Range V changed'
ptd-server 2022-02-20 17:30:33,725 [INFO] Sending to ptd: 'SR,A,0.278100'
ptd-server 2022-02-20 17:30:35,254 [INFO] Reply from ptd: 'Range A changed'
ptd-server 2022-02-20 17:30:45,270 [INFO] Starting testing mode
ptd-server 2022-02-20 17:30:45,270 [INFO] Sending to ptd: 'Go,1000,0,2022-02-20_13-20-10_testing'
ptd-server 2022-02-20 17:30:45,270 [INFO] Reply from ptd: 'Starting untimed measurement, maximum 500000 samples at 1000ms with 0 rampup samples'
ptd-server 2022-02-20 17:30:45,270 [INFO] Sending reply to client 'OK'
ptd-server 2022-02-20 21:40:13,768 [INFO] Got command from the client 'session,2022-02-20_13-20-10,stop,testing'
ptd-server 2022-02-20 21:40:23,783 [INFO] Sending to ptd: 'Stop'
ptd-server 2022-02-20 21:40:23,783 [INFO] Reply from ptd: 'Stopping untimed measurement'
ptd-server 2022-02-20 21:40:23,924 [INFO] Sending reply to client 'OK'
ptd-server 2022-02-20 21:40:23,971 [INFO] Got command from the client 'session,2022-02-20_13-20-10,done'
ptd-server 2022-02-20 21:40:23,971 [INFO] Sending to ptd: 'Stop'
ptd-server 2022-02-20 21:40:24,283 [INFO] Reply from ptd: 'Error: no measurement to stop'
ptd-server 2022-02-20 21:40:24,283 [INFO] Sending to ptd: 'SR,V,Auto'
ptd-server 2022-02-20 21:40:24,804 [INFO] Reply from ptd: 'Range V changed'
ptd-server 2022-02-20 21:40:24,804 [INFO] Sending to ptd: 'SR,A,Auto'
ptd-server 2022-02-20 21:40:25,316 [INFO] Reply from ptd: 'Range A changed'
ptd-server 2022-02-20 21:40:25,316 [INFO] Set initial values for Amps Auto and Volts Auto
ptd-server 2022-02-20 21:40:25,316 [INFO] Stopping ptd...
