ptd-server 2022-02-22 10:44:02,027 [INFO] Got command from the client 'time'
ptd-server 2022-02-22 10:44:02,027 [INFO] Sending reply to client '1645526642.027886'
ptd-server 2022-02-22 10:44:02,029 [INFO] Got command from the client 'new,,71b6b8e4-1ba9-496d-9af3-2c79a18ef88f'
ptd-server 2022-02-22 10:44:02,030 [INFO] Sending reply to client 'OK 2022-02-22_10-44-02,8ffbe0ae-e069-4fc9-a5a9-4d529f66f924'
ptd-server 2022-02-22 10:44:02,067 [INFO] Got command from the client 'time'
ptd-server 2022-02-22 10:44:02,067 [INFO] Sending reply to client '1645526642.0678778'
ptd-server 2022-02-22 10:44:02,069 [INFO] Got command from the client 'session,2022-02-22_10-44-02,start,ranging'
ptd-server 2022-02-22 10:44:02,069 [INFO] Running PTDaemon: ['/home/anton/projects/mlperf/power/inference_v1.0/ptd-linux-x86', '-l', '/tmp/tmpgldyt7rr/ptd_logfile.txt', '-p', '8888', '49', '/dev/usbtmc0']
ptd-server 2022-02-22 10:44:19,246 [INFO] Sending to ptd: 'Hello'
ptd-server 2022-02-22 10:44:19,247 [INFO] Reply from ptd: 'Hello, PTDaemon here!'
ptd-server 2022-02-22 10:44:19,247 [INFO] Sending to ptd: 'Identify'
ptd-server 2022-02-22 10:44:19,247 [INFO] Reply from ptd: 'YokogawaWT310E,1000,1,1,1,1,0,1,1,version=1.9.2-e8c7a49a-20201208,OS=Linux 5.13.0-28-generic #31~20.04.1-Ubuntu SMP Wed Jan 19 14:08:10 UTC 2022 x86_64,mode=power,1,1,1,0,0,no_cal_date,YOKOGAWA;WT310E;C3XA04010E;F1.04'
ptd-server 2022-02-22 10:44:19,247 [INFO] Connected to PTDaemon
ptd-server 2022-02-22 10:44:19,247 [INFO] Sending to ptd: 'RR'
ptd-server 2022-02-22 10:44:19,248 [INFO] Reply from ptd: 'Ranges,0,0.500000,0,300.000000'
ptd-server 2022-02-22 10:44:19,248 [INFO] Initial range for Amps is 0.500000 for Volts is 300.000000
ptd-server 2022-02-22 10:44:19,248 [INFO] Sending to ptd: 'SR,V,Auto'
ptd-server 2022-02-22 10:44:19,751 [INFO] Reply from ptd: 'Range V changed'
ptd-server 2022-02-22 10:44:19,751 [INFO] Sending to ptd: 'SR,A,Auto'
ptd-server 2022-02-22 10:44:20,253 [INFO] Reply from ptd: 'Range A changed'
ptd-server 2022-02-22 10:44:30,263 [INFO] Starting ranging mode
ptd-server 2022-02-22 10:44:30,264 [INFO] Sending to ptd: 'Go,1000,0,2022-02-22_10-44-02_ranging'
ptd-server 2022-02-22 10:44:30,264 [INFO] Reply from ptd: 'Starting untimed measurement, maximum 500000 samples at 1000ms with 0 rampup samples'
ptd-server 2022-02-22 10:44:30,264 [INFO] Sending reply to client 'OK'
ptd-server 2022-02-22 10:54:59,235 [INFO] Got command from the client 'session,2022-02-22_10-44-02,stop,ranging'
ptd-server 2022-02-22 10:55:09,246 [INFO] Sending to ptd: 'Stop'
ptd-server 2022-02-22 10:55:09,246 [INFO] Reply from ptd: 'Stopping untimed measurement'
ptd-server 2022-02-22 10:55:09,963 [INFO] Sending reply to client 'OK'
ptd-server 2022-02-22 10:55:10,036 [INFO] Got command from the client 'time'
ptd-server 2022-02-22 10:55:10,036 [INFO] Sending reply to client '1645527310.036674'
ptd-server 2022-02-22 10:55:10,038 [INFO] Got command from the client 'session,2022-02-22_10-44-02,start,testing'
ptd-server 2022-02-22 10:55:10,038 [INFO] Sending to ptd: 'SR,V,251.090000'
ptd-server 2022-02-22 10:55:11,540 [INFO] Reply from ptd: 'Range V changed'
ptd-server 2022-02-22 10:55:11,540 [INFO] Sending to ptd: 'SR,A,0.050660'
ptd-server 2022-02-22 10:55:13,041 [INFO] Reply from ptd: 'Range A changed'
ptd-server 2022-02-22 10:55:23,051 [INFO] Starting testing mode
ptd-server 2022-02-22 10:55:23,052 [INFO] Sending to ptd: 'Go,1000,0,2022-02-22_10-44-02_testing'
ptd-server 2022-02-22 10:55:23,052 [INFO] Reply from ptd: 'Starting untimed measurement, maximum 500000 samples at 1000ms with 0 rampup samples'
ptd-server 2022-02-22 10:55:23,052 [INFO] Sending reply to client 'OK'
ptd-server 2022-02-22 11:05:51,659 [INFO] Got command from the client 'session,2022-02-22_10-44-02,stop,testing'
ptd-server 2022-02-22 11:06:01,669 [INFO] Sending to ptd: 'Stop'
ptd-server 2022-02-22 11:06:01,670 [INFO] Reply from ptd: 'Stopping untimed measurement'
ptd-server 2022-02-22 11:06:02,041 [INFO] Sending reply to client 'OK'
ptd-server 2022-02-22 11:06:02,061 [INFO] Got command from the client 'session,2022-02-22_10-44-02,done'
ptd-server 2022-02-22 11:06:02,061 [INFO] Sending to ptd: 'Stop'
ptd-server 2022-02-22 11:06:02,061 [INFO] Reply from ptd: 'Error: no measurement to stop'
ptd-server 2022-02-22 11:06:02,061 [INFO] Sending to ptd: 'SR,V,300.000000'
ptd-server 2022-02-22 11:06:03,562 [INFO] Reply from ptd: 'Range V changed'
ptd-server 2022-02-22 11:06:03,563 [INFO] Sending to ptd: 'SR,A,0.500000'
ptd-server 2022-02-22 11:06:05,064 [INFO] Reply from ptd: 'Range A changed'
ptd-server 2022-02-22 11:06:05,064 [INFO] Set initial values for Amps 0.500000 and Volts 300.000000
ptd-server 2022-02-22 11:06:05,064 [INFO] Stopping ptd...
