client 2022-02-23 10:54:50,915 [WARNING] Removing loadgen logs directory '/home/katya/CK/ck-mlperf/program/image-classification-tflite-loadgen/tmp/loadgen_logs'
client 2022-02-23 10:54:50,917 [INFO] Sending command to the server: 'mlcommons/power client v3'
client 2022-02-23 10:54:50,918 [INFO] Got response: 'mlcommons/power server v3'
client 2022-02-23 10:54:50,918 [INFO] Synchronizing with the server and with time.google.com...
client 2022-02-23 10:54:50,951 [INFO] NTP:offset = 0.000 s, delay = 0.023 s 
client 2022-02-23 10:54:50,952 [INFO] Sending command to the server: 'time'
client 2022-02-23 10:54:50,953 [INFO] Got response: '1645613690.9563417'
client 2022-02-23 10:54:50,954 [INFO] The time difference between the client and the server is within range -4.221 ms..-2.335 ms
client 2022-02-23 10:54:50,954 [INFO] Sending command to the server: 'new,,a1cccd88-3b01-4378-b015-08bf9d7b9074'
client 2022-02-23 10:54:50,956 [INFO] Got response: 'OK 2022-02-23_10-54-50,d1c57493-a5d7-41d1-a492-e9432e59de32'
client 2022-02-23 10:54:50,957 [INFO] Session id is '2022-02-23_10-54-50'
client 2022-02-23 10:54:50,957 [INFO] Sources: {"sources": {"__init__.py": "da39a3ee5e6b4b0d3255bfef95601890afd80709", "client.py": "33ca4f26368777ac06e01f9567b714a4b8063886", "lib/__init__.py": "da39a3ee5e6b4b0d3255bfef95601890afd80709", "lib/client.py": "4c2b78fb4849a7e5b584ef792d82aaed20b17f57", "lib/common.py": "624d0c0acc7c39aaff3674f0b99d6a09da53d1dc", "lib/external/__init__.py": "da39a3ee5e6b4b0d3255bfef95601890afd80709", "lib/external/ntplib.py": "4da8f970656505a40483206ef2b5d3dd5e81711d", "lib/server.py": "59c9fb92908260d3e9f81a895c7aa009742275e4", "lib/source_hashes.py": "60a2e02193209e8d392803326208d5466342da18", "lib/summary.py": "aa92f0a3f975eecd44d3c0cd0236342ccc9f941d", "lib/time_sync.py": "3210db56eb0ff0df57bf4293dc4d4b03fffd46f1", "server.py": "c3f90f2f7eeb4db30727556d0c815ebc89b3d28b", "tests/unit/__init__.py": "da39a3ee5e6b4b0d3255bfef95601890afd80709", "tests/unit/test_server.py": "99ae15aef722f2000ee6ed1ae1523637bf1ae42b", "tests/unit/test_source_hashes.py": "00468a2907583c593e6574a1f6b404e4651c221a"}, "modules": {"ptd_client_server.lib.client": "lib/client.py", "ptd_client_server.lib.common": "lib/common.py", "ptd_client_server.lib.external.ntplib": "lib/external/ntplib.py", "ptd_client_server.lib.source_hashes": "lib/source_hashes.py", "ptd_client_server.lib.summary": "lib/summary.py", "ptd_client_server.lib.time_sync": "lib/time_sync.py"}}
client 2022-02-23 10:54:50,959 [INFO] Running workload in ranging mode
client 2022-02-23 10:54:50,959 [INFO] Synchronizing with the server and with time.google.com...
client 2022-02-23 10:54:50,991 [INFO] NTP:offset = 0.001 s, delay = 0.026 s 
client 2022-02-23 10:54:50,992 [INFO] Sending command to the server: 'time'
client 2022-02-23 10:54:50,993 [INFO] Got response: '1645613690.9962544'
client 2022-02-23 10:54:50,993 [INFO] The time difference between the client and the server is within range -4.103 ms..-2.794 ms
client 2022-02-23 10:54:50,993 [INFO] Sending command to the server: 'session,2022-02-23_10-54-50,start,ranging'
client 2022-02-23 10:55:19,185 [INFO] Got response: 'OK'
client 2022-02-23 10:55:19,186 [INFO] Running the workload 'ck benchmark program:image-classification-tflite-loadgen --env.CK_SILENT_MODE=YES --skip_print_timers --dep_add_tags.compiler=gcc,v11 --dep_add_tags.python=v3 --dep_add_tags.mlperf-inference-src=r2.0 --dep_add_tags.weights=efficientnet,lite0,quantized --dep_add_tags.images=crop.875,preprocessed,using-opencv --dep_add_tags.library=tflite,v2.7.1,with.ruy --env.CK_LOADGEN_DATASET_SIZE=1024 --env.CK_LOADGEN_MODE=PerformanceOnly --env.CK_LOADGEN_SCENARIO=SingleStream --env.CK_LOADGEN_TARGET_LATENCY=$CK_LOADGEN_TARGET_LATENCY --skip_stat_analysis --process_multi_keys --repetitions=1 --record --record_repo=local --record_uoa=mlperf_v2.0-open-rpi4-tflite-v2.7.1-ruy-efficientnet-lite0-quantized-singlestream-performance-target_latency.$CK_LOADGEN_TARGET_LATENCY-power.workload --tags=mlperf,round.v2.0,division.open,task.image-classification,platform.rpi4,scenario.singlestream,mode.performance,workload.efficientnet-lite0-quantized,preprocessed_using.opencv,inference_engine.tflite,inference_engine_version.v2.7.1,inference_engine_backend.ruy,target_latency.$CK_LOADGEN_TARGET_LATENCY,power.workload "@@@{\'meta\': {\'ck_benchmark_program\': \'ck benchmark program:image-classification-tflite-loadgen --env.CK_SILENT_MODE=YES --skip_print_timers --dep_add_tags.compiler=gcc,v11 --dep_add_tags.python=v3 --dep_add_tags.mlperf-inference-src=r2.0 --dep_add_tags.weights=efficientnet,lite0,quantized --dep_add_tags.images=crop.875,preprocessed,using-opencv --dep_add_tags.library=tflite,v2.7.1,with.ruy --env.CK_LOADGEN_DATASET_SIZE=1024 --env.CK_LOADGEN_MODE=PerformanceOnly --env.CK_LOADGEN_SCENARIO=SingleStream --env.CK_LOADGEN_TARGET_LATENCY=$CK_LOADGEN_TARGET_LATENCY --skip_stat_analysis --process_multi_keys --repetitions=1 --record --record_repo=local --record_uoa=mlperf_v2.0-open-rpi4-tflite-v2.7.1-ruy-efficientnet-lite0-quantized-singlestream-performance-target_latency.$CK_LOADGEN_TARGET_LATENCY-power.workload --tags=mlperf,round.v2.0,division.open,task.image-classification,platform.rpi4,scenario.singlestream,mode.performance,workload.efficientnet-lite0-quantized,preprocessed_using.opencv,inference_engine.tflite,inference_engine_version.v2.7.1,inference_engine_backend.ruy,target_latency.$CK_LOADGEN_TARGET_LATENCY,power.workload\'}}" && cat `ck find program:image-classification-tflite-loadgen`/tmp/mlperf_log_summary.txt && mkdir -p "$CK_MLPERF_POWER_CLIENT_LOADGEN_LOGS" && cp "$CK_MLPERF_POWER_CLIENT_LOADGEN_LOGS"/../mlperf_log_* "$CK_MLPERF_POWER_CLIENT_LOADGEN_LOGS"/'
client 2022-02-23 11:05:48,413 [INFO] Sending command to the server: 'session,2022-02-23_10-54-50,stop,ranging'
client 2022-02-23 11:05:59,276 [INFO] Got response: 'OK'
client 2022-02-23 11:05:59,300 [INFO] Copying loadgen logs from '/home/katya/CK/ck-mlperf/program/image-classification-tflite-loadgen/tmp/loadgen_logs' to '/home/katya/CK/ck-mlperf/program/mlperf-power-client/tmp/2022-02-23_10-54-50/ranging'
client 2022-02-23 11:05:59,302 [INFO] Running workload in testing mode
client 2022-02-23 11:05:59,303 [INFO] Synchronizing with the server and with time.google.com...
client 2022-02-23 11:05:59,330 [INFO] NTP:offset = -0.001 s, delay = 0.024 s 
client 2022-02-23 11:05:59,331 [INFO] Sending command to the server: 'time'
client 2022-02-23 11:05:59,332 [INFO] Got response: '1645614359.335673'
client 2022-02-23 11:05:59,333 [INFO] The time difference between the client and the server is within range -4.291 ms..-2.408 ms
client 2022-02-23 11:05:59,333 [INFO] Sending command to the server: 'session,2022-02-23_10-54-50,start,testing'
client 2022-02-23 11:06:12,349 [INFO] Got response: 'OK'
client 2022-02-23 11:06:12,349 [INFO] Running the workload 'ck benchmark program:image-classification-tflite-loadgen --env.CK_SILENT_MODE=YES --skip_print_timers --dep_add_tags.compiler=gcc,v11 --dep_add_tags.python=v3 --dep_add_tags.mlperf-inference-src=r2.0 --dep_add_tags.weights=efficientnet,lite0,quantized --dep_add_tags.images=crop.875,preprocessed,using-opencv --dep_add_tags.library=tflite,v2.7.1,with.ruy --env.CK_LOADGEN_DATASET_SIZE=1024 --env.CK_LOADGEN_MODE=PerformanceOnly --env.CK_LOADGEN_SCENARIO=SingleStream --env.CK_LOADGEN_TARGET_LATENCY=$CK_LOADGEN_TARGET_LATENCY --skip_stat_analysis --process_multi_keys --repetitions=1 --record --record_repo=local --record_uoa=mlperf_v2.0-open-rpi4-tflite-v2.7.1-ruy-efficientnet-lite0-quantized-singlestream-performance-target_latency.$CK_LOADGEN_TARGET_LATENCY-power.workload --tags=mlperf,round.v2.0,division.open,task.image-classification,platform.rpi4,scenario.singlestream,mode.performance,workload.efficientnet-lite0-quantized,preprocessed_using.opencv,inference_engine.tflite,inference_engine_version.v2.7.1,inference_engine_backend.ruy,target_latency.$CK_LOADGEN_TARGET_LATENCY,power.workload "@@@{\'meta\': {\'ck_benchmark_program\': \'ck benchmark program:image-classification-tflite-loadgen --env.CK_SILENT_MODE=YES --skip_print_timers --dep_add_tags.compiler=gcc,v11 --dep_add_tags.python=v3 --dep_add_tags.mlperf-inference-src=r2.0 --dep_add_tags.weights=efficientnet,lite0,quantized --dep_add_tags.images=crop.875,preprocessed,using-opencv --dep_add_tags.library=tflite,v2.7.1,with.ruy --env.CK_LOADGEN_DATASET_SIZE=1024 --env.CK_LOADGEN_MODE=PerformanceOnly --env.CK_LOADGEN_SCENARIO=SingleStream --env.CK_LOADGEN_TARGET_LATENCY=$CK_LOADGEN_TARGET_LATENCY --skip_stat_analysis --process_multi_keys --repetitions=1 --record --record_repo=local --record_uoa=mlperf_v2.0-open-rpi4-tflite-v2.7.1-ruy-efficientnet-lite0-quantized-singlestream-performance-target_latency.$CK_LOADGEN_TARGET_LATENCY-power.workload --tags=mlperf,round.v2.0,division.open,task.image-classification,platform.rpi4,scenario.singlestream,mode.performance,workload.efficientnet-lite0-quantized,preprocessed_using.opencv,inference_engine.tflite,inference_engine_version.v2.7.1,inference_engine_backend.ruy,target_latency.$CK_LOADGEN_TARGET_LATENCY,power.workload\'}}" && cat `ck find program:image-classification-tflite-loadgen`/tmp/mlperf_log_summary.txt && mkdir -p "$CK_MLPERF_POWER_CLIENT_LOADGEN_LOGS" && cp "$CK_MLPERF_POWER_CLIENT_LOADGEN_LOGS"/../mlperf_log_* "$CK_MLPERF_POWER_CLIENT_LOADGEN_LOGS"/'
client 2022-02-23 11:16:41,318 [INFO] Sending command to the server: 'session,2022-02-23_10-54-50,stop,testing'
client 2022-02-23 11:16:51,771 [INFO] Got response: 'OK'
client 2022-02-23 11:16:51,777 [INFO] Copying loadgen logs from '/home/katya/CK/ck-mlperf/program/image-classification-tflite-loadgen/tmp/loadgen_logs' to '/home/katya/CK/ck-mlperf/program/mlperf-power-client/tmp/2022-02-23_10-54-50/run_1'
client 2022-02-23 11:16:51,782 [INFO] Done runs
