client 2022-02-24 20:24:19,288 [INFO] Sending command to the server: 'mlcommons/power client v3'
client 2022-02-24 20:24:19,290 [INFO] Got response: 'mlcommons/power server v3'
client 2022-02-24 20:24:19,290 [INFO] Sending command to the server: 'stop'
client 2022-02-24 20:24:19,292 [INFO] Got response: 'OK'
client 2022-02-24 20:24:19,292 [INFO] Synchronizing with the server and with ib-01.dc4-in.nvidia.com...
client 2022-02-24 20:24:19,637 [INFO] NTP:offset = 0.000 s, delay = 0.202 s 
client 2022-02-24 20:24:19,637 [INFO] Sending command to the server: 'time'
client 2022-02-24 20:24:19,644 [INFO] Got response: '1645763059.7835414'
client 2022-02-24 20:24:19,645 [INFO] The time difference between the client and the server is within range -145.772 ms..-138.532 ms
client 2022-02-24 20:24:19,645 [INFO] Sending command to the server: 'new,,572a2256-c687-4059-b857-996b544d74af'
client 2022-02-24 20:24:19,647 [INFO] Got response: 'OK 2022-02-24_20-24-19,11f42a99-f36c-4b64-9858-78c442037f33'
client 2022-02-24 20:24:19,647 [INFO] Session id is '2022-02-24_20-24-19'
client 2022-02-24 20:24:19,648 [INFO] Sources: {"sources": {"__init__.py": "da39a3ee5e6b4b0d3255bfef95601890afd80709", "client.py": "33ca4f26368777ac06e01f9567b714a4b8063886", "lib/__init__.py": "da39a3ee5e6b4b0d3255bfef95601890afd80709", "lib/client.py": "4c2b78fb4849a7e5b584ef792d82aaed20b17f57", "lib/common.py": "624d0c0acc7c39aaff3674f0b99d6a09da53d1dc", "lib/external/__init__.py": "da39a3ee5e6b4b0d3255bfef95601890afd80709", "lib/external/ntplib.py": "4da8f970656505a40483206ef2b5d3dd5e81711d", "lib/server.py": "59c9fb92908260d3e9f81a895c7aa009742275e4", "lib/source_hashes.py": "60a2e02193209e8d392803326208d5466342da18", "lib/summary.py": "aa92f0a3f975eecd44d3c0cd0236342ccc9f941d", "lib/time_sync.py": "3210db56eb0ff0df57bf4293dc4d4b03fffd46f1", "server.py": "c3f90f2f7eeb4db30727556d0c815ebc89b3d28b", "tests/unit/__init__.py": "da39a3ee5e6b4b0d3255bfef95601890afd80709", "tests/unit/test_server.py": "99ae15aef722f2000ee6ed1ae1523637bf1ae42b", "tests/unit/test_source_hashes.py": "00468a2907583c593e6574a1f6b404e4651c221a"}, "modules": {"ptd_client_server.lib.client": "lib/client.py", "ptd_client_server.lib.common": "lib/common.py", "ptd_client_server.lib.external.ntplib": "lib/external/ntplib.py", "ptd_client_server.lib.source_hashes": "lib/source_hashes.py", "ptd_client_server.lib.summary": "lib/summary.py", "ptd_client_server.lib.time_sync": "lib/time_sync.py"}}
client 2022-02-24 20:24:19,653 [INFO] Running workload in ranging mode
client 2022-02-24 20:24:19,653 [INFO] Synchronizing with the server and with ib-01.dc4-in.nvidia.com...
client 2022-02-24 20:24:19,858 [INFO] NTP:offset = 0.000 s, delay = 0.202 s 
client 2022-02-24 20:24:19,858 [INFO] Sending command to the server: 'time'
client 2022-02-24 20:24:19,860 [INFO] Got response: '1645763059.989661'
client 2022-02-24 20:24:19,860 [INFO] The time difference between the client and the server is within range -131.025 ms..-129.336 ms
client 2022-02-24 20:24:19,860 [INFO] Sending command to the server: 'session,2022-02-24_20-24-19,start,ranging'
client 2022-02-24 20:24:49,463 [INFO] Got response: 'OK'
client 2022-02-24 20:24:49,464 [INFO] Running the workload 'LOG_DIR=/home/scratch.duckhwank_sw/mlperf_2_orin_submission/closed/NVIDIA/build/power_logs_temp python3 code/main.py --benchmarks=3d-unet --scenarios=singlestream --test_mode=PerformanceOnly --config_ver=[maxq_high_accuracy] --action="run_harness" \\\n\t\t2>&1 | tee -a /home/scratch.duckhwank_sw/mlperf_2_orin_submission/closed/NVIDIA/build/power_logs/2022.02.24-20.24.02/stdout.txt \\\n\t\t&& if [ ! -d /home/scratch.duckhwank_sw/mlperf_2_orin_submission/closed/NVIDIA/build/power_logs/2022.02.24-20.24.02/ranging_tmp ]; \\\n\t\t\tthen mkdir /home/scratch.duckhwank_sw/mlperf_2_orin_submission/closed/NVIDIA/build/power_logs/2022.02.24-20.24.02/ranging_tmp \\\n\t\t\t\t&& mv /home/scratch.duckhwank_sw/mlperf_2_orin_submission/closed/NVIDIA/build/power_logs_temp/* /home/scratch.duckhwank_sw/mlperf_2_orin_submission/closed/NVIDIA/build/power_logs/2022.02.24-20.24.02/ranging_tmp/ \\\n\t\t\t\t&& cp -v /home/scratch.duckhwank_sw/mlperf_2_orin_submission/closed/NVIDIA/build/power_logs/2022.02.24-20.24.02/ranging_tmp/*/*/*/mlperf_log_detail.txt /home/scratch.duckhwank_sw/mlperf_2_orin_submission/closed/NVIDIA/build/power_logs_temp/ \\\n\t\t\t\t&& cp -v /home/scratch.duckhwank_sw/mlperf_2_orin_submission/closed/NVIDIA/build/power_logs/2022.02.24-20.24.02/ranging_tmp/*/*/*/mlperf_log_summary.txt /home/scratch.duckhwank_sw/mlperf_2_orin_submission/closed/NVIDIA/build/power_logs_temp/; \\\n\t\t\telse mkdir /home/scratch.duckhwank_sw/mlperf_2_orin_submission/closed/NVIDIA/build/power_logs/2022.02.24-20.24.02/testing_tmp \\\n\t\t\t\t&& mv /home/scratch.duckhwank_sw/mlperf_2_orin_submission/closed/NVIDIA/build/power_logs_temp/* /home/scratch.duckhwank_sw/mlperf_2_orin_submission/closed/NVIDIA/build/power_logs/2022.02.24-20.24.02/testing_tmp/ \\\n\t\t\t\t&& cp -v /home/scratch.duckhwank_sw/mlperf_2_orin_submission/closed/NVIDIA/build/power_logs/2022.02.24-20.24.02/testing_tmp/*/*/*/mlperf_log_detail.txt /home/scratch.duckhwank_sw/mlperf_2_orin_submission/closed/NVIDIA/build/power_logs_temp/ \\\n\t\t\t\t&& cp -v /home/scratch.duckhwank_sw/mlperf_2_orin_submission/closed/NVIDIA/build/power_logs/2022.02.24-20.24.02/testing_tmp/*/*/*/mlperf_log_summary.txt /home/scratch.duckhwank_sw/mlperf_2_orin_submission/closed/NVIDIA/build/power_logs_temp/; fi'
client 2022-02-24 21:19:45,422 [INFO] Sending command to the server: 'session,2022-02-24_20-24-19,stop,ranging'
client 2022-02-24 21:19:55,532 [INFO] Got response: 'OK'
client 2022-02-24 21:19:55,553 [INFO] Copying loadgen logs from '/home/scratch.duckhwank_sw/mlperf_2_orin_submission/closed/NVIDIA/build/power_logs_temp' to '/home/scratch.duckhwank_sw/mlperf_2_orin_submission/closed/NVIDIA/build/power_logs/2022.02.24-20.24.02/2022-02-24_20-24-19/ranging'
client 2022-02-24 21:19:55,584 [INFO] Running workload in testing mode
client 2022-02-24 21:19:55,584 [INFO] Synchronizing with the server and with ib-01.dc4-in.nvidia.com...
client 2022-02-24 21:19:55,791 [INFO] NTP:offset = -0.000 s, delay = 0.202 s 
client 2022-02-24 21:19:55,791 [INFO] Sending command to the server: 'time'
client 2022-02-24 21:19:55,793 [INFO] Got response: '1645766395.9090426'
client 2022-02-24 21:19:55,793 [INFO] The time difference between the client and the server is within range -117.253 ms..-115.565 ms
client 2022-02-24 21:19:55,793 [INFO] Sending command to the server: 'session,2022-02-24_20-24-19,start,testing'
client 2022-02-24 21:20:08,864 [INFO] Got response: 'OK'
client 2022-02-24 21:20:08,864 [INFO] Running the workload 'LOG_DIR=/home/scratch.duckhwank_sw/mlperf_2_orin_submission/closed/NVIDIA/build/power_logs_temp python3 code/main.py --benchmarks=3d-unet --scenarios=singlestream --test_mode=PerformanceOnly --config_ver=[maxq_high_accuracy] --action="run_harness" \\\n\t\t2>&1 | tee -a /home/scratch.duckhwank_sw/mlperf_2_orin_submission/closed/NVIDIA/build/power_logs/2022.02.24-20.24.02/stdout.txt \\\n\t\t&& if [ ! -d /home/scratch.duckhwank_sw/mlperf_2_orin_submission/closed/NVIDIA/build/power_logs/2022.02.24-20.24.02/ranging_tmp ]; \\\n\t\t\tthen mkdir /home/scratch.duckhwank_sw/mlperf_2_orin_submission/closed/NVIDIA/build/power_logs/2022.02.24-20.24.02/ranging_tmp \\\n\t\t\t\t&& mv /home/scratch.duckhwank_sw/mlperf_2_orin_submission/closed/NVIDIA/build/power_logs_temp/* /home/scratch.duckhwank_sw/mlperf_2_orin_submission/closed/NVIDIA/build/power_logs/2022.02.24-20.24.02/ranging_tmp/ \\\n\t\t\t\t&& cp -v /home/scratch.duckhwank_sw/mlperf_2_orin_submission/closed/NVIDIA/build/power_logs/2022.02.24-20.24.02/ranging_tmp/*/*/*/mlperf_log_detail.txt /home/scratch.duckhwank_sw/mlperf_2_orin_submission/closed/NVIDIA/build/power_logs_temp/ \\\n\t\t\t\t&& cp -v /home/scratch.duckhwank_sw/mlperf_2_orin_submission/closed/NVIDIA/build/power_logs/2022.02.24-20.24.02/ranging_tmp/*/*/*/mlperf_log_summary.txt /home/scratch.duckhwank_sw/mlperf_2_orin_submission/closed/NVIDIA/build/power_logs_temp/; \\\n\t\t\telse mkdir /home/scratch.duckhwank_sw/mlperf_2_orin_submission/closed/NVIDIA/build/power_logs/2022.02.24-20.24.02/testing_tmp \\\n\t\t\t\t&& mv /home/scratch.duckhwank_sw/mlperf_2_orin_submission/closed/NVIDIA/build/power_logs_temp/* /home/scratch.duckhwank_sw/mlperf_2_orin_submission/closed/NVIDIA/build/power_logs/2022.02.24-20.24.02/testing_tmp/ \\\n\t\t\t\t&& cp -v /home/scratch.duckhwank_sw/mlperf_2_orin_submission/closed/NVIDIA/build/power_logs/2022.02.24-20.24.02/testing_tmp/*/*/*/mlperf_log_detail.txt /home/scratch.duckhwank_sw/mlperf_2_orin_submission/closed/NVIDIA/build/power_logs_temp/ \\\n\t\t\t\t&& cp -v /home/scratch.duckhwank_sw/mlperf_2_orin_submission/closed/NVIDIA/build/power_logs/2022.02.24-20.24.02/testing_tmp/*/*/*/mlperf_log_summary.txt /home/scratch.duckhwank_sw/mlperf_2_orin_submission/closed/NVIDIA/build/power_logs_temp/; fi'
client 2022-02-24 22:14:50,978 [INFO] Sending command to the server: 'session,2022-02-24_20-24-19,stop,testing'
client 2022-02-24 22:15:01,020 [INFO] Got response: 'OK'
client 2022-02-24 22:15:01,035 [INFO] Copying loadgen logs from '/home/scratch.duckhwank_sw/mlperf_2_orin_submission/closed/NVIDIA/build/power_logs_temp' to '/home/scratch.duckhwank_sw/mlperf_2_orin_submission/closed/NVIDIA/build/power_logs/2022.02.24-20.24.02/2022-02-24_20-24-19/run_1'
client 2022-02-24 22:15:01,066 [INFO] Done runs
