ptd-server 2022-02-24 20:24:19,423 [INFO] Got command from the client 'stop'
ptd-server 2022-02-24 20:24:19,423 [INFO] The server will be stopped after processing this client
ptd-server 2022-02-24 20:24:19,423 [INFO] Sending reply to client 'OK'
ptd-server 2022-02-24 20:24:19,767 [INFO] Got command from the client 'time'
ptd-server 2022-02-24 20:24:19,783 [INFO] Sending reply to client '1645763059.7835414'
ptd-server 2022-02-24 20:24:19,783 [INFO] Got command from the client 'new,,572a2256-c687-4059-b857-996b544d74af'
ptd-server 2022-02-24 20:24:19,783 [INFO] Sending reply to client 'OK 2022-02-24_20-24-19,11f42a99-f36c-4b64-9858-78c442037f33'
ptd-server 2022-02-24 20:24:19,989 [INFO] Got command from the client 'time'
ptd-server 2022-02-24 20:24:19,989 [INFO] Sending reply to client '1645763059.989661'
ptd-server 2022-02-24 20:24:19,989 [INFO] Got command from the client 'session,2022-02-24_20-24-19,start,ranging'
ptd-server 2022-02-24 20:24:20,099 [INFO] Running PTDaemon: ['C:\\PTD\\ptd-windows-x86.exe', '-l', 'C:\\Users\\lab\\AppData\\Local\\Temp\\tmp1wlqhlp9\\ptd_logfile.txt', '-p', '8888', '-c', '2', '-y', '52', '10.32.209.65']
ptd-server 2022-02-24 20:24:38,570 [INFO] Sending to ptd: 'Hello'
ptd-server 2022-02-24 20:24:38,570 [INFO] Reply from ptd: 'Hello, PTDaemon here!'
ptd-server 2022-02-24 20:24:38,570 [INFO] Sending to ptd: 'Identify'
ptd-server 2022-02-24 20:24:38,570 [INFO] Reply from ptd: 'YokogawaWT330E,1000,1,1,1,1,0,0,1,version=1.9.2-3976349f-20201208,OS=Windows 8 / Server 2012,mode=power,1,1,1,0,0,no_cal_date,YOKOGAWA;WT333E;C2XL24034V;F1.04'
ptd-server 2022-02-24 20:24:38,570 [INFO] Connected to PTDaemon
ptd-server 2022-02-24 20:24:38,570 [INFO] Sending to ptd: 'RR'
ptd-server 2022-02-24 20:24:38,570 [INFO] Reply from ptd: 'Ranges,1,1.000000,1,150.000000'
ptd-server 2022-02-24 20:24:38,570 [INFO] Initial range for Amps is Auto for Volts is Auto
ptd-server 2022-02-24 20:24:38,570 [INFO] Sending to ptd: 'SR,V,Auto'
ptd-server 2022-02-24 20:24:39,086 [INFO] Reply from ptd: 'Range V changed'
ptd-server 2022-02-24 20:24:39,086 [INFO] Sending to ptd: 'SR,A,Auto'
ptd-server 2022-02-24 20:24:39,602 [INFO] Reply from ptd: 'Range A changed'
ptd-server 2022-02-24 20:24:49,603 [INFO] Starting ranging mode
ptd-server 2022-02-24 20:24:49,603 [INFO] Sending to ptd: 'Go,1000,0,2022-02-24_20-24-19_ranging'
ptd-server 2022-02-24 20:24:49,603 [INFO] Reply from ptd: 'Starting untimed measurement, maximum 500000 samples at 1000ms with 0 rampup samples'
ptd-server 2022-02-24 20:24:49,603 [INFO] Sending reply to client 'OK'
ptd-server 2022-02-24 21:19:45,529 [INFO] Got command from the client 'session,2022-02-24_20-24-19,stop,ranging'
ptd-server 2022-02-24 21:19:55,549 [INFO] Sending to ptd: 'Stop'
ptd-server 2022-02-24 21:19:55,549 [INFO] Reply from ptd: 'Stopping untimed measurement'
ptd-server 2022-02-24 21:19:55,643 [INFO] Sending reply to client 'OK'
ptd-server 2022-02-24 21:19:55,909 [INFO] Got command from the client 'time'
ptd-server 2022-02-24 21:19:55,909 [INFO] Sending reply to client '1645766395.9090426'
ptd-server 2022-02-24 21:19:55,909 [INFO] Got command from the client 'session,2022-02-24_20-24-19,start,testing'
ptd-server 2022-02-24 21:19:55,909 [INFO] Sending to ptd: 'SR,V,121.920000'
ptd-server 2022-02-24 21:19:57,434 [INFO] Reply from ptd: 'Range V changed'
ptd-server 2022-02-24 21:19:57,434 [INFO] Sending to ptd: 'SR,A,0.622300'
ptd-server 2022-02-24 21:19:58,966 [INFO] Reply from ptd: 'Range A changed'
ptd-server 2022-02-24 21:20:08,975 [INFO] Starting testing mode
ptd-server 2022-02-24 21:20:08,975 [INFO] Sending to ptd: 'Go,1000,0,2022-02-24_20-24-19_testing'
ptd-server 2022-02-24 21:20:08,975 [INFO] Reply from ptd: 'Starting untimed measurement, maximum 500000 samples at 1000ms with 0 rampup samples'
ptd-server 2022-02-24 21:20:08,975 [INFO] Sending reply to client 'OK'
ptd-server 2022-02-24 22:14:51,079 [INFO] Got command from the client 'session,2022-02-24_20-24-19,stop,testing'
ptd-server 2022-02-24 22:15:01,095 [INFO] Sending to ptd: 'Stop'
ptd-server 2022-02-24 22:15:01,095 [INFO] Reply from ptd: 'Stopping untimed measurement'
ptd-server 2022-02-24 22:15:01,126 [INFO] Sending reply to client 'OK'
ptd-server 2022-02-24 22:15:01,251 [INFO] Got command from the client 'session,2022-02-24_20-24-19,done'
ptd-server 2022-02-24 22:15:01,251 [INFO] Sending to ptd: 'Stop'
ptd-server 2022-02-24 22:15:01,985 [INFO] Reply from ptd: 'Error: no measurement to stop'
ptd-server 2022-02-24 22:15:01,985 [INFO] Sending to ptd: 'SR,V,Auto'
ptd-server 2022-02-24 22:15:02,491 [INFO] Reply from ptd: 'Range V changed'
ptd-server 2022-02-24 22:15:02,491 [INFO] Sending to ptd: 'SR,A,Auto'
ptd-server 2022-02-24 22:15:03,016 [INFO] Reply from ptd: 'Range A changed'
ptd-server 2022-02-24 22:15:03,016 [INFO] Set initial values for Amps Auto and Volts Auto
ptd-server 2022-02-24 22:15:03,016 [INFO] Stopping ptd...
