ptd-server 2022-02-20 11:56:27,828 [INFO] Got command from the client 'time'
ptd-server 2022-02-20 11:56:27,828 [INFO] Sending reply to client '1645358187.8289628'
ptd-server 2022-02-20 11:56:27,830 [INFO] Got command from the client 'new,,c714f400-0f76-46c2-80b2-186a83a610aa'
ptd-server 2022-02-20 11:56:27,831 [INFO] Sending reply to client 'OK 2022-02-20_11-56-27,23235024-8526-4004-b6be-56ce5d9ed6ab'
ptd-server 2022-02-20 11:56:27,860 [INFO] Got command from the client 'time'
ptd-server 2022-02-20 11:56:27,860 [INFO] Sending reply to client '1645358187.860354'
ptd-server 2022-02-20 11:56:27,861 [INFO] Got command from the client 'session,2022-02-20_11-56-27,start,ranging'
ptd-server 2022-02-20 11:56:27,862 [INFO] Running PTDaemon: ['/home/anton/projects/mlperf/power/inference_v1.0/ptd-linux-x86', '-l', '/tmp/tmpgldyt7rr/ptd_logfile.txt', '-p', '8888', '49', '/dev/usbtmc0']
ptd-server 2022-02-20 11:56:45,035 [INFO] Sending to ptd: 'Hello'
ptd-server 2022-02-20 11:56:45,036 [INFO] Reply from ptd: 'Hello, PTDaemon here!'
ptd-server 2022-02-20 11:56:45,036 [INFO] Sending to ptd: 'Identify'
ptd-server 2022-02-20 11:56:45,036 [INFO] Reply from ptd: 'YokogawaWT310E,1000,1,1,1,1,0,1,1,version=1.9.2-e8c7a49a-20201208,OS=Linux 5.13.0-28-generic #31~20.04.1-Ubuntu SMP Wed Jan 19 14:08:10 UTC 2022 x86_64,mode=power,1,1,1,0,0,no_cal_date,YOKOGAWA;WT310E;C3XA04010E;F1.04'
ptd-server 2022-02-20 11:56:45,036 [INFO] Connected to PTDaemon
ptd-server 2022-02-20 11:56:45,037 [INFO] Sending to ptd: 'RR'
ptd-server 2022-02-20 11:56:45,037 [INFO] Reply from ptd: 'Ranges,0,0.500000,0,300.000000'
ptd-server 2022-02-20 11:56:45,037 [INFO] Initial range for Amps is 0.500000 for Volts is 300.000000
ptd-server 2022-02-20 11:56:45,037 [INFO] Sending to ptd: 'SR,V,Auto'
ptd-server 2022-02-20 11:56:45,540 [INFO] Reply from ptd: 'Range V changed'
ptd-server 2022-02-20 11:56:45,540 [INFO] Sending to ptd: 'SR,A,Auto'
ptd-server 2022-02-20 11:56:46,042 [INFO] Reply from ptd: 'Range A changed'
ptd-server 2022-02-20 11:56:56,053 [INFO] Starting ranging mode
ptd-server 2022-02-20 11:56:56,053 [INFO] Sending to ptd: 'Go,1000,0,2022-02-20_11-56-27_ranging'
ptd-server 2022-02-20 11:56:56,053 [INFO] Reply from ptd: 'Starting untimed measurement, maximum 500000 samples at 1000ms with 0 rampup samples'
ptd-server 2022-02-20 11:56:56,053 [INFO] Sending reply to client 'OK'
ptd-server 2022-02-20 12:07:12,984 [INFO] Got command from the client 'session,2022-02-20_11-56-27,stop,ranging'
ptd-server 2022-02-20 12:07:22,994 [INFO] Sending to ptd: 'Stop'
ptd-server 2022-02-20 12:07:22,995 [INFO] Reply from ptd: 'Stopping untimed measurement'
ptd-server 2022-02-20 12:07:23,465 [INFO] Sending reply to client 'OK'
ptd-server 2022-02-20 12:07:23,556 [INFO] Got command from the client 'time'
ptd-server 2022-02-20 12:07:23,556 [INFO] Sending reply to client '1645358843.5567718'
ptd-server 2022-02-20 12:07:23,560 [INFO] Got command from the client 'session,2022-02-20_11-56-27,start,testing'
ptd-server 2022-02-20 12:07:23,560 [INFO] Sending to ptd: 'SR,V,248.890000'
ptd-server 2022-02-20 12:07:25,061 [INFO] Reply from ptd: 'Range V changed'
ptd-server 2022-02-20 12:07:25,062 [INFO] Sending to ptd: 'SR,A,0.047130'
ptd-server 2022-02-20 12:07:26,563 [INFO] Reply from ptd: 'Range A changed'
ptd-server 2022-02-20 12:07:36,573 [INFO] Starting testing mode
ptd-server 2022-02-20 12:07:36,573 [INFO] Sending to ptd: 'Go,1000,0,2022-02-20_11-56-27_testing'
ptd-server 2022-02-20 12:07:36,574 [INFO] Reply from ptd: 'Starting untimed measurement, maximum 500000 samples at 1000ms with 0 rampup samples'
ptd-server 2022-02-20 12:07:36,574 [INFO] Sending reply to client 'OK'
ptd-server 2022-02-20 12:17:54,260 [INFO] Got command from the client 'session,2022-02-20_11-56-27,stop,testing'
ptd-server 2022-02-20 12:18:04,270 [INFO] Sending to ptd: 'Stop'
ptd-server 2022-02-20 12:18:04,271 [INFO] Reply from ptd: 'Stopping untimed measurement'
ptd-server 2022-02-20 12:18:04,514 [INFO] Sending reply to client 'OK'
ptd-server 2022-02-20 12:18:04,549 [INFO] Got command from the client 'session,2022-02-20_11-56-27,done'
ptd-server 2022-02-20 12:18:04,549 [INFO] Sending to ptd: 'Stop'
ptd-server 2022-02-20 12:18:04,575 [INFO] Reply from ptd: 'Error: no measurement to stop'
ptd-server 2022-02-20 12:18:04,575 [INFO] Sending to ptd: 'SR,V,300.000000'
ptd-server 2022-02-20 12:18:06,076 [INFO] Reply from ptd: 'Range V changed'
ptd-server 2022-02-20 12:18:06,077 [INFO] Sending to ptd: 'SR,A,0.500000'
ptd-server 2022-02-20 12:18:07,578 [INFO] Reply from ptd: 'Range A changed'
ptd-server 2022-02-20 12:18:07,578 [INFO] Set initial values for Amps 0.500000 and Volts 300.000000
ptd-server 2022-02-20 12:18:07,578 [INFO] Stopping ptd...
