ptd-server 2022-02-18 08:38:42,920 [INFO] Got command from the client 'time'
ptd-server 2022-02-18 08:38:42,921 [INFO] Sending reply to client '1645173522.921063'
ptd-server 2022-02-18 08:38:42,923 [INFO] Got command from the client 'new,,0b6dba98-9eea-42fb-9a7a-90551db733e4'
ptd-server 2022-02-18 08:38:42,925 [INFO] Sending reply to client 'OK 2022-02-18_08-38-42,22bbf572-c5fd-459b-bccd-94ba340f301d'
ptd-server 2022-02-18 08:38:42,971 [INFO] Got command from the client 'time'
ptd-server 2022-02-18 08:38:42,971 [INFO] Sending reply to client '1645173522.9717877'
ptd-server 2022-02-18 08:38:42,974 [INFO] Got command from the client 'session,2022-02-18_08-38-42,start,ranging'
ptd-server 2022-02-18 08:38:42,974 [INFO] Running PTDaemon: ['/home/anton/projects/mlperf/power/inference_v1.0/ptd-linux-x86', '-l', '/tmp/tmpgldyt7rr/ptd_logfile.txt', '-p', '8888', '49', '/dev/usbtmc0']
ptd-server 2022-02-18 08:39:00,148 [INFO] Sending to ptd: 'Hello'
ptd-server 2022-02-18 08:39:00,148 [INFO] Reply from ptd: 'Hello, PTDaemon here!'
ptd-server 2022-02-18 08:39:00,149 [INFO] Sending to ptd: 'Identify'
ptd-server 2022-02-18 08:39:00,149 [INFO] Reply from ptd: 'YokogawaWT310E,1000,1,1,1,1,0,1,1,version=1.9.2-e8c7a49a-20201208,OS=Linux 5.13.0-28-generic #31~20.04.1-Ubuntu SMP Wed Jan 19 14:08:10 UTC 2022 x86_64,mode=power,1,1,1,0,0,no_cal_date,YOKOGAWA;WT310E;C3XA04010E;F1.04'
ptd-server 2022-02-18 08:39:00,149 [INFO] Connected to PTDaemon
ptd-server 2022-02-18 08:39:00,149 [INFO] Sending to ptd: 'RR'
ptd-server 2022-02-18 08:39:00,150 [INFO] Reply from ptd: 'Ranges,0,0.500000,0,300.000000'
ptd-server 2022-02-18 08:39:00,150 [INFO] Initial range for Amps is 0.500000 for Volts is 300.000000
ptd-server 2022-02-18 08:39:00,150 [INFO] Sending to ptd: 'SR,V,Auto'
ptd-server 2022-02-18 08:39:00,653 [INFO] Reply from ptd: 'Range V changed'
ptd-server 2022-02-18 08:39:00,653 [INFO] Sending to ptd: 'SR,A,Auto'
ptd-server 2022-02-18 08:39:01,155 [INFO] Reply from ptd: 'Range A changed'
ptd-server 2022-02-18 08:39:11,166 [INFO] Starting ranging mode
ptd-server 2022-02-18 08:39:11,166 [INFO] Sending to ptd: 'Go,1000,0,2022-02-18_08-38-42_ranging'
ptd-server 2022-02-18 08:39:11,166 [INFO] Reply from ptd: 'Starting untimed measurement, maximum 500000 samples at 1000ms with 0 rampup samples'
ptd-server 2022-02-18 08:39:11,167 [INFO] Sending reply to client 'OK'
ptd-server 2022-02-18 08:51:34,376 [INFO] Got command from the client 'session,2022-02-18_08-38-42,stop,ranging'
ptd-server 2022-02-18 08:51:44,387 [INFO] Sending to ptd: 'Stop'
ptd-server 2022-02-18 08:51:44,387 [INFO] Reply from ptd: 'Stopping untimed measurement'
ptd-server 2022-02-18 08:51:44,623 [INFO] Sending reply to client 'OK'
ptd-server 2022-02-18 08:51:44,790 [INFO] Got command from the client 'time'
ptd-server 2022-02-18 08:51:44,790 [INFO] Sending reply to client '1645174304.7909544'
ptd-server 2022-02-18 08:51:44,795 [INFO] Got command from the client 'session,2022-02-18_08-38-42,start,testing'
ptd-server 2022-02-18 08:51:44,795 [INFO] Sending to ptd: 'SR,V,248.550000'
ptd-server 2022-02-18 08:51:46,668 [INFO] Reply from ptd: 'Range V changed'
ptd-server 2022-02-18 08:51:46,668 [INFO] Sending to ptd: 'SR,A,0.249520'
ptd-server 2022-02-18 08:51:48,169 [INFO] Reply from ptd: 'Range A changed'
ptd-server 2022-02-18 08:51:58,179 [INFO] Starting testing mode
ptd-server 2022-02-18 08:51:58,180 [INFO] Sending to ptd: 'Go,1000,0,2022-02-18_08-38-42_testing'
ptd-server 2022-02-18 08:51:58,180 [INFO] Reply from ptd: 'Starting untimed measurement, maximum 500000 samples at 1000ms with 0 rampup samples'
ptd-server 2022-02-18 08:51:58,180 [INFO] Sending reply to client 'OK'
ptd-server 2022-02-18 09:04:22,551 [INFO] Got command from the client 'session,2022-02-18_08-38-42,stop,testing'
ptd-server 2022-02-18 09:04:32,560 [INFO] Sending to ptd: 'Stop'
ptd-server 2022-02-18 09:04:32,560 [INFO] Reply from ptd: 'Stopping untimed measurement'
ptd-server 2022-02-18 09:04:32,692 [INFO] Sending reply to client 'OK'
ptd-server 2022-02-18 09:04:32,730 [INFO] Got command from the client 'session,2022-02-18_08-38-42,done'
ptd-server 2022-02-18 09:04:32,730 [INFO] Sending to ptd: 'Stop'
ptd-server 2022-02-18 09:04:33,181 [INFO] Reply from ptd: 'Error: no measurement to stop'
ptd-server 2022-02-18 09:04:33,181 [INFO] Sending to ptd: 'SR,V,300.000000'
ptd-server 2022-02-18 09:04:34,682 [INFO] Reply from ptd: 'Range V changed'
ptd-server 2022-02-18 09:04:34,683 [INFO] Sending to ptd: 'SR,A,0.500000'
ptd-server 2022-02-18 09:04:36,184 [INFO] Reply from ptd: 'Range A changed'
ptd-server 2022-02-18 09:04:36,184 [INFO] Set initial values for Amps 0.500000 and Volts 300.000000
ptd-server 2022-02-18 09:04:36,184 [INFO] Stopping ptd...
