ptd-server 2022-02-20 06:38:54,138 [INFO] Got command from the client 'time'
ptd-server 2022-02-20 06:38:54,138 [INFO] Sending reply to client '1645339134.1381822'
ptd-server 2022-02-20 06:38:54,139 [INFO] Got command from the client 'new,,a23d5ad2-3fae-49bb-9803-139853de5d1f'
ptd-server 2022-02-20 06:38:54,139 [INFO] Sending reply to client 'OK 2022-02-20_06-38-54,b72c6c10-260c-4be5-8e12-3ee2aa3d4b81'
ptd-server 2022-02-20 06:38:54,167 [INFO] Got command from the client 'time'
ptd-server 2022-02-20 06:38:54,167 [INFO] Sending reply to client '1645339134.1676311'
ptd-server 2022-02-20 06:38:54,168 [INFO] Got command from the client 'session,2022-02-20_06-38-54,start,ranging'
ptd-server 2022-02-20 06:38:54,169 [INFO] Running PTDaemon: ['/home/anton/projects/mlperf/power/inference_v1.0/ptd-linux-x86', '-l', '/tmp/tmpgldyt7rr/ptd_logfile.txt', '-p', '8888', '49', '/dev/usbtmc0']
ptd-server 2022-02-20 06:39:11,342 [INFO] Sending to ptd: 'Hello'
ptd-server 2022-02-20 06:39:11,343 [INFO] Reply from ptd: 'Hello, PTDaemon here!'
ptd-server 2022-02-20 06:39:11,343 [INFO] Sending to ptd: 'Identify'
ptd-server 2022-02-20 06:39:11,343 [INFO] Reply from ptd: 'YokogawaWT310E,1000,1,1,1,1,0,1,1,version=1.9.2-e8c7a49a-20201208,OS=Linux 5.13.0-28-generic #31~20.04.1-Ubuntu SMP Wed Jan 19 14:08:10 UTC 2022 x86_64,mode=power,1,1,1,0,0,no_cal_date,YOKOGAWA;WT310E;C3XA04010E;F1.04'
ptd-server 2022-02-20 06:39:11,343 [INFO] Connected to PTDaemon
ptd-server 2022-02-20 06:39:11,344 [INFO] Sending to ptd: 'RR'
ptd-server 2022-02-20 06:39:11,344 [INFO] Reply from ptd: 'Ranges,0,0.500000,0,300.000000'
ptd-server 2022-02-20 06:39:11,344 [INFO] Initial range for Amps is 0.500000 for Volts is 300.000000
ptd-server 2022-02-20 06:39:11,344 [INFO] Sending to ptd: 'SR,V,Auto'
ptd-server 2022-02-20 06:39:11,847 [INFO] Reply from ptd: 'Range V changed'
ptd-server 2022-02-20 06:39:11,847 [INFO] Sending to ptd: 'SR,A,Auto'
ptd-server 2022-02-20 06:39:12,349 [INFO] Reply from ptd: 'Range A changed'
ptd-server 2022-02-20 06:39:22,360 [INFO] Starting ranging mode
ptd-server 2022-02-20 06:39:22,360 [INFO] Sending to ptd: 'Go,1000,0,2022-02-20_06-38-54_ranging'
ptd-server 2022-02-20 06:39:22,360 [INFO] Reply from ptd: 'Starting untimed measurement, maximum 500000 samples at 1000ms with 0 rampup samples'
ptd-server 2022-02-20 06:39:22,360 [INFO] Sending reply to client 'OK'
ptd-server 2022-02-20 06:49:44,130 [INFO] Got command from the client 'session,2022-02-20_06-38-54,stop,ranging'
ptd-server 2022-02-20 06:49:54,140 [INFO] Sending to ptd: 'Stop'
ptd-server 2022-02-20 06:49:54,140 [INFO] Reply from ptd: 'Stopping untimed measurement'
ptd-server 2022-02-20 06:49:54,586 [INFO] Sending reply to client 'OK'
ptd-server 2022-02-20 06:49:54,646 [INFO] Got command from the client 'time'
ptd-server 2022-02-20 06:49:54,646 [INFO] Sending reply to client '1645339794.6469529'
ptd-server 2022-02-20 06:49:54,648 [INFO] Got command from the client 'session,2022-02-20_06-38-54,start,testing'
ptd-server 2022-02-20 06:49:54,648 [INFO] Sending to ptd: 'SR,V,249.600000'
ptd-server 2022-02-20 06:49:56,149 [INFO] Reply from ptd: 'Range V changed'
ptd-server 2022-02-20 06:49:56,149 [INFO] Sending to ptd: 'SR,A,0.068530'
ptd-server 2022-02-20 06:49:57,651 [INFO] Reply from ptd: 'Range A changed'
ptd-server 2022-02-20 06:50:07,661 [INFO] Starting testing mode
ptd-server 2022-02-20 06:50:07,661 [INFO] Sending to ptd: 'Go,1000,0,2022-02-20_06-38-54_testing'
ptd-server 2022-02-20 06:50:07,662 [INFO] Reply from ptd: 'Starting untimed measurement, maximum 500000 samples at 1000ms with 0 rampup samples'
ptd-server 2022-02-20 06:50:07,662 [INFO] Sending reply to client 'OK'
ptd-server 2022-02-20 07:00:30,349 [INFO] Got command from the client 'session,2022-02-20_06-38-54,stop,testing'
ptd-server 2022-02-20 07:00:40,360 [INFO] Sending to ptd: 'Stop'
ptd-server 2022-02-20 07:00:40,360 [INFO] Reply from ptd: 'Stopping untimed measurement'
ptd-server 2022-02-20 07:00:40,602 [INFO] Sending reply to client 'OK'
ptd-server 2022-02-20 07:00:40,621 [INFO] Got command from the client 'session,2022-02-20_06-38-54,done'
ptd-server 2022-02-20 07:00:40,621 [INFO] Sending to ptd: 'Stop'
ptd-server 2022-02-20 07:00:40,662 [INFO] Reply from ptd: 'Error: no measurement to stop'
ptd-server 2022-02-20 07:00:40,662 [INFO] Sending to ptd: 'SR,V,300.000000'
ptd-server 2022-02-20 07:00:42,164 [INFO] Reply from ptd: 'Range V changed'
ptd-server 2022-02-20 07:00:42,164 [INFO] Sending to ptd: 'SR,A,0.500000'
ptd-server 2022-02-20 07:00:43,665 [INFO] Reply from ptd: 'Range A changed'
ptd-server 2022-02-20 07:00:43,665 [INFO] Set initial values for Amps 0.500000 and Volts 300.000000
ptd-server 2022-02-20 07:00:43,666 [INFO] Stopping ptd...
