ptd-server 2022-02-12 10:23:37,176 [INFO] Got command from the client 'stop'
ptd-server 2022-02-12 10:23:37,176 [INFO] The server will be stopped after processing this client
ptd-server 2022-02-12 10:23:37,176 [INFO] Sending reply to client 'OK'
ptd-server 2022-02-12 10:23:37,417 [INFO] Got command from the client 'time'
ptd-server 2022-02-12 10:23:37,417 [INFO] Sending reply to client '1644690217.4171557'
ptd-server 2022-02-12 10:23:37,417 [INFO] Got command from the client 'new,,c1357756-b269-480c-9007-632dbdf30a27'
ptd-server 2022-02-12 10:23:37,417 [INFO] Sending reply to client 'OK 2022-02-12_10-23-37,051dd8be-75f3-4bde-b3b4-3f227b205dea'
ptd-server 2022-02-12 10:23:37,629 [INFO] Got command from the client 'time'
ptd-server 2022-02-12 10:23:37,629 [INFO] Sending reply to client '1644690217.6298084'
ptd-server 2022-02-12 10:23:37,629 [INFO] Got command from the client 'session,2022-02-12_10-23-37,start,ranging'
ptd-server 2022-02-12 10:23:37,739 [INFO] Running PTDaemon: ['C:\\PTD\\ptd-windows-x86.exe', '-l', 'C:\\Users\\lab\\AppData\\Local\\Temp\\tmpfy8mztg_\\ptd_logfile.txt', '-p', '8888', '-c', '2', '-y', '52', '10.32.209.61']
ptd-server 2022-02-12 10:23:55,318 [INFO] Sending to ptd: 'Hello'
ptd-server 2022-02-12 10:23:55,318 [INFO] Reply from ptd: 'Hello, PTDaemon here!'
ptd-server 2022-02-12 10:23:55,318 [INFO] Sending to ptd: 'Identify'
ptd-server 2022-02-12 10:23:55,318 [INFO] Reply from ptd: 'YokogawaWT330E,1000,1,1,1,1,0,0,1,version=1.9.2-3976349f-20201208,OS=Windows 8 / Server 2012,mode=power,1,1,1,0,0,no_cal_date,YOKOGAWA;WT333E;C2VL22012V;F1.04'
ptd-server 2022-02-12 10:23:55,318 [INFO] Connected to PTDaemon
ptd-server 2022-02-12 10:23:55,318 [INFO] Sending to ptd: 'RR'
ptd-server 2022-02-12 10:23:55,318 [INFO] Reply from ptd: 'Ranges,0,1.000000,0,150.000000'
ptd-server 2022-02-12 10:23:55,318 [INFO] Initial range for Amps is 1.000000 for Volts is 150.000000
ptd-server 2022-02-12 10:23:55,318 [INFO] Sending to ptd: 'SR,V,Auto'
ptd-server 2022-02-12 10:23:55,832 [INFO] Reply from ptd: 'Range V changed'
ptd-server 2022-02-12 10:23:55,832 [INFO] Sending to ptd: 'SR,A,Auto'
ptd-server 2022-02-12 10:23:56,348 [INFO] Reply from ptd: 'Range A changed'
ptd-server 2022-02-12 10:24:06,348 [INFO] Starting ranging mode
ptd-server 2022-02-12 10:24:06,348 [INFO] Sending to ptd: 'Go,1000,0,2022-02-12_10-23-37_ranging'
ptd-server 2022-02-12 10:24:06,348 [INFO] Reply from ptd: 'Starting untimed measurement, maximum 500000 samples at 1000ms with 0 rampup samples'
ptd-server 2022-02-12 10:24:06,348 [INFO] Sending reply to client 'OK'
ptd-server 2022-02-12 10:39:18,369 [INFO] Got command from the client 'session,2022-02-12_10-23-37,stop,ranging'
ptd-server 2022-02-12 10:39:28,382 [INFO] Sending to ptd: 'Stop'
ptd-server 2022-02-12 10:39:28,382 [INFO] Reply from ptd: 'Stopping untimed measurement'
ptd-server 2022-02-12 10:39:28,398 [INFO] Sending reply to client 'OK'
ptd-server 2022-02-12 10:39:28,689 [INFO] Got command from the client 'time'
ptd-server 2022-02-12 10:39:28,689 [INFO] Sending reply to client '1644691168.6895194'
ptd-server 2022-02-12 10:39:28,689 [INFO] Got command from the client 'session,2022-02-12_10-23-37,start,testing'
ptd-server 2022-02-12 10:39:28,689 [INFO] Sending to ptd: 'SR,V,120.330000'
ptd-server 2022-02-12 10:39:30,868 [INFO] Reply from ptd: 'Range V changed'
ptd-server 2022-02-12 10:39:30,868 [INFO] Sending to ptd: 'SR,A,0.367900'
ptd-server 2022-02-12 10:39:32,400 [INFO] Reply from ptd: 'Range A changed'
ptd-server 2022-02-12 10:39:42,400 [INFO] Starting testing mode
ptd-server 2022-02-12 10:39:42,400 [INFO] Sending to ptd: 'Go,1000,0,2022-02-12_10-23-37_testing'
ptd-server 2022-02-12 10:39:42,400 [INFO] Reply from ptd: 'Starting untimed measurement, maximum 500000 samples at 1000ms with 0 rampup samples'
ptd-server 2022-02-12 10:39:42,400 [INFO] Sending reply to client 'OK'
ptd-server 2022-02-12 10:54:48,519 [INFO] Got command from the client 'session,2022-02-12_10-23-37,stop,testing'
ptd-server 2022-02-12 10:54:58,535 [INFO] Sending to ptd: 'Stop'
ptd-server 2022-02-12 10:54:58,535 [INFO] Reply from ptd: 'Stopping untimed measurement'
ptd-server 2022-02-12 10:54:58,550 [INFO] Sending reply to client 'OK'
ptd-server 2022-02-12 10:54:58,629 [INFO] Got command from the client 'session,2022-02-12_10-23-37,done'
ptd-server 2022-02-12 10:54:58,629 [INFO] Sending to ptd: 'Stop'
ptd-server 2022-02-12 10:54:59,403 [INFO] Reply from ptd: 'Error: no measurement to stop'
ptd-server 2022-02-12 10:54:59,403 [INFO] Sending to ptd: 'SR,V,150.000000'
ptd-server 2022-02-12 10:55:00,934 [INFO] Reply from ptd: 'Range V changed'
ptd-server 2022-02-12 10:55:00,934 [INFO] Sending to ptd: 'SR,A,1.000000'
ptd-server 2022-02-12 10:55:02,466 [INFO] Reply from ptd: 'Range A changed'
ptd-server 2022-02-12 10:55:02,466 [INFO] Set initial values for Amps 1.000000 and Volts 150.000000
ptd-server 2022-02-12 10:55:02,466 [INFO] Stopping ptd...
