ptd-server 2022-02-20 05:54:52,805 [INFO] Got command from the client 'time'
ptd-server 2022-02-20 05:54:52,805 [INFO] Sending reply to client '1645336492.8057296'
ptd-server 2022-02-20 05:54:52,806 [INFO] Got command from the client 'new,,0b7aad25-b98d-4c46-b448-41c3bc4e7f45'
ptd-server 2022-02-20 05:54:52,807 [INFO] Sending reply to client 'OK 2022-02-20_05-54-52,f34fc9ba-97e1-43af-8535-cb12746d4e06'
ptd-server 2022-02-20 05:54:52,834 [INFO] Got command from the client 'time'
ptd-server 2022-02-20 05:54:52,835 [INFO] Sending reply to client '1645336492.8349888'
ptd-server 2022-02-20 05:54:52,836 [INFO] Got command from the client 'session,2022-02-20_05-54-52,start,ranging'
ptd-server 2022-02-20 05:54:52,836 [INFO] Running PTDaemon: ['/home/anton/projects/mlperf/power/inference_v1.0/ptd-linux-x86', '-l', '/tmp/tmpgldyt7rr/ptd_logfile.txt', '-p', '8888', '49', '/dev/usbtmc0']
ptd-server 2022-02-20 05:55:10,008 [INFO] Sending to ptd: 'Hello'
ptd-server 2022-02-20 05:55:10,009 [INFO] Reply from ptd: 'Hello, PTDaemon here!'
ptd-server 2022-02-20 05:55:10,009 [INFO] Sending to ptd: 'Identify'
ptd-server 2022-02-20 05:55:10,010 [INFO] Reply from ptd: 'YokogawaWT310E,1000,1,1,1,1,0,1,1,version=1.9.2-e8c7a49a-20201208,OS=Linux 5.13.0-28-generic #31~20.04.1-Ubuntu SMP Wed Jan 19 14:08:10 UTC 2022 x86_64,mode=power,1,1,1,0,0,no_cal_date,YOKOGAWA;WT310E;C3XA04010E;F1.04'
ptd-server 2022-02-20 05:55:10,010 [INFO] Connected to PTDaemon
ptd-server 2022-02-20 05:55:10,010 [INFO] Sending to ptd: 'RR'
ptd-server 2022-02-20 05:55:10,010 [INFO] Reply from ptd: 'Ranges,0,0.500000,0,300.000000'
ptd-server 2022-02-20 05:55:10,010 [INFO] Initial range for Amps is 0.500000 for Volts is 300.000000
ptd-server 2022-02-20 05:55:10,010 [INFO] Sending to ptd: 'SR,V,Auto'
ptd-server 2022-02-20 05:55:10,513 [INFO] Reply from ptd: 'Range V changed'
ptd-server 2022-02-20 05:55:10,513 [INFO] Sending to ptd: 'SR,A,Auto'
ptd-server 2022-02-20 05:55:11,016 [INFO] Reply from ptd: 'Range A changed'
ptd-server 2022-02-20 05:55:21,026 [INFO] Starting ranging mode
ptd-server 2022-02-20 05:55:21,026 [INFO] Sending to ptd: 'Go,1000,0,2022-02-20_05-54-52_ranging'
ptd-server 2022-02-20 05:55:21,026 [INFO] Reply from ptd: 'Starting untimed measurement, maximum 500000 samples at 1000ms with 0 rampup samples'
ptd-server 2022-02-20 05:55:21,027 [INFO] Sending reply to client 'OK'
ptd-server 2022-02-20 06:05:43,306 [INFO] Got command from the client 'session,2022-02-20_05-54-52,stop,ranging'
ptd-server 2022-02-20 06:05:53,316 [INFO] Sending to ptd: 'Stop'
ptd-server 2022-02-20 06:05:53,317 [INFO] Reply from ptd: 'Stopping untimed measurement'
ptd-server 2022-02-20 06:05:53,763 [INFO] Sending reply to client 'OK'
ptd-server 2022-02-20 06:05:53,824 [INFO] Got command from the client 'time'
ptd-server 2022-02-20 06:05:53,825 [INFO] Sending reply to client '1645337153.8250089'
ptd-server 2022-02-20 06:05:53,826 [INFO] Got command from the client 'session,2022-02-20_05-54-52,start,testing'
ptd-server 2022-02-20 06:05:53,826 [INFO] Sending to ptd: 'SR,V,251.620000'
ptd-server 2022-02-20 06:05:55,529 [INFO] Reply from ptd: 'Range V changed'
ptd-server 2022-02-20 06:05:55,529 [INFO] Sending to ptd: 'SR,A,0.068400'
ptd-server 2022-02-20 06:05:57,030 [INFO] Reply from ptd: 'Range A changed'
ptd-server 2022-02-20 06:06:07,041 [INFO] Starting testing mode
ptd-server 2022-02-20 06:06:07,041 [INFO] Sending to ptd: 'Go,1000,0,2022-02-20_05-54-52_testing'
ptd-server 2022-02-20 06:06:07,041 [INFO] Reply from ptd: 'Starting untimed measurement, maximum 500000 samples at 1000ms with 0 rampup samples'
ptd-server 2022-02-20 06:06:07,041 [INFO] Sending reply to client 'OK'
ptd-server 2022-02-20 06:16:30,301 [INFO] Got command from the client 'session,2022-02-20_05-54-52,stop,testing'
ptd-server 2022-02-20 06:16:40,311 [INFO] Sending to ptd: 'Stop'
ptd-server 2022-02-20 06:16:40,312 [INFO] Reply from ptd: 'Stopping untimed measurement'
ptd-server 2022-02-20 06:16:40,541 [INFO] Sending reply to client 'OK'
ptd-server 2022-02-20 06:16:40,560 [INFO] Got command from the client 'session,2022-02-20_05-54-52,done'
ptd-server 2022-02-20 06:16:40,560 [INFO] Sending to ptd: 'Stop'
ptd-server 2022-02-20 06:16:41,041 [INFO] Reply from ptd: 'Error: no measurement to stop'
ptd-server 2022-02-20 06:16:41,041 [INFO] Sending to ptd: 'SR,V,300.000000'
ptd-server 2022-02-20 06:16:42,543 [INFO] Reply from ptd: 'Range V changed'
ptd-server 2022-02-20 06:16:42,543 [INFO] Sending to ptd: 'SR,A,0.500000'
ptd-server 2022-02-20 06:16:44,044 [INFO] Reply from ptd: 'Range A changed'
ptd-server 2022-02-20 06:16:44,045 [INFO] Set initial values for Amps 0.500000 and Volts 300.000000
ptd-server 2022-02-20 06:16:44,045 [INFO] Stopping ptd...
