ptd-server 2022-02-25 00:14:19,475 [INFO] Got command from the client 'time'
ptd-server 2022-02-25 00:14:19,475 [INFO] Sending reply to client '1645748059.4756188'
ptd-server 2022-02-25 00:14:19,477 [INFO] Got command from the client 'new,,05f01cc9-41d1-4352-9559-d67bb7f3ab6d'
ptd-server 2022-02-25 00:14:19,478 [INFO] Sending reply to client 'OK 2022-02-25_00-14-19,437f1873-7bf3-4b2b-ace2-43245389c1fa'
ptd-server 2022-02-25 00:14:19,511 [INFO] Got command from the client 'time'
ptd-server 2022-02-25 00:14:19,511 [INFO] Sending reply to client '1645748059.5116055'
ptd-server 2022-02-25 00:14:19,513 [INFO] Got command from the client 'session,2022-02-25_00-14-19,start,ranging'
ptd-server 2022-02-25 00:14:19,513 [INFO] Running PTDaemon: ['/home/anton/projects/mlperf/power/inference_v1.0/ptd-linux-x86', '-l', '/tmp/tmp0_fn53vp/ptd_logfile.txt', '-p', '8888', '49', '/dev/usbtmc0']
ptd-server 2022-02-25 00:14:36,678 [INFO] Sending to ptd: 'Hello'
ptd-server 2022-02-25 00:14:36,679 [INFO] Reply from ptd: 'Hello, PTDaemon here!'
ptd-server 2022-02-25 00:14:36,679 [INFO] Sending to ptd: 'Identify'
ptd-server 2022-02-25 00:14:36,679 [INFO] Reply from ptd: 'YokogawaWT310E,1000,1,1,1,1,0,1,1,version=1.9.2-e8c7a49a-20201208,OS=Linux 5.13.0-30-generic #33~20.04.1-Ubuntu SMP Mon Feb 7 14:25:10 UTC 2022 x86_64,mode=power,1,1,1,0,0,no_cal_date,YOKOGAWA;WT310E;C3XA04010E;F1.04'
ptd-server 2022-02-25 00:14:36,679 [INFO] Connected to PTDaemon
ptd-server 2022-02-25 00:14:36,679 [INFO] Sending to ptd: 'RR'
ptd-server 2022-02-25 00:14:36,679 [INFO] Reply from ptd: 'Ranges,0,0.500000,1,300.000000'
ptd-server 2022-02-25 00:14:36,680 [INFO] Initial range for Amps is 0.500000 for Volts is Auto
ptd-server 2022-02-25 00:14:36,680 [INFO] Sending to ptd: 'SR,V,Auto'
ptd-server 2022-02-25 00:14:37,182 [INFO] Reply from ptd: 'Range V changed'
ptd-server 2022-02-25 00:14:37,182 [INFO] Sending to ptd: 'SR,A,Auto'
ptd-server 2022-02-25 00:14:37,685 [INFO] Reply from ptd: 'Range A changed'
ptd-server 2022-02-25 00:14:47,694 [INFO] Starting ranging mode
ptd-server 2022-02-25 00:14:47,694 [INFO] Sending to ptd: 'Go,1000,0,2022-02-25_00-14-19_ranging'
ptd-server 2022-02-25 00:14:47,695 [INFO] Reply from ptd: 'Starting untimed measurement, maximum 500000 samples at 1000ms with 0 rampup samples'
ptd-server 2022-02-25 00:14:47,695 [INFO] Sending reply to client 'OK'
ptd-server 2022-02-25 00:25:10,273 [INFO] Got command from the client 'session,2022-02-25_00-14-19,stop,ranging'
ptd-server 2022-02-25 00:25:20,284 [INFO] Sending to ptd: 'Stop'
ptd-server 2022-02-25 00:25:20,284 [INFO] Reply from ptd: 'Stopping untimed measurement'
ptd-server 2022-02-25 00:25:20,616 [INFO] Sending reply to client 'OK'
ptd-server 2022-02-25 00:25:20,673 [INFO] Got command from the client 'time'
ptd-server 2022-02-25 00:25:20,674 [INFO] Sending reply to client '1645748720.6739793'
ptd-server 2022-02-25 00:25:20,675 [INFO] Got command from the client 'session,2022-02-25_00-14-19,start,testing'
ptd-server 2022-02-25 00:25:20,675 [INFO] Sending to ptd: 'SR,V,248.870000'
ptd-server 2022-02-25 00:25:22,196 [INFO] Reply from ptd: 'Range V changed'
ptd-server 2022-02-25 00:25:22,197 [INFO] Sending to ptd: 'SR,A,0.049570'
ptd-server 2022-02-25 00:25:23,698 [INFO] Reply from ptd: 'Range A changed'
ptd-server 2022-02-25 00:25:33,708 [INFO] Starting testing mode
ptd-server 2022-02-25 00:25:33,708 [INFO] Sending to ptd: 'Go,1000,0,2022-02-25_00-14-19_testing'
ptd-server 2022-02-25 00:25:33,709 [INFO] Reply from ptd: 'Starting untimed measurement, maximum 500000 samples at 1000ms with 0 rampup samples'
ptd-server 2022-02-25 00:25:33,709 [INFO] Sending reply to client 'OK'
ptd-server 2022-02-25 00:35:56,211 [INFO] Got command from the client 'session,2022-02-25_00-14-19,stop,testing'
ptd-server 2022-02-25 00:36:06,221 [INFO] Sending to ptd: 'Stop'
ptd-server 2022-02-25 00:36:06,222 [INFO] Reply from ptd: 'Stopping untimed measurement'
ptd-server 2022-02-25 00:36:06,366 [INFO] Sending reply to client 'OK'
ptd-server 2022-02-25 00:36:06,378 [INFO] Got command from the client 'session,2022-02-25_00-14-19,done'
ptd-server 2022-02-25 00:36:06,379 [INFO] Sending to ptd: 'Stop'
ptd-server 2022-02-25 00:36:06,720 [INFO] Reply from ptd: 'Error: no measurement to stop'
ptd-server 2022-02-25 00:36:06,720 [INFO] Sending to ptd: 'SR,V,Auto'
ptd-server 2022-02-25 00:36:07,222 [INFO] Reply from ptd: 'Range V changed'
ptd-server 2022-02-25 00:36:07,223 [INFO] Sending to ptd: 'SR,A,0.500000'
ptd-server 2022-02-25 00:36:08,724 [INFO] Reply from ptd: 'Range A changed'
ptd-server 2022-02-25 00:36:08,724 [INFO] Set initial values for Amps 0.500000 and Volts Auto
ptd-server 2022-02-25 00:36:08,724 [INFO] Stopping ptd...
