ptd-server 2022-02-13 11:26:18,677 [INFO] Got command from the client 'time'
ptd-server 2022-02-13 11:26:18,677 [INFO] Sending reply to client '1644751578.6776288'
ptd-server 2022-02-13 11:26:18,681 [INFO] Got command from the client 'new,,9704752e-ddec-4851-b20c-0969defe5df0'
ptd-server 2022-02-13 11:26:18,682 [INFO] Sending reply to client 'OK 2022-02-13_11-26-18,109fc584-c8eb-4743-a759-40b5ac5fdf42'
ptd-server 2022-02-13 11:26:18,724 [INFO] Got command from the client 'time'
ptd-server 2022-02-13 11:26:18,724 [INFO] Sending reply to client '1644751578.7244337'
ptd-server 2022-02-13 11:26:18,726 [INFO] Got command from the client 'session,2022-02-13_11-26-18,start,ranging'
ptd-server 2022-02-13 11:26:18,726 [INFO] Running PTDaemon: ['/home/anton/projects/mlperf/power/inference_v1.0/ptd-linux-x86', '-l', '/tmp/tmpxvec0g6h/ptd_logfile.txt', '-p', '8888', '49', '/dev/usbtmc0']
ptd-server 2022-02-13 11:26:35,899 [INFO] Sending to ptd: 'Hello'
ptd-server 2022-02-13 11:26:35,899 [INFO] Reply from ptd: 'Hello, PTDaemon here!'
ptd-server 2022-02-13 11:26:35,899 [INFO] Sending to ptd: 'Identify'
ptd-server 2022-02-13 11:26:35,900 [INFO] Reply from ptd: 'YokogawaWT310E,1000,1,1,1,1,0,1,1,version=1.9.2-e8c7a49a-20201208,OS=Linux 5.13.0-27-generic #29~20.04.1-Ubuntu SMP Fri Jan 14 00:32:30 UTC 2022 x86_64,mode=power,1,1,1,0,0,no_cal_date,YOKOGAWA;WT310E;C3XA04010E;F1.04'
ptd-server 2022-02-13 11:26:35,900 [INFO] Connected to PTDaemon
ptd-server 2022-02-13 11:26:35,900 [INFO] Sending to ptd: 'RR'
ptd-server 2022-02-13 11:26:35,900 [INFO] Reply from ptd: 'Ranges,0,0.500000,0,300.000000'
ptd-server 2022-02-13 11:26:35,901 [INFO] Initial range for Amps is 0.500000 for Volts is 300.000000
ptd-server 2022-02-13 11:26:35,901 [INFO] Sending to ptd: 'SR,V,Auto'
ptd-server 2022-02-13 11:26:36,403 [INFO] Reply from ptd: 'Range V changed'
ptd-server 2022-02-13 11:26:36,403 [INFO] Sending to ptd: 'SR,A,Auto'
ptd-server 2022-02-13 11:26:36,906 [INFO] Reply from ptd: 'Range A changed'
ptd-server 2022-02-13 11:26:46,916 [INFO] Starting ranging mode
ptd-server 2022-02-13 11:26:46,916 [INFO] Sending to ptd: 'Go,1000,0,2022-02-13_11-26-18_ranging'
ptd-server 2022-02-13 11:26:46,917 [INFO] Reply from ptd: 'Starting untimed measurement, maximum 500000 samples at 1000ms with 0 rampup samples'
ptd-server 2022-02-13 11:26:46,917 [INFO] Sending reply to client 'OK'
ptd-server 2022-02-13 11:37:03,066 [INFO] Got command from the client 'session,2022-02-13_11-26-18,stop,ranging'
ptd-server 2022-02-13 11:37:13,076 [INFO] Sending to ptd: 'Stop'
ptd-server 2022-02-13 11:37:13,077 [INFO] Reply from ptd: 'Stopping untimed measurement'
ptd-server 2022-02-13 11:37:13,691 [INFO] Sending reply to client 'OK'
ptd-server 2022-02-13 11:37:13,750 [INFO] Got command from the client 'time'
ptd-server 2022-02-13 11:37:13,750 [INFO] Sending reply to client '1644752233.7505941'
ptd-server 2022-02-13 11:37:13,753 [INFO] Got command from the client 'session,2022-02-13_11-26-18,start,testing'
ptd-server 2022-02-13 11:37:13,753 [INFO] Sending to ptd: 'SR,V,248.990000'
ptd-server 2022-02-13 11:37:15,418 [INFO] Reply from ptd: 'Range V changed'
ptd-server 2022-02-13 11:37:15,419 [INFO] Sending to ptd: 'SR,A,0.171520'
ptd-server 2022-02-13 11:37:16,920 [INFO] Reply from ptd: 'Range A changed'
ptd-server 2022-02-13 11:37:26,930 [INFO] Starting testing mode
ptd-server 2022-02-13 11:37:26,930 [INFO] Sending to ptd: 'Go,1000,0,2022-02-13_11-26-18_testing'
ptd-server 2022-02-13 11:37:26,930 [INFO] Reply from ptd: 'Starting untimed measurement, maximum 500000 samples at 1000ms with 0 rampup samples'
ptd-server 2022-02-13 11:37:26,930 [INFO] Sending reply to client 'OK'
ptd-server 2022-02-13 11:47:42,958 [INFO] Got command from the client 'session,2022-02-13_11-26-18,stop,testing'
ptd-server 2022-02-13 11:47:52,968 [INFO] Sending to ptd: 'Stop'
ptd-server 2022-02-13 11:47:52,968 [INFO] Reply from ptd: 'Stopping untimed measurement'
ptd-server 2022-02-13 11:47:53,283 [INFO] Sending reply to client 'OK'
ptd-server 2022-02-13 11:47:53,302 [INFO] Got command from the client 'session,2022-02-13_11-26-18,done'
ptd-server 2022-02-13 11:47:53,302 [INFO] Sending to ptd: 'Stop'
ptd-server 2022-02-13 11:47:53,930 [INFO] Reply from ptd: 'Error: no measurement to stop'
ptd-server 2022-02-13 11:47:53,931 [INFO] Sending to ptd: 'SR,V,300.000000'
ptd-server 2022-02-13 11:47:55,432 [INFO] Reply from ptd: 'Range V changed'
ptd-server 2022-02-13 11:47:55,432 [INFO] Sending to ptd: 'SR,A,0.500000'
ptd-server 2022-02-13 11:47:56,934 [INFO] Reply from ptd: 'Range A changed'
ptd-server 2022-02-13 11:47:56,934 [INFO] Set initial values for Amps 0.500000 and Volts 300.000000
ptd-server 2022-02-13 11:47:56,934 [INFO] Stopping ptd...
