ptd-server 2022-02-20 22:32:55,061 [INFO] Got command from the client 'time'
ptd-server 2022-02-20 22:32:55,061 [INFO] Sending reply to client '1645396375.0618813'
ptd-server 2022-02-20 22:32:55,063 [INFO] Got command from the client 'new,,1a79e597-0560-4c58-82b8-0c746bf0bae1'
ptd-server 2022-02-20 22:32:55,064 [INFO] Sending reply to client 'OK 2022-02-20_22-32-55,3f26e27d-669a-4e1a-8a04-9f980e90eb85'
ptd-server 2022-02-20 22:32:55,090 [INFO] Got command from the client 'time'
ptd-server 2022-02-20 22:32:55,090 [INFO] Sending reply to client '1645396375.0907726'
ptd-server 2022-02-20 22:32:55,092 [INFO] Got command from the client 'session,2022-02-20_22-32-55,start,ranging'
ptd-server 2022-02-20 22:32:55,092 [INFO] Running PTDaemon: ['/home/anton/projects/mlperf/power/inference_v1.0/ptd-linux-x86', '-l', '/tmp/tmpgldyt7rr/ptd_logfile.txt', '-p', '8888', '49', '/dev/usbtmc0']
ptd-server 2022-02-20 22:33:12,266 [INFO] Sending to ptd: 'Hello'
ptd-server 2022-02-20 22:33:12,266 [INFO] Reply from ptd: 'Hello, PTDaemon here!'
ptd-server 2022-02-20 22:33:12,266 [INFO] Sending to ptd: 'Identify'
ptd-server 2022-02-20 22:33:12,267 [INFO] Reply from ptd: 'YokogawaWT310E,1000,1,1,1,1,0,1,1,version=1.9.2-e8c7a49a-20201208,OS=Linux 5.13.0-28-generic #31~20.04.1-Ubuntu SMP Wed Jan 19 14:08:10 UTC 2022 x86_64,mode=power,1,1,1,0,0,no_cal_date,YOKOGAWA;WT310E;C3XA04010E;F1.04'
ptd-server 2022-02-20 22:33:12,267 [INFO] Connected to PTDaemon
ptd-server 2022-02-20 22:33:12,267 [INFO] Sending to ptd: 'RR'
ptd-server 2022-02-20 22:33:12,267 [INFO] Reply from ptd: 'Ranges,0,0.500000,0,300.000000'
ptd-server 2022-02-20 22:33:12,268 [INFO] Initial range for Amps is 0.500000 for Volts is 300.000000
ptd-server 2022-02-20 22:33:12,268 [INFO] Sending to ptd: 'SR,V,Auto'
ptd-server 2022-02-20 22:33:12,770 [INFO] Reply from ptd: 'Range V changed'
ptd-server 2022-02-20 22:33:12,770 [INFO] Sending to ptd: 'SR,A,Auto'
ptd-server 2022-02-20 22:33:13,273 [INFO] Reply from ptd: 'Range A changed'
ptd-server 2022-02-20 22:33:23,278 [INFO] Starting ranging mode
ptd-server 2022-02-20 22:33:23,279 [INFO] Sending to ptd: 'Go,1000,0,2022-02-20_22-32-55_ranging'
ptd-server 2022-02-20 22:33:23,279 [INFO] Reply from ptd: 'Starting untimed measurement, maximum 500000 samples at 1000ms with 0 rampup samples'
ptd-server 2022-02-20 22:33:23,279 [INFO] Sending reply to client 'OK'
ptd-server 2022-02-20 22:43:45,243 [INFO] Got command from the client 'session,2022-02-20_22-32-55,stop,ranging'
ptd-server 2022-02-20 22:43:55,253 [INFO] Sending to ptd: 'Stop'
ptd-server 2022-02-20 22:43:55,253 [INFO] Reply from ptd: 'Stopping untimed measurement'
ptd-server 2022-02-20 22:43:55,789 [INFO] Sending reply to client 'OK'
ptd-server 2022-02-20 22:43:55,878 [INFO] Got command from the client 'time'
ptd-server 2022-02-20 22:43:55,878 [INFO] Sending reply to client '1645397035.8786223'
ptd-server 2022-02-20 22:43:55,881 [INFO] Got command from the client 'session,2022-02-20_22-32-55,start,testing'
ptd-server 2022-02-20 22:43:55,881 [INFO] Sending to ptd: 'SR,V,251.100000'
ptd-server 2022-02-20 22:43:57,383 [INFO] Reply from ptd: 'Range V changed'
ptd-server 2022-02-20 22:43:57,383 [INFO] Sending to ptd: 'SR,A,0.041490'
ptd-server 2022-02-20 22:43:58,884 [INFO] Reply from ptd: 'Range A changed'
ptd-server 2022-02-20 22:44:08,895 [INFO] Starting testing mode
ptd-server 2022-02-20 22:44:08,895 [INFO] Sending to ptd: 'Go,1000,0,2022-02-20_22-32-55_testing'
ptd-server 2022-02-20 22:44:08,895 [INFO] Reply from ptd: 'Starting untimed measurement, maximum 500000 samples at 1000ms with 0 rampup samples'
ptd-server 2022-02-20 22:44:08,895 [INFO] Sending reply to client 'OK'
ptd-server 2022-02-20 22:54:31,733 [INFO] Got command from the client 'session,2022-02-20_22-32-55,stop,testing'
ptd-server 2022-02-20 22:54:41,740 [INFO] Sending to ptd: 'Stop'
ptd-server 2022-02-20 22:54:41,740 [INFO] Reply from ptd: 'Stopping untimed measurement'
ptd-server 2022-02-20 22:54:42,017 [INFO] Sending reply to client 'OK'
ptd-server 2022-02-20 22:54:42,051 [INFO] Got command from the client 'session,2022-02-20_22-32-55,done'
ptd-server 2022-02-20 22:54:42,051 [INFO] Sending to ptd: 'Stop'
ptd-server 2022-02-20 22:54:42,051 [INFO] Reply from ptd: 'Error: no measurement to stop'
ptd-server 2022-02-20 22:54:42,051 [INFO] Sending to ptd: 'SR,V,300.000000'
ptd-server 2022-02-20 22:54:43,553 [INFO] Reply from ptd: 'Range V changed'
ptd-server 2022-02-20 22:54:43,553 [INFO] Sending to ptd: 'SR,A,0.500000'
ptd-server 2022-02-20 22:54:45,054 [INFO] Reply from ptd: 'Range A changed'
ptd-server 2022-02-20 22:54:45,054 [INFO] Set initial values for Amps 0.500000 and Volts 300.000000
ptd-server 2022-02-20 22:54:45,055 [INFO] Stopping ptd...
