ptd-server 2022-02-20 21:57:13,022 [INFO] Got command from the client 'stop'
ptd-server 2022-02-20 21:57:13,022 [INFO] The server will be stopped after processing this client
ptd-server 2022-02-20 21:57:13,022 [INFO] Sending reply to client 'OK'
ptd-server 2022-02-20 21:57:13,453 [INFO] Got command from the client 'time'
ptd-server 2022-02-20 21:57:13,453 [INFO] Sending reply to client '1645423033.4535687'
ptd-server 2022-02-20 21:57:13,453 [INFO] Got command from the client 'new,,a50dff84-8221-4593-a7eb-7cb572d642dc'
ptd-server 2022-02-20 21:57:13,453 [INFO] Sending reply to client 'OK 2022-02-20_21-57-13,40bb9d02-7e25-465a-a8be-75d47330d228'
ptd-server 2022-02-20 21:57:13,685 [INFO] Got command from the client 'time'
ptd-server 2022-02-20 21:57:13,685 [INFO] Sending reply to client '1645423033.685598'
ptd-server 2022-02-20 21:57:13,685 [INFO] Got command from the client 'session,2022-02-20_21-57-13,start,ranging'
ptd-server 2022-02-20 21:57:13,795 [INFO] Running PTDaemon: ['C:\\PTD\\ptd-windows-x86.exe', '-l', 'C:\\Users\\lab\\AppData\\Local\\Temp\\tmp_fed6_y2\\ptd_logfile.txt', '-p', '8888', '-c', '2', '-y', '52', '10.32.209.61']
ptd-server 2022-02-20 21:57:31,420 [INFO] Sending to ptd: 'Hello'
ptd-server 2022-02-20 21:57:31,420 [INFO] Reply from ptd: 'Hello, PTDaemon here!'
ptd-server 2022-02-20 21:57:31,420 [INFO] Sending to ptd: 'Identify'
ptd-server 2022-02-20 21:57:31,420 [INFO] Reply from ptd: 'YokogawaWT330E,1000,1,1,1,1,0,0,1,version=1.9.2-3976349f-20201208,OS=Windows 8 / Server 2012,mode=power,1,1,1,0,0,no_cal_date,YOKOGAWA;WT333E;C2VL22012V;F1.04'
ptd-server 2022-02-20 21:57:31,420 [INFO] Connected to PTDaemon
ptd-server 2022-02-20 21:57:31,420 [INFO] Sending to ptd: 'RR'
ptd-server 2022-02-20 21:57:31,420 [INFO] Reply from ptd: 'Ranges,1,1.000000,1,150.000000'
ptd-server 2022-02-20 21:57:31,420 [INFO] Initial range for Amps is Auto for Volts is Auto
ptd-server 2022-02-20 21:57:31,420 [INFO] Sending to ptd: 'SR,V,Auto'
ptd-server 2022-02-20 21:57:31,935 [INFO] Reply from ptd: 'Range V changed'
ptd-server 2022-02-20 21:57:31,935 [INFO] Sending to ptd: 'SR,A,Auto'
ptd-server 2022-02-20 21:57:32,456 [INFO] Reply from ptd: 'Range A changed'
ptd-server 2022-02-20 21:57:42,466 [INFO] Starting ranging mode
ptd-server 2022-02-20 21:57:42,466 [INFO] Sending to ptd: 'Go,1000,0,2022-02-20_21-57-13_ranging'
ptd-server 2022-02-20 21:57:42,466 [INFO] Reply from ptd: 'Starting untimed measurement, maximum 500000 samples at 1000ms with 0 rampup samples'
ptd-server 2022-02-20 21:57:42,466 [INFO] Sending reply to client 'OK'
ptd-server 2022-02-20 23:50:14,744 [INFO] Got command from the client 'session,2022-02-20_21-57-13,stop,ranging'
ptd-server 2022-02-20 23:50:24,761 [INFO] Sending to ptd: 'Stop'
ptd-server 2022-02-20 23:50:24,761 [INFO] Reply from ptd: 'Stopping untimed measurement'
ptd-server 2022-02-20 23:50:24,855 [INFO] Sending reply to client 'OK'
ptd-server 2022-02-20 23:50:25,134 [INFO] Got command from the client 'time'
ptd-server 2022-02-20 23:50:25,134 [INFO] Sending reply to client '1645429825.1340492'
ptd-server 2022-02-20 23:50:25,134 [INFO] Got command from the client 'session,2022-02-20_21-57-13,start,testing'
ptd-server 2022-02-20 23:50:25,134 [INFO] Sending to ptd: 'SR,V,121.920000'
ptd-server 2022-02-20 23:50:26,985 [INFO] Reply from ptd: 'Range V changed'
ptd-server 2022-02-20 23:50:26,985 [INFO] Sending to ptd: 'SR,A,0.296800'
ptd-server 2022-02-20 23:50:28,496 [INFO] Reply from ptd: 'Range A changed'
ptd-server 2022-02-20 23:50:38,503 [INFO] Starting testing mode
ptd-server 2022-02-20 23:50:38,503 [INFO] Sending to ptd: 'Go,1000,0,2022-02-20_21-57-13_testing'
ptd-server 2022-02-20 23:50:38,503 [INFO] Reply from ptd: 'Starting untimed measurement, maximum 500000 samples at 1000ms with 0 rampup samples'
ptd-server 2022-02-20 23:50:38,503 [INFO] Sending reply to client 'OK'
ptd-server 2022-02-21 01:43:05,000 [INFO] Got command from the client 'session,2022-02-20_21-57-13,stop,testing'
ptd-server 2022-02-21 01:43:15,013 [INFO] Sending to ptd: 'Stop'
ptd-server 2022-02-21 01:43:15,013 [INFO] Reply from ptd: 'Stopping untimed measurement'
ptd-server 2022-02-21 01:43:15,106 [INFO] Sending reply to client 'OK'
ptd-server 2022-02-21 01:43:15,185 [INFO] Got command from the client 'session,2022-02-20_21-57-13,done'
ptd-server 2022-02-21 01:43:15,185 [INFO] Sending to ptd: 'Stop'
ptd-server 2022-02-21 01:43:15,513 [INFO] Reply from ptd: 'Error: no measurement to stop'
ptd-server 2022-02-21 01:43:15,513 [INFO] Sending to ptd: 'SR,V,Auto'
ptd-server 2022-02-21 01:43:16,019 [INFO] Reply from ptd: 'Range V changed'
ptd-server 2022-02-21 01:43:16,019 [INFO] Sending to ptd: 'SR,A,Auto'
ptd-server 2022-02-21 01:43:16,532 [INFO] Reply from ptd: 'Range A changed'
ptd-server 2022-02-21 01:43:16,532 [INFO] Set initial values for Amps Auto and Volts Auto
ptd-server 2022-02-21 01:43:16,532 [INFO] Stopping ptd...
