ptd-server 2022-02-17 03:39:25,992 [INFO] Got command from the client 'time'
ptd-server 2022-02-17 03:39:25,992 [INFO] Sending reply to client '1645069165.9926093'
ptd-server 2022-02-17 03:39:25,994 [INFO] Got command from the client 'new,,22df89ab-5f17-455d-b63a-14d368ed828e'
ptd-server 2022-02-17 03:39:25,994 [INFO] Sending reply to client 'OK 2022-02-17_03-39-25,272284d6-bf3a-4552-81e5-36023d0c7c02'
ptd-server 2022-02-17 03:39:26,021 [INFO] Got command from the client 'time'
ptd-server 2022-02-17 03:39:26,021 [INFO] Sending reply to client '1645069166.0214884'
ptd-server 2022-02-17 03:39:26,025 [INFO] Got command from the client 'session,2022-02-17_03-39-25,start,ranging'
ptd-server 2022-02-17 03:39:26,026 [INFO] Running PTDaemon: ['/home/anton/projects/mlperf/power/inference_v1.0/ptd-linux-x86', '-l', '/tmp/tmpgldyt7rr/ptd_logfile.txt', '-p', '8888', '49', '/dev/usbtmc0']
ptd-server 2022-02-17 03:39:43,198 [INFO] Sending to ptd: 'Hello'
ptd-server 2022-02-17 03:39:43,198 [INFO] Reply from ptd: 'Hello, PTDaemon here!'
ptd-server 2022-02-17 03:39:43,198 [INFO] Sending to ptd: 'Identify'
ptd-server 2022-02-17 03:39:43,199 [INFO] Reply from ptd: 'YokogawaWT310E,1000,1,1,1,1,0,1,1,version=1.9.2-e8c7a49a-20201208,OS=Linux 5.13.0-28-generic #31~20.04.1-Ubuntu SMP Wed Jan 19 14:08:10 UTC 2022 x86_64,mode=power,1,1,1,0,0,no_cal_date,YOKOGAWA;WT310E;C3XA04010E;F1.04'
ptd-server 2022-02-17 03:39:43,199 [INFO] Connected to PTDaemon
ptd-server 2022-02-17 03:39:43,199 [INFO] Sending to ptd: 'RR'
ptd-server 2022-02-17 03:39:43,199 [INFO] Reply from ptd: 'Ranges,0,0.500000,0,300.000000'
ptd-server 2022-02-17 03:39:43,200 [INFO] Initial range for Amps is 0.500000 for Volts is 300.000000
ptd-server 2022-02-17 03:39:43,200 [INFO] Sending to ptd: 'SR,V,Auto'
ptd-server 2022-02-17 03:39:43,702 [INFO] Reply from ptd: 'Range V changed'
ptd-server 2022-02-17 03:39:43,702 [INFO] Sending to ptd: 'SR,A,Auto'
ptd-server 2022-02-17 03:39:44,205 [INFO] Reply from ptd: 'Range A changed'
ptd-server 2022-02-17 03:39:54,215 [INFO] Starting ranging mode
ptd-server 2022-02-17 03:39:54,215 [INFO] Sending to ptd: 'Go,1000,0,2022-02-17_03-39-25_ranging'
ptd-server 2022-02-17 03:39:54,216 [INFO] Reply from ptd: 'Starting untimed measurement, maximum 500000 samples at 1000ms with 0 rampup samples'
ptd-server 2022-02-17 03:39:54,216 [INFO] Sending reply to client 'OK'
ptd-server 2022-02-17 03:50:11,169 [INFO] Got command from the client 'session,2022-02-17_03-39-25,stop,ranging'
ptd-server 2022-02-17 03:50:21,179 [INFO] Sending to ptd: 'Stop'
ptd-server 2022-02-17 03:50:21,180 [INFO] Reply from ptd: 'Stopping untimed measurement'
ptd-server 2022-02-17 03:50:21,301 [INFO] Sending reply to client 'OK'
ptd-server 2022-02-17 03:50:21,391 [INFO] Got command from the client 'time'
ptd-server 2022-02-17 03:50:21,391 [INFO] Sending reply to client '1645069821.3916256'
ptd-server 2022-02-17 03:50:21,395 [INFO] Got command from the client 'session,2022-02-17_03-39-25,start,testing'
ptd-server 2022-02-17 03:50:21,395 [INFO] Sending to ptd: 'SR,V,249.300000'
ptd-server 2022-02-17 03:50:22,896 [INFO] Reply from ptd: 'Range V changed'
ptd-server 2022-02-17 03:50:22,897 [INFO] Sending to ptd: 'SR,A,0.046220'
ptd-server 2022-02-17 03:50:24,398 [INFO] Reply from ptd: 'Range A changed'
ptd-server 2022-02-17 03:50:34,408 [INFO] Starting testing mode
ptd-server 2022-02-17 03:50:34,408 [INFO] Sending to ptd: 'Go,1000,0,2022-02-17_03-39-25_testing'
ptd-server 2022-02-17 03:50:34,409 [INFO] Reply from ptd: 'Starting untimed measurement, maximum 500000 samples at 1000ms with 0 rampup samples'
ptd-server 2022-02-17 03:50:34,409 [INFO] Sending reply to client 'OK'
ptd-server 2022-02-17 04:00:52,390 [INFO] Got command from the client 'session,2022-02-17_03-39-25,stop,testing'
ptd-server 2022-02-17 04:01:02,401 [INFO] Sending to ptd: 'Stop'
ptd-server 2022-02-17 04:01:02,401 [INFO] Reply from ptd: 'Stopping untimed measurement'
ptd-server 2022-02-17 04:01:02,474 [INFO] Sending reply to client 'OK'
ptd-server 2022-02-17 04:01:02,511 [INFO] Got command from the client 'session,2022-02-17_03-39-25,done'
ptd-server 2022-02-17 04:01:02,511 [INFO] Sending to ptd: 'Stop'
ptd-server 2022-02-17 04:01:02,511 [INFO] Reply from ptd: 'Error: no measurement to stop'
ptd-server 2022-02-17 04:01:02,511 [INFO] Sending to ptd: 'SR,V,300.000000'
ptd-server 2022-02-17 04:01:04,013 [INFO] Reply from ptd: 'Range V changed'
ptd-server 2022-02-17 04:01:04,013 [INFO] Sending to ptd: 'SR,A,0.500000'
ptd-server 2022-02-17 04:01:05,514 [INFO] Reply from ptd: 'Range A changed'
ptd-server 2022-02-17 04:01:05,514 [INFO] Set initial values for Amps 0.500000 and Volts 300.000000
ptd-server 2022-02-17 04:01:05,515 [INFO] Stopping ptd...
