ptd-server 2022-02-16 02:21:55,677 [INFO] Got command from the client 'time'
ptd-server 2022-02-16 02:21:55,678 [INFO] Sending reply to client '1644978115.6779869'
ptd-server 2022-02-16 02:21:55,680 [INFO] Got command from the client 'new,,5b740bfc-63d8-4aa3-8c2e-7ee2d47aad21'
ptd-server 2022-02-16 02:21:55,681 [INFO] Sending reply to client 'OK 2022-02-16_02-21-55,3d102680-d64a-4c04-9313-65aed2c895b3'
ptd-server 2022-02-16 02:21:55,716 [INFO] Got command from the client 'time'
ptd-server 2022-02-16 02:21:55,716 [INFO] Sending reply to client '1644978115.716944'
ptd-server 2022-02-16 02:21:55,718 [INFO] Got command from the client 'session,2022-02-16_02-21-55,start,ranging'
ptd-server 2022-02-16 02:21:55,719 [INFO] Running PTDaemon: ['/home/anton/projects/mlperf/power/inference_v1.0/ptd-linux-x86', '-l', '/tmp/tmpxvec0g6h/ptd_logfile.txt', '-p', '8888', '49', '/dev/usbtmc0']
ptd-server 2022-02-16 02:22:12,892 [INFO] Sending to ptd: 'Hello'
ptd-server 2022-02-16 02:22:12,893 [INFO] Reply from ptd: 'Hello, PTDaemon here!'
ptd-server 2022-02-16 02:22:12,893 [INFO] Sending to ptd: 'Identify'
ptd-server 2022-02-16 02:22:12,893 [INFO] Reply from ptd: 'YokogawaWT310E,1000,1,1,1,1,0,1,1,version=1.9.2-e8c7a49a-20201208,OS=Linux 5.13.0-27-generic #29~20.04.1-Ubuntu SMP Fri Jan 14 00:32:30 UTC 2022 x86_64,mode=power,1,1,1,0,0,no_cal_date,YOKOGAWA;WT310E;C3XA04010E;F1.04'
ptd-server 2022-02-16 02:22:12,893 [INFO] Connected to PTDaemon
ptd-server 2022-02-16 02:22:12,894 [INFO] Sending to ptd: 'RR'
ptd-server 2022-02-16 02:22:12,894 [INFO] Reply from ptd: 'Ranges,0,0.500000,0,300.000000'
ptd-server 2022-02-16 02:22:12,894 [INFO] Initial range for Amps is 0.500000 for Volts is 300.000000
ptd-server 2022-02-16 02:22:12,894 [INFO] Sending to ptd: 'SR,V,Auto'
ptd-server 2022-02-16 02:22:13,397 [INFO] Reply from ptd: 'Range V changed'
ptd-server 2022-02-16 02:22:13,397 [INFO] Sending to ptd: 'SR,A,Auto'
ptd-server 2022-02-16 02:22:13,899 [INFO] Reply from ptd: 'Range A changed'
ptd-server 2022-02-16 02:22:23,910 [INFO] Starting ranging mode
ptd-server 2022-02-16 02:22:23,910 [INFO] Sending to ptd: 'Go,1000,0,2022-02-16_02-21-55_ranging'
ptd-server 2022-02-16 02:22:23,910 [INFO] Reply from ptd: 'Starting untimed measurement, maximum 500000 samples at 1000ms with 0 rampup samples'
ptd-server 2022-02-16 02:22:23,910 [INFO] Sending reply to client 'OK'
ptd-server 2022-02-16 02:32:43,139 [INFO] Got command from the client 'session,2022-02-16_02-21-55,stop,ranging'
ptd-server 2022-02-16 02:32:53,150 [INFO] Sending to ptd: 'Stop'
ptd-server 2022-02-16 02:32:53,150 [INFO] Reply from ptd: 'Stopping untimed measurement'
ptd-server 2022-02-16 02:32:54,070 [INFO] Sending reply to client 'OK'
ptd-server 2022-02-16 02:32:54,125 [INFO] Got command from the client 'time'
ptd-server 2022-02-16 02:32:54,126 [INFO] Sending reply to client '1644978774.1261103'
ptd-server 2022-02-16 02:32:54,128 [INFO] Got command from the client 'session,2022-02-16_02-21-55,start,testing'
ptd-server 2022-02-16 02:32:54,128 [INFO] Sending to ptd: 'SR,V,251.280000'
ptd-server 2022-02-16 02:32:55,629 [INFO] Reply from ptd: 'Range V changed'
ptd-server 2022-02-16 02:32:55,629 [INFO] Sending to ptd: 'SR,A,0.221530'
ptd-server 2022-02-16 02:32:57,131 [INFO] Reply from ptd: 'Range A changed'
ptd-server 2022-02-16 02:33:07,141 [INFO] Starting testing mode
ptd-server 2022-02-16 02:33:07,141 [INFO] Sending to ptd: 'Go,1000,0,2022-02-16_02-21-55_testing'
ptd-server 2022-02-16 02:33:07,142 [INFO] Reply from ptd: 'Starting untimed measurement, maximum 500000 samples at 1000ms with 0 rampup samples'
ptd-server 2022-02-16 02:33:07,142 [INFO] Sending reply to client 'OK'
ptd-server 2022-02-16 02:43:26,239 [INFO] Got command from the client 'session,2022-02-16_02-21-55,stop,testing'
ptd-server 2022-02-16 02:43:36,250 [INFO] Sending to ptd: 'Stop'
ptd-server 2022-02-16 02:43:36,250 [INFO] Reply from ptd: 'Stopping untimed measurement'
ptd-server 2022-02-16 02:43:36,718 [INFO] Sending reply to client 'OK'
ptd-server 2022-02-16 02:43:36,736 [INFO] Got command from the client 'session,2022-02-16_02-21-55,done'
ptd-server 2022-02-16 02:43:36,736 [INFO] Sending to ptd: 'Stop'
ptd-server 2022-02-16 02:43:37,142 [INFO] Reply from ptd: 'Error: no measurement to stop'
ptd-server 2022-02-16 02:43:37,143 [INFO] Sending to ptd: 'SR,V,300.000000'
ptd-server 2022-02-16 02:43:38,644 [INFO] Reply from ptd: 'Range V changed'
ptd-server 2022-02-16 02:43:38,644 [INFO] Sending to ptd: 'SR,A,0.500000'
ptd-server 2022-02-16 02:43:40,146 [INFO] Reply from ptd: 'Range A changed'
ptd-server 2022-02-16 02:43:40,146 [INFO] Set initial values for Amps 0.500000 and Volts 300.000000
ptd-server 2022-02-16 02:43:40,146 [INFO] Stopping ptd...
