ptd-server 2022-02-22 22:22:57,078 [INFO] Got command from the client 'time'
ptd-server 2022-02-22 22:22:57,078 [INFO] Sending reply to client '1645568577.0789015'
ptd-server 2022-02-22 22:22:57,081 [INFO] Got command from the client 'new,,02dbc02b-fc1f-4255-bd3b-2ce4562e40a3'
ptd-server 2022-02-22 22:22:57,081 [INFO] Sending reply to client 'OK 2022-02-22_22-22-57,b42c27db-f4e5-4b2d-af2a-1c0b2bb3429d'
ptd-server 2022-02-22 22:22:57,120 [INFO] Got command from the client 'time'
ptd-server 2022-02-22 22:22:57,120 [INFO] Sending reply to client '1645568577.120858'
ptd-server 2022-02-22 22:22:57,122 [INFO] Got command from the client 'session,2022-02-22_22-22-57,start,ranging'
ptd-server 2022-02-22 22:22:57,122 [INFO] Running PTDaemon: ['/home/anton/projects/mlperf/power/inference_v1.0/ptd-linux-x86', '-l', '/tmp/tmpgldyt7rr/ptd_logfile.txt', '-p', '8888', '49', '/dev/usbtmc0']
ptd-server 2022-02-22 22:23:14,295 [INFO] Sending to ptd: 'Hello'
ptd-server 2022-02-22 22:23:14,296 [INFO] Reply from ptd: 'Hello, PTDaemon here!'
ptd-server 2022-02-22 22:23:14,296 [INFO] Sending to ptd: 'Identify'
ptd-server 2022-02-22 22:23:14,296 [INFO] Reply from ptd: 'YokogawaWT310E,1000,1,1,1,1,0,1,1,version=1.9.2-e8c7a49a-20201208,OS=Linux 5.13.0-28-generic #31~20.04.1-Ubuntu SMP Wed Jan 19 14:08:10 UTC 2022 x86_64,mode=power,1,1,1,0,0,no_cal_date,YOKOGAWA;WT310E;C3XA04010E;F1.04'
ptd-server 2022-02-22 22:23:14,296 [INFO] Connected to PTDaemon
ptd-server 2022-02-22 22:23:14,297 [INFO] Sending to ptd: 'RR'
ptd-server 2022-02-22 22:23:14,297 [INFO] Reply from ptd: 'Ranges,0,0.500000,0,300.000000'
ptd-server 2022-02-22 22:23:14,297 [INFO] Initial range for Amps is 0.500000 for Volts is 300.000000
ptd-server 2022-02-22 22:23:14,297 [INFO] Sending to ptd: 'SR,V,Auto'
ptd-server 2022-02-22 22:23:14,800 [INFO] Reply from ptd: 'Range V changed'
ptd-server 2022-02-22 22:23:14,800 [INFO] Sending to ptd: 'SR,A,Auto'
ptd-server 2022-02-22 22:23:15,302 [INFO] Reply from ptd: 'Range A changed'
ptd-server 2022-02-22 22:23:25,313 [INFO] Starting ranging mode
ptd-server 2022-02-22 22:23:25,313 [INFO] Sending to ptd: 'Go,1000,0,2022-02-22_22-22-57_ranging'
ptd-server 2022-02-22 22:23:25,313 [INFO] Reply from ptd: 'Starting untimed measurement, maximum 500000 samples at 1000ms with 0 rampup samples'
ptd-server 2022-02-22 22:23:25,313 [INFO] Sending reply to client 'OK'
ptd-server 2022-02-22 22:33:54,564 [INFO] Got command from the client 'session,2022-02-22_22-22-57,stop,ranging'
ptd-server 2022-02-22 22:34:04,574 [INFO] Sending to ptd: 'Stop'
ptd-server 2022-02-22 22:34:04,575 [INFO] Reply from ptd: 'Stopping untimed measurement'
ptd-server 2022-02-22 22:34:05,360 [INFO] Sending reply to client 'OK'
ptd-server 2022-02-22 22:34:05,419 [INFO] Got command from the client 'time'
ptd-server 2022-02-22 22:34:05,419 [INFO] Sending reply to client '1645569245.4196563'
ptd-server 2022-02-22 22:34:05,421 [INFO] Got command from the client 'session,2022-02-22_22-22-57,start,testing'
ptd-server 2022-02-22 22:34:05,421 [INFO] Sending to ptd: 'SR,V,250.790000'
ptd-server 2022-02-22 22:34:06,922 [INFO] Reply from ptd: 'Range V changed'
ptd-server 2022-02-22 22:34:06,922 [INFO] Sending to ptd: 'SR,A,0.055350'
ptd-server 2022-02-22 22:34:08,424 [INFO] Reply from ptd: 'Range A changed'
ptd-server 2022-02-22 22:34:18,434 [INFO] Starting testing mode
ptd-server 2022-02-22 22:34:18,434 [INFO] Sending to ptd: 'Go,1000,0,2022-02-22_22-22-57_testing'
ptd-server 2022-02-22 22:34:18,435 [INFO] Reply from ptd: 'Starting untimed measurement, maximum 500000 samples at 1000ms with 0 rampup samples'
ptd-server 2022-02-22 22:34:18,435 [INFO] Sending reply to client 'OK'
ptd-server 2022-02-22 22:44:47,477 [INFO] Got command from the client 'session,2022-02-22_22-22-57,stop,testing'
ptd-server 2022-02-22 22:44:57,487 [INFO] Sending to ptd: 'Stop'
ptd-server 2022-02-22 22:44:57,488 [INFO] Reply from ptd: 'Stopping untimed measurement'
ptd-server 2022-02-22 22:44:57,882 [INFO] Sending reply to client 'OK'
ptd-server 2022-02-22 22:44:57,902 [INFO] Got command from the client 'session,2022-02-22_22-22-57,done'
ptd-server 2022-02-22 22:44:57,902 [INFO] Sending to ptd: 'Stop'
ptd-server 2022-02-22 22:44:58,435 [INFO] Reply from ptd: 'Error: no measurement to stop'
ptd-server 2022-02-22 22:44:58,435 [INFO] Sending to ptd: 'SR,V,300.000000'
ptd-server 2022-02-22 22:44:59,937 [INFO] Reply from ptd: 'Range V changed'
ptd-server 2022-02-22 22:44:59,937 [INFO] Sending to ptd: 'SR,A,0.500000'
ptd-server 2022-02-22 22:45:01,439 [INFO] Reply from ptd: 'Range A changed'
ptd-server 2022-02-22 22:45:01,439 [INFO] Set initial values for Amps 0.500000 and Volts 300.000000
ptd-server 2022-02-22 22:45:01,439 [INFO] Stopping ptd...
