ptd-server 2022-02-21 03:20:10,571 [INFO] Got command from the client 'time'
ptd-server 2022-02-21 03:20:10,571 [INFO] Sending reply to client '1645413610.5716934'
ptd-server 2022-02-21 03:20:10,572 [INFO] Got command from the client 'new,,ca197bde-7bf1-481b-bbd2-85b0a3e85c89'
ptd-server 2022-02-21 03:20:10,573 [INFO] Sending reply to client 'OK 2022-02-21_03-20-10,2cbd5667-8e41-41d9-ab35-8ea051164fb7'
ptd-server 2022-02-21 03:20:10,603 [INFO] Got command from the client 'time'
ptd-server 2022-02-21 03:20:10,603 [INFO] Sending reply to client '1645413610.6039388'
ptd-server 2022-02-21 03:20:10,605 [INFO] Got command from the client 'session,2022-02-21_03-20-10,start,ranging'
ptd-server 2022-02-21 03:20:10,605 [INFO] Running PTDaemon: ['/home/anton/projects/mlperf/power/inference_v1.0/ptd-linux-x86', '-l', '/tmp/tmpgldyt7rr/ptd_logfile.txt', '-p', '8888', '49', '/dev/usbtmc0']
ptd-server 2022-02-21 03:20:27,778 [INFO] Sending to ptd: 'Hello'
ptd-server 2022-02-21 03:20:27,778 [INFO] Reply from ptd: 'Hello, PTDaemon here!'
ptd-server 2022-02-21 03:20:27,779 [INFO] Sending to ptd: 'Identify'
ptd-server 2022-02-21 03:20:27,779 [INFO] Reply from ptd: 'YokogawaWT310E,1000,1,1,1,1,0,1,1,version=1.9.2-e8c7a49a-20201208,OS=Linux 5.13.0-28-generic #31~20.04.1-Ubuntu SMP Wed Jan 19 14:08:10 UTC 2022 x86_64,mode=power,1,1,1,0,0,no_cal_date,YOKOGAWA;WT310E;C3XA04010E;F1.04'
ptd-server 2022-02-21 03:20:27,779 [INFO] Connected to PTDaemon
ptd-server 2022-02-21 03:20:27,779 [INFO] Sending to ptd: 'RR'
ptd-server 2022-02-21 03:20:27,779 [INFO] Reply from ptd: 'Ranges,0,0.500000,0,300.000000'
ptd-server 2022-02-21 03:20:27,780 [INFO] Initial range for Amps is 0.500000 for Volts is 300.000000
ptd-server 2022-02-21 03:20:27,780 [INFO] Sending to ptd: 'SR,V,Auto'
ptd-server 2022-02-21 03:20:28,282 [INFO] Reply from ptd: 'Range V changed'
ptd-server 2022-02-21 03:20:28,282 [INFO] Sending to ptd: 'SR,A,Auto'
ptd-server 2022-02-21 03:20:28,785 [INFO] Reply from ptd: 'Range A changed'
ptd-server 2022-02-21 03:20:38,795 [INFO] Starting ranging mode
ptd-server 2022-02-21 03:20:38,795 [INFO] Sending to ptd: 'Go,1000,0,2022-02-21_03-20-10_ranging'
ptd-server 2022-02-21 03:20:38,796 [INFO] Reply from ptd: 'Starting untimed measurement, maximum 500000 samples at 1000ms with 0 rampup samples'
ptd-server 2022-02-21 03:20:38,796 [INFO] Sending reply to client 'OK'
ptd-server 2022-02-21 03:31:06,443 [INFO] Got command from the client 'session,2022-02-21_03-20-10,stop,ranging'
ptd-server 2022-02-21 03:31:16,454 [INFO] Sending to ptd: 'Stop'
ptd-server 2022-02-21 03:31:16,454 [INFO] Reply from ptd: 'Stopping untimed measurement'
ptd-server 2022-02-21 03:31:17,012 [INFO] Sending reply to client 'OK'
ptd-server 2022-02-21 03:31:17,076 [INFO] Got command from the client 'time'
ptd-server 2022-02-21 03:31:17,076 [INFO] Sending reply to client '1645414277.0769107'
ptd-server 2022-02-21 03:31:17,078 [INFO] Got command from the client 'session,2022-02-21_03-20-10,start,testing'
ptd-server 2022-02-21 03:31:17,078 [INFO] Sending to ptd: 'SR,V,249.730000'
ptd-server 2022-02-21 03:31:18,580 [INFO] Reply from ptd: 'Range V changed'
ptd-server 2022-02-21 03:31:18,580 [INFO] Sending to ptd: 'SR,A,0.041150'
ptd-server 2022-02-21 03:31:20,081 [INFO] Reply from ptd: 'Range A changed'
ptd-server 2022-02-21 03:31:30,091 [INFO] Starting testing mode
ptd-server 2022-02-21 03:31:30,092 [INFO] Sending to ptd: 'Go,1000,0,2022-02-21_03-20-10_testing'
ptd-server 2022-02-21 03:31:30,092 [INFO] Reply from ptd: 'Starting untimed measurement, maximum 500000 samples at 1000ms with 0 rampup samples'
ptd-server 2022-02-21 03:31:30,092 [INFO] Sending reply to client 'OK'
ptd-server 2022-02-21 03:41:58,610 [INFO] Got command from the client 'session,2022-02-21_03-20-10,stop,testing'
ptd-server 2022-02-21 03:42:08,620 [INFO] Sending to ptd: 'Stop'
ptd-server 2022-02-21 03:42:08,621 [INFO] Reply from ptd: 'Stopping untimed measurement'
ptd-server 2022-02-21 03:42:08,914 [INFO] Sending reply to client 'OK'
ptd-server 2022-02-21 03:42:08,937 [INFO] Got command from the client 'session,2022-02-21_03-20-10,done'
ptd-server 2022-02-21 03:42:08,937 [INFO] Sending to ptd: 'Stop'
ptd-server 2022-02-21 03:42:09,093 [INFO] Reply from ptd: 'Error: no measurement to stop'
ptd-server 2022-02-21 03:42:09,093 [INFO] Sending to ptd: 'SR,V,300.000000'
ptd-server 2022-02-21 03:42:10,594 [INFO] Reply from ptd: 'Range V changed'
ptd-server 2022-02-21 03:42:10,595 [INFO] Sending to ptd: 'SR,A,0.500000'
ptd-server 2022-02-21 03:42:12,096 [INFO] Reply from ptd: 'Range A changed'
ptd-server 2022-02-21 03:42:12,096 [INFO] Set initial values for Amps 0.500000 and Volts 300.000000
ptd-server 2022-02-21 03:42:12,096 [INFO] Stopping ptd...
