client 2022-02-16 20:44:21,371 [WARNING] Removing loadgen logs directory '/home/katya/CK/ck-mlperf/program/image-classification-armnn-tflite-loadgen/tmp/loadgen_logs'
client 2022-02-16 20:44:21,372 [INFO] Sending command to the server: 'mlcommons/power client v3'
client 2022-02-16 20:44:21,373 [INFO] Got response: 'mlcommons/power server v3'
client 2022-02-16 20:44:21,374 [INFO] Synchronizing with the server and with time.google.com...
client 2022-02-16 20:44:21,408 [INFO] NTP:offset = -0.001 s, delay = 0.025 s 
client 2022-02-16 20:44:21,408 [INFO] Sending command to the server: 'time'
client 2022-02-16 20:44:21,410 [INFO] Got response: '1645044261.406422'
client 2022-02-16 20:44:21,410 [INFO] The time difference between the client and the server is within range 2.026 ms..3.935 ms
client 2022-02-16 20:44:21,410 [INFO] Sending command to the server: 'new,,f2243405-627f-4b44-ab71-1f55812a4860'
client 2022-02-16 20:44:21,412 [INFO] Got response: 'OK 2022-02-16_20-44-21,1c3a4d57-9ee7-438f-9384-4301df29815d'
client 2022-02-16 20:44:21,412 [INFO] Session id is '2022-02-16_20-44-21'
client 2022-02-16 20:44:21,413 [INFO] Sources: {"sources": {"__init__.py": "da39a3ee5e6b4b0d3255bfef95601890afd80709", "client.py": "33ca4f26368777ac06e01f9567b714a4b8063886", "lib/__init__.py": "da39a3ee5e6b4b0d3255bfef95601890afd80709", "lib/client.py": "4c2b78fb4849a7e5b584ef792d82aaed20b17f57", "lib/common.py": "624d0c0acc7c39aaff3674f0b99d6a09da53d1dc", "lib/external/__init__.py": "da39a3ee5e6b4b0d3255bfef95601890afd80709", "lib/external/ntplib.py": "4da8f970656505a40483206ef2b5d3dd5e81711d", "lib/server.py": "59c9fb92908260d3e9f81a895c7aa009742275e4", "lib/source_hashes.py": "60a2e02193209e8d392803326208d5466342da18", "lib/summary.py": "aa92f0a3f975eecd44d3c0cd0236342ccc9f941d", "lib/time_sync.py": "3210db56eb0ff0df57bf4293dc4d4b03fffd46f1", "server.py": "c3f90f2f7eeb4db30727556d0c815ebc89b3d28b", "tests/unit/__init__.py": "da39a3ee5e6b4b0d3255bfef95601890afd80709", "tests/unit/test_server.py": "99ae15aef722f2000ee6ed1ae1523637bf1ae42b", "tests/unit/test_source_hashes.py": "00468a2907583c593e6574a1f6b404e4651c221a"}, "modules": {"ptd_client_server.lib.client": "lib/client.py", "ptd_client_server.lib.common": "lib/common.py", "ptd_client_server.lib.external.ntplib": "lib/external/ntplib.py", "ptd_client_server.lib.source_hashes": "lib/source_hashes.py", "ptd_client_server.lib.summary": "lib/summary.py", "ptd_client_server.lib.time_sync": "lib/time_sync.py"}}
client 2022-02-16 20:44:21,413 [INFO] Running workload in ranging mode
client 2022-02-16 20:44:21,414 [INFO] Synchronizing with the server and with time.google.com...
client 2022-02-16 20:44:21,447 [INFO] NTP:offset = -0.003 s, delay = 0.031 s 
client 2022-02-16 20:44:21,447 [INFO] Sending command to the server: 'time'
client 2022-02-16 20:44:21,449 [INFO] Got response: '1645044261.445496'
client 2022-02-16 20:44:21,449 [INFO] The time difference between the client and the server is within range 2.444 ms..3.959 ms
client 2022-02-16 20:44:21,450 [INFO] Sending command to the server: 'session,2022-02-16_20-44-21,start,ranging'
client 2022-02-16 20:44:49,643 [INFO] Got response: 'OK'
client 2022-02-16 20:44:49,644 [INFO] Running the workload 'ck benchmark program:image-classification-armnn-tflite-loadgen --env.CK_SILENT_MODE=YES --skip_print_timers --dep_add_tags.compiler=gcc,v7 --dep_add_tags.python=v3 --dep_add_tags.mlperf-inference-src=r2.0 --dep_add_tags.weights=mobilenet,v2-0.5-224,non-quantized --dep_add_tags.images=crop.875,preprocessed,using-opencv --dep_add_tags.library=armnn,rel.21.11,neon --env.CK_LOADGEN_DATASET_SIZE=1024 --env.USE_NEON=1 --env.USE_OPENCL=0 --env.CK_LOADGEN_MODE=PerformanceOnly --env.CK_LOADGEN_SCENARIO=SingleStream --env.CK_LOADGEN_TARGET_LATENCY=$CK_LOADGEN_TARGET_LATENCY --skip_stat_analysis --process_multi_keys --repetitions=1 --record --record_repo=local --record_uoa=mlperf_v2.0-open-odroid-armnn-v21.11-neon-mobilenet-v2-0.5-224-non-quantized-singlestream-performance-target_latency.$CK_LOADGEN_TARGET_LATENCY-power.workload --tags=mlperf,round.v2.0,division.open,task.image-classification,platform.odroid,scenario.singlestream,mode.performance,workload.mobilenet-v2-0.5-224-non-quantized,preprocessed_using.opencv,inference_engine.armnn,inference_engine_version.v21.11,inference_engine_backend.neon,target_latency.$CK_LOADGEN_TARGET_LATENCY,power.workload "@@@{\'meta\': {\'ck_benchmark_program\': \'ck benchmark program:image-classification-armnn-tflite-loadgen --env.CK_SILENT_MODE=YES --skip_print_timers --dep_add_tags.compiler=gcc,v7 --dep_add_tags.python=v3 --dep_add_tags.mlperf-inference-src=r2.0 --dep_add_tags.weights=mobilenet,v2-0.5-224,non-quantized --dep_add_tags.images=crop.875,preprocessed,using-opencv --dep_add_tags.library=armnn,rel.21.11,neon --env.CK_LOADGEN_DATASET_SIZE=1024 --env.USE_NEON=1 --env.USE_OPENCL=0 --env.CK_LOADGEN_MODE=PerformanceOnly --env.CK_LOADGEN_SCENARIO=SingleStream --env.CK_LOADGEN_TARGET_LATENCY=$CK_LOADGEN_TARGET_LATENCY --skip_stat_analysis --process_multi_keys --repetitions=1 --record --record_repo=local --record_uoa=mlperf_v2.0-open-odroid-armnn-v21.11-neon-mobilenet-v2-0.5-224-non-quantized-singlestream-performance-target_latency.$CK_LOADGEN_TARGET_LATENCY-power.workload --tags=mlperf,round.v2.0,division.open,task.image-classification,platform.odroid,scenario.singlestream,mode.performance,workload.mobilenet-v2-0.5-224-non-quantized,preprocessed_using.opencv,inference_engine.armnn,inference_engine_version.v21.11,inference_engine_backend.neon,target_latency.$CK_LOADGEN_TARGET_LATENCY,power.workload\'}}" && cat `ck find program:image-classification-armnn-tflite-loadgen`/tmp/mlperf_log_summary.txt && mkdir -p "$CK_MLPERF_POWER_CLIENT_LOADGEN_LOGS" && cp "$CK_MLPERF_POWER_CLIENT_LOADGEN_LOGS"/../mlperf_log_* "$CK_MLPERF_POWER_CLIENT_LOADGEN_LOGS"/'
client 2022-02-16 20:55:06,811 [INFO] Sending command to the server: 'session,2022-02-16_20-44-21,stop,ranging'
client 2022-02-16 20:55:16,904 [INFO] Got response: 'OK'
client 2022-02-16 20:55:16,943 [INFO] Copying loadgen logs from '/home/katya/CK/ck-mlperf/program/image-classification-armnn-tflite-loadgen/tmp/loadgen_logs' to '/home/katya/CK/ck-mlperf/program/mlperf-power-client/tmp/2022-02-16_20-44-21/ranging'
client 2022-02-16 20:55:16,947 [INFO] Running workload in testing mode
client 2022-02-16 20:55:16,949 [INFO] Synchronizing with the server and with time.google.com...
client 2022-02-16 20:55:16,985 [INFO] NTP:offset = -0.004 s, delay = 0.029 s 
client 2022-02-16 20:55:16,986 [INFO] Sending command to the server: 'time'
client 2022-02-16 20:55:16,988 [INFO] Got response: '1645044916.9866927'
client 2022-02-16 20:55:16,989 [INFO] The time difference between the client and the server is within range -0.297 ms..2.935 ms
client 2022-02-16 20:55:16,991 [INFO] Sending command to the server: 'session,2022-02-16_20-44-21,start,testing'
client 2022-02-16 20:55:30,655 [INFO] Got response: 'OK'
client 2022-02-16 20:55:30,656 [INFO] Running the workload 'ck benchmark program:image-classification-armnn-tflite-loadgen --env.CK_SILENT_MODE=YES --skip_print_timers --dep_add_tags.compiler=gcc,v7 --dep_add_tags.python=v3 --dep_add_tags.mlperf-inference-src=r2.0 --dep_add_tags.weights=mobilenet,v2-0.5-224,non-quantized --dep_add_tags.images=crop.875,preprocessed,using-opencv --dep_add_tags.library=armnn,rel.21.11,neon --env.CK_LOADGEN_DATASET_SIZE=1024 --env.USE_NEON=1 --env.USE_OPENCL=0 --env.CK_LOADGEN_MODE=PerformanceOnly --env.CK_LOADGEN_SCENARIO=SingleStream --env.CK_LOADGEN_TARGET_LATENCY=$CK_LOADGEN_TARGET_LATENCY --skip_stat_analysis --process_multi_keys --repetitions=1 --record --record_repo=local --record_uoa=mlperf_v2.0-open-odroid-armnn-v21.11-neon-mobilenet-v2-0.5-224-non-quantized-singlestream-performance-target_latency.$CK_LOADGEN_TARGET_LATENCY-power.workload --tags=mlperf,round.v2.0,division.open,task.image-classification,platform.odroid,scenario.singlestream,mode.performance,workload.mobilenet-v2-0.5-224-non-quantized,preprocessed_using.opencv,inference_engine.armnn,inference_engine_version.v21.11,inference_engine_backend.neon,target_latency.$CK_LOADGEN_TARGET_LATENCY,power.workload "@@@{\'meta\': {\'ck_benchmark_program\': \'ck benchmark program:image-classification-armnn-tflite-loadgen --env.CK_SILENT_MODE=YES --skip_print_timers --dep_add_tags.compiler=gcc,v7 --dep_add_tags.python=v3 --dep_add_tags.mlperf-inference-src=r2.0 --dep_add_tags.weights=mobilenet,v2-0.5-224,non-quantized --dep_add_tags.images=crop.875,preprocessed,using-opencv --dep_add_tags.library=armnn,rel.21.11,neon --env.CK_LOADGEN_DATASET_SIZE=1024 --env.USE_NEON=1 --env.USE_OPENCL=0 --env.CK_LOADGEN_MODE=PerformanceOnly --env.CK_LOADGEN_SCENARIO=SingleStream --env.CK_LOADGEN_TARGET_LATENCY=$CK_LOADGEN_TARGET_LATENCY --skip_stat_analysis --process_multi_keys --repetitions=1 --record --record_repo=local --record_uoa=mlperf_v2.0-open-odroid-armnn-v21.11-neon-mobilenet-v2-0.5-224-non-quantized-singlestream-performance-target_latency.$CK_LOADGEN_TARGET_LATENCY-power.workload --tags=mlperf,round.v2.0,division.open,task.image-classification,platform.odroid,scenario.singlestream,mode.performance,workload.mobilenet-v2-0.5-224-non-quantized,preprocessed_using.opencv,inference_engine.armnn,inference_engine_version.v21.11,inference_engine_backend.neon,target_latency.$CK_LOADGEN_TARGET_LATENCY,power.workload\'}}" && cat `ck find program:image-classification-armnn-tflite-loadgen`/tmp/mlperf_log_summary.txt && mkdir -p "$CK_MLPERF_POWER_CLIENT_LOADGEN_LOGS" && cp "$CK_MLPERF_POWER_CLIENT_LOADGEN_LOGS"/../mlperf_log_* "$CK_MLPERF_POWER_CLIENT_LOADGEN_LOGS"/'
client 2022-02-16 21:05:48,767 [INFO] Sending command to the server: 'session,2022-02-16_20-44-21,stop,testing'
client 2022-02-16 21:05:58,820 [INFO] Got response: 'OK'
client 2022-02-16 21:05:58,831 [INFO] Copying loadgen logs from '/home/katya/CK/ck-mlperf/program/image-classification-armnn-tflite-loadgen/tmp/loadgen_logs' to '/home/katya/CK/ck-mlperf/program/mlperf-power-client/tmp/2022-02-16_20-44-21/run_1'
client 2022-02-16 21:05:58,836 [INFO] Done runs
