ptd-server 2022-02-16 20:44:21,406 [INFO] Got command from the client 'time'
ptd-server 2022-02-16 20:44:21,406 [INFO] Sending reply to client '1645044261.406422'
ptd-server 2022-02-16 20:44:21,408 [INFO] Got command from the client 'new,,f2243405-627f-4b44-ab71-1f55812a4860'
ptd-server 2022-02-16 20:44:21,408 [INFO] Sending reply to client 'OK 2022-02-16_20-44-21,1c3a4d57-9ee7-438f-9384-4301df29815d'
ptd-server 2022-02-16 20:44:21,445 [INFO] Got command from the client 'time'
ptd-server 2022-02-16 20:44:21,445 [INFO] Sending reply to client '1645044261.445496'
ptd-server 2022-02-16 20:44:21,448 [INFO] Got command from the client 'session,2022-02-16_20-44-21,start,ranging'
ptd-server 2022-02-16 20:44:21,448 [INFO] Running PTDaemon: ['/home/anton/projects/mlperf/power/inference_v1.0/ptd-linux-x86', '-l', '/tmp/tmpgldyt7rr/ptd_logfile.txt', '-p', '8888', '49', '/dev/usbtmc0']
ptd-server 2022-02-16 20:44:38,622 [INFO] Sending to ptd: 'Hello'
ptd-server 2022-02-16 20:44:38,622 [INFO] Reply from ptd: 'Hello, PTDaemon here!'
ptd-server 2022-02-16 20:44:38,622 [INFO] Sending to ptd: 'Identify'
ptd-server 2022-02-16 20:44:38,623 [INFO] Reply from ptd: 'YokogawaWT310E,1000,1,1,1,1,0,1,1,version=1.9.2-e8c7a49a-20201208,OS=Linux 5.13.0-28-generic #31~20.04.1-Ubuntu SMP Wed Jan 19 14:08:10 UTC 2022 x86_64,mode=power,1,1,1,0,0,no_cal_date,YOKOGAWA;WT310E;C3XA04010E;F1.04'
ptd-server 2022-02-16 20:44:38,623 [INFO] Connected to PTDaemon
ptd-server 2022-02-16 20:44:38,623 [INFO] Sending to ptd: 'RR'
ptd-server 2022-02-16 20:44:38,623 [INFO] Reply from ptd: 'Ranges,0,0.500000,0,300.000000'
ptd-server 2022-02-16 20:44:38,623 [INFO] Initial range for Amps is 0.500000 for Volts is 300.000000
ptd-server 2022-02-16 20:44:38,624 [INFO] Sending to ptd: 'SR,V,Auto'
ptd-server 2022-02-16 20:44:39,126 [INFO] Reply from ptd: 'Range V changed'
ptd-server 2022-02-16 20:44:39,126 [INFO] Sending to ptd: 'SR,A,Auto'
ptd-server 2022-02-16 20:44:39,629 [INFO] Reply from ptd: 'Range A changed'
ptd-server 2022-02-16 20:44:49,639 [INFO] Starting ranging mode
ptd-server 2022-02-16 20:44:49,639 [INFO] Sending to ptd: 'Go,1000,0,2022-02-16_20-44-21_ranging'
ptd-server 2022-02-16 20:44:49,639 [INFO] Reply from ptd: 'Starting untimed measurement, maximum 500000 samples at 1000ms with 0 rampup samples'
ptd-server 2022-02-16 20:44:49,640 [INFO] Sending reply to client 'OK'
ptd-server 2022-02-16 20:55:06,812 [INFO] Got command from the client 'session,2022-02-16_20-44-21,stop,ranging'
ptd-server 2022-02-16 20:55:16,822 [INFO] Sending to ptd: 'Stop'
ptd-server 2022-02-16 20:55:16,823 [INFO] Reply from ptd: 'Stopping untimed measurement'
ptd-server 2022-02-16 20:55:16,902 [INFO] Sending reply to client 'OK'
ptd-server 2022-02-16 20:55:16,986 [INFO] Got command from the client 'time'
ptd-server 2022-02-16 20:55:16,986 [INFO] Sending reply to client '1645044916.9866927'
ptd-server 2022-02-16 20:55:16,991 [INFO] Got command from the client 'session,2022-02-16_20-44-21,start,testing'
ptd-server 2022-02-16 20:55:16,991 [INFO] Sending to ptd: 'SR,V,251.090000'
ptd-server 2022-02-16 20:55:19,141 [INFO] Reply from ptd: 'Range V changed'
ptd-server 2022-02-16 20:55:19,141 [INFO] Sending to ptd: 'SR,A,0.046760'
ptd-server 2022-02-16 20:55:20,642 [INFO] Reply from ptd: 'Range A changed'
ptd-server 2022-02-16 20:55:30,652 [INFO] Starting testing mode
ptd-server 2022-02-16 20:55:30,652 [INFO] Sending to ptd: 'Go,1000,0,2022-02-16_20-44-21_testing'
ptd-server 2022-02-16 20:55:30,653 [INFO] Reply from ptd: 'Starting untimed measurement, maximum 500000 samples at 1000ms with 0 rampup samples'
ptd-server 2022-02-16 20:55:30,653 [INFO] Sending reply to client 'OK'
ptd-server 2022-02-16 21:05:48,769 [INFO] Got command from the client 'session,2022-02-16_20-44-21,stop,testing'
ptd-server 2022-02-16 21:05:58,779 [INFO] Sending to ptd: 'Stop'
ptd-server 2022-02-16 21:05:58,779 [INFO] Reply from ptd: 'Stopping untimed measurement'
ptd-server 2022-02-16 21:05:58,819 [INFO] Sending reply to client 'OK'
ptd-server 2022-02-16 21:05:58,859 [INFO] Got command from the client 'session,2022-02-16_20-44-21,done'
ptd-server 2022-02-16 21:05:58,859 [INFO] Sending to ptd: 'Stop'
ptd-server 2022-02-16 21:05:59,653 [INFO] Reply from ptd: 'Error: no measurement to stop'
ptd-server 2022-02-16 21:05:59,654 [INFO] Sending to ptd: 'SR,V,300.000000'
ptd-server 2022-02-16 21:06:01,155 [INFO] Reply from ptd: 'Range V changed'
ptd-server 2022-02-16 21:06:01,155 [INFO] Sending to ptd: 'SR,A,0.500000'
ptd-server 2022-02-16 21:06:02,656 [INFO] Reply from ptd: 'Range A changed'
ptd-server 2022-02-16 21:06:02,657 [INFO] Set initial values for Amps 0.500000 and Volts 300.000000
ptd-server 2022-02-16 21:06:02,657 [INFO] Stopping ptd...
