ptd-server 2022-02-16 02:00:03,163 [INFO] Got command from the client 'time'
ptd-server 2022-02-16 02:00:03,163 [INFO] Sending reply to client '1644976803.1639593'
ptd-server 2022-02-16 02:00:03,165 [INFO] Got command from the client 'new,,e1d42f57-9cca-4bba-8276-30469b191159'
ptd-server 2022-02-16 02:00:03,166 [INFO] Sending reply to client 'OK 2022-02-16_02-00-03,fe7790ea-6816-4866-810b-620f01d32f7a'
ptd-server 2022-02-16 02:00:03,198 [INFO] Got command from the client 'time'
ptd-server 2022-02-16 02:00:03,198 [INFO] Sending reply to client '1644976803.198538'
ptd-server 2022-02-16 02:00:03,200 [INFO] Got command from the client 'session,2022-02-16_02-00-03,start,ranging'
ptd-server 2022-02-16 02:00:03,200 [INFO] Running PTDaemon: ['/home/anton/projects/mlperf/power/inference_v1.0/ptd-linux-x86', '-l', '/tmp/tmpxvec0g6h/ptd_logfile.txt', '-p', '8888', '49', '/dev/usbtmc0']
ptd-server 2022-02-16 02:00:20,374 [INFO] Sending to ptd: 'Hello'
ptd-server 2022-02-16 02:00:20,374 [INFO] Reply from ptd: 'Hello, PTDaemon here!'
ptd-server 2022-02-16 02:00:20,375 [INFO] Sending to ptd: 'Identify'
ptd-server 2022-02-16 02:00:20,375 [INFO] Reply from ptd: 'YokogawaWT310E,1000,1,1,1,1,0,1,1,version=1.9.2-e8c7a49a-20201208,OS=Linux 5.13.0-27-generic #29~20.04.1-Ubuntu SMP Fri Jan 14 00:32:30 UTC 2022 x86_64,mode=power,1,1,1,0,0,no_cal_date,YOKOGAWA;WT310E;C3XA04010E;F1.04'
ptd-server 2022-02-16 02:00:20,375 [INFO] Connected to PTDaemon
ptd-server 2022-02-16 02:00:20,375 [INFO] Sending to ptd: 'RR'
ptd-server 2022-02-16 02:00:20,376 [INFO] Reply from ptd: 'Ranges,0,0.500000,0,300.000000'
ptd-server 2022-02-16 02:00:20,376 [INFO] Initial range for Amps is 0.500000 for Volts is 300.000000
ptd-server 2022-02-16 02:00:20,376 [INFO] Sending to ptd: 'SR,V,Auto'
ptd-server 2022-02-16 02:00:20,878 [INFO] Reply from ptd: 'Range V changed'
ptd-server 2022-02-16 02:00:20,879 [INFO] Sending to ptd: 'SR,A,Auto'
ptd-server 2022-02-16 02:00:21,381 [INFO] Reply from ptd: 'Range A changed'
ptd-server 2022-02-16 02:00:31,391 [INFO] Starting ranging mode
ptd-server 2022-02-16 02:00:31,392 [INFO] Sending to ptd: 'Go,1000,0,2022-02-16_02-00-03_ranging'
ptd-server 2022-02-16 02:00:31,392 [INFO] Reply from ptd: 'Starting untimed measurement, maximum 500000 samples at 1000ms with 0 rampup samples'
ptd-server 2022-02-16 02:00:31,392 [INFO] Sending reply to client 'OK'
ptd-server 2022-02-16 02:10:50,686 [INFO] Got command from the client 'session,2022-02-16_02-00-03,stop,ranging'
ptd-server 2022-02-16 02:11:00,696 [INFO] Sending to ptd: 'Stop'
ptd-server 2022-02-16 02:11:00,696 [INFO] Reply from ptd: 'Stopping untimed measurement'
ptd-server 2022-02-16 02:11:01,655 [INFO] Sending reply to client 'OK'
ptd-server 2022-02-16 02:11:01,706 [INFO] Got command from the client 'time'
ptd-server 2022-02-16 02:11:01,707 [INFO] Sending reply to client '1644977461.7071033'
ptd-server 2022-02-16 02:11:01,709 [INFO] Got command from the client 'session,2022-02-16_02-00-03,start,testing'
ptd-server 2022-02-16 02:11:01,709 [INFO] Sending to ptd: 'SR,V,250.670000'
ptd-server 2022-02-16 02:11:03,211 [INFO] Reply from ptd: 'Range V changed'
ptd-server 2022-02-16 02:11:03,211 [INFO] Sending to ptd: 'SR,A,0.178650'
ptd-server 2022-02-16 02:11:04,712 [INFO] Reply from ptd: 'Range A changed'
ptd-server 2022-02-16 02:11:14,722 [INFO] Starting testing mode
ptd-server 2022-02-16 02:11:14,723 [INFO] Sending to ptd: 'Go,1000,0,2022-02-16_02-00-03_testing'
ptd-server 2022-02-16 02:11:14,723 [INFO] Reply from ptd: 'Starting untimed measurement, maximum 500000 samples at 1000ms with 0 rampup samples'
ptd-server 2022-02-16 02:11:14,723 [INFO] Sending reply to client 'OK'
ptd-server 2022-02-16 02:21:33,994 [INFO] Got command from the client 'session,2022-02-16_02-00-03,stop,testing'
ptd-server 2022-02-16 02:21:44,004 [INFO] Sending to ptd: 'Stop'
ptd-server 2022-02-16 02:21:44,004 [INFO] Reply from ptd: 'Stopping untimed measurement'
ptd-server 2022-02-16 02:21:44,478 [INFO] Sending reply to client 'OK'
ptd-server 2022-02-16 02:21:44,498 [INFO] Got command from the client 'session,2022-02-16_02-00-03,done'
ptd-server 2022-02-16 02:21:44,498 [INFO] Sending to ptd: 'Stop'
ptd-server 2022-02-16 02:21:44,724 [INFO] Reply from ptd: 'Error: no measurement to stop'
ptd-server 2022-02-16 02:21:44,724 [INFO] Sending to ptd: 'SR,V,300.000000'
ptd-server 2022-02-16 02:21:46,225 [INFO] Reply from ptd: 'Range V changed'
ptd-server 2022-02-16 02:21:46,225 [INFO] Sending to ptd: 'SR,A,0.500000'
ptd-server 2022-02-16 02:21:47,727 [INFO] Reply from ptd: 'Range A changed'
ptd-server 2022-02-16 02:21:47,727 [INFO] Set initial values for Amps 0.500000 and Volts 300.000000
ptd-server 2022-02-16 02:21:47,727 [INFO] Stopping ptd...
