client 2022-02-15 03:00:06,261 [INFO] Sending command to the server: 'mlcommons/power client v3'
client 2022-02-15 03:00:06,266 [INFO] Got response: 'mlcommons/power server v3'
client 2022-02-15 03:00:06,266 [INFO] Sending command to the server: 'stop'
client 2022-02-15 03:00:06,267 [INFO] Got response: 'OK'
client 2022-02-15 03:00:06,267 [INFO] Synchronizing with the server and with ib-01.dc4-in.nvidia.com...
client 2022-02-15 03:00:06,489 [INFO] NTP:offset = 0.005 s, delay = 0.216 s 
client 2022-02-15 03:00:06,489 [INFO] Sending command to the server: 'time'
client 2022-02-15 03:00:06,490 [INFO] Got response: '1644894006.530526'
client 2022-02-15 03:00:06,490 [INFO] The time difference between the client and the server is within range -41.076 ms..-39.884 ms
client 2022-02-15 03:00:06,490 [INFO] Sending command to the server: 'new,,baa409ff-ec7b-40ed-828c-a4bf389ff20d'
client 2022-02-15 03:00:06,491 [INFO] Got response: 'OK 2022-02-14_19-00-06,5a02d393-b353-4d2c-9b7a-03651b66add7'
client 2022-02-15 03:00:06,492 [INFO] Session id is '2022-02-14_19-00-06'
client 2022-02-15 03:00:06,492 [INFO] Sources: {"sources": {"__init__.py": "da39a3ee5e6b4b0d3255bfef95601890afd80709", "client.py": "33ca4f26368777ac06e01f9567b714a4b8063886", "lib/__init__.py": "da39a3ee5e6b4b0d3255bfef95601890afd80709", "lib/client.py": "4c2b78fb4849a7e5b584ef792d82aaed20b17f57", "lib/common.py": "624d0c0acc7c39aaff3674f0b99d6a09da53d1dc", "lib/external/__init__.py": "da39a3ee5e6b4b0d3255bfef95601890afd80709", "lib/external/ntplib.py": "4da8f970656505a40483206ef2b5d3dd5e81711d", "lib/server.py": "59c9fb92908260d3e9f81a895c7aa009742275e4", "lib/source_hashes.py": "60a2e02193209e8d392803326208d5466342da18", "lib/summary.py": "aa92f0a3f975eecd44d3c0cd0236342ccc9f941d", "lib/time_sync.py": "3210db56eb0ff0df57bf4293dc4d4b03fffd46f1", "server.py": "c3f90f2f7eeb4db30727556d0c815ebc89b3d28b", "tests/unit/__init__.py": "da39a3ee5e6b4b0d3255bfef95601890afd80709", "tests/unit/test_server.py": "99ae15aef722f2000ee6ed1ae1523637bf1ae42b", "tests/unit/test_source_hashes.py": "00468a2907583c593e6574a1f6b404e4651c221a"}, "modules": {"ptd_client_server.lib.client": "lib/client.py", "ptd_client_server.lib.common": "lib/common.py", "ptd_client_server.lib.external.ntplib": "lib/external/ntplib.py", "ptd_client_server.lib.source_hashes": "lib/source_hashes.py", "ptd_client_server.lib.summary": "lib/summary.py", "ptd_client_server.lib.time_sync": "lib/time_sync.py"}}
client 2022-02-15 03:00:06,494 [INFO] Running workload in ranging mode
client 2022-02-15 03:00:06,494 [INFO] Synchronizing with the server and with ib-01.dc4-in.nvidia.com...
client 2022-02-15 03:00:06,706 [INFO] NTP:offset = 0.002 s, delay = 0.211 s 
client 2022-02-15 03:00:06,706 [INFO] Sending command to the server: 'time'
client 2022-02-15 03:00:06,707 [INFO] Got response: '1644894006.749223'
client 2022-02-15 03:00:06,708 [INFO] The time difference between the client and the server is within range -42.381 ms..-41.132 ms
client 2022-02-15 03:00:06,708 [INFO] Sending command to the server: 'session,2022-02-14_19-00-06,start,ranging'
client 2022-02-15 03:00:35,498 [INFO] Got response: 'OK'
client 2022-02-15 03:00:35,498 [INFO] Running the workload 'LOG_DIR=/work/build/power_logs_temp python3 code/main.py --benchmarks=bert --scenarios=Server --test_mode=PerformanceOnly --config_ver=maxq_high_accuracy --action="run_harness" \\\n\t\t2>&1 | tee -a /work/build/power_logs/2022.02.15-02.59.50/stdout.txt \\\n\t\t&& if [ ! -d /work/build/power_logs/2022.02.15-02.59.50/ranging_tmp ]; \\\n\t\t\tthen mkdir /work/build/power_logs/2022.02.15-02.59.50/ranging_tmp \\\n\t\t\t\t&& mv /work/build/power_logs_temp/* /work/build/power_logs/2022.02.15-02.59.50/ranging_tmp/ \\\n\t\t\t\t&& cp -v /work/build/power_logs/2022.02.15-02.59.50/ranging_tmp/*/*/*/mlperf_log_detail.txt /work/build/power_logs_temp/ \\\n\t\t\t\t&& cp -v /work/build/power_logs/2022.02.15-02.59.50/ranging_tmp/*/*/*/mlperf_log_summary.txt /work/build/power_logs_temp/; \\\n\t\t\telse mkdir /work/build/power_logs/2022.02.15-02.59.50/testing_tmp \\\n\t\t\t\t&& mv /work/build/power_logs_temp/* /work/build/power_logs/2022.02.15-02.59.50/testing_tmp/ \\\n\t\t\t\t&& cp -v /work/build/power_logs/2022.02.15-02.59.50/testing_tmp/*/*/*/mlperf_log_detail.txt /work/build/power_logs_temp/ \\\n\t\t\t\t&& cp -v /work/build/power_logs/2022.02.15-02.59.50/testing_tmp/*/*/*/mlperf_log_summary.txt /work/build/power_logs_temp/; fi'
client 2022-02-15 03:11:10,110 [INFO] Sending command to the server: 'session,2022-02-14_19-00-06,stop,ranging'
client 2022-02-15 03:11:20,130 [INFO] Got response: 'OK'
client 2022-02-15 03:11:20,139 [INFO] Copying loadgen logs from '/work/build/power_logs_temp' to '/work/build/power_logs/2022.02.15-02.59.50/2022-02-14_19-00-06/ranging'
client 2022-02-15 03:11:20,171 [INFO] Running workload in testing mode
client 2022-02-15 03:11:20,171 [INFO] Synchronizing with the server and with ib-01.dc4-in.nvidia.com...
client 2022-02-15 03:11:20,384 [INFO] NTP:offset = 0.000 s, delay = 0.208 s 
client 2022-02-15 03:11:20,385 [INFO] Sending command to the server: 'time'
client 2022-02-15 03:11:20,386 [INFO] Got response: '1644894680.434422'
client 2022-02-15 03:11:20,386 [INFO] The time difference between the client and the server is within range -49.327 ms..-48.246 ms
client 2022-02-15 03:11:20,386 [INFO] Sending command to the server: 'session,2022-02-14_19-00-06,start,testing'
client 2022-02-15 03:11:33,556 [INFO] Got response: 'OK'
client 2022-02-15 03:11:33,557 [INFO] Running the workload 'LOG_DIR=/work/build/power_logs_temp python3 code/main.py --benchmarks=bert --scenarios=Server --test_mode=PerformanceOnly --config_ver=maxq_high_accuracy --action="run_harness" \\\n\t\t2>&1 | tee -a /work/build/power_logs/2022.02.15-02.59.50/stdout.txt \\\n\t\t&& if [ ! -d /work/build/power_logs/2022.02.15-02.59.50/ranging_tmp ]; \\\n\t\t\tthen mkdir /work/build/power_logs/2022.02.15-02.59.50/ranging_tmp \\\n\t\t\t\t&& mv /work/build/power_logs_temp/* /work/build/power_logs/2022.02.15-02.59.50/ranging_tmp/ \\\n\t\t\t\t&& cp -v /work/build/power_logs/2022.02.15-02.59.50/ranging_tmp/*/*/*/mlperf_log_detail.txt /work/build/power_logs_temp/ \\\n\t\t\t\t&& cp -v /work/build/power_logs/2022.02.15-02.59.50/ranging_tmp/*/*/*/mlperf_log_summary.txt /work/build/power_logs_temp/; \\\n\t\t\telse mkdir /work/build/power_logs/2022.02.15-02.59.50/testing_tmp \\\n\t\t\t\t&& mv /work/build/power_logs_temp/* /work/build/power_logs/2022.02.15-02.59.50/testing_tmp/ \\\n\t\t\t\t&& cp -v /work/build/power_logs/2022.02.15-02.59.50/testing_tmp/*/*/*/mlperf_log_detail.txt /work/build/power_logs_temp/ \\\n\t\t\t\t&& cp -v /work/build/power_logs/2022.02.15-02.59.50/testing_tmp/*/*/*/mlperf_log_summary.txt /work/build/power_logs_temp/; fi'
client 2022-02-15 03:22:08,110 [INFO] Sending command to the server: 'session,2022-02-14_19-00-06,stop,testing'
client 2022-02-15 03:22:18,122 [INFO] Got response: 'OK'
client 2022-02-15 03:22:18,127 [INFO] Copying loadgen logs from '/work/build/power_logs_temp' to '/work/build/power_logs/2022.02.15-02.59.50/2022-02-14_19-00-06/run_1'
client 2022-02-15 03:22:18,141 [INFO] Done runs
