ptd-server 2022-02-14 19:00:06,311 [INFO] Got command from the client 'stop'
ptd-server 2022-02-14 19:00:06,311 [INFO] The server will be stopped after processing this client
ptd-server 2022-02-14 19:00:06,311 [INFO] Sending reply to client 'OK'
ptd-server 2022-02-14 19:00:06,530 [INFO] Got command from the client 'time'
ptd-server 2022-02-14 19:00:06,530 [INFO] Sending reply to client '1644894006.530526'
ptd-server 2022-02-14 19:00:06,530 [INFO] Got command from the client 'new,,baa409ff-ec7b-40ed-828c-a4bf389ff20d'
ptd-server 2022-02-14 19:00:06,530 [INFO] Sending reply to client 'OK 2022-02-14_19-00-06,5a02d393-b353-4d2c-9b7a-03651b66add7'
ptd-server 2022-02-14 19:00:06,749 [INFO] Got command from the client 'time'
ptd-server 2022-02-14 19:00:06,749 [INFO] Sending reply to client '1644894006.749223'
ptd-server 2022-02-14 19:00:06,749 [INFO] Got command from the client 'session,2022-02-14_19-00-06,start,ranging'
ptd-server 2022-02-14 19:00:06,858 [INFO] Running PTDaemon: ['C:\\PTD\\ptd-windows-x86.exe', '-l', 'C:\\Users\\lab\\AppData\\Local\\Temp\\tmpfsock4_8\\ptd_logfile.txt', '-p', '8888', '-c', '1', '-y', '52', '10.34.244.57']
ptd-server 2022-02-14 19:00:24,497 [INFO] Sending to ptd: 'Hello'
ptd-server 2022-02-14 19:00:24,497 [INFO] Reply from ptd: 'Hello, PTDaemon here!'
ptd-server 2022-02-14 19:00:24,497 [INFO] Sending to ptd: 'Identify'
ptd-server 2022-02-14 19:00:24,497 [INFO] Reply from ptd: 'YokogawaWT330E,1000,1,1,1,1,0,0,1,version=1.9.2-3976349f-20201208,OS=Windows 8 / Server 2012,mode=power,1,1,1,0,0,no_cal_date,YOKOGAWA;WT333E;C2XG12028V;F1.04'
ptd-server 2022-02-14 19:00:24,497 [INFO] Connected to PTDaemon
ptd-server 2022-02-14 19:00:24,497 [INFO] Sending to ptd: 'RR'
ptd-server 2022-02-14 19:00:24,497 [INFO] Reply from ptd: 'Ranges,0,20.000000,1,300.000000'
ptd-server 2022-02-14 19:00:24,497 [INFO] Initial range for Amps is 20.000000 for Volts is Auto
ptd-server 2022-02-14 19:00:24,497 [INFO] Sending to ptd: 'SR,V,Auto'
ptd-server 2022-02-14 19:00:25,013 [INFO] Reply from ptd: 'Range V changed'
ptd-server 2022-02-14 19:00:25,013 [INFO] Sending to ptd: 'SR,A,Auto'
ptd-server 2022-02-14 19:00:25,529 [INFO] Reply from ptd: 'Range A changed'
ptd-server 2022-02-14 19:00:35,536 [INFO] Starting ranging mode
ptd-server 2022-02-14 19:00:35,536 [INFO] Sending to ptd: 'Go,1000,0,2022-02-14_19-00-06_ranging'
ptd-server 2022-02-14 19:00:35,536 [INFO] Reply from ptd: 'Starting untimed measurement, maximum 500000 samples at 1000ms with 0 rampup samples'
ptd-server 2022-02-14 19:00:35,536 [INFO] Sending reply to client 'OK'
ptd-server 2022-02-14 19:11:10,145 [INFO] Got command from the client 'session,2022-02-14_19-00-06,stop,ranging'
ptd-server 2022-02-14 19:11:20,159 [INFO] Sending to ptd: 'Stop'
ptd-server 2022-02-14 19:11:20,159 [INFO] Reply from ptd: 'Stopping untimed measurement'
ptd-server 2022-02-14 19:11:20,174 [INFO] Sending reply to client 'OK'
ptd-server 2022-02-14 19:11:20,434 [INFO] Got command from the client 'time'
ptd-server 2022-02-14 19:11:20,434 [INFO] Sending reply to client '1644894680.434422'
ptd-server 2022-02-14 19:11:20,434 [INFO] Got command from the client 'session,2022-02-14_19-00-06,start,testing'
ptd-server 2022-02-14 19:11:20,434 [INFO] Sending to ptd: 'SR,V,206.670000'
ptd-server 2022-02-14 19:11:22,060 [INFO] Reply from ptd: 'Range V changed'
ptd-server 2022-02-14 19:11:22,060 [INFO] Sending to ptd: 'SR,A,6.261800'
ptd-server 2022-02-14 19:11:23,595 [INFO] Reply from ptd: 'Range A changed'
ptd-server 2022-02-14 19:11:33,598 [INFO] Starting testing mode
ptd-server 2022-02-14 19:11:33,598 [INFO] Sending to ptd: 'Go,1000,0,2022-02-14_19-00-06_testing'
ptd-server 2022-02-14 19:11:33,598 [INFO] Reply from ptd: 'Starting untimed measurement, maximum 500000 samples at 1000ms with 0 rampup samples'
ptd-server 2022-02-14 19:11:33,598 [INFO] Sending reply to client 'OK'
ptd-server 2022-02-14 19:22:08,155 [INFO] Got command from the client 'session,2022-02-14_19-00-06,stop,testing'
ptd-server 2022-02-14 19:22:18,161 [INFO] Sending to ptd: 'Stop'
ptd-server 2022-02-14 19:22:18,161 [INFO] Reply from ptd: 'Stopping untimed measurement'
ptd-server 2022-02-14 19:22:18,161 [INFO] Sending reply to client 'OK'
ptd-server 2022-02-14 19:22:18,208 [INFO] Got command from the client 'session,2022-02-14_19-00-06,done'
ptd-server 2022-02-14 19:22:18,208 [INFO] Sending to ptd: 'Stop'
ptd-server 2022-02-14 19:22:18,607 [INFO] Reply from ptd: 'Error: no measurement to stop'
ptd-server 2022-02-14 19:22:18,607 [INFO] Sending to ptd: 'SR,V,Auto'
ptd-server 2022-02-14 19:22:19,123 [INFO] Reply from ptd: 'Range V changed'
ptd-server 2022-02-14 19:22:19,123 [INFO] Sending to ptd: 'SR,A,20.000000'
ptd-server 2022-02-14 19:22:20,654 [INFO] Reply from ptd: 'Range A changed'
ptd-server 2022-02-14 19:22:20,654 [INFO] Set initial values for Amps 20.000000 and Volts Auto
ptd-server 2022-02-14 19:22:20,654 [INFO] Stopping ptd...
