ptd-server 2022-02-13 03:49:30,447 [INFO] Got command from the client 'time'
ptd-server 2022-02-13 03:49:30,447 [INFO] Sending reply to client '1644724170.4478874'
ptd-server 2022-02-13 03:49:30,450 [INFO] Got command from the client 'new,,56781ad8-6b27-4759-ad3e-1b2caf1c1281'
ptd-server 2022-02-13 03:49:30,450 [INFO] Sending reply to client 'OK 2022-02-13_03-49-30,d9556808-94a5-4c6e-b146-e54191a099be'
ptd-server 2022-02-13 03:49:30,491 [INFO] Got command from the client 'time'
ptd-server 2022-02-13 03:49:30,491 [INFO] Sending reply to client '1644724170.4912093'
ptd-server 2022-02-13 03:49:30,493 [INFO] Got command from the client 'session,2022-02-13_03-49-30,start,ranging'
ptd-server 2022-02-13 03:49:30,493 [INFO] Running PTDaemon: ['/home/anton/projects/mlperf/power/inference_v1.0/ptd-linux-x86', '-l', '/tmp/tmpxvec0g6h/ptd_logfile.txt', '-p', '8888', '49', '/dev/usbtmc0']
ptd-server 2022-02-13 03:49:47,667 [INFO] Sending to ptd: 'Hello'
ptd-server 2022-02-13 03:49:47,667 [INFO] Reply from ptd: 'Hello, PTDaemon here!'
ptd-server 2022-02-13 03:49:47,668 [INFO] Sending to ptd: 'Identify'
ptd-server 2022-02-13 03:49:47,668 [INFO] Reply from ptd: 'YokogawaWT310E,1000,1,1,1,1,0,1,1,version=1.9.2-e8c7a49a-20201208,OS=Linux 5.13.0-27-generic #29~20.04.1-Ubuntu SMP Fri Jan 14 00:32:30 UTC 2022 x86_64,mode=power,1,1,1,0,0,no_cal_date,YOKOGAWA;WT310E;C3XA04010E;F1.04'
ptd-server 2022-02-13 03:49:47,668 [INFO] Connected to PTDaemon
ptd-server 2022-02-13 03:49:47,668 [INFO] Sending to ptd: 'RR'
ptd-server 2022-02-13 03:49:47,669 [INFO] Reply from ptd: 'Ranges,0,0.500000,0,300.000000'
ptd-server 2022-02-13 03:49:47,669 [INFO] Initial range for Amps is 0.500000 for Volts is 300.000000
ptd-server 2022-02-13 03:49:47,669 [INFO] Sending to ptd: 'SR,V,Auto'
ptd-server 2022-02-13 03:49:48,172 [INFO] Reply from ptd: 'Range V changed'
ptd-server 2022-02-13 03:49:48,172 [INFO] Sending to ptd: 'SR,A,Auto'
ptd-server 2022-02-13 03:49:48,674 [INFO] Reply from ptd: 'Range A changed'
ptd-server 2022-02-13 03:49:58,685 [INFO] Starting ranging mode
ptd-server 2022-02-13 03:49:58,685 [INFO] Sending to ptd: 'Go,1000,0,2022-02-13_03-49-30_ranging'
ptd-server 2022-02-13 03:49:58,685 [INFO] Reply from ptd: 'Starting untimed measurement, maximum 500000 samples at 1000ms with 0 rampup samples'
ptd-server 2022-02-13 03:49:58,686 [INFO] Sending reply to client 'OK'
ptd-server 2022-02-13 04:00:14,616 [INFO] Got command from the client 'session,2022-02-13_03-49-30,stop,ranging'
ptd-server 2022-02-13 04:00:24,626 [INFO] Sending to ptd: 'Stop'
ptd-server 2022-02-13 04:00:24,627 [INFO] Reply from ptd: 'Stopping untimed measurement'
ptd-server 2022-02-13 04:00:25,186 [INFO] Sending reply to client 'OK'
ptd-server 2022-02-13 04:00:25,244 [INFO] Got command from the client 'time'
ptd-server 2022-02-13 04:00:25,244 [INFO] Sending reply to client '1644724825.2443063'
ptd-server 2022-02-13 04:00:25,246 [INFO] Got command from the client 'session,2022-02-13_03-49-30,start,testing'
ptd-server 2022-02-13 04:00:25,246 [INFO] Sending to ptd: 'SR,V,251.890000'
ptd-server 2022-02-13 04:00:26,749 [INFO] Reply from ptd: 'Range V changed'
ptd-server 2022-02-13 04:00:26,749 [INFO] Sending to ptd: 'SR,A,0.144980'
ptd-server 2022-02-13 04:00:28,251 [INFO] Reply from ptd: 'Range A changed'
ptd-server 2022-02-13 04:00:38,261 [INFO] Starting testing mode
ptd-server 2022-02-13 04:00:38,261 [INFO] Sending to ptd: 'Go,1000,0,2022-02-13_03-49-30_testing'
ptd-server 2022-02-13 04:00:38,261 [INFO] Reply from ptd: 'Starting untimed measurement, maximum 500000 samples at 1000ms with 0 rampup samples'
ptd-server 2022-02-13 04:00:38,262 [INFO] Sending reply to client 'OK'
ptd-server 2022-02-13 04:10:54,121 [INFO] Got command from the client 'session,2022-02-13_03-49-30,stop,testing'
ptd-server 2022-02-13 04:11:04,131 [INFO] Sending to ptd: 'Stop'
ptd-server 2022-02-13 04:11:04,132 [INFO] Reply from ptd: 'Stopping untimed measurement'
ptd-server 2022-02-13 04:11:04,420 [INFO] Sending reply to client 'OK'
ptd-server 2022-02-13 04:11:04,438 [INFO] Got command from the client 'session,2022-02-13_03-49-30,done'
ptd-server 2022-02-13 04:11:04,438 [INFO] Sending to ptd: 'Stop'
ptd-server 2022-02-13 04:11:04,438 [INFO] Reply from ptd: 'Error: no measurement to stop'
ptd-server 2022-02-13 04:11:04,438 [INFO] Sending to ptd: 'SR,V,300.000000'
ptd-server 2022-02-13 04:11:05,940 [INFO] Reply from ptd: 'Range V changed'
ptd-server 2022-02-13 04:11:05,940 [INFO] Sending to ptd: 'SR,A,0.500000'
ptd-server 2022-02-13 04:11:07,441 [INFO] Reply from ptd: 'Range A changed'
ptd-server 2022-02-13 04:11:07,441 [INFO] Set initial values for Amps 0.500000 and Volts 300.000000
ptd-server 2022-02-13 04:11:07,442 [INFO] Stopping ptd...
