ptd-server 2022-02-24 21:18:30,659 [INFO] Got command from the client 'time'
ptd-server 2022-02-24 21:18:30,659 [INFO] Sending reply to client '1645737510.6593559'
ptd-server 2022-02-24 21:18:30,661 [INFO] Got command from the client 'new,,7d51e2d3-d3f0-4d89-99bf-11b35725d39a'
ptd-server 2022-02-24 21:18:30,662 [INFO] Sending reply to client 'OK 2022-02-24_21-18-30,d9fc6f78-9743-42ab-9cf8-cbc005faa1e2'
ptd-server 2022-02-24 21:18:30,699 [INFO] Got command from the client 'time'
ptd-server 2022-02-24 21:18:30,699 [INFO] Sending reply to client '1645737510.6992426'
ptd-server 2022-02-24 21:18:30,701 [INFO] Got command from the client 'session,2022-02-24_21-18-30,start,ranging'
ptd-server 2022-02-24 21:18:30,701 [INFO] Running PTDaemon: ['/home/anton/projects/mlperf/power/inference_v1.0/ptd-linux-x86', '-l', '/tmp/tmp0_fn53vp/ptd_logfile.txt', '-p', '8888', '49', '/dev/usbtmc0']
ptd-server 2022-02-24 21:18:47,876 [INFO] Sending to ptd: 'Hello'
ptd-server 2022-02-24 21:18:47,876 [INFO] Reply from ptd: 'Hello, PTDaemon here!'
ptd-server 2022-02-24 21:18:47,877 [INFO] Sending to ptd: 'Identify'
ptd-server 2022-02-24 21:18:47,877 [INFO] Reply from ptd: 'YokogawaWT310E,1000,1,1,1,1,0,1,1,version=1.9.2-e8c7a49a-20201208,OS=Linux 5.13.0-30-generic #33~20.04.1-Ubuntu SMP Mon Feb 7 14:25:10 UTC 2022 x86_64,mode=power,1,1,1,0,0,no_cal_date,YOKOGAWA;WT310E;C3XA04010E;F1.04'
ptd-server 2022-02-24 21:18:47,877 [INFO] Connected to PTDaemon
ptd-server 2022-02-24 21:18:47,877 [INFO] Sending to ptd: 'RR'
ptd-server 2022-02-24 21:18:47,877 [INFO] Reply from ptd: 'Ranges,0,0.500000,1,300.000000'
ptd-server 2022-02-24 21:18:47,878 [INFO] Initial range for Amps is 0.500000 for Volts is Auto
ptd-server 2022-02-24 21:18:47,878 [INFO] Sending to ptd: 'SR,V,Auto'
ptd-server 2022-02-24 21:18:48,380 [INFO] Reply from ptd: 'Range V changed'
ptd-server 2022-02-24 21:18:48,380 [INFO] Sending to ptd: 'SR,A,Auto'
ptd-server 2022-02-24 21:18:48,883 [INFO] Reply from ptd: 'Range A changed'
ptd-server 2022-02-24 21:18:58,893 [INFO] Starting ranging mode
ptd-server 2022-02-24 21:18:58,893 [INFO] Sending to ptd: 'Go,1000,0,2022-02-24_21-18-30_ranging'
ptd-server 2022-02-24 21:18:58,894 [INFO] Reply from ptd: 'Starting untimed measurement, maximum 500000 samples at 1000ms with 0 rampup samples'
ptd-server 2022-02-24 21:18:58,894 [INFO] Sending reply to client 'OK'
ptd-server 2022-02-24 21:29:21,448 [INFO] Got command from the client 'session,2022-02-24_21-18-30,stop,ranging'
ptd-server 2022-02-24 21:29:31,456 [INFO] Sending to ptd: 'Stop'
ptd-server 2022-02-24 21:29:31,456 [INFO] Reply from ptd: 'Stopping untimed measurement'
ptd-server 2022-02-24 21:29:31,613 [INFO] Sending reply to client 'OK'
ptd-server 2022-02-24 21:29:31,669 [INFO] Got command from the client 'time'
ptd-server 2022-02-24 21:29:31,669 [INFO] Sending reply to client '1645738171.6698961'
ptd-server 2022-02-24 21:29:31,671 [INFO] Got command from the client 'session,2022-02-24_21-18-30,start,testing'
ptd-server 2022-02-24 21:29:31,671 [INFO] Sending to ptd: 'SR,V,251.200000'
ptd-server 2022-02-24 21:29:33,396 [INFO] Reply from ptd: 'Range V changed'
ptd-server 2022-02-24 21:29:33,396 [INFO] Sending to ptd: 'SR,A,0.048830'
ptd-server 2022-02-24 21:29:34,897 [INFO] Reply from ptd: 'Range A changed'
ptd-server 2022-02-24 21:29:44,908 [INFO] Starting testing mode
ptd-server 2022-02-24 21:29:44,908 [INFO] Sending to ptd: 'Go,1000,0,2022-02-24_21-18-30_testing'
ptd-server 2022-02-24 21:29:44,908 [INFO] Reply from ptd: 'Starting untimed measurement, maximum 500000 samples at 1000ms with 0 rampup samples'
ptd-server 2022-02-24 21:29:44,908 [INFO] Sending reply to client 'OK'
ptd-server 2022-02-24 21:40:07,448 [INFO] Got command from the client 'session,2022-02-24_21-18-30,stop,testing'
ptd-server 2022-02-24 21:40:17,458 [INFO] Sending to ptd: 'Stop'
ptd-server 2022-02-24 21:40:17,459 [INFO] Reply from ptd: 'Stopping untimed measurement'
ptd-server 2022-02-24 21:40:17,549 [INFO] Sending reply to client 'OK'
ptd-server 2022-02-24 21:40:17,568 [INFO] Got command from the client 'session,2022-02-24_21-18-30,done'
ptd-server 2022-02-24 21:40:17,568 [INFO] Sending to ptd: 'Stop'
ptd-server 2022-02-24 21:40:17,908 [INFO] Reply from ptd: 'Error: no measurement to stop'
ptd-server 2022-02-24 21:40:17,908 [INFO] Sending to ptd: 'SR,V,Auto'
ptd-server 2022-02-24 21:40:18,411 [INFO] Reply from ptd: 'Range V changed'
ptd-server 2022-02-24 21:40:18,411 [INFO] Sending to ptd: 'SR,A,0.500000'
ptd-server 2022-02-24 21:40:19,912 [INFO] Reply from ptd: 'Range A changed'
ptd-server 2022-02-24 21:40:19,913 [INFO] Set initial values for Amps 0.500000 and Volts Auto
ptd-server 2022-02-24 21:40:19,913 [INFO] Stopping ptd...
