ptd-server 2022-02-22 01:02:48,332 [INFO] Got command from the client 'time'
ptd-server 2022-02-22 01:02:48,332 [INFO] Sending reply to client '1645491768.3323958'
ptd-server 2022-02-22 01:02:48,333 [INFO] Got command from the client 'new,,2e4f5a61-5c57-4f2f-9fb3-c55cb003079d'
ptd-server 2022-02-22 01:02:48,334 [INFO] Sending reply to client 'OK 2022-02-22_01-02-48,b1f0cf58-18e5-4880-9b80-b7d5a77a0fea'
ptd-server 2022-02-22 01:02:48,372 [INFO] Got command from the client 'time'
ptd-server 2022-02-22 01:02:48,372 [INFO] Sending reply to client '1645491768.372268'
ptd-server 2022-02-22 01:02:48,373 [INFO] Got command from the client 'session,2022-02-22_01-02-48,start,ranging'
ptd-server 2022-02-22 01:02:48,373 [INFO] Running PTDaemon: ['/home/anton/projects/mlperf/power/inference_v1.0/ptd-linux-x86', '-l', '/tmp/tmpgldyt7rr/ptd_logfile.txt', '-p', '8888', '49', '/dev/usbtmc0']
ptd-server 2022-02-22 01:03:05,547 [INFO] Sending to ptd: 'Hello'
ptd-server 2022-02-22 01:03:05,548 [INFO] Reply from ptd: 'Hello, PTDaemon here!'
ptd-server 2022-02-22 01:03:05,548 [INFO] Sending to ptd: 'Identify'
ptd-server 2022-02-22 01:03:05,548 [INFO] Reply from ptd: 'YokogawaWT310E,1000,1,1,1,1,0,1,1,version=1.9.2-e8c7a49a-20201208,OS=Linux 5.13.0-28-generic #31~20.04.1-Ubuntu SMP Wed Jan 19 14:08:10 UTC 2022 x86_64,mode=power,1,1,1,0,0,no_cal_date,YOKOGAWA;WT310E;C3XA04010E;F1.04'
ptd-server 2022-02-22 01:03:05,548 [INFO] Connected to PTDaemon
ptd-server 2022-02-22 01:03:05,548 [INFO] Sending to ptd: 'RR'
ptd-server 2022-02-22 01:03:05,549 [INFO] Reply from ptd: 'Ranges,0,0.500000,0,300.000000'
ptd-server 2022-02-22 01:03:05,549 [INFO] Initial range for Amps is 0.500000 for Volts is 300.000000
ptd-server 2022-02-22 01:03:05,549 [INFO] Sending to ptd: 'SR,V,Auto'
ptd-server 2022-02-22 01:03:06,051 [INFO] Reply from ptd: 'Range V changed'
ptd-server 2022-02-22 01:03:06,052 [INFO] Sending to ptd: 'SR,A,Auto'
ptd-server 2022-02-22 01:03:06,554 [INFO] Reply from ptd: 'Range A changed'
ptd-server 2022-02-22 01:03:16,564 [INFO] Starting ranging mode
ptd-server 2022-02-22 01:03:16,564 [INFO] Sending to ptd: 'Go,1000,0,2022-02-22_01-02-48_ranging'
ptd-server 2022-02-22 01:03:16,564 [INFO] Reply from ptd: 'Starting untimed measurement, maximum 500000 samples at 1000ms with 0 rampup samples'
ptd-server 2022-02-22 01:03:16,565 [INFO] Sending reply to client 'OK'
ptd-server 2022-02-22 01:13:53,688 [INFO] Got command from the client 'session,2022-02-22_01-02-48,stop,ranging'
ptd-server 2022-02-22 01:14:03,699 [INFO] Sending to ptd: 'Stop'
ptd-server 2022-02-22 01:14:03,699 [INFO] Reply from ptd: 'Stopping untimed measurement'
ptd-server 2022-02-22 01:14:04,361 [INFO] Sending reply to client 'OK'
ptd-server 2022-02-22 01:14:04,420 [INFO] Got command from the client 'time'
ptd-server 2022-02-22 01:14:04,421 [INFO] Sending reply to client '1645492444.421095'
ptd-server 2022-02-22 01:14:04,423 [INFO] Got command from the client 'session,2022-02-22_01-02-48,start,testing'
ptd-server 2022-02-22 01:14:04,423 [INFO] Sending to ptd: 'SR,V,249.510000'
ptd-server 2022-02-22 01:14:06,065 [INFO] Reply from ptd: 'Range V changed'
ptd-server 2022-02-22 01:14:06,066 [INFO] Sending to ptd: 'SR,A,0.049380'
ptd-server 2022-02-22 01:14:07,567 [INFO] Reply from ptd: 'Range A changed'
ptd-server 2022-02-22 01:14:17,577 [INFO] Starting testing mode
ptd-server 2022-02-22 01:14:17,578 [INFO] Sending to ptd: 'Go,1000,0,2022-02-22_01-02-48_testing'
ptd-server 2022-02-22 01:14:17,578 [INFO] Reply from ptd: 'Starting untimed measurement, maximum 500000 samples at 1000ms with 0 rampup samples'
ptd-server 2022-02-22 01:14:17,578 [INFO] Sending reply to client 'OK'
ptd-server 2022-02-22 01:24:45,089 [INFO] Got command from the client 'session,2022-02-22_01-02-48,stop,testing'
ptd-server 2022-02-22 01:24:55,096 [INFO] Sending to ptd: 'Stop'
ptd-server 2022-02-22 01:24:55,096 [INFO] Reply from ptd: 'Stopping untimed measurement'
ptd-server 2022-02-22 01:24:55,469 [INFO] Sending reply to client 'OK'
ptd-server 2022-02-22 01:24:55,487 [INFO] Got command from the client 'session,2022-02-22_01-02-48,done'
ptd-server 2022-02-22 01:24:55,487 [INFO] Sending to ptd: 'Stop'
ptd-server 2022-02-22 01:24:55,578 [INFO] Reply from ptd: 'Error: no measurement to stop'
ptd-server 2022-02-22 01:24:55,578 [INFO] Sending to ptd: 'SR,V,300.000000'
ptd-server 2022-02-22 01:24:57,080 [INFO] Reply from ptd: 'Range V changed'
ptd-server 2022-02-22 01:24:57,080 [INFO] Sending to ptd: 'SR,A,0.500000'
ptd-server 2022-02-22 01:24:58,581 [INFO] Reply from ptd: 'Range A changed'
ptd-server 2022-02-22 01:24:58,581 [INFO] Set initial values for Amps 0.500000 and Volts 300.000000
ptd-server 2022-02-22 01:24:58,581 [INFO] Stopping ptd...
