ptd-server 2022-02-24 06:04:49,572 [INFO] Got command from the client 'time'
ptd-server 2022-02-24 06:04:49,572 [INFO] Sending reply to client '1645682689.572526'
ptd-server 2022-02-24 06:04:49,574 [INFO] Got command from the client 'new,,114cb6b9-cb4a-43a6-9d05-cbf53760b8f3'
ptd-server 2022-02-24 06:04:49,574 [INFO] Sending reply to client 'OK 2022-02-24_06-04-49,3bb5efd6-7370-4998-8ef0-f90b4f19312a'
ptd-server 2022-02-24 06:04:49,607 [INFO] Got command from the client 'time'
ptd-server 2022-02-24 06:04:49,607 [INFO] Sending reply to client '1645682689.6078403'
ptd-server 2022-02-24 06:04:49,609 [INFO] Got command from the client 'session,2022-02-24_06-04-49,start,ranging'
ptd-server 2022-02-24 06:04:49,610 [INFO] Running PTDaemon: ['/home/anton/projects/mlperf/power/inference_v1.0/ptd-linux-x86', '-l', '/tmp/tmp0_fn53vp/ptd_logfile.txt', '-p', '8888', '49', '/dev/usbtmc0']
ptd-server 2022-02-24 06:05:06,784 [INFO] Sending to ptd: 'Hello'
ptd-server 2022-02-24 06:05:06,785 [INFO] Reply from ptd: 'Hello, PTDaemon here!'
ptd-server 2022-02-24 06:05:06,785 [INFO] Sending to ptd: 'Identify'
ptd-server 2022-02-24 06:05:06,785 [INFO] Reply from ptd: 'YokogawaWT310E,1000,1,1,1,1,0,1,1,version=1.9.2-e8c7a49a-20201208,OS=Linux 5.13.0-30-generic #33~20.04.1-Ubuntu SMP Mon Feb 7 14:25:10 UTC 2022 x86_64,mode=power,1,1,1,0,0,no_cal_date,YOKOGAWA;WT310E;C3XA04010E;F1.04'
ptd-server 2022-02-24 06:05:06,785 [INFO] Connected to PTDaemon
ptd-server 2022-02-24 06:05:06,785 [INFO] Sending to ptd: 'RR'
ptd-server 2022-02-24 06:05:06,786 [INFO] Reply from ptd: 'Ranges,0,0.500000,1,300.000000'
ptd-server 2022-02-24 06:05:06,786 [INFO] Initial range for Amps is 0.500000 for Volts is Auto
ptd-server 2022-02-24 06:05:06,786 [INFO] Sending to ptd: 'SR,V,Auto'
ptd-server 2022-02-24 06:05:07,288 [INFO] Reply from ptd: 'Range V changed'
ptd-server 2022-02-24 06:05:07,289 [INFO] Sending to ptd: 'SR,A,Auto'
ptd-server 2022-02-24 06:05:07,791 [INFO] Reply from ptd: 'Range A changed'
ptd-server 2022-02-24 06:05:17,801 [INFO] Starting ranging mode
ptd-server 2022-02-24 06:05:17,801 [INFO] Sending to ptd: 'Go,1000,0,2022-02-24_06-04-49_ranging'
ptd-server 2022-02-24 06:05:17,802 [INFO] Reply from ptd: 'Starting untimed measurement, maximum 500000 samples at 1000ms with 0 rampup samples'
ptd-server 2022-02-24 06:05:17,802 [INFO] Sending reply to client 'OK'
ptd-server 2022-02-24 06:15:40,461 [INFO] Got command from the client 'session,2022-02-24_06-04-49,stop,ranging'
ptd-server 2022-02-24 06:15:50,471 [INFO] Sending to ptd: 'Stop'
ptd-server 2022-02-24 06:15:50,471 [INFO] Reply from ptd: 'Stopping untimed measurement'
ptd-server 2022-02-24 06:15:50,543 [INFO] Sending reply to client 'OK'
ptd-server 2022-02-24 06:15:50,609 [INFO] Got command from the client 'time'
ptd-server 2022-02-24 06:15:50,609 [INFO] Sending reply to client '1645683350.6093113'
ptd-server 2022-02-24 06:15:50,611 [INFO] Got command from the client 'session,2022-02-24_06-04-49,start,testing'
ptd-server 2022-02-24 06:15:50,611 [INFO] Sending to ptd: 'SR,V,248.710000'
ptd-server 2022-02-24 06:15:52,304 [INFO] Reply from ptd: 'Range V changed'
ptd-server 2022-02-24 06:15:52,304 [INFO] Sending to ptd: 'SR,A,0.045470'
ptd-server 2022-02-24 06:15:53,805 [INFO] Reply from ptd: 'Range A changed'
ptd-server 2022-02-24 06:16:03,815 [INFO] Starting testing mode
ptd-server 2022-02-24 06:16:03,816 [INFO] Sending to ptd: 'Go,1000,0,2022-02-24_06-04-49_testing'
ptd-server 2022-02-24 06:16:03,816 [INFO] Reply from ptd: 'Starting untimed measurement, maximum 500000 samples at 1000ms with 0 rampup samples'
ptd-server 2022-02-24 06:16:03,816 [INFO] Sending reply to client 'OK'
ptd-server 2022-02-24 06:26:26,140 [INFO] Got command from the client 'session,2022-02-24_06-04-49,stop,testing'
ptd-server 2022-02-24 06:26:36,151 [INFO] Sending to ptd: 'Stop'
ptd-server 2022-02-24 06:26:36,151 [INFO] Reply from ptd: 'Stopping untimed measurement'
ptd-server 2022-02-24 06:26:36,187 [INFO] Sending reply to client 'OK'
ptd-server 2022-02-24 06:26:36,207 [INFO] Got command from the client 'session,2022-02-24_06-04-49,done'
ptd-server 2022-02-24 06:26:36,207 [INFO] Sending to ptd: 'Stop'
ptd-server 2022-02-24 06:26:36,817 [INFO] Reply from ptd: 'Error: no measurement to stop'
ptd-server 2022-02-24 06:26:36,817 [INFO] Sending to ptd: 'SR,V,Auto'
ptd-server 2022-02-24 06:26:37,320 [INFO] Reply from ptd: 'Range V changed'
ptd-server 2022-02-24 06:26:37,320 [INFO] Sending to ptd: 'SR,A,0.500000'
ptd-server 2022-02-24 06:26:38,821 [INFO] Reply from ptd: 'Range A changed'
ptd-server 2022-02-24 06:26:38,821 [INFO] Set initial values for Amps 0.500000 and Volts Auto
ptd-server 2022-02-24 06:26:38,822 [INFO] Stopping ptd...
