ptd-server 2022-02-22 09:37:21,933 [INFO] Got command from the client 'time'
ptd-server 2022-02-22 09:37:21,934 [INFO] Sending reply to client '1645522641.9340143'
ptd-server 2022-02-22 09:37:21,936 [INFO] Got command from the client 'new,,3e4a840e-ba65-45e8-a679-d5450df2a85f'
ptd-server 2022-02-22 09:37:21,936 [INFO] Sending reply to client 'OK 2022-02-22_09-37-21,b647a598-89b5-4702-9018-01f4ba463fe3'
ptd-server 2022-02-22 09:37:21,970 [INFO] Got command from the client 'time'
ptd-server 2022-02-22 09:37:21,971 [INFO] Sending reply to client '1645522641.9710205'
ptd-server 2022-02-22 09:37:21,973 [INFO] Got command from the client 'session,2022-02-22_09-37-21,start,ranging'
ptd-server 2022-02-22 09:37:21,973 [INFO] Running PTDaemon: ['/home/anton/projects/mlperf/power/inference_v1.0/ptd-linux-x86', '-l', '/tmp/tmpgldyt7rr/ptd_logfile.txt', '-p', '8888', '49', '/dev/usbtmc0']
ptd-server 2022-02-22 09:37:39,146 [INFO] Sending to ptd: 'Hello'
ptd-server 2022-02-22 09:37:39,146 [INFO] Reply from ptd: 'Hello, PTDaemon here!'
ptd-server 2022-02-22 09:37:39,147 [INFO] Sending to ptd: 'Identify'
ptd-server 2022-02-22 09:37:39,147 [INFO] Reply from ptd: 'YokogawaWT310E,1000,1,1,1,1,0,1,1,version=1.9.2-e8c7a49a-20201208,OS=Linux 5.13.0-28-generic #31~20.04.1-Ubuntu SMP Wed Jan 19 14:08:10 UTC 2022 x86_64,mode=power,1,1,1,0,0,no_cal_date,YOKOGAWA;WT310E;C3XA04010E;F1.04'
ptd-server 2022-02-22 09:37:39,147 [INFO] Connected to PTDaemon
ptd-server 2022-02-22 09:37:39,147 [INFO] Sending to ptd: 'RR'
ptd-server 2022-02-22 09:37:39,148 [INFO] Reply from ptd: 'Ranges,0,0.500000,0,300.000000'
ptd-server 2022-02-22 09:37:39,148 [INFO] Initial range for Amps is 0.500000 for Volts is 300.000000
ptd-server 2022-02-22 09:37:39,148 [INFO] Sending to ptd: 'SR,V,Auto'
ptd-server 2022-02-22 09:37:39,650 [INFO] Reply from ptd: 'Range V changed'
ptd-server 2022-02-22 09:37:39,651 [INFO] Sending to ptd: 'SR,A,Auto'
ptd-server 2022-02-22 09:37:40,153 [INFO] Reply from ptd: 'Range A changed'
ptd-server 2022-02-22 09:37:50,163 [INFO] Starting ranging mode
ptd-server 2022-02-22 09:37:50,164 [INFO] Sending to ptd: 'Go,1000,0,2022-02-22_09-37-21_ranging'
ptd-server 2022-02-22 09:37:50,164 [INFO] Reply from ptd: 'Starting untimed measurement, maximum 500000 samples at 1000ms with 0 rampup samples'
ptd-server 2022-02-22 09:37:50,164 [INFO] Sending reply to client 'OK'
ptd-server 2022-02-22 09:48:19,313 [INFO] Got command from the client 'session,2022-02-22_09-37-21,stop,ranging'
ptd-server 2022-02-22 09:48:29,324 [INFO] Sending to ptd: 'Stop'
ptd-server 2022-02-22 09:48:29,324 [INFO] Reply from ptd: 'Stopping untimed measurement'
ptd-server 2022-02-22 09:48:30,039 [INFO] Sending reply to client 'OK'
ptd-server 2022-02-22 09:48:30,093 [INFO] Got command from the client 'time'
ptd-server 2022-02-22 09:48:30,093 [INFO] Sending reply to client '1645523310.093906'
ptd-server 2022-02-22 09:48:30,095 [INFO] Got command from the client 'session,2022-02-22_09-37-21,start,testing'
ptd-server 2022-02-22 09:48:30,095 [INFO] Sending to ptd: 'SR,V,248.690000'
ptd-server 2022-02-22 09:48:31,666 [INFO] Reply from ptd: 'Range V changed'
ptd-server 2022-02-22 09:48:31,666 [INFO] Sending to ptd: 'SR,A,0.056430'
ptd-server 2022-02-22 09:48:33,167 [INFO] Reply from ptd: 'Range A changed'
ptd-server 2022-02-22 09:48:43,177 [INFO] Starting testing mode
ptd-server 2022-02-22 09:48:43,178 [INFO] Sending to ptd: 'Go,1000,0,2022-02-22_09-37-21_testing'
ptd-server 2022-02-22 09:48:43,178 [INFO] Reply from ptd: 'Starting untimed measurement, maximum 500000 samples at 1000ms with 0 rampup samples'
ptd-server 2022-02-22 09:48:43,178 [INFO] Sending reply to client 'OK'
ptd-server 2022-02-22 09:59:12,187 [INFO] Got command from the client 'session,2022-02-22_09-37-21,stop,testing'
ptd-server 2022-02-22 09:59:22,198 [INFO] Sending to ptd: 'Stop'
ptd-server 2022-02-22 09:59:22,198 [INFO] Reply from ptd: 'Stopping untimed measurement'
ptd-server 2022-02-22 09:59:22,567 [INFO] Sending reply to client 'OK'
ptd-server 2022-02-22 09:59:22,586 [INFO] Got command from the client 'session,2022-02-22_09-37-21,done'
ptd-server 2022-02-22 09:59:22,586 [INFO] Sending to ptd: 'Stop'
ptd-server 2022-02-22 09:59:23,179 [INFO] Reply from ptd: 'Error: no measurement to stop'
ptd-server 2022-02-22 09:59:23,179 [INFO] Sending to ptd: 'SR,V,300.000000'
ptd-server 2022-02-22 09:59:24,680 [INFO] Reply from ptd: 'Range V changed'
ptd-server 2022-02-22 09:59:24,680 [INFO] Sending to ptd: 'SR,A,0.500000'
ptd-server 2022-02-22 09:59:26,182 [INFO] Reply from ptd: 'Range A changed'
ptd-server 2022-02-22 09:59:26,182 [INFO] Set initial values for Amps 0.500000 and Volts 300.000000
ptd-server 2022-02-22 09:59:26,182 [INFO] Stopping ptd...
