ptd-server 2022-02-23 03:56:22,680 [INFO] Got command from the client 'time'
ptd-server 2022-02-23 03:56:22,680 [INFO] Sending reply to client '1645588582.6809611'
ptd-server 2022-02-23 03:56:22,683 [INFO] Got command from the client 'new,,dda9fca0-4c2d-4a1a-b6bf-2810bdf7b0c9'
ptd-server 2022-02-23 03:56:22,683 [INFO] Sending reply to client 'OK 2022-02-23_03-56-22,fe82cd84-3c7a-481d-8526-bf5108b61b5f'
ptd-server 2022-02-23 03:56:22,720 [INFO] Got command from the client 'time'
ptd-server 2022-02-23 03:56:22,720 [INFO] Sending reply to client '1645588582.7207747'
ptd-server 2022-02-23 03:56:22,722 [INFO] Got command from the client 'session,2022-02-23_03-56-22,start,ranging'
ptd-server 2022-02-23 03:56:22,722 [INFO] Running PTDaemon: ['/home/anton/projects/mlperf/power/inference_v1.0/ptd-linux-x86', '-l', '/tmp/tmpgldyt7rr/ptd_logfile.txt', '-p', '8888', '49', '/dev/usbtmc0']
ptd-server 2022-02-23 03:56:39,896 [INFO] Sending to ptd: 'Hello'
ptd-server 2022-02-23 03:56:39,897 [INFO] Reply from ptd: 'Hello, PTDaemon here!'
ptd-server 2022-02-23 03:56:39,897 [INFO] Sending to ptd: 'Identify'
ptd-server 2022-02-23 03:56:39,897 [INFO] Reply from ptd: 'YokogawaWT310E,1000,1,1,1,1,0,1,1,version=1.9.2-e8c7a49a-20201208,OS=Linux 5.13.0-28-generic #31~20.04.1-Ubuntu SMP Wed Jan 19 14:08:10 UTC 2022 x86_64,mode=power,1,1,1,0,0,no_cal_date,YOKOGAWA;WT310E;C3XA04010E;F1.04'
ptd-server 2022-02-23 03:56:39,897 [INFO] Connected to PTDaemon
ptd-server 2022-02-23 03:56:39,898 [INFO] Sending to ptd: 'RR'
ptd-server 2022-02-23 03:56:39,898 [INFO] Reply from ptd: 'Ranges,0,0.500000,0,300.000000'
ptd-server 2022-02-23 03:56:39,898 [INFO] Initial range for Amps is 0.500000 for Volts is 300.000000
ptd-server 2022-02-23 03:56:39,898 [INFO] Sending to ptd: 'SR,V,Auto'
ptd-server 2022-02-23 03:56:40,401 [INFO] Reply from ptd: 'Range V changed'
ptd-server 2022-02-23 03:56:40,401 [INFO] Sending to ptd: 'SR,A,Auto'
ptd-server 2022-02-23 03:56:40,903 [INFO] Reply from ptd: 'Range A changed'
ptd-server 2022-02-23 03:56:50,914 [INFO] Starting ranging mode
ptd-server 2022-02-23 03:56:50,914 [INFO] Sending to ptd: 'Go,1000,0,2022-02-23_03-56-22_ranging'
ptd-server 2022-02-23 03:56:50,914 [INFO] Reply from ptd: 'Starting untimed measurement, maximum 500000 samples at 1000ms with 0 rampup samples'
ptd-server 2022-02-23 03:56:50,915 [INFO] Sending reply to client 'OK'
ptd-server 2022-02-23 04:07:20,372 [INFO] Got command from the client 'session,2022-02-23_03-56-22,stop,ranging'
ptd-server 2022-02-23 04:07:30,383 [INFO] Sending to ptd: 'Stop'
ptd-server 2022-02-23 04:07:30,383 [INFO] Reply from ptd: 'Stopping untimed measurement'
ptd-server 2022-02-23 04:07:31,197 [INFO] Sending reply to client 'OK'
ptd-server 2022-02-23 04:07:31,259 [INFO] Got command from the client 'time'
ptd-server 2022-02-23 04:07:31,259 [INFO] Sending reply to client '1645589251.2596564'
ptd-server 2022-02-23 04:07:31,261 [INFO] Got command from the client 'session,2022-02-23_03-56-22,start,testing'
ptd-server 2022-02-23 04:07:31,261 [INFO] Sending to ptd: 'SR,V,250.820000'
ptd-server 2022-02-23 04:07:32,763 [INFO] Reply from ptd: 'Range V changed'
ptd-server 2022-02-23 04:07:32,763 [INFO] Sending to ptd: 'SR,A,0.051410'
ptd-server 2022-02-23 04:07:34,264 [INFO] Reply from ptd: 'Range A changed'
ptd-server 2022-02-23 04:07:44,274 [INFO] Starting testing mode
ptd-server 2022-02-23 04:07:44,275 [INFO] Sending to ptd: 'Go,1000,0,2022-02-23_03-56-22_testing'
ptd-server 2022-02-23 04:07:44,275 [INFO] Reply from ptd: 'Starting untimed measurement, maximum 500000 samples at 1000ms with 0 rampup samples'
ptd-server 2022-02-23 04:07:44,275 [INFO] Sending reply to client 'OK'
ptd-server 2022-02-23 04:18:13,640 [INFO] Got command from the client 'session,2022-02-23_03-56-22,stop,testing'
ptd-server 2022-02-23 04:18:23,650 [INFO] Sending to ptd: 'Stop'
ptd-server 2022-02-23 04:18:23,651 [INFO] Reply from ptd: 'Stopping untimed measurement'
ptd-server 2022-02-23 04:18:24,064 [INFO] Sending reply to client 'OK'
ptd-server 2022-02-23 04:18:24,084 [INFO] Got command from the client 'session,2022-02-23_03-56-22,done'
ptd-server 2022-02-23 04:18:24,084 [INFO] Sending to ptd: 'Stop'
ptd-server 2022-02-23 04:18:24,276 [INFO] Reply from ptd: 'Error: no measurement to stop'
ptd-server 2022-02-23 04:18:24,276 [INFO] Sending to ptd: 'SR,V,300.000000'
ptd-server 2022-02-23 04:18:25,778 [INFO] Reply from ptd: 'Range V changed'
ptd-server 2022-02-23 04:18:25,778 [INFO] Sending to ptd: 'SR,A,0.500000'
ptd-server 2022-02-23 04:18:27,279 [INFO] Reply from ptd: 'Range A changed'
ptd-server 2022-02-23 04:18:27,279 [INFO] Set initial values for Amps 0.500000 and Volts 300.000000
ptd-server 2022-02-23 04:18:27,279 [INFO] Stopping ptd...
