ptd-server 2022-02-17 04:01:15,718 [INFO] Got command from the client 'time'
ptd-server 2022-02-17 04:01:15,718 [INFO] Sending reply to client '1645070475.7182026'
ptd-server 2022-02-17 04:01:15,719 [INFO] Got command from the client 'new,,9074f683-3f20-43e3-8741-05213a521a51'
ptd-server 2022-02-17 04:01:15,720 [INFO] Sending reply to client 'OK 2022-02-17_04-01-15,54aec273-816e-4140-9908-4b793fc8ac3f'
ptd-server 2022-02-17 04:01:15,748 [INFO] Got command from the client 'time'
ptd-server 2022-02-17 04:01:15,748 [INFO] Sending reply to client '1645070475.7483947'
ptd-server 2022-02-17 04:01:15,750 [INFO] Got command from the client 'session,2022-02-17_04-01-15,start,ranging'
ptd-server 2022-02-17 04:01:15,750 [INFO] Running PTDaemon: ['/home/anton/projects/mlperf/power/inference_v1.0/ptd-linux-x86', '-l', '/tmp/tmpgldyt7rr/ptd_logfile.txt', '-p', '8888', '49', '/dev/usbtmc0']
ptd-server 2022-02-17 04:01:32,923 [INFO] Sending to ptd: 'Hello'
ptd-server 2022-02-17 04:01:32,924 [INFO] Reply from ptd: 'Hello, PTDaemon here!'
ptd-server 2022-02-17 04:01:32,924 [INFO] Sending to ptd: 'Identify'
ptd-server 2022-02-17 04:01:32,924 [INFO] Reply from ptd: 'YokogawaWT310E,1000,1,1,1,1,0,1,1,version=1.9.2-e8c7a49a-20201208,OS=Linux 5.13.0-28-generic #31~20.04.1-Ubuntu SMP Wed Jan 19 14:08:10 UTC 2022 x86_64,mode=power,1,1,1,0,0,no_cal_date,YOKOGAWA;WT310E;C3XA04010E;F1.04'
ptd-server 2022-02-17 04:01:32,924 [INFO] Connected to PTDaemon
ptd-server 2022-02-17 04:01:32,925 [INFO] Sending to ptd: 'RR'
ptd-server 2022-02-17 04:01:32,925 [INFO] Reply from ptd: 'Ranges,0,0.500000,0,300.000000'
ptd-server 2022-02-17 04:01:32,925 [INFO] Initial range for Amps is 0.500000 for Volts is 300.000000
ptd-server 2022-02-17 04:01:32,925 [INFO] Sending to ptd: 'SR,V,Auto'
ptd-server 2022-02-17 04:01:33,428 [INFO] Reply from ptd: 'Range V changed'
ptd-server 2022-02-17 04:01:33,428 [INFO] Sending to ptd: 'SR,A,Auto'
ptd-server 2022-02-17 04:01:33,930 [INFO] Reply from ptd: 'Range A changed'
ptd-server 2022-02-17 04:01:43,940 [INFO] Starting ranging mode
ptd-server 2022-02-17 04:01:43,941 [INFO] Sending to ptd: 'Go,1000,0,2022-02-17_04-01-15_ranging'
ptd-server 2022-02-17 04:01:43,941 [INFO] Reply from ptd: 'Starting untimed measurement, maximum 500000 samples at 1000ms with 0 rampup samples'
ptd-server 2022-02-17 04:01:43,941 [INFO] Sending reply to client 'OK'
ptd-server 2022-02-17 04:12:00,957 [INFO] Got command from the client 'session,2022-02-17_04-01-15,stop,ranging'
ptd-server 2022-02-17 04:12:10,962 [INFO] Sending to ptd: 'Stop'
ptd-server 2022-02-17 04:12:10,962 [INFO] Reply from ptd: 'Stopping untimed measurement'
ptd-server 2022-02-17 04:12:11,091 [INFO] Sending reply to client 'OK'
ptd-server 2022-02-17 04:12:11,158 [INFO] Got command from the client 'time'
ptd-server 2022-02-17 04:12:11,158 [INFO] Sending reply to client '1645071131.1586273'
ptd-server 2022-02-17 04:12:11,161 [INFO] Got command from the client 'session,2022-02-17_04-01-15,start,testing'
ptd-server 2022-02-17 04:12:11,161 [INFO] Sending to ptd: 'SR,V,250.330000'
ptd-server 2022-02-17 04:12:13,442 [INFO] Reply from ptd: 'Range V changed'
ptd-server 2022-02-17 04:12:13,443 [INFO] Sending to ptd: 'SR,A,0.048630'
ptd-server 2022-02-17 04:12:14,944 [INFO] Reply from ptd: 'Range A changed'
ptd-server 2022-02-17 04:12:24,954 [INFO] Starting testing mode
ptd-server 2022-02-17 04:12:24,954 [INFO] Sending to ptd: 'Go,1000,0,2022-02-17_04-01-15_testing'
ptd-server 2022-02-17 04:12:24,955 [INFO] Reply from ptd: 'Starting untimed measurement, maximum 500000 samples at 1000ms with 0 rampup samples'
ptd-server 2022-02-17 04:12:24,955 [INFO] Sending reply to client 'OK'
ptd-server 2022-02-17 04:22:43,111 [INFO] Got command from the client 'session,2022-02-17_04-01-15,stop,testing'
ptd-server 2022-02-17 04:22:53,122 [INFO] Sending to ptd: 'Stop'
ptd-server 2022-02-17 04:22:53,122 [INFO] Reply from ptd: 'Stopping untimed measurement'
ptd-server 2022-02-17 04:22:53,188 [INFO] Sending reply to client 'OK'
ptd-server 2022-02-17 04:22:53,219 [INFO] Got command from the client 'session,2022-02-17_04-01-15,done'
ptd-server 2022-02-17 04:22:53,219 [INFO] Sending to ptd: 'Stop'
ptd-server 2022-02-17 04:22:53,955 [INFO] Reply from ptd: 'Error: no measurement to stop'
ptd-server 2022-02-17 04:22:53,955 [INFO] Sending to ptd: 'SR,V,300.000000'
ptd-server 2022-02-17 04:22:55,457 [INFO] Reply from ptd: 'Range V changed'
ptd-server 2022-02-17 04:22:55,457 [INFO] Sending to ptd: 'SR,A,0.500000'
ptd-server 2022-02-17 04:22:56,958 [INFO] Reply from ptd: 'Range A changed'
ptd-server 2022-02-17 04:22:56,958 [INFO] Set initial values for Amps 0.500000 and Volts 300.000000
ptd-server 2022-02-17 04:22:56,958 [INFO] Stopping ptd...
