client 2022-02-24 16:58:13,321 [INFO] Sending command to the server: 'mlcommons/power client v3'
client 2022-02-24 16:58:13,322 [INFO] Got response: 'mlcommons/power server v3'
client 2022-02-24 16:58:13,322 [INFO] Sending command to the server: 'stop'
client 2022-02-24 16:58:13,323 [INFO] Got response: 'OK'
client 2022-02-24 16:58:13,323 [INFO] Synchronizing with the server and with 192.168.123.123...
client 2022-02-24 16:58:13,326 [INFO] NTP:offset = -0.000 s, delay = 0.000 s 
client 2022-02-24 16:58:13,326 [INFO] Sending command to the server: 'time'
client 2022-02-24 16:58:13,327 [INFO] Got response: '1645721893.3241262'
client 2022-02-24 16:58:13,327 [INFO] The time difference between the client and the server is within range 2.234 ms..3.111 ms
client 2022-02-24 16:58:13,327 [INFO] Sending command to the server: 'new,,ba137ebf-4e61-4e37-aa17-688918dada14'
client 2022-02-24 16:58:13,328 [INFO] Got response: 'OK 2022-02-24_16-58-13,d646899e-1c0d-4412-a074-ae61b6b2fee4'
client 2022-02-24 16:58:13,328 [INFO] Session id is '2022-02-24_16-58-13'
client 2022-02-24 16:58:13,328 [INFO] Sources: {"sources": {"__init__.py": "da39a3ee5e6b4b0d3255bfef95601890afd80709", "client.py": "33ca4f26368777ac06e01f9567b714a4b8063886", "lib/__init__.py": "da39a3ee5e6b4b0d3255bfef95601890afd80709", "lib/client.py": "4c2b78fb4849a7e5b584ef792d82aaed20b17f57", "lib/common.py": "624d0c0acc7c39aaff3674f0b99d6a09da53d1dc", "lib/external/__init__.py": "da39a3ee5e6b4b0d3255bfef95601890afd80709", "lib/external/ntplib.py": "4da8f970656505a40483206ef2b5d3dd5e81711d", "lib/server.py": "59c9fb92908260d3e9f81a895c7aa009742275e4", "lib/source_hashes.py": "60a2e02193209e8d392803326208d5466342da18", "lib/summary.py": "aa92f0a3f975eecd44d3c0cd0236342ccc9f941d", "lib/time_sync.py": "3210db56eb0ff0df57bf4293dc4d4b03fffd46f1", "server.py": "c3f90f2f7eeb4db30727556d0c815ebc89b3d28b", "tests/unit/__init__.py": "da39a3ee5e6b4b0d3255bfef95601890afd80709", "tests/unit/test_server.py": "99ae15aef722f2000ee6ed1ae1523637bf1ae42b", "tests/unit/test_source_hashes.py": "00468a2907583c593e6574a1f6b404e4651c221a"}, "modules": {"ptd_client_server.lib.client": "lib/client.py", "ptd_client_server.lib.common": "lib/common.py", "ptd_client_server.lib.external.ntplib": "lib/external/ntplib.py", "ptd_client_server.lib.source_hashes": "lib/source_hashes.py", "ptd_client_server.lib.summary": "lib/summary.py", "ptd_client_server.lib.time_sync": "lib/time_sync.py"}}
client 2022-02-24 16:58:13,328 [INFO] Running workload in ranging mode
client 2022-02-24 16:58:13,328 [INFO] Synchronizing with the server and with 192.168.123.123...
client 2022-02-24 16:58:13,329 [INFO] NTP:offset = -0.000 s, delay = 0.000 s 
client 2022-02-24 16:58:13,329 [INFO] Sending command to the server: 'time'
client 2022-02-24 16:58:13,330 [INFO] Got response: '1645721893.3241262'
client 2022-02-24 16:58:13,330 [INFO] The time difference between the client and the server is within range 5.646 ms..6.508 ms
client 2022-02-24 16:58:13,330 [INFO] Sending command to the server: 'session,2022-02-24_16-58-13,start,ranging'
client 2022-02-24 16:58:52,741 [INFO] Got response: 'OK'
client 2022-02-24 16:58:52,742 [INFO] Running the workload 'LOG_DIR=/work/build/power_logs_temp python3 code/main.py --benchmarks=bert --scenarios=server --config_ver=maxq --action="run_harness" \\\n\t\t2>&1 | tee -a /work/build/power_logs/2022.02.24-16.57.52/stdout.txt \\\n\t\t&& if [ ! -d /work/build/power_logs/2022.02.24-16.57.52/ranging_tmp ]; \\\n\t\t\tthen mkdir /work/build/power_logs/2022.02.24-16.57.52/ranging_tmp \\\n\t\t\t\t&& mv /work/build/power_logs_temp/* /work/build/power_logs/2022.02.24-16.57.52/ranging_tmp/ \\\n\t\t\t\t&& cp -v /work/build/power_logs/2022.02.24-16.57.52/ranging_tmp/*/*/*/mlperf_log_detail.txt /work/build/power_logs_temp/ \\\n\t\t\t\t&& cp -v /work/build/power_logs/2022.02.24-16.57.52/ranging_tmp/*/*/*/mlperf_log_summary.txt /work/build/power_logs_temp/; \\\n\t\t\telse mkdir /work/build/power_logs/2022.02.24-16.57.52/testing_tmp \\\n\t\t\t\t&& mv /work/build/power_logs_temp/* /work/build/power_logs/2022.02.24-16.57.52/testing_tmp/ \\\n\t\t\t\t&& cp -v /work/build/power_logs/2022.02.24-16.57.52/testing_tmp/*/*/*/mlperf_log_detail.txt /work/build/power_logs_temp/ \\\n\t\t\t\t&& cp -v /work/build/power_logs/2022.02.24-16.57.52/testing_tmp/*/*/*/mlperf_log_summary.txt /work/build/power_logs_temp/; fi'
client 2022-02-24 17:29:22,311 [INFO] Sending command to the server: 'session,2022-02-24_16-58-13,stop,ranging'
client 2022-02-24 17:29:32,377 [INFO] Got response: 'OK'
client 2022-02-24 17:29:32,385 [INFO] Copying loadgen logs from '/work/build/power_logs_temp' to '/work/build/power_logs/2022.02.24-16.57.52/2022-02-24_16-58-13/ranging'
client 2022-02-24 17:29:32,385 [INFO] Running workload in testing mode
client 2022-02-24 17:29:32,386 [INFO] Synchronizing with the server and with 192.168.123.123...
client 2022-02-24 17:29:32,387 [INFO] NTP:offset = -0.000 s, delay = 0.000 s 
client 2022-02-24 17:29:32,387 [INFO] Sending command to the server: 'time'
client 2022-02-24 17:29:32,388 [INFO] Got response: '1645723772.3087542'
client 2022-02-24 17:29:32,388 [INFO] The time difference between the client and the server is within range 78.694 ms..79.575 ms
client 2022-02-24 17:29:32,388 [INFO] Sending command to the server: 'session,2022-02-24_16-58-13,start,testing'
client 2022-02-24 17:29:54,519 [INFO] Got response: 'OK'
client 2022-02-24 17:29:54,519 [INFO] Running the workload 'LOG_DIR=/work/build/power_logs_temp python3 code/main.py --benchmarks=bert --scenarios=server --config_ver=maxq --action="run_harness" \\\n\t\t2>&1 | tee -a /work/build/power_logs/2022.02.24-16.57.52/stdout.txt \\\n\t\t&& if [ ! -d /work/build/power_logs/2022.02.24-16.57.52/ranging_tmp ]; \\\n\t\t\tthen mkdir /work/build/power_logs/2022.02.24-16.57.52/ranging_tmp \\\n\t\t\t\t&& mv /work/build/power_logs_temp/* /work/build/power_logs/2022.02.24-16.57.52/ranging_tmp/ \\\n\t\t\t\t&& cp -v /work/build/power_logs/2022.02.24-16.57.52/ranging_tmp/*/*/*/mlperf_log_detail.txt /work/build/power_logs_temp/ \\\n\t\t\t\t&& cp -v /work/build/power_logs/2022.02.24-16.57.52/ranging_tmp/*/*/*/mlperf_log_summary.txt /work/build/power_logs_temp/; \\\n\t\t\telse mkdir /work/build/power_logs/2022.02.24-16.57.52/testing_tmp \\\n\t\t\t\t&& mv /work/build/power_logs_temp/* /work/build/power_logs/2022.02.24-16.57.52/testing_tmp/ \\\n\t\t\t\t&& cp -v /work/build/power_logs/2022.02.24-16.57.52/testing_tmp/*/*/*/mlperf_log_detail.txt /work/build/power_logs_temp/ \\\n\t\t\t\t&& cp -v /work/build/power_logs/2022.02.24-16.57.52/testing_tmp/*/*/*/mlperf_log_summary.txt /work/build/power_logs_temp/; fi'
client 2022-02-24 18:00:24,293 [INFO] Sending command to the server: 'session,2022-02-24_16-58-13,stop,testing'
client 2022-02-24 18:00:34,319 [INFO] Got response: 'OK'
client 2022-02-24 18:00:34,321 [INFO] Copying loadgen logs from '/work/build/power_logs_temp' to '/work/build/power_logs/2022.02.24-16.57.52/2022-02-24_16-58-13/run_1'
client 2022-02-24 18:00:34,322 [INFO] Done runs
