ptd-server 2022-02-22 04:03:54,029 [INFO] Got command from the client 'time'
ptd-server 2022-02-22 04:03:54,029 [INFO] Sending reply to client '1645502634.0296962'
ptd-server 2022-02-22 04:03:54,031 [INFO] Got command from the client 'new,,5b1bad3d-4e8d-49a4-ad32-a0042a9c17c9'
ptd-server 2022-02-22 04:03:54,032 [INFO] Sending reply to client 'OK 2022-02-22_04-03-54,6208e69b-8698-4a67-941b-b88857ca6589'
ptd-server 2022-02-22 04:03:54,069 [INFO] Got command from the client 'time'
ptd-server 2022-02-22 04:03:54,070 [INFO] Sending reply to client '1645502634.0700703'
ptd-server 2022-02-22 04:03:54,071 [INFO] Got command from the client 'session,2022-02-22_04-03-54,start,ranging'
ptd-server 2022-02-22 04:03:54,072 [INFO] Running PTDaemon: ['/home/anton/projects/mlperf/power/inference_v1.0/ptd-linux-x86', '-l', '/tmp/tmpgldyt7rr/ptd_logfile.txt', '-p', '8888', '49', '/dev/usbtmc0']
ptd-server 2022-02-22 04:04:11,244 [INFO] Sending to ptd: 'Hello'
ptd-server 2022-02-22 04:04:11,245 [INFO] Reply from ptd: 'Hello, PTDaemon here!'
ptd-server 2022-02-22 04:04:11,245 [INFO] Sending to ptd: 'Identify'
ptd-server 2022-02-22 04:04:11,245 [INFO] Reply from ptd: 'YokogawaWT310E,1000,1,1,1,1,0,1,1,version=1.9.2-e8c7a49a-20201208,OS=Linux 5.13.0-28-generic #31~20.04.1-Ubuntu SMP Wed Jan 19 14:08:10 UTC 2022 x86_64,mode=power,1,1,1,0,0,no_cal_date,YOKOGAWA;WT310E;C3XA04010E;F1.04'
ptd-server 2022-02-22 04:04:11,245 [INFO] Connected to PTDaemon
ptd-server 2022-02-22 04:04:11,245 [INFO] Sending to ptd: 'RR'
ptd-server 2022-02-22 04:04:11,246 [INFO] Reply from ptd: 'Ranges,0,0.500000,0,300.000000'
ptd-server 2022-02-22 04:04:11,246 [INFO] Initial range for Amps is 0.500000 for Volts is 300.000000
ptd-server 2022-02-22 04:04:11,246 [INFO] Sending to ptd: 'SR,V,Auto'
ptd-server 2022-02-22 04:04:11,748 [INFO] Reply from ptd: 'Range V changed'
ptd-server 2022-02-22 04:04:11,748 [INFO] Sending to ptd: 'SR,A,Auto'
ptd-server 2022-02-22 04:04:12,251 [INFO] Reply from ptd: 'Range A changed'
ptd-server 2022-02-22 04:04:22,261 [INFO] Starting ranging mode
ptd-server 2022-02-22 04:04:22,261 [INFO] Sending to ptd: 'Go,1000,0,2022-02-22_04-03-54_ranging'
ptd-server 2022-02-22 04:04:22,262 [INFO] Reply from ptd: 'Starting untimed measurement, maximum 500000 samples at 1000ms with 0 rampup samples'
ptd-server 2022-02-22 04:04:22,262 [INFO] Sending reply to client 'OK'
ptd-server 2022-02-22 04:14:54,946 [INFO] Got command from the client 'session,2022-02-22_04-03-54,stop,ranging'
ptd-server 2022-02-22 04:15:04,957 [INFO] Sending to ptd: 'Stop'
ptd-server 2022-02-22 04:15:04,957 [INFO] Reply from ptd: 'Stopping untimed measurement'
ptd-server 2022-02-22 04:15:05,640 [INFO] Sending reply to client 'OK'
ptd-server 2022-02-22 04:15:05,698 [INFO] Got command from the client 'time'
ptd-server 2022-02-22 04:15:05,698 [INFO] Sending reply to client '1645503305.698762'
ptd-server 2022-02-22 04:15:05,700 [INFO] Got command from the client 'session,2022-02-22_04-03-54,start,testing'
ptd-server 2022-02-22 04:15:05,700 [INFO] Sending to ptd: 'SR,V,249.410000'
ptd-server 2022-02-22 04:15:07,202 [INFO] Reply from ptd: 'Range V changed'
ptd-server 2022-02-22 04:15:07,202 [INFO] Sending to ptd: 'SR,A,0.050690'
ptd-server 2022-02-22 04:15:08,703 [INFO] Reply from ptd: 'Range A changed'
ptd-server 2022-02-22 04:15:18,713 [INFO] Starting testing mode
ptd-server 2022-02-22 04:15:18,714 [INFO] Sending to ptd: 'Go,1000,0,2022-02-22_04-03-54_testing'
ptd-server 2022-02-22 04:15:18,714 [INFO] Reply from ptd: 'Starting untimed measurement, maximum 500000 samples at 1000ms with 0 rampup samples'
ptd-server 2022-02-22 04:15:18,714 [INFO] Sending reply to client 'OK'
ptd-server 2022-02-22 04:25:47,268 [INFO] Got command from the client 'session,2022-02-22_04-03-54,stop,testing'
ptd-server 2022-02-22 04:25:57,278 [INFO] Sending to ptd: 'Stop'
ptd-server 2022-02-22 04:25:57,279 [INFO] Reply from ptd: 'Stopping untimed measurement'
ptd-server 2022-02-22 04:25:57,626 [INFO] Sending reply to client 'OK'
ptd-server 2022-02-22 04:25:57,644 [INFO] Got command from the client 'session,2022-02-22_04-03-54,done'
ptd-server 2022-02-22 04:25:57,644 [INFO] Sending to ptd: 'Stop'
ptd-server 2022-02-22 04:25:57,715 [INFO] Reply from ptd: 'Error: no measurement to stop'
ptd-server 2022-02-22 04:25:57,715 [INFO] Sending to ptd: 'SR,V,300.000000'
ptd-server 2022-02-22 04:25:59,216 [INFO] Reply from ptd: 'Range V changed'
ptd-server 2022-02-22 04:25:59,216 [INFO] Sending to ptd: 'SR,A,0.500000'
ptd-server 2022-02-22 04:26:00,717 [INFO] Reply from ptd: 'Range A changed'
ptd-server 2022-02-22 04:26:00,718 [INFO] Set initial values for Amps 0.500000 and Volts 300.000000
ptd-server 2022-02-22 04:26:00,718 [INFO] Stopping ptd...
