client 2022-02-22 14:52:05,196 [INFO] Sending command to the server: 'mlcommons/power client v3'
client 2022-02-22 14:52:05,197 [INFO] Got response: 'mlcommons/power server v3'
client 2022-02-22 14:52:05,197 [INFO] Sending command to the server: 'stop'
client 2022-02-22 14:52:05,198 [INFO] Got response: 'OK'
client 2022-02-22 14:52:05,198 [INFO] Synchronizing with the server and with ntp.aliyun.com...
client 2022-02-22 14:52:05,315 [INFO] NTP:offset = 0.046 s, delay = 0.021 s 
client 2022-02-22 14:52:05,315 [INFO] Sending command to the server: 'time'
client 2022-02-22 14:52:05,316 [INFO] Got response: '1645541525.280886'
client 2022-02-22 14:52:05,316 [INFO] The time difference between the client and the server is within range 34.327 ms..35.842 ms
client 2022-02-22 14:52:05,316 [INFO] Sending command to the server: 'new,,4c52475f-acc8-4387-bf49-542c20e57954'
client 2022-02-22 14:52:05,319 [INFO] Got response: 'OK 2022-02-22_14-52-05,2add8978-d53d-49e5-960c-9f645e2509f0'
client 2022-02-22 14:52:05,319 [INFO] Session id is '2022-02-22_14-52-05'
client 2022-02-22 14:52:05,319 [INFO] Sources: {"sources": {"__init__.py": "da39a3ee5e6b4b0d3255bfef95601890afd80709", "client.py": "33ca4f26368777ac06e01f9567b714a4b8063886", "lib/__init__.py": "da39a3ee5e6b4b0d3255bfef95601890afd80709", "lib/client.py": "4c2b78fb4849a7e5b584ef792d82aaed20b17f57", "lib/common.py": "624d0c0acc7c39aaff3674f0b99d6a09da53d1dc", "lib/external/__init__.py": "da39a3ee5e6b4b0d3255bfef95601890afd80709", "lib/external/ntplib.py": "4da8f970656505a40483206ef2b5d3dd5e81711d", "lib/server.py": "59c9fb92908260d3e9f81a895c7aa009742275e4", "lib/source_hashes.py": "60a2e02193209e8d392803326208d5466342da18", "lib/summary.py": "aa92f0a3f975eecd44d3c0cd0236342ccc9f941d", "lib/time_sync.py": "3210db56eb0ff0df57bf4293dc4d4b03fffd46f1", "server.py": "c3f90f2f7eeb4db30727556d0c815ebc89b3d28b", "tests/unit/__init__.py": "da39a3ee5e6b4b0d3255bfef95601890afd80709", "tests/unit/test_server.py": "99ae15aef722f2000ee6ed1ae1523637bf1ae42b", "tests/unit/test_source_hashes.py": "00468a2907583c593e6574a1f6b404e4651c221a"}, "modules": {"ptd_client_server.lib.client": "lib/client.py", "ptd_client_server.lib.common": "lib/common.py", "ptd_client_server.lib.external.ntplib": "lib/external/ntplib.py", "ptd_client_server.lib.source_hashes": "lib/source_hashes.py", "ptd_client_server.lib.summary": "lib/summary.py", "ptd_client_server.lib.time_sync": "lib/time_sync.py"}}
client 2022-02-22 14:52:05,319 [INFO] Running workload in ranging mode
client 2022-02-22 14:52:05,319 [INFO] Synchronizing with the server and with ntp.aliyun.com...
client 2022-02-22 14:52:05,469 [INFO] NTP:offset = 0.048 s, delay = 0.024 s 
client 2022-02-22 14:52:05,469 [INFO] Sending command to the server: 'time'
client 2022-02-22 14:52:05,470 [INFO] Got response: '1645541525.4344523'
client 2022-02-22 14:52:05,470 [INFO] The time difference between the client and the server is within range 34.701 ms..36.276 ms
client 2022-02-22 14:52:05,470 [INFO] Sending command to the server: 'session,2022-02-22_14-52-05,start,ranging'
client 2022-02-22 14:52:35,974 [INFO] Got response: 'OK'
client 2022-02-22 14:52:35,975 [INFO] Running the workload 'LOG_DIR=/work/build/power_logs_temp python3 code/main.py --benchmarks=resnet50 --scenarios=MultiStream --test_mode=PerformanceOnly --config_ver=maxq --action="run_harness" \\\n\t\t2>&1 | tee -a /work/build/power_logs/2022.02.22-14.51.55/stdout.txt \\\n\t\t&& if [ ! -d /work/build/power_logs/2022.02.22-14.51.55/ranging_tmp ]; \\\n\t\t\tthen mkdir /work/build/power_logs/2022.02.22-14.51.55/ranging_tmp \\\n\t\t\t\t&& mv /work/build/power_logs_temp/* /work/build/power_logs/2022.02.22-14.51.55/ranging_tmp/ \\\n\t\t\t\t&& cp -v /work/build/power_logs/2022.02.22-14.51.55/ranging_tmp/*/*/*/mlperf_log_detail.txt /work/build/power_logs_temp/ \\\n\t\t\t\t&& cp -v /work/build/power_logs/2022.02.22-14.51.55/ranging_tmp/*/*/*/mlperf_log_summary.txt /work/build/power_logs_temp/; \\\n\t\t\telse mkdir /work/build/power_logs/2022.02.22-14.51.55/testing_tmp \\\n\t\t\t\t&& mv /work/build/power_logs_temp/* /work/build/power_logs/2022.02.22-14.51.55/testing_tmp/ \\\n\t\t\t\t&& cp -v /work/build/power_logs/2022.02.22-14.51.55/testing_tmp/*/*/*/mlperf_log_detail.txt /work/build/power_logs_temp/ \\\n\t\t\t\t&& cp -v /work/build/power_logs/2022.02.22-14.51.55/testing_tmp/*/*/*/mlperf_log_summary.txt /work/build/power_logs_temp/; fi'
client 2022-02-22 15:02:53,363 [INFO] Sending command to the server: 'session,2022-02-22_14-52-05,stop,ranging'
client 2022-02-22 15:03:03,400 [INFO] Got response: 'OK'
client 2022-02-22 15:03:03,409 [INFO] Copying loadgen logs from '/work/build/power_logs_temp' to '/work/build/power_logs/2022.02.22-14.51.55/2022-02-22_14-52-05/ranging'
client 2022-02-22 15:03:03,410 [INFO] Running workload in testing mode
client 2022-02-22 15:03:03,410 [INFO] Synchronizing with the server and with ntp.aliyun.com...
client 2022-02-22 15:03:03,516 [INFO] NTP:offset = 0.048 s, delay = 0.023 s 
client 2022-02-22 15:03:03,516 [INFO] Sending command to the server: 'time'
client 2022-02-22 15:03:03,518 [INFO] Got response: '1645542183.4787655'
client 2022-02-22 15:03:03,518 [INFO] The time difference between the client and the server is within range 37.941 ms..40.076 ms
client 2022-02-22 15:03:03,518 [INFO] Sending command to the server: 'session,2022-02-22_14-52-05,start,testing'
client 2022-02-22 15:03:17,170 [INFO] Got response: 'OK'
client 2022-02-22 15:03:17,171 [INFO] Running the workload 'LOG_DIR=/work/build/power_logs_temp python3 code/main.py --benchmarks=resnet50 --scenarios=MultiStream --test_mode=PerformanceOnly --config_ver=maxq --action="run_harness" \\\n\t\t2>&1 | tee -a /work/build/power_logs/2022.02.22-14.51.55/stdout.txt \\\n\t\t&& if [ ! -d /work/build/power_logs/2022.02.22-14.51.55/ranging_tmp ]; \\\n\t\t\tthen mkdir /work/build/power_logs/2022.02.22-14.51.55/ranging_tmp \\\n\t\t\t\t&& mv /work/build/power_logs_temp/* /work/build/power_logs/2022.02.22-14.51.55/ranging_tmp/ \\\n\t\t\t\t&& cp -v /work/build/power_logs/2022.02.22-14.51.55/ranging_tmp/*/*/*/mlperf_log_detail.txt /work/build/power_logs_temp/ \\\n\t\t\t\t&& cp -v /work/build/power_logs/2022.02.22-14.51.55/ranging_tmp/*/*/*/mlperf_log_summary.txt /work/build/power_logs_temp/; \\\n\t\t\telse mkdir /work/build/power_logs/2022.02.22-14.51.55/testing_tmp \\\n\t\t\t\t&& mv /work/build/power_logs_temp/* /work/build/power_logs/2022.02.22-14.51.55/testing_tmp/ \\\n\t\t\t\t&& cp -v /work/build/power_logs/2022.02.22-14.51.55/testing_tmp/*/*/*/mlperf_log_detail.txt /work/build/power_logs_temp/ \\\n\t\t\t\t&& cp -v /work/build/power_logs/2022.02.22-14.51.55/testing_tmp/*/*/*/mlperf_log_summary.txt /work/build/power_logs_temp/; fi'
client 2022-02-22 15:13:34,598 [INFO] Sending command to the server: 'session,2022-02-22_14-52-05,stop,testing'
client 2022-02-22 15:13:44,626 [INFO] Got response: 'OK'
client 2022-02-22 15:13:44,628 [INFO] Copying loadgen logs from '/work/build/power_logs_temp' to '/work/build/power_logs/2022.02.22-14.51.55/2022-02-22_14-52-05/run_1'
client 2022-02-22 15:13:44,629 [INFO] Done runs
