ptd-server 2022-02-22 14:52:05,162 [INFO] Got command from the client 'stop'
ptd-server 2022-02-22 14:52:05,162 [INFO] The server will be stopped after processing this client
ptd-server 2022-02-22 14:52:05,162 [INFO] Sending reply to client 'OK'
ptd-server 2022-02-22 14:52:05,280 [INFO] Got command from the client 'time'
ptd-server 2022-02-22 14:52:05,280 [INFO] Sending reply to client '1645541525.280886'
ptd-server 2022-02-22 14:52:05,282 [INFO] Got command from the client 'new,,4c52475f-acc8-4387-bf49-542c20e57954'
ptd-server 2022-02-22 14:52:05,282 [INFO] Sending reply to client 'OK 2022-02-22_14-52-05,2add8978-d53d-49e5-960c-9f645e2509f0'
ptd-server 2022-02-22 14:52:05,434 [INFO] Got command from the client 'time'
ptd-server 2022-02-22 14:52:05,434 [INFO] Sending reply to client '1645541525.4344523'
ptd-server 2022-02-22 14:52:05,435 [INFO] Got command from the client 'session,2022-02-22_14-52-05,start,ranging'
ptd-server 2022-02-22 14:52:05,538 [INFO] Running PTDaemon: ['C:\\PTD\\ptd-windows-x86.exe', '-l', 'C:\\Users\\mlperf\\AppData\\Local\\Temp\\tmps3raktot\\ptd_logfile.txt', '-p', '8888', '49', 'COM4']
ptd-server 2022-02-22 14:52:24,779 [INFO] Sending to ptd: 'Hello'
ptd-server 2022-02-22 14:52:24,784 [INFO] Reply from ptd: 'Hello, PTDaemon here!'
ptd-server 2022-02-22 14:52:24,784 [INFO] Sending to ptd: 'Identify'
ptd-server 2022-02-22 14:52:24,785 [INFO] Reply from ptd: 'YokogawaWT310E,1000,1,1,1,1,0,1,1,version=1.9.2-3976349f-20201208,OS=Windows 8 / Server 2012,mode=power,1,1,1,0,0,no_cal_date,YOKOGAWA;WT310E;C3TA11005E;F1.02'
ptd-server 2022-02-22 14:52:24,786 [INFO] Connected to PTDaemon
ptd-server 2022-02-22 14:52:24,786 [INFO] Sending to ptd: 'RR'
ptd-server 2022-02-22 14:52:24,786 [INFO] Reply from ptd: 'Ranges,0,10.000000,0,300.000000'
ptd-server 2022-02-22 14:52:24,787 [INFO] Initial range for Amps is 10.000000 for Volts is 300.000000
ptd-server 2022-02-22 14:52:24,787 [INFO] Sending to ptd: 'SR,V,Auto'
ptd-server 2022-02-22 14:52:25,357 [INFO] Reply from ptd: 'Range V changed'
ptd-server 2022-02-22 14:52:25,358 [INFO] Sending to ptd: 'SR,A,Auto'
ptd-server 2022-02-22 14:52:25,928 [INFO] Reply from ptd: 'Range A changed'
ptd-server 2022-02-22 14:52:35,931 [INFO] Starting ranging mode
ptd-server 2022-02-22 14:52:35,936 [INFO] Sending to ptd: 'Go,1000,0,2022-02-22_14-52-05_ranging'
ptd-server 2022-02-22 14:52:35,936 [INFO] Reply from ptd: 'Starting untimed measurement, maximum 500000 samples at 1000ms with 0 rampup samples'
ptd-server 2022-02-22 14:52:35,937 [INFO] Sending reply to client 'OK'
ptd-server 2022-02-22 15:02:53,326 [INFO] Got command from the client 'session,2022-02-22_14-52-05,stop,ranging'
ptd-server 2022-02-22 15:03:03,340 [INFO] Sending to ptd: 'Stop'
ptd-server 2022-02-22 15:03:03,345 [INFO] Reply from ptd: 'Stopping untimed measurement'
ptd-server 2022-02-22 15:03:03,360 [INFO] Sending reply to client 'OK'
ptd-server 2022-02-22 15:03:03,478 [INFO] Got command from the client 'time'
ptd-server 2022-02-22 15:03:03,478 [INFO] Sending reply to client '1645542183.4787655'
ptd-server 2022-02-22 15:03:03,481 [INFO] Got command from the client 'session,2022-02-22_14-52-05,start,testing'
ptd-server 2022-02-22 15:03:03,481 [INFO] Sending to ptd: 'SR,V,224.950000'
ptd-server 2022-02-22 15:03:05,529 [INFO] Reply from ptd: 'Range V changed'
ptd-server 2022-02-22 15:03:05,530 [INFO] Sending to ptd: 'SR,A,2.426000'
ptd-server 2022-02-22 15:03:07,110 [INFO] Reply from ptd: 'Range A changed'
ptd-server 2022-02-22 15:03:17,124 [INFO] Starting testing mode
ptd-server 2022-02-22 15:03:17,129 [INFO] Sending to ptd: 'Go,1000,0,2022-02-22_14-52-05_testing'
ptd-server 2022-02-22 15:03:17,130 [INFO] Reply from ptd: 'Starting untimed measurement, maximum 500000 samples at 1000ms with 0 rampup samples'
ptd-server 2022-02-22 15:03:17,130 [INFO] Sending reply to client 'OK'
ptd-server 2022-02-22 15:13:34,557 [INFO] Got command from the client 'session,2022-02-22_14-52-05,stop,testing'
ptd-server 2022-02-22 15:13:44,572 [INFO] Sending to ptd: 'Stop'
ptd-server 2022-02-22 15:13:44,572 [INFO] Reply from ptd: 'Stopping untimed measurement'
ptd-server 2022-02-22 15:13:44,583 [INFO] Sending reply to client 'OK'
ptd-server 2022-02-22 15:13:44,591 [INFO] Got command from the client 'session,2022-02-22_14-52-05,done'
ptd-server 2022-02-22 15:13:44,591 [INFO] Sending to ptd: 'Stop'
ptd-server 2022-02-22 15:13:45,148 [INFO] Reply from ptd: 'Error: no measurement to stop'
ptd-server 2022-02-22 15:13:45,149 [INFO] Sending to ptd: 'SR,V,300.000000'
ptd-server 2022-02-22 15:13:46,737 [INFO] Reply from ptd: 'Range V changed'
ptd-server 2022-02-22 15:13:46,738 [INFO] Sending to ptd: 'SR,A,10.000000'
ptd-server 2022-02-22 15:13:48,325 [INFO] Reply from ptd: 'Range A changed'
ptd-server 2022-02-22 15:13:48,325 [INFO] Set initial values for Amps 10.000000 and Volts 300.000000
ptd-server 2022-02-22 15:13:48,327 [INFO] Stopping ptd...
