ptd-server 2022-02-20 22:42:54,688 [INFO] Got command from the client 'stop'
ptd-server 2022-02-20 22:42:54,688 [INFO] The server will be stopped after processing this client
ptd-server 2022-02-20 22:42:54,688 [INFO] Sending reply to client 'OK'
ptd-server 2022-02-20 22:42:54,917 [INFO] Got command from the client 'time'
ptd-server 2022-02-20 22:42:54,917 [INFO] Sending reply to client '1645425774.9174323'
ptd-server 2022-02-20 22:42:54,917 [INFO] Got command from the client 'new,,6bf8a91f-f2f1-4302-a9d3-337888a6be1d'
ptd-server 2022-02-20 22:42:54,917 [INFO] Sending reply to client 'OK 2022-02-20_22-42-54,0d7d1dab-3a4c-4012-b9c6-f67b4517ea75'
ptd-server 2022-02-20 22:42:55,120 [INFO] Got command from the client 'time'
ptd-server 2022-02-20 22:42:55,120 [INFO] Sending reply to client '1645425775.1205144'
ptd-server 2022-02-20 22:42:55,136 [INFO] Got command from the client 'session,2022-02-20_22-42-54,start,ranging'
ptd-server 2022-02-20 22:42:55,245 [INFO] Running PTDaemon: ['C:\\PTD\\ptd-windows-x86.exe', '-l', 'C:\\Users\\lab\\AppData\\Local\\Temp\\tmptgfc5njw\\ptd_logfile.txt', '-p', '8888', '-c', '2', '-y', '52', '10.32.209.65']
ptd-server 2022-02-20 22:43:12,850 [INFO] Sending to ptd: 'Hello'
ptd-server 2022-02-20 22:43:12,850 [INFO] Reply from ptd: 'Hello, PTDaemon here!'
ptd-server 2022-02-20 22:43:12,850 [INFO] Sending to ptd: 'Identify'
ptd-server 2022-02-20 22:43:12,850 [INFO] Reply from ptd: 'YokogawaWT330E,1000,1,1,1,1,0,0,1,version=1.9.2-3976349f-20201208,OS=Windows 8 / Server 2012,mode=power,1,1,1,0,0,no_cal_date,YOKOGAWA;WT333E;C2XL24034V;F1.04'
ptd-server 2022-02-20 22:43:12,850 [INFO] Connected to PTDaemon
ptd-server 2022-02-20 22:43:12,850 [INFO] Sending to ptd: 'RR'
ptd-server 2022-02-20 22:43:12,850 [INFO] Reply from ptd: 'Ranges,1,1.000000,1,150.000000'
ptd-server 2022-02-20 22:43:12,850 [INFO] Initial range for Amps is Auto for Volts is Auto
ptd-server 2022-02-20 22:43:12,850 [INFO] Sending to ptd: 'SR,V,Auto'
ptd-server 2022-02-20 22:43:13,360 [INFO] Reply from ptd: 'Range V changed'
ptd-server 2022-02-20 22:43:13,360 [INFO] Sending to ptd: 'SR,A,Auto'
ptd-server 2022-02-20 22:43:13,875 [INFO] Reply from ptd: 'Range A changed'
ptd-server 2022-02-20 22:43:23,891 [INFO] Starting ranging mode
ptd-server 2022-02-20 22:43:23,891 [INFO] Sending to ptd: 'Go,1000,0,2022-02-20_22-42-54_ranging'
ptd-server 2022-02-20 22:43:23,891 [INFO] Reply from ptd: 'Starting untimed measurement, maximum 500000 samples at 1000ms with 0 rampup samples'
ptd-server 2022-02-20 22:43:23,891 [INFO] Sending reply to client 'OK'
ptd-server 2022-02-20 22:55:03,208 [INFO] Got command from the client 'session,2022-02-20_22-42-54,stop,ranging'
ptd-server 2022-02-20 22:55:13,215 [INFO] Sending to ptd: 'Stop'
ptd-server 2022-02-20 22:55:13,215 [INFO] Reply from ptd: 'Stopping untimed measurement'
ptd-server 2022-02-20 22:55:13,246 [INFO] Sending reply to client 'OK'
ptd-server 2022-02-20 22:55:13,673 [INFO] Got command from the client 'time'
ptd-server 2022-02-20 22:55:13,673 [INFO] Sending reply to client '1645426513.6732934'
ptd-server 2022-02-20 22:55:13,673 [INFO] Got command from the client 'session,2022-02-20_22-42-54,start,testing'
ptd-server 2022-02-20 22:55:13,673 [INFO] Sending to ptd: 'SR,V,121.660000'
ptd-server 2022-02-20 22:55:15,423 [INFO] Reply from ptd: 'Range V changed'
ptd-server 2022-02-20 22:55:15,423 [INFO] Sending to ptd: 'SR,A,0.708200'
ptd-server 2022-02-20 22:55:16,943 [INFO] Reply from ptd: 'Range A changed'
ptd-server 2022-02-20 22:55:26,953 [INFO] Starting testing mode
ptd-server 2022-02-20 22:55:26,953 [INFO] Sending to ptd: 'Go,1000,0,2022-02-20_22-42-54_testing'
ptd-server 2022-02-20 22:55:26,953 [INFO] Reply from ptd: 'Starting untimed measurement, maximum 500000 samples at 1000ms with 0 rampup samples'
ptd-server 2022-02-20 22:55:26,953 [INFO] Sending reply to client 'OK'
ptd-server 2022-02-20 23:07:07,549 [INFO] Got command from the client 'session,2022-02-20_22-42-54,stop,testing'
ptd-server 2022-02-20 23:07:17,560 [INFO] Sending to ptd: 'Stop'
ptd-server 2022-02-20 23:07:17,560 [INFO] Reply from ptd: 'Stopping untimed measurement'
ptd-server 2022-02-20 23:07:17,576 [INFO] Sending reply to client 'OK'
ptd-server 2022-02-20 23:07:17,654 [INFO] Got command from the client 'session,2022-02-20_22-42-54,done'
ptd-server 2022-02-20 23:07:17,654 [INFO] Sending to ptd: 'Stop'
ptd-server 2022-02-20 23:07:17,967 [INFO] Reply from ptd: 'Error: no measurement to stop'
ptd-server 2022-02-20 23:07:17,967 [INFO] Sending to ptd: 'SR,V,Auto'
ptd-server 2022-02-20 23:07:18,482 [INFO] Reply from ptd: 'Range V changed'
ptd-server 2022-02-20 23:07:18,482 [INFO] Sending to ptd: 'SR,A,Auto'
ptd-server 2022-02-20 23:07:19,001 [INFO] Reply from ptd: 'Range A changed'
ptd-server 2022-02-20 23:07:19,001 [INFO] Set initial values for Amps Auto and Volts Auto
ptd-server 2022-02-20 23:07:19,001 [INFO] Stopping ptd...
