ptd-server 2022-02-23 13:41:36,076 [INFO] Got command from the client 'time'
ptd-server 2022-02-23 13:41:36,076 [INFO] Sending reply to client '1645623696.076434'
ptd-server 2022-02-23 13:41:36,078 [INFO] Got command from the client 'new,,1ae1f4d2-055b-4e1c-80ca-cc44508fc18d'
ptd-server 2022-02-23 13:41:36,078 [INFO] Sending reply to client 'OK 2022-02-23_13-41-36,4c550e47-0c81-418a-9bbf-63b8b76e2026'
ptd-server 2022-02-23 13:41:36,114 [INFO] Got command from the client 'time'
ptd-server 2022-02-23 13:41:36,114 [INFO] Sending reply to client '1645623696.1143296'
ptd-server 2022-02-23 13:41:36,116 [INFO] Got command from the client 'session,2022-02-23_13-41-36,start,ranging'
ptd-server 2022-02-23 13:41:36,116 [INFO] Running PTDaemon: ['/home/anton/projects/mlperf/power/inference_v1.0/ptd-linux-x86', '-l', '/tmp/tmpgldyt7rr/ptd_logfile.txt', '-p', '8888', '49', '/dev/usbtmc0']
ptd-server 2022-02-23 13:41:53,289 [INFO] Sending to ptd: 'Hello'
ptd-server 2022-02-23 13:41:53,289 [INFO] Reply from ptd: 'Hello, PTDaemon here!'
ptd-server 2022-02-23 13:41:53,289 [INFO] Sending to ptd: 'Identify'
ptd-server 2022-02-23 13:41:53,290 [INFO] Reply from ptd: 'YokogawaWT310E,1000,1,1,1,1,0,1,1,version=1.9.2-e8c7a49a-20201208,OS=Linux 5.13.0-28-generic #31~20.04.1-Ubuntu SMP Wed Jan 19 14:08:10 UTC 2022 x86_64,mode=power,1,1,1,0,0,no_cal_date,YOKOGAWA;WT310E;C3XA04010E;F1.04'
ptd-server 2022-02-23 13:41:53,290 [INFO] Connected to PTDaemon
ptd-server 2022-02-23 13:41:53,290 [INFO] Sending to ptd: 'RR'
ptd-server 2022-02-23 13:41:53,290 [INFO] Reply from ptd: 'Ranges,0,0.500000,0,300.000000'
ptd-server 2022-02-23 13:41:53,290 [INFO] Initial range for Amps is 0.500000 for Volts is 300.000000
ptd-server 2022-02-23 13:41:53,290 [INFO] Sending to ptd: 'SR,V,Auto'
ptd-server 2022-02-23 13:41:53,793 [INFO] Reply from ptd: 'Range V changed'
ptd-server 2022-02-23 13:41:53,793 [INFO] Sending to ptd: 'SR,A,Auto'
ptd-server 2022-02-23 13:41:54,296 [INFO] Reply from ptd: 'Range A changed'
ptd-server 2022-02-23 13:42:04,304 [INFO] Starting ranging mode
ptd-server 2022-02-23 13:42:04,304 [INFO] Sending to ptd: 'Go,1000,0,2022-02-23_13-41-36_ranging'
ptd-server 2022-02-23 13:42:04,304 [INFO] Reply from ptd: 'Starting untimed measurement, maximum 500000 samples at 1000ms with 0 rampup samples'
ptd-server 2022-02-23 13:42:04,305 [INFO] Sending reply to client 'OK'
ptd-server 2022-02-23 13:52:27,004 [INFO] Got command from the client 'session,2022-02-23_13-41-36,stop,ranging'
ptd-server 2022-02-23 13:52:37,014 [INFO] Sending to ptd: 'Stop'
ptd-server 2022-02-23 13:52:37,014 [INFO] Reply from ptd: 'Stopping untimed measurement'
ptd-server 2022-02-23 13:52:37,870 [INFO] Sending reply to client 'OK'
ptd-server 2022-02-23 13:52:37,929 [INFO] Got command from the client 'time'
ptd-server 2022-02-23 13:52:37,929 [INFO] Sending reply to client '1645624357.9299457'
ptd-server 2022-02-23 13:52:37,931 [INFO] Got command from the client 'session,2022-02-23_13-41-36,start,testing'
ptd-server 2022-02-23 13:52:37,931 [INFO] Sending to ptd: 'SR,V,250.000000'
ptd-server 2022-02-23 13:52:39,432 [INFO] Reply from ptd: 'Range V changed'
ptd-server 2022-02-23 13:52:39,433 [INFO] Sending to ptd: 'SR,A,0.045980'
ptd-server 2022-02-23 13:52:40,934 [INFO] Reply from ptd: 'Range A changed'
ptd-server 2022-02-23 13:52:50,944 [INFO] Starting testing mode
ptd-server 2022-02-23 13:52:50,945 [INFO] Sending to ptd: 'Go,1000,0,2022-02-23_13-41-36_testing'
ptd-server 2022-02-23 13:52:50,945 [INFO] Reply from ptd: 'Starting untimed measurement, maximum 500000 samples at 1000ms with 0 rampup samples'
ptd-server 2022-02-23 13:52:50,945 [INFO] Sending reply to client 'OK'
ptd-server 2022-02-23 14:03:13,574 [INFO] Got command from the client 'session,2022-02-23_13-41-36,stop,testing'
ptd-server 2022-02-23 14:03:23,584 [INFO] Sending to ptd: 'Stop'
ptd-server 2022-02-23 14:03:23,584 [INFO] Reply from ptd: 'Stopping untimed measurement'
ptd-server 2022-02-23 14:03:24,040 [INFO] Sending reply to client 'OK'
ptd-server 2022-02-23 14:03:24,059 [INFO] Got command from the client 'session,2022-02-23_13-41-36,done'
ptd-server 2022-02-23 14:03:24,059 [INFO] Sending to ptd: 'Stop'
ptd-server 2022-02-23 14:03:24,060 [INFO] Reply from ptd: 'Error: no measurement to stop'
ptd-server 2022-02-23 14:03:24,060 [INFO] Sending to ptd: 'SR,V,300.000000'
ptd-server 2022-02-23 14:03:25,561 [INFO] Reply from ptd: 'Range V changed'
ptd-server 2022-02-23 14:03:25,561 [INFO] Sending to ptd: 'SR,A,0.500000'
ptd-server 2022-02-23 14:03:27,063 [INFO] Reply from ptd: 'Range A changed'
ptd-server 2022-02-23 14:03:27,063 [INFO] Set initial values for Amps 0.500000 and Volts 300.000000
ptd-server 2022-02-23 14:03:27,064 [INFO] Stopping ptd...
