ptd-server 2022-02-23 04:40:52,754 [INFO] Got command from the client 'time'
ptd-server 2022-02-23 04:40:52,754 [INFO] Sending reply to client '1645591252.7545493'
ptd-server 2022-02-23 04:40:52,756 [INFO] Got command from the client 'new,,bd516e88-fc4d-4b58-bad8-fe4417e96b58'
ptd-server 2022-02-23 04:40:52,757 [INFO] Sending reply to client 'OK 2022-02-23_04-40-52,1e86bc84-5477-482c-ab20-a4d1c713a22e'
ptd-server 2022-02-23 04:40:52,793 [INFO] Got command from the client 'time'
ptd-server 2022-02-23 04:40:52,794 [INFO] Sending reply to client '1645591252.7939756'
ptd-server 2022-02-23 04:40:52,795 [INFO] Got command from the client 'session,2022-02-23_04-40-52,start,ranging'
ptd-server 2022-02-23 04:40:52,795 [INFO] Running PTDaemon: ['/home/anton/projects/mlperf/power/inference_v1.0/ptd-linux-x86', '-l', '/tmp/tmpgldyt7rr/ptd_logfile.txt', '-p', '8888', '49', '/dev/usbtmc0']
ptd-server 2022-02-23 04:41:09,967 [INFO] Sending to ptd: 'Hello'
ptd-server 2022-02-23 04:41:09,968 [INFO] Reply from ptd: 'Hello, PTDaemon here!'
ptd-server 2022-02-23 04:41:09,968 [INFO] Sending to ptd: 'Identify'
ptd-server 2022-02-23 04:41:09,969 [INFO] Reply from ptd: 'YokogawaWT310E,1000,1,1,1,1,0,1,1,version=1.9.2-e8c7a49a-20201208,OS=Linux 5.13.0-28-generic #31~20.04.1-Ubuntu SMP Wed Jan 19 14:08:10 UTC 2022 x86_64,mode=power,1,1,1,0,0,no_cal_date,YOKOGAWA;WT310E;C3XA04010E;F1.04'
ptd-server 2022-02-23 04:41:09,969 [INFO] Connected to PTDaemon
ptd-server 2022-02-23 04:41:09,969 [INFO] Sending to ptd: 'RR'
ptd-server 2022-02-23 04:41:09,969 [INFO] Reply from ptd: 'Ranges,0,0.500000,0,300.000000'
ptd-server 2022-02-23 04:41:09,969 [INFO] Initial range for Amps is 0.500000 for Volts is 300.000000
ptd-server 2022-02-23 04:41:09,969 [INFO] Sending to ptd: 'SR,V,Auto'
ptd-server 2022-02-23 04:41:10,472 [INFO] Reply from ptd: 'Range V changed'
ptd-server 2022-02-23 04:41:10,472 [INFO] Sending to ptd: 'SR,A,Auto'
ptd-server 2022-02-23 04:41:10,974 [INFO] Reply from ptd: 'Range A changed'
ptd-server 2022-02-23 04:41:20,985 [INFO] Starting ranging mode
ptd-server 2022-02-23 04:41:20,985 [INFO] Sending to ptd: 'Go,1000,0,2022-02-23_04-40-52_ranging'
ptd-server 2022-02-23 04:41:20,985 [INFO] Reply from ptd: 'Starting untimed measurement, maximum 500000 samples at 1000ms with 0 rampup samples'
ptd-server 2022-02-23 04:41:20,986 [INFO] Sending reply to client 'OK'
ptd-server 2022-02-23 04:51:50,157 [INFO] Got command from the client 'session,2022-02-23_04-40-52,stop,ranging'
ptd-server 2022-02-23 04:52:00,167 [INFO] Sending to ptd: 'Stop'
ptd-server 2022-02-23 04:52:00,168 [INFO] Reply from ptd: 'Stopping untimed measurement'
ptd-server 2022-02-23 04:52:00,982 [INFO] Sending reply to client 'OK'
ptd-server 2022-02-23 04:52:01,041 [INFO] Got command from the client 'time'
ptd-server 2022-02-23 04:52:01,042 [INFO] Sending reply to client '1645591921.0420036'
ptd-server 2022-02-23 04:52:01,044 [INFO] Got command from the client 'session,2022-02-23_04-40-52,start,testing'
ptd-server 2022-02-23 04:52:01,044 [INFO] Sending to ptd: 'SR,V,249.360000'
ptd-server 2022-02-23 04:52:02,545 [INFO] Reply from ptd: 'Range V changed'
ptd-server 2022-02-23 04:52:02,545 [INFO] Sending to ptd: 'SR,A,0.053960'
ptd-server 2022-02-23 04:52:04,047 [INFO] Reply from ptd: 'Range A changed'
ptd-server 2022-02-23 04:52:14,057 [INFO] Starting testing mode
ptd-server 2022-02-23 04:52:14,057 [INFO] Sending to ptd: 'Go,1000,0,2022-02-23_04-40-52_testing'
ptd-server 2022-02-23 04:52:14,058 [INFO] Reply from ptd: 'Starting untimed measurement, maximum 500000 samples at 1000ms with 0 rampup samples'
ptd-server 2022-02-23 04:52:14,058 [INFO] Sending reply to client 'OK'
ptd-server 2022-02-23 05:02:43,010 [INFO] Got command from the client 'session,2022-02-23_04-40-52,stop,testing'
ptd-server 2022-02-23 05:02:53,020 [INFO] Sending to ptd: 'Stop'
ptd-server 2022-02-23 05:02:53,021 [INFO] Reply from ptd: 'Stopping untimed measurement'
ptd-server 2022-02-23 05:02:53,443 [INFO] Sending reply to client 'OK'
ptd-server 2022-02-23 05:02:53,462 [INFO] Got command from the client 'session,2022-02-23_04-40-52,done'
ptd-server 2022-02-23 05:02:53,462 [INFO] Sending to ptd: 'Stop'
ptd-server 2022-02-23 05:02:53,462 [INFO] Reply from ptd: 'Error: no measurement to stop'
ptd-server 2022-02-23 05:02:53,462 [INFO] Sending to ptd: 'SR,V,300.000000'
ptd-server 2022-02-23 05:02:54,964 [INFO] Reply from ptd: 'Range V changed'
ptd-server 2022-02-23 05:02:54,964 [INFO] Sending to ptd: 'SR,A,0.500000'
ptd-server 2022-02-23 05:02:56,465 [INFO] Reply from ptd: 'Range A changed'
ptd-server 2022-02-23 05:02:56,465 [INFO] Set initial values for Amps 0.500000 and Volts 300.000000
ptd-server 2022-02-23 05:02:56,466 [INFO] Stopping ptd...
