ptd-server 2022-02-15 10:32:44,536 [INFO] Got command from the client 'time'
ptd-server 2022-02-15 10:32:44,536 [INFO] Sending reply to client '1644921164.536941'
ptd-server 2022-02-15 10:32:44,538 [INFO] Got command from the client 'new,,8fe4decd-d5a4-467a-b3df-29aff17ec598'
ptd-server 2022-02-15 10:32:44,539 [INFO] Sending reply to client 'OK 2022-02-15_10-32-44,27220f61-0b92-4638-bdb1-11d4c81b4683'
ptd-server 2022-02-15 10:32:44,572 [INFO] Got command from the client 'time'
ptd-server 2022-02-15 10:32:44,572 [INFO] Sending reply to client '1644921164.572955'
ptd-server 2022-02-15 10:32:44,575 [INFO] Got command from the client 'session,2022-02-15_10-32-44,start,ranging'
ptd-server 2022-02-15 10:32:44,575 [INFO] Running PTDaemon: ['/home/anton/projects/mlperf/power/inference_v1.0/ptd-linux-x86', '-l', '/tmp/tmpxvec0g6h/ptd_logfile.txt', '-p', '8888', '49', '/dev/usbtmc0']
ptd-server 2022-02-15 10:33:01,748 [INFO] Sending to ptd: 'Hello'
ptd-server 2022-02-15 10:33:01,749 [INFO] Reply from ptd: 'Hello, PTDaemon here!'
ptd-server 2022-02-15 10:33:01,749 [INFO] Sending to ptd: 'Identify'
ptd-server 2022-02-15 10:33:01,749 [INFO] Reply from ptd: 'YokogawaWT310E,1000,1,1,1,1,0,1,1,version=1.9.2-e8c7a49a-20201208,OS=Linux 5.13.0-27-generic #29~20.04.1-Ubuntu SMP Fri Jan 14 00:32:30 UTC 2022 x86_64,mode=power,1,1,1,0,0,no_cal_date,YOKOGAWA;WT310E;C3XA04010E;F1.04'
ptd-server 2022-02-15 10:33:01,749 [INFO] Connected to PTDaemon
ptd-server 2022-02-15 10:33:01,749 [INFO] Sending to ptd: 'RR'
ptd-server 2022-02-15 10:33:01,750 [INFO] Reply from ptd: 'Ranges,0,0.500000,0,300.000000'
ptd-server 2022-02-15 10:33:01,750 [INFO] Initial range for Amps is 0.500000 for Volts is 300.000000
ptd-server 2022-02-15 10:33:01,750 [INFO] Sending to ptd: 'SR,V,Auto'
ptd-server 2022-02-15 10:33:02,252 [INFO] Reply from ptd: 'Range V changed'
ptd-server 2022-02-15 10:33:02,253 [INFO] Sending to ptd: 'SR,A,Auto'
ptd-server 2022-02-15 10:33:02,755 [INFO] Reply from ptd: 'Range A changed'
ptd-server 2022-02-15 10:33:12,765 [INFO] Starting ranging mode
ptd-server 2022-02-15 10:33:12,766 [INFO] Sending to ptd: 'Go,1000,0,2022-02-15_10-32-44_ranging'
ptd-server 2022-02-15 10:33:12,766 [INFO] Reply from ptd: 'Starting untimed measurement, maximum 500000 samples at 1000ms with 0 rampup samples'
ptd-server 2022-02-15 10:33:12,766 [INFO] Sending reply to client 'OK'
ptd-server 2022-02-15 10:43:32,346 [INFO] Got command from the client 'session,2022-02-15_10-32-44,stop,ranging'
ptd-server 2022-02-15 10:43:42,356 [INFO] Sending to ptd: 'Stop'
ptd-server 2022-02-15 10:43:42,357 [INFO] Reply from ptd: 'Stopping untimed measurement'
ptd-server 2022-02-15 10:43:43,200 [INFO] Sending reply to client 'OK'
ptd-server 2022-02-15 10:43:43,325 [INFO] Got command from the client 'time'
ptd-server 2022-02-15 10:43:43,325 [INFO] Sending reply to client '1644921823.3259373'
ptd-server 2022-02-15 10:43:43,328 [INFO] Got command from the client 'session,2022-02-15_10-32-44,start,testing'
ptd-server 2022-02-15 10:43:43,329 [INFO] Sending to ptd: 'SR,V,247.740000'
ptd-server 2022-02-15 10:43:44,830 [INFO] Reply from ptd: 'Range V changed'
ptd-server 2022-02-15 10:43:44,830 [INFO] Sending to ptd: 'SR,A,0.219630'
ptd-server 2022-02-15 10:43:46,332 [INFO] Reply from ptd: 'Range A changed'
ptd-server 2022-02-15 10:43:56,342 [INFO] Starting testing mode
ptd-server 2022-02-15 10:43:56,342 [INFO] Sending to ptd: 'Go,1000,0,2022-02-15_10-32-44_testing'
ptd-server 2022-02-15 10:43:56,343 [INFO] Reply from ptd: 'Starting untimed measurement, maximum 500000 samples at 1000ms with 0 rampup samples'
ptd-server 2022-02-15 10:43:56,343 [INFO] Sending reply to client 'OK'
ptd-server 2022-02-15 10:54:15,773 [INFO] Got command from the client 'session,2022-02-15_10-32-44,stop,testing'
ptd-server 2022-02-15 10:54:25,784 [INFO] Sending to ptd: 'Stop'
ptd-server 2022-02-15 10:54:25,784 [INFO] Reply from ptd: 'Stopping untimed measurement'
ptd-server 2022-02-15 10:54:26,215 [INFO] Sending reply to client 'OK'
ptd-server 2022-02-15 10:54:26,232 [INFO] Got command from the client 'session,2022-02-15_10-32-44,done'
ptd-server 2022-02-15 10:54:26,233 [INFO] Sending to ptd: 'Stop'
ptd-server 2022-02-15 10:54:26,343 [INFO] Reply from ptd: 'Error: no measurement to stop'
ptd-server 2022-02-15 10:54:26,343 [INFO] Sending to ptd: 'SR,V,300.000000'
ptd-server 2022-02-15 10:54:27,845 [INFO] Reply from ptd: 'Range V changed'
ptd-server 2022-02-15 10:54:27,845 [INFO] Sending to ptd: 'SR,A,0.500000'
ptd-server 2022-02-15 10:54:29,346 [INFO] Reply from ptd: 'Range A changed'
ptd-server 2022-02-15 10:54:29,346 [INFO] Set initial values for Amps 0.500000 and Volts 300.000000
ptd-server 2022-02-15 10:54:29,347 [INFO] Stopping ptd...
