ptd-server 2022-02-24 09:00:38,530 [INFO] Got command from the client 'time'
ptd-server 2022-02-24 09:00:38,530 [INFO] Sending reply to client '1645693238.5304866'
ptd-server 2022-02-24 09:00:38,532 [INFO] Got command from the client 'new,,150ffe30-f06a-4819-84f7-fe816cddf383'
ptd-server 2022-02-24 09:00:38,533 [INFO] Sending reply to client 'OK 2022-02-24_09-00-38,797c0a5f-34aa-40da-87ee-ed8021e6e14a'
ptd-server 2022-02-24 09:00:38,571 [INFO] Got command from the client 'time'
ptd-server 2022-02-24 09:00:38,571 [INFO] Sending reply to client '1645693238.571677'
ptd-server 2022-02-24 09:00:38,573 [INFO] Got command from the client 'session,2022-02-24_09-00-38,start,ranging'
ptd-server 2022-02-24 09:00:38,574 [INFO] Running PTDaemon: ['/home/anton/projects/mlperf/power/inference_v1.0/ptd-linux-x86', '-l', '/tmp/tmp0_fn53vp/ptd_logfile.txt', '-p', '8888', '49', '/dev/usbtmc0']
ptd-server 2022-02-24 09:00:55,747 [INFO] Sending to ptd: 'Hello'
ptd-server 2022-02-24 09:00:55,748 [INFO] Reply from ptd: 'Hello, PTDaemon here!'
ptd-server 2022-02-24 09:00:55,748 [INFO] Sending to ptd: 'Identify'
ptd-server 2022-02-24 09:00:55,748 [INFO] Reply from ptd: 'YokogawaWT310E,1000,1,1,1,1,0,1,1,version=1.9.2-e8c7a49a-20201208,OS=Linux 5.13.0-30-generic #33~20.04.1-Ubuntu SMP Mon Feb 7 14:25:10 UTC 2022 x86_64,mode=power,1,1,1,0,0,no_cal_date,YOKOGAWA;WT310E;C3XA04010E;F1.04'
ptd-server 2022-02-24 09:00:55,749 [INFO] Connected to PTDaemon
ptd-server 2022-02-24 09:00:55,749 [INFO] Sending to ptd: 'RR'
ptd-server 2022-02-24 09:00:55,749 [INFO] Reply from ptd: 'Ranges,0,0.500000,1,300.000000'
ptd-server 2022-02-24 09:00:55,749 [INFO] Initial range for Amps is 0.500000 for Volts is Auto
ptd-server 2022-02-24 09:00:55,749 [INFO] Sending to ptd: 'SR,V,Auto'
ptd-server 2022-02-24 09:00:56,252 [INFO] Reply from ptd: 'Range V changed'
ptd-server 2022-02-24 09:00:56,252 [INFO] Sending to ptd: 'SR,A,Auto'
ptd-server 2022-02-24 09:00:56,754 [INFO] Reply from ptd: 'Range A changed'
ptd-server 2022-02-24 09:01:06,765 [INFO] Starting ranging mode
ptd-server 2022-02-24 09:01:06,765 [INFO] Sending to ptd: 'Go,1000,0,2022-02-24_09-00-38_ranging'
ptd-server 2022-02-24 09:01:06,765 [INFO] Reply from ptd: 'Starting untimed measurement, maximum 500000 samples at 1000ms with 0 rampup samples'
ptd-server 2022-02-24 09:01:06,766 [INFO] Sending reply to client 'OK'
ptd-server 2022-02-24 09:11:29,689 [INFO] Got command from the client 'session,2022-02-24_09-00-38,stop,ranging'
ptd-server 2022-02-24 09:11:39,699 [INFO] Sending to ptd: 'Stop'
ptd-server 2022-02-24 09:11:39,699 [INFO] Reply from ptd: 'Stopping untimed measurement'
ptd-server 2022-02-24 09:11:39,791 [INFO] Sending reply to client 'OK'
ptd-server 2022-02-24 09:11:39,861 [INFO] Got command from the client 'time'
ptd-server 2022-02-24 09:11:39,861 [INFO] Sending reply to client '1645693899.8613238'
ptd-server 2022-02-24 09:11:39,862 [INFO] Got command from the client 'session,2022-02-24_09-00-38,start,testing'
ptd-server 2022-02-24 09:11:39,863 [INFO] Sending to ptd: 'SR,V,248.470000'
ptd-server 2022-02-24 09:11:41,364 [INFO] Reply from ptd: 'Range V changed'
ptd-server 2022-02-24 09:11:41,364 [INFO] Sending to ptd: 'SR,A,0.046150'
ptd-server 2022-02-24 09:11:42,866 [INFO] Reply from ptd: 'Range A changed'
ptd-server 2022-02-24 09:11:52,876 [INFO] Starting testing mode
ptd-server 2022-02-24 09:11:52,876 [INFO] Sending to ptd: 'Go,1000,0,2022-02-24_09-00-38_testing'
ptd-server 2022-02-24 09:11:52,876 [INFO] Reply from ptd: 'Starting untimed measurement, maximum 500000 samples at 1000ms with 0 rampup samples'
ptd-server 2022-02-24 09:11:52,877 [INFO] Sending reply to client 'OK'
ptd-server 2022-02-24 09:22:15,560 [INFO] Got command from the client 'session,2022-02-24_09-00-38,stop,testing'
ptd-server 2022-02-24 09:22:25,570 [INFO] Sending to ptd: 'Stop'
ptd-server 2022-02-24 09:22:25,570 [INFO] Reply from ptd: 'Stopping untimed measurement'
ptd-server 2022-02-24 09:22:25,617 [INFO] Sending reply to client 'OK'
ptd-server 2022-02-24 09:22:25,633 [INFO] Got command from the client 'session,2022-02-24_09-00-38,done'
ptd-server 2022-02-24 09:22:25,633 [INFO] Sending to ptd: 'Stop'
ptd-server 2022-02-24 09:22:25,877 [INFO] Reply from ptd: 'Error: no measurement to stop'
ptd-server 2022-02-24 09:22:25,877 [INFO] Sending to ptd: 'SR,V,Auto'
ptd-server 2022-02-24 09:22:26,380 [INFO] Reply from ptd: 'Range V changed'
ptd-server 2022-02-24 09:22:26,380 [INFO] Sending to ptd: 'SR,A,0.500000'
ptd-server 2022-02-24 09:22:27,881 [INFO] Reply from ptd: 'Range A changed'
ptd-server 2022-02-24 09:22:27,881 [INFO] Set initial values for Amps 0.500000 and Volts Auto
ptd-server 2022-02-24 09:22:27,881 [INFO] Stopping ptd...
