ptd-server 2022-02-13 21:46:06,055 [INFO] Got command from the client 'time'
ptd-server 2022-02-13 21:46:06,055 [INFO] Sending reply to client '1644788766.055595'
ptd-server 2022-02-13 21:46:06,058 [INFO] Got command from the client 'new,,a64cc9cb-c6fc-456d-8a99-06a4bf9e9664'
ptd-server 2022-02-13 21:46:06,058 [INFO] Sending reply to client 'OK 2022-02-13_21-46-06,147b28e6-e9a3-4727-90d7-59b319a07bdf'
ptd-server 2022-02-13 21:46:06,095 [INFO] Got command from the client 'time'
ptd-server 2022-02-13 21:46:06,095 [INFO] Sending reply to client '1644788766.0952258'
ptd-server 2022-02-13 21:46:06,097 [INFO] Got command from the client 'session,2022-02-13_21-46-06,start,ranging'
ptd-server 2022-02-13 21:46:06,097 [INFO] Running PTDaemon: ['/home/anton/projects/mlperf/power/inference_v1.0/ptd-linux-x86', '-l', '/tmp/tmpxvec0g6h/ptd_logfile.txt', '-p', '8888', '49', '/dev/usbtmc0']
ptd-server 2022-02-13 21:46:23,271 [INFO] Sending to ptd: 'Hello'
ptd-server 2022-02-13 21:46:23,271 [INFO] Reply from ptd: 'Hello, PTDaemon here!'
ptd-server 2022-02-13 21:46:23,271 [INFO] Sending to ptd: 'Identify'
ptd-server 2022-02-13 21:46:23,272 [INFO] Reply from ptd: 'YokogawaWT310E,1000,1,1,1,1,0,1,1,version=1.9.2-e8c7a49a-20201208,OS=Linux 5.13.0-27-generic #29~20.04.1-Ubuntu SMP Fri Jan 14 00:32:30 UTC 2022 x86_64,mode=power,1,1,1,0,0,no_cal_date,YOKOGAWA;WT310E;C3XA04010E;F1.04'
ptd-server 2022-02-13 21:46:23,272 [INFO] Connected to PTDaemon
ptd-server 2022-02-13 21:46:23,272 [INFO] Sending to ptd: 'RR'
ptd-server 2022-02-13 21:46:23,272 [INFO] Reply from ptd: 'Ranges,0,0.500000,0,300.000000'
ptd-server 2022-02-13 21:46:23,272 [INFO] Initial range for Amps is 0.500000 for Volts is 300.000000
ptd-server 2022-02-13 21:46:23,273 [INFO] Sending to ptd: 'SR,V,Auto'
ptd-server 2022-02-13 21:46:23,775 [INFO] Reply from ptd: 'Range V changed'
ptd-server 2022-02-13 21:46:23,775 [INFO] Sending to ptd: 'SR,A,Auto'
ptd-server 2022-02-13 21:46:24,278 [INFO] Reply from ptd: 'Range A changed'
ptd-server 2022-02-13 21:46:34,288 [INFO] Starting ranging mode
ptd-server 2022-02-13 21:46:34,288 [INFO] Sending to ptd: 'Go,1000,0,2022-02-13_21-46-06_ranging'
ptd-server 2022-02-13 21:46:34,289 [INFO] Reply from ptd: 'Starting untimed measurement, maximum 500000 samples at 1000ms with 0 rampup samples'
ptd-server 2022-02-13 21:46:34,289 [INFO] Sending reply to client 'OK'
ptd-server 2022-02-13 21:56:50,060 [INFO] Got command from the client 'session,2022-02-13_21-46-06,stop,ranging'
ptd-server 2022-02-13 21:57:00,070 [INFO] Sending to ptd: 'Stop'
ptd-server 2022-02-13 21:57:00,071 [INFO] Reply from ptd: 'Stopping untimed measurement'
ptd-server 2022-02-13 21:57:00,729 [INFO] Sending reply to client 'OK'
ptd-server 2022-02-13 21:57:00,784 [INFO] Got command from the client 'time'
ptd-server 2022-02-13 21:57:00,785 [INFO] Sending reply to client '1644789420.785015'
ptd-server 2022-02-13 21:57:00,787 [INFO] Got command from the client 'session,2022-02-13_21-46-06,start,testing'
ptd-server 2022-02-13 21:57:00,787 [INFO] Sending to ptd: 'SR,V,249.120000'
ptd-server 2022-02-13 21:57:02,289 [INFO] Reply from ptd: 'Range V changed'
ptd-server 2022-02-13 21:57:02,289 [INFO] Sending to ptd: 'SR,A,0.153930'
ptd-server 2022-02-13 21:57:03,790 [INFO] Reply from ptd: 'Range A changed'
ptd-server 2022-02-13 21:57:13,801 [INFO] Starting testing mode
ptd-server 2022-02-13 21:57:13,801 [INFO] Sending to ptd: 'Go,1000,0,2022-02-13_21-46-06_testing'
ptd-server 2022-02-13 21:57:13,801 [INFO] Reply from ptd: 'Starting untimed measurement, maximum 500000 samples at 1000ms with 0 rampup samples'
ptd-server 2022-02-13 21:57:13,802 [INFO] Sending reply to client 'OK'
ptd-server 2022-02-13 22:07:29,480 [INFO] Got command from the client 'session,2022-02-13_21-46-06,stop,testing'
ptd-server 2022-02-13 22:07:39,491 [INFO] Sending to ptd: 'Stop'
ptd-server 2022-02-13 22:07:39,491 [INFO] Reply from ptd: 'Stopping untimed measurement'
ptd-server 2022-02-13 22:07:39,829 [INFO] Sending reply to client 'OK'
ptd-server 2022-02-13 22:07:39,847 [INFO] Got command from the client 'session,2022-02-13_21-46-06,done'
ptd-server 2022-02-13 22:07:39,848 [INFO] Sending to ptd: 'Stop'
ptd-server 2022-02-13 22:07:39,848 [INFO] Reply from ptd: 'Error: no measurement to stop'
ptd-server 2022-02-13 22:07:39,848 [INFO] Sending to ptd: 'SR,V,300.000000'
ptd-server 2022-02-13 22:07:41,349 [INFO] Reply from ptd: 'Range V changed'
ptd-server 2022-02-13 22:07:41,350 [INFO] Sending to ptd: 'SR,A,0.500000'
ptd-server 2022-02-13 22:07:42,851 [INFO] Reply from ptd: 'Range A changed'
ptd-server 2022-02-13 22:07:42,851 [INFO] Set initial values for Amps 0.500000 and Volts 300.000000
ptd-server 2022-02-13 22:07:42,851 [INFO] Stopping ptd...
