ptd-server 2022-02-23 22:01:06,688 [INFO] Got command from the client 'time'
ptd-server 2022-02-23 22:01:06,688 [INFO] Sending reply to client '1645653666.6884356'
ptd-server 2022-02-23 22:01:06,690 [INFO] Got command from the client 'new,,d6b4a1fe-13a0-48d9-8221-2d898ab02b89'
ptd-server 2022-02-23 22:01:06,691 [INFO] Sending reply to client 'OK 2022-02-23_22-01-06,5a77f47d-dcc3-4102-8e4d-5cde49e179fc'
ptd-server 2022-02-23 22:01:06,728 [INFO] Got command from the client 'time'
ptd-server 2022-02-23 22:01:06,728 [INFO] Sending reply to client '1645653666.7283447'
ptd-server 2022-02-23 22:01:06,730 [INFO] Got command from the client 'session,2022-02-23_22-01-06,start,ranging'
ptd-server 2022-02-23 22:01:06,730 [INFO] Running PTDaemon: ['/home/anton/projects/mlperf/power/inference_v1.0/ptd-linux-x86', '-l', '/tmp/tmp0_fn53vp/ptd_logfile.txt', '-p', '8888', '49', '/dev/usbtmc0']
ptd-server 2022-02-23 22:01:23,894 [INFO] Sending to ptd: 'Hello'
ptd-server 2022-02-23 22:01:23,895 [INFO] Reply from ptd: 'Hello, PTDaemon here!'
ptd-server 2022-02-23 22:01:23,895 [INFO] Sending to ptd: 'Identify'
ptd-server 2022-02-23 22:01:23,895 [INFO] Reply from ptd: 'YokogawaWT310E,1000,1,1,1,1,0,1,1,version=1.9.2-e8c7a49a-20201208,OS=Linux 5.13.0-30-generic #33~20.04.1-Ubuntu SMP Mon Feb 7 14:25:10 UTC 2022 x86_64,mode=power,1,1,1,0,0,no_cal_date,YOKOGAWA;WT310E;C3XA04010E;F1.04'
ptd-server 2022-02-23 22:01:23,896 [INFO] Connected to PTDaemon
ptd-server 2022-02-23 22:01:23,896 [INFO] Sending to ptd: 'RR'
ptd-server 2022-02-23 22:01:23,896 [INFO] Reply from ptd: 'Ranges,0,0.500000,1,300.000000'
ptd-server 2022-02-23 22:01:23,896 [INFO] Initial range for Amps is 0.500000 for Volts is Auto
ptd-server 2022-02-23 22:01:23,896 [INFO] Sending to ptd: 'SR,V,Auto'
ptd-server 2022-02-23 22:01:24,399 [INFO] Reply from ptd: 'Range V changed'
ptd-server 2022-02-23 22:01:24,399 [INFO] Sending to ptd: 'SR,A,Auto'
ptd-server 2022-02-23 22:01:24,901 [INFO] Reply from ptd: 'Range A changed'
ptd-server 2022-02-23 22:01:34,908 [INFO] Starting ranging mode
ptd-server 2022-02-23 22:01:34,908 [INFO] Sending to ptd: 'Go,1000,0,2022-02-23_22-01-06_ranging'
ptd-server 2022-02-23 22:01:34,908 [INFO] Reply from ptd: 'Starting untimed measurement, maximum 500000 samples at 1000ms with 0 rampup samples'
ptd-server 2022-02-23 22:01:34,909 [INFO] Sending reply to client 'OK'
ptd-server 2022-02-23 22:11:57,693 [INFO] Got command from the client 'session,2022-02-23_22-01-06,stop,ranging'
ptd-server 2022-02-23 22:12:07,703 [INFO] Sending to ptd: 'Stop'
ptd-server 2022-02-23 22:12:07,703 [INFO] Reply from ptd: 'Stopping untimed measurement'
ptd-server 2022-02-23 22:12:07,718 [INFO] Sending reply to client 'OK'
ptd-server 2022-02-23 22:12:07,773 [INFO] Got command from the client 'time'
ptd-server 2022-02-23 22:12:07,773 [INFO] Sending reply to client '1645654327.773191'
ptd-server 2022-02-23 22:12:07,775 [INFO] Got command from the client 'session,2022-02-23_22-01-06,start,testing'
ptd-server 2022-02-23 22:12:07,775 [INFO] Sending to ptd: 'SR,V,249.300000'
ptd-server 2022-02-23 22:12:09,410 [INFO] Reply from ptd: 'Range V changed'
ptd-server 2022-02-23 22:12:09,410 [INFO] Sending to ptd: 'SR,A,0.045570'
ptd-server 2022-02-23 22:12:10,911 [INFO] Reply from ptd: 'Range A changed'
ptd-server 2022-02-23 22:12:20,922 [INFO] Starting testing mode
ptd-server 2022-02-23 22:12:20,922 [INFO] Sending to ptd: 'Go,1000,0,2022-02-23_22-01-06_testing'
ptd-server 2022-02-23 22:12:20,922 [INFO] Reply from ptd: 'Starting untimed measurement, maximum 500000 samples at 1000ms with 0 rampup samples'
ptd-server 2022-02-23 22:12:20,922 [INFO] Sending reply to client 'OK'
ptd-server 2022-02-23 22:22:43,477 [INFO] Got command from the client 'session,2022-02-23_22-01-06,stop,testing'
ptd-server 2022-02-23 22:22:53,487 [INFO] Sending to ptd: 'Stop'
ptd-server 2022-02-23 22:22:53,488 [INFO] Reply from ptd: 'Stopping untimed measurement'
ptd-server 2022-02-23 22:22:53,493 [INFO] Sending reply to client 'OK'
ptd-server 2022-02-23 22:22:53,512 [INFO] Got command from the client 'session,2022-02-23_22-01-06,done'
ptd-server 2022-02-23 22:22:53,512 [INFO] Sending to ptd: 'Stop'
ptd-server 2022-02-23 22:22:53,923 [INFO] Reply from ptd: 'Error: no measurement to stop'
ptd-server 2022-02-23 22:22:53,923 [INFO] Sending to ptd: 'SR,V,Auto'
ptd-server 2022-02-23 22:22:54,426 [INFO] Reply from ptd: 'Range V changed'
ptd-server 2022-02-23 22:22:54,426 [INFO] Sending to ptd: 'SR,A,0.500000'
ptd-server 2022-02-23 22:22:55,927 [INFO] Reply from ptd: 'Range A changed'
ptd-server 2022-02-23 22:22:55,927 [INFO] Set initial values for Amps 0.500000 and Volts Auto
ptd-server 2022-02-23 22:22:55,927 [INFO] Stopping ptd...
