ptd-server 2022-02-12 02:33:40,340 [INFO] Got command from the client 'stop'
ptd-server 2022-02-12 02:33:40,340 [INFO] The server will be stopped after processing this client
ptd-server 2022-02-12 02:33:40,340 [INFO] Sending reply to client 'OK'
ptd-server 2022-02-12 02:33:40,724 [INFO] Got command from the client 'time'
ptd-server 2022-02-12 02:33:40,724 [INFO] Sending reply to client '1644662020.724178'
ptd-server 2022-02-12 02:33:40,739 [INFO] Got command from the client 'new,,2f2bb57b-5721-434c-b79c-b38c16abdbe6'
ptd-server 2022-02-12 02:33:40,739 [INFO] Sending reply to client 'OK 2022-02-12_02-33-40,c2ad5ccb-25d1-4236-964d-ddc0e90102cb'
ptd-server 2022-02-12 02:33:40,967 [INFO] Got command from the client 'time'
ptd-server 2022-02-12 02:33:40,967 [INFO] Sending reply to client '1644662020.9678996'
ptd-server 2022-02-12 02:33:40,967 [INFO] Got command from the client 'session,2022-02-12_02-33-40,start,ranging'
ptd-server 2022-02-12 02:33:41,077 [INFO] Running PTDaemon: ['C:\\PTD\\ptd-windows-x86.exe', '-l', 'C:\\Users\\lab\\AppData\\Local\\Temp\\tmp96uuthgx\\ptd_logfile.txt', '-p', '8888', '-c', '2', '-y', '52', '10.32.209.61']
ptd-server 2022-02-12 02:33:58,653 [INFO] Sending to ptd: 'Hello'
ptd-server 2022-02-12 02:33:58,653 [INFO] Reply from ptd: 'Hello, PTDaemon here!'
ptd-server 2022-02-12 02:33:58,653 [INFO] Sending to ptd: 'Identify'
ptd-server 2022-02-12 02:33:58,653 [INFO] Reply from ptd: 'YokogawaWT330E,1000,1,1,1,1,0,0,1,version=1.9.2-3976349f-20201208,OS=Windows 8 / Server 2012,mode=power,1,1,1,0,0,no_cal_date,YOKOGAWA;WT333E;C2VL22012V;F1.04'
ptd-server 2022-02-12 02:33:58,653 [INFO] Connected to PTDaemon
ptd-server 2022-02-12 02:33:58,653 [INFO] Sending to ptd: 'RR'
ptd-server 2022-02-12 02:33:58,653 [INFO] Reply from ptd: 'Ranges,0,1.000000,0,150.000000'
ptd-server 2022-02-12 02:33:58,653 [INFO] Initial range for Amps is 1.000000 for Volts is 150.000000
ptd-server 2022-02-12 02:33:58,653 [INFO] Sending to ptd: 'SR,V,Auto'
ptd-server 2022-02-12 02:33:59,168 [INFO] Reply from ptd: 'Range V changed'
ptd-server 2022-02-12 02:33:59,168 [INFO] Sending to ptd: 'SR,A,Auto'
ptd-server 2022-02-12 02:33:59,687 [INFO] Reply from ptd: 'Range A changed'
ptd-server 2022-02-12 02:34:09,700 [INFO] Starting ranging mode
ptd-server 2022-02-12 02:34:09,700 [INFO] Sending to ptd: 'Go,1000,0,2022-02-12_02-33-40_ranging'
ptd-server 2022-02-12 02:34:09,700 [INFO] Reply from ptd: 'Starting untimed measurement, maximum 500000 samples at 1000ms with 0 rampup samples'
ptd-server 2022-02-12 02:34:09,700 [INFO] Sending reply to client 'OK'
ptd-server 2022-02-12 02:44:37,332 [INFO] Got command from the client 'session,2022-02-12_02-33-40,stop,ranging'
ptd-server 2022-02-12 02:44:47,343 [INFO] Sending to ptd: 'Stop'
ptd-server 2022-02-12 02:44:47,343 [INFO] Reply from ptd: 'Stopping untimed measurement'
ptd-server 2022-02-12 02:44:47,359 [INFO] Sending reply to client 'OK'
ptd-server 2022-02-12 02:44:47,628 [INFO] Got command from the client 'time'
ptd-server 2022-02-12 02:44:47,628 [INFO] Sending reply to client '1644662687.6284168'
ptd-server 2022-02-12 02:44:47,658 [INFO] Got command from the client 'session,2022-02-12_02-33-40,start,testing'
ptd-server 2022-02-12 02:44:47,658 [INFO] Sending to ptd: 'SR,V,121.610000'
ptd-server 2022-02-12 02:44:49,232 [INFO] Reply from ptd: 'Range V changed'
ptd-server 2022-02-12 02:44:49,232 [INFO] Sending to ptd: 'SR,A,0.282900'
ptd-server 2022-02-12 02:44:50,765 [INFO] Reply from ptd: 'Range A changed'
ptd-server 2022-02-12 02:45:00,779 [INFO] Starting testing mode
ptd-server 2022-02-12 02:45:00,779 [INFO] Sending to ptd: 'Go,1000,0,2022-02-12_02-33-40_testing'
ptd-server 2022-02-12 02:45:00,779 [INFO] Reply from ptd: 'Starting untimed measurement, maximum 500000 samples at 1000ms with 0 rampup samples'
ptd-server 2022-02-12 02:45:00,779 [INFO] Sending reply to client 'OK'
ptd-server 2022-02-12 02:55:16,608 [INFO] Got command from the client 'session,2022-02-12_02-33-40,stop,testing'
ptd-server 2022-02-12 02:55:26,608 [INFO] Sending to ptd: 'Stop'
ptd-server 2022-02-12 02:55:26,608 [INFO] Reply from ptd: 'Stopping untimed measurement'
ptd-server 2022-02-12 02:55:26,608 [INFO] Sending reply to client 'OK'
ptd-server 2022-02-12 02:55:26,671 [INFO] Got command from the client 'session,2022-02-12_02-33-40,done'
ptd-server 2022-02-12 02:55:26,671 [INFO] Sending to ptd: 'Stop'
ptd-server 2022-02-12 02:55:26,780 [INFO] Reply from ptd: 'Error: no measurement to stop'
ptd-server 2022-02-12 02:55:26,780 [INFO] Sending to ptd: 'SR,V,150.000000'
ptd-server 2022-02-12 02:55:28,311 [INFO] Reply from ptd: 'Range V changed'
ptd-server 2022-02-12 02:55:28,311 [INFO] Sending to ptd: 'SR,A,1.000000'
ptd-server 2022-02-12 02:55:29,845 [INFO] Reply from ptd: 'Range A changed'
ptd-server 2022-02-12 02:55:29,845 [INFO] Set initial values for Amps 1.000000 and Volts 150.000000
ptd-server 2022-02-12 02:55:29,845 [INFO] Stopping ptd...
