ptd-server 2022-02-16 01:38:10,511 [INFO] Got command from the client 'time'
ptd-server 2022-02-16 01:38:10,511 [INFO] Sending reply to client '1644975490.5113807'
ptd-server 2022-02-16 01:38:10,513 [INFO] Got command from the client 'new,,ae56da89-6dec-4c1d-a92f-fef2e1764bb1'
ptd-server 2022-02-16 01:38:10,514 [INFO] Sending reply to client 'OK 2022-02-16_01-38-10,233312c4-7197-4c6f-95cd-145ea29fca1b'
ptd-server 2022-02-16 01:38:10,550 [INFO] Got command from the client 'time'
ptd-server 2022-02-16 01:38:10,550 [INFO] Sending reply to client '1644975490.5509398'
ptd-server 2022-02-16 01:38:10,552 [INFO] Got command from the client 'session,2022-02-16_01-38-10,start,ranging'
ptd-server 2022-02-16 01:38:10,553 [INFO] Running PTDaemon: ['/home/anton/projects/mlperf/power/inference_v1.0/ptd-linux-x86', '-l', '/tmp/tmpxvec0g6h/ptd_logfile.txt', '-p', '8888', '49', '/dev/usbtmc0']
ptd-server 2022-02-16 01:38:27,726 [INFO] Sending to ptd: 'Hello'
ptd-server 2022-02-16 01:38:27,727 [INFO] Reply from ptd: 'Hello, PTDaemon here!'
ptd-server 2022-02-16 01:38:27,727 [INFO] Sending to ptd: 'Identify'
ptd-server 2022-02-16 01:38:27,727 [INFO] Reply from ptd: 'YokogawaWT310E,1000,1,1,1,1,0,1,1,version=1.9.2-e8c7a49a-20201208,OS=Linux 5.13.0-27-generic #29~20.04.1-Ubuntu SMP Fri Jan 14 00:32:30 UTC 2022 x86_64,mode=power,1,1,1,0,0,no_cal_date,YOKOGAWA;WT310E;C3XA04010E;F1.04'
ptd-server 2022-02-16 01:38:27,727 [INFO] Connected to PTDaemon
ptd-server 2022-02-16 01:38:27,727 [INFO] Sending to ptd: 'RR'
ptd-server 2022-02-16 01:38:27,728 [INFO] Reply from ptd: 'Ranges,0,0.500000,0,300.000000'
ptd-server 2022-02-16 01:38:27,728 [INFO] Initial range for Amps is 0.500000 for Volts is 300.000000
ptd-server 2022-02-16 01:38:27,728 [INFO] Sending to ptd: 'SR,V,Auto'
ptd-server 2022-02-16 01:38:28,231 [INFO] Reply from ptd: 'Range V changed'
ptd-server 2022-02-16 01:38:28,231 [INFO] Sending to ptd: 'SR,A,Auto'
ptd-server 2022-02-16 01:38:28,733 [INFO] Reply from ptd: 'Range A changed'
ptd-server 2022-02-16 01:38:38,744 [INFO] Starting ranging mode
ptd-server 2022-02-16 01:38:38,744 [INFO] Sending to ptd: 'Go,1000,0,2022-02-16_01-38-10_ranging'
ptd-server 2022-02-16 01:38:38,744 [INFO] Reply from ptd: 'Starting untimed measurement, maximum 500000 samples at 1000ms with 0 rampup samples'
ptd-server 2022-02-16 01:38:38,744 [INFO] Sending reply to client 'OK'
ptd-server 2022-02-16 01:48:58,198 [INFO] Got command from the client 'session,2022-02-16_01-38-10,stop,ranging'
ptd-server 2022-02-16 01:49:08,208 [INFO] Sending to ptd: 'Stop'
ptd-server 2022-02-16 01:49:08,209 [INFO] Reply from ptd: 'Stopping untimed measurement'
ptd-server 2022-02-16 01:49:09,119 [INFO] Sending reply to client 'OK'
ptd-server 2022-02-16 01:49:09,177 [INFO] Got command from the client 'time'
ptd-server 2022-02-16 01:49:09,177 [INFO] Sending reply to client '1644976149.1773303'
ptd-server 2022-02-16 01:49:09,179 [INFO] Got command from the client 'session,2022-02-16_01-38-10,start,testing'
ptd-server 2022-02-16 01:49:09,180 [INFO] Sending to ptd: 'SR,V,250.570000'
ptd-server 2022-02-16 01:49:10,681 [INFO] Reply from ptd: 'Range V changed'
ptd-server 2022-02-16 01:49:10,681 [INFO] Sending to ptd: 'SR,A,0.214430'
ptd-server 2022-02-16 01:49:12,182 [INFO] Reply from ptd: 'Range A changed'
ptd-server 2022-02-16 01:49:22,193 [INFO] Starting testing mode
ptd-server 2022-02-16 01:49:22,193 [INFO] Sending to ptd: 'Go,1000,0,2022-02-16_01-38-10_testing'
ptd-server 2022-02-16 01:49:22,193 [INFO] Reply from ptd: 'Starting untimed measurement, maximum 500000 samples at 1000ms with 0 rampup samples'
ptd-server 2022-02-16 01:49:22,194 [INFO] Sending reply to client 'OK'
ptd-server 2022-02-16 01:59:41,680 [INFO] Got command from the client 'session,2022-02-16_01-38-10,stop,testing'
ptd-server 2022-02-16 01:59:51,690 [INFO] Sending to ptd: 'Stop'
ptd-server 2022-02-16 01:59:51,691 [INFO] Reply from ptd: 'Stopping untimed measurement'
ptd-server 2022-02-16 01:59:52,167 [INFO] Sending reply to client 'OK'
ptd-server 2022-02-16 01:59:52,185 [INFO] Got command from the client 'session,2022-02-16_01-38-10,done'
ptd-server 2022-02-16 01:59:52,185 [INFO] Sending to ptd: 'Stop'
ptd-server 2022-02-16 01:59:52,193 [INFO] Reply from ptd: 'Error: no measurement to stop'
ptd-server 2022-02-16 01:59:52,193 [INFO] Sending to ptd: 'SR,V,300.000000'
ptd-server 2022-02-16 01:59:53,695 [INFO] Reply from ptd: 'Range V changed'
ptd-server 2022-02-16 01:59:53,695 [INFO] Sending to ptd: 'SR,A,0.500000'
ptd-server 2022-02-16 01:59:55,196 [INFO] Reply from ptd: 'Range A changed'
ptd-server 2022-02-16 01:59:55,196 [INFO] Set initial values for Amps 0.500000 and Volts 300.000000
ptd-server 2022-02-16 01:59:55,197 [INFO] Stopping ptd...
