ptd-server 2022-02-19 23:18:56,823 [INFO] Got command from the client 'time'
ptd-server 2022-02-19 23:18:56,823 [INFO] Sending reply to client '1645312736.8232498'
ptd-server 2022-02-19 23:18:56,824 [INFO] Got command from the client 'new,,97e25af9-cf5e-4f3b-a535-916f80ec4ca5'
ptd-server 2022-02-19 23:18:56,824 [INFO] Sending reply to client 'OK 2022-02-19_23-18-56,c5afd561-6b2c-4725-85ea-a9a617e3f862'
ptd-server 2022-02-19 23:18:56,853 [INFO] Got command from the client 'time'
ptd-server 2022-02-19 23:18:56,853 [INFO] Sending reply to client '1645312736.8534288'
ptd-server 2022-02-19 23:18:56,854 [INFO] Got command from the client 'session,2022-02-19_23-18-56,start,ranging'
ptd-server 2022-02-19 23:18:56,854 [INFO] Running PTDaemon: ['/home/anton/projects/mlperf/power/inference_v1.0/ptd-linux-x86', '-l', '/tmp/tmpgldyt7rr/ptd_logfile.txt', '-p', '8888', '49', '/dev/usbtmc0']
ptd-server 2022-02-19 23:19:14,027 [INFO] Sending to ptd: 'Hello'
ptd-server 2022-02-19 23:19:14,028 [INFO] Reply from ptd: 'Hello, PTDaemon here!'
ptd-server 2022-02-19 23:19:14,028 [INFO] Sending to ptd: 'Identify'
ptd-server 2022-02-19 23:19:14,028 [INFO] Reply from ptd: 'YokogawaWT310E,1000,1,1,1,1,0,1,1,version=1.9.2-e8c7a49a-20201208,OS=Linux 5.13.0-28-generic #31~20.04.1-Ubuntu SMP Wed Jan 19 14:08:10 UTC 2022 x86_64,mode=power,1,1,1,0,0,no_cal_date,YOKOGAWA;WT310E;C3XA04010E;F1.04'
ptd-server 2022-02-19 23:19:14,028 [INFO] Connected to PTDaemon
ptd-server 2022-02-19 23:19:14,028 [INFO] Sending to ptd: 'RR'
ptd-server 2022-02-19 23:19:14,029 [INFO] Reply from ptd: 'Ranges,0,0.500000,0,300.000000'
ptd-server 2022-02-19 23:19:14,029 [INFO] Initial range for Amps is 0.500000 for Volts is 300.000000
ptd-server 2022-02-19 23:19:14,029 [INFO] Sending to ptd: 'SR,V,Auto'
ptd-server 2022-02-19 23:19:14,532 [INFO] Reply from ptd: 'Range V changed'
ptd-server 2022-02-19 23:19:14,532 [INFO] Sending to ptd: 'SR,A,Auto'
ptd-server 2022-02-19 23:19:15,034 [INFO] Reply from ptd: 'Range A changed'
ptd-server 2022-02-19 23:19:25,044 [INFO] Starting ranging mode
ptd-server 2022-02-19 23:19:25,044 [INFO] Sending to ptd: 'Go,1000,0,2022-02-19_23-18-56_ranging'
ptd-server 2022-02-19 23:19:25,044 [INFO] Reply from ptd: 'Starting untimed measurement, maximum 500000 samples at 1000ms with 0 rampup samples'
ptd-server 2022-02-19 23:19:25,045 [INFO] Sending reply to client 'OK'
ptd-server 2022-02-19 23:29:46,725 [INFO] Got command from the client 'session,2022-02-19_23-18-56,stop,ranging'
ptd-server 2022-02-19 23:29:56,732 [INFO] Sending to ptd: 'Stop'
ptd-server 2022-02-19 23:29:56,732 [INFO] Reply from ptd: 'Stopping untimed measurement'
ptd-server 2022-02-19 23:29:57,154 [INFO] Sending reply to client 'OK'
ptd-server 2022-02-19 23:29:57,221 [INFO] Got command from the client 'time'
ptd-server 2022-02-19 23:29:57,222 [INFO] Sending reply to client '1645313397.2221088'
ptd-server 2022-02-19 23:29:57,223 [INFO] Got command from the client 'session,2022-02-19_23-18-56,start,testing'
ptd-server 2022-02-19 23:29:57,223 [INFO] Sending to ptd: 'SR,V,250.990000'
ptd-server 2022-02-19 23:29:58,724 [INFO] Reply from ptd: 'Range V changed'
ptd-server 2022-02-19 23:29:58,724 [INFO] Sending to ptd: 'SR,A,0.067870'
ptd-server 2022-02-19 23:30:00,226 [INFO] Reply from ptd: 'Range A changed'
ptd-server 2022-02-19 23:30:10,236 [INFO] Starting testing mode
ptd-server 2022-02-19 23:30:10,236 [INFO] Sending to ptd: 'Go,1000,0,2022-02-19_23-18-56_testing'
ptd-server 2022-02-19 23:30:10,237 [INFO] Reply from ptd: 'Starting untimed measurement, maximum 500000 samples at 1000ms with 0 rampup samples'
ptd-server 2022-02-19 23:30:10,237 [INFO] Sending reply to client 'OK'
ptd-server 2022-02-19 23:40:32,912 [INFO] Got command from the client 'session,2022-02-19_23-18-56,stop,testing'
ptd-server 2022-02-19 23:40:42,922 [INFO] Sending to ptd: 'Stop'
ptd-server 2022-02-19 23:40:42,923 [INFO] Reply from ptd: 'Stopping untimed measurement'
ptd-server 2022-02-19 23:40:43,143 [INFO] Sending reply to client 'OK'
ptd-server 2022-02-19 23:40:43,155 [INFO] Got command from the client 'session,2022-02-19_23-18-56,done'
ptd-server 2022-02-19 23:40:43,156 [INFO] Sending to ptd: 'Stop'
ptd-server 2022-02-19 23:40:43,238 [INFO] Reply from ptd: 'Error: no measurement to stop'
ptd-server 2022-02-19 23:40:43,238 [INFO] Sending to ptd: 'SR,V,300.000000'
ptd-server 2022-02-19 23:40:44,739 [INFO] Reply from ptd: 'Range V changed'
ptd-server 2022-02-19 23:40:44,739 [INFO] Sending to ptd: 'SR,A,0.500000'
ptd-server 2022-02-19 23:40:46,241 [INFO] Reply from ptd: 'Range A changed'
ptd-server 2022-02-19 23:40:46,241 [INFO] Set initial values for Amps 0.500000 and Volts 300.000000
ptd-server 2022-02-19 23:40:46,241 [INFO] Stopping ptd...
