ptd-server 2022-02-25 12:30:07,377 [INFO] Got command from the client 'time'
ptd-server 2022-02-25 12:30:07,377 [INFO] Sending reply to client '1645813807.377626'
ptd-server 2022-02-25 12:30:07,378 [INFO] Got command from the client 'new,,f7ce6d6b-0c50-4697-8d94-ccb87935c712'
ptd-server 2022-02-25 12:30:07,378 [INFO] Sending reply to client 'OK 2022-02-25_12-30-07,43a5dd95-df3b-4fda-a60e-2bdb440098d0'
ptd-server 2022-02-25 12:30:07,464 [INFO] Got command from the client 'time'
ptd-server 2022-02-25 12:30:07,464 [INFO] Sending reply to client '1645813807.4649048'
ptd-server 2022-02-25 12:30:07,465 [INFO] Got command from the client 'session,2022-02-25_12-30-07,start,ranging'
ptd-server 2022-02-25 12:30:07,465 [INFO] Running PTDaemon: ['/local/mnt/workspace/mlcommons/power-main/inference_v1.0/ptd-linux-x86', '-l', '/tmp/tmp4zullp9k/ptd_logfile.txt', '-p', '8889', '49', '/dev/usbtmc0']
ptd-server 2022-02-25 12:30:24,574 [INFO] Sending to ptd: 'Hello'
ptd-server 2022-02-25 12:30:24,575 [INFO] Reply from ptd: 'Hello, PTDaemon here!'
ptd-server 2022-02-25 12:30:24,575 [INFO] Sending to ptd: 'Identify'
ptd-server 2022-02-25 12:30:24,576 [INFO] Reply from ptd: 'YokogawaWT310E,1000,1,1,1,1,0,1,1,version=1.9.2-e8c7a49a-20201208,OS=Linux 4.15.0-162-generic #170-Ubuntu SMP Mon Oct 18 11:38:05 UTC 2021 x86_64,mode=power,1,1,1,0,0,no_cal_date,YOKOGAWA;WT310E;C2XF16028V;F1.04'
ptd-server 2022-02-25 12:30:24,576 [INFO] Connected to PTDaemon
ptd-server 2022-02-25 12:30:24,576 [INFO] Sending to ptd: 'RR'
ptd-server 2022-02-25 12:30:24,577 [INFO] Reply from ptd: 'Ranges,1,5.000000,1,150.000000'
ptd-server 2022-02-25 12:30:24,577 [INFO] Initial range for Amps is Auto for Volts is Auto
ptd-server 2022-02-25 12:30:24,577 [INFO] Sending to ptd: 'SR,V,Auto'
ptd-server 2022-02-25 12:30:25,080 [INFO] Reply from ptd: 'Range V changed'
ptd-server 2022-02-25 12:30:25,080 [INFO] Sending to ptd: 'SR,A,Auto'
ptd-server 2022-02-25 12:30:25,583 [INFO] Reply from ptd: 'Range A changed'
ptd-server 2022-02-25 12:30:35,594 [INFO] Starting ranging mode
ptd-server 2022-02-25 12:30:35,594 [INFO] Sending to ptd: 'Go,1000,0,2022-02-25_12-30-07_ranging'
ptd-server 2022-02-25 12:30:35,595 [INFO] Reply from ptd: 'Starting untimed measurement, maximum 500000 samples at 1000ms with 0 rampup samples'
ptd-server 2022-02-25 12:30:35,595 [INFO] Sending reply to client 'OK'
ptd-server 2022-02-25 12:43:09,064 [INFO] Got command from the client 'session,2022-02-25_12-30-07,stop,ranging'
ptd-server 2022-02-25 12:43:19,074 [INFO] Sending to ptd: 'Stop'
ptd-server 2022-02-25 12:43:19,075 [INFO] Reply from ptd: 'Stopping untimed measurement'
ptd-server 2022-02-25 12:43:19,315 [INFO] Sending reply to client 'OK'
ptd-server 2022-02-25 12:43:19,412 [INFO] Got command from the client 'time'
ptd-server 2022-02-25 12:43:19,412 [INFO] Sending reply to client '1645814599.412528'
ptd-server 2022-02-25 12:43:19,413 [INFO] Got command from the client 'session,2022-02-25_12-30-07,start,testing'
ptd-server 2022-02-25 12:43:19,413 [INFO] Sending to ptd: 'SR,V,120.040000'
ptd-server 2022-02-25 12:43:21,097 [INFO] Reply from ptd: 'Range V changed'
ptd-server 2022-02-25 12:43:21,098 [INFO] Sending to ptd: 'SR,A,7.247000'
ptd-server 2022-02-25 12:43:22,599 [INFO] Reply from ptd: 'Range A changed'
ptd-server 2022-02-25 12:43:32,610 [INFO] Starting testing mode
ptd-server 2022-02-25 12:43:32,610 [INFO] Sending to ptd: 'Go,1000,0,2022-02-25_12-30-07_testing'
ptd-server 2022-02-25 12:43:32,611 [INFO] Reply from ptd: 'Starting untimed measurement, maximum 500000 samples at 1000ms with 0 rampup samples'
ptd-server 2022-02-25 12:43:32,611 [INFO] Sending reply to client 'OK'
ptd-server 2022-02-25 12:56:05,824 [INFO] Got command from the client 'session,2022-02-25_12-30-07,stop,testing'
ptd-server 2022-02-25 12:56:15,834 [INFO] Sending to ptd: 'Stop'
ptd-server 2022-02-25 12:56:15,835 [INFO] Reply from ptd: 'Stopping untimed measurement'
ptd-server 2022-02-25 12:56:15,960 [INFO] Sending reply to client 'OK'
ptd-server 2022-02-25 12:56:15,970 [INFO] Got command from the client 'session,2022-02-25_12-30-07,done'
ptd-server 2022-02-25 12:56:15,970 [INFO] Sending to ptd: 'Stop'
ptd-server 2022-02-25 12:56:16,612 [INFO] Reply from ptd: 'Error: no measurement to stop'
ptd-server 2022-02-25 12:56:16,612 [INFO] Sending to ptd: 'SR,V,Auto'
ptd-server 2022-02-25 12:56:17,115 [INFO] Reply from ptd: 'Range V changed'
ptd-server 2022-02-25 12:56:17,116 [INFO] Sending to ptd: 'SR,A,Auto'
ptd-server 2022-02-25 12:56:17,619 [INFO] Reply from ptd: 'Range A changed'
ptd-server 2022-02-25 12:56:17,619 [INFO] Set initial values for Amps Auto and Volts Auto
ptd-server 2022-02-25 12:56:17,619 [INFO] Stopping ptd...
