ptd-server 2022-02-13 02:22:25,516 [INFO] Got command from the client 'time'
ptd-server 2022-02-13 02:22:25,516 [INFO] Sending reply to client '1644718945.5161648'
ptd-server 2022-02-13 02:22:25,518 [INFO] Got command from the client 'new,,de3dc00d-a047-4cc9-8206-119a4730114b'
ptd-server 2022-02-13 02:22:25,519 [INFO] Sending reply to client 'OK 2022-02-13_02-22-25,69815c16-8ba8-43fc-affb-6b8736ac25ff'
ptd-server 2022-02-13 02:22:25,566 [INFO] Got command from the client 'time'
ptd-server 2022-02-13 02:22:25,566 [INFO] Sending reply to client '1644718945.5662475'
ptd-server 2022-02-13 02:22:25,568 [INFO] Got command from the client 'session,2022-02-13_02-22-25,start,ranging'
ptd-server 2022-02-13 02:22:25,568 [INFO] Running PTDaemon: ['/home/anton/projects/mlperf/power/inference_v1.0/ptd-linux-x86', '-l', '/tmp/tmpxvec0g6h/ptd_logfile.txt', '-p', '8888', '49', '/dev/usbtmc0']
ptd-server 2022-02-13 02:22:42,741 [INFO] Sending to ptd: 'Hello'
ptd-server 2022-02-13 02:22:42,742 [INFO] Reply from ptd: 'Hello, PTDaemon here!'
ptd-server 2022-02-13 02:22:42,742 [INFO] Sending to ptd: 'Identify'
ptd-server 2022-02-13 02:22:42,742 [INFO] Reply from ptd: 'YokogawaWT310E,1000,1,1,1,1,0,1,1,version=1.9.2-e8c7a49a-20201208,OS=Linux 5.13.0-27-generic #29~20.04.1-Ubuntu SMP Fri Jan 14 00:32:30 UTC 2022 x86_64,mode=power,1,1,1,0,0,no_cal_date,YOKOGAWA;WT310E;C3XA04010E;F1.04'
ptd-server 2022-02-13 02:22:42,743 [INFO] Connected to PTDaemon
ptd-server 2022-02-13 02:22:42,743 [INFO] Sending to ptd: 'RR'
ptd-server 2022-02-13 02:22:42,743 [INFO] Reply from ptd: 'Ranges,0,0.500000,0,300.000000'
ptd-server 2022-02-13 02:22:42,743 [INFO] Initial range for Amps is 0.500000 for Volts is 300.000000
ptd-server 2022-02-13 02:22:42,743 [INFO] Sending to ptd: 'SR,V,Auto'
ptd-server 2022-02-13 02:22:43,246 [INFO] Reply from ptd: 'Range V changed'
ptd-server 2022-02-13 02:22:43,246 [INFO] Sending to ptd: 'SR,A,Auto'
ptd-server 2022-02-13 02:22:43,748 [INFO] Reply from ptd: 'Range A changed'
ptd-server 2022-02-13 02:22:53,759 [INFO] Starting ranging mode
ptd-server 2022-02-13 02:22:53,759 [INFO] Sending to ptd: 'Go,1000,0,2022-02-13_02-22-25_ranging'
ptd-server 2022-02-13 02:22:53,759 [INFO] Reply from ptd: 'Starting untimed measurement, maximum 500000 samples at 1000ms with 0 rampup samples'
ptd-server 2022-02-13 02:22:53,760 [INFO] Sending reply to client 'OK'
ptd-server 2022-02-13 02:33:09,822 [INFO] Got command from the client 'session,2022-02-13_02-22-25,stop,ranging'
ptd-server 2022-02-13 02:33:19,832 [INFO] Sending to ptd: 'Stop'
ptd-server 2022-02-13 02:33:19,833 [INFO] Reply from ptd: 'Stopping untimed measurement'
ptd-server 2022-02-13 02:33:20,390 [INFO] Sending reply to client 'OK'
ptd-server 2022-02-13 02:33:20,445 [INFO] Got command from the client 'time'
ptd-server 2022-02-13 02:33:20,445 [INFO] Sending reply to client '1644719600.4452388'
ptd-server 2022-02-13 02:33:20,447 [INFO] Got command from the client 'session,2022-02-13_02-22-25,start,testing'
ptd-server 2022-02-13 02:33:20,448 [INFO] Sending to ptd: 'SR,V,251.580000'
ptd-server 2022-02-13 02:33:22,261 [INFO] Reply from ptd: 'Range V changed'
ptd-server 2022-02-13 02:33:22,261 [INFO] Sending to ptd: 'SR,A,0.148910'
ptd-server 2022-02-13 02:33:23,762 [INFO] Reply from ptd: 'Range A changed'
ptd-server 2022-02-13 02:33:33,772 [INFO] Starting testing mode
ptd-server 2022-02-13 02:33:33,773 [INFO] Sending to ptd: 'Go,1000,0,2022-02-13_02-22-25_testing'
ptd-server 2022-02-13 02:33:33,773 [INFO] Reply from ptd: 'Starting untimed measurement, maximum 500000 samples at 1000ms with 0 rampup samples'
ptd-server 2022-02-13 02:33:33,773 [INFO] Sending reply to client 'OK'
ptd-server 2022-02-13 02:43:49,620 [INFO] Got command from the client 'session,2022-02-13_02-22-25,stop,testing'
ptd-server 2022-02-13 02:43:59,631 [INFO] Sending to ptd: 'Stop'
ptd-server 2022-02-13 02:43:59,631 [INFO] Reply from ptd: 'Stopping untimed measurement'
ptd-server 2022-02-13 02:43:59,918 [INFO] Sending reply to client 'OK'
ptd-server 2022-02-13 02:43:59,937 [INFO] Got command from the client 'session,2022-02-13_02-22-25,done'
ptd-server 2022-02-13 02:43:59,937 [INFO] Sending to ptd: 'Stop'
ptd-server 2022-02-13 02:43:59,937 [INFO] Reply from ptd: 'Error: no measurement to stop'
ptd-server 2022-02-13 02:43:59,937 [INFO] Sending to ptd: 'SR,V,300.000000'
ptd-server 2022-02-13 02:44:01,439 [INFO] Reply from ptd: 'Range V changed'
ptd-server 2022-02-13 02:44:01,439 [INFO] Sending to ptd: 'SR,A,0.500000'
ptd-server 2022-02-13 02:44:02,940 [INFO] Reply from ptd: 'Range A changed'
ptd-server 2022-02-13 02:44:02,941 [INFO] Set initial values for Amps 0.500000 and Volts 300.000000
ptd-server 2022-02-13 02:44:02,941 [INFO] Stopping ptd...
