ptd-server 2022-02-19 22:56:57,226 [INFO] Got command from the client 'time'
ptd-server 2022-02-19 22:56:57,226 [INFO] Sending reply to client '1645311417.2266388'
ptd-server 2022-02-19 22:56:57,228 [INFO] Got command from the client 'new,,c2598194-5e3c-4705-b283-16db0a8456f2'
ptd-server 2022-02-19 22:56:57,229 [INFO] Sending reply to client 'OK 2022-02-19_22-56-57,6e77ae89-2c68-408f-9e8f-a1f59f2d1321'
ptd-server 2022-02-19 22:56:57,261 [INFO] Got command from the client 'time'
ptd-server 2022-02-19 22:56:57,261 [INFO] Sending reply to client '1645311417.261167'
ptd-server 2022-02-19 22:56:57,262 [INFO] Got command from the client 'session,2022-02-19_22-56-57,start,ranging'
ptd-server 2022-02-19 22:56:57,263 [INFO] Running PTDaemon: ['/home/anton/projects/mlperf/power/inference_v1.0/ptd-linux-x86', '-l', '/tmp/tmpgldyt7rr/ptd_logfile.txt', '-p', '8888', '49', '/dev/usbtmc0']
ptd-server 2022-02-19 22:57:14,436 [INFO] Sending to ptd: 'Hello'
ptd-server 2022-02-19 22:57:14,436 [INFO] Reply from ptd: 'Hello, PTDaemon here!'
ptd-server 2022-02-19 22:57:14,437 [INFO] Sending to ptd: 'Identify'
ptd-server 2022-02-19 22:57:14,437 [INFO] Reply from ptd: 'YokogawaWT310E,1000,1,1,1,1,0,1,1,version=1.9.2-e8c7a49a-20201208,OS=Linux 5.13.0-28-generic #31~20.04.1-Ubuntu SMP Wed Jan 19 14:08:10 UTC 2022 x86_64,mode=power,1,1,1,0,0,no_cal_date,YOKOGAWA;WT310E;C3XA04010E;F1.04'
ptd-server 2022-02-19 22:57:14,437 [INFO] Connected to PTDaemon
ptd-server 2022-02-19 22:57:14,437 [INFO] Sending to ptd: 'RR'
ptd-server 2022-02-19 22:57:14,437 [INFO] Reply from ptd: 'Ranges,0,0.500000,0,300.000000'
ptd-server 2022-02-19 22:57:14,437 [INFO] Initial range for Amps is 0.500000 for Volts is 300.000000
ptd-server 2022-02-19 22:57:14,438 [INFO] Sending to ptd: 'SR,V,Auto'
ptd-server 2022-02-19 22:57:14,940 [INFO] Reply from ptd: 'Range V changed'
ptd-server 2022-02-19 22:57:14,940 [INFO] Sending to ptd: 'SR,A,Auto'
ptd-server 2022-02-19 22:57:15,442 [INFO] Reply from ptd: 'Range A changed'
ptd-server 2022-02-19 22:57:25,453 [INFO] Starting ranging mode
ptd-server 2022-02-19 22:57:25,453 [INFO] Sending to ptd: 'Go,1000,0,2022-02-19_22-56-57_ranging'
ptd-server 2022-02-19 22:57:25,453 [INFO] Reply from ptd: 'Starting untimed measurement, maximum 500000 samples at 1000ms with 0 rampup samples'
ptd-server 2022-02-19 22:57:25,454 [INFO] Sending reply to client 'OK'
ptd-server 2022-02-19 23:07:46,863 [INFO] Got command from the client 'session,2022-02-19_22-56-57,stop,ranging'
ptd-server 2022-02-19 23:07:56,873 [INFO] Sending to ptd: 'Stop'
ptd-server 2022-02-19 23:07:56,873 [INFO] Reply from ptd: 'Stopping untimed measurement'
ptd-server 2022-02-19 23:07:57,281 [INFO] Sending reply to client 'OK'
ptd-server 2022-02-19 23:07:57,358 [INFO] Got command from the client 'time'
ptd-server 2022-02-19 23:07:57,358 [INFO] Sending reply to client '1645312077.3582962'
ptd-server 2022-02-19 23:07:57,359 [INFO] Got command from the client 'session,2022-02-19_22-56-57,start,testing'
ptd-server 2022-02-19 23:07:57,359 [INFO] Sending to ptd: 'SR,V,252.240000'
ptd-server 2022-02-19 23:07:58,954 [INFO] Reply from ptd: 'Range V changed'
ptd-server 2022-02-19 23:07:58,954 [INFO] Sending to ptd: 'SR,A,0.068060'
ptd-server 2022-02-19 23:08:00,456 [INFO] Reply from ptd: 'Range A changed'
ptd-server 2022-02-19 23:08:10,466 [INFO] Starting testing mode
ptd-server 2022-02-19 23:08:10,466 [INFO] Sending to ptd: 'Go,1000,0,2022-02-19_22-56-57_testing'
ptd-server 2022-02-19 23:08:10,467 [INFO] Reply from ptd: 'Starting untimed measurement, maximum 500000 samples at 1000ms with 0 rampup samples'
ptd-server 2022-02-19 23:08:10,467 [INFO] Sending reply to client 'OK'
ptd-server 2022-02-19 23:18:33,056 [INFO] Got command from the client 'session,2022-02-19_22-56-57,stop,testing'
ptd-server 2022-02-19 23:18:43,067 [INFO] Sending to ptd: 'Stop'
ptd-server 2022-02-19 23:18:43,067 [INFO] Reply from ptd: 'Stopping untimed measurement'
ptd-server 2022-02-19 23:18:43,279 [INFO] Sending reply to client 'OK'
ptd-server 2022-02-19 23:18:43,302 [INFO] Got command from the client 'session,2022-02-19_22-56-57,done'
ptd-server 2022-02-19 23:18:43,302 [INFO] Sending to ptd: 'Stop'
ptd-server 2022-02-19 23:18:43,467 [INFO] Reply from ptd: 'Error: no measurement to stop'
ptd-server 2022-02-19 23:18:43,467 [INFO] Sending to ptd: 'SR,V,300.000000'
ptd-server 2022-02-19 23:18:44,969 [INFO] Reply from ptd: 'Range V changed'
ptd-server 2022-02-19 23:18:44,969 [INFO] Sending to ptd: 'SR,A,0.500000'
ptd-server 2022-02-19 23:18:46,470 [INFO] Reply from ptd: 'Range A changed'
ptd-server 2022-02-19 23:18:46,470 [INFO] Set initial values for Amps 0.500000 and Volts 300.000000
ptd-server 2022-02-19 23:18:46,470 [INFO] Stopping ptd...
