ptd-server 2022-02-25 00:36:17,915 [INFO] Got command from the client 'time'
ptd-server 2022-02-25 00:36:17,915 [INFO] Sending reply to client '1645749377.915935'
ptd-server 2022-02-25 00:36:17,917 [INFO] Got command from the client 'new,,d21eabbe-3b70-4119-8893-a4eaecfb66d9'
ptd-server 2022-02-25 00:36:17,918 [INFO] Sending reply to client 'OK 2022-02-25_00-36-17,0be32f45-ef07-419f-bf8b-b861977f2506'
ptd-server 2022-02-25 00:36:17,962 [INFO] Got command from the client 'time'
ptd-server 2022-02-25 00:36:17,962 [INFO] Sending reply to client '1645749377.9627216'
ptd-server 2022-02-25 00:36:17,964 [INFO] Got command from the client 'session,2022-02-25_00-36-17,start,ranging'
ptd-server 2022-02-25 00:36:17,964 [INFO] Running PTDaemon: ['/home/anton/projects/mlperf/power/inference_v1.0/ptd-linux-x86', '-l', '/tmp/tmp0_fn53vp/ptd_logfile.txt', '-p', '8888', '49', '/dev/usbtmc0']
ptd-server 2022-02-25 00:36:35,239 [INFO] Sending to ptd: 'Hello'
ptd-server 2022-02-25 00:36:35,240 [INFO] Reply from ptd: 'Hello, PTDaemon here!'
ptd-server 2022-02-25 00:36:35,240 [INFO] Sending to ptd: 'Identify'
ptd-server 2022-02-25 00:36:35,240 [INFO] Reply from ptd: 'YokogawaWT310E,1000,1,1,1,1,0,1,1,version=1.9.2-e8c7a49a-20201208,OS=Linux 5.13.0-30-generic #33~20.04.1-Ubuntu SMP Mon Feb 7 14:25:10 UTC 2022 x86_64,mode=power,1,1,1,0,0,no_cal_date,YOKOGAWA;WT310E;C3XA04010E;F1.04'
ptd-server 2022-02-25 00:36:35,240 [INFO] Connected to PTDaemon
ptd-server 2022-02-25 00:36:35,240 [INFO] Sending to ptd: 'RR'
ptd-server 2022-02-25 00:36:35,241 [INFO] Reply from ptd: 'Ranges,0,0.500000,1,300.000000'
ptd-server 2022-02-25 00:36:35,241 [INFO] Initial range for Amps is 0.500000 for Volts is Auto
ptd-server 2022-02-25 00:36:35,241 [INFO] Sending to ptd: 'SR,V,Auto'
ptd-server 2022-02-25 00:36:35,743 [INFO] Reply from ptd: 'Range V changed'
ptd-server 2022-02-25 00:36:35,743 [INFO] Sending to ptd: 'SR,A,Auto'
ptd-server 2022-02-25 00:36:36,246 [INFO] Reply from ptd: 'Range A changed'
ptd-server 2022-02-25 00:36:46,256 [INFO] Starting ranging mode
ptd-server 2022-02-25 00:36:46,256 [INFO] Sending to ptd: 'Go,1000,0,2022-02-25_00-36-17_ranging'
ptd-server 2022-02-25 00:36:46,257 [INFO] Reply from ptd: 'Starting untimed measurement, maximum 500000 samples at 1000ms with 0 rampup samples'
ptd-server 2022-02-25 00:36:46,257 [INFO] Sending reply to client 'OK'
ptd-server 2022-02-25 00:47:08,971 [INFO] Got command from the client 'session,2022-02-25_00-36-17,stop,ranging'
ptd-server 2022-02-25 00:47:18,980 [INFO] Sending to ptd: 'Stop'
ptd-server 2022-02-25 00:47:18,980 [INFO] Reply from ptd: 'Stopping untimed measurement'
ptd-server 2022-02-25 00:47:19,236 [INFO] Sending reply to client 'OK'
ptd-server 2022-02-25 00:47:19,315 [INFO] Got command from the client 'time'
ptd-server 2022-02-25 00:47:19,315 [INFO] Sending reply to client '1645750039.3156545'
ptd-server 2022-02-25 00:47:19,317 [INFO] Got command from the client 'session,2022-02-25_00-36-17,start,testing'
ptd-server 2022-02-25 00:47:19,317 [INFO] Sending to ptd: 'SR,V,248.680000'
ptd-server 2022-02-25 00:47:20,818 [INFO] Reply from ptd: 'Range V changed'
ptd-server 2022-02-25 00:47:20,819 [INFO] Sending to ptd: 'SR,A,0.046960'
ptd-server 2022-02-25 00:47:22,320 [INFO] Reply from ptd: 'Range A changed'
ptd-server 2022-02-25 00:47:32,330 [INFO] Starting testing mode
ptd-server 2022-02-25 00:47:32,330 [INFO] Sending to ptd: 'Go,1000,0,2022-02-25_00-36-17_testing'
ptd-server 2022-02-25 00:47:32,330 [INFO] Reply from ptd: 'Starting untimed measurement, maximum 500000 samples at 1000ms with 0 rampup samples'
ptd-server 2022-02-25 00:47:32,330 [INFO] Sending reply to client 'OK'
ptd-server 2022-02-25 00:57:54,668 [INFO] Got command from the client 'session,2022-02-25_00-36-17,stop,testing'
ptd-server 2022-02-25 00:58:04,678 [INFO] Sending to ptd: 'Stop'
ptd-server 2022-02-25 00:58:04,679 [INFO] Reply from ptd: 'Stopping untimed measurement'
ptd-server 2022-02-25 00:58:04,788 [INFO] Sending reply to client 'OK'
ptd-server 2022-02-25 00:58:04,808 [INFO] Got command from the client 'session,2022-02-25_00-36-17,done'
ptd-server 2022-02-25 00:58:04,808 [INFO] Sending to ptd: 'Stop'
ptd-server 2022-02-25 00:58:05,332 [INFO] Reply from ptd: 'Error: no measurement to stop'
ptd-server 2022-02-25 00:58:05,332 [INFO] Sending to ptd: 'SR,V,Auto'
ptd-server 2022-02-25 00:58:05,834 [INFO] Reply from ptd: 'Range V changed'
ptd-server 2022-02-25 00:58:05,835 [INFO] Sending to ptd: 'SR,A,0.500000'
ptd-server 2022-02-25 00:58:07,337 [INFO] Reply from ptd: 'Range A changed'
ptd-server 2022-02-25 00:58:07,337 [INFO] Set initial values for Amps 0.500000 and Volts Auto
ptd-server 2022-02-25 00:58:07,337 [INFO] Stopping ptd...
