ptd-server 2022-02-23 04:13:55,813 [INFO] Got command from the client 'stop'
ptd-server 2022-02-23 04:13:55,813 [INFO] The server will be stopped after processing this client
ptd-server 2022-02-23 04:13:55,813 [INFO] Sending reply to client 'OK'
ptd-server 2022-02-23 04:13:56,021 [INFO] Got command from the client 'time'
ptd-server 2022-02-23 04:13:56,021 [INFO] Sending reply to client '1645618436.0213478'
ptd-server 2022-02-23 04:13:56,021 [INFO] Got command from the client 'new,,a75b4946-0f7f-4686-aed0-a3f451a477b5'
ptd-server 2022-02-23 04:13:56,021 [INFO] Sending reply to client 'OK 2022-02-23_04-13-56,a66e2f90-be6a-4971-aa2e-8f9c4cfed9e9'
ptd-server 2022-02-23 04:13:56,230 [INFO] Got command from the client 'time'
ptd-server 2022-02-23 04:13:56,230 [INFO] Sending reply to client '1645618436.2304573'
ptd-server 2022-02-23 04:13:56,230 [INFO] Got command from the client 'session,2022-02-23_04-13-56,start,ranging'
ptd-server 2022-02-23 04:13:56,339 [INFO] Running PTDaemon: ['C:\\PTD\\ptd-windows-x86.exe', '-l', 'C:\\Users\\lab\\AppData\\Local\\Temp\\tmp2jd98xq3\\ptd_logfile.txt', '-p', '8888', '-c', '1,3', '-y', '77', '10.34.232.250']
ptd-server 2022-02-23 04:14:16,364 [INFO] Sending to ptd: 'Hello'
ptd-server 2022-02-23 04:14:16,364 [INFO] Reply from ptd: 'Hello, PTDaemon here!'
ptd-server 2022-02-23 04:14:16,364 [INFO] Sending to ptd: 'Identify'
ptd-server 2022-02-23 04:14:16,364 [INFO] Reply from ptd: 'YokogawaWT330_multichannel,1000,1,1,1,1,0,0,1,version=1.9.2-3976349f-20201208,OS=Windows 8 / Server 2012,mode=power,1,1,2,0,0,no_cal_date,YOKOGAWA;WT333E;C2WA21018V;F1.04'
ptd-server 2022-02-23 04:14:16,364 [INFO] Connected to PTDaemon
ptd-server 2022-02-23 04:14:16,364 [INFO] Sending to ptd: 'RR'
ptd-server 2022-02-23 04:14:16,364 [INFO] Reply from ptd: 'Ranges,0,20.000000,1,300.000000'
ptd-server 2022-02-23 04:14:16,364 [INFO] Initial range for Amps is 20.000000 for Volts is Auto
ptd-server 2022-02-23 04:14:16,364 [INFO] Sending to ptd: 'SR,V,Auto'
ptd-server 2022-02-23 04:14:21,437 [INFO] Reply from ptd: 'Range V changed'
ptd-server 2022-02-23 04:14:21,437 [INFO] Sending to ptd: 'SR,A,Auto'
ptd-server 2022-02-23 04:14:26,513 [INFO] Reply from ptd: 'Range A changed'
ptd-server 2022-02-23 04:14:36,520 [INFO] Starting ranging mode
ptd-server 2022-02-23 04:14:36,520 [INFO] Sending to ptd: 'Go,1000,0,2022-02-23_04-13-56_ranging'
ptd-server 2022-02-23 04:14:36,520 [INFO] Reply from ptd: 'Starting untimed measurement, maximum 500000 samples at 1000ms with 0 rampup samples'
ptd-server 2022-02-23 04:14:36,520 [INFO] Sending reply to client 'OK'
ptd-server 2022-02-23 04:28:16,675 [INFO] Got command from the client 'session,2022-02-23_04-13-56,stop,ranging'
ptd-server 2022-02-23 04:28:26,684 [INFO] Sending to ptd: 'Stop'
ptd-server 2022-02-23 04:28:26,684 [INFO] Reply from ptd: 'Stopping untimed measurement'
ptd-server 2022-02-23 04:28:26,716 [INFO] Sending reply to client 'OK'
ptd-server 2022-02-23 04:28:26,956 [INFO] Got command from the client 'time'
ptd-server 2022-02-23 04:28:26,956 [INFO] Sending reply to client '1645619306.9568233'
ptd-server 2022-02-23 04:28:26,956 [INFO] Got command from the client 'session,2022-02-23_04-13-56,start,testing'
ptd-server 2022-02-23 04:28:26,956 [INFO] Sending to ptd: 'SR,V,209.050000'
ptd-server 2022-02-23 04:28:33,600 [INFO] Reply from ptd: 'Range V changed'
ptd-server 2022-02-23 04:28:33,600 [INFO] Sending to ptd: 'SR,A,5.009300'
ptd-server 2022-02-23 04:28:39,174 [INFO] Reply from ptd: 'Range A changed'
ptd-server 2022-02-23 04:28:49,178 [INFO] Starting testing mode
ptd-server 2022-02-23 04:28:49,178 [INFO] Sending to ptd: 'Go,1000,0,2022-02-23_04-13-56_testing'
ptd-server 2022-02-23 04:28:49,178 [INFO] Reply from ptd: 'Starting untimed measurement, maximum 500000 samples at 1000ms with 0 rampup samples'
ptd-server 2022-02-23 04:28:49,178 [INFO] Sending reply to client 'OK'
ptd-server 2022-02-23 04:42:36,531 [INFO] Got command from the client 'session,2022-02-23_04-13-56,stop,testing'
ptd-server 2022-02-23 04:42:46,554 [INFO] Sending to ptd: 'Stop'
ptd-server 2022-02-23 04:42:46,554 [INFO] Reply from ptd: 'Stopping untimed measurement'
ptd-server 2022-02-23 04:42:46,570 [INFO] Sending reply to client 'OK'
ptd-server 2022-02-23 04:42:46,617 [INFO] Got command from the client 'session,2022-02-23_04-13-56,done'
ptd-server 2022-02-23 04:42:46,617 [INFO] Sending to ptd: 'Stop'
ptd-server 2022-02-23 04:42:47,193 [INFO] Reply from ptd: 'Error: no measurement to stop'
ptd-server 2022-02-23 04:42:47,193 [INFO] Sending to ptd: 'SR,V,Auto'
ptd-server 2022-02-23 04:42:52,269 [INFO] Reply from ptd: 'Range V changed'
ptd-server 2022-02-23 04:42:52,269 [INFO] Sending to ptd: 'SR,A,20.000000'
ptd-server 2022-02-23 04:42:57,853 [INFO] Reply from ptd: 'Range A changed'
ptd-server 2022-02-23 04:42:57,853 [INFO] Set initial values for Amps 20.000000 and Volts Auto
ptd-server 2022-02-23 04:42:57,853 [INFO] Stopping ptd...
