ptd-server 2022-02-17 07:39:39,671 [INFO] Got command from the client 'time'
ptd-server 2022-02-17 07:39:39,671 [INFO] Sending reply to client '1645083579.6711435'
ptd-server 2022-02-17 07:39:39,672 [INFO] Got command from the client 'new,,938c0b13-71c5-4f8c-91ac-d6e4b6d3defc'
ptd-server 2022-02-17 07:39:39,672 [INFO] Sending reply to client 'OK 2022-02-17_07-39-39,49e54559-b17a-4ef3-9e47-6e86573da72f'
ptd-server 2022-02-17 07:39:39,704 [INFO] Got command from the client 'time'
ptd-server 2022-02-17 07:39:39,704 [INFO] Sending reply to client '1645083579.7044446'
ptd-server 2022-02-17 07:39:39,705 [INFO] Got command from the client 'session,2022-02-17_07-39-39,start,ranging'
ptd-server 2022-02-17 07:39:39,705 [INFO] Running PTDaemon: ['/home/anton/projects/mlperf/power/inference_v1.0/ptd-linux-x86', '-l', '/tmp/tmpgldyt7rr/ptd_logfile.txt', '-p', '8888', '49', '/dev/usbtmc0']
ptd-server 2022-02-17 07:39:56,777 [INFO] Sending to ptd: 'Hello'
ptd-server 2022-02-17 07:39:56,777 [INFO] Reply from ptd: 'Hello, PTDaemon here!'
ptd-server 2022-02-17 07:39:56,777 [INFO] Sending to ptd: 'Identify'
ptd-server 2022-02-17 07:39:56,778 [INFO] Reply from ptd: 'YokogawaWT310E,1000,1,1,1,1,0,1,1,version=1.9.2-e8c7a49a-20201208,OS=Linux 5.13.0-28-generic #31~20.04.1-Ubuntu SMP Wed Jan 19 14:08:10 UTC 2022 x86_64,mode=power,1,1,1,0,0,no_cal_date,YOKOGAWA;WT310E;C3XA04010E;F1.04'
ptd-server 2022-02-17 07:39:56,778 [INFO] Connected to PTDaemon
ptd-server 2022-02-17 07:39:56,778 [INFO] Sending to ptd: 'RR'
ptd-server 2022-02-17 07:39:56,778 [INFO] Reply from ptd: 'Ranges,0,0.500000,0,300.000000'
ptd-server 2022-02-17 07:39:56,778 [INFO] Initial range for Amps is 0.500000 for Volts is 300.000000
ptd-server 2022-02-17 07:39:56,779 [INFO] Sending to ptd: 'SR,V,Auto'
ptd-server 2022-02-17 07:39:57,281 [INFO] Reply from ptd: 'Range V changed'
ptd-server 2022-02-17 07:39:57,281 [INFO] Sending to ptd: 'SR,A,Auto'
ptd-server 2022-02-17 07:39:57,784 [INFO] Reply from ptd: 'Range A changed'
ptd-server 2022-02-17 07:40:07,794 [INFO] Starting ranging mode
ptd-server 2022-02-17 07:40:07,794 [INFO] Sending to ptd: 'Go,1000,0,2022-02-17_07-39-39_ranging'
ptd-server 2022-02-17 07:40:07,795 [INFO] Reply from ptd: 'Starting untimed measurement, maximum 500000 samples at 1000ms with 0 rampup samples'
ptd-server 2022-02-17 07:40:07,795 [INFO] Sending reply to client 'OK'
ptd-server 2022-02-17 07:50:24,773 [INFO] Got command from the client 'session,2022-02-17_07-39-39,stop,ranging'
ptd-server 2022-02-17 07:50:34,783 [INFO] Sending to ptd: 'Stop'
ptd-server 2022-02-17 07:50:34,784 [INFO] Reply from ptd: 'Stopping untimed measurement'
ptd-server 2022-02-17 07:50:34,923 [INFO] Sending reply to client 'OK'
ptd-server 2022-02-17 07:50:34,989 [INFO] Got command from the client 'time'
ptd-server 2022-02-17 07:50:34,989 [INFO] Sending reply to client '1645084234.9897678'
ptd-server 2022-02-17 07:50:34,991 [INFO] Got command from the client 'session,2022-02-17_07-39-39,start,testing'
ptd-server 2022-02-17 07:50:34,991 [INFO] Sending to ptd: 'SR,V,249.460000'
ptd-server 2022-02-17 07:50:36,492 [INFO] Reply from ptd: 'Range V changed'
ptd-server 2022-02-17 07:50:36,492 [INFO] Sending to ptd: 'SR,A,0.050730'
ptd-server 2022-02-17 07:50:37,993 [INFO] Reply from ptd: 'Range A changed'
ptd-server 2022-02-17 07:50:48,004 [INFO] Starting testing mode
ptd-server 2022-02-17 07:50:48,004 [INFO] Sending to ptd: 'Go,1000,0,2022-02-17_07-39-39_testing'
ptd-server 2022-02-17 07:50:48,004 [INFO] Reply from ptd: 'Starting untimed measurement, maximum 500000 samples at 1000ms with 0 rampup samples'
ptd-server 2022-02-17 07:50:48,004 [INFO] Sending reply to client 'OK'
ptd-server 2022-02-17 08:01:05,857 [INFO] Got command from the client 'session,2022-02-17_07-39-39,stop,testing'
ptd-server 2022-02-17 08:01:15,868 [INFO] Sending to ptd: 'Stop'
ptd-server 2022-02-17 08:01:15,868 [INFO] Reply from ptd: 'Stopping untimed measurement'
ptd-server 2022-02-17 08:01:15,946 [INFO] Sending reply to client 'OK'
ptd-server 2022-02-17 08:01:15,968 [INFO] Got command from the client 'session,2022-02-17_07-39-39,done'
ptd-server 2022-02-17 08:01:15,969 [INFO] Sending to ptd: 'Stop'
ptd-server 2022-02-17 08:01:16,005 [INFO] Reply from ptd: 'Error: no measurement to stop'
ptd-server 2022-02-17 08:01:16,005 [INFO] Sending to ptd: 'SR,V,300.000000'
ptd-server 2022-02-17 08:01:17,506 [INFO] Reply from ptd: 'Range V changed'
ptd-server 2022-02-17 08:01:17,506 [INFO] Sending to ptd: 'SR,A,0.500000'
ptd-server 2022-02-17 08:01:19,008 [INFO] Reply from ptd: 'Range A changed'
ptd-server 2022-02-17 08:01:19,008 [INFO] Set initial values for Amps 0.500000 and Volts 300.000000
ptd-server 2022-02-17 08:01:19,008 [INFO] Stopping ptd...
