ptd-server 2022-02-14 23:59:06,932 [INFO] Got command from the client 'time'
ptd-server 2022-02-14 23:59:06,932 [INFO] Sending reply to client '1644883146.932356'
ptd-server 2022-02-14 23:59:06,934 [INFO] Got command from the client 'new,,8c1d545c-eeb2-438d-a6b0-972eb6f6cfb3'
ptd-server 2022-02-14 23:59:06,935 [INFO] Sending reply to client 'OK 2022-02-14_23-59-06,794c4c54-75cf-449a-8f16-adb9f8cdacbd'
ptd-server 2022-02-14 23:59:06,981 [INFO] Got command from the client 'time'
ptd-server 2022-02-14 23:59:06,981 [INFO] Sending reply to client '1644883146.981476'
ptd-server 2022-02-14 23:59:06,984 [INFO] Got command from the client 'session,2022-02-14_23-59-06,start,ranging'
ptd-server 2022-02-14 23:59:06,984 [INFO] Running PTDaemon: ['/home/anton/projects/mlperf/power/inference_v1.0/ptd-linux-x86', '-l', '/tmp/tmpxvec0g6h/ptd_logfile.txt', '-p', '8888', '49', '/dev/usbtmc0']
ptd-server 2022-02-14 23:59:24,157 [INFO] Sending to ptd: 'Hello'
ptd-server 2022-02-14 23:59:24,157 [INFO] Reply from ptd: 'Hello, PTDaemon here!'
ptd-server 2022-02-14 23:59:24,158 [INFO] Sending to ptd: 'Identify'
ptd-server 2022-02-14 23:59:24,158 [INFO] Reply from ptd: 'YokogawaWT310E,1000,1,1,1,1,0,1,1,version=1.9.2-e8c7a49a-20201208,OS=Linux 5.13.0-27-generic #29~20.04.1-Ubuntu SMP Fri Jan 14 00:32:30 UTC 2022 x86_64,mode=power,1,1,1,0,0,no_cal_date,YOKOGAWA;WT310E;C3XA04010E;F1.04'
ptd-server 2022-02-14 23:59:24,158 [INFO] Connected to PTDaemon
ptd-server 2022-02-14 23:59:24,158 [INFO] Sending to ptd: 'RR'
ptd-server 2022-02-14 23:59:24,159 [INFO] Reply from ptd: 'Ranges,0,0.500000,0,300.000000'
ptd-server 2022-02-14 23:59:24,159 [INFO] Initial range for Amps is 0.500000 for Volts is 300.000000
ptd-server 2022-02-14 23:59:24,159 [INFO] Sending to ptd: 'SR,V,Auto'
ptd-server 2022-02-14 23:59:24,661 [INFO] Reply from ptd: 'Range V changed'
ptd-server 2022-02-14 23:59:24,661 [INFO] Sending to ptd: 'SR,A,Auto'
ptd-server 2022-02-14 23:59:25,164 [INFO] Reply from ptd: 'Range A changed'
ptd-server 2022-02-14 23:59:35,174 [INFO] Starting ranging mode
ptd-server 2022-02-14 23:59:35,174 [INFO] Sending to ptd: 'Go,1000,0,2022-02-14_23-59-06_ranging'
ptd-server 2022-02-14 23:59:35,175 [INFO] Reply from ptd: 'Starting untimed measurement, maximum 500000 samples at 1000ms with 0 rampup samples'
ptd-server 2022-02-14 23:59:35,175 [INFO] Sending reply to client 'OK'
ptd-server 2022-02-15 00:09:54,392 [INFO] Got command from the client 'session,2022-02-14_23-59-06,stop,ranging'
ptd-server 2022-02-15 00:10:04,403 [INFO] Sending to ptd: 'Stop'
ptd-server 2022-02-15 00:10:04,403 [INFO] Reply from ptd: 'Stopping untimed measurement'
ptd-server 2022-02-15 00:10:05,181 [INFO] Sending reply to client 'OK'
ptd-server 2022-02-15 00:10:05,251 [INFO] Got command from the client 'time'
ptd-server 2022-02-15 00:10:05,251 [INFO] Sending reply to client '1644883805.251482'
ptd-server 2022-02-15 00:10:05,253 [INFO] Got command from the client 'session,2022-02-14_23-59-06,start,testing'
ptd-server 2022-02-15 00:10:05,253 [INFO] Sending to ptd: 'SR,V,251.350000'
ptd-server 2022-02-15 00:10:06,754 [INFO] Reply from ptd: 'Range V changed'
ptd-server 2022-02-15 00:10:06,755 [INFO] Sending to ptd: 'SR,A,0.177420'
ptd-server 2022-02-15 00:10:08,256 [INFO] Reply from ptd: 'Range A changed'
ptd-server 2022-02-15 00:10:18,266 [INFO] Starting testing mode
ptd-server 2022-02-15 00:10:18,266 [INFO] Sending to ptd: 'Go,1000,0,2022-02-14_23-59-06_testing'
ptd-server 2022-02-15 00:10:18,267 [INFO] Reply from ptd: 'Starting untimed measurement, maximum 500000 samples at 1000ms with 0 rampup samples'
ptd-server 2022-02-15 00:10:18,267 [INFO] Sending reply to client 'OK'
ptd-server 2022-02-15 00:20:37,517 [INFO] Got command from the client 'session,2022-02-14_23-59-06,stop,testing'
ptd-server 2022-02-15 00:20:47,528 [INFO] Sending to ptd: 'Stop'
ptd-server 2022-02-15 00:20:47,528 [INFO] Reply from ptd: 'Stopping untimed measurement'
ptd-server 2022-02-15 00:20:47,938 [INFO] Sending reply to client 'OK'
ptd-server 2022-02-15 00:20:47,955 [INFO] Got command from the client 'session,2022-02-14_23-59-06,done'
ptd-server 2022-02-15 00:20:47,956 [INFO] Sending to ptd: 'Stop'
ptd-server 2022-02-15 00:20:48,267 [INFO] Reply from ptd: 'Error: no measurement to stop'
ptd-server 2022-02-15 00:20:48,267 [INFO] Sending to ptd: 'SR,V,300.000000'
ptd-server 2022-02-15 00:20:49,769 [INFO] Reply from ptd: 'Range V changed'
ptd-server 2022-02-15 00:20:49,769 [INFO] Sending to ptd: 'SR,A,0.500000'
ptd-server 2022-02-15 00:20:51,271 [INFO] Reply from ptd: 'Range A changed'
ptd-server 2022-02-15 00:20:51,271 [INFO] Set initial values for Amps 0.500000 and Volts 300.000000
ptd-server 2022-02-15 00:20:51,271 [INFO] Stopping ptd...
