client 2022-02-18 01:33:10,892 [INFO] Sending command to the server: 'mlcommons/power client v3'
client 2022-02-18 01:33:10,909 [INFO] Got response: 'mlcommons/power server v3'
client 2022-02-18 01:33:10,909 [INFO] Synchronizing with the server and with ntp1.css.fujitsu.com...
client 2022-02-18 01:33:10,945 [INFO] NTP:offset = 0.004 s, delay = 0.028 s 
client 2022-02-18 01:33:10,945 [INFO] Sending command to the server: 'time'
client 2022-02-18 01:33:10,947 [INFO] Got response: '1645147991.0279346'
client 2022-02-18 01:33:10,947 [INFO] The time difference between the client and the server is within range -82.406 ms..-80.552 ms
client 2022-02-18 01:33:10,947 [INFO] Sending command to the server: 'new,,08f9a993-7b28-4039-b66e-c70624069adb'
client 2022-02-18 01:33:10,952 [INFO] Got response: 'OK 2022-02-18_10-33-11,d657dc79-a56c-4dcd-b250-4c62111b1dab'
client 2022-02-18 01:33:10,952 [INFO] Session id is '2022-02-18_10-33-11'
client 2022-02-18 01:33:10,952 [INFO] Sources: {"sources": {"__init__.py": "da39a3ee5e6b4b0d3255bfef95601890afd80709", "client.py": "33ca4f26368777ac06e01f9567b714a4b8063886", "lib/__init__.py": "da39a3ee5e6b4b0d3255bfef95601890afd80709", "lib/client.py": "4c2b78fb4849a7e5b584ef792d82aaed20b17f57", "lib/common.py": "624d0c0acc7c39aaff3674f0b99d6a09da53d1dc", "lib/external/__init__.py": "da39a3ee5e6b4b0d3255bfef95601890afd80709", "lib/external/ntplib.py": "4da8f970656505a40483206ef2b5d3dd5e81711d", "lib/server.py": "59c9fb92908260d3e9f81a895c7aa009742275e4", "lib/source_hashes.py": "60a2e02193209e8d392803326208d5466342da18", "lib/summary.py": "aa92f0a3f975eecd44d3c0cd0236342ccc9f941d", "lib/time_sync.py": "3210db56eb0ff0df57bf4293dc4d4b03fffd46f1", "server.py": "c3f90f2f7eeb4db30727556d0c815ebc89b3d28b", "tests/unit/__init__.py": "da39a3ee5e6b4b0d3255bfef95601890afd80709", "tests/unit/test_server.py": "99ae15aef722f2000ee6ed1ae1523637bf1ae42b", "tests/unit/test_source_hashes.py": "00468a2907583c593e6574a1f6b404e4651c221a"}, "modules": {"ptd_client_server.lib.client": "lib/client.py", "ptd_client_server.lib.common": "lib/common.py", "ptd_client_server.lib.external.ntplib": "lib/external/ntplib.py", "ptd_client_server.lib.source_hashes": "lib/source_hashes.py", "ptd_client_server.lib.summary": "lib/summary.py", "ptd_client_server.lib.time_sync": "lib/time_sync.py"}}
client 2022-02-18 01:33:10,952 [INFO] Running workload in ranging mode
client 2022-02-18 01:33:10,953 [INFO] Synchronizing with the server and with ntp1.css.fujitsu.com...
client 2022-02-18 01:33:10,970 [INFO] NTP:offset = -0.000 s, delay = 0.015 s 
client 2022-02-18 01:33:10,970 [INFO] Sending command to the server: 'time'
client 2022-02-18 01:33:10,972 [INFO] Got response: '1645147991.0436096'
client 2022-02-18 01:33:10,972 [INFO] The time difference between the client and the server is within range -72.695 ms..-70.685 ms
client 2022-02-18 01:33:10,973 [INFO] Sending command to the server: 'session,2022-02-18_10-33-11,start,ranging'
client 2022-02-18 01:33:43,637 [INFO] Got response: 'OK'
client 2022-02-18 01:33:43,637 [INFO] Running the workload 'LOG_DIR=/work/build/power_logs_temp python3 code/main.py --benchmarks=dlrm --scenarios=Server --test_mode=PerformanceOnly --accuracy_target=0.999 --power_setting=MaxQ --action="run_harness" \\\n\t\t2>&1 | tee -a /work/build/power_logs/2022.02.18-01.32.49/stdout.txt \\\n\t\t&& if [ ! -d /work/build/power_logs/2022.02.18-01.32.49/ranging_tmp ]; \\\n\t\t\tthen mkdir /work/build/power_logs/2022.02.18-01.32.49/ranging_tmp \\\n\t\t\t\t&& mv /work/build/power_logs_temp/* /work/build/power_logs/2022.02.18-01.32.49/ranging_tmp/ \\\n\t\t\t\t&& cp -v /work/build/power_logs/2022.02.18-01.32.49/ranging_tmp/*/*/*/mlperf_log_detail.txt /work/build/power_logs_temp/ \\\n\t\t\t\t&& cp -v /work/build/power_logs/2022.02.18-01.32.49/ranging_tmp/*/*/*/mlperf_log_summary.txt /work/build/power_logs_temp/; \\\n\t\t\telse mkdir /work/build/power_logs/2022.02.18-01.32.49/testing_tmp \\\n\t\t\t\t&& mv /work/build/power_logs_temp/* /work/build/power_logs/2022.02.18-01.32.49/testing_tmp/ \\\n\t\t\t\t&& cp -v /work/build/power_logs/2022.02.18-01.32.49/testing_tmp/*/*/*/mlperf_log_detail.txt /work/build/power_logs_temp/ \\\n\t\t\t\t&& cp -v /work/build/power_logs/2022.02.18-01.32.49/testing_tmp/*/*/*/mlperf_log_summary.txt /work/build/power_logs_temp/; fi'
client 2022-02-18 01:56:48,282 [INFO] Sending command to the server: 'session,2022-02-18_10-33-11,stop,ranging'
client 2022-02-18 01:56:58,987 [INFO] Got response: 'OK'
client 2022-02-18 01:56:59,006 [INFO] Copying loadgen logs from '/work/build/power_logs_temp' to '/work/build/power_logs/2022.02.18-01.32.49/2022-02-18_10-33-11/ranging'
client 2022-02-18 01:56:59,008 [INFO] Running workload in testing mode
client 2022-02-18 01:56:59,008 [INFO] Synchronizing with the server and with ntp1.css.fujitsu.com...
client 2022-02-18 01:56:59,025 [INFO] NTP:offset = 0.000 s, delay = 0.015 s 
client 2022-02-18 01:56:59,025 [INFO] Sending command to the server: 'time'
client 2022-02-18 01:56:59,026 [INFO] Got response: '1645149419.099002'
client 2022-02-18 01:56:59,026 [INFO] The time difference between the client and the server is within range -73.548 ms..-72.067 ms
client 2022-02-18 01:56:59,027 [INFO] Sending command to the server: 'session,2022-02-18_10-33-11,start,testing'
client 2022-02-18 01:57:12,112 [INFO] Got response: 'OK'
client 2022-02-18 01:57:12,112 [INFO] Running the workload 'LOG_DIR=/work/build/power_logs_temp python3 code/main.py --benchmarks=dlrm --scenarios=Server --test_mode=PerformanceOnly --accuracy_target=0.999 --power_setting=MaxQ --action="run_harness" \\\n\t\t2>&1 | tee -a /work/build/power_logs/2022.02.18-01.32.49/stdout.txt \\\n\t\t&& if [ ! -d /work/build/power_logs/2022.02.18-01.32.49/ranging_tmp ]; \\\n\t\t\tthen mkdir /work/build/power_logs/2022.02.18-01.32.49/ranging_tmp \\\n\t\t\t\t&& mv /work/build/power_logs_temp/* /work/build/power_logs/2022.02.18-01.32.49/ranging_tmp/ \\\n\t\t\t\t&& cp -v /work/build/power_logs/2022.02.18-01.32.49/ranging_tmp/*/*/*/mlperf_log_detail.txt /work/build/power_logs_temp/ \\\n\t\t\t\t&& cp -v /work/build/power_logs/2022.02.18-01.32.49/ranging_tmp/*/*/*/mlperf_log_summary.txt /work/build/power_logs_temp/; \\\n\t\t\telse mkdir /work/build/power_logs/2022.02.18-01.32.49/testing_tmp \\\n\t\t\t\t&& mv /work/build/power_logs_temp/* /work/build/power_logs/2022.02.18-01.32.49/testing_tmp/ \\\n\t\t\t\t&& cp -v /work/build/power_logs/2022.02.18-01.32.49/testing_tmp/*/*/*/mlperf_log_detail.txt /work/build/power_logs_temp/ \\\n\t\t\t\t&& cp -v /work/build/power_logs/2022.02.18-01.32.49/testing_tmp/*/*/*/mlperf_log_summary.txt /work/build/power_logs_temp/; fi'
client 2022-02-18 02:20:33,303 [INFO] Sending command to the server: 'session,2022-02-18_10-33-11,stop,testing'
client 2022-02-18 02:20:43,402 [INFO] Got response: 'OK'
client 2022-02-18 02:20:43,418 [INFO] Copying loadgen logs from '/work/build/power_logs_temp' to '/work/build/power_logs/2022.02.18-01.32.49/2022-02-18_10-33-11/run_1'
client 2022-02-18 02:20:43,420 [INFO] Done runs
