ptd-server 2022-02-18 10:33:11,027 [INFO] Got command from the client 'time'
ptd-server 2022-02-18 10:33:11,027 [INFO] Sending reply to client '1645147991.0279346'
ptd-server 2022-02-18 10:33:11,027 [INFO] Got command from the client 'new,,08f9a993-7b28-4039-b66e-c70624069adb'
ptd-server 2022-02-18 10:33:11,027 [INFO] Sending reply to client 'OK 2022-02-18_10-33-11,d657dc79-a56c-4dcd-b250-4c62111b1dab'
ptd-server 2022-02-18 10:33:11,043 [INFO] Got command from the client 'time'
ptd-server 2022-02-18 10:33:11,043 [INFO] Sending reply to client '1645147991.0436096'
ptd-server 2022-02-18 10:33:11,043 [INFO] Got command from the client 'session,2022-02-18_10-33-11,start,ranging'
ptd-server 2022-02-18 10:33:11,152 [INFO] Running PTDaemon: ['C:\\mlperf\\power\\inference_v1.0\\ptd-windows-x86.exe', '-l', 'C:\\Users\\mlperf\\AppData\\Local\\Temp\\tmpn3fcmhzf\\ptd_logfile.txt', '-p', '8888', '-y', '49', 'C3YB05015E']
ptd-server 2022-02-18 10:33:32,668 [INFO] Sending to ptd: 'Hello'
ptd-server 2022-02-18 10:33:32,668 [INFO] Reply from ptd: 'Hello, PTDaemon here!'
ptd-server 2022-02-18 10:33:32,668 [INFO] Sending to ptd: 'Identify'
ptd-server 2022-02-18 10:33:32,668 [INFO] Reply from ptd: 'YokogawaWT310E,1000,1,1,1,1,0,1,1,version=1.9.2-3976349f-20201208,OS=Windows 8 / Server 2012,mode=power,1,1,1,0,0,no_cal_date,YOKOGAWA;WT310E;C3YB05015E;F1.04'
ptd-server 2022-02-18 10:33:32,668 [INFO] Connected to PTDaemon
ptd-server 2022-02-18 10:33:32,668 [INFO] Sending to ptd: 'RR'
ptd-server 2022-02-18 10:33:32,668 [INFO] Reply from ptd: 'Ranges,1,10.000000,1,300.000000'
ptd-server 2022-02-18 10:33:32,668 [INFO] Initial range for Amps is Auto for Volts is Auto
ptd-server 2022-02-18 10:33:32,668 [INFO] Sending to ptd: 'SR,V,Auto'
ptd-server 2022-02-18 10:33:33,183 [INFO] Reply from ptd: 'Range V changed'
ptd-server 2022-02-18 10:33:33,183 [INFO] Sending to ptd: 'SR,A,Auto'
ptd-server 2022-02-18 10:33:33,700 [INFO] Reply from ptd: 'Range A changed'
ptd-server 2022-02-18 10:33:43,714 [INFO] Starting ranging mode
ptd-server 2022-02-18 10:33:43,714 [INFO] Sending to ptd: 'Go,1000,0,2022-02-18_10-33-11_ranging'
ptd-server 2022-02-18 10:33:43,714 [INFO] Reply from ptd: 'Starting untimed measurement, maximum 500000 samples at 1000ms with 0 rampup samples'
ptd-server 2022-02-18 10:33:43,714 [INFO] Sending reply to client 'OK'
ptd-server 2022-02-18 10:56:48,364 [INFO] Got command from the client 'session,2022-02-18_10-33-11,stop,ranging'
ptd-server 2022-02-18 10:56:58,380 [INFO] Sending to ptd: 'Stop'
ptd-server 2022-02-18 10:56:58,380 [INFO] Reply from ptd: 'Stopping untimed measurement'
ptd-server 2022-02-18 10:56:59,067 [INFO] Sending reply to client 'OK'
ptd-server 2022-02-18 10:56:59,099 [INFO] Got command from the client 'time'
ptd-server 2022-02-18 10:56:59,099 [INFO] Sending reply to client '1645149419.099002'
ptd-server 2022-02-18 10:56:59,114 [INFO] Got command from the client 'session,2022-02-18_10-33-11,start,testing'
ptd-server 2022-02-18 10:56:59,114 [INFO] Sending to ptd: 'SR,V,204.860000'
ptd-server 2022-02-18 10:57:00,645 [INFO] Reply from ptd: 'Range V changed'
ptd-server 2022-02-18 10:57:00,645 [INFO] Sending to ptd: 'SR,A,16.101000'
ptd-server 2022-02-18 10:57:02,177 [INFO] Reply from ptd: 'Range A changed'
ptd-server 2022-02-18 10:57:12,192 [INFO] Starting testing mode
ptd-server 2022-02-18 10:57:12,192 [INFO] Sending to ptd: 'Go,1000,0,2022-02-18_10-33-11_testing'
ptd-server 2022-02-18 10:57:12,192 [INFO] Reply from ptd: 'Starting untimed measurement, maximum 500000 samples at 1000ms with 0 rampup samples'
ptd-server 2022-02-18 10:57:12,192 [INFO] Sending reply to client 'OK'
ptd-server 2022-02-18 11:20:33,389 [INFO] Got command from the client 'session,2022-02-18_10-33-11,stop,testing'
ptd-server 2022-02-18 11:20:43,405 [INFO] Sending to ptd: 'Stop'
ptd-server 2022-02-18 11:20:43,405 [INFO] Reply from ptd: 'Stopping untimed measurement'
ptd-server 2022-02-18 11:20:43,483 [INFO] Sending reply to client 'OK'
ptd-server 2022-02-18 11:20:43,514 [INFO] Got command from the client 'session,2022-02-18_10-33-11,done'
ptd-server 2022-02-18 11:20:43,514 [INFO] Sending to ptd: 'Stop'
ptd-server 2022-02-18 11:20:44,202 [INFO] Reply from ptd: 'Error: no measurement to stop'
ptd-server 2022-02-18 11:20:44,202 [INFO] Sending to ptd: 'SR,V,Auto'
ptd-server 2022-02-18 11:20:44,717 [INFO] Reply from ptd: 'Range V changed'
ptd-server 2022-02-18 11:20:44,717 [INFO] Sending to ptd: 'SR,A,Auto'
ptd-server 2022-02-18 11:20:45,233 [INFO] Reply from ptd: 'Range A changed'
ptd-server 2022-02-18 11:20:45,233 [INFO] Set initial values for Amps Auto and Volts Auto
ptd-server 2022-02-18 11:20:45,233 [INFO] Stopping ptd...
