ptd-server 2022-02-21 05:32:50,867 [INFO] Got command from the client 'time'
ptd-server 2022-02-21 05:32:50,868 [INFO] Sending reply to client '1645421570.8681486'
ptd-server 2022-02-21 05:32:50,870 [INFO] Got command from the client 'new,,3b501791-0f43-4eda-9ab9-eb8b1e8d979f'
ptd-server 2022-02-21 05:32:50,870 [INFO] Sending reply to client 'OK 2022-02-21_05-32-50,7e17a884-c4be-4aa8-a51d-ecc520e3b2d3'
ptd-server 2022-02-21 05:32:50,907 [INFO] Got command from the client 'time'
ptd-server 2022-02-21 05:32:50,907 [INFO] Sending reply to client '1645421570.9072745'
ptd-server 2022-02-21 05:32:50,908 [INFO] Got command from the client 'session,2022-02-21_05-32-50,start,ranging'
ptd-server 2022-02-21 05:32:50,909 [INFO] Running PTDaemon: ['/home/anton/projects/mlperf/power/inference_v1.0/ptd-linux-x86', '-l', '/tmp/tmpgldyt7rr/ptd_logfile.txt', '-p', '8888', '49', '/dev/usbtmc0']
ptd-server 2022-02-21 05:33:08,080 [INFO] Sending to ptd: 'Hello'
ptd-server 2022-02-21 05:33:08,081 [INFO] Reply from ptd: 'Hello, PTDaemon here!'
ptd-server 2022-02-21 05:33:08,081 [INFO] Sending to ptd: 'Identify'
ptd-server 2022-02-21 05:33:08,081 [INFO] Reply from ptd: 'YokogawaWT310E,1000,1,1,1,1,0,1,1,version=1.9.2-e8c7a49a-20201208,OS=Linux 5.13.0-28-generic #31~20.04.1-Ubuntu SMP Wed Jan 19 14:08:10 UTC 2022 x86_64,mode=power,1,1,1,0,0,no_cal_date,YOKOGAWA;WT310E;C3XA04010E;F1.04'
ptd-server 2022-02-21 05:33:08,081 [INFO] Connected to PTDaemon
ptd-server 2022-02-21 05:33:08,082 [INFO] Sending to ptd: 'RR'
ptd-server 2022-02-21 05:33:08,082 [INFO] Reply from ptd: 'Ranges,0,0.500000,0,300.000000'
ptd-server 2022-02-21 05:33:08,082 [INFO] Initial range for Amps is 0.500000 for Volts is 300.000000
ptd-server 2022-02-21 05:33:08,082 [INFO] Sending to ptd: 'SR,V,Auto'
ptd-server 2022-02-21 05:33:08,585 [INFO] Reply from ptd: 'Range V changed'
ptd-server 2022-02-21 05:33:08,585 [INFO] Sending to ptd: 'SR,A,Auto'
ptd-server 2022-02-21 05:33:09,087 [INFO] Reply from ptd: 'Range A changed'
ptd-server 2022-02-21 05:33:19,098 [INFO] Starting ranging mode
ptd-server 2022-02-21 05:33:19,098 [INFO] Sending to ptd: 'Go,1000,0,2022-02-21_05-32-50_ranging'
ptd-server 2022-02-21 05:33:19,098 [INFO] Reply from ptd: 'Starting untimed measurement, maximum 500000 samples at 1000ms with 0 rampup samples'
ptd-server 2022-02-21 05:33:19,098 [INFO] Sending reply to client 'OK'
ptd-server 2022-02-21 05:43:46,603 [INFO] Got command from the client 'session,2022-02-21_05-32-50,stop,ranging'
ptd-server 2022-02-21 05:43:56,613 [INFO] Sending to ptd: 'Stop'
ptd-server 2022-02-21 05:43:56,614 [INFO] Reply from ptd: 'Stopping untimed measurement'
ptd-server 2022-02-21 05:43:57,185 [INFO] Sending reply to client 'OK'
ptd-server 2022-02-21 05:43:57,266 [INFO] Got command from the client 'time'
ptd-server 2022-02-21 05:43:57,266 [INFO] Sending reply to client '1645422237.266651'
ptd-server 2022-02-21 05:43:57,271 [INFO] Got command from the client 'session,2022-02-21_05-32-50,start,testing'
ptd-server 2022-02-21 05:43:57,271 [INFO] Sending to ptd: 'SR,V,250.080000'
ptd-server 2022-02-21 05:43:58,772 [INFO] Reply from ptd: 'Range V changed'
ptd-server 2022-02-21 05:43:58,772 [INFO] Sending to ptd: 'SR,A,0.043010'
ptd-server 2022-02-21 05:44:00,274 [INFO] Reply from ptd: 'Range A changed'
ptd-server 2022-02-21 05:44:10,284 [INFO] Starting testing mode
ptd-server 2022-02-21 05:44:10,284 [INFO] Sending to ptd: 'Go,1000,0,2022-02-21_05-32-50_testing'
ptd-server 2022-02-21 05:44:10,285 [INFO] Reply from ptd: 'Starting untimed measurement, maximum 500000 samples at 1000ms with 0 rampup samples'
ptd-server 2022-02-21 05:44:10,285 [INFO] Sending reply to client 'OK'
ptd-server 2022-02-21 05:54:38,780 [INFO] Got command from the client 'session,2022-02-21_05-32-50,stop,testing'
ptd-server 2022-02-21 05:54:48,790 [INFO] Sending to ptd: 'Stop'
ptd-server 2022-02-21 05:54:48,791 [INFO] Reply from ptd: 'Stopping untimed measurement'
ptd-server 2022-02-21 05:54:49,087 [INFO] Sending reply to client 'OK'
ptd-server 2022-02-21 05:54:49,127 [INFO] Got command from the client 'session,2022-02-21_05-32-50,done'
ptd-server 2022-02-21 05:54:49,127 [INFO] Sending to ptd: 'Stop'
ptd-server 2022-02-21 05:54:49,285 [INFO] Reply from ptd: 'Error: no measurement to stop'
ptd-server 2022-02-21 05:54:49,285 [INFO] Sending to ptd: 'SR,V,300.000000'
ptd-server 2022-02-21 05:54:50,787 [INFO] Reply from ptd: 'Range V changed'
ptd-server 2022-02-21 05:54:50,787 [INFO] Sending to ptd: 'SR,A,0.500000'
ptd-server 2022-02-21 05:54:52,288 [INFO] Reply from ptd: 'Range A changed'
ptd-server 2022-02-21 05:54:52,289 [INFO] Set initial values for Amps 0.500000 and Volts 300.000000
ptd-server 2022-02-21 05:54:52,289 [INFO] Stopping ptd...
