ptd-server 2022-02-13 15:31:22,174 [INFO] Got command from the client 'time'
ptd-server 2022-02-13 15:31:22,174 [INFO] Sending reply to client '1644766282.1741555'
ptd-server 2022-02-13 15:31:22,175 [INFO] Got command from the client 'new,,44b9a04e-0374-4235-b24a-6150be211561'
ptd-server 2022-02-13 15:31:22,176 [INFO] Sending reply to client 'OK 2022-02-13_15-31-22,a4f10e98-585f-4b46-bf8c-3e30ff996fd7'
ptd-server 2022-02-13 15:31:22,214 [INFO] Got command from the client 'time'
ptd-server 2022-02-13 15:31:22,215 [INFO] Sending reply to client '1644766282.2150078'
ptd-server 2022-02-13 15:31:22,217 [INFO] Got command from the client 'session,2022-02-13_15-31-22,start,ranging'
ptd-server 2022-02-13 15:31:22,217 [INFO] Running PTDaemon: ['/home/anton/projects/mlperf/power/inference_v1.0/ptd-linux-x86', '-l', '/tmp/tmpxvec0g6h/ptd_logfile.txt', '-p', '8888', '49', '/dev/usbtmc0']
ptd-server 2022-02-13 15:31:39,391 [INFO] Sending to ptd: 'Hello'
ptd-server 2022-02-13 15:31:39,391 [INFO] Reply from ptd: 'Hello, PTDaemon here!'
ptd-server 2022-02-13 15:31:39,391 [INFO] Sending to ptd: 'Identify'
ptd-server 2022-02-13 15:31:39,392 [INFO] Reply from ptd: 'YokogawaWT310E,1000,1,1,1,1,0,1,1,version=1.9.2-e8c7a49a-20201208,OS=Linux 5.13.0-27-generic #29~20.04.1-Ubuntu SMP Fri Jan 14 00:32:30 UTC 2022 x86_64,mode=power,1,1,1,0,0,no_cal_date,YOKOGAWA;WT310E;C3XA04010E;F1.04'
ptd-server 2022-02-13 15:31:39,392 [INFO] Connected to PTDaemon
ptd-server 2022-02-13 15:31:39,392 [INFO] Sending to ptd: 'RR'
ptd-server 2022-02-13 15:31:39,392 [INFO] Reply from ptd: 'Ranges,0,0.500000,0,300.000000'
ptd-server 2022-02-13 15:31:39,393 [INFO] Initial range for Amps is 0.500000 for Volts is 300.000000
ptd-server 2022-02-13 15:31:39,393 [INFO] Sending to ptd: 'SR,V,Auto'
ptd-server 2022-02-13 15:31:39,895 [INFO] Reply from ptd: 'Range V changed'
ptd-server 2022-02-13 15:31:39,895 [INFO] Sending to ptd: 'SR,A,Auto'
ptd-server 2022-02-13 15:31:40,398 [INFO] Reply from ptd: 'Range A changed'
ptd-server 2022-02-13 15:31:50,408 [INFO] Starting ranging mode
ptd-server 2022-02-13 15:31:50,408 [INFO] Sending to ptd: 'Go,1000,0,2022-02-13_15-31-22_ranging'
ptd-server 2022-02-13 15:31:50,409 [INFO] Reply from ptd: 'Starting untimed measurement, maximum 500000 samples at 1000ms with 0 rampup samples'
ptd-server 2022-02-13 15:31:50,409 [INFO] Sending reply to client 'OK'
ptd-server 2022-02-13 15:42:06,163 [INFO] Got command from the client 'session,2022-02-13_15-31-22,stop,ranging'
ptd-server 2022-02-13 15:42:16,172 [INFO] Sending to ptd: 'Stop'
ptd-server 2022-02-13 15:42:16,172 [INFO] Reply from ptd: 'Stopping untimed measurement'
ptd-server 2022-02-13 15:42:16,819 [INFO] Sending reply to client 'OK'
ptd-server 2022-02-13 15:42:16,891 [INFO] Got command from the client 'time'
ptd-server 2022-02-13 15:42:16,891 [INFO] Sending reply to client '1644766936.8914287'
ptd-server 2022-02-13 15:42:16,894 [INFO] Got command from the client 'session,2022-02-13_15-31-22,start,testing'
ptd-server 2022-02-13 15:42:16,894 [INFO] Sending to ptd: 'SR,V,248.810000'
ptd-server 2022-02-13 15:42:18,395 [INFO] Reply from ptd: 'Range V changed'
ptd-server 2022-02-13 15:42:18,395 [INFO] Sending to ptd: 'SR,A,0.162030'
ptd-server 2022-02-13 15:42:19,897 [INFO] Reply from ptd: 'Range A changed'
ptd-server 2022-02-13 15:42:29,907 [INFO] Starting testing mode
ptd-server 2022-02-13 15:42:29,907 [INFO] Sending to ptd: 'Go,1000,0,2022-02-13_15-31-22_testing'
ptd-server 2022-02-13 15:42:29,908 [INFO] Reply from ptd: 'Starting untimed measurement, maximum 500000 samples at 1000ms with 0 rampup samples'
ptd-server 2022-02-13 15:42:29,908 [INFO] Sending reply to client 'OK'
ptd-server 2022-02-13 15:52:45,375 [INFO] Got command from the client 'session,2022-02-13_15-31-22,stop,testing'
ptd-server 2022-02-13 15:52:55,386 [INFO] Sending to ptd: 'Stop'
ptd-server 2022-02-13 15:52:55,386 [INFO] Reply from ptd: 'Stopping untimed measurement'
ptd-server 2022-02-13 15:52:55,713 [INFO] Sending reply to client 'OK'
ptd-server 2022-02-13 15:52:55,732 [INFO] Got command from the client 'session,2022-02-13_15-31-22,done'
ptd-server 2022-02-13 15:52:55,732 [INFO] Sending to ptd: 'Stop'
ptd-server 2022-02-13 15:52:55,909 [INFO] Reply from ptd: 'Error: no measurement to stop'
ptd-server 2022-02-13 15:52:55,909 [INFO] Sending to ptd: 'SR,V,300.000000'
ptd-server 2022-02-13 15:52:57,410 [INFO] Reply from ptd: 'Range V changed'
ptd-server 2022-02-13 15:52:57,410 [INFO] Sending to ptd: 'SR,A,0.500000'
ptd-server 2022-02-13 15:52:58,912 [INFO] Reply from ptd: 'Range A changed'
ptd-server 2022-02-13 15:52:58,912 [INFO] Set initial values for Amps 0.500000 and Volts 300.000000
ptd-server 2022-02-13 15:52:58,912 [INFO] Stopping ptd...
