ptd-server 2022-02-19 05:58:34,872 [INFO] Got command from the client 'time'
ptd-server 2022-02-19 05:58:34,872 [INFO] Sending reply to client '1645250314.8724256'
ptd-server 2022-02-19 05:58:34,874 [INFO] Got command from the client 'new,,1e4d8cc5-c7a0-47d9-9ee3-78ed093b2b6d'
ptd-server 2022-02-19 05:58:34,874 [INFO] Sending reply to client 'OK 2022-02-19_05-58-34,2645592b-f196-40e6-a9ca-759716389a12'
ptd-server 2022-02-19 05:58:34,906 [INFO] Got command from the client 'time'
ptd-server 2022-02-19 05:58:34,906 [INFO] Sending reply to client '1645250314.9063468'
ptd-server 2022-02-19 05:58:34,907 [INFO] Got command from the client 'session,2022-02-19_05-58-34,start,ranging'
ptd-server 2022-02-19 05:58:34,908 [INFO] Running PTDaemon: ['/home/anton/projects/mlperf/power/inference_v1.0/ptd-linux-x86', '-l', '/tmp/tmpgldyt7rr/ptd_logfile.txt', '-p', '8888', '49', '/dev/usbtmc0']
ptd-server 2022-02-19 05:58:52,080 [INFO] Sending to ptd: 'Hello'
ptd-server 2022-02-19 05:58:52,080 [INFO] Reply from ptd: 'Hello, PTDaemon here!'
ptd-server 2022-02-19 05:58:52,081 [INFO] Sending to ptd: 'Identify'
ptd-server 2022-02-19 05:58:52,081 [INFO] Reply from ptd: 'YokogawaWT310E,1000,1,1,1,1,0,1,1,version=1.9.2-e8c7a49a-20201208,OS=Linux 5.13.0-28-generic #31~20.04.1-Ubuntu SMP Wed Jan 19 14:08:10 UTC 2022 x86_64,mode=power,1,1,1,0,0,no_cal_date,YOKOGAWA;WT310E;C3XA04010E;F1.04'
ptd-server 2022-02-19 05:58:52,081 [INFO] Connected to PTDaemon
ptd-server 2022-02-19 05:58:52,081 [INFO] Sending to ptd: 'RR'
ptd-server 2022-02-19 05:58:52,082 [INFO] Reply from ptd: 'Ranges,0,0.500000,0,300.000000'
ptd-server 2022-02-19 05:58:52,082 [INFO] Initial range for Amps is 0.500000 for Volts is 300.000000
ptd-server 2022-02-19 05:58:52,082 [INFO] Sending to ptd: 'SR,V,Auto'
ptd-server 2022-02-19 05:58:52,584 [INFO] Reply from ptd: 'Range V changed'
ptd-server 2022-02-19 05:58:52,584 [INFO] Sending to ptd: 'SR,A,Auto'
ptd-server 2022-02-19 05:58:53,087 [INFO] Reply from ptd: 'Range A changed'
ptd-server 2022-02-19 05:59:03,097 [INFO] Starting ranging mode
ptd-server 2022-02-19 05:59:03,097 [INFO] Sending to ptd: 'Go,1000,0,2022-02-19_05-58-34_ranging'
ptd-server 2022-02-19 05:59:03,098 [INFO] Reply from ptd: 'Starting untimed measurement, maximum 500000 samples at 1000ms with 0 rampup samples'
ptd-server 2022-02-19 05:59:03,098 [INFO] Sending reply to client 'OK'
ptd-server 2022-02-19 06:09:28,703 [INFO] Got command from the client 'session,2022-02-19_05-58-34,stop,ranging'
ptd-server 2022-02-19 06:09:38,714 [INFO] Sending to ptd: 'Stop'
ptd-server 2022-02-19 06:09:38,714 [INFO] Reply from ptd: 'Stopping untimed measurement'
ptd-server 2022-02-19 06:09:39,030 [INFO] Sending reply to client 'OK'
ptd-server 2022-02-19 06:09:39,129 [INFO] Got command from the client 'time'
ptd-server 2022-02-19 06:09:39,130 [INFO] Sending reply to client '1645250979.130004'
ptd-server 2022-02-19 06:09:39,134 [INFO] Got command from the client 'session,2022-02-19_05-58-34,start,testing'
ptd-server 2022-02-19 06:09:39,135 [INFO] Sending to ptd: 'SR,V,249.450000'
ptd-server 2022-02-19 06:09:40,636 [INFO] Reply from ptd: 'Range V changed'
ptd-server 2022-02-19 06:09:40,636 [INFO] Sending to ptd: 'SR,A,0.044400'
ptd-server 2022-02-19 06:09:42,138 [INFO] Reply from ptd: 'Range A changed'
ptd-server 2022-02-19 06:09:52,148 [INFO] Starting testing mode
ptd-server 2022-02-19 06:09:52,148 [INFO] Sending to ptd: 'Go,1000,0,2022-02-19_05-58-34_testing'
ptd-server 2022-02-19 06:09:52,148 [INFO] Reply from ptd: 'Starting untimed measurement, maximum 500000 samples at 1000ms with 0 rampup samples'
ptd-server 2022-02-19 06:09:52,149 [INFO] Sending reply to client 'OK'
ptd-server 2022-02-19 06:20:18,530 [INFO] Got command from the client 'session,2022-02-19_05-58-34,stop,testing'
ptd-server 2022-02-19 06:20:28,540 [INFO] Sending to ptd: 'Stop'
ptd-server 2022-02-19 06:20:28,540 [INFO] Reply from ptd: 'Stopping untimed measurement'
ptd-server 2022-02-19 06:20:28,725 [INFO] Sending reply to client 'OK'
ptd-server 2022-02-19 06:20:28,768 [INFO] Got command from the client 'session,2022-02-19_05-58-34,done'
ptd-server 2022-02-19 06:20:28,769 [INFO] Sending to ptd: 'Stop'
ptd-server 2022-02-19 06:20:29,149 [INFO] Reply from ptd: 'Error: no measurement to stop'
ptd-server 2022-02-19 06:20:29,149 [INFO] Sending to ptd: 'SR,V,300.000000'
ptd-server 2022-02-19 06:20:30,650 [INFO] Reply from ptd: 'Range V changed'
ptd-server 2022-02-19 06:20:30,650 [INFO] Sending to ptd: 'SR,A,0.500000'
ptd-server 2022-02-19 06:20:32,152 [INFO] Reply from ptd: 'Range A changed'
ptd-server 2022-02-19 06:20:32,152 [INFO] Set initial values for Amps 0.500000 and Volts 300.000000
ptd-server 2022-02-19 06:20:32,152 [INFO] Stopping ptd...
