ptd-server 2022-02-22 12:35:05,632 [INFO] Got command from the client 'time'
ptd-server 2022-02-22 12:35:05,632 [INFO] Sending reply to client '1645533305.6327674'
ptd-server 2022-02-22 12:35:05,634 [INFO] Got command from the client 'new,,2c1a3ebb-767b-4704-920b-19136c8c8e82'
ptd-server 2022-02-22 12:35:05,635 [INFO] Sending reply to client 'OK 2022-02-22_12-35-05,c00a3644-44f5-4116-82e6-6d9ebf7da0dc'
ptd-server 2022-02-22 12:35:05,672 [INFO] Got command from the client 'time'
ptd-server 2022-02-22 12:35:05,672 [INFO] Sending reply to client '1645533305.6727989'
ptd-server 2022-02-22 12:35:05,674 [INFO] Got command from the client 'session,2022-02-22_12-35-05,start,ranging'
ptd-server 2022-02-22 12:35:05,675 [INFO] Running PTDaemon: ['/home/anton/projects/mlperf/power/inference_v1.0/ptd-linux-x86', '-l', '/tmp/tmpgldyt7rr/ptd_logfile.txt', '-p', '8888', '49', '/dev/usbtmc0']
ptd-server 2022-02-22 12:35:22,847 [INFO] Sending to ptd: 'Hello'
ptd-server 2022-02-22 12:35:22,848 [INFO] Reply from ptd: 'Hello, PTDaemon here!'
ptd-server 2022-02-22 12:35:22,848 [INFO] Sending to ptd: 'Identify'
ptd-server 2022-02-22 12:35:22,849 [INFO] Reply from ptd: 'YokogawaWT310E,1000,1,1,1,1,0,1,1,version=1.9.2-e8c7a49a-20201208,OS=Linux 5.13.0-28-generic #31~20.04.1-Ubuntu SMP Wed Jan 19 14:08:10 UTC 2022 x86_64,mode=power,1,1,1,0,0,no_cal_date,YOKOGAWA;WT310E;C3XA04010E;F1.04'
ptd-server 2022-02-22 12:35:22,849 [INFO] Connected to PTDaemon
ptd-server 2022-02-22 12:35:22,849 [INFO] Sending to ptd: 'RR'
ptd-server 2022-02-22 12:35:22,849 [INFO] Reply from ptd: 'Ranges,0,0.500000,0,300.000000'
ptd-server 2022-02-22 12:35:22,849 [INFO] Initial range for Amps is 0.500000 for Volts is 300.000000
ptd-server 2022-02-22 12:35:22,849 [INFO] Sending to ptd: 'SR,V,Auto'
ptd-server 2022-02-22 12:35:23,352 [INFO] Reply from ptd: 'Range V changed'
ptd-server 2022-02-22 12:35:23,352 [INFO] Sending to ptd: 'SR,A,Auto'
ptd-server 2022-02-22 12:35:23,854 [INFO] Reply from ptd: 'Range A changed'
ptd-server 2022-02-22 12:35:33,865 [INFO] Starting ranging mode
ptd-server 2022-02-22 12:35:33,865 [INFO] Sending to ptd: 'Go,1000,0,2022-02-22_12-35-05_ranging'
ptd-server 2022-02-22 12:35:33,865 [INFO] Reply from ptd: 'Starting untimed measurement, maximum 500000 samples at 1000ms with 0 rampup samples'
ptd-server 2022-02-22 12:35:33,866 [INFO] Sending reply to client 'OK'
ptd-server 2022-02-22 12:46:03,169 [INFO] Got command from the client 'session,2022-02-22_12-35-05,stop,ranging'
ptd-server 2022-02-22 12:46:13,179 [INFO] Sending to ptd: 'Stop'
ptd-server 2022-02-22 12:46:13,180 [INFO] Reply from ptd: 'Stopping untimed measurement'
ptd-server 2022-02-22 12:46:13,904 [INFO] Sending reply to client 'OK'
ptd-server 2022-02-22 12:46:13,961 [INFO] Got command from the client 'time'
ptd-server 2022-02-22 12:46:13,961 [INFO] Sending reply to client '1645533973.9615188'
ptd-server 2022-02-22 12:46:13,963 [INFO] Got command from the client 'session,2022-02-22_12-35-05,start,testing'
ptd-server 2022-02-22 12:46:13,963 [INFO] Sending to ptd: 'SR,V,252.630000'
ptd-server 2022-02-22 12:46:15,465 [INFO] Reply from ptd: 'Range V changed'
ptd-server 2022-02-22 12:46:15,465 [INFO] Sending to ptd: 'SR,A,0.053910'
ptd-server 2022-02-22 12:46:16,966 [INFO] Reply from ptd: 'Range A changed'
ptd-server 2022-02-22 12:46:26,977 [INFO] Starting testing mode
ptd-server 2022-02-22 12:46:26,977 [INFO] Sending to ptd: 'Go,1000,0,2022-02-22_12-35-05_testing'
ptd-server 2022-02-22 12:46:26,977 [INFO] Reply from ptd: 'Starting untimed measurement, maximum 500000 samples at 1000ms with 0 rampup samples'
ptd-server 2022-02-22 12:46:26,977 [INFO] Sending reply to client 'OK'
ptd-server 2022-02-22 12:56:56,272 [INFO] Got command from the client 'session,2022-02-22_12-35-05,stop,testing'
ptd-server 2022-02-22 12:57:06,280 [INFO] Sending to ptd: 'Stop'
ptd-server 2022-02-22 12:57:06,280 [INFO] Reply from ptd: 'Stopping untimed measurement'
ptd-server 2022-02-22 12:57:06,663 [INFO] Sending reply to client 'OK'
ptd-server 2022-02-22 12:57:06,681 [INFO] Got command from the client 'session,2022-02-22_12-35-05,done'
ptd-server 2022-02-22 12:57:06,681 [INFO] Sending to ptd: 'Stop'
ptd-server 2022-02-22 12:57:06,977 [INFO] Reply from ptd: 'Error: no measurement to stop'
ptd-server 2022-02-22 12:57:06,977 [INFO] Sending to ptd: 'SR,V,300.000000'
ptd-server 2022-02-22 12:57:08,478 [INFO] Reply from ptd: 'Range V changed'
ptd-server 2022-02-22 12:57:08,479 [INFO] Sending to ptd: 'SR,A,0.500000'
ptd-server 2022-02-22 12:57:09,981 [INFO] Reply from ptd: 'Range A changed'
ptd-server 2022-02-22 12:57:09,981 [INFO] Set initial values for Amps 0.500000 and Volts 300.000000
ptd-server 2022-02-22 12:57:09,981 [INFO] Stopping ptd...
