client 2022-02-25 01:30:37,944 [INFO] Sending command to the server: 'mlcommons/power client v3'
client 2022-02-25 01:30:37,946 [INFO] Got response: 'mlcommons/power server v3'
client 2022-02-25 01:30:37,946 [INFO] Sending command to the server: 'stop'
client 2022-02-25 01:30:37,948 [INFO] Got response: 'OK'
client 2022-02-25 01:30:37,949 [INFO] Synchronizing with the server and with 100.64.0.18...
client 2022-02-25 01:30:37,953 [INFO] NTP:offset = 0.000 s, delay = 0.001 s 
client 2022-02-25 01:30:37,953 [INFO] Sending command to the server: 'time'
client 2022-02-25 01:30:37,956 [INFO] Got response: '1645752637.868764'
client 2022-02-25 01:30:37,956 [INFO] The time difference between the client and the server is within range 84.829 ms..87.530 ms
client 2022-02-25 01:30:37,956 [INFO] Sending command to the server: 'new,,b7174802-7691-4f59-be8b-3f5c353f8029'
client 2022-02-25 01:30:37,958 [INFO] Got response: 'OK 2022-02-25_01-30-37,e69eab91-1965-4554-b6d2-89adfe0094fe'
client 2022-02-25 01:30:37,958 [INFO] Session id is '2022-02-25_01-30-37'
client 2022-02-25 01:30:37,958 [INFO] Sources: {"sources": {"__init__.py": "da39a3ee5e6b4b0d3255bfef95601890afd80709", "client.py": "33ca4f26368777ac06e01f9567b714a4b8063886", "lib/__init__.py": "da39a3ee5e6b4b0d3255bfef95601890afd80709", "lib/client.py": "4c2b78fb4849a7e5b584ef792d82aaed20b17f57", "lib/common.py": "624d0c0acc7c39aaff3674f0b99d6a09da53d1dc", "lib/external/__init__.py": "da39a3ee5e6b4b0d3255bfef95601890afd80709", "lib/external/ntplib.py": "4da8f970656505a40483206ef2b5d3dd5e81711d", "lib/server.py": "59c9fb92908260d3e9f81a895c7aa009742275e4", "lib/source_hashes.py": "60a2e02193209e8d392803326208d5466342da18", "lib/summary.py": "aa92f0a3f975eecd44d3c0cd0236342ccc9f941d", "lib/time_sync.py": "3210db56eb0ff0df57bf4293dc4d4b03fffd46f1", "server.py": "c3f90f2f7eeb4db30727556d0c815ebc89b3d28b", "tests/unit/__init__.py": "da39a3ee5e6b4b0d3255bfef95601890afd80709", "tests/unit/test_server.py": "99ae15aef722f2000ee6ed1ae1523637bf1ae42b", "tests/unit/test_source_hashes.py": "00468a2907583c593e6574a1f6b404e4651c221a"}, "modules": {"ptd_client_server.lib.client": "lib/client.py", "ptd_client_server.lib.common": "lib/common.py", "ptd_client_server.lib.external.ntplib": "lib/external/ntplib.py", "ptd_client_server.lib.source_hashes": "lib/source_hashes.py", "ptd_client_server.lib.summary": "lib/summary.py", "ptd_client_server.lib.time_sync": "lib/time_sync.py"}}
client 2022-02-25 01:30:37,958 [INFO] Running workload in ranging mode
client 2022-02-25 01:30:37,958 [INFO] Synchronizing with the server and with 100.64.0.18...
client 2022-02-25 01:30:37,961 [INFO] NTP:offset = 0.000 s, delay = 0.001 s 
client 2022-02-25 01:30:37,961 [INFO] Sending command to the server: 'time'
client 2022-02-25 01:30:37,963 [INFO] Got response: '1645752637.877174'
client 2022-02-25 01:30:37,963 [INFO] The time difference between the client and the server is within range 84.057 ms..86.302 ms
client 2022-02-25 01:30:37,963 [INFO] Sending command to the server: 'session,2022-02-25_01-30-37,start,ranging'
client 2022-02-25 01:31:01,936 [INFO] Got response: 'OK'
client 2022-02-25 01:31:01,936 [INFO] Running the workload 'LOG_DIR=/work/build/power_logs_temp python3 code/main.py --benchmarks=bert \t--scenarios=singlestream \t--config_ver=default_maxq \t--test_mode=PerformanceOnly  --action="run_harness" \\\n\t\t2>&1 | tee -a /work/build/power_logs/2022.02.25-01.30.27/stdout.txt \\\n\t\t&& if [ ! -d /work/build/power_logs/2022.02.25-01.30.27/ranging_tmp ]; \\\n\t\t\tthen mkdir /work/build/power_logs/2022.02.25-01.30.27/ranging_tmp \\\n\t\t\t\t&& mv /work/build/power_logs_temp/* /work/build/power_logs/2022.02.25-01.30.27/ranging_tmp/ \\\n\t\t\t\t&& cp -v /work/build/power_logs/2022.02.25-01.30.27/ranging_tmp/*/*/*/mlperf_log_detail.txt /work/build/power_logs_temp/ \\\n\t\t\t\t&& cp -v /work/build/power_logs/2022.02.25-01.30.27/ranging_tmp/*/*/*/mlperf_log_summary.txt /work/build/power_logs_temp/; \\\n\t\t\telse mkdir /work/build/power_logs/2022.02.25-01.30.27/testing_tmp \\\n\t\t\t\t&& mv /work/build/power_logs_temp/* /work/build/power_logs/2022.02.25-01.30.27/testing_tmp/ \\\n\t\t\t\t&& cp -v /work/build/power_logs/2022.02.25-01.30.27/testing_tmp/*/*/*/mlperf_log_detail.txt /work/build/power_logs_temp/ \\\n\t\t\t\t&& cp -v /work/build/power_logs/2022.02.25-01.30.27/testing_tmp/*/*/*/mlperf_log_summary.txt /work/build/power_logs_temp/; fi'
client 2022-02-25 01:41:12,004 [INFO] Sending command to the server: 'session,2022-02-25_01-30-37,stop,ranging'
client 2022-02-25 01:41:22,036 [INFO] Got response: 'OK'
client 2022-02-25 01:41:22,047 [INFO] Copying loadgen logs from '/work/build/power_logs_temp' to '/work/build/power_logs/2022.02.25-01.30.27/2022-02-25_01-30-37/ranging'
client 2022-02-25 01:41:22,048 [INFO] Running workload in testing mode
client 2022-02-25 01:41:22,049 [INFO] Synchronizing with the server and with 100.64.0.18...
client 2022-02-25 01:41:22,051 [INFO] NTP:offset = 0.000 s, delay = 0.001 s 
client 2022-02-25 01:41:22,051 [INFO] Sending command to the server: 'time'
client 2022-02-25 01:41:22,053 [INFO] Got response: '1645753281.9422963'
client 2022-02-25 01:41:22,053 [INFO] The time difference between the client and the server is within range 109.179 ms..111.364 ms
client 2022-02-25 01:41:22,053 [INFO] Sending command to the server: 'session,2022-02-25_01-30-37,start,testing'
client 2022-02-25 01:41:36,041 [INFO] Got response: 'OK'
client 2022-02-25 01:41:36,041 [INFO] Running the workload 'LOG_DIR=/work/build/power_logs_temp python3 code/main.py --benchmarks=bert \t--scenarios=singlestream \t--config_ver=default_maxq \t--test_mode=PerformanceOnly  --action="run_harness" \\\n\t\t2>&1 | tee -a /work/build/power_logs/2022.02.25-01.30.27/stdout.txt \\\n\t\t&& if [ ! -d /work/build/power_logs/2022.02.25-01.30.27/ranging_tmp ]; \\\n\t\t\tthen mkdir /work/build/power_logs/2022.02.25-01.30.27/ranging_tmp \\\n\t\t\t\t&& mv /work/build/power_logs_temp/* /work/build/power_logs/2022.02.25-01.30.27/ranging_tmp/ \\\n\t\t\t\t&& cp -v /work/build/power_logs/2022.02.25-01.30.27/ranging_tmp/*/*/*/mlperf_log_detail.txt /work/build/power_logs_temp/ \\\n\t\t\t\t&& cp -v /work/build/power_logs/2022.02.25-01.30.27/ranging_tmp/*/*/*/mlperf_log_summary.txt /work/build/power_logs_temp/; \\\n\t\t\telse mkdir /work/build/power_logs/2022.02.25-01.30.27/testing_tmp \\\n\t\t\t\t&& mv /work/build/power_logs_temp/* /work/build/power_logs/2022.02.25-01.30.27/testing_tmp/ \\\n\t\t\t\t&& cp -v /work/build/power_logs/2022.02.25-01.30.27/testing_tmp/*/*/*/mlperf_log_detail.txt /work/build/power_logs_temp/ \\\n\t\t\t\t&& cp -v /work/build/power_logs/2022.02.25-01.30.27/testing_tmp/*/*/*/mlperf_log_summary.txt /work/build/power_logs_temp/; fi'
client 2022-02-25 01:51:45,912 [INFO] Sending command to the server: 'session,2022-02-25_01-30-37,stop,testing'
client 2022-02-25 01:51:55,948 [INFO] Got response: 'OK'
client 2022-02-25 01:51:55,951 [INFO] Copying loadgen logs from '/work/build/power_logs_temp' to '/work/build/power_logs/2022.02.25-01.30.27/2022-02-25_01-30-37/run_1'
client 2022-02-25 01:51:55,952 [INFO] Done runs
