ptd-server 2022-02-22 16:18:53,737 [INFO] Got command from the client 'stop'
ptd-server 2022-02-22 16:18:53,738 [INFO] The server will be stopped after processing this client
ptd-server 2022-02-22 16:18:53,738 [INFO] Sending reply to client 'OK'
ptd-server 2022-02-22 16:18:53,842 [INFO] Got command from the client 'time'
ptd-server 2022-02-22 16:18:53,842 [INFO] Sending reply to client '1645546733.8421896'
ptd-server 2022-02-22 16:18:53,844 [INFO] Got command from the client 'new,,c8c7adad-0e56-4389-9234-2c5299191aaf'
ptd-server 2022-02-22 16:18:53,844 [INFO] Sending reply to client 'OK 2022-02-22_16-18-53,b708114c-4903-4ccc-8ecf-2c98ac8e871d'
ptd-server 2022-02-22 16:18:53,963 [INFO] Got command from the client 'time'
ptd-server 2022-02-22 16:18:53,963 [INFO] Sending reply to client '1645546733.9632733'
ptd-server 2022-02-22 16:18:53,964 [INFO] Got command from the client 'session,2022-02-22_16-18-53,start,ranging'
ptd-server 2022-02-22 16:18:54,073 [INFO] Running PTDaemon: ['C:\\PTD\\ptd-windows-x86.exe', '-l', 'C:\\Users\\mlperf\\AppData\\Local\\Temp\\tmpw0cx6phj\\ptd_logfile.txt', '-p', '8888', '49', 'COM4']
ptd-server 2022-02-22 16:19:13,366 [INFO] Sending to ptd: 'Hello'
ptd-server 2022-02-22 16:19:13,371 [INFO] Reply from ptd: 'Hello, PTDaemon here!'
ptd-server 2022-02-22 16:19:13,372 [INFO] Sending to ptd: 'Identify'
ptd-server 2022-02-22 16:19:13,373 [INFO] Reply from ptd: 'YokogawaWT310E,1000,1,1,1,1,0,1,1,version=1.9.2-3976349f-20201208,OS=Windows 8 / Server 2012,mode=power,1,1,1,0,0,no_cal_date,YOKOGAWA;WT310E;C3TA11005E;F1.02'
ptd-server 2022-02-22 16:19:13,373 [INFO] Connected to PTDaemon
ptd-server 2022-02-22 16:19:13,374 [INFO] Sending to ptd: 'RR'
ptd-server 2022-02-22 16:19:13,374 [INFO] Reply from ptd: 'Ranges,0,10.000000,0,300.000000'
ptd-server 2022-02-22 16:19:13,375 [INFO] Initial range for Amps is 10.000000 for Volts is 300.000000
ptd-server 2022-02-22 16:19:13,375 [INFO] Sending to ptd: 'SR,V,Auto'
ptd-server 2022-02-22 16:19:13,940 [INFO] Reply from ptd: 'Range V changed'
ptd-server 2022-02-22 16:19:13,941 [INFO] Sending to ptd: 'SR,A,Auto'
ptd-server 2022-02-22 16:19:14,519 [INFO] Reply from ptd: 'Range A changed'
ptd-server 2022-02-22 16:19:24,531 [INFO] Starting ranging mode
ptd-server 2022-02-22 16:19:24,536 [INFO] Sending to ptd: 'Go,1000,0,2022-02-22_16-18-53_ranging'
ptd-server 2022-02-22 16:19:24,536 [INFO] Reply from ptd: 'Starting untimed measurement, maximum 500000 samples at 1000ms with 0 rampup samples'
ptd-server 2022-02-22 16:19:24,537 [INFO] Sending reply to client 'OK'
ptd-server 2022-02-22 16:29:42,248 [INFO] Got command from the client 'session,2022-02-22_16-18-53,stop,ranging'
ptd-server 2022-02-22 16:29:52,257 [INFO] Sending to ptd: 'Stop'
ptd-server 2022-02-22 16:29:52,259 [INFO] Reply from ptd: 'Stopping untimed measurement'
ptd-server 2022-02-22 16:29:52,273 [INFO] Sending reply to client 'OK'
ptd-server 2022-02-22 16:29:52,435 [INFO] Got command from the client 'time'
ptd-server 2022-02-22 16:29:52,436 [INFO] Sending reply to client '1645547392.4362006'
ptd-server 2022-02-22 16:29:52,438 [INFO] Got command from the client 'session,2022-02-22_16-18-53,start,testing'
ptd-server 2022-02-22 16:29:52,439 [INFO] Sending to ptd: 'SR,V,225.770000'
ptd-server 2022-02-22 16:29:54,136 [INFO] Reply from ptd: 'Range V changed'
ptd-server 2022-02-22 16:29:54,136 [INFO] Sending to ptd: 'SR,A,2.315300'
ptd-server 2022-02-22 16:29:55,726 [INFO] Reply from ptd: 'Range A changed'
ptd-server 2022-02-22 16:30:05,741 [INFO] Starting testing mode
ptd-server 2022-02-22 16:30:05,741 [INFO] Sending to ptd: 'Go,1000,0,2022-02-22_16-18-53_testing'
ptd-server 2022-02-22 16:30:05,742 [INFO] Reply from ptd: 'Starting untimed measurement, maximum 500000 samples at 1000ms with 0 rampup samples'
ptd-server 2022-02-22 16:30:05,743 [INFO] Sending reply to client 'OK'
ptd-server 2022-02-22 16:40:23,658 [INFO] Got command from the client 'session,2022-02-22_16-18-53,stop,testing'
ptd-server 2022-02-22 16:40:33,670 [INFO] Sending to ptd: 'Stop'
ptd-server 2022-02-22 16:40:33,675 [INFO] Reply from ptd: 'Stopping untimed measurement'
ptd-server 2022-02-22 16:40:33,686 [INFO] Sending reply to client 'OK'
ptd-server 2022-02-22 16:40:33,694 [INFO] Got command from the client 'session,2022-02-22_16-18-53,done'
ptd-server 2022-02-22 16:40:33,694 [INFO] Sending to ptd: 'Stop'
ptd-server 2022-02-22 16:40:33,745 [INFO] Reply from ptd: 'Error: no measurement to stop'
ptd-server 2022-02-22 16:40:33,745 [INFO] Sending to ptd: 'SR,V,300.000000'
ptd-server 2022-02-22 16:40:35,331 [INFO] Reply from ptd: 'Range V changed'
ptd-server 2022-02-22 16:40:35,331 [INFO] Sending to ptd: 'SR,A,10.000000'
ptd-server 2022-02-22 16:40:36,915 [INFO] Reply from ptd: 'Range A changed'
ptd-server 2022-02-22 16:40:36,916 [INFO] Set initial values for Amps 10.000000 and Volts 300.000000
ptd-server 2022-02-22 16:40:36,917 [INFO] Stopping ptd...
