ptd-server 2022-02-21 16:45:12,484 [INFO] Got command from the client 'time'
ptd-server 2022-02-21 16:45:12,484 [INFO] Sending reply to client '1645461912.4848895'
ptd-server 2022-02-21 16:45:12,486 [INFO] Got command from the client 'new,,9020ebab-2453-43f5-9cb7-9623e765109a'
ptd-server 2022-02-21 16:45:12,486 [INFO] Sending reply to client 'OK 2022-02-21_16-45-12,9601ec77-e62c-4365-a363-ebdf824df556'
ptd-server 2022-02-21 16:45:12,520 [INFO] Got command from the client 'time'
ptd-server 2022-02-21 16:45:12,520 [INFO] Sending reply to client '1645461912.520681'
ptd-server 2022-02-21 16:45:12,521 [INFO] Got command from the client 'session,2022-02-21_16-45-12,start,ranging'
ptd-server 2022-02-21 16:45:12,522 [INFO] Running PTDaemon: ['/home/anton/projects/mlperf/power/inference_v1.0/ptd-linux-x86', '-l', '/tmp/tmpgldyt7rr/ptd_logfile.txt', '-p', '8888', '49', '/dev/usbtmc0']
ptd-server 2022-02-21 16:45:29,694 [INFO] Sending to ptd: 'Hello'
ptd-server 2022-02-21 16:45:29,695 [INFO] Reply from ptd: 'Hello, PTDaemon here!'
ptd-server 2022-02-21 16:45:29,695 [INFO] Sending to ptd: 'Identify'
ptd-server 2022-02-21 16:45:29,695 [INFO] Reply from ptd: 'YokogawaWT310E,1000,1,1,1,1,0,1,1,version=1.9.2-e8c7a49a-20201208,OS=Linux 5.13.0-28-generic #31~20.04.1-Ubuntu SMP Wed Jan 19 14:08:10 UTC 2022 x86_64,mode=power,1,1,1,0,0,no_cal_date,YOKOGAWA;WT310E;C3XA04010E;F1.04'
ptd-server 2022-02-21 16:45:29,695 [INFO] Connected to PTDaemon
ptd-server 2022-02-21 16:45:29,695 [INFO] Sending to ptd: 'RR'
ptd-server 2022-02-21 16:45:29,696 [INFO] Reply from ptd: 'Ranges,0,0.500000,0,300.000000'
ptd-server 2022-02-21 16:45:29,696 [INFO] Initial range for Amps is 0.500000 for Volts is 300.000000
ptd-server 2022-02-21 16:45:29,696 [INFO] Sending to ptd: 'SR,V,Auto'
ptd-server 2022-02-21 16:45:30,199 [INFO] Reply from ptd: 'Range V changed'
ptd-server 2022-02-21 16:45:30,199 [INFO] Sending to ptd: 'SR,A,Auto'
ptd-server 2022-02-21 16:45:30,701 [INFO] Reply from ptd: 'Range A changed'
ptd-server 2022-02-21 16:45:40,711 [INFO] Starting ranging mode
ptd-server 2022-02-21 16:45:40,712 [INFO] Sending to ptd: 'Go,1000,0,2022-02-21_16-45-12_ranging'
ptd-server 2022-02-21 16:45:40,712 [INFO] Reply from ptd: 'Starting untimed measurement, maximum 500000 samples at 1000ms with 0 rampup samples'
ptd-server 2022-02-21 16:45:40,712 [INFO] Sending reply to client 'OK'
ptd-server 2022-02-21 16:56:02,131 [INFO] Got command from the client 'session,2022-02-21_16-45-12,stop,ranging'
ptd-server 2022-02-21 16:56:12,141 [INFO] Sending to ptd: 'Stop'
ptd-server 2022-02-21 16:56:12,142 [INFO] Reply from ptd: 'Stopping untimed measurement'
ptd-server 2022-02-21 16:56:12,767 [INFO] Sending reply to client 'OK'
ptd-server 2022-02-21 16:56:12,834 [INFO] Got command from the client 'time'
ptd-server 2022-02-21 16:56:12,834 [INFO] Sending reply to client '1645462572.8347042'
ptd-server 2022-02-21 16:56:12,836 [INFO] Got command from the client 'session,2022-02-21_16-45-12,start,testing'
ptd-server 2022-02-21 16:56:12,836 [INFO] Sending to ptd: 'SR,V,252.760000'
ptd-server 2022-02-21 16:56:14,337 [INFO] Reply from ptd: 'Range V changed'
ptd-server 2022-02-21 16:56:14,337 [INFO] Sending to ptd: 'SR,A,0.070480'
ptd-server 2022-02-21 16:56:15,839 [INFO] Reply from ptd: 'Range A changed'
ptd-server 2022-02-21 16:56:25,849 [INFO] Starting testing mode
ptd-server 2022-02-21 16:56:25,849 [INFO] Sending to ptd: 'Go,1000,0,2022-02-21_16-45-12_testing'
ptd-server 2022-02-21 16:56:25,850 [INFO] Reply from ptd: 'Starting untimed measurement, maximum 500000 samples at 1000ms with 0 rampup samples'
ptd-server 2022-02-21 16:56:25,850 [INFO] Sending reply to client 'OK'
ptd-server 2022-02-21 17:06:48,392 [INFO] Got command from the client 'session,2022-02-21_16-45-12,stop,testing'
ptd-server 2022-02-21 17:06:58,403 [INFO] Sending to ptd: 'Stop'
ptd-server 2022-02-21 17:06:58,403 [INFO] Reply from ptd: 'Stopping untimed measurement'
ptd-server 2022-02-21 17:06:58,724 [INFO] Sending reply to client 'OK'
ptd-server 2022-02-21 17:06:58,745 [INFO] Got command from the client 'session,2022-02-21_16-45-12,done'
ptd-server 2022-02-21 17:06:58,745 [INFO] Sending to ptd: 'Stop'
ptd-server 2022-02-21 17:06:58,851 [INFO] Reply from ptd: 'Error: no measurement to stop'
ptd-server 2022-02-21 17:06:58,851 [INFO] Sending to ptd: 'SR,V,300.000000'
ptd-server 2022-02-21 17:07:00,352 [INFO] Reply from ptd: 'Range V changed'
ptd-server 2022-02-21 17:07:00,352 [INFO] Sending to ptd: 'SR,A,0.500000'
ptd-server 2022-02-21 17:07:01,854 [INFO] Reply from ptd: 'Range A changed'
ptd-server 2022-02-21 17:07:01,854 [INFO] Set initial values for Amps 0.500000 and Volts 300.000000
ptd-server 2022-02-21 17:07:01,854 [INFO] Stopping ptd...
