ptd-server 2022-02-22 17:24:03,779 [INFO] Got command from the client 'time'
ptd-server 2022-02-22 17:24:03,779 [INFO] Sending reply to client '1645550643.779477'
ptd-server 2022-02-22 17:24:03,781 [INFO] Got command from the client 'new,,cbcd7d53-9c7e-4524-a355-8a9fef908b9c'
ptd-server 2022-02-22 17:24:03,782 [INFO] Sending reply to client 'OK 2022-02-22_17-24-03,9a19efe6-51ca-4bb3-aed0-7063370f19ec'
ptd-server 2022-02-22 17:24:03,819 [INFO] Got command from the client 'time'
ptd-server 2022-02-22 17:24:03,819 [INFO] Sending reply to client '1645550643.819333'
ptd-server 2022-02-22 17:24:03,821 [INFO] Got command from the client 'session,2022-02-22_17-24-03,start,ranging'
ptd-server 2022-02-22 17:24:03,821 [INFO] Running PTDaemon: ['/home/anton/projects/mlperf/power/inference_v1.0/ptd-linux-x86', '-l', '/tmp/tmpgldyt7rr/ptd_logfile.txt', '-p', '8888', '49', '/dev/usbtmc0']
ptd-server 2022-02-22 17:24:20,997 [INFO] Sending to ptd: 'Hello'
ptd-server 2022-02-22 17:24:20,997 [INFO] Reply from ptd: 'Hello, PTDaemon here!'
ptd-server 2022-02-22 17:24:20,998 [INFO] Sending to ptd: 'Identify'
ptd-server 2022-02-22 17:24:20,998 [INFO] Reply from ptd: 'YokogawaWT310E,1000,1,1,1,1,0,1,1,version=1.9.2-e8c7a49a-20201208,OS=Linux 5.13.0-28-generic #31~20.04.1-Ubuntu SMP Wed Jan 19 14:08:10 UTC 2022 x86_64,mode=power,1,1,1,0,0,no_cal_date,YOKOGAWA;WT310E;C3XA04010E;F1.04'
ptd-server 2022-02-22 17:24:20,998 [INFO] Connected to PTDaemon
ptd-server 2022-02-22 17:24:20,998 [INFO] Sending to ptd: 'RR'
ptd-server 2022-02-22 17:24:20,998 [INFO] Reply from ptd: 'Ranges,0,0.500000,0,300.000000'
ptd-server 2022-02-22 17:24:20,999 [INFO] Initial range for Amps is 0.500000 for Volts is 300.000000
ptd-server 2022-02-22 17:24:20,999 [INFO] Sending to ptd: 'SR,V,Auto'
ptd-server 2022-02-22 17:24:21,501 [INFO] Reply from ptd: 'Range V changed'
ptd-server 2022-02-22 17:24:21,501 [INFO] Sending to ptd: 'SR,A,Auto'
ptd-server 2022-02-22 17:24:22,004 [INFO] Reply from ptd: 'Range A changed'
ptd-server 2022-02-22 17:24:32,012 [INFO] Starting ranging mode
ptd-server 2022-02-22 17:24:32,012 [INFO] Sending to ptd: 'Go,1000,0,2022-02-22_17-24-03_ranging'
ptd-server 2022-02-22 17:24:32,012 [INFO] Reply from ptd: 'Starting untimed measurement, maximum 500000 samples at 1000ms with 0 rampup samples'
ptd-server 2022-02-22 17:24:32,013 [INFO] Sending reply to client 'OK'
ptd-server 2022-02-22 17:35:01,011 [INFO] Got command from the client 'session,2022-02-22_17-24-03,stop,ranging'
ptd-server 2022-02-22 17:35:11,020 [INFO] Sending to ptd: 'Stop'
ptd-server 2022-02-22 17:35:11,020 [INFO] Reply from ptd: 'Stopping untimed measurement'
ptd-server 2022-02-22 17:35:11,789 [INFO] Sending reply to client 'OK'
ptd-server 2022-02-22 17:35:11,844 [INFO] Got command from the client 'time'
ptd-server 2022-02-22 17:35:11,844 [INFO] Sending reply to client '1645551311.844304'
ptd-server 2022-02-22 17:35:11,846 [INFO] Got command from the client 'session,2022-02-22_17-24-03,start,testing'
ptd-server 2022-02-22 17:35:11,846 [INFO] Sending to ptd: 'SR,V,251.020000'
ptd-server 2022-02-22 17:35:13,514 [INFO] Reply from ptd: 'Range V changed'
ptd-server 2022-02-22 17:35:13,514 [INFO] Sending to ptd: 'SR,A,0.055050'
ptd-server 2022-02-22 17:35:15,015 [INFO] Reply from ptd: 'Range A changed'
ptd-server 2022-02-22 17:35:25,025 [INFO] Starting testing mode
ptd-server 2022-02-22 17:35:25,026 [INFO] Sending to ptd: 'Go,1000,0,2022-02-22_17-24-03_testing'
ptd-server 2022-02-22 17:35:25,026 [INFO] Reply from ptd: 'Starting untimed measurement, maximum 500000 samples at 1000ms with 0 rampup samples'
ptd-server 2022-02-22 17:35:25,026 [INFO] Sending reply to client 'OK'
ptd-server 2022-02-22 17:45:53,909 [INFO] Got command from the client 'session,2022-02-22_17-24-03,stop,testing'
ptd-server 2022-02-22 17:46:03,919 [INFO] Sending to ptd: 'Stop'
ptd-server 2022-02-22 17:46:03,920 [INFO] Reply from ptd: 'Stopping untimed measurement'
ptd-server 2022-02-22 17:46:04,305 [INFO] Sending reply to client 'OK'
ptd-server 2022-02-22 17:46:04,324 [INFO] Got command from the client 'session,2022-02-22_17-24-03,done'
ptd-server 2022-02-22 17:46:04,324 [INFO] Sending to ptd: 'Stop'
ptd-server 2022-02-22 17:46:04,325 [INFO] Reply from ptd: 'Error: no measurement to stop'
ptd-server 2022-02-22 17:46:04,325 [INFO] Sending to ptd: 'SR,V,300.000000'
ptd-server 2022-02-22 17:46:05,826 [INFO] Reply from ptd: 'Range V changed'
ptd-server 2022-02-22 17:46:05,826 [INFO] Sending to ptd: 'SR,A,0.500000'
ptd-server 2022-02-22 17:46:07,328 [INFO] Reply from ptd: 'Range A changed'
ptd-server 2022-02-22 17:46:07,328 [INFO] Set initial values for Amps 0.500000 and Volts 300.000000
ptd-server 2022-02-22 17:46:07,328 [INFO] Stopping ptd...
