ptd-server 2022-02-17 06:34:09,679 [INFO] Got command from the client 'time'
ptd-server 2022-02-17 06:34:09,679 [INFO] Sending reply to client '1645079649.6796048'
ptd-server 2022-02-17 06:34:09,680 [INFO] Got command from the client 'new,,c00db376-12f8-4084-b121-13b4c9106aab'
ptd-server 2022-02-17 06:34:09,681 [INFO] Sending reply to client 'OK 2022-02-17_06-34-09,72e1d85c-99d6-461c-9c82-4371addead71'
ptd-server 2022-02-17 06:34:09,709 [INFO] Got command from the client 'time'
ptd-server 2022-02-17 06:34:09,709 [INFO] Sending reply to client '1645079649.709625'
ptd-server 2022-02-17 06:34:09,710 [INFO] Got command from the client 'session,2022-02-17_06-34-09,start,ranging'
ptd-server 2022-02-17 06:34:09,711 [INFO] Running PTDaemon: ['/home/anton/projects/mlperf/power/inference_v1.0/ptd-linux-x86', '-l', '/tmp/tmpgldyt7rr/ptd_logfile.txt', '-p', '8888', '49', '/dev/usbtmc0']
ptd-server 2022-02-17 06:34:26,884 [INFO] Sending to ptd: 'Hello'
ptd-server 2022-02-17 06:34:26,884 [INFO] Reply from ptd: 'Hello, PTDaemon here!'
ptd-server 2022-02-17 06:34:26,885 [INFO] Sending to ptd: 'Identify'
ptd-server 2022-02-17 06:34:26,885 [INFO] Reply from ptd: 'YokogawaWT310E,1000,1,1,1,1,0,1,1,version=1.9.2-e8c7a49a-20201208,OS=Linux 5.13.0-28-generic #31~20.04.1-Ubuntu SMP Wed Jan 19 14:08:10 UTC 2022 x86_64,mode=power,1,1,1,0,0,no_cal_date,YOKOGAWA;WT310E;C3XA04010E;F1.04'
ptd-server 2022-02-17 06:34:26,885 [INFO] Connected to PTDaemon
ptd-server 2022-02-17 06:34:26,885 [INFO] Sending to ptd: 'RR'
ptd-server 2022-02-17 06:34:26,886 [INFO] Reply from ptd: 'Ranges,0,0.500000,0,300.000000'
ptd-server 2022-02-17 06:34:26,886 [INFO] Initial range for Amps is 0.500000 for Volts is 300.000000
ptd-server 2022-02-17 06:34:26,886 [INFO] Sending to ptd: 'SR,V,Auto'
ptd-server 2022-02-17 06:34:27,388 [INFO] Reply from ptd: 'Range V changed'
ptd-server 2022-02-17 06:34:27,388 [INFO] Sending to ptd: 'SR,A,Auto'
ptd-server 2022-02-17 06:34:27,891 [INFO] Reply from ptd: 'Range A changed'
ptd-server 2022-02-17 06:34:37,900 [INFO] Starting ranging mode
ptd-server 2022-02-17 06:34:37,900 [INFO] Sending to ptd: 'Go,1000,0,2022-02-17_06-34-09_ranging'
ptd-server 2022-02-17 06:34:37,900 [INFO] Reply from ptd: 'Starting untimed measurement, maximum 500000 samples at 1000ms with 0 rampup samples'
ptd-server 2022-02-17 06:34:37,901 [INFO] Sending reply to client 'OK'
ptd-server 2022-02-17 06:44:54,628 [INFO] Got command from the client 'session,2022-02-17_06-34-09,stop,ranging'
ptd-server 2022-02-17 06:45:04,639 [INFO] Sending to ptd: 'Stop'
ptd-server 2022-02-17 06:45:04,639 [INFO] Reply from ptd: 'Stopping untimed measurement'
ptd-server 2022-02-17 06:45:04,778 [INFO] Sending reply to client 'OK'
ptd-server 2022-02-17 06:45:04,847 [INFO] Got command from the client 'time'
ptd-server 2022-02-17 06:45:04,847 [INFO] Sending reply to client '1645080304.8476908'
ptd-server 2022-02-17 06:45:04,849 [INFO] Got command from the client 'session,2022-02-17_06-34-09,start,testing'
ptd-server 2022-02-17 06:45:04,849 [INFO] Sending to ptd: 'SR,V,250.570000'
ptd-server 2022-02-17 06:45:06,401 [INFO] Reply from ptd: 'Range V changed'
ptd-server 2022-02-17 06:45:06,402 [INFO] Sending to ptd: 'SR,A,0.049030'
ptd-server 2022-02-17 06:45:07,903 [INFO] Reply from ptd: 'Range A changed'
ptd-server 2022-02-17 06:45:17,913 [INFO] Starting testing mode
ptd-server 2022-02-17 06:45:17,913 [INFO] Sending to ptd: 'Go,1000,0,2022-02-17_06-34-09_testing'
ptd-server 2022-02-17 06:45:17,914 [INFO] Reply from ptd: 'Starting untimed measurement, maximum 500000 samples at 1000ms with 0 rampup samples'
ptd-server 2022-02-17 06:45:17,914 [INFO] Sending reply to client 'OK'
ptd-server 2022-02-17 06:55:35,681 [INFO] Got command from the client 'session,2022-02-17_06-34-09,stop,testing'
ptd-server 2022-02-17 06:55:45,691 [INFO] Sending to ptd: 'Stop'
ptd-server 2022-02-17 06:55:45,691 [INFO] Reply from ptd: 'Stopping untimed measurement'
ptd-server 2022-02-17 06:55:45,767 [INFO] Sending reply to client 'OK'
ptd-server 2022-02-17 06:55:45,790 [INFO] Got command from the client 'session,2022-02-17_06-34-09,done'
ptd-server 2022-02-17 06:55:45,791 [INFO] Sending to ptd: 'Stop'
ptd-server 2022-02-17 06:55:45,915 [INFO] Reply from ptd: 'Error: no measurement to stop'
ptd-server 2022-02-17 06:55:45,915 [INFO] Sending to ptd: 'SR,V,300.000000'
ptd-server 2022-02-17 06:55:47,416 [INFO] Reply from ptd: 'Range V changed'
ptd-server 2022-02-17 06:55:47,416 [INFO] Sending to ptd: 'SR,A,0.500000'
ptd-server 2022-02-17 06:55:48,918 [INFO] Reply from ptd: 'Range A changed'
ptd-server 2022-02-17 06:55:48,918 [INFO] Set initial values for Amps 0.500000 and Volts 300.000000
ptd-server 2022-02-17 06:55:48,918 [INFO] Stopping ptd...
