ptd-server 2022-02-20 10:50:56,648 [INFO] Got command from the client 'time'
ptd-server 2022-02-20 10:50:56,648 [INFO] Sending reply to client '1645354256.6481638'
ptd-server 2022-02-20 10:50:56,649 [INFO] Got command from the client 'new,,01a3da99-5cea-491d-b644-bbe5740c9889'
ptd-server 2022-02-20 10:50:56,650 [INFO] Sending reply to client 'OK 2022-02-20_10-50-56,05845407-f0c8-4a2b-ad41-87cf423e6226'
ptd-server 2022-02-20 10:50:56,677 [INFO] Got command from the client 'time'
ptd-server 2022-02-20 10:50:56,677 [INFO] Sending reply to client '1645354256.6775398'
ptd-server 2022-02-20 10:50:56,679 [INFO] Got command from the client 'session,2022-02-20_10-50-56,start,ranging'
ptd-server 2022-02-20 10:50:56,679 [INFO] Running PTDaemon: ['/home/anton/projects/mlperf/power/inference_v1.0/ptd-linux-x86', '-l', '/tmp/tmpgldyt7rr/ptd_logfile.txt', '-p', '8888', '49', '/dev/usbtmc0']
ptd-server 2022-02-20 10:51:13,852 [INFO] Sending to ptd: 'Hello'
ptd-server 2022-02-20 10:51:13,853 [INFO] Reply from ptd: 'Hello, PTDaemon here!'
ptd-server 2022-02-20 10:51:13,853 [INFO] Sending to ptd: 'Identify'
ptd-server 2022-02-20 10:51:13,854 [INFO] Reply from ptd: 'YokogawaWT310E,1000,1,1,1,1,0,1,1,version=1.9.2-e8c7a49a-20201208,OS=Linux 5.13.0-28-generic #31~20.04.1-Ubuntu SMP Wed Jan 19 14:08:10 UTC 2022 x86_64,mode=power,1,1,1,0,0,no_cal_date,YOKOGAWA;WT310E;C3XA04010E;F1.04'
ptd-server 2022-02-20 10:51:13,854 [INFO] Connected to PTDaemon
ptd-server 2022-02-20 10:51:13,854 [INFO] Sending to ptd: 'RR'
ptd-server 2022-02-20 10:51:13,854 [INFO] Reply from ptd: 'Ranges,0,0.500000,0,300.000000'
ptd-server 2022-02-20 10:51:13,854 [INFO] Initial range for Amps is 0.500000 for Volts is 300.000000
ptd-server 2022-02-20 10:51:13,854 [INFO] Sending to ptd: 'SR,V,Auto'
ptd-server 2022-02-20 10:51:14,357 [INFO] Reply from ptd: 'Range V changed'
ptd-server 2022-02-20 10:51:14,357 [INFO] Sending to ptd: 'SR,A,Auto'
ptd-server 2022-02-20 10:51:14,859 [INFO] Reply from ptd: 'Range A changed'
ptd-server 2022-02-20 10:51:24,870 [INFO] Starting ranging mode
ptd-server 2022-02-20 10:51:24,870 [INFO] Sending to ptd: 'Go,1000,0,2022-02-20_10-50-56_ranging'
ptd-server 2022-02-20 10:51:24,870 [INFO] Reply from ptd: 'Starting untimed measurement, maximum 500000 samples at 1000ms with 0 rampup samples'
ptd-server 2022-02-20 10:51:24,871 [INFO] Sending reply to client 'OK'
ptd-server 2022-02-20 11:01:41,842 [INFO] Got command from the client 'session,2022-02-20_10-50-56,stop,ranging'
ptd-server 2022-02-20 11:01:51,852 [INFO] Sending to ptd: 'Stop'
ptd-server 2022-02-20 11:01:51,853 [INFO] Reply from ptd: 'Stopping untimed measurement'
ptd-server 2022-02-20 11:01:52,330 [INFO] Sending reply to client 'OK'
ptd-server 2022-02-20 11:01:52,416 [INFO] Got command from the client 'time'
ptd-server 2022-02-20 11:01:52,416 [INFO] Sending reply to client '1645354912.4166071'
ptd-server 2022-02-20 11:01:52,421 [INFO] Got command from the client 'session,2022-02-20_10-50-56,start,testing'
ptd-server 2022-02-20 11:01:52,421 [INFO] Sending to ptd: 'SR,V,249.040000'
ptd-server 2022-02-20 11:01:53,923 [INFO] Reply from ptd: 'Range V changed'
ptd-server 2022-02-20 11:01:53,923 [INFO] Sending to ptd: 'SR,A,0.047870'
ptd-server 2022-02-20 11:01:55,424 [INFO] Reply from ptd: 'Range A changed'
ptd-server 2022-02-20 11:02:05,434 [INFO] Starting testing mode
ptd-server 2022-02-20 11:02:05,434 [INFO] Sending to ptd: 'Go,1000,0,2022-02-20_10-50-56_testing'
ptd-server 2022-02-20 11:02:05,435 [INFO] Reply from ptd: 'Starting untimed measurement, maximum 500000 samples at 1000ms with 0 rampup samples'
ptd-server 2022-02-20 11:02:05,435 [INFO] Sending reply to client 'OK'
ptd-server 2022-02-20 11:12:23,399 [INFO] Got command from the client 'session,2022-02-20_10-50-56,stop,testing'
ptd-server 2022-02-20 11:12:33,405 [INFO] Sending to ptd: 'Stop'
ptd-server 2022-02-20 11:12:33,405 [INFO] Reply from ptd: 'Stopping untimed measurement'
ptd-server 2022-02-20 11:12:33,662 [INFO] Sending reply to client 'OK'
ptd-server 2022-02-20 11:12:33,708 [INFO] Got command from the client 'session,2022-02-20_10-50-56,done'
ptd-server 2022-02-20 11:12:33,709 [INFO] Sending to ptd: 'Stop'
ptd-server 2022-02-20 11:12:33,709 [INFO] Reply from ptd: 'Error: no measurement to stop'
ptd-server 2022-02-20 11:12:33,709 [INFO] Sending to ptd: 'SR,V,300.000000'
ptd-server 2022-02-20 11:12:35,210 [INFO] Reply from ptd: 'Range V changed'
ptd-server 2022-02-20 11:12:35,211 [INFO] Sending to ptd: 'SR,A,0.500000'
ptd-server 2022-02-20 11:12:36,712 [INFO] Reply from ptd: 'Range A changed'
ptd-server 2022-02-20 11:12:36,712 [INFO] Set initial values for Amps 0.500000 and Volts 300.000000
ptd-server 2022-02-20 11:12:36,712 [INFO] Stopping ptd...
