ptd-server 2022-02-21 03:42:22,379 [INFO] Got command from the client 'time'
ptd-server 2022-02-21 03:42:22,379 [INFO] Sending reply to client '1645414942.3794496'
ptd-server 2022-02-21 03:42:22,381 [INFO] Got command from the client 'new,,6ae4bdda-6185-402f-8792-6bd275518cc1'
ptd-server 2022-02-21 03:42:22,381 [INFO] Sending reply to client 'OK 2022-02-21_03-42-22,11906fb4-774d-460e-81cb-c52b96436dfe'
ptd-server 2022-02-21 03:42:22,412 [INFO] Got command from the client 'time'
ptd-server 2022-02-21 03:42:22,412 [INFO] Sending reply to client '1645414942.4126694'
ptd-server 2022-02-21 03:42:22,414 [INFO] Got command from the client 'session,2022-02-21_03-42-22,start,ranging'
ptd-server 2022-02-21 03:42:22,414 [INFO] Running PTDaemon: ['/home/anton/projects/mlperf/power/inference_v1.0/ptd-linux-x86', '-l', '/tmp/tmpgldyt7rr/ptd_logfile.txt', '-p', '8888', '49', '/dev/usbtmc0']
ptd-server 2022-02-21 03:42:39,586 [INFO] Sending to ptd: 'Hello'
ptd-server 2022-02-21 03:42:39,587 [INFO] Reply from ptd: 'Hello, PTDaemon here!'
ptd-server 2022-02-21 03:42:39,587 [INFO] Sending to ptd: 'Identify'
ptd-server 2022-02-21 03:42:39,587 [INFO] Reply from ptd: 'YokogawaWT310E,1000,1,1,1,1,0,1,1,version=1.9.2-e8c7a49a-20201208,OS=Linux 5.13.0-28-generic #31~20.04.1-Ubuntu SMP Wed Jan 19 14:08:10 UTC 2022 x86_64,mode=power,1,1,1,0,0,no_cal_date,YOKOGAWA;WT310E;C3XA04010E;F1.04'
ptd-server 2022-02-21 03:42:39,587 [INFO] Connected to PTDaemon
ptd-server 2022-02-21 03:42:39,588 [INFO] Sending to ptd: 'RR'
ptd-server 2022-02-21 03:42:39,588 [INFO] Reply from ptd: 'Ranges,0,0.500000,0,300.000000'
ptd-server 2022-02-21 03:42:39,588 [INFO] Initial range for Amps is 0.500000 for Volts is 300.000000
ptd-server 2022-02-21 03:42:39,588 [INFO] Sending to ptd: 'SR,V,Auto'
ptd-server 2022-02-21 03:42:40,091 [INFO] Reply from ptd: 'Range V changed'
ptd-server 2022-02-21 03:42:40,091 [INFO] Sending to ptd: 'SR,A,Auto'
ptd-server 2022-02-21 03:42:40,593 [INFO] Reply from ptd: 'Range A changed'
ptd-server 2022-02-21 03:42:50,604 [INFO] Starting ranging mode
ptd-server 2022-02-21 03:42:50,604 [INFO] Sending to ptd: 'Go,1000,0,2022-02-21_03-42-22_ranging'
ptd-server 2022-02-21 03:42:50,604 [INFO] Reply from ptd: 'Starting untimed measurement, maximum 500000 samples at 1000ms with 0 rampup samples'
ptd-server 2022-02-21 03:42:50,604 [INFO] Sending reply to client 'OK'
ptd-server 2022-02-21 03:53:12,605 [INFO] Got command from the client 'session,2022-02-21_03-42-22,stop,ranging'
ptd-server 2022-02-21 03:53:22,616 [INFO] Sending to ptd: 'Stop'
ptd-server 2022-02-21 03:53:22,616 [INFO] Reply from ptd: 'Stopping untimed measurement'
ptd-server 2022-02-21 03:53:23,178 [INFO] Sending reply to client 'OK'
ptd-server 2022-02-21 03:53:23,268 [INFO] Got command from the client 'time'
ptd-server 2022-02-21 03:53:23,268 [INFO] Sending reply to client '1645415603.2689426'
ptd-server 2022-02-21 03:53:23,275 [INFO] Got command from the client 'session,2022-02-21_03-42-22,start,testing'
ptd-server 2022-02-21 03:53:23,275 [INFO] Sending to ptd: 'SR,V,250.140000'
ptd-server 2022-02-21 03:53:25,106 [INFO] Reply from ptd: 'Range V changed'
ptd-server 2022-02-21 03:53:25,106 [INFO] Sending to ptd: 'SR,A,0.041810'
ptd-server 2022-02-21 03:53:26,607 [INFO] Reply from ptd: 'Range A changed'
ptd-server 2022-02-21 03:53:36,618 [INFO] Starting testing mode
ptd-server 2022-02-21 03:53:36,618 [INFO] Sending to ptd: 'Go,1000,0,2022-02-21_03-42-22_testing'
ptd-server 2022-02-21 03:53:36,618 [INFO] Reply from ptd: 'Starting untimed measurement, maximum 500000 samples at 1000ms with 0 rampup samples'
ptd-server 2022-02-21 03:53:36,618 [INFO] Sending reply to client 'OK'
ptd-server 2022-02-21 04:03:59,863 [INFO] Got command from the client 'session,2022-02-21_03-42-22,stop,testing'
ptd-server 2022-02-21 04:04:09,874 [INFO] Sending to ptd: 'Stop'
ptd-server 2022-02-21 04:04:09,874 [INFO] Reply from ptd: 'Stopping untimed measurement'
ptd-server 2022-02-21 04:04:10,166 [INFO] Sending reply to client 'OK'
ptd-server 2022-02-21 04:04:10,199 [INFO] Got command from the client 'session,2022-02-21_03-42-22,done'
ptd-server 2022-02-21 04:04:10,200 [INFO] Sending to ptd: 'Stop'
ptd-server 2022-02-21 04:04:10,618 [INFO] Reply from ptd: 'Error: no measurement to stop'
ptd-server 2022-02-21 04:04:10,618 [INFO] Sending to ptd: 'SR,V,300.000000'
ptd-server 2022-02-21 04:04:12,120 [INFO] Reply from ptd: 'Range V changed'
ptd-server 2022-02-21 04:04:12,120 [INFO] Sending to ptd: 'SR,A,0.500000'
ptd-server 2022-02-21 04:04:13,621 [INFO] Reply from ptd: 'Range A changed'
ptd-server 2022-02-21 04:04:13,621 [INFO] Set initial values for Amps 0.500000 and Volts 300.000000
ptd-server 2022-02-21 04:04:13,622 [INFO] Stopping ptd...
