ptd-server 2022-02-21 19:19:14,036 [INFO] Got command from the client 'time'
ptd-server 2022-02-21 19:19:14,036 [INFO] Sending reply to client '1645471154.0362847'
ptd-server 2022-02-21 19:19:14,037 [INFO] Got command from the client 'new,,4738b4fc-3707-47dd-ad59-80e6b80dc1e1'
ptd-server 2022-02-21 19:19:14,038 [INFO] Sending reply to client 'OK 2022-02-21_19-19-14,8b50a057-e427-44d8-a0e7-3e487763ccf9'
ptd-server 2022-02-21 19:19:14,072 [INFO] Got command from the client 'time'
ptd-server 2022-02-21 19:19:14,072 [INFO] Sending reply to client '1645471154.0721972'
ptd-server 2022-02-21 19:19:14,073 [INFO] Got command from the client 'session,2022-02-21_19-19-14,start,ranging'
ptd-server 2022-02-21 19:19:14,074 [INFO] Running PTDaemon: ['/home/anton/projects/mlperf/power/inference_v1.0/ptd-linux-x86', '-l', '/tmp/tmpgldyt7rr/ptd_logfile.txt', '-p', '8888', '49', '/dev/usbtmc0']
ptd-server 2022-02-21 19:19:31,247 [INFO] Sending to ptd: 'Hello'
ptd-server 2022-02-21 19:19:31,247 [INFO] Reply from ptd: 'Hello, PTDaemon here!'
ptd-server 2022-02-21 19:19:31,247 [INFO] Sending to ptd: 'Identify'
ptd-server 2022-02-21 19:19:31,248 [INFO] Reply from ptd: 'YokogawaWT310E,1000,1,1,1,1,0,1,1,version=1.9.2-e8c7a49a-20201208,OS=Linux 5.13.0-28-generic #31~20.04.1-Ubuntu SMP Wed Jan 19 14:08:10 UTC 2022 x86_64,mode=power,1,1,1,0,0,no_cal_date,YOKOGAWA;WT310E;C3XA04010E;F1.04'
ptd-server 2022-02-21 19:19:31,248 [INFO] Connected to PTDaemon
ptd-server 2022-02-21 19:19:31,248 [INFO] Sending to ptd: 'RR'
ptd-server 2022-02-21 19:19:31,248 [INFO] Reply from ptd: 'Ranges,0,0.500000,0,300.000000'
ptd-server 2022-02-21 19:19:31,249 [INFO] Initial range for Amps is 0.500000 for Volts is 300.000000
ptd-server 2022-02-21 19:19:31,249 [INFO] Sending to ptd: 'SR,V,Auto'
ptd-server 2022-02-21 19:19:31,751 [INFO] Reply from ptd: 'Range V changed'
ptd-server 2022-02-21 19:19:31,751 [INFO] Sending to ptd: 'SR,A,Auto'
ptd-server 2022-02-21 19:19:32,254 [INFO] Reply from ptd: 'Range A changed'
ptd-server 2022-02-21 19:19:42,264 [INFO] Starting ranging mode
ptd-server 2022-02-21 19:19:42,264 [INFO] Sending to ptd: 'Go,1000,0,2022-02-21_19-19-14_ranging'
ptd-server 2022-02-21 19:19:42,265 [INFO] Reply from ptd: 'Starting untimed measurement, maximum 500000 samples at 1000ms with 0 rampup samples'
ptd-server 2022-02-21 19:19:42,265 [INFO] Sending reply to client 'OK'
ptd-server 2022-02-21 19:30:03,854 [INFO] Got command from the client 'session,2022-02-21_19-19-14,stop,ranging'
ptd-server 2022-02-21 19:30:13,864 [INFO] Sending to ptd: 'Stop'
ptd-server 2022-02-21 19:30:13,865 [INFO] Reply from ptd: 'Stopping untimed measurement'
ptd-server 2022-02-21 19:30:14,506 [INFO] Sending reply to client 'OK'
ptd-server 2022-02-21 19:30:14,596 [INFO] Got command from the client 'time'
ptd-server 2022-02-21 19:30:14,596 [INFO] Sending reply to client '1645471814.5968761'
ptd-server 2022-02-21 19:30:14,600 [INFO] Got command from the client 'session,2022-02-21_19-19-14,start,testing'
ptd-server 2022-02-21 19:30:14,600 [INFO] Sending to ptd: 'SR,V,251.110000'
ptd-server 2022-02-21 19:30:16,102 [INFO] Reply from ptd: 'Range V changed'
ptd-server 2022-02-21 19:30:16,102 [INFO] Sending to ptd: 'SR,A,0.068650'
ptd-server 2022-02-21 19:30:17,603 [INFO] Reply from ptd: 'Range A changed'
ptd-server 2022-02-21 19:30:27,612 [INFO] Starting testing mode
ptd-server 2022-02-21 19:30:27,612 [INFO] Sending to ptd: 'Go,1000,0,2022-02-21_19-19-14_testing'
ptd-server 2022-02-21 19:30:27,612 [INFO] Reply from ptd: 'Starting untimed measurement, maximum 500000 samples at 1000ms with 0 rampup samples'
ptd-server 2022-02-21 19:30:27,613 [INFO] Sending reply to client 'OK'
ptd-server 2022-02-21 19:40:50,283 [INFO] Got command from the client 'session,2022-02-21_19-19-14,stop,testing'
ptd-server 2022-02-21 19:41:00,293 [INFO] Sending to ptd: 'Stop'
ptd-server 2022-02-21 19:41:00,294 [INFO] Reply from ptd: 'Stopping untimed measurement'
ptd-server 2022-02-21 19:41:00,662 [INFO] Sending reply to client 'OK'
ptd-server 2022-02-21 19:41:00,703 [INFO] Got command from the client 'session,2022-02-21_19-19-14,done'
ptd-server 2022-02-21 19:41:00,703 [INFO] Sending to ptd: 'Stop'
ptd-server 2022-02-21 19:41:00,704 [INFO] Reply from ptd: 'Error: no measurement to stop'
ptd-server 2022-02-21 19:41:00,704 [INFO] Sending to ptd: 'SR,V,300.000000'
ptd-server 2022-02-21 19:41:02,205 [INFO] Reply from ptd: 'Range V changed'
ptd-server 2022-02-21 19:41:02,205 [INFO] Sending to ptd: 'SR,A,0.500000'
ptd-server 2022-02-21 19:41:03,707 [INFO] Reply from ptd: 'Range A changed'
ptd-server 2022-02-21 19:41:03,707 [INFO] Set initial values for Amps 0.500000 and Volts 300.000000
ptd-server 2022-02-21 19:41:03,707 [INFO] Stopping ptd...
