ptd-server 2022-02-19 09:41:19,853 [INFO] Got command from the client 'time'
ptd-server 2022-02-19 09:41:19,853 [INFO] Sending reply to client '1645263679.8535728'
ptd-server 2022-02-19 09:41:19,855 [INFO] Got command from the client 'new,,ff5fbda8-4d10-4f58-832e-f48cf066d1b9'
ptd-server 2022-02-19 09:41:19,855 [INFO] Sending reply to client 'OK 2022-02-19_09-41-19,badf535c-19c1-4599-b8ed-46400bb308cd'
ptd-server 2022-02-19 09:41:19,885 [INFO] Got command from the client 'time'
ptd-server 2022-02-19 09:41:19,886 [INFO] Sending reply to client '1645263679.8859928'
ptd-server 2022-02-19 09:41:19,887 [INFO] Got command from the client 'session,2022-02-19_09-41-19,start,ranging'
ptd-server 2022-02-19 09:41:19,887 [INFO] Running PTDaemon: ['/home/anton/projects/mlperf/power/inference_v1.0/ptd-linux-x86', '-l', '/tmp/tmpgldyt7rr/ptd_logfile.txt', '-p', '8888', '49', '/dev/usbtmc0']
ptd-server 2022-02-19 09:41:37,060 [INFO] Sending to ptd: 'Hello'
ptd-server 2022-02-19 09:41:37,061 [INFO] Reply from ptd: 'Hello, PTDaemon here!'
ptd-server 2022-02-19 09:41:37,061 [INFO] Sending to ptd: 'Identify'
ptd-server 2022-02-19 09:41:37,061 [INFO] Reply from ptd: 'YokogawaWT310E,1000,1,1,1,1,0,1,1,version=1.9.2-e8c7a49a-20201208,OS=Linux 5.13.0-28-generic #31~20.04.1-Ubuntu SMP Wed Jan 19 14:08:10 UTC 2022 x86_64,mode=power,1,1,1,0,0,no_cal_date,YOKOGAWA;WT310E;C3XA04010E;F1.04'
ptd-server 2022-02-19 09:41:37,061 [INFO] Connected to PTDaemon
ptd-server 2022-02-19 09:41:37,061 [INFO] Sending to ptd: 'RR'
ptd-server 2022-02-19 09:41:37,062 [INFO] Reply from ptd: 'Ranges,0,0.500000,0,300.000000'
ptd-server 2022-02-19 09:41:37,062 [INFO] Initial range for Amps is 0.500000 for Volts is 300.000000
ptd-server 2022-02-19 09:41:37,062 [INFO] Sending to ptd: 'SR,V,Auto'
ptd-server 2022-02-19 09:41:37,564 [INFO] Reply from ptd: 'Range V changed'
ptd-server 2022-02-19 09:41:37,565 [INFO] Sending to ptd: 'SR,A,Auto'
ptd-server 2022-02-19 09:41:38,067 [INFO] Reply from ptd: 'Range A changed'
ptd-server 2022-02-19 09:41:48,077 [INFO] Starting ranging mode
ptd-server 2022-02-19 09:41:48,077 [INFO] Sending to ptd: 'Go,1000,0,2022-02-19_09-41-19_ranging'
ptd-server 2022-02-19 09:41:48,078 [INFO] Reply from ptd: 'Starting untimed measurement, maximum 500000 samples at 1000ms with 0 rampup samples'
ptd-server 2022-02-19 09:41:48,078 [INFO] Sending reply to client 'OK'
ptd-server 2022-02-19 09:52:26,190 [INFO] Got command from the client 'session,2022-02-19_09-41-19,stop,ranging'
ptd-server 2022-02-19 09:52:36,200 [INFO] Sending to ptd: 'Stop'
ptd-server 2022-02-19 09:52:36,201 [INFO] Reply from ptd: 'Stopping untimed measurement'
ptd-server 2022-02-19 09:52:36,545 [INFO] Sending reply to client 'OK'
ptd-server 2022-02-19 09:52:36,635 [INFO] Got command from the client 'time'
ptd-server 2022-02-19 09:52:36,635 [INFO] Sending reply to client '1645264356.635825'
ptd-server 2022-02-19 09:52:36,640 [INFO] Got command from the client 'session,2022-02-19_09-41-19,start,testing'
ptd-server 2022-02-19 09:52:36,640 [INFO] Sending to ptd: 'SR,V,248.600000'
ptd-server 2022-02-19 09:52:38,580 [INFO] Reply from ptd: 'Range V changed'
ptd-server 2022-02-19 09:52:38,580 [INFO] Sending to ptd: 'SR,A,0.043210'
ptd-server 2022-02-19 09:52:40,081 [INFO] Reply from ptd: 'Range A changed'
ptd-server 2022-02-19 09:52:50,092 [INFO] Starting testing mode
ptd-server 2022-02-19 09:52:50,092 [INFO] Sending to ptd: 'Go,1000,0,2022-02-19_09-41-19_testing'
ptd-server 2022-02-19 09:52:50,092 [INFO] Reply from ptd: 'Starting untimed measurement, maximum 500000 samples at 1000ms with 0 rampup samples'
ptd-server 2022-02-19 09:52:50,092 [INFO] Sending reply to client 'OK'
ptd-server 2022-02-19 10:03:28,960 [INFO] Got command from the client 'session,2022-02-19_09-41-19,stop,testing'
ptd-server 2022-02-19 10:03:38,970 [INFO] Sending to ptd: 'Stop'
ptd-server 2022-02-19 10:03:38,971 [INFO] Reply from ptd: 'Stopping untimed measurement'
ptd-server 2022-02-19 10:03:39,150 [INFO] Sending reply to client 'OK'
ptd-server 2022-02-19 10:03:39,187 [INFO] Got command from the client 'session,2022-02-19_09-41-19,done'
ptd-server 2022-02-19 10:03:39,187 [INFO] Sending to ptd: 'Stop'
ptd-server 2022-02-19 10:03:39,187 [INFO] Reply from ptd: 'Error: no measurement to stop'
ptd-server 2022-02-19 10:03:39,187 [INFO] Sending to ptd: 'SR,V,300.000000'
ptd-server 2022-02-19 10:03:40,689 [INFO] Reply from ptd: 'Range V changed'
ptd-server 2022-02-19 10:03:40,689 [INFO] Sending to ptd: 'SR,A,0.500000'
ptd-server 2022-02-19 10:03:42,190 [INFO] Reply from ptd: 'Range A changed'
ptd-server 2022-02-19 10:03:42,191 [INFO] Set initial values for Amps 0.500000 and Volts 300.000000
ptd-server 2022-02-19 10:03:42,191 [INFO] Stopping ptd...
