ptd-server 2022-02-20 01:08:57,209 [INFO] Got command from the client 'time'
ptd-server 2022-02-20 01:08:57,210 [INFO] Sending reply to client '1645319337.2100077'
ptd-server 2022-02-20 01:08:57,211 [INFO] Got command from the client 'new,,5e30ebc7-7ffb-4ed1-b3f7-1ceb525a92f3'
ptd-server 2022-02-20 01:08:57,212 [INFO] Sending reply to client 'OK 2022-02-20_01-08-57,362f93f6-798c-40ed-9d8a-358c888979ce'
ptd-server 2022-02-20 01:08:57,240 [INFO] Got command from the client 'time'
ptd-server 2022-02-20 01:08:57,240 [INFO] Sending reply to client '1645319337.2403061'
ptd-server 2022-02-20 01:08:57,242 [INFO] Got command from the client 'session,2022-02-20_01-08-57,start,ranging'
ptd-server 2022-02-20 01:08:57,242 [INFO] Running PTDaemon: ['/home/anton/projects/mlperf/power/inference_v1.0/ptd-linux-x86', '-l', '/tmp/tmpgldyt7rr/ptd_logfile.txt', '-p', '8888', '49', '/dev/usbtmc0']
ptd-server 2022-02-20 01:09:14,413 [INFO] Sending to ptd: 'Hello'
ptd-server 2022-02-20 01:09:14,414 [INFO] Reply from ptd: 'Hello, PTDaemon here!'
ptd-server 2022-02-20 01:09:14,414 [INFO] Sending to ptd: 'Identify'
ptd-server 2022-02-20 01:09:14,414 [INFO] Reply from ptd: 'YokogawaWT310E,1000,1,1,1,1,0,1,1,version=1.9.2-e8c7a49a-20201208,OS=Linux 5.13.0-28-generic #31~20.04.1-Ubuntu SMP Wed Jan 19 14:08:10 UTC 2022 x86_64,mode=power,1,1,1,0,0,no_cal_date,YOKOGAWA;WT310E;C3XA04010E;F1.04'
ptd-server 2022-02-20 01:09:14,414 [INFO] Connected to PTDaemon
ptd-server 2022-02-20 01:09:14,414 [INFO] Sending to ptd: 'RR'
ptd-server 2022-02-20 01:09:14,415 [INFO] Reply from ptd: 'Ranges,0,0.500000,0,300.000000'
ptd-server 2022-02-20 01:09:14,415 [INFO] Initial range for Amps is 0.500000 for Volts is 300.000000
ptd-server 2022-02-20 01:09:14,415 [INFO] Sending to ptd: 'SR,V,Auto'
ptd-server 2022-02-20 01:09:14,917 [INFO] Reply from ptd: 'Range V changed'
ptd-server 2022-02-20 01:09:14,918 [INFO] Sending to ptd: 'SR,A,Auto'
ptd-server 2022-02-20 01:09:15,420 [INFO] Reply from ptd: 'Range A changed'
ptd-server 2022-02-20 01:09:25,430 [INFO] Starting ranging mode
ptd-server 2022-02-20 01:09:25,430 [INFO] Sending to ptd: 'Go,1000,0,2022-02-20_01-08-57_ranging'
ptd-server 2022-02-20 01:09:25,431 [INFO] Reply from ptd: 'Starting untimed measurement, maximum 500000 samples at 1000ms with 0 rampup samples'
ptd-server 2022-02-20 01:09:25,431 [INFO] Sending reply to client 'OK'
ptd-server 2022-02-20 01:19:46,982 [INFO] Got command from the client 'session,2022-02-20_01-08-57,stop,ranging'
ptd-server 2022-02-20 01:19:56,993 [INFO] Sending to ptd: 'Stop'
ptd-server 2022-02-20 01:19:56,993 [INFO] Reply from ptd: 'Stopping untimed measurement'
ptd-server 2022-02-20 01:19:57,416 [INFO] Sending reply to client 'OK'
ptd-server 2022-02-20 01:19:57,510 [INFO] Got command from the client 'time'
ptd-server 2022-02-20 01:19:57,510 [INFO] Sending reply to client '1645319997.5107107'
ptd-server 2022-02-20 01:19:57,513 [INFO] Got command from the client 'session,2022-02-20_01-08-57,start,testing'
ptd-server 2022-02-20 01:19:57,513 [INFO] Sending to ptd: 'SR,V,250.510000'
ptd-server 2022-02-20 01:19:59,015 [INFO] Reply from ptd: 'Range V changed'
ptd-server 2022-02-20 01:19:59,015 [INFO] Sending to ptd: 'SR,A,0.056570'
ptd-server 2022-02-20 01:20:00,516 [INFO] Reply from ptd: 'Range A changed'
ptd-server 2022-02-20 01:20:10,526 [INFO] Starting testing mode
ptd-server 2022-02-20 01:20:10,527 [INFO] Sending to ptd: 'Go,1000,0,2022-02-20_01-08-57_testing'
ptd-server 2022-02-20 01:20:10,527 [INFO] Reply from ptd: 'Starting untimed measurement, maximum 500000 samples at 1000ms with 0 rampup samples'
ptd-server 2022-02-20 01:20:10,527 [INFO] Sending reply to client 'OK'
ptd-server 2022-02-20 01:30:32,992 [INFO] Got command from the client 'session,2022-02-20_01-08-57,stop,testing'
ptd-server 2022-02-20 01:30:43,003 [INFO] Sending to ptd: 'Stop'
ptd-server 2022-02-20 01:30:43,003 [INFO] Reply from ptd: 'Stopping untimed measurement'
ptd-server 2022-02-20 01:30:43,224 [INFO] Sending reply to client 'OK'
ptd-server 2022-02-20 01:30:43,265 [INFO] Got command from the client 'session,2022-02-20_01-08-57,done'
ptd-server 2022-02-20 01:30:43,265 [INFO] Sending to ptd: 'Stop'
ptd-server 2022-02-20 01:30:43,528 [INFO] Reply from ptd: 'Error: no measurement to stop'
ptd-server 2022-02-20 01:30:43,528 [INFO] Sending to ptd: 'SR,V,300.000000'
ptd-server 2022-02-20 01:30:45,029 [INFO] Reply from ptd: 'Range V changed'
ptd-server 2022-02-20 01:30:45,029 [INFO] Sending to ptd: 'SR,A,0.500000'
ptd-server 2022-02-20 01:30:46,531 [INFO] Reply from ptd: 'Range A changed'
ptd-server 2022-02-20 01:30:46,531 [INFO] Set initial values for Amps 0.500000 and Volts 300.000000
ptd-server 2022-02-20 01:30:46,531 [INFO] Stopping ptd...
