ptd-server 2022-02-13 16:40:10,509 [INFO] Got command from the client 'time'
ptd-server 2022-02-13 16:40:10,509 [INFO] Sending reply to client '1644770410.5093226'
ptd-server 2022-02-13 16:40:10,511 [INFO] Got command from the client 'new,,95cba32d-5170-4a5f-a12d-0fd0db768337'
ptd-server 2022-02-13 16:40:10,512 [INFO] Sending reply to client 'OK 2022-02-13_16-40-10,764ee6ed-228f-45ad-9d11-eb90e5025710'
ptd-server 2022-02-13 16:40:10,562 [INFO] Got command from the client 'time'
ptd-server 2022-02-13 16:40:10,562 [INFO] Sending reply to client '1644770410.5624278'
ptd-server 2022-02-13 16:40:10,564 [INFO] Got command from the client 'session,2022-02-13_16-40-10,start,ranging'
ptd-server 2022-02-13 16:40:10,565 [INFO] Running PTDaemon: ['/home/anton/projects/mlperf/power/inference_v1.0/ptd-linux-x86', '-l', '/tmp/tmpxvec0g6h/ptd_logfile.txt', '-p', '8888', '49', '/dev/usbtmc0']
ptd-server 2022-02-13 16:40:27,737 [INFO] Sending to ptd: 'Hello'
ptd-server 2022-02-13 16:40:27,738 [INFO] Reply from ptd: 'Hello, PTDaemon here!'
ptd-server 2022-02-13 16:40:27,738 [INFO] Sending to ptd: 'Identify'
ptd-server 2022-02-13 16:40:27,738 [INFO] Reply from ptd: 'YokogawaWT310E,1000,1,1,1,1,0,1,1,version=1.9.2-e8c7a49a-20201208,OS=Linux 5.13.0-27-generic #29~20.04.1-Ubuntu SMP Fri Jan 14 00:32:30 UTC 2022 x86_64,mode=power,1,1,1,0,0,no_cal_date,YOKOGAWA;WT310E;C3XA04010E;F1.04'
ptd-server 2022-02-13 16:40:27,738 [INFO] Connected to PTDaemon
ptd-server 2022-02-13 16:40:27,738 [INFO] Sending to ptd: 'RR'
ptd-server 2022-02-13 16:40:27,739 [INFO] Reply from ptd: 'Ranges,0,0.500000,0,300.000000'
ptd-server 2022-02-13 16:40:27,739 [INFO] Initial range for Amps is 0.500000 for Volts is 300.000000
ptd-server 2022-02-13 16:40:27,739 [INFO] Sending to ptd: 'SR,V,Auto'
ptd-server 2022-02-13 16:40:28,241 [INFO] Reply from ptd: 'Range V changed'
ptd-server 2022-02-13 16:40:28,242 [INFO] Sending to ptd: 'SR,A,Auto'
ptd-server 2022-02-13 16:40:28,744 [INFO] Reply from ptd: 'Range A changed'
ptd-server 2022-02-13 16:40:38,754 [INFO] Starting ranging mode
ptd-server 2022-02-13 16:40:38,754 [INFO] Sending to ptd: 'Go,1000,0,2022-02-13_16-40-10_ranging'
ptd-server 2022-02-13 16:40:38,755 [INFO] Reply from ptd: 'Starting untimed measurement, maximum 500000 samples at 1000ms with 0 rampup samples'
ptd-server 2022-02-13 16:40:38,755 [INFO] Sending reply to client 'OK'
ptd-server 2022-02-13 16:50:54,654 [INFO] Got command from the client 'session,2022-02-13_16-40-10,stop,ranging'
ptd-server 2022-02-13 16:51:04,664 [INFO] Sending to ptd: 'Stop'
ptd-server 2022-02-13 16:51:04,664 [INFO] Reply from ptd: 'Stopping untimed measurement'
ptd-server 2022-02-13 16:51:05,303 [INFO] Sending reply to client 'OK'
ptd-server 2022-02-13 16:51:05,360 [INFO] Got command from the client 'time'
ptd-server 2022-02-13 16:51:05,360 [INFO] Sending reply to client '1644771065.3609314'
ptd-server 2022-02-13 16:51:05,363 [INFO] Got command from the client 'session,2022-02-13_16-40-10,start,testing'
ptd-server 2022-02-13 16:51:05,363 [INFO] Sending to ptd: 'SR,V,247.420000'
ptd-server 2022-02-13 16:51:06,865 [INFO] Reply from ptd: 'Range V changed'
ptd-server 2022-02-13 16:51:06,865 [INFO] Sending to ptd: 'SR,A,0.166830'
ptd-server 2022-02-13 16:51:08,366 [INFO] Reply from ptd: 'Range A changed'
ptd-server 2022-02-13 16:51:18,376 [INFO] Starting testing mode
ptd-server 2022-02-13 16:51:18,376 [INFO] Sending to ptd: 'Go,1000,0,2022-02-13_16-40-10_testing'
ptd-server 2022-02-13 16:51:18,376 [INFO] Reply from ptd: 'Starting untimed measurement, maximum 500000 samples at 1000ms with 0 rampup samples'
ptd-server 2022-02-13 16:51:18,377 [INFO] Sending reply to client 'OK'
ptd-server 2022-02-13 17:01:34,000 [INFO] Got command from the client 'session,2022-02-13_16-40-10,stop,testing'
ptd-server 2022-02-13 17:01:44,011 [INFO] Sending to ptd: 'Stop'
ptd-server 2022-02-13 17:01:44,011 [INFO] Reply from ptd: 'Stopping untimed measurement'
ptd-server 2022-02-13 17:01:44,332 [INFO] Sending reply to client 'OK'
ptd-server 2022-02-13 17:01:44,351 [INFO] Got command from the client 'session,2022-02-13_16-40-10,done'
ptd-server 2022-02-13 17:01:44,351 [INFO] Sending to ptd: 'Stop'
ptd-server 2022-02-13 17:01:44,376 [INFO] Reply from ptd: 'Error: no measurement to stop'
ptd-server 2022-02-13 17:01:44,376 [INFO] Sending to ptd: 'SR,V,300.000000'
ptd-server 2022-02-13 17:01:45,878 [INFO] Reply from ptd: 'Range V changed'
ptd-server 2022-02-13 17:01:45,878 [INFO] Sending to ptd: 'SR,A,0.500000'
ptd-server 2022-02-13 17:01:47,379 [INFO] Reply from ptd: 'Range A changed'
ptd-server 2022-02-13 17:01:47,379 [INFO] Set initial values for Amps 0.500000 and Volts 300.000000
ptd-server 2022-02-13 17:01:47,379 [INFO] Stopping ptd...
