client 2022-02-22 01:02:48,273 [INFO] Sending command to the server: 'mlcommons/power client v3'
client 2022-02-22 01:02:48,274 [INFO] Got response: 'mlcommons/power server v3'
client 2022-02-22 01:02:48,275 [INFO] Synchronizing with the server and with time.google.com...
client 2022-02-22 01:02:48,331 [INFO] NTP:offset = -0.004 s, delay = 0.029 s 
client 2022-02-22 01:02:48,332 [INFO] Sending command to the server: 'time'
client 2022-02-22 01:02:48,333 [INFO] Got response: '1645491768.3323958'
client 2022-02-22 01:02:48,333 [INFO] The time difference between the client and the server is within range -0.295 ms..0.963 ms
client 2022-02-22 01:02:48,333 [INFO] Sending command to the server: 'new,,2e4f5a61-5c57-4f2f-9fb3-c55cb003079d'
client 2022-02-22 01:02:48,335 [INFO] Got response: 'OK 2022-02-22_01-02-48,b1f0cf58-18e5-4880-9b80-b7d5a77a0fea'
client 2022-02-22 01:02:48,335 [INFO] Session id is '2022-02-22_01-02-48'
client 2022-02-22 01:02:48,335 [INFO] Sources: {"sources": {"__init__.py": "da39a3ee5e6b4b0d3255bfef95601890afd80709", "client.py": "33ca4f26368777ac06e01f9567b714a4b8063886", "lib/__init__.py": "da39a3ee5e6b4b0d3255bfef95601890afd80709", "lib/client.py": "4c2b78fb4849a7e5b584ef792d82aaed20b17f57", "lib/common.py": "624d0c0acc7c39aaff3674f0b99d6a09da53d1dc", "lib/external/__init__.py": "da39a3ee5e6b4b0d3255bfef95601890afd80709", "lib/external/ntplib.py": "4da8f970656505a40483206ef2b5d3dd5e81711d", "lib/server.py": "59c9fb92908260d3e9f81a895c7aa009742275e4", "lib/source_hashes.py": "60a2e02193209e8d392803326208d5466342da18", "lib/summary.py": "aa92f0a3f975eecd44d3c0cd0236342ccc9f941d", "lib/time_sync.py": "3210db56eb0ff0df57bf4293dc4d4b03fffd46f1", "server.py": "c3f90f2f7eeb4db30727556d0c815ebc89b3d28b", "tests/unit/__init__.py": "da39a3ee5e6b4b0d3255bfef95601890afd80709", "tests/unit/test_server.py": "99ae15aef722f2000ee6ed1ae1523637bf1ae42b", "tests/unit/test_source_hashes.py": "00468a2907583c593e6574a1f6b404e4651c221a"}, "modules": {"ptd_client_server.lib.client": "lib/client.py", "ptd_client_server.lib.common": "lib/common.py", "ptd_client_server.lib.external.ntplib": "lib/external/ntplib.py", "ptd_client_server.lib.source_hashes": "lib/source_hashes.py", "ptd_client_server.lib.summary": "lib/summary.py", "ptd_client_server.lib.time_sync": "lib/time_sync.py"}}
client 2022-02-22 01:02:48,336 [INFO] Running workload in ranging mode
client 2022-02-22 01:02:48,336 [INFO] Synchronizing with the server and with time.google.com...
client 2022-02-22 01:02:48,371 [INFO] NTP:offset = -0.007 s, delay = 0.031 s 
client 2022-02-22 01:02:48,372 [INFO] Sending command to the server: 'time'
client 2022-02-22 01:02:48,372 [INFO] Got response: '1645491768.372268'
client 2022-02-22 01:02:48,373 [INFO] The time difference between the client and the server is within range -0.275 ms..0.916 ms
client 2022-02-22 01:02:48,373 [INFO] Sending command to the server: 'session,2022-02-22_01-02-48,start,ranging'
client 2022-02-22 01:03:16,566 [INFO] Got response: 'OK'
client 2022-02-22 01:03:16,566 [INFO] Running the workload 'ck benchmark program:image-classification-armnn-tflite-loadgen --env.CK_SILENT_MODE=YES --skip_print_timers --dep_add_tags.compiler=gcc,v11 --dep_add_tags.python=v3 --dep_add_tags.mlperf-inference-src=r2.0 --dep_add_tags.weights=resnet50 --dep_add_tags.images=crop.875,preprocessed,using-opencv --dep_add_tags.library=armnn,rel.21.11,neon --env.CK_LOADGEN_DATASET_SIZE=1024 --env.CK_LOADGEN_SCENARIO=SingleStream --env.CK_LOADGEN_MODE=PerformanceOnly --env.USE_NEON=1 --env.USE_OPENCL=0 --env.CK_LOADGEN_TARGET_LATENCY=350 --skip_stat_analysis --process_multi_keys --repetitions=1 --record --record_repo=local --record_uoa=mlperf_v2.0-closed-rpi4-armnn-v21.11-neon-resnet50-singlestream-performance-target_latency.350-power.workload --tags=mlperf,round.v2.0,division.closed,task.image-classification,platform.rpi4,scenario.singlestream,mode.performance,workload.resnet50,preprocessed_using.opencv,inference_engine.armnn,inference_engine_version.v21.11,inference_engine_backend.neon,target_latency.350,power.workload "@@@{\'meta\': {\'ck_benchmark_program\': \'ck benchmark program:image-classification-armnn-tflite-loadgen --env.CK_SILENT_MODE=YES --skip_print_timers --dep_add_tags.compiler=gcc,v11 --dep_add_tags.python=v3 --dep_add_tags.mlperf-inference-src=r2.0 --dep_add_tags.weights=resnet50 --dep_add_tags.images=crop.875,preprocessed,using-opencv --dep_add_tags.library=armnn,rel.21.11,neon --env.CK_LOADGEN_DATASET_SIZE=1024 --env.CK_LOADGEN_SCENARIO=SingleStream --env.CK_LOADGEN_MODE=PerformanceOnly --env.USE_NEON=1 --env.USE_OPENCL=0 --env.CK_LOADGEN_TARGET_LATENCY=350 --skip_stat_analysis --process_multi_keys --repetitions=1 --record --record_repo=local --record_uoa=mlperf_v2.0-closed-rpi4-armnn-v21.11-neon-resnet50-singlestream-performance-target_latency.350-power.workload --tags=mlperf,round.v2.0,division.closed,task.image-classification,platform.rpi4,scenario.singlestream,mode.performance,workload.resnet50,preprocessed_using.opencv,inference_engine.armnn,inference_engine_version.v21.11,inference_engine_backend.neon,target_latency.350,power.workload\'}}" && cat `ck find program:image-classification-armnn-tflite-loadgen`/tmp/mlperf_log_summary.txt && mkdir -p "$CK_MLPERF_POWER_CLIENT_LOADGEN_LOGS" && cp "$CK_MLPERF_POWER_CLIENT_LOADGEN_LOGS"/../mlperf_log_* "$CK_MLPERF_POWER_CLIENT_LOADGEN_LOGS"/'
client 2022-02-22 01:13:53,685 [INFO] Sending command to the server: 'session,2022-02-22_01-02-48,stop,ranging'
client 2022-02-22 01:14:04,360 [INFO] Got response: 'OK'
client 2022-02-22 01:14:04,378 [INFO] Copying loadgen logs from '/home/katya/CK/ck-mlperf/program/image-classification-armnn-tflite-loadgen/tmp/loadgen_logs' to '/home/katya/CK/ck-mlperf/program/mlperf-power-client/tmp/2022-02-22_01-02-48/ranging'
client 2022-02-22 01:14:04,380 [INFO] Running workload in testing mode
client 2022-02-22 01:14:04,380 [INFO] Synchronizing with the server and with time.google.com...
client 2022-02-22 01:14:04,418 [INFO] NTP:offset = -0.002 s, delay = 0.034 s 
client 2022-02-22 01:14:04,418 [INFO] Sending command to the server: 'time'
client 2022-02-22 01:14:04,419 [INFO] Got response: '1645492444.421095'
client 2022-02-22 01:14:04,420 [INFO] The time difference between the client and the server is within range -2.617 ms..-0.915 ms
client 2022-02-22 01:14:04,420 [INFO] Sending command to the server: 'session,2022-02-22_01-02-48,start,testing'
client 2022-02-22 01:14:17,577 [INFO] Got response: 'OK'
client 2022-02-22 01:14:17,577 [INFO] Running the workload 'ck benchmark program:image-classification-armnn-tflite-loadgen --env.CK_SILENT_MODE=YES --skip_print_timers --dep_add_tags.compiler=gcc,v11 --dep_add_tags.python=v3 --dep_add_tags.mlperf-inference-src=r2.0 --dep_add_tags.weights=resnet50 --dep_add_tags.images=crop.875,preprocessed,using-opencv --dep_add_tags.library=armnn,rel.21.11,neon --env.CK_LOADGEN_DATASET_SIZE=1024 --env.CK_LOADGEN_SCENARIO=SingleStream --env.CK_LOADGEN_MODE=PerformanceOnly --env.USE_NEON=1 --env.USE_OPENCL=0 --env.CK_LOADGEN_TARGET_LATENCY=350 --skip_stat_analysis --process_multi_keys --repetitions=1 --record --record_repo=local --record_uoa=mlperf_v2.0-closed-rpi4-armnn-v21.11-neon-resnet50-singlestream-performance-target_latency.350-power.workload --tags=mlperf,round.v2.0,division.closed,task.image-classification,platform.rpi4,scenario.singlestream,mode.performance,workload.resnet50,preprocessed_using.opencv,inference_engine.armnn,inference_engine_version.v21.11,inference_engine_backend.neon,target_latency.350,power.workload "@@@{\'meta\': {\'ck_benchmark_program\': \'ck benchmark program:image-classification-armnn-tflite-loadgen --env.CK_SILENT_MODE=YES --skip_print_timers --dep_add_tags.compiler=gcc,v11 --dep_add_tags.python=v3 --dep_add_tags.mlperf-inference-src=r2.0 --dep_add_tags.weights=resnet50 --dep_add_tags.images=crop.875,preprocessed,using-opencv --dep_add_tags.library=armnn,rel.21.11,neon --env.CK_LOADGEN_DATASET_SIZE=1024 --env.CK_LOADGEN_SCENARIO=SingleStream --env.CK_LOADGEN_MODE=PerformanceOnly --env.USE_NEON=1 --env.USE_OPENCL=0 --env.CK_LOADGEN_TARGET_LATENCY=350 --skip_stat_analysis --process_multi_keys --repetitions=1 --record --record_repo=local --record_uoa=mlperf_v2.0-closed-rpi4-armnn-v21.11-neon-resnet50-singlestream-performance-target_latency.350-power.workload --tags=mlperf,round.v2.0,division.closed,task.image-classification,platform.rpi4,scenario.singlestream,mode.performance,workload.resnet50,preprocessed_using.opencv,inference_engine.armnn,inference_engine_version.v21.11,inference_engine_backend.neon,target_latency.350,power.workload\'}}" && cat `ck find program:image-classification-armnn-tflite-loadgen`/tmp/mlperf_log_summary.txt && mkdir -p "$CK_MLPERF_POWER_CLIENT_LOADGEN_LOGS" && cp "$CK_MLPERF_POWER_CLIENT_LOADGEN_LOGS"/../mlperf_log_* "$CK_MLPERF_POWER_CLIENT_LOADGEN_LOGS"/'
client 2022-02-22 01:24:45,087 [INFO] Sending command to the server: 'session,2022-02-22_01-02-48,stop,testing'
client 2022-02-22 01:24:55,468 [INFO] Got response: 'OK'
client 2022-02-22 01:24:55,474 [INFO] Copying loadgen logs from '/home/katya/CK/ck-mlperf/program/image-classification-armnn-tflite-loadgen/tmp/loadgen_logs' to '/home/katya/CK/ck-mlperf/program/mlperf-power-client/tmp/2022-02-22_01-02-48/run_1'
client 2022-02-22 01:24:55,479 [INFO] Done runs
