client 2022-02-12 08:02:01,263 [INFO] Sending command to the server: 'mlcommons/power client v3'
client 2022-02-12 08:02:01,264 [INFO] Got response: 'mlcommons/power server v3'
client 2022-02-12 08:02:01,264 [INFO] Sending command to the server: 'stop'
client 2022-02-12 08:02:01,265 [INFO] Got response: 'OK'
client 2022-02-12 08:02:01,266 [INFO] Synchronizing with the server and with ib-01.dc4-in.nvidia.com...
client 2022-02-12 08:02:01,479 [INFO] NTP:offset = 0.000 s, delay = 0.209 s 
client 2022-02-12 08:02:01,479 [INFO] Sending command to the server: 'time'
client 2022-02-12 08:02:01,480 [INFO] Got response: '1644652921.5270889'
client 2022-02-12 08:02:01,480 [INFO] The time difference between the client and the server is within range -47.897 ms..-46.243 ms
client 2022-02-12 08:02:01,480 [INFO] Sending command to the server: 'new,,41a2b559-0f6f-4313-920b-17c14c241c12'
client 2022-02-12 08:02:01,482 [INFO] Got response: 'OK 2022-02-12_00-02-01,aed0dcbf-ae5c-4643-ae5a-04a59e718e9d'
client 2022-02-12 08:02:01,482 [INFO] Session id is '2022-02-12_00-02-01'
client 2022-02-12 08:02:01,483 [INFO] Sources: {"sources": {"__init__.py": "da39a3ee5e6b4b0d3255bfef95601890afd80709", "client.py": "33ca4f26368777ac06e01f9567b714a4b8063886", "lib/__init__.py": "da39a3ee5e6b4b0d3255bfef95601890afd80709", "lib/client.py": "4c2b78fb4849a7e5b584ef792d82aaed20b17f57", "lib/common.py": "624d0c0acc7c39aaff3674f0b99d6a09da53d1dc", "lib/external/__init__.py": "da39a3ee5e6b4b0d3255bfef95601890afd80709", "lib/external/ntplib.py": "4da8f970656505a40483206ef2b5d3dd5e81711d", "lib/server.py": "59c9fb92908260d3e9f81a895c7aa009742275e4", "lib/source_hashes.py": "60a2e02193209e8d392803326208d5466342da18", "lib/summary.py": "aa92f0a3f975eecd44d3c0cd0236342ccc9f941d", "lib/time_sync.py": "3210db56eb0ff0df57bf4293dc4d4b03fffd46f1", "server.py": "c3f90f2f7eeb4db30727556d0c815ebc89b3d28b", "tests/unit/__init__.py": "da39a3ee5e6b4b0d3255bfef95601890afd80709", "tests/unit/test_server.py": "99ae15aef722f2000ee6ed1ae1523637bf1ae42b", "tests/unit/test_source_hashes.py": "00468a2907583c593e6574a1f6b404e4651c221a"}, "modules": {"ptd_client_server.lib.client": "lib/client.py", "ptd_client_server.lib.common": "lib/common.py", "ptd_client_server.lib.external.ntplib": "lib/external/ntplib.py", "ptd_client_server.lib.source_hashes": "lib/source_hashes.py", "ptd_client_server.lib.summary": "lib/summary.py", "ptd_client_server.lib.time_sync": "lib/time_sync.py"}}
client 2022-02-12 08:02:01,485 [INFO] Running workload in ranging mode
client 2022-02-12 08:02:01,485 [INFO] Synchronizing with the server and with ib-01.dc4-in.nvidia.com...
client 2022-02-12 08:02:01,697 [INFO] NTP:offset = 0.000 s, delay = 0.209 s 
client 2022-02-12 08:02:01,697 [INFO] Sending command to the server: 'time'
client 2022-02-12 08:02:01,698 [INFO] Got response: '1644652921.7386427'
client 2022-02-12 08:02:01,699 [INFO] The time difference between the client and the server is within range -41.346 ms..-39.500 ms
client 2022-02-12 08:02:01,699 [INFO] Sending command to the server: 'session,2022-02-12_00-02-01,start,ranging'
client 2022-02-12 08:02:41,112 [INFO] Got response: 'OK'
client 2022-02-12 08:02:41,112 [INFO] Running the workload 'LOG_DIR=/work/build/power_logs_temp python3 code/main.py --benchmarks=bert --scenarios=Offline --test_mode=PerformanceOnly --config_ver=maxq --action="run_harness" \\\n\t\t2>&1 | tee -a /work/build/power_logs/2022.02.12-08.01.32/stdout.txt \\\n\t\t&& if [ ! -d /work/build/power_logs/2022.02.12-08.01.32/ranging_tmp ]; \\\n\t\t\tthen mkdir /work/build/power_logs/2022.02.12-08.01.32/ranging_tmp \\\n\t\t\t\t&& mv /work/build/power_logs_temp/* /work/build/power_logs/2022.02.12-08.01.32/ranging_tmp/ \\\n\t\t\t\t&& cp -v /work/build/power_logs/2022.02.12-08.01.32/ranging_tmp/*/*/*/mlperf_log_detail.txt /work/build/power_logs_temp/ \\\n\t\t\t\t&& cp -v /work/build/power_logs/2022.02.12-08.01.32/ranging_tmp/*/*/*/mlperf_log_summary.txt /work/build/power_logs_temp/; \\\n\t\t\telse mkdir /work/build/power_logs/2022.02.12-08.01.32/testing_tmp \\\n\t\t\t\t&& mv /work/build/power_logs_temp/* /work/build/power_logs/2022.02.12-08.01.32/testing_tmp/ \\\n\t\t\t\t&& cp -v /work/build/power_logs/2022.02.12-08.01.32/testing_tmp/*/*/*/mlperf_log_detail.txt /work/build/power_logs_temp/ \\\n\t\t\t\t&& cp -v /work/build/power_logs/2022.02.12-08.01.32/testing_tmp/*/*/*/mlperf_log_summary.txt /work/build/power_logs_temp/; fi'
client 2022-02-12 08:18:45,855 [INFO] Sending command to the server: 'session,2022-02-12_00-02-01,stop,ranging'
client 2022-02-12 08:18:55,907 [INFO] Got response: 'OK'
client 2022-02-12 08:18:55,918 [INFO] Copying loadgen logs from '/work/build/power_logs_temp' to '/work/build/power_logs/2022.02.12-08.01.32/2022-02-12_00-02-01/ranging'
client 2022-02-12 08:18:55,928 [INFO] Running workload in testing mode
client 2022-02-12 08:18:55,928 [INFO] Synchronizing with the server and with ib-01.dc4-in.nvidia.com...
client 2022-02-12 08:18:56,139 [INFO] NTP:offset = -0.000 s, delay = 0.209 s 
client 2022-02-12 08:18:56,139 [INFO] Sending command to the server: 'time'
client 2022-02-12 08:18:56,141 [INFO] Got response: '1644653936.1881773'
client 2022-02-12 08:18:56,141 [INFO] The time difference between the client and the server is within range -48.658 ms..-46.944 ms
client 2022-02-12 08:18:56,141 [INFO] Sending command to the server: 'session,2022-02-12_00-02-01,start,testing'
client 2022-02-12 08:19:17,833 [INFO] Got response: 'OK'
client 2022-02-12 08:19:17,833 [INFO] Running the workload 'LOG_DIR=/work/build/power_logs_temp python3 code/main.py --benchmarks=bert --scenarios=Offline --test_mode=PerformanceOnly --config_ver=maxq --action="run_harness" \\\n\t\t2>&1 | tee -a /work/build/power_logs/2022.02.12-08.01.32/stdout.txt \\\n\t\t&& if [ ! -d /work/build/power_logs/2022.02.12-08.01.32/ranging_tmp ]; \\\n\t\t\tthen mkdir /work/build/power_logs/2022.02.12-08.01.32/ranging_tmp \\\n\t\t\t\t&& mv /work/build/power_logs_temp/* /work/build/power_logs/2022.02.12-08.01.32/ranging_tmp/ \\\n\t\t\t\t&& cp -v /work/build/power_logs/2022.02.12-08.01.32/ranging_tmp/*/*/*/mlperf_log_detail.txt /work/build/power_logs_temp/ \\\n\t\t\t\t&& cp -v /work/build/power_logs/2022.02.12-08.01.32/ranging_tmp/*/*/*/mlperf_log_summary.txt /work/build/power_logs_temp/; \\\n\t\t\telse mkdir /work/build/power_logs/2022.02.12-08.01.32/testing_tmp \\\n\t\t\t\t&& mv /work/build/power_logs_temp/* /work/build/power_logs/2022.02.12-08.01.32/testing_tmp/ \\\n\t\t\t\t&& cp -v /work/build/power_logs/2022.02.12-08.01.32/testing_tmp/*/*/*/mlperf_log_detail.txt /work/build/power_logs_temp/ \\\n\t\t\t\t&& cp -v /work/build/power_logs/2022.02.12-08.01.32/testing_tmp/*/*/*/mlperf_log_summary.txt /work/build/power_logs_temp/; fi'
client 2022-02-12 08:35:25,109 [INFO] Sending command to the server: 'session,2022-02-12_00-02-01,stop,testing'
client 2022-02-12 08:35:35,141 [INFO] Got response: 'OK'
client 2022-02-12 08:35:35,146 [INFO] Copying loadgen logs from '/work/build/power_logs_temp' to '/work/build/power_logs/2022.02.12-08.01.32/2022-02-12_00-02-01/run_1'
client 2022-02-12 08:35:35,157 [INFO] Done runs
