ptd-server 2022-02-12 00:02:01,308 [INFO] Got command from the client 'stop'
ptd-server 2022-02-12 00:02:01,308 [INFO] The server will be stopped after processing this client
ptd-server 2022-02-12 00:02:01,308 [INFO] Sending reply to client 'OK'
ptd-server 2022-02-12 00:02:01,527 [INFO] Got command from the client 'time'
ptd-server 2022-02-12 00:02:01,527 [INFO] Sending reply to client '1644652921.5270889'
ptd-server 2022-02-12 00:02:01,527 [INFO] Got command from the client 'new,,41a2b559-0f6f-4313-920b-17c14c241c12'
ptd-server 2022-02-12 00:02:01,527 [INFO] Sending reply to client 'OK 2022-02-12_00-02-01,aed0dcbf-ae5c-4643-ae5a-04a59e718e9d'
ptd-server 2022-02-12 00:02:01,738 [INFO] Got command from the client 'time'
ptd-server 2022-02-12 00:02:01,738 [INFO] Sending reply to client '1644652921.7386427'
ptd-server 2022-02-12 00:02:01,738 [INFO] Got command from the client 'session,2022-02-12_00-02-01,start,ranging'
ptd-server 2022-02-12 00:02:01,847 [INFO] Running PTDaemon: ['C:\\PTD\\ptd-windows-x86.exe', '-l', 'C:\\Users\\lab\\AppData\\Local\\Temp\\tmp2c0zmo6n\\ptd_logfile.txt', '-p', '8888', '-c', '1,3', '-y', '77', '10.117.41.199']
ptd-server 2022-02-12 00:02:20,930 [INFO] Sending to ptd: 'Hello'
ptd-server 2022-02-12 00:02:20,992 [INFO] Reply from ptd: 'Hello, PTDaemon here!'
ptd-server 2022-02-12 00:02:20,992 [INFO] Sending to ptd: 'Identify'
ptd-server 2022-02-12 00:02:20,992 [INFO] Reply from ptd: 'YokogawaWT330_multichannel,1000,1,1,1,1,0,0,1,version=1.9.2-3976349f-20201208,OS=Windows 8 / Server 2012,mode=power,1,1,2,0,0,no_cal_date,YOKOGAWA;WT333E;C2WL21011V;F1.04'
ptd-server 2022-02-12 00:02:20,992 [INFO] Connected to PTDaemon
ptd-server 2022-02-12 00:02:21,008 [INFO] Sending to ptd: 'RR'
ptd-server 2022-02-12 00:02:21,008 [INFO] Reply from ptd: 'Ranges,0,5.000000,0,300.000000'
ptd-server 2022-02-12 00:02:21,008 [INFO] Initial range for Amps is 5.000000 for Volts is 300.000000
ptd-server 2022-02-12 00:02:21,008 [INFO] Sending to ptd: 'SR,V,Auto'
ptd-server 2022-02-12 00:02:26,074 [INFO] Reply from ptd: 'Range V changed'
ptd-server 2022-02-12 00:02:26,074 [INFO] Sending to ptd: 'SR,A,Auto'
ptd-server 2022-02-12 00:02:31,144 [INFO] Reply from ptd: 'Range A changed'
ptd-server 2022-02-12 00:02:41,153 [INFO] Starting ranging mode
ptd-server 2022-02-12 00:02:41,153 [INFO] Sending to ptd: 'Go,1000,0,2022-02-12_00-02-01_ranging'
ptd-server 2022-02-12 00:02:41,153 [INFO] Reply from ptd: 'Starting untimed measurement, maximum 500000 samples at 1000ms with 0 rampup samples'
ptd-server 2022-02-12 00:02:41,153 [INFO] Sending reply to client 'OK'
ptd-server 2022-02-12 00:18:45,899 [INFO] Got command from the client 'session,2022-02-12_00-02-01,stop,ranging'
ptd-server 2022-02-12 00:18:55,899 [INFO] Sending to ptd: 'Stop'
ptd-server 2022-02-12 00:18:55,905 [INFO] Reply from ptd: 'Stopping untimed measurement'
ptd-server 2022-02-12 00:18:55,952 [INFO] Sending reply to client 'OK'
ptd-server 2022-02-12 00:18:56,188 [INFO] Got command from the client 'time'
ptd-server 2022-02-12 00:18:56,188 [INFO] Sending reply to client '1644653936.1881773'
ptd-server 2022-02-12 00:18:56,188 [INFO] Got command from the client 'session,2022-02-12_00-02-01,start,testing'
ptd-server 2022-02-12 00:18:56,188 [INFO] Sending to ptd: 'SR,V,205.940000'
ptd-server 2022-02-12 00:19:02,274 [INFO] Reply from ptd: 'Range V changed'
ptd-server 2022-02-12 00:19:02,274 [INFO] Sending to ptd: 'SR,A,4.260400'
ptd-server 2022-02-12 00:19:07,868 [INFO] Reply from ptd: 'Range A changed'
ptd-server 2022-02-12 00:19:17,874 [INFO] Starting testing mode
ptd-server 2022-02-12 00:19:17,874 [INFO] Sending to ptd: 'Go,1000,0,2022-02-12_00-02-01_testing'
ptd-server 2022-02-12 00:19:17,874 [INFO] Reply from ptd: 'Starting untimed measurement, maximum 500000 samples at 1000ms with 0 rampup samples'
ptd-server 2022-02-12 00:19:17,874 [INFO] Sending reply to client 'OK'
ptd-server 2022-02-12 00:35:25,158 [INFO] Got command from the client 'session,2022-02-12_00-02-01,stop,testing'
ptd-server 2022-02-12 00:35:35,173 [INFO] Sending to ptd: 'Stop'
ptd-server 2022-02-12 00:35:35,173 [INFO] Reply from ptd: 'Stopping untimed measurement'
ptd-server 2022-02-12 00:35:35,189 [INFO] Sending reply to client 'OK'
ptd-server 2022-02-12 00:35:35,220 [INFO] Got command from the client 'session,2022-02-12_00-02-01,done'
ptd-server 2022-02-12 00:35:35,220 [INFO] Sending to ptd: 'Stop'
ptd-server 2022-02-12 00:35:35,877 [INFO] Reply from ptd: 'Error: no measurement to stop'
ptd-server 2022-02-12 00:35:35,877 [INFO] Sending to ptd: 'SR,V,300.000000'
ptd-server 2022-02-12 00:35:41,967 [INFO] Reply from ptd: 'Range V changed'
ptd-server 2022-02-12 00:35:41,967 [INFO] Sending to ptd: 'SR,A,5.000000'
ptd-server 2022-02-12 00:35:47,554 [INFO] Reply from ptd: 'Range A changed'
ptd-server 2022-02-12 00:35:47,554 [INFO] Set initial values for Amps 5.000000 and Volts 300.000000
ptd-server 2022-02-12 00:35:47,554 [INFO] Stopping ptd...
