ptd-server 2022-02-17 04:31:21,747 [INFO] Got command from the client 'stop'
ptd-server 2022-02-17 04:31:21,747 [INFO] The server will be stopped after processing this client
ptd-server 2022-02-17 04:31:21,747 [INFO] Sending reply to client 'OK'
ptd-server 2022-02-17 04:31:21,966 [INFO] Got command from the client 'time'
ptd-server 2022-02-17 04:31:21,966 [INFO] Sending reply to client '1645101081.9662075'
ptd-server 2022-02-17 04:31:21,966 [INFO] Got command from the client 'new,,b2fcf054-810d-4e1a-8b33-6fc354124d4c'
ptd-server 2022-02-17 04:31:21,966 [INFO] Sending reply to client 'OK 2022-02-17_04-31-21,cc507700-6836-4530-a63e-57e69c65fad4'
ptd-server 2022-02-17 04:31:22,169 [INFO] Got command from the client 'time'
ptd-server 2022-02-17 04:31:22,169 [INFO] Sending reply to client '1645101082.1692863'
ptd-server 2022-02-17 04:31:22,184 [INFO] Got command from the client 'session,2022-02-17_04-31-21,start,ranging'
ptd-server 2022-02-17 04:31:22,294 [INFO] Running PTDaemon: ['C:\\PTD\\ptd-windows-x86.exe', '-l', 'C:\\Users\\lab\\AppData\\Local\\Temp\\tmpemgnn6v5\\ptd_logfile.txt', '-p', '8888', '-c', '2', '-y', '52', '10.32.209.65']
ptd-server 2022-02-17 04:31:39,833 [INFO] Sending to ptd: 'Hello'
ptd-server 2022-02-17 04:31:39,833 [INFO] Reply from ptd: 'Hello, PTDaemon here!'
ptd-server 2022-02-17 04:31:39,833 [INFO] Sending to ptd: 'Identify'
ptd-server 2022-02-17 04:31:39,833 [INFO] Reply from ptd: 'YokogawaWT330E,1000,1,1,1,1,0,0,1,version=1.9.2-3976349f-20201208,OS=Windows 8 / Server 2012,mode=power,1,1,1,0,0,no_cal_date,YOKOGAWA;WT333E;C2XL24034V;F1.04'
ptd-server 2022-02-17 04:31:39,833 [INFO] Connected to PTDaemon
ptd-server 2022-02-17 04:31:39,833 [INFO] Sending to ptd: 'RR'
ptd-server 2022-02-17 04:31:39,833 [INFO] Reply from ptd: 'Ranges,1,1.000000,1,150.000000'
ptd-server 2022-02-17 04:31:39,833 [INFO] Initial range for Amps is Auto for Volts is Auto
ptd-server 2022-02-17 04:31:39,833 [INFO] Sending to ptd: 'SR,V,Auto'
ptd-server 2022-02-17 04:31:40,341 [INFO] Reply from ptd: 'Range V changed'
ptd-server 2022-02-17 04:31:40,341 [INFO] Sending to ptd: 'SR,A,Auto'
ptd-server 2022-02-17 04:31:40,857 [INFO] Reply from ptd: 'Range A changed'
ptd-server 2022-02-17 04:31:50,857 [INFO] Starting ranging mode
ptd-server 2022-02-17 04:31:50,857 [INFO] Sending to ptd: 'Go,1000,0,2022-02-17_04-31-21_ranging'
ptd-server 2022-02-17 04:31:50,857 [INFO] Reply from ptd: 'Starting untimed measurement, maximum 500000 samples at 1000ms with 0 rampup samples'
ptd-server 2022-02-17 04:31:50,857 [INFO] Sending reply to client 'OK'
ptd-server 2022-02-17 04:45:49,579 [INFO] Got command from the client 'session,2022-02-17_04-31-21,stop,ranging'
ptd-server 2022-02-17 04:45:59,591 [INFO] Sending to ptd: 'Stop'
ptd-server 2022-02-17 04:45:59,591 [INFO] Reply from ptd: 'Stopping untimed measurement'
ptd-server 2022-02-17 04:45:59,607 [INFO] Sending reply to client 'OK'
ptd-server 2022-02-17 04:45:59,869 [INFO] Got command from the client 'time'
ptd-server 2022-02-17 04:45:59,869 [INFO] Sending reply to client '1645101959.8690307'
ptd-server 2022-02-17 04:45:59,869 [INFO] Got command from the client 'session,2022-02-17_04-31-21,start,testing'
ptd-server 2022-02-17 04:45:59,869 [INFO] Sending to ptd: 'SR,V,120.610000'
ptd-server 2022-02-17 04:46:01,400 [INFO] Reply from ptd: 'Range V changed'
ptd-server 2022-02-17 04:46:01,400 [INFO] Sending to ptd: 'SR,A,0.935800'
ptd-server 2022-02-17 04:46:02,931 [INFO] Reply from ptd: 'Range A changed'
ptd-server 2022-02-17 04:46:12,941 [INFO] Starting testing mode
ptd-server 2022-02-17 04:46:12,941 [INFO] Sending to ptd: 'Go,1000,0,2022-02-17_04-31-21_testing'
ptd-server 2022-02-17 04:46:12,941 [INFO] Reply from ptd: 'Starting untimed measurement, maximum 500000 samples at 1000ms with 0 rampup samples'
ptd-server 2022-02-17 04:46:12,941 [INFO] Sending reply to client 'OK'
ptd-server 2022-02-17 05:00:06,083 [INFO] Got command from the client 'session,2022-02-17_04-31-21,stop,testing'
ptd-server 2022-02-17 05:00:16,083 [INFO] Sending to ptd: 'Stop'
ptd-server 2022-02-17 05:00:16,083 [INFO] Reply from ptd: 'Stopping untimed measurement'
ptd-server 2022-02-17 05:00:16,099 [INFO] Sending reply to client 'OK'
ptd-server 2022-02-17 05:00:16,146 [INFO] Got command from the client 'session,2022-02-17_04-31-21,done'
ptd-server 2022-02-17 05:00:16,146 [INFO] Sending to ptd: 'Stop'
ptd-server 2022-02-17 05:00:16,959 [INFO] Reply from ptd: 'Error: no measurement to stop'
ptd-server 2022-02-17 05:00:16,959 [INFO] Sending to ptd: 'SR,V,Auto'
ptd-server 2022-02-17 05:00:17,475 [INFO] Reply from ptd: 'Range V changed'
ptd-server 2022-02-17 05:00:17,475 [INFO] Sending to ptd: 'SR,A,Auto'
ptd-server 2022-02-17 05:00:17,990 [INFO] Reply from ptd: 'Range A changed'
ptd-server 2022-02-17 05:00:17,990 [INFO] Set initial values for Amps Auto and Volts Auto
ptd-server 2022-02-17 05:00:17,990 [INFO] Stopping ptd...
