ptd-server 2022-02-21 12:21:07,339 [INFO] Got command from the client 'time'
ptd-server 2022-02-21 12:21:07,339 [INFO] Sending reply to client '1645446067.3392222'
ptd-server 2022-02-21 12:21:07,340 [INFO] Got command from the client 'new,,02f9300b-c704-4171-9a70-7b2b2f2dd35e'
ptd-server 2022-02-21 12:21:07,341 [INFO] Sending reply to client 'OK 2022-02-21_12-21-07,f4e0af36-f188-46bc-94f4-adeb4fb3e3f1'
ptd-server 2022-02-21 12:21:07,378 [INFO] Got command from the client 'time'
ptd-server 2022-02-21 12:21:07,378 [INFO] Sending reply to client '1645446067.3784223'
ptd-server 2022-02-21 12:21:07,380 [INFO] Got command from the client 'session,2022-02-21_12-21-07,start,ranging'
ptd-server 2022-02-21 12:21:07,380 [INFO] Running PTDaemon: ['/home/anton/projects/mlperf/power/inference_v1.0/ptd-linux-x86', '-l', '/tmp/tmpgldyt7rr/ptd_logfile.txt', '-p', '8888', '49', '/dev/usbtmc0']
ptd-server 2022-02-21 12:21:24,552 [INFO] Sending to ptd: 'Hello'
ptd-server 2022-02-21 12:21:24,553 [INFO] Reply from ptd: 'Hello, PTDaemon here!'
ptd-server 2022-02-21 12:21:24,553 [INFO] Sending to ptd: 'Identify'
ptd-server 2022-02-21 12:21:24,553 [INFO] Reply from ptd: 'YokogawaWT310E,1000,1,1,1,1,0,1,1,version=1.9.2-e8c7a49a-20201208,OS=Linux 5.13.0-28-generic #31~20.04.1-Ubuntu SMP Wed Jan 19 14:08:10 UTC 2022 x86_64,mode=power,1,1,1,0,0,no_cal_date,YOKOGAWA;WT310E;C3XA04010E;F1.04'
ptd-server 2022-02-21 12:21:24,553 [INFO] Connected to PTDaemon
ptd-server 2022-02-21 12:21:24,554 [INFO] Sending to ptd: 'RR'
ptd-server 2022-02-21 12:21:24,554 [INFO] Reply from ptd: 'Ranges,0,0.500000,0,300.000000'
ptd-server 2022-02-21 12:21:24,554 [INFO] Initial range for Amps is 0.500000 for Volts is 300.000000
ptd-server 2022-02-21 12:21:24,554 [INFO] Sending to ptd: 'SR,V,Auto'
ptd-server 2022-02-21 12:21:25,057 [INFO] Reply from ptd: 'Range V changed'
ptd-server 2022-02-21 12:21:25,057 [INFO] Sending to ptd: 'SR,A,Auto'
ptd-server 2022-02-21 12:21:25,559 [INFO] Reply from ptd: 'Range A changed'
ptd-server 2022-02-21 12:21:35,568 [INFO] Starting ranging mode
ptd-server 2022-02-21 12:21:35,568 [INFO] Sending to ptd: 'Go,1000,0,2022-02-21_12-21-07_ranging'
ptd-server 2022-02-21 12:21:35,568 [INFO] Reply from ptd: 'Starting untimed measurement, maximum 500000 samples at 1000ms with 0 rampup samples'
ptd-server 2022-02-21 12:21:35,568 [INFO] Sending reply to client 'OK'
ptd-server 2022-02-21 12:31:57,319 [INFO] Got command from the client 'session,2022-02-21_12-21-07,stop,ranging'
ptd-server 2022-02-21 12:32:07,330 [INFO] Sending to ptd: 'Stop'
ptd-server 2022-02-21 12:32:07,330 [INFO] Reply from ptd: 'Stopping untimed measurement'
ptd-server 2022-02-21 12:32:07,927 [INFO] Sending reply to client 'OK'
ptd-server 2022-02-21 12:32:08,039 [INFO] Got command from the client 'time'
ptd-server 2022-02-21 12:32:08,039 [INFO] Sending reply to client '1645446728.0392468'
ptd-server 2022-02-21 12:32:08,046 [INFO] Got command from the client 'session,2022-02-21_12-21-07,start,testing'
ptd-server 2022-02-21 12:32:08,046 [INFO] Sending to ptd: 'SR,V,251.170000'
ptd-server 2022-02-21 12:32:09,548 [INFO] Reply from ptd: 'Range V changed'
ptd-server 2022-02-21 12:32:09,548 [INFO] Sending to ptd: 'SR,A,0.061500'
ptd-server 2022-02-21 12:32:11,049 [INFO] Reply from ptd: 'Range A changed'
ptd-server 2022-02-21 12:32:21,060 [INFO] Starting testing mode
ptd-server 2022-02-21 12:32:21,060 [INFO] Sending to ptd: 'Go,1000,0,2022-02-21_12-21-07_testing'
ptd-server 2022-02-21 12:32:21,060 [INFO] Reply from ptd: 'Starting untimed measurement, maximum 500000 samples at 1000ms with 0 rampup samples'
ptd-server 2022-02-21 12:32:21,061 [INFO] Sending reply to client 'OK'
ptd-server 2022-02-21 12:42:43,708 [INFO] Got command from the client 'session,2022-02-21_12-21-07,stop,testing'
ptd-server 2022-02-21 12:42:53,719 [INFO] Sending to ptd: 'Stop'
ptd-server 2022-02-21 12:42:53,719 [INFO] Reply from ptd: 'Stopping untimed measurement'
ptd-server 2022-02-21 12:42:54,028 [INFO] Sending reply to client 'OK'
ptd-server 2022-02-21 12:42:54,069 [INFO] Got command from the client 'session,2022-02-21_12-21-07,done'
ptd-server 2022-02-21 12:42:54,069 [INFO] Sending to ptd: 'Stop'
ptd-server 2022-02-21 12:42:54,069 [INFO] Reply from ptd: 'Error: no measurement to stop'
ptd-server 2022-02-21 12:42:54,069 [INFO] Sending to ptd: 'SR,V,300.000000'
ptd-server 2022-02-21 12:42:55,571 [INFO] Reply from ptd: 'Range V changed'
ptd-server 2022-02-21 12:42:55,571 [INFO] Sending to ptd: 'SR,A,0.500000'
ptd-server 2022-02-21 12:42:57,072 [INFO] Reply from ptd: 'Range A changed'
ptd-server 2022-02-21 12:42:57,072 [INFO] Set initial values for Amps 0.500000 and Volts 300.000000
ptd-server 2022-02-21 12:42:57,073 [INFO] Stopping ptd...
