ptd-server 2022-02-23 17:47:06,944 [INFO] Got command from the client 'time'
ptd-server 2022-02-23 17:47:06,945 [INFO] Sending reply to client '1645638426.9450724'
ptd-server 2022-02-23 17:47:06,946 [INFO] Got command from the client 'new,,bc235bc7-0045-4339-a580-74db599ff12c'
ptd-server 2022-02-23 17:47:06,947 [INFO] Sending reply to client 'OK 2022-02-23_17-47-06,f5928237-3678-49af-a2b2-466f4eb103c6'
ptd-server 2022-02-23 17:47:06,985 [INFO] Got command from the client 'time'
ptd-server 2022-02-23 17:47:06,985 [INFO] Sending reply to client '1645638426.985455'
ptd-server 2022-02-23 17:47:06,987 [INFO] Got command from the client 'session,2022-02-23_17-47-06,start,ranging'
ptd-server 2022-02-23 17:47:06,987 [INFO] Running PTDaemon: ['/home/anton/projects/mlperf/power/inference_v1.0/ptd-linux-x86', '-l', '/tmp/tmpgldyt7rr/ptd_logfile.txt', '-p', '8888', '49', '/dev/usbtmc0']
ptd-server 2022-02-23 17:47:24,160 [INFO] Sending to ptd: 'Hello'
ptd-server 2022-02-23 17:47:24,161 [INFO] Reply from ptd: 'Hello, PTDaemon here!'
ptd-server 2022-02-23 17:47:24,161 [INFO] Sending to ptd: 'Identify'
ptd-server 2022-02-23 17:47:24,161 [INFO] Reply from ptd: 'YokogawaWT310E,1000,1,1,1,1,0,1,1,version=1.9.2-e8c7a49a-20201208,OS=Linux 5.13.0-28-generic #31~20.04.1-Ubuntu SMP Wed Jan 19 14:08:10 UTC 2022 x86_64,mode=power,1,1,1,0,0,no_cal_date,YOKOGAWA;WT310E;C3XA04010E;F1.04'
ptd-server 2022-02-23 17:47:24,162 [INFO] Connected to PTDaemon
ptd-server 2022-02-23 17:47:24,162 [INFO] Sending to ptd: 'RR'
ptd-server 2022-02-23 17:47:24,162 [INFO] Reply from ptd: 'Ranges,0,0.500000,0,300.000000'
ptd-server 2022-02-23 17:47:24,162 [INFO] Initial range for Amps is 0.500000 for Volts is 300.000000
ptd-server 2022-02-23 17:47:24,162 [INFO] Sending to ptd: 'SR,V,Auto'
ptd-server 2022-02-23 17:47:24,665 [INFO] Reply from ptd: 'Range V changed'
ptd-server 2022-02-23 17:47:24,665 [INFO] Sending to ptd: 'SR,A,Auto'
ptd-server 2022-02-23 17:47:25,167 [INFO] Reply from ptd: 'Range A changed'
ptd-server 2022-02-23 17:47:35,178 [INFO] Starting ranging mode
ptd-server 2022-02-23 17:47:35,178 [INFO] Sending to ptd: 'Go,1000,0,2022-02-23_17-47-06_ranging'
ptd-server 2022-02-23 17:47:35,178 [INFO] Reply from ptd: 'Starting untimed measurement, maximum 500000 samples at 1000ms with 0 rampup samples'
ptd-server 2022-02-23 17:47:35,179 [INFO] Sending reply to client 'OK'
ptd-server 2022-02-23 17:57:57,431 [INFO] Got command from the client 'session,2022-02-23_17-47-06,stop,ranging'
ptd-server 2022-02-23 17:58:07,440 [INFO] Sending to ptd: 'Stop'
ptd-server 2022-02-23 17:58:07,440 [INFO] Reply from ptd: 'Stopping untimed measurement'
ptd-server 2022-02-23 17:58:08,322 [INFO] Sending reply to client 'OK'
ptd-server 2022-02-23 17:58:08,514 [INFO] Got command from the client 'time'
ptd-server 2022-02-23 17:58:08,514 [INFO] Sending reply to client '1645639088.5144076'
ptd-server 2022-02-23 17:58:08,516 [INFO] Got command from the client 'session,2022-02-23_17-47-06,start,testing'
ptd-server 2022-02-23 17:58:08,516 [INFO] Sending to ptd: 'SR,V,248.500000'
ptd-server 2022-02-23 17:58:10,018 [INFO] Reply from ptd: 'Range V changed'
ptd-server 2022-02-23 17:58:10,018 [INFO] Sending to ptd: 'SR,A,0.046130'
ptd-server 2022-02-23 17:58:11,519 [INFO] Reply from ptd: 'Range A changed'
ptd-server 2022-02-23 17:58:21,529 [INFO] Starting testing mode
ptd-server 2022-02-23 17:58:21,530 [INFO] Sending to ptd: 'Go,1000,0,2022-02-23_17-47-06_testing'
ptd-server 2022-02-23 17:58:21,530 [INFO] Reply from ptd: 'Starting untimed measurement, maximum 500000 samples at 1000ms with 0 rampup samples'
ptd-server 2022-02-23 17:58:21,530 [INFO] Sending reply to client 'OK'
ptd-server 2022-02-23 18:08:43,838 [INFO] Got command from the client 'session,2022-02-23_17-47-06,stop,testing'
ptd-server 2022-02-23 18:08:53,848 [INFO] Sending to ptd: 'Stop'
ptd-server 2022-02-23 18:08:53,848 [INFO] Reply from ptd: 'Stopping untimed measurement'
ptd-server 2022-02-23 18:08:54,308 [INFO] Sending reply to client 'OK'
ptd-server 2022-02-23 18:08:54,327 [INFO] Got command from the client 'session,2022-02-23_17-47-06,done'
ptd-server 2022-02-23 18:08:54,327 [INFO] Sending to ptd: 'Stop'
ptd-server 2022-02-23 18:08:54,530 [INFO] Reply from ptd: 'Error: no measurement to stop'
ptd-server 2022-02-23 18:08:54,530 [INFO] Sending to ptd: 'SR,V,300.000000'
ptd-server 2022-02-23 18:08:56,032 [INFO] Reply from ptd: 'Range V changed'
ptd-server 2022-02-23 18:08:56,032 [INFO] Sending to ptd: 'SR,A,0.500000'
ptd-server 2022-02-23 18:08:57,533 [INFO] Reply from ptd: 'Range A changed'
ptd-server 2022-02-23 18:08:57,533 [INFO] Set initial values for Amps 0.500000 and Volts 300.000000
ptd-server 2022-02-23 18:08:57,533 [INFO] Stopping ptd...
