ptd-server 2022-02-19 15:03:41,157 [INFO] Got command from the client 'time'
ptd-server 2022-02-19 15:03:41,158 [INFO] Sending reply to client '1645304621.1580722'
ptd-server 2022-02-19 15:03:41,158 [INFO] Got command from the client 'new,,5fa0dd72-0ad8-452b-90b3-306126f89cc0'
ptd-server 2022-02-19 15:03:41,159 [INFO] Sending reply to client 'OK 2022-02-19_15-03-41,9bd0af20-1a30-463d-9e57-cf607f66eadd'
ptd-server 2022-02-19 15:03:41,241 [INFO] Got command from the client 'time'
ptd-server 2022-02-19 15:03:41,241 [INFO] Sending reply to client '1645304621.241582'
ptd-server 2022-02-19 15:03:41,242 [INFO] Got command from the client 'session,2022-02-19_15-03-41,start,ranging'
ptd-server 2022-02-19 15:03:41,242 [INFO] Running PTDaemon: ['/local/mnt/workspace/mlcommons/power-main/inference_v1.0/ptd-linux-x86', '-l', '/tmp/tmprkpz3dbq/ptd_logfile.txt', '-p', '8888', '-c', '1,2', '77', '/dev/usbtmc0']
ptd-server 2022-02-19 15:03:58,841 [INFO] Sending to ptd: 'Hello'
ptd-server 2022-02-19 15:03:58,842 [INFO] Reply from ptd: 'Hello, PTDaemon here!'
ptd-server 2022-02-19 15:03:58,842 [INFO] Sending to ptd: 'Identify'
ptd-server 2022-02-19 15:03:58,843 [INFO] Reply from ptd: 'YokogawaWT330_multichannel,1000,1,1,1,1,0,0,1,version=1.9.2-e8c7a49a-20201208,OS=Linux 4.15.0-142-generic #146~16.04.1-Ubuntu SMP Tue Apr 13 09:27:15 UTC 2021 x86_64,mode=power,1,1,2,0,0,no_cal_date,YOKOGAWA;WT333E;C2XC17004V;F1.04'
ptd-server 2022-02-19 15:03:58,843 [INFO] Connected to PTDaemon
ptd-server 2022-02-19 15:03:58,843 [INFO] Sending to ptd: 'RR'
ptd-server 2022-02-19 15:03:58,844 [INFO] Reply from ptd: 'Ranges,-1,-1.000000,-1,-1.000000'
ptd-server 2022-02-19 15:03:58,844 [INFO] Initial range for Amps is Auto for Volts is Auto
ptd-server 2022-02-19 15:03:58,844 [INFO] Sending to ptd: 'SR,V,Auto'
ptd-server 2022-02-19 15:04:03,897 [INFO] Reply from ptd: 'Range V changed'
ptd-server 2022-02-19 15:04:03,897 [INFO] Sending to ptd: 'SR,A,Auto'
ptd-server 2022-02-19 15:04:08,950 [INFO] Reply from ptd: 'Range A changed'
ptd-server 2022-02-19 15:04:18,961 [INFO] Starting ranging mode
ptd-server 2022-02-19 15:04:18,962 [INFO] Sending to ptd: 'Go,1000,0,2022-02-19_15-03-41_ranging'
ptd-server 2022-02-19 15:04:18,962 [INFO] Reply from ptd: 'Starting untimed measurement, maximum 500000 samples at 1000ms with 0 rampup samples'
ptd-server 2022-02-19 15:04:18,963 [INFO] Sending reply to client 'OK'
ptd-server 2022-02-19 15:19:10,077 [INFO] Got command from the client 'session,2022-02-19_15-03-41,stop,ranging'
ptd-server 2022-02-19 15:19:20,088 [INFO] Sending to ptd: 'Stop'
ptd-server 2022-02-19 15:19:20,088 [INFO] Reply from ptd: 'Stopping untimed measurement'
ptd-server 2022-02-19 15:19:20,151 [INFO] Sending reply to client 'OK'
ptd-server 2022-02-19 15:19:20,242 [INFO] Got command from the client 'time'
ptd-server 2022-02-19 15:19:20,243 [INFO] Sending reply to client '1645305560.2429855'
ptd-server 2022-02-19 15:19:20,243 [INFO] Got command from the client 'session,2022-02-19_15-03-41,start,testing'
ptd-server 2022-02-19 15:19:20,243 [INFO] Sending to ptd: 'SR,V,210.100000'
ptd-server 2022-02-19 15:19:27,014 [INFO] Reply from ptd: 'Range V changed'
ptd-server 2022-02-19 15:19:27,014 [INFO] Sending to ptd: 'SR,A,3.340300'
ptd-server 2022-02-19 15:19:32,566 [INFO] Reply from ptd: 'Range A changed'
ptd-server 2022-02-19 15:19:42,576 [INFO] Starting testing mode
ptd-server 2022-02-19 15:19:42,577 [INFO] Sending to ptd: 'Go,1000,0,2022-02-19_15-03-41_testing'
ptd-server 2022-02-19 15:19:42,577 [INFO] Reply from ptd: 'Starting untimed measurement, maximum 500000 samples at 1000ms with 0 rampup samples'
ptd-server 2022-02-19 15:19:42,578 [INFO] Sending reply to client 'OK'
ptd-server 2022-02-19 15:34:33,697 [INFO] Got command from the client 'session,2022-02-19_15-03-41,stop,testing'
ptd-server 2022-02-19 15:34:43,703 [INFO] Sending to ptd: 'Stop'
ptd-server 2022-02-19 15:34:43,705 [INFO] Reply from ptd: 'Stopping untimed measurement'
ptd-server 2022-02-19 15:34:43,737 [INFO] Sending reply to client 'OK'
ptd-server 2022-02-19 15:34:43,742 [INFO] Got command from the client 'session,2022-02-19_15-03-41,done'
ptd-server 2022-02-19 15:34:43,742 [INFO] Sending to ptd: 'Stop'
ptd-server 2022-02-19 15:34:44,578 [INFO] Reply from ptd: 'Error: no measurement to stop'
ptd-server 2022-02-19 15:34:44,578 [INFO] Sending to ptd: 'SR,V,Auto'
ptd-server 2022-02-19 15:34:49,631 [INFO] Reply from ptd: 'Range V changed'
ptd-server 2022-02-19 15:34:49,631 [INFO] Sending to ptd: 'SR,A,Auto'
ptd-server 2022-02-19 15:34:54,684 [INFO] Reply from ptd: 'Range A changed'
ptd-server 2022-02-19 15:34:54,684 [INFO] Set initial values for Amps Auto and Volts Auto
ptd-server 2022-02-19 15:34:54,684 [INFO] Stopping ptd...
