ptd-server 2022-02-23 15:21:51,769 [INFO] Got command from the client 'stop'
ptd-server 2022-02-23 15:21:51,769 [INFO] The server will be stopped after processing this client
ptd-server 2022-02-23 15:21:51,769 [INFO] Sending reply to client 'OK'
ptd-server 2022-02-23 15:21:51,987 [INFO] Got command from the client 'time'
ptd-server 2022-02-23 15:21:51,987 [INFO] Sending reply to client '1645658511.987881'
ptd-server 2022-02-23 15:21:51,987 [INFO] Got command from the client 'new,,67d73e53-8257-4aa0-8adb-f4b269abce3a'
ptd-server 2022-02-23 15:21:51,987 [INFO] Sending reply to client 'OK 2022-02-23_15-21-51,b3e489e8-e594-4117-b88b-efa080697000'
ptd-server 2022-02-23 15:21:52,206 [INFO] Got command from the client 'time'
ptd-server 2022-02-23 15:21:52,206 [INFO] Sending reply to client '1645658512.2065797'
ptd-server 2022-02-23 15:21:52,206 [INFO] Got command from the client 'session,2022-02-23_15-21-51,start,ranging'
ptd-server 2022-02-23 15:21:52,315 [INFO] Running PTDaemon: ['C:\\PTD\\ptd-windows-x86.exe', '-l', 'C:\\Users\\lab\\AppData\\Local\\Temp\\tmp0e5t04go\\ptd_logfile.txt', '-p', '8888', '-c', '1,2', '-y', '77', '10.34.224.245']
ptd-server 2022-02-23 15:22:10,702 [INFO] Sending to ptd: 'Hello'
ptd-server 2022-02-23 15:22:10,702 [INFO] Reply from ptd: 'Hello, PTDaemon here!'
ptd-server 2022-02-23 15:22:10,702 [INFO] Sending to ptd: 'Identify'
ptd-server 2022-02-23 15:22:10,702 [INFO] Reply from ptd: 'YokogawaWT330_multichannel,1000,1,1,1,1,0,0,1,version=1.9.2-3976349f-20201208,OS=Windows 8 / Server 2012,mode=power,1,1,2,0,0,no_cal_date,YOKOGAWA;WT333E;C2XL24038V;F1.04'
ptd-server 2022-02-23 15:22:10,702 [INFO] Connected to PTDaemon
ptd-server 2022-02-23 15:22:10,702 [INFO] Sending to ptd: 'RR'
ptd-server 2022-02-23 15:22:10,702 [INFO] Reply from ptd: 'Ranges,-1,-1.000000,-1,-1.000000'
ptd-server 2022-02-23 15:22:10,702 [INFO] Initial range for Amps is Auto for Volts is Auto
ptd-server 2022-02-23 15:22:10,702 [INFO] Sending to ptd: 'SR,V,Auto'
ptd-server 2022-02-23 15:22:15,779 [INFO] Reply from ptd: 'Range V changed'
ptd-server 2022-02-23 15:22:15,779 [INFO] Sending to ptd: 'SR,A,Auto'
ptd-server 2022-02-23 15:22:20,856 [INFO] Reply from ptd: 'Range A changed'
ptd-server 2022-02-23 15:22:30,869 [INFO] Starting ranging mode
ptd-server 2022-02-23 15:22:30,884 [INFO] Sending to ptd: 'Go,1000,0,2022-02-23_15-21-51_ranging'
ptd-server 2022-02-23 15:22:30,884 [INFO] Reply from ptd: 'Starting untimed measurement, maximum 500000 samples at 1000ms with 0 rampup samples'
ptd-server 2022-02-23 15:22:30,884 [INFO] Sending reply to client 'OK'
ptd-server 2022-02-23 15:36:36,341 [INFO] Got command from the client 'session,2022-02-23_15-21-51,stop,ranging'
ptd-server 2022-02-23 15:36:46,354 [INFO] Sending to ptd: 'Stop'
ptd-server 2022-02-23 15:36:46,354 [INFO] Reply from ptd: 'Stopping untimed measurement'
ptd-server 2022-02-23 15:36:46,401 [INFO] Sending reply to client 'OK'
ptd-server 2022-02-23 15:36:46,667 [INFO] Got command from the client 'time'
ptd-server 2022-02-23 15:36:46,667 [INFO] Sending reply to client '1645659406.6670969'
ptd-server 2022-02-23 15:36:46,667 [INFO] Got command from the client 'session,2022-02-23_15-21-51,start,testing'
ptd-server 2022-02-23 15:36:46,667 [INFO] Sending to ptd: 'SR,V,208.380000'
ptd-server 2022-02-23 15:36:52,993 [INFO] Reply from ptd: 'Range V changed'
ptd-server 2022-02-23 15:36:52,993 [INFO] Sending to ptd: 'SR,A,6.978000'
ptd-server 2022-02-23 15:36:58,586 [INFO] Reply from ptd: 'Range A changed'
ptd-server 2022-02-23 15:37:08,599 [INFO] Starting testing mode
ptd-server 2022-02-23 15:37:08,599 [INFO] Sending to ptd: 'Go,1000,0,2022-02-23_15-21-51_testing'
ptd-server 2022-02-23 15:37:08,599 [INFO] Reply from ptd: 'Starting untimed measurement, maximum 500000 samples at 1000ms with 0 rampup samples'
ptd-server 2022-02-23 15:37:08,599 [INFO] Sending reply to client 'OK'
ptd-server 2022-02-23 15:51:15,226 [INFO] Got command from the client 'session,2022-02-23_15-21-51,stop,testing'
ptd-server 2022-02-23 15:51:25,240 [INFO] Sending to ptd: 'Stop'
ptd-server 2022-02-23 15:51:25,240 [INFO] Reply from ptd: 'Stopping untimed measurement'
ptd-server 2022-02-23 15:51:25,255 [INFO] Sending reply to client 'OK'
ptd-server 2022-02-23 15:51:25,333 [INFO] Got command from the client 'session,2022-02-23_15-21-51,done'
ptd-server 2022-02-23 15:51:25,333 [INFO] Sending to ptd: 'Stop'
ptd-server 2022-02-23 15:51:25,615 [INFO] Reply from ptd: 'Error: no measurement to stop'
ptd-server 2022-02-23 15:51:25,615 [INFO] Sending to ptd: 'SR,V,Auto'
ptd-server 2022-02-23 15:51:30,691 [INFO] Reply from ptd: 'Range V changed'
ptd-server 2022-02-23 15:51:30,691 [INFO] Sending to ptd: 'SR,A,Auto'
ptd-server 2022-02-23 15:51:35,768 [INFO] Reply from ptd: 'Range A changed'
ptd-server 2022-02-23 15:51:35,768 [INFO] Set initial values for Amps Auto and Volts Auto
ptd-server 2022-02-23 15:51:35,768 [INFO] Stopping ptd...
