ptd-server 2022-02-20 05:32:52,727 [INFO] Got command from the client 'time'
ptd-server 2022-02-20 05:32:52,728 [INFO] Sending reply to client '1645335172.7280247'
ptd-server 2022-02-20 05:32:52,729 [INFO] Got command from the client 'new,,0c1224a9-c452-4490-95ca-f6269e865e78'
ptd-server 2022-02-20 05:32:52,729 [INFO] Sending reply to client 'OK 2022-02-20_05-32-52,da2e224e-6feb-43a6-85eb-ebd152ff7a7a'
ptd-server 2022-02-20 05:32:52,768 [INFO] Got command from the client 'time'
ptd-server 2022-02-20 05:32:52,768 [INFO] Sending reply to client '1645335172.7683454'
ptd-server 2022-02-20 05:32:52,770 [INFO] Got command from the client 'session,2022-02-20_05-32-52,start,ranging'
ptd-server 2022-02-20 05:32:52,771 [INFO] Running PTDaemon: ['/home/anton/projects/mlperf/power/inference_v1.0/ptd-linux-x86', '-l', '/tmp/tmpgldyt7rr/ptd_logfile.txt', '-p', '8888', '49', '/dev/usbtmc0']
ptd-server 2022-02-20 05:33:09,944 [INFO] Sending to ptd: 'Hello'
ptd-server 2022-02-20 05:33:09,945 [INFO] Reply from ptd: 'Hello, PTDaemon here!'
ptd-server 2022-02-20 05:33:09,945 [INFO] Sending to ptd: 'Identify'
ptd-server 2022-02-20 05:33:09,945 [INFO] Reply from ptd: 'YokogawaWT310E,1000,1,1,1,1,0,1,1,version=1.9.2-e8c7a49a-20201208,OS=Linux 5.13.0-28-generic #31~20.04.1-Ubuntu SMP Wed Jan 19 14:08:10 UTC 2022 x86_64,mode=power,1,1,1,0,0,no_cal_date,YOKOGAWA;WT310E;C3XA04010E;F1.04'
ptd-server 2022-02-20 05:33:09,945 [INFO] Connected to PTDaemon
ptd-server 2022-02-20 05:33:09,946 [INFO] Sending to ptd: 'RR'
ptd-server 2022-02-20 05:33:09,946 [INFO] Reply from ptd: 'Ranges,0,0.500000,0,300.000000'
ptd-server 2022-02-20 05:33:09,946 [INFO] Initial range for Amps is 0.500000 for Volts is 300.000000
ptd-server 2022-02-20 05:33:09,946 [INFO] Sending to ptd: 'SR,V,Auto'
ptd-server 2022-02-20 05:33:10,449 [INFO] Reply from ptd: 'Range V changed'
ptd-server 2022-02-20 05:33:10,449 [INFO] Sending to ptd: 'SR,A,Auto'
ptd-server 2022-02-20 05:33:10,951 [INFO] Reply from ptd: 'Range A changed'
ptd-server 2022-02-20 05:33:20,961 [INFO] Starting ranging mode
ptd-server 2022-02-20 05:33:20,962 [INFO] Sending to ptd: 'Go,1000,0,2022-02-20_05-32-52_ranging'
ptd-server 2022-02-20 05:33:20,962 [INFO] Reply from ptd: 'Starting untimed measurement, maximum 500000 samples at 1000ms with 0 rampup samples'
ptd-server 2022-02-20 05:33:20,962 [INFO] Sending reply to client 'OK'
ptd-server 2022-02-20 05:43:42,677 [INFO] Got command from the client 'session,2022-02-20_05-32-52,stop,ranging'
ptd-server 2022-02-20 05:43:52,688 [INFO] Sending to ptd: 'Stop'
ptd-server 2022-02-20 05:43:52,688 [INFO] Reply from ptd: 'Stopping untimed measurement'
ptd-server 2022-02-20 05:43:53,127 [INFO] Sending reply to client 'OK'
ptd-server 2022-02-20 05:43:53,220 [INFO] Got command from the client 'time'
ptd-server 2022-02-20 05:43:53,221 [INFO] Sending reply to client '1645335833.2210076'
ptd-server 2022-02-20 05:43:53,224 [INFO] Got command from the client 'session,2022-02-20_05-32-52,start,testing'
ptd-server 2022-02-20 05:43:53,224 [INFO] Sending to ptd: 'SR,V,250.750000'
ptd-server 2022-02-20 05:43:54,726 [INFO] Reply from ptd: 'Range V changed'
ptd-server 2022-02-20 05:43:54,726 [INFO] Sending to ptd: 'SR,A,0.065200'
ptd-server 2022-02-20 05:43:56,227 [INFO] Reply from ptd: 'Range A changed'
ptd-server 2022-02-20 05:44:06,238 [INFO] Starting testing mode
ptd-server 2022-02-20 05:44:06,238 [INFO] Sending to ptd: 'Go,1000,0,2022-02-20_05-32-52_testing'
ptd-server 2022-02-20 05:44:06,238 [INFO] Reply from ptd: 'Starting untimed measurement, maximum 500000 samples at 1000ms with 0 rampup samples'
ptd-server 2022-02-20 05:44:06,238 [INFO] Sending reply to client 'OK'
ptd-server 2022-02-20 05:54:28,795 [INFO] Got command from the client 'session,2022-02-20_05-32-52,stop,testing'
ptd-server 2022-02-20 05:54:38,804 [INFO] Sending to ptd: 'Stop'
ptd-server 2022-02-20 05:54:38,804 [INFO] Reply from ptd: 'Stopping untimed measurement'
ptd-server 2022-02-20 05:54:39,035 [INFO] Sending reply to client 'OK'
ptd-server 2022-02-20 05:54:39,074 [INFO] Got command from the client 'session,2022-02-20_05-32-52,done'
ptd-server 2022-02-20 05:54:39,074 [INFO] Sending to ptd: 'Stop'
ptd-server 2022-02-20 05:54:39,238 [INFO] Reply from ptd: 'Error: no measurement to stop'
ptd-server 2022-02-20 05:54:39,238 [INFO] Sending to ptd: 'SR,V,300.000000'
ptd-server 2022-02-20 05:54:40,740 [INFO] Reply from ptd: 'Range V changed'
ptd-server 2022-02-20 05:54:40,740 [INFO] Sending to ptd: 'SR,A,0.500000'
ptd-server 2022-02-20 05:54:42,242 [INFO] Reply from ptd: 'Range A changed'
ptd-server 2022-02-20 05:54:42,242 [INFO] Set initial values for Amps 0.500000 and Volts 300.000000
ptd-server 2022-02-20 05:54:42,242 [INFO] Stopping ptd...
