ptd-server 2022-02-23 12:23:59,826 [INFO] Got command from the client 'time'
ptd-server 2022-02-23 12:23:59,826 [INFO] Sending reply to client '1645619039.8269017'
ptd-server 2022-02-23 12:23:59,829 [INFO] Got command from the client 'new,,b5ffbe4d-eb94-404c-ac96-6f602075441e'
ptd-server 2022-02-23 12:23:59,829 [INFO] Sending reply to client 'OK 2022-02-23_12-23-59,ce121ff4-1c6d-44a6-bb44-f067279b8ea5'
ptd-server 2022-02-23 12:23:59,866 [INFO] Got command from the client 'time'
ptd-server 2022-02-23 12:23:59,866 [INFO] Sending reply to client '1645619039.8664563'
ptd-server 2022-02-23 12:23:59,868 [INFO] Got command from the client 'session,2022-02-23_12-23-59,start,ranging'
ptd-server 2022-02-23 12:23:59,868 [INFO] Running PTDaemon: ['/home/anton/projects/mlperf/power/inference_v1.0/ptd-linux-x86', '-l', '/tmp/tmpgldyt7rr/ptd_logfile.txt', '-p', '8888', '49', '/dev/usbtmc0']
ptd-server 2022-02-23 12:24:17,042 [INFO] Sending to ptd: 'Hello'
ptd-server 2022-02-23 12:24:17,042 [INFO] Reply from ptd: 'Hello, PTDaemon here!'
ptd-server 2022-02-23 12:24:17,043 [INFO] Sending to ptd: 'Identify'
ptd-server 2022-02-23 12:24:17,043 [INFO] Reply from ptd: 'YokogawaWT310E,1000,1,1,1,1,0,1,1,version=1.9.2-e8c7a49a-20201208,OS=Linux 5.13.0-28-generic #31~20.04.1-Ubuntu SMP Wed Jan 19 14:08:10 UTC 2022 x86_64,mode=power,1,1,1,0,0,no_cal_date,YOKOGAWA;WT310E;C3XA04010E;F1.04'
ptd-server 2022-02-23 12:24:17,043 [INFO] Connected to PTDaemon
ptd-server 2022-02-23 12:24:17,043 [INFO] Sending to ptd: 'RR'
ptd-server 2022-02-23 12:24:17,043 [INFO] Reply from ptd: 'Ranges,0,0.500000,0,300.000000'
ptd-server 2022-02-23 12:24:17,044 [INFO] Initial range for Amps is 0.500000 for Volts is 300.000000
ptd-server 2022-02-23 12:24:17,044 [INFO] Sending to ptd: 'SR,V,Auto'
ptd-server 2022-02-23 12:24:17,546 [INFO] Reply from ptd: 'Range V changed'
ptd-server 2022-02-23 12:24:17,546 [INFO] Sending to ptd: 'SR,A,Auto'
ptd-server 2022-02-23 12:24:18,049 [INFO] Reply from ptd: 'Range A changed'
ptd-server 2022-02-23 12:24:28,059 [INFO] Starting ranging mode
ptd-server 2022-02-23 12:24:28,059 [INFO] Sending to ptd: 'Go,1000,0,2022-02-23_12-23-59_ranging'
ptd-server 2022-02-23 12:24:28,060 [INFO] Reply from ptd: 'Starting untimed measurement, maximum 500000 samples at 1000ms with 0 rampup samples'
ptd-server 2022-02-23 12:24:28,060 [INFO] Sending reply to client 'OK'
ptd-server 2022-02-23 12:34:57,346 [INFO] Got command from the client 'session,2022-02-23_12-23-59,stop,ranging'
ptd-server 2022-02-23 12:35:07,356 [INFO] Sending to ptd: 'Stop'
ptd-server 2022-02-23 12:35:07,357 [INFO] Reply from ptd: 'Stopping untimed measurement'
ptd-server 2022-02-23 12:35:08,220 [INFO] Sending reply to client 'OK'
ptd-server 2022-02-23 12:35:08,285 [INFO] Got command from the client 'time'
ptd-server 2022-02-23 12:35:08,285 [INFO] Sending reply to client '1645619708.285406'
ptd-server 2022-02-23 12:35:08,287 [INFO] Got command from the client 'session,2022-02-23_12-23-59,start,testing'
ptd-server 2022-02-23 12:35:08,287 [INFO] Sending to ptd: 'SR,V,251.240000'
ptd-server 2022-02-23 12:35:09,788 [INFO] Reply from ptd: 'Range V changed'
ptd-server 2022-02-23 12:35:09,789 [INFO] Sending to ptd: 'SR,A,0.055640'
ptd-server 2022-02-23 12:35:11,290 [INFO] Reply from ptd: 'Range A changed'
ptd-server 2022-02-23 12:35:21,300 [INFO] Starting testing mode
ptd-server 2022-02-23 12:35:21,300 [INFO] Sending to ptd: 'Go,1000,0,2022-02-23_12-23-59_testing'
ptd-server 2022-02-23 12:35:21,300 [INFO] Reply from ptd: 'Starting untimed measurement, maximum 500000 samples at 1000ms with 0 rampup samples'
ptd-server 2022-02-23 12:35:21,300 [INFO] Sending reply to client 'OK'
ptd-server 2022-02-23 12:45:50,427 [INFO] Got command from the client 'session,2022-02-23_12-23-59,stop,testing'
ptd-server 2022-02-23 12:46:00,438 [INFO] Sending to ptd: 'Stop'
ptd-server 2022-02-23 12:46:00,438 [INFO] Reply from ptd: 'Stopping untimed measurement'
ptd-server 2022-02-23 12:46:00,875 [INFO] Sending reply to client 'OK'
ptd-server 2022-02-23 12:46:00,893 [INFO] Got command from the client 'session,2022-02-23_12-23-59,done'
ptd-server 2022-02-23 12:46:00,894 [INFO] Sending to ptd: 'Stop'
ptd-server 2022-02-23 12:46:01,300 [INFO] Reply from ptd: 'Error: no measurement to stop'
ptd-server 2022-02-23 12:46:01,300 [INFO] Sending to ptd: 'SR,V,300.000000'
ptd-server 2022-02-23 12:46:02,802 [INFO] Reply from ptd: 'Range V changed'
ptd-server 2022-02-23 12:46:02,802 [INFO] Sending to ptd: 'SR,A,0.500000'
ptd-server 2022-02-23 12:46:04,303 [INFO] Reply from ptd: 'Range A changed'
ptd-server 2022-02-23 12:46:04,303 [INFO] Set initial values for Amps 0.500000 and Volts 300.000000
ptd-server 2022-02-23 12:46:04,304 [INFO] Stopping ptd...
