ptd-server 2022-02-15 01:26:37,203 [INFO] Got command from the client 'time'
ptd-server 2022-02-15 01:26:37,203 [INFO] Sending reply to client '1644888397.2036207'
ptd-server 2022-02-15 01:26:37,206 [INFO] Got command from the client 'new,,dc92f365-fa1f-48d9-a01f-73b3b580f9c9'
ptd-server 2022-02-15 01:26:37,207 [INFO] Sending reply to client 'OK 2022-02-15_01-26-37,13af1760-9d1b-4b8c-a8bc-14d50a08272a'
ptd-server 2022-02-15 01:26:37,242 [INFO] Got command from the client 'time'
ptd-server 2022-02-15 01:26:37,243 [INFO] Sending reply to client '1644888397.2430494'
ptd-server 2022-02-15 01:26:37,244 [INFO] Got command from the client 'session,2022-02-15_01-26-37,start,ranging'
ptd-server 2022-02-15 01:26:37,245 [INFO] Running PTDaemon: ['/home/anton/projects/mlperf/power/inference_v1.0/ptd-linux-x86', '-l', '/tmp/tmpxvec0g6h/ptd_logfile.txt', '-p', '8888', '49', '/dev/usbtmc0']
ptd-server 2022-02-15 01:26:54,418 [INFO] Sending to ptd: 'Hello'
ptd-server 2022-02-15 01:26:54,419 [INFO] Reply from ptd: 'Hello, PTDaemon here!'
ptd-server 2022-02-15 01:26:54,419 [INFO] Sending to ptd: 'Identify'
ptd-server 2022-02-15 01:26:54,419 [INFO] Reply from ptd: 'YokogawaWT310E,1000,1,1,1,1,0,1,1,version=1.9.2-e8c7a49a-20201208,OS=Linux 5.13.0-27-generic #29~20.04.1-Ubuntu SMP Fri Jan 14 00:32:30 UTC 2022 x86_64,mode=power,1,1,1,0,0,no_cal_date,YOKOGAWA;WT310E;C3XA04010E;F1.04'
ptd-server 2022-02-15 01:26:54,420 [INFO] Connected to PTDaemon
ptd-server 2022-02-15 01:26:54,420 [INFO] Sending to ptd: 'RR'
ptd-server 2022-02-15 01:26:54,420 [INFO] Reply from ptd: 'Ranges,0,0.500000,0,300.000000'
ptd-server 2022-02-15 01:26:54,420 [INFO] Initial range for Amps is 0.500000 for Volts is 300.000000
ptd-server 2022-02-15 01:26:54,420 [INFO] Sending to ptd: 'SR,V,Auto'
ptd-server 2022-02-15 01:26:54,923 [INFO] Reply from ptd: 'Range V changed'
ptd-server 2022-02-15 01:26:54,923 [INFO] Sending to ptd: 'SR,A,Auto'
ptd-server 2022-02-15 01:26:55,425 [INFO] Reply from ptd: 'Range A changed'
ptd-server 2022-02-15 01:27:05,436 [INFO] Starting ranging mode
ptd-server 2022-02-15 01:27:05,436 [INFO] Sending to ptd: 'Go,1000,0,2022-02-15_01-26-37_ranging'
ptd-server 2022-02-15 01:27:05,436 [INFO] Reply from ptd: 'Starting untimed measurement, maximum 500000 samples at 1000ms with 0 rampup samples'
ptd-server 2022-02-15 01:27:05,436 [INFO] Sending reply to client 'OK'
ptd-server 2022-02-15 01:37:24,839 [INFO] Got command from the client 'session,2022-02-15_01-26-37,stop,ranging'
ptd-server 2022-02-15 01:37:34,849 [INFO] Sending to ptd: 'Stop'
ptd-server 2022-02-15 01:37:34,850 [INFO] Reply from ptd: 'Stopping untimed measurement'
ptd-server 2022-02-15 01:37:35,657 [INFO] Sending reply to client 'OK'
ptd-server 2022-02-15 01:37:35,712 [INFO] Got command from the client 'time'
ptd-server 2022-02-15 01:37:35,713 [INFO] Sending reply to client '1644889055.7130342'
ptd-server 2022-02-15 01:37:35,716 [INFO] Got command from the client 'session,2022-02-15_01-26-37,start,testing'
ptd-server 2022-02-15 01:37:35,716 [INFO] Sending to ptd: 'SR,V,251.250000'
ptd-server 2022-02-15 01:37:37,217 [INFO] Reply from ptd: 'Range V changed'
ptd-server 2022-02-15 01:37:37,217 [INFO] Sending to ptd: 'SR,A,0.179870'
ptd-server 2022-02-15 01:37:38,719 [INFO] Reply from ptd: 'Range A changed'
ptd-server 2022-02-15 01:37:48,729 [INFO] Starting testing mode
ptd-server 2022-02-15 01:37:48,729 [INFO] Sending to ptd: 'Go,1000,0,2022-02-15_01-26-37_testing'
ptd-server 2022-02-15 01:37:48,730 [INFO] Reply from ptd: 'Starting untimed measurement, maximum 500000 samples at 1000ms with 0 rampup samples'
ptd-server 2022-02-15 01:37:48,730 [INFO] Sending reply to client 'OK'
ptd-server 2022-02-15 01:48:08,102 [INFO] Got command from the client 'session,2022-02-15_01-26-37,stop,testing'
ptd-server 2022-02-15 01:48:18,113 [INFO] Sending to ptd: 'Stop'
ptd-server 2022-02-15 01:48:18,113 [INFO] Reply from ptd: 'Stopping untimed measurement'
ptd-server 2022-02-15 01:48:18,523 [INFO] Sending reply to client 'OK'
ptd-server 2022-02-15 01:48:18,542 [INFO] Got command from the client 'session,2022-02-15_01-26-37,done'
ptd-server 2022-02-15 01:48:18,542 [INFO] Sending to ptd: 'Stop'
ptd-server 2022-02-15 01:48:18,730 [INFO] Reply from ptd: 'Error: no measurement to stop'
ptd-server 2022-02-15 01:48:18,730 [INFO] Sending to ptd: 'SR,V,300.000000'
ptd-server 2022-02-15 01:48:20,232 [INFO] Reply from ptd: 'Range V changed'
ptd-server 2022-02-15 01:48:20,232 [INFO] Sending to ptd: 'SR,A,0.500000'
ptd-server 2022-02-15 01:48:21,733 [INFO] Reply from ptd: 'Range A changed'
ptd-server 2022-02-15 01:48:21,734 [INFO] Set initial values for Amps 0.500000 and Volts 300.000000
ptd-server 2022-02-15 01:48:21,734 [INFO] Stopping ptd...
