ptd-server 2022-02-16 09:19:08,258 [INFO] Got command from the client 'time'
ptd-server 2022-02-16 09:19:08,258 [INFO] Sending reply to client '1645003148.258505'
ptd-server 2022-02-16 09:19:08,260 [INFO] Got command from the client 'new,,13150eac-817b-4e01-bf08-2aa9dbc0d976'
ptd-server 2022-02-16 09:19:08,260 [INFO] Sending reply to client 'OK 2022-02-16_09-19-08,10311054-146b-4ec1-b46f-28a070050432'
ptd-server 2022-02-16 09:19:08,292 [INFO] Got command from the client 'time'
ptd-server 2022-02-16 09:19:08,292 [INFO] Sending reply to client '1645003148.2926922'
ptd-server 2022-02-16 09:19:08,294 [INFO] Got command from the client 'session,2022-02-16_09-19-08,start,ranging'
ptd-server 2022-02-16 09:19:08,295 [INFO] Running PTDaemon: ['/home/anton/projects/mlperf/power/inference_v1.0/ptd-linux-x86', '-l', '/tmp/tmpgldyt7rr/ptd_logfile.txt', '-p', '8888', '49', '/dev/usbtmc0']
ptd-server 2022-02-16 09:19:25,468 [INFO] Sending to ptd: 'Hello'
ptd-server 2022-02-16 09:19:25,469 [INFO] Reply from ptd: 'Hello, PTDaemon here!'
ptd-server 2022-02-16 09:19:25,469 [INFO] Sending to ptd: 'Identify'
ptd-server 2022-02-16 09:19:25,469 [INFO] Reply from ptd: 'YokogawaWT310E,1000,1,1,1,1,0,1,1,version=1.9.2-e8c7a49a-20201208,OS=Linux 5.13.0-28-generic #31~20.04.1-Ubuntu SMP Wed Jan 19 14:08:10 UTC 2022 x86_64,mode=power,1,1,1,0,0,no_cal_date,YOKOGAWA;WT310E;C3XA04010E;F1.04'
ptd-server 2022-02-16 09:19:25,469 [INFO] Connected to PTDaemon
ptd-server 2022-02-16 09:19:25,469 [INFO] Sending to ptd: 'RR'
ptd-server 2022-02-16 09:19:25,470 [INFO] Reply from ptd: 'Ranges,0,0.500000,0,300.000000'
ptd-server 2022-02-16 09:19:25,470 [INFO] Initial range for Amps is 0.500000 for Volts is 300.000000
ptd-server 2022-02-16 09:19:25,470 [INFO] Sending to ptd: 'SR,V,Auto'
ptd-server 2022-02-16 09:19:25,972 [INFO] Reply from ptd: 'Range V changed'
ptd-server 2022-02-16 09:19:25,973 [INFO] Sending to ptd: 'SR,A,Auto'
ptd-server 2022-02-16 09:19:26,475 [INFO] Reply from ptd: 'Range A changed'
ptd-server 2022-02-16 09:19:36,485 [INFO] Starting ranging mode
ptd-server 2022-02-16 09:19:36,485 [INFO] Sending to ptd: 'Go,1000,0,2022-02-16_09-19-08_ranging'
ptd-server 2022-02-16 09:19:36,486 [INFO] Reply from ptd: 'Starting untimed measurement, maximum 500000 samples at 1000ms with 0 rampup samples'
ptd-server 2022-02-16 09:19:36,486 [INFO] Sending reply to client 'OK'
ptd-server 2022-02-16 09:30:09,426 [INFO] Got command from the client 'session,2022-02-16_09-19-08,stop,ranging'
ptd-server 2022-02-16 09:30:19,436 [INFO] Sending to ptd: 'Stop'
ptd-server 2022-02-16 09:30:19,437 [INFO] Reply from ptd: 'Stopping untimed measurement'
ptd-server 2022-02-16 09:30:19,455 [INFO] Sending reply to client 'OK'
ptd-server 2022-02-16 09:30:19,552 [INFO] Got command from the client 'time'
ptd-server 2022-02-16 09:30:19,552 [INFO] Sending reply to client '1645003819.5523436'
ptd-server 2022-02-16 09:30:19,555 [INFO] Got command from the client 'session,2022-02-16_09-19-08,start,testing'
ptd-server 2022-02-16 09:30:19,555 [INFO] Sending to ptd: 'SR,V,250.570000'
ptd-server 2022-02-16 09:30:21,056 [INFO] Reply from ptd: 'Range V changed'
ptd-server 2022-02-16 09:30:21,056 [INFO] Sending to ptd: 'SR,A,0.046460'
ptd-server 2022-02-16 09:30:22,558 [INFO] Reply from ptd: 'Range A changed'
ptd-server 2022-02-16 09:30:32,568 [INFO] Starting testing mode
ptd-server 2022-02-16 09:30:32,568 [INFO] Sending to ptd: 'Go,1000,0,2022-02-16_09-19-08_testing'
ptd-server 2022-02-16 09:30:32,569 [INFO] Reply from ptd: 'Starting untimed measurement, maximum 500000 samples at 1000ms with 0 rampup samples'
ptd-server 2022-02-16 09:30:32,569 [INFO] Sending reply to client 'OK'
ptd-server 2022-02-16 09:41:05,564 [INFO] Got command from the client 'session,2022-02-16_09-19-08,stop,testing'
ptd-server 2022-02-16 09:41:15,569 [INFO] Sending to ptd: 'Stop'
ptd-server 2022-02-16 09:41:15,570 [INFO] Reply from ptd: 'Stopping untimed measurement'
ptd-server 2022-02-16 09:41:15,578 [INFO] Sending reply to client 'OK'
ptd-server 2022-02-16 09:41:15,611 [INFO] Got command from the client 'session,2022-02-16_09-19-08,done'
ptd-server 2022-02-16 09:41:15,611 [INFO] Sending to ptd: 'Stop'
ptd-server 2022-02-16 09:41:16,569 [INFO] Reply from ptd: 'Error: no measurement to stop'
ptd-server 2022-02-16 09:41:16,569 [INFO] Sending to ptd: 'SR,V,300.000000'
ptd-server 2022-02-16 09:41:18,071 [INFO] Reply from ptd: 'Range V changed'
ptd-server 2022-02-16 09:41:18,071 [INFO] Sending to ptd: 'SR,A,0.500000'
ptd-server 2022-02-16 09:41:19,572 [INFO] Reply from ptd: 'Range A changed'
ptd-server 2022-02-16 09:41:19,572 [INFO] Set initial values for Amps 0.500000 and Volts 300.000000
ptd-server 2022-02-16 09:41:19,573 [INFO] Stopping ptd...
