ptd-server 2022-02-16 15:50:35,961 [INFO] Got command from the client 'time'
ptd-server 2022-02-16 15:50:35,961 [INFO] Sending reply to client '1645026635.9618442'
ptd-server 2022-02-16 15:50:35,963 [INFO] Got command from the client 'new,,9b0fbaa2-fbf3-40ca-803d-fb4c3b9ee596'
ptd-server 2022-02-16 15:50:35,963 [INFO] Sending reply to client 'OK 2022-02-16_15-50-35,53334b47-6d5f-403c-ba5f-0308c32ee1ae'
ptd-server 2022-02-16 15:50:36,000 [INFO] Got command from the client 'time'
ptd-server 2022-02-16 15:50:36,000 [INFO] Sending reply to client '1645026636.0005114'
ptd-server 2022-02-16 15:50:36,001 [INFO] Got command from the client 'session,2022-02-16_15-50-35,start,ranging'
ptd-server 2022-02-16 15:50:36,001 [INFO] Running PTDaemon: ['/home/anton/projects/mlperf/power/inference_v1.0/ptd-linux-x86', '-l', '/tmp/tmpgldyt7rr/ptd_logfile.txt', '-p', '8888', '49', '/dev/usbtmc0']
ptd-server 2022-02-16 15:50:53,174 [INFO] Sending to ptd: 'Hello'
ptd-server 2022-02-16 15:50:53,175 [INFO] Reply from ptd: 'Hello, PTDaemon here!'
ptd-server 2022-02-16 15:50:53,175 [INFO] Sending to ptd: 'Identify'
ptd-server 2022-02-16 15:50:53,175 [INFO] Reply from ptd: 'YokogawaWT310E,1000,1,1,1,1,0,1,1,version=1.9.2-e8c7a49a-20201208,OS=Linux 5.13.0-28-generic #31~20.04.1-Ubuntu SMP Wed Jan 19 14:08:10 UTC 2022 x86_64,mode=power,1,1,1,0,0,no_cal_date,YOKOGAWA;WT310E;C3XA04010E;F1.04'
ptd-server 2022-02-16 15:50:53,175 [INFO] Connected to PTDaemon
ptd-server 2022-02-16 15:50:53,175 [INFO] Sending to ptd: 'RR'
ptd-server 2022-02-16 15:50:53,176 [INFO] Reply from ptd: 'Ranges,0,0.500000,0,300.000000'
ptd-server 2022-02-16 15:50:53,176 [INFO] Initial range for Amps is 0.500000 for Volts is 300.000000
ptd-server 2022-02-16 15:50:53,176 [INFO] Sending to ptd: 'SR,V,Auto'
ptd-server 2022-02-16 15:50:53,679 [INFO] Reply from ptd: 'Range V changed'
ptd-server 2022-02-16 15:50:53,679 [INFO] Sending to ptd: 'SR,A,Auto'
ptd-server 2022-02-16 15:50:54,181 [INFO] Reply from ptd: 'Range A changed'
ptd-server 2022-02-16 15:51:04,191 [INFO] Starting ranging mode
ptd-server 2022-02-16 15:51:04,192 [INFO] Sending to ptd: 'Go,1000,0,2022-02-16_15-50-35_ranging'
ptd-server 2022-02-16 15:51:04,192 [INFO] Reply from ptd: 'Starting untimed measurement, maximum 500000 samples at 1000ms with 0 rampup samples'
ptd-server 2022-02-16 15:51:04,192 [INFO] Sending reply to client 'OK'
ptd-server 2022-02-16 16:01:24,588 [INFO] Got command from the client 'session,2022-02-16_15-50-35,stop,ranging'
ptd-server 2022-02-16 16:01:34,598 [INFO] Sending to ptd: 'Stop'
ptd-server 2022-02-16 16:01:34,599 [INFO] Reply from ptd: 'Stopping untimed measurement'
ptd-server 2022-02-16 16:01:34,645 [INFO] Sending reply to client 'OK'
ptd-server 2022-02-16 16:01:34,719 [INFO] Got command from the client 'time'
ptd-server 2022-02-16 16:01:34,719 [INFO] Sending reply to client '1645027294.7194593'
ptd-server 2022-02-16 16:01:34,720 [INFO] Got command from the client 'session,2022-02-16_15-50-35,start,testing'
ptd-server 2022-02-16 16:01:34,720 [INFO] Sending to ptd: 'SR,V,250.730000'
ptd-server 2022-02-16 16:01:36,693 [INFO] Reply from ptd: 'Range V changed'
ptd-server 2022-02-16 16:01:36,693 [INFO] Sending to ptd: 'SR,A,0.050530'
ptd-server 2022-02-16 16:01:38,195 [INFO] Reply from ptd: 'Range A changed'
ptd-server 2022-02-16 16:01:48,205 [INFO] Starting testing mode
ptd-server 2022-02-16 16:01:48,205 [INFO] Sending to ptd: 'Go,1000,0,2022-02-16_15-50-35_testing'
ptd-server 2022-02-16 16:01:48,206 [INFO] Reply from ptd: 'Starting untimed measurement, maximum 500000 samples at 1000ms with 0 rampup samples'
ptd-server 2022-02-16 16:01:48,206 [INFO] Sending reply to client 'OK'
ptd-server 2022-02-16 16:12:06,717 [INFO] Got command from the client 'session,2022-02-16_15-50-35,stop,testing'
ptd-server 2022-02-16 16:12:16,727 [INFO] Sending to ptd: 'Stop'
ptd-server 2022-02-16 16:12:16,728 [INFO] Reply from ptd: 'Stopping untimed measurement'
ptd-server 2022-02-16 16:12:16,751 [INFO] Sending reply to client 'OK'
ptd-server 2022-02-16 16:12:16,774 [INFO] Got command from the client 'session,2022-02-16_15-50-35,done'
ptd-server 2022-02-16 16:12:16,774 [INFO] Sending to ptd: 'Stop'
ptd-server 2022-02-16 16:12:17,207 [INFO] Reply from ptd: 'Error: no measurement to stop'
ptd-server 2022-02-16 16:12:17,207 [INFO] Sending to ptd: 'SR,V,300.000000'
ptd-server 2022-02-16 16:12:18,708 [INFO] Reply from ptd: 'Range V changed'
ptd-server 2022-02-16 16:12:18,708 [INFO] Sending to ptd: 'SR,A,0.500000'
ptd-server 2022-02-16 16:12:20,210 [INFO] Reply from ptd: 'Range A changed'
ptd-server 2022-02-16 16:12:20,210 [INFO] Set initial values for Amps 0.500000 and Volts 300.000000
ptd-server 2022-02-16 16:12:20,210 [INFO] Stopping ptd...
