ptd-server 2022-02-18 12:20:15,016 [INFO] Got command from the client 'time'
ptd-server 2022-02-18 12:20:15,016 [INFO] Sending reply to client '1645186815.0165946'
ptd-server 2022-02-18 12:20:15,019 [INFO] Got command from the client 'new,,b6d35f1d-ccad-40aa-b32c-1d62f3576b53'
ptd-server 2022-02-18 12:20:15,019 [INFO] Sending reply to client 'OK 2022-02-18_12-20-15,61263807-3c75-429c-855e-072162a9a784'
ptd-server 2022-02-18 12:20:15,068 [INFO] Got command from the client 'time'
ptd-server 2022-02-18 12:20:15,068 [INFO] Sending reply to client '1645186815.0687082'
ptd-server 2022-02-18 12:20:15,071 [INFO] Got command from the client 'session,2022-02-18_12-20-15,start,ranging'
ptd-server 2022-02-18 12:20:15,071 [INFO] Running PTDaemon: ['/home/anton/projects/mlperf/power/inference_v1.0/ptd-linux-x86', '-l', '/tmp/tmpgldyt7rr/ptd_logfile.txt', '-p', '8888', '49', '/dev/usbtmc0']
ptd-server 2022-02-18 12:20:32,244 [INFO] Sending to ptd: 'Hello'
ptd-server 2022-02-18 12:20:32,244 [INFO] Reply from ptd: 'Hello, PTDaemon here!'
ptd-server 2022-02-18 12:20:32,245 [INFO] Sending to ptd: 'Identify'
ptd-server 2022-02-18 12:20:32,245 [INFO] Reply from ptd: 'YokogawaWT310E,1000,1,1,1,1,0,1,1,version=1.9.2-e8c7a49a-20201208,OS=Linux 5.13.0-28-generic #31~20.04.1-Ubuntu SMP Wed Jan 19 14:08:10 UTC 2022 x86_64,mode=power,1,1,1,0,0,no_cal_date,YOKOGAWA;WT310E;C3XA04010E;F1.04'
ptd-server 2022-02-18 12:20:32,245 [INFO] Connected to PTDaemon
ptd-server 2022-02-18 12:20:32,245 [INFO] Sending to ptd: 'RR'
ptd-server 2022-02-18 12:20:32,246 [INFO] Reply from ptd: 'Ranges,0,0.500000,0,300.000000'
ptd-server 2022-02-18 12:20:32,246 [INFO] Initial range for Amps is 0.500000 for Volts is 300.000000
ptd-server 2022-02-18 12:20:32,246 [INFO] Sending to ptd: 'SR,V,Auto'
ptd-server 2022-02-18 12:20:32,748 [INFO] Reply from ptd: 'Range V changed'
ptd-server 2022-02-18 12:20:32,749 [INFO] Sending to ptd: 'SR,A,Auto'
ptd-server 2022-02-18 12:20:33,251 [INFO] Reply from ptd: 'Range A changed'
ptd-server 2022-02-18 12:20:43,261 [INFO] Starting ranging mode
ptd-server 2022-02-18 12:20:43,262 [INFO] Sending to ptd: 'Go,1000,0,2022-02-18_12-20-15_ranging'
ptd-server 2022-02-18 12:20:43,262 [INFO] Reply from ptd: 'Starting untimed measurement, maximum 500000 samples at 1000ms with 0 rampup samples'
ptd-server 2022-02-18 12:20:43,262 [INFO] Sending reply to client 'OK'
ptd-server 2022-02-18 12:32:53,956 [INFO] Got command from the client 'session,2022-02-18_12-20-15,stop,ranging'
ptd-server 2022-02-18 12:33:03,960 [INFO] Sending to ptd: 'Stop'
ptd-server 2022-02-18 12:33:03,961 [INFO] Reply from ptd: 'Stopping untimed measurement'
ptd-server 2022-02-18 12:33:04,223 [INFO] Sending reply to client 'OK'
ptd-server 2022-02-18 12:33:04,340 [INFO] Got command from the client 'time'
ptd-server 2022-02-18 12:33:04,340 [INFO] Sending reply to client '1645187584.340802'
ptd-server 2022-02-18 12:33:04,345 [INFO] Got command from the client 'session,2022-02-18_12-20-15,start,testing'
ptd-server 2022-02-18 12:33:04,345 [INFO] Sending to ptd: 'SR,V,248.900000'
ptd-server 2022-02-18 12:33:05,847 [INFO] Reply from ptd: 'Range V changed'
ptd-server 2022-02-18 12:33:05,847 [INFO] Sending to ptd: 'SR,A,0.183470'
ptd-server 2022-02-18 12:33:07,348 [INFO] Reply from ptd: 'Range A changed'
ptd-server 2022-02-18 12:33:17,356 [INFO] Starting testing mode
ptd-server 2022-02-18 12:33:17,356 [INFO] Sending to ptd: 'Go,1000,0,2022-02-18_12-20-15_testing'
ptd-server 2022-02-18 12:33:17,356 [INFO] Reply from ptd: 'Starting untimed measurement, maximum 500000 samples at 1000ms with 0 rampup samples'
ptd-server 2022-02-18 12:33:17,357 [INFO] Sending reply to client 'OK'
ptd-server 2022-02-18 12:45:28,804 [INFO] Got command from the client 'session,2022-02-18_12-20-15,stop,testing'
ptd-server 2022-02-18 12:45:38,814 [INFO] Sending to ptd: 'Stop'
ptd-server 2022-02-18 12:45:38,815 [INFO] Reply from ptd: 'Stopping untimed measurement'
ptd-server 2022-02-18 12:45:38,953 [INFO] Sending reply to client 'OK'
ptd-server 2022-02-18 12:45:38,984 [INFO] Got command from the client 'session,2022-02-18_12-20-15,done'
ptd-server 2022-02-18 12:45:38,984 [INFO] Sending to ptd: 'Stop'
ptd-server 2022-02-18 12:45:39,357 [INFO] Reply from ptd: 'Error: no measurement to stop'
ptd-server 2022-02-18 12:45:39,357 [INFO] Sending to ptd: 'SR,V,300.000000'
ptd-server 2022-02-18 12:45:40,858 [INFO] Reply from ptd: 'Range V changed'
ptd-server 2022-02-18 12:45:40,859 [INFO] Sending to ptd: 'SR,A,0.500000'
ptd-server 2022-02-18 12:45:42,360 [INFO] Reply from ptd: 'Range A changed'
ptd-server 2022-02-18 12:45:42,360 [INFO] Set initial values for Amps 0.500000 and Volts 300.000000
ptd-server 2022-02-18 12:45:42,360 [INFO] Stopping ptd...
