ptd-server 2022-02-15 20:09:59,582 [INFO] Got command from the client 'time'
ptd-server 2022-02-15 20:09:59,582 [INFO] Sending reply to client '1644955799.5825021'
ptd-server 2022-02-15 20:09:59,584 [INFO] Got command from the client 'new,,c9b9c296-5cef-45bc-811b-22b79d2a5a3b'
ptd-server 2022-02-15 20:09:59,585 [INFO] Sending reply to client 'OK 2022-02-15_20-09-59,0b0ecb67-8db8-47c5-bcd9-a8cd40a576af'
ptd-server 2022-02-15 20:09:59,622 [INFO] Got command from the client 'time'
ptd-server 2022-02-15 20:09:59,622 [INFO] Sending reply to client '1644955799.622643'
ptd-server 2022-02-15 20:09:59,624 [INFO] Got command from the client 'session,2022-02-15_20-09-59,start,ranging'
ptd-server 2022-02-15 20:09:59,624 [INFO] Running PTDaemon: ['/home/anton/projects/mlperf/power/inference_v1.0/ptd-linux-x86', '-l', '/tmp/tmpxvec0g6h/ptd_logfile.txt', '-p', '8888', '49', '/dev/usbtmc0']
ptd-server 2022-02-15 20:10:16,798 [INFO] Sending to ptd: 'Hello'
ptd-server 2022-02-15 20:10:16,799 [INFO] Reply from ptd: 'Hello, PTDaemon here!'
ptd-server 2022-02-15 20:10:16,799 [INFO] Sending to ptd: 'Identify'
ptd-server 2022-02-15 20:10:16,799 [INFO] Reply from ptd: 'YokogawaWT310E,1000,1,1,1,1,0,1,1,version=1.9.2-e8c7a49a-20201208,OS=Linux 5.13.0-27-generic #29~20.04.1-Ubuntu SMP Fri Jan 14 00:32:30 UTC 2022 x86_64,mode=power,1,1,1,0,0,no_cal_date,YOKOGAWA;WT310E;C3XA04010E;F1.04'
ptd-server 2022-02-15 20:10:16,800 [INFO] Connected to PTDaemon
ptd-server 2022-02-15 20:10:16,800 [INFO] Sending to ptd: 'RR'
ptd-server 2022-02-15 20:10:16,800 [INFO] Reply from ptd: 'Ranges,0,0.500000,0,300.000000'
ptd-server 2022-02-15 20:10:16,800 [INFO] Initial range for Amps is 0.500000 for Volts is 300.000000
ptd-server 2022-02-15 20:10:16,800 [INFO] Sending to ptd: 'SR,V,Auto'
ptd-server 2022-02-15 20:10:17,303 [INFO] Reply from ptd: 'Range V changed'
ptd-server 2022-02-15 20:10:17,303 [INFO] Sending to ptd: 'SR,A,Auto'
ptd-server 2022-02-15 20:10:17,805 [INFO] Reply from ptd: 'Range A changed'
ptd-server 2022-02-15 20:10:27,816 [INFO] Starting ranging mode
ptd-server 2022-02-15 20:10:27,816 [INFO] Sending to ptd: 'Go,1000,0,2022-02-15_20-09-59_ranging'
ptd-server 2022-02-15 20:10:27,816 [INFO] Reply from ptd: 'Starting untimed measurement, maximum 500000 samples at 1000ms with 0 rampup samples'
ptd-server 2022-02-15 20:10:27,817 [INFO] Sending reply to client 'OK'
ptd-server 2022-02-15 20:20:47,258 [INFO] Got command from the client 'session,2022-02-15_20-09-59,stop,ranging'
ptd-server 2022-02-15 20:20:57,268 [INFO] Sending to ptd: 'Stop'
ptd-server 2022-02-15 20:20:57,268 [INFO] Reply from ptd: 'Stopping untimed measurement'
ptd-server 2022-02-15 20:20:58,150 [INFO] Sending reply to client 'OK'
ptd-server 2022-02-15 20:20:58,211 [INFO] Got command from the client 'time'
ptd-server 2022-02-15 20:20:58,211 [INFO] Sending reply to client '1644956458.2115033'
ptd-server 2022-02-15 20:20:58,213 [INFO] Got command from the client 'session,2022-02-15_20-09-59,start,testing'
ptd-server 2022-02-15 20:20:58,214 [INFO] Sending to ptd: 'SR,V,250.130000'
ptd-server 2022-02-15 20:20:59,715 [INFO] Reply from ptd: 'Range V changed'
ptd-server 2022-02-15 20:20:59,715 [INFO] Sending to ptd: 'SR,A,0.179940'
ptd-server 2022-02-15 20:21:01,216 [INFO] Reply from ptd: 'Range A changed'
ptd-server 2022-02-15 20:21:11,227 [INFO] Starting testing mode
ptd-server 2022-02-15 20:21:11,227 [INFO] Sending to ptd: 'Go,1000,0,2022-02-15_20-09-59_testing'
ptd-server 2022-02-15 20:21:11,227 [INFO] Reply from ptd: 'Starting untimed measurement, maximum 500000 samples at 1000ms with 0 rampup samples'
ptd-server 2022-02-15 20:21:11,228 [INFO] Sending reply to client 'OK'
ptd-server 2022-02-15 20:31:30,545 [INFO] Got command from the client 'session,2022-02-15_20-09-59,stop,testing'
ptd-server 2022-02-15 20:31:40,555 [INFO] Sending to ptd: 'Stop'
ptd-server 2022-02-15 20:31:40,556 [INFO] Reply from ptd: 'Stopping untimed measurement'
ptd-server 2022-02-15 20:31:41,000 [INFO] Sending reply to client 'OK'
ptd-server 2022-02-15 20:31:41,019 [INFO] Got command from the client 'session,2022-02-15_20-09-59,done'
ptd-server 2022-02-15 20:31:41,019 [INFO] Sending to ptd: 'Stop'
ptd-server 2022-02-15 20:31:41,228 [INFO] Reply from ptd: 'Error: no measurement to stop'
ptd-server 2022-02-15 20:31:41,228 [INFO] Sending to ptd: 'SR,V,300.000000'
ptd-server 2022-02-15 20:31:42,729 [INFO] Reply from ptd: 'Range V changed'
ptd-server 2022-02-15 20:31:42,730 [INFO] Sending to ptd: 'SR,A,0.500000'
ptd-server 2022-02-15 20:31:44,231 [INFO] Reply from ptd: 'Range A changed'
ptd-server 2022-02-15 20:31:44,231 [INFO] Set initial values for Amps 0.500000 and Volts 300.000000
ptd-server 2022-02-15 20:31:44,231 [INFO] Stopping ptd...
