ptd-server 2022-02-16 18:54:33,807 [INFO] Got command from the client 'time'
ptd-server 2022-02-16 18:54:33,807 [INFO] Sending reply to client '1645037673.807365'
ptd-server 2022-02-16 18:54:33,809 [INFO] Got command from the client 'new,,efd5ef76-1a0b-49c9-b9da-d96c69ce9d74'
ptd-server 2022-02-16 18:54:33,809 [INFO] Sending reply to client 'OK 2022-02-16_18-54-33,2f778b47-db8b-497d-ab05-a37ac9ed489d'
ptd-server 2022-02-16 18:54:33,846 [INFO] Got command from the client 'time'
ptd-server 2022-02-16 18:54:33,846 [INFO] Sending reply to client '1645037673.846819'
ptd-server 2022-02-16 18:54:33,850 [INFO] Got command from the client 'session,2022-02-16_18-54-33,start,ranging'
ptd-server 2022-02-16 18:54:33,850 [INFO] Running PTDaemon: ['/home/anton/projects/mlperf/power/inference_v1.0/ptd-linux-x86', '-l', '/tmp/tmpgldyt7rr/ptd_logfile.txt', '-p', '8888', '49', '/dev/usbtmc0']
ptd-server 2022-02-16 18:54:51,023 [INFO] Sending to ptd: 'Hello'
ptd-server 2022-02-16 18:54:51,024 [INFO] Reply from ptd: 'Hello, PTDaemon here!'
ptd-server 2022-02-16 18:54:51,024 [INFO] Sending to ptd: 'Identify'
ptd-server 2022-02-16 18:54:51,024 [INFO] Reply from ptd: 'YokogawaWT310E,1000,1,1,1,1,0,1,1,version=1.9.2-e8c7a49a-20201208,OS=Linux 5.13.0-28-generic #31~20.04.1-Ubuntu SMP Wed Jan 19 14:08:10 UTC 2022 x86_64,mode=power,1,1,1,0,0,no_cal_date,YOKOGAWA;WT310E;C3XA04010E;F1.04'
ptd-server 2022-02-16 18:54:51,024 [INFO] Connected to PTDaemon
ptd-server 2022-02-16 18:54:51,024 [INFO] Sending to ptd: 'RR'
ptd-server 2022-02-16 18:54:51,025 [INFO] Reply from ptd: 'Ranges,0,0.500000,0,300.000000'
ptd-server 2022-02-16 18:54:51,025 [INFO] Initial range for Amps is 0.500000 for Volts is 300.000000
ptd-server 2022-02-16 18:54:51,025 [INFO] Sending to ptd: 'SR,V,Auto'
ptd-server 2022-02-16 18:54:51,527 [INFO] Reply from ptd: 'Range V changed'
ptd-server 2022-02-16 18:54:51,528 [INFO] Sending to ptd: 'SR,A,Auto'
ptd-server 2022-02-16 18:54:52,030 [INFO] Reply from ptd: 'Range A changed'
ptd-server 2022-02-16 18:55:02,040 [INFO] Starting ranging mode
ptd-server 2022-02-16 18:55:02,041 [INFO] Sending to ptd: 'Go,1000,0,2022-02-16_18-54-33_ranging'
ptd-server 2022-02-16 18:55:02,041 [INFO] Reply from ptd: 'Starting untimed measurement, maximum 500000 samples at 1000ms with 0 rampup samples'
ptd-server 2022-02-16 18:55:02,041 [INFO] Sending reply to client 'OK'
ptd-server 2022-02-16 19:10:01,548 [INFO] Got command from the client 'session,2022-02-16_18-54-33,stop,ranging'
ptd-server 2022-02-16 19:10:11,558 [INFO] Sending to ptd: 'Stop'
ptd-server 2022-02-16 19:10:11,558 [INFO] Reply from ptd: 'Stopping untimed measurement'
ptd-server 2022-02-16 19:10:11,629 [INFO] Sending reply to client 'OK'
ptd-server 2022-02-16 19:10:11,722 [INFO] Got command from the client 'time'
ptd-server 2022-02-16 19:10:11,722 [INFO] Sending reply to client '1645038611.7227178'
ptd-server 2022-02-16 19:10:11,726 [INFO] Got command from the client 'session,2022-02-16_18-54-33,start,testing'
ptd-server 2022-02-16 19:10:11,726 [INFO] Sending to ptd: 'SR,V,251.060000'
ptd-server 2022-02-16 19:10:13,543 [INFO] Reply from ptd: 'Range V changed'
ptd-server 2022-02-16 19:10:13,543 [INFO] Sending to ptd: 'SR,A,0.043210'
ptd-server 2022-02-16 19:10:15,044 [INFO] Reply from ptd: 'Range A changed'
ptd-server 2022-02-16 19:10:25,055 [INFO] Starting testing mode
ptd-server 2022-02-16 19:10:25,055 [INFO] Sending to ptd: 'Go,1000,0,2022-02-16_18-54-33_testing'
ptd-server 2022-02-16 19:10:25,055 [INFO] Reply from ptd: 'Starting untimed measurement, maximum 500000 samples at 1000ms with 0 rampup samples'
ptd-server 2022-02-16 19:10:25,055 [INFO] Sending reply to client 'OK'
ptd-server 2022-02-16 19:25:05,409 [INFO] Got command from the client 'session,2022-02-16_18-54-33,stop,testing'
ptd-server 2022-02-16 19:25:15,419 [INFO] Sending to ptd: 'Stop'
ptd-server 2022-02-16 19:25:15,419 [INFO] Reply from ptd: 'Stopping untimed measurement'
ptd-server 2022-02-16 19:25:15,453 [INFO] Sending reply to client 'OK'
ptd-server 2022-02-16 19:25:15,490 [INFO] Got command from the client 'session,2022-02-16_18-54-33,done'
ptd-server 2022-02-16 19:25:15,490 [INFO] Sending to ptd: 'Stop'
ptd-server 2022-02-16 19:25:16,056 [INFO] Reply from ptd: 'Error: no measurement to stop'
ptd-server 2022-02-16 19:25:16,056 [INFO] Sending to ptd: 'SR,V,300.000000'
ptd-server 2022-02-16 19:25:17,557 [INFO] Reply from ptd: 'Range V changed'
ptd-server 2022-02-16 19:25:17,557 [INFO] Sending to ptd: 'SR,A,0.500000'
ptd-server 2022-02-16 19:25:19,059 [INFO] Reply from ptd: 'Range A changed'
ptd-server 2022-02-16 19:25:19,059 [INFO] Set initial values for Amps 0.500000 and Volts 300.000000
ptd-server 2022-02-16 19:25:19,059 [INFO] Stopping ptd...
