ptd-server 2022-02-19 18:54:57,868 [INFO] Got command from the client 'time'
ptd-server 2022-02-19 18:54:57,868 [INFO] Sending reply to client '1645296897.8688695'
ptd-server 2022-02-19 18:54:57,870 [INFO] Got command from the client 'new,,953662a2-11ba-471f-b519-12a44278b74e'
ptd-server 2022-02-19 18:54:57,871 [INFO] Sending reply to client 'OK 2022-02-19_18-54-57,646155e3-9544-4b52-ba83-5095584f0608'
ptd-server 2022-02-19 18:54:57,898 [INFO] Got command from the client 'time'
ptd-server 2022-02-19 18:54:57,898 [INFO] Sending reply to client '1645296897.8989692'
ptd-server 2022-02-19 18:54:57,900 [INFO] Got command from the client 'session,2022-02-19_18-54-57,start,ranging'
ptd-server 2022-02-19 18:54:57,900 [INFO] Running PTDaemon: ['/home/anton/projects/mlperf/power/inference_v1.0/ptd-linux-x86', '-l', '/tmp/tmpgldyt7rr/ptd_logfile.txt', '-p', '8888', '49', '/dev/usbtmc0']
ptd-server 2022-02-19 18:55:15,074 [INFO] Sending to ptd: 'Hello'
ptd-server 2022-02-19 18:55:15,074 [INFO] Reply from ptd: 'Hello, PTDaemon here!'
ptd-server 2022-02-19 18:55:15,075 [INFO] Sending to ptd: 'Identify'
ptd-server 2022-02-19 18:55:15,075 [INFO] Reply from ptd: 'YokogawaWT310E,1000,1,1,1,1,0,1,1,version=1.9.2-e8c7a49a-20201208,OS=Linux 5.13.0-28-generic #31~20.04.1-Ubuntu SMP Wed Jan 19 14:08:10 UTC 2022 x86_64,mode=power,1,1,1,0,0,no_cal_date,YOKOGAWA;WT310E;C3XA04010E;F1.04'
ptd-server 2022-02-19 18:55:15,075 [INFO] Connected to PTDaemon
ptd-server 2022-02-19 18:55:15,075 [INFO] Sending to ptd: 'RR'
ptd-server 2022-02-19 18:55:15,075 [INFO] Reply from ptd: 'Ranges,0,0.500000,0,300.000000'
ptd-server 2022-02-19 18:55:15,076 [INFO] Initial range for Amps is 0.500000 for Volts is 300.000000
ptd-server 2022-02-19 18:55:15,076 [INFO] Sending to ptd: 'SR,V,Auto'
ptd-server 2022-02-19 18:55:15,578 [INFO] Reply from ptd: 'Range V changed'
ptd-server 2022-02-19 18:55:15,578 [INFO] Sending to ptd: 'SR,A,Auto'
ptd-server 2022-02-19 18:55:16,083 [INFO] Reply from ptd: 'Range A changed'
ptd-server 2022-02-19 18:55:26,094 [INFO] Starting ranging mode
ptd-server 2022-02-19 18:55:26,094 [INFO] Sending to ptd: 'Go,1000,0,2022-02-19_18-54-57_ranging'
ptd-server 2022-02-19 18:55:26,094 [INFO] Reply from ptd: 'Starting untimed measurement, maximum 500000 samples at 1000ms with 0 rampup samples'
ptd-server 2022-02-19 18:55:26,094 [INFO] Sending reply to client 'OK'
ptd-server 2022-02-19 19:05:47,960 [INFO] Got command from the client 'session,2022-02-19_18-54-57,stop,ranging'
ptd-server 2022-02-19 19:05:57,971 [INFO] Sending to ptd: 'Stop'
ptd-server 2022-02-19 19:05:57,971 [INFO] Reply from ptd: 'Stopping untimed measurement'
ptd-server 2022-02-19 19:05:58,374 [INFO] Sending reply to client 'OK'
ptd-server 2022-02-19 19:05:58,439 [INFO] Got command from the client 'time'
ptd-server 2022-02-19 19:05:58,440 [INFO] Sending reply to client '1645297558.4400737'
ptd-server 2022-02-19 19:05:58,441 [INFO] Got command from the client 'session,2022-02-19_18-54-57,start,testing'
ptd-server 2022-02-19 19:05:58,441 [INFO] Sending to ptd: 'SR,V,251.130000'
ptd-server 2022-02-19 19:05:59,943 [INFO] Reply from ptd: 'Range V changed'
ptd-server 2022-02-19 19:05:59,943 [INFO] Sending to ptd: 'SR,A,0.067640'
ptd-server 2022-02-19 19:06:01,444 [INFO] Reply from ptd: 'Range A changed'
ptd-server 2022-02-19 19:06:11,454 [INFO] Starting testing mode
ptd-server 2022-02-19 19:06:11,455 [INFO] Sending to ptd: 'Go,1000,0,2022-02-19_18-54-57_testing'
ptd-server 2022-02-19 19:06:11,455 [INFO] Reply from ptd: 'Starting untimed measurement, maximum 500000 samples at 1000ms with 0 rampup samples'
ptd-server 2022-02-19 19:06:11,455 [INFO] Sending reply to client 'OK'
ptd-server 2022-02-19 19:16:34,336 [INFO] Got command from the client 'session,2022-02-19_18-54-57,stop,testing'
ptd-server 2022-02-19 19:16:44,346 [INFO] Sending to ptd: 'Stop'
ptd-server 2022-02-19 19:16:44,346 [INFO] Reply from ptd: 'Stopping untimed measurement'
ptd-server 2022-02-19 19:16:44,686 [INFO] Sending reply to client 'OK'
ptd-server 2022-02-19 19:16:44,704 [INFO] Got command from the client 'session,2022-02-19_18-54-57,done'
ptd-server 2022-02-19 19:16:44,704 [INFO] Sending to ptd: 'Stop'
ptd-server 2022-02-19 19:16:44,705 [INFO] Reply from ptd: 'Error: no measurement to stop'
ptd-server 2022-02-19 19:16:44,705 [INFO] Sending to ptd: 'SR,V,300.000000'
ptd-server 2022-02-19 19:16:46,206 [INFO] Reply from ptd: 'Range V changed'
ptd-server 2022-02-19 19:16:46,206 [INFO] Sending to ptd: 'SR,A,0.500000'
ptd-server 2022-02-19 19:16:47,708 [INFO] Reply from ptd: 'Range A changed'
ptd-server 2022-02-19 19:16:47,708 [INFO] Set initial values for Amps 0.500000 and Volts 300.000000
ptd-server 2022-02-19 19:16:47,708 [INFO] Stopping ptd...
