ptd-server 2022-02-17 19:16:01,081 [INFO] Got command from the client 'time'
ptd-server 2022-02-17 19:16:01,081 [INFO] Sending reply to client '1645125361.081404'
ptd-server 2022-02-17 19:16:01,083 [INFO] Got command from the client 'new,,2289b228-b1b1-43e8-a4d4-46485af09bc8'
ptd-server 2022-02-17 19:16:01,083 [INFO] Sending reply to client 'OK 2022-02-17_19-16-01,58e9c9ac-20fa-4d0c-ae7b-e6ea959656b1'
ptd-server 2022-02-17 19:16:01,118 [INFO] Got command from the client 'time'
ptd-server 2022-02-17 19:16:01,118 [INFO] Sending reply to client '1645125361.1181467'
ptd-server 2022-02-17 19:16:01,119 [INFO] Got command from the client 'session,2022-02-17_19-16-01,start,ranging'
ptd-server 2022-02-17 19:16:01,119 [INFO] Running PTDaemon: ['/home/anton/projects/mlperf/power/inference_v1.0/ptd-linux-x86', '-l', '/tmp/tmpgldyt7rr/ptd_logfile.txt', '-p', '8888', '49', '/dev/usbtmc0']
ptd-server 2022-02-17 19:16:18,293 [INFO] Sending to ptd: 'Hello'
ptd-server 2022-02-17 19:16:18,293 [INFO] Reply from ptd: 'Hello, PTDaemon here!'
ptd-server 2022-02-17 19:16:18,293 [INFO] Sending to ptd: 'Identify'
ptd-server 2022-02-17 19:16:18,294 [INFO] Reply from ptd: 'YokogawaWT310E,1000,1,1,1,1,0,1,1,version=1.9.2-e8c7a49a-20201208,OS=Linux 5.13.0-28-generic #31~20.04.1-Ubuntu SMP Wed Jan 19 14:08:10 UTC 2022 x86_64,mode=power,1,1,1,0,0,no_cal_date,YOKOGAWA;WT310E;C3XA04010E;F1.04'
ptd-server 2022-02-17 19:16:18,294 [INFO] Connected to PTDaemon
ptd-server 2022-02-17 19:16:18,294 [INFO] Sending to ptd: 'RR'
ptd-server 2022-02-17 19:16:18,294 [INFO] Reply from ptd: 'Ranges,0,0.500000,0,300.000000'
ptd-server 2022-02-17 19:16:18,294 [INFO] Initial range for Amps is 0.500000 for Volts is 300.000000
ptd-server 2022-02-17 19:16:18,295 [INFO] Sending to ptd: 'SR,V,Auto'
ptd-server 2022-02-17 19:16:18,797 [INFO] Reply from ptd: 'Range V changed'
ptd-server 2022-02-17 19:16:18,797 [INFO] Sending to ptd: 'SR,A,Auto'
ptd-server 2022-02-17 19:16:19,300 [INFO] Reply from ptd: 'Range A changed'
ptd-server 2022-02-17 19:16:29,310 [INFO] Starting ranging mode
ptd-server 2022-02-17 19:16:29,310 [INFO] Sending to ptd: 'Go,1000,0,2022-02-17_19-16-01_ranging'
ptd-server 2022-02-17 19:16:29,311 [INFO] Reply from ptd: 'Starting untimed measurement, maximum 500000 samples at 1000ms with 0 rampup samples'
ptd-server 2022-02-17 19:16:29,311 [INFO] Sending reply to client 'OK'
ptd-server 2022-02-17 19:26:46,455 [INFO] Got command from the client 'session,2022-02-17_19-16-01,stop,ranging'
ptd-server 2022-02-17 19:26:56,465 [INFO] Sending to ptd: 'Stop'
ptd-server 2022-02-17 19:26:56,466 [INFO] Reply from ptd: 'Stopping untimed measurement'
ptd-server 2022-02-17 19:26:56,690 [INFO] Sending reply to client 'OK'
ptd-server 2022-02-17 19:26:56,790 [INFO] Got command from the client 'time'
ptd-server 2022-02-17 19:26:56,791 [INFO] Sending reply to client '1645126016.7910092'
ptd-server 2022-02-17 19:26:56,793 [INFO] Got command from the client 'session,2022-02-17_19-16-01,start,testing'
ptd-server 2022-02-17 19:26:56,794 [INFO] Sending to ptd: 'SR,V,251.460000'
ptd-server 2022-02-17 19:26:58,813 [INFO] Reply from ptd: 'Range V changed'
ptd-server 2022-02-17 19:26:58,813 [INFO] Sending to ptd: 'SR,A,0.048920'
ptd-server 2022-02-17 19:27:00,314 [INFO] Reply from ptd: 'Range A changed'
ptd-server 2022-02-17 19:27:10,324 [INFO] Starting testing mode
ptd-server 2022-02-17 19:27:10,325 [INFO] Sending to ptd: 'Go,1000,0,2022-02-17_19-16-01_testing'
ptd-server 2022-02-17 19:27:10,325 [INFO] Reply from ptd: 'Starting untimed measurement, maximum 500000 samples at 1000ms with 0 rampup samples'
ptd-server 2022-02-17 19:27:10,325 [INFO] Sending reply to client 'OK'
ptd-server 2022-02-17 19:37:28,250 [INFO] Got command from the client 'session,2022-02-17_19-16-01,stop,testing'
ptd-server 2022-02-17 19:37:38,260 [INFO] Sending to ptd: 'Stop'
ptd-server 2022-02-17 19:37:38,261 [INFO] Reply from ptd: 'Stopping untimed measurement'
ptd-server 2022-02-17 19:37:38,379 [INFO] Sending reply to client 'OK'
ptd-server 2022-02-17 19:37:38,422 [INFO] Got command from the client 'session,2022-02-17_19-16-01,done'
ptd-server 2022-02-17 19:37:38,422 [INFO] Sending to ptd: 'Stop'
ptd-server 2022-02-17 19:37:38,422 [INFO] Reply from ptd: 'Error: no measurement to stop'
ptd-server 2022-02-17 19:37:38,422 [INFO] Sending to ptd: 'SR,V,300.000000'
ptd-server 2022-02-17 19:37:39,924 [INFO] Reply from ptd: 'Range V changed'
ptd-server 2022-02-17 19:37:39,924 [INFO] Sending to ptd: 'SR,A,0.500000'
ptd-server 2022-02-17 19:37:41,425 [INFO] Reply from ptd: 'Range A changed'
ptd-server 2022-02-17 19:37:41,425 [INFO] Set initial values for Amps 0.500000 and Volts 300.000000
ptd-server 2022-02-17 19:37:41,426 [INFO] Stopping ptd...
