ptd-server 2022-02-21 02:17:41,586 [INFO] Got command from the client 'time'
ptd-server 2022-02-21 02:17:41,586 [INFO] Sending reply to client '1645377461.5868583'
ptd-server 2022-02-21 02:17:41,586 [INFO] Got command from the client 'new,,79169cbf-fa33-42cd-94a2-0964b7919245'
ptd-server 2022-02-21 02:17:41,586 [INFO] Sending reply to client 'OK 2022-02-21_02-17-41,6d24d35a-8e4b-4a54-8b24-cd6cb7f9f7e1'
ptd-server 2022-02-21 02:17:41,602 [INFO] Got command from the client 'time'
ptd-server 2022-02-21 02:17:41,602 [INFO] Sending reply to client '1645377461.6024814'
ptd-server 2022-02-21 02:17:41,602 [INFO] Got command from the client 'session,2022-02-21_02-17-41,start,ranging'
ptd-server 2022-02-21 02:17:41,711 [INFO] Running PTDaemon: ['C:\\mlperf\\power\\inference_v1.0\\ptd-windows-x86.exe', '-l', 'C:\\Users\\mlperf\\AppData\\Local\\Temp\\tmpn3fcmhzf\\ptd_logfile.txt', '-p', '8888', '-y', '49', 'C3YB05015E']
ptd-server 2022-02-21 02:17:59,525 [INFO] Sending to ptd: 'Hello'
ptd-server 2022-02-21 02:17:59,525 [INFO] Reply from ptd: 'Hello, PTDaemon here!'
ptd-server 2022-02-21 02:17:59,525 [INFO] Sending to ptd: 'Identify'
ptd-server 2022-02-21 02:17:59,525 [INFO] Reply from ptd: 'YokogawaWT310E,1000,1,1,1,1,0,1,1,version=1.9.2-3976349f-20201208,OS=Windows 8 / Server 2012,mode=power,1,1,1,0,0,no_cal_date,YOKOGAWA;WT310E;C3YB05015E;F1.04'
ptd-server 2022-02-21 02:17:59,525 [INFO] Connected to PTDaemon
ptd-server 2022-02-21 02:17:59,525 [INFO] Sending to ptd: 'RR'
ptd-server 2022-02-21 02:17:59,525 [INFO] Reply from ptd: 'Ranges,1,20.000000,1,300.000000'
ptd-server 2022-02-21 02:17:59,525 [INFO] Initial range for Amps is Auto for Volts is Auto
ptd-server 2022-02-21 02:17:59,525 [INFO] Sending to ptd: 'SR,V,Auto'
ptd-server 2022-02-21 02:18:00,041 [INFO] Reply from ptd: 'Range V changed'
ptd-server 2022-02-21 02:18:00,041 [INFO] Sending to ptd: 'SR,A,Auto'
ptd-server 2022-02-21 02:18:00,557 [INFO] Reply from ptd: 'Range A changed'
ptd-server 2022-02-21 02:18:10,572 [INFO] Starting ranging mode
ptd-server 2022-02-21 02:18:10,572 [INFO] Sending to ptd: 'Go,1000,0,2022-02-21_02-17-41_ranging'
ptd-server 2022-02-21 02:18:10,572 [INFO] Reply from ptd: 'Starting untimed measurement, maximum 500000 samples at 1000ms with 0 rampup samples'
ptd-server 2022-02-21 02:18:10,572 [INFO] Sending reply to client 'OK'
ptd-server 2022-02-21 02:31:41,727 [INFO] Got command from the client 'session,2022-02-21_02-17-41,stop,ranging'
ptd-server 2022-02-21 02:31:51,742 [INFO] Sending to ptd: 'Stop'
ptd-server 2022-02-21 02:31:51,742 [INFO] Reply from ptd: 'Stopping untimed measurement'
ptd-server 2022-02-21 02:31:52,070 [INFO] Sending reply to client 'OK'
ptd-server 2022-02-21 02:31:52,101 [INFO] Got command from the client 'time'
ptd-server 2022-02-21 02:31:52,101 [INFO] Sending reply to client '1645378312.10196'
ptd-server 2022-02-21 02:31:52,101 [INFO] Got command from the client 'session,2022-02-21_02-17-41,start,testing'
ptd-server 2022-02-21 02:31:52,101 [INFO] Sending to ptd: 'SR,V,202.200000'
ptd-server 2022-02-21 02:31:54,117 [INFO] Reply from ptd: 'Range V changed'
ptd-server 2022-02-21 02:31:54,117 [INFO] Sending to ptd: 'SR,A,17.557000'
ptd-server 2022-02-21 02:31:55,648 [INFO] Reply from ptd: 'Range A changed'
ptd-server 2022-02-21 02:32:05,664 [INFO] Starting testing mode
ptd-server 2022-02-21 02:32:05,664 [INFO] Sending to ptd: 'Go,1000,0,2022-02-21_02-17-41_testing'
ptd-server 2022-02-21 02:32:05,664 [INFO] Reply from ptd: 'Starting untimed measurement, maximum 500000 samples at 1000ms with 0 rampup samples'
ptd-server 2022-02-21 02:32:05,664 [INFO] Sending reply to client 'OK'
ptd-server 2022-02-21 02:45:45,584 [INFO] Got command from the client 'session,2022-02-21_02-17-41,stop,testing'
ptd-server 2022-02-21 02:45:55,599 [INFO] Sending to ptd: 'Stop'
ptd-server 2022-02-21 02:45:55,599 [INFO] Reply from ptd: 'Stopping untimed measurement'
ptd-server 2022-02-21 02:45:55,771 [INFO] Sending reply to client 'OK'
ptd-server 2022-02-21 02:45:55,787 [INFO] Got command from the client 'session,2022-02-21_02-17-41,done'
ptd-server 2022-02-21 02:45:55,787 [INFO] Sending to ptd: 'Stop'
ptd-server 2022-02-21 02:45:55,787 [INFO] Reply from ptd: 'Error: no measurement to stop'
ptd-server 2022-02-21 02:45:55,787 [INFO] Sending to ptd: 'SR,V,Auto'
ptd-server 2022-02-21 02:45:56,302 [INFO] Reply from ptd: 'Range V changed'
ptd-server 2022-02-21 02:45:56,302 [INFO] Sending to ptd: 'SR,A,Auto'
ptd-server 2022-02-21 02:45:56,818 [INFO] Reply from ptd: 'Range A changed'
ptd-server 2022-02-21 02:45:56,818 [INFO] Set initial values for Amps Auto and Volts Auto
ptd-server 2022-02-21 02:45:56,818 [INFO] Stopping ptd...
