ptd-server 2022-02-17 09:28:53,344 [INFO] Got command from the client 'time'
ptd-server 2022-02-17 09:28:53,345 [INFO] Sending reply to client '1645090133.3450136'
ptd-server 2022-02-17 09:28:53,346 [INFO] Got command from the client 'new,,066fb118-1b8a-457e-88b8-db0c76f08025'
ptd-server 2022-02-17 09:28:53,346 [INFO] Sending reply to client 'OK 2022-02-17_09-28-53,cae47255-dc2d-442e-bcab-5c1d449d66ce'
ptd-server 2022-02-17 09:28:53,382 [INFO] Got command from the client 'time'
ptd-server 2022-02-17 09:28:53,382 [INFO] Sending reply to client '1645090133.3828557'
ptd-server 2022-02-17 09:28:53,384 [INFO] Got command from the client 'session,2022-02-17_09-28-53,start,ranging'
ptd-server 2022-02-17 09:28:53,384 [INFO] Running PTDaemon: ['/home/anton/projects/mlperf/power/inference_v1.0/ptd-linux-x86', '-l', '/tmp/tmpgldyt7rr/ptd_logfile.txt', '-p', '8888', '49', '/dev/usbtmc0']
ptd-server 2022-02-17 09:29:10,556 [INFO] Sending to ptd: 'Hello'
ptd-server 2022-02-17 09:29:10,557 [INFO] Reply from ptd: 'Hello, PTDaemon here!'
ptd-server 2022-02-17 09:29:10,557 [INFO] Sending to ptd: 'Identify'
ptd-server 2022-02-17 09:29:10,558 [INFO] Reply from ptd: 'YokogawaWT310E,1000,1,1,1,1,0,1,1,version=1.9.2-e8c7a49a-20201208,OS=Linux 5.13.0-28-generic #31~20.04.1-Ubuntu SMP Wed Jan 19 14:08:10 UTC 2022 x86_64,mode=power,1,1,1,0,0,no_cal_date,YOKOGAWA;WT310E;C3XA04010E;F1.04'
ptd-server 2022-02-17 09:29:10,558 [INFO] Connected to PTDaemon
ptd-server 2022-02-17 09:29:10,558 [INFO] Sending to ptd: 'RR'
ptd-server 2022-02-17 09:29:10,559 [INFO] Reply from ptd: 'Ranges,0,0.500000,0,300.000000'
ptd-server 2022-02-17 09:29:10,559 [INFO] Initial range for Amps is 0.500000 for Volts is 300.000000
ptd-server 2022-02-17 09:29:10,559 [INFO] Sending to ptd: 'SR,V,Auto'
ptd-server 2022-02-17 09:29:11,061 [INFO] Reply from ptd: 'Range V changed'
ptd-server 2022-02-17 09:29:11,062 [INFO] Sending to ptd: 'SR,A,Auto'
ptd-server 2022-02-17 09:29:11,564 [INFO] Reply from ptd: 'Range A changed'
ptd-server 2022-02-17 09:29:21,575 [INFO] Starting ranging mode
ptd-server 2022-02-17 09:29:21,575 [INFO] Sending to ptd: 'Go,1000,0,2022-02-17_09-28-53_ranging'
ptd-server 2022-02-17 09:29:21,575 [INFO] Reply from ptd: 'Starting untimed measurement, maximum 500000 samples at 1000ms with 0 rampup samples'
ptd-server 2022-02-17 09:29:21,576 [INFO] Sending reply to client 'OK'
ptd-server 2022-02-17 09:39:38,760 [INFO] Got command from the client 'session,2022-02-17_09-28-53,stop,ranging'
ptd-server 2022-02-17 09:39:48,771 [INFO] Sending to ptd: 'Stop'
ptd-server 2022-02-17 09:39:48,771 [INFO] Reply from ptd: 'Stopping untimed measurement'
ptd-server 2022-02-17 09:39:48,924 [INFO] Sending reply to client 'OK'
ptd-server 2022-02-17 09:39:48,987 [INFO] Got command from the client 'time'
ptd-server 2022-02-17 09:39:48,987 [INFO] Sending reply to client '1645090788.9877982'
ptd-server 2022-02-17 09:39:48,989 [INFO] Got command from the client 'session,2022-02-17_09-28-53,start,testing'
ptd-server 2022-02-17 09:39:48,989 [INFO] Sending to ptd: 'SR,V,248.580000'
ptd-server 2022-02-17 09:39:51,077 [INFO] Reply from ptd: 'Range V changed'
ptd-server 2022-02-17 09:39:51,077 [INFO] Sending to ptd: 'SR,A,0.046250'
ptd-server 2022-02-17 09:39:52,578 [INFO] Reply from ptd: 'Range A changed'
ptd-server 2022-02-17 09:40:02,589 [INFO] Starting testing mode
ptd-server 2022-02-17 09:40:02,589 [INFO] Sending to ptd: 'Go,1000,0,2022-02-17_09-28-53_testing'
ptd-server 2022-02-17 09:40:02,589 [INFO] Reply from ptd: 'Starting untimed measurement, maximum 500000 samples at 1000ms with 0 rampup samples'
ptd-server 2022-02-17 09:40:02,589 [INFO] Sending reply to client 'OK'
ptd-server 2022-02-17 09:50:20,537 [INFO] Got command from the client 'session,2022-02-17_09-28-53,stop,testing'
ptd-server 2022-02-17 09:50:30,547 [INFO] Sending to ptd: 'Stop'
ptd-server 2022-02-17 09:50:30,548 [INFO] Reply from ptd: 'Stopping untimed measurement'
ptd-server 2022-02-17 09:50:30,632 [INFO] Sending reply to client 'OK'
ptd-server 2022-02-17 09:50:30,654 [INFO] Got command from the client 'session,2022-02-17_09-28-53,done'
ptd-server 2022-02-17 09:50:30,654 [INFO] Sending to ptd: 'Stop'
ptd-server 2022-02-17 09:50:30,655 [INFO] Reply from ptd: 'Error: no measurement to stop'
ptd-server 2022-02-17 09:50:30,655 [INFO] Sending to ptd: 'SR,V,300.000000'
ptd-server 2022-02-17 09:50:32,156 [INFO] Reply from ptd: 'Range V changed'
ptd-server 2022-02-17 09:50:32,156 [INFO] Sending to ptd: 'SR,A,0.500000'
ptd-server 2022-02-17 09:50:33,658 [INFO] Reply from ptd: 'Range A changed'
ptd-server 2022-02-17 09:50:33,658 [INFO] Set initial values for Amps 0.500000 and Volts 300.000000
ptd-server 2022-02-17 09:50:33,658 [INFO] Stopping ptd...
