ptd-server 2022-02-14 00:18:22,112 [INFO] Got command from the client 'time'
ptd-server 2022-02-14 00:18:22,112 [INFO] Sending reply to client '1644797902.1126657'
ptd-server 2022-02-14 00:18:22,114 [INFO] Got command from the client 'new,,9cc967b0-458a-47f5-b417-d0524497722b'
ptd-server 2022-02-14 00:18:22,115 [INFO] Sending reply to client 'OK 2022-02-14_00-18-22,84bb7f7a-17ca-4f7c-8012-1b7a3b653500'
ptd-server 2022-02-14 00:18:22,152 [INFO] Got command from the client 'time'
ptd-server 2022-02-14 00:18:22,153 [INFO] Sending reply to client '1644797902.1531072'
ptd-server 2022-02-14 00:18:22,155 [INFO] Got command from the client 'session,2022-02-14_00-18-22,start,ranging'
ptd-server 2022-02-14 00:18:22,155 [INFO] Running PTDaemon: ['/home/anton/projects/mlperf/power/inference_v1.0/ptd-linux-x86', '-l', '/tmp/tmpxvec0g6h/ptd_logfile.txt', '-p', '8888', '49', '/dev/usbtmc0']
ptd-server 2022-02-14 00:18:39,326 [INFO] Sending to ptd: 'Hello'
ptd-server 2022-02-14 00:18:39,327 [INFO] Reply from ptd: 'Hello, PTDaemon here!'
ptd-server 2022-02-14 00:18:39,327 [INFO] Sending to ptd: 'Identify'
ptd-server 2022-02-14 00:18:39,328 [INFO] Reply from ptd: 'YokogawaWT310E,1000,1,1,1,1,0,1,1,version=1.9.2-e8c7a49a-20201208,OS=Linux 5.13.0-27-generic #29~20.04.1-Ubuntu SMP Fri Jan 14 00:32:30 UTC 2022 x86_64,mode=power,1,1,1,0,0,no_cal_date,YOKOGAWA;WT310E;C3XA04010E;F1.04'
ptd-server 2022-02-14 00:18:39,328 [INFO] Connected to PTDaemon
ptd-server 2022-02-14 00:18:39,328 [INFO] Sending to ptd: 'RR'
ptd-server 2022-02-14 00:18:39,328 [INFO] Reply from ptd: 'Ranges,0,0.500000,0,300.000000'
ptd-server 2022-02-14 00:18:39,328 [INFO] Initial range for Amps is 0.500000 for Volts is 300.000000
ptd-server 2022-02-14 00:18:39,329 [INFO] Sending to ptd: 'SR,V,Auto'
ptd-server 2022-02-14 00:18:39,831 [INFO] Reply from ptd: 'Range V changed'
ptd-server 2022-02-14 00:18:39,831 [INFO] Sending to ptd: 'SR,A,Auto'
ptd-server 2022-02-14 00:18:40,334 [INFO] Reply from ptd: 'Range A changed'
ptd-server 2022-02-14 00:18:50,344 [INFO] Starting ranging mode
ptd-server 2022-02-14 00:18:50,344 [INFO] Sending to ptd: 'Go,1000,0,2022-02-14_00-18-22_ranging'
ptd-server 2022-02-14 00:18:50,345 [INFO] Reply from ptd: 'Starting untimed measurement, maximum 500000 samples at 1000ms with 0 rampup samples'
ptd-server 2022-02-14 00:18:50,345 [INFO] Sending reply to client 'OK'
ptd-server 2022-02-14 00:29:06,309 [INFO] Got command from the client 'session,2022-02-14_00-18-22,stop,ranging'
ptd-server 2022-02-14 00:29:16,320 [INFO] Sending to ptd: 'Stop'
ptd-server 2022-02-14 00:29:16,320 [INFO] Reply from ptd: 'Stopping untimed measurement'
ptd-server 2022-02-14 00:29:16,993 [INFO] Sending reply to client 'OK'
ptd-server 2022-02-14 00:29:17,050 [INFO] Got command from the client 'time'
ptd-server 2022-02-14 00:29:17,050 [INFO] Sending reply to client '1644798557.0508966'
ptd-server 2022-02-14 00:29:17,053 [INFO] Got command from the client 'session,2022-02-14_00-18-22,start,testing'
ptd-server 2022-02-14 00:29:17,053 [INFO] Sending to ptd: 'SR,V,250.340000'
ptd-server 2022-02-14 00:29:18,554 [INFO] Reply from ptd: 'Range V changed'
ptd-server 2022-02-14 00:29:18,554 [INFO] Sending to ptd: 'SR,A,0.173470'
ptd-server 2022-02-14 00:29:20,056 [INFO] Reply from ptd: 'Range A changed'
ptd-server 2022-02-14 00:29:30,058 [INFO] Starting testing mode
ptd-server 2022-02-14 00:29:30,058 [INFO] Sending to ptd: 'Go,1000,0,2022-02-14_00-18-22_testing'
ptd-server 2022-02-14 00:29:30,059 [INFO] Reply from ptd: 'Starting untimed measurement, maximum 500000 samples at 1000ms with 0 rampup samples'
ptd-server 2022-02-14 00:29:30,059 [INFO] Sending reply to client 'OK'
ptd-server 2022-02-14 00:39:45,940 [INFO] Got command from the client 'session,2022-02-14_00-18-22,stop,testing'
ptd-server 2022-02-14 00:39:55,950 [INFO] Sending to ptd: 'Stop'
ptd-server 2022-02-14 00:39:55,951 [INFO] Reply from ptd: 'Stopping untimed measurement'
ptd-server 2022-02-14 00:39:56,296 [INFO] Sending reply to client 'OK'
ptd-server 2022-02-14 00:39:56,313 [INFO] Got command from the client 'session,2022-02-14_00-18-22,done'
ptd-server 2022-02-14 00:39:56,314 [INFO] Sending to ptd: 'Stop'
ptd-server 2022-02-14 00:39:56,314 [INFO] Reply from ptd: 'Error: no measurement to stop'
ptd-server 2022-02-14 00:39:56,314 [INFO] Sending to ptd: 'SR,V,300.000000'
ptd-server 2022-02-14 00:39:57,815 [INFO] Reply from ptd: 'Range V changed'
ptd-server 2022-02-14 00:39:57,816 [INFO] Sending to ptd: 'SR,A,0.500000'
ptd-server 2022-02-14 00:39:59,317 [INFO] Reply from ptd: 'Range A changed'
ptd-server 2022-02-14 00:39:59,317 [INFO] Set initial values for Amps 0.500000 and Volts 300.000000
ptd-server 2022-02-14 00:39:59,317 [INFO] Stopping ptd...
