ptd-server 2022-02-23 05:25:21,211 [INFO] Got command from the client 'time'
ptd-server 2022-02-23 05:25:21,211 [INFO] Sending reply to client '1645593921.2113528'
ptd-server 2022-02-23 05:25:21,212 [INFO] Got command from the client 'new,,41dd632f-9e30-437f-aafb-80a264fb803b'
ptd-server 2022-02-23 05:25:21,213 [INFO] Sending reply to client 'OK 2022-02-23_05-25-21,18717e89-0242-489c-8e4e-9ccf11b46253'
ptd-server 2022-02-23 05:25:21,250 [INFO] Got command from the client 'time'
ptd-server 2022-02-23 05:25:21,250 [INFO] Sending reply to client '1645593921.2509553'
ptd-server 2022-02-23 05:25:21,252 [INFO] Got command from the client 'session,2022-02-23_05-25-21,start,ranging'
ptd-server 2022-02-23 05:25:21,252 [INFO] Running PTDaemon: ['/home/anton/projects/mlperf/power/inference_v1.0/ptd-linux-x86', '-l', '/tmp/tmpgldyt7rr/ptd_logfile.txt', '-p', '8888', '49', '/dev/usbtmc0']
ptd-server 2022-02-23 05:25:38,425 [INFO] Sending to ptd: 'Hello'
ptd-server 2022-02-23 05:25:38,426 [INFO] Reply from ptd: 'Hello, PTDaemon here!'
ptd-server 2022-02-23 05:25:38,426 [INFO] Sending to ptd: 'Identify'
ptd-server 2022-02-23 05:25:38,426 [INFO] Reply from ptd: 'YokogawaWT310E,1000,1,1,1,1,0,1,1,version=1.9.2-e8c7a49a-20201208,OS=Linux 5.13.0-28-generic #31~20.04.1-Ubuntu SMP Wed Jan 19 14:08:10 UTC 2022 x86_64,mode=power,1,1,1,0,0,no_cal_date,YOKOGAWA;WT310E;C3XA04010E;F1.04'
ptd-server 2022-02-23 05:25:38,426 [INFO] Connected to PTDaemon
ptd-server 2022-02-23 05:25:38,426 [INFO] Sending to ptd: 'RR'
ptd-server 2022-02-23 05:25:38,427 [INFO] Reply from ptd: 'Ranges,0,0.500000,0,300.000000'
ptd-server 2022-02-23 05:25:38,427 [INFO] Initial range for Amps is 0.500000 for Volts is 300.000000
ptd-server 2022-02-23 05:25:38,427 [INFO] Sending to ptd: 'SR,V,Auto'
ptd-server 2022-02-23 05:25:38,929 [INFO] Reply from ptd: 'Range V changed'
ptd-server 2022-02-23 05:25:38,930 [INFO] Sending to ptd: 'SR,A,Auto'
ptd-server 2022-02-23 05:25:39,432 [INFO] Reply from ptd: 'Range A changed'
ptd-server 2022-02-23 05:25:49,442 [INFO] Starting ranging mode
ptd-server 2022-02-23 05:25:49,443 [INFO] Sending to ptd: 'Go,1000,0,2022-02-23_05-25-21_ranging'
ptd-server 2022-02-23 05:25:49,443 [INFO] Reply from ptd: 'Starting untimed measurement, maximum 500000 samples at 1000ms with 0 rampup samples'
ptd-server 2022-02-23 05:25:49,443 [INFO] Sending reply to client 'OK'
ptd-server 2022-02-23 05:36:18,710 [INFO] Got command from the client 'session,2022-02-23_05-25-21,stop,ranging'
ptd-server 2022-02-23 05:36:28,720 [INFO] Sending to ptd: 'Stop'
ptd-server 2022-02-23 05:36:28,721 [INFO] Reply from ptd: 'Stopping untimed measurement'
ptd-server 2022-02-23 05:36:29,547 [INFO] Sending reply to client 'OK'
ptd-server 2022-02-23 05:36:29,602 [INFO] Got command from the client 'time'
ptd-server 2022-02-23 05:36:29,602 [INFO] Sending reply to client '1645594589.6022785'
ptd-server 2022-02-23 05:36:29,603 [INFO] Got command from the client 'session,2022-02-23_05-25-21,start,testing'
ptd-server 2022-02-23 05:36:29,603 [INFO] Sending to ptd: 'SR,V,249.110000'
ptd-server 2022-02-23 05:36:31,104 [INFO] Reply from ptd: 'Range V changed'
ptd-server 2022-02-23 05:36:31,104 [INFO] Sending to ptd: 'SR,A,0.051950'
ptd-server 2022-02-23 05:36:32,606 [INFO] Reply from ptd: 'Range A changed'
ptd-server 2022-02-23 05:36:42,616 [INFO] Starting testing mode
ptd-server 2022-02-23 05:36:42,616 [INFO] Sending to ptd: 'Go,1000,0,2022-02-23_05-25-21_testing'
ptd-server 2022-02-23 05:36:42,616 [INFO] Reply from ptd: 'Starting untimed measurement, maximum 500000 samples at 1000ms with 0 rampup samples'
ptd-server 2022-02-23 05:36:42,617 [INFO] Sending reply to client 'OK'
ptd-server 2022-02-23 05:47:11,779 [INFO] Got command from the client 'session,2022-02-23_05-25-21,stop,testing'
ptd-server 2022-02-23 05:47:21,784 [INFO] Sending to ptd: 'Stop'
ptd-server 2022-02-23 05:47:21,784 [INFO] Reply from ptd: 'Stopping untimed measurement'
ptd-server 2022-02-23 05:47:22,212 [INFO] Sending reply to client 'OK'
ptd-server 2022-02-23 05:47:22,230 [INFO] Got command from the client 'session,2022-02-23_05-25-21,done'
ptd-server 2022-02-23 05:47:22,231 [INFO] Sending to ptd: 'Stop'
ptd-server 2022-02-23 05:47:22,616 [INFO] Reply from ptd: 'Error: no measurement to stop'
ptd-server 2022-02-23 05:47:22,616 [INFO] Sending to ptd: 'SR,V,300.000000'
ptd-server 2022-02-23 05:47:24,118 [INFO] Reply from ptd: 'Range V changed'
ptd-server 2022-02-23 05:47:24,118 [INFO] Sending to ptd: 'SR,A,0.500000'
ptd-server 2022-02-23 05:47:25,619 [INFO] Reply from ptd: 'Range A changed'
ptd-server 2022-02-23 05:47:25,619 [INFO] Set initial values for Amps 0.500000 and Volts 300.000000
ptd-server 2022-02-23 05:47:25,619 [INFO] Stopping ptd...
