client 2022-02-17 17:48:36,195 [WARNING] Removing loadgen logs directory '/home/katya/CK/ck-mlperf/program/image-classification-armnn-tflite-loadgen/tmp/loadgen_logs'
client 2022-02-17 17:48:36,196 [INFO] Sending command to the server: 'mlcommons/power client v3'
client 2022-02-17 17:48:36,197 [INFO] Got response: 'mlcommons/power server v3'
client 2022-02-17 17:48:36,197 [INFO] Synchronizing with the server and with time.google.com...
client 2022-02-17 17:48:36,230 [INFO] NTP:offset = 0.002 s, delay = 0.027 s 
client 2022-02-17 17:48:36,231 [INFO] Sending command to the server: 'time'
client 2022-02-17 17:48:36,232 [INFO] Got response: '1645120116.2333865'
client 2022-02-17 17:48:36,232 [INFO] The time difference between the client and the server is within range -2.081 ms..-0.548 ms
client 2022-02-17 17:48:36,233 [INFO] Sending command to the server: 'new,,29df9a42-b876-42a1-9f7e-8d45254506ff'
client 2022-02-17 17:48:36,234 [INFO] Got response: 'OK 2022-02-17_17-48-36,e83e9d07-f2ab-4057-bcce-767698001a80'
client 2022-02-17 17:48:36,234 [INFO] Session id is '2022-02-17_17-48-36'
client 2022-02-17 17:48:36,234 [INFO] Sources: {"sources": {"__init__.py": "da39a3ee5e6b4b0d3255bfef95601890afd80709", "client.py": "33ca4f26368777ac06e01f9567b714a4b8063886", "lib/__init__.py": "da39a3ee5e6b4b0d3255bfef95601890afd80709", "lib/client.py": "4c2b78fb4849a7e5b584ef792d82aaed20b17f57", "lib/common.py": "624d0c0acc7c39aaff3674f0b99d6a09da53d1dc", "lib/external/__init__.py": "da39a3ee5e6b4b0d3255bfef95601890afd80709", "lib/external/ntplib.py": "4da8f970656505a40483206ef2b5d3dd5e81711d", "lib/server.py": "59c9fb92908260d3e9f81a895c7aa009742275e4", "lib/source_hashes.py": "60a2e02193209e8d392803326208d5466342da18", "lib/summary.py": "aa92f0a3f975eecd44d3c0cd0236342ccc9f941d", "lib/time_sync.py": "3210db56eb0ff0df57bf4293dc4d4b03fffd46f1", "server.py": "c3f90f2f7eeb4db30727556d0c815ebc89b3d28b", "tests/unit/__init__.py": "da39a3ee5e6b4b0d3255bfef95601890afd80709", "tests/unit/test_server.py": "99ae15aef722f2000ee6ed1ae1523637bf1ae42b", "tests/unit/test_source_hashes.py": "00468a2907583c593e6574a1f6b404e4651c221a"}, "modules": {"ptd_client_server.lib.client": "lib/client.py", "ptd_client_server.lib.common": "lib/common.py", "ptd_client_server.lib.external.ntplib": "lib/external/ntplib.py", "ptd_client_server.lib.source_hashes": "lib/source_hashes.py", "ptd_client_server.lib.summary": "lib/summary.py", "ptd_client_server.lib.time_sync": "lib/time_sync.py"}}
client 2022-02-17 17:48:36,235 [INFO] Running workload in ranging mode
client 2022-02-17 17:48:36,235 [INFO] Synchronizing with the server and with time.google.com...
client 2022-02-17 17:48:36,266 [INFO] NTP:offset = 0.001 s, delay = 0.030 s 
client 2022-02-17 17:48:36,266 [INFO] Sending command to the server: 'time'
client 2022-02-17 17:48:36,267 [INFO] Got response: '1645120116.2685587'
client 2022-02-17 17:48:36,267 [INFO] The time difference between the client and the server is within range -1.804 ms..-0.603 ms
client 2022-02-17 17:48:36,268 [INFO] Sending command to the server: 'session,2022-02-17_17-48-36,start,ranging'
client 2022-02-17 17:49:04,460 [INFO] Got response: 'OK'
client 2022-02-17 17:49:04,460 [INFO] Running the workload 'ck benchmark program:image-classification-armnn-tflite-loadgen --env.CK_SILENT_MODE=YES --skip_print_timers --dep_add_tags.compiler=gcc,v7 --dep_add_tags.python=v3 --dep_add_tags.mlperf-inference-src=r2.0 --dep_add_tags.weights=mobilenet,v3-large_224_0.75_float --dep_add_tags.images=crop.875,preprocessed,using-opencv --dep_add_tags.library=armnn,rel.21.11,neon --env.CK_LOADGEN_DATASET_SIZE=1024 --env.USE_NEON=1 --env.USE_OPENCL=0 --env.CK_LOADGEN_MODE=PerformanceOnly --env.CK_LOADGEN_SCENARIO=SingleStream --env.CK_LOADGEN_TARGET_LATENCY=$CK_LOADGEN_TARGET_LATENCY --skip_stat_analysis --process_multi_keys --repetitions=1 --record --record_repo=local --record_uoa=mlperf_v2.0-open-odroid-armnn-v21.11-neon-mobilenet-v3-large_224_0.75_float-singlestream-performance-target_latency.$CK_LOADGEN_TARGET_LATENCY-power.workload --tags=mlperf,round.v2.0,division.open,task.image-classification,platform.odroid,scenario.singlestream,mode.performance,workload.mobilenet-v3-large_224_0.75_float,preprocessed_using.opencv,inference_engine.armnn,inference_engine_version.v21.11,inference_engine_backend.neon,target_latency.$CK_LOADGEN_TARGET_LATENCY,power.workload "@@@{\'meta\': {\'ck_benchmark_program\': \'ck benchmark program:image-classification-armnn-tflite-loadgen --env.CK_SILENT_MODE=YES --skip_print_timers --dep_add_tags.compiler=gcc,v7 --dep_add_tags.python=v3 --dep_add_tags.mlperf-inference-src=r2.0 --dep_add_tags.weights=mobilenet,v3-large_224_0.75_float --dep_add_tags.images=crop.875,preprocessed,using-opencv --dep_add_tags.library=armnn,rel.21.11,neon --env.CK_LOADGEN_DATASET_SIZE=1024 --env.USE_NEON=1 --env.USE_OPENCL=0 --env.CK_LOADGEN_MODE=PerformanceOnly --env.CK_LOADGEN_SCENARIO=SingleStream --env.CK_LOADGEN_TARGET_LATENCY=$CK_LOADGEN_TARGET_LATENCY --skip_stat_analysis --process_multi_keys --repetitions=1 --record --record_repo=local --record_uoa=mlperf_v2.0-open-odroid-armnn-v21.11-neon-mobilenet-v3-large_224_0.75_float-singlestream-performance-target_latency.$CK_LOADGEN_TARGET_LATENCY-power.workload --tags=mlperf,round.v2.0,division.open,task.image-classification,platform.odroid,scenario.singlestream,mode.performance,workload.mobilenet-v3-large_224_0.75_float,preprocessed_using.opencv,inference_engine.armnn,inference_engine_version.v21.11,inference_engine_backend.neon,target_latency.$CK_LOADGEN_TARGET_LATENCY,power.workload\'}}" && cat `ck find program:image-classification-armnn-tflite-loadgen`/tmp/mlperf_log_summary.txt && mkdir -p "$CK_MLPERF_POWER_CLIENT_LOADGEN_LOGS" && cp "$CK_MLPERF_POWER_CLIENT_LOADGEN_LOGS"/../mlperf_log_* "$CK_MLPERF_POWER_CLIENT_LOADGEN_LOGS"/'
client 2022-02-17 17:59:21,545 [INFO] Sending command to the server: 'session,2022-02-17_17-48-36,stop,ranging'
client 2022-02-17 17:59:31,753 [INFO] Got response: 'OK'
client 2022-02-17 17:59:31,778 [INFO] Copying loadgen logs from '/home/katya/CK/ck-mlperf/program/image-classification-armnn-tflite-loadgen/tmp/loadgen_logs' to '/home/katya/CK/ck-mlperf/program/mlperf-power-client/tmp/2022-02-17_17-48-36/ranging'
client 2022-02-17 17:59:31,780 [INFO] Running workload in testing mode
client 2022-02-17 17:59:31,781 [INFO] Synchronizing with the server and with time.google.com...
client 2022-02-17 17:59:31,825 [INFO] NTP:offset = -0.001 s, delay = 0.039 s 
client 2022-02-17 17:59:31,826 [INFO] Sending command to the server: 'time'
client 2022-02-17 17:59:31,827 [INFO] Got response: '1645120771.827668'
client 2022-02-17 17:59:31,828 [INFO] The time difference between the client and the server is within range -1.459 ms..0.465 ms
client 2022-02-17 17:59:31,828 [INFO] Sending command to the server: 'session,2022-02-17_17-48-36,start,testing'
client 2022-02-17 17:59:45,474 [INFO] Got response: 'OK'
client 2022-02-17 17:59:45,475 [INFO] Running the workload 'ck benchmark program:image-classification-armnn-tflite-loadgen --env.CK_SILENT_MODE=YES --skip_print_timers --dep_add_tags.compiler=gcc,v7 --dep_add_tags.python=v3 --dep_add_tags.mlperf-inference-src=r2.0 --dep_add_tags.weights=mobilenet,v3-large_224_0.75_float --dep_add_tags.images=crop.875,preprocessed,using-opencv --dep_add_tags.library=armnn,rel.21.11,neon --env.CK_LOADGEN_DATASET_SIZE=1024 --env.USE_NEON=1 --env.USE_OPENCL=0 --env.CK_LOADGEN_MODE=PerformanceOnly --env.CK_LOADGEN_SCENARIO=SingleStream --env.CK_LOADGEN_TARGET_LATENCY=$CK_LOADGEN_TARGET_LATENCY --skip_stat_analysis --process_multi_keys --repetitions=1 --record --record_repo=local --record_uoa=mlperf_v2.0-open-odroid-armnn-v21.11-neon-mobilenet-v3-large_224_0.75_float-singlestream-performance-target_latency.$CK_LOADGEN_TARGET_LATENCY-power.workload --tags=mlperf,round.v2.0,division.open,task.image-classification,platform.odroid,scenario.singlestream,mode.performance,workload.mobilenet-v3-large_224_0.75_float,preprocessed_using.opencv,inference_engine.armnn,inference_engine_version.v21.11,inference_engine_backend.neon,target_latency.$CK_LOADGEN_TARGET_LATENCY,power.workload "@@@{\'meta\': {\'ck_benchmark_program\': \'ck benchmark program:image-classification-armnn-tflite-loadgen --env.CK_SILENT_MODE=YES --skip_print_timers --dep_add_tags.compiler=gcc,v7 --dep_add_tags.python=v3 --dep_add_tags.mlperf-inference-src=r2.0 --dep_add_tags.weights=mobilenet,v3-large_224_0.75_float --dep_add_tags.images=crop.875,preprocessed,using-opencv --dep_add_tags.library=armnn,rel.21.11,neon --env.CK_LOADGEN_DATASET_SIZE=1024 --env.USE_NEON=1 --env.USE_OPENCL=0 --env.CK_LOADGEN_MODE=PerformanceOnly --env.CK_LOADGEN_SCENARIO=SingleStream --env.CK_LOADGEN_TARGET_LATENCY=$CK_LOADGEN_TARGET_LATENCY --skip_stat_analysis --process_multi_keys --repetitions=1 --record --record_repo=local --record_uoa=mlperf_v2.0-open-odroid-armnn-v21.11-neon-mobilenet-v3-large_224_0.75_float-singlestream-performance-target_latency.$CK_LOADGEN_TARGET_LATENCY-power.workload --tags=mlperf,round.v2.0,division.open,task.image-classification,platform.odroid,scenario.singlestream,mode.performance,workload.mobilenet-v3-large_224_0.75_float,preprocessed_using.opencv,inference_engine.armnn,inference_engine_version.v21.11,inference_engine_backend.neon,target_latency.$CK_LOADGEN_TARGET_LATENCY,power.workload\'}}" && cat `ck find program:image-classification-armnn-tflite-loadgen`/tmp/mlperf_log_summary.txt && mkdir -p "$CK_MLPERF_POWER_CLIENT_LOADGEN_LOGS" && cp "$CK_MLPERF_POWER_CLIENT_LOADGEN_LOGS"/../mlperf_log_* "$CK_MLPERF_POWER_CLIENT_LOADGEN_LOGS"/'
client 2022-02-17 18:10:03,466 [INFO] Sending command to the server: 'session,2022-02-17_17-48-36,stop,testing'
client 2022-02-17 18:10:13,589 [INFO] Got response: 'OK'
client 2022-02-17 18:10:13,594 [INFO] Copying loadgen logs from '/home/katya/CK/ck-mlperf/program/image-classification-armnn-tflite-loadgen/tmp/loadgen_logs' to '/home/katya/CK/ck-mlperf/program/mlperf-power-client/tmp/2022-02-17_17-48-36/run_1'
client 2022-02-17 18:10:13,596 [INFO] Done runs
