ptd-server 2022-02-17 17:48:36,233 [INFO] Got command from the client 'time'
ptd-server 2022-02-17 17:48:36,233 [INFO] Sending reply to client '1645120116.2333865'
ptd-server 2022-02-17 17:48:36,234 [INFO] Got command from the client 'new,,29df9a42-b876-42a1-9f7e-8d45254506ff'
ptd-server 2022-02-17 17:48:36,235 [INFO] Sending reply to client 'OK 2022-02-17_17-48-36,e83e9d07-f2ab-4057-bcce-767698001a80'
ptd-server 2022-02-17 17:48:36,268 [INFO] Got command from the client 'time'
ptd-server 2022-02-17 17:48:36,268 [INFO] Sending reply to client '1645120116.2685587'
ptd-server 2022-02-17 17:48:36,269 [INFO] Got command from the client 'session,2022-02-17_17-48-36,start,ranging'
ptd-server 2022-02-17 17:48:36,270 [INFO] Running PTDaemon: ['/home/anton/projects/mlperf/power/inference_v1.0/ptd-linux-x86', '-l', '/tmp/tmpgldyt7rr/ptd_logfile.txt', '-p', '8888', '49', '/dev/usbtmc0']
ptd-server 2022-02-17 17:48:53,442 [INFO] Sending to ptd: 'Hello'
ptd-server 2022-02-17 17:48:53,443 [INFO] Reply from ptd: 'Hello, PTDaemon here!'
ptd-server 2022-02-17 17:48:53,443 [INFO] Sending to ptd: 'Identify'
ptd-server 2022-02-17 17:48:53,443 [INFO] Reply from ptd: 'YokogawaWT310E,1000,1,1,1,1,0,1,1,version=1.9.2-e8c7a49a-20201208,OS=Linux 5.13.0-28-generic #31~20.04.1-Ubuntu SMP Wed Jan 19 14:08:10 UTC 2022 x86_64,mode=power,1,1,1,0,0,no_cal_date,YOKOGAWA;WT310E;C3XA04010E;F1.04'
ptd-server 2022-02-17 17:48:53,443 [INFO] Connected to PTDaemon
ptd-server 2022-02-17 17:48:53,444 [INFO] Sending to ptd: 'RR'
ptd-server 2022-02-17 17:48:53,444 [INFO] Reply from ptd: 'Ranges,0,0.500000,0,300.000000'
ptd-server 2022-02-17 17:48:53,444 [INFO] Initial range for Amps is 0.500000 for Volts is 300.000000
ptd-server 2022-02-17 17:48:53,444 [INFO] Sending to ptd: 'SR,V,Auto'
ptd-server 2022-02-17 17:48:53,947 [INFO] Reply from ptd: 'Range V changed'
ptd-server 2022-02-17 17:48:53,947 [INFO] Sending to ptd: 'SR,A,Auto'
ptd-server 2022-02-17 17:48:54,449 [INFO] Reply from ptd: 'Range A changed'
ptd-server 2022-02-17 17:49:04,460 [INFO] Starting ranging mode
ptd-server 2022-02-17 17:49:04,460 [INFO] Sending to ptd: 'Go,1000,0,2022-02-17_17-48-36_ranging'
ptd-server 2022-02-17 17:49:04,460 [INFO] Reply from ptd: 'Starting untimed measurement, maximum 500000 samples at 1000ms with 0 rampup samples'
ptd-server 2022-02-17 17:49:04,461 [INFO] Sending reply to client 'OK'
ptd-server 2022-02-17 17:59:21,546 [INFO] Got command from the client 'session,2022-02-17_17-48-36,stop,ranging'
ptd-server 2022-02-17 17:59:31,557 [INFO] Sending to ptd: 'Stop'
ptd-server 2022-02-17 17:59:31,557 [INFO] Reply from ptd: 'Stopping untimed measurement'
ptd-server 2022-02-17 17:59:31,753 [INFO] Sending reply to client 'OK'
ptd-server 2022-02-17 17:59:31,827 [INFO] Got command from the client 'time'
ptd-server 2022-02-17 17:59:31,827 [INFO] Sending reply to client '1645120771.827668'
ptd-server 2022-02-17 17:59:31,829 [INFO] Got command from the client 'session,2022-02-17_17-48-36,start,testing'
ptd-server 2022-02-17 17:59:31,829 [INFO] Sending to ptd: 'SR,V,250.070000'
ptd-server 2022-02-17 17:59:33,961 [INFO] Reply from ptd: 'Range V changed'
ptd-server 2022-02-17 17:59:33,962 [INFO] Sending to ptd: 'SR,A,0.049190'
ptd-server 2022-02-17 17:59:35,463 [INFO] Reply from ptd: 'Range A changed'
ptd-server 2022-02-17 17:59:45,473 [INFO] Starting testing mode
ptd-server 2022-02-17 17:59:45,473 [INFO] Sending to ptd: 'Go,1000,0,2022-02-17_17-48-36_testing'
ptd-server 2022-02-17 17:59:45,474 [INFO] Reply from ptd: 'Starting untimed measurement, maximum 500000 samples at 1000ms with 0 rampup samples'
ptd-server 2022-02-17 17:59:45,474 [INFO] Sending reply to client 'OK'
ptd-server 2022-02-17 18:10:03,467 [INFO] Got command from the client 'session,2022-02-17_17-48-36,stop,testing'
ptd-server 2022-02-17 18:10:13,478 [INFO] Sending to ptd: 'Stop'
ptd-server 2022-02-17 18:10:13,478 [INFO] Reply from ptd: 'Stopping untimed measurement'
ptd-server 2022-02-17 18:10:13,588 [INFO] Sending reply to client 'OK'
ptd-server 2022-02-17 18:10:13,607 [INFO] Got command from the client 'session,2022-02-17_17-48-36,done'
ptd-server 2022-02-17 18:10:13,607 [INFO] Sending to ptd: 'Stop'
ptd-server 2022-02-17 18:10:14,475 [INFO] Reply from ptd: 'Error: no measurement to stop'
ptd-server 2022-02-17 18:10:14,475 [INFO] Sending to ptd: 'SR,V,300.000000'
ptd-server 2022-02-17 18:10:15,976 [INFO] Reply from ptd: 'Range V changed'
ptd-server 2022-02-17 18:10:15,977 [INFO] Sending to ptd: 'SR,A,0.500000'
ptd-server 2022-02-17 18:10:17,478 [INFO] Reply from ptd: 'Range A changed'
ptd-server 2022-02-17 18:10:17,478 [INFO] Set initial values for Amps 0.500000 and Volts 300.000000
ptd-server 2022-02-17 18:10:17,478 [INFO] Stopping ptd...
