ptd-server 2022-02-21 21:09:13,460 [INFO] Got command from the client 'time'
ptd-server 2022-02-21 21:09:13,461 [INFO] Sending reply to client '1645477753.460977'
ptd-server 2022-02-21 21:09:13,462 [INFO] Got command from the client 'new,,99442ccf-b14c-4881-8f4d-02a46a55e73d'
ptd-server 2022-02-21 21:09:13,462 [INFO] Sending reply to client 'OK 2022-02-21_21-09-13,3d6355b9-52ea-471c-889d-d8f9925d9c64'
ptd-server 2022-02-21 21:09:13,493 [INFO] Got command from the client 'time'
ptd-server 2022-02-21 21:09:13,493 [INFO] Sending reply to client '1645477753.4936547'
ptd-server 2022-02-21 21:09:13,494 [INFO] Got command from the client 'session,2022-02-21_21-09-13,start,ranging'
ptd-server 2022-02-21 21:09:13,495 [INFO] Running PTDaemon: ['/home/anton/projects/mlperf/power/inference_v1.0/ptd-linux-x86', '-l', '/tmp/tmpgldyt7rr/ptd_logfile.txt', '-p', '8888', '49', '/dev/usbtmc0']
ptd-server 2022-02-21 21:09:30,668 [INFO] Sending to ptd: 'Hello'
ptd-server 2022-02-21 21:09:30,669 [INFO] Reply from ptd: 'Hello, PTDaemon here!'
ptd-server 2022-02-21 21:09:30,669 [INFO] Sending to ptd: 'Identify'
ptd-server 2022-02-21 21:09:30,669 [INFO] Reply from ptd: 'YokogawaWT310E,1000,1,1,1,1,0,1,1,version=1.9.2-e8c7a49a-20201208,OS=Linux 5.13.0-28-generic #31~20.04.1-Ubuntu SMP Wed Jan 19 14:08:10 UTC 2022 x86_64,mode=power,1,1,1,0,0,no_cal_date,YOKOGAWA;WT310E;C3XA04010E;F1.04'
ptd-server 2022-02-21 21:09:30,669 [INFO] Connected to PTDaemon
ptd-server 2022-02-21 21:09:30,670 [INFO] Sending to ptd: 'RR'
ptd-server 2022-02-21 21:09:30,670 [INFO] Reply from ptd: 'Ranges,0,0.500000,0,300.000000'
ptd-server 2022-02-21 21:09:30,670 [INFO] Initial range for Amps is 0.500000 for Volts is 300.000000
ptd-server 2022-02-21 21:09:30,670 [INFO] Sending to ptd: 'SR,V,Auto'
ptd-server 2022-02-21 21:09:31,173 [INFO] Reply from ptd: 'Range V changed'
ptd-server 2022-02-21 21:09:31,173 [INFO] Sending to ptd: 'SR,A,Auto'
ptd-server 2022-02-21 21:09:31,675 [INFO] Reply from ptd: 'Range A changed'
ptd-server 2022-02-21 21:09:41,686 [INFO] Starting ranging mode
ptd-server 2022-02-21 21:09:41,686 [INFO] Sending to ptd: 'Go,1000,0,2022-02-21_21-09-13_ranging'
ptd-server 2022-02-21 21:09:41,686 [INFO] Reply from ptd: 'Starting untimed measurement, maximum 500000 samples at 1000ms with 0 rampup samples'
ptd-server 2022-02-21 21:09:41,686 [INFO] Sending reply to client 'OK'
ptd-server 2022-02-21 21:20:03,157 [INFO] Got command from the client 'session,2022-02-21_21-09-13,stop,ranging'
ptd-server 2022-02-21 21:20:13,167 [INFO] Sending to ptd: 'Stop'
ptd-server 2022-02-21 21:20:13,168 [INFO] Reply from ptd: 'Stopping untimed measurement'
ptd-server 2022-02-21 21:20:13,810 [INFO] Sending reply to client 'OK'
ptd-server 2022-02-21 21:20:13,881 [INFO] Got command from the client 'time'
ptd-server 2022-02-21 21:20:13,881 [INFO] Sending reply to client '1645478413.881485'
ptd-server 2022-02-21 21:20:13,882 [INFO] Got command from the client 'session,2022-02-21_21-09-13,start,testing'
ptd-server 2022-02-21 21:20:13,883 [INFO] Sending to ptd: 'SR,V,249.540000'
ptd-server 2022-02-21 21:20:15,384 [INFO] Reply from ptd: 'Range V changed'
ptd-server 2022-02-21 21:20:15,384 [INFO] Sending to ptd: 'SR,A,0.072630'
ptd-server 2022-02-21 21:20:16,885 [INFO] Reply from ptd: 'Range A changed'
ptd-server 2022-02-21 21:20:26,896 [INFO] Starting testing mode
ptd-server 2022-02-21 21:20:26,896 [INFO] Sending to ptd: 'Go,1000,0,2022-02-21_21-09-13_testing'
ptd-server 2022-02-21 21:20:26,896 [INFO] Reply from ptd: 'Starting untimed measurement, maximum 500000 samples at 1000ms with 0 rampup samples'
ptd-server 2022-02-21 21:20:26,897 [INFO] Sending reply to client 'OK'
ptd-server 2022-02-21 21:30:49,231 [INFO] Got command from the client 'session,2022-02-21_21-09-13,stop,testing'
ptd-server 2022-02-21 21:30:59,241 [INFO] Sending to ptd: 'Stop'
ptd-server 2022-02-21 21:30:59,242 [INFO] Reply from ptd: 'Stopping untimed measurement'
ptd-server 2022-02-21 21:30:59,580 [INFO] Sending reply to client 'OK'
ptd-server 2022-02-21 21:30:59,600 [INFO] Got command from the client 'session,2022-02-21_21-09-13,done'
ptd-server 2022-02-21 21:30:59,600 [INFO] Sending to ptd: 'Stop'
ptd-server 2022-02-21 21:30:59,896 [INFO] Reply from ptd: 'Error: no measurement to stop'
ptd-server 2022-02-21 21:30:59,897 [INFO] Sending to ptd: 'SR,V,300.000000'
ptd-server 2022-02-21 21:31:01,398 [INFO] Reply from ptd: 'Range V changed'
ptd-server 2022-02-21 21:31:01,398 [INFO] Sending to ptd: 'SR,A,0.500000'
ptd-server 2022-02-21 21:31:02,902 [INFO] Reply from ptd: 'Range A changed'
ptd-server 2022-02-21 21:31:02,903 [INFO] Set initial values for Amps 0.500000 and Volts 300.000000
ptd-server 2022-02-21 21:31:02,903 [INFO] Stopping ptd...
