client 2022-02-18 09:05:04,914 [WARNING] Removing loadgen logs directory '/home/krai/CK/ck-qaic/program/packed-bert-qaic-loadgen/tmp/loadgen_logs'
client 2022-02-18 09:05:04,918 [INFO] Sending command to the server: 'mlcommons/power client v3'
client 2022-02-18 09:05:04,920 [INFO] Got response: 'mlcommons/power server v3'
client 2022-02-18 09:05:04,920 [INFO] Synchronizing with the server and with time.google.com...
client 2022-02-18 09:05:04,993 [INFO] NTP:offset = 0.002 s, delay = 0.038 s 
client 2022-02-18 09:05:04,993 [INFO] Sending command to the server: 'time'
client 2022-02-18 09:05:04,996 [INFO] Got response: '1645175104.9927793'
client 2022-02-18 09:05:04,996 [INFO] The time difference between the client and the server is within range 0.842 ms..3.720 ms
client 2022-02-18 09:05:04,996 [INFO] Sending command to the server: 'new,,b34caa1e-439a-496b-8b2c-d2fdda8057a4'
client 2022-02-18 09:05:04,999 [INFO] Got response: 'OK 2022-02-18_09-05-04,3224a7cc-4683-4b96-a79b-ef8f1658d7e4'
client 2022-02-18 09:05:04,999 [INFO] Session id is '2022-02-18_09-05-04'
client 2022-02-18 09:05:04,999 [INFO] Sources: {"sources": {"__init__.py": "da39a3ee5e6b4b0d3255bfef95601890afd80709", "client.py": "33ca4f26368777ac06e01f9567b714a4b8063886", "lib/__init__.py": "da39a3ee5e6b4b0d3255bfef95601890afd80709", "lib/client.py": "4c2b78fb4849a7e5b584ef792d82aaed20b17f57", "lib/common.py": "624d0c0acc7c39aaff3674f0b99d6a09da53d1dc", "lib/external/__init__.py": "da39a3ee5e6b4b0d3255bfef95601890afd80709", "lib/external/ntplib.py": "4da8f970656505a40483206ef2b5d3dd5e81711d", "lib/server.py": "59c9fb92908260d3e9f81a895c7aa009742275e4", "lib/source_hashes.py": "60a2e02193209e8d392803326208d5466342da18", "lib/summary.py": "aa92f0a3f975eecd44d3c0cd0236342ccc9f941d", "lib/time_sync.py": "3210db56eb0ff0df57bf4293dc4d4b03fffd46f1", "server.py": "c3f90f2f7eeb4db30727556d0c815ebc89b3d28b", "tests/unit/__init__.py": "da39a3ee5e6b4b0d3255bfef95601890afd80709", "tests/unit/test_server.py": "99ae15aef722f2000ee6ed1ae1523637bf1ae42b", "tests/unit/test_source_hashes.py": "00468a2907583c593e6574a1f6b404e4651c221a"}, "modules": {"ptd_client_server.lib.client": "lib/client.py", "ptd_client_server.lib.common": "lib/common.py", "ptd_client_server.lib.external.ntplib": "lib/external/ntplib.py", "ptd_client_server.lib.source_hashes": "lib/source_hashes.py", "ptd_client_server.lib.summary": "lib/summary.py", "ptd_client_server.lib.time_sync": "lib/time_sync.py"}}
client 2022-02-18 09:05:04,999 [INFO] Running workload in ranging mode
client 2022-02-18 09:05:04,999 [INFO] Synchronizing with the server and with time.google.com...
client 2022-02-18 09:05:05,053 [INFO] NTP:offset = -0.001 s, delay = 0.036 s 
client 2022-02-18 09:05:05,053 [INFO] Sending command to the server: 'time'
client 2022-02-18 09:05:05,056 [INFO] Got response: '1645175105.053522'
client 2022-02-18 09:05:05,056 [INFO] The time difference between the client and the server is within range 0.370 ms..3.341 ms
client 2022-02-18 09:05:05,057 [INFO] Sending command to the server: 'session,2022-02-18_09-05-04,start,ranging'
client 2022-02-18 09:05:33,252 [INFO] Got response: 'OK'
client 2022-02-18 09:05:33,253 [INFO] Running the workload 'sleep 90;  ck benchmark program:packed-bert-qaic-loadgen --env.CK_SILENT_MODE=YES --skip_print_timers --dep_add_tags.compiler=gcc --dep_add_tags.python=v3 --dep_add_tags.weights=bert-99.aedk_20w.offline,bert-99,quantization.calibration  --dep_add_tags.dataset-tokenized=dataset,squad,tokenized,raw --env.ML_MODEL_MODEL_NAME=bert-99 --env.CK_LOADGEN_DATASET_SIZE=10833 --env.CK_LOADGEN_BUFFER_SIZE=10833 --env.CK_ENV_NUM_SETUP_THREADS=2 --env.CK_ENV_QAIC_INPUT_SELECT=0 --env.CK_ENV_QAIC_DEVICE_IDS=0 --env.CK_ENV_QAIC_QUEUE_LENGTH=4 --env.CK_ENV_QAIC_THREADS_PER_QUEUE=4 --env.CK_ENV_QAIC_ACTIVATION_COUNT=8 --env.CK_ENV_QAIC_MODEL_BATCH_SIZE=4096 --env.QAIC_BYPASS_PPP=enable --env.CK_VERBOSE=0  --env.ML_MODEL_MODEL_NAME=bert --env.CK_ENV_QAIC_SKIP_STAGE=convert --env.CK_LOADGEN_SCENARIO=Offline --env.CK_LOADGEN_TARGET_QPS=321 --env.CK_LOADGEN_MODE=PerformanceOnly --speed --skip_stat_analysis --process_multi_keys --repetitions=1 --record --record_repo=local --record_uoa=mlperf_v2.0-closed-aedk_20w-qaic-v1.6.80-aic100-bert-99-offline-performance-target_qps.321-power.workload --tags=mlperf,division.closed,platform.aedk_20w,inference_engine.qaic,inference_engine_version.v1.6.80,inference_engine_backend.aic100,scenario.offline,mode.performance,buffer_size.10833,workload.bert-99,preprocessed_using.tensorflow,input_select.0,queue_length.4,task.bert-question-answering,threads_per_queue.4,power.workload "@@@{\'meta\': {\'ck_benchmark_program\': \'sleep 90;  ck benchmark program:packed-bert-qaic-loadgen --env.CK_SILENT_MODE=YES --skip_print_timers --dep_add_tags.compiler=gcc --dep_add_tags.python=v3 --dep_add_tags.weights=bert-99.aedk_20w.offline,bert-99,quantization.calibration  --dep_add_tags.dataset-tokenized=dataset,squad,tokenized,raw --env.ML_MODEL_MODEL_NAME=bert-99 --env.CK_LOADGEN_DATASET_SIZE=10833 --env.CK_LOADGEN_BUFFER_SIZE=10833 --env.CK_ENV_NUM_SETUP_THREADS=2 --env.CK_ENV_QAIC_INPUT_SELECT=0 --env.CK_ENV_QAIC_DEVICE_IDS=0 --env.CK_ENV_QAIC_QUEUE_LENGTH=4 --env.CK_ENV_QAIC_THREADS_PER_QUEUE=4 --env.CK_ENV_QAIC_ACTIVATION_COUNT=8 --env.CK_ENV_QAIC_MODEL_BATCH_SIZE=4096 --env.QAIC_BYPASS_PPP=enable --env.CK_VERBOSE=0  --env.ML_MODEL_MODEL_NAME=bert --env.CK_ENV_QAIC_SKIP_STAGE=convert --env.CK_LOADGEN_SCENARIO=Offline --env.CK_LOADGEN_TARGET_QPS=321 --env.CK_LOADGEN_MODE=PerformanceOnly --speed --skip_stat_analysis --process_multi_keys --repetitions=1 --record --record_repo=local --record_uoa=mlperf_v2.0-closed-aedk_20w-qaic-v1.6.80-aic100-bert-99-offline-performance-target_qps.321-power.workload --tags=mlperf,division.closed,platform.aedk_20w,inference_engine.qaic,inference_engine_version.v1.6.80,inference_engine_backend.aic100,scenario.offline,mode.performance,buffer_size.10833,workload.bert-99,preprocessed_using.tensorflow,input_select.0,queue_length.4,task.bert-question-answering,threads_per_queue.4,power.workload\'}}" && cat `ck find program:packed-bert-qaic-loadgen`/tmp/mlperf_log_summary.txt && mkdir -p "$CK_MLPERF_POWER_CLIENT_LOADGEN_LOGS" && cp "$CK_MLPERF_POWER_CLIENT_LOADGEN_LOGS"/../mlperf_log_* "$CK_MLPERF_POWER_CLIENT_LOADGEN_LOGS"/'
client 2022-02-18 09:19:41,549 [INFO] Sending command to the server: 'session,2022-02-18_09-05-04,stop,ranging'
client 2022-02-18 09:19:51,812 [INFO] Got response: 'OK'
client 2022-02-18 09:19:51,850 [INFO] Copying loadgen logs from '/home/krai/CK/ck-qaic/program/packed-bert-qaic-loadgen/tmp/loadgen_logs' to '/home/krai/CK/ck-mlperf/program/mlperf-power-client/tmp/2022-02-18_09-05-04/ranging'
client 2022-02-18 09:19:51,856 [INFO] Running workload in testing mode
client 2022-02-18 09:19:51,856 [INFO] Synchronizing with the server and with time.google.com...
client 2022-02-18 09:19:51,957 [INFO] NTP:offset = -0.001 s, delay = 0.029 s 
client 2022-02-18 09:19:51,957 [INFO] Sending command to the server: 'time'
client 2022-02-18 09:19:51,961 [INFO] Got response: '1645175991.958573'
client 2022-02-18 09:19:51,961 [INFO] The time difference between the client and the server is within range -0.977 ms..3.213 ms
client 2022-02-18 09:19:51,962 [INFO] Sending command to the server: 'session,2022-02-18_09-05-04,start,testing'
client 2022-02-18 09:20:05,266 [INFO] Got response: 'OK'
client 2022-02-18 09:20:05,269 [INFO] Running the workload 'sleep 90;  ck benchmark program:packed-bert-qaic-loadgen --env.CK_SILENT_MODE=YES --skip_print_timers --dep_add_tags.compiler=gcc --dep_add_tags.python=v3 --dep_add_tags.weights=bert-99.aedk_20w.offline,bert-99,quantization.calibration  --dep_add_tags.dataset-tokenized=dataset,squad,tokenized,raw --env.ML_MODEL_MODEL_NAME=bert-99 --env.CK_LOADGEN_DATASET_SIZE=10833 --env.CK_LOADGEN_BUFFER_SIZE=10833 --env.CK_ENV_NUM_SETUP_THREADS=2 --env.CK_ENV_QAIC_INPUT_SELECT=0 --env.CK_ENV_QAIC_DEVICE_IDS=0 --env.CK_ENV_QAIC_QUEUE_LENGTH=4 --env.CK_ENV_QAIC_THREADS_PER_QUEUE=4 --env.CK_ENV_QAIC_ACTIVATION_COUNT=8 --env.CK_ENV_QAIC_MODEL_BATCH_SIZE=4096 --env.QAIC_BYPASS_PPP=enable --env.CK_VERBOSE=0  --env.ML_MODEL_MODEL_NAME=bert --env.CK_ENV_QAIC_SKIP_STAGE=convert --env.CK_LOADGEN_SCENARIO=Offline --env.CK_LOADGEN_TARGET_QPS=321 --env.CK_LOADGEN_MODE=PerformanceOnly --speed --skip_stat_analysis --process_multi_keys --repetitions=1 --record --record_repo=local --record_uoa=mlperf_v2.0-closed-aedk_20w-qaic-v1.6.80-aic100-bert-99-offline-performance-target_qps.321-power.workload --tags=mlperf,division.closed,platform.aedk_20w,inference_engine.qaic,inference_engine_version.v1.6.80,inference_engine_backend.aic100,scenario.offline,mode.performance,buffer_size.10833,workload.bert-99,preprocessed_using.tensorflow,input_select.0,queue_length.4,task.bert-question-answering,threads_per_queue.4,power.workload "@@@{\'meta\': {\'ck_benchmark_program\': \'sleep 90;  ck benchmark program:packed-bert-qaic-loadgen --env.CK_SILENT_MODE=YES --skip_print_timers --dep_add_tags.compiler=gcc --dep_add_tags.python=v3 --dep_add_tags.weights=bert-99.aedk_20w.offline,bert-99,quantization.calibration  --dep_add_tags.dataset-tokenized=dataset,squad,tokenized,raw --env.ML_MODEL_MODEL_NAME=bert-99 --env.CK_LOADGEN_DATASET_SIZE=10833 --env.CK_LOADGEN_BUFFER_SIZE=10833 --env.CK_ENV_NUM_SETUP_THREADS=2 --env.CK_ENV_QAIC_INPUT_SELECT=0 --env.CK_ENV_QAIC_DEVICE_IDS=0 --env.CK_ENV_QAIC_QUEUE_LENGTH=4 --env.CK_ENV_QAIC_THREADS_PER_QUEUE=4 --env.CK_ENV_QAIC_ACTIVATION_COUNT=8 --env.CK_ENV_QAIC_MODEL_BATCH_SIZE=4096 --env.QAIC_BYPASS_PPP=enable --env.CK_VERBOSE=0  --env.ML_MODEL_MODEL_NAME=bert --env.CK_ENV_QAIC_SKIP_STAGE=convert --env.CK_LOADGEN_SCENARIO=Offline --env.CK_LOADGEN_TARGET_QPS=321 --env.CK_LOADGEN_MODE=PerformanceOnly --speed --skip_stat_analysis --process_multi_keys --repetitions=1 --record --record_repo=local --record_uoa=mlperf_v2.0-closed-aedk_20w-qaic-v1.6.80-aic100-bert-99-offline-performance-target_qps.321-power.workload --tags=mlperf,division.closed,platform.aedk_20w,inference_engine.qaic,inference_engine_version.v1.6.80,inference_engine_backend.aic100,scenario.offline,mode.performance,buffer_size.10833,workload.bert-99,preprocessed_using.tensorflow,input_select.0,queue_length.4,task.bert-question-answering,threads_per_queue.4,power.workload\'}}" && cat `ck find program:packed-bert-qaic-loadgen`/tmp/mlperf_log_summary.txt && mkdir -p "$CK_MLPERF_POWER_CLIENT_LOADGEN_LOGS" && cp "$CK_MLPERF_POWER_CLIENT_LOADGEN_LOGS"/../mlperf_log_* "$CK_MLPERF_POWER_CLIENT_LOADGEN_LOGS"/'
client 2022-02-18 09:34:12,923 [INFO] Sending command to the server: 'session,2022-02-18_09-05-04,stop,testing'
client 2022-02-18 09:34:23,073 [INFO] Got response: 'OK'
client 2022-02-18 09:34:23,097 [INFO] Copying loadgen logs from '/home/krai/CK/ck-qaic/program/packed-bert-qaic-loadgen/tmp/loadgen_logs' to '/home/krai/CK/ck-mlperf/program/mlperf-power-client/tmp/2022-02-18_09-05-04/run_1'
client 2022-02-18 09:34:23,102 [INFO] Done runs
