ptd-server 2022-02-18 09:05:04,992 [INFO] Got command from the client 'time'
ptd-server 2022-02-18 09:05:04,992 [INFO] Sending reply to client '1645175104.9927793'
ptd-server 2022-02-18 09:05:04,995 [INFO] Got command from the client 'new,,b34caa1e-439a-496b-8b2c-d2fdda8057a4'
ptd-server 2022-02-18 09:05:04,996 [INFO] Sending reply to client 'OK 2022-02-18_09-05-04,3224a7cc-4683-4b96-a79b-ef8f1658d7e4'
ptd-server 2022-02-18 09:05:05,053 [INFO] Got command from the client 'time'
ptd-server 2022-02-18 09:05:05,053 [INFO] Sending reply to client '1645175105.053522'
ptd-server 2022-02-18 09:05:05,056 [INFO] Got command from the client 'session,2022-02-18_09-05-04,start,ranging'
ptd-server 2022-02-18 09:05:05,056 [INFO] Running PTDaemon: ['/home/anton/projects/mlperf/power/inference_v1.0/ptd-linux-x86', '-l', '/tmp/tmpgldyt7rr/ptd_logfile.txt', '-p', '8888', '49', '/dev/usbtmc0']
ptd-server 2022-02-18 09:05:22,230 [INFO] Sending to ptd: 'Hello'
ptd-server 2022-02-18 09:05:22,231 [INFO] Reply from ptd: 'Hello, PTDaemon here!'
ptd-server 2022-02-18 09:05:22,231 [INFO] Sending to ptd: 'Identify'
ptd-server 2022-02-18 09:05:22,231 [INFO] Reply from ptd: 'YokogawaWT310E,1000,1,1,1,1,0,1,1,version=1.9.2-e8c7a49a-20201208,OS=Linux 5.13.0-28-generic #31~20.04.1-Ubuntu SMP Wed Jan 19 14:08:10 UTC 2022 x86_64,mode=power,1,1,1,0,0,no_cal_date,YOKOGAWA;WT310E;C3XA04010E;F1.04'
ptd-server 2022-02-18 09:05:22,231 [INFO] Connected to PTDaemon
ptd-server 2022-02-18 09:05:22,232 [INFO] Sending to ptd: 'RR'
ptd-server 2022-02-18 09:05:22,232 [INFO] Reply from ptd: 'Ranges,0,0.500000,0,300.000000'
ptd-server 2022-02-18 09:05:22,232 [INFO] Initial range for Amps is 0.500000 for Volts is 300.000000
ptd-server 2022-02-18 09:05:22,232 [INFO] Sending to ptd: 'SR,V,Auto'
ptd-server 2022-02-18 09:05:22,735 [INFO] Reply from ptd: 'Range V changed'
ptd-server 2022-02-18 09:05:22,735 [INFO] Sending to ptd: 'SR,A,Auto'
ptd-server 2022-02-18 09:05:23,237 [INFO] Reply from ptd: 'Range A changed'
ptd-server 2022-02-18 09:05:33,247 [INFO] Starting ranging mode
ptd-server 2022-02-18 09:05:33,248 [INFO] Sending to ptd: 'Go,1000,0,2022-02-18_09-05-04_ranging'
ptd-server 2022-02-18 09:05:33,248 [INFO] Reply from ptd: 'Starting untimed measurement, maximum 500000 samples at 1000ms with 0 rampup samples'
ptd-server 2022-02-18 09:05:33,248 [INFO] Sending reply to client 'OK'
ptd-server 2022-02-18 09:19:41,550 [INFO] Got command from the client 'session,2022-02-18_09-05-04,stop,ranging'
ptd-server 2022-02-18 09:19:51,561 [INFO] Sending to ptd: 'Stop'
ptd-server 2022-02-18 09:19:51,561 [INFO] Reply from ptd: 'Stopping untimed measurement'
ptd-server 2022-02-18 09:19:51,806 [INFO] Sending reply to client 'OK'
ptd-server 2022-02-18 09:19:51,958 [INFO] Got command from the client 'time'
ptd-server 2022-02-18 09:19:51,958 [INFO] Sending reply to client '1645175991.958573'
ptd-server 2022-02-18 09:19:51,963 [INFO] Got command from the client 'session,2022-02-18_09-05-04,start,testing'
ptd-server 2022-02-18 09:19:51,963 [INFO] Sending to ptd: 'SR,V,249.170000'
ptd-server 2022-02-18 09:19:53,749 [INFO] Reply from ptd: 'Range V changed'
ptd-server 2022-02-18 09:19:53,749 [INFO] Sending to ptd: 'SR,A,0.295250'
ptd-server 2022-02-18 09:19:55,251 [INFO] Reply from ptd: 'Range A changed'
ptd-server 2022-02-18 09:20:05,261 [INFO] Starting testing mode
ptd-server 2022-02-18 09:20:05,261 [INFO] Sending to ptd: 'Go,1000,0,2022-02-18_09-05-04_testing'
ptd-server 2022-02-18 09:20:05,261 [INFO] Reply from ptd: 'Starting untimed measurement, maximum 500000 samples at 1000ms with 0 rampup samples'
ptd-server 2022-02-18 09:20:05,262 [INFO] Sending reply to client 'OK'
ptd-server 2022-02-18 09:34:12,926 [INFO] Got command from the client 'session,2022-02-18_09-05-04,stop,testing'
ptd-server 2022-02-18 09:34:22,936 [INFO] Sending to ptd: 'Stop'
ptd-server 2022-02-18 09:34:22,937 [INFO] Reply from ptd: 'Stopping untimed measurement'
ptd-server 2022-02-18 09:34:23,071 [INFO] Sending reply to client 'OK'
ptd-server 2022-02-18 09:34:23,111 [INFO] Got command from the client 'session,2022-02-18_09-05-04,done'
ptd-server 2022-02-18 09:34:23,111 [INFO] Sending to ptd: 'Stop'
ptd-server 2022-02-18 09:34:23,262 [INFO] Reply from ptd: 'Error: no measurement to stop'
ptd-server 2022-02-18 09:34:23,262 [INFO] Sending to ptd: 'SR,V,300.000000'
ptd-server 2022-02-18 09:34:24,763 [INFO] Reply from ptd: 'Range V changed'
ptd-server 2022-02-18 09:34:24,763 [INFO] Sending to ptd: 'SR,A,0.500000'
ptd-server 2022-02-18 09:34:26,265 [INFO] Reply from ptd: 'Range A changed'
ptd-server 2022-02-18 09:34:26,265 [INFO] Set initial values for Amps 0.500000 and Volts 300.000000
ptd-server 2022-02-18 09:34:26,265 [INFO] Stopping ptd...
