ptd-server 2022-02-16 07:00:15,704 [INFO] Got command from the client 'stop'
ptd-server 2022-02-16 07:00:15,704 [INFO] The server will be stopped after processing this client
ptd-server 2022-02-16 07:00:15,704 [INFO] Sending reply to client 'OK'
ptd-server 2022-02-16 07:00:15,916 [INFO] Got command from the client 'time'
ptd-server 2022-02-16 07:00:15,916 [INFO] Sending reply to client '1645023615.9164417'
ptd-server 2022-02-16 07:00:15,916 [INFO] Got command from the client 'new,,5a73efcb-c9c3-45c2-9d9b-bd945bafb02d'
ptd-server 2022-02-16 07:00:15,916 [INFO] Sending reply to client 'OK 2022-02-16_07-00-15,910f8728-2577-425a-9f95-3af3881b8228'
ptd-server 2022-02-16 07:00:16,126 [INFO] Got command from the client 'time'
ptd-server 2022-02-16 07:00:16,126 [INFO] Sending reply to client '1645023616.1268072'
ptd-server 2022-02-16 07:00:16,126 [INFO] Got command from the client 'session,2022-02-16_07-00-15,start,ranging'
ptd-server 2022-02-16 07:00:16,236 [INFO] Running PTDaemon: ['C:\\PTD\\ptd-windows-x86.exe', '-l', 'C:\\Users\\lab\\AppData\\Local\\Temp\\tmp215tz9zs\\ptd_logfile.txt', '-p', '8888', '-c', '1,3', '-y', '77', '10.34.232.250']
ptd-server 2022-02-16 07:00:35,375 [INFO] Sending to ptd: 'Hello'
ptd-server 2022-02-16 07:00:35,375 [INFO] Reply from ptd: 'Hello, PTDaemon here!'
ptd-server 2022-02-16 07:00:35,375 [INFO] Sending to ptd: 'Identify'
ptd-server 2022-02-16 07:00:35,375 [INFO] Reply from ptd: 'YokogawaWT330_multichannel,1000,1,1,1,1,0,0,1,version=1.9.2-3976349f-20201208,OS=Windows 8 / Server 2012,mode=power,1,1,2,0,0,no_cal_date,YOKOGAWA;WT333E;C2WA21018V;F1.04'
ptd-server 2022-02-16 07:00:35,375 [INFO] Connected to PTDaemon
ptd-server 2022-02-16 07:00:35,375 [INFO] Sending to ptd: 'RR'
ptd-server 2022-02-16 07:00:35,375 [INFO] Reply from ptd: 'Ranges,0,20.000000,1,300.000000'
ptd-server 2022-02-16 07:00:35,375 [INFO] Initial range for Amps is 20.000000 for Volts is Auto
ptd-server 2022-02-16 07:00:35,375 [INFO] Sending to ptd: 'SR,V,Auto'
ptd-server 2022-02-16 07:00:40,453 [INFO] Reply from ptd: 'Range V changed'
ptd-server 2022-02-16 07:00:40,453 [INFO] Sending to ptd: 'SR,A,Auto'
ptd-server 2022-02-16 07:00:45,532 [INFO] Reply from ptd: 'Range A changed'
ptd-server 2022-02-16 07:00:55,544 [INFO] Starting ranging mode
ptd-server 2022-02-16 07:00:55,544 [INFO] Sending to ptd: 'Go,1000,0,2022-02-16_07-00-15_ranging'
ptd-server 2022-02-16 07:00:55,544 [INFO] Reply from ptd: 'Starting untimed measurement, maximum 500000 samples at 1000ms with 0 rampup samples'
ptd-server 2022-02-16 07:00:55,544 [INFO] Sending reply to client 'OK'
ptd-server 2022-02-16 07:15:21,463 [INFO] Got command from the client 'session,2022-02-16_07-00-15,stop,ranging'
ptd-server 2022-02-16 07:15:31,479 [INFO] Sending to ptd: 'Stop'
ptd-server 2022-02-16 07:15:31,479 [INFO] Reply from ptd: 'Stopping untimed measurement'
ptd-server 2022-02-16 07:15:31,510 [INFO] Sending reply to client 'OK'
ptd-server 2022-02-16 07:15:31,745 [INFO] Got command from the client 'time'
ptd-server 2022-02-16 07:15:31,745 [INFO] Sending reply to client '1645024531.7452698'
ptd-server 2022-02-16 07:15:31,745 [INFO] Got command from the client 'session,2022-02-16_07-00-15,start,testing'
ptd-server 2022-02-16 07:15:31,745 [INFO] Sending to ptd: 'SR,V,209.060000'
ptd-server 2022-02-16 07:15:37,838 [INFO] Reply from ptd: 'Range V changed'
ptd-server 2022-02-16 07:15:37,838 [INFO] Sending to ptd: 'SR,A,5.450300'
ptd-server 2022-02-16 07:15:43,424 [INFO] Reply from ptd: 'Range A changed'
ptd-server 2022-02-16 07:15:53,433 [INFO] Starting testing mode
ptd-server 2022-02-16 07:15:53,433 [INFO] Sending to ptd: 'Go,1000,0,2022-02-16_07-00-15_testing'
ptd-server 2022-02-16 07:15:53,433 [INFO] Reply from ptd: 'Starting untimed measurement, maximum 500000 samples at 1000ms with 0 rampup samples'
ptd-server 2022-02-16 07:15:53,433 [INFO] Sending reply to client 'OK'
ptd-server 2022-02-16 07:30:15,382 [INFO] Got command from the client 'session,2022-02-16_07-00-15,stop,testing'
ptd-server 2022-02-16 07:30:25,401 [INFO] Sending to ptd: 'Stop'
ptd-server 2022-02-16 07:30:25,401 [INFO] Reply from ptd: 'Stopping untimed measurement'
ptd-server 2022-02-16 07:30:25,417 [INFO] Sending reply to client 'OK'
ptd-server 2022-02-16 07:30:25,448 [INFO] Got command from the client 'session,2022-02-16_07-00-15,done'
ptd-server 2022-02-16 07:30:25,448 [INFO] Sending to ptd: 'Stop'
ptd-server 2022-02-16 07:30:25,448 [INFO] Reply from ptd: 'Error: no measurement to stop'
ptd-server 2022-02-16 07:30:25,448 [INFO] Sending to ptd: 'SR,V,Auto'
ptd-server 2022-02-16 07:30:30,534 [INFO] Reply from ptd: 'Range V changed'
ptd-server 2022-02-16 07:30:30,534 [INFO] Sending to ptd: 'SR,A,20.000000'
ptd-server 2022-02-16 07:30:36,120 [INFO] Reply from ptd: 'Range A changed'
ptd-server 2022-02-16 07:30:36,120 [INFO] Set initial values for Amps 20.000000 and Volts Auto
ptd-server 2022-02-16 07:30:36,120 [INFO] Stopping ptd...
