ptd-server 2022-02-23 05:03:05,651 [INFO] Got command from the client 'time'
ptd-server 2022-02-23 05:03:05,651 [INFO] Sending reply to client '1645592585.651368'
ptd-server 2022-02-23 05:03:05,653 [INFO] Got command from the client 'new,,c27f5029-aa7e-4dba-8cd9-f0e5ed54a653'
ptd-server 2022-02-23 05:03:05,653 [INFO] Sending reply to client 'OK 2022-02-23_05-03-05,e0ceddfe-518c-4faa-8288-64730fac8b6e'
ptd-server 2022-02-23 05:03:05,686 [INFO] Got command from the client 'time'
ptd-server 2022-02-23 05:03:05,686 [INFO] Sending reply to client '1645592585.6861823'
ptd-server 2022-02-23 05:03:05,687 [INFO] Got command from the client 'session,2022-02-23_05-03-05,start,ranging'
ptd-server 2022-02-23 05:03:05,688 [INFO] Running PTDaemon: ['/home/anton/projects/mlperf/power/inference_v1.0/ptd-linux-x86', '-l', '/tmp/tmpgldyt7rr/ptd_logfile.txt', '-p', '8888', '49', '/dev/usbtmc0']
ptd-server 2022-02-23 05:03:22,860 [INFO] Sending to ptd: 'Hello'
ptd-server 2022-02-23 05:03:22,861 [INFO] Reply from ptd: 'Hello, PTDaemon here!'
ptd-server 2022-02-23 05:03:22,861 [INFO] Sending to ptd: 'Identify'
ptd-server 2022-02-23 05:03:22,861 [INFO] Reply from ptd: 'YokogawaWT310E,1000,1,1,1,1,0,1,1,version=1.9.2-e8c7a49a-20201208,OS=Linux 5.13.0-28-generic #31~20.04.1-Ubuntu SMP Wed Jan 19 14:08:10 UTC 2022 x86_64,mode=power,1,1,1,0,0,no_cal_date,YOKOGAWA;WT310E;C3XA04010E;F1.04'
ptd-server 2022-02-23 05:03:22,861 [INFO] Connected to PTDaemon
ptd-server 2022-02-23 05:03:22,861 [INFO] Sending to ptd: 'RR'
ptd-server 2022-02-23 05:03:22,862 [INFO] Reply from ptd: 'Ranges,0,0.500000,0,300.000000'
ptd-server 2022-02-23 05:03:22,862 [INFO] Initial range for Amps is 0.500000 for Volts is 300.000000
ptd-server 2022-02-23 05:03:22,862 [INFO] Sending to ptd: 'SR,V,Auto'
ptd-server 2022-02-23 05:03:23,364 [INFO] Reply from ptd: 'Range V changed'
ptd-server 2022-02-23 05:03:23,365 [INFO] Sending to ptd: 'SR,A,Auto'
ptd-server 2022-02-23 05:03:23,867 [INFO] Reply from ptd: 'Range A changed'
ptd-server 2022-02-23 05:03:33,877 [INFO] Starting ranging mode
ptd-server 2022-02-23 05:03:33,878 [INFO] Sending to ptd: 'Go,1000,0,2022-02-23_05-03-05_ranging'
ptd-server 2022-02-23 05:03:33,878 [INFO] Reply from ptd: 'Starting untimed measurement, maximum 500000 samples at 1000ms with 0 rampup samples'
ptd-server 2022-02-23 05:03:33,878 [INFO] Sending reply to client 'OK'
ptd-server 2022-02-23 05:14:04,106 [INFO] Got command from the client 'session,2022-02-23_05-03-05,stop,ranging'
ptd-server 2022-02-23 05:14:14,117 [INFO] Sending to ptd: 'Stop'
ptd-server 2022-02-23 05:14:14,117 [INFO] Reply from ptd: 'Stopping untimed measurement'
ptd-server 2022-02-23 05:14:14,935 [INFO] Sending reply to client 'OK'
ptd-server 2022-02-23 05:14:15,001 [INFO] Got command from the client 'time'
ptd-server 2022-02-23 05:14:15,001 [INFO] Sending reply to client '1645593255.001888'
ptd-server 2022-02-23 05:14:15,003 [INFO] Got command from the client 'session,2022-02-23_05-03-05,start,testing'
ptd-server 2022-02-23 05:14:15,003 [INFO] Sending to ptd: 'SR,V,249.470000'
ptd-server 2022-02-23 05:14:16,505 [INFO] Reply from ptd: 'Range V changed'
ptd-server 2022-02-23 05:14:16,505 [INFO] Sending to ptd: 'SR,A,0.056160'
ptd-server 2022-02-23 05:14:18,006 [INFO] Reply from ptd: 'Range A changed'
ptd-server 2022-02-23 05:14:28,017 [INFO] Starting testing mode
ptd-server 2022-02-23 05:14:28,017 [INFO] Sending to ptd: 'Go,1000,0,2022-02-23_05-03-05_testing'
ptd-server 2022-02-23 05:14:28,017 [INFO] Reply from ptd: 'Starting untimed measurement, maximum 500000 samples at 1000ms with 0 rampup samples'
ptd-server 2022-02-23 05:14:28,017 [INFO] Sending reply to client 'OK'
ptd-server 2022-02-23 05:24:58,352 [INFO] Got command from the client 'session,2022-02-23_05-03-05,stop,testing'
ptd-server 2022-02-23 05:25:08,362 [INFO] Sending to ptd: 'Stop'
ptd-server 2022-02-23 05:25:08,363 [INFO] Reply from ptd: 'Stopping untimed measurement'
ptd-server 2022-02-23 05:25:08,779 [INFO] Sending reply to client 'OK'
ptd-server 2022-02-23 05:25:08,791 [INFO] Got command from the client 'session,2022-02-23_05-03-05,done'
ptd-server 2022-02-23 05:25:08,791 [INFO] Sending to ptd: 'Stop'
ptd-server 2022-02-23 05:25:09,017 [INFO] Reply from ptd: 'Error: no measurement to stop'
ptd-server 2022-02-23 05:25:09,017 [INFO] Sending to ptd: 'SR,V,300.000000'
ptd-server 2022-02-23 05:25:10,519 [INFO] Reply from ptd: 'Range V changed'
ptd-server 2022-02-23 05:25:10,519 [INFO] Sending to ptd: 'SR,A,0.500000'
ptd-server 2022-02-23 05:25:12,020 [INFO] Reply from ptd: 'Range A changed'
ptd-server 2022-02-23 05:25:12,020 [INFO] Set initial values for Amps 0.500000 and Volts 300.000000
ptd-server 2022-02-23 05:25:12,021 [INFO] Stopping ptd...
