ptd-server 2022-02-22 02:34:55,967 [INFO] Got command from the client 'time'
ptd-server 2022-02-22 02:34:55,967 [INFO] Sending reply to client '1645497295.9678695'
ptd-server 2022-02-22 02:34:55,969 [INFO] Got command from the client 'new,,86fd42d2-781c-4bfc-9a4c-e0bcdd4ace2e'
ptd-server 2022-02-22 02:34:55,970 [INFO] Sending reply to client 'OK 2022-02-22_02-34-55,4e7eb1b2-14f0-43c4-974c-61eba1688aa9'
ptd-server 2022-02-22 02:34:56,007 [INFO] Got command from the client 'time'
ptd-server 2022-02-22 02:34:56,007 [INFO] Sending reply to client '1645497296.0079217'
ptd-server 2022-02-22 02:34:56,009 [INFO] Got command from the client 'session,2022-02-22_02-34-55,start,ranging'
ptd-server 2022-02-22 02:34:56,010 [INFO] Running PTDaemon: ['/home/anton/projects/mlperf/power/inference_v1.0/ptd-linux-x86', '-l', '/tmp/tmpgldyt7rr/ptd_logfile.txt', '-p', '8888', '49', '/dev/usbtmc0']
ptd-server 2022-02-22 02:35:13,182 [INFO] Sending to ptd: 'Hello'
ptd-server 2022-02-22 02:35:13,183 [INFO] Reply from ptd: 'Hello, PTDaemon here!'
ptd-server 2022-02-22 02:35:13,183 [INFO] Sending to ptd: 'Identify'
ptd-server 2022-02-22 02:35:13,183 [INFO] Reply from ptd: 'YokogawaWT310E,1000,1,1,1,1,0,1,1,version=1.9.2-e8c7a49a-20201208,OS=Linux 5.13.0-28-generic #31~20.04.1-Ubuntu SMP Wed Jan 19 14:08:10 UTC 2022 x86_64,mode=power,1,1,1,0,0,no_cal_date,YOKOGAWA;WT310E;C3XA04010E;F1.04'
ptd-server 2022-02-22 02:35:13,183 [INFO] Connected to PTDaemon
ptd-server 2022-02-22 02:35:13,183 [INFO] Sending to ptd: 'RR'
ptd-server 2022-02-22 02:35:13,184 [INFO] Reply from ptd: 'Ranges,0,0.500000,0,300.000000'
ptd-server 2022-02-22 02:35:13,184 [INFO] Initial range for Amps is 0.500000 for Volts is 300.000000
ptd-server 2022-02-22 02:35:13,184 [INFO] Sending to ptd: 'SR,V,Auto'
ptd-server 2022-02-22 02:35:13,686 [INFO] Reply from ptd: 'Range V changed'
ptd-server 2022-02-22 02:35:13,687 [INFO] Sending to ptd: 'SR,A,Auto'
ptd-server 2022-02-22 02:35:14,189 [INFO] Reply from ptd: 'Range A changed'
ptd-server 2022-02-22 02:35:24,200 [INFO] Starting ranging mode
ptd-server 2022-02-22 02:35:24,200 [INFO] Sending to ptd: 'Go,1000,0,2022-02-22_02-34-55_ranging'
ptd-server 2022-02-22 02:35:24,200 [INFO] Reply from ptd: 'Starting untimed measurement, maximum 500000 samples at 1000ms with 0 rampup samples'
ptd-server 2022-02-22 02:35:24,200 [INFO] Sending reply to client 'OK'
ptd-server 2022-02-22 02:45:56,163 [INFO] Got command from the client 'session,2022-02-22_02-34-55,stop,ranging'
ptd-server 2022-02-22 02:46:06,174 [INFO] Sending to ptd: 'Stop'
ptd-server 2022-02-22 02:46:06,174 [INFO] Reply from ptd: 'Stopping untimed measurement'
ptd-server 2022-02-22 02:46:06,848 [INFO] Sending reply to client 'OK'
ptd-server 2022-02-22 02:46:06,905 [INFO] Got command from the client 'time'
ptd-server 2022-02-22 02:46:06,905 [INFO] Sending reply to client '1645497966.9058094'
ptd-server 2022-02-22 02:46:06,907 [INFO] Got command from the client 'session,2022-02-22_02-34-55,start,testing'
ptd-server 2022-02-22 02:46:06,907 [INFO] Sending to ptd: 'SR,V,251.380000'
ptd-server 2022-02-22 02:46:08,408 [INFO] Reply from ptd: 'Range V changed'
ptd-server 2022-02-22 02:46:08,408 [INFO] Sending to ptd: 'SR,A,0.053080'
ptd-server 2022-02-22 02:46:09,910 [INFO] Reply from ptd: 'Range A changed'
ptd-server 2022-02-22 02:46:19,920 [INFO] Starting testing mode
ptd-server 2022-02-22 02:46:19,920 [INFO] Sending to ptd: 'Go,1000,0,2022-02-22_02-34-55_testing'
ptd-server 2022-02-22 02:46:19,921 [INFO] Reply from ptd: 'Starting untimed measurement, maximum 500000 samples at 1000ms with 0 rampup samples'
ptd-server 2022-02-22 02:46:19,921 [INFO] Sending reply to client 'OK'
ptd-server 2022-02-22 02:56:49,272 [INFO] Got command from the client 'session,2022-02-22_02-34-55,stop,testing'
ptd-server 2022-02-22 02:56:59,282 [INFO] Sending to ptd: 'Stop'
ptd-server 2022-02-22 02:56:59,283 [INFO] Reply from ptd: 'Stopping untimed measurement'
ptd-server 2022-02-22 02:56:59,635 [INFO] Sending reply to client 'OK'
ptd-server 2022-02-22 02:56:59,654 [INFO] Got command from the client 'session,2022-02-22_02-34-55,done'
ptd-server 2022-02-22 02:56:59,655 [INFO] Sending to ptd: 'Stop'
ptd-server 2022-02-22 02:56:59,921 [INFO] Reply from ptd: 'Error: no measurement to stop'
ptd-server 2022-02-22 02:56:59,921 [INFO] Sending to ptd: 'SR,V,300.000000'
ptd-server 2022-02-22 02:57:01,423 [INFO] Reply from ptd: 'Range V changed'
ptd-server 2022-02-22 02:57:01,423 [INFO] Sending to ptd: 'SR,A,0.500000'
ptd-server 2022-02-22 02:57:02,924 [INFO] Reply from ptd: 'Range A changed'
ptd-server 2022-02-22 02:57:02,925 [INFO] Set initial values for Amps 0.500000 and Volts 300.000000
ptd-server 2022-02-22 02:57:02,925 [INFO] Stopping ptd...
