ptd-server 2022-02-24 06:48:46,511 [INFO] Got command from the client 'time'
ptd-server 2022-02-24 06:48:46,511 [INFO] Sending reply to client '1645685326.5114202'
ptd-server 2022-02-24 06:48:46,513 [INFO] Got command from the client 'new,,06feaf90-b18b-4b34-993b-5a49974940ba'
ptd-server 2022-02-24 06:48:46,514 [INFO] Sending reply to client 'OK 2022-02-24_06-48-46,c461e143-f789-4dc6-9a4e-d361011c578c'
ptd-server 2022-02-24 06:48:46,551 [INFO] Got command from the client 'time'
ptd-server 2022-02-24 06:48:46,551 [INFO] Sending reply to client '1645685326.5514138'
ptd-server 2022-02-24 06:48:46,553 [INFO] Got command from the client 'session,2022-02-24_06-48-46,start,ranging'
ptd-server 2022-02-24 06:48:46,553 [INFO] Running PTDaemon: ['/home/anton/projects/mlperf/power/inference_v1.0/ptd-linux-x86', '-l', '/tmp/tmp0_fn53vp/ptd_logfile.txt', '-p', '8888', '49', '/dev/usbtmc0']
ptd-server 2022-02-24 06:49:03,726 [INFO] Sending to ptd: 'Hello'
ptd-server 2022-02-24 06:49:03,727 [INFO] Reply from ptd: 'Hello, PTDaemon here!'
ptd-server 2022-02-24 06:49:03,727 [INFO] Sending to ptd: 'Identify'
ptd-server 2022-02-24 06:49:03,727 [INFO] Reply from ptd: 'YokogawaWT310E,1000,1,1,1,1,0,1,1,version=1.9.2-e8c7a49a-20201208,OS=Linux 5.13.0-30-generic #33~20.04.1-Ubuntu SMP Mon Feb 7 14:25:10 UTC 2022 x86_64,mode=power,1,1,1,0,0,no_cal_date,YOKOGAWA;WT310E;C3XA04010E;F1.04'
ptd-server 2022-02-24 06:49:03,727 [INFO] Connected to PTDaemon
ptd-server 2022-02-24 06:49:03,727 [INFO] Sending to ptd: 'RR'
ptd-server 2022-02-24 06:49:03,728 [INFO] Reply from ptd: 'Ranges,0,0.500000,1,300.000000'
ptd-server 2022-02-24 06:49:03,728 [INFO] Initial range for Amps is 0.500000 for Volts is Auto
ptd-server 2022-02-24 06:49:03,728 [INFO] Sending to ptd: 'SR,V,Auto'
ptd-server 2022-02-24 06:49:04,230 [INFO] Reply from ptd: 'Range V changed'
ptd-server 2022-02-24 06:49:04,231 [INFO] Sending to ptd: 'SR,A,Auto'
ptd-server 2022-02-24 06:49:04,733 [INFO] Reply from ptd: 'Range A changed'
ptd-server 2022-02-24 06:49:14,743 [INFO] Starting ranging mode
ptd-server 2022-02-24 06:49:14,743 [INFO] Sending to ptd: 'Go,1000,0,2022-02-24_06-48-46_ranging'
ptd-server 2022-02-24 06:49:14,744 [INFO] Reply from ptd: 'Starting untimed measurement, maximum 500000 samples at 1000ms with 0 rampup samples'
ptd-server 2022-02-24 06:49:14,744 [INFO] Sending reply to client 'OK'
ptd-server 2022-02-24 06:59:37,997 [INFO] Got command from the client 'session,2022-02-24_06-48-46,stop,ranging'
ptd-server 2022-02-24 06:59:48,007 [INFO] Sending to ptd: 'Stop'
ptd-server 2022-02-24 06:59:48,008 [INFO] Reply from ptd: 'Stopping untimed measurement'
ptd-server 2022-02-24 06:59:48,086 [INFO] Sending reply to client 'OK'
ptd-server 2022-02-24 06:59:48,148 [INFO] Got command from the client 'time'
ptd-server 2022-02-24 06:59:48,148 [INFO] Sending reply to client '1645685988.1489193'
ptd-server 2022-02-24 06:59:48,150 [INFO] Got command from the client 'session,2022-02-24_06-48-46,start,testing'
ptd-server 2022-02-24 06:59:48,150 [INFO] Sending to ptd: 'SR,V,249.840000'
ptd-server 2022-02-24 06:59:50,245 [INFO] Reply from ptd: 'Range V changed'
ptd-server 2022-02-24 06:59:50,246 [INFO] Sending to ptd: 'SR,A,0.049680'
ptd-server 2022-02-24 06:59:51,747 [INFO] Reply from ptd: 'Range A changed'
ptd-server 2022-02-24 07:00:01,757 [INFO] Starting testing mode
ptd-server 2022-02-24 07:00:01,757 [INFO] Sending to ptd: 'Go,1000,0,2022-02-24_06-48-46_testing'
ptd-server 2022-02-24 07:00:01,758 [INFO] Reply from ptd: 'Starting untimed measurement, maximum 500000 samples at 1000ms with 0 rampup samples'
ptd-server 2022-02-24 07:00:01,758 [INFO] Sending reply to client 'OK'
ptd-server 2022-02-24 07:10:24,614 [INFO] Got command from the client 'session,2022-02-24_06-48-46,stop,testing'
ptd-server 2022-02-24 07:10:34,624 [INFO] Sending to ptd: 'Stop'
ptd-server 2022-02-24 07:10:34,625 [INFO] Reply from ptd: 'Stopping untimed measurement'
ptd-server 2022-02-24 07:10:34,665 [INFO] Sending reply to client 'OK'
ptd-server 2022-02-24 07:10:34,688 [INFO] Got command from the client 'session,2022-02-24_06-48-46,done'
ptd-server 2022-02-24 07:10:34,688 [INFO] Sending to ptd: 'Stop'
ptd-server 2022-02-24 07:10:34,758 [INFO] Reply from ptd: 'Error: no measurement to stop'
ptd-server 2022-02-24 07:10:34,759 [INFO] Sending to ptd: 'SR,V,Auto'
ptd-server 2022-02-24 07:10:35,261 [INFO] Reply from ptd: 'Range V changed'
ptd-server 2022-02-24 07:10:35,261 [INFO] Sending to ptd: 'SR,A,0.500000'
ptd-server 2022-02-24 07:10:36,763 [INFO] Reply from ptd: 'Range A changed'
ptd-server 2022-02-24 07:10:36,763 [INFO] Set initial values for Amps 0.500000 and Volts Auto
ptd-server 2022-02-24 07:10:36,763 [INFO] Stopping ptd...
