client 2022-02-20 04:26:53,852 [WARNING] Removing loadgen logs directory '/home/katya/CK/ck-mlperf/program/image-classification-tflite-loadgen/tmp/loadgen_logs'
client 2022-02-20 04:26:53,853 [INFO] Sending command to the server: 'mlcommons/power client v3'
client 2022-02-20 04:26:53,854 [INFO] Got response: 'mlcommons/power server v3'
client 2022-02-20 04:26:53,855 [INFO] Synchronizing with the server and with time.google.com...
client 2022-02-20 04:26:53,895 [INFO] NTP:offset = 0.002 s, delay = 0.034 s 
client 2022-02-20 04:26:53,895 [INFO] Sending command to the server: 'time'
client 2022-02-20 04:26:53,896 [INFO] Got response: '1645331213.8989363'
client 2022-02-20 04:26:53,897 [INFO] The time difference between the client and the server is within range -3.428 ms..-1.869 ms
client 2022-02-20 04:26:53,897 [INFO] Sending command to the server: 'new,,8ad93c45-b78e-4f27-adc6-08eecaabc2f7'
client 2022-02-20 04:26:53,898 [INFO] Got response: 'OK 2022-02-20_04-26-53,dd02eca0-f666-41b5-9ff3-c7ba30d74eae'
client 2022-02-20 04:26:53,899 [INFO] Session id is '2022-02-20_04-26-53'
client 2022-02-20 04:26:53,899 [INFO] Sources: {"sources": {"__init__.py": "da39a3ee5e6b4b0d3255bfef95601890afd80709", "client.py": "33ca4f26368777ac06e01f9567b714a4b8063886", "lib/__init__.py": "da39a3ee5e6b4b0d3255bfef95601890afd80709", "lib/client.py": "4c2b78fb4849a7e5b584ef792d82aaed20b17f57", "lib/common.py": "624d0c0acc7c39aaff3674f0b99d6a09da53d1dc", "lib/external/__init__.py": "da39a3ee5e6b4b0d3255bfef95601890afd80709", "lib/external/ntplib.py": "4da8f970656505a40483206ef2b5d3dd5e81711d", "lib/server.py": "59c9fb92908260d3e9f81a895c7aa009742275e4", "lib/source_hashes.py": "60a2e02193209e8d392803326208d5466342da18", "lib/summary.py": "aa92f0a3f975eecd44d3c0cd0236342ccc9f941d", "lib/time_sync.py": "3210db56eb0ff0df57bf4293dc4d4b03fffd46f1", "server.py": "c3f90f2f7eeb4db30727556d0c815ebc89b3d28b", "tests/unit/__init__.py": "da39a3ee5e6b4b0d3255bfef95601890afd80709", "tests/unit/test_server.py": "99ae15aef722f2000ee6ed1ae1523637bf1ae42b", "tests/unit/test_source_hashes.py": "00468a2907583c593e6574a1f6b404e4651c221a"}, "modules": {"ptd_client_server.lib.client": "lib/client.py", "ptd_client_server.lib.common": "lib/common.py", "ptd_client_server.lib.external.ntplib": "lib/external/ntplib.py", "ptd_client_server.lib.source_hashes": "lib/source_hashes.py", "ptd_client_server.lib.summary": "lib/summary.py", "ptd_client_server.lib.time_sync": "lib/time_sync.py"}}
client 2022-02-20 04:26:53,899 [INFO] Running workload in ranging mode
client 2022-02-20 04:26:53,899 [INFO] Synchronizing with the server and with time.google.com...
client 2022-02-20 04:26:53,935 [INFO] NTP:offset = 0.001 s, delay = 0.033 s 
client 2022-02-20 04:26:53,935 [INFO] Sending command to the server: 'time'
client 2022-02-20 04:26:53,936 [INFO] Got response: '1645331213.9387429'
client 2022-02-20 04:26:53,936 [INFO] The time difference between the client and the server is within range -3.383 ms..-1.892 ms
client 2022-02-20 04:26:53,937 [INFO] Sending command to the server: 'session,2022-02-20_04-26-53,start,ranging'
client 2022-02-20 04:27:22,130 [INFO] Got response: 'OK'
client 2022-02-20 04:27:22,130 [INFO] Running the workload 'ck benchmark program:image-classification-tflite-loadgen --env.CK_SILENT_MODE=YES --skip_print_timers --dep_add_tags.compiler=gcc,v7 --dep_add_tags.python=v3 --dep_add_tags.mlperf-inference-src=r2.0 --dep_add_tags.weights=mobilenet,v2-1.0-224,quantized --dep_add_tags.images=crop.875,preprocessed,using-opencv --dep_add_tags.library=tflite,v2.7.1,with.ruy --env.CK_LOADGEN_DATASET_SIZE=1024 --env.CK_LOADGEN_MODE=PerformanceOnly --env.CK_LOADGEN_SCENARIO=SingleStream --env.CK_LOADGEN_TARGET_LATENCY=$CK_LOADGEN_TARGET_LATENCY --skip_stat_analysis --process_multi_keys --repetitions=1 --record --record_repo=local --record_uoa=mlperf_v2.0-open-odroid-tflite-v2.7.1-ruy-mobilenet-v2-1.0-224-quantized-singlestream-performance-target_latency.$CK_LOADGEN_TARGET_LATENCY-power.workload --tags=mlperf,round.v2.0,division.open,task.image-classification,platform.odroid,scenario.singlestream,mode.performance,workload.mobilenet-v2-1.0-224-quantized,preprocessed_using.opencv,inference_engine.tflite,inference_engine_version.v2.7.1,inference_engine_backend.ruy,target_latency.$CK_LOADGEN_TARGET_LATENCY,power.workload "@@@{\'meta\': {\'ck_benchmark_program\': \'ck benchmark program:image-classification-tflite-loadgen --env.CK_SILENT_MODE=YES --skip_print_timers --dep_add_tags.compiler=gcc,v7 --dep_add_tags.python=v3 --dep_add_tags.mlperf-inference-src=r2.0 --dep_add_tags.weights=mobilenet,v2-1.0-224,quantized --dep_add_tags.images=crop.875,preprocessed,using-opencv --dep_add_tags.library=tflite,v2.7.1,with.ruy --env.CK_LOADGEN_DATASET_SIZE=1024 --env.CK_LOADGEN_MODE=PerformanceOnly --env.CK_LOADGEN_SCENARIO=SingleStream --env.CK_LOADGEN_TARGET_LATENCY=$CK_LOADGEN_TARGET_LATENCY --skip_stat_analysis --process_multi_keys --repetitions=1 --record --record_repo=local --record_uoa=mlperf_v2.0-open-odroid-tflite-v2.7.1-ruy-mobilenet-v2-1.0-224-quantized-singlestream-performance-target_latency.$CK_LOADGEN_TARGET_LATENCY-power.workload --tags=mlperf,round.v2.0,division.open,task.image-classification,platform.odroid,scenario.singlestream,mode.performance,workload.mobilenet-v2-1.0-224-quantized,preprocessed_using.opencv,inference_engine.tflite,inference_engine_version.v2.7.1,inference_engine_backend.ruy,target_latency.$CK_LOADGEN_TARGET_LATENCY,power.workload\'}}" && cat `ck find program:image-classification-tflite-loadgen`/tmp/mlperf_log_summary.txt && mkdir -p "$CK_MLPERF_POWER_CLIENT_LOADGEN_LOGS" && cp "$CK_MLPERF_POWER_CLIENT_LOADGEN_LOGS"/../mlperf_log_* "$CK_MLPERF_POWER_CLIENT_LOADGEN_LOGS"/'
client 2022-02-20 04:37:43,517 [INFO] Sending command to the server: 'session,2022-02-20_04-26-53,stop,ranging'
client 2022-02-20 04:37:53,959 [INFO] Got response: 'OK'
client 2022-02-20 04:37:54,005 [INFO] Copying loadgen logs from '/home/katya/CK/ck-mlperf/program/image-classification-tflite-loadgen/tmp/loadgen_logs' to '/home/katya/CK/ck-mlperf/program/mlperf-power-client/tmp/2022-02-20_04-26-53/ranging'
client 2022-02-20 04:37:54,008 [INFO] Running workload in testing mode
client 2022-02-20 04:37:54,010 [INFO] Synchronizing with the server and with time.google.com...
client 2022-02-20 04:37:54,043 [INFO] NTP:offset = 0.005 s, delay = 0.027 s 
client 2022-02-20 04:37:54,043 [INFO] Sending command to the server: 'time'
client 2022-02-20 04:37:54,046 [INFO] Got response: '1645331874.047704'
client 2022-02-20 04:37:54,047 [INFO] The time difference between the client and the server is within range -4.039 ms..-0.653 ms
client 2022-02-20 04:37:54,048 [INFO] Sending command to the server: 'session,2022-02-20_04-26-53,start,testing'
client 2022-02-20 04:38:07,144 [INFO] Got response: 'OK'
client 2022-02-20 04:38:07,145 [INFO] Running the workload 'ck benchmark program:image-classification-tflite-loadgen --env.CK_SILENT_MODE=YES --skip_print_timers --dep_add_tags.compiler=gcc,v7 --dep_add_tags.python=v3 --dep_add_tags.mlperf-inference-src=r2.0 --dep_add_tags.weights=mobilenet,v2-1.0-224,quantized --dep_add_tags.images=crop.875,preprocessed,using-opencv --dep_add_tags.library=tflite,v2.7.1,with.ruy --env.CK_LOADGEN_DATASET_SIZE=1024 --env.CK_LOADGEN_MODE=PerformanceOnly --env.CK_LOADGEN_SCENARIO=SingleStream --env.CK_LOADGEN_TARGET_LATENCY=$CK_LOADGEN_TARGET_LATENCY --skip_stat_analysis --process_multi_keys --repetitions=1 --record --record_repo=local --record_uoa=mlperf_v2.0-open-odroid-tflite-v2.7.1-ruy-mobilenet-v2-1.0-224-quantized-singlestream-performance-target_latency.$CK_LOADGEN_TARGET_LATENCY-power.workload --tags=mlperf,round.v2.0,division.open,task.image-classification,platform.odroid,scenario.singlestream,mode.performance,workload.mobilenet-v2-1.0-224-quantized,preprocessed_using.opencv,inference_engine.tflite,inference_engine_version.v2.7.1,inference_engine_backend.ruy,target_latency.$CK_LOADGEN_TARGET_LATENCY,power.workload "@@@{\'meta\': {\'ck_benchmark_program\': \'ck benchmark program:image-classification-tflite-loadgen --env.CK_SILENT_MODE=YES --skip_print_timers --dep_add_tags.compiler=gcc,v7 --dep_add_tags.python=v3 --dep_add_tags.mlperf-inference-src=r2.0 --dep_add_tags.weights=mobilenet,v2-1.0-224,quantized --dep_add_tags.images=crop.875,preprocessed,using-opencv --dep_add_tags.library=tflite,v2.7.1,with.ruy --env.CK_LOADGEN_DATASET_SIZE=1024 --env.CK_LOADGEN_MODE=PerformanceOnly --env.CK_LOADGEN_SCENARIO=SingleStream --env.CK_LOADGEN_TARGET_LATENCY=$CK_LOADGEN_TARGET_LATENCY --skip_stat_analysis --process_multi_keys --repetitions=1 --record --record_repo=local --record_uoa=mlperf_v2.0-open-odroid-tflite-v2.7.1-ruy-mobilenet-v2-1.0-224-quantized-singlestream-performance-target_latency.$CK_LOADGEN_TARGET_LATENCY-power.workload --tags=mlperf,round.v2.0,division.open,task.image-classification,platform.odroid,scenario.singlestream,mode.performance,workload.mobilenet-v2-1.0-224-quantized,preprocessed_using.opencv,inference_engine.tflite,inference_engine_version.v2.7.1,inference_engine_backend.ruy,target_latency.$CK_LOADGEN_TARGET_LATENCY,power.workload\'}}" && cat `ck find program:image-classification-tflite-loadgen`/tmp/mlperf_log_summary.txt && mkdir -p "$CK_MLPERF_POWER_CLIENT_LOADGEN_LOGS" && cp "$CK_MLPERF_POWER_CLIENT_LOADGEN_LOGS"/../mlperf_log_* "$CK_MLPERF_POWER_CLIENT_LOADGEN_LOGS"/'
client 2022-02-20 04:48:29,491 [INFO] Sending command to the server: 'session,2022-02-20_04-26-53,stop,testing'
client 2022-02-20 04:48:39,735 [INFO] Got response: 'OK'
client 2022-02-20 04:48:39,744 [INFO] Copying loadgen logs from '/home/katya/CK/ck-mlperf/program/image-classification-tflite-loadgen/tmp/loadgen_logs' to '/home/katya/CK/ck-mlperf/program/mlperf-power-client/tmp/2022-02-20_04-26-53/run_1'
client 2022-02-20 04:48:39,749 [INFO] Done runs
